0.48258448
0.18517146
2.1933478e-07
0.9997512
1.3133294e-05
0.89932173
3.5685505e-05
0.9999562
9.2289446e-07
0.9999998
0.013945754
1.7692866e-05
0.020686049
2.2341515e-05
0.010878644
5.3576587e-06
0.00998671
2.1117423e-06
3.3701593e-07
1.4372783e-05
1.7904904e-05
0.001842327
0.0014718418
1.2427855e-06
0.005652171
0.018137692
2.4136439e-08
0.9901297
0.99999887
0.03559509
0.9882007
0.0042778975
0.99999994
0.9999497
1.6550054e-07
0.9941201
0.00017811397
2.529401e-06
0.0015461177
0.0016134875
6.6340246e-05
0.39285457
5.7184234e-06
8.6520333e-07
2.2341515e-05
0.008199353
1.6102835e-05
1.9340168e-06
0.27987686
0.000108530345
0.00030940614
0.000351515
1.8843783e-05
0.07336596
2.695256e-06
0.25486845
0.938509
0.006001047
0.040791836
0.0002137322
0.9973494
0.62757087
0.00063621945
1.0105965e-05
0.024187153
0.8314679
0.0046654083
0.0010517773
4.797331e-06
0.052786227
3.659659e-05
0.00020043137
0.11951166
4.7390307e-07
5.6066647e-06
2.03429e-05
0.99998754
0.003461673
0.41933128
0.30832735
2.0647449e-06
0.0006935886
1.5980071e-05
0.0024004343
1.9416053e-07
0.23393546
0.054638844
1.1843023e-06
0.002503618
2.9123798e-05
2.0087658e-05
0.00018796009
0.0075201914
0.00056887214
0.9997408
0.00031084573
0.0017922625
0.017759766
0.0020145772
3.5337845e-05
8.870957e-06
1.0
0.00010895133
0.0064374255
0.006602595
9.326645e-05
7.669354e-05
7.5984855e-05
4.1422998e-05
1.6840006e-05
5.3175998e-05
3.229485e-06
5.2611526e-06
9.803485e-07
0.007423526
0.00039714345
7.7988155e-08
1.1745172e-05
0.0009876385
0.10058516
6.178738e-05
0.34935674
0.060021743
0.00073265797
5.7184234e-06
2.0087658e-05
9.288746e-05
0.6746119
0.0026404182
7.737516e-09
8.541148e-06
2.6117192e-07
0.007852003
0.0077065313
2.8857943e-05
0.006001047
4.5224947e-06
8.1831945e-07
2.618632e-05
6.842398e-06
1.6094971e-06
2.6049921e-08
1.0
0.008967083
1.7383389e-05
0.9654336
0.9999794
3.0069415e-07
1.3685926e-07
0.44843104
1.0140847e-06
1.6227397e-05
1.0150531e-05
3.8894483e-05
2.9044495e-06
1.8267318e-06
2.6896152e-05
1.0127335e-06
0.26182258
2.7212227e-05
1.6248672e-06
1.3669488e-05
3.6685023e-08
0.70990074
0.00032244847
3.7176053e-06
0.108076766
0.9476372
7.2361974e-05
1.3514333e-05
1.3807692e-06
1.1325634e-05
0.000109311295
0.00042031868
3.660643e-05
4.30695e-05
0.000723819
0.024187153
1.133483e-05
3.5028215e-06
0.0003755256
0.013975475
0.0036380587
0.060021743
8.154074e-06
1.1649194e-07
8.154074e-06
0.5177465
0.9608314
0.9999998
0.00035521554
0.04077685
5.049493e-05
0.00021064692
5.105972e-07
0.99833816
1.6292739e-07
5.222746e-05
0.0028762878
0.99902785
1.12384305e-05
0.99990577
8.249144e-06
0.004201667
1.2279131e-06
0.00016871389
0.7423218
1.1614102e-06
0.29296058
2.104779e-05
0.0005024679
0.00064898253
5.6712556e-06
0.06585654
0.99969316
0.48152742
0.9998901
0.99978393
0.018337447
0.060616303
3.7271202e-05
0.0006935886
7.740369e-06
0.00015225717
2.2653225e-05
0.004339505
0.00023044212
0.002571734
0.0010122451
0.34158292
0.99998283
0.00030035048
0.0003275053
3.8569667e-07
0.002796203
0.0072625065
1.0150531e-05
0.00034786825
5.2611526e-06
3.2053016e-05
2.2910981e-05
0.00018263824
1.2325602e-05
0.00015203578
3.248426e-06
0.14580148
0.99994797
1.226651e-07
3.2751454e-05
6.862459e-05
0.00011041
0.00076966657
1.7275406e-05
3.290931e-05
0.82283735
0.00015203578
1.6115633e-05
0.0014042491
3.1757452e-07
0.98726326
0.0004257354
0.000110706984
2.1251946e-05
0.00011440044
0.0007312427
0.06585654
0.0014295479
1.3309393e-07
4.7837716e-06
0.00028328935
3.5216858e-06
0.00010338349
0.9882007
9.1398147e-07
1.9750873e-07
0.993359
0.010106188
0.00011864952
0.00018796009
0.5049025
3.7303704e-05
0.29584783
1.6134615e-08
0.014605207
0.012702916
3.1030905e-07
0.024187153
1.3414385e-06
9.116136e-06
0.56008
0.97713006
0.9257013
2.9500845e-07
0.0001033754
0.00011763551
0.010391545
0.0015461177
0.0004712422
1.03135235e-05
1.226651e-07
