0.0040344815
0.0002379427
1.2276168e-05
0.0002603589
0.0006324515
8.174219e-05
0.027868738
1.461872e-07
0.48086435
0.00017309628
3.4346942e-06
0.99986434
7.6159324e-07
5.7666057e-05
0.029658858
0.5855777
9.730055e-06
2.2206978e-06
0.0007902006
3.0643423e-07
4.1949903e-08
6.5776076e-05
0.00069344847
0.18853042
0.08856602
2.1054133e-05
0.9999987
1.702341e-06
0.99658656
1.5252358e-05
0.990944
1.2837236e-06
2.3824032e-07
0.008070415
0.024867674
1.6478207e-07
0.0038314606
4.3365497e-05
7.173443e-09
0.0072736572
1.4760566e-06
1.0
0.0027306266
6.5354866e-06
0.98368967
7.475906e-05
4.0077425e-06
0.6631311
4.4556234e-08
0.00012927545
1.0117102e-06
2.2406414e-06
9.460722e-05
0.0038306217
0.2026322
0.0003356396
0.05151773
9.473205e-06
0.006635475
0.6631311
9.741778e-05
1.6456377e-05
0.00798866
0.0041971444
0.12578124
1.1009381e-05
1.5580466e-05
0.99999964
0.0015682336
2.2273407e-06
6.68037e-08
0.0009142225
0.0001404935
0.00088198716
0.00040606395
8.1376506e-09
0.45022613
1.6970179e-06
4.4183165e-05
0.00033395973
0.0049442216
2.5843736e-05
0.00021617932
8.5052525e-06
0.089812495
0.00019259517
9.930261e-07
1.0
1.3460876e-05
4.878774e-06
1.7174154e-05
4.9330824e-06
0.97015756
0.88119906
0.99963874
0.9956674
1.2036729e-06
9.157997e-06
1.2569578e-06
0.005077312
0.00555108
0.00011935215
0.9978028
0.00048022674
9.223395e-05
2.0101866e-06
0.0002779255
1.674843e-06
0.024019806
0.38356996
0.0019978238
6.4535952e-06
0.38357872
0.009689428
0.00020431494
6.884168e-05
0.024205498
0.039797574
0.0003741987
0.99985456
7.9866986e-05
1.5790405e-08
0.14018467
5.5051147e-05
0.92832285
2.3240653e-05
2.0209143e-06
8.8495096e-07
0.01762127
0.001078623
5.5861317e-05
5.560085e-05
0.9999589
0.0015682336
0.005077312
3.376812e-08
0.011455663
0.9841693
0.000109272005
5.3127183e-05
0.0033110816
0.9999859
0.018210074
6.382693e-06
1.11581485e-07
1.3023327e-05
2.1724687e-05
1.6135595e-05
1.0659453e-07
0.0008429531
0.9887435
7.7065524e-05
0.10237287
1.8815737e-08
0.9999977
6.884168e-05
0.00034896535
4.6297773e-06
0.96921515
0.8368819
0.00024963394
0.089812495
1.6446838e-05
0.0011275132
0.00017912855
3.5407095e-06
0.0012489199
0.07708351
6.522683e-07
1.8067243e-06
8.997832e-07
0.0054656086
0.41524327
7.163271e-05
0.019047309
0.9939168
0.0004138813
2.4930847e-07
0.0004138813
9.031523e-06
8.811414e-06
4.549374e-07
1.8423533e-08
0.00013265405
0.0650446
8.8495096e-07
0.0008089461
3.4346942e-06
0.0074564572
8.3367746e-07
6.812377e-05
2.8478426e-05
0.9999379
0.38223326
1.11297995e-05
0.0028966141
0.0054656086
4.173971e-06
5.7779675e-06
1.9134903e-05
0.14703052
4.572611e-06
0.00899662
0.00039632898
1.1458578e-05
0.9999976
0.027904052
0.020082764
1.4613467e-07
4.0090267e-06
5.7666057e-05
2.9107663e-05
0.010288078
0.5975717
0.0029254742
0.2671592
0.0068574846
0.0003155043
0.0006345532
3.6879396e-06
0.0052533587
9.8569944e-05
0.14062934
0.0020349429
9.178727e-06
2.452122e-06
0.00025868576
0.35884845
4.1949903e-08
0.02294507
1.7932833e-06
0.0002520997
1.4401226e-05
1.3813237e-06
1.1923847e-06
1.0
0.35884848
0.000107366155
0.31189886
2.1508395e-06
0.0023594217
9.730055e-06
0.0005172143
0.00025555844
1.8943464e-06
0.087621264
0.0013171647
0.0014020917
0.0004812422
0.02120042
0.001078623
7.766219e-06
0.0011680289
0.06769729
5.6605684e-05
1.09621515e-05
2.3598884e-06
5.011614e-07
9.145755e-10
1.5577703e-05
0.9747108
0.0040675136
0.28321317
5.927325e-06
3.680399e-05
0.00024825186
3.3724334e-06
0.0040622707
0.0020835993
0.124000125
8.045554e-06
0.06665062
2.3139812e-06
0.0004121159
3.962819e-06
0.00035617113
0.0009451948
0.016191375
4.439286e-07
1.4883841e-06
0.076598704
3.760363e-09
0.99986225
0.0006790351
0.00048022674
0.00064137724
1.4135345e-07
0.0032879952
0.00078764907
0.9893349
0.0016235644
0.019833855
0.033301055
0.54322565
0.00014783931
0.9999295
0.08271682
0.007351823
0.0037601944
8.912729e-06
