0.008222375
0.9949655
0.006964247
0.99983126
0.9999955
0.006348805
0.999678
0.99903554
0.9997604
0.75396055
0.0467088
0.37949356
0.005439812
0.9996991
0.99998975
0.08571585
0.99999934
0.9999771
3.0428695e-05
6.805908e-06
6.204972e-09
6.23586e-05
0.0024489474
0.980826
0.069530345
0.0030665013
8.62133e-06
0.001991105
0.999418
3.4056473e-08
1.0375652e-07
6.204972e-09
0.00013204904
8.993308e-05
0.44354066
5.307779e-06
0.000501047
0.00017841074
4.817547e-09
4.158635e-05
6.625023e-05
0.00012154061
4.37943e-05
0.0010938732
7.361959e-08
0.32385963
1.835246e-06
4.3803566e-06
6.380481e-10
2.7103192e-07
1.7325924e-07
3.5164962e-08
1.0277114e-07
3.6898122e-09
8.564341e-07
5.5433393e-05
0.9906191
1.4703521e-07
1.6954667e-07
0.13968989
1.443918e-07
4.4355275e-08
9.955391e-06
0.00014068522
1.07262665e-07
0.0048256163
0.0017177156
3.7875025e-06
6.7524024e-07
2.896456e-07
1.4189249e-07
7.4983454e-08
9.4088364e-08
4.0326677e-07
0.99998516
4.4850503e-06
0.0008990934
0.02688623
0.00030265006
1.1454774e-07
0.9987999
4.6983452e-08
9.276155e-08
3.199192e-09
2.2817716e-07
0.33476818
5.7095338e-05
1.4752445e-09
1.2160614e-06
0.00017569363
1.844386e-07
0.00035037845
0.06074079
3.1093737e-07
7.252579e-07
4.2395847e-08
4.321729e-05
2.0833189e-09
4.4589538e-06
0.0034438611
6.3068313e-07
7.663275e-07
0.009000498
2.5620111e-05
0.007055736
0.003661669
3.1301992e-05
0.0060459487
0.00513673
1.5591928e-06
0.0002206032
0.5895395
0.049872637
1.7687373e-07
9.979576e-08
3.3326273e-07
8.436128e-05
0.9999028
1.229794e-05
3.2181886e-09
0.00513673
0.00014068522
0.0130144255
0.6879705
2.4826784e-07
1.632904e-08
9.946239e-05
4.0556966e-05
0.0017605878
6.8219384e-07
3.1832437e-07
4.4466265e-06
9.271896e-05
8.127212e-09
8.7529045e-08
1.5931219e-06
4.4215707e-05
2.3679533e-08
5.3991258e-08
2.7505825e-05
0.0031690535
0.026572466
0.0020900755
4.9491376e-07
0.0005804238
1.6989845e-05
1.8260425e-05
1.3989959e-06
1.7216179e-07
0.2899115
0.9906191
9.0941415e-07
2.2139726e-07
1.3561128e-08
0.0042334385
1.6337535e-07
0.97101945
6.345765e-05
1.07262665e-07
6.397645e-07
1.2910137e-06
6.7337155e-08
9.585674e-10
4.3078745e-09
0.00058288255
7.704514e-09
6.948128e-06
1.2421975e-05
2.065271e-08
0.00027144613
2.8095965e-05
0.0077475416
2.3676066e-06
1.3296012e-06
0.00013372723
9.616385e-10
1.5390947e-07
1.1847805e-05
1.1847805e-05
9.210892e-06
9.371613e-06
1.0708192e-08
9.87222e-06
7.4467073e-07
9.918082e-05
0.00025411983
1.9566986e-08
0.004904973
2.0081548e-05
1.7612971e-06
0.00017569363
6.3068313e-07
0.00019500549
0.00063433946
3.114988e-05
5.6708757e-07
7.235542e-05
7.8996214e-05
0.02808656
0.00403297
4.082705e-06
0.005024486
0.9875535
0.009107572
1.2080793e-07
1.9988689e-05
0.00032013372
0.4689264
1.1543096e-05
0.007284697
3.5350382e-05
5.364528e-07
4.4060516e-06
2.7505825e-05
0.01452288
2.065271e-08
2.1827378e-05
3.9425962e-07
0.9990437
0.99999875
2.734579e-07
0.00041204167
2.249476e-05
3.5041765e-08
0.9002083
2.0389264e-07
4.769213e-07
6.684729e-08
3.856374e-06
5.2479983e-05
4.286646e-09
5.5129883e-09
1.3153548e-06
0.00032025002
0.00033935485
5.654615e-07
1.678612e-07
2.719674e-06
5.3968146e-05
0.9974088
0.009000498
4.0556966e-05
0.0007698272
4.7636217e-07
0.00010836551
0.00032013372
0.000501047
1.9707855e-08
1.1454774e-07
4.564629e-06
0.45746258
0.79429555
0.00012154061
2.5884704e-06
6.057053e-08
1.6238122e-06
3.8942335e-06
1.2361055e-07
7.2304107e-07
3.7555776e-05
4.1444414e-07
0.47414738
5.791969e-06
4.2189985e-08
4.4401796e-07
1.7399627e-05
5.616885e-07
2.1952598e-08
8.1655315e-08
0.00021809
0.00013204904
3.165233e-05
4.196087e-07
9.1876e-07
0.010306456
0.99999917
2.0357282e-05
6.625023e-05
8.706572e-07
9.022676e-08
7.8564275e-09
4.8743924e-08
0.03596176
0.000168646
0.02482516
1.7612971e-06
0.0014719394
0.00073486625
7.669282e-09
7.1313735e-08
3.702035e-06
1.7302058e-08
6.345765e-05
7.630075e-06
2.3076266e-08
2.611525e-06
9.946239e-05
1.9975946e-06
1.4512804e-07
1.4540346e-06
