1.0
2.3353142e-07
0.51885045
5.783243e-05
0.31139132
9.640231e-08
1.1693053e-06
0.068743214
2.949014e-05
4.3654395e-06
0.00015247335
1.057759e-07
0.10956069
7.2452626e-09
4.869391e-09
2.6497376e-06
1.7345542e-08
1.4268728e-06
0.001977723
0.0002844851
4.519317e-05
8.802968e-05
3.4650338e-07
3.1849837e-07
2.6585562e-06
3.4993193e-09
0.0065470324
0.9999698
8.173718e-07
1.0506786e-06
1.847e-07
9.4661715e-05
5.8621654e-06
1.7194684e-07
0.4789411
2.054439e-06
2.1615922e-05
0.99865377
0.99999547
0.00043641072
1.9596087e-07
9.4661715e-05
4.9380105e-06
2.3848196e-07
3.3511678e-06
0.8206369
0.8746589
6.101864e-07
6.4314634e-05
0.009427236
1.3945561e-06
1.172655e-07
4.1281658e-07
0.88052005
5.9727716e-07
9.0789337e-07
1.0271513e-05
3.9234587e-06
1.348197e-07
6.169924e-07
1.0
1.1693053e-06
5.5670138e-05
0.0010160417
1.2729084e-05
0.009050187
5.6765896e-07
9.0277034e-08
7.7430855e-08
2.0824926e-09
2.0688745e-08
8.802968e-05
2.3353142e-07
6.0379347e-07
0.006877365
8.2054356e-07
4.10157e-06
0.0046566306
4.8148117e-08
0.017826684
0.062638074
6.335286e-05
0.948071
3.549791e-06
1.3437949e-08
2.4095052e-06
9.54565e-07
6.976684e-05
1.5657326e-07
6.6644105e-08
3.7919544e-05
0.0013407328
2.9163684e-07
8.11373e-07
7.708921e-06
3.484785e-07
8.551367e-08
4.2169717e-07
0.84519386
6.542726e-05
0.49161
0.00021960509
1.5367817e-07
0.00044079698
0.95866853
0.2405948
2.5246337e-07
3.4359457e-06
1.43262e-06
0.00092138187
0.0002422236
0.0092236
2.6792412e-07
0.02030995
1.6765114e-06
0.006877362
4.220901e-06
0.13558613
2.4107868e-08
3.8032533e-05
0.00010938021
0.0016050043
0.00030540075
0.0011879564
0.0011662268
2.8721492e-05
5.2943444e-05
2.2225508e-05
0.12812465
5.1386895e-09
1.838587e-05
0.9979576
0.00040157462
2.4933394e-07
3.4908992e-06
3.4771398e-07
2.9365947e-09
0.00019706906
0.00564867
7.124995e-06
8.57764e-05
1.1115113e-07
4.8148117e-08
0.19138737
6.831248e-07
1.1297481e-06
1.4636579e-09
2.7965756e-05
1.1824475e-07
0.83162045
0.4122514
0.00035781832
1.5088415e-05
2.3383852e-07
2.0052799e-07
0.009050187
1.670386e-05
2.866895e-05
4.583016e-05
4.3620335e-07
0.00024322614
4.6496346e-08
7.13219e-08
0.010615227
0.0038588776
0.00040420552
1.3765006e-10
0.0138414875
1.0736128e-06
7.294295e-07
3.9014894e-06
4.1449752e-07
0.015139442
2.0684442e-06
1.9007471e-06
6.166194e-08
8.223906e-05
0.7562806
3.3330928e-06
0.06863035
2.053205e-06
0.0020604108
2.1492227e-07
0.00019187153
0.00039402288
3.2048374e-07
2.8695663e-06
0.23050645
0.00638708
5.7183627e-08
2.4933394e-07
1.7810697e-06
0.047105525
7.0594706e-07
0.00092138187
6.592509e-09
1.2504319e-07
9.387107e-09
0.6023739
2.9931172e-07
7.046891e-05
0.2676967
9.454165e-09
7.371542e-08
0.9754158
0.03211247
1.2519909e-08
1.960295e-09
0.014387643
7.000279e-07
6.196022e-07
2.5615263e-06
7.1661975e-07
0.028830452
0.7562806
2.0307603e-05
1.5661539e-06
6.214189e-08
2.8497507e-06
0.9986069
1.7426593e-06
0.105520815
0.027290935
0.9999824
5.1270854e-07
4.5725397e-08
0.0024851898
2.538341e-05
0.010142219
1.1985247e-07
2.0635362e-06
0.0016392377
4.6257514e-07
1.9806322e-08
5.542894e-06
8.3440085e-05
0.23044771
4.964936e-06
0.020466901
1.504965e-07
1.1441218e-06
0.99996424
1.5016642e-08
0.9981155
3.5235027e-07
5.5281886e-05
7.681467e-05
0.00041475336
8.7764924e-08
6.51502e-06
0.99571085
5.634692e-07
8.70898e-07
0.016252207
2.737773e-06
9.684425e-08
5.6989324e-10
8.3440085e-05
7.0857226e-08
0.0013525486
0.0032819533
9.6456345e-09
1.1088602e-07
7.483372e-08
7.6257125e-09
1.2715971e-07
5.8538416e-07
2.158069e-09
2.8457249e-05
2.7286995e-07
0.008451687
7.4618066e-07
0.0046932087
0.07747593
2.7198064e-07
9.239251e-08
1.4730781e-06
6.8755553e-06
3.2673364e-07
1.1142224e-06
0.027125608
0.00048175442
1.6284568e-07
3.1497853e-05
0.4352661
1.9007471e-06
1.3001225e-05
0.02030995
0.0010589341
0.07907997
0.0009560853
0.014854066
0.0002024475
0.0011195313
4.583016e-05
9.52027e-05
6.51502e-06
3.6407943e-07
9.854637e-07
6.4762695e-08
