0.9999997
0.8476854
0.99999994
0.0002632599
0.7451731
0.9901815
0.00018661129
0.0036010167
0.00049250526
0.07027476
0.042630035
4.757311e-06
0.1446384
0.9999903
0.00046964307
0.0045836098
0.27897444
0.3586765
0.0642637
0.009363225
0.6417553
6.402137e-08
0.04900949
0.37043235
9.8799836e-05
9.4724555e-06
0.016895385
0.00034336743
5.2951796e-06
0.99329925
0.00729032
0.98813057
0.37521774
0.99961656
0.9998708
3.6774167e-05
0.014496915
0.0027471597
0.00058737444
2.8995404e-07
0.055764347
2.0931493e-05
3.9093506e-05
0.98481184
0.069915265
0.00060876453
0.000119152246
0.01790384
0.00017929361
0.7507399
0.99991727
0.0001631794
0.9961415
0.9985297
0.23114425
0.010897048
0.15833433
2.0656882e-06
0.00014105071
0.05008866
0.00021063969
0.9693212
0.0010665638
0.0006806597
0.46330824
0.9999994
0.9999181
2.660155e-05
0.90967953
0.00032445442
0.8631362
7.0850856e-06
0.05545338
0.99994415
0.9611221
0.00078813406
1.0
0.04900949
0.6546797
0.9793025
3.881408e-05
0.01782336
0.26312065
0.99999994
1.7168995e-05
0.99980426
0.9992514
0.0008923005
0.021957621
4.9734404e-05
9.668537e-05
0.9944119
0.0005517601
0.2767818
7.844825e-06
0.023535447
0.99992186
0.008969451
0.00020599994
7.844825e-06
1.0233196e-05
0.03438131
0.0004648259
0.999991
0.2025926
0.9999984
0.0017156041
0.72925574
0.00036156934
0.8631362
0.23536895
0.010306136
0.88546705
0.32584935
0.003578085
1.31212255e-05
3.095822e-05
0.17652501
0.45854566
0.9631778
0.010854134
0.9999948
0.0001098554
3.257639e-05
3.2391363e-05
0.0039641187
0.030273031
0.28462228
0.99999523
0.026290946
0.038942907
0.64529437
0.067572266
0.004686798
0.00012303905
0.0025220888
0.055749085
0.2632066
0.055764347
0.99941
0.00022240383
1.4732649e-06
0.0055601588
0.2019127
0.8632467
1.1531214e-05
0.9999968
0.57613236
0.0011282568
0.16204378
0.06849169
0.86586165
1.1531214e-05
0.05908178
7.001327e-06
0.99995816
0.018334564
0.5035744
0.05901173
0.7451731
0.007008045
0.099778466
0.9998262
9.9036406e-05
0.0019896177
0.34767458
0.011821322
0.9999733
0.9983971
0.99995387
5.527498e-05
0.0004999321
0.068491645
0.00031998788
0.00038218897
0.00011877959
0.99980044
0.0014631428
4.2905485e-06
0.6253994
0.00028781206
0.0063376096
0.0014845358
1.28967e-06
4.563369e-05
0.0030914021
0.99967575
5.021503e-07
2.3111872e-06
0.0038324234
1.6298725e-05
0.93375784
0.94115126
0.0005725782
0.04457307
0.00059104327
9.4724555e-06
0.00012411205
0.017247489
0.6546797
0.0004524368
0.0016695234
0.00013690666
0.9999841
0.5566666
0.0006164364
0.0026070534
0.16073984
0.0034190237
0.0002525633
5.66817e-09
0.9976463
0.7050909
3.3350356e-05
0.004774624
0.00012014117
0.034907904
0.63468355
0.00080148195
0.0005207845
0.010933464
0.6628736
0.006359038
0.008973768
0.00011722791
9.7695374e-05
0.009740316
4.6282366e-06
0.8504092
0.00015589285
0.9999936
0.9986126
0.0007560437
0.0018809054
0.00043324806
0.0031631782
0.00019792869
0.00083095947
0.000521473
0.99991727
0.019125307
1.0229517e-05
0.017807374
0.9693212
3.351714e-05
0.019089095
0.0005456525
2.1241734e-05
0.00035074673
0.99906045
6.5645116e-05
0.0009581553
0.9989993
0.004874874
0.96944684
0.0018809054
0.99999243
0.982855
0.017584344
0.85308826
0.0005260018
0.23549785
0.9999953
0.9798022
1.0
0.013540146
0.0014072848
0.0074573783
0.042518776
0.0011236843
1.4739404e-05
0.32584932
0.9999528
0.99994415
0.0014631428
0.9207732
0.00011947707
0.4222127
0.9961415
0.009523385
0.98483294
0.027005067
0.9988899
1.0036083e-05
1.0556589e-05
0.99880314
0.99876684
0.9999984
0.013540133
0.9999998
0.068491645
0.1250656
0.0011469465
0.0005317379
0.002113709
0.9999749
0.00012166364
0.13147129
0.0011469465
3.9093506e-05
