0.99981976
6.859716e-09
0.9574218
0.0015904882
0.9991057
1.5761578e-05
5.513752e-05
6.8374995e-08
7.7830623e-07
0.09971865
1.45643535e-05
0.00920442
0.0006274748
0.9992701
4.0818018e-06
0.03536592
0.81276953
0.9617602
3.382683e-06
0.03170833
5.060182e-07
1.36654735e-05
0.15431686
7.876018e-05
1.3719747e-06
2.6837446e-07
0.99996126
3.4026158e-07
0.021049438
1.1863713e-05
2.6992611e-05
2.800074e-05
7.829038e-05
2.634584e-07
8.751719e-06
2.9688226e-05
0.99647343
3.2185e-05
8.6885166e-08
1.3092499e-06
0.0013508043
1.45643535e-05
0.65889794
0.9977537
0.010051187
4.4646404e-05
2.2945743e-07
8.2279075e-06
0.002182002
0.004393519
6.057624e-06
1.6258964e-06
1.9239284e-08
0.9975945
9.81198e-05
5.9156587e-08
0.24824749
0.93331957
1.1042286e-09
4.3838795e-06
0.038548853
0.0006181031
8.419333e-09
7.783368e-06
2.790791e-06
4.996824e-07
0.55419135
2.695552e-05
0.0001179661
3.4782053e-09
4.2426916e-07
7.579713e-05
0.36718068
8.8942505e-07
0.00012945604
8.751719e-06
0.25786152
0.021352341
0.5751687
1.7025198e-07
0.00066065806
0.0015867491
0.99711794
0.0001622547
6.8198375e-07
2.2163815e-06
0.00010805285
0.00027308252
6.5310354e-07
0.0043051643
0.00055919506
0.016247299
7.3470525e-05
0.32146567
9.248291e-06
1.9239284e-08
0.9617602
0.01810356
0.03428417
0.007639368
2.2911195e-07
0.8986326
0.0006181031
0.5761011
0.004682996
2.7883596e-06
9.727649e-05
2.0720988e-06
0.00013788597
3.6448837e-06
3.4275347e-09
0.0007849382
9.790583e-07
9.0878896e-09
7.965128e-05
0.005756359
1.2464302e-11
0.008522118
7.0387915e-07
3.7724556e-05
0.0063396306
0.00027170507
0.00046121728
2.777979e-07
0.057334162
0.15431686
0.00083103945
1.6408466e-08
5.1680738e-05
2.4669978e-06
1.2120322e-06
0.00076596206
0.0036578267
1.2556642e-08
1.3555315e-07
2.1090032e-06
0.017357357
0.00015933461
0.0001179661
3.331655e-07
0.028923737
0.028253553
1.0125683e-05
3.664045e-06
3.6326648e-07
2.2503043e-08
7.589658e-05
0.00036391985
0.002985459
0.084511675
4.657877e-06
3.960632e-07
2.0121545e-06
0.44126529
0.000471169
6.713875e-07
0.000591577
0.00012676448
0.017388158
0.00012460892
0.018106239
5.795533e-07
6.330815e-07
3.2043482e-07
1.413346e-06
0.9887057
5.96342e-08
1.9564506e-05
0.959058
1.934877e-07
4.5452717e-07
6.713875e-07
7.328237e-07
7.965128e-05
1.7140081e-06
1.091781e-06
7.589658e-05
6.7327014e-06
8.346076e-08
7.734871e-06
0.020009944
0.012301985
3.331655e-07
4.831113e-07
0.006579538
0.0033494874
3.7534112e-06
0.9999147
0.96207786
7.4397612e-06
3.240987e-06
1.7817318e-05
1.1947657e-07
2.790791e-06
0.017357357
2.4159866e-07
0.014737571
1.1885207e-05
0.03530495
0.00024176814
7.117466e-05
0.99989647
2.8963656e-09
1.0415685e-07
1.8056465e-09
2.777979e-07
0.9971191
0.03270338
0.09424058
1.0134987e-06
3.837685e-08
2.076309e-07
7.328237e-07
2.7386193e-06
0.8958809
0.01399586
7.459172e-09
6.9969785e-05
1.7775094e-05
0.0008122761
0.9999777
0.000121326164
0.999328
1.5174433e-05
2.8854e-08
7.734252e-06
2.4554586e-07
1.0835532e-06
0.00062828744
0.0003259472
7.6610826e-07
2.077996e-06
9.00916e-08
0.9999994
3.4026158e-07
0.99647343
3.007236e-06
0.0037254393
3.418397e-07
7.261733e-05
1.157264e-06
0.00068075676
0.0001850658
0.00055107364
0.0434533
0.24824749
1.3902616e-06
1.27959765e-05
0.00030840686
1.2460993e-08
3.664045e-06
0.00013430188
0.22895631
3.7755292e-08
3.4490967e-07
0.09639185
9.567884e-06
0.00018849617
0.9955386
1.1391971e-05
0.018009428
0.09639185
2.0122582e-06
0.062560536
3.588905e-07
0.0037741421
0.9999977
1.8495713e-06
0.0076348907
0.8514733
0.00041318472
0.9434429
2.9688226e-05
1.4072832e-05
1.4525177e-08
0.0009155745
0.9884047
3.7969528e-07
1.4458033e-06
5.392169e-07
0.855762
8.114824e-08
2.7444111e-09
4.046463e-07
1.1844662e-08
1.8944624e-07
0.9430404
3.3660474e-08
0.00017372759
3.998313e-06
6.252819e-05
5.3733256e-05
7.551698e-05
1.0835532e-06
7.0833967e-06
1.1458012e-06
6.2993395e-06
6.4375213e-06
5.7720854e-06
0.016716534
