0.00073216873
0.9996583
1.0
0.0001409551
0.0009410389
7.796018e-07
0.0006217865
2.3652961e-05
0.03829896
4.9499422e-09
1.5445014e-09
0.46470037
6.513632e-08
2.8188933e-06
1.4122984e-08
1.1212225e-06
2.0216282e-07
3.03454e-11
8.928841e-06
0.0006372101
0.0010414356
2.9119768e-08
0.00027846417
3.796687e-05
1.2834319e-09
1.5965622e-06
8.554902e-13
5.331707e-07
1.1339891e-06
1.2200178e-06
1.8395546e-08
0.9798458
0.00018979685
1.3666638e-06
3.977779e-08
2.1238142e-08
1.9000197e-05
5.954437e-05
8.297937e-06
0.43440112
5.6468685e-05
0.0013994677
1.0428904e-07
1.1953401e-07
1.1372317e-08
0.0014248114
5.144753e-07
4.690213e-09
8.860802e-06
3.7191976e-06
2.610487e-09
0.0005149073
0.07983221
0.31217706
4.302617e-10
0.99954474
0.00017302383
2.2889075e-09
1.1399159e-08
1.7695143e-08
7.493456e-08
9.907955e-09
2.2059176e-05
3.7196338e-07
9.930432e-09
2.5937928e-07
5.189061e-08
1.8734445e-08
0.0033113507
1.6910738e-08
3.6330228e-05
7.4169716e-06
7.936469e-05
9.7477674e-08
3.7009222e-08
0.9968132
5.2133246e-06
2.5016828e-07
1.9114026e-10
7.14883e-09
0.9509651
3.1468796e-06
1.1867914e-07
0.0026567236
8.864071e-07
6.0125417e-06
1.5024297e-07
2.4826743e-06
5.815331e-08
0.00040636503
1.2661853e-05
8.2052495e-08
1.0066767e-06
3.9720853e-05
3.7646535e-06
0.00015224701
0.005209012
2.7388699e-06
3.5747908e-07
5.954437e-05
0.0006217865
8.67206e-08
9.606311e-08
2.1545995e-07
4.9844393e-06
1.6561754e-06
1.222916e-06
3.0769865e-08
0.30071285
1.3149563e-08
2.0279813e-05
8.5976046e-11
0.37228295
0.051219
2.8582042e-08
8.438803e-07
2.591078e-06
1.0150933e-07
0.003846516
1.867111e-05
8.6468226e-08
0.001099132
0.015428781
6.677199e-06
5.806481e-07
9.818596e-09
0.64599645
4.0150514e-09
4.5549214e-08
4.4184296e-07
6.929402e-08
3.617018e-08
4.066192e-07
0.05141807
0.000104929895
7.041168e-06
1.6898169e-07
3.5576083e-08
0.120364845
1.3149563e-08
3.7088965e-10
3.756151e-05
0.9487388
0.009605537
2.3532392e-08
1.6246332e-06
8.4403764e-05
0.5386938
1.2887188e-05
4.7818276e-08
2.0352015e-06
1.2246807e-06
8.553555e-06
5.8746735e-07
0.027684763
0.9521136
0.012650135
2.0377147e-06
2.0389004e-06
5.0659352e-09
0.00023045091
2.8699682e-10
5.081341e-09
1.3293993e-07
3.4101893e-06
0.7082821
4.0786355e-07
1.6649981e-09
0.005895382
0.7589972
0.07267191
3.896403e-08
0.65912193
0.60681695
8.08968e-08
2.5788464e-05
3.9430773e-07
4.7359716e-08
3.0810856e-08
2.46167e-09
0.014576194
8.925829e-08
2.6791859e-05
6.5478143e-06
0.003694264
0.104410335
0.09297047
0.00018976392
1.0280133e-07
2.0112866e-05
7.5687024e-07
0.1170608
0.018903945
1.454764e-05
2.521652e-05
8.298177e-07
8.4977847e-10
7.220348e-06
5.7705382e-08
0.65893596
1.2947575e-08
8.128707e-05
4.351961e-08
3.5133183e-08
4.3451973e-07
1.0976628e-06
2.1590722e-06
3.563068e-08
4.001758e-08
4.861733e-07
8.248635e-07
2.7514625e-06
6.929402e-08
1.5621845e-06
4.885404e-06
7.035135e-05
1.2987495e-08
5.571466e-09
7.057957e-10
3.2043683e-06
1.4423849e-09
5.189061e-08
5.6468685e-05
2.712742e-05
0.0001016278
3.3887554e-07
0.00023314408
7.947978e-06
1.920739e-07
2.4632493e-08
3.023664e-09
1.0428904e-07
0.0017531852
1.1764141e-07
0.0021332796
2.3067452e-09
0.9682398
4.9511425e-05
3.221961e-05
3.7009293e-08
1.0415143e-06
1.1988373e-06
0.00017994613
1.2820331e-08
4.2620513e-08
1.842181e-08
6.2623904e-08
8.56078e-09
1.9066709e-08
0.0019375558
5.058039e-06
4.8310937e-08
0.9487388
0.008708807
0.007090578
6.0879256e-07
9.907955e-09
7.818981e-07
2.44514e-06
9.180907e-06
0.3399654
2.0279813e-05
0.00017385087
7.091604e-08
4.677343e-06
6.153694e-08
9.590513e-05
4.0930073e-09
2.6067673e-07
2.0666029e-08
0.0014800273
1.6380343e-06
0.008577964
1.4594019e-08
1.3562835e-08
0.0033113507
2.9879086e-08
0.00075389614
1.32049e-09
0.0021922416
3.2375576e-09
0.1170608
8.043525e-05
2.5277706e-07
1.2572908e-09
0.0064946106
3.3529293e-06
0.99999017
0.76165426
4.608086e-08
4.4022695e-08
0.00013027508
0.9999999
8.925829e-08
1.3360614e-08
3.3887554e-07
6.0951047e-06
0.0012712714
3.9882364e-10
0.9902975
