0.51438135
0.44910756
0.0002599157
2.9299745e-05
1.2485028e-05
7.506816e-07
4.525626e-07
3.4657547e-05
0.0014960192
2.0280193e-06
0.9587912
7.007348e-05
0.0009158912
0.00020977865
0.00029186215
5.1158422e-05
0.00015106326
0.9994274
0.00013678503
0.020936728
0.019534672
0.0006772723
0.001379015
0.59856784
2.2959205e-07
1.956178e-06
0.9652997
0.019547489
3.053891e-06
5.0466303e-07
2.0067464e-06
9.839568e-06
0.00024640805
0.99018824
1.2635219e-05
1.01829876e-07
3.5634494e-07
8.440528e-08
0.004264254
0.9652997
0.0040617227
5.884902e-07
0.0027469585
5.902562e-07
0.15353432
0.0016769854
0.9732717
5.3353894e-08
7.063201e-07
0.00011916588
0.016639631
0.0072316993
4.785715e-06
2.8367755e-05
2.0542527e-06
3.2528e-06
3.203919e-06
3.592767e-05
6.277534e-06
2.4981307e-05
2.588465e-07
1.8216926e-05
2.5453064e-06
0.00030154354
0.0009351844
0.017815374
0.905191
0.0002549595
9.4495323e-07
0.00013332284
2.1771559e-05
0.001875772
0.8166047
0.00046261438
8.906921e-05
0.00047512844
5.414902e-06
2.0000703e-05
3.054054e-06
6.6140256e-06
0.0002549595
0.031850506
3.0220048e-05
0.0002195381
2.096282e-06
1.1455104e-05
3.9762353e-06
5.8716996e-06
2.1241176e-06
5.540274e-05
3.1084742e-06
1.5674508e-06
0.98343366
0.0048939814
9.860033e-07
0.16876665
0.00016690993
1.5666393e-07
0.0017239895
0.02866512
0.89121604
9.533274e-06
8.4011454e-08
0.000107431595
1.0085582e-06
0.00017330404
1.0
1.3613396e-06
0.0009923602
8.814674e-06
0.0001629799
0.99799
3.397243e-07
7.736244e-06
0.0013004638
0.7666036
0.267671
2.7406461e-08
0.0166885
3.3861703e-08
2.1136605e-06
3.971311e-09
5.3353894e-08
0.40063587
0.0003272659
5.163843e-06
0.00045702024
0.00044237045
3.696598e-07
2.723076e-08
1.1430964e-05
3.6760432e-06
4.1105263e-08
4.0127794e-08
5.346073e-05
8.7549915e-06
0.006542726
2.4190927e-06
1.8634856e-06
6.6140256e-06
0.98334724
8.1497757e-07
2.2959205e-07
0.9999421
6.1051223e-06
1.4999388e-06
0.00013421522
1.1291835e-05
0.023011338
9.724026e-10
3.1463183e-05
0.0018475254
2.2724582e-06
3.540077e-08
0.0030629886
1.6233491e-07
0.31631634
0.08943427
0.0012221017
2.3691971e-05
1.8332576e-05
7.5858645e-07
0.000104254475
0.029299142
8.4011454e-08
1.6335402e-05
3.8065446e-05
3.841465e-05
5.42431e-05
0.028592346
0.9999989
0.0017090832
4.0003385e-08
3.0799027e-05
8.899698e-07
0.00029877742
0.00018430401
0.00017490602
3.203193e-05
0.40439928
0.9999997
4.182575e-07
5.884902e-07
0.89394695
1.6405556e-08
0.25435668
8.6565063e-07
0.9990277
0.38508636
0.00037503327
1.0625428e-06
0.08015248
1.9323232e-05
0.08117437
1.11975e-06
0.0028961475
1.9195335e-08
3.853489e-05
0.15814015
7.902184e-06
6.787124e-06
0.01593807
2.7675904e-05
4.227083e-05
2.2616899e-08
7.64991e-09
2.0203562e-07
9.907804e-07
5.193948e-05
0.00063525484
1.6612421e-06
1.2228612e-05
5.9429185e-06
0.0018862842
1.6829072e-05
8.554515e-05
2.623597e-06
0.00011797611
0.010242142
3.7776687e-08
1.8491356e-06
0.00015387696
0.99843293
5.005696e-05
0.12799062
0.39992365
8.171044e-06
0.9965996
0.00010537218
5.6892284e-05
0.3828853
0.00039494704
0.9995477
0.00010083028
0.996719
0.00064777624
0.0034634448
1.0244376e-05
7.736251e-06
1.2866009e-07
3.9186147e-05
0.99999315
0.38508633
5.180008e-07
1.4131317e-06
0.91671014
6.154866e-06
1.6893059e-06
4.585079e-05
1.3572873e-06
2.3648604e-06
0.00013060843
0.00080004777
0.0048557217
3.575954e-06
7.221879e-07
1.11975e-06
5.685215e-08
0.012219845
9.952e-07
0.12713574
0.99493736
0.98025006
0.00044237045
1.1895865e-05
1.3568524e-06
0.9992989
0.00014016088
0.17400782
1.5015489e-06
0.0025982403
1.528448e-05
7.902184e-06
0.01723886
8.311093e-05
0.009624762
6.1379783e-06
1.9508056e-05
0.00046596065
0.0006321821
0.5606606
7.128708e-08
3.0776067e-05
0.0006937592
0.0048557217
0.97681534
0.01146664
1.4023445e-09
0.0008443809
3.692253e-05
0.00025472042
2.8094194e-08
0.0001375128
4.0410723e-05
2.2204838e-06
7.976794e-06
7.64991e-09
1.6612421e-06
2.434e-07
0.89121604
