1.0
0.99999595
0.99999726
0.073613144
1.0129586e-06
0.00029148732
1.8397868e-05
0.0069304747
6.6102424e-05
0.0008367219
8.7947717e-07
0.9945673
3.3433535e-05
0.22843246
6.395764e-05
0.0025118075
0.00015915696
1.714685e-06
1.0
0.121110246
3.0238268e-06
0.23226872
0.00090264535
2.4896688e-06
1.0
0.00035577134
0.0076252464
1.9142659e-05
0.002197526
0.00031289252
0.13825758
0.00020920578
0.9901999
4.359837e-08
4.911644e-07
5.6496574e-06
4.251983e-08
0.00019450189
0.80142283
0.3216915
0.99850464
0.00090264535
0.010334919
9.019885e-09
0.0006521496
2.5277508e-05
7.641821e-06
0.0021551114
0.9999877
0.99998295
8.3314306e-05
0.6976064
0.019068312
6.708449e-06
0.009178417
0.9825364
1.3966228e-07
0.00029148732
1.4120893e-05
0.9999915
0.0003184862
0.9846858
6.0675644e-05
0.29597974
2.0028463e-06
0.04584974
0.00010882601
0.014255804
0.996068
0.0007264692
0.94586915
0.9952685
5.6121e-06
0.000104797095
0.013667348
0.00032253301
0.00026163194
0.3227458
1.5484155e-05
0.9662617
0.010319066
0.00016947521
9.916013e-08
0.0008068906
7.0832386e-05
2.4365634e-05
5.507946e-07
3.3433535e-05
0.9971341
0.0013187489
1.6293767e-05
0.011865542
4.3271903e-06
0.7741162
1.0376635e-05
0.9824806
0.003806875
4.0496598e-05
4.292918e-05
0.00015028671
0.0082178125
0.004157596
0.94254345
4.8982606e-06
3.3944865e-08
0.84176975
0.0010238098
5.5573387e-06
6.6102424e-05
6.910635e-05
0.0002825834
1.6357726e-05
0.2959798
9.891086e-06
1.7172346e-06
6.4756074e-05
1.8160024e-06
0.0060382225
1.6132948e-05
0.9999995
0.17838489
0.8410929
1.3958387e-06
3.8045498e-06
0.00037115414
2.091198e-05
0.02024989
0.0007264692
0.0053721503
1.0179682e-06
0.0054683825
0.00072744634
0.9670974
0.00012345013
0.29545146
2.838375e-08
1.6899354e-05
3.950955e-06
0.018657172
1.6093926e-06
1.0009626e-05
2.416524e-06
8.512347e-05
0.000110853616
5.9118684e-06
1.3559171e-06
0.00022413475
2.750518e-06
2.091198e-05
0.00022550384
9.421702e-05
7.312649e-05
0.00010061647
0.99807924
0.00014277098
8.880883e-05
8.078714e-06
2.8782713e-07
3.1119175e-06
0.49559236
6.395764e-05
1.0902713e-05
3.9817755e-06
0.999946
8.524686e-05
2.8532613e-06
3.196832e-06
0.98822623
9.453928e-06
0.0008958546
0.9952724
3.6894373e-05
0.041992057
8.512347e-05
0.02859552
0.00014618282
4.6403643e-06
0.5207709
0.009272226
1.1211455e-06
0.00055353757
3.836497e-05
5.661581e-07
1.680999e-07
0.0061109075
0.9980894
2.416524e-06
0.11679298
0.0003217134
9.383298e-08
2.3123378e-06
3.2594418e-09
0.0033305536
0.99999857
0.99988025
0.024922078
0.00059611286
0.0006521496
0.0010144245
1.371611e-06
2.6819025e-06
0.7997046
1.754489e-05
0.027742885
0.21089211
0.00026349773
0.01055741
6.0660483e-07
0.00012932255
4.0294412e-06
0.022747258
0.83315796
0.0027064325
0.0064416295
2.750518e-06
5.5573387e-06
1.7922328e-05
0.99980336
4.6253863e-06
0.45350748
2.394538e-06
0.96919173
1.7486977e-05
4.6403643e-06
0.00040968542
7.148258e-06
3.3965734e-06
0.00024838542
0.00013993918
0.0050328556
0.00052263215
4.301462e-05
0.06340294
0.6936651
0.0023434288
1.06129555e-05
0.040337298
0.41579765
5.739699e-06
0.100799054
0.9999069
4.2082713e-05
7.0917913e-06
0.3172354
0.000115960254
1.4096887e-06
3.0670838e-06
0.00029404348
0.06340294
0.00023501815
0.0032229912
1.31808865e-05
7.0832386e-05
0.0024812815
1.6281558e-05
0.031964242
2.511517e-07
9.703857e-05
0.16035567
0.9974608
3.042571e-06
8.3314306e-05
0.00012345013
1.2851915e-05
0.95652926
1.6260177e-05
0.0001965412
0.13238369
0.0063801357
6.7540323e-10
0.000106458
4.55846e-06
6.424351e-07
4.610136e-06
0.00010455963
0.99999994
0.033965457
0.0005949101
1.9930764e-09
6.320485e-05
0.00044349887
4.8447087e-05
0.00017299381
1.6260177e-05
0.007457537
0.9881076
8.9713485e-06
1.9322937e-05
0.7116245
8.648093e-06
0.00014907327
0.0010092268
1.1945051e-06
0.0013893287
1.5914758e-06
0.00030540512
0.00022413475
6.971518e-07
0.008994597
0.024152232
