4.541961e-07
0.85540426
0.0002944542
0.990313
0.00051249133
0.0014104914
8.446903e-07
2.6082096e-06
2.4450314e-05
0.029149143
0.009691081
0.048019774
2.2825094e-07
6.4083554e-07
2.7137224e-08
0.000108230844
2.837434e-07
4.267106e-05
6.169999e-06
0.34326902
1.4077302e-05
3.141182e-09
1.1214989e-07
1.8987426e-05
0.9863339
1.17051314e-07
0.5129373
0.02536794
1.2864276e-05
1.0701826e-07
1.4925238e-05
0.9994916
0.004591126
6.129474e-07
4.5391026e-08
3.381811e-05
0.007395992
1.2928993e-05
1.4509401e-06
0.0015935033
0.0008400204
4.086608e-06
2.187252e-08
0.30821395
3.2487885e-06
1.8166995e-05
6.540168e-05
1.1277206e-07
2.5104436e-08
0.00093456986
5.01509e-07
8.5383775e-08
1.7094841e-08
0.0005332367
2.085214e-06
2.9570061e-05
1.38964315e-05
1.604403e-07
6.678611e-07
0.000108230844
0.15116875
3.0156998e-06
4.7160964e-05
1.9471065e-06
0.65245545
2.909734e-06
0.9077839
7.5466933e-06
6.9209425e-05
0.009691081
0.0025621112
0.9868773
6.832852e-05
4.315506e-09
0.0006086247
0.36906755
8.577078e-08
0.95520544
0.24616401
1.1986329e-05
1.6842661e-06
0.0088673225
1.1563925e-06
0.00016846326
1.8380471e-05
3.9328324e-07
0.00010534797
6.7496058e-09
0.00019638965
9.982533e-06
1.9926834e-05
0.00019468891
1.04175726e-07
5.092778e-07
2.1143369e-07
2.3258186e-08
0.0002820698
1.6532986e-06
0.98857784
6.142589e-08
0.0045918142
0.00012701578
3.139135e-08
0.0005577147
6.607256e-05
2.8627605e-07
4.869653e-08
0.48235664
4.0594732e-05
0.9964894
0.000108230844
0.9999864
0.6892192
0.51293725
0.65245545
0.00015724708
6.944101e-07
0.07169139
0.7355516
5.2892037e-06
1.8380471e-05
5.696721e-08
1.5267682e-05
0.00069025526
3.8071596e-07
6.613544e-07
5.545711e-07
3.7366324e-06
0.00015677145
7.6335304e-08
4.8534668e-05
0.00010542796
0.8704067
6.573276e-08
2.6082096e-06
0.00013915477
3.393131e-07
6.613544e-07
4.6264834e-08
4.026547e-09
4.234133e-06
1.5837329e-06
9.6113225e-05
0.00039379724
1.3333471e-06
6.4737996e-08
2.4481733e-06
6.832852e-05
0.00016930467
2.8950228e-07
0.009691076
0.0318438
9.4503616e-07
0.77785075
0.038098928
0.00029927777
0.018267836
5.198333e-07
1.4798671e-08
0.00012437032
0.99998873
1.1559531e-07
2.221502e-05
1.4865755e-06
3.1172485e-09
9.337201e-08
2.9513098e-05
4.852408e-06
1.8765526e-06
0.0036845345
6.672084e-11
0.029268006
1.0026038e-06
2.393524e-06
6.320533e-06
2.4160119e-07
2.7684706e-08
2.56631e-05
4.358125e-07
2.2609963e-11
0.045686606
0.009615635
0.014201529
1.0
5.2892037e-06
4.867982e-06
1.706058e-07
0.8495189
0.99998677
6.850958e-07
0.9128494
6.7143496e-08
0.003315188
1.666032e-07
5.3876555e-08
1.9970392e-07
0.004234904
1.7184475e-05
2.5102744e-07
7.8530655e-07
1.0221205e-07
3.620849e-08
1.929875e-08
2.116337e-06
1.1370489e-07
0.00063604146
0.0052636727
0.23178162
1.8501927e-07
3.4540742e-05
7.415171e-07
0.0009997707
2.3602593e-09
9.584747e-09
1.3258824e-05
9.982533e-06
9.333403e-06
0.0006921877
9.484449e-10
3.0972638e-09
1.15898104e-07
0.02340153
5.629383e-09
4.727209e-07
1.8580414e-06
2.187252e-08
4.5381206e-05
0.9990842
0.97802234
0.00014409791
1.7954038e-07
3.7110327e-05
8.1045143e-10
1.5861981e-07
1.2986634e-07
6.230546e-05
0.9983899
8.9497104e-07
5.8540815e-07
5.6113416e-09
0.25372127
0.079969294
0.9938363
0.014987073
0.008720943
0.25519922
1.6944838e-06
0.00042866587
2.8978844e-05
4.1449628e-08
0.9504724
0.0016226433
1.852042e-08
5.8094113e-08
3.1543193e-06
8.82316e-06
5.5209433e-09
0.029268006
0.0022610507
0.003984707
3.4077786e-08
0.000107061074
7.708037e-05
0.02661722
2.9954157e-05
0.9999494
1.7160333e-09
3.4523885e-06
0.0022625602
4.951172e-08
3.3339002e-06
2.0300124e-08
9.553172e-05
2.1265041e-05
0.0006503205
8.846305e-06
5.873475e-07
0.86285853
4.204571e-08
0.00018874615
3.7960908e-06
2.631615e-05
3.0491174e-09
0.9505728
0.99985373
0.00117563
3.4743348e-08
1.767558e-08
1.6891208e-07
9.958143e-07
0.00020107951
2.1265041e-05
0.9993919
0.61049503
1.063731e-06
6.0685683e-09
1.0197842e-05
9.4984884e-08
3.0452238e-05
5.3393595e-08
