1.0
9.94901e-07
2.0262432e-07
4.971328e-08
2.843485e-06
0.0002548178
3.127667e-07
2.908857e-08
0.0008286905
1.1423318e-08
0.9306046
1.8329912e-08
4.6536718e-07
2.2613368e-07
1.0701464e-06
0.38105547
2.1160301e-06
8.013049e-07
1.583822e-06
3.0036563e-08
8.987635e-07
5.9995314e-11
5.524072e-09
1.6334185e-06
7.687835e-05
0.003409148
0.9595948
2.7280224e-05
2.6687409e-05
6.1000243e-05
0.0014040966
0.14955315
1.0510922e-05
1.6597425e-06
8.855498e-10
2.4602134e-05
2.1971797e-05
0.08010445
8.7944185e-09
0.9999439
1.7951313e-06
4.5956355e-10
1.1069562e-07
4.282244e-07
3.1670345e-07
0.00010244785
2.1355695e-06
2.147628e-05
0.11398454
6.3318237e-07
1.8399079e-07
1.1625445e-09
1.0183633e-05
0.0036302991
5.9479035e-08
1.33045105e-05
0.00020568866
0.8440161
7.85824e-09
0.9999965
5.138731e-08
4.319825e-05
0.00016977379
1.4106669e-08
5.5760186e-08
3.9188367e-06
8.129176e-10
6.303915e-08
3.184018e-05
0.59630835
7.15731e-06
4.8342095e-08
0.00087908295
0.05020364
4.819608e-06
1.1738545e-07
1.3328869e-06
1.8329912e-08
4.319825e-05
1.4226538e-07
7.6488774e-08
7.991369e-10
7.679298e-08
0.0001881401
1.7995962e-08
7.462462e-08
3.9266332e-08
8.251121e-07
1.1971255e-09
1.2442153e-07
5.2628607e-08
1.3480467e-07
0.60783714
1.12511124e-07
8.915112e-05
2.081068e-06
0.017843967
1.5485749e-07
7.70036e-08
0.43505213
2.0791892e-06
4.1778545e-08
4.6299312e-05
1.7673287e-08
9.462179e-08
2.2428114e-06
0.0011798234
1.522193e-05
6.4750565e-09
5.5760186e-08
8.251121e-07
0.0009914265
0.36789525
2.3415023e-05
2.461395e-07
8.129176e-10
0.0077612484
9.9342104e-11
7.6032485e-08
4.0863677e-07
2.3043513e-06
1.5783185e-06
2.0526938e-06
0.0640149
2.3950891e-08
6.4750565e-09
3.7521115e-08
0.00011718432
0.004523484
2.9172274e-05
3.995492e-06
7.977454e-09
3.2184342e-09
8.5784695e-06
0.00083497964
1.1400185e-07
2.2613368e-07
2.6666497e-05
2.3638016e-08
4.2942364e-05
0.5740755
2.6876864e-06
1.7938317e-05
7.0401074e-07
8.884858e-07
2.1160301e-06
8.767507e-06
3.2517125e-08
0.110320546
4.0731716e-09
0.0001848658
2.568601e-06
0.09606635
3.4164277e-08
0.793643
1.7366156e-05
5.74326e-09
3.6161403e-09
0.04164118
2.4652007e-07
7.812012e-07
0.00036425443
0.005834717
1.45031745e-05
9.696435e-09
7.3295445e-07
2.5422752e-08
5.787789e-06
8.713377e-08
1.1070688e-05
1.5070356e-08
7.8705105e-09
3.776862e-06
1.1954331e-08
4.5757664e-05
2.8655276e-07
0.9831131
7.639328e-08
2.1648782e-06
3.8234714e-07
0.00022004987
1.0674549e-05
4.6540572e-05
0.0002112032
0.003473421
2.8993739e-08
7.6780166e-10
1.1890864e-05
1.12004955e-07
4.3659867e-08
9.144661e-06
0.99977
3.995492e-06
6.3318237e-07
0.00015705722
3.4482688e-05
1.0282477e-09
7.620289e-09
5.2153155e-07
2.448255e-06
2.0769894e-06
7.742619e-07
1.3509289e-08
6.2048246e-05
0.23705085
2.0526938e-06
9.3461335e-07
9.798466e-07
4.833804e-07
8.251121e-07
1.3929076e-07
4.2149285e-08
7.3295445e-07
9.4034505e-09
3.705474e-05
4.6299312e-05
0.0065598846
7.779049e-06
0.0154239
1.422156e-09
1.9597202e-08
3.705474e-05
0.23977736
0.7445037
0.019901838
0.42657104
1.6100236e-07
1.8399079e-07
0.37954545
0.99929625
3.440346e-06
3.8811677e-08
3.6938065e-08
4.6083682e-07
0.00017629507
9.9342104e-11
2.3079147e-10
1.6609981e-06
6.612049e-07
6.3318237e-07
2.1006851e-08
1.3292137e-08
3.776862e-06
1.1577537e-05
0.001091071
5.405545e-08
2.8566865e-06
1.9900954e-06
2.2051468e-08
7.587133e-06
3.967843e-09
1.6372566e-07
0.0015970804
7.008959e-05
2.472579e-08
4.5859824e-07
1.2479495e-06
3.127667e-07
1.4830622e-06
7.265231e-05
0.11031943
4.8342095e-08
9.3239606e-08
3.0334475e-05
2.0791913e-06
6.891787e-11
5.7563682e-08
0.045989007
5.787789e-06
1.1070977e-07
0.00041733406
7.3295445e-07
2.0053297e-07
3.3004483e-07
2.4901425e-08
1.7359708e-08
4.4723747e-05
0.99773157
0.37737626
1.4830622e-06
6.276722e-07
2.4564356e-06
9.430037e-08
8.0694446e-07
0.00010711581
3.2666433e-06
0.00018689531
7.70036e-08
0.001091071
2.210617e-06
0.00026274685
1.604329e-08
0.012419585
1.8065569e-08
1.449022e-05
1.3569636e-06
2.7839857e-08
0.010971911
5.8780082e-05
1.0612075e-05
