1.0
0.003942968
1.0
1.0
1.0
1.0
1.0
0.0008734983
1.0
7.059456e-05
0.00014638787
2.5527192e-05
1.3097909e-05
0.00010536545
0.9965123
0.00022593167
2.2528917e-05
4.2481694e-05
3.027919e-08
3.2375365e-06
4.926271e-06
0.031530727
0.93111074
0.0007404079
1.628482e-05
0.00041397617
1.7616062e-06
0.0019233777
0.9997342
1.9883668e-05
1.0992521e-05
0.100430615
1.1227664e-05
1.9728259e-06
0.0067453478
1.628482e-05
0.9197732
8.408604e-05
1.8703386e-06
1.2854685e-05
0.56615025
0.002863672
2.0546117e-05
9.00497e-05
0.008392369
0.00424772
0.00023511834
0.9993346
0.10560035
7.701042e-05
6.7516116e-06
7.2997623e-06
1.2529438e-06
0.07979639
6.634911e-05
7.967739e-06
0.0010657969
1.6932689e-06
0.6325526
0.027505312
0.9997783
0.8054834
4.9408507e-05
0.99991894
2.3118837e-06
0.00028297084
0.99522173
0.3700354
1.295009e-06
1.1222816e-06
0.005377103
0.0018856567
1.0825704e-07
1.7120108e-05
2.7182973e-06
5.024098e-06
0.0020201632
4.153146e-07
0.99880505
0.9996813
0.6437349
2.6071722e-05
6.3012862e-06
1.6678474e-06
0.00032806906
0.12630726
5.8627243e-06
0.00018987613
1.5263632e-07
6.8483455e-06
0.00018744713
0.99973434
0.03498294
2.0320545e-07
0.00026334025
2.9378421e-05
0.00028894783
0.70088696
0.34888688
0.000112315785
9.977444e-08
4.0019295e-06
0.0009646193
0.9363881
5.5819197e-05
4.3062687e-06
0.99522173
3.5451056e-05
8.041411e-06
0.29840544
2.9775443e-05
0.000100585006
0.9946233
0.99999905
0.00017968296
5.7298053e-06
1.4039933e-06
1.5765268e-06
0.00025285318
9.4735675e-05
0.12264385
9.670387e-06
0.06717406
0.0008978303
2.678876e-06
3.429216e-05
2.8998812e-09
0.0004633227
9.489289e-08
0.005362434
2.3681034e-06
0.43033856
3.9021033e-06
0.8631764
0.00094717
0.00012386
0.9532093
9.506441e-07
1.7176703e-06
1.1231017e-06
6.284608e-06
4.325324e-05
0.0014391107
0.67078483
0.38955325
0.00059486565
2.787796e-06
0.18698218
0.0002594198
0.0031760898
0.00046332227
0.015845703
0.022636753
9.553424e-06
0.0006758384
3.7278337e-06
3.0059147e-05
0.99138075
1.689497e-05
1.0938226e-05
0.0036857862
0.00016496287
2.1164924e-06
0.018884921
2.8645024e-06
0.00012384795
0.0005308684
0.05995203
0.9999877
0.0034060015
0.00018559629
0.00024431574
2.5240175e-07
2.8491581e-06
0.0014100268
0.9999185
2.4587967e-05
0.11863272
0.999787
0.0016503298
0.008247541
0.0031760898
2.0573896e-06
3.6598084e-07
0.0010635006
2.4587967e-05
9.977444e-08
0.01284426
0.04007444
0.9792525
0.0007738564
3.7266634e-08
4.2875054e-06
2.1299791e-05
0.015845703
0.99997544
2.2974581e-07
2.1164924e-06
0.99360025
0.0001500815
2.1037342e-06
0.00011334781
0.011397221
0.16625173
0.30564582
0.00027463504
0.0036061327
0.0006587417
6.431934e-07
4.2793718e-06
0.021844465
0.0774062
4.165816e-07
4.4680433e-05
2.261737e-05
0.006768686
0.0009678828
4.0392617e-05
0.00018559629
0.013527688
2.0859977e-06
1.4636938e-05
0.00011521318
0.21744904
0.00011334781
0.9994832
0.58840084
3.5563983e-06
6.81591e-08
0.9944755
2.3062185e-08
2.3681034e-06
0.00022662488
3.0426141e-05
1.346555e-05
0.00010536545
0.03480036
0.00031777285
0.00032229975
2.3197541e-05
1.9656387e-05
0.0038357563
9.977444e-08
0.00085615105
7.961473e-06
0.011912175
0.00090909196
8.041411e-06
0.0007602365
0.0037980967
4.0863014e-07
3.2985301e-06
0.000825182
0.9997783
1.9656387e-05
0.99880254
2.5240175e-07
0.00013366398
0.012417293
3.236996e-05
2.5442954e-05
6.8832774e-06
0.0054908628
0.00012384795
0.00014022183
1.4051657e-05
0.11863272
6.295946e-06
5.8558362e-05
4.3995897e-06
0.14174086
1.0400521e-05
0.0031941542
7.744746e-07
2.3197541e-05
0.0010361928
0.00046596822
0.019175993
4.0019295e-06
0.9999988
0.0046321293
0.0014824761
4.9408507e-05
0.0002389993
4.0808325e-05
0.0011061402
2.583119e-07
0.00046506964
3.3823476e-06
8.747664e-06
3.5317968e-05
0.00014937649
0.0002557522
0.0002859372
4.9051432e-05
0.00026334025
4.505353e-05
0.00010376354
8.408604e-05
6.171731e-05
