1.0
0.9999746
0.9996713
0.95592344
3.7649372e-07
5.256613e-05
8.247374e-09
1.0014505e-05
9.92521e-08
0.0004901724
0.08302609
5.330525e-09
3.3843952e-07
7.2902862e-06
0.8614213
8.435549e-05
3.474704e-09
5.409785e-07
2.1556883e-05
7.1536334e-07
0.8769561
5.6859797e-05
0.1183635
3.4615863e-05
0.39449096
2.2843502e-05
1.5565714e-08
0.99554294
6.160046e-07
1.2586036e-06
0.6595021
3.0488113e-07
3.2219363e-05
1.6118445e-05
4.907238e-06
0.00033494178
9.844767e-06
0.0009333574
1.0
5.6820255e-09
4.305111e-06
0.2447891
0.006246561
0.0639435
1.14352815e-05
0.0021500762
0.00016813958
0.0031542745
0.0031545656
0.99652267
0.013495609
1.6660728e-05
1.0
2.2865443e-07
6.070122e-07
0.983023
0.00034900228
7.0964336e-07
1.495655e-09
1.37246e-07
0.99813044
0.9965241
0.00010167472
3.0916826e-07
1.6485248e-05
1.1590971e-05
5.6027307e-06
0.00054729794
0.0038227346
1.9383726e-06
3.56705e-05
4.8294913e-07
0.029422123
1.14952445e-05
1.1034945e-05
6.5239474e-05
4.4890044e-06
0.005430177
9.281539e-05
9.0535745e-05
0.99979925
2.4552717e-06
7.0897763e-06
0.0010436255
0.07934508
5.3124097e-07
8.896076e-06
0.0112398015
9.352899e-06
0.03626375
4.9222554e-06
1.9508708e-07
0.99918884
2.5631098e-07
5.770912e-07
7.277519e-06
0.06661062
2.4552717e-06
1.8852807e-05
0.0063324315
5.227675e-07
0.028771393
1.4366987e-06
6.249006e-06
2.7711543e-08
0.03244679
0.99728936
0.0036467144
1.2661673e-07
0.9492195
8.778241e-06
0.999422
4.941493e-07
1.9679007e-08
3.1966258e-05
0.0020124163
0.00045650842
9.634497e-06
0.002373814
0.99967754
1.165684e-05
7.73664e-07
2.2843502e-05
3.6622133e-10
1.4191294e-06
0.53151387
0.8056414
1.4779773e-05
0.20656656
0.00015024815
6.249006e-06
0.20791377
0.983023
3.1736555e-08
2.7424508e-07
3.1788293e-08
9.422496e-06
0.99721104
2.8390883e-09
0.6685011
4.0017048e-07
0.014963832
1.3467633e-06
0.0010176703
0.00027257737
8.087959e-05
8.228757e-07
2.3054696e-09
0.99998474
0.19740865
6.2913015e-05
3.5269906e-05
1.3052845e-05
0.92204493
4.803827e-07
0.0017955841
0.9407146
0.002806442
9.0535745e-05
0.017498897
4.266861e-06
2.9007324e-05
0.999422
3.0773556e-06
8.644663e-06
6.721666e-08
1.3977543e-06
1.604377e-06
0.9996676
4.0717445e-08
3.8926447e-07
0.00030791006
1.7915956e-05
0.99999714
0.00016813958
0.1514738
2.5006691e-05
0.0006246944
4.609604e-05
9.545345e-08
1.5219694e-05
0.004882233
7.0063234e-06
0.00016068733
2.6542244e-07
3.1248186e-05
0.9987264
2.012948e-07
0.000105003855
0.0038821376
2.2348928e-08
1.0
5.256613e-05
7.0359874e-08
2.668982e-06
0.0070155943
5.7799075e-06
0.0012251118
0.00045311984
6.8153454e-06
9.865813e-08
1.9561858e-05
3.0377006e-08
0.00032324012
0.0009902673
1.13196485e-07
2.421608e-05
0.0005371274
0.99921554
1.7215803e-05
0.20111392
0.6264414
0.013495609
9.594694e-05
0.6685011
0.0018442993
0.00054729794
3.7642728e-06
0.72584397
6.289995e-07
3.1266055e-07
6.941975e-05
0.00019412466
0.026408387
1.7215803e-05
2.605599e-05
1.3022193e-06
0.1974086
0.0011576893
6.0151095e-05
0.00019412466
0.06403244
6.721666e-08
0.94615394
0.025179304
0.023627823
4.051931e-07
7.701124e-08
1.0323e-05
1.0465805e-06
2.2232229e-07
5.5795084e-07
0.00010756065
2.3491034e-09
1.0864424e-05
5.6391436e-08
3.474704e-09
0.7651498
0.00033494178
2.8810705e-09
1.8977788e-07
0.0027359035
0.00021830907
1.4779773e-05
1.4102302e-07
0.0045232004
7.815163e-09
8.778241e-06
1.9606457e-05
0.8975681
0.0001232785
0.0005371274
0.0032523584
0.003982639
0.009023051
0.1665583
0.031146623
1.3162897e-06
3.1090253e-06
9.250233e-07
2.5275727e-07
8.1100625e-05
0.0013177928
0.0008698343
0.0001666496
0.0003487379
2.260953e-07
9.166826e-08
0.0005575896
8.63611e-06
1.8358727e-06
0.00013440258
2.2732447e-09
1.8023824e-06
0.00094345293
4.787851e-07
1.7882794e-06
0.018571509
0.0029708007
0.99792296
0.007452703
3.2318203e-05
2.6786e-07
4.1153275e-08
0.14311734
0.99929315
0.017728817
0.081186794
6.6643406e-07
0.0024696859
