0.99995387
0.99999136
0.99999994
1.0
0.99999845
0.98271775
0.99892217
0.99999404
0.9999987
0.99999976
0.99839103
0.99997866
0.99976224
0.9999971
0.9998242
0.99943435
0.9999508
0.9999575
0.99982715
0.99999547
0.9999934
0.99980116
0.9999996
0.99999857
0.99971735
0.9998191
0.99942154
0.99972165
0.99930626
0.9999997
2.9631979e-06
3.7879142e-06
0.010705387
1.4726676e-07
0.00086963084
0.000101150385
0.99999994
1.2653102e-05
4.829261e-06
0.07677302
7.889323e-05
3.2950044e-07
1.3947561e-05
6.465569e-07
0.85178554
0.86679137
0.3001233
2.2452868e-09
0.00028463328
3.183404e-08
1.1052115e-07
0.0008663821
0.05268881
0.004621981
0.0010642725
2.3996106e-06
0.0005055156
0.011376083
0.0034090218
0.0006373191
6.656369e-07
1.3794267e-06
1.2714883e-06
9.927856e-05
0.00239
5.8956135e-05
0.7193989
0.9999991
1.5104122e-05
5.5604138e-05
0.00016865775
3.3777123e-06
0.0010064164
0.00024720907
0.5505494
3.627749e-06
7.305302e-05
0.00024219381
4.3703352e-05
1.802892e-05
0.0024284604
5.7667426e-06
0.01970375
0.16233808
0.005139933
5.89824e-07
0.0464874
0.00075016206
2.6830568e-05
0.99999136
3.839915e-06
2.7395143e-05
0.0057155597
3.6133545e-06
2.6493903e-05
9.527029e-08
0.0057155597
5.037133e-05
0.9995895
1.2455937e-05
1.2481384e-07
4.5624442e-06
0.00026327398
5.6925932e-05
0.99980426
5.952677e-05
0.00028463328
0.000100215744
1.836314e-06
0.0003487678
8.517315e-06
0.008666386
2.4520761e-05
0.0596379
7.574727e-06
0.0050696316
3.366292e-05
0.018394247
0.9091639
0.00066512777
5.873772e-06
3.8411683e-05
0.00042838196
0.2696437
0.15703546
0.0029983902
2.6191822e-06
0.01130922
0.04987891
2.4750238e-07
0.008266096
0.0006934498
0.00034295913
4.3486256e-05
0.00016957706
0.2745841
0.06307431
2.2210528e-05
0.00013488649
1.7548185e-05
5.129819e-05
0.0013952266
2.6787975e-05
0.00037262365
1.5620012e-06
0.0001859612
3.0204461e-05
7.3956805e-08
0.48938715
0.06307431
0.0021347103
0.0005542934
0.0074895043
5.8956135e-05
0.99991906
0.044220492
6.4044484e-06
1.4937584e-05
3.994257e-05
2.2161104e-05
0.00023734862
0.2374682
0.02404506
0.9999993
0.004854251
5.964813e-06
0.0019865665
0.1285406
0.0006934498
1.2909576e-05
6.580416e-06
3.0320563e-05
0.0026173636
9.6251015e-06
0.99995
0.00011028679
0.99487776
9.3960065e-05
3.183404e-08
4.8384713e-08
9.024575e-06
1.4937584e-05
1.5241686e-05
0.6790745
0.00018931356
4.7568304e-07
0.9949245
0.0027414488
0.9706168
0.0097679375
7.953524e-05
0.046544187
0.34431493
2.418776e-05
0.00015514635
0.99999917
0.0005319828
0.00029649655
1.1700064e-05
7.1781997e-06
0.0041336087
0.56736135
0.41649115
1.8404164e-06
0.016499562
0.0017387136
7.017599e-05
0.01831192
0.0032527526
0.0031150603
0.99733335
0.9999167
2.3912835e-05
4.0927287e-07
8.162711e-07
0.0022709223
0.046544187
0.0036517805
0.013537745
0.0011176462
2.0529004e-07
0.24128436
0.0006934498
4.5161414e-05
0.00018485857
0.023291847
5.2487292e-05
6.042836e-08
0.9999991
1.999666e-05
0.28998816
0.0007553559
0.0019718064
7.728336e-05
0.00082242984
1.5934563e-09
0.0045606424
0.60092294
0.00033009105
0.00014910425
3.839915e-06
0.0007202324
0.00013401023
0.00045876048
0.00094491884
3.366292e-05
0.9583572
0.000101275466
4.9650353e-06
0.99661124
0.0002002161
4.227502e-05
0.13873194
0.6929389
0.00075389975
0.00015087985
7.244808e-05
0.0032466827
1.3328932e-05
0.7876289
1.2455937e-05
0.99931103
0.015190461
0.997989
0.0015415136
3.6530408e-05
0.00014938845
0.53125954
0.9995895
7.5855826e-07
0.99031323
1.041998e-05
0.97274685
0.43571103
2.0625506e-05
0.833887
0.011814172
0.99999994
3.7050404e-07
0.9999662
0.9902029
0.0043939445
0.0017387136
0.0004028927
0.99981135
4.658299e-06
0.00018252525
0.00020082525
0.0029983902
5.348602e-06
0.0021109893
1.3052406e-06
0.01078646
1.3357169e-06
3.331431e-05
0.0011176462
0.99999535
6.549567e-05
0.22036055
2.0779504e-05
