1.0
1.0
4.6031196e-06
0.24160475
0.96116143
0.99568045
1.0
0.00027463085
0.002033065
0.00015205522
2.8043319e-09
1.2799541e-05
2.322442e-06
0.0006541051
0.99997103
1.9248024e-07
3.559894e-09
0.032034475
1.3701703e-06
2.5351259e-05
0.8973447
0.0013185631
1.5443541e-06
1.959339e-08
6.888206e-05
1.3909046e-07
0.0003145549
2.940172e-06
1.8821858e-06
0.33270186
0.99975485
8.198476e-08
5.9462246e-07
1.0139531e-08
5.137221e-06
1.1883574e-05
2.0798934e-06
0.8964466
6.7395686e-06
6.9880925e-06
0.55637854
0.0006078572
0.00016105747
2.5523881e-05
0.00012647061
0.10320934
0.9999999
0.00023940502
6.12228e-05
9.153736e-07
1.16739125e-08
8.948482e-06
0.8530968
0.99907786
0.9998589
2.3394469e-07
0.0001410218
1.1291956e-08
2.3488475e-07
2.0027652e-05
0.0007014651
1.7289858e-07
0.00014923952
0.1277024
0.103384554
1.8645807e-06
1.9478641e-06
7.98988e-09
4.522586e-09
9.066958e-06
3.4016747e-07
0.0009033608
0.01809036
0.00047535312
6.204069e-07
3.0358184e-08
4.333417e-11
1.2989061e-07
0.67902815
0.04279745
0.0015429058
3.6804875e-06
2.240544e-05
0.99885374
8.625106e-05
0.0011042594
0.0018724923
0.56004095
4.785245e-07
0.00023940502
1.4325612e-07
2.441294e-05
0.0016482963
0.028985407
1.3159424e-08
3.444012e-07
3.634258e-08
7.1651906e-05
0.017242907
5.0922357e-05
0.023031829
0.00015292269
0.19734387
1.5743977e-07
2.1766984e-07
5.429008e-09
3.2690928e-06
0.00010009034
1.6374706e-07
9.05367e-05
2.1203824e-07
4.1276775e-07
8.8698755e-08
0.45057574
0.99858147
3.2015808e-07
5.911975e-06
0.0022388329
4.5834095e-05
0.0005316873
0.009532692
5.6077646e-05
0.0017272828
1.2611468e-07
0.55637854
3.351158e-09
0.00020356785
4.461474e-08
0.68599844
4.1967752e-08
0.2574955
1.6702888e-05
2.322442e-06
1.6666073e-07
0.99957734
0.41358948
7.156163e-05
0.00035179022
7.091969e-08
6.3703505e-05
0.002033065
6.2560307e-06
6.296679e-05
4.142845e-07
9.384419e-06
1.1224741e-05
2.8318217e-07
0.00043882526
1.5286124e-06
1.950701e-06
0.0005541727
6.53044e-06
2.0749542e-06
1.351233e-08
0.99999887
1.6506124e-07
1.09658105e-08
6.263973e-10
3.6609464e-07
0.014864404
0.99983567
2.8069262e-06
0.00072562613
1.0102067e-07
1.9946512e-05
2.317006e-05
0.9210695
1.746832e-08
5.2240168e-08
0.029074397
2.7660167e-06
1.5743977e-07
0.00042242088
0.68599844
4.541789e-06
0.00022063391
7.491512e-08
1.2255943e-05
0.28986245
0.29070494
4.013763e-06
0.7484324
1.4812304e-06
1.0442216e-06
0.00045004438
3.6312496e-05
0.4366234
5.442387e-06
4.089758e-05
1.2717175e-06
0.31257612
3.1436523e-06
0.002040139
8.002296e-05
3.3396723e-09
0.0003014248
4.124269e-06
0.014864404
2.7951542e-06
9.016468e-05
3.4963793e-07
0.0015429058
0.009478924
0.00019095714
0.99759823
3.2393488e-09
0.022650318
8.730045e-06
4.4818847e-07
1.2631525e-06
0.0017272828
2.3583855e-06
4.541789e-06
0.00048441946
2.1215255e-05
0.8323919
0.9979688
0.8957465
1.696649e-06
0.9994854
0.00040644195
5.442387e-06
0.0012468796
0.017242907
3.096182e-05
1.1678122e-08
0.54822415
3.0699752e-08
5.2240168e-08
0.999759
0.020420073
1.5424259e-05
0.018638289
0.000100679536
3.529705e-06
2.3217247e-06
1.8915393e-06
4.133713e-05
0.9856844
7.03902e-07
2.5770413e-07
0.061402984
0.001551553
9.909174e-07
3.9709753e-06
0.020146241
2.326538e-07
0.000257971
2.1203824e-07
7.337173e-05
2.286221e-08
0.00014923952
0.009427798
6.5018917e-06
7.33246e-07
0.0004037963
0.9994854
8.501502e-05
0.9998429
0.007613406
8.501502e-05
4.3428736e-05
1.6702888e-05
0.0006710146
3.6065103e-06
3.2393364e-09
1.959339e-08
1.0166623e-06
1.8645807e-06
0.03492023
1.1453164e-08
3.51519e-06
2.1017864e-05
2.2494519e-06
3.8382055e-07
2.046442e-07
3.8060264e-08
4.522586e-09
1.950701e-06
5.15546e-07
1.400199e-08
0.0011055624
2.3513284e-07
0.016049678
0.0021588637
0.91672796
5.9462246e-07
0.079396136
0.9998945
6.12228e-05
6.0057e-07
8.218953e-07
4.5089706e-08
0.019743584
0.0003817007
2.8124462e-06
0.028298086
0.0007235683
1.8487637e-05
0.000104415456
