1.0
0.99999964
1.0
1.0
1.0
0.9999985
1.0
1.0
1.0
1.0
1.0
3.808959e-05
0.8927802
0.030408408
0.3351718
1.1032987e-05
1.1717707e-07
8.6331704e-05
3.3396473e-06
0.99999416
0.003134742
0.9999992
0.3620729
2.1671133e-06
5.1273923e-06
4.9338823e-06
0.07241936
3.121999e-07
0.9889811
5.725419e-06
0.007022261
0.0012104448
0.0072116144
0.99999213
5.3542364e-05
0.20882836
0.9728002
1.2202889e-05
4.3565742e-05
7.0862884e-06
5.1273923e-06
0.0005537722
0.93649507
0.042060073
0.016374024
1.4533068e-06
0.009821283
1.4916778e-06
4.6340183e-06
0.012173909
3.4611674e-06
9.641896e-06
0.00021162853
0.020283269
1.7953867e-07
8.166412e-05
2.9432573e-05
0.0011247649
0.0005329583
5.408301e-06
0.0011442772
2.69262e-07
9.369739e-07
0.0002815897
0.43526596
0.0015065768
0.0004820709
7.422342e-06
0.00088777445
5.0427523e-08
1.2701382e-06
0.0028673469
0.012194868
6.484833e-05
2.5988134e-08
0.00019054464
0.0017243532
6.282524e-05
1.7953867e-07
3.6461566e-05
0.9489915
0.012868338
0.745745
0.99860805
0.00045566997
0.00403296
0.0026898228
1.118178e-06
0.04144077
2.8948787e-06
2.120335e-06
0.00012050477
5.459004e-07
0.0007443048
0.1705159
0.0025767242
0.6410447
0.0037605409
0.9884021
0.025188107
0.9999889
0.0009840778
0.9987774
9.728614e-05
2.6216312e-06
0.05912974
0.9977579
9.421382e-06
2.2677907e-06
0.043106157
4.228145e-06
5.9170407e-06
0.04619897
6.9398898e-06
4.8024907e-05
5.360863e-05
0.00055393216
0.00022512917
0.9999568
0.0013127452
0.92413557
3.3491135e-06
0.0003017739
5.2867566e-05
0.9996905
0.0069929827
1.3593984e-05
0.0020128533
0.000405102
0.1634728
0.072377
7.677666e-05
0.00051430054
0.042160224
6.327284e-08
0.000405102
0.85138047
0.00024800914
5.565001e-07
0.5082699
2.120335e-06
0.01880697
3.3084055e-07
5.5282362e-05
0.00037155685
6.1335794e-07
2.3625504e-05
0.0002771396
0.24792956
1.3349681e-06
0.00025729576
0.9406564
0.9077485
7.3826254e-06
0.9997588
7.3014354e-07
3.2186497e-06
0.0007083231
0.00013993344
0.046908252
0.7423262
0.02309547
0.8329413
1.6098363e-07
0.0006637998
0.6746296
4.837032e-06
0.999865
1.4986511e-05
0.008801736
1.1241732e-05
5.3861822e-05
2.547193e-06
1.7658247e-06
2.517839e-07
0.00092107203
0.029066611
3.4579175e-06
0.8910264
0.21749824
0.0011424496
0.35000417
0.0007443048
0.68082315
2.7782738e-05
2.3178414e-05
0.00039768845
0.27420813
4.00939e-06
1.8281316e-05
9.888721e-05
5.811761e-06
0.009504244
8.6761275e-07
1.1557284e-05
0.9998471
6.346739e-05
0.022213053
8.2766805e-05
0.0060181143
0.012465252
0.001677003
0.63620174
0.8691682
1.4314879e-06
0.5687181
9.6620664e-05
8.1995595e-06
0.009504244
0.0006402111
4.7909085e-05
0.000147066
0.0029247275
0.0010524933
1.3745542e-05
1.0206414e-06
0.00010536002
0.99367833
0.02799505
0.22436379
1.6362703e-05
0.8968858
0.000405102
0.007277356
0.0017211303
0.0005801166
2.0325074e-06
4.5872508e-07
6.908774e-07
0.60455793
0.00078035897
0.98102415
6.8439965e-07
2.3562774e-05
0.23734021
0.032633454
0.9984613
0.03960146
0.005031576
1.4779124e-05
0.057946287
0.9960246
2.3467412e-06
0.0076196054
0.5082699
0.19032794
0.004021588
5.725419e-06
1.2896237e-05
0.00011070002
0.0009958275
0.00088777445
0.0060538854
2.5903324e-05
0.63077325
0.9957574
0.0010564282
0.00055393216
8.804594e-08
0.029980723
2.125076e-06
7.217054e-05
2.6020034e-05
0.042160224
0.000399188
2.0932265e-07
1.7094587e-07
1.1343504e-06
0.27420813
0.010676347
0.2726469
1.8707737e-05
6.0590763e-05
0.9534572
0.0023189667
6.167018e-05
1.8777873e-05
2.7769864e-05
1.6415828e-05
0.0012067679
3.914127e-06
0.9486264
0.012731971
1.0088535e-05
0.0066870586
0.03744777
0.07425494
0.00016088695
4.972371e-06
6.3709927e-06
0.07977655
5.4468896e-05
0.9566245
0.92413557
6.484833e-05
0.00018569223
1.7290582e-06
0.3492863
3.1851098e-06
0.9986991
