1.0
3.1622358e-07
0.00037354004
9.008745e-06
0.0002957743
4.998082e-08
5.7880923e-05
5.121959e-07
0.00027000043
7.262754e-08
2.7532403e-09
1.3991324e-05
3.056858e-08
2.9912446e-08
0.05734196
2.0017261e-07
0.99981624
1.5480093e-05
1.4767262e-05
1.1648755e-06
1.9955553e-06
0.9747594
4.6330936e-07
5.4302532e-08
0.9570677
3.0768376e-07
9.664916e-09
0.9994206
1.13202525e-07
1.5442392e-06
6.3830408e-09
2.991385e-07
1.512287e-06
2.9117697e-09
3.1348375e-09
2.3588944e-05
1.1648755e-06
8.5181746e-08
7.29525e-05
0.014816447
2.9443585e-08
3.4130003e-06
1.6449505e-05
0.0020849502
1.2530963e-05
2.6675247e-05
2.9007277e-09
5.209686e-09
5.405154e-07
3.2563303e-08
3.118747e-09
5.985342e-09
0.7907871
3.5358138e-05
4.030522e-07
1.3255806e-08
0.18568154
1.5703035e-08
0.020356616
2.6014353e-05
0.0069642076
0.00026895554
0.9999197
0.8829415
5.4873413e-05
2.599595e-07
8.92511e-09
5.992552e-06
4.957225e-07
0.008708354
0.000114427385
8.076722e-10
0.00035101638
3.626112e-10
2.9002125e-05
0.5078406
1.4592711e-08
1.06887255e-08
3.2191977e-07
0.0023160141
0.0004938761
1.5155448e-08
0.0009636291
4.7936606e-09
7.7335e-06
2.8994546e-07
2.842414e-06
1.4680447e-09
2.1221425e-07
3.2343054e-05
1.684851e-07
0.006048247
1.5002442e-05
2.531799e-05
1.4597819e-10
4.413634e-06
0.9966999
0.0041835015
0.9747594
0.008290085
2.8808418e-07
0.63333
1.3774888e-09
0.123854384
2.214609e-06
4.285226e-07
3.0676454e-06
1.5926159e-07
0.0004387163
0.99569106
4.116037e-06
8.373789e-08
2.7356252e-06
3.3832506e-09
0.00067426276
2.3281228e-07
1.06196685e-05
0.00015372707
0.00015372707
8.993759e-08
7.413139e-06
6.6519397e-07
3.3945073e-06
2.1033144e-05
6.855323e-05
6.146438e-07
9.367217e-06
1.910928e-05
2.935263e-05
6.1860617e-10
3.2670514e-06
6.59928e-07
5.985342e-09
3.034829e-07
1.3939056e-07
3.825444e-08
0.9999197
1.1955904e-08
0.99996823
6.5356316e-09
9.745564e-10
0.00088954926
2.3300381e-06
4.7639835e-05
1.6070592e-10
6.6270803e-07
0.012372977
0.006048247
0.0008244641
8.076722e-10
4.169144e-09
2.4505087e-11
7.2500734e-09
2.2422729e-10
3.5066638e-08
7.859503e-08
0.0009339289
2.858166e-08
0.00048022124
0.12838511
0.00057454687
0.008290085
1.08176536e-07
0.004249806
4.7104595e-06
9.481365e-08
3.26984e-05
0.001713363
5.964552e-07
2.9007277e-09
1.4453951e-06
4.6785613e-06
1.1727541e-08
1.1423012e-06
0.99952674
1.0573555e-07
5.3644097e-08
1.790155e-07
5.370498e-05
5.3635146e-10
0.00028839134
2.5586698e-07
3.3262071e-07
2.4505087e-11
2.1627507e-06
0.00017493739
3.089752e-05
8.012499e-07
1.9951655e-08
4.447676e-08
1.808005e-06
0.0028506008
0.0008648818
0.99972504
3.2926355e-08
3.76279e-08
7.30879e-09
3.1748064e-07
1.0005225e-06
1.4680447e-09
1.1442447e-07
1.1396245e-06
0.9721668
1.99313e-05
0.0009339289
0.0007624232
0.99757653
0.00015191377
6.8576844e-07
0.05734196
1.7794098e-09
8.4036656e-05
0.00918725
6.803438e-05
0.34977925
9.293966e-06
3.486772e-10
5.843166e-06
2.565646e-07
0.00011039116
5.964552e-07
2.653468e-09
0.08614943
1.025045e-11
2.6180478e-05
0.0009636291
5.3644097e-08
1.7901567e-07
0.99972504
0.00016957124
0.00015677055
1.7186065e-05
2.5407046e-05
5.498169e-07
3.3832506e-09
2.7592168e-07
3.8588737e-09
6.146438e-07
4.991195e-07
1.4008326e-07
3.2483033e-08
1.0633421e-05
1.6061742e-06
1.1892427e-08
3.8687786e-09
4.6020355e-06
4.759843e-08
8.362577e-10
9.2176535e-08
1.9951617e-08
0.00067621266
8.45011e-07
0.006256924
0.00024707665
2.9184601e-08
0.033155672
0.44187704
1.1025434e-06
9.3109486e-07
3.2632865e-06
0.00011039116
0.24851018
1.1444014e-08
9.27387e-07
1.7623972e-08
2.6278366e-09
1.6633442e-06
1.7794098e-09
0.032577462
0.99959445
0.04963934
1.1025434e-06
0.00014557898
1.8169352e-05
5.7660796e-09
1.1246907e-07
0.63333
4.6188836e-07
3.5558114e-07
2.9408204e-07
2.1080439e-06
0.0009812532
3.5732068e-09
0.99959445
0.0006869497
1.7229805e-08
2.7724827e-05
1.5126714e-08
0.00031685864
0.0002957743
0.9999268
0.00028839134
3.4013528e-10
4.258328e-09
0.00015191377
2.6207587e-07
4.9911555e-06
0.0029235205
4.5248926e-05
1.5127154e-06
