0.99957657
0.00019622344
2.3956403e-07
0.00034650622
6.8649e-05
5.357025e-05
1.798947e-05
1.13233945e-07
3.349037e-06
1.1742508e-07
0.007842688
7.1213676e-06
2.9557364e-07
0.00011013304
0.9899469
1.2776882e-05
4.0317136e-08
1.9709076e-05
0.00010983278
3.4859524e-06
0.00026360652
0.9999722
0.118948534
0.99743813
4.6123517e-07
0.00019897945
0.5009234
0.0042434363
0.00013495519
1.483e-06
1.552384e-05
0.00084857224
5.109701e-09
1.5147036e-05
1.9108533e-05
3.238145e-05
1.38303e-05
2.314636e-07
3.412612e-07
0.86172163
0.72666156
4.3234395e-05
1.2463542e-07
0.00048123073
6.684501e-06
8.677884e-08
2.612262e-07
0.0007057747
3.612482e-07
7.132495e-07
1.4199784e-05
3.0098366e-07
2.4330038e-05
0.08835149
0.010341936
0.016594103
7.6868595e-08
9.392972e-11
3.0031006e-06
0.00021485987
7.670552e-06
0.0008772559
7.9177454e-07
7.837002e-07
3.6540544e-06
0.00053151906
0.001049419
8.302636e-08
1.73186e-08
4.034483e-08
2.106743e-05
7.5092466e-06
0.031669952
6.0951108e-05
2.3918417e-07
8.755292e-06
0.0003955567
3.8567646e-07
1.5645476e-06
2.8420258e-05
0.023954825
0.0006558507
0.02755476
0.0005277905
8.21508e-05
0.99743706
0.124191485
1.07720275e-07
0.005929526
1.07720275e-07
9.977518e-06
0.00015842232
5.357025e-05
4.007233e-05
0.94940376
6.558542e-07
1.1135204e-05
0.9999994
0.00013597889
1.2182389e-06
0.0008269933
0.0058793016
6.8647705e-06
2.6881608e-07
0.99921715
0.001568917
0.004396369
1.2448716e-07
0.0011887436
4.8228452e-05
0.9112911
0.00048123073
8.3195795e-07
6.678476e-05
3.2106605e-06
0.00084857224
8.6399785e-07
0.16969033
8.801236e-08
0.00028352876
6.8649e-05
1.3439607e-07
0.00050778996
1.3098248e-08
0.9999987
3.386985e-07
0.44469196
7.121369e-07
9.392972e-11
0.002943269
0.007359974
0.9998522
0.999351
0.00010993399
2.769464e-06
0.03181789
0.000181845
3.620392e-05
0.99794483
0.00013571451
3.3354205e-05
0.0003666345
0.15765394
0.0427355
1.1516976e-08
8.073216e-07
9.966128e-08
0.00044441022
4.4260676e-05
0.90885997
1.254213e-05
1.0098229e-06
2.6323437e-06
0.89408576
0.059376244
0.0018196079
7.948009e-08
1.1621166e-05
0.016357152
2.2442735e-05
0.99334425
1.6869775e-05
0.0006654007
0.0020025782
2.8420258e-05
1.032251e-08
2.6410614e-06
2.927444e-05
0.00013785035
0.37792003
6.4543524e-06
0.0030963318
0.0012991354
0.0042434363
0.99786097
5.0340354e-06
5.5886893e-08
2.7565263e-06
7.2930125e-06
1.6636503e-06
0.007812569
0.00012916504
0.0024893698
0.001129735
0.36150348
0.0001260408
0.9999971
0.98737687
1.4115422e-07
0.26278967
1.275132e-07
6.5137124e-07
1.0721466e-06
0.0001528323
7.1690316e-05
3.0947258e-06
1.1305537e-07
1.4030414e-07
0.060951598
2.5758061e-05
0.0022215608
5.0673583e-07
4.4844906e-05
6.475197e-06
2.8139033e-07
1.1400593e-06
7.5770726e-07
0.67366105
0.010087305
2.782664e-06
0.00086152845
3.5493267e-07
0.99921715
0.9150006
6.678482e-05
1.9709076e-05
0.057289004
0.010172826
1.1647728e-05
0.7963845
0.00046511772
0.9833697
1.5972011e-05
0.09676954
3.2885593e-05
1.6310508e-07
1.3418428e-06
7.650834e-06
9.628021e-06
3.677593e-06
0.00035295525
0.0015521034
7.099283e-07
0.99994344
6.886317e-08
8.318689e-05
1.1013159e-06
2.41683e-07
0.00066554657
0.17354107
9.5613286e-05
0.980603
0.00031113214
1.4030414e-07
0.25477225
9.555017e-08
5.357025e-05
2.2259872e-05
0.08835149
5.055369e-07
0.0006952116
9.317147e-06
2.181899e-05
0.006844824
1.5620012e-06
0.00012223437
7.264649e-06
0.732519
1.3447714e-06
0.00065661245
0.99869525
4.3410266e-05
0.5425675
5.0221297e-05
3.0030976e-06
0.00022273489
3.932335e-09
0.42912522
0.15472393
2.836048e-08
3.667821e-06
3.7982275e-06
0.00012402545
1.0333112e-07
0.0010815565
0.004667716
4.4777676e-06
3.0148783e-07
1.0245863e-06
6.4004864e-09
4.8398743e-08
0.0071814363
0.0006092068
0.00034903758
8.864402e-05
2.4000294e-06
0.00013807123
8.354823e-06
0.37818342
1.1254048e-06
0.022771323
0.00088057225
1.1196539e-06
0.25477225
0.0012670935
0.0045443233
0.0023051372
0.9998869
0.0020060292
8.882453e-06
