1.0
1.0
1.3841951e-08
2.0489585e-06
2.187708e-05
0.012550817
1.1664079e-07
0.93493825
0.11736371
0.004597559
2.8070147e-06
0.07800145
1.3586574e-06
9.856968e-07
1.5043329e-05
0.0067533324
2.4507423e-07
0.0009243609
0.9875699
0.00011791605
3.4094305e-07
3.346789e-06
1.4934607e-05
9.954754e-06
2.8118592e-07
0.8071127
0.18094148
0.006126935
0.029356508
0.9679805
0.99955624
0.0043601813
4.6320467e-05
8.363079e-05
1.7904393e-05
4.8123698e-06
1.4922278e-05
0.549908
1.1664079e-07
7.146622e-06
4.6603377e-10
7.6873863e-07
0.9960776
0.9960776
0.0006159205
3.5658424e-05
4.0985014e-08
0.0003575967
4.8759875e-06
0.0042648334
4.228456e-08
2.7344508e-05
3.0264405e-06
2.642606e-06
0.00908257
1.149472e-06
2.7999433e-05
0.9969378
1.13461445e-08
0.010995008
0.00020065108
2.0489585e-06
4.7281378e-07
1.2191351e-05
3.3302586e-06
0.99999726
0.00012508512
0.00016665898
1.2590438e-07
2.229785e-06
0.0020431147
0.012917579
0.0019560468
6.2555237e-06
5.7832924e-05
0.0010394467
4.5448036e-07
2.7236241e-05
4.1738356e-05
2.1232186e-06
2.5537358e-07
2.4258525e-06
0.0004195043
0.02105396
1.8835413e-08
0.32495326
4.523525e-05
6.8033964e-06
0.0058804443
1.1344872e-07
0.0006367942
6.020931e-08
0.0007998751
6.6746253e-07
2.0852316e-05
1.4922306e-05
0.0018278715
0.024244474
3.0102809e-05
4.0985014e-08
1.0101156e-06
0.00020199401
2.6307067e-05
3.9342398e-05
0.057840798
0.003490184
0.0034977049
2.7641728e-10
5.6837678e-05
0.0028085609
0.83175164
4.178611e-05
2.560216e-05
0.3000192
0.0006656642
3.0882407e-07
2.3098359e-05
0.99793744
9.5515006e-08
8.692476e-07
0.09779939
0.00069611985
1.8188398e-06
0.06166654
0.7552277
0.046759803
0.9977382
0.00011791605
6.4412474e-05
4.0238703e-07
0.0032928572
0.05027751
0.002027691
0.05027751
0.99999905
8.739892e-06
0.06735958
0.0013315781
0.012872252
0.00012349157
0.0005863721
0.029133333
6.886816e-06
8.144939e-05
0.9986384
0.999989
4.1253446e-05
0.07696805
3.420286e-06
0.38781646
2.5604186e-05
0.07809032
8.474369e-07
0.039597735
0.99332315
2.8070147e-06
1.0
0.00082383736
0.98863506
3.5551268e-05
1.9300517e-06
5.345553e-05
0.9937051
2.8070147e-06
9.188808e-06
0.035680715
0.0014148476
4.54162e-06
3.3467636e-06
4.228456e-08
0.0002636206
6.5878274e-05
0.001320281
1.07531005e-05
2.2575582e-06
3.4714507e-05
1.8993711e-05
0.004457643
0.00022553954
1.7904393e-05
1.7501957e-06
0.0004271798
8.614421e-05
0.00095581706
6.451092e-09
1.3131978e-05
8.9943404e-07
0.9867437
0.0008594974
7.521449e-07
1.4934607e-05
3.830866e-06
1.0
0.0012293941
0.003381147
3.4546574e-05
3.9665062e-07
1.8993711e-05
0.07696805
0.00064186036
4.568232e-05
2.2768056e-05
9.750267e-06
2.055593e-06
3.4630215e-08
2.439905e-07
1.5488955e-06
5.977219e-09
0.0016781482
2.2444745e-08
1.838955e-06
5.2041546e-06
0.9999993
7.6873863e-07
4.457353e-05
0.00034930286
0.24074057
2.0422028e-06
1.0959901e-06
0.029356508
0.004352632
0.057840798
7.0653704e-07
0.6526903
0.00091556145
0.0351104
1.2683161e-07
0.37555477
1.5614783e-07
1.7829285e-05
0.35516232
8.934772e-05
6.295204e-07
0.0042648334
4.1654497e-05
3.0918584e-06
4.8549897e-05
0.9241037
0.99864805
6.886816e-06
0.35162413
0.9999754
0.03973785
1.7036344e-05
0.00155801
0.002175999
0.9999945
2.8648454e-05
0.00012847668
1.8188398e-06
0.99895406
7.202855e-08
0.68867743
1.0
0.00061235967
0.00015175219
0.0073300335
0.0003831886
1.5418758e-05
8.046172e-05
6.4049954e-07
2.6871353e-07
0.6917604
0.00054991775
0.37733728
0.00044962286
0.8397287
8.8289354e-10
0.03936702
1.879113e-05
0.047179293
0.00058460754
5.6931754e-06
0.0040867403
2.2302463e-06
2.1757582e-07
0.83175164
0.011002633
0.0008626431
4.6041514e-06
0.001430286
1.3267919e-06
1.4832412e-05
6.006439e-07
0.00010653376
0.9999193
6.020931e-08
1.1070212e-05
0.0001557033
2.4972995e-05
0.00020000241
1.5992351e-06
0.9977283
0.00062117283
0.00019650934
0.0033173126
0.11594374
0.00011373693
0.5007695
1.5046165e-06
