1.0
0.9926728
1.0
1.0
0.99999917
0.9639866
1.0
0.99267054
0.99999917
0.9639866
1.0
1.0
8.233362e-06
0.017111322
3.1261003e-05
5.8665165e-07
8.5720585e-06
3.8287e-07
0.007975894
3.9133997e-07
0.0010428966
4.864028e-08
6.826768e-06
0.8385317
3.746785e-05
3.303912e-05
1.6059705e-07
0.00036764579
4.9630994e-06
4.9630994e-06
1.0958178e-06
3.32849e-05
0.9887107
4.8655083e-06
1.4780286e-06
1.0189652e-07
8.888423e-05
4.1369855e-08
0.0002549561
0.0539889
5.1802596e-07
0.77452564
0.0044774297
4.53016e-07
1.78092e-05
3.4697396e-07
1.3440615e-08
0.00017656389
4.094657e-08
0.0031404272
2.9755142e-07
7.2147756e-08
0.001791032
2.3258213e-05
7.5488566e-07
2.3079215e-08
0.16518557
3.2473172e-06
3.6569305e-05
3.8907515e-06
3.475051e-07
0.99816704
5.7331013e-06
2.2054883e-07
2.0589603e-05
3.8499513e-07
0.03816742
0.0015157185
0.00028121407
0.9979192
1.6174141e-05
0.00017314943
1.3769555e-07
1.5594185e-05
5.9315607e-06
0.00022010274
1.3174314e-05
2.7580823e-08
3.5052327e-08
1.1738617e-06
2.5041103e-05
2.3378965e-05
6.2839067e-06
3.192772e-07
6.616554e-10
2.403423e-07
0.012701344
6.94091e-05
0.0014393999
0.020637814
3.1111555e-05
0.9999975
0.060079113
0.99996966
6.32459e-05
2.2957995e-08
1.3065234e-06
0.22111106
0.19420718
1.8810103e-06
0.098562844
0.9593151
3.452665e-05
5.716104e-05
1.7799759e-05
1.144949e-05
1.0332111e-05
7.953205e-05
6.067337e-06
0.32121632
3.2713086e-07
9.101994e-06
1.0154802e-06
0.19420713
0.0011653722
0.99920124
0.00025229878
0.0013789717
0.0019026779
4.4361197e-08
0.062389616
1.276115e-07
0.002283983
1.4183232e-05
0.44431144
2.0030602e-06
7.738479e-06
7.136871e-08
1.3909968e-08
2.680721e-06
1.8569077e-06
5.686538e-07
5.206172e-08
1.132327e-06
3.884875e-06
9.7884285e-06
0.0041930294
0.020000806
9.3317e-08
2.6663522e-05
0.07881001
0.11729614
0.0035365499
2.5135758e-09
0.00010410487
0.00095138646
6.2684706e-09
4.5204897e-06
1.953788e-06
1.4022042e-06
2.7974158e-05
7.4669435e-05
6.16176e-09
0.93498635
2.9109468e-05
0.012774814
0.00016575864
7.564029e-06
0.99156815
0.018321866
4.900522e-06
0.0011582804
0.0028841896
5.087508e-05
1.0
7.065127e-06
1.0650917e-05
2.586975e-05
3.9981649e-07
0.0031004795
0.43098393
0.9440303
4.2690917e-06
2.4396704e-07
0.0065435474
1.7253177e-07
2.2523284e-06
8.273011e-05
2.385232e-06
5.0034733e-11
0.0018459203
4.3004596e-07
3.5498654e-06
5.2440514e-06
0.2579808
7.7945326e-05
3.7934417e-06
7.229721e-05
0.0004154086
2.1504734e-07
0.00062938296
0.9996841
0.012260346
0.014617442
0.0051877783
6.934333e-07
1.1260124e-08
3.4818162e-09
7.2012035e-06
0.00046925823
2.5479071e-06
0.9694527
0.001067737
0.00031762625
5.8795726e-05
0.00083773147
2.1490909e-08
0.26439723
0.9999882
4.5478635e-05
0.00040543271
8.989832e-08
0.010473404
2.1346214e-05
0.0018459203
8.068604e-06
0.015082669
0.00034946707
2.2903141e-05
5.7584765e-07
0.7021005
3.0838191e-06
0.99639016
7.024696e-08
0.0002903507
1.3638054e-05
0.00022275888
0.008780283
0.00031708195
0.00023677856
1.1605941e-06
0.994272
4.5204897e-06
3.6141498e-07
0.00033324733
2.197455e-08
7.468613e-12
0.0022837722
5.1802596e-07
0.9996525
9.904074e-06
5.2469575e-05
1.9307201e-06
3.4726858e-07
0.84762794
7.174503e-05
1.144949e-05
1.0305337e-06
0.0075932
6.489339e-07
0.00022047745
1.953788e-06
4.7404185e-07
4.2001508e-07
9.225318e-09
5.1145104e-08
0.93090934
0.00034987277
0.00037542605
0.00011446362
5.1802596e-07
1.4780286e-06
1.7789405e-05
1.5996987e-06
4.520494e-06
0.16340572
1.6413276e-07
3.7317497e-07
7.068859e-05
9.4351066e-07
3.9981649e-07
1.78092e-05
9.191582e-08
0.9787084
6.416883e-05
0.043715555
4.2334443e-07
1.0307522e-07
1.301957e-07
0.99816704
0.69664526
0.0016545414
0.015101041
1.8588057e-07
0.9734133
3.7317497e-07
1.9200466e-07
1.0141784e-05
0.99639016
0.098562844
9.526644e-07
1.5928484e-06
3.8432748e-07
2.6752592e-05
1.2453847e-05
0.028187307
2.7760615e-07
0.014617442
0.00025733132
8.558481e-08
