0.010038493
0.45071205
0.00010925971
0.19851369
3.3671397e-05
3.470802e-05
0.9565008
0.006755009
1.3843503e-06
0.0010309631
0.9353758
6.228587e-06
0.14525104
0.99530655
0.9758196
1.8638251e-05
0.00017148911
0.5204527
0.92155844
0.0061188103
0.27422348
0.98970497
0.022474378
0.0011624641
0.06345928
0.045725882
4.3794334e-06
0.042961247
0.99998283
0.00027798483
0.0761676
0.9999992
0.0065803826
0.5204527
0.14844905
1.05575355e-05
0.00015012543
5.684907e-06
0.000100505626
1.5277747e-05
0.0018063895
1.3843503e-06
0.018533237
0.038727462
0.0050965315
0.9990548
0.001957356
0.00058331963
0.04092814
6.463521e-05
0.93593603
0.00014240442
0.005716895
6.553959e-07
0.00091335835
1.5656218e-05
0.0005964368
1.05575355e-05
0.0032456873
0.00047448213
0.99997544
1.6440707e-05
0.2802447
0.96272117
0.0024264627
0.14133438
0.004989897
0.00010660733
6.395224e-10
0.0022103365
0.029475616
0.0026697563
0.9952417
0.9999955
0.23307154
0.0014697522
1.8413737e-05
0.022429466
0.118668064
0.008227666
0.99173385
0.0014130217
0.38989294
6.625401e-06
5.096856e-05
0.00087084644
0.011935541
0.9999984
5.187157e-05
5.2219247e-07
0.0003853367
0.071733154
0.0013339333
0.060379237
0.00793671
0.00065611827
0.21388224
0.9971336
0.0043426417
0.99998283
0.0052361116
0.00017321747
0.001824539
0.0014398743
0.00041645218
0.02909739
0.9999137
4.598505e-05
3.5931075e-06
0.9668084
0.9998538
1.2084082e-05
6.8428026e-06
0.0021443919
0.0010467516
0.40710947
0.18150301
0.99885577
0.23133473
0.013345105
0.074997425
0.0050096377
0.16458228
0.3567882
1.9935178e-05
0.0005296352
0.00067252613
0.031157091
3.5632254e-06
0.0006884893
4.9133723e-06
6.442598e-07
0.9323852
5.546602e-05
0.0019762255
0.00012304222
0.0028211891
0.9999998
0.002806166
0.9177627
0.0020910972
0.9918207
0.78093547
0.008409986
3.2908116e-05
0.0011085516
0.00039667747
6.872229e-05
0.018533237
8.341527e-05
1.6477186e-05
0.9871174
0.00089563866
0.9999997
0.020768132
0.9991886
0.00011177901
5.187157e-05
0.81420183
0.0013335389
0.9918207
0.00017321747
0.0020414062
0.014934096
0.0019979426
0.00018796152
0.00023124041
0.00068332325
0.0013255336
4.0714764e-05
0.000116019975
0.009462056
3.5931075e-06
0.0016578938
7.1358016e-05
0.0015127115
0.9997198
1.0
2.9126797e-05
0.99665016
0.21244696
9.042641e-06
0.99142665
1.4253158e-05
3.464294e-05
0.005450818
1.244669e-06
0.8088468
0.9406161
0.00019164955
0.13779628
0.41319627
0.998161
0.99993515
0.6455803
0.024265906
5.6781446e-06
0.00027210376
4.7866465e-06
8.934994e-05
4.1205756e-05
0.99539167
0.16389401
0.00044385687
0.13253179
0.009580569
0.051596478
2.0889975e-05
0.43613166
0.99999595
0.9999827
1.0
0.00029482835
0.93840724
4.681245e-05
7.1064965e-06
0.0066305674
0.00032089336
0.0005507481
0.00010673244
0.99997133
0.0050965315
4.08503e-05
0.08084662
6.147908e-06
2.0963414e-05
6.8428026e-06
0.5637846
0.0040704645
0.0014748696
1.4928819e-06
3.4169418e-05
0.0011085516
4.2822135e-06
0.28302434
0.35155332
1.6987187e-05
0.00045489706
0.7739649
5.1483436e-05
3.0608e-05
4.6058514e-05
0.30441326
0.0021826571
0.9999756
0.3606144
0.9999992
0.0007779815
0.0011920915
0.00071746885
1.3402977e-05
0.0009851884
8.995839e-05
6.253772e-07
0.0025428182
0.99999857
2.969954e-08
0.0005654799
5.0408664e-05
0.00019282558
8.725101e-06
0.16382284
0.013345105
1.4280693e-07
4.2843737e-09
1.5565554e-05
1.8816312e-06
0.033771902
0.0007304863
0.0003424008
0.00048947113
0.09083058
0.5046133
0.03105229
0.5046133
1.9590234e-05
0.9986095
5.0408664e-05
0.0024079094
0.99142665
1.2834768e-05
0.051596478
5.6430952e-05
6.3525334e-07
0.9118611
0.014896242
0.9997198
0.00016529698
3.5196038e-07
0.00034692965
0.024686154
0.003038049
3.6113575e-05
0.9999756
0.9988242
0.00080805935
0.0017048547
2.799695e-05
0.0011735421
3.3723402e-06
