0.9974162
0.001731594
0.35908154
1.0438549e-05
0.00011221088
0.7624978
0.0005870124
0.0036742473
8.13962e-05
0.00035265117
2.7510112e-06
0.0036462538
0.38182977
0.0008289515
0.019960884
0.00025575052
8.13962e-05
1.8176974e-07
3.0144578e-05
0.001048761
0.38182977
0.99784946
0.33287033
9.897616e-06
0.16745397
0.21373637
0.2931854
0.0012608994
4.598271e-07
0.026925575
3.62852e-07
0.3014855
0.6017814
0.21373637
0.010803691
0.00026590913
0.00017566599
1.8500688e-05
8.13962e-05
0.99628013
0.0004987464
0.24228752
0.00024811013
1.170705e-05
0.008127514
1.0438549e-05
0.0027092178
0.556954
7.845154e-06
0.0037983728
4.5999336e-06
2.39089e-08
0.038169693
2.9766357e-05
7.845154e-06
2.4682728e-07
7.3932365e-06
3.7525379e-06
0.22649981
2.4855976e-06
0.7624978
0.58019954
0.024614988
0.0011107229
0.9955254
0.738516
4.6351175e-05
0.19847527
0.99999845
0.003552943
1.4775154e-07
1.4620188e-06
0.00063713477
0.9924233
2.7435337e-06
0.91366804
0.0005207999
0.011437597
4.3900298e-05
0.0017559588
0.00021838401
2.4531357e-05
0.26300544
3.60278e-07
2.7722897e-05
1.32167215e-05
0.00015739453
0.81909186
1.528095e-06
3.70201e-07
7.509882e-08
0.017034838
0.9991745
1.7124321e-05
0.9999804
3.8558333e-06
0.7022679
0.019960884
0.00011364305
0.00027850107
2.386158e-05
3.45069e-05
6.138087e-05
0.24056922
0.00035331646
0.019385561
4.3099495e-05
0.0023314974
1.0795928e-05
0.00022562599
0.9775195
1.2219939e-05
0.99156266
0.0011011526
6.835309e-05
0.11769698
0.000174307
4.112741e-06
0.5518906
1.0
0.00012476253
0.00029044095
0.38370156
2.2667144e-05
0.99628013
1.25595225e-05
0.20846838
0.0009769436
2.3221764e-06
0.07068012
2.0460725e-06
2.567538e-07
0.0009048191
0.37106377
0.005443574
1.25595225e-05
0.037136793
0.0205274
5.3615304e-07
0.44504133
0.84186256
0.00020453637
0.00014879761
0.005381573
2.0255806e-05
3.7820806e-05
0.98662806
0.011589013
0.0023890678
0.00024919928
0.26126748
0.0007443956
0.004262882
2.7373344e-06
0.17307548
0.016396632
0.91833496
0.0024624835
0.0009424849
6.3957035e-05
0.12943394
0.03439296
0.86258113
7.919262e-05
1.2629758e-08
0.0023844333
0.0006403325
0.06163677
0.9993423
0.0293955
0.9998716
0.0002638172
0.9998716
3.8701464e-07
0.03418536
2.6217731e-05
0.02057087
0.98706263
0.0062136115
1.3485137e-06
0.21373637
0.00016360098
0.0004506415
7.085989e-05
0.0029823794
0.00031668379
1.4109421e-06
0.00143421
0.33205456
0.024373865
0.82695866
0.051994465
9.252633e-07
7.1088552e-06
6.6268024e-07
7.945029e-06
0.62063676
5.3599483e-06
1.9722376e-07
0.9999861
5.4760607e-05
0.0032635955
2.5932984e-05
2.0369167e-07
2.7722897e-05
1.9939444e-06
7.810985e-06
0.98662806
3.5809597e-05
0.059281692
0.06163677
5.120201e-07
0.556954
0.9996547
3.6635032e-05
0.019896714
0.998513
1.3430422e-07
0.0072250436
9.830233e-05
0.177021
9.830233e-05
0.000110122426
0.00039826398
3.7820806e-05
1.667701e-07
0.021852689
0.00794862
2.046584e-05
0.30176145
0.0039700107
0.9673003
0.88295895
0.07262063
0.99999356
0.00027481889
2.7069175e-06
1.702893e-06
5.6592948e-05
0.84939927
0.99979293
0.99996364
4.8765523e-05
0.00038530547
3.7668945e-06
0.0022314028
2.6113652e-05
0.9970415
3.4648365e-06
0.0036462538
0.00016143986
4.07585e-06
0.00043532462
1.4190022e-06
7.566227e-07
3.4910058e-06
1.3543702e-06
5.502597e-06
1.3800077e-05
0.0010852133
3.9142014e-06
0.81909186
0.00029378402
7.939159e-06
0.0003197805
0.7367748
7.845154e-06
0.0015753726
0.06345033
1.7210202e-06
0.04937681
0.00052628166
0.0001608161
0.99934375
7.219291e-05
3.4843855e-05
0.07068012
5.9641366e-06
0.026935128
1.047268e-05
0.014114708
7.1955333e-06
0.00082712964
0.010945351
0.008866937
0.00064069574
2.5599156e-05
0.03024997
2.2695565e-05
0.28225294
0.078888975
0.7039106
0.007141991
0.81456614
0.059260327
0.7669986
0.00044500627
0.0011994507
1.0
5.6592948e-05
