6.0008194e-09
8.9885776e-07
4.4088006e-06
0.0012313665
0.00014008631
1.297264e-05
0.0014865665
1.6674275e-07
1.0
8.584735e-07
0.1000415
2.817711e-07
7.301099e-06
1.4988919e-07
0.07326816
0.003057853
1.0
0.0005130515
6.915784e-05
0.9998944
0.0010972855
1.0210537e-09
0.00041805874
6.7672736e-05
0.6069731
1.4802559e-09
5.137309e-06
2.0227835e-05
9.0479725e-06
4.291819e-07
2.4582846e-06
0.00037706722
2.7688085e-08
0.0011743362
0.077366
1.5564264e-07
8.252237e-09
2.618228e-07
2.9769186e-08
1.1863071e-07
0.008843977
4.7551403e-09
2.2780274e-07
0.0060222545
1.1575219e-07
2.6457018e-08
2.569041e-08
1.0481725e-06
4.2274724e-08
2.8070735e-06
3.582182e-05
4.8364325e-07
1.3850481e-08
4.6860107e-09
0.0001001973
0.9921826
4.4016208e-05
3.0643108e-09
0.0017273361
1.4705704e-08
5.7954775e-08
7.3543794e-07
6.238404e-08
3.7633217e-05
3.257689e-05
1.31484095e-08
0.00020223141
0.0027459867
0.18380576
6.6547946e-05
0.00056058465
0.0010911677
0.9921826
9.9023655e-06
0.0005941469
1.4529533e-07
0.20624803
0.049773835
0.0024644602
0.004083725
0.92557335
0.064091094
8.493889e-06
1.4638823e-05
3.1183827e-05
0.00046716104
4.1852186e-06
6.6931722e-09
0.4205898
0.99016196
0.07326816
0.037659615
3.6729587e-05
4.3278902e-05
0.0008176492
6.165795e-08
1.4638823e-05
1.4954574e-05
4.000403e-10
0.3286431
0.9994325
0.00017778158
0.00024161351
0.99735075
4.417106e-08
1.653748e-07
0.0006551004
0.00029484578
4.9139027e-07
5.1646052e-11
6.7515785e-08
5.7155907e-09
0.0005115962
0.14401048
0.00016435649
0.0008176492
0.4525967
0.0016966372
0.0012150296
0.007860064
2.5164781e-09
0.00012640984
5.9927975e-06
1.6413494e-06
0.000679782
0.99999964
6.6724213e-09
3.063279e-11
5.5017053e-06
3.443254e-05
0.016391758
0.0015270589
4.419327e-07
1.4334004e-06
0.010808574
2.855333e-06
0.85954064
1.3380066e-05
0.99064016
2.2898814e-09
0.038382847
1.1066834e-05
6.4820386e-05
6.2631884e-06
3.2880294e-07
6.247038e-05
1.4109236e-05
0.99729455
0.4736387
5.4601718e-05
4.3364454e-10
9.397543e-07
0.31937802
0.003710879
3.5130235e-08
6.3432833e-07
2.5714635e-07
3.422415e-08
0.0012531541
1.2659999e-06
0.029407978
2.5068742e-08
7.648055e-06
0.00010148902
1.4857555e-05
2.361606e-06
1.6468105e-07
3.1089128e-06
3.4612038e-09
1.0117131e-05
4.7371188e-08
2.1389029e-07
0.0014380224
4.510443e-06
0.005457382
3.6811963e-07
1.1132357e-06
2.0027973e-07
0.00805936
1.3453465e-08
3.7361377e-05
9.96918e-05
2.6792879e-05
0.06293161
6.0927405e-08
0.20707986
5.102375e-07
6.829419e-05
7.7812606e-10
3.5130235e-08
0.05064501
4.6507117e-05
0.0002251163
1.392909e-07
0.000434318
3.9571438e-05
6.7089337e-07
4.596176e-06
9.66109e-05
4.664629e-07
3.4929428e-05
8.4301504e-08
4.5433734e-07
0.006718278
4.6309433e-06
0.0004453653
1.8897273e-06
0.00037706722
7.3788246e-06
9.751903e-06
1.3157416e-08
0.0017273361
7.177303e-06
0.07389593
3.3698825e-08
0.22392765
0.0039132396
1.05629326e-07
4.8890015e-06
0.00027676282
1.4703606e-07
0.011243506
7.9989394e-07
4.7494766e-05
1.1351593e-07
1.0916997e-06
9.978729e-05
0.00024702388
3.240041e-05
5.0090912e-05
0.0048982324
3.1089128e-06
0.00043881478
1.9842073e-06
1.5364858e-05
5.058776e-05
1.7087414e-06
2.495138e-06
9.263051e-07
0.4147366
0.99364114
0.009288395
4.503257e-05
6.8707045e-06
4.221956e-06
3.7336196e-09
0.10680986
2.8552108e-07
4.4228395e-07
3.789381e-08
4.4535128e-07
2.9221446e-05
6.131538e-07
0.0014944075
0.0012216276
1.0210537e-09
1.4438781e-07
0.000117893
1.0470776e-06
0.0002645769
3.0385638e-06
4.762584e-05
5.149993e-09
0.19917166
2.0825935e-07
3.9795474e-08
0.005472938
0.022300798
2.8894514e-05
0.00028796933
2.830469e-07
0.09337073
1.6161195e-08
4.435008e-05
4.385634e-07
0.000387989
0.24660845
0.4023493
5.1646052e-11
2.9267852e-05
1.0210537e-09
1.4857555e-05
1.31484095e-08
0.03038022
1.4974077e-06
0.0014481691
8.1325163e-07
0.0014481691
6.1036275e-07
0.014147544
0.00027676282
1.232938e-08
4.4223684e-06
0.00055221224
0.008016395
2.618228e-07
1.2938688e-05
1.5331078e-05
9.1365226e-05
0.9996591
