0.025202712
0.00020220404
0.9999987
0.001064989
0.9983219
0.00015914481
0.002118355
0.008586362
4.5689816e-05
3.305124e-06
1.3838638e-05
0.9999988
0.013332786
0.3015782
3.663028e-07
0.00052426895
0.9407467
0.00032331655
0.00030153577
0.007015615
5.1227685e-06
0.0055113593
1.8004352e-05
9.655762e-06
4.434857e-06
0.989889
0.0014398942
0.9999237
5.4304794e-05
0.0023923544
0.00087599293
0.0034765534
0.06547239
0.0003675326
1.6700913e-05
4.5885958e-05
0.9999957
1.46153325e-05
0.0006004646
0.9179688
5.9170293e-06
9.852777e-07
0.0006858315
1.0752916e-07
0.94457525
0.00022100446
0.0014773435
1.2334563e-05
8.812691e-06
0.00016501697
9.351971e-06
0.7045013
0.0017957663
2.71998e-06
3.271618e-05
0.9918846
6.00196e-06
0.00025424582
0.9997147
0.9966686
7.0648704e-05
1.9591466e-06
0.009146677
3.0625142e-05
4.8933964e-07
9.698335e-06
3.196643e-06
0.12179766
1.2716492e-07
0.0046280525
3.2333806e-05
0.009146677
0.00096719555
5.048294e-05
5.2000273e-06
0.9992045
1.073777e-05
3.4173288e-06
4.115094e-05
0.99977386
0.79466456
0.00013472067
0.000104442144
4.3200886e-05
0.0050226795
8.098099e-06
3.2117691e-06
1.5998554e-08
4.7935362e-05
5.761807e-05
0.9308773
0.082357526
3.8755417e-05
3.4975692e-05
0.0056788265
2.2527198e-05
0.9970637
0.0062931217
0.0035569596
0.00027249474
0.0007102739
1.525918e-06
0.9814082
8.952375e-06
6.730544e-06
2.7817064e-06
0.0009989819
0.9999221
4.255077e-06
0.7819187
0.024551198
0.04806387
3.3719276e-05
2.4000468e-07
0.0015269906
0.17419049
0.9954191
0.00010549192
0.0001014897
0.99443716
1.9405852e-05
0.0022545508
0.7819187
0.00034463202
1.2504092e-05
0.0011140716
0.00092665537
0.0003093197
3.645232e-05
0.33140916
9.4135896e-07
0.016586907
4.7712394e-05
0.0030860782
0.6691091
5.871644e-07
0.0004067774
0.9999684
0.03415558
0.99307734
0.0005213363
0.00017011863
1.4134134e-06
1.52119e-06
4.2924208e-07
0.9919249
0.016982045
0.9997097
4.346246e-05
0.7451844
0.02011015
8.0603995e-06
1.6505839e-05
0.2154512
4.259216e-07
0.015464359
0.98652613
2.3664036e-06
0.99653006
0.004854065
1.5817337e-05
0.003728745
0.2154512
0.010293264
0.9954191
0.60619086
0.0011367374
2.1890355e-05
0.006443696
1.4972848e-06
1.746944e-05
0.0023721603
1.6904705e-05
0.99621356
0.00038534607
3.724259e-06
0.0018565481
0.98765737
0.70965254
8.5252635e-05
0.07661941
0.0017485197
0.0018025803
0.052311078
0.01074966
0.9416709
0.19150154
0.15346672
1.0
0.9999999
0.000113272064
0.99983007
0.008218223
1.6904705e-05
0.0005462523
3.0625142e-05
0.00049550476
0.99998206
0.47016186
1.5268191e-05
0.13652389
0.1603973
0.00027249474
0.0044727987
0.6645302
0.003462377
9.811793e-05
0.00012930676
1.5031106e-06
0.29019162
0.9999455
0.09653685
1.8004352e-05
7.9896236e-05
0.00023914564
1.6239488e-05
0.2283191
0.009585928
0.7743954
0.9999902
0.0016865949
0.010399065
1.3968588e-06
0.0037595762
0.9990823
0.28459603
8.944028e-07
1.0821109e-05
0.0062931217
6.619995e-06
0.0019250849
1.4941587e-05
3.098244e-07
2.8740254e-07
0.021425407
8.279791e-05
1.2912297e-05
4.5807022e-07
0.0002653813
1.2848631e-05
1.52119e-06
0.0012990835
0.00070374337
2.0078292e-05
0.989889
0.0033200507
0.00038514368
0.0001634019
0.40978757
0.020110156
2.4571804e-07
8.3944724e-07
0.00087599293
0.010795214
0.017534873
0.002680426
8.989658e-06
3.1948694e-06
0.9528628
3.4173288e-06
0.00079800456
0.00022309323
5.913222e-07
3.376362e-05
0.00038695455
0.0015523414
4.115094e-05
8.160648e-06
0.00059591857
5.7866687e-06
0.0016558889
0.038731135
4.177539e-06
1.3362596e-05
9.45541e-07
0.5864857
0.0013941341
0.082064874
0.0012456154
0.42379385
6.80522e-06
2.7090163e-08
8.371572e-06
3.622051e-08
3.7856025e-05
0.7053097
0.000379037
0.0033281234
0.47016186
0.009146677
0.0013417765
1.1146662e-07
0.002680426
2.7440387e-06
0.047901224
0.99124515
3.587985e-06
0.00011336446
0.00101482
0.039045602
