1.0
1.0
1.0
1.0
0.9999973
1.0
0.00023631308
2.219313e-06
7.464068e-09
8.3262836e-05
0.0016863067
2.798128e-06
6.649081e-06
7.5070557e-06
0.96051
0.0004923463
1.9237027e-06
0.18454526
2.461537e-05
0.0003562044
0.00018075695
0.91675913
4.6440878e-06
0.56537616
0.009798031
0.049190857
0.9999998
9.737073e-06
3.5542795e-05
0.9999996
0.09512874
0.00033906993
0.00020010599
1.3536287e-05
1.197737e-05
0.00074978865
9.793508e-06
1.8213972e-05
1.3193651e-05
7.658536e-06
0.0010733339
0.7820421
0.00014135163
0.14095472
8.382368e-07
8.2472036e-07
9.1868117e-07
0.9997718
0.99998814
0.9981065
0.00030033218
6.1570866e-08
0.013016661
1.0479794e-05
1.0725581e-05
0.0007977031
0.016834082
0.99989486
0.62433827
4.2694316e-07
1.693491e-05
5.9163223e-05
7.0098525e-07
0.0192865
0.00015657007
0.015488902
0.0011597644
5.2303418e-05
0.05347703
0.109343685
0.0006924978
0.00015621619
5.3460726e-06
0.004071454
0.00018651648
2.0216708e-05
2.7673239e-05
1.7842815e-07
0.00013072952
0.009074205
0.0005800994
0.99590737
1.3984481e-05
0.004057239
0.0006501132
0.041645136
0.002370457
0.0009844837
0.06292551
0.9630076
9.793518e-06
4.564254e-07
0.9249724
7.773125e-06
0.47347513
0.02071238
0.0001460208
0.999998
0.50682247
0.19354881
0.9994421
1.8765038e-05
6.369021e-07
0.9999784
2.656853e-06
9.485829e-07
0.0009165386
0.0005507101
0.00037476362
6.446938e-05
1.5297106e-05
0.00021805777
0.97256565
0.99975055
2.2026684e-06
3.438155e-05
0.00037476362
0.8465715
0.05010238
0.09793061
4.9142072e-05
5.358711e-05
4.0866937e-05
5.1542684e-05
0.9998553
1.5680608e-07
3.1653908e-06
6.2052154e-06
0.00048684
1.059442e-05
2.3611105e-06
2.7759581e-06
0.009921831
0.00049161457
0.00064639206
0.9999983
2.7707514e-05
1.07695505e-05
2.779105e-06
5.6535596e-06
6.640988e-05
0.076616846
1.4081945e-06
0.98208535
6.763333e-07
1.9924933e-05
0.58608305
0.02785031
2.4788883e-07
0.8865785
4.6850388e-07
4.5352175e-07
0.00022025201
0.0002944239
1.197737e-05
3.515298e-05
0.46934712
0.015831336
0.004707503
0.0038475848
6.8283605e-09
0.8465715
1.9237027e-06
0.9833826
0.031098686
0.00070965313
0.0038099089
0.026597477
0.00010556558
2.8802791e-05
0.99964905
8.5334046e-05
1.0479794e-05
0.00012627369
7.975541e-05
3.6745987e-05
2.7707514e-05
0.0041948794
0.99999946
0.00060514006
0.14396329
0.95970756
1.5469012e-06
1.7992673e-07
3.3760248e-06
1.0054179e-05
3.663388e-05
6.9819886e-05
0.00012851048
0.0030412728
3.4352774e-06
0.00034086322
9.826683e-06
0.9976798
0.0024951086
1.2588901e-05
0.00011580422
0.0047178455
0.00011580422
0.9555582
7.376545e-06
0.0006666219
0.00044818592
8.5650026e-07
0.006514153
2.2657396e-05
0.002318137
0.015831336
0.000135944
5.1990655e-06
2.623602e-06
1.1550742e-06
0.44844347
7.044184e-05
2.3102037e-05
0.00023385293
1.05990275e-05
0.99998814
0.0063182972
0.9999897
1.3870908e-07
0.048524067
7.044862e-05
0.0004243315
1.2219717e-06
0.01535226
5.6746416e-08
1.6597472e-06
0.001708013
0.00084736507
1.6546109e-06
0.0071738996
1.3705566e-05
0.999654
0.15239508
0.0026249415
0.006514153
0.045415405
7.759761e-07
0.99878794
0.00015994349
0.015968807
1.8619403e-06
0.11874354
0.9281644
1.4830997e-05
7.3245346e-08
0.0008264958
0.99998325
0.03175001
9.277621e-07
0.00048393785
9.930935e-06
1.5151485e-05
0.07111004
1.2082153e-07
0.99963605
3.9662973e-06
9.596047e-05
3.922144e-05
4.5781343e-07
0.9728692
0.00025248915
5.587614e-06
3.2802527e-05
0.0013347345
0.1327664
8.701763e-05
2.6606463e-07
0.00049312785
0.9999998
0.76976776
0.9903988
1.5855524e-06
0.99032706
3.83997e-06
0.00026455976
0.0071954094
0.00033906993
4.6672722e-07
3.2949742e-06
0.112109184
1.9997085e-06
0.0061791562
0.1327664
3.7856466e-07
0.004270535
0.1347753
0.33710334
0.999337
4.405589e-05
1.0019089e-06
3.2206768e-05
0.99314386
2.958206e-06
1.3116549e-08
3.213893e-05
0.00083529315
0.024481408
0.003996053
