0.001467648
0.014555921
0.7614365
0.92857957
1.09001896e-07
0.005332848
0.004838836
1.1225727e-06
0.34558105
0.001307345
1.7897495e-05
0.0014764912
0.0025277704
0.9972986
0.00026432125
0.000574474
0.0012791941
6.9063103e-06
0.024725754
0.004508849
1.4203671e-05
7.5744238e-06
6.4986248e-06
0.14363563
0.030425254
0.005891055
0.00046092103
0.004549231
0.0019825366
0.004508849
0.0009506942
0.0025717572
0.9927008
2.7607857e-07
0.04639734
0.000366628
7.158712e-08
0.0074716047
1.990234e-06
2.3296147e-08
0.023964193
0.0009957582
0.0001638664
0.0006231083
0.0043294397
0.18853736
0.010731831
0.001513135
0.99999887
0.24956828
0.56533
0.004523604
0.0035035934
4.378094e-05
0.11946031
0.59983075
0.24775518
0.00031034058
2.3953578e-06
2.7367707e-06
6.947751e-05
0.0035417427
5.752581e-07
4.9275393e-05
4.376966e-06
0.09312677
0.0041539883
0.03604888
2.506593e-06
4.6537374e-05
0.014466264
0.026485862
0.00020750366
0.9995952
0.0019825366
4.0791283e-06
0.00051068806
0.00035453285
1.679835e-05
5.3255262e-05
0.9868452
0.0025862174
0.034299318
8.4858126e-05
6.3109386e-05
0.013027858
0.99989104
0.20373486
2.8155346e-08
0.00028964234
2.344559e-05
2.344559e-05
0.00016346066
2.1979492e-06
0.6522342
0.0022676156
0.02927457
0.0037760898
0.99046695
1.197865e-05
0.27175313
0.1926784
0.2683835
0.0013312775
0.00024382076
2.506593e-06
1.1858133e-06
0.014555921
2.8155346e-08
2.2489827e-05
9.91512e-09
0.0005961998
0.9999999
0.00015982396
0.99998885
8.9109767e-07
0.0007188281
0.0029006756
0.9953888
8.4604716e-07
0.5397888
0.00059527316
0.000697802
3.3239444e-06
4.7641923e-05
0.12671383
1.297719e-06
1.02360325e-07
0.002881396
0.014555921
1.5414098e-06
0.00011398687
3.813144e-06
0.00039344167
1.0872758e-05
0.0005639731
0.001998131
5.0693193e-06
0.99999225
8.325292e-06
0.08085655
3.3756955e-05
0.0054012104
0.0016649473
0.015648555
3.492826e-05
1.0307892e-06
0.0005010971
0.63343227
0.9999153
0.000120467776
4.2699032e-08
0.6390319
1.4489086e-05
0.68825257
0.9999955
0.6390319
0.9890705
5.451436e-06
0.000697802
4.7131467e-05
0.016190853
0.0075008944
2.286343e-08
0.07090125
0.99982816
2.6127132e-06
0.41512305
0.00051068806
1.02360325e-07
0.010001501
0.008375715
9.84285e-07
0.22491929
0.91469604
0.99275506
5.5331816e-06
0.9999845
0.9389912
6.758387e-05
6.2045583e-06
1.0541673e-06
0.00040385927
0.99046695
0.004838836
0.0062436964
0.00032708063
0.0053823795
0.9990833
0.99956936
4.881196e-05
0.000117501986
0.9996566
0.0010057876
0.00029255697
0.00031563605
0.00041346133
1.7734119e-05
0.979894
0.1013126
0.020471007
3.813144e-06
0.00022168655
0.9982616
0.997101
1.6882423e-05
0.00067847007
3.0235067e-06
0.0055395155
0.012403845
1.0616235e-05
0.0022646906
3.0207197e-05
6.570508e-06
0.00021831864
1.9515743e-07
2.4926929e-05
8.575039e-07
0.0032698743
0.000102907245
0.00087668933
0.00030638766
4.9275393e-05
6.597268e-06
0.0045683533
0.99544215
1.4130603e-06
0.72081465
0.011363519
0.0051377583
0.002881396
0.0002657991
0.99569386
0.99463445
1.1408576e-06
6.5186614e-06
0.00031062117
9.8712546e-05
7.158712e-08
0.0004243715
0.025468048
1.3861383e-05
1.0682595e-05
2.8152238e-07
0.00012945826
0.91837543
1.5684807e-05
0.9995952
0.00024352013
1.928621e-05
0.04979903
0.12691362
0.40421382
6.1616156e-05
7.901807e-05
3.3239444e-06
3.5293012e-06
9.744574e-05
0.0001638664
0.99982816
7.672395e-06
0.9990833
0.00031062117
0.00020128553
0.008559783
1.4368877e-06
9.814346e-07
0.53943795
0.045400027
2.8037184e-06
0.22707044
8.482653e-06
0.0005134039
4.8663045e-05
0.0037760898
3.087637e-05
6.231803e-07
1.6528524e-05
0.0006199932
1.02360325e-07
0.006160791
0.017197499
0.022915892
1.5077451e-06
4.900466e-06
0.20820332
0.15322655
3.2928997e-07
2.6127132e-06
0.13092677
0.3633553
0.0006231083
7.3061e-06
0.026658006
4.2172625e-05
0.026517682
0.12691362
2.1929929e-05
0.00031279528
0.022211287
