0.99993765
3.6788617e-10
1.5790651e-07
0.34682897
3.5773104e-05
1.2262399e-08
0.47043872
0.0002661668
0.9744046
6.535828e-05
6.598766e-06
0.994265
3.878349e-07
0.21933386
7.530076e-07
0.0011016479
0.0046497397
3.3277188e-06
0.4941923
2.0202958e-06
7.042384e-07
0.00041336298
1.4993116e-05
2.5009123e-05
0.0164167
3.1398351e-06
0.0026641402
2.0012711e-08
6.088499e-06
0.994265
0.057631183
0.027549824
0.9967464
1.3443713e-06
0.0002739637
2.775234e-05
2.9747785e-06
0.9801921
0.9479418
1.2180357e-05
0.0004921526
6.509682e-08
3.876928e-06
7.6415e-06
2.8563285e-05
5.310814e-05
0.84161174
5.846137e-08
0.053260762
0.41920286
0.0005914219
1.1401268e-06
0.001448087
0.44457918
3.7040973e-06
0.07304575
0.0164167
0.9992139
0.00024287296
0.00043043026
1.7340304e-06
6.2248578e-06
1.281955e-05
0.008294069
1.2238902e-06
6.7345303e-07
0.020002237
3.544622e-06
4.5053616e-06
1.3265465e-06
0.26594973
3.7335343e-05
0.00039241757
5.601983e-06
1.4990851e-06
0.9999999
0.66892576
0.000100710546
0.00033385245
4.9200216e-06
6.164731e-05
6.8369256e-05
0.32105082
1.5105414e-06
2.1075857e-06
0.06581969
2.717981e-06
0.0024911384
1.0309767e-05
0.27513862
0.010051002
0.0002072158
0.0018715612
6.079797e-05
0.13906193
0.20545365
0.0040212004
0.001448087
0.9998913
9.258656e-08
0.2026908
0.03394506
6.1787265e-05
6.7582135e-07
1.0846816e-05
3.3992565e-06
0.00030014958
2.1751948e-05
1.0
9.50597e-07
0.7018406
1.0942922e-05
0.9920075
0.00011395753
4.2549227e-06
0.032010358
0.00024786353
7.845809e-05
0.38613912
0.44457918
4.0063693e-05
0.00018449407
7.49204e-07
0.9999394
0.9911325
9.572781e-07
0.035060346
0.0013829324
4.075998e-05
5.1850935e-07
2.8606491e-05
1.4365273e-05
0.00013085999
1.834679e-06
3.6030502e-05
8.767589e-05
0.00016629387
0.012038673
3.576325e-07
7.40484e-07
0.0011970853
0.005581693
8.568795e-05
3.4854372e-06
0.44457918
0.32105082
7.955133e-09
0.88992906
0.020824792
0.00024112816
0.9336954
0.00032167564
5.4951545e-07
0.0007680913
2.9993606e-07
6.515834e-06
3.6788617e-10
1.2892597e-05
0.0014823999
6.544503e-07
3.5239939e-06
0.00017332932
0.016544608
0.75731426
0.006691076
0.99977887
0.00013857176
1.2252882e-06
0.9998421
0.06272209
0.00077887275
0.9676068
6.2248578e-06
0.04625093
0.057631183
1.2941275e-06
4.647688e-05
2.5772576e-07
0.008505567
3.918519e-06
3.8706665e-05
0.00077887275
0.88212335
0.0003743753
6.369729e-06
0.99999994
0.0008409947
5.4951545e-07
0.09834437
0.0013557599
6.9600986e-07
1.5496771e-05
0.0012894056
6.4162836e-05
3.330843e-06
1.1887011e-07
0.9085052
1.0706517e-06
0.0011600549
3.3297918e-06
6.4048027e-06
0.057015624
5.1927327e-06
3.544622e-06
2.7935125e-06
3.5773104e-05
3.8088335e-06
8.108323e-07
6.302545e-07
1.7415014e-05
8.7197174e-07
1.9777426e-06
0.9973443
1.8000976e-06
0.91151935
0.26650596
0.34410176
2.0357993e-06
0.38615406
0.019095507
0.9995075
0.00013289144
0.013020625
0.015916971
0.68311834
5.454731e-08
0.00032642024
0.9867038
0.024873126
0.07553503
0.00016662052
0.05758039
1.7477372e-05
0.0002013913
0.99919736
8.057072e-06
3.3297918e-06
0.00017956803
0.0004921526
0.99507767
0.9996499
1.4152423e-06
1.0536775e-05
0.28911805
4.269732e-05
1.6142445e-05
0.0017714266
0.8977864
0.4175607
1.0854967e-06
1.2892597e-05
0.00011874675
0.2021811
0.001215905
0.00013857176
0.0027174512
0.00060796295
5.5549124e-05
0.00014661907
0.13047978
2.9799248e-05
0.97064215
4.214369e-06
0.9936245
0.92843217
0.9999999
0.036217395
0.0018520877
0.0020287954
2.0579655e-07
6.020303e-05
0.99990845
0.27513862
0.99946743
1.3265465e-06
0.5021889
5.7107112e-08
0.0006038556
0.7767573
0.005191146
0.3858194
1.7526878e-05
3.330843e-06
2.657337e-06
0.99906963
1.2635859e-07
3.7040973e-06
0.0068902606
0.025191197
1.281955e-05
5.610814e-10
0.00023867912
0.9801194
6.792861e-08
2.4495474e-05
0.00014373014
1.8847418e-06
9.586324e-08
6.424574e-06
0.0027621302
