0.99982363
0.0029011047
4.377563e-06
1.4183787e-05
1.7374482e-08
1.6260561e-06
4.495105e-05
5.747325e-05
0.99193287
0.3016882
1.451182e-05
0.051982693
0.9760269
0.0016970985
0.0043590656
0.011538103
0.00032104392
0.60572636
3.8574813e-06
0.9564331
6.8836096e-05
9.2047185e-06
2.0075715e-06
2.9800372e-06
1.6395576e-08
3.513492e-05
3.5021316e-05
8.4910823e-07
0.026296996
1.6323861e-06
0.0006886746
0.00012002633
1.0795104e-05
9.514517e-08
0.00041111495
8.928179e-05
3.4969597e-07
0.004048131
0.8408285
0.026296996
1.9602941e-05
0.9999297
0.00050563604
2.3505541e-05
0.011663389
0.0004116224
6.252151e-05
5.612464e-06
0.99999326
0.40169814
2.9592462e-05
0.0057006124
0.9999238
0.46815833
0.9999989
0.017629823
4.176264e-06
0.09267395
2.3762663e-05
1.6810787e-05
0.19707346
3.2667056e-06
3.6232473e-06
1.1661265e-05
1.6347745e-05
0.021567978
0.005385214
0.9831622
0.010778312
0.007800927
1.1761291e-05
3.6346162e-06
9.404369e-08
9.713243e-07
0.057677295
3.7542955e-07
5.8846376e-06
0.0016057014
2.522771e-07
0.004286811
0.028698178
0.012551242
0.00011261328
3.370649e-06
0.1342247
0.0030515797
1.7416228e-07
0.71679133
0.99229395
0.95101017
1.928277e-05
5.563352e-06
0.9981712
0.0015051127
1.9359457e-05
1.9526822e-09
0.00056614785
4.5344263e-05
0.043920472
1.5169945e-06
0.00086657616
1.7416228e-07
0.00076014455
4.283864e-05
0.0016970985
1.1978558e-05
4.7200243e-05
0.106519744
0.00021064792
0.0018986136
1.6619647e-06
5.6734183e-07
0.00052804133
0.7447511
0.050323408
0.93600106
0.002452315
0.0002689704
0.0036398014
0.00038237465
6.3766305e-07
0.010710439
0.23803759
0.06275386
3.120082e-07
0.62287575
1.0852244e-06
6.847698e-05
1.6860033e-06
1.1576107e-06
0.0005909765
2.7451642e-06
1.2583524e-07
0.00011411009
3.7542955e-07
2.0146571e-07
0.021567978
0.00033091276
3.8065348e-08
6.0540973e-05
0.0004116224
3.2198423e-07
0.00038823392
0.0030515797
0.0010464126
5.667098e-06
3.5759062e-06
3.6667363e-05
6.204896e-05
0.0037744218
0.0005999305
0.9496228
0.6974305
0.0003370482
0.039876528
1.4478951e-06
0.0612615
0.444549
0.084134586
0.72138274
0.00031751423
0.76780456
0.0005408899
5.2394673e-05
0.00017909762
0.016903104
5.545428e-05
2.873952e-05
3.335613e-07
0.0005408899
0.32084697
2.6864442e-05
0.0004093813
0.0016740933
0.042246267
0.93019456
0.6871145
1.20875e-07
7.8106335e-05
0.06816548
1.0852244e-06
0.6458481
0.0043590656
0.010358562
0.14776997
4.66875e-07
6.226366e-06
1.1313426e-06
0.0012131413
0.011597525
0.0014835699
0.9629463
4.8785805e-05
0.015948618
0.7600066
0.99981666
1.9597035e-05
0.49163264
0.023966368
6.2053754e-05
0.00058059976
9.4329574e-05
0.00023470668
0.018018572
0.0039927047
0.0001750607
0.001091918
0.0004484654
0.99796605
2.850565e-05
5.4192435e-05
0.98739433
0.99433213
2.879858e-06
0.08376595
7.87303e-05
4.536828e-06
1.4316736e-06
4.4785374e-05
1.7374482e-08
0.053555876
0.0018903941
0.0048556062
0.018807286
0.69440484
9.469285e-06
0.08849816
0.0005943505
0.9998971
0.00024707193
0.00019757704
0.999991
6.411195e-05
0.019014265
0.46815833
0.001091307
8.509764e-06
0.9994569
0.45758277
0.002556006
2.620928e-05
0.01049736
0.00044622517
8.676698e-05
0.005385214
0.00017050642
1.0476356e-05
0.0014209009
0.0004484654
0.0045957067
1.1882781e-05
0.011777748
1.0
0.06816548
0.16132157
0.928202
0.9994783
2.6026685e-06
0.9760269
1.5315798e-08
0.6871145
0.30192718
6.2843383e-06
1.7799609e-06
6.3843396e-07
0.68266654
1.2336303e-05
0.0003370482
0.0057480303
0.80826056
0.0013592177
0.0067957873
6.3004535e-08
2.683691e-06
0.13090156
0.80780035
0.0013683907
0.002683902
0.056555588
7.049232e-08
0.00032104392
2.6041732e-06
2.0430098e-05
0.99975014
0.273894
0.00023367931
4.232381e-06
0.004071135
0.0001175309
0.009906871
0.000121373836
0.99990916
0.00016482419
4.12934e-05
0.01606837
1.4330847e-05
0.06275386
0.001091307
0.0014966241
0.30192718
