0.99961376
0.99471664
0.8470694
0.028313078
0.800452
1.3274968e-05
5.8122155e-06
0.11160076
0.0026305227
4.6042616e-05
0.3549554
0.0021427353
0.21700473
8.1612736e-05
3.3490593e-05
9.50204e-05
2.3153227e-05
0.99162436
0.9994105
2.3087787e-05
0.012616144
0.00056749606
3.486244e-07
0.012928649
0.33183974
0.0005719188
0.999921
8.389294e-05
0.018217646
0.0075539625
1.0
5.1903535e-05
0.00034914806
0.078637026
8.9577545e-05
0.028313078
0.007158785
5.0209805e-05
0.02890854
0.00020406651
0.20264167
6.538154e-05
0.6224696
1.46584935e-05
2.6389039e-06
0.0019138476
0.00066759373
0.46399516
0.80342877
2.9199187e-05
0.9999892
0.000110566885
1.6541564e-05
0.015361735
0.00012668628
0.12520811
0.29937127
0.84198356
2.899322e-05
6.99847e-06
0.00068324484
0.80342877
0.39578313
0.012266179
0.011285525
0.002083739
0.35957852
4.3559467e-05
0.010551833
0.038369253
0.0004987685
0.9479157
0.023427384
1.00471725e-05
5.5771896e-05
1.7457183e-05
0.9999781
1.236002e-05
2.923003e-05
0.99999994
0.9937205
4.2403594e-06
0.00028899248
9.41186e-05
0.1702956
2.2872212e-06
0.9999994
0.00023754602
0.99993134
0.9999968
0.9979388
0.99954295
0.0002558698
0.9976615
1.4981881e-05
0.00015145022
7.987642e-07
0.07351088
0.9959919
0.00066759373
0.082798354
0.5330694
0.999423
0.760733
5.830967e-09
0.0056178626
0.999921
4.59544e-06
0.9990898
0.0010859981
5.9263193e-06
5.480058e-06
0.99474716
0.103366606
2.2553107e-07
3.2844877e-05
4.392107e-06
0.00012980412
0.0024513798
0.021023476
0.8275512
9.082622e-09
0.0006944954
5.853043e-07
0.8607144
7.2041614e-05
0.008306409
1.2063826e-06
0.35040072
1.7406744e-06
9.214678e-06
0.00015700617
0.0043773255
0.019848252
0.8607188
0.0014479354
0.00017665095
4.4255313e-07
0.011456871
0.0004499764
0.00085874303
0.0028722112
2.994693e-05
0.001125912
0.0003820633
0.0012823512
0.0070638587
4.3463868e-05
0.025432484
2.2979626e-05
0.03302273
2.2553085e-07
1.6798002e-06
0.009959233
0.0007601174
4.3312593e-05
0.010609579
0.050926343
0.1437056
0.0013657764
0.9997464
0.9999987
1.0970874e-05
0.83496696
4.977001e-06
0.00011662271
0.16732949
0.0010528042
0.44403455
0.0010859981
2.6266833e-05
1.7462527e-06
0.1976554
7.86346e-07
0.000566503
0.4881591
0.0006382366
4.145011e-05
2.1183674e-05
0.95516586
0.6940831
0.7231384
0.99316967
0.000408268
0.0072581517
1.4691269e-05
8.604098e-06
0.0028626728
0.0015213151
0.0075539625
0.5821565
0.6227599
1.626557e-06
0.99137187
0.23286077
0.0007354835
1.5156081e-05
0.0025796192
0.051498182
0.00054644287
9.965127e-06
3.9580646e-05
0.0013934897
0.27453223
0.0005340852
0.8475216
0.8037058
0.1891135
0.00013191588
0.0025855287
0.20749408
0.311106
0.00019922663
2.7370936e-05
2.4848914e-06
0.00016679634
0.4724444
0.0062372442
0.00019922663
0.7882548
0.004876482
0.9483732
0.98075116
7.707958e-06
0.68565184
0.9999997
0.049309954
7.401361e-05
0.21810748
1.2063826e-06
0.00061538094
8.330732e-06
0.00024365948
7.7775e-05
0.0016762097
9.0041205e-05
0.99733406
0.014961724
1.7313867e-05
4.3559467e-05
0.0027396167
0.27453223
1.0
1.6541564e-05
0.00029098336
0.042098667
0.00028274645
1.21128005e-05
0.12520811
0.0027776859
0.9213912
0.0074251494
4.652767e-06
3.018583e-05
0.00012979719
0.06221011
0.12363689
0.00066607195
0.0074251494
8.4357176e-05
0.99556184
0.0053701405
0.9988938
7.989441e-05
0.99994516
2.0069296e-05
0.0022762322
2.2439615e-07
0.00027956654
0.047123376
0.9999849
0.8607144
6.148714e-05
5.8861027e-05
0.00022259243
0.020314153
0.8382288
2.8523715e-08
0.00019195204
0.78399676
0.018304618
7.987642e-07
0.21803483
0.060492255
0.00017220764
4.1660343e-07
0.062018715
0.97012436
7.465526e-05
8.96001e-06
0.9546074
6.538154e-05
3.1713373e-06
0.9999971
0.00047894786
0.019632176
0.6227599
9.50204e-05
4.8943198e-06
0.011761897
