0.99236923
0.92923474
1.0294529e-05
0.0009812135
7.0578935e-05
8.956729e-05
3.53487e-05
0.7593458
0.0039795777
7.756347e-05
0.9999994
0.0025521186
0.08689416
0.0026014796
0.98857707
0.99997896
0.08729114
0.0008596743
0.9999994
0.9999788
0.99999875
0.9999511
0.003453891
1.4372564e-05
0.49614978
0.006441892
0.49577504
0.9877726
0.9740363
0.99992454
0.9999982
0.9999917
0.9999996
0.99809635
0.99999756
0.99960995
2.6406753e-05
0.99999815
0.99910897
0.7989236
5.4368036e-07
1.0310967e-05
0.002188213
2.8965418e-05
0.0026050813
3.340574e-05
7.0560645e-07
0.025795586
0.024866391
0.46458688
0.9968107
0.0015596487
0.00019413244
0.0016499385
0.0843845
0.9942969
0.0051072757
0.00010141404
7.730056e-06
0.9273326
0.99608034
3.6924195e-07
0.07691458
0.00078141154
0.0010587994
6.7622113e-06
1.442323e-05
0.00015048475
0.001331528
0.14370455
0.27186525
0.94169456
0.0033651171
0.00073146814
0.0042128223
5.8682574e-05
0.0010789519
1.7034891e-06
0.07135085
7.044473e-05
1.0458002e-06
0.7695707
0.015000474
0.32994375
0.15561756
0.0038227292
0.99999946
0.003216177
3.1560936e-05
0.00053454505
0.00067100505
1.2137166e-08
0.008864256
1.51914755e-05
0.002971917
2.5959755e-06
2.7924577e-06
0.066113986
3.1560936e-05
0.8018423
0.0004491709
1.736932e-07
0.55409956
6.9646735e-06
0.06274102
0.9999963
1.7443854e-07
1.1805746e-05
8.05954e-08
0.49571583
0.9376754
0.0040361257
5.9022693e-08
0.999975
2.1110113e-06
1.8566827e-05
0.0035795611
3.0605377e-05
2.7696524e-05
0.008511424
0.021201024
4.0534305e-05
0.009694005
0.0017370202
7.692631e-05
6.292525e-05
3.485685e-08
0.38863832
0.0015210189
0.82237554
0.99991673
0.63372046
6.610927e-07
0.00048593708
0.8570808
0.9999999
0.32818964
0.022882193
0.9999904
0.00037456257
0.00021374994
0.0031435427
4.0260225e-06
0.9912614
0.015244884
0.00018731295
3.0135094e-05
0.998726
1.3904172e-05
0.8185154
0.017837841
3.2201424e-05
2.3636496e-06
0.0013806695
0.0075058625
0.00015078047
4.1115226e-07
0.0012408622
0.17277682
0.32882687
0.0009903408
0.0004953355
1.0717795e-06
3.4452142e-07
0.0005879959
5.5983815e-05
0.04765199
3.340574e-05
0.7807875
0.00083410094
0.1279765
6.0547376e-07
0.00062503474
2.0756221e-07
0.94966036
0.0069668526
1.5004243e-05
0.94169456
0.059224147
1.2491316e-05
3.2401482e-07
0.005153938
0.0023268058
0.0003648479
0.20540665
0.99932194
7.2917746e-06
0.0003485112
0.011897003
0.40363443
0.08637784
6.261787e-07
1.4243673e-05
0.027727706
6.0545248e-05
0.0020136174
0.0151599245
0.0013718734
0.016792651
0.27634797
0.00068152434
0.00043166464
0.002971287
0.00023189328
0.00012959562
0.7989236
5.3130072e-05
0.0011641252
0.5277998
2.7696524e-05
0.88793266
0.013541191
0.0022945907
0.017733684
4.174791e-06
0.00011068978
1.3019911e-05
1.0
0.0005593933
8.850474e-06
0.99999994
0.9995896
0.0035997047
0.2634913
1.331139e-05
0.0002161138
0.009177515
0.009076264
0.015528421
4.174791e-06
0.9999974
0.005338711
0.69087166
0.00043166464
4.7319636e-06
9.309359e-07
5.3535905e-07
1.1409607e-05
3.3520562e-05
0.9999472
0.000658234
0.0767852
0.09604838
0.00023043047
3.894481e-05
0.0038017554
3.4707364e-06
2.8614667e-07
0.23423207
9.366487e-07
0.039575826
0.00020698042
9.958296e-06
2.7642775e-05
2.7922024e-05
0.008670874
1.1635549e-07
5.331135e-06
0.005078398
0.00030676002
0.00031690093
1.48267545e-05
7.4283365e-05
0.9966144
0.000109983375
0.014540457
3.854124e-06
0.9838931
1.6107126e-08
0.00058954133
1.7847555e-05
8.0121845e-06
0.0034043577
0.94169456
0.99841005
0.9294939
2.5870982e-06
2.1110113e-06
0.9822934
0.40363443
0.29709327
0.9777644
2.7924577e-06
2.1037296e-05
0.00039144838
7.4579543e-06
4.7559865e-06
0.00019334402
0.0003648479
0.0016787393
0.00041546943
5.2917467e-06
0.60960793
0.00019334402
0.9999493
1.138206e-06
0.65988344
0.00038401101
3.1560936e-05
2.4449566e-05
