0.9932726
1.0
0.048100624
1.0
1.0
0.048100624
0.0063329893
1.8793219e-07
1.896369e-06
1.3447128e-08
1.0490627e-08
1.3238567e-07
0.00022762753
5.722586e-06
0.0001418642
1.393012e-05
2.1724686e-06
0.002709889
0.00015847989
0.0013298335
2.4432214e-09
8.357241e-07
6.907733e-06
3.7985644e-06
5.336588e-09
0.9977817
2.9352748e-08
5.3072444e-08
8.830459e-06
0.0011156317
1.641943e-05
5.419492e-08
0.00034990514
7.3126834e-08
1.8335952e-09
1.4615445e-07
8.806978e-08
1.1722698e-06
2.422699e-06
0.0024886252
4.7079416e-09
4.866516e-07
0.0070641064
7.685628e-08
0.005364698
0.00063921
1.8759089e-07
0.9980009
3.9971734e-08
1.612804e-05
0.999969
9.777781e-07
4.6056704e-07
0.996996
0.5297691
7.80117e-11
2.37433e-08
2.7985682e-06
7.1095557e-10
8.7083407e-07
5.585013e-07
3.4058534e-09
0.00022762753
0.005241976
0.999999
5.883269e-06
4.4430785e-06
0.011455522
8.295125e-10
0.0074288547
4.417091e-05
2.0502668e-07
6.011465e-07
5.2092196e-06
1.2409647e-07
7.5693315e-08
0.003998092
0.000179497
0.80369127
1.0306279e-08
4.081929e-09
1.0467685e-07
0.14240472
5.7890475e-08
0.7165079
7.4068425e-06
1.5067101e-06
8.551255e-06
3.1729535e-08
1.3745611e-07
1.828995e-05
1.4532637e-05
0.006249919
8.806978e-08
1.3089752e-06
2.0633816e-07
3.5152134e-06
8.092048e-05
1.365552e-05
1.612804e-05
0.00025126702
0.0015402562
0.0016019098
4.1355033e-05
0.99999785
0.763162
1.819314e-05
9.781661e-07
0.00024986445
0.00034166
3.27767e-05
6.7014014e-08
0.84855634
1.323512e-07
2.8954448e-06
0.08163771
1.1909036e-07
3.5022953e-05
7.709963e-05
2.8639548e-05
2.5974268e-05
3.868969e-05
0.31644994
2.0633816e-07
0.0028358435
4.746407e-05
4.9739835e-08
2.0327032e-06
0.62909406
0.0019334789
1.1846189e-05
0.00030732734
0.10526446
1.251286e-07
1.3759759e-05
7.88448e-06
4.0421858e-07
7.703084e-05
0.5863551
6.871491e-08
2.6641757e-07
0.00029967917
0.982878
2.9057244e-07
0.88757384
0.6877111
0.00012563054
0.00076699123
3.8715345e-07
7.072784e-05
0.00514005
0.036489725
1.1377456e-05
0.9964018
4.0622886e-08
5.4885444e-08
0.0009820337
3.2254588e-06
3.5905512e-05
4.6609726e-05
8.1744685e-05
2.2066442e-06
4.5104087e-05
0.0018967143
1.4441441e-06
3.5490295e-05
1.7302982e-08
0.00014541388
9.0342286e-07
1.0490627e-08
5.358047e-09
1.5835018e-06
0.00052149134
1.5184301e-07
3.8364524e-06
0.7276082
9.537243e-07
0.045261808
1.1265925e-08
7.128525e-05
2.083471e-08
9.954078e-07
0.00023509929
5.368668e-08
1.4531938e-08
5.365072e-05
5.236247e-08
0.00043295205
0.051773414
6.61473e-07
5.1550074e-08
0.41774252
0.5863551
5.689289e-06
6.61473e-07
0.05082469
0.05082469
1.1760277e-06
0.82884395
0.2807321
1.6248025e-05
1.1053648e-06
2.9443585e-08
1.7073388e-06
1.6528209e-07
0.06518665
4.0385683e-05
0.000114165705
7.086682e-08
0.00010875017
1.8889957e-06
0.00046573288
5.4694493e-09
0.00092968036
9.0735874e-08
0.9664052
2.2160165e-08
2.1554888e-05
6.6269035e-07
5.289259e-06
4.2225405e-08
1.0661115e-06
9.319617e-06
6.1805454e-09
7.956361e-05
2.0588077e-07
2.5145745e-08
0.40872684
2.3750606e-06
1.9525958e-06
1.9987725e-08
3.912401e-05
4.6056704e-07
2.5698334e-06
4.9506525e-06
2.3532891e-07
5.88544e-07
2.0118073e-06
0.00087507867
3.6447663e-09
1.6937229e-07
3.8812544e-09
2.7194064e-08
1.5260011e-05
0.41413495
5.395729e-05
0.013960809
8.873615e-08
4.2600386e-06
6.24227e-06
6.1547624e-05
4.6323692e-07
0.030437972
0.0031522063
0.0049480116
0.03391461
4.0190635e-06
0.001290764
2.48026e-07
3.2252563e-05
4.4384833e-06
0.0028358435
3.1677172e-07
6.8858346e-05
2.2200533e-05
0.00017081805
0.98748016
0.8485564
2.217142e-05
0.85765994
8.5110264e-07
5.496546e-09
1.3447128e-08
2.0327032e-06
0.023488466
6.881866e-06
9.845507e-09
0.4831773
9.372548e-08
0.0037210158
0.99571013
6.3553934e-08
0.00011829953
5.0304664e-07
0.035560764
7.182071e-08
6.995454e-07
9.229106e-08
3.1607233e-05
2.9397121e-08
0.00016338617
3.2171474e-07
2.5748394e-08
1.2223738e-05
0.00013078064
1.6248025e-05
0.00093744503
0.006043863
1.5585236e-07
0.00080922834
