0.12390937
0.9999922
2.560193e-06
2.5497107e-07
0.0001443248
1.0672106e-05
1.1184058e-07
1.8501221e-07
4.3854856e-05
0.99814296
0.00012798389
3.950696e-05
0.00019128608
8.9774494e-07
3.1514952e-05
0.0023427156
2.0495705e-05
3.1631878e-06
0.5707093
2.2881716e-07
3.6961256e-07
3.985681e-06
0.020429537
0.0063052666
1.44886805e-08
0.00022179438
0.9983816
3.2096083e-05
0.31359756
5.170487e-08
1.4784057e-08
3.0127273e-06
5.170487e-08
0.00068564946
0.020389676
3.8606464e-05
7.975663e-05
8.535839e-06
0.8904384
0.9996308
0.0013782195
2.6730379e-05
7.7115584e-07
0.022385392
6.5943833e-09
1.0040577e-07
0.014284498
2.2058714e-05
0.0077116494
0.0015603238
5.3689853e-08
1.0903483e-05
0.026180783
5.49029e-06
0.002523644
0.03734418
0.02270747
2.813066e-07
0.4169706
5.3404166e-09
0.9977755
5.3404166e-09
1.9957304e-06
1.14959e-07
2.6486765e-07
0.59511524
3.6271118e-08
0.0032635026
2.0826561e-05
5.3404166e-09
0.9957258
3.9163342e-07
0.9047438
2.0774846e-06
2.2657647e-09
6.0028135e-08
4.3695556e-05
4.7003624e-07
0.00057081686
1.6225042e-07
3.2146878e-07
8.133384e-09
2.7476708e-06
5.01594e-06
0.9997641
2.5726147e-05
0.037124425
3.1973625e-06
1.533454e-07
0.0075872308
3.8934945e-06
2.5100702e-08
6.8734316e-08
3.1817166e-08
0.011132579
0.0003632748
0.95668113
1.8785239e-06
1.546693e-05
1.0730542e-05
9.507834e-06
5.379591e-05
1.057696e-06
6.78604e-05
7.428336e-07
0.9999983
2.1361959e-07
3.9460718e-07
4.582076e-05
5.7464183e-07
3.0571955e-06
0.00013277642
0.00021394425
5.988679e-08
0.028986521
0.5707093
0.00016160034
9.4971114e-08
0.10037932
1.4029336e-05
0.043577082
1.0882761e-07
0.99363136
0.0027352949
2.3339541e-09
6.641115e-06
0.8815952
8.123531e-06
0.31001386
4.039346e-05
0.9999906
0.062060475
9.865606e-08
6.769302e-06
2.893551e-06
0.99053955
1.1434827e-06
1.9489146e-07
0.9940297
4.8203525e-08
1.2355257e-07
2.4811385e-05
9.67095e-08
1.6243435e-07
0.0094992705
0.00055231544
2.5311229e-08
5.7802877e-06
4.5041503e-05
3.4496832e-06
0.9499988
3.1987404e-09
0.014117443
0.0017235777
1.4378967e-06
5.5828508e-08
4.553428e-07
1.4820002e-07
3.9413584e-10
0.0009148233
0.8301335
1.4820002e-07
1.4715951e-07
5.095251e-07
1.4489073e-05
1.47610945e-05
4.2616557e-06
0.00019924714
9.4971114e-08
0.0007235931
5.4581258e-05
0.00020818022
9.105015e-06
0.0016427548
2.620678e-05
0.9940297
9.555288e-07
2.5220495e-06
0.35055107
0.001234682
8.50389e-06
1.9549248e-06
3.6361516e-07
2.8853344e-07
6.153494e-08
3.6271118e-08
2.0114361e-05
2.4698736e-08
0.056725442
0.46068242
0.32940295
1.17149765e-08
3.5705794e-05
5.110181e-05
0.99807876
2.3267496e-06
6.6771834e-05
3.1561933e-05
1.768044e-07
2.7267406e-06
5.3695384e-08
3.2790715e-09
2.155388e-08
1.2934868e-07
0.09871077
4.7960564e-09
1.6243435e-07
2.2560833e-09
2.092142e-10
4.9841135e-05
0.00023804823
4.671164e-07
0.96936285
0.0030733838
3.1561933e-05
0.00040060136
4.3114937e-07
0.00011136259
0.00024337877
0.00010590577
8.389164e-09
6.117496e-06
0.00017529537
0.99926126
7.272998e-07
0.102012046
2.6758471e-08
4.816842e-06
3.4574057e-07
2.7883006e-08
0.4662358
1.1581623e-07
0.0012123672
0.79926854
2.9937214e-06
4.7960564e-09
0.99873406
3.5161265e-05
0.9935465
1.4625303e-07
4.6249406e-06
9.1263314e-07
2.5497107e-07
0.36352777
6.177531e-08
0.00018479566
6.9013794e-07
2.6635185e-05
1.1516179e-05
0.049072348
0.9992385
0.30358118
3.734039e-06
0.998355
0.00041189126
3.772995e-08
3.654204e-07
6.217438e-08
6.535917e-06
1.8766541e-05
8.9774494e-07
0.89436466
0.0009148233
0.80074406
0.1269259
1.2876034e-05
4.9392115e-06
0.021510048
9.0413856e-08
5.6163657e-07
2.4859817e-06
7.2699163e-06
1.4409606e-05
1.17929185e-05
1.2874257e-07
2.2304985e-07
9.160391e-07
4.661921e-06
4.0971415e-08
1.4395966e-05
0.9814221
3.392438e-05
5.3695384e-08
0.00041189126
4.5482216e-06
4.1868356e-05
0.020772735
0.0036563117
0.00025080677
6.2350822e-09
3.410124e-09
4.4296994e-05
0.9420076
2.4506328e-09
3.342668e-06
6.813715e-05
8.6685844e-07
0.091769025
1.7776567e-05
0.00028126393
