1.0
1.0
1.0
5.485478e-08
1.5320611e-06
4.655504e-05
9.559784e-10
9.855727e-07
1.4879902e-08
0.6097572
0.9997381
1.8005898e-05
6.685619e-09
0.99672073
3.016839e-08
5.5829685e-07
0.0008210349
1.1329379e-07
4.326852e-06
2.3745734e-09
4.2767565e-06
0.00021238455
0.0091778105
1.6573415e-07
8.938809e-07
2.0307003e-07
1.0644027e-12
9.045522e-09
6.68529e-08
0.0012797242
3.4511113e-06
1.5627127e-10
0.0010859672
0.00029547696
4.1751738e-10
0.015140054
3.9235917e-09
0.2239096
2.8533222e-09
2.101363e-07
2.4749025e-10
3.66816e-05
1.626115e-06
9.733533e-07
4.5712846e-07
6.107522e-06
9.086823e-05
3.9399303e-10
0.0033112138
1.3282465e-05
2.5989357e-06
6.5518057e-06
0.033413555
4.7350504e-08
7.1839312e-09
0.00029656495
0.0920082
2.3309594e-05
1.8824808e-09
0.0008175693
5.8556284e-06
4.7237094e-09
1.01192345e-05
5.0076814e-08
9.711467e-05
2.6632959e-08
1.229368e-09
7.785477e-06
1.5113181e-09
2.7812845e-07
7.209542e-10
4.2924896e-08
8.747046e-08
6.75735e-08
1.0895887e-07
3.2752834e-09
6.120858e-08
1.2726445e-06
8.393037e-09
2.1931162e-05
4.7519714e-11
0.8461997
4.7350504e-08
1.7182286e-08
5.104716e-08
4.4290525e-07
4.4613505e-05
1.475489e-07
0.92358005
5.2703545e-08
0.08120185
0.38413915
7.187032e-08
2.4899887e-07
1.7150938e-06
9.458277e-09
1.5315331e-08
1.9466997e-06
1.0895887e-07
0.0007108258
2.856877e-10
8.539254e-07
0.99994254
6.784568e-06
0.007920859
1.1817537e-08
3.6635845e-09
8.390544e-08
1.3493812e-08
2.6107372e-08
0.022772256
8.2472446e-10
0.003295226
5.5675982e-06
0.00023374883
8.7098687e-07
0.0022486676
3.66816e-05
1.8824808e-09
2.9046413e-07
0.9912826
4.8008457e-07
5.9592447e-09
2.8978874e-07
7.965796e-08
6.381859e-06
0.0004315784
6.493747e-07
1.4214874e-11
3.506249e-08
1.4674979e-10
1.660201e-08
2.2254877e-08
3.060381e-06
0.844357
9.837162e-11
1.0558779e-08
9.711467e-05
0.00029656495
2.2395898e-09
3.1605756e-09
2.8703628e-06
0.022772256
1.660201e-08
5.5551325e-10
0.9991033
0.9969024
6.42946e-09
6.060982e-08
2.2111306e-09
2.4051107e-07
0.2203658
1.0555376e-08
8.994555e-06
2.2215976e-09
5.318922e-06
0.00028636443
0.014428596
4.0961973e-11
3.2601884e-06
2.0516588e-08
2.332408e-06
9.870504e-07
6.5518057e-06
1.749572e-09
2.1781927e-08
4.5216402e-05
2.7605167e-06
9.3669685e-09
9.2143226e-10
3.2516302e-05
0.9953713
5.753119e-07
5.352848e-09
4.1169068e-11
2.5989357e-06
0.9986777
7.5536075e-09
0.9931225
2.530272e-09
1.9084531e-05
4.52946e-07
0.000300885
6.369799e-08
6.5794684e-06
4.664324e-09
1.2164831e-09
3.2243406e-08
1.4819676e-07
0.0003420452
0.72436035
1.6081161e-06
3.8399914e-08
8.936152e-05
1.137377e-08
1.914776e-08
6.8742835e-08
0.00017663024
2.5779354e-08
3.1511134e-09
9.166997e-06
5.2796287e-09
1.298672e-07
1.4093005e-05
0.14151135
8.307796e-09
7.524963e-09
2.4083462e-08
2.496537e-07
1.4457178e-06
6.786114e-07
0.00063582417
9.3670945e-07
0.0013027374
0.914551
2.696778e-07
9.556594e-10
3.920085e-06
1.2164831e-09
0.033413555
0.00075045554
4.7032368e-06
0.00030125675
1.8276872e-07
1.6482932e-08
7.418596e-08
1.3416174e-07
2.2924727e-09
0.9997612
0.47463465
1.3296317e-06
1.3629066e-08
3.773677e-09
7.783198e-08
0.0002965675
9.837162e-11
9.2207625e-07
0.01085758
3.5936016e-09
4.001161e-05
1.411129e-09
0.97714645
2.343844e-07
7.9849814e-11
1.351166e-08
2.2924727e-09
0.09261402
7.9319625e-06
1.2069479e-05
0.22036584
2.9251531e-08
8.405149e-09
6.1136687e-09
1.2842265e-11
0.053992674
7.4325155e-09
3.295689e-08
2.856877e-10
1.4273825e-08
1.3048544e-09
2.9960842e-05
6.1912775e-05
4.061907e-09
0.00073170307
4.01958e-09
7.9319625e-06
6.50277e-08
1.1176377e-08
0.95260745
1.4585309e-08
3.7778453e-05
5.814039e-07
2.101363e-07
5.848097e-09
1.2775289e-09
3.3622946e-05
0.0035664176
9.828952e-10
0.00041399297
1.351166e-08
0.006320058
3.968431e-06
2.1997686e-09
4.671912e-08
0.06392485
3.915397e-07
1.2377584e-05
0.0082724625
3.983709e-08
0.004327767
4.007171e-09
8.184305e-08
1.4849513e-07
0.0007157629
0.8461997
2.2503177e-07
1.7346965e-08
2.175788e-06
2.0383197e-07
8.017507e-10
