1.0
0.14170015
1.0
0.17467114
4.3599286e-08
2.497134e-08
0.00034798
1.6711873e-08
1.5021577e-06
1.0945061e-05
2.299024e-06
0.00021980326
0.025863342
6.608628e-06
8.463677e-05
0.0067820353
2.7274099e-09
0.001692943
0.09730115
1.2505037e-06
1.9388256e-06
5.700721e-08
7.1236116e-08
2.4873762e-06
0.9999317
0.9837231
3.6412435e-05
3.0268966e-06
0.016982054
0.0010194984
3.2788295e-05
0.0009511644
1.4226688e-06
0.000109520275
0.007721902
4.582948e-07
1.263984e-06
3.2090242e-07
3.2024695e-07
9.276893e-05
6.032858e-07
0.23565574
0.0020086104
0.98988324
0.99975145
2.3045157e-09
0.004591849
7.549604e-09
6.380335e-10
1.5111106e-09
5.8182857e-05
0.97992206
6.833653e-08
1.714515e-07
5.549368e-06
4.3863556e-06
5.9041383e-08
3.2083833e-06
2.1762324e-05
0.8553742
1.2248208e-06
0.99436027
2.5209022e-07
5.585937e-09
2.299024e-06
2.2174964e-08
9.47807e-09
3.522986e-06
8.222185e-08
8.366539e-07
1.2693506e-05
1.12153316e-07
0.0019915842
0.9387181
1.461921e-07
3.2726373e-08
1.5151627e-06
2.9379184e-08
2.057526e-07
0.10530332
0.11333172
3.244805e-07
8.414516e-09
1.0554979e-05
0.00010865855
0.002824186
3.1124978e-07
0.67935497
0.56090146
6.409563e-09
2.145927e-05
6.532041e-06
0.85269994
3.254888e-09
2.6850022e-09
1.4176305e-09
3.848776e-06
0.0002483923
0.00046903596
0.0003568621
0.002386426
0.67826045
1.0834585e-05
0.011833728
7.800779e-05
4.2848114e-06
6.9693243e-07
4.822114e-07
0.0002708469
8.92181e-06
8.768985e-07
0.0005773154
5.9125565e-08
2.8806386e-07
0.025863342
8.268325e-07
3.6499927e-08
0.0024188603
0.00034961302
0.9922345
2.496373e-05
0.0037310768
0.8409446
0.00012144701
1.578095e-08
0.00016846116
9.36669e-05
4.7534915e-05
0.0037310768
2.603971e-10
9.8498625e-05
3.6982522e-06
0.99966764
1.0284522e-06
1.455869e-06
0.00030814382
3.957159e-05
7.809813e-09
4.3599286e-08
0.9959531
7.789933e-06
5.8558965e-07
0.55437565
1.7145901e-06
1.1450624e-09
9.888873e-08
0.00016691136
9.1048816e-05
0.0008338514
1.9225883e-09
2.603971e-10
0.9873539
8.595085e-06
1.7506815e-06
0.009907919
8.351865e-10
2.7450078e-09
3.6651454e-07
3.010413e-08
1.4226688e-06
7.1395186e-07
2.2810304e-06
3.2678916e-05
5.0546642e-08
6.366294e-05
0.9994325
0.99824035
1.6361623e-06
0.57986605
0.0047347303
0.9802878
1.2248208e-06
0.0050072614
0.001237536
7.079653e-05
9.566588e-06
1.470567e-06
7.5504347e-10
2.1015197e-05
1.5371454e-06
1.8197263e-06
7.3697675e-09
0.00030814382
5.6985805e-06
1.6720067e-05
3.6586147e-08
0.0010194984
0.034605876
8.276451e-05
4.4721357e-05
0.004591849
0.039644867
0.030494919
0.21497385
9.0472995e-06
4.3599286e-08
1.37748575e-05
1.18782744e-07
0.0004695898
0.00084511214
0.0005773154
7.6620704e-10
0.008011599
6.504484e-06
0.00022571528
1.9495785e-09
6.440266e-06
6.547371e-06
4.262295e-08
8.668025e-06
6.080957e-08
0.8611274
3.2123526e-07
6.82667e-07
2.3040937e-05
8.467022e-06
0.0018134433
1.7521232e-07
5.283358e-07
3.7741114e-07
2.1762324e-05
3.521248e-08
0.9993095
5.8559076e-06
4.1732672e-08
0.00013519141
6.9507536e-08
3.5747256e-05
0.000655517
0.8409446
0.00014909003
0.0030140798
0.97992206
0.99550265
8.268325e-07
0.549629
1.8636136e-06
2.577179e-07
1.3344246e-06
0.7100866
0.00016821944
0.46422592
0.99436027
1.2059354e-05
0.524348
0.18849656
0.9669172
3.5691215e-08
6.1477806e-07
6.0945236e-05
0.18849656
0.12993942
1.0834585e-05
4.669833e-06
3.757566e-05
5.4345014e-07
0.0014499092
0.4590187
0.0040456983
6.1683513e-06
3.5574499e-06
0.010739661
3.1146257e-05
8.8305905e-09
3.862628e-07
5.044392e-06
1.6919971e-07
8.3218333e-07
0.99824035
5.2643266e-08
5.3155495e-06
0.5163459
0.34741777
0.025863342
9.461966e-05
9.739483e-11
1.2756016e-07
1.6698157e-05
0.012241518
6.7954556e-05
0.014378761
5.9462636e-06
2.509779e-06
4.764726e-06
8.366539e-07
0.99792457
1.6638884e-07
0.020664025
3.7421455e-06
1.4838443e-07
3.010413e-08
2.057526e-07
2.9379184e-08
0.07519086
0.00023531143
7.201968e-07
0.00034678777
0.00030814382
6.6848304e-07
0.015127005
