1.0
1.0
0.28054902
0.00023439224
0.0055307304
3.677554e-07
0.02982159
0.00019265467
0.00041318827
0.99975634
5.453865e-09
0.0015143754
0.00011525417
0.0025705781
5.551495e-07
0.99912626
0.0016345327
1.8495413e-06
8.728257e-05
3.5453947e-08
4.0109242e-07
0.0019761953
0.3847749
0.10831627
3.7675088e-06
0.00087571633
4.642015e-06
1.0538398e-08
1.5069717e-06
5.5784665e-05
0.91299033
3.9312349e-07
3.467749e-06
2.3239546e-07
8.973228e-05
6.9297784e-07
2.5320462e-06
6.024757e-07
3.1468346e-06
0.0006550686
0.46397826
3.1094257e-06
8.402427e-08
5.8507067e-05
3.6904024e-07
1.5000933e-06
4.3142794e-05
6.713077e-05
0.0018131187
0.7039502
1.5233877e-07
1.7986086e-07
0.0015127028
0.01677519
2.2513855e-06
0.017231856
7.4853733e-06
0.0025705781
0.009524695
4.9094666e-07
9.053627e-05
1.723057e-05
3.519409e-07
3.7626578e-05
0.0009778385
1.2445784e-07
0.011219523
6.2071085e-05
0.00030292085
0.036662325
0.99182725
9.103683e-05
0.030638356
2.9904464e-07
1.968049e-06
4.852982e-08
5.701917e-07
2.070007e-05
1.0658924e-05
1.0824052e-07
5.4684988e-05
0.0049408283
5.290124e-07
5.7816105e-05
1.3271243e-07
9.736478e-06
0.023877218
1.8210829e-05
1.1022258e-06
3.6200765e-06
0.00064835744
3.901466e-05
0.32429653
9.993819e-09
0.77436376
0.00047900196
5.2694477e-06
1.4409084e-05
5.6539307e-08
2.4505628e-06
0.0002215171
0.96173537
3.4743064e-06
1.258734e-07
2.0767252e-09
1.6903422e-06
2.2510462e-06
6.461999e-05
0.00046782012
0.99999976
9.993819e-09
0.9998663
7.956226e-09
0.0010782933
1.7986086e-07
0.0020069133
1.4431058e-07
2.6462652e-07
0.95566344
4.6410184e-07
0.14235273
0.9995996
1.0509035e-07
0.030579215
0.83979225
0.9991643
0.0001334877
5.7816105e-05
9.5167576e-05
3.084781e-06
4.1554753e-08
6.572071e-05
0.00041318827
9.5700925e-06
2.353408e-07
3.1033292e-06
3.1616948e-06
1.1394604e-06
6.5340816e-07
4.1089065e-06
3.8640945e-07
0.0001334877
5.065816e-06
6.558567e-05
1.0624834e-05
9.2144855e-06
0.00014898856
0.9999871
1.2387411e-06
8.136708e-08
5.90844e-05
0.0005504411
0.049583428
5.3628344e-07
1.308995e-07
5.192351e-06
5.5379155e-07
4.1058474e-06
9.243126e-07
0.00031814602
1.4159018e-08
0.00015152938
0.0011668414
1.0658924e-05
3.884723e-06
4.1153266e-06
1.2818152e-06
2.8309027e-05
3.318101e-06
0.99891394
5.918935e-05
8.708714e-07
4.8585575e-06
3.0245333e-06
2.661028e-05
0.06168624
2.511819e-07
2.3239546e-07
0.00157103
1.986633e-06
0.0004401808
0.1332785
5.4968943e-08
0.072538644
0.0013159798
3.7356025e-07
7.987657e-07
2.3891644e-10
1.3013432e-08
8.511611e-07
0.99999994
3.8799726e-06
6.048481e-10
3.1095902e-07
2.2974888e-07
1.3172909e-08
0.99853104
3.757438e-09
2.1901005e-06
7.703534e-06
0.0059851
4.2256747e-08
0.14687577
0.03202562
0.005993048
6.2683296e-07
0.0013857642
4.633943e-06
2.0718775e-05
0.28054902
3.0202587e-05
2.007001e-06
0.00041817993
0.0008648204
4.9173156e-07
5.0316938e-08
2.9195126e-06
0.09276482
6.6496943e-07
1.3134945e-06
6.2683296e-07
4.1058474e-06
0.00010046711
3.3038495e-07
2.4818073e-07
0.9989315
1.576833e-05
0.042139567
0.0008868825
0.0020440717
5.744397e-06
6.572071e-05
3.4761746e-05
6.658312e-08
2.1857582e-05
0.00015751975
4.656099e-05
2.9195126e-06
5.9731475e-10
6.2400436e-06
1.9419417e-08
3.197332e-06
1.1691108e-07
1.8231349e-05
0.20603853
0.0017524284
5.360536e-06
1.2286654e-08
2.4505628e-06
0.00014319322
0.08154104
0.0041965386
9.471384e-07
1.963237e-08
7.7442935e-05
0.21611643
5.4684988e-05
0.003509917
1.0839525e-05
0.6185016
2.0986906e-08
0.99981093
0.00022654212
0.00034424552
2.3648723e-05
1.4951314e-07
4.1399065e-07
0.75846386
0.99561715
0.22640094
0.0006855442
0.0038196216
7.670683e-06
0.00020915353
1.902035e-07
9.053627e-05
5.5379576e-07
2.7580974e-05
0.08486219
0.00041492935
0.9013538
4.9507114e-11
0.00013244423
5.1161203e-07
4.399202e-07
0.00019203643
0.9745486
3.5904387e-07
1.1667917e-05
0.00022058196
0.0016877033
0.00013242
1.2549715e-07
0.0001062658
0.0018576222
2.819052e-06
8.3729745e-08
0.0014342894
1.6029409e-06
1.7986086e-07
