0.9999187
0.021645132
3.7039806e-07
1.0673348e-05
4.166149e-05
0.00080114976
0.3130523
2.1416623e-05
7.92809e-06
3.878189e-05
1.5048748e-09
3.851324e-06
2.2809718e-05
1.4244512e-07
6.4428095e-06
1.385614e-07
0.01456346
2.7308648e-05
0.0059314794
9.614575e-07
0.99997735
1.4945542e-06
0.0016943306
2.0098887e-05
0.22923443
1.125635e-07
0.0022126378
0.00027761405
9.76982e-09
3.4138207e-06
3.104339e-08
0.000374918
0.7653381
1.276273e-05
0.0030689063
0.00072996644
1.7365594e-05
0.0005579019
5.632937e-06
9.3568975e-09
4.3893164e-07
1.0987729e-06
0.0030689063
0.0072256797
2.3884755e-05
0.29067236
1.0206589e-06
1.1692584e-06
2.1855897e-06
2.7313186e-07
2.2212385e-08
0.0023986264
0.00052997883
6.344457e-08
1.3806665e-06
0.99980044
0.00034781484
0.9999991
0.999529
0.9669692
5.5888864e-05
0.00010991659
0.07354135
0.0006838249
1.5386855e-05
0.99732
1.186713e-05
5.9427115e-05
0.058050245
1.6312844e-09
4.7101986e-07
0.0002239
0.00017492838
7.4151016e-05
1.5386855e-05
1.2226602e-07
6.849299e-06
3.160024e-05
0.0010403325
0.022923423
0.0010403325
2.1500913e-08
4.8925184e-08
0.014372261
1.788789e-08
0.0002590523
1.1016667e-06
4.8925184e-08
5.490091e-06
2.2809718e-05
0.010060177
0.6480708
7.6795404e-05
2.5933073e-08
1.3153272e-06
5.854975e-07
0.18338217
1.8799025e-07
7.81849e-06
3.0341158e-05
0.00261287
0.9993518
1.1692584e-06
0.069785856
0.47976124
0.3640671
2.280006e-05
0.0008612198
0.0017930177
1.4244512e-07
2.3695633e-05
0.0046978635
0.00013138488
0.99993235
1.0646164e-07
0.000360682
4.187762e-06
5.9722595e-05
0.00011009114
6.572015e-05
6.572015e-05
0.05699476
0.00042817087
1.0364018e-06
1.2469668e-06
0.0006228933
0.00066845125
9.120363e-06
7.1876116e-06
0.00022806549
8.418234e-07
0.0001597819
0.0014611238
1.9373285e-08
3.5004625e-08
0.42703372
8.072863e-08
4.7295263e-08
0.98827976
0.0021884171
4.50257e-05
0.0001865293
0.0019218095
3.668373e-05
0.005426032
0.00011565061
2.4577113e-05
0.07743477
2.5933073e-08
0.0005451545
0.080398954
1.8067828e-06
7.108747e-06
1.0430074e-06
1.3883405e-06
0.018180251
0.6588711
0.9296093
0.0016943306
1.6069137e-08
2.4041574e-06
0.0007151806
0.00524413
8.4218445e-05
0.024088856
2.3467652e-07
6.49164e-05
1.5743777e-05
4.7315433e-07
0.0063526505
9.4650625e-09
6.42792e-06
0.003605689
0.00020976925
0.0055693067
0.00018840615
0.00025686092
6.07953e-08
0.00034781484
0.99946606
1.9922342e-07
1.8799025e-07
1.682044e-08
0.9706931
2.066971e-06
3.250231e-07
3.5672162e-08
5.66406e-07
0.014764487
0.00013631655
0.003605689
9.2124465e-06
4.668995e-07
0.000933256
0.00023496056
1.4402282e-05
7.92809e-06
0.00015845707
0.00043359364
9.187406e-06
0.018586803
0.012355171
6.309145e-05
4.8242503e-09
0.0024753415
1.04157046e-07
8.6335895e-06
0.8531476
5.2102845e-08
3.3976198e-06
4.3409604e-05
1.3327929e-06
2.8653335e-07
3.0027685e-08
2.495471e-05
0.0002260407
4.4220465e-07
0.004613245
0.0033482763
1.26638176e-08
4.5690356e-07
0.00029242088
8.880875e-09
1.9594661e-05
1.8266203e-06
3.938886e-06
4.1629955e-05
1.1811805e-05
2.5910387e-07
0.9968004
0.012657952
0.18673503
1.1275856e-06
0.99993235
2.1940725e-06
0.00011009114
1.6726211e-06
0.000385561
0.00010421134
1.3709441e-06
6.1867456e-07
0.9587544
5.635781e-05
9.952603e-08
6.220953e-06
1.4365411e-06
4.3543693e-07
0.0008612198
1.7627839e-08
1.9185802e-06
0.00077153253
6.0192723e-10
6.2725394e-07
0.99759537
0.009567629
2.836254e-06
0.07743477
0.45862627
0.0010760173
0.99750483
0.0015540437
0.99984103
0.00017949716
4.3893164e-07
3.6775888e-05
8.195503e-05
1.1918244e-06
1.0206589e-06
0.00018288814
0.9981602
1.3374669e-05
1.0740736e-06
6.783707e-08
6.6670043e-07
0.2705486
0.9999603
5.5319382e-05
5.632937e-06
5.531212e-07
0.00065199763
0.00014155422
0.021645132
4.7999733e-09
4.671761e-07
8.4668886e-07
3.5351627e-06
3.354349e-09
5.2151845e-06
8.866794e-07
6.2460714e-07
8.880875e-09
3.568459e-06
2.5845782e-05
2.3194532e-07
0.00019508695
0.0051338896
1.6753222e-06
0.00014995504
1.0113071e-06
5.082438e-06
