1.0
0.46239194
0.00154909
1.0
0.9999979
0.99999976
4.047576e-09
1.0963103e-05
7.91887e-05
1.7216264e-05
8.454481e-08
2.0573896e-06
0.0005939929
2.7950957e-05
4.360908e-06
0.99999964
0.16169645
0.18286419
0.11596536
1.552575e-07
0.0039147846
0.00059220515
0.0001732819
1.8998167e-05
0.00035807086
0.045436308
0.99998367
5.1259025e-07
0.81734055
8.6680906e-08
5.7091154e-07
0.017324854
0.0054049105
4.874941e-06
7.897821e-07
2.247053e-05
5.3314143e-06
1.7788252e-05
0.029501012
8.9437147e-10
5.798314e-06
2.9677457e-08
5.022575e-06
0.0009363698
6.747395e-06
2.8232783e-08
9.185436e-07
0.00029367255
0.9887793
0.00033564153
3.196143e-06
1.4345478e-06
1.1492393e-07
5.8798582e-06
2.2915128e-07
1.1565965e-06
1.1864456e-06
0.9993621
0.0014384148
0.99994355
0.35812667
1.9865964e-05
0.011265112
3.3855135e-06
0.7576081
5.2718256e-06
0.00031465717
0.0014529666
0.015570493
0.98277456
0.00037564355
2.4074194e-05
6.1427876e-08
4.228107e-05
1.1497298e-06
0.00015329379
0.9084684
0.008459214
7.694471e-07
0.00012671154
7.15725e-07
0.21663846
0.00014294262
1.4772829e-07
3.5536556e-05
0.99997216
0.00032895288
0.48385718
0.0011025744
3.9046757e-08
0.0012193008
6.569311e-06
5.222338e-07
1.7465192e-05
5.3626114e-05
0.0064870864
0.51518655
1.422715e-06
7.91887e-05
0.09894535
1.1795212e-05
7.936915e-05
4.84077e-07
4.6006753e-06
0.37961534
0.001736063
0.9986808
4.232948e-05
0.0028571317
0.99930036
0.00010162761
0.9999934
0.0042115725
0.16212484
0.10638311
1.4637455e-05
8.853546e-06
5.2718256e-06
5.222338e-07
5.1259025e-07
0.9999998
0.044477534
0.69144064
0.8626938
3.820382e-05
2.8990478e-06
3.4483364e-08
0.48844373
0.97364426
0.22263944
2.1579877e-08
1.9926758e-05
0.0003954698
0.64451575
0.9996244
9.802815e-05
0.008002441
0.0007102651
0.99975973
2.0978734e-05
2.4801232e-06
2.5135323e-05
8.1246094e-07
0.006593625
4.1789895e-05
8.467208e-06
0.8804018
2.7220744e-07
0.0002642084
4.603905e-07
0.15337567
0.02455201
3.8034868e-06
2.6099165e-06
4.7029374e-05
2.6931696e-06
0.0052530775
1.181575e-07
0.9617811
2.1508272e-06
3.3735625e-06
3.1024272e-05
5.7091154e-07
4.2011703e-05
0.00010162761
1.2000761e-06
0.0003273489
0.045436308
1.6403652e-06
0.009941402
8.505884e-08
0.002279155
0.0016999325
0.0109977145
0.010468217
1.8081722e-06
1.13453e-06
1.5416582e-07
1.0431764e-06
0.00023459346
0.045436308
0.9784207
0.00017408642
0.0005847302
0.00022847182
6.3527636e-07
1.422715e-06
0.0027514752
0.0001801628
5.70911e-07
7.15725e-07
7.631854e-05
6.569311e-06
0.024815787
6.990589e-05
7.30365e-07
0.0001801628
1.5053341e-06
0.009189513
0.00026704735
0.9986654
0.0015003633
4.514329e-06
0.00992347
0.7250872
6.8918625e-06
0.00060326536
0.9210088
5.960334e-05
2.7950957e-05
6.560331e-05
9.0476306e-08
0.10591478
2.1579877e-08
4.981779e-07
0.74950576
4.2638917e-06
0.00013668177
1.4598105e-06
0.00010846082
0.00020462023
8.149123e-07
0.00028097662
0.0004622278
0.00013193299
0.001981432
0.2121805
0.99933743
4.7624817e-06
7.5218374e-08
0.91466314
3.4628313e-06
7.705927e-07
8.2700695e-05
2.8087392e-05
4.4722523e-07
9.965835e-05
1.7671774e-06
0.0039327107
0.24207062
0.06809263
0.9995375
0.055597506
1.8515799e-05
0.0019369731
0.011056841
1.1497308e-06
0.0024132782
1.0
5.2718256e-06
0.9916405
8.491009e-05
1.4637455e-05
5.3974574e-08
3.9638945e-09
0.0001301472
7.91887e-05
2.0226014e-06
0.05649113
0.003121906
2.739949e-06
1.9434333e-06
5.6505905e-05
0.0024612995
6.560331e-05
0.87161255
0.00015968017
2.4750804e-07
3.3855135e-06
8.67794e-07
0.0007854208
0.60596657
1.33484455e-05
0.09466851
1.5177485e-06
1.778827e-05
1.13453e-06
1.2657608e-06
0.039858535
5.022575e-06
5.8584952e-05
5.2245746e-08
0.0074246437
1.4345478e-06
0.0002656765
4.029912e-05
7.636282e-07
0.00049888814
0.0012790596
5.747619e-06
2.6769683e-06
6.3366538e-06
7.877894e-07
0.21689065
4.848245e-06
0.0015828317
0.04846625
0.00023879862
1.3340428e-05
0.16212487
