1.0
1.0
3.7953814e-06
4.0546292e-05
2.6540458e-05
1.606181e-05
9.094497e-06
0.0002503366
0.9998418
1.0292273e-06
0.00013527354
0.18962105
0.99945176
0.0016659454
0.00035124365
7.756633e-10
8.128986e-05
0.9180555
0.11649431
0.9904713
0.00050310604
0.018722385
0.9559877
6.1863666e-06
0.00050925184
2.0231917e-06
0.31402907
4.072082e-05
0.0001269257
0.010737685
1.0890044e-06
6.347749e-07
8.220977e-08
0.96741694
0.034272257
0.046945203
9.326786e-07
0.9999776
0.99981445
0.9986931
0.00024430035
0.00010803452
1.15009335e-07
8.676113e-06
2.0903339e-07
8.6363536e-07
0.86296874
0.0030196013
3.0754868e-06
0.9073631
9.499215e-06
6.6167235e-07
5.768244e-06
1.02573114e-08
7.851015e-06
1.0216999e-05
0.0009028844
3.4702593e-05
4.15691e-05
0.0039744494
9.597705e-06
0.011295159
4.2923366e-06
0.7339251
0.00044017303
0.00044489047
5.6664276e-06
0.0005349816
0.988931
0.9789408
0.43307304
4.610202e-05
0.06897568
0.00080932665
0.0101948595
0.00013527341
6.8466994e-07
0.00015720016
1.6629382e-06
0.00045838303
1.5742262e-05
0.0009762574
5.0628555e-06
6.334992e-06
0.0054684137
0.5697979
0.009430354
3.450963e-05
0.09590912
6.699267e-07
0.0031506424
3.6294423e-05
0.9733595
3.52702e-06
1.8690813e-05
3.734724e-05
0.00020419614
0.009185567
0.00010565753
0.9559877
0.3708822
1.3936493e-06
3.5071326e-07
1.959042e-05
0.000116879215
6.5633975e-07
9.59237e-06
0.9999036
7.371447e-06
1.5674745e-05
0.99999964
1.8691793e-05
0.6668807
8.475473e-06
0.9782696
0.11082697
0.1130667
0.01194636
0.37200928
8.0708605e-07
0.99353975
0.2537056
8.460879e-06
6.4510516e-07
0.006656617
7.8904355e-07
0.0064013125
1.3936493e-06
7.395987e-06
4.0546292e-05
2.2506042e-06
1.6024579e-07
0.93276125
2.4019431e-05
0.16422057
5.383513e-06
3.6092215e-06
0.1890568
0.002003646
0.9999796
2.5784579e-05
2.5493064e-08
0.14226122
2.2609434e-05
0.00044489047
3.4190466e-06
4.8952625e-06
1.6987658e-05
1.0529938e-06
0.16833456
0.0038250177
0.0001785074
3.3087633e-06
2.8180978e-06
1.0159625e-06
0.00016014982
9.378193e-06
1.4301546e-07
0.0011563121
7.0376774e-07
5.880464e-05
0.17506003
0.99992514
0.77418697
0.9904713
0.06673695
3.510327e-05
0.14622341
1.2040651e-07
0.0011133575
0.22598732
6.333922e-05
2.1560713e-07
1.1098298e-06
5.958008e-06
2.930995e-06
2.9159592e-05
1.2866012e-06
0.00012822478
0.0066691935
8.676113e-06
1.5525644e-05
2.0238855e-05
0.011383915
0.0163279
0.00016273269
9.693628e-05
0.034438595
0.0005031063
1.1098309e-06
0.20167647
1.959042e-05
0.92030245
6.9761536e-06
0.9952353
0.14021246
0.00035092636
0.04965479
5.160333e-06
9.66952e-06
7.9858444e-07
0.0009795718
0.99945176
1.5955042e-07
5.27286e-05
0.055949416
0.00039812693
0.006990301
0.0003090868
0.011500005
3.445304e-06
0.5498201
0.99999607
1.505027e-06
0.98769486
0.99993
0.68891704
0.0002113823
3.38567e-05
0.0025602083
0.00073830225
9.499215e-06
1.1676444e-05
0.0074127438
8.593597e-05
0.0007010461
0.99999124
0.9999821
4.1746634e-06
0.00018379053
3.038413e-06
7.183978e-05
0.98217857
1.8910427e-05
0.009185567
5.8231674e-08
0.99976075
0.0030196013
0.9976593
2.0587855e-05
0.012118794
0.9999582
5.785124e-06
0.4214543
1.7016221e-07
2.47988e-05
2.583437e-06
0.21345574
7.5899266e-06
8.128986e-05
0.025048522
0.00017394671
9.592937e-05
1.0
1.434831e-06
0.000926568
0.0002801517
0.00016273269
7.576834e-07
0.00011229523
5.968364e-06
1.1920768e-06
0.0001101926
4.8285052e-08
0.99999803
0.00029588997
0.0053903013
0.9998339
8.220977e-08
0.008600504
0.99999994
1.3077522e-09
3.723144e-06
0.0006865358
0.98887587
0.0009762574
3.6975805e-05
0.05887469
0.00013287205
0.039377812
0.67320436
0.0005082675
0.9999941
2.5555397e-05
0.0003569138
0.27329487
0.0005157509
0.00081977586
0.99859864
2.6512733e-05
6.3417924e-06
0.002003646
0.98887587
0.9993952
8.2454775e-05
0.00011885063
0.0010759414
0.010479277
1.2753308e-06
0.00021266824
