0.9999997
1.0
0.9851434
1.5231062e-06
2.4646036e-07
6.1813736e-08
1.4158596e-05
1.8401238e-07
0.6479635
1.09273515e-08
1.1440712e-07
1.586233e-06
0.89950997
3.169371e-09
1.1416054e-06
0.8444841
3.0613737e-08
0.007950665
8.118102e-09
1.1751817e-05
1.9521767e-08
3.7284343e-07
1.9183284e-09
2.0757165e-08
0.9983895
1.1533725e-12
6.530004e-06
8.026102e-11
1.6768196e-08
1.2099961e-06
3.1294206e-08
7.171886e-07
1.1513356e-07
7.1797596e-11
1.721169e-10
5.330614e-07
7.6869753e-07
7.772774e-07
3.7233104e-07
2.702388e-07
0.031287353
5.873598e-06
4.356545e-08
3.062022e-08
8.477817e-06
0.00015201158
2.8714633e-06
1.6651012e-07
7.716777e-06
8.542435e-06
6.1068416e-12
1.2036128e-07
0.0002465587
9.3945985e-08
5.649829e-10
1.626258e-05
6.3329287e-07
0.0011886016
1.9471862e-08
7.4850163e-06
7.361987e-08
0.0039175036
1.573527e-07
1.3274149e-08
3.5893916e-06
0.05656811
1.195413e-07
1.4447378e-06
4.4010275e-07
2.9066302e-06
7.76859e-05
1.6512606e-08
9.1472975e-05
4.042054e-08
0.31891102
7.996323e-05
0.017710788
0.008407785
3.6081897e-09
2.5800246e-09
0.004084755
4.0685308e-08
0.0022425905
0.0042459737
0.0011886016
5.4980815e-06
0.9535754
3.6483716e-06
5.2199283e-07
6.055228e-08
0.00017634232
1.7590723e-12
8.9730485e-05
5.934461e-09
8.062554e-08
0.9925578
3.621832e-05
1.25809985e-08
1.2675114e-10
0.007950665
1.457999e-06
0.93410075
1.9276068e-10
5.0747803e-06
0.1620098
0.00018481539
1.457999e-06
1.3554052e-06
1.6327396e-11
9.2734975e-09
1.05690994e-07
1.7216293e-13
1.0822037e-05
3.3847755e-08
1.6255973e-09
9.592406e-10
8.961463e-06
3.1629386e-07
2.4363448e-08
8.011262e-08
0.35213605
7.537115e-09
1.7332503e-09
1.0470206e-06
1.1576702e-06
5.5067954e-07
1.1410018e-07
0.00041123724
8.940235e-10
1.7590723e-12
4.654409e-06
1.3274149e-08
5.079425e-08
1.626258e-05
2.811939e-08
1.6512606e-08
1.3500372e-06
6.2005e-09
5.522673e-08
1.4571815e-07
6.231684e-08
5.4364273e-09
2.5302271e-10
1.5252109e-11
4.5801364e-05
2.5200936e-10
4.8669185e-10
4.6385405e-05
0.8444841
1.1728031e-06
2.0688192e-08
1.05004396e-07
5.5535487e-08
1.626258e-05
1.0997522e-08
1.4386619e-09
7.76859e-05
2.2563971e-07
9.3263575e-09
1.5596329e-07
0.0005357872
2.3906628e-07
3.6246067e-05
5.2199283e-07
1.39989185e-08
1.5806526e-08
0.018965026
3.812869e-09
3.641142e-06
6.3329287e-07
1.1093252e-08
0.017160006
5.037874e-07
2.942268e-07
3.7729487e-06
8.240063e-09
7.6869753e-07
8.700021e-09
3.942415e-08
3.1082226e-10
3.237694e-06
1.07508036e-07
0.021394162
0.5524157
6.694906e-06
7.439539e-08
5.7094157e-06
0.018425947
0.98436224
1.1527981e-09
2.3760367e-09
1.6065924e-07
5.292148e-10
0.00018952125
0.0022577408
2.1875397e-08
3.6246067e-05
0.007404444
3.0642525e-05
0.001527581
3.6516152e-08
5.470597e-09
0.0001478967
1.1537609e-10
1.9438268e-07
5.1843912e-08
1.0781256e-05
0.9999891
0.00017096421
1.9087951e-09
1.4932557e-08
1.6139427e-05
8.57714e-09
9.667725e-05
4.0191527e-08
0.8269517
3.942415e-08
2.095993e-07
0.42065203
0.75717336
0.0010526627
2.9875818e-07
0.09419684
0.0050720614
4.896883e-10
1.8815762e-09
0.054952074
0.0004521066
4.7601116e-06
3.4576142e-06
0.00031100432
1.0977114e-07
7.925423e-08
0.006501303
0.003321378
1.260271e-08
8.996693e-08
5.817284e-06
8.011262e-08
5.5941814e-07
1.1247684e-05
0.9993435
2.7792796e-08
2.7059283e-08
9.020952e-09
5.060954e-08
1.1868397e-05
2.3957334e-08
6.382517e-09
5.164719e-05
3.2964596e-07
2.1751306e-05
1.3904126e-09
1.6573493e-06
2.4099143e-06
3.1622346e-06
3.0235558e-08
2.0714911e-07
0.0031436922
6.2222636e-09
0.9992354
0.00079637434
0.00024436324
0.00019602259
0.000627067
2.2457634e-08
6.819682e-08
3.9727024e-06
6.23833e-06
2.779378e-06
0.9327925
0.90636146
1.7597271e-05
1.0441643e-07
3.6809996e-07
0.0031472775
0.99975353
4.796267e-09
1.1624091e-05
0.06465222
5.9779404e-07
1.8815762e-09
0.0005357872
8.717296e-09
0.0004300427
2.1714811e-08
9.342742e-08
1.1822468e-07
1.3829753e-06
2.4940458e-11
2.400011e-06
1.0420434e-07
2.2078896e-09
4.7601116e-06
2.130037e-06
3.3575967e-07
0.9262154
3.0117338e-08
8.5914843e-07
3.487687e-08
