0.00064505695
0.006141182
1.0
1.0
1.0
0.004293892
0.81471807
0.0069012265
1.8025019e-05
2.267659e-05
0.9997519
9.585566e-06
5.122549e-06
1.4684907e-08
0.0009604311
5.3454227e-07
3.978325e-06
0.04112857
3.237305e-05
0.00017587784
0.0009412469
6.2897416e-05
4.851723e-06
9.87283e-07
4.4400285e-06
0.00079057796
4.432612e-06
5.0765e-08
0.9998103
0.004504187
0.005478807
6.505154e-06
2.0601681e-05
2.0629095e-07
0.0016484138
3.0887328e-05
0.0077672433
6.0027395e-07
2.0451907e-06
0.00023406842
2.5867232e-06
8.079246e-06
4.905348e-06
0.2065602
8.079246e-06
0.0046847584
0.019414155
0.0010568922
6.1428386e-06
1.7358271e-06
0.001911067
0.01375026
0.0061028525
0.00010560777
7.145941e-06
7.197608e-08
0.9998464
0.00033203908
0.0063453796
3.8362586e-07
0.00084994023
0.036854655
0.0006138301
0.9903721
5.196552e-06
0.00024166444
0.00097289565
0.0011442536
0.938416
5.9943875e-07
2.9798026e-05
8.1817725e-06
7.066152e-07
0.474553
0.9951349
7.326931e-07
7.7181085e-06
0.0062907664
0.0047029387
0.3193942
0.9891312
1.0143874e-06
1.1024192e-06
2.0622603e-07
0.99987763
0.99129176
0.64331275
1.1859504e-05
0.0008113176
2.3212391e-05
0.0045297323
0.9997519
2.3664199e-05
6.317272e-05
9.082155e-06
8.234382e-05
0.0022463666
0.85208076
0.010474797
0.9985596
0.96906453
0.00010134589
5.460203e-06
0.003378394
1.964859e-06
5.397213e-06
0.009484746
8.980437e-09
0.41269812
0.0005082999
6.8906793e-06
0.02269314
6.169818e-07
0.014856466
1.4225942e-06
0.9947783
5.25172e-08
0.99988383
2.3466241e-07
0.9954651
0.16514574
0.00030672198
0.98421276
0.00014203339
1.5407176e-06
0.00030576784
0.17002967
0.0061254483
1.112425e-05
0.009484746
3.7593116e-05
0.00017587784
0.12699266
5.964558e-07
4.851723e-06
3.4991882e-07
3.6636536e-06
0.98906213
0.001435049
0.00012339669
1.0
0.0035066379
0.0011217032
0.010880932
0.041005027
9.000321e-07
8.6181506e-05
0.010255201
1.0
0.9860111
6.147642e-05
0.00016355731
0.579271
0.6088224
0.26642525
0.64374673
0.018397406
0.00018826913
0.9999987
0.49395138
0.00014203339
3.116014e-07
3.6636536e-06
0.0003949493
0.014300097
0.14884275
7.7795685e-06
1.5191125e-06
1.7320273e-06
7.561257e-07
6.24817e-05
5.959849e-06
4.7799135e-06
1.4792269e-07
0.0022054382
0.0044312
0.0007119383
0.08498456
0.0032374556
5.122549e-06
0.9956544
8.579154e-05
5.2520536e-05
0.0009957934
2.7515464e-06
0.10732438
0.97995937
5.0649705e-06
8.277163e-08
0.64996344
2.9187609e-06
0.96011376
0.0047909385
2.5228915e-06
0.0012349536
0.1267974
0.01015328
2.18284e-06
0.041342847
0.91562825
2.6704663e-06
4.6941015e-05
0.17208081
6.7358415e-05
0.9716209
1.0288846e-05
3.6660513e-05
0.00018443991
1.40623815e-05
5.552338e-06
0.0016484138
0.00013440823
8.812203e-06
0.31896105
3.2210755e-06
0.08011677
1.8886426e-06
0.009186747
6.505154e-06
7.2191186e-05
5.460203e-06
0.985911
0.002245112
0.0009208052
0.0006161063
1.0
4.1753126e-05
0.00022850798
0.00033390752
7.407634e-06
0.9999504
0.00011285322
0.88345426
0.9999987
6.7876545e-07
0.019189266
7.470771e-07
0.00044502428
6.363217e-07
0.0016338278
0.1919852
2.1500238e-05
0.018066566
0.99999994
5.6746478e-05
0.0003107675
0.014856466
5.5788483e-08
7.9584315e-05
0.018066566
0.17208081
1.2431707e-06
5.5142525e-08
7.097964e-08
3.3421198e-05
0.033757817
2.692638e-06
0.8865369
0.9998103
6.4339797e-06
0.06610071
2.9149004e-07
0.0025026917
0.00036298277
1.8301168e-07
2.6260395e-05
0.9999885
9.831761e-05
0.00031249755
0.0028436845
0.9979917
0.002137418
1.8876742e-07
0.0050046537
1.5041909e-05
9.613566e-09
0.9951349
0.01276024
2.9187609e-06
7.962383e-06
4.8326467e-05
0.00058935565
0.08498456
0.0002875145
5.4265643e-06
1.0
0.0029791442
0.0044642035
8.1657475e-07
1.4344958e-05
0.00013679417
0.9074822
0.43789187
0.1252551
4.3334344e-06
0.0006363616
2.2574877e-05
0.00031625203
0.009484746
4.6813344e-05
