0.9953604
1.0
1.9082147e-05
0.0047366857
1.06222915e-05
7.55313e-06
1.80192e-06
0.010785168
6.0339364e-05
1.2368054e-08
0.00017248174
7.813435e-05
1.459557e-07
4.7165548e-05
3.829182e-06
8.50107e-06
6.717637e-05
0.00016271655
7.510419e-05
0.10796648
0.00081947824
1.3686241e-06
5.192366e-06
3.835775e-08
8.845678e-09
3.591607e-06
5.372763e-09
3.1415366e-06
3.4955433e-06
0.0015118294
2.5369283e-07
6.6596516e-07
0.024274696
3.4915678e-07
5.9351e-05
5.0482602e-05
1.8133276e-05
5.8723604e-06
0.998964
4.7259192e-08
1.7203622e-06
0.07935142
2.82732e-05
5.693701e-05
2.0488685e-06
5.7698503e-07
0.00089012325
0.94032145
2.1225403e-06
0.00095356355
0.044347793
2.5855334e-08
7.9546e-05
2.419392e-05
0.004680383
0.97960836
6.9956506e-05
0.00034336516
0.00024127605
1.1312854e-06
0.81915265
0.9529092
5.7843736e-06
0.017407134
1.0713882e-06
8.4540596e-07
0.9597908
0.00016748578
0.73712444
0.9738493
0.008607788
0.00010411301
3.7670957e-06
0.0002748776
0.02999161
3.0576544e-07
0.00017365768
1.0933937e-06
2.4126663e-07
0.017893482
5.3503594e-08
0.017893482
1.1029492e-06
0.00044524556
8.191198e-07
2.9423688e-07
6.630734e-07
5.922046e-05
0.00052666705
0.6378959
1.9834185e-06
8.648249e-05
8.7425576e-07
3.946483e-09
2.8514523e-06
5.047752e-07
1.0170628e-06
0.0038976208
0.00012408223
2.7236605e-05
4.7165548e-05
2.4332681e-05
0.7752841
0.0026208577
2.0190082e-05
0.029103138
0.020567615
1.255533e-07
7.3235984e-05
1.3686241e-06
0.3159773
0.0007190953
0.0012383001
0.76155883
0.0036728024
2.0938767e-08
1.2280781e-05
0.0012094144
9.746996e-06
2.4680214e-06
4.797363e-07
1.0884635e-06
1.766077e-05
4.5409345e-07
2.2443476e-06
0.00013874153
2.4289452e-06
1.4774841e-05
1.2474933e-07
6.600736e-06
3.594577e-08
2.2069568e-07
0.00025988027
6.969496e-05
0.9971133
0.00082705874
2.398512e-05
9.6476256e-08
7.7863587e-07
0.00048193816
1.9830039e-05
1.2604173e-06
0.77658683
1.8101785e-08
0.17086442
0.0031957335
5.81634e-07
0.00045526013
0.000520389
3.4960167e-06
2.1252454e-05
4.929027e-09
0.001111985
1.0491471e-07
0.8889253
1.5372743e-07
2.2530587e-06
0.98507005
0.0014872198
3.7832967e-06
0.91570425
4.211792e-05
0.00011711171
0.0025417227
0.00043967733
1.9834185e-06
0.0013466604
0.0045255413
4.890466e-06
6.496984e-05
0.93746597
0.012683119
2.6630318e-08
0.060482062
3.6890575e-05
5.7843736e-06
0.9140504
4.797363e-07
3.954868e-06
3.6302063e-06
0.9993688
0.015338543
0.00092407205
1.1503457e-07
3.0594415e-06
0.3347475
6.3057225e-05
2.3913178e-06
0.99836797
8.694515e-07
1.678525e-08
2.6080926e-07
6.0258076e-06
1.7071565e-06
1.3448714e-06
0.07111417
1.45090615e-08
0.14438438
1.1344972e-05
7.679906e-06
3.0865183e-07
2.857371e-07
0.0006675696
0.0022266982
0.00017096681
1.4028092e-05
1.785311e-06
0.96017647
1.766077e-05
0.81915265
5.1684437e-05
0.00024127605
3.687963e-05
1.2349809e-08
0.99943167
0.0044864845
2.6485141e-08
9.1051714e-07
0.7752841
3.083496e-08
0.001978983
0.4863861
2.3252642e-08
5.588221e-07
2.0457044e-07
0.00018432194
0.99972606
9.848222e-06
2.915979e-07
1.8757277e-06
1.5018015e-05
1.7663352e-11
0.9313256
1.9563686e-05
2.8047512e-07
6.041237e-05
0.00015488146
2.7563618e-05
1.922144e-06
0.9984918
0.004354649
1.301767e-07
5.500418e-05
0.8478843
1.997749e-06
0.73243463
0.0008226712
0.083494
0.5691241
0.96967846
0.0055322233
0.999994
3.825121e-05
3.8035597e-07
3.0447202e-07
3.2467798e-07
0.003158815
0.08992205
0.008607788
1.4640289e-05
0.0073954426
1.6001113e-05
7.7723256e-05
3.1020686e-06
0.9247095
8.454288e-05
0.0005656314
0.00019253053
0.9995093
8.590746e-05
9.996927e-07
4.217155e-06
0.07536947
7.366198e-09
4.3915957e-06
0.059518024
0.9984138
1.648289e-05
0.6540976
1.6145246e-05
0.9983013
9.60847e-09
0.97143847
7.17086e-07
0.99796534
1.0491471e-07
0.9999742
0.0014502531
2.9961613e-05
1.0630237e-05
0.9971133
6.437191e-09
0.022364942
6.341871e-06
0.77658683
1.0713882e-06
0.001150699
0.00012373699
1.678525e-08
7.037127e-07
