0.7828922
1.156869e-06
1.9522588e-06
0.32919198
0.0147415865
0.9938998
1.1088513e-05
2.3249831e-05
0.99301773
0.99999994
1.6712848e-06
1.3870639e-05
6.236123e-06
9.805825e-06
3.6916694e-07
3.921203e-06
4.2222072e-07
1.6065665e-06
1.4085305e-05
2.6859754e-05
2.8816717e-07
3.6544556e-05
0.99994636
1.38674395e-05
0.99995893
1.2251806e-05
0.00075069227
1.8216763e-06
2.0928044e-06
0.025756083
0.0017905972
0.9999992
0.0084855
1.6441647e-05
0.00011911885
0.098288715
0.00012423721
0.011605903
0.0039943117
1.9016355e-06
0.41440377
0.00037716984
4.4158063e-05
0.0012363025
4.3109367e-06
0.22246903
0.0017824355
1.0046151e-07
0.010161194
0.007823829
1.4266672e-07
1.0045285e-05
0.001693417
4.2014287e-07
0.00011699619
8.16581e-07
2.4678072e-06
1.4359672e-06
0.0059626
0.043812454
2.7099884e-07
0.36200574
0.0007808447
8.8908644e-05
2.6859754e-05
0.0023335346
0.99999726
0.08303324
3.733836e-06
5.732675e-06
8.620094e-07
0.003571488
1.53832e-05
0.047226813
6.168294e-05
1.751438e-06
7.533781e-05
0.0066859466
0.92028904
2.3513778e-07
1.013316e-05
0.7796847
0.0030837976
1.6065665e-06
0.00061348244
0.00011911885
0.16157691
1.1771682e-05
2.692982e-07
4.7079902e-05
1.4028476e-06
6.2369145e-06
4.7545126e-07
4.5058855e-06
0.06423652
0.00037100326
0.002601658
0.00037716984
0.0002455684
0.00030184982
0.054357413
0.0004595998
4.565456e-06
1.9561296e-06
1.59514e-05
4.642343e-06
1.2295688e-05
0.41468108
0.0015266701
5.270767e-07
3.5134968e-07
0.05796694
0.00040224358
9.2065675e-05
1.388782e-05
7.807454e-05
0.0006694449
0.0005382675
0.00097331376
5.623912e-07
4.161765e-05
0.09026085
1.609032e-06
5.122853e-05
5.452377e-06
0.022735571
0.0026561955
5.4304433e-05
4.2587075e-05
0.0005027329
0.000668406
0.0024225807
0.8304503
4.252387e-06
4.1305215e-05
2.1864964e-06
0.0014529264
0.13045974
0.99944407
0.03730155
0.0003259575
0.28638434
1.0041415e-08
3.8626353e-05
0.6262811
0.00040983091
0.007998181
5.963158e-08
0.014408721
1.0365221e-05
2.6767998e-06
4.1734933e-05
9.953812e-07
4.9888435e-08
2.6646177e-07
1.2739334e-05
1.4478134e-07
0.8747761
2.0014772e-08
2.818576e-05
1.2251806e-05
1.8318851e-06
0.03256166
9.211442e-05
1.0
0.00033190678
2.6196417e-06
2.743078e-08
9.953812e-07
0.00046786692
0.004716636
4.053074e-06
5.8718285e-07
2.0187925e-05
0.00030184982
0.8747749
1.0696213e-05
6.0637118e-05
2.9654782e-05
0.001386936
2.3536356e-06
0.00033190678
3.6336522e-07
5.4134995e-05
1.2295688e-05
3.7676094e-07
0.027328683
0.32919198
2.0964415e-05
0.28094855
0.0017213876
9.590847e-07
0.0009774026
2.0014772e-08
8.122076e-07
6.703609e-05
2.993413e-06
0.7428601
0.043812454
3.8831335e-05
1.5912929e-05
0.10203933
0.9997831
3.586897e-06
4.5058855e-06
0.098288715
0.00018726761
0.0017060643
0.9997678
0.034186505
6.97225e-08
4.433942e-07
1.0
0.28638434
0.0003472155
0.0008655437
0.00015397617
3.6973e-06
0.052948333
0.0020974001
0.109367386
6.028438e-05
3.4341988e-07
1.402485e-06
0.007998181
5.3979697e-06
0.0025437062
2.4936987e-06
0.03716968
3.571751e-07
0.00012198066
4.3694045e-06
0.36742288
4.2014287e-07
2.1594017e-06
3.118168e-06
3.4178087e-05
6.552879e-05
7.5189114e-08
0.2560608
6.4614076e-05
3.7411616e-09
0.001693417
0.98138994
0.24962531
0.9999959
0.00050753786
0.00054807635
0.02731091
0.0013296658
1.402485e-06
5.5091325e-05
0.0008950001
4.3469176e-05
6.97225e-08
2.5868414e-07
6.213624e-06
0.00051491417
1.1136117e-05
0.008498276
3.7566522e-06
1.1839313e-07
1.124126e-05
0.00011655312
3.4225307e-09
0.99971426
0.38460496
0.99922264
9.779786e-07
4.0579744e-06
0.054357413
3.762636e-07
5.3468806e-08
1.6921422e-06
7.022284e-06
0.047337726
8.2666474e-10
4.433942e-07
3.1336251e-06
0.052887037
0.0008097181
7.509537e-07
4.7788916e-08
2.1726012e-06
0.30677602
6.447604e-06
0.00037385817
0.00030184982
4.486204e-07
0.014408721
0.28953016
2.0016732e-05
1.2392548e-05
1.4043308e-06
0.8081479
5.37593e-06
3.4341988e-07
0.999995
0.2560608
0.011026568
