1.0
1.3738189e-05
5.6479593e-08
4.4009052e-10
0.0024929068
1.5021634e-06
7.733872e-09
1.7683054e-07
9.985964e-05
5.6695566e-08
3.640674e-09
1.3832231e-09
1.8427283e-09
1.0212295e-06
1.418657e-07
0.9992248
1.4720739e-09
5.4658067e-10
0.0004925724
1.4682267e-09
1.1567388e-06
1.6848599e-05
2.9298477e-09
1.1176505e-08
1.7880444e-07
1.7520347e-07
3.4164782e-09
2.5695432e-10
2.3639279e-08
1.2262498e-07
0.03382032
9.907174e-05
0.028199105
2.2241218e-05
2.0153713e-08
0.05128761
7.914167e-07
0.97145414
5.1142784e-11
6.92048e-10
8.446519e-08
2.0931957e-06
1.3243823e-06
6.7350836e-10
9.011102e-12
2.756705e-06
0.000112789094
6.903934e-10
0.9971523
9.078569e-09
0.007110328
3.933362e-05
0.7177625
4.309765e-09
6.720545e-05
5.917193e-06
0.5296682
0.0005927775
9.806442e-06
7.0123976e-11
9.791049e-07
1.830918e-07
1.1702069e-08
2.3397834e-05
2.0751731e-09
7.127202e-11
0.8873365
2.099932e-08
4.7525347e-05
3.3395422e-06
1.0283997e-07
3.9573628e-05
1.976378e-07
9.987559e-07
5.533721e-09
0.0008532314
0.97145414
3.190294e-10
1.6516203e-11
5.8762933e-10
4.4756231e-07
5.420066e-07
8.6792886e-07
1.9878495e-08
1.7751703e-06
4.8919327e-11
3.9809215e-08
4.2955247e-07
5.494135e-09
3.7395048e-10
4.7294952e-07
7.198896e-09
2.1086566e-09
6.185165e-10
8.5979374e-10
4.5116373e-08
8.474496e-13
8.600426e-11
2.494912e-06
0.12887177
8.00322e-05
3.1965752e-09
1.7577028e-06
4.2345498e-08
0.12887177
3.600822e-07
3.7486927e-07
2.0015651e-08
4.1264414e-08
1.5627803e-07
0.05737504
1.4570481e-09
1.2415183e-08
8.5273183e-10
2.407283e-10
1.0206799e-09
7.483465e-10
8.338236e-06
2.1937381e-10
5.594011e-05
1.18046515e-08
3.907704e-06
2.9385797e-08
1.6705038e-05
2.9978655e-11
0.9971523
0.00013913898
5.764323e-07
3.281161e-09
4.6191895e-09
0.5553896
2.04315e-05
1.0388044e-08
2.4313033e-08
2.2365079e-09
5.63163e-07
4.830827e-07
1.6134851e-06
2.889525e-08
1.8537759e-06
4.7137172e-07
8.446467e-09
0.6900793
2.4014646e-09
6.2616414e-06
0.1809623
0.012756629
2.812042e-11
1.7520347e-07
1.9382516e-09
1.3231802e-09
0.0004487904
7.503983e-08
7.503983e-08
1.368355e-07
4.2330075e-08
1.6577398e-07
1.6848599e-05
2.8875922e-11
2.2965498e-06
4.7855146e-06
3.58369e-06
3.818628e-08
1.4244634e-09
3.3322106e-08
1.7201764e-08
2.1666944e-08
4.4119175e-09
2.2534483e-08
2.7652082e-05
7.480674e-07
3.0427483e-10
0.0017130775
1.2007713e-08
4.417424e-09
2.4895119e-06
1.5787188e-07
2.6143548e-08
0.14312136
1.3144144e-06
1.0950154e-06
1.9392422e-07
0.97145414
1.2982386e-09
0.77075833
1.5786233e-10
2.3817142e-08
5.5354414e-09
6.701156e-09
4.2955247e-07
9.08465e-06
3.8340056e-07
0.029509695
6.16329e-08
2.8782857e-05
2.0378206e-09
2.2921913e-06
2.1153607e-08
1.0728799e-08
2.4860586e-10
1.9975719e-06
3.0254546e-07
9.455571e-09
2.2450546e-10
2.3834957e-08
4.126422e-07
2.1631533e-10
5.2865614e-09
1.01831765e-05
0.0009618885
1.4687876e-08
0.007453331
9.639524e-10
1.3718397e-07
8.129793e-05
1.2502744e-07
2.4342346e-09
1.491621e-06
3.6567936e-08
9.846708e-09
2.731615e-10
2.263796e-08
1.3623614e-07
1.8305092e-06
1.4433246e-11
7.3911394e-08
4.4459775e-06
1.30578135e-08
1.13195725e-07
5.764323e-07
4.1961453e-06
1.0811477e-09
2.731615e-10
1.2689529e-06
1.13195725e-07
2.5874288e-06
0.018091604
2.5437545e-08
0.0005813399
1.1949741e-07
6.604027e-08
3.091164e-07
1.4834355e-07
1.3246426e-05
4.126422e-07
0.9902578
4.27861e-08
4.1185878e-11
1.0543409e-05
4.4686793e-08
0.00038280705
8.2133175e-11
1.6705038e-05
3.58369e-06
2.1392593e-08
0.7828604
0.20722574
1.8559286e-06
2.8710647e-09
3.5163586e-10
2.3346239e-07
1.4323672e-09
5.5437596e-07
4.6286615e-09
0.0021495046
2.2644686e-09
4.899925e-07
4.2245923e-05
1.2007878e-07
5.00708e-08
3.377197e-06
0.00017827352
3.684287e-07
2.2054114e-06
1.4323461e-08
2.2762242e-10
2.6565629e-05
7.697775e-08
1.8537887e-11
1.7113862e-08
0.96212375
4.6191895e-09
4.7590873e-09
4.4349844e-09
1.2046601e-11
2.4877932e-07
3.089275e-05
1.368355e-07
5.264703e-10
2.2811683e-08
4.4342523e-11
6.2887057e-10
1.4442183e-09
1.5778354e-09
1.1051673e-11
1.168465e-08
1.4323672e-09
2.1160982e-09
2.407283e-10
1.846315e-11
