1.0
3.0019015e-05
2.6738895e-05
0.00015693417
1.9597296e-06
0.108338796
0.0007748459
2.8808807e-05
0.9999998
1.8699235e-07
0.9999904
5.9500195e-07
0.08155786
0.17713086
0.4030885
1.5747296e-06
0.00022116973
0.036751702
0.9999725
0.030236866
0.003007787
0.35292518
0.009163802
0.36990428
0.0011475775
6.122187e-05
4.2424042e-05
0.25793877
9.8405966e-05
0.99999994
0.004541981
0.9999993
7.516652e-05
1.894097e-08
0.14787538
1.4180325e-05
1.9206086e-06
0.001546474
0.0006164505
0.011904849
0.09652579
2.5694444e-05
0.0018673829
0.00013486591
0.0008652956
7.230472e-05
0.005239376
5.051285e-05
0.008282295
0.00041575407
0.005330443
7.341189e-06
7.774185e-06
0.00016756532
0.00035437132
0.00820159
0.0012602702
0.96623784
6.6417215e-07
0.0026478674
1.4605857e-05
0.17348188
0.17264578
0.000104689134
0.16759415
0.09313385
2.8549462e-06
0.0010214234
0.9999764
3.7110274e-06
2.0220024e-05
0.61169696
7.660568e-05
0.00024606386
0.00010716761
0.0013671701
3.723893e-07
0.4383964
3.5643671e-07
2.0744556e-06
0.17476799
5.636666e-06
3.424675e-07
5.636666e-06
5.583421e-05
3.322439e-06
9.620401e-05
2.5389472e-06
0.00095927477
0.24478187
2.546911e-06
0.001746505
0.9969741
0.9882331
0.00047960138
0.00017314513
0.00080266205
2.0601817e-06
0.0010850845
2.622371e-07
0.0005406123
3.6695522e-07
6.806433e-07
0.9578537
1.3334488e-05
2.705185e-08
2.3226658e-06
0.035976145
3.131626e-05
1.5947877e-07
3.1914283e-06
0.00023620584
1.2550521e-06
0.00046548434
1.9975123e-05
0.0005795512
0.0003790829
0.00016347576
0.024871582
2.414066e-05
0.0003824069
0.9999725
2.0615714e-08
1.1136297e-05
0.96881413
3.985225e-06
0.018116176
0.2555919
0.78730935
0.004809426
0.02617377
0.99954444
9.5108335e-05
1.148898e-08
0.9980466
8.2558597e-07
3.8859485e-05
7.8870426e-07
1.8805638e-06
0.0046889028
8.919022e-08
9.298548e-05
6.56258e-06
7.498001e-07
0.00046054905
1.7129557e-06
1.6693957e-07
0.00021365071
0.00015313762
6.6417215e-07
0.000279718
0.9738561
7.517247e-05
4.9751316e-06
8.9619925e-06
0.0257121
0.359314
2.0601817e-06
0.00050207484
0.0040045516
4.9482924e-06
1.4030483e-06
0.67887163
0.00095078844
0.999752
1.9206086e-06
0.9996186
0.62198824
1.5644012e-07
0.019100267
0.00011184468
3.1429959e-06
0.99999344
8.241603e-06
7.8870426e-07
0.007284735
1.0032264e-06
7.335691e-07
2.0497679e-05
2.4313092e-06
0.9985303
3.6916656e-08
5.5302518e-08
0.9999717
0.0005466437
0.0007093668
0.00013629784
0.9961
3.4387847e-06
0.0036982466
0.00018909723
0.58564204
0.003007787
0.9269387
0.9988261
0.005615242
1.2196234e-06
0.5506064
0.9864752
0.0009446592
0.9919311
0.001716644
4.491128e-06
3.0510026e-05
0.48212144
1.8825049e-05
2.111831e-06
0.00029327636
0.000926372
5.6730136e-05
4.0474424e-06
2.6978716e-05
0.9999717
0.0022730755
8.393845e-06
0.7715355
5.9979893e-06
1.6104105e-06
4.6954888e-06
0.69853526
0.00013798711
5.052129e-08
9.951065e-08
9.723821e-06
0.000245508
0.0063621295
0.00017273487
0.74267155
2.0196321e-05
2.1541284e-05
0.0026834144
0.9578537
5.5249897e-05
9.753632e-07
2.3865312e-06
0.00031447696
0.9315208
1.0145934e-06
2.111831e-06
0.2623725
0.00025288522
0.9928462
0.00023815107
0.99984884
0.0072811977
0.9315208
0.00013086062
2.7563942e-08
0.9823692
7.7235985e-05
0.9999308
0.9831757
1.1394376e-06
2.2020124e-05
4.239316e-09
8.88585e-06
0.95634276
0.0003056495
0.00023910505
6.4702435e-05
1.1702692e-06
0.16559163
0.9999079
3.8951945e-05
0.00034025902
0.00044417728
0.3715202
0.009163802
2.8549462e-06
6.977343e-05
0.00017026791
1.2377913e-09
0.010112019
0.00043376334
0.0102005005
0.0015464734
3.6107795e-05
0.45574424
0.00095927477
0.00043376334
0.0005795512
0.0011453704
4.2311053e-06
4.4149665e-08
7.341189e-06
4.212732e-05
2.3977002e-05
0.038139842
0.0012606352
7.218396e-05
1.6658727e-05
0.0054007284
3.131626e-05
0.00022214868
1.2122749e-06
0.9958178
2.5922526e-09
0.000102992264
0.0006164505
2.0196321e-05
