0.01928855
0.7676789
4.8391407e-06
5.7940233e-05
0.46311703
0.025611494
0.17062828
0.62057966
0.99920785
9.70594e-05
0.014117017
0.038680393
1.6769495e-06
2.607364e-06
1.6613447e-05
2.1397578e-07
0.0004396635
0.00737697
0.009210849
0.00031857763
0.30936727
5.6434756e-06
0.0015328338
2.5626416e-05
0.0194526
0.99984276
2.3041179e-05
0.99952805
0.00076123513
4.9582027e-06
0.9718763
0.0015328338
6.859102e-05
0.0001977282
0.6590334
5.2170744e-06
0.99326456
2.546486e-06
0.99858063
0.17548436
0.007025241
0.9999857
0.00040742318
0.9999994
1.8983472e-07
1.5231631e-05
0.0022694557
7.4073087e-06
0.00028708443
1.2990876e-05
0.0063027786
0.9110798
0.8448242
4.1428688e-05
0.0045100283
0.006609172
0.04863478
1.336202e-07
2.02137e-05
0.00083867036
2.1397578e-07
1.8688343e-07
9.954893e-05
0.8136335
3.0915517e-06
0.009393624
0.000148579
0.008321462
6.186799e-08
0.00013492971
1.1616405e-06
5.23324e-06
0.00013417006
0.00045252827
8.664041e-06
1.2207778e-05
8.2924256e-05
0.0026043432
1.663268e-06
0.0018466954
1.4682842e-06
0.00070052984
0.0011105281
0.0007341246
0.0040335907
0.7366923
8.7969085e-05
7.334758e-06
2.5983956e-05
2.4376648e-05
0.00079181517
5.508628e-05
0.00055430655
0.0002192998
0.0028046453
1.5837873e-06
1.2990876e-05
0.00021155672
0.99752426
1.9676436e-06
0.13602293
0.018017957
0.18514132
0.014117017
2.1459393e-05
0.00085101434
0.30249283
0.09059101
3.0850704e-05
0.61468786
0.9019344
0.99999404
0.067442395
0.015997486
0.0028706805
6.5875615e-06
0.003983119
0.008755845
5.905619e-07
0.99519956
0.0019755503
0.00079548924
0.2204162
1.5266339e-07
0.0016158544
9.834267e-06
0.25042698
0.00010872892
5.823767e-08
5.1082798e-06
0.016999273
0.0041707493
0.9980798
1.9273026e-05
0.011896073
1.6930747e-08
0.023842864
0.98334926
0.014117017
0.53911763
6.242716e-06
0.0001328571
2.5983956e-05
0.93460256
2.0073889e-05
8.634125e-05
5.3241133e-06
0.0004396635
0.0191601
0.008240406
0.0009098072
0.971876
0.00085998484
1.0438332e-06
0.00037132011
0.02642666
4.3154854e-05
0.70825195
6.0604976e-05
0.0001730986
3.449067e-07
0.175349
0.00014748027
1.2890839e-05
1.1514807e-05
0.05677237
0.000462578
0.008876354
0.0058569475
2.1397578e-07
0.6252244
0.9995087
3.6426906e-07
9.676614e-06
0.00012448612
1.3989563e-05
0.0634509
0.8912104
0.2534985
2.3296929e-05
0.00022897078
0.2203903
0.99269676
0.001135085
0.864143
0.9999079
0.0032393641
3.0848438e-05
2.5872514e-05
0.077582054
0.21947946
9.70594e-05
0.00635027
0.0007341246
1.21298735e-05
8.812274e-05
0.029329704
0.99999976
4.7313493e-05
1.2264058e-05
1.0854754e-07
2.2675942e-05
0.96973044
3.8891864e-07
0.002705398
0.71815693
3.4837822e-06
0.000129696
3.449067e-07
0.0002617063
0.19840685
0.027645186
0.008616395
7.1621116e-07
0.0010438011
0.0016878888
0.0018630294
0.017652895
0.0032393641
0.00021840526
0.001635135
3.5593465e-07
0.00932322
0.002024099
0.020749232
0.96973044
1.8688343e-07
4.7563767e-06
2.2358396e-05
0.99999523
2.8039542e-05
2.8670965e-07
0.0056112627
8.945497e-08
7.7925115e-08
4.7513295e-05
0.005550896
0.9992706
4.259356e-06
5.502702e-06
0.00022989501
2.2654919e-07
4.4148087e-06
4.461228e-07
0.04982887
0.0007535564
0.9983453
4.4148087e-06
0.32520154
0.005601783
0.99141175
0.21257101
2.233521e-05
0.0007443346
1.7743965e-05
0.00019908289
8.634125e-05
0.00045252827
0.00026431622
7.617676e-07
0.00055892166
5.6814706e-06
2.3396184e-05
0.9999857
0.002830039
0.00022326304
1.0
9.459014e-06
3.0848438e-05
0.00010922825
6.8828836e-06
0.3430715
0.30936727
0.99999994
2.3296929e-05
0.0014371085
0.9999999
0.0020467716
0.023842864
1.0682146e-05
1.5394824e-06
0.0003565343
0.0017345729
3.881697e-05
0.9459654
1.2890839e-05
0.023655672
0.0007153238
2.0537476e-05
0.99996877
0.0006293266
3.4673416e-05
0.99999976
0.99971116
3.992225e-07
0.00011491716
0.9999998
4.3807e-05
0.3594378
2.3640435e-07
