0.99963796
2.9783106e-07
4.422966e-07
9.9855356e-08
0.0010022718
9.947188e-05
3.9564565e-08
4.2347892e-05
1.7399222e-08
2.3690252e-06
0.004449478
6.8674226e-06
0.00018957403
0.004858021
0.0057691396
0.99999994
0.076777086
7.688949e-06
2.490336e-05
1.1373818e-07
0.019851055
3.118628e-09
2.693368e-09
2.8899219e-08
1.9018611e-09
1.830796e-09
0.00017763856
2.0120787e-09
0.00061532937
0.029267862
7.4501255e-10
5.7019497e-07
0.9938563
0.4928372
2.7367264e-07
4.912543e-10
0.9953301
7.4776744e-06
0.00042820966
0.014693372
0.019970048
1.539318e-06
1.0511537e-08
1.4490662e-07
1.2612479e-07
0.00010820112
1.7279804e-07
3.7380803e-05
0.007978817
1.6444031e-07
0.99024624
3.8728194e-07
1.6181748e-05
6.1880423e-06
1.1638106e-06
5.5751325e-06
1.4081982e-07
1.0286508e-07
6.1314566e-08
4.522372e-08
0.0009303143
2.2839886e-05
1.2727883e-05
6.6949855e-09
0.16409703
2.2642624e-08
2.434757e-06
1.7566335e-05
0.011115002
2.4969205e-07
0.0005472187
0.004858021
6.3368165e-11
2.3517528e-09
4.7704866e-06
1.5675774e-08
0.0057691396
0.00022643416
8.0068e-05
3.9625664e-07
1.668912e-09
3.9334505e-10
0.00031787404
1.480065e-07
3.092818e-05
2.1262162e-05
3.5127234e-06
7.860806e-06
1.6893092e-07
3.365117e-07
1.8507674e-08
0.11338607
2.0264926e-05
2.3258546e-05
1.9094152e-06
1.1683267e-06
7.875064e-08
0.9243419
1.4526083e-07
2.8839731e-05
3.2413038e-07
3.0524067e-08
0.00025765685
0.00041155412
6.513421e-07
1.2143724e-07
0.009402503
1.9524375e-08
6.7279456e-05
5.9287137e-05
6.7279456e-05
0.00015162115
8.0068e-05
1.3890888e-06
2.478288e-07
2.8003444e-09
2.5280886e-07
0.019970048
0.00011228452
1.1845827e-05
1.0126968e-08
4.2552024e-06
4.3101537e-07
0.0010022718
7.3704277e-06
1.4419103e-07
1.0768223e-06
5.0417366e-05
1.9934714e-07
0.00038901897
2.693368e-09
8.3065004e-08
0.020026876
8.284507e-08
0.00080552767
7.6392246e-07
0.00572424
1.0600049e-05
1.19620855e-08
7.429102e-08
5.8560918e-08
6.625387e-07
6.7607377e-09
3.022755e-07
6.5713853e-06
1.5530146e-07
6.011625e-08
6.41217e-07
0.0050625
0.04743736
7.903012e-06
1.6945452e-07
1.0886558e-05
0.07680056
2.2910314e-08
1.1008649e-07
0.025486978
0.77833146
0.784304
7.861421e-06
6.613061e-05
0.0002556055
0.00014302196
0.00024564288
2.7381562e-05
0.00011257785
6.4610197e-07
3.0587996e-06
1.9018611e-09
6.434014e-08
3.878341e-08
1.9570869e-05
1.2612479e-07
1.9198343e-07
0.12103244
1.6256654e-07
0.0036495847
6.1341845e-05
0.57092917
0.9622586
1.6181748e-05
0.0021454063
0.00041155412
0.0015730163
2.804149e-06
2.7152549e-08
4.416354e-05
5.9898266e-06
0.00017148863
7.0111504e-08
0.84939826
1.8958819e-05
0.7050893
3.1773325e-07
0.9999769
0.00010985435
1.0495014e-07
0.00045559747
2.6911008e-05
0.008832828
0.025567459
5.278559e-07
8.863421e-05
1.4794098e-08
2.7120873e-08
0.99813914
6.5892536e-09
1.7399222e-08
0.00031787404
3.77033e-06
1.4794098e-08
3.878341e-08
6.4663453e-07
2.1333331e-05
1.1317678e-06
3.09286e-09
2.0690994e-08
1.2531568e-08
5.3850727e-05
0.007998922
4.876394e-05
0.99906945
8.3065004e-08
2.7760908e-07
0.00020017794
0.21682826
0.40989354
0.5595877
1.367969e-06
2.5525915e-06
0.15338275
3.9999344e-07
1.4738635e-09
3.137415e-07
0.9999915
5.939293e-07
1.686815e-08
2.909759e-05
1.5826451e-10
0.041741397
1.3452919e-05
4.6764867e-06
2.234746e-05
0.0018268123
6.625387e-07
3.632533e-07
0.99999994
0.00012313986
1.7985187e-08
0.9932471
9.677556e-08
0.00014302196
4.9391452e-05
1.4995896e-07
1.1086133e-06
0.00048111333
9.8456685e-06
2.5402465e-05
4.2552024e-06
1.4350377e-05
2.625512e-09
5.1405324e-09
2.600101e-05
0.0021143267
0.004146937
3.472566e-08
4.6181964e-07
4.135524e-09
3.483053e-08
0.00013132876
0.00067389855
2.4152662e-06
1.5804431e-05
4.876829e-08
3.7558205e-08
0.022189261
3.5117915e-07
2.4969205e-07
1.8109252e-07
3.4885923e-07
6.856409e-08
0.011649195
0.0029602326
4.6362416e-06
0.07524476
1.1390475e-06
8.045799e-06
0.013542426
3.5358534e-07
0.35454947
1.7034762e-06
1.7864601e-12
0.00091359555
2.1771684e-06
7.0454385e-09
0.8975159
0.00015194897
1.2233665e-08
0.00014302196
3.8728194e-07
