0.7585793
0.46651042
5.167865e-07
1.7321281e-06
8.522659e-12
4.7637943e-07
3.4166564e-07
6.3864775e-07
2.146477e-06
7.539373e-05
8.323076e-05
0.9602989
1.9016541e-07
9.18145e-06
6.3049254e-07
5.3993085e-06
8.8921814e-07
7.352135e-07
5.444171e-07
5.426112e-07
0.0018872791
1.1673816e-05
2.793763e-07
0.1842039
1.3614962e-05
0.18226387
2.3337958e-07
1.3753212e-05
0.0009546157
1.5905222e-05
0.99984854
2.405139e-06
1.6499103e-05
0.00014753203
6.0718015e-05
0.055177268
2.1508933e-05
1.4588808e-06
0.9965783
1.074961e-06
0.00012117609
3.143533e-08
0.9949769
0.043640096
3.930203e-06
1.845674e-05
1.0157091e-07
0.13167045
0.04535291
1.074961e-06
0.0007300367
2.447029e-07
8.2874607e-07
5.085028e-07
1.5381257e-08
0.0022926934
0.9506493
0.7738448
0.0044867788
1.4211435e-05
0.9978553
0.99929994
1.3753212e-05
4.2459865e-07
0.0005366095
0.28411505
0.26968974
0.9988229
8.8791305e-05
9.542355e-09
5.987411e-05
2.9638197e-06
1.7954963e-07
1.0766682e-06
4.0608516e-05
0.0005366095
1.924589e-06
0.00018021779
1.150246e-05
3.8507437e-06
2.3373819e-07
8.604328e-06
7.0313693e-09
0.00072623487
0.00018057556
5.3499104e-08
0.025851587
3.750045e-05
2.9074897e-06
0.20661144
0.9684839
5.5504884e-08
4.718129e-07
0.12843446
0.00015087353
0.014015457
0.02907569
0.0003971122
0.0018531741
4.624976e-06
0.93371195
0.0002250193
0.99986345
4.050852e-06
0.003994698
2.2802809e-08
6.2139973e-09
0.00053684664
5.6510435e-05
3.3759732e-06
3.3971418e-08
2.4567262e-06
0.5768436
0.9991298
0.016932383
0.9964859
1.6499103e-05
2.584011e-06
0.00029257595
8.193114e-08
1.5831554e-05
0.00029068167
0.103747785
1.5158072e-06
0.0027818177
2.447029e-07
2.5839867e-05
1.4761973e-06
3.0848955e-06
0.008655545
0.51974845
9.7088005e-06
0.00039557047
2.6240766e-08
6.0718015e-05
2.8474338e-07
5.1934334e-05
2.3087903e-06
7.408951e-07
0.00025158538
3.2165637e-05
5.446412e-05
0.9965783
5.9618687e-05
7.0640626e-06
5.43831e-05
1.2182936e-05
0.00012631211
5.1922933e-07
0.0008007434
3.0426403e-05
0.014015449
0.9999997
5.078571e-06
0.99999976
1.7803512e-08
0.8828049
0.6247195
1.2060756e-06
6.2181175e-06
6.2387846e-07
8.69435e-07
6.2387846e-07
4.849318e-06
2.3337958e-07
7.6359174e-07
8.6216505e-06
1.7917878e-07
6.542209e-06
0.035623968
0.00019662498
2.2452116e-07
0.026731653
0.99839336
5.164652e-07
0.17205521
3.553808e-06
0.62647456
4.6681802e-07
9.0145636e-07
1.8236818e-10
2.4938676e-05
1.3511743e-07
0.0002610738
0.015593262
1.1859727e-06
5.164652e-07
0.999973
5.9676393e-09
0.00045024647
8.334142e-09
1.1522408e-05
8.26684e-06
0.00012403089
4.3355527e-07
0.7985895
8.016092e-08
2.5863214e-05
4.5377527e-07
0.0022595248
0.9070957
5.458509e-07
3.2253553e-08
0.9995974
1.0
1.2837991e-07
3.134931e-05
1.0275542e-06
4.880077e-07
0.26968974
2.9824113e-10
3.9658435e-06
2.2309707e-05
9.376655e-05
1.2646725e-06
9.506124e-07
2.072415e-05
0.055632766
7.000698e-09
1.4493648e-07
2.9520641e-05
0.0074700415
3.7329886e-07
0.0007900945
6.2033867e-09
0.9996647
0.00042690092
6.0514154e-09
9.5102496e-07
0.04553655
3.553808e-06
1.5712837e-07
5.1980637e-06
4.66317e-07
4.831278e-08
5.9176896e-06
0.3506533
3.6433644e-07
1.093515e-05
4.6626283e-06
0.00016532502
0.001402467
6.2387846e-07
9.1834896e-05
2.7590281e-09
9.940343e-07
4.518951e-06
1.0625092e-06
6.51025e-05
0.99943244
7.246313e-06
0.016932383
0.00027210245
1.5509486e-05
0.014551482
0.0030122246
1.450341e-09
3.6033845e-07
0.002333215
0.03784214
0.99184567
0.9999952
0.96625006
2.733909e-06
4.044931e-08
4.871586e-06
2.056244e-06
1.4753329e-07
2.6006482e-08
0.000273
0.019479193
9.5102496e-07
1.93915e-09
0.19535959
1.9729368e-08
1.0542539e-08
0.99999785
1.0929815e-07
9.7088005e-06
0.0072692716
1.1538235e-06
0.7039205
0.0039431793
0.023870202
7.1540904e-07
0.0073703732
0.99356335
0.45195672
4.6550298e-08
0.00018914774
1.6616572e-07
0.1610427
0.9999543
8.668056e-05
8.062221e-06
0.9998139
7.137797e-08
5.7568377e-09
1.9516333e-06
2.0311787e-05
