0.9999991
0.99999976
0.9997211
4.535512e-05
6.8601967e-06
0.00011461314
4.880086e-06
0.00011042696
0.00097381
7.787979e-05
0.34649143
1.0
5.0766863e-05
1.3211533e-08
9.672761e-05
0.00011206011
0.00026769075
0.0008651958
8.2425446e-05
1.2016613e-05
1.0
0.060628276
0.024196124
0.00035566316
8.514523e-05
1.0756506e-05
0.99013984
4.10096e-06
0.00078244274
0.4512549
0.00016023261
2.834155e-05
1.6640975e-05
0.65668386
1.6640975e-05
0.0075553353
0.40423852
0.0024988402
0.81703496
2.8770068e-05
0.0001311608
0.014755279
5.1861207e-06
0.99975413
0.0018061796
0.9999999
1.4584451e-05
9.417897e-06
4.2932945e-05
5.629886e-06
5.6742258e-05
0.0036480713
0.86688906
4.47074e-06
1.730784e-07
0.9171546
6.1686354e-05
0.9999999
0.8678325
0.02571965
0.004152119
2.9911246e-06
0.25496054
5.9427776e-07
3.4413008e-06
0.07794472
6.2388594e-06
0.0001349436
0.0017096268
0.009271578
0.03170455
1.4870823e-05
0.8550697
0.0015001734
0.6885061
0.00025469565
0.6898194
0.39251414
0.00034844643
0.006470932
1.2684726e-06
0.9999871
0.0011330389
0.0015246607
0.00062763086
1.7813313e-06
2.6590583e-06
0.001447803
0.0011618254
0.9999813
2.6045258e-05
0.40862915
7.869007e-05
0.0024939908
0.0001487369
5.83527e-06
0.027837375
0.016565345
0.00014397704
0.963224
0.00027596578
0.00013692142
2.709474e-05
0.0008651958
0.020861145
0.0019728453
0.054193817
1.3289902e-05
0.005605165
1.4145963e-05
0.0001658554
0.20414594
0.0011351423
7.6305514e-05
9.618329e-06
6.534937e-05
0.9956383
0.00033837373
2.0845038e-05
0.018634625
0.81840754
2.601785e-07
0.9999985
0.00015565044
0.00013883019
7.19495e-06
0.0072133043
4.811819e-06
3.7804477e-07
0.3145561
0.005700218
0.0010970158
0.9999648
1.910569e-05
0.00092427724
0.0036480713
0.006390482
0.028130928
0.762681
8.360798e-08
0.0008651958
0.00081489334
4.069163e-05
0.008822306
0.00010229332
0.0003629207
1.598482e-06
0.1676818
0.00011461314
0.0006756178
0.013265122
0.0007489402
7.008585e-05
0.01563487
0.15019098
0.00016943256
1.333432e-07
0.005355721
2.475598e-06
0.9804211
0.00092120183
0.57118845
0.075221136
1.0
0.15812805
0.001502508
0.9990896
4.0945e-06
0.9999769
2.8805978e-05
0.0012291138
0.5376283
0.028176226
0.0054432466
0.9996699
0.001803496
1.3956941e-05
8.9806075e-05
0.0016197083
0.00519698
0.9982898
0.0022084392
0.004152119
0.9998605
2.8770068e-05
0.0006154751
0.020408304
2.9912558e-06
0.09092895
6.2860645e-06
0.0033831995
1.5272296e-06
0.008498701
3.7093644e-06
3.1086845e-06
0.0002859748
0.0060353843
2.4291446e-06
0.00012961464
0.20922524
3.8031712e-06
0.0036590502
0.002234137
0.41195053
0.9936101
3.0183412e-05
0.762681
0.99794394
2.1678867e-05
6.534937e-05
0.99821514
0.03592026
3.0183412e-05
0.00023599334
0.01563487
0.00043790592
0.0027754374
3.5937748e-05
1.1976639e-05
0.9882996
0.0030747063
0.045574594
0.016009334
0.001447803
2.5153737e-05
0.6246497
1.2825078e-05
0.8803454
2.4875186e-05
0.0018061796
4.661045e-07
0.39877605
6.2388594e-06
0.00027893795
0.0069338167
2.763417e-06
0.9999397
3.4963618e-05
0.031848613
0.000838495
1.566016e-05
1.0
0.00012961464
0.01676262
0.0014100671
0.04305975
0.006470932
0.058320224
1.7420496e-05
4.4624803e-06
3.2005414e-06
9.334097e-06
0.0642192
6.1029277e-05
0.9486873
7.083005e-06
0.010484875
2.5819662e-07
1.0
0.00058197934
0.4215293
0.9999974
1.7512408e-05
0.020260412
2.515367e-06
5.544147e-06
0.0010422699
0.0008915331
0.99999994
8.79095e-06
2.7127473e-05
1.0
0.9947431
8.5158135e-05
2.9912558e-06
0.0001609339
9.417897e-06
0.99663156
0.30260357
1.3990523e-05
0.00016464338
0.9999805
2.0011024e-05
0.00019159347
0.0008651958
1.4943433e-06
1.5409114e-05
1.6930033e-05
0.00016023261
0.012116362
3.8134203e-06
0.02626161
0.99975413
0.7908377
0.00023633515
0.5784515
1.9014237e-07
0.0022598365
8.79095e-06
0.54454684
