1.0
1.0
0.0031085652
1.2716102e-05
0.21365504
0.00039867155
0.00011026071
2.8528505e-06
0.640243
0.0032246676
7.745929e-06
1.01785844e-10
2.7597248e-06
5.83739e-07
3.8696773e-05
2.8453233e-05
3.1320698e-07
0.0038370683
0.3756649
2.1790142e-07
1.5994273e-06
5.312217e-08
0.00065660995
9.1417874e-08
0.013750013
0.0046730977
6.0412483e-05
5.73362e-07
0.0005284018
0.3756649
8.687953e-08
2.036011e-06
1.1629529e-06
0.23944585
1.9173386e-07
1.2196501e-06
0.0003533643
0.042712096
2.9756134e-07
0.10488445
0.0010506335
0.4437253
5.698666e-07
0.9127039
0.08774562
5.73362e-07
1.5628786e-05
7.5822077e-06
0.44497794
1.5563076e-07
5.217514e-07
1.0
7.635828e-09
1.4645627e-06
0.067005776
0.015391927
0.94992334
0.024335228
0.00014275708
1.3314792e-06
7.944536e-07
0.0005715472
0.76830834
0.9987345
1.7546125e-08
4.2325148e-08
0.010105562
0.0006226022
5.5595017e-05
2.2468774e-05
0.1513252
3.1284964e-07
0.0009517963
3.2956248e-06
0.93837476
1.8086034e-06
1.0
0.9127039
5.117876e-06
8.652564e-06
3.93689e-09
0.980625
0.00021717841
3.9823222e-05
3.0226772e-07
0.9992058
4.0462805e-06
5.205842e-06
0.96814954
2.49604e-06
3.8497237e-07
1.1336523e-07
0.08844482
2.7005253e-06
4.6013943e-07
0.00012168499
0.00012146913
0.81265527
9.015845e-06
4.3376573e-08
1.1385881e-06
0.024737727
1.33606345e-05
0.00012308786
3.6484944e-09
3.2494743e-08
9.9668265e-09
0.0008606283
3.351366e-06
0.0005957783
0.0017847618
0.00033179476
1.8310486e-06
0.9779329
3.0356583e-05
0.00020771744
5.0767903e-07
0.0006538847
0.0031085652
1.4385447e-08
0.0011530861
0.9089559
0.002541308
1.9491541e-05
7.3352685e-06
0.999935
6.13805e-07
1.7896169e-06
0.9658985
4.1730448e-07
5.95426e-07
0.003540242
1.0384359e-06
0.0002429656
0.0037160588
0.99906296
0.9999862
1.3671354e-07
0.016818171
0.0009843244
0.0028314537
0.99998385
1.4229239e-06
0.99603647
2.3427162e-06
0.00011006144
0.000112425194
5.2575208e-05
4.1047865e-06
0.0007630981
1.689609e-07
2.9624482e-05
0.0020048944
4.0417464e-07
1.9848079e-07
0.023743091
3.9681783e-08
5.7819466e-06
0.00081331434
6.176264e-05
1.1810341e-05
0.0023078024
7.301468e-06
0.0003146644
2.7775586e-05
7.0296395e-09
7.2892746e-08
0.7342106
0.013883016
2.3145617e-06
1.2920829e-06
0.023267208
0.00041359614
0.0003116671
0.6406081
1.3202697e-07
0.00048353625
3.0398387e-05
5.1632018e-05
9.828845e-09
0.022478
5.8471534e-05
1.5994273e-06
0.00047866922
4.8284364e-05
0.004281848
1.2317162e-07
0.0028569768
2.4299086e-07
2.3478166e-05
1.3943305e-08
2.6876512e-05
1.4525736e-05
0.14072189
1.0518687e-06
7.8797675e-05
0.11906997
0.8713197
2.6441235e-06
8.021874e-08
2.5544237e-05
2.759367e-06
0.9991355
0.006852699
3.001163e-05
2.1035846e-07
0.99705493
0.7327458
2.5515253e-06
7.4975037e-06
0.0025119307
0.11090552
0.17046896
2.5802063e-07
4.6176945e-07
2.1244591e-07
0.0008606283
6.6881505e-05
8.499884e-08
0.0004449248
0.21365504
0.00010954931
0.0066262186
1.9619417e-06
2.8517668e-05
4.8454716e-08
0.038261708
3.809502e-06
0.0045495657
4.276045e-07
1.4046667e-07
0.00019956409
2.7010044e-06
0.99503314
0.98101556
7.3819035e-07
0.9089559
2.5515253e-06
0.56252766
5.118785e-07
7.249783e-06
8.1779224e-05
9.26608e-06
0.08774562
1.2196501e-06
0.0015209863
0.023608042
0.0608373
2.1644986e-05
1.0
1.571646e-08
0.09736684
3.038547e-08
0.9993611
0.00024846804
0.9995934
0.1078383
8.400341e-09
3.001163e-05
2.016091e-07
4.937022e-06
0.6902487
1.812673e-08
0.036941063
2.7005253e-06
0.0009162334
3.1938328e-09
8.51429e-07
0.0007804616
0.0114315925
0.0010309808
0.0023078024
0.008615402
5.0461094e-06
6.872865e-05
0.0005459928
5.055494e-07
6.25561e-05
2.9756134e-07
1.1187765e-06
6.3803864e-06
0.03170549
0.00011886207
1.6405513e-06
0.00010954931
2.7775586e-05
0.0008491396
0.00017004045
6.949918e-07
0.13873056
7.3819035e-07
1.6707636e-05
0.00039601512
0.9996553
1.0097073e-06
3.5033852e-07
0.00046529513
1.7395378e-07
0.00020653725
2.959166e-07
