0.79984254
0.9995295
0.7350796
0.0910062
0.070719115
0.70167047
0.870622
0.98124087
0.963004
0.99147296
0.20197754
0.99919826
0.99648154
0.99477845
0.9802326
0.40625897
0.9999928
0.9257689
0.99980867
0.78445154
0.9952766
0.90592116
0.9909665
0.97725755
0.22415964
0.99996895
0.9053116
0.18932715
0.936879
0.9752667
0.6896149
0.9918106
0.86205935
0.8448324
0.91323876
0.9786407
0.7558818
0.99954575
0.9956146
0.99757814
0.97636604
0.99990344
1.0
0.9609538
0.9995187
0.99389076
0.9362626
0.26377627
0.8842547
0.0018879224
0.99995357
0.84218377
0.9999356
0.19338934
0.06504269
0.99987066
0.99815667
0.9941261
0.9999141
0.79984254
0.9995295
0.7350796
0.0910062
0.070719115
0.70167047
0.870622
0.98124087
0.963004
0.99147296
0.20197754
0.99919826
0.99648154
0.99477845
0.9802326
0.40625897
0.9999928
0.9257689
0.99980867
0.78445154
0.9952766
0.90592116
0.9909665
0.97725755
0.22415964
0.99996895
0.9053116
0.18932715
0.936879
0.9752667
0.6896149
0.9918106
0.86205935
0.8448324
0.91323876
0.9786407
0.7558818
0.99954575
0.9956146
0.99757814
0.97636604
0.99990344
1.0
0.9609538
0.9995187
0.99389076
0.9362626
0.26377627
0.8842547
0.0018879224
0.99995357
0.84218377
0.9999356
0.19338937
0.06504268
0.99987066
0.99815667
0.9941261
0.9999141
0.79984254
0.9995295
0.7350796
0.0910062
0.070719115
0.70167047
0.870622
0.98124087
0.963004
0.99147296
0.20197754
0.99919826
0.99648154
0.99477845
0.9802326
0.40625897
0.9999928
0.9257689
0.99980867
0.78445154
0.9952766
0.90592116
0.9909665
0.97725755
0.22415964
0.99996895
0.9053116
0.18932715
0.936879
0.9752667
0.6896149
0.9918106
0.86205935
0.84483236
0.91323876
0.9786407
0.7558818
0.99954575
0.9956146
0.99757814
0.97636604
0.99990344
1.0
0.9609538
0.9995187
0.99389076
0.9362626
0.26377627
0.8842547
0.0018879224
0.99995357
0.84218377
0.9999356
0.19338934
0.06504269
0.99987066
0.99815667
0.9941261
0.9999141
1.7374833e-06
0.0034067947
0.0016103083
2.5153258e-05
1.6738095e-05
8.4937135e-05
0.004913699
1.9616704e-05
0.0015087295
9.264313e-05
1.690892e-06
0.27124587
2.7606697e-07
1.4633035e-06
0.00045507096
1.010303e-07
2.6492728e-07
0.00022919924
2.3711401e-07
0.0010670233
2.9779447e-05
9.926883e-06
4.3807677e-08
0.9986981
0.0005745539
7.2439383e-07
0.9960541
9.554098e-06
0.9998904
6.71756e-05
2.9702826e-06
1.7661379e-06
0.0030000298
0.0006981066
2.0932555e-06
0.9999996
0.00016442046
0.68223065
0.006781329
2.9337742e-05
0.0025944111
1.0780369e-08
1.867111e-06
2.8545748e-05
6.526704e-06
2.3730458e-05
0.96676713
0.0011192689
2.493242e-07
3.0173742e-05
4.0573408e-07
0.014808013
1.3357475e-05
0.9993633
2.0880214e-05
2.3016164e-05
0.40991414
0.00010798518
3.3833928e-06
1.3442288e-05
0.02172209
2.3190263e-05
1.332349e-07
0.0075637205
2.1686086e-08
0.9998794
2.4314123e-10
1.4520364e-06
0.9481062
5.997092e-07
0.0034067947
0.055168983
0.0012467265
9.804486e-07
9.3126005e-07
0.40991414
3.3606662e-05
2.3506604e-07
0.0005058525
3.3499153e-05
6.4056366e-07
1.9902213e-07
1.733161e-07
0.21938217
2.554262e-06
0.00010469482
2.152665e-11
0.99582547
6.710399e-07
8.525589e-05
9.302071e-06
1.9814863e-06
0.006996652
5.649128e-07
0.029914059
1.1249046e-05
1.605701e-07
0.085829474
0.025253221
0.00013684858
0.002195513
3.6848494e-06
3.0087535e-06
0.00019298523
1.2395114e-06
4.897932e-09
1.2372305e-07
0.9748965
5.1272316e-05
5.493148e-07
0.99999803
1.3325362e-06
6.994297e-05
0.24379495
2.9702826e-06
8.0673836e-08
2.386745e-06
0.00013041527
0.0038919747
7.72654e-06
8.5803236e-05
4.971563e-05
3.3606662e-05
