0.99998736
0.0045299153
3.0798367e-06
0.9999713
7.0488004e-06
0.027446534
0.91883916
0.0022487317
0.00017052138
0.072106384
0.45480433
0.0035441348
7.928959e-07
0.999887
0.00041171754
0.99876094
0.013135233
0.004447324
0.0016796531
0.0011917492
0.015443769
1.0
0.09438294
0.85132205
0.0001417736
6.355558e-05
0.99960387
0.8143779
0.00027127902
0.00029340165
0.000110197856
2.6731644e-07
0.0074483515
5.2765536e-06
0.012062653
1.2546824e-06
0.046230555
0.9647511
0.8797043
0.9994667
0.04479846
3.698011e-05
0.0021786098
2.7634644e-06
0.00030355513
3.3946078e-06
0.29625273
0.97000957
6.3117027e-06
0.0035395136
1.7729857e-05
0.0003493192
0.0074207652
0.99999964
8.221146e-06
0.0010915764
1.6344035e-05
3.0030724e-05
0.0014004763
0.41202283
0.9999708
0.14402789
2.2608742e-06
3.316033e-05
1.5923571e-05
1.1752529e-06
0.9839108
6.244233e-05
0.00043535532
0.9999938
0.0075822524
7.733579e-07
5.884969e-06
0.0006166027
4.2661584e-05
0.0251649
9.903811e-05
9.940446e-05
0.018618213
2.681941e-06
0.099816814
0.8751777
0.7449958
0.0064596296
0.00080626184
0.1661713
0.04643746
0.8797043
0.116429165
0.0251649
0.0034512463
0.0016795236
0.00012201579
7.557568e-06
0.029918654
0.0010529251
0.034602024
0.8518133
0.00025988423
1.2148686e-05
4.5941128e-05
0.99759465
0.99453515
0.6952734
0.24477854
0.3911134
4.5322687e-07
0.0013192394
1.4238675e-05
0.0022226728
0.9956746
0.00027222573
0.00075597956
1.37852e-05
0.28969744
0.9647511
0.02406723
1.776181e-05
0.00044655366
1.467357e-05
0.00033032274
1.0925935e-05
0.0022487317
1.2589526e-05
0.0002064774
4.6680096e-05
0.9970765
2.7938513e-05
9.54217e-06
2.749203e-05
1.9320227e-05
0.007363166
0.99071103
6.664882e-06
0.044158593
0.01783298
0.009589496
5.796035e-05
0.00010374988
0.0011954027
0.00013725409
6.969524e-06
1.4238675e-05
0.00018224648
0.89595485
0.00011179094
0.0009998445
8.521101e-06
4.333813e-05
0.0135312
0.046974644
3.615255e-05
0.003694787
1.06690536e-07
1.2303348e-05
4.4380176e-06
0.97978693
0.20864432
0.00043148978
7.603458e-05
8.5833024e-05
0.0003234991
0.005645703
0.0002593899
0.001404413
0.0032743532
0.9943454
2.315127e-06
0.31249863
0.018479364
1.500473e-05
0.018617602
5.735824e-07
0.002235332
1.0
0.4954323
0.071787916
3.5347782e-06
0.00017271675
0.90107274
3.053075e-05
0.08063065
2.1302278e-06
0.8340313
7.733579e-07
0.9999708
2.7986698e-05
6.06138e-06
0.0007211881
0.31249857
0.9942604
0.0004213041
0.031499866
2.0593707e-05
0.012204408
0.4873935
5.2426863e-06
6.380522e-05
0.44870475
1.8501041e-05
0.008908811
0.00051890954
0.91883916
0.24726598
4.8297534e-05
0.0014004763
0.43943954
0.0006481292
3.053075e-05
8.6172695e-06
3.9641385e-05
0.00011237857
2.5988787e-05
0.017836822
9.127396e-05
0.0005633002
0.9484529
4.2589916e-05
0.99996555
0.0003234991
4.043809e-05
0.6236554
0.010460484
0.1048469
6.606133e-06
0.15248674
3.8423874e-08
0.00014285582
0.2018975
0.98901564
0.08398302
7.431777e-06
0.3506768
8.924749e-05
9.942182e-07
0.012101982
0.5539398
0.0041296906
1.2377122e-07
0.35427502
0.00026370806
0.00028360393
0.0017497069
1.7453372e-07
2.6771087e-07
0.9999994
0.00031752273
0.046974663
1.3513151e-06
0.9999999
0.0014879849
0.9988432
0.0022192227
1.0994008e-06
0.54901564
8.1086706e-05
0.39350984
0.009995794
0.00031050155
0.031232476
0.03817326
0.017442811
1.89293e-05
0.99870545
0.9993848
4.2929998e-05
0.003612797
0.005407264
0.9602009
0.020241754
6.621851e-05
0.9391692
0.0029792618
0.00020550712
0.00019913471
0.7166887
1.124908e-06
0.0007007619
0.9834031
0.8143779
0.9999994
0.0015977906
0.15081006
0.638984
0.00018577796
2.4534773e-05
0.0016594067
0.00044655366
0.0003493192
0.020376729
0.00091086543
5.8042556e-06
1.5078327e-06
0.00091937976
0.0041296906
0.00090490404
0.00088225363
0.0017041771
0.031499866
0.7659247
