0.9999991
0.99999976
0.9997211
0.00671062
0.99717146
0.0005017335
6.7159885e-07
0.062271755
3.975329e-06
1.6819804e-06
0.0020144514
3.6244328e-06
0.99013984
0.86296386
0.93354386
0.023815332
2.1581707e-06
0.0024800696
0.0044583622
0.99988365
0.064293355
0.042320512
0.0013189034
0.0021626058
0.2972988
1.0919373e-05
2.4980522e-05
0.061821245
0.024196124
0.0006251667
0.18367724
0.39251414
1.8428913e-05
1.0484791e-05
0.18805027
3.1033887e-05
6.5378867e-06
3.7892067e-05
0.0001487369
0.9949822
0.0012287591
4.473185e-05
1.2904271e-05
7.014433e-06
0.9998606
0.0026883204
0.31133375
3.6330817e-05
0.0043413923
0.9919312
0.000351866
0.1358749
2.8771605e-05
5.672705e-05
4.2635907e-06
7.980812e-07
0.0007810865
0.03538419
1.8722407e-05
0.010118178
0.0030085265
4.9553608e-05
2.5153737e-05
2.6388214e-09
1.4870823e-05
1.8571149e-05
0.99458545
1.0
2.9170895e-09
0.0001349436
9.128194e-07
0.008651217
5.919957e-05
0.0014737233
0.43170914
0.59095347
1.1993865e-08
8.189933e-05
0.007725381
1.7685986e-06
0.00015661307
0.99997175
0.014167238
0.0063444204
0.01563487
0.0016504319
7.619201e-05
1.5272296e-06
0.997866
6.926139e-05
0.9999998
0.965095
6.0013825e-08
6.028875e-05
9.650418e-05
0.0020291547
0.03222276
1.2684726e-06
0.0024939908
3.7956565e-07
0.48060536
0.1110834
4.0334435e-06
0.9998395
5.7772726e-05
4.0945e-06
0.99877506
0.0035874136
6.9032812e-06
0.6970612
9.283468e-05
0.99999547
0.311053
0.99992555
0.8957875
1.4389776e-06
5.5263585e-09
5.026491e-07
0.997143
0.00029132562
0.99963635
0.0017310524
6.8037143e-06
0.00011042696
0.00023565022
3.6330817e-05
3.7956565e-07
0.3010673
0.9999999
2.4770388e-05
1.4669038e-07
1.2497607e-05
0.9970935
0.9999956
0.009180694
6.590351e-06
0.85330594
6.773769e-05
0.00020273765
0.9998882
0.060628276
0.0002760663
2.1678867e-05
0.0011618254
0.0001612497
0.00014692976
2.6756184e-06
0.0011518154
0.012653119
0.00047138933
4.661045e-07
0.99816686
5.831829e-05
0.997866
1.8206018e-05
0.000178151
0.0039430032
0.03188052
1.612658e-05
2.494869e-06
2.844765e-06
0.0008146624
4.6477774e-07
2.0793518e-06
1.6392143e-05
0.0010970158
0.918053
0.33904886
0.7781642
0.09092895
0.0011646582
0.017323993
6.539564e-06
0.918053
2.1307409e-07
0.00078161556
2.2477277e-06
1.730784e-07
0.99995196
0.005355721
0.00017159592
0.4312704
0.99996525
0.9666666
0.9998882
5.357643e-05
0.00021725215
0.7314948
0.9999998
3.7925765e-05
0.03248776
5.83527e-06
0.5901031
1.10405235e-05
0.45082632
0.9997822
0.15019098
9.283468e-05
0.00021954146
7.870199e-08
0.22140181
0.00040175748
7.19495e-06
0.94240993
4.6856843e-05
0.5803235
9.082785e-05
3.7458987e-05
0.0028077262
0.00019159347
0.0027429003
0.99863756
7.630559e-05
0.010412283
5.224057e-07
0.0018118591
4.1687876e-05
6.963883e-07
0.00096644025
0.0003423698
0.88435996
0.000112280235
0.06510254
0.26049834
0.0021058866
0.0020247889
9.773902e-07
8.5158055e-05
0.002438631
0.001502508
0.031599324
1.7913086e-05
0.0050248555
0.0044514723
0.002230182
2.9956756e-05
0.3145561
0.00097381
0.0021211768
0.17543499
6.169834e-06
0.99999946
0.0023104325
9.5259713e-07
0.0070901685
3.925386e-06
0.9562334
2.6858032e-07
9.415469e-05
5.3044187e-06
1.5324587e-05
3.9697334e-06
0.63118047
0.8601943
3.5643402e-06
0.98056185
0.00023840938
0.017138949
0.00074893987
0.0027334068
9.618329e-06
0.54376376
0.9748888
0.0007251121
0.010169917
0.011460372
5.0060003e-06
9.334097e-06
0.0014726999
0.002821401
0.025042268
5.4127077e-06
0.00021598731
0.0031193248
0.9870489
7.630559e-05
0.1913514
0.006069612
0.0006154751
0.00035850087
0.9999991
0.8957875
0.00074893987
0.6246497
0.0004229848
0.98512536
0.88753307
0.00043179528
0.9999998
0.0011103537
0.15917736
0.039231602
0.0028493041
0.9723722
0.95944583
1.8872737e-05
0.0037159915
0.073318996
0.009700869
0.31339526
