0.026967615
0.9984173
0.9294287
0.011345652
0.0037297548
8.0889373e-07
0.032642767
1.1123336e-06
4.697678e-07
2.242951e-08
0.04629329
0.0860775
1.6102422e-05
0.7636403
1.8771714e-05
0.04863042
2.9831148e-07
0.0008741511
1.1213706e-07
0.0065212045
6.423606e-06
0.0013457399
0.009277826
3.5507997e-05
0.04629329
0.03433824
0.049310226
7.950062e-06
0.00025002557
0.009813597
0.0027415857
6.340459e-10
8.973768e-05
4.3548006e-08
1.2818641e-06
1.4260826e-05
0.99990773
8.664834e-06
0.90762603
2.4930352e-05
0.09597384
9.467932e-05
0.00062753307
6.380633e-07
1.8010871e-07
5.593024e-05
0.150259
3.6892685e-05
0.0014923199
2.7001855e-05
0.9998841
0.009045317
0.001171361
6.98301e-07
2.4869575e-08
0.023568153
0.017205035
2.4562669e-06
5.8493955e-05
0.00025829117
0.00086257246
0.0006462929
2.3264469e-05
6.510423e-06
0.9968395
9.757157e-07
3.2852398e-07
5.7783556e-09
8.973332e-07
4.0473546e-07
2.2204097e-06
8.967686e-05
3.299057e-05
0.00083290803
7.1749266e-05
2.985055e-08
0.99910045
1.6413135e-07
0.333372
6.845041e-07
0.80150867
2.4869575e-08
3.5606472e-06
0.010109194
4.099043e-05
1.586233e-06
4.1010193e-08
0.9754033
0.0006456754
0.009245889
1.7599926e-07
7.5029584e-07
9.535361e-07
0.00023729114
0.25145635
4.78147e-05
2.1062102e-07
1.909264e-06
6.253285e-05
5.073973e-07
6.01864e-06
0.82576776
0.7650436
0.06465066
6.1471696e-06
1.833957e-07
6.1289484e-07
0.0012142094
0.025466427
0.92245954
0.5215834
0.05001756
0.8489043
0.0036216045
0.0005243519
5.778463e-05
0.014134688
1.8264693e-05
0.99893117
4.005926e-05
5.3920307e-05
1.5526032e-06
0.2789374
7.6365296e-07
0.01948907
3.1920747e-05
2.6948268e-07
0.073454276
2.9974588e-05
1.0638715e-05
1.0369074e-09
0.00096067955
2.0715079e-05
0.90109813
1.4176696e-07
5.073973e-07
2.0747942e-08
1.9378076e-05
2.0715079e-05
0.03402886
0.0002230896
0.9953145
4.7050895e-07
0.7503117
3.2384025e-07
1.2355542e-05
5.7434596e-07
0.04029977
0.0004984335
0.00019920839
0.00088319095
3.9482515e-07
0.97138447
1.5387101e-07
4.6238332e-05
0.9999987
0.00096067955
0.0013866494
0.00021106892
0.0010201591
0.00016918492
4.6110465e-05
3.11802e-05
0.9999964
4.697678e-07
0.000108985
7.498033e-06
4.668764e-06
5.0260875e-05
5.073973e-07
0.20626068
0.00010172243
0.9999988
2.2869179e-05
9.4154933e-07
0.024826381
0.25340882
0.0030195925
4.0235413e-05
9.374476e-07
0.99999946
1.6933562e-07
0.0007634829
0.00028458118
0.9894234
0.001122631
1.2341164e-06
1.2978613e-06
1.3217705e-05
0.9842449
0.9999692
0.02108141
0.018014025
0.06894203
2.786988e-07
2.7511292e-06
0.9921204
0.0877951
0.00046103308
1.1213706e-07
6.5242105e-09
0.96982795
0.13256548
0.0035676803
0.007920574
0.8837003
1.833957e-07
0.0801695
0.0010009812
0.00025683278
9.527639e-06
0.006145995
8.967686e-05
0.0011518493
7.6893375e-05
1.7860393e-05
2.0437426e-07
0.13089393
6.152039e-07
9.173748e-05
0.00017464173
0.16352738
9.70806e-05
8.507683e-07
0.0021738291
4.0115356e-06
0.0005593773
2.1604423e-08
0.15713578
2.1837698e-07
0.00043901647
0.9752223
0.01550089
7.8708126e-07
0.953711
0.9578947
2.1062102e-07
0.16412091
0.0007001344
0.8489043
2.9442124e-06
2.965138e-07
2.1480762e-06
0.017530873
0.7636403
0.009245889
2.3357004e-06
2.0015001e-08
7.7759404e-07
4.9559232e-05
0.00023230267
7.751428e-06
3.3454326e-05
4.7830736e-06
0.0003360177
2.2204097e-06
0.00074669364
0.8211768
0.9957411
0.9985135
1.4839032e-08
0.057275668
0.0003347458
0.00014113022
7.659923e-06
2.0747942e-08
0.00028837705
0.9827755
0.0015691366
1.1798847e-05
0.0019075922
1.8502452e-06
0.007068188
4.6276224e-07
9.9340876e-05
0.0002563772
0.00023230267
2.9914363e-05
3.6338983e-07
0.007506317
0.7307737
6.095408e-07
6.281285e-07
1.377757e-06
0.00016632116
0.9953145
0.39924896
6.186568e-05
0.0067511387
4.1684057e-06
4.4634325e-07
4.4405013e-07
0.0019075922
0.0029151593
2.4034696e-06
1.377757e-06
0.13164455
0.28696606
2.7081413e-05
0.8279675
