0.7087229
0.0005560057
0.36641514
0.00036359215
0.22982593
6.827484e-06
0.0005876959
0.0018813064
0.00015046292
0.00019591721
1.2551356e-05
5.3409286e-07
0.99999946
9.3374473e-07
0.28212115
1.7891157e-09
0.0007947429
0.00024332493
0.016884279
0.0029805736
0.00016740977
0.07884173
4.9980878e-05
7.93399e-06
0.0061750025
0.0489714
0.2982447
0.00048095832
0.0026826845
0.00024903726
0.0002392713
4.596939e-06
0.005502235
0.00013496638
0.03023091
0.9711181
8.116585e-06
0.0075033796
0.0132221
0.0043494757
3.9913334e-06
0.00027692673
7.0997237e-07
3.1641955e-06
0.31440085
1.4517719e-06
0.00016743723
0.0060697617
1.3534896e-06
0.007763305
0.5567935
6.784095e-07
2.5582513e-05
0.9982086
0.0003940058
0.00057839294
0.00041835936
0.00035783506
1.8956205e-06
0.051007695
3.9913334e-06
0.26741245
0.43641502
3.6677334e-06
0.0068934136
5.116872e-07
0.04775432
2.2652404e-05
2.2652404e-05
4.1827985e-07
1.1634228e-05
0.0788108
1.5017323e-06
0.11291714
0.016026072
5.4194035e-05
4.316041e-05
1.099662e-05
1.1441838e-05
0.9997737
0.00051181664
2.7704873e-05
3.4914905e-05
0.0002466398
0.99345297
0.61387926
3.354621e-05
0.000173213
6.695636e-05
1.0
3.279885e-06
0.0009957735
0.0014523524
0.2421681
0.0053511076
1.2531788e-05
0.9999889
0.62834644
0.005440054
2.0617954e-06
5.0706523e-05
0.0046388246
0.0090513965
0.9756548
0.00028099536
0.61387926
0.25941932
0.03621666
0.9999916
0.2584491
1.4013992e-07
0.016724782
0.00026573628
0.0003530865
0.9609491
0.9994866
0.0005259396
0.00011376752
1.0465871e-05
0.0008589268
0.07884173
0.9454873
0.001129855
1.026043e-05
0.0026169864
3.8339884e-05
0.00028195343
1.4494739e-05
0.5462723
0.9500447
0.3499505
4.9980878e-05
0.29305062
2.1437669e-05
0.00011376752
0.8884191
5.8302554e-05
0.00048799388
1.2975214e-05
5.01674e-05
0.0026689605
0.999966
0.43996972
9.302532e-06
0.04286351
3.4914905e-05
0.00074752845
0.005117782
0.73865086
0.0008421976
0.0021159751
9.077296e-06
2.0267129e-07
0.00015206667
0.10665195
5.65561e-05
0.30479068
0.00017019699
0.0011100016
1.7276442e-07
0.00016740977
0.9635229
7.278983e-05
0.0016779692
3.8676302e-07
1.8785648e-05
0.10403182
0.9993419
8.504831e-06
0.0002595727
0.0053511076
0.98968375
0.9999861
0.019948155
0.0002392713
0.00010499705
8.0793565e-05
0.14034154
0.04545579
7.9351923e-07
0.00028099536
2.2680808e-05
0.0016779692
0.0002595727
0.0017230994
0.008274309
0.9763931
5.8302554e-05
0.00084639306
0.86581963
3.750098e-06
0.006775701
5.0706523e-05
0.0010625827
0.00011376752
0.00020446558
0.00046553003
0.00013496638
3.327046e-06
1.5926138e-05
0.00012554145
0.5579845
3.6677334e-06
3.808438e-07
0.0058001424
1.7770211e-05
0.015312055
0.0004350421
1.4590311e-06
0.00011479931
4.2632087e-06
2.857681e-06
3.9831386e-05
1.9448613e-05
1.2118276e-06
3.057624e-06
0.9641611
0.0022299553
0.0122761605
0.023766395
0.9620066
0.0032794585
0.9969807
0.00010195929
1.4610667e-06
0.05595765
0.010954213
1.1804673e-06
0.8884191
0.9999999
7.5160674e-06
0.00010499705
0.00015374846
2.6848998e-05
0.3709119
0.10665195
5.512696e-08
9.469483e-06
1.9804109e-05
0.00020755273
1.9664654e-05
1.4640275e-05
5.519297e-05
0.0007602775
0.00018761039
7.480221e-05
8.4165535e-05
0.03333916
2.1284135e-05
6.784095e-07
3.400024e-07
0.0022133896
6.45411e-05
1.0
4.4764496e-05
0.0036179707
0.0040983465
6.6224936e-07
0.96516275
0.0013579761
0.0075487127
0.00011873497
0.059656862
0.004253537
0.001031702
0.9962777
0.9780771
0.063018486
0.00014036952
5.49902e-06
0.85460955
0.00017555163
0.0041483315
5.1710085e-06
4.2249926e-06
1.848866e-05
4.3687027e-07
1.5406456e-05
0.2590728
0.862504
1.7833711e-06
0.00024794886
0.0069615506
1.7989619e-07
0.012213113
0.00033784896
9.146937e-06
3.1272243e-06
0.0003940058
0.03770397
0.00074752845
0.012291879
0.0023875195
0.00012782535
0.999966
0.8574714
0.7389913
0.36529848
0.00027311244
0.0008480278
