0.99999994
1.2820308e-05
0.00016089523
0.8196691
0.41488644
0.00035819036
5.582681e-05
0.26292223
0.0015550858
0.00018763132
5.8849803e-08
0.02306158
0.0005487475
0.0014454356
0.048929777
0.9995621
1.1296315e-05
1.607939e-05
1.8941526e-05
6.843278e-05
6.150263e-05
0.8936989
6.0730057e-05
2.7884873e-06
0.06538097
0.00018915875
2.9024952e-07
0.27804518
3.0255173e-08
0.23394546
0.02601071
8.561191e-05
0.08110862
0.9982534
5.765044e-05
0.9942803
0.0017319394
0.031493418
0.9709829
0.9991987
0.9999969
0.99931484
0.11702574
3.8830705e-05
0.014812458
0.9985005
8.56877e-05
1.8959531e-06
0.99788606
0.008486696
0.524064
0.0038115708
0.0005906603
0.797757
1.5786706e-07
3.5963194e-07
1.7278882e-05
0.61505234
0.00015033873
0.10649515
7.1138265e-06
2.335929e-07
0.0022087104
0.9982534
0.0011038759
2.863817e-06
0.9999999
5.2091896e-06
0.0005193667
0.09579395
0.099904805
7.0353826e-07
0.00029878883
0.00032260994
0.47604254
0.05682798
0.007954963
0.0022052159
0.085290655
1.5139468e-05
0.00021548048
0.00022975543
0.7544886
5.4008174e-06
3.183116e-05
0.61505234
0.008633482
2.2669368e-05
1.9762908e-06
0.0009706949
0.08425316
0.13499206
0.9990849
0.9999997
0.99595076
0.017034369
0.9982534
8.417091e-06
0.003023629
7.445958e-06
0.00020637426
1.6121915e-07
0.74860895
0.17634214
0.0033661309
0.10168205
0.029845633
3.8091714e-06
0.00026473965
0.89398044
0.021197332
0.9999971
7.3095566e-06
0.0005329791
0.9999999
1.8921195e-05
0.0010025846
0.0008230421
0.013279872
0.00049481617
3.3680903e-05
0.863999
4.889808e-06
2.2090102e-05
1.7121725e-05
0.9999131
0.98530525
5.5942414e-06
0.047519002
3.585607e-05
0.9999766
0.00025652882
5.2762366e-06
0.034854297
0.17590937
0.0010423561
0.115721114
0.90159464
0.0022096669
0.0024170165
8.597351e-05
7.399882e-09
0.00578638
7.716202e-06
1.0
0.00648969
0.0015193861
0.17235781
0.005063593
1.5750446e-05
0.0011607176
2.335929e-07
2.8049863e-05
0.52706844
0.0010905411
0.00049293315
6.653849e-05
0.3372362
0.019659149
0.99626654
5.073724e-05
0.0015550858
5.1062048e-06
3.857114e-05
0.9764341
0.0021676167
0.00016484618
5.0463706e-07
0.9741647
0.0005577552
0.21980289
0.95181113
0.008681721
1.1120262e-05
0.00024038306
0.36749032
0.0006984493
0.095830955
3.0046796e-05
0.0021818152
0.3073374
0.0074911425
1.607939e-05
0.0035793518
0.003343142
5.1824272e-06
3.4605666e-06
0.00057632657
4.0994752e-07
0.88764036
7.2854627e-06
0.0002186482
1.1376175e-05
0.0004761794
4.5108303e-05
7.957442e-07
0.99988014
0.7056453
0.1631575
0.99997365
1.9268075e-06
5.2091896e-06
0.5038155
1.7121725e-05
0.001970979
0.095830955
0.9974316
5.880991e-06
0.9909197
0.0053543216
6.8358822e-06
0.028644828
9.509637e-08
0.00012430274
0.00014418093
0.00023121394
3.178915e-05
0.10168205
0.0019376747
0.00055215147
0.00021225498
3.0636695e-08
9.185856e-06
0.008131345
6.303991e-06
5.5942414e-06
0.0012331153
0.00028918817
0.00018763132
0.025721956
0.0076081664
0.080483735
3.54404e-07
0.27804518
6.9364755e-06
0.00011495891
0.008486696
0.99922645
0.5184915
0.030342856
1.2755376e-06
0.0023529641
0.0007293264
0.00021454133
0.00072176324
3.505443e-05
0.9986594
1.3784404e-06
1.7591901e-05
0.9991987
0.00018012227
0.010107829
0.00039675916
3.436044e-05
0.002597468
0.7549657
0.115721114
0.011735837
0.042190142
4.701771e-05
0.0015165688
6.8629495e-05
0.5533744
1.4783325e-05
0.9611743
0.00648969
0.020006154
0.0024134275
3.0062129e-05
1.6984977e-06
0.6407529
4.1625617e-06
0.001645112
0.028334515
0.0053122556
0.038106043
5.4208675e-07
0.63778746
0.49621633
7.3095566e-06
0.0004693808
4.8804744e-05
0.024795342
1.9528641e-05
0.00028918817
0.00095247483
0.020592738
0.9998521
0.0014454356
0.47037584
2.7928945e-06
4.320848e-06
0.0006096483
2.2090102e-05
0.00014941467
1.1937456e-06
0.999994
7.423673e-06
0.91566133
0.00024006332
