0.99999946
1.0
0.99709636
0.00060370076
5.975575e-10
3.3505014e-08
5.2365154e-05
1.985987e-06
6.203839e-08
3.937673e-08
0.97844326
0.0001157445
1.38951855e-05
2.7479302e-06
8.831545e-06
0.0050107837
0.57616806
2.8164047e-08
5.426236e-08
9.728948e-05
1.8738199e-08
5.3526026e-05
1.5404517e-05
2.3757586e-05
0.036150824
7.232767e-09
1.1407322e-05
2.4415679e-06
2.2159751e-05
6.2721897e-06
9.1099864e-08
3.7596262e-08
1.0247202e-06
1.5811773e-08
0.9858914
3.2727036e-07
0.9873338
0.0015947935
0.00011369681
5.143448e-07
0.0023477203
6.6896774e-07
2.2470745e-08
3.3263227e-06
0.00021275524
0.0006006835
0.00021946254
0.0004960704
0.0011571876
9.797909e-08
3.813088e-05
0.27694157
0.00018519926
0.57616806
0.00010399473
0.0021544266
7.624943e-05
2.3369845e-08
1.6022797e-05
1.5457228e-07
0.0006554514
1.86344e-09
1.7762046e-05
2.4048393e-08
5.7896934e-05
0.9938442
9.2464965e-08
1.5542133e-05
1.0656419e-06
1.3465732e-06
0.0006946748
2.9065197e-05
3.3243182e-09
0.37732324
2.6859825e-06
2.7057223e-07
0.006328994
0.0020874518
0.0003489065
0.9852968
0.0005956551
0.7694448
0.08623236
0.00025055674
4.859216e-07
4.1448125e-08
2.2178355e-07
0.021970114
1.8049991e-07
2.9564051e-09
0.5896161
6.4351284e-09
1.844375e-08
0.00034391225
1.6248423e-06
1.7844296e-07
1.1529024e-07
1.2866626e-06
0.027788589
9.708801e-08
3.937673e-08
3.8557746e-06
2.2911177e-05
0.025942912
4.9657156e-05
4.880393e-08
0.0027712502
0.00010206142
1.3525093e-08
0.000106672414
1.5706944e-05
3.061426e-06
1.0440607e-07
6.306781e-06
0.00029289522
1.213849e-07
1.1704544e-06
1.0791925e-09
1.3923339e-09
4.5994643e-06
1.588334e-07
3.0237863e-06
5.628371e-07
5.1459498e-08
3.33699e-10
7.3488247e-09
6.071528e-06
0.00010206142
0.00017932746
2.4511284e-09
1.2531836e-05
6.044666e-05
0.00052807404
0.39073837
0.057992633
7.241491e-09
2.184478e-07
4.222573e-08
0.00019699466
5.230486e-06
8.009673e-08
0.020265698
0.00016124232
2.4853927e-08
7.2839765e-09
1.3938492e-08
4.3969474e-05
5.0537e-08
1.4555594e-06
0.0009629765
0.5896162
0.024303604
0.5751316
1.2038153e-06
0.011566848
0.00021980326
1.902078e-06
3.6534683e-08
0.12788413
5.099235e-09
1.102771e-07
1.5811773e-08
0.79061574
1.6418974e-06
0.99371403
1.027484e-07
6.2826075e-05
6.7751153e-06
0.027906576
4.1311505e-08
1.5827257e-07
5.49971e-10
0.069364205
1.3730558e-09
3.7732187e-07
2.1959055e-07
2.909812e-07
2.1339011e-07
9.769321e-08
1.074072e-07
1.5049191e-07
1.4329724e-07
3.983918e-06
5.041185e-08
2.157572e-05
1.4173501e-08
0.2617618
3.642625e-06
3.7725496e-07
0.876091
7.2839765e-09
1.0542377e-06
0.16587739
2.17193e-06
4.342848e-08
0.99999994
0.0006554514
4.880393e-08
0.9999997
0.9954444
2.2338545e-06
2.3340324e-06
3.1326151e-06
7.415532e-05
3.8918057e-07
1.3923339e-09
6.5570224e-05
1.8549961e-06
0.9940289
0.0009629765
0.0005284439
0.010812511
5.8448546e-07
8.130941e-06
5.5095074e-06
1.613938e-05
1.9707158e-10
0.0004853168
0.00010267161
0.50988275
0.9999044
2.1790322e-08
1.2832367e-08
3.8712274e-06
5.1331854e-06
4.768367e-06
1.6896507e-06
2.6965364e-07
5.6906892e-06
6.808816e-06
0.0010210761
4.8476384e-05
1.4694255e-07
5.8775373e-07
6.0595697e-09
3.8292845e-07
1.1685005e-06
0.4058025
2.1599398e-08
0.00052177126
3.2770644e-09
1.2594921e-06
9.95991e-07
0.0029091863
8.526023e-07
4.2165606e-08
0.44049272
6.0134416e-06
7.415532e-05
2.1695205e-05
0.00010399473
0.6377428
0.0006946748
1.7629807e-05
1.0473832e-06
0.3665532
1.3525093e-08
0.99998504
9.507036e-06
1.3373445e-05
1.2766501e-08
0.01484589
3.217264e-07
2.4853927e-08
8.1041026e-07
2.9095395e-08
1.7303995e-07
7.097855e-07
0.9999551
5.9508247e-06
8.526023e-07
2.2953535e-07
3.9893187e-09
3.3263227e-06
1.700077e-05
2.7799275e-05
2.7479302e-06
2.972987e-07
2.081032e-05
3.9893187e-09
0.99212086
0.00012351606
0.006843029
2.0332409e-07
1.1529024e-07
5.8720413e-08
0.005526963
2.2065012e-06
4.749632e-06
0.00034391225
4.5299174e-08
0.0061166007
0.0014593897
9.910365e-07
1.5065615e-08
7.415532e-05
0.97799945
4.0955974e-06
1.3528817e-06
1.0597177e-07
