1.0
0.99994385
0.0015526814
3.0745206e-05
4.9440754e-08
1.3762941e-06
0.0047676098
1.7378864e-07
3.192792e-06
1.1301499e-06
0.0012512477
9.3444316e-07
0.0071205185
1.6721267e-06
3.837934e-08
0.0017967459
0.0012512477
2.6220762e-06
4.985713e-06
1.318643e-06
4.894495e-09
0.00015536767
8.746613e-08
6.724712e-05
0.0022153924
7.081681e-06
1.8370693e-07
5.559671e-06
0.00022616876
0.7787051
0.0003095755
0.055209357
0.004673872
0.44010553
0.00017429935
0.9631663
0.07435695
0.00071503
0.001349275
1.8361703e-06
1.7768539e-06
4.1264742e-05
2.6003208e-08
9.477311e-07
6.0500784e-06
0.0017967459
1.2447924e-06
0.11094295
5.3530647e-07
9.327767e-08
0.00031059273
4.981645e-06
0.009823193
8.660281e-05
0.0010923867
1.5527543e-06
4.6814666e-06
2.306613e-05
0.11933209
1.1259297e-06
4.101835e-05
0.6883832
3.8302414e-07
3.5445638e-07
0.00010394734
4.4807333e-05
0.017660704
6.883137e-05
0.0002109842
4.297514e-06
0.00025160192
7.543278e-05
7.0522144e-09
0.00023228007
0.9822178
0.0039311685
0.00011122039
0.99993104
0.0002721515
4.2414133e-05
0.00016455706
2.5749907e-05
0.41113198
0.00014803228
0.00015516677
0.11365583
6.89416e-05
2.5178556e-07
1.1683288e-06
0.0011963665
4.9430946e-06
4.4717407e-07
0.00024120128
0.080129206
9.563673e-05
0.009190463
0.20481387
7.404395e-07
0.0008917897
4.4826782e-05
3.5555908e-07
0.001458843
3.0129002e-05
1.0724032e-06
7.353173e-07
1.4190011e-05
1.4387307e-06
3.6413053e-06
5.670227e-07
1.2236907e-06
1.1963512e-05
0.04108729
5.815559e-06
0.11377099
1.2597928e-08
0.8291488
2.2726222e-07
0.8619662
0.043161068
7.5229985e-07
1.0878294e-06
1.2447924e-06
1.4979382e-10
0.021497883
0.049290545
5.6502165e-07
0.5794106
2.3522854e-05
0.99739015
0.1429352
0.0071205185
3.0284164e-07
7.1741e-09
0.9974927
8.852263e-06
0.5263617
0.019454502
1.6419555e-05
3.8526373e-09
0.006135797
2.289471e-05
0.00022351096
0.00020442173
0.25199756
1.5197571e-07
0.00053414376
0.012089816
0.0033757715
0.001008886
9.659223e-07
0.086825445
0.00052423397
1.6030341e-06
1.0731647e-05
0.0001357743
0.43194094
2.0830842e-07
0.035860233
4.5186567e-07
3.4763173e-07
6.340617e-05
1.4534245e-07
6.4351923e-07
6.082476e-07
1.6583279e-05
7.0522144e-09
1.8244162e-06
0.010195168
0.80873984
0.0014705725
3.5445638e-07
0.00018308862
0.046281252
3.2225687e-06
0.004118823
0.41113198
1.5816755e-07
0.000425437
8.646901e-09
0.002472301
3.877616e-08
0.00267571
2.009282e-06
0.14776357
0.002016245
4.915266e-06
2.111112e-06
7.6312725e-05
0.0035985198
0.50755227
0.82854694
0.00014832617
4.90432e-05
0.00015695003
0.9938912
2.0470873e-06
0.9969397
0.96400636
4.153835e-07
0.03484681
0.41518122
0.040100764
0.95921016
0.11808509
4.4807333e-05
0.37194163
2.3028785e-07
1.5619847e-07
6.770471e-06
4.89702e-05
0.0006716532
3.173656e-07
9.809829e-06
3.0610855e-07
1.537685e-06
5.298978e-09
7.541484e-06
1.0054375e-07
0.00059971673
0.00040500084
5.4840875e-05
1.8202453e-06
0.0007852494
1.0
6.0688722e-05
2.224419e-07
0.9999958
4.139606e-08
2.111112e-06
5.846382e-07
0.018385036
1.88758e-08
0.00031825918
0.00032345374
0.037709594
9.8405435e-06
2.6867306e-07
4.981645e-06
2.3559774e-09
1.878952e-08
2.1821897e-07
8.237431e-06
1.7667104e-05
4.6999783e-05
0.00031413892
1.4528618e-05
1.30378295e-08
0.008395418
3.919005e-06
1.4847944e-06
0.019368937
7.839215e-07
5.8614273e-06
0.0077357395
3.7272255e-07
4.9440754e-08
2.6278988e-07
0.0020576525
0.9872733
2.4130324e-07
0.99208397
3.2361935e-05
0.005105141
2.4247833e-05
1.8774745e-06
0.9381151
1.7378864e-07
3.349249e-08
4.6210744e-06
0.0056705936
0.0051904414
1.8312913e-06
0.0051904414
0.9960572
1.1205447e-05
0.44010553
0.00100086
9.643699e-06
3.6023127e-07
4.0005673e-08
5.607037e-05
1.8202453e-06
0.007648787
5.518114e-07
1.3827537e-06
7.089783e-06
2.4080302e-05
0.0016032273
3.1198102e-05
0.11933209
7.3058734e-05
0.0029533333
0.006373072
0.99776125
0.0031491092
9.131555e-07
2.5178556e-07
0.00013686932
1.9502235e-07
9.812542e-06
