0.99540716
1.1704382e-05
7.3676936e-05
0.00645854
1.0093592e-07
0.015235074
0.00096117216
0.0001333104
0.6676731
1.0
0.007318357
0.12795344
1.1214278e-05
7.913404e-05
0.30911756
0.9999959
6.98063e-05
0.00049760536
0.012189654
1.8977132e-06
0.000106356325
0.97131956
6.129571e-05
0.00013836395
3.9387185e-05
0.007277142
4.3563497e-05
0.7509271
0.9876474
0.25556397
0.38998276
0.00010024528
4.180819e-05
1.2713278e-07
9.4839514e-08
0.44016677
2.7716198e-06
1.70594e-05
2.201217e-05
0.4721895
0.0017473415
0.04617537
0.0009953628
0.00011284504
3.1443054e-05
0.06360219
1.0
4.7924746e-06
0.010017088
0.0002853024
0.017759051
0.0022045276
0.99720824
7.4485433e-06
4.0171424e-05
0.99985856
0.759232
1.5983409e-05
0.0010693347
2.9629163e-07
0.00011561996
2.5026016e-05
0.1729723
1.8316709e-05
1.7093917e-06
1.0
0.6135337
0.00011284504
0.9991113
1.20847735e-05
4.180819e-05
4.5498166e-07
0.98660547
3.048954e-07
8.4071706e-07
0.00020454083
0.00026099815
2.7278066e-08
0.008257868
2.0305777e-06
0.0001624011
1.1684792e-06
0.00012999562
0.9999959
0.0011971495
4.180819e-05
0.0003470332
0.00053357123
0.024357188
0.07651055
0.84751344
8.445763e-05
0.0015142636
8.9484565e-05
0.9435543
0.0009972155
1.8911689e-05
0.18856575
0.0006738498
8.463179e-06
0.00033326322
6.7044e-06
1.8911689e-05
0.0007498858
0.08292831
0.9999959
0.9939909
3.8512843e-07
3.8869235e-05
0.98972785
0.9999062
0.43793625
0.0015535302
0.04304442
0.0014830466
0.0010205834
2.894791e-05
0.00024756478
3.6495378e-05
0.07659772
1.4507075e-05
3.627095e-06
0.0002693962
0.95163244
0.501199
4.9002854e-05
4.3577085e-05
0.99991
0.0005407685
0.0047563193
0.077548966
0.011687907
7.751437e-05
2.1194102e-05
1.8331106e-05
8.1252045e-05
0.4269576
0.98924834
1.9468804e-05
1.0232006e-06
4.2587994e-06
2.5254254e-05
0.008257868
0.0010714
0.9716411
0.0002405878
0.9947183
1.7673035e-05
0.00352446
0.3865489
0.0049298243
0.8853527
0.022828056
0.12334742
9.401922e-05
0.93751985
6.98063e-05
0.0005966432
0.002448675
0.009106948
4.3385644e-05
2.7358938e-06
0.015235074
2.510083e-05
0.0018105281
2.3739014e-05
4.9124737e-05
0.15954272
6.7492476e-07
0.5319127
0.10530179
0.3856756
1.7372133e-06
0.6676731
0.00059176475
3.806817e-05
1.568131e-07
1.633699e-05
0.88344955
4.161789e-05
0.0003798393
5.3189165e-06
1.7427541e-05
0.994812
0.00042934393
0.00037501293
0.6086624
0.9985818
9.444406e-07
0.00043810424
0.07749885
5.0922597e-05
6.467961e-05
0.38654694
0.00033326322
6.851997e-06
0.0013701904
0.00031468386
3.390822e-06
7.759889e-06
0.0013701904
7.633073e-06
8.281983e-06
0.8768873
0.60174114
3.684508e-05
0.0014834745
0.0003367293
6.4734254e-06
0.44016677
0.087223746
0.5476884
1.5836144e-05
0.006877316
0.87051654
0.99539495
0.998413
0.00032295613
5.033119e-05
0.001777381
0.014325472
0.0010851657
0.09703291
2.4158277e-05
0.00018761076
0.000631625
0.00016917169
1.6960747e-07
0.0034421268
0.005490069
0.00015647335
6.98063e-05
2.1505195e-06
0.33182716
7.521994e-05
0.0036972575
1.9163683e-05
0.9963844
0.60174114
1.1704382e-05
3.8568749e-07
0.96347255
3.7590537e-05
0.0017786142
0.99283576
0.00030053986
3.4184598e-06
4.2754396e-06
1.9789422e-05
0.3087413
0.999823
0.00071959913
0.014325472
0.27383268
9.173679e-07
0.97091293
4.5388533e-06
0.012251854
1.17554255e-05
0.0015535302
6.449129e-06
0.087189764
1.1966411e-05
6.7492476e-07
5.942959e-07
0.98967695
0.9435543
0.58398324
0.0024434077
0.0061920276
0.00016917169
0.9999993
0.9999062
0.9997107
0.0033047649
9.864174e-06
0.00035018343
0.87051654
0.99942845
7.3197654e-05
0.77948254
0.9995528
0.0009519187
0.00074120105
0.0004038046
0.00042063274
0.0021857708
0.0011665052
0.0036972575
0.057400897
2.5103059e-06
6.257487e-06
2.1625552e-05
0.00032315264
0.08553837
5.397311e-06
0.0047920393
1.5614306e-07
0.00094345567
9.269138e-06
