1.0
1.0
0.19712855
0.09981041
5.4322252e-05
0.83156765
1.9423271e-06
0.0023048313
0.20106979
0.9178935
0.0027086588
0.0100698555
4.4438263e-08
0.4025268
1.5485202e-05
1.1521324e-06
9.081843e-07
4.91126e-07
0.99993813
0.7050709
1.3033027e-06
0.005193678
0.0066620135
0.18680696
0.00081451994
1.742382e-05
2.8525013e-05
0.53280306
0.0035455073
0.0005541024
4.7157726e-05
5.2432327e-08
1.7667608e-05
0.99999946
0.5897071
6.484499e-05
1.6960901e-05
3.640563e-05
1.2327436e-05
0.0015800942
1.6448752e-06
2.276543e-05
0.18223323
5.673294e-10
0.0012416377
3.3807628e-05
5.0502304e-06
0.71629435
1.4424511e-06
0.0002501925
0.99046934
0.00018530984
1.4424511e-06
1.9370205e-05
0.00015857028
0.60229427
3.0990886e-05
0.006393287
0.97520345
3.2130927e-06
0.99940956
0.0002869088
0.9943769
0.00047558974
0.00037436854
3.4252082e-06
4.399921e-06
6.3148636e-06
0.99999946
4.2516225e-05
0.34900624
0.022081284
9.311689e-05
0.02695332
0.0037017884
1.0
2.8402978e-06
0.00011177975
0.16369624
0.7722112
0.00018827668
9.432943e-06
0.001069601
2.932097e-07
0.05380336
8.832895e-05
0.05752065
5.439462e-05
1.29006285e-05
0.671715
0.0047886046
4.5999336e-06
0.0002565479
7.233473e-07
5.7272323e-06
0.4010533
7.930964e-06
5.093696e-07
5.0502063e-06
3.909247e-06
1.5891635e-05
1.682359e-06
3.0990886e-05
6.3617213e-06
5.8559687e-07
0.00045493737
4.526964e-07
0.0037017865
4.2516225e-05
0.02868637
0.016193366
0.005282075
0.0011093344
1.3915077e-05
0.18223323
0.00050055626
0.888074
5.9498736e-05
4.91126e-07
0.00014284943
0.002636694
9.0613054e-07
3.7185964e-05
3.829043e-06
0.1808319
3.6597878e-06
0.0010894923
7.890271e-06
0.43069693
1.5379826e-05
7.981428e-06
0.060550813
0.08007932
2.4752603e-06
4.744945e-05
1.4120134e-07
0.101709455
5.397566e-05
0.07931145
0.00012522211
7.6301234e-07
2.5158804e-06
2.7752365e-09
0.99596786
0.97326124
0.9943769
4.00229e-09
2.2208758e-06
3.563443e-06
4.8549944e-05
3.6282265e-06
8.095745e-05
1.6493599e-06
1.9964882e-06
1.6757662e-05
0.96817386
0.07251253
0.0031773492
6.95491e-07
0.0033173598
0.03850584
0.0020850652
1.584944e-05
6.761391e-05
0.0025879275
0.999995
0.97927856
0.008706683
0.0008097146
1.008061e-05
6.482527e-05
1.3658333e-05
0.008682189
5.309168e-05
0.99232584
0.99953973
1.7667608e-05
3.909247e-06
3.4870498e-06
0.0008313309
0.9998853
0.7106723
1.3518654e-06
0.02625719
5.0502063e-06
0.00014236016
4.4182457e-06
0.06454584
0.0075662127
1.6685884e-05
0.99999833
2.9081027e-06
4.8854317e-06
6.7860046e-06
7.994037e-10
7.3435344e-06
2.2358663e-06
0.84850436
7.7716564e-08
0.00052582356
0.0007029273
0.9770423
0.0003485717
0.9999986
9.141376e-05
4.0883544e-05
1.2403877e-06
3.9268893e-05
1.5465649e-06
0.0006197392
3.5631438e-05
0.7595804
1.6397286e-06
8.543498e-07
7.264275e-06
0.009209696
2.1361344e-05
6.484499e-05
0.58240616
5.426647e-06
0.0013527225
0.77031255
1.1877713e-06
0.8577638
0.00014371835
0.0015153737
0.00017573519
8.308381e-06
0.9994504
0.9994197
0.00035224797
0.00050055626
2.9608992e-07
7.941158e-06
0.0010365216
2.1232781e-05
1.0550071e-06
1.3392488e-05
1.7055195e-06
6.5379527e-07
7.4212808e-06
0.0007081955
1.07540955e-05
0.9997752
0.0034799946
0.0020424644
1.4403081e-06
3.3981334e-05
0.01620557
0.002013402
0.34900624
0.0018465355
0.9999735
0.9943769
0.00047558974
0.028258177
1.0
3.5716006e-08
5.4322252e-05
0.671715
1.2025909e-06
1.6244007e-06
5.095387e-07
0.0008313309
5.5236596e-06
9.143929e-06
0.9238105
1.699034e-07
0.0009670551
8.110914e-05
1.3486397e-06
0.011161115
0.0047781104
6.33724e-06
2.4177038e-07
0.98370594
0.60229427
7.13994e-05
0.0010138873
0.0002801805
4.3798562e-05
0.009900438
2.135826e-06
0.0034946383
0.04609429
1.2157865e-05
0.9999998
8.979573e-07
0.0120020285
0.0037017865
2.3841913e-08
0.00024218988
0.00095343
0.00035582934
8.8029425e-05
2.7752365e-09
0.960282
0.1730937
0.023419388
0.00010253082
