1.0
0.18827607
5.400678e-06
4.2309748e-05
1.5496048e-06
4.065862e-08
0.037740655
6.404583e-06
0.0017674858
1.1190261e-05
1.2371877e-08
2.919593e-05
4.7357642e-07
4.731132e-08
2.2669454e-05
3.0578798e-05
0.006207308
0.1131738
0.0005723461
1.3893311e-06
1.2601433e-06
0.00017291482
3.79773e-05
9.106166e-05
0.05174624
5.728471e-07
8.003121e-07
1.6410912e-07
4.886799e-05
0.99444056
0.8029151
9.531983e-06
4.108899e-06
0.9997262
3.2476946e-05
0.98661476
4.3841789e-07
3.835245e-06
1.6922987e-06
3.2157657e-06
3.6576283e-05
4.3753175e-06
0.0002953767
1.5921513e-06
0.99999857
0.0012133
3.418313e-06
0.7394665
0.00011523077
0.08032438
2.5589944e-07
7.036973e-05
2.0895957e-06
5.4421827e-07
6.5624714e-05
9.876823e-09
0.38237834
0.00036127702
0.4992892
0.001745035
0.00076186145
0.018571768
0.00017228351
7.5628055e-09
4.25962e-06
0.00052544003
0.08032438
5.0341747e-05
7.1396545e-07
1.640345e-05
1.2342881e-05
1.4429794e-06
0.9946336
4.0637143e-08
0.00073926675
0.00011180203
3.4552475e-06
8.5742215e-07
5.2923624e-06
7.47101e-05
1.5363202e-07
5.4819743e-08
0.017045924
0.063497484
6.2976633e-09
2.6353653e-06
3.0494813e-05
9.355259e-08
0.008279554
0.10570792
9.3419544e-07
6.1663923e-09
7.3564206e-07
3.0721626e-06
2.2129374e-08
4.6828146e-07
5.679969e-07
0.7486269
2.2746555e-08
3.5518668e-05
0.0029324524
0.05174624
1.2245055e-05
0.9541451
3.4552475e-06
1.2634577e-08
8.6759035e-05
0.0013633365
2.7903414e-07
7.244139e-07
0.99999845
5.3572523e-07
2.198314e-06
3.73341e-05
3.6576283e-05
1.889178e-07
0.59581316
0.0035112698
3.0425706e-05
0.00011901836
0.20695595
8.929372e-05
1.4681414e-06
4.5856727e-06
0.008234244
6.2976633e-09
0.0003707646
0.99999887
1.7391975e-06
2.1820149e-07
0.00011780928
1.1070022e-06
2.2463013e-05
5.338993e-07
8.8055196e-05
0.1516853
0.00097137573
2.0895957e-06
1.5420404e-05
0.0006404058
0.0387616
8.650114e-06
0.08032438
0.0001920086
0.98392415
0.0007995889
0.39788932
0.0002622973
0.002472769
2.919593e-05
0.00039430472
0.00018220583
9.88115e-06
0.026212009
7.2685298e-06
0.98913527
2.5702307e-09
0.20695595
0.001053625
7.688466e-05
0.00041922648
5.748299e-06
0.00057285716
0.41478464
0.41478464
9.771815e-07
0.33174598
5.1961126e-07
0.7947652
3.1890137e-05
0.7239411
0.022967
0.00011780928
0.00035929057
0.0030293209
2.8518594e-05
0.0018544552
3.2621682e-07
0.0003840716
0.9999989
0.00040230784
0.00022737763
0.00025646228
0.036986817
0.7748493
0.23690127
0.0003527292
1.1585704e-06
0.009516218
0.13164553
0.9997262
2.4769657e-05
3.7346474e-08
0.00092454633
0.007197344
0.54035866
4.9317652e-05
0.0025418836
6.4043998e-06
8.056995e-07
0.00035929057
7.803486e-07
0.010126712
0.015049484
0.0020265009
0.17156257
0.045708317
0.0077988235
0.99007636
1.0073576e-06
0.00063677505
0.19409303
0.003481776
3.824952e-06
0.9839372
9.747782e-07
2.6214411e-06
7.1989257e-07
0.002305736
0.0007487726
2.3506566e-06
0.0016896566
0.0018544552
0.00043733584
9.3017627e-07
0.00023220612
0.044600584
1.447551e-05
0.00031655823
1.8306432e-08
0.0086234445
1.8778254e-06
2.0108684e-05
0.00037766475
7.2714142e-06
3.0721626e-06
7.5628055e-09
3.0191213e-06
4.631468e-05
0.024229696
5.2923624e-06
0.78693026
0.9605229
7.399592e-06
6.4705305e-06
1.4040741e-08
2.7120205e-07
0.5400804
1.7493865e-06
1.1130064e-06
0.026367733
2.8966164e-05
0.0034518105
4.3034382e-07
0.98074454
0.9349728
0.00011682673
0.037435137
4.917221e-06
1.894881e-08
6.8256486e-06
6.4735427e-06
5.4933833e-05
0.0011516174
0.9988315
3.6800833e-05
0.9953455
0.00039124617
3.0610964e-10
6.2976633e-09
1.3946199e-06
3.6176505e-06
0.9494653
5.400678e-06
1.2611071e-05
0.05793702
3.3743436e-05
0.00013856529
0.9999997
2.6430496e-07
7.251169e-08
3.2476946e-05
1.2497726e-05
8.115657e-07
0.00023491331
1.8559167e-07
4.6089045e-07
0.9925294
0.00017133106
0.8401219
1.6048682e-07
2.2456179e-05
0.99935114
1.0173801e-06
0.00023624729
0.007197344
3.2299053e-07
0.0011263684
4.3380016e-05
1.4646173e-06
