1.0
0.9684738
0.9987791
0.15365362
0.9990482
6.6957678e-06
0.03744361
0.0013055395
7.869328e-08
5.4116214e-07
1.4964303e-10
1.5973603e-06
6.840353e-09
4.911649e-07
3.066979e-08
2.056643e-07
0.000591001
4.1823583e-05
1.2195211e-06
7.248179e-06
5.9151487e-05
5.818613e-05
7.631108e-06
4.7955514e-06
7.443712e-08
0.34853536
7.1770717e-07
0.8646992
0.00017664439
0.027430443
4.0168205e-05
0.39485845
5.904323e-05
0.00041994904
2.3889905e-05
2.605045e-05
0.0013734134
5.90998e-06
7.860667e-05
1.9221081e-05
1.6553669e-07
1.2590097e-08
0.00036618087
7.301277e-05
5.6385584e-06
0.8029072
0.02644674
0.9999994
5.7594996e-05
1.6553669e-07
9.106422e-07
0.0003340018
0.0040444536
4.3429893e-07
8.784435e-05
8.7804765e-06
0.9998568
7.5383778e-06
1.2736433e-07
0.0012276869
0.00041994904
2.9871402e-05
4.1835884e-07
1.4525848e-07
1.3314891e-09
6.8426525e-06
1.044346e-06
2.503437e-07
0.00010339778
1.9945534e-07
0.016714621
0.00066347216
0.00695752
1.3515624e-06
0.0035124144
0.0005876584
0.45534807
0.019223828
0.9879104
0.005486831
5.5453114e-05
3.0605747e-07
1.5378944e-07
2.938703e-06
1.6146078e-05
0.36495906
2.011336e-07
0.99984354
0.9929591
2.5102432e-05
2.4426083e-07
0.00038681348
5.0927894e-05
0.19574414
2.515964e-05
2.8255818e-06
0.00014275273
5.803032e-07
1.4674158e-05
3.8980975e-08
6.8295026e-07
2.326765e-06
3.066979e-08
2.0364351e-07
7.0924216e-07
3.107482e-05
6.443778e-05
3.468069e-05
0.9370189
0.85902745
0.8694469
1.9456177e-06
0.9977962
2.934184e-07
1.0672452e-07
4.228661e-06
0.54825675
0.00043917634
0.0020137306
3.2830521e-06
1.4272745e-05
2.3458494e-08
2.848865e-07
0.0008648237
0.9999137
1.3899646e-06
5.7019923e-05
2.6044067e-06
0.19574414
2.621578e-05
0.036622163
0.8889226
0.000116176074
0.02243963
1.0075843e-05
2.4082326e-06
0.16185878
3.9386953e-07
2.0429454e-05
0.9104908
5.904882e-07
0.9676588
9.338781e-06
1.3601246e-05
0.0336367
4.9624746e-06
7.6146264e-08
2.9861317e-07
2.2934498e-07
0.8029072
5.536148e-06
0.01174149
0.004574865
9.606957e-11
0.0030441266
3.989621e-06
0.98254716
1.5344166e-07
0.13387716
0.0069907145
0.00068915886
8.536763e-07
2.0617561e-05
6.164466e-07
1.3447406e-06
0.00010120017
9.834221e-06
5.524482e-06
1.7108738e-08
2.0051499e-07
1.28135725e-05
0.9998041
1.9562476e-07
0.0005432659
4.7455967e-05
2.5872018e-06
0.7572852
2.1871817e-07
0.9993886
1.2248964e-07
0.0013055395
2.2087686e-06
1.2660225e-07
4.699506e-10
1.2163861e-06
2.1004394e-07
0.00018128425
4.83132e-07
0.9676588
0.9999969
0.00042432238
9.281397e-05
2.722905e-06
0.00045639402
6.6348567e-09
0.0008111704
0.00036618087
0.01725217
0.00012538915
9.140494e-06
1.2376975e-08
5.352021e-05
0.0038871325
5.8691744e-06
0.03744361
2.8063937e-06
0.03232923
0.27400813
0.98241764
0.00042432238
0.9986736
1.5378944e-07
3.6432373e-09
1.4921937e-08
3.092923e-06
2.0674739e-05
0.00011999451
0.0006569768
7.832667e-05
2.2337762e-08
8.670009e-08
0.003155092
1.6899473e-06
1.7936528e-06
7.2677985e-08
5.803032e-07
5.470429e-06
3.9954425e-06
0.9947392
1.25329e-05
1.5920496e-06
0.013113592
0.9224468
0.0028778554
0.00045971086
2.5680325e-07
0.025640123
1.8623823e-05
1.8938581e-05
0.00021047246
0.72127634
0.87544894
0.79632026
2.4353048e-07
0.0007022062
6.135333e-06
0.13161156
0.9466127
8.8787235e-09
0.00011719684
5.4932996e-05
3.1574906e-05
0.00037378387
0.98254716
0.13161156
1.09476744e-07
0.0018485228
4.020454e-05
0.09240726
1.1121236e-06
0.9967497
6.338723e-08
0.0336367
8.509529e-06
3.0338674e-06
0.11235253
0.002365444
0.9978253
6.1095957e-06
0.00953714
4.5773377e-05
0.03603427
0.014377598
2.7853883e-07
0.25981146
8.071577e-07
0.9977962
0.9968803
0.00013244992
0.019121148
0.019220982
0.00018802479
1.674988e-05
0.34853536
7.481758e-07
2.3159307e-06
1.6517005e-06
0.019331785
2.2091894e-05
0.005943232
2.056643e-07
1.0145034e-05
1.6792205e-07
7.57531e-07
0.00030562622
7.2914133e-09
3.9088445e-06
1.5876745e-05
0.00695752
0.021242484
