0.99999404
0.0009939355
0.0011127054
0.000166207
0.00027952896
0.00029194317
9.521735e-06
0.0007803069
0.6421054
1.5304694e-06
0.005712236
9.398051e-06
0.10951888
0.53815484
0.039477166
0.0008336226
5.9263057e-05
0.00034847733
0.9851564
1.3828533e-05
0.00014157365
1.9954712e-05
0.0012532258
0.9999974
4.8588852e-05
0.000783272
0.87127656
1.5204419e-05
6.4413593e-06
0.0007391886
1.5204419e-05
0.37628207
2.0667563e-05
0.6654361
7.6076e-05
1.6018696e-06
0.00011927649
0.82158285
8.172556e-06
0.84803903
0.00014791742
0.00030233196
1.0031385e-05
0.54507214
0.00012300033
1.2019307e-08
0.0128859645
0.0037944412
0.00037036822
0.0021103425
0.02534635
0.0004174841
0.02823429
0.0028589214
1.4327649e-05
1.7482175e-07
0.5442892
3.896332e-06
0.009199977
2.8838265e-06
3.518867e-05
1.4327649e-05
0.00023614978
7.713757e-05
1.6849874e-06
1.9305194e-06
0.0004489239
1.8468007e-05
2.1132986e-07
0.00015420126
0.028794747
0.24928853
6.4251744e-06
0.30076608
1.9146219e-05
0.30305076
7.0659684e-05
0.062452126
0.21745758
2.5899024e-06
3.7767217e-07
1.2203844e-05
0.012144377
9.594785e-06
1.271161e-06
0.00050079584
1.2809908e-05
0.82597387
1.8610526e-05
0.0050354563
0.00011464145
0.000119337245
0.54457784
2.7002756e-05
8.207297e-05
0.9774702
5.7895166e-05
7.9686964e-07
3.717233e-06
0.9879041
0.00010685373
0.0045614652
0.6313278
0.00017967507
0.96673477
0.0022844707
9.699339e-07
3.22649e-05
5.353317e-06
0.44625494
0.99963874
2.5899024e-06
7.4422485e-07
3.640785e-05
0.0015747203
0.009490365
0.08636693
3.9781507e-06
0.0031470144
0.9999569
0.77281827
0.97676474
0.99965143
1.0762796e-05
2.9704297e-06
4.5451237e-05
0.9999982
0.9945969
0.99999356
0.00020316723
0.34259382
0.9999813
0.14800861
0.9999999
3.5310418e-06
1.8155055e-06
0.00017149842
0.30866462
9.794617e-07
7.025137e-06
0.020904457
7.4473394e-07
0.9999687
0.0026812127
0.00026959067
0.00010695088
0.7288894
0.017696343
0.020302502
0.9627039
0.00015662666
9.395604e-06
0.0001685788
9.056881e-09
7.119256e-06
0.0035237013
5.6847275e-05
0.99999946
0.9947542
0.8628635
0.032018937
0.0023476165
0.023125388
0.0005530611
0.007915391
9.039296e-06
0.81371164
0.99945015
0.17574158
0.0029273457
0.0004489239
0.00023146783
0.05163762
3.2073308e-06
5.2217088e-06
0.00026563293
6.2439525e-05
0.20608293
1.4136197e-06
0.000495313
0.98633844
1.3408537e-07
0.00014062942
0.021593492
0.000807049
5.242786e-05
1.4420302e-06
0.48540273
0.000652763
2.5013609e-05
0.99994916
1.4175971e-05
2.249875e-05
5.1942334e-06
0.05843666
4.8588852e-05
0.0006898738
0.37628207
0.024003578
6.978649e-07
0.77852964
0.9876511
1.6020751e-05
3.2351306e-07
1.809563e-07
0.9627039
0.0001346064
1.7482175e-07
0.99946135
7.4473394e-07
0.97676474
0.003828766
1.4466334e-05
0.00015562105
0.9999999
1.3854828e-05
0.00031531847
0.0011375475
0.011356183
0.0022193475
0.9971774
3.233738e-06
3.8006212e-05
0.5697393
0.0007930604
4.1779374e-05
0.00012119042
0.54507214
7.8435645e-05
0.56855553
0.00028367774
0.008840842
0.89598507
0.00538657
0.0039810273
0.0060979957
3.3642455e-06
0.0003813879
5.9913356e-07
4.0465515e-08
0.07346305
0.00020120358
0.031664208
0.00089786196
0.058229316
4.5117076e-06
0.10731746
0.010219005
0.0021870318
0.0005601846
0.0011671253
8.483931e-06
1.9371455e-06
1.4160757e-05
0.030771056
0.983858
0.9999998
0.00023579902
0.9987776
0.30076608
0.0005723267
0.22176953
0.7477848
0.93277663
1.5593962e-05
7.459961e-05
6.3360917e-06
7.4520676e-06
0.00023683616
1.0
0.0005228133
0.0023476165
0.005454725
5.8476426e-06
0.0020688274
0.1378178
0.99945015
0.56855553
6.6043312e-06
0.012679609
0.0028396484
0.0006225461
0.00015598042
0.00023651638
1.8155055e-06
5.4524708e-06
0.24974966
3.8037084e-07
0.00018090714
0.00051187474
9.367245e-05
0.8650514
0.7475184
0.9049667
0.99909157
5.5652094e-06
1.4875128e-06
3.9020185e-07
0.0039513307
0.9851564
