0.99997413
5.722933e-05
1.1152164e-05
8.183843e-05
0.9781738
3.6627523e-06
0.0077402354
0.9704023
6.1991994e-09
0.0002491731
1.3229088e-07
3.0509054e-07
0.19879493
0.33124915
4.688831e-05
2.4114037e-05
0.2711612
0.000118605516
0.014684221
4.5545217e-05
0.00037781993
0.9926025
1.0
0.49346387
0.010610601
1.9006346e-06
6.545696e-05
0.0051338384
4.544656e-07
3.6244012e-07
1.51849e-05
0.01452288
0.9704023
0.99983484
5.61985e-06
0.00059741596
4.349606e-06
0.15185322
0.002636497
0.00142601
0.16279398
1.3541412e-05
3.4127148e-05
0.0005286892
2.3006855e-07
0.00017938697
4.0457184e-07
3.5403114e-05
0.038718745
8.876584e-06
0.003643715
0.00030818934
0.0026258181
0.00018205996
0.1335451
7.79541e-05
0.66688144
2.2042796e-05
0.99998814
1.8174651e-07
0.068656616
8.0586884e-05
0.006923475
0.00014479236
2.5932835e-05
0.004748083
0.9999372
0.016951816
0.00017564071
1.0334666e-06
2.082821e-06
5.2380536e-05
0.9984156
0.33025408
0.6448183
0.99999046
0.0015864635
1.2054155e-06
2.8672916e-05
0.99999416
0.008711747
0.00011466015
0.0008358633
0.00015631305
8.892713e-05
3.6244012e-07
0.0028134875
0.00018082108
0.040077835
0.000107278036
2.4426401e-05
0.00013289612
4.129891e-05
0.0006256391
4.80737e-06
3.145117e-07
0.57320064
0.008597447
0.00041657052
0.6007851
1.9236595e-05
0.6272612
2.6218962e-07
0.008597447
0.00011535401
0.00017676671
0.9999984
6.282249e-05
0.99736464
3.5951093e-06
0.48147905
0.015955836
0.000105332896
0.0014728681
0.290598
0.0060303374
4.7714853e-05
0.35240832
0.008597447
1.9017925e-05
0.99907315
0.99747276
8.119164e-06
0.13369974
0.004381794
2.6531866e-06
0.9999809
0.0030212987
0.0008760164
6.508679e-06
0.003275907
0.048955936
1.0
0.021943782
0.904815
9.467334e-06
2.1618652e-07
2.9466148e-07
0.0003407219
0.00014790037
6.5892204e-06
0.030745631
0.0077402354
8.0545935e-05
0.004702604
0.88839316
6.0772927e-05
0.0009801773
8.361522e-07
5.6372322e-05
0.07599415
2.1618652e-07
2.544134e-06
0.09358978
0.00041610815
0.9833408
0.60892713
0.99948394
0.9997539
3.9047798e-08
0.020988222
0.010796477
0.052342754
1.8875544e-05
0.0011140036
0.0268888
0.00024171651
3.2939909e-06
0.09522207
8.650073e-06
0.99999726
8.131592e-06
3.4013925e-07
0.999794
0.0019298823
0.9918381
8.892713e-05
0.28945863
0.00019715664
2.5805166e-06
0.0005514215
0.07911126
0.020988222
0.97647077
6.0772927e-05
9.992629e-06
0.00017676671
3.3971467e-06
3.4428733e-06
0.0100326575
0.013800478
0.0073799766
0.00075288524
9.7830176e-05
4.5177138e-05
2.8543898e-05
0.35752124
7.978081e-08
2.986114e-06
0.025340836
0.9999991
0.96699303
5.7288876e-06
4.0886584e-06
0.00072750665
0.9998326
0.29459706
1.2793158e-05
7.3023424e-05
1.6800838e-06
1.0600514e-05
0.9999809
4.0060673e-05
8.0545935e-05
0.0019016956
7.923094e-06
0.8162869
1.3929018e-05
0.7181061
2.133842e-05
2.9720734e-06
0.9996782
0.014618246
2.8737015e-06
0.010889772
0.94718784
0.003418533
1.1163742e-05
5.32571e-08
0.0013143653
8.240817e-06
7.6510605e-06
0.0025800252
4.5441095e-05
1.676209e-05
0.96932685
0.44644776
0.00053008593
0.0001764116
0.9568827
5.620684e-07
8.364629e-06
4.96088e-06
1.0334666e-06
6.9662013e-07
0.0005514215
2.5582014e-07
1.1193154e-05
2.4244133e-05
0.00012339164
2.9166933e-05
3.5074713e-06
0.002478987
0.0012436155
3.6285137e-06
0.0033792756
0.0011099392
0.17169146
0.10499078
0.018211445
3.069192e-05
4.253746e-06
0.0010291713
0.0001934672
1.6607811e-07
0.00018387537
0.011289032
0.007119173
0.02160375
0.728504
0.4740644
0.00142601
0.69996303
0.9992025
0.00029636992
0.008013025
2.6348803e-07
0.0040920884
0.9926025
0.9989808
2.6348803e-07
0.0072191595
1.7021333e-06
0.26380777
3.6940291e-06
0.0072191595
0.15713686
0.0019711263
1.2818914e-05
0.9997356
0.011662427
0.0016216588
0.002312382
0.9625904
3.0538824e-06
9.131941e-05
7.79541e-05
0.9973247
5.372192e-07
0.00031504442
