0.009510512
0.9999952
0.0046528745
0.00067182345
0.0043198043
0.9968519
3.5866222e-05
0.00093207817
0.0017159332
0.00013499933
8.411375e-08
0.00037835052
1.0353625e-06
6.8689487e-06
1.489856e-05
0.9785565
0.002977121
0.055995297
0.0036459316
0.025813472
5.3019026e-05
0.17692217
1.7107232e-05
5.519926e-06
0.9998631
0.08651472
0.92475903
0.09487653
8.94519e-08
5.3710715e-05
0.058874235
1.1461422e-06
0.012160607
0.0003405793
0.0022664042
2.0080246e-05
0.017102327
4.317239e-05
5.1475894e-08
0.0006041768
0.8654511
0.08651472
0.9924924
0.997251
0.99155504
0.00016467148
8.1218593e-07
0.0018815133
0.959992
1.571513e-06
9.5983e-06
0.012181359
1.2521709e-06
0.9999668
0.010787427
0.00011780748
4.9181917e-06
0.0003351523
0.00013654708
0.9914706
2.0548955e-06
0.98508376
1.4891832e-07
1.8234005e-06
0.99830294
0.00037764836
0.0038030525
4.023604e-06
6.1379023e-06
4.792584e-07
0.0018815133
0.999498
3.7211312e-06
0.0008366745
8.710821e-05
1.00323705e-05
0.012930973
0.00013262192
0.08149411
1.7838545e-07
4.837309e-06
0.0005235289
3.8995963e-06
0.00012678622
7.05712e-06
0.99970764
0.0020182328
9.467939e-06
2.5028452e-05
2.8738139e-06
1.8027313e-06
0.8654511
1.0929333e-05
0.42885312
2.991208e-05
2.5028452e-05
9.134289e-06
0.0005856167
0.00079880416
6.756449e-06
0.00018341694
0.007319427
1.164504e-05
1.4582157e-07
1.7424982e-05
0.00018341694
0.9661278
1.2022299e-05
1.925895e-05
0.0005432721
0.9948827
1.3040464e-05
1.7471373e-05
0.0022664042
8.026263e-05
9.715461e-10
0.9317649
0.00010237255
5.228393e-07
5.086512e-07
0.07870808
0.99994373
3.1764964e-07
0.6219625
0.9999921
2.4794354e-05
5.9328056e-07
0.9814472
0.46522486
1.8619656e-07
0.0001012075
0.0012831618
5.3605407e-05
0.0144875385
2.6247506e-07
0.5342021
2.45813e-06
0.00016978383
0.012181359
7.849655e-05
0.00043134872
0.99824166
0.991388
0.0034196116
0.010873924
0.084546864
0.008023219
0.9282131
0.3979644
0.08921723
0.00089515833
6.9358543e-07
0.0028980426
2.5028452e-05
0.018698467
0.0008969641
0.0003911876
0.9999306
1.0723444e-05
0.0025060342
0.99935853
0.69226384
2.515285e-05
0.00060138525
7.706627e-06
0.0014869955
0.03144836
0.0001577428
0.46522486
0.0003285589
0.05044533
0.0072641596
0.99999547
0.108654365
0.001114564
1.0
0.9997933
0.0002637126
0.0022131084
0.0057741962
9.2437585e-06
0.00016295318
0.0993937
8.320006e-06
0.00023707993
0.005052085
0.054584496
8.157527e-09
0.6497031
0.00012265329
2.6048735e-06
0.025813472
0.0013166957
1.4729278e-06
0.9661278
0.0032292015
0.017182684
0.00010708865
2.7376078e-05
3.7398167e-05
4.0882453e-05
1.1181066e-06
2.8227808e-07
0.00104107
2.2235747e-05
2.8359558e-05
0.038419686
2.3193515e-07
0.0035166193
9.656015e-05
0.0053895214
0.002977121
5.053232e-06
1.2890367e-06
0.004010086
7.6462874e-07
6.7531684e-05
5.1725954e-05
1.5016068e-05
0.80016685
6.438102e-07
0.12507537
5.519926e-06
9.439441e-06
1.8181253e-06
1.4355577e-05
0.9999819
0.00010237265
0.00060138525
1.1598848e-06
0.00016467148
0.00049097085
1.8181253e-06
1.6551046e-05
1.037066e-05
0.001299368
0.25040305
2.1780406e-06
9.984665e-07
1.8423501e-05
9.663227e-05
0.005645976
0.00022964308
0.844428
0.00028204374
2.3963196e-06
1.9717423e-05
0.00011405374
2.0548955e-06
0.00026919055
0.43386275
1.7791785e-06
1.0485772e-05
8.13633e-05
9.800926e-06
2.8945337e-06
2.7924632e-06
8.829854e-05
0.0012407003
4.659641e-06
0.99359703
1.4862508e-06
3.0875486e-05
0.0007494279
0.99824166
0.00019320156
0.31366703
0.9930149
0.015372355
1.4673728e-06
1.0052904e-05
0.99999076
0.98508376
0.5289616
0.0036397045
0.032239407
1.43400885e-05
1.6908703e-05
0.039957058
0.0029284842
1.0966355e-05
0.9999998
0.16331449
8.1218593e-07
2.5285079e-05
8.674624e-06
0.022372492
0.99989414
0.00014341253
0.97096807
0.004541505
0.0007386936
0.98343796
5.8326436e-06
1.6740941e-07
7.2203343e-06
7.838002e-05
0.005645976
0.844428
4.560641e-05
