1.0
0.706786
0.043430183
5.1184924e-07
0.00047416406
2.8054305e-07
0.833211
0.11304357
0.0015969421
0.6480225
2.596644e-07
9.65273e-07
0.00047416406
0.0016850918
1.3309625e-05
2.291268e-07
1.7162752e-06
2.7958606e-06
0.16133143
0.00027617317
0.00011136068
9.475717e-06
0.0017506442
0.0005015212
0.012330246
1.0178788e-06
1.5095582e-05
0.001444881
0.05137418
0.99999976
6.9405655e-07
0.07454803
2.404418e-07
0.42063206
0.00030502072
1.5321051e-05
0.9985681
9.112507e-08
1.1954594e-05
1.4715075e-08
0.004628787
0.094778046
9.211833e-07
3.0481533e-06
0.0073296656
2.9200692e-05
0.021745538
0.38139966
6.6248895e-06
0.16861445
8.239527e-05
4.886941e-06
1.6587551e-06
2.6636016e-07
9.1205926e-05
7.6679935e-05
9.510282e-06
3.6370162e-05
0.9999987
5.0595187e-05
0.00020366006
7.217367e-06
6.833183e-07
4.5182263e-05
0.000253166
0.8581006
0.00011136068
0.007090128
0.09410599
0.99999976
1.9869489e-05
0.24870084
2.9928538e-06
2.931605e-07
1.1587787e-05
0.99998504
3.7596449e-06
1.5095582e-05
3.0849692e-06
9.275483e-08
0.9999959
0.005749666
2.6936524e-07
0.0054788254
0.00022641948
6.813421e-07
0.016232016
6.171689e-05
1.508836e-08
0.12326093
3.534181e-07
0.85355896
0.0012741515
9.291813e-06
9.819477e-07
2.0234529e-07
0.071519986
7.837883e-05
0.21726552
4.3639993e-06
0.96659917
0.00014364191
1.1622567e-06
0.9999988
0.0746263
0.001068687
0.1471857
0.00014515704
1.6398005e-06
7.334304e-09
4.3415315e-05
0.0002537131
0.9663917
0.99951714
3.534181e-07
1.3086383e-06
0.010987673
0.007918529
4.397847e-07
0.03971592
0.0007059261
4.432671e-06
0.00010620391
8.332941e-06
3.8248204e-06
0.0033548656
1.3987775e-05
0.9996575
0.000100374695
0.037522875
3.0917022e-06
1.6321651e-06
7.192468e-07
4.5039783e-06
0.97734493
0.00019123082
0.999432
0.00027617317
0.04413737
0.00025887252
3.025569e-06
2.9418008e-05
0.37192422
1.2848709e-07
0.9131722
2.33741e-10
1.6007396e-06
2.238165e-05
0.9988841
6.533747e-05
0.00014011891
2.9374276e-05
0.00012258606
2.9928538e-06
4.2434678e-08
0.00033574522
9.9086776e-08
3.391972e-05
0.0023736977
4.224552e-05
9.252084e-06
7.777121e-06
6.8975503e-10
1.8651201e-07
0.021582527
0.82596415
0.99999976
0.0004491615
0.0025743847
5.434854e-08
0.001487674
6.620568e-07
2.468281e-05
0.00030957814
2.6705961e-06
0.0021830082
1.2198976e-07
1.7329727e-05
0.0010283724
2.6989575e-05
0.00019625637
7.241091e-05
1.5321051e-05
0.0016232283
3.1395537e-06
6.931371e-07
0.0071020415
7.801188e-05
0.0112836575
1.3441147e-05
1.9146306e-07
0.9971067
0.0015655794
0.054174244
3.3522017e-08
4.357887e-05
8.381638e-06
0.21202666
5.1175255e-05
0.0012741515
0.18221207
0.00024268641
1.9552156e-06
0.12701496
5.619248e-07
0.96659917
2.5873671e-06
0.00035130058
0.9970941
3.1394833e-07
0.2696825
0.021165222
0.0019713112
0.0021233219
1.43790485e-05
7.635647e-05
4.6143454e-05
2.3299042e-07
0.9999195
1.5959716e-06
0.21959469
2.888065e-06
0.51757336
0.00020490684
3.2675903e-06
0.99449897
0.0023736977
4.1357875e-05
0.00014515704
0.00020638054
0.031967357
1.3779988e-06
9.16861e-08
1.8308667e-08
0.00063228933
3.2452198e-07
7.665725e-06
2.5691497e-06
6.620568e-07
9.7813296e-05
0.15286262
0.0030218558
0.025585974
2.257096e-08
1.0
6.684984e-08
0.006182941
0.00325117
0.009702427
0.9999717
7.2791777e-06
5.288659e-06
0.11304357
0.022011796
4.729527e-06
5.498971e-07
0.09394871
0.00039039427
5.7075315e-08
0.0002303872
0.002238721
0.98580235
3.1179302e-06
7.677461e-05
0.9848585
3.4823195e-05
0.9991411
0.00029978176
7.0805468e-06
0.00011191455
1.3404934e-06
5.4541765e-06
0.00029299242
7.1980586e-09
1.7672552e-07
3.2717937e-06
9.884243e-05
0.002217262
8.491876e-07
0.0015969421
0.0006264434
4.5967772e-05
3.8248204e-06
8.378387e-09
1.4015268e-05
1.8651201e-07
2.1130961e-06
4.402967e-07
0.008220245
1.9146306e-07
3.2452198e-07
2.603314e-07
4.7184436e-08
6.144111e-08
1.4886728e-05
0.50985587
6.002654e-08
0.09394871
9.518879e-07
0.99146956
