0.9773398
0.060223654
0.99999577
0.0063872617
0.03657386
0.008606495
0.049046896
0.3235159
0.033336304
0.07891951
0.95910484
0.9629245
0.30837676
0.9663151
0.063086405
0.00747805
0.8894298
0.75972223
0.024549633
0.0046200026
0.036095057
0.94874036
0.018485308
0.9999986
0.05564667
0.99995816
0.9798745
0.86842805
0.3712113
0.05502983
0.17731096
0.020086285
0.006657301
0.99966496
0.8896829
0.9890722
0.48871264
0.0045664716
0.010257089
0.44761565
0.8779755
0.95532733
0.003935009
0.2449402
0.01245503
0.9538831
0.057043254
0.99999994
0.31079683
0.0010414846
0.0020166074
0.04362902
0.9985223
0.0124872355
0.028710721
0.91996974
0.005031724
0.95828116
0.0006118545
0.002739984
0.13097084
0.8058138
0.03337774
0.012117716
0.1912876
0.93526614
0.09347117
0.97907513
0.9166233
0.5602997
0.8648255
0.99999154
0.008882649
0.5424022
0.99993545
0.954384
0.010021827
0.0064803013
0.99999523
0.008670115
0.3340045
0.99950767
0.23720363
0.012511355
0.9964446
0.02284919
0.68384534
0.9983988
0.08127054
0.99999577
0.9998637
0.46195877
0.99849594
0.99974346
0.9964048
0.18534207
0.9996033
0.1418795
0.9810652
0.9954272
1.0
0.03036404
0.74646807
0.9985476
0.9968021
0.0980014
0.00042506546
0.17335206
0.9385417
0.99829644
0.0001871937
0.99999994
0.99999577
0.99999845
0.99998146
0.999991
0.8812059
0.21271494
0.99396175
0.18785505
0.9027872
0.99733746
0.06730125
0.00035366256
0.26875645
0.9185808
0.99916416
0.0016681094
0.0032597976
0.95888466
0.99996185
0.8367314
0.0057700803
0.00051264284
0.74168986
0.96929055
0.7368463
0.9966374
0.9824749
0.020481868
0.33827075
0.0092439195
0.9974255
0.9999978
0.014179736
0.96853775
0.9988824
1.1904796e-05
0.9915434
0.9999989
0.0013542043
0.97940445
0.036348477
0.99999994
0.9945891
0.9979174
0.009628477
0.0845233
0.8282679
0.9129489
0.8768291
0.074848324
0.9992437
0.9983988
0.9990777
0.10399012
0.005095509
0.03651653
0.0062330253
0.06954934
0.022548473
0.9027872
0.9083572
0.99997324
0.9999999
0.0009667096
0.75972223
0.9849985
0.004512615
0.99999994
0.0005101183
0.007609437
0.31466997
0.017852852
0.031598583
0.79030025
0.0032597976
0.0124872355
0.98734784
0.99307954
0.9999907
0.5179083
0.9985685
0.9648419
0.00024756053
0.05021143
0.06268401
0.8960005
0.9666004
0.0034904296
0.53874856
0.0062145097
0.0019247953
0.4527345
0.00042506546
0.98174787
0.13415368
0.020211738
0.9891306
0.002066346
0.5990681
0.05443001
0.013623091
0.0002504025
0.98694074
0.10161112
0.0009178848
0.3712113
0.9995547
0.99299073
1.0
0.9648419
0.99999994
0.003275611
0.9999989
0.9883744
0.000568214
1.0
0.014334807
0.8894298
0.99706703
0.0010501688
1.0
0.9999981
0.03354135
0.53922844
0.22721493
0.9994258
0.14278476
0.99999994
0.7315463
0.9594818
0.9999986
0.00795357
3.0137882e-05
0.9957229
0.18607844
0.15054612
0.7405878
0.3970848
0.0005098495
0.016985804
0.7657129
0.99992514
0.99999416
0.0019404035
0.8960005
0.03569938
0.0025311764
0.9778915
0.2808168
0.5990681
0.99999994
0.6603409
0.97204643
0.7051021
1.0
0.98694074
0.40743497
0.002313065
0.83908564
0.9999995
0.7068054
0.999473
0.008670115
0.03172803
0.00079352385
0.57401
0.10085445
0.005031724
0.99999994
0.99998945
0.76608175
0.056378312
0.51197755
0.99932647
0.016613403
0.50797397
0.9940557
0.00073823397
0.95166755
0.0055848807
0.10161112
0.99999416
0.17493415
0.9730516
0.3619551
1.0
0.02030532
0.07441137
