2.6373433e-08
0.99999595
0.9993561
0.99999994
0.0071021016
0.9999035
0.08011188
0.99550456
0.002555227
0.9843128
0.0014550304
0.99999917
0.52278984
5.7427227e-05
2.9697316e-05
6.014332e-07
0.31123087
0.89227974
9.1816255e-06
0.9999874
0.9993676
0.9996662
5.0713997e-08
0.9997273
0.99650246
0.91363496
0.9005891
0.0019376453
0.9969881
0.00039565438
7.345049e-05
0.94237244
0.9974972
0.9731231
0.9999939
0.00017200185
0.9999973
0.98878473
0.9999992
0.9999999
1.0
4.9045807e-06
1.1145944e-06
0.0046907524
2.7129365e-06
0.00020032495
2.5773502e-08
0.010061151
0.0001641003
6.309584e-06
5.1780862e-08
1.4871546e-05
0.00029127757
0.103140265
0.02238344
5.760525e-07
6.8855815e-07
0.9870223
0.20533033
1.7942975e-08
3.4731768e-06
0.9881428
0.000117969474
1.0831731e-06
9.690883e-10
5.293263e-07
1.259242e-09
3.9079882e-07
8.239347e-06
1.192741e-08
0.8221999
0.0017794296
0.0048728553
1.5400079e-07
0.7950884
0.010863614
2.645864e-06
0.9999998
2.0794946e-06
2.0615957e-07
1.4393742e-05
4.663411e-06
7.004072e-06
6.7474843e-07
0.000114575334
1.822053e-08
2.5048865e-07
4.9371065e-06
0.00017982573
2.0938774e-07
0.015744105
9.7773545e-06
5.3185534e-08
2.3661833e-08
0.000475003
4.8433835e-06
3.4924204e-07
6.7033536e-05
0.0049695023
0.0011077726
0.0023138984
9.4763024e-08
3.294789e-06
2.2671895e-06
0.00079197745
5.627784e-05
0.0021345944
7.30072e-05
0.009159919
0.00012420368
4.612299e-07
6.9834427e-06
6.4976346e-05
0.038073145
2.863508e-08
1.3560668e-07
1.11129675e-05
0.031955708
2.204912e-07
1.0166313e-08
7.3876968e-06
7.3191575e-07
4.8490957e-08
0.000114664304
8.972272e-06
5.7558413e-08
3.8310304e-07
0.0030890135
1.0356647e-06
1.2496621e-06
0.00034706693
0.006381043
0.8815561
5.19197e-06
3.4994457e-06
6.9834427e-06
9.642135e-10
0.00018258985
5.1810085e-09
3.433269e-07
0.46979487
5.991129e-05
0.0011971821
6.298723e-08
0.10031731
2.3537574e-05
0.012228304
9.178198e-08
8.5996184e-08
9.874378e-08
3.902719e-11
1.7675494e-10
0.0046907524
3.822787e-05
4.31908e-09
0.16482264
8.4123434e-07
2.7987605e-07
0.0040911054
0.9442543
1.1112608e-08
2.0589835e-06
7.9124015e-07
0.015713248
8.964525e-08
0.006011973
7.8617896e-10
4.482024e-05
1.7845858e-06
0.0074826735
1.871797e-07
0.029279184
9.960175e-07
2.534452e-07
2.1013253e-05
0.00034081613
0.0028069988
0.00010066186
0.0012218294
3.484642e-07
0.03791785
0.34184775
2.4394515e-07
3.0319413e-08
0.99999464
0.00013744085
0.03464964
0.99854684
6.702127e-05
5.0882196e-08
2.0502864e-07
0.00044904187
0.04316282
6.2181944e-09
3.0678798e-08
0.00017402436
0.00017402436
1.192741e-08
1.8796034e-09
3.6294443e-07
2.8630877e-06
9.461782e-08
2.3220014e-06
9.216472e-06
0.67607427
2.5193068e-09
2.4158626e-09
0.0010491117
1.2912378e-06
0.002688103
3.82709e-06
1.5599704e-05
3.902719e-11
1.5109158e-07
5.1272957e-07
6.738637e-06
2.0794946e-06
0.003919514
0.0036962142
3.2081124e-07
2.3452155e-06
2.4886214e-07
0.00032823454
0.008996203
0.00017372295
0.055102132
1.0584653e-07
0.8755118
0.16412543
2.8348776e-07
6.8213603e-06
0.00035855285
1.4462885e-05
3.346066e-10
0.00094725617
3.60511e-07
9.037876e-05
1.1818384e-05
0.00044525872
3.5472697e-06
1.5400079e-07
1.4656761e-07
0.0012826223
1.9585698e-07
1.9512598e-07
3.2704764e-05
0.99996936
0.0010579636
2.5438842e-09
0.9960465
0.00013781882
0.20533033
1.9636338e-06
8.1230195e-05
6.8379813e-07
0.00010650654
0.0023138984
8.029153e-10
0.57328486
7.4174785e-08
0.00027659006
0.021277245
2.1040827e-05
7.018401e-07
0.00023324347
8.5415704e-05
0.00023324347
2.6445865e-05
3.879199e-06
0.00052596774
5.5895633e-08
0.79832464
4.3693963e-06
5.486629e-08
0.0009184298
0.00010820257
1.822053e-08
0.004413739
2.3136556e-08
3.959514e-08
1.103509e-06
0.0003877444
5.825731e-09
0.00029321792
3.2686376e-06
3.879199e-06
4.7141437e-08
2.013167e-05
3.902719e-11
1.7158695e-07
1.8497198e-07
0.00879578
3.4322318e-09
1.1392398e-06
8.7023466e-07
6.0378134e-08
0.0006664422
1.7592993e-05
5.577588e-07
2.6445865e-05
