0.9999995
1.1626508e-05
4.0775572e-05
1.7174541e-06
0.29042134
0.00017672054
0.10946694
0.0006336835
2.5187805e-06
0.99996114
1.7058863e-05
2.2195021e-08
3.480208e-05
5.0409577e-05
5.614517e-05
1.4029403e-05
0.025149848
8.479256e-06
0.018505313
0.00044603995
0.0569072
0.001183113
1.9472702e-05
0.99999964
0.36784056
3.1306558e-06
7.98187e-07
6.291318e-06
4.5839667e-07
3.0570322e-06
0.00050030916
0.9999636
0.0029446797
7.2666306e-05
0.6474406
1.3238554e-07
3.4749955e-06
1.3742449e-05
3.6044283e-05
4.6967973e-05
7.4160766e-07
0.9998108
4.7974495e-06
0.004054496
1.4043468e-06
2.4375695e-05
0.99999464
5.4434618e-06
3.5493238e-06
0.0025883312
0.00014035439
0.19343127
2.6399712e-06
8.8946916e-07
2.288205e-05
0.5735579
0.0037966175
4.370388e-06
5.8449103e-07
0.0005297599
0.3079725
0.00033552284
0.006648043
1.5196283e-09
1.9721278e-05
2.9418232e-05
0.99999964
8.3275495e-07
1.2639522e-05
7.1432776e-05
7.6195015e-06
4.287041e-07
1.9013827e-05
0.0036312032
6.687978e-05
0.58777595
5.0833296e-06
2.604039e-07
0.00016965695
0.00037339798
2.5369064e-07
1.1207093e-05
2.1759313e-05
0.0004595518
2.907196e-05
0.00044603995
3.4510444e-07
1.3031191e-08
1.4416424e-06
0.0017014171
0.00025097278
0.04204363
1.2973775e-06
0.999963
0.99968
0.00016166661
0.0036312032
3.0200572e-06
0.018505313
0.030942384
8.2137893e-07
1.4127008e-05
1.3586376e-05
1.2185428e-07
2.4332982e-08
5.891185e-06
1.3673646e-05
0.16786693
0.91656923
0.1854165
0.10283374
0.0008401629
5.272421e-07
1.0606591e-05
0.99996984
0.99974364
4.0636673e-06
0.9999199
0.00041823773
0.99184257
5.3090724e-07
0.0008085546
0.9993776
0.99957263
0.9978119
0.00010950357
0.9532541
4.3904375e-08
0.0028200075
0.00174232
6.357124e-06
5.8249057e-06
0.00018466215
4.397962e-05
3.7804548e-06
6.3565756e-07
0.89396423
5.987833e-06
0.34772426
0.034089576
1.8113168e-06
0.041052315
2.3716677e-06
7.886667e-07
1.5954998e-06
0.0013399139
0.9892797
5.694993e-07
0.9997166
8.887639e-06
0.004054496
0.0024781006
8.08627e-05
1.4962742e-06
8.4766245e-05
0.43969613
0.62711734
2.4530764e-06
0.9996928
1.0336093e-05
0.78374726
0.09286745
0.0014892039
5.90148e-05
0.010592694
2.4246683e-06
4.916926e-07
0.00038790947
0.99929893
8.3526834e-07
2.974587e-05
7.709736e-08
1.1569424e-07
1.4124853e-05
0.0021422268
1.6046468e-05
1.0847878e-06
5.2154097e-05
0.00060774136
0.99976563
0.005492735
0.0004145652
0.02756476
5.3409153e-06
0.99955124
0.02756476
2.7653493e-06
0.9986979
0.9532541
0.05960283
0.0029446797
1.0022673e-06
0.13083695
1.0840724e-05
0.9988078
0.015953215
0.0004217624
4.5787696e-05
1.8533375e-06
0.030196022
0.99999994
0.00020973026
3.3651054e-06
0.0053835874
6.0031558e-05
6.7241934e-05
0.32920614
1.0847878e-06
3.9555136e-05
0.00069732196
4.773581e-07
6.0219452e-05
1.9512295e-06
2.0106455e-07
0.0028200075
0.00016787958
0.0016632044
4.051115e-06
0.26948893
3.3310593e-05
1.5400581e-05
6.562899e-06
2.4788176e-07
1.4124853e-05
0.0027910993
1.5408851e-06
6.2061916e-09
0.9892797
0.99998146
1.9472702e-05
0.80565166
0.00046145738
0.01464362
1.6082281e-06
1.2769305e-05
0.0021052014
9.82049e-06
0.0035994998
6.657298e-06
7.018938e-05
1.0058179e-05
4.3054924e-09
3.5344705e-08
0.00086582755
0.04204363
0.7621098
0.0006300846
0.00058596284
0.00174232
0.000897841
4.7966715e-08
1.2319066e-07
6.5942845e-07
0.00063949946
4.661988e-06
8.241965e-06
1.2650971e-06
0.0035994998
2.3399512e-07
0.00041139955
7.285732e-05
0.0004217624
1.0
9.747577e-09
4.108993e-06
4.7784456e-06
4.2567813e-06
0.00015292618
0.002884239
5.0069457e-06
3.7480756e-09
3.7242623e-06
4.330113e-06
4.155372e-05
5.417197e-05
4.100045e-06
0.16786693
0.0002358966
1.7067952e-06
7.4682066e-07
0.9999998
2.9418232e-05
5.8384616e-05
7.556496e-05
0.0005297599
4.370388e-06
0.052103125
0.0006562227
0.99941313
0.00055746466
3.9608173e-07
4.6967973e-05
0.026681319
2.0201107e-06
0.0003034848
0.9999199
0.00025248
8.593123e-07
4.4331264e-05
9.571886e-09
