1.0
5.7978823e-06
9.471312e-07
1.8993536e-08
2.0322251e-07
0.0053055375
0.0001105498
1.2734203e-06
3.0202762e-06
0.0031822976
7.6752843e-07
4.6655362e-08
0.00023708443
0.0002752568
0.00013999097
7.894629e-05
8.072422e-06
3.8007162e-08
0.10688089
0.00111383
0.02143754
4.1889405e-05
0.0005826201
2.1009576e-08
1.1150165e-05
0.9997349
6.550445e-09
0.0022270775
0.23039822
4.5278202e-06
2.4790996e-05
2.256228e-06
0.00048296506
0.0009443802
1.5464853e-05
0.0010306303
8.978323e-07
0.177002
9.261954e-06
0.9999972
2.9971787e-05
0.77281785
1.4475817e-06
8.072422e-06
7.381914e-05
5.6025438e-06
3.9549664e-06
6.981205e-06
1.2082734e-05
0.5027804
4.6870475e-05
0.0020133206
0.9960007
4.8451165e-07
0.99998677
3.783232e-06
9.203438e-07
0.0005792845
2.107655e-07
7.999832e-07
0.38034233
0.9765924
0.83779514
1.9861447e-07
0.010849426
0.00022209868
0.38034233
0.64663434
0.076544605
0.9684539
2.242328e-06
0.02030092
6.7163996e-06
0.99741155
2.5081115e-06
0.0061069094
0.00053954084
0.01433377
2.2058419e-05
3.560464e-06
1.38698e-06
4.188197e-06
6.4830015e-06
3.74166e-06
0.0002264916
1.88582e-05
0.3994307
8.455886e-06
0.20110787
0.00015571101
8.599319e-05
0.00077995006
4.0844276e-07
6.942333e-05
0.021362957
0.0019586391
1.4551305e-06
0.9999994
2.5107606e-06
3.7791751e-06
7.0105875e-06
3.4906516e-05
3.198492e-05
0.8857892
6.860949e-08
0.002328437
4.1889405e-05
0.0006682137
0.0004577955
1.4051732e-07
0.31366044
0.0195443
5.602549e-06
0.0068923593
4.868458e-05
1.5411614e-06
0.92586845
2.3562774e-05
4.6188758e-05
0.99987864
8.633737e-08
0.0002654491
0.0010740167
2.5187421e-06
0.13867512
4.5200014e-07
1.3388083e-06
6.321636e-05
0.9581652
0.91642314
0.9305178
4.2562942e-06
3.2416688e-07
3.733455e-06
1.0471422e-05
1.5179135e-06
7.613768e-05
0.00030019134
4.8292605e-08
1.4056154e-07
1.0471422e-05
0.00021616922
0.9986417
0.0001595003
1.1709363e-07
4.8495436e-05
0.00016449399
0.009410314
0.0010306303
0.017449973
4.747494e-06
0.0010677375
0.008401521
1.5423591e-08
0.011972848
0.045132723
6.620751e-07
0.9926877
7.2551225e-06
4.458431e-06
1.1505776e-06
2.4875944e-06
2.2666741e-07
6.0950233e-06
1.9875033e-07
0.001458677
2.1266402e-07
0.00035306832
1.779613e-06
0.01384443
1.3737024e-05
0.13876122
0.0009782541
0.0005826201
9.158635e-05
0.00074858917
1.7395496e-05
1.1801633e-06
0.00033584668
9.55442e-05
0.10297191
0.0014379744
0.00013423289
1.4630589e-05
0.000538816
0.0010227569
2.0553148e-06
0.44138125
4.4037453e-05
0.0023302
3.8843264e-06
0.72416455
0.026053485
0.9999996
0.00020956554
0.0009965175
0.07142711
3.880687e-07
8.7317116e-05
4.869082e-06
2.8861301e-05
1.005484e-06
0.015596864
0.0019060939
0.08865969
2.0826512e-07
1.1934485e-06
1.4324232e-07
0.00066951476
7.54877e-07
1.7172597e-05
3.713249e-05
1.12811895e-05
0.00077995006
1.2465503e-07
0.057416454
5.4445363e-06
0.0010154624
9.774343e-06
5.351827e-06
0.0001346865
0.0023920087
0.98158294
1.3426082e-06
7.6752843e-07
7.8014567e-10
6.303312e-05
1.1827502e-06
0.9734353
6.754271e-08
0.1309672
3.730783e-05
0.9875201
4.9286955e-06
0.9875201
0.0015052245
6.6002366e-07
0.00104365
0.99765813
0.0005198709
0.00032901025
0.9999885
0.0016347046
0.2507749
4.6835744e-06
3.6621932e-05
0.0016347046
0.9690351
2.256228e-06
0.25984517
0.0070105474
1.041348e-07
2.0702282e-05
0.30292863
4.4237436e-06
7.156163e-05
4.577425e-05
0.0015052245
1.2967569e-05
6.6722833e-07
7.160518e-05
2.5107606e-06
0.00023919488
0.0004365347
1.4286675e-06
0.00054715556
0.0021585072
0.00041053572
0.06862465
4.499488e-05
0.29714414
9.3373776e-05
3.2751777e-06
1.2715295e-06
0.3809499
4.09013e-07
0.9999994
0.9841294
3.5672234e-05
0.3729492
5.5610275e-07
1.3862104e-06
1.6050084e-08
9.886854e-05
0.0008984661
0.00011032949
4.1567e-05
1.0018297e-05
0.006433483
0.00054231344
5.0391413e-05
5.3017713e-05
2.1158426e-06
2.854466e-05
0.0009619449
0.0002752568
0.02073193
2.517185e-08
5.306627e-07
9.514335e-05
