1.0
1.0
3.813904e-08
1.8926255e-06
0.9941947
0.00030219392
5.2071406e-05
0.00044815431
4.458431e-06
9.588474e-05
0.007561967
0.00010628515
0.9371984
0.0278285
0.11612879
0.00068642554
0.40320587
7.9792684e-05
0.84203964
0.00037117925
1.3250974e-06
0.96351755
0.00023394034
0.00013157619
4.125088e-08
0.99996394
1.4938817e-06
1.2980524e-05
1.8033461e-05
0.022715343
0.86514115
0.0005966565
0.0011790319
0.002332255
0.00029548176
1.9977185e-06
0.044131353
1.6462876e-06
0.05226788
0.0070799976
1.4539057e-06
0.97633094
0.00046096698
1.9201598e-06
6.740962e-07
0.9999996
1.9674035e-06
0.5379558
6.94044e-05
0.0051716426
0.13288845
0.11192387
5.1556643e-05
1.2606369e-05
4.499659e-06
0.9935629
1.0519786e-05
0.0024238452
0.00053999125
0.0015206569
1.9837264e-05
0.00053248985
0.050285824
4.827967e-06
8.19029e-06
0.0032101476
0.98179656
1.7364764e-05
1.3960012e-06
8.052801e-06
6.931074e-05
2.0995327e-05
2.4388422e-07
0.9367559
0.007984345
8.7028915e-05
0.9617527
0.9988767
0.0008057787
2.2982826e-05
6.0576305e-08
0.9927691
5.773759e-06
0.99333537
0.99993616
1.4808229e-05
0.00014786934
5.231539e-05
5.8064466e-05
0.013039843
3.3797842e-06
1.29046756e-08
2.0701236e-06
1.4123366e-07
0.00043286537
0.0006396183
3.9734223e-06
1.455047e-05
0.00013906856
3.547209e-06
8.922554e-05
0.00012982418
0.023486836
0.038733836
6.740962e-07
0.061168082
3.5511723e-05
0.69187814
0.8116498
3.1624527e-08
0.6647886
0.65846497
4.366422e-06
0.8539091
8.052801e-06
2.2065151e-05
0.0011025087
0.9711857
0.9826034
0.0012746042
7.639386e-08
6.160077e-05
0.6985324
0.6788601
1.3238024e-07
0.00023659984
5.675832e-07
3.5285786e-05
0.00011832492
0.034782123
0.0019167326
1.791973e-05
0.9303408
0.0015881526
0.2979996
0.008162157
0.29711467
0.0016782983
5.3098265e-08
0.09814004
0.311552
0.0002971219
8.10745e-05
3.5259538e-06
0.77547723
0.27855808
1.53389e-07
1.1705042e-07
4.2645747e-06
9.283654e-06
0.07483981
0.00670073
0.96719694
3.4950885e-05
3.649559e-05
4.0375385e-06
0.99648213
1.4236992e-05
0.8881643
4.1418969e-07
4.5707162e-05
0.0001021288
6.6422804e-06
3.7779355e-06
3.5115958e-05
5.254263e-06
9.240861e-05
3.7545283e-06
1.2980524e-05
0.9994186
0.0012786429
2.818646e-06
1.1166915e-06
0.96351755
0.035393585
0.9249086
0.99419945
0.001004669
0.9995253
1.5432158e-07
3.9022225e-06
0.0006645952
0.0001213706
0.0006417906
0.00024383517
2.40487e-05
0.26872703
0.00066075433
0.08459343
0.93432367
1.2041287e-06
1.0
2.0984044e-06
4.5244833e-06
0.0037856663
2.2728855e-05
2.4858016e-06
2.1125943e-06
1.4758817e-07
3.5115958e-05
0.96719694
2.4217743e-05
6.336838e-07
0.0019797601
0.15021129
1.5227562e-06
0.00031276638
0.95887655
0.0008057787
2.1820648e-07
0.99982643
0.0001213706
4.66093e-06
0.0006645952
0.0029922924
0.04473983
0.0047565317
2.185877e-05
5.896091e-05
3.3159406e-06
3.7779355e-06
0.0025085195
1.9674035e-06
2.7536387e-06
0.002332255
0.9901698
7.132468e-07
5.675832e-07
0.02614588
9.3668476e-08
4.2918496e-06
0.00036110225
1.2518819e-06
2.0337548e-05
0.40320587
2.1437224e-07
2.4770952e-06
0.00094773236
3.9090087e-06
0.058797717
0.042880926
3.1686544e-05
4.3093332e-05
1.811316e-05
0.04933296
0.0002641439
0.009598812
2.2991286e-05
9.283654e-06
5.8261e-07
4.307129e-08
3.797615e-08
0.0979842
0.001222733
6.221564e-06
1.8564757e-06
0.0067007267
0.11874469
1.1039132e-06
0.4964971
0.0023693102
0.0010560136
0.014594664
0.00012112872
4.6093527e-07
0.00023007592
0.00010233615
2.1437224e-07
0.917796
1.455047e-05
0.0009373352
8.7825686e-07
1.1364142e-06
0.017097598
0.00023007592
0.0017898355
0.02547007
4.595326e-06
0.041
0.0017944443
6.447184e-05
0.005821891
4.098082e-06
1.22416795e-05
0.8500899
6.1422998e-06
0.008430323
7.534813e-06
0.08269911
0.91550785
0.005755936
0.0005915313
0.00018059381
0.9999247
0.0005326805
9.667944e-06
4.098082e-06
0.5317684
0.0025104638
0.99986756
