0.030432556
0.0007692354
5.1839663e-07
7.560013e-05
1.4783836e-07
2.5935851e-06
1.2592714e-08
0.0012921805
5.611365e-07
2.951643e-06
0.1831986
4.900935e-05
0.00030624104
0.14790806
6.9352e-05
0.8447242
2.9986256e-07
0.00028636877
2.6462274e-07
9.842127e-05
4.6916986e-09
0.026588246
0.06500464
0.9994211
0.9904164
0.0005990592
7.837421e-07
0.00013707609
1.0
9.460927e-06
0.0026906738
0.00012579035
9.563746e-05
5.0980423e-05
0.0003211584
0.0013746644
8.475295e-06
1.4608464e-07
0.06551989
5.829082e-05
0.00051569514
1.746869e-06
0.012315899
8.735609e-05
0.0032225028
1.332128e-07
2.0201887e-05
0.00074918865
0.9993964
0.0025630787
0.4558405
0.0029707104
0.99884015
0.12073487
1.7390785e-05
0.0006364101
0.018229427
2.6659489e-08
2.7122274e-05
6.6176574e-07
8.445727e-07
0.21263838
0.002122764
1.7448909e-06
2.682097e-06
0.016885236
0.079263896
2.618238e-06
0.00043539683
1.7521897e-05
0.9998768
0.9773848
0.0003388179
0.0031152528
0.9669582
0.9963332
4.737679e-08
0.0029641897
3.6138397e-07
1.73948e-05
4.048559e-07
1.3519703e-08
1.5684147e-08
5.671088e-06
5.6507297e-06
0.9997733
1.2264619e-06
2.3097808e-05
9.460927e-06
9.842127e-05
1.13096775e-07
3.1272898e-06
8.0770815e-06
0.9999998
4.238661e-09
0.9044262
3.415351e-06
4.950223e-10
1.6628398e-06
0.00014947537
0.010089787
0.85304546
0.0018804936
0.011484539
3.924278e-06
0.999346
2.7420374e-06
1.0693684e-05
0.999633
1.0919808e-06
0.009792223
4.950223e-10
0.07817701
0.0048445156
0.18575765
0.016423687
0.0028015529
8.2649507e-07
1.3588082e-08
4.8807372e-08
0.10147302
6.6864374e-07
0.064248234
2.6659489e-08
3.540426e-06
4.4732362e-05
0.4558405
0.895099
2.6354877e-08
3.438437e-05
8.746896e-08
8.2962384e-07
8.096627e-08
0.047595426
9.523841e-06
9.846494e-06
0.00014855264
0.0025541163
7.6930917e-07
0.00034506366
0.011854321
0.00015479702
0.963442
0.049446713
3.709777e-05
0.18575765
0.9994284
0.00057630683
6.3197976e-06
0.037970576
1.2363053e-06
5.3837215e-07
7.11479e-06
2.0147602e-06
4.06685e-06
0.0009390917
0.31640717
0.00054721296
2.2542451e-06
0.02008836
0.0005279115
0.09036231
2.2116716e-08
0.999827
0.028651794
5.611124e-07
0.0006749366
0.00051569514
5.5203736e-06
0.012113937
1.4403176e-06
3.3177517e-07
9.275752e-05
5.232731e-06
9.445964e-07
0.032721408
4.950223e-10
0.9819513
3.1217535e-06
2.5688221e-05
0.9556223
7.948834e-06
0.0061539426
3.910425e-06
6.799173e-07
0.046177577
0.15007536
1.2524358e-05
0.00014700614
0.09036229
5.2191263e-05
0.0013080973
0.022009108
7.6914424e-05
0.4634144
0.963442
0.054339327
0.010976016
0.0012050598
3.1704857e-07
7.2683946e-08
0.051193263
3.414964e-05
5.3406973e-05
3.6844867e-05
0.13108282
0.00011538767
1.0332643e-05
0.989961
0.0014095857
0.99955666
5.773973e-07
0.9992747
0.5588975
2.2544113e-05
3.392402e-08
0.00017293954
6.837701e-06
1.0561266e-06
6.440417e-07
1.9301972e-06
0.052288882
1.0847653e-05
0.00017351734
5.773973e-07
1.4403176e-06
0.5230185
1.1094288e-05
2.7687352e-07
0.06688253
3.3639208e-05
6.1262166e-05
2.3987434e-06
7.0272145e-06
0.007727216
2.4137003e-06
0.9018288
5.4430213e-05
0.00036997368
4.5260656e-08
0.07702494
0.054462243
1.6305387e-08
3.143378e-07
0.0009412469
7.44692e-07
8.371288e-07
3.3604006e-06
0.1037617
0.055352103
0.42143428
4.8139486e-06
0.0001508554
0.99962205
1.5899268e-07
0.04728654
1.15670755e-05
7.153688e-07
3.0253152e-05
5.8412775e-06
0.0068860105
8.465952e-07
0.89754635
0.0035634097
0.009751287
0.0006280821
0.004795283
0.0071866466
0.9945047
4.2165615e-07
0.82419115
0.0001480351
0.9200299
0.00028381328
0.9999961
1.0185722e-06
0.0003090715
3.540426e-06
7.134461e-07
0.0022343008
0.41574422
0.5415644
0.114749275
0.29818925
0.049446713
0.0054094573
0.99974406
1.5865699e-05
0.0030248254
2.5200437e-05
0.9970698
1.2486162e-06
1.7510155e-06
4.6196023e-05
3.7539696e-06
2.2542451e-06
0.08049993
4.448119e-06
0.24923931
0.14790806
