0.51241
0.0055722073
0.66511875
0.014344755
4.3038234e-10
0.0044506947
0.99966925
1.2070693e-07
0.8515941
0.0724563
0.42715728
0.0002563963
0.0010850147
4.19723e-06
9.254396e-06
0.035319034
0.88249594
0.18540052
0.5404575
1.7146234e-05
0.16979265
0.0004634393
7.745211e-07
0.0002851534
0.00018672664
3.612227e-07
1.5554559e-05
0.00035649215
0.0063297194
0.00011749493
0.9999973
0.006616182
0.028238373
9.5454416e-05
0.0501465
0.18052866
0.9820311
0.02090927
0.00022381805
0.06858981
0.0019857283
0.008376642
0.0037931185
3.1199233e-05
0.023405563
7.934701e-06
0.00019926671
0.46877882
0.002615884
0.025395436
0.0071271155
0.030672442
5.4894666e-05
1.1604845e-06
3.490878e-05
6.479225e-06
2.1893464e-05
0.3240053
0.12990257
2.3181907e-05
0.0021431493
0.016748339
0.9832358
9.942117e-06
5.544973e-05
7.922912e-06
1.0281568e-05
0.0009299102
0.0016094714
0.4293471
7.281697e-05
0.03331283
0.35575354
9.424878e-06
5.006654e-06
1.0046722e-06
0.35575354
2.1893464e-05
0.0002478354
0.4293471
0.0014409607
0.004692852
0.016016059
0.9999999
1.18386e-05
2.3682429e-07
4.819319e-05
0.9999741
0.015205977
4.903693e-05
0.00034169352
0.0043585463
0.00022415676
5.8263147e-05
2.9684645e-06
6.8339527e-06
7.096071e-05
0.0017896633
0.00019098063
0.0021431493
0.009558556
0.021111757
1.0897714e-05
2.1308322e-05
8.925486e-07
0.34058166
0.79054874
0.0002347971
0.5009822
0.0016342417
2.687359e-05
0.00083582586
0.105625324
0.98731333
0.6019505
0.0072137723
3.0996653e-05
0.023387935
0.00012583942
0.014082761
0.008527084
0.08571967
0.001468147
0.019504402
0.0061771567
0.9966596
1.9511292e-05
8.853319e-06
0.027625179
0.0021865831
7.1746465e-05
3.594227e-05
0.00022294799
0.0041572247
0.00035741535
0.43334445
1.7155028e-06
8.01447e-07
0.42572832
0.00071935094
1.6890524e-05
0.0036193081
0.0017017655
0.00030327946
0.37927657
3.914138e-06
3.5507384e-07
0.983999
0.99786264
0.12136908
0.942392
8.902042e-06
6.319918e-05
0.000101697115
0.025499772
0.999182
0.003984069
0.05235859
3.0190147e-06
0.5810617
1.1503797e-05
0.00064628274
6.6152743e-06
1.1515062e-06
1.1088767e-05
0.002615884
0.9549479
0.0062251617
0.18052866
0.0006693227
0.00096593535
7.319036e-06
0.0037931185
0.69574255
0.9988498
0.02090926
0.25134322
0.000993027
3.995861e-05
4.6249315e-05
0.001045467
0.0001016943
0.8815377
0.0036315653
0.012807895
5.665697e-07
0.00048295123
0.9961557
0.94910467
1.0
0.014720548
0.0002587568
4.7406043e-06
2.3609282e-06
0.99999785
0.8062617
0.0060645225
2.3314042e-05
3.0591964e-06
0.012676671
5.1887306e-05
0.0016839659
0.99999994
0.99998116
0.004840168
0.99102056
0.96448666
7.51319e-07
0.105625324
0.5810617
0.8661437
0.0067921476
9.8648175e-05
0.99995005
2.2185039e-05
0.066225216
0.0023475762
0.9996481
0.0002298262
3.4736364e-05
0.0017896633
0.6510101
0.6524278
0.00078529207
0.00012958597
0.0033479563
6.1813953e-06
1.885072e-05
0.34058166
3.8558854e-05
5.939723e-06
0.0018902115
0.00012898314
0.85174394
9.602987e-06
2.155323e-07
0.0015392987
0.5009822
5.029765e-05
5.3334843e-06
0.012527383
4.1187606e-05
0.017231809
0.86340964
0.0012969064
5.029765e-05
4.6996547e-06
0.00011678797
3.9614406e-05
9.4762306e-08
0.00022485416
2.155323e-07
0.0007586093
0.0010084723
0.0013180921
0.18052866
9.266672e-06
4.4106451e-07
0.0005701657
0.08716237
2.5485754e-06
8.376311e-07
0.41350162
0.99962264
0.0455442
0.9809763
9.602987e-06
3.7412792e-05
0.015682938
8.018545e-06
1.5479547e-05
0.009020271
0.8484044
4.7716036e-05
0.30599377
5.029765e-05
0.0021865831
0.002881359
0.0005120104
0.0001383683
0.09023902
0.0008117553
2.9182904e-05
0.00041022274
0.8661437
9.531555e-06
8.92783e-05
0.9999999
4.7406043e-06
0.00046474478
9.127701e-05
0.009463088
0.0026009502
0.999932
2.0598598e-05
0.0005862235
0.0014885744
4.4587327e-06
0.83136564
0.0045625195
