1.0
1.0
1.0
1.0
1.0
0.99981487
1.4246517e-08
0.9936843
0.0012236952
3.1473806e-05
0.00028475947
2.469794e-07
1.0171011e-07
3.864105e-08
7.110416e-07
0.7670316
6.6918314e-05
0.07568126
1.0438661e-06
0.99987257
0.08646959
0.998077
0.24509801
4.723415e-06
0.087717935
4.5428966e-05
4.855638e-05
0.02817923
0.00019912294
4.7076846e-05
2.3833561e-05
0.00038534513
3.4935996e-07
6.390023e-07
0.00011167279
0.0030822004
1.980247e-06
2.6602345e-08
0.0004610788
0.0005128461
0.021565689
0.0058827223
1.329496e-06
1.2441042e-06
2.5372142e-06
1.262904e-07
4.0762635e-07
0.0027034623
3.9405742e-05
1.5024104e-05
0.001021184
3.8814792e-07
9.724254e-07
0.00012505529
0.0028658449
6.8970826e-07
7.3146776e-07
2.8992579e-06
0.003050611
8.176269e-08
9.133456e-05
0.092717335
0.19456393
4.5616386e-07
0.29020128
3.4517885e-07
4.682403e-08
0.0009397567
2.9997343e-06
0.062054023
0.00027602052
1.5072102e-06
3.9310244e-08
2.5844894e-05
0.00069274235
6.2106265e-05
1.5353185e-06
0.033730835
9.2671056e-05
0.0079409685
0.0022731577
4.82222e-07
0.9701223
0.99907845
0.021565689
5.4367206e-07
0.0013627477
0.0004978307
0.9841804
5.5574183e-06
2.6314802e-07
7.965019e-07
0.0008285681
5.7852947e-08
2.3455407e-08
2.6818566e-06
1.25612705e-05
3.7706538e-06
0.00043552095
5.5521614e-08
0.0003104758
0.0004051837
0.95761466
1.1300043e-05
4.2867734e-05
5.4246635e-07
2.241691e-06
0.99703056
0.00010559246
1.0582327e-06
0.38469538
0.014637745
1.2687902e-05
3.2192636e-06
0.8943925
2.371516e-06
0.18938977
5.921114e-05
0.00016017442
2.5772518e-08
0.0059768218
1.2571289e-07
4.0403734e-06
0.00016260255
4.2427768e-05
8.513465e-06
0.0010202077
0.00016179786
3.6111978e-06
1.0582327e-06
0.0123154
8.8403605e-05
0.005902831
5.2440228e-08
5.0057723e-05
0.0055337134
2.0504558e-06
2.183488e-08
0.0001543057
0.8645481
0.00059846055
0.9999996
6.5175113e-06
0.027724892
0.01542403
8.7401255e-05
0.0736312
9.7196935e-05
2.3670293e-05
0.0031687552
1.6402277e-05
0.9350709
1.4682207e-05
0.00014174088
0.00069505756
5.375492e-07
0.0002778325
0.0003686
2.6113354e-05
0.20772395
0.0042202207
8.8735695e-05
2.0027766e-05
2.7944825e-06
9.9340605e-06
1.11874015e-05
0.9997407
9.873659e-07
7.1006702e-06
0.0006927417
0.99937564
0.00011271749
3.0730902e-05
0.11672416
0.0059303776
0.0028276609
0.98997456
0.07475701
1.913099e-06
8.6092166e-07
0.002349687
0.006919568
1.0312532e-08
1.7975777e-06
2.6771324e-05
0.99997246
0.6926878
0.0012646279
0.0018649065
0.00027239163
5.375386e-05
3.9640818e-05
7.088547e-07
0.9973014
1.1037721e-06
2.0646426e-06
0.00022414394
0.0020522783
0.00010984618
3.023253e-06
1.1656756e-06
0.0004968157
2.1587164e-05
2.5298656e-05
0.0016809592
0.0028290437
0.00040227352
1.2571289e-07
0.95499706
0.38880807
0.9999981
1.6868332e-06
6.949997e-06
0.00020869654
0.9333199
0.07125829
5.118795e-07
0.0003671411
0.5662779
6.0065133e-07
4.3485775e-06
7.817499e-06
0.07125829
0.00020188079
0.08646959
6.564806e-05
0.1933082
0.00019507206
0.001178076
0.24296121
2.2931465e-05
0.0005671627
0.047880255
0.00036680314
9.405074e-07
3.4517885e-07
2.840011e-06
1.4906633e-05
1.0458701e-08
2.850697e-07
0.6701486
1.3838889e-05
9.867201e-07
0.0005590059
0.07475701
5.4580404e-08
0.9768551
0.9592556
7.4966236e-05
3.5660812e-06
9.846802e-07
1.7076294e-05
1.4183744e-06
8.176269e-08
3.1863585e-06
0.00018252055
3.5618934e-05
0.022160206
3.2192697e-06
0.032940786
4.348665e-06
3.799075e-06
1.4817814e-06
4.580055e-08
0.00012153645
0.0052237003
5.9742297e-06
0.99980384
0.0052156406
0.002349687
0.0018180375
0.95707065
2.1587164e-05
4.2867734e-05
1.0
6.4823e-08
0.0007285397
0.0039338805
4.2427768e-05
1.7076294e-05
0.000108162334
2.1759065e-06
0.00029605476
0.00016774485
2.9064284e-05
3.5984053e-07
2.4398814e-05
0.00018666736
0.93950695
0.007950275
6.2261245e-07
0.0001854767
6.8780605e-06
0.9168742
0.00045409403
8.5569934e-07
1.3443134e-05
0.44973797
7.229446e-08
0.00022702497
