0.14564939
0.9949836
0.0002756573
3.1307326e-09
9.952456e-07
0.0002019942
4.2952564e-05
0.0005126193
2.6087866e-05
1.5186258e-09
2.697655e-07
1.1247658e-07
1.1454997e-06
0.01608036
1.3525656e-06
0.0023493841
0.05362572
1.3030252e-07
7.917208e-05
7.635789e-06
4.1977702e-05
1.708512e-09
5.0973886e-06
0.00025403866
0.9999836
6.4020974e-06
0.7947593
2.2242135e-09
0.38993627
0.0005501699
2.1385104e-06
6.0166414e-05
0.00043636805
0.006025261
4.9591e-05
0.00020530346
6.911135e-05
1.7390967e-07
2.0074957e-07
0.24328792
0.0050849556
2.7108253e-08
7.7945556e-10
0.009537419
0.0004903736
8.682934e-08
3.4527267e-07
1.587586e-06
2.2242135e-09
1.2564888e-07
1.5220273e-06
2.8916145e-06
0.0018342372
0.023882303
1.6507494e-06
5.896345e-06
4.2326369e-07
0.0001262418
0.00013392004
0.0043662256
5.6344344e-08
4.037292e-06
1.3696159e-05
4.698032e-07
3.7561935e-07
0.0016656138
1.127833e-08
4.2738095e-05
0.10885981
0.97664905
1.9132522e-06
9.968629e-05
3.2086762e-09
6.9404465e-05
1.5155517e-05
4.6318532e-06
8.7741384e-05
3.574311e-09
0.01123606
1.2222773e-08
7.672726e-05
5.0569044e-05
0.8078305
0.0007805821
3.4836146e-05
9.918435e-08
6.829894e-05
1.9857886e-07
0.9983974
1.197361e-06
1.6715794e-05
2.3713113e-08
2.3449293e-06
0.011781706
1.3179813e-07
0.25782743
3.9834034e-09
0.022063335
2.0437888e-08
0.001553066
0.0023762353
9.393661e-06
0.0014131482
6.5954064e-06
1.3933437e-06
0.00024004524
1.4952585e-06
2.9937793e-05
0.00010611674
0.99765444
3.9283277e-05
9.428202e-08
0.7429519
3.4514535e-06
1.0085201e-07
0.00019559021
1.1340508e-06
0.00014742234
0.0043662256
3.8877104e-07
0.88875556
0.0041563287
2.880759e-06
0.8118782
4.804849e-06
1.8051218e-05
3.4598855e-08
1.4870504e-06
1.2007025e-05
7.7352826e-07
5.021484e-07
1.3668523e-05
1.3737343e-06
0.9999863
1.1080622e-09
7.011043e-08
1.4819365e-07
0.00013793555
2.344959e-08
7.3896485e-06
0.0049643083
0.3967331
7.343086e-06
3.6108137e-05
0.00025837295
1.10251236e-07
4.2738095e-05
0.045958072
1.1954928e-07
8.0111386e-07
0.0010338096
2.274425e-05
4.866371e-10
0.0014131482
0.38693646
0.0007576376
0.0031371003
6.6951548e-06
8.0289155e-08
0.005316349
2.9472955e-09
5.8657502e-08
4.0220682e-05
1.8648101e-05
0.00024004524
3.3526348e-09
2.6734635e-09
2.4826825e-08
6.592912e-05
9.352423e-08
0.003729893
3.530852e-08
9.863005e-07
2.3449293e-06
4.6318532e-06
6.8346176e-06
0.00013122785
0.99765444
0.016170705
0.013974292
0.005767942
1.357516e-07
5.7168904e-08
1.8583555e-07
2.4771767e-08
2.0283218e-05
1.5102519e-06
0.08398095
0.005767942
0.7396476
4.0288006e-07
3.943197e-08
0.0001262418
0.079501174
4.3327876e-07
8.574232e-08
0.0005759455
0.6033622
0.7844861
1.4303143e-06
4.33546e-06
0.00044616667
7.898332e-09
2.5275438e-07
0.023915246
0.0004126254
4.0288006e-07
0.0021197654
0.49589387
0.00021637461
0.0037860007
5.6344344e-08
2.4447854e-06
0.9834413
7.898332e-09
0.0023493841
0.06456312
1.1423862e-06
6.9496655e-06
8.471295e-06
4.0397237e-05
0.0023493841
2.074606e-06
0.0030544214
2.2174345e-06
3.0412306e-05
1.3662334e-07
3.8567123e-06
3.112886e-05
4.7323065e-06
9.299377e-07
1.1847124e-08
1.4541941e-06
4.103919e-07
0.9942338
7.7352826e-07
0.045958072
1.0037949e-08
0.018651837
2.3713707e-07
0.65755206
6.807218e-07
0.9957611
1.1916723e-08
9.1025754e-07
0.986503
7.661303e-06
0.014568313
1.483475e-07
1.8767384e-08
0.64479065
1.8484639e-06
0.99999607
3.082459e-05
2.8680236e-07
0.0010054916
8.2898495e-08
0.9743704
0.0003725006
0.2788834
3.9834034e-09
9.143148e-08
2.9893744e-07
0.00498814
1.222275e-08
1.3805727e-07
0.00034366085
0.03770056
9.599855e-05
6.782937e-07
8.574232e-08
3.6620677e-06
7.888816e-09
1.0883866e-06
1.0141721e-07
7.004119e-07
0.006025261
0.036658686
1.3355218e-07
0.0049643083
4.4370935e-07
0.00010158266
0.002560123
1.5629503e-07
7.097912e-05
1.873422e-07
8.898261e-05
7.741666e-07
0.00029407517
4.801995e-07
4.0397237e-05
5.559139e-10
2.967067e-07
7.4699955e-08
2.6038651e-06
0.0035804573
4.6432536e-08
3.5043618e-06
0.0014131482
0.9338465
