0.9999992
1.0
0.00184382
9.596678e-08
4.5069946e-06
0.0001870952
0.99925065
1.4959353e-08
0.99947196
1.0224611e-05
6.468329e-09
9.683997e-07
3.924859e-07
1.3197199e-06
1.277316e-06
0.0009770925
7.514899e-06
0.99925065
5.8551984e-07
7.4292075e-07
0.0003461978
0.00031481503
0.05115902
0.00037102058
0.9987834
0.99991554
2.6314779e-06
0.00036536233
0.9999895
1.2606506e-06
3.3329627e-05
0.00014204964
0.003109681
7.036873e-08
0.029723272
5.5002365e-06
0.88951015
3.2352742e-05
0.074117415
1.4099159e-06
0.12801246
0.00011193922
2.4179578e-06
5.0388946e-09
0.9541552
1.1205896e-05
0.7695902
0.99999934
5.8551984e-07
1.6988121e-06
1.2632321e-06
0.00010521123
0.009328789
0.01072424
1.6874263e-05
1.9824252e-05
0.001957965
0.002882898
0.012159295
0.9017053
0.013678241
0.0040634456
3.8015357e-06
0.96064484
0.0022013339
4.731891e-07
0.00027364807
1.0912127e-05
2.272375e-07
2.1365605e-07
0.99142045
1.7653666e-06
0.94321936
2.6760113e-06
0.5229321
9.829974e-08
0.3805028
0.99980825
2.5805682e-06
7.2907204e-07
6.6605344e-07
8.519992e-07
0.9996825
0.009201072
0.13978824
1.5916562e-07
4.6758797e-07
4.817329e-07
9.28624e-05
8.7291795e-08
1.8869017e-06
3.858696e-05
8.2562714e-05
0.015086438
2.951094e-06
0.99996394
2.571288e-05
1.9451297e-08
2.1844726e-05
0.9967569
1.9669287e-05
3.8875768e-07
1.0569519e-08
0.00036131474
1.0224611e-05
5.0123646e-07
0.15745853
0.75094324
1.9513802e-08
1.0250539e-09
3.7343143e-05
1.1197676e-07
6.512464e-07
0.99996394
3.136612e-05
4.129769e-05
6.8603333e-07
0.00022529667
3.5119778e-05
3.25482e-06
0.029865975
0.00054322527
6.359771e-08
0.0002505625
1.0862552e-09
7.8672535e-09
1.3197199e-06
1.9513802e-08
0.07669297
3.4571192e-05
7.362468e-05
1.2882732e-07
2.5821288e-07
3.5642145e-06
1.2595693e-08
0.0016123012
0.012159295
0.6697166
4.6987683e-05
1.6408893e-07
1.5772404e-08
0.8445548
0.99947196
0.030080006
1.1043671e-10
1.4730776e-05
3.0664334e-05
0.00012862818
0.00010249475
0.0063452623
1.2034275e-05
3.475661e-07
4.3330562e-07
1.1967324e-05
3.369311e-07
0.0024732323
1.5657895e-09
2.2199453e-07
1.4696024e-06
0.0035068577
0.0005709412
0.9935591
2.0601878e-08
0.0006807399
0.28453118
0.00029496333
5.879626e-09
0.99821407
1.0736435e-08
6.026359e-06
5.540895e-07
1.4049841e-07
0.5956248
2.8106895e-08
0.0003450594
0.0071981824
0.99975985
0.032559656
1.00974e-08
7.837576e-11
9.121688e-05
4.0085297e-06
1.4402117e-07
0.08275795
0.0001125713
0.52293205
0.00027863227
2.3396963e-08
0.0005441681
0.0024732323
0.9995524
1.8712697e-08
8.229557e-07
0.9754841
1.948996e-05
8.30414e-08
0.004552646
2.1349729e-06
1.3197199e-06
1.2103769e-06
4.7813515e-05
1.4856769e-06
0.7636001
0.12595859
0.0009256627
0.00035859642
2.257871e-08
7.682873e-08
8.979222e-06
4.9172355e-05
0.5309468
0.00010521123
1.080571e-08
0.9982237
1.7772693e-07
2.3241607e-07
0.9998942
1.5040699e-06
0.003525319
0.95842963
0.10916071
1.9223714e-06
3.5636706e-06
0.92388254
0.8077877
2.9797002e-05
0.0003450594
0.0016123012
5.1735224e-05
0.00050161564
5.1530697e-06
0.0052026585
0.001675396
0.036588937
0.9565213
0.9512176
3.4671866e-06
6.976852e-07
0.015401057
1.0510294e-06
4.6946157e-06
2.1967107e-06
9.92352e-07
0.00059038
0.9961786
4.922862e-07
0.02617619
9.716737e-05
7.837576e-11
3.4602792e-05
0.0006251855
0.015401057
0.0023953244
0.00036508535
1.7449559e-06
2.0372023e-07
7.085438e-07
0.8277072
3.2925732e-07
0.8825677
6.1763465e-05
0.8546381
1.0344239e-06
1.5872756e-06
2.3748273e-06
0.00011193911
1.3302059e-07
2.758125e-07
2.4200665e-06
6.8968555e-05
0.978691
0.018382685
2.4281291e-05
9.456216e-10
7.589174e-06
1.2103769e-06
2.3669762e-07
0.96067613
4.9818063e-06
0.2979067
0.00023562102
3.1889151e-06
0.0066313054
5.4128577e-09
9.716737e-05
0.99415845
2.8104619e-06
2.5376473e-06
6.149978e-06
1.8887042e-07
0.1488298
1.6988121e-06
0.0066313054
0.0047343085
2.7434683e-06
2.8093643e-09
1.2224635e-06
0.5187641
0.00050161564
6.7494548e-06
