1.0
0.9999999
4.05173e-07
1.7308929e-06
4.694755e-05
1.5930633e-10
0.00013687846
3.1151941e-07
1.2672061e-05
4.030437e-08
4.933874e-07
0.00029443283
1.558437e-08
3.937536e-09
1.4457093e-05
9.756376e-07
3.0171901e-05
0.0036650822
0.06759272
2.2216947e-05
3.7358565e-09
2.2611503e-06
2.5587904e-05
3.455352e-07
2.3318375e-08
5.670698e-10
1.1925471e-09
0.0016153821
0.00013712837
4.6105284e-09
9.509741e-09
9.528646e-08
0.07903331
1.5227474e-06
0.16584893
0.0015575769
3.1269206e-08
0.95370734
0.059029967
0.7080989
0.00030835395
2.7767605e-06
1.2073693e-05
0.0006281647
1.2643255e-08
0.00027615106
0.008252606
5.4249993e-10
3.1603843e-08
3.2074585e-09
1.1614009e-09
1.2073693e-05
0.0009512478
2.6392008e-06
1.7548424e-09
1.7969478e-05
0.00080575416
9.212553e-07
0.9873694
5.582526e-10
0.005740574
0.99931794
2.6171647e-06
8.666731e-09
3.264159e-08
6.5522966e-07
0.0008098354
5.9480726e-06
8.528768e-05
0.79609215
8.9726846e-08
7.897655e-07
7.271004e-05
0.0029123044
1.313928e-06
8.172463e-07
0.008252606
1.6437628e-08
0.0039417995
1.5904115e-08
0.9988057
0.11850914
2.2886075e-08
2.5122074e-06
4.482295e-07
0.4673437
0.00012666213
4.2358673e-07
4.85618e-05
1.3882106e-06
9.683886e-07
3.455352e-07
1.7577065e-09
2.2216947e-05
1.8260178e-06
0.0004451246
1.3882106e-06
5.5147757e-09
0.053869057
7.211941e-08
2.6365092e-07
1.5703485e-08
0.00021598524
6.429788e-10
0.008688914
2.2127054e-08
3.6821122e-05
4.572781e-06
5.4552176e-09
1.475793e-07
0.99951375
1.7278912e-06
0.018089173
3.7190767e-07
2.6037335e-07
1.4934228e-07
8.157069e-07
9.517493e-08
3.6563193e-08
5.5265687e-06
0.00049024855
0.0007780482
0.0010305292
1.9073221e-08
0.039262835
5.925752e-05
0.084857374
0.01662338
1.3533086e-05
2.0999578e-06
3.7190733e-07
8.9726846e-08
2.957605e-10
8.90881e-07
3.0691828e-07
0.949986
0.0009983031
5.94813e-07
6.194833e-05
0.11937898
1.7030563e-05
0.25579438
0.00057223835
3.8507586e-08
5.6135614e-06
1.2275597e-08
4.5500244e-08
0.99960285
0.00019791078
0.002252098
0.9553526
1.2357626e-09
3.93862e-07
1.4878161e-07
0.00019799515
6.3294303e-09
2.0940663e-06
2.647403e-08
9.638135e-06
9.324227e-08
8.235112e-05
0.9896498
6.552082e-09
3.04923e-07
6.670737e-07
1.5274161e-09
0.0050475136
1.4741574e-06
0.0007558643
5.5175455e-08
0.09356835
6.471355e-08
7.278531e-05
1.8102643e-05
1.1614009e-09
1.32371815e-05
0.0066162953
0.9855304
9.3537756e-07
0.9577943
4.727603e-09
1.5806079e-07
0.017607104
1.2291904e-08
0.9672356
0.9999999
6.767417e-10
1.4451697e-08
0.00041473517
1.1296521e-06
7.762057e-08
3.2424996e-10
4.8933976e-05
6.670192e-06
1.113275e-10
1.3576235e-07
6.28382e-08
3.8387543e-06
1.9593688e-08
5.9187226e-07
8.745479e-08
1.7870622e-06
1.6705249e-06
0.0016763725
0.084857374
1.2600745e-07
5.210131e-07
0.80037755
1.749198e-05
0.1570137
9.84055e-09
2.8606846e-05
5.327356e-07
6.408347e-05
0.013942304
5.2213916e-05
0.0039417995
3.510762e-05
3.5647403e-08
0.0018508504
1.4789448e-07
1.0306668e-09
1.1014688e-09
0.00029747933
2.5587904e-05
2.1430573e-08
5.4843504e-06
2.721729e-07
4.6306063e-08
7.812803e-06
0.60824955
6.323104e-07
0.014191266
9.063691e-07
3.833007e-06
0.9992017
0.9797838
0.99915475
4.7092515e-05
3.8904897e-09
5.3515363e-05
7.421808e-05
0.9827106
3.14418e-06
1.2989167e-10
0.15733376
2.0560503e-08
6.058554e-06
8.072137e-09
1.6385765e-07
6.860059e-08
4.770511e-09
9.754272e-09
0.0006353653
0.0011706069
3.4397114e-08
1.2755073e-10
2.4772956e-07
3.470802e-05
0.008314984
1.0493609e-08
0.0009084654
0.00019799515
9.883526e-10
1.1923449e-06
0.9774581
0.0001537948
2.9067412e-06
0.008688914
1.03578955e-07
3.4718487e-06
9.063691e-07
8.235112e-05
1.9593688e-08
6.87158e-09
8.183656e-05
2.9579527e-07
0.00080837664
2.5972756e-06
4.1971096e-05
0.23695178
7.698022e-09
1.6611486e-07
1.7675989e-06
0.0409422
5.0505146e-06
9.659521e-08
1.2092643e-07
1.7969478e-05
3.433164e-07
8.057081e-08
3.9911018e-07
0.034771655
0.007447597
1.3498271e-05
0.010929428
1.6437628e-08
7.2356645e-09
4.582292e-08
0.0014975914
