1.0
1.0
1.0
1.0
1.0
1.0
1.0
1.0
1.0
0.9999995
0.9999917
1.0
1.0
1.0
1.0
1.0
1.0
1.0
1.0
1.0
0.9999995
0.9999917
0.00011462571
0.0004999302
0.0029027024
3.644759e-05
7.0774804e-05
1.0
7.4803844e-05
0.0040408075
4.210612e-05
0.0014032004
0.00019654326
2.9918072e-05
8.710854e-05
1.3187259e-06
0.0042750756
4.1374122e-07
3.821521e-07
0.99878263
0.010746684
1.1655022e-06
0.0013556153
0.0001277476
0.045691427
0.11224025
8.526142e-05
0.9934085
0.020995215
2.3068023e-05
0.0002137695
5.1759816e-06
0.99999774
0.0004892269
0.0019307717
0.00035612087
9.776021e-06
0.020823022
0.9998699
3.2311702e-05
0.8310347
0.0019307717
0.15527582
3.625101e-05
2.1620755e-07
0.110046566
0.25872096
0.93228996
7.08557e-05
1.2782823e-06
0.0003077991
0.00022497897
0.9179728
1.169268e-07
0.9131754
6.786215e-05
0.00021228353
2.5304819e-06
1.2196804e-06
1.2060457e-06
4.555131e-07
2.2135468e-06
0.9998699
0.06688374
8.177131e-06
0.7895233
0.0027833183
5.032787e-06
0.99982274
4.4323613e-05
0.9267475
0.10898287
0.9708488
1.093928e-08
1.01482465e-05
8.526142e-05
0.001366285
0.9999524
5.320821e-05
4.825794e-07
0.0028423623
0.00016944048
5.747197e-08
6.2121507e-07
0.0010815737
5.615971e-06
9.2774244e-05
0.028666383
1.5189474e-06
0.0024229633
1.3617223e-07
1.915918e-06
0.00019794474
0.00033327655
9.818953e-07
0.00024229706
7.182395e-05
0.00013842992
0.0001273102
7.646688e-07
3.9008744e-05
2.9776465e-05
0.0007282513
9.035128e-08
0.2623316
3.2991657e-06
0.00013842992
0.00048995565
4.460874e-05
0.0008168284
0.0010528849
0.6250251
0.0015664562
0.00018063858
0.00024168148
2.6057085e-06
6.814507e-06
0.0017267491
0.0026467734
7.701316e-06
6.6366197e-06
6.1285027e-06
1.8584986e-06
0.9999935
0.51789516
0.9999524
0.0023585698
3.4439768e-06
9.893104e-07
0.049563006
0.00015149976
4.258493e-07
0.0003926376
2.2188595e-05
4.0062673e-06
0.0002392567
6.3631626e-07
0.09378854
4.258493e-07
0.9981919
1.7711811e-06
0.98611087
1.0400692e-06
0.9999524
0.999804
1.5623655e-08
0.0040408075
1.333605e-07
0.015869211
0.00025658114
0.8837179
0.87465584
0.00030777534
0.00026603971
0.00060081464
0.00027263272
0.00018154581
0.0003576468
9.556818e-07
1.4471993e-06
0.011830026
3.9167873e-05
0.31074452
0.0037920736
0.021634076
0.0016197276
0.99999994
2.296076e-07
1.1838441e-05
0.0004098147
4.759916e-06
0.016530743
0.1499739
0.00022549524
5.5564382e-05
1.4985882e-05
0.9993829
5.1320008e-06
1.8360934e-06
1.3460414e-05
0.10450021
1.8987843e-05
0.0013140674
0.002265447
4.4408334e-06
0.06534668
6.394368e-05
0.049563006
0.030607449
7.893951e-05
0.6151371
0.000111760564
0.9840866
1.1935737e-06
1.16643905e-05
0.019888403
0.004388297
4.2671672e-05
0.99999976
1.5064774e-06
0.00075829274
0.73858577
0.00010887158
0.0042202543
0.00271343
0.56199616
5.218883e-07
0.40252635
5.747197e-08
0.008762418
0.9932665
0.9978392
2.0800182e-06
1.3617223e-07
0.0006990713
0.0004982442
0.64957374
0.0009566192
0.50600225
9.382093e-06
0.97971576
1.8987843e-05
3.761413e-05
0.0003576468
0.0040408075
1.5368492e-05
0.017545044
0.562424
0.50600225
0.005117821
1.093928e-08
6.6960297e-06
4.1374122e-07
2.233112e-05
6.423692e-06
7.1488127e-10
1.5665448e-05
0.003312413
4.8478473e-06
0.00044465179
0.00017882511
0.026382525
5.6327644e-06
0.0089021735
4.2156553e-06
4.1870926e-08
4.7560548e-06
4.000502e-06
2.4117444e-06
1.4663573e-06
8.301887e-06
6.762198e-06
0.9472071
0.0025834758
4.636793e-05
0.18517593
1.38858995e-05
1.602162e-05
7.1015306e-06
9.736107e-06
0.0008744901
1.8431953e-06
6.685851e-07
3.966215e-07
7.2398216e-05
0.16050528
0.008862932
9.1691036e-05
2.2912096e-05
8.84687e-05
5.236806e-07
0.00019654326
0.9986649
3.059453e-06
1.3179289e-05
0.0002620019
0.0042750756
5.7723764e-08
0.0004469461
5.8723323e-08
