0.9990468
0.9848134
0.97813433
0.9999718
0.9992222
0.99996215
1.0
1.4656764e-06
0.5009697
2.0805262e-06
0.13207458
0.00018252473
0.0016256379
0.6691964
1.02881895e-05
0.99148864
0.0013113843
0.0006659438
0.57416
0.0061433506
0.0001580605
0.97842157
0.0015735594
0.26140532
0.00010652197
7.903449e-05
0.6645208
0.009798698
9.744268e-05
4.6150877e-08
7.558866e-06
0.00047889102
5.3361153e-05
0.00016796427
9.011959e-07
0.0020721448
0.0050481507
1.1181899e-06
0.9328801
0.99970067
8.671933e-05
5.4874213e-06
0.0012382328
0.9905427
0.99987257
0.9997911
9.946043e-06
0.0029417707
6.3396445e-05
1.06082595e-07
0.11396417
0.9922942
2.7972715e-06
0.0016256379
0.0008962644
3.1181862e-05
2.3846429e-05
1.7137175e-09
0.0031533213
0.032565594
0.99997735
9.202928e-06
0.2071966
0.009916202
0.0012173164
0.28500772
0.008178158
2.66455e-05
5.5294187e-08
3.3815477e-06
1.2336904e-05
2.1206031e-05
0.0021864062
5.4540156e-05
0.006186361
0.044416536
0.0016779772
0.9856618
7.342071e-06
0.99994
0.9950626
1.8607191e-06
1.5621324e-06
0.999997
6.76225e-06
2.2209215e-07
0.0021528527
0.63445616
0.99999875
0.231572
0.7258514
0.008705041
1.5274888e-06
0.9967443
0.014749796
0.00030815793
6.984086e-05
3.5854155e-05
3.693792e-05
7.761447e-09
0.0059690983
5.6696117e-05
0.2767273
0.000135707
0.4582155
8.587097e-06
0.9993812
9.1874074e-07
0.99999684
4.072409e-07
1.0390095e-06
0.9506578
0.9142784
7.558866e-06
0.4125923
9.222381e-07
0.00011645469
0.01934503
5.7204743e-06
0.0005723191
0.9999923
1.8231889e-05
4.4829045e-05
0.1787974
0.0008962644
0.005865569
1.1224227e-05
9.1446724e-05
0.00015364033
0.63445616
0.00022793266
7.821108e-06
0.28873095
0.0022406282
0.18250199
0.038799856
0.01934503
0.20138004
0.972994
0.9996293
7.807537e-06
0.00077193923
3.0467234e-06
8.621743e-05
6.0097373e-05
0.74598956
9.594117e-05
2.66455e-05
9.202928e-06
1.071569e-06
2.6264559e-06
0.999884
5.5819737e-06
1.6567977e-06
0.005100583
0.9434158
6.197368e-06
0.000112565285
0.00018887866
0.00036728042
2.7382484e-07
2.3033824e-06
0.09237497
6.0824696e-06
3.7666573e-06
0.42540672
0.019185109
0.030693062
0.0022406282
2.3033824e-06
3.5123173e-07
0.009386394
0.77288073
0.001409475
4.8453647e-05
5.4643965e-06
0.9982387
0.9951948
0.00013845212
0.00010804842
0.04643586
0.21996656
0.08371877
8.736292e-06
8.568061e-06
0.99572986
0.010351335
9.793621e-06
0.5946673
0.001409475
0.9980418
0.0120911775
0.59466743
0.00010804842
0.99061024
0.0002010774
3.257062e-06
1.3441487e-08
9.6597505e-06
0.0031986393
0.0091024395
0.9998217
0.0029417707
1.1656856e-06
9.673055e-05
0.0029691602
0.00754577
0.99153095
0.23467293
6.76225e-06
0.09237497
1.0773055e-07
0.231572
0.00015346476
0.007022727
0.00024853676
0.9592066
0.0039532697
0.9998584
0.29309046
0.0020721448
0.0001471499
0.010351335
7.373274e-05
0.0057053794
1.6822076e-05
8.0007777e-07
0.00016388796
0.00052064704
0.0018944263
0.002248109
2.962787e-05
0.00019654082
0.009815256
0.53690326
0.0006536875
0.00027698374
0.09579106
3.0835294e-05
1.5830074e-05
1.9343437e-05
6.76225e-06
8.156396e-05
2.982876e-05
1.1484942e-07
0.9995816
4.894037e-05
0.00026756775
7.259111e-07
2.8596985e-06
0.9999272
0.8179413
0.2047611
0.89052415
0.014749796
0.00015963633
1.0
1.4796731e-06
1.4391629e-05
0.11815516
0.00072223216
7.682375e-06
0.011075288
1.244803e-05
0.77361697
6.326285e-05
0.96392745
0.0002579821
0.983849
3.1181862e-05
0.19907044
1.0234191e-05
0.04465202
1.02486325e-07
0.00048507212
0.0011599422
0.000101455546
3.83922e-05
0.018978631
9.0798544e-08
4.2006573e-05
6.4876105e-05
3.213795e-05
4.5221965e-05
0.9999991
1.7750634e-05
0.2114489
4.756076e-05
4.595851e-07
0.09931922
0.009447332
0.016747506
1.4270634e-06
0.99994
0.00017031045
2.2841607e-06
0.0757664
0.99966305
0.0009706689
0.00010796037
