0.99995047
0.00016657254
1.533561e-06
0.9971177
1.7371523e-05
2.9869521e-05
4.49833e-05
0.96019393
5.134244e-07
0.23753172
0.0022326345
2.491502e-07
2.1908277e-06
1.0540949e-06
1.4947253e-09
0.016364971
0.035950933
3.172252e-07
4.2592973e-07
1.5909537e-06
1.876301e-09
0.9998261
0.0002296757
0.9999943
0.9791604
0.089466915
2.322882e-05
0.5474471
2.1512611e-07
0.00014599031
4.2274456e-05
0.5565501
2.2029279e-07
5.9187223e-06
0.93379474
5.832752e-05
0.9995024
1.597985e-06
1.1430722e-07
6.533423e-05
0.9986409
0.5565501
2.789607e-06
0.0002170596
4.849836e-07
5.6015447e-06
0.00036137502
8.1446315e-06
1.10004216e-07
2.309326e-08
2.0443895e-05
1.7512359e-05
0.00011257763
1.7395377e-06
1.016814e-07
0.0009942643
7.454325e-08
2.1352741e-06
1.5107302e-06
0.0073120305
6.6881825e-09
0.3198571
1.5397276e-05
0.08920371
0.7844382
6.3261564e-07
2.0261989e-05
0.9955275
2.0642825e-05
0.9013019
2.1125312e-05
6.6899715e-12
5.4661894e-05
0.9999764
9.1995946e-07
6.515856e-07
0.00023050915
6.163485e-05
3.2513146e-06
4.930421e-08
3.5732812e-06
1.1800827e-05
9.84452e-05
1.0255822e-05
1.3433906e-07
3.0329397e-07
0.00019749587
0.00033629878
0.007890775
6.790296e-07
1.8169902e-07
5.812786e-07
0.0014065371
7.453045e-07
7.208834e-05
0.042448226
4.512589e-07
1.3064125e-06
4.615529e-06
0.028179327
0.01795304
0.009492293
1.10004216e-07
1.3532138e-08
3.2373498e-07
1.9250368e-08
0.0040565333
0.00074118195
0.06051979
3.3502825e-09
0.1653432
3.357889e-06
2.0349191e-09
2.0386486e-09
7.124093e-05
1.3331513e-06
0.0012127865
0.9981493
0.0013579114
4.0664126e-08
1.9940508e-06
0.99989796
0.9996474
0.0011433825
1.0
2.4380729e-09
4.0324935e-06
1.794231e-06
0.04227248
4.5623856e-05
4.7738087e-07
8.45144e-07
2.0877545e-05
4.140625e-08
0.145362
0.01573508
0.0017172169
5.4264535e-07
3.186728e-05
2.028343e-05
0.10636804
6.439798e-05
0.0005497762
0.0007492186
1.8930257e-05
6.969914e-05
0.004592207
3.9552724e-05
2.173766e-05
1.2459781e-08
1.9250368e-08
2.6397991e-05
3.0539715e-09
0.99998415
6.439798e-05
4.140625e-08
4.594007e-06
0.00035019178
0.17755489
1.4583424e-07
0.1653432
1.7949413e-06
5.9398655e-08
6.059504e-05
7.93053e-09
1.8169902e-07
5.1633897e-06
1.7361685e-05
0.034580342
7.678383e-06
5.4661894e-05
0.9310306
0.00519151
0.0008199692
2.1352741e-06
0.054469563
1.3588673e-06
4.1119304e-07
5.342396e-07
7.816028e-05
0.00023050915
6.5053445e-07
1.4699024e-06
0.0005687843
0.0006833477
6.177064e-06
1.0297521e-07
0.00015510035
5.1227685e-06
1.1189695e-05
0.34021956
3.112756e-07
0.00015856695
0.68928385
2.522333e-07
1.5809653e-06
0.00016844254
2.4675568e-08
1.3241121e-06
3.615377e-07
0.0024803719
0.9997513
0.5409145
2.247992e-05
2.6219455e-05
0.9967982
5.7711543e-07
0.5565501
2.0386486e-09
0.00027439685
0.99998415
4.548586e-06
2.4318558e-07
1.1587593e-06
2.2241547e-06
5.6015447e-06
0.82633364
3.357889e-06
7.5562515e-11
4.8510498e-11
1.35209075e-05
4.246201e-07
0.013339857
7.6781845e-08
7.3638046e-07
7.796091e-09
0.00010412721
4.5512922e-07
2.2961197e-07
9.90078e-05
1.7241416e-07
9.815712e-07
2.0283537e-06
0.4449236
0.0010612432
0.99959135
1.4502996e-06
6.9229413e-06
0.99971646
4.6843662e-09
1.3002986e-05
0.63175046
1.5691525e-05
0.8011092
0.03933722
4.0232053e-06
8.0390964e-07
1.0682065e-05
0.03140126
4.5363942e-07
4.229817e-05
0.00519151
1.1412597e-07
0.9704104
0.9791604
0.01157494
4.724856e-08
8.2333116e-08
8.5525906e-05
3.9778093e-05
7.453045e-07
2.949069e-07
0.008026165
9.738828e-08
0.006092218
0.0057691447
4.0565826e-07
1.2222544e-07
0.0040565333
8.583707e-06
0.009800373
2.028343e-05
6.0143928e-05
3.0468395e-06
4.151224e-06
2.6255492e-07
0.00056380295
0.8553438
0.00041877173
1.4487912e-05
0.02380184
0.00062029966
6.4126596e-08
1.9466459e-06
3.131443e-09
0.39295986
0.00040507322
2.1941809e-05
1.2270316e-05
7.0271483e-07
0.072399855
9.862019e-06
0.0006267704
0.0005687843
6.9366746e-07
7.4526463e-07
1.4404466e-07
0.0011893424
4.5513008e-07
0.99464583
