1.0
1.0
0.99999464
9.164043e-05
0.0087851565
2.4004914e-05
2.4525512e-08
0.00027196683
0.08584737
2.9827554e-06
0.99998456
3.1685577e-05
0.000734598
0.0034305525
0.062418055
5.9096027e-07
0.002103351
0.009007407
0.7073965
0.98961264
0.00090373267
0.00048104912
0.01192248
0.95433724
0.00014688633
8.19705e-05
0.99571157
8.351979e-06
0.9871242
0.06746982
8.6830306e-07
0.00014688633
0.002870364
0.0015065753
7.207982e-05
0.98513925
2.623587e-06
0.0008626686
0.47984788
5.4849454e-05
2.8016922e-08
5.684044e-07
1.6591632e-06
0.00012915752
0.00037323497
0.0036289971
2.5750762e-06
8.462532e-05
0.0009754308
7.561235e-07
0.028543994
0.15007779
0.94755965
0.024129339
1.7115972e-06
8.9539964e-05
0.0026608077
1.172977e-05
1.08328875e-08
0.03787914
5.410052e-05
0.979935
7.345814e-07
0.40987903
0.48137817
7.3271863e-06
0.999743
0.00035306526
0.08814274
0.0005275264
0.0016618826
0.0013318394
3.5210378e-06
0.00032614585
0.0975617
0.0018108005
0.1788739
0.21139623
0.03197947
1.0
0.00020863289
8.933571e-05
0.37632608
0.00012000138
0.0008110691
0.9999997
3.002923e-06
9.1225666e-05
0.00017251234
0.00023041377
2.6759703e-06
2.235422e-07
0.00044882915
2.600582e-05
0.9999781
4.9206502e-08
8.691614e-07
1.1533526e-06
0.011291757
6.86265e-06
0.0031307093
1.8790436e-06
2.5750762e-06
0.0056648
0.6128767
2.530662e-05
7.2431634e-05
0.7986303
0.0001106481
1.0300247e-06
0.93626225
2.6686443e-05
0.9949021
1.0
0.025241768
3.6272613e-06
0.13479982
3.284391e-05
6.4312685e-06
0.9998007
0.027878016
1.8457881e-06
0.016151471
7.751013e-06
3.8097784e-07
7.207982e-05
1.1446531e-05
1.1828939e-05
2.0797376e-07
6.087077e-06
0.83387214
0.0003263667
3.0418221e-05
4.3951548e-08
0.98970705
1.5841708e-07
1.1308549e-05
0.979935
0.00035241392
2.9275839e-06
0.99998456
5.881614e-05
0.99991673
6.9577627e-06
0.002279042
0.001155456
0.053196374
2.5750762e-06
0.002103351
3.48949e-08
0.9999223
0.0015664219
0.0054004523
0.0010588075
7.1432914e-05
0.0005157
0.50733864
1.04127e-06
0.0189709
7.345814e-07
0.000217808
0.0009754308
1.2351998e-06
0.4156042
0.0002333825
0.016559986
0.00034497614
0.11610519
0.0012166504
0.015782723
0.95433724
0.004372237
0.00010454518
0.93181515
0.007862783
0.039671928
0.9281344
0.00037065716
0.042958483
0.99988496
7.890474e-06
0.9932495
0.0011184227
0.0006350124
0.97085375
0.00014635116
0.0067446316
6.625224e-06
0.0013963132
2.2590789e-06
2.036776e-06
4.494505e-05
2.2661648e-06
0.0004939168
2.3497198e-06
0.00044452018
1.5060914e-05
7.436154e-05
0.00012682396
0.75434256
0.0023448183
3.002923e-06
1.8013792e-07
3.8234726e-09
2.43544e-06
8.25332e-05
0.9407238
4.9618437e-05
0.8236486
0.005684616
0.34967867
0.0014705767
2.406987e-08
0.0038906385
0.0018656062
3.2044845e-06
2.2173606e-06
1.883545e-06
5.8574224e-05
3.715546e-06
0.0006350124
8.691614e-07
0.00020343087
0.001257855
1.2281929e-05
3.107067e-05
6.5319723e-06
5.336832e-06
1.2484447e-06
0.005407413
0.00011519671
0.00082276296
2.313935e-06
4.0143677e-06
6.450664e-08
1.5253667e-05
0.9125116
0.00018329351
1.35954615e-05
0.99999267
6.7307174e-06
0.006981155
0.00025636744
6.494641e-06
0.00058899494
0.2238391
0.0007337522
2.07407e-05
5.011924e-06
0.6355362
0.0088138115
0.064521946
0.0044649113
0.99999875
1.00698244e-07
1.1308549e-05
0.41665688
2.373352e-08
0.01460857
0.99990684
0.00059331785
8.9264057e-07
1.2027998e-05
0.55146843
2.3676592e-05
0.013049862
0.003238873
0.36593506
6.841556e-06
7.753527e-06
0.0029056626
0.00033044748
0.0003465614
0.005823851
0.00014125273
0.9999691
0.0062000025
0.0003699423
0.0053911423
0.036805887
1.838827e-06
0.9987076
5.7570673e-05
0.0014148139
2.5633308e-05
0.000121609475
0.98812
0.22069305
8.46678e-06
1.0707114e-07
0.0013130822
6.523798e-05
3.48949e-08
0.5836216
0.9998555
0.7073965
1.6445866e-06
0.00010915651
0.7111823
6.494641e-06
