0.9999999
1.0
0.9999944
0.0015107286
4.119411e-08
6.2325164e-08
0.005746668
0.0066534868
0.00020610879
0.00859754
2.3564962e-07
0.5890154
2.8051521e-05
2.6120854e-06
2.5239926e-08
1.8515657e-05
0.1805484
0.08219435
3.11353e-08
2.0880745e-07
1.16268075e-05
2.0121053e-07
4.295674e-05
0.0028308036
0.7387366
8.291002e-07
1.3715796e-06
2.4315505e-06
3.3819884e-05
4.322315e-06
4.3777627e-11
2.7479433e-07
4.4906128e-07
3.340791e-05
0.9726573
4.646937e-09
1.1433912e-06
4.9554666e-07
2.6936005e-08
7.3304714e-06
1.3232116e-07
0.0008727304
6.366112e-07
1.1829743e-07
5.758938e-07
0.7303864
2.6900272e-08
0.00029990156
8.450217e-10
2.3564962e-07
0.00024427564
0.000861948
0.0001486062
1.3704991e-05
5.5856585e-06
6.461192e-07
0.00030044903
2.9006991e-05
2.8893267e-06
0.00048426917
0.00018687733
9.254737e-08
2.937129e-07
5.9853194e-09
0.00047921887
0.8852682
1.2018127e-05
4.6017635e-06
1.1766482e-08
1.6582616e-06
6.4487324e-08
0.000198621
4.9814605e-07
2.2766014e-06
0.00030967055
0.00033452504
0.0029075933
0.000219432
9.777345e-06
0.7066508
0.033698134
0.00034089605
0.95696497
4.2789393e-06
0.029515529
1.523035e-06
2.0924613e-06
3.7446766e-06
5.4703488e-08
1.0845998e-05
1.8355142e-07
0.0010887131
7.080319e-08
3.597305e-09
0.71801555
4.0081883e-05
3.045731e-07
2.3487198e-07
2.7479433e-07
2.5711006e-07
5.671525e-08
0.00032156406
1.1829743e-07
0.00013574117
6.611522e-05
4.5427054e-08
7.588094e-08
3.6459987e-08
3.1152853e-05
9.556668e-06
2.80875e-07
2.1564244e-08
1.8410436e-05
4.278931e-06
0.0016176108
3.9668612e-05
0.9895857
1.8515657e-05
2.5304698e-09
1.4251267e-06
1.385136e-06
0.003517298
0.008221431
5.652367e-07
1.7135701e-06
0.9667499
3.9504503e-06
7.618034e-06
6.2791827e-07
2.3703403e-06
6.191911e-08
4.0498677e-10
0.00030044903
2.5092852e-08
1.2026324e-08
1.0020572e-05
2.5876055e-08
1.5315439e-07
0.999972
0.01282864
4.524529e-08
6.883855e-10
3.9674254e-07
0.9952501
1.457846e-09
4.9337205e-09
0.0015033323
2.0878774e-07
8.490969e-07
2.4553734e-05
0.38606653
0.00066430104
5.9320193e-08
5.821324e-07
0.0009315348
0.82159895
3.9376817e-05
4.4880202e-05
4.2269377e-05
0.055048406
8.522027e-06
0.00033293612
0.99981874
8.913001e-06
0.0011448996
4.6499537e-08
0.99918807
0.9998162
0.00091616093
0.0018071583
1.9309858e-09
0.00017483866
0.55936736
0.52899545
7.360917e-09
0.003659692
7.9829825e-08
1.8371465e-07
8.075158e-08
1.7314264e-09
0.0007998423
1.1417284e-06
3.2956514e-08
6.290413e-05
0.9933446
0.00059412705
0.7979614
5.053873e-06
0.022465281
3.0220455e-08
4.1221338e-06
2.0797097e-07
1.7306602e-06
2.512101e-08
0.031680368
7.7627e-07
1.0453914e-08
5.6978184e-08
7.1490217e-06
6.517099e-07
0.15553908
2.224523e-07
8.7839084e-07
1.0875311e-07
1.186642e-07
2.541612e-06
0.2586986
2.0627854e-07
0.03681807
7.7633143e-07
1.305249e-07
3.899704e-08
2.8893267e-06
0.999967
0.9998947
1.4181104e-07
6.0848715e-06
0.00026331964
0.031680368
4.5106564e-08
0.009522018
8.482942e-08
1.2200274e-08
0.0003852254
0.0019886256
4.848846e-08
0.00066112605
3.1656455e-07
6.759598e-05
1.559615e-07
1.1190881e-06
2.7120257e-07
0.00026101703
3.7930076e-06
9.254737e-08
1.9468428e-06
2.1692018e-05
2.3487198e-07
1.3303521e-05
3.11353e-08
0.008221431
1.9636657e-06
3.3957168e-08
5.9419523e-05
0.014068653
4.801349e-08
5.187283e-06
4.5106564e-08
9.800833e-06
1.03702305e-07
5.758938e-07
0.00021400831
1.7306602e-06
3.6304798e-06
4.267795e-07
8.200837e-08
1.3375984e-06
0.0004013584
0.98485845
0.9999986
5.100954e-10
1.1991531e-08
1.09447985e-10
0.017985184
0.9679205
0.00010015832
1.2018127e-05
0.9788289
1.5994234e-05
0.00022438128
0.0039606728
8.833658e-07
0.005746668
6.369705e-06
7.397723e-09
3.4309444e-08
0.8919717
2.6938677e-08
8.598716e-08
2.1884523e-07
3.728829e-07
1.3140593e-07
0.00053193566
0.99772036
6.862595e-09
7.852921e-09
3.6942364e-08
0.9999985
2.77687e-05
6.0209203e-07
1.747979e-07
0.97653884
4.0425293e-05
1.3009702e-09
8.531859e-06
3.917796e-05
2.2067475e-06
1.1674177e-06
4.119411e-08
2.7748678e-07
