0.9999997
0.9937147
1.0
0.9999976
0.9999053
0.8940067
3.018744e-06
0.6812894
4.490563e-06
0.1629442
0.00022946404
0.7111293
0.0061721588
0.0018083147
0.03505949
0.0055063567
4.3929493e-05
0.53090894
0.5287407
0.0034510202
0.3652128
0.83342016
0.9983091
0.011268809
3.6051922e-08
0.9999505
0.0014049131
6.647274e-06
0.000191291
0.0014256176
1.9741017e-05
0.05192259
0.0008207795
3.631748e-05
2.9707258e-05
0.079688504
6.841556e-05
3.2186257e-05
3.3310863e-07
1.4505714e-08
0.00030898518
0.0013098345
0.5287407
0.9998213
1.4342003e-05
0.44957748
5.470471e-06
9.865538e-06
0.9989122
0.9999903
0.12333005
2.2339098e-06
0.9998371
0.0027567782
0.29036468
0.0014699524
1.8963437e-06
0.0012780823
0.008180533
0.035002336
0.0003964397
4.937098e-07
2.3108449e-05
0.0023775143
0.30078593
0.6804265
8.4403455e-06
0.0041064085
0.99900866
0.0048032864
3.386773e-06
0.0025222795
0.0044071497
0.00058618013
0.08004075
5.945674e-06
2.0651783e-05
0.0009706116
0.010209575
0.0061721588
0.053418133
0.0043054307
1.3215613e-05
0.0017541234
2.2884975e-05
1.2067221e-06
0.0009183791
3.2186257e-05
8.059669e-06
0.041694306
0.0009947944
5.8970422e-06
0.0005701684
1.3572868e-05
0.054793816
5.269096e-06
1.3142565e-05
0.0123459175
4.1449575e-06
3.420412e-07
0.00013774655
5.265198e-06
7.118735e-05
1.1542503e-05
4.283194e-05
0.00023390332
2.4981784e-06
3.1505457e-05
0.025234766
3.1867398e-07
2.1358186e-05
0.0003898595
5.265198e-06
0.44957745
0.00010353661
3.8691716e-05
3.262797e-05
0.8021924
4.5039956e-06
0.96376187
3.544368e-07
0.9431987
9.165703e-05
3.3629526e-06
4.4218103e-07
1.9097057e-05
0.00042263354
0.99683833
1.5837533e-05
3.0495383e-07
0.00037802674
0.024330648
5.967209e-08
0.99785274
4.4470844e-06
0.82028544
0.00011242659
7.6184483e-06
0.98501617
3.286125e-06
0.7792777
0.0023775143
2.854331e-06
0.010990851
6.0721137e-05
0.00024131814
0.065122895
4.2187157e-06
0.99966294
1.7817794e-05
1.5817193e-06
0.0061721615
7.684645e-07
0.21574223
0.00028405746
8.9340814e-05
0.38871035
1.0
0.00011660225
0.0024211407
0.7444575
0.00011619668
0.0022773729
0.99973726
0.010187712
0.9999488
1.8963437e-06
2.7296932e-05
0.0003134162
3.2495598e-05
0.0037640866
2.9550515e-07
4.3808728e-07
0.9999999
5.3982763e-05
0.9963183
3.4423742e-06
0.002998477
0.0056519355
0.000779596
2.3967647e-07
6.070138e-06
8.0162354e-05
9.695991e-07
4.6205583e-05
0.0137703195
0.01516278
3.8937273e-05
1.0134204e-06
0.9805245
1.1938329e-07
0.020497816
0.99840623
1.7952084e-06
0.7342842
0.9998464
5.22898e-05
1.3223681e-06
1.6729851e-09
1.4899796e-05
8.502711e-07
0.049928874
3.468241e-05
0.92449516
0.0014256176
3.4423742e-06
0.007191091
0.032059953
0.00023345237
0.9999505
5.2028645e-06
1.5837533e-05
3.3682359e-06
0.9571064
0.8817645
0.040437944
7.111333e-05
0.2454073
1.8518622e-05
0.9971727
0.00010050869
3.753265e-05
0.081277676
0.00030898518
0.00027975024
0.5571828
0.0906515
0.0010998086
3.8441074e-05
0.02293555
8.958814e-06
0.00202171
7.561354e-05
4.867708e-06
0.000191291
0.000894429
9.3156945e-05
0.99999994
0.0006784791
0.006905698
0.2244331
0.00015582552
0.00013708013
0.99999046
0.016023396
0.0052856165
1.3559494e-06
0.0008330072
0.00039394273
0.9870425
7.0012364e-05
0.017999252
4.490563e-06
5.26463e-05
0.979973
0.9960419
5.7585825e-05
0.0010336451
0.00012854308
0.00022423008
1.6780167e-07
7.4575205e-06
0.00018047227
0.0054007233
0.0027766714
0.000111103356
0.70630276
0.0054456657
0.9901671
2.7758074e-07
0.00012147666
1.7894976e-06
0.997145
0.999979
1.3313675e-05
0.00018420984
1.4891251e-06
2.6863494e-05
0.9998308
1.7817794e-05
9.152147e-06
2.2592321e-05
1.4226649e-05
0.042253453
2.9114743e-05
7.923389e-06
0.27090356
0.0003961403
1.374427e-05
8.958814e-06
0.0002120986
0.012486436
0.00014919057
0.00018483638
0.00052755134
0.7111293
0.9999049
6.0239227e-06
0.29223442
0.040437944
