0.80726236
0.00019975427
1.1273092e-06
0.039372403
1.5249115e-05
0.9999999
0.048687756
0.086043045
0.16515349
1.9790346e-05
1.8769208e-05
2.2060207e-05
0.000590501
1.3573437e-05
0.0035319838
3.509586e-06
9.818719e-05
0.00013251069
0.7023154
0.99960077
5.034607e-05
2.5165495e-05
0.0030044715
1.9786252e-05
0.0033055502
3.0320539e-06
0.01582194
0.99997634
0.013602333
0.0002606982
3.7696689e-06
0.9632494
0.00015580116
0.0007922937
0.99958634
0.0109168375
0.9861093
0.97458345
0.0012740648
1.9599933e-05
2.3310195e-05
1.4439678e-06
0.3905801
0.99487823
0.0007433107
0.00010973102
0.0051639033
0.7081262
0.002140854
0.015337116
4.0854702e-05
0.9943699
1.08119075e-05
6.207022e-07
4.5766544e-07
1.0
0.99141926
0.0003064753
2.0147186e-07
0.0002606982
0.7167776
0.99796337
3.7161324e-05
7.936741e-05
0.63290226
0.00024598834
0.0016503015
0.4243703
0.019509742
0.4780791
6.173161e-07
0.82795346
4.363508e-06
0.0012288217
0.0005218755
3.984172e-05
0.07781661
0.99221885
9.433493e-06
2.4888046e-05
0.006187721
0.00028461372
0.0004627853
0.00016872899
0.022414677
0.010695276
0.00016952581
7.841643e-05
0.0003064753
7.92561e-07
3.7409906e-09
1.156145e-05
0.19727594
0.00022326133
0.87504846
0.95414144
0.90299416
0.000116518226
0.0005081606
0.001027661
5.3717682e-05
0.0044166166
1.553062e-05
1.36089775e-05
1.3168849e-05
0.0033913557
0.8264211
9.519444e-05
0.00013251069
0.99992007
9.4843606e-05
0.010580798
0.00069325586
8.911556e-06
0.0015892318
0.99999565
6.391405e-05
7.738959e-06
4.5225454e-07
2.0590092e-05
0.0003064753
0.0045593455
0.03901073
6.689239e-06
7.436416e-05
0.0015733886
0.00022064717
0.7797536
0.8669212
0.045074686
0.002932536
0.000105079685
0.008061855
0.5382787
0.28964794
0.0018334961
0.004353339
2.4826673e-05
2.6755168e-05
0.017843673
0.003551699
3.4987083e-06
0.0035631708
0.00017923447
3.3701082e-05
0.71500736
0.00088954164
0.0007239822
0.99999875
7.386992e-06
3.0730018e-07
0.012991714
7.096852e-06
1.3804315e-05
0.003551699
7.440729e-05
0.11795645
0.0022135475
0.003995114
0.99647295
5.3594397e-07
0.00016247609
1.9721447e-05
0.9434269
0.00043065601
0.0053899307
2.286205e-05
0.0003953963
0.0007416324
0.99141926
2.8368862e-05
0.9474579
0.9401004
0.37491754
0.0013412373
0.000590501
0.00039428554
0.028481623
0.000105079685
0.8607111
0.31962144
0.000590501
0.45380622
0.0007922937
7.713451e-06
0.0003787453
0.00035502258
9.521067e-07
0.0022217424
0.00023846734
8.0808815e-05
0.0012261214
0.003995114
0.0001739963
0.6282042
5.550549e-05
4.363508e-06
0.023849206
0.7591988
0.062314223
0.893209
0.0022135475
0.832579
3.3701082e-05
0.003512291
0.5871033
0.46664792
1.1775326e-06
3.4621342e-05
0.00015654201
0.025056073
0.00048529898
0.011693517
1.9786252e-05
2.7310502e-06
0.01996636
0.038214825
6.399803e-05
8.911556e-06
0.6282042
0.008534682
0.940766
0.50925225
3.5264526e-05
4.5746783e-06
1.8501923e-05
0.0030911318
2.4001067e-05
0.0025586428
1.08119075e-05
0.807482
9.1023634e-05
5.4061716e-06
0.0020124796
0.28271595
0.9999571
0.000976765
0.0012666458
1.3504699e-06
2.7404271e-06
0.3501112
2.3591283e-05
0.00062651205
0.005876153
0.0028628907
0.00380034
0.08866362
0.9954842
0.39415315
0.0005062625
0.9434269
0.9995574
0.9006791
0.08881658
0.08071293
3.503949e-05
0.012095702
7.237459e-06
0.7173617
0.9999994
6.173161e-07
4.1237627e-07
0.7366868
1.6978896e-05
0.00019975408
1.0542213e-05
0.14697728
0.0003153855
0.79433167
7.531738e-06
0.007960048
0.001128511
0.039372403
0.9980031
0.98565024
0.00040749484
0.00052288326
0.0022246523
0.014799306
0.4604675
0.00036595477
0.7167776
0.00069483503
0.38085666
0.9999971
0.00018593283
0.011393676
5.1810715e-05
3.3317043e-05
0.99998677
0.017843088
0.019509742
2.383706e-06
0.021156562
0.012337286
8.252276e-06
2.6336134e-05
0.00019041351
0.0039139353
0.002330996
