0.99999994
1.8692257e-05
0.0011800257
0.0015011844
0.021819146
0.00017594996
1.1226733e-05
0.0007388509
0.00055215147
0.6407529
0.001679251
1.0
0.0027044707
2.4874877e-05
0.98884934
3.2107102e-05
8.992779e-07
4.701771e-05
9.816342e-06
8.353883e-06
1.05934605e-05
1.6545414e-06
0.9403019
0.7697937
7.7637254e-05
0.27076784
0.0011297561
0.0003290529
0.0051389136
0.07126851
2.1406453e-05
1.1869054e-05
0.00018867274
6.375697e-06
0.003790658
0.00010217136
0.0096351355
1.1553801e-05
0.44649938
5.9192964e-05
4.0112016e-05
0.0027702712
4.3685683e-05
0.00016089523
0.6791477
0.057201277
4.3227087e-07
0.020006154
0.17590937
0.9982534
0.0012669113
3.0290392e-05
0.8217728
0.000108396925
0.01294699
0.9942803
0.50426257
2.2321965e-05
0.44649938
5.4008174e-06
0.10120182
0.0032067834
0.5998232
0.0004845139
1.3087356e-06
2.4554586e-07
1.1376175e-05
3.2700365e-05
4.495229e-06
3.8830705e-05
0.00062320445
3.4815437e-06
0.0037742786
5.1824272e-06
5.5819783e-05
0.9991399
0.020508062
8.466118e-06
4.2335294e-05
6.797627e-05
3.2700365e-05
0.059060857
0.020750782
0.004482287
0.00043702393
8.824549e-06
1.07800015e-05
0.10920688
0.9999967
0.41137922
3.316754e-05
3.483818e-07
8.991293e-05
0.11811393
0.00578638
0.8186694
2.8371864e-05
3.8949543e-07
0.9997974
4.2155694e-05
0.99931484
9.0751155e-06
0.16262862
2.6329806e-05
6.036996e-07
1.2820308e-05
7.59566e-05
4.2155694e-05
0.00050146936
0.9952201
0.886709
9.339042e-07
0.99963367
0.99626654
0.021819146
0.0006563065
6.653849e-05
1.7916203e-07
2.9028024e-05
8.3428626e-05
5.6479832e-05
6.4430615e-06
0.0069465805
2.8898116e-06
0.29329032
0.8180791
0.89787745
4.3227087e-07
2.4377927e-05
1.2078058e-05
2.228232e-05
0.0008362959
9.339042e-07
0.0017652367
4.552499e-07
0.94151497
7.9267265e-05
0.015483623
0.0008832495
4.742056e-06
0.907848
0.0003810884
3.4952383e-05
0.99988014
2.8050077e-05
0.00016192549
9.967583e-05
4.831771e-05
7.538464e-06
0.0022087104
0.00578638
0.03213529
0.9999921
0.015200893
7.0279e-05
4.889808e-06
0.010317357
0.0012669113
3.9111255e-05
0.90043855
1.6551441e-05
9.3247223e-07
0.0115502095
1.2770772e-06
1.2960048e-06
0.012254913
0.08667071
1.6306452e-05
0.658434
0.00013768561
0.10711316
0.0037368133
0.10920688
2.6177162e-07
6.8629495e-05
2.7561751e-05
2.1593569e-05
0.014812458
0.004969495
1.7228484e-05
1.1601477e-07
0.23671092
0.0027019896
0.0076949336
4.0332914e-05
0.07381761
9.776121e-07
0.14529197
0.00022523868
1.9875786e-06
0.0010905411
0.0034457732
8.890351e-06
1.2101613e-08
5.4208675e-07
1.6397866e-05
0.9935361
0.021330226
1.4621104e-05
0.10908022
1.8888462e-06
0.41137922
1.6551441e-05
3.3244737e-06
3.3626602e-05
6.9364755e-06
1.1348709e-06
0.9987212
0.9999749
0.013279872
0.000836928
0.63778746
4.3227087e-07
0.99782777
0.0673145
0.0013766303
0.658434
1.2960048e-06
2.6662887e-05
7.0279e-05
0.0005378841
1.0
0.00024538024
0.03299607
0.9999734
8.035932e-08
3.3488913e-08
0.9935361
0.00022975543
0.6791477
0.327543
8.776983e-05
0.26159984
0.00036962115
0.0335811
0.13499206
8.1185586e-05
0.0011382061
0.09511257
0.009150869
0.07954701
9.776121e-07
0.00018012227
2.2321838e-05
0.00024538024
0.00079807226
0.99963367
0.99931484
8.223357e-05
0.028644828
0.48401147
0.0006548152
0.9999917
0.00011043181
0.002691919
7.334418e-05
0.0027019896
0.15460485
0.9999165
0.018879427
0.17634214
0.0022087104
0.0005862743
0.011862563
0.000111540925
0.00010412751
2.1708056e-06
0.97770053
3.8523056e-05
0.99922645
0.010211387
0.010847235
1.11284835e-05
0.61505234
0.99999887
0.0135708535
0.009999579
2.6443646e-05
0.014473962
2.5270687e-05
0.99176556
0.8971231
0.9985309
9.950966e-07
0.00015317544
0.0035051785
2.5582609e-05
0.9991399
1.9144212e-05
0.051254448
0.01294699
0.011432234
0.00015424038
0.99999946
0.0020077291
1.6545414e-06
0.00024038306
0.0022087104
6.6302746e-06
1.2755376e-06
