0.00010710406
0.00024180618
9.4309e-08
1.7370593e-06
0.0013738412
0.8690669
1.8438423e-06
4.7626294e-05
3.109233e-06
0.99999887
2.1356977e-06
0.00028949603
1.0986729e-07
0.039825045
1.2419538e-06
4.7480004e-05
0.99823374
6.168053e-07
3.6190806e-05
3.6415722e-07
0.99877787
0.005066047
6.517578e-07
2.2793486e-07
0.0019864144
9.3999626e-07
6.026981e-07
0.00085165724
0.44791365
7.153075e-08
8.856502e-06
1.3233926e-06
0.870217
1.7775761e-07
3.684034e-07
4.2522586e-08
1.02504155e-05
8.0385435e-06
5.520953e-06
0.017060729
0.00059543084
0.00017590619
7.9528745e-06
9.891287e-08
2.665292e-05
6.671474e-05
0.9999975
1.3821915e-05
8.855319e-05
1.0332229e-05
1.7775761e-07
4.075599e-07
5.9094614e-06
3.2800463e-07
1.7765047e-06
3.3160897e-05
0.00016221694
0.2438016
7.503996e-07
0.00046751028
1.7290371e-09
1.6463362e-05
0.54341006
0.9591692
0.48582453
8.820558e-09
4.0476147e-09
1.4708417e-07
7.752669e-06
8.69629e-07
0.0011057277
8.1959584e-08
4.617114e-06
1.2880533e-07
2.1356977e-06
4.2176717e-07
0.11156847
0.00010579555
0.9999848
4.4000533e-08
0.9999351
0.99841946
0.023375597
0.0031555644
0.8510319
0.0010722926
0.00046873113
1.0042345e-05
0.0006970642
1.5675748e-07
1.8472272e-07
2.0589981e-07
4.419592e-08
0.5355635
0.9999997
7.815805e-07
1.3006803e-06
1.5869027e-05
4.88226e-06
0.00012880664
0.77387303
1.8093477e-05
0.002024182
0.00010722966
0.014563775
1.15505834e-07
4.037881e-06
4.1192072e-07
1.1562701e-06
0.0982317
5.0620935e-07
0.99934995
0.0013298665
1.5908892e-05
9.409207e-06
1.4356419e-08
4.4395316e-07
0.007925807
0.00023835347
0.0037942503
4.211265e-07
1.2971063e-07
1.2191467e-05
2.2559957e-06
6.908629e-07
2.317154e-05
1.8987346e-07
0.0006325787
0.38630283
0.0006970642
0.00010547703
4.5288203e-08
4.6462395e-07
0.9998436
6.48732e-05
0.0003690673
0.14301863
0.022644276
2.55953e-05
5.5045746e-07
2.1758815e-06
6.9985376e-08
0.99410653
0.000114037095
4.7646965e-05
1.5675748e-07
3.726292e-09
3.3821443e-06
1.7369578e-08
9.0707294e-07
4.406184e-08
4.4000533e-08
0.003938214
5.359113e-07
7.602628e-11
2.4418297e-08
2.2533371e-07
0.0018797491
7.162499e-05
0.21493031
0.07987634
1.0795084e-05
4.5288203e-08
0.010640567
5.575785e-07
8.505285e-06
9.2969145e-08
0.99852586
8.3552646e-07
4.1486473e-06
1.77733e-06
4.4242195e-05
2.2666589e-07
0.0018560234
0.9996512
1.5727603e-07
5.299393e-06
7.567818e-05
1.5431095e-08
2.0589981e-07
0.003938214
0.00020112189
2.7711258e-07
0.03143272
2.4087954e-09
0.0067713223
7.132367e-08
2.112136e-07
1.570365e-05
4.513282e-07
0.07854393
0.0009500794
2.1873202e-06
3.3592532e-05
0.00023835347
0.00022794049
0.6748679
8.015961e-06
1.6022715e-07
0.0079464065
0.00024689062
3.3592532e-05
0.9832527
3.3160897e-05
0.96934193
0.00030518335
5.045519e-07
8.1580595e-08
6.4758495e-08
0.00018526355
0.94072956
0.0017119355
6.582383e-05
0.124588884
1.0151668e-07
1.3718254e-07
5.943863e-09
0.00010744788
4.4151778e-07
3.5615878e-05
3.4295588e-06
0.098518625
9.4864623e-07
0.00013991278
0.99999976
0.14301863
0.10252967
0.99575716
0.0006341046
1.5686037e-07
0.9438327
1.5073597e-06
4.704512e-05
0.00046446754
0.07853938
0.9960827
0.99891186
0.00016514117
0.18054949
6.450683e-05
1.0354257e-06
0.00011048657
0.0003453737
3.484593e-06
9.3072944e-05
7.235446e-07
3.388972e-07
0.9999627
0.00066148594
9.75196e-06
2.4335119e-05
0.6373919
0.00039311437
3.4555095e-10
0.0013298665
0.0031555644
7.1878816e-08
4.7646965e-05
4.180565e-08
2.0315829e-06
5.2890044e-08
3.267951e-05
8.290925e-08
3.7069984e-07
2.1651178e-06
1.1218172e-08
2.4517325e-05
2.4477666e-07
0.039825045
6.2142067e-07
9.672131e-08
0.0017843693
1.5908878e-05
0.004004196
8.855319e-05
4.869282e-08
6.9512014e-09
0.0019114172
2.2738308e-05
7.13668e-07
0.99999887
1.0611235e-05
0.008218442
0.00050765614
4.508254e-05
3.3160897e-05
0.9999848
0.00010744788
0.90874386
0.14301863
0.11398931
0.018275175
3.2916058e-05
0.522791
2.729313e-05
5.8421465e-06
1.7121502e-08
2.7369917e-05
4.5866e-06
0.00051269046
