0.94658655
0.15369873
0.773449
2.4077024e-06
0.010609219
0.0033280663
0.0047734734
1.7519491e-05
0.1297295
0.0024411632
0.00011269105
0.45676678
0.00034087003
0.8326663
1.6895969e-05
0.97737956
0.07137681
0.99996483
9.899732e-05
0.23651841
0.99931526
0.9310885
0.39785472
0.984032
0.000260418
0.9833131
0.3841796
0.98361576
0.999407
5.412597e-07
8.9167785e-05
0.00087059924
0.00021226956
0.00735286
0.35841152
0.00065620267
0.040334992
0.00054194854
0.4262593
8.7388755e-05
1.722901e-05
0.999407
0.43291152
0.00019352662
0.00028636443
0.0011853713
0.015278294
0.03210736
0.07570229
0.042623766
0.9999738
3.3068685e-05
0.913088
4.291776e-06
0.0005783748
0.04885636
5.1231167e-05
0.0025191419
0.9179372
6.6646153e-06
0.0008829693
0.00026867463
0.941149
0.00017084199
0.8304683
3.5113797e-07
0.00087059924
0.43376616
0.9965685
0.020406237
0.018685907
2.2643933e-06
0.99986935
0.98891145
0.9999989
4.187998e-05
0.07570229
0.9999979
0.21368638
0.9490492
2.7818583e-05
1.3339805e-06
0.00071568927
0.0008981332
0.5960798
0.00043959057
2.9175057e-05
2.370268e-06
1.3851842e-05
0.00025454076
0.01070668
0.72968584
0.0015544329
0.0054355026
0.11639555
0.002417718
0.85939896
0.75841224
0.8577111
0.0040255897
0.015094645
0.66380495
0.9699859
0.015086317
0.9751317
0.0007769369
0.6815801
0.9982567
0.00029118566
0.99121535
0.3378929
0.20433965
0.024632843
0.0778165
0.009231848
0.26586756
0.07570229
7.94498e-05
0.44109145
0.00011599917
0.9181747
1.6972251e-06
0.007879599
1.0
0.99999654
0.98926246
0.00036735428
6.7639456e-07
0.00030563143
0.999995
0.9994203
0.0006706566
0.0014679254
0.9997858
7.3420847e-06
0.005142938
7.7937744e-05
0.9999331
0.0007120286
0.98209774
6.3030893e-06
0.9935046
5.013373e-05
8.318538e-05
0.10663303
0.051550843
1.350503e-05
0.99236363
0.00012745328
0.001011833
0.7077835
7.157248e-05
0.99998885
2.4232374e-06
0.00012699059
0.0011338476
0.17129022
0.5556534
0.13222016
0.0027743105
0.30139893
0.050440464
0.025353288
0.16253616
8.597847e-08
0.0014918935
2.2797669e-05
0.00023439938
0.9413065
0.9181747
0.0025051974
0.00031608262
0.03798155
0.83766264
0.032816034
0.0062547363
0.00012109685
0.00860787
3.5623116e-06
0.00012493205
0.99999994
0.72241604
0.9905683
0.008212676
0.00019452062
0.00018685273
0.00031608262
0.00026867463
0.9995424
0.0005373563
0.00011999543
0.00027136074
0.00012471531
0.0011652268
0.34970623
0.00013686215
1.7845348e-06
0.01070668
7.701498e-05
0.9978767
0.0100439545
0.98988676
0.23590657
0.0045032296
2.441838e-06
0.004900385
2.65747e-05
0.002345635
0.0020352607
0.0021398785
0.0002563132
0.11697791
0.0016453265
0.0023388248
0.06402999
0.0006353744
0.00019629455
0.0027275016
1.6895969e-05
0.11884493
0.12797229
0.007507653
0.014556146
0.0002637008
0.0013551299
0.99999905
0.00064965826
3.7897465e-07
0.99946296
6.244816e-05
0.0012835695
0.9413065
0.00013857309
5.218713e-05
0.558194
0.00011269105
0.88529307
0.003757937
4.0867326e-06
0.0002637008
0.00086952315
0.022023503
3.5480377e-06
1.9544459e-05
0.0008765933
0.9999022
0.0020254327
0.00014237741
0.018592091
4.4619803e-05
0.023279777
0.00095922675
0.004433386
0.19856244
1.4396927e-05
1.6947262e-06
0.002907986
0.0016421995
0.043596584
0.00014764997
0.99978054
1.6243853e-06
0.0015083712
0.9999951
0.00018160189
7.13163e-06
0.17094836
0.99979734
0.9685434
5.899325e-05
3.578877e-05
0.0076934155
0.0077003934
1.951494e-05
3.6980462e-05
0.018725539
0.000196571
0.9791309
0.99991584
0.8688284
0.8734788
0.08620103
0.45676678
0.0001756871
0.0037021383
1.4733079e-05
0.81626344
0.00016657684
0.9999958
0.99282855
3.427215e-05
0.00015643577
6.478529e-05
7.5553144e-05
0.00027136074
0.00030893306
0.21342576
0.9773377
0.00014896016
0.048722807
