0.9953106
2.714541e-06
2.0039168e-07
1.5420052e-05
1.1525814e-07
0.031764496
0.9841821
0.00039234708
0.03830221
0.3886539
0.00466718
2.7892804e-05
0.0011289966
7.3374235e-06
0.32976398
0.00097745
0.21970813
0.66782117
9.334809e-06
0.004335792
0.99999994
4.057476e-05
0.022957692
0.0007502585
1.407339e-07
0.9456832
0.9782197
0.99991155
0.00017789146
3.898094e-06
0.008877013
1.6074298e-05
0.049998574
3.6706342e-06
9.534298e-05
0.0001483365
0.00093461253
0.9999997
1.3163311e-06
0.9630152
0.0032182399
8.71612e-06
7.783977e-06
4.565332e-05
0.00018493104
1.0455736e-05
0.0019185854
0.007589141
1.0110278e-07
0.0057982095
9.890539e-06
1.0159005e-05
0.56746566
6.572639e-06
0.9999997
0.16885802
8.1824466e-05
0.0004296942
9.009806e-05
1.0
0.008558416
7.354385e-05
2.8249162e-06
7.2414724e-07
0.002516014
0.08434765
0.0014582437
8.620275e-07
2.578168e-05
0.00047216957
1.0
0.9999347
0.14980085
0.0002117141
9.59969e-05
8.120612e-07
2.0375746e-06
0.9998592
1.3298452e-08
3.0310213e-05
0.24248336
2.4022502e-05
0.017190978
0.95287156
0.24707785
0.56746566
0.0008313777
0.99999976
0.99195415
0.99614024
1.0550575e-06
2.557623e-07
8.13195e-07
2.478378e-07
0.00015426464
6.4236738e-06
0.020876847
0.054915905
0.0055635655
0.91126174
0.040371403
3.9414463e-05
0.0020313836
0.001195929
6.3213105e-05
0.00079823576
0.017112043
0.00066750654
0.70958203
0.1657869
0.004190139
6.4753576e-06
7.0665756e-06
0.00019300549
0.0027366923
0.25549334
0.0011510701
7.55655e-08
0.9602952
0.004951396
1.6556667e-05
0.0019793182
0.9999999
0.0055635655
0.004335792
0.006386838
0.001631792
5.1464406e-07
0.0008355543
0.00142836
0.00017095638
8.9434644e-07
0.9966308
0.0007841517
4.1596863e-07
0.00019240355
7.4212526e-06
0.00014208825
1.6049391e-05
0.99999505
1.3825243e-06
0.01724837
0.43462396
0.98678976
0.02960311
0.16290845
0.00022893891
2.2893793e-05
0.0015170614
5.599423e-08
0.00017616854
8.500623e-06
0.00042747514
0.0045334906
1.337495e-05
1.4934529e-06
0.00011377631
0.00013890237
5.958788e-05
0.0008088652
4.966636e-06
0.000114970535
1.8948065e-05
0.16315463
0.00044602083
4.2435738e-07
0.9993433
0.0038866268
2.7175789e-05
0.0011785559
3.7662048e-06
0.0013485298
5.1550946e-06
1.8757456e-06
0.16809314
1.6228325e-05
0.9964351
0.006057841
0.99980575
0.08650719
0.27926028
0.0063071824
5.599423e-08
0.411069
6.974923e-06
0.078183465
0.9964351
2.982159e-07
1.512626e-06
3.023648e-08
5.3226463e-06
1.2640401e-05
0.5502565
1.1347443e-06
0.0009211843
1.0
0.3886539
0.104276285
4.1847454e-08
1.407339e-07
0.13254033
0.033851676
4.055208e-06
0.8561195
0.14148338
1.5323623e-05
0.0012298375
4.38554e-05
8.819571e-05
5.669904e-05
0.0010987797
0.99827635
0.72663605
0.00083445944
0.00081589253
0.00011154816
0.00042501587
2.2828845e-05
0.056992106
0.9998666
5.415845e-07
0.0012423671
0.014137725
0.999744
6.819409e-06
1.900617e-07
6.3323394e-05
0.99182844
0.0002849292
1.0243274e-06
6.359013e-05
0.0038866268
0.4876926
7.451685e-05
0.000109052155
0.000114970535
0.003446294
3.476348e-06
4.6069438e-08
0.0014582437
2.2086795e-05
0.0061176736
0.9561415
0.53408724
0.1006088
0.036314506
0.0017149444
0.00042356545
3.236271e-06
0.010375082
0.9851286
1.5928872e-05
0.9136807
0.99993896
0.004335792
0.9999906
2.5572427e-07
0.01732409
8.067465e-06
1.0588006e-05
0.5851037
1.4831803e-05
0.00015492519
0.0011788068
0.99851674
1.2696247e-06
6.673568e-05
0.000522031
3.7493013e-05
6.329127e-05
0.004710469
0.014137725
0.1539483
0.002516014
2.350637e-05
3.995739e-05
0.21661377
0.00012550877
0.014137725
0.04545261
3.601872e-05
8.9434644e-07
0.00018712552
2.5242296e-06
5.9536237e-08
0.95645565
1.7018021e-06
0.9966308
0.72663605
8.763011e-06
5.3226463e-06
0.0019107151
0.99287504
0.09074875
0.00010540384
0.008041438
0.017112043
2.393903e-06
0.0035285754
0.006716961
