0.00033423683
0.0010996531
0.00012396042
0.010341594
1.5495176e-06
0.03138922
0.03909966
0.6964371
0.00028027483
0.0167376
2.6703652e-05
0.002053811
9.655008e-06
0.008984274
0.035308216
1.6639281e-06
0.000103058475
2.294168e-06
2.3256085e-05
0.022458266
0.25294358
4.4637418e-05
9.5619034e-05
0.9951774
3.2680641e-06
0.9973827
0.9877811
0.0013970222
1.7338867e-07
0.04084684
6.830356e-06
4.518283e-06
1.2466253e-05
0.00020948863
0.00015345583
1.7922635e-05
0.21053955
1.3094423e-06
0.02667527
0.059431206
0.0044364813
0.000320073
4.8561114e-06
0.7927472
9.1270795e-06
0.0013054152
0.020544352
0.0002650028
0.0001349463
2.0667308e-06
1.5708518e-05
6.129387e-08
9.1270795e-06
0.008984274
0.023014458
2.2718366e-05
0.00018871124
1.784882e-06
8.809324e-05
0.008695866
1.1220087e-06
6.226556e-06
0.9780332
0.0985991
4.3069336e-05
0.058706846
0.00022941438
1.5165591e-09
7.433067e-06
0.5362201
1.5591913e-06
0.13262792
7.0160204e-05
1.23273185e-05
0.0034503217
0.14061572
2.8823472e-06
0.00014799701
6.129387e-08
0.0004238197
0.3467819
0.49860257
4.0431387e-05
0.00028699826
2.6755959e-05
7.2576e-06
0.52848303
0.00025986985
4.4062855e-07
7.38949e-08
0.0012475223
1.0049692e-06
0.027258176
0.000620349
0.12879637
2.6183871e-08
0.014849378
0.00028035796
0.00014503597
1.4886623e-06
1.0
3.1522948e-05
0.00010210436
0.006706588
0.0042086537
2.0667308e-06
3.20561e-05
0.0080675995
0.00107742
0.18872975
0.00015083209
0.0008128909
5.7140984e-05
0.00019144536
0.99778783
0.0042836946
0.0062198127
4.979358e-05
0.005440426
8.331597e-05
0.0030017905
3.2688484e-05
0.9999988
0.21281914
3.512363e-05
0.7115321
2.5307015e-06
0.93233687
0.0012147531
0.9764663
0.00028035796
1.369723e-05
0.9999332
0.9999971
8.666901e-06
1.8255778e-05
6.6892453e-06
7.433067e-06
0.008160346
0.00041414335
2.8305417e-06
4.8293164e-06
0.99993217
0.00079087866
0.0059910826
7.3336975e-07
0.53469515
0.00015686924
0.0004238197
6.38149e-05
0.11868323
0.011803456
4.3859704e-06
0.06629757
0.008338266
0.00013581158
0.0031468468
0.0005893748
8.522157e-06
7.626269e-08
0.9904404
0.020787604
0.0055556176
0.9997821
1.8502563e-07
0.36787492
0.0013006793
1.2759422e-07
5.3183703e-05
0.0016768441
1.4258296e-05
4.426777e-05
0.00021071441
0.00015979167
0.99981266
1.9923757e-05
0.50641507
1.2466253e-05
1.3540792e-05
1.4779124e-05
0.11766592
7.7332086e-05
0.8795637
0.0008477753
1.1127283e-06
0.00015408426
0.012598306
0.0010517861
0.012430854
0.0045599514
0.0033122653
1.2735945e-05
0.999884
0.00075322005
0.000104392355
0.0017137317
8.7444255e-07
0.0016768441
3.512363e-05
2.2438844e-07
3.4079603e-05
0.034914494
0.9999986
1.566016e-05
4.33102e-05
8.801789e-06
0.011269059
3.964966e-06
0.85946196
9.789765e-08
6.066268e-05
0.010146539
0.99605274
0.40112117
3.338205e-05
0.0013970222
1.9593209e-07
0.08267345
1.6003519e-06
0.0029732736
0.0010246661
2.8871727e-06
2.6099563e-06
4.067111e-07
0.12599948
0.94451547
0.0030017905
1.817748e-05
1.9717536e-05
0.6618352
0.28312322
0.12599948
6.609158e-06
8.092696e-05
0.002689346
0.00012009627
0.00023294677
0.00032503958
1.5619655e-06
8.666868e-06
0.0028316893
0.00052306574
5.8315618e-05
0.034511942
7.9003973e-07
0.8846444
0.0026759517
4.6895007e-06
0.9358331
0.00013892673
0.09959541
2.9781519e-05
0.98539996
2.294168e-06
1.26025225e-05
0.93233687
0.999856
0.038043357
0.018713769
0.93051314
0.99996394
0.013177629
4.5188543e-08
1.4920307e-06
3.0778036e-05
1.6585068e-07
0.104311876
0.016831953
2.0121506e-06
0.9982372
8.99817e-08
0.00041158768
0.00024661628
1.2466253e-05
0.00011124457
0.18557562
2.8910024e-06
1.0826681e-06
3.9262377e-05
1.2877999e-05
3.1522948e-05
0.00019217693
0.028884828
1.3910255e-06
0.027258176
0.00052596774
1.0163642e-07
0.0012463542
0.99958116
0.008369547
0.0024601605
0.03286707
0.02841859
1.7018054e-06
0.00013242959
1.9474837e-05
0.9999915
0.008369547
0.002529749
7.894139e-06
