0.9304546
0.995487
0.99999726
0.99999964
0.00011128563
0.032400906
1.0923162e-06
5.0514345e-06
1.5790787e-06
0.00025464903
0.0005051625
3.991813e-06
7.2041314e-07
0.0008290684
1.1801829e-05
5.97317e-06
1.6022898e-07
2.4514427e-05
1.4623185e-09
1.2760566e-07
5.4371994e-06
0.007853496
2.797896e-07
1.5366206e-06
1.2780861e-06
7.0335443e-07
6.945445e-05
1.1588567e-08
1.7167074e-06
4.5154484e-06
4.1825817e-05
0.00019521367
0.029407991
6.503192e-07
0.1477746
0.9903896
0.6950691
0.0017615905
0.004023609
2.0953283e-05
1.4188533e-06
1.7019525e-08
3.4847284e-07
1.933862e-06
5.089068e-06
4.3492705e-06
0.29228768
6.2774103e-07
0.0032068717
8.177564e-08
4.283011e-08
1.1182863e-07
0.32859933
2.0057383e-08
0.9955489
2.8313843e-07
3.7173902e-09
2.3540433e-07
2.0667059e-07
9.6379516e-08
0.00052767905
6.303969e-07
6.5012173e-09
0.9858493
0.0008993535
7.7659354e-07
3.560281e-09
3.723996e-06
2.7394777e-05
6.076702e-07
0.00028729145
0.0003559474
0.4395164
5.420009e-08
0.022480115
2.4272827e-06
3.9654773e-05
0.99706995
0.0020018828
1.8703747e-07
1.3665538e-05
5.022916e-07
0.011147966
0.000204934
0.93409246
1.4694566e-06
3.5053345e-06
2.8851255e-07
0.4155155
0.024787547
6.2295735e-06
0.6461128
7.9293735e-05
0.00016502578
9.947668e-08
1.1874904e-06
2.6570635e-07
1.13087715e-07
8.941505e-05
0.12847264
7.591799e-07
3.1671524e-07
7.249888e-05
1.8703747e-07
0.99153775
6.26374e-07
3.5567443e-06
8.964839e-06
1.923965e-06
2.1046141e-07
6.374405e-08
0.006705708
3.1325328e-07
1.8470066e-06
2.2463338e-07
0.00012020088
0.00040234678
3.2501444e-07
0.93315876
0.17886887
0.96070385
0.00019112436
0.49073547
1.1638061e-06
0.005303112
3.704224e-07
3.991813e-06
0.9337658
0.009382786
1.1182863e-07
0.1372715
0.0036621667
4.44996e-06
5.6639918e-05
8.860699e-07
3.963156e-08
6.435341e-05
1.2024054e-05
3.9359684e-06
0.02329776
7.4023825e-07
0.002426719
0.0003535419
0.9986108
0.27209994
0.0035237835
4.4490002e-07
2.0953283e-05
0.98713785
6.8168156e-05
9.0001237e-07
2.7987178e-06
1.4049935e-07
2.272517e-05
1.409355e-07
0.0065214243
7.122238e-07
6.95964e-05
4.3846485e-11
2.2385768e-05
4.928465e-05
0.01690434
5.285777e-08
2.4527898e-08
0.012018205
4.6207342e-07
0.055098485
5.269108e-07
0.0006131884
0.99999976
0.0012086281
9.663906e-08
0.00020050153
0.9995823
2.4078923e-07
0.0003977688
7.2914435e-07
0.00034260098
1.4987405e-06
0.22112565
2.0830714e-06
2.0057383e-08
1.4004807e-10
3.4958032e-06
0.9951792
3.497033e-07
0.9997618
7.0335443e-07
2.2803237e-05
1.8519788e-05
4.954221e-09
4.1764727e-07
0.99859804
9.0307833e-07
0.00010106506
1.5626122e-06
2.301944e-06
0.9366316
4.0868278e-07
1.3881921e-06
0.029318025
0.10430221
8.7270586e-05
0.89753246
0.9615978
3.1176274e-05
3.991813e-06
0.0006941771
2.0402159e-07
1.4383312e-07
0.000408568
0.0047745835
2.8653008e-07
0.9999997
0.0058349934
8.3442836e-07
0.0033998922
4.050845e-08
0.011688547
1.878558e-06
0.011495864
3.3139506e-07
0.9999955
0.0050795116
3.9801886e-05
1.3463546e-07
3.0650456e-06
8.974739e-08
5.425408e-07
3.3480385e-10
1.7765407e-07
0.00013077118
1.2869159e-05
5.0283933e-08
5.159104e-07
2.0994853e-06
7.8910153e-07
1.0232958e-09
2.227803e-07
2.4169655e-08
0.0007341981
0.92787
6.589105e-08
9.4953475e-06
0.00014341198
0.00226524
9.618884e-09
8.919974e-06
0.75700814
1.794974e-07
8.181055e-09
4.613408e-06
6.273616e-08
1.13087715e-07
1.3042452e-06
6.543165e-09
1.387411e-07
3.900054e-06
2.1444765e-05
0.037589844
0.00020172204
2.079692e-07
1.4154303e-05
5.9824447e-06
0.00039609952
2.0667059e-07
1.8502027e-08
1.1137768e-09
0.85456353
0.0008502197
6.628517e-06
8.084324e-09
6.1142633e-09
2.8798424e-05
2.2024322e-07
1.4614931e-09
0.0069333767
4.0331446e-07
8.941505e-05
0.9994757
0.006996341
1.7647753e-08
1.0913584e-05
6.364291e-07
0.0014969605
9.2893664e-05
4.420914e-09
5.623294e-05
1.0
3.7400518e-05
0.99799246
4.337602e-06
0.00011048615
2.3493546e-06
6.382824e-08
0.9998605
1.11302604e-07
5.0514345e-06
2.9850662e-06
0.06974674
