0.9826994
0.7147721
0.9972004
2.0782813e-06
8.2993424e-08
1.6207972e-05
0.00067409704
0.99987316
8.147179e-06
0.57180506
1.7130164e-07
1.14415634e-07
0.00048130986
3.981836e-06
8.513013e-05
0.97265005
0.009469942
0.02107877
0.99203223
0.24429388
0.99800414
1.1276414e-05
0.23937243
0.13367486
0.0053640595
0.02427576
0.9850774
0.0009187537
0.00042921357
0.99999505
0.00055994326
2.0794539e-07
2.8093607e-05
2.9675291e-09
5.9018963e-05
6.180953e-06
0.00028774427
0.00017530307
0.19305329
0.9881653
0.00045675872
0.946186
0.00012404284
1.643986e-07
6.8640898e-06
0.023152558
7.162144e-05
7.876911e-08
3.0116254e-07
0.0006353774
3.6059137e-05
0.108976714
0.9703809
0.0003304141
0.0004789289
0.017492266
0.19281992
0.081506014
5.115213e-07
2.5207817e-05
0.055264402
0.00060255226
0.00254081
8.024267e-07
0.012930828
1.060471e-05
0.044329528
9.428317e-05
2.9576238e-05
0.99999976
2.7581289e-05
1.5375881e-06
0.0019988348
4.877436e-05
0.0004504255
0.0011870917
6.591214e-05
0.9999999
1.1963399e-05
0.3084871
3.5115982e-06
0.000480148
0.093679965
7.213194e-05
0.212987
1.0380003e-06
6.3156825e-05
8.358646e-05
0.00168876
8.237276e-07
2.4209823e-05
6.0294846e-05
9.790931e-06
0.69169074
0.006834453
0.0001871373
8.410344e-05
3.5741127e-06
0.11273975
2.4209823e-05
8.410344e-05
0.0061777453
0.9999992
0.049863126
0.16715115
0.0014086169
3.4926696e-05
2.553015e-06
0.9790968
7.677365e-06
1.466845e-05
3.1756364e-05
1.643986e-07
6.431195e-06
1.0259383e-05
5.7835074e-08
0.0018943569
2.034746e-05
1.3252175e-06
1.5082081e-06
0.33574212
1.617485e-05
1.3094673e-06
1.0220684e-06
1.1165627e-06
0.017711552
0.0021987578
9.6189715e-06
0.99999976
1.5527466e-07
1.2237734e-05
0.0029218781
0.00033579642
1.4057957e-05
8.659639e-06
0.48725516
0.99294424
6.494227e-05
0.15906745
8.153584e-06
1.5449006e-05
1.1053103e-05
3.4334174e-05
0.00017964887
2.8213572e-07
2.4209823e-05
1.1581978e-05
0.07251689
0.00043774274
0.017220005
0.0008073713
0.10646716
0.05046764
0.068633415
0.39505038
2.280365e-06
1.3301237e-05
0.00119879
8.584608e-06
0.00080611627
4.1997723e-06
0.9999986
0.0003304141
7.1363925e-06
4.0803707e-07
3.0116254e-07
4.5666234e-06
2.0422126e-06
0.0010827199
0.0113111725
2.4555382e-07
2.9065e-06
0.004078171
0.64328533
0.0001753029
0.0012867863
0.028370028
7.880661e-05
1.4057957e-05
7.043834e-06
0.0004149511
0.02812885
0.00016683705
2.3465003e-05
0.005232628
0.9999337
8.228983e-06
0.99980766
0.995656
0.0014726304
0.0023285444
0.0008395847
0.7776329
3.8635226e-06
4.181618e-07
0.48725516
0.8173617
0.00062420726
2.6122643e-05
1.317877e-07
0.0008073713
0.9999907
5.7121153e-05
6.494227e-05
0.3768921
0.9999803
0.390518
0.7567175
5.1547504e-06
0.6378955
1.0497676e-07
0.00012692001
1.0692614e-05
4.9790404e-05
0.00045420334
0.0009737405
2.0615437e-06
0.77904767
6.0294846e-05
0.0013482608
5.115213e-07
0.035769764
0.0053640595
3.2771262e-05
0.010982363
0.9907418
0.006052405
0.19770387
0.017492266
0.5520511
0.00014027453
0.8573264
4.502213e-06
0.12210755
0.9783771
3.5092056e-05
1.1581978e-05
0.98456436
0.002689572
0.00076373864
0.28973234
3.9803894e-05
2.01149e-05
0.5728311
0.08511009
3.1334039e-06
0.027527846
1.0692614e-05
2.3144948e-05
2.115903e-06
0.9999863
1.8478981e-06
4.0803707e-07
0.0023285444
4.502213e-06
0.00024060135
0.06126479
3.1756364e-05
0.2564436
4.8565318e-05
0.0008192831
1.2732472e-05
1.7680672e-05
0.00020834325
1.7689392e-05
0.005501839
8.8022425e-06
0.0014086169
0.9996898
0.9964392
0.61368966
0.98403573
7.681831e-07
0.0001591477
0.82192844
0.9993497
1.7621e-05
0.39099252
0.009469942
0.0061173285
0.9999943
0.0031899363
1.4549388e-05
0.9919077
2.9065e-06
8.1600496e-07
0.0116599705
0.00028948387
3.993123e-06
0.027414834
0.0006786065
2.0890159e-06
0.002051413
0.98235685
3.076031e-05
0.00054899364
0.00057738414
1.0053556e-05
0.9120535
6.7896646e-05
