1.0
1.0
3.4020308e-05
2.558569e-10
0.66835755
0.9985528
0.00047030946
0.9159928
0.79846895
5.349347e-06
0.9988263
0.99999994
0.0010269822
0.15292116
5.235388e-07
4.301376e-06
0.00024792663
2.4499352e-05
5.8967107e-08
0.0006114621
0.999627
0.0027173841
0.9999955
0.97926265
0.99949616
4.1228435e-05
5.245153e-07
4.959833e-05
0.009306169
7.752588e-06
0.00015607044
0.9991489
0.6045647
0.00021482218
1.1873636e-06
0.00011373173
1.1211947e-06
0.9999935
6.167869e-06
7.857981e-06
0.9504785
5.9490947e-08
0.9991023
0.00016886998
1.4712931e-05
3.8529998e-07
4.931681e-06
0.00032770893
0.07148399
4.0865314e-07
0.0025875214
2.3626484e-07
0.13708173
0.036594145
1.330342e-06
2.007632e-05
0.9998382
3.9315947e-07
4.602659e-06
0.01106741
0.77345973
1.1268652e-05
0.0008779211
0.0016732232
9.2595536e-07
0.0033219936
3.3118447e-06
1.4743959e-05
9.705909e-07
1.3542191e-06
0.99948114
2.9543284e-05
0.39327586
0.0023489783
3.5545966e-08
0.6541849
2.881105e-08
0.339636
0.0002403079
3.8109554e-06
0.00033886053
0.020420702
9.7265736e-05
3.9315947e-07
2.1219057e-05
7.597289e-07
1.2037168e-05
9.514154e-08
1.9005948e-06
0.9999996
0.18524486
4.813972e-07
4.0928408e-06
2.0001917e-07
7.474081e-06
7.474081e-06
3.8109554e-06
6.028855e-07
2.1259923e-06
5.7809983e-05
0.0048294854
0.0017345267
2.6981518e-06
0.9999027
0.08626032
0.00012637704
0.00079058966
2.7715616e-06
9.110561e-05
0.98614925
0.999919
0.99977034
0.058997817
2.2496992e-05
3.4085332e-07
0.018317621
1.9344748e-07
0.0003395581
7.922006e-06
0.38108498
3.5813703e-06
0.00022544815
3.3118447e-06
2.7018237e-05
0.0077688205
0.20718305
1.3080918e-06
0.11223042
6.70035e-05
0.9985528
6.2742297e-06
0.057376675
0.05809953
0.0008336083
0.0005996653
4.0331222e-05
6.096728e-07
0.00024996884
0.00010886597
2.5108991e-05
2.1219057e-05
0.9997457
3.3644566e-05
2.4920104e-07
6.03988e-06
0.00012250275
2.57265e-08
9.440564e-08
0.95504427
0.0004575045
0.003945459
0.23193869
5.3834543e-07
0.9445081
4.308212e-06
3.3469105e-06
0.0017477825
3.801096e-05
1.0697968e-05
8.543771e-05
1.9068402e-06
4.2471407e-07
5.3566805e-07
0.0001068577
0.9876163
0.008991056
3.2153614e-05
2.3130392e-06
0.01805974
0.66723204
0.0023767191
0.9999945
0.0011389425
0.00013562213
0.00013214679
2.922006e-07
0.06746651
3.3985596e-06
0.00011137874
0.0002229261
5.1115236e-09
0.040167917
3.3768683e-06
1.5429085e-06
0.5012912
0.0060011665
0.0004412033
0.0018614322
0.029043306
7.3225856e-05
5.067803e-07
0.13336842
2.9999754e-05
0.00052197126
1.9843096e-06
8.735792e-06
0.000112742004
0.99945223
5.4406755e-05
3.0494086e-05
6.685116e-05
0.9926468
1.5297347e-08
0.00047030946
2.1990096e-05
0.9445081
5.483069e-06
0.0008779211
0.0061523532
0.893376
0.0022130886
4.9798446e-06
2.7232449e-05
2.3626484e-07
0.0020786023
0.043701522
2.7715616e-06
2.3800512e-06
0.9868878
7.174627e-06
2.8186081e-08
0.0021406962
0.9845333
0.00010324045
0.00016886998
5.0436556e-05
0.0007046037
0.0038144975
0.2712438
0.2869716
0.9996888
8.338355e-06
0.049604397
5.8833975e-05
9.171159e-09
9.431418e-07
0.00011284892
2.9236386e-05
1.2323582e-06
2.4046062e-07
0.00019804857
0.95594734
2.2892935e-07
8.904296e-05
1.5996484e-06
9.195725e-06
2.0279619e-07
4.993241e-06
0.0016282093
0.17394143
0.002165289
0.00073959515
6.122666e-05
1.0999105e-06
0.96768653
0.00019442716
1.075148e-05
0.5324136
8.284101e-06
2.3090361e-07
6.401908e-06
3.9837087e-05
2.394428e-05
0.00024996884
0.00012067323
2.0051772e-05
0.00049164076
0.09899217
0.0014659648
5.4235255e-07
3.5584203e-06
0.21236333
1.8088225e-06
4.701573e-07
3.7918828e-06
1.2410005e-05
0.09969824
0.00079058966
0.0012233888
0.0010625407
0.39286116
1.12618845e-05
1.3847807e-06
7.900269e-06
0.00027635886
0.0033068403
0.010752602
0.09193401
5.3834543e-07
0.057295673
1.08462274e-07
0.00095301407
0.0002259041
7.168123e-05
1.3216192e-05
0.9247485
6.442813e-05
7.174627e-06
2.57265e-08
5.8824776e-06
