0.041732766
3.2522895e-08
0.00018398935
0.013450965
4.1584435e-06
8.836912e-06
6.3981126e-05
6.1884333e-07
0.06660215
2.8732806e-05
2.3307493e-06
3.784715e-06
0.00040067488
8.068043e-06
1.1571051e-06
0.01168424
4.8172415e-06
3.866593e-06
0.006431615
2.183173e-05
0.008509364
5.0351307e-08
3.004207e-07
4.9692608e-06
0.9778856
3.9262623e-06
2.2820119e-05
0.00045137087
2.2264713e-07
5.2987434e-07
2.6447617e-07
0.37271678
2.085243e-09
0.8723398
5.9052168e-09
0.012339105
0.00032012886
3.4217508e-06
1.8953746e-06
0.9999954
0.026263097
2.09764e-06
0.000118283744
1.7854643e-06
1.4661587e-06
6.4727743e-07
2.2566499e-06
3.8798167e-05
4.5467077e-06
1.09412035e-07
6.059584e-07
0.002461913
0.0013887864
0.0019044101
0.0019044101
0.00022282283
0.03600403
0.002853123
0.0045494447
0.0001566773
0.0020185518
0.0022229184
5.1665836e-07
4.4692763e-07
0.0004252746
0.34886587
0.00018841586
6.4068554e-06
0.055263184
0.47760656
3.7259084e-05
2.3193581e-05
0.00023744912
1.9618501e-05
0.0004232502
0.00028630983
0.006509467
6.4727743e-07
9.334471e-06
0.13880178
8.431579e-07
0.0028022751
4.4935707e-05
8.0141635e-06
0.75857073
0.0001705975
0.018063065
1.3233572e-06
0.00056793593
5.734458e-06
5.567931e-07
2.5229681e-07
0.63849974
0.00040067488
0.0003914562
8.836912e-06
9.719407e-05
4.7965044e-05
0.9558034
3.256268e-08
4.8172415e-06
6.1801634e-06
0.013943367
9.2101465e-07
0.011627616
0.0003856941
0.00013330225
3.5768912e-07
6.0189393e-07
0.00047605755
0.42084104
1.9810606e-05
1.5426656e-07
5.0953773e-08
4.403653e-05
0.00014020444
1.4175646e-05
5.7136192e-05
0.002546236
2.3966304e-06
2.0175983e-06
0.0006029707
7.443142e-05
0.0025392433
1.3010528e-05
6.5805352e-06
4.0791375e-07
0.003277481
0.002461913
0.42819342
0.26244774
3.37861e-05
7.723061e-05
3.0257075e-05
0.9999421
7.4760916e-05
0.99975365
2.8497443e-05
1.09412035e-07
0.0010079104
4.7212663e-07
0.9989413
0.42776784
0.0005793121
0.13880178
5.496727e-07
0.0022648328
0.00026044532
4.2470514e-05
6.3344423e-06
3.547709e-07
5.734458e-06
0.0004622007
0.019002741
2.1495465e-07
0.99999046
0.049701918
8.257826e-06
0.0019789906
0.00012455606
0.00018197352
0.055705775
0.0018503969
1.4051171e-06
0.0015826735
0.0002779313
9.632797e-06
2.878955e-07
2.4561007e-06
2.6012094e-06
4.2181433e-05
0.0004074071
3.9638317e-06
5.7685634e-06
0.9999888
0.08167698
2.5119439e-06
3.3145461e-06
0.0009443131
0.0002855133
6.0483023e-07
9.5156786e-08
0.024543777
0.00090403494
2.9670439e-08
2.2566499e-06
1.0
0.0006635272
4.469032e-05
0.0015392695
1.5035333e-07
5.6601148e-05
1.1129651e-05
3.907373e-07
1.059928e-05
0.00023744912
0.9998767
0.00037907023
2.3966304e-06
0.0016190391
0.49267593
2.1120639e-05
9.560418e-05
0.99999523
7.843651e-06
0.11263182
0.00055663986
1.0697331e-06
1.4653713e-05
3.7521872e-06
5.4412817e-06
5.3422507e-05
1.059928e-05
0.99911696
0.64993775
5.697439e-06
7.130909e-06
0.15095109
6.179951e-06
1.816801e-06
0.99844444
0.83004874
2.1118614e-08
0.9778856
0.17163035
3.939758e-06
2.6908132e-05
0.00039796263
4.7629794e-05
0.99425995
0.00090403494
0.00055663986
0.0015437508
2.3300085e-05
0.9986316
0.94065136
0.9989456
7.4095624e-06
7.3959445e-06
0.9999993
3.4096633e-05
0.012081533
2.2303634e-06
7.901256e-07
0.0041078515
0.17371817
0.3180167
0.48218924
3.015602e-06
0.015541954
0.49267593
6.7027753e-07
0.00056793593
4.391282e-05
0.0022128168
9.924271e-06
8.815013e-05
0.0007994507
0.0012909638
4.4900517e-07
4.577306e-06
2.3070825e-06
0.50239325
0.05564151
0.00023880432
0.054445818
0.99988127
7.864976e-08
2.60391e-06
1.8937648e-06
0.8687843
0.9732353
0.012914345
4.115266e-05
0.99844444
0.01316672
0.0010500206
0.056584574
6.7027753e-07
0.0005883558
0.0014603282
0.00039446805
2.7731958e-06
0.0003119028
0.9997799
0.003277481
0.0149248885
0.99999446
3.4096633e-05
2.8732806e-05
0.17163035
1.433693e-05
0.0025392433
6.977704e-06
4.764126e-06
2.6265686e-06
0.0005403097
1.2354529e-05
0.00522775
3.784715e-06
