0.9799131
0.00064415234
9.781204e-07
2.1459919e-06
5.7840587e-08
0.0035822834
0.056922954
3.8667523e-07
0.19351324
7.671113e-07
2.503819e-05
2.4045283e-05
2.2508586e-07
0.9270427
0.1052849
9.255599e-05
4.5682246e-08
0.00022397858
0.00040789283
0.0009836878
0.00020360648
0.0002040031
1.7433311e-07
2.0282676e-05
0.013281671
0.017753005
1.6144287e-06
2.2661934e-05
0.54450417
0.004275437
2.1459919e-06
4.25509e-08
9.806917e-09
1.2786575e-07
4.553636e-08
0.9999998
0.08858174
0.6402356
2.9032287e-07
0.00064415234
0.0002292858
3.6261125e-07
4.9712235e-06
0.9358295
0.00010068462
0.0017824797
0.00031171346
3.8582177e-05
3.2095414e-07
2.1658562e-07
0.009173041
3.878349e-07
5.9678758e-05
0.99952275
1.0446379e-06
0.0022277504
0.022144131
1.995384e-06
0.00012480488
0.01890956
0.0007029678
7.328887e-05
5.4200194e-07
1.8847453e-06
0.022087546
0.024623249
1.0684587e-06
5.7865304e-07
3.39611e-06
0.9102935
2.1280257e-05
0.00045891313
1.1608162e-05
0.00017811854
1.3648439e-07
0.99994946
0.9999015
5.250248e-07
0.0004111812
0.7790719
2.4143766e-05
3.3063031e-06
0.00018607116
9.840165e-07
1.9531283e-06
0.97940123
9.090144e-06
0.0033149407
0.8798999
0.99873334
0.00013469305
2.1658562e-07
0.997845
1.863625e-09
0.9999209
0.00065838516
6.564524e-05
4.163578e-06
1.2759695e-06
0.030177932
3.9494557e-06
0.0001764986
0.97432625
0.0003954519
7.566198e-07
0.01703452
0.03762683
2.8988321e-08
0.00019907662
3.546768e-08
0.23467119
0.00048754102
4.155185e-06
0.19706163
0.0011700623
2.194826e-06
8.073663e-07
0.0012160463
2.0455632e-06
0.16844034
0.99999106
2.0176385e-06
4.2615175e-06
0.017997272
0.00054998195
0.00016438472
0.9959625
0.024399186
0.99976104
0.11688405
7.6387437e-07
2.503819e-05
6.1838423e-06
0.005338605
6.642659e-07
0.9835263
0.9999447
0.11688405
2.4363314e-07
8.748029e-07
0.00072184444
0.999998
1.7655834e-08
0.9033809
2.6532878e-06
4.9831346e-05
0.9663467
0.28691652
1.4663738e-07
0.23467119
7.267643e-05
0.0020456559
1.0510875e-06
4.1624477e-05
0.0009982255
0.9779497
0.8746165
9.695792e-06
0.0037597227
7.961026e-08
0.0009982255
0.000118083255
0.97940123
1.0631433e-05
1.8308168e-07
9.846614e-09
1.6766201e-06
6.1552964e-05
4.63177e-09
8.5925166e-07
4.5013357e-10
0.0001414336
0.00042019392
1.7063118e-06
0.00028733473
0.0014183255
9.37571e-07
0.9994404
0.045561332
0.0002040031
3.5682577e-05
0.0002804451
0.0057015643
0.9973822
0.008822568
0.010846049
2.3299262e-05
4.643193e-06
0.024623249
4.0890694e-07
1.2803646e-07
0.00012808498
1.0843813e-06
2.453535e-06
5.3252535e-07
7.576263e-07
0.28691652
0.00016416385
0.83320236
4.8414204e-05
1.7475673e-05
1.1776578e-05
0.17543045
5.323144e-06
4.1920016e-06
1.190585e-06
0.906326
1.00645636e-07
2.1192053e-08
0.9835263
1.7279566e-08
3.9649026e-07
0.00013947107
0.24027987
2.3063973e-07
0.002675061
3.4358409e-06
0.00017311079
2.0321204e-07
1.3941483e-05
1.4969785e-05
0.15783821
2.0331374e-06
1.11538875e-05
0.21660383
9.806917e-09
8.678254e-05
6.93682e-06
1.0415283e-06
7.671113e-07
4.1630224e-06
0.030182343
0.002326901
1.0
1.2929704e-06
1.9531694e-06
7.6387437e-07
4.700082e-09
2.4045283e-05
0.012509429
6.0121674e-05
0.0002304052
6.765488e-08
0.030349936
0.9999958
0.00025031203
0.002573814
0.99937457
1.2027984e-06
0.9358295
0.93907243
1.2929704e-06
0.09659384
0.0011411058
0.00097580586
1.863625e-09
0.017753005
3.559391e-06
6.65529e-07
0.0031935987
0.00012325063
0.64023566
0.0011354408
0.00053022016
8.086031e-05
0.00036406907
1.5204893e-07
6.93682e-06
8.790195e-06
1.5126793e-06
8.3313585e-05
5.323144e-06
0.023395833
0.0009796064
0.00027280799
2.2339013e-06
0.03603208
0.0072413767
0.0011105927
0.0009980063
3.566216e-08
1.9448781e-07
1.2963064e-06
0.018515231
3.7106012e-05
0.8042614
1.0899543e-05
0.99994946
0.0021919287
4.102406e-05
1.7259001e-06
2.2096367e-06
1.4606289e-05
3.3063031e-06
3.9749318e-07
9.872872e-08
6.378008e-06
2.5073004e-07
1.0179633e-06
1.0942097e-05
