1.0
1.0
1.0
1.0
1.0
1.0
1.0
1.0
9.386368e-10
2.4924554e-09
0.9876943
8.4922185e-08
8.587325e-08
3.9517963e-05
4.9359164e-07
2.4948833e-06
2.7205924e-06
1.4946939e-09
7.306755e-09
6.0130687e-06
3.5618564e-06
2.1459819e-08
0.6421631
1.07481796e-07
0.0015186671
1.6044963e-06
0.00011461948
4.9583353e-08
6.196605e-06
3.3366736e-09
0.12876713
5.6262793e-06
5.0077914e-10
0.09554475
0.9400193
3.4285033e-05
1.2197316e-06
0.00011317522
0.98612624
0.008418318
1.2957796e-09
4.137962e-09
2.5314849e-08
7.2043085e-06
0.009956615
1.8449102e-05
5.3421686e-06
0.98022544
3.1695734e-05
6.257578e-07
1.2947778e-07
0.00034135068
3.2341172e-06
9.824159e-09
5.231523e-06
1.2788416e-07
2.0778119e-08
2.5386605e-08
6.0438357e-05
4.2887033e-05
2.424245e-09
2.1060094e-07
7.605888e-08
3.9131683e-07
1.5912118e-09
5.0386255e-09
7.800102e-06
0.0001311488
4.1807564e-08
5.456987e-09
1.8108588e-08
0.00056384323
2.7833967e-06
0.015938722
0.07473042
0.0873983
1.182293e-07
1.8884664e-07
1.3513921e-05
2.8440874e-07
1.9219698e-08
2.2734492e-05
2.8889299e-06
0.4048817
3.4311917e-05
1.3857621e-07
0.000111382986
0.0012956045
0.0025049427
9.56712e-05
5.112409e-05
1.8958715e-08
4.997634e-08
5.9286426e-06
2.430674e-06
2.6756438e-06
9.3569315e-06
6.9225587e-07
3.5074092e-05
4.1845194e-09
5.340397e-05
0.00022499099
4.5102196e-11
0.9992264
1.0119495e-06
2.9051891e-06
3.637581e-06
0.003953807
7.30464e-08
0.0060574044
1.7011339e-09
5.6133885e-08
0.2956149
7.11174e-05
1.3082019e-08
1.7190054e-08
8.016213e-06
2.817466e-06
1.7704732e-08
1.690419e-08
7.382382e-07
0.00015814928
0.0009457587
0.0009482345
5.6911823e-08
0.0020623226
6.8816103e-06
0.0001546607
7.644029e-06
7.8427125e-05
1.3292714e-09
2.106302e-08
3.6438058e-07
1.972388e-07
1.495598e-06
2.9627174e-06
6.639532e-06
4.341515e-05
6.1639486e-07
5.039743e-07
0.0053676246
1.2537167e-05
0.0027946583
8.094851e-08
5.9526545e-05
1.0507648e-08
3.5950395e-10
0.0021984442
1.2997403e-06
1.3839476e-06
1.4838184e-05
2.364641e-07
0.0012438785
3.7702262e-07
1.3281692e-05
0.00042642953
6.544553e-07
0.39639252
0.00523406
0.00140236
1.6643089e-06
4.7641013e-05
2.5306554e-07
0.0014422484
0.44274625
2.2841142e-07
1.279153e-06
0.0017786633
0.06363444
1.495598e-06
1.7144926e-05
1.7331924e-07
7.986317e-06
1.2947778e-07
7.11174e-05
0.9999959
1.7428418e-08
6.2816957e-06
2.0728598e-05
9.971927e-08
3.026089e-08
0.00017013906
3.2049773e-08
1.3212843e-08
7.8427125e-05
0.78931785
6.6739453e-10
1.2443518e-07
0.011379601
3.0391554e-08
0.9976542
1.0926225e-08
4.8366053e-09
9.971927e-08
0.0023858245
1.1149335e-06
2.3080154e-06
3.32059e-05
3.9000934e-05
1.719361e-10
1.6108263e-08
1.3220248e-09
0.00011365345
2.406886e-08
7.8994645e-08
4.9095324e-05
1.5264377e-05
6.76803e-07
0.17311996
1.8108588e-08
0.00054554694
1.3220248e-09
1.6881818e-06
5.9286426e-06
2.406886e-08
0.00032759708
0.0007176884
0.0076728603
1.1920199e-06
6.541957e-07
2.9669476e-08
5.456987e-09
0.041616045
0.0010471097
0.99990016
0.13441072
7.6199865e-07
1.4262776e-08
1.2597949e-06
1.8291169e-07
1.2323201e-07
1.3839476e-06
7.0769836e-08
0.000111766
0.039425217
1.2269048e-07
2.381018e-09
1.9113723e-07
9.898502e-07
1.7102517e-05
5.955526e-10
6.599152e-09
4.0095187e-05
2.880061e-08
0.00017993155
1.12463276e-07
7.732157e-06
1.7068764e-06
0.9932738
7.09814e-08
1.2165586e-07
2.835172e-08
3.3893284e-06
9.948309e-07
1.3978054e-08
9.498394e-07
1.1240773e-07
0.17193508
1.2269048e-07
9.635962e-09
2.1956002e-05
0.66568005
2.097504e-06
3.7277513e-08
0.9706289
1.9741081e-07
0.0002031587
0.09008311
7.1023356e-09
2.6858283e-08
6.188356e-05
1.3083222e-07
3.3688718e-06
0.65507334
9.666576e-07
1.1149335e-06
8.151477e-09
1.1972628e-06
3.0275287e-05
1.499386e-08
0.000880261
9.666686e-09
1.6962332e-07
0.65507334
9.340779e-05
0.8609623
0.011379607
8.464298e-05
6.7420686e-08
1.4716274e-07
1.4180861e-07
1.2197293e-06
0.99999994
0.0002418802
0.0024035184
1.9366824e-07
1.1972628e-06
4.791387e-07
1.9879444e-06
1.1769112e-07
