0.6966849
1.0243278e-07
0.9974179
0.033323973
4.7203437e-05
1.6221879e-08
9.337429e-09
0.0027687831
3.5223908e-07
4.7668073e-07
6.2704817e-07
1.2255967e-06
4.1649446e-06
0.00033142394
4.821815e-07
0.033425815
0.0023636736
5.857389e-05
0.0010765002
1.7521128e-05
0.017114466
6.0591793e-07
0.018345647
0.25801668
1.231732e-06
3.4533103e-05
0.57460415
0.93350524
0.0004080974
0.90906847
0.93828857
0.9997773
0.0001107129
0.00037051635
0.0448896
2.3962443e-06
0.00018485487
6.444066e-07
2.098778e-05
3.6558737e-07
0.00016557524
5.5052986e-08
0.5162935
0.0045897267
0.9995406
0.9997877
1.7538198e-06
0.12501712
0.058696017
1.8902716e-06
4.5913825e-07
5.2757755e-08
7.932665e-07
1.1770027e-06
0.7499449
1.7843101e-06
0.9417795
5.446495e-09
1.0293844e-08
7.533466e-07
0.0003754966
0.012089144
2.4462781e-06
2.3775126e-06
0.99972254
4.7834128e-05
0.0038090982
6.5547596e-08
0.008250459
7.160378e-08
9.901752e-06
0.00021813346
1.2059731e-06
8.689942e-08
6.017441e-08
0.010411881
1.3040441e-08
0.25801668
2.6273176e-06
0.0002523462
1.725252e-05
0.07882358
1.5765338e-05
5.544845e-06
8.273773e-06
0.88345313
0.0024923116
0.42693895
3.6304175e-06
2.7552694e-08
2.4834912e-06
4.732433e-06
0.007364654
2.2390072e-06
1.8079505e-05
6.248488e-06
0.95932245
2.7820116e-07
2.0810668e-07
0.020732671
1.8813638e-06
3.5613944e-06
3.1791924e-06
2.0236316e-06
2.4024861e-05
1.4079498e-07
6.5506785e-05
0.054290075
6.906324e-08
1.47813935e-05
1.0834954e-06
2.2640263e-06
3.0176965e-05
0.99764997
0.00023850282
1.5451155e-07
0.00010222146
0.085047975
0.4479393
0.012305689
6.7936774e-08
4.114034e-05
0.9976246
1.304076e-06
0.003457837
6.068471e-06
0.9997913
1.3022029e-07
1.8045257e-07
0.013030016
1.0874378e-07
0.9787123
4.9640316e-06
1.7834833e-06
0.00024786024
9.7902675e-06
2.0142224e-08
7.2638755e-07
0.0022844088
1.2876443e-07
1.1325409e-06
1.7188775e-08
3.721564e-07
0.24452513
8.739506e-07
1.0
1.654379e-07
0.22114336
0.17234692
4.635618e-06
2.1959106e-06
1.04679775e-05
0.0036014428
1.110437e-07
1.3553392e-06
7.2754126e-08
0.023688676
0.9987714
4.9014384e-06
0.99266297
0.00061585946
0.0001460506
4.6555456e-06
2.440131e-07
0.0019942038
1.0338707e-08
3.3092178e-06
2.2359845e-05
0.011758257
3.756979e-09
0.00083650433
0.07882358
2.2883047e-07
0.0001630099
0.037097983
0.001110067
0.5681515
0.9999949
9.901752e-06
1.0081793e-05
2.685373e-06
0.009493404
0.81858337
0.0016566805
3.5952087e-06
6.8280506e-06
4.6644956e-07
0.9999989
1.5366587e-07
0.0019810013
3.410059e-09
6.2850936e-06
4.2686774e-05
1.9310846e-06
0.1175116
7.063787e-07
5.6544995e-09
2.2059005e-07
8.1976765e-07
0.0001460506
0.9801206
0.23174442
0.00010786982
0.00015571754
0.07882358
8.8277875e-07
2.6140531e-10
4.277338e-07
5.857389e-05
2.308353e-08
1.3730963e-07
3.11174e-05
6.617791e-10
1.2468324e-06
0.00046629124
0.00059776846
0.99996966
2.685373e-06
0.00048159325
7.739934e-06
3.33522e-05
0.00040623933
1.859155e-07
1.3912569e-08
0.00031071476
7.053361e-08
8.270886e-06
3.914135e-07
9.240428e-09
3.2479243e-06
2.770378e-06
0.010441696
1.13537475e-07
0.0028547144
0.0108717345
3.7823733e-07
0.9999086
6.4194544e-05
1.8186663e-06
1.8181794e-07
0.00891012
0.00050964934
1.1679363e-09
0.003537212
0.00032466667
2.0395617e-06
7.783123e-06
0.022731217
0.060436897
1.34815155e-08
5.4371947e-09
2.8541992e-05
4.2342396e-07
0.00024236244
0.79851156
5.0701124e-06
6.817458e-06
6.248488e-06
2.758598e-08
1.1340502e-07
1.2790145e-05
4.0954227e-08
3.7823733e-07
4.7813377e-05
0.9925251
4.114034e-05
6.1906235e-08
0.8381522
0.2580801
0.16521144
0.018488882
1.6217183e-07
0.93778455
0.47229978
4.4923104e-06
1.0693643e-05
1.6711e-06
0.24452513
3.0512314e-07
0.9964412
3.559313e-05
7.8370397e-07
5.038758e-07
3.4387715e-06
3.977294e-07
2.05416e-09
0.0009461454
0.93350524
0.0024390696
3.3865842e-07
0.93350524
4.2689585e-08
0.78276914
5.094334e-05
0.93778455
0.013693689
1.0900601e-08
7.271587e-05
3.443031e-06
0.0010430923
