0.99494135
3.3737847e-06
0.00023851715
0.9159944
3.4985649e-06
0.9418223
6.632025e-08
7.91087e-06
0.96819186
0.02819201
1.9663905e-06
0.0040616533
0.0005753688
0.010422341
7.71095e-06
2.410631e-07
3.9632293e-09
0.00031676862
0.016522335
0.00071223726
0.0002445905
1.751176e-07
1.5745448e-07
0.00019335323
1.5742731e-06
0.12672551
1.0746775e-05
0.00016815946
4.632179e-07
0.000661
3.648835e-05
8.3015806e-07
0.000982642
5.0720178e-06
6.8675863e-06
0.9986334
7.0606285e-07
2.1958897e-06
1.4415599e-06
8.009855e-07
0.0011301887
0.0001162929
0.010165746
0.9999517
1.7663513e-08
1.058905e-06
4.304649e-07
0.00010814542
0.0001502516
0.00088171073
2.1199654e-08
0.003745426
0.11977114
0.0018108108
1.6391219e-06
1.376315e-06
0.9998823
1.3007274e-06
0.7976506
3.9878178e-06
1.2399569e-07
1.949812e-06
0.0012554934
0.37723005
9.048328e-05
4.591441e-05
1.1801499e-06
0.9807512
1.0029099e-05
0.067011096
0.00018840452
1.1099685e-06
0.00017117789
0.9993867
1.6532387e-06
0.025245758
1.2973825e-06
0.07330495
2.667367e-05
4.4097716e-05
1.8122122e-07
0.00014994518
0.9987563
0.0004916986
3.6966408e-06
6.99416e-07
1.9831069e-07
3.314395e-05
1.4549e-07
0.00026684298
1.7616834e-06
0.00012108704
0.0002449707
6.80099e-06
0.8720655
4.350832e-08
0.0698366
4.870945e-07
0.0001224989
0.99745697
0.0015311467
0.00031317066
0.0040815887
0.00029560688
3.0588698e-08
0.00039738393
9.2473435e-08
2.4197567e-07
1.2859045e-06
0.0014278493
0.0021892523
0.9986408
2.2093727e-09
4.8499936e-07
0.0029640617
2.2859338e-07
8.9690633e-07
0.03642984
0.00050671684
0.99947494
9.469956e-09
0.032664854
1.813082e-05
0.000884142
2.3635217e-05
0.0002136947
0.78372216
0.9986408
3.192769e-07
4.2881555e-05
8.1216676e-08
7.271042e-07
0.0029640617
0.15869601
1.1713857e-06
0.0979577
3.810276e-08
0.9497783
1.2859045e-06
8.6106425e-05
9.328063e-06
0.43104345
1.949812e-06
0.43104345
9.880026e-09
3.1039715e-06
4.7557935e-09
2.950443e-05
5.2806863e-06
0.00029850635
0.11977114
3.3393032e-06
0.005134808
1.1707335e-06
0.99980646
0.89513
0.003747882
1.555425e-06
0.99959606
0.9664002
3.3753486e-06
9.016631e-05
1.975068e-06
2.7558071e-05
1.813082e-05
1.5262309e-06
1.9663905e-06
2.6633984e-07
0.00031375163
1.0177575e-06
0.17079578
7.1908958e-06
0.9998163
1.6751317e-08
0.0049780593
7.679239e-06
0.002605866
0.97807634
1.225647e-06
5.1107514e-07
0.016675303
1.1960273e-05
3.3604967e-06
2.7837817e-07
0.0002181813
1.59004e-05
1.0083504e-06
3.56622e-05
0.00016815946
7.797745e-06
0.00013704719
0.03983758
2.2180451e-05
1.3584537e-07
0.022946123
0.00021102667
0.13915578
8.3015806e-07
0.9159944
0.01648355
0.36331177
6.1062638e-06
0.0018184495
2.8559172e-05
0.048978932
4.280365e-08
4.543717e-06
2.2093727e-09
0.005305845
7.8228595e-07
2.3910009e-06
4.343751e-08
1.2896409e-05
3.1744647e-05
1.9801955e-05
0.18606523
0.0024092111
2.5715108e-05
0.99922323
2.0470883e-09
0.0011301887
6.1263457e-09
0.9979335
2.1386704e-07
1.9032785e-05
0.000982642
0.012513546
1.34284175e-08
6.297454e-05
6.36389e-05
0.00023563227
5.107175e-07
2.8360108e-07
4.5129473e-06
3.0686756e-08
0.06238875
1.4250941e-06
2.4149269e-05
0.00011545294
4.6531483e-07
1.5492677e-05
6.5877455e-09
1.2933901e-05
0.99988776
0.02819201
6.7370174e-06
6.309001e-05
4.7552064e-07
0.00011856888
0.87659156
6.99416e-07
4.7211674e-07
2.4926074e-05
0.00036424753
4.6373238e-08
4.3601944e-05
2.0751738e-06
7.1908958e-06
0.004334185
1.722119e-05
9.703673e-06
0.99928975
6.838112e-07
8.604396e-05
0.00053569267
1.00559055e-05
0.016675303
0.038341712
0.002605866
0.9998823
0.0014975736
1.0847198e-05
1.7616834e-06
0.00040133772
0.9993502
3.6408673e-07
5.1521115e-06
0.00083348557
0.8679713
0.996108
0.23353858
3.1048032e-06
0.99776137
1.5492677e-05
0.9987563
0.99948347
4.547379e-07
1.0285483e-08
2.950443e-05
0.0007350151
4.1728737e-07
1.3610721e-06
9.531751e-07
0.003740826
0.00097321084
0.013924001
1.0759169e-06
0.000282302
2.5430221e-08
0.0034868158
