0.9999966
0.9999999
0.28896338
0.9899462
0.0065396023
0.9999963
1.0
1.0
0.00017549154
1.0041272e-05
1.8682924e-07
0.014405329
0.0026687991
0.003413319
0.0020628013
0.032816555
2.4724197e-06
0.0005465577
4.9579665e-08
0.0020628013
7.766796e-06
0.94980663
4.9790374e-06
1.5073817e-05
0.00039058097
0.023364726
0.9999013
3.0325197e-08
0.0379965
1.3382899e-05
1.1426455e-06
0.0011111144
4.694494e-07
5.378402e-06
0.8505537
1.6411977e-07
0.002500619
1.2265323e-08
0.033397265
0.040408384
1.1879027e-06
0.0003559447
0.0010541502
0.16039726
0.27511752
0.0006234361
0.17973779
8.189501e-06
0.0044873105
0.008215146
0.00015147925
0.0010997049
2.031672e-06
0.64755905
0.0003982818
2.9416753e-08
2.8123468e-06
0.0030066576
7.9086156e-08
0.8461041
0.88571924
3.7992875e-05
0.6466876
0.9999983
0.17631216
0.14011133
0.0026095568
9.587998e-06
0.00018155912
0.00014439142
3.7696796e-06
4.2771603e-06
0.072231084
5.808547e-07
1.968999e-05
0.6308488
0.9102785
3.408526e-08
6.648965e-05
0.0005631891
0.99045
0.00014690455
0.007943993
2.0536008e-05
4.0783078e-05
9.157386e-06
8.033808e-06
2.554793e-06
8.5588545e-07
9.702846e-07
4.543711e-08
0.97262305
6.19819e-05
1.0728471e-06
0.0009159331
9.705931e-06
3.1927386e-05
3.4946453e-08
0.00093677046
0.004522969
0.668763
0.047224756
0.000145816
3.1636976e-06
8.861722e-07
0.0037190223
4.621457e-07
3.7527705e-06
0.00021539831
0.0021417793
0.004024599
7.510382e-07
1.18317375e-05
1.1625699e-05
0.00015658978
0.00047536445
0.001577233
1.0
0.00093677046
0.7529038
0.010300253
4.4081953e-06
0.00023018167
3.0906387e-05
3.5193872e-05
0.004839688
3.275183e-05
0.5467533
6.0358183e-05
0.0008929605
0.0003676444
3.25126e-08
0.13960703
0.004839688
2.6715333e-07
3.76286e-09
4.4945737e-05
0.0020628013
2.6906004e-05
0.00023018167
1.594045e-05
4.8900107e-05
4.8382594e-07
5.135035e-09
9.2987e-06
1.2418941e-07
3.4958566e-06
5.378402e-06
0.00014479914
0.072231084
0.000204121
0.0013574699
0.2864527
0.00084811915
1.2612514e-07
0.0013881895
0.0012422825
3.077014e-05
1.7557091e-05
1.6286385e-06
0.22142379
0.001496798
0.0002835163
0.40492702
0.00014607496
2.8512402e-06
4.8519735e-07
0.009022509
0.00012688166
0.10432529
0.99986
0.00028097557
0.2864527
1.9724796e-06
1.1046441e-06
4.1756866e-06
0.98947465
0.0020628013
3.4227592e-06
5.5266122e-05
8.169154e-05
1.21212e-06
0.00010260467
1.382527e-06
1.2932318e-06
0.0021439898
0.00023883916
8.246967e-07
1.3902382e-08
0.009857523
0.8417115
0.0015609658
2.3251237e-06
1.965397e-06
3.286249e-05
1.168788e-06
0.9999922
0.7656574
0.00011939393
5.0438142e-05
4.332077e-07
0.18032402
7.3266833e-06
6.841047e-07
1.6850953e-11
0.0043182992
0.004281019
1.0457022e-05
0.9102785
1.3609096e-07
2.4589683e-08
0.00027439868
6.0608784e-07
3.9917628e-05
4.1253637e-07
0.00066992233
0.00051920215
5.2528776e-07
9.80188e-05
0.019973146
0.99946773
0.0002084416
1.8921925e-06
0.9998874
0.10459458
7.3808405e-07
9.915106e-08
0.0008190349
0.9904702
0.99812204
1.4109262e-05
4.41994e-06
0.13960703
1.15824e-06
1.7190436e-06
0.74797165
1.3924281e-07
1.968999e-05
3.0906387e-05
2.8855325e-07
4.6338027e-09
0.000114778944
0.023323588
0.00039930863
0.9102785
0.0015389338
2.8123468e-06
8.246967e-07
0.9999989
1.0522208e-06
7.3253585e-05
1.1675759e-06
0.00037342965
1.1382387e-08
9.915106e-08
4.645384e-05
3.9422878e-07
0.00013264723
0.004839688
4.1756866e-06
6.180789e-05
7.0529415e-05
0.07996091
1.0792527e-06
0.99179
2.354509e-06
1.8017063e-05
0.0036574635
0.99999994
0.0029476688
0.016619826
9.2038974e-08
3.0957333e-05
3.878241e-05
0.00019111852
0.00015523395
3.9008793e-08
0.00024520344
0.04538706
0.99999475
0.013541961
1.0266177e-06
1.0977656e-05
2.504939e-07
0.0038505339
0.0063206987
6.057676e-06
0.0005745709
0.0006368858
1.1901156e-07
0.9999529
0.9989456
0.000114911236
4.3819544e-08
5.529946e-08
1.4979402e-07
0.9984192
9.212355e-05
5.2746906e-05
0.9999075
