0.99998903
0.99999624
1.8585433e-07
5.639197e-07
1.5275762e-07
2.0373791e-07
1.1215627e-08
7.8414e-08
7.263675e-07
5.8306777e-09
0.6920042
4.308123e-08
1.0231777e-07
6.2937454e-07
0.0003882789
4.6011985e-09
3.017116e-07
1.3503396e-07
1.4598089e-07
4.0781206e-06
7.639648e-08
2.0739017e-06
6.2161902e-09
0.0045123794
0.999443
8.237836e-08
4.217744e-07
0.9998702
0.034316506
3.0821168e-06
3.394705e-06
7.1767277e-09
2.626516e-06
2.9856363e-07
3.7447474e-08
1.1962769e-08
0.9915485
0.999939
1.3561745e-06
6.3694344e-08
0.99999213
3.1876094e-05
2.6059619e-05
0.99804056
0.00010283367
0.99958104
5.48332e-06
8.6830125e-09
9.586251e-08
0.0064033633
2.9541295e-06
0.04725042
2.6117266e-06
0.0009405656
3.4389437e-08
4.896652e-09
3.8755493e-06
0.91004306
0.00041685693
0.000261022
1.1273544e-06
0.9975932
3.8755493e-06
0.6421261
0.9994902
2.6439615e-08
0.00014065395
1.5492056e-07
0.9978257
2.5928523e-08
3.5978698e-07
8.174383e-08
0.0017965552
0.5488435
0.00010463244
5.2795873e-05
1.2086284e-05
8.2101474e-07
1.1086947e-06
0.00011465359
0.0015799528
1.6284196e-07
0.0003668797
3.975636e-06
4.96515e-07
9.650313e-08
3.9916868e-05
1.1277715e-05
3.0830545e-06
0.41901147
2.1164399e-06
9.668045e-10
1.0525326e-05
0.0012425795
0.00075865554
2.1241167e-05
4.553758e-07
4.196978e-06
5.3248295e-06
4.2517827e-06
1.6155946e-06
2.4554074e-06
3.947382e-05
7.55697e-06
2.2928318e-06
0.005243687
0.27390024
0.9921945
0.012901197
0.040869262
0.0053093587
5.2124697e-06
0.000652157
5.5742323e-08
5.145777e-06
1.1134003e-05
6.0945176e-06
3.8535287e-08
0.00036979458
0.0019631744
0.9991054
0.00021953015
1.6577333e-05
3.290829e-06
2.6469947e-06
0.00017665213
0.0065659657
4.1646615e-09
1.6035807e-05
1.0525326e-05
0.87070864
0.0008096452
0.005443197
0.0061438866
0.00017335445
2.0404624e-08
0.0009939915
1.0
1.6752212e-05
0.14487274
1.1819413e-07
0.5567956
7.766508e-06
0.0011382169
0.005472834
0.00012817663
7.8414e-08
0.76955295
0.0072062495
0.00063604506
0.00017335445
4.0082494e-05
7.3603196e-06
0.00056618266
3.3691827e-05
3.3691827e-05
0.99040735
4.061754e-08
0.005300062
7.984932e-08
0.046311945
0.00020095703
4.179085e-06
0.000261022
0.030851906
1.05151665e-08
6.004727e-07
3.527455e-05
1.8213104e-05
0.006210435
0.0024889093
3.2619635e-05
2.7873176e-07
4.8248876e-05
0.98851866
2.5662455e-06
4.7422543e-07
6.4397327e-09
1.6172779e-06
0.00020095703
0.0030208032
2.67473e-07
0.0014385092
5.10056e-08
6.0046044e-05
2.2369115e-06
0.052961968
1.4147043e-05
1.22658e-06
2.188629e-08
0.00010963104
0.9877258
1.3643934e-05
6.208497e-07
0.003021093
5.165084e-06
0.00014836069
7.263675e-07
0.0001471934
9.19496e-05
1.892209e-07
1.6009219e-05
0.88903934
8.7899423e-07
0.016928175
0.0025904384
1.08406844e-07
0.0026960827
5.176062e-07
6.5069514e-07
0.00025239048
1.5830534e-06
0.010432241
0.0008878193
4.6990178e-07
0.0637886
1.0154186e-07
2.1671734e-05
7.252137e-08
1.6508848e-06
1.8033496e-05
8.3866835e-06
1.0497001e-06
2.1378398e-08
7.3611017e-07
1.0096519e-07
0.32080615
2.2202044e-06
2.1671734e-05
2.8414403e-05
0.0003449824
2.9167211e-05
2.2385802e-06
0.0026978834
2.2093442e-08
1.2199794e-05
2.6141708e-05
9.491715e-08
0.0044566523
8.8848236e-07
4.034211e-05
1.0552946e-05
3.453537e-07
0.00015151623
7.567235e-09
0.0010129089
0.036792748
1.6170701e-05
2.9878809e-05
1.1258147e-05
0.0061656046
1.1433869e-08
0.018555177
9.217316e-07
0.0001845298
6.449434e-05
0.08865341
3.8540466e-06
6.831673e-05
1.1138543e-07
1.2766458e-07
2.5290246e-06
1.2661143e-07
0.00052803074
0.0005113232
1.3900203e-06
1.0877174e-06
0.9993659
5.939281e-06
0.5643567
4.1204185e-05
2.1671734e-05
9.761237e-08
1.1334934e-09
0.4669422
4.506419e-05
1.7733681e-06
6.586062e-09
0.9977517
2.0349648e-06
3.979988e-08
1.0974262e-06
0.0017473806
0.00027861953
1.0076507e-06
1.6508848e-06
3.5598353e-07
5.789754e-05
0.41901147
4.179085e-06
2.207035e-05
0.00075865554
0.025136707
1.4212438e-05
1.40767265e-08
1.9614479e-08
5.7741055e-08
1.551027e-06
5.8970706e-08
2.0467839e-09
