0.99999845
1.0
0.0016343942
0.0013891893
0.9991826
4.3985914e-05
5.182386e-05
8.026752e-05
5.043439e-06
0.10911078
0.00010349979
9.1076254e-05
0.99533063
0.16765623
0.0076970854
0.005776781
0.8697985
0.9999803
0.03418663
0.0073478646
2.1740603e-05
0.007648964
0.00057242054
0.97602046
0.94183296
9.009557e-05
0.03634898
0.9651393
0.1322152
0.0013789744
0.99999034
0.25083098
1.9282506e-06
1.0462091e-06
0.00011571569
0.9991627
3.6852466e-06
0.0121622505
0.99999917
0.01664942
0.32850572
6.667162e-05
0.044604942
0.999754
0.9476568
1.17597e-07
0.0008670453
0.25083098
1.0
1.6853388e-05
0.0023406257
0.00023165152
1.8573026e-05
0.02031262
1.0985864e-06
0.0036947061
9.82136e-05
0.82844406
8.686081e-06
0.018083792
0.030503731
4.4767356e-05
0.0022523778
3.4580687e-05
1.5718844e-05
0.0049206405
0.012750608
0.99971616
0.9999997
1.2975338e-05
0.7963218
0.0019685351
0.595436
8.96454e-06
1.5438519e-06
0.00010349979
3.403613e-06
0.8578763
0.7778335
0.00012483537
0.5128846
0.00010717548
1.8547096e-06
0.11224401
0.00024419324
5.9030222e-05
8.7049193e-07
0.00022012414
0.012499201
0.77082086
6.923721e-06
0.99839926
0.00013738713
0.0011880203
0.0011234322
0.006535369
1.6746386e-06
5.9420686e-06
0.9991627
0.9779747
0.027707577
1.1302329e-06
7.610792e-07
9.390112e-05
3.4752343e-06
0.030219946
2.1174385e-05
1.3716943e-05
0.005134654
0.06322791
4.142385e-06
0.993026
5.372663e-07
0.003874835
0.0013612391
2.0321875e-06
0.00026398076
0.012922535
0.0020659922
8.96454e-06
0.0014596607
0.0053732586
0.0001480817
0.0001151025
0.9999952
0.16429652
0.00022389318
0.9651761
0.3406102
0.004565405
0.010167546
0.07116807
2.4053907e-05
2.4784256e-06
0.00021652898
2.1054053e-05
0.8628896
0.0008557363
0.0007688272
0.8396525
0.9749431
0.50931394
0.0010813083
0.79440093
0.00012677026
1.0050277e-06
0.00026151724
4.4779397e-05
0.006826476
9.331516e-06
0.80307364
0.00014674089
0.014421735
0.00021502915
0.0001440806
0.007699071
0.0451046
0.0010353038
0.0027268517
0.0033745815
0.9697498
0.100031585
0.0020872124
0.9999548
0.9825826
0.0013448034
0.031525873
0.86771375
0.16111864
0.0010563647
0.9999999
2.0247096e-05
0.018389214
0.006535369
0.0008557363
0.004127275
5.4118944e-05
9.600044e-07
0.07979399
1.2493904e-06
0.0012244052
0.123166524
0.9999777
0.99538696
0.040792286
0.00011571569
0.00078229926
0.00047789235
0.00021502915
0.00037110408
0.9435654
0.0011195585
0.0078946585
0.0002544988
0.20584886
4.0065755e-05
5.2175787e-05
0.77063686
0.00041049387
0.97602046
0.9615388
0.99870104
0.99998695
4.2225343e-05
4.164806e-05
2.0141637e-05
0.0008475172
1.1209359e-05
2.4174553e-06
1.4441535e-07
0.00011877121
0.66061693
0.2082045
0.9800425
0.0003704636
0.0002879257
1.7934331e-05
0.0045391773
2.1308484e-05
1.8547096e-06
3.2681154e-07
9.520324e-05
0.91873765
0.9784758
0.00027610315
0.9998695
0.32513657
1.8503548e-05
0.035334665
0.00074039586
0.017190559
1.01265905e-05
0.9439522
1.0101089e-05
0.00011370462
0.99997205
0.46184424
1.1983849e-05
0.11836375
0.0020930355
0.0013223536
3.6636677e-06
3.0266685e-06
0.0007762294
5.3521026e-06
0.9999998
0.008880982
0.00012586797
1.28514985e-05
0.013236722
0.38590196
0.23607992
0.12639746
4.2118725e-05
0.00026029785
0.00027610315
0.16982257
3.6483198e-05
1.3221638e-06
0.00033483803
0.9958678
0.0007701119
2.0691585e-05
0.027685028
5.748567e-07
1.2975338e-05
0.04178438
3.1879786e-06
9.35696e-05
0.99971426
0.0011689378
0.00024579212
0.9658674
9.088513e-05
2.8144048e-05
0.08912195
2.1054053e-05
0.027285093
0.00020905044
0.9999997
0.008187879
0.9615388
0.0018938666
0.000682931
0.0028214722
0.00086726836
0.0005843569
3.782709e-07
0.0014364587
0.00016346782
3.288108e-05
5.4614475e-06
0.10176656
2.678411e-06
0.053053573
4.13459e-06
0.7778335
5.4118944e-05
5.0200804e-05
0.9999639
