1.0
0.0011076829
0.000117389216
0.9886913
0.008846602
0.0001897147
0.0009303737
0.26010883
2.7419843e-05
0.00023402424
4.600689e-05
0.98862
0.95327914
0.910086
1.6555595e-07
0.95631623
0.00794694
1.0667808e-06
0.6558496
0.00011969967
0.0008686313
0.9644075
0.99415565
0.9769323
0.0013752714
0.000249138
0.0023667736
4.6899848e-05
0.99705106
0.0023667736
7.750255e-05
0.9432438
0.9861121
2.9668641e-05
0.0015015575
1.1832783e-06
0.0067952587
0.9075518
0.00393132
0.00036641257
0.00055529916
2.5476193e-05
0.7583428
0.027272588
0.008723152
2.7692484e-05
6.7767345e-05
0.004569004
0.0027208792
0.4928977
4.3183906e-07
0.0015801453
0.0023410912
3.0946253e-06
0.0097111175
0.0012608094
0.0023979375
0.0001660307
0.010242867
0.0037926862
0.019656233
0.07395882
0.010242867
7.755859e-05
3.0378478e-05
0.744455
0.0053923237
0.00015668805
0.001977761
0.9999783
0.96157235
0.99964046
1.0416118e-06
6.854553e-06
9.161457e-06
0.0006358512
7.909527e-06
1.16961594e-07
0.20211598
0.0042167613
0.44695133
5.3777392e-05
0.00046009818
0.020267876
6.613742e-05
0.3400503
0.010388804
0.051970568
0.00012207677
0.88683915
0.03960039
0.1434833
0.0015524079
1.9986517e-05
0.75620854
0.12726629
1.5389671e-06
0.9999794
0.00024182162
4.529764e-06
0.13890085
7.840135e-07
0.0018008746
0.00016430355
5.3777392e-05
0.3400503
5.9719405e-05
2.6840627e-05
0.13890085
0.008285962
2.6539446e-05
0.00020944409
0.005485018
6.419874e-07
3.2437888e-06
2.2830043e-05
9.81228e-05
0.0008203447
7.8085264e-05
0.9953294
0.010309385
2.2698462e-06
0.99991286
0.00677814
0.12002379
2.6296716e-06
0.00018976934
0.99436456
7.800816e-06
0.0016174382
0.99892986
1.051284e-06
1.0148227e-05
0.0042130463
3.1089992e-05
0.9954443
0.034571677
0.99322504
0.0031292245
3.5821617e-05
2.4441362e-05
0.023249455
0.030208
3.2231866e-05
0.01708563
0.3669274
0.0026019972
0.0015762609
8.173686e-06
0.9988736
0.0006812795
1.2852793e-06
0.09041119
3.030186e-05
3.1023953e-07
1.1157143e-05
0.0011502025
3.5999077e-05
0.9999698
0.0005318322
1.5460857e-05
0.17950492
7.9533034e-05
0.14262395
3.090974e-06
0.043423213
1.62501e-05
0.0032342288
0.00010028601
0.016695794
0.0007547217
3.4456325e-06
8.3690446e-07
0.91969115
1.2545531e-06
1.1268825e-06
0.0034793448
0.0002381631
0.00202701
0.87161684
0.0004271916
0.008186811
0.052705128
0.046935186
0.000102831524
0.010252249
4.600689e-05
0.27193815
0.9998356
0.0014917927
0.9935589
0.00019953004
0.28733844
6.319393e-05
0.0027224997
0.0009518729
0.98807144
0.0001793331
0.0045269895
1.5043023e-06
0.00018158025
0.2320633
0.9999968
3.0414049e-06
0.00018681942
0.0003124594
0.00014887369
1.6716367e-05
0.10288073
6.854553e-06
2.2279219e-05
6.419874e-07
2.5476727e-05
0.00012283635
0.00018376319
2.1645644e-06
0.002444082
0.0066261305
0.0008686313
0.00046828346
0.00647779
7.5572657e-06
0.00021721942
0.0045269895
0.005870618
0.0053923237
0.00013039524
0.00034449535
1.1340679e-05
1.119182e-05
0.00061578053
3.2529178e-06
0.019705316
0.3384501
0.00038951606
4.05061e-05
0.9875164
0.0005882151
0.0005442112
2.893416e-06
0.033269808
3.189035e-05
1.586662e-05
0.0015699556
0.002205941
0.00072091154
0.9999764
0.031606987
0.00018681942
0.0048708506
1.2545531e-06
7.54809e-06
0.99999994
0.0003790086
0.003761477
0.002245644
0.019656233
4.00856e-06
0.0012608094
0.99999976
0.0017810328
0.0002381631
0.001428994
0.9928335
0.95634073
3.252915e-06
0.07201505
0.19643007
0.0012066449
0.75620854
0.17064358
0.06602544
0.003813657
1.9776294e-06
0.0006374309
0.0050420114
1.923366e-05
4.4444878e-05
0.727838
7.067088e-06
0.00014003155
1.9787765e-06
0.000118277196
1.642441e-05
0.9184593
0.00019500735
1.6887238e-05
0.99999195
6.826892e-06
0.004728515
0.031828314
0.08666207
0.0019764963
0.8269376
0.0017484397
0.0052326303
0.99490076
0.00018976934
1.2535007e-06
0.0026437643
