0.9999837
0.052509252
1.0
0.4610819
0.8927004
0.0035535726
0.00044727002
0.3034075
2.300787e-05
0.10359605
0.031683296
0.004234357
0.48884162
0.07639535
0.0041410215
5.7198745e-06
0.0034675635
0.0010280953
0.6937021
0.00063457014
0.9865063
0.025941929
0.5283191
0.00623874
1.642817e-05
0.01315686
0.4220446
6.2504936e-05
5.721241e-05
0.03377234
0.029941197
0.2542756
0.000605036
0.46462077
0.99999887
0.0013955056
0.074261226
7.367989e-06
0.035795666
0.011902498
0.011281045
0.114391446
0.0030498626
0.0011428675
0.007724043
0.114391446
6.0625964e-05
0.02877565
0.87773436
0.0024540562
0.32230815
0.9983537
9.572377e-05
0.00031769017
0.9963619
0.074607335
0.99959785
0.0003991914
0.12462866
0.17101961
0.040994994
0.0004012681
0.13911024
0.9418585
0.68112034
0.07298566
0.0030875837
0.99320406
2.4020417e-05
0.001883774
0.010772233
0.0011472142
0.020960929
0.9989068
8.7759036e-05
0.92392576
7.186424e-05
0.10236649
0.0011835662
0.011786875
0.00019232817
0.000297392
0.00095147715
0.954469
0.9965154
5.297579e-06
7.1419425e-05
0.0074056354
0.99945444
0.00049271696
0.0041410215
0.029643608
0.3001221
0.9935607
0.19971263
0.0011412683
0.9977382
0.98566544
0.9947017
0.9388083
0.99967456
0.9388083
0.00033236813
0.49755245
0.9949045
0.9953072
0.0006622138
0.21015178
0.93792266
0.9998191
0.43935347
0.921046
0.04211666
0.18935496
0.00053357484
0.99999994
0.046493046
0.11017686
0.9999991
2.8765515e-05
0.08404756
0.004815227
0.2520453
0.0006813484
0.26711813
0.98566544
0.99997735
0.000466784
0.0009824572
0.017509181
0.31391528
5.4770004e-05
0.041056033
0.9999697
0.021871809
0.99161214
0.067244515
0.2065244
0.011481351
0.8450731
1.0
0.1041817
0.0045814645
0.99832046
0.54266673
0.030618846
0.009721698
0.0155800115
0.001622315
0.0006019042
0.8008422
0.11439149
1.0
0.7782828
0.019422926
0.5034944
0.99964166
0.0045895353
0.3576847
0.0059239324
0.000100153455
0.03763277
0.9824957
3.1360825e-05
2.3612485e-05
0.00018987957
0.00028709622
0.19344875
0.057947144
0.02025688
0.0012294293
0.70613134
0.9999953
0.00034039884
0.93908006
0.0016723059
0.0011472142
0.001475877
0.61264765
0.0076221805
0.99998254
0.00014361246
7.367989e-06
1.0
0.04024042
4.2556976e-06
0.9776492
0.0056106746
0.00034065204
0.0014910578
0.12641773
0.00034691143
0.048578065
0.04769081
0.0014020222
0.002472576
0.49813583
0.041008253
2.2028442e-05
0.9976716
0.9517074
0.0037113517
0.15469901
0.9999978
0.016224412
0.06893291
0.9999697
7.996034e-06
8.921235e-05
0.0067588678
0.67577976
0.00086928706
0.09257139
6.484165e-05
0.0006484922
0.12538783
0.00623874
0.00032860684
0.0006875562
0.0001529495
0.0012257799
0.012714865
0.01526459
0.0012257799
0.86044014
0.6510849
0.0023603097
0.04649278
0.8755364
0.0010402115
0.9113971
0.95597637
0.0025676517
0.00023446421
0.0007537934
0.01420412
0.001622315
0.00011694376
0.8532144
0.020982055
0.9959302
0.00033236813
7.344202e-05
3.7673326e-05
0.45786908
0.996869
0.99999857
0.013936144
0.0803498
0.99965566
0.9706052
0.060966585
2.6336862e-05
0.00046663763
0.0057286816
0.34725967
0.017644785
0.0067461208
0.008189668
0.12870523
0.48715198
1.0
0.75420165
1.3452201e-05
0.99999976
0.99981385
0.007463695
0.031798556
0.008189668
6.1001116e-05
0.99633074
0.9113971
0.0013300381
0.00013567052
4.2213465e-05
0.00020741089
0.9965154
0.003361706
0.05236326
0.29460263
0.00042366498
0.00014361246
0.09473637
0.0012549579
0.0055543347
0.6937021
0.0017471453
0.0024872075
0.01526459
0.0028440277
0.0006003275
0.3145482
0.48807618
0.00011253159
0.00032387127
0.0011493898
1.4801932e-05
0.14150974
0.0018652936
0.01106764
