0.99918264
0.98521876
0.009014169
0.10971143
0.20658515
1.0
0.9998623
0.00012770765
0.22384313
0.061015807
0.16770467
0.006045341
0.06076996
0.79389995
0.0018163803
0.99674636
0.2466007
0.8012408
0.99999774
5.1625717e-05
0.0014104565
0.06802662
0.017527696
0.9994117
1.0
1.0
0.44916087
0.99966365
1.0139917e-05
0.46077183
0.94136506
0.9990291
0.003861386
0.02159395
0.8542155
0.03152691
0.1293897
0.74318606
0.0051769516
0.0003723373
0.19183595
0.9995403
0.9896216
0.9254069
0.00061551936
0.039157398
0.7798384
0.08490588
0.6588453
0.029812217
0.0003454122
0.99999994
0.046078064
0.95181906
0.34280413
0.7413714
0.010579419
0.32824135
0.0014790017
0.98789144
0.057466723
0.4945146
0.3959755
0.96731174
0.42053723
0.017527696
0.24199307
0.6348316
0.99381226
0.9635579
0.15003373
0.069365524
0.1652602
0.23105249
0.0022203128
0.8431222
0.86618483
0.058782045
0.010166442
0.29516572
0.9958366
0.042818334
0.558829
0.32766846
0.03024065
0.93393296
0.96725726
0.89518917
0.9615958
0.20235068
0.03731727
0.612459
0.061033007
0.87488276
0.09040106
0.9999628
0.0014102752
0.72295445
0.9996021
0.9486078
0.52847135
0.59651357
0.99976546
0.99997824
0.94615954
0.9999619
0.00083217025
0.9993695
0.7539915
0.9942037
0.9791434
0.7984262
0.35749385
0.96906614
0.0013826616
0.0037479606
0.005712642
0.99463385
0.0001432324
0.99972624
0.039157398
0.0033246202
0.9999992
0.27390102
0.24502242
0.9999199
0.9999933
0.9600929
0.00051025796
0.16817163
3.6029796e-06
0.7357057
0.9712765
0.00076569937
0.0005844806
0.012903286
0.81646824
0.072773255
0.012903286
0.11111639
0.0058033685
0.02159395
0.81163776
0.0051373783
0.30752456
0.00018776502
0.08123863
0.99999976
0.9727463
0.7448442
0.061763316
0.51957554
0.06722793
0.5669968
0.024919907
0.9423181
0.034431104
0.9973495
0.09040106
0.15883252
0.05257168
0.006045341
0.38783783
0.99651384
0.0042549507
0.0003785838
0.115608886
0.9979889
0.16332975
0.0012196447
0.89172906
0.99999833
0.0004885142
0.0020485022
0.8038675
0.99887586
0.9922892
0.9984418
0.02696049
0.9305866
0.9999934
0.93908757
0.0030698662
0.0009049631
0.0414674
0.053959794
0.31485677
0.7928213
0.03503473
0.9987799
0.001848134
0.003846207
9.0936184e-05
0.3718088
0.86508447
0.88759077
0.99980164
0.99999034
0.8522086
1.0
0.99940085
0.004413169
0.99998856
0.99853945
0.00071753183
0.0013279901
9.1837435e-05
0.02102355
0.99987954
0.5172399
0.024919907
0.00067575014
0.999858
0.99887407
0.93573904
0.033475254
0.87334317
0.0013844155
0.9786034
0.3011618
0.0008663615
0.00015215573
0.002300605
0.017891034
0.99887586
0.99999994
0.98276335
0.34477574
0.9958996
0.82461977
0.9992692
0.99999785
0.9999976
0.00012423389
0.4844933
0.99999994
0.049984593
0.9998326
0.9961839
0.000113021
1.8943332e-05
0.99998623
0.00032832185
0.47725305
0.0053376127
0.009728383
0.68873847
1.0
0.00043198612
0.23105249
0.86757296
0.010208437
0.5329928
0.0048841215
1.0
0.9432849
0.99959743
0.008213996
0.911455
0.99968004
0.0027907675
0.06676541
0.00059607363
0.0006110275
0.99915075
0.11373419
0.57413846
0.009656608
0.99999684
0.95477855
0.0005743355
0.2762092
0.9997229
0.019473242
0.94362235
0.66218245
0.44916087
0.9987734
0.9999557
0.3718088
0.9986347
0.0030299285
0.6426631
0.99966365
0.00043198612
0.92937464
0.06307318
0.7573804
0.99482584
0.05615892
0.060854673
0.7617888
0.06386145
0.56898874
0.0079343375
0.00083071797
0.0027411855
0.0014790017
0.104230866
0.049984593
