0.9999987
0.011260859
0.6827757
3.6861286e-07
0.0018052222
0.0011128719
0.9846885
0.09307741
0.0001473532
1.3185576e-05
0.0002817696
0.005774413
0.005453652
0.60247284
0.00012666998
1.0
0.016350815
0.00034826377
9.975757e-06
0.1622354
0.00022530633
0.00015125352
0.0005928792
0.20543739
0.0013815771
0.96844155
0.00043733272
0.9953044
0.07052958
5.2731175e-06
0.9972673
0.00022469385
0.0013385223
0.0043540085
6.513833e-06
0.0010424972
0.050953176
0.06986957
2.1278381e-06
0.012757128
0.00010421452
0.1417765
0.0728618
0.0002552706
0.014100999
0.0002885107
1.2998175e-05
0.0016279225
2.7379454e-07
0.00492869
1.2604903e-05
2.810229e-05
0.00018051064
0.99994224
0.000113857925
2.5382707e-05
0.10732148
4.968368e-05
0.012081823
2.5382707e-05
0.0005047447
0.9999789
2.8253825e-07
0.00014590904
0.00075670937
1.046824e-06
0.98519784
0.00062187953
0.9972083
0.018344857
0.5171827
9.9798e-09
0.008823169
0.0007855016
9.145341e-06
3.1458774e-06
0.013008693
0.0063767815
0.0005474967
0.90830636
0.00015693117
0.9998229
0.061776098
0.0522225
1.7443472e-05
0.99907714
6.419491e-06
0.8619584
0.90830636
7.6992066e-05
0.00017454816
0.80177265
0.10281505
0.005142989
0.99622107
0.00029556683
8.9558574e-07
0.9762054
0.019559544
0.007689496
6.846856e-05
0.005273349
2.2251657e-05
3.831151e-06
0.058204245
0.82920414
0.00036973288
7.780325e-06
0.35668623
0.9722522
0.0030820537
0.00026087448
0.0036407767
0.0046560955
0.0036745965
1.7907569e-05
2.952938e-06
0.000681138
0.0016235877
0.0030497815
1.6059681e-05
2.1782153e-06
0.0017269357
0.0029758092
0.0032549845
0.00015244573
0.55520374
0.00048783433
0.013994327
0.91305757
0.00045852267
0.0026004284
0.7250305
0.0044120923
0.0066660102
0.105158366
0.00019630352
0.024025757
0.24815464
1.6294247e-07
0.0013459321
9.1524794e-07
7.404262e-08
0.0036745965
8.965036e-06
0.97087115
5.28512e-06
1.110212e-05
2.102245e-07
0.018818157
4.5489662e-07
3.3537608e-06
0.96512944
0.0003473857
0.0016235877
0.0030497815
0.0014053937
0.8514792
0.9870569
0.058204245
0.0006407342
0.00094824634
0.01617774
0.0049243513
0.0002516456
1.71586e-05
0.1206235
0.0047255787
0.0062811607
0.91237634
0.00033088724
0.007689496
0.000822002
0.0036745965
0.0010190216
0.0030629218
3.1079999e-06
1.2505606e-07
0.061461825
0.0012447615
1.0388189e-05
0.0015559123
1.1407203e-05
0.5974689
0.999478
0.9998123
0.99999946
0.0010589785
0.9989196
0.0021701038
1.6491773e-05
0.82839113
0.0011053608
0.00027480372
5.539297e-05
2.089203e-06
0.0018358293
0.85138303
0.042796716
1.9883762e-05
0.0064546796
0.00076510635
1.0
4.668306e-06
0.015620983
0.10145361
1.5454738e-05
0.00012548317
0.0001398941
0.10281505
0.00015735191
3.0937798e-07
3.420834e-06
1.0327532e-06
0.0023663538
0.00037429892
0.0019447616
0.008731928
6.546208e-05
0.004782743
1.7579541e-05
0.015293961
5.485569e-06
0.01105265
0.9722522
4.422183e-06
4.1653498e-06
8.727311e-09
0.94620925
0.0047789244
6.6777916e-06
0.38436034
0.9993924
6.168504e-06
1.4138976e-05
0.0035063261
0.0016831965
1.2423196e-05
0.99936885
0.0005602845
1.622314e-05
2.5262761e-07
0.61864763
0.00015136084
0.19121383
0.022032203
0.99937224
0.002065533
0.9993625
0.0007649944
0.96512944
0.032631807
0.00012666998
0.004968693
0.803706
0.001270078
0.00096979726
9.897125e-06
0.012250861
0.02723928
0.28758377
0.10732148
0.0013887811
0.0004462441
3.1080058e-06
0.9999706
8.326237e-06
8.671462e-07
8.6128595e-05
0.0137749305
0.0106608
5.8659402e-06
0.0022065528
7.2825455e-06
0.0030820537
5.4453314e-05
0.024549332
0.97997445
4.135487e-07
0.00030270434
4.43175e-06
0.0010745462
0.98547393
0.13061479
0.0022217394
6.059301e-07
9.432706e-05
0.001192864
0.04522053
1.0117217e-05
0.32058522
0.002065533
4.8966913e-06
0.6418871
1.4138976e-05
0.00012178865
1.356931e-05
0.0063955314
0.0043239323
0.47683796
