1.0
0.9999421
1.0
1.0
0.99999994
0.99999785
1.0
0.9999421
0.99999994
0.99999785
1.0
1.0
0.00041151763
0.024079205
0.0055400725
0.34657463
0.049826145
0.18441533
0.0062398515
0.005036214
0.00028395402
0.00012881008
7.3508004e-06
3.2582427e-06
6.2768154e-06
4.2794372e-06
0.00030368482
0.004101236
0.9955513
3.5662886e-06
0.3063479
0.99765503
0.16009569
0.00011731368
0.99985486
0.00026871587
3.7417385e-06
0.011359422
2.681708e-06
0.27906147
0.0035330295
0.5153138
1.537267e-05
3.6424333e-07
7.342876e-06
0.00760066
0.05145412
0.00094049034
0.29231796
0.010398152
0.000263555
0.48063275
0.00011731368
2.6032146e-06
0.9108999
0.000612676
0.8688047
0.00024956826
0.010112907
0.2234914
1.2122663e-07
0.9738829
0.9513627
0.0001848658
0.0019791354
0.002680769
0.7930689
7.497781e-05
0.006228431
3.8958482e-05
0.24445908
2.488145e-06
0.059189815
0.0017581006
0.0072101974
4.482714e-07
0.00029550798
4.6198402e-05
4.0008905e-05
0.99997705
0.0006052038
0.06570149
0.00024553353
7.9560945e-05
0.0026649714
0.0026775252
1.4019078e-05
3.3662698e-05
0.9948986
0.98236805
0.9999647
0.022356806
0.36728534
1.037454e-06
0.00022960213
0.99983436
0.98711485
0.09652775
0.003697196
0.00022384922
0.06224621
0.0029522113
0.0003111597
0.084184736
8.813896e-05
0.7190104
3.9863913e-05
0.08492305
0.86734116
0.00025366474
0.08811634
7.131543e-05
4.128607e-05
0.0091889
4.783002e-05
0.00060164835
1.5786902e-06
0.00012277838
0.00220953
0.0001382819
2.3192947e-06
0.14006862
6.0135553e-05
0.00018536036
0.89074063
0.102915704
2.0478707e-05
3.2154105e-05
0.0108723445
0.00015802705
1.295894e-05
0.0009926533
0.041703086
0.024037557
0.0993506
0.5030328
7.781536e-05
1.7101962e-05
2.520229e-05
1.8060318e-06
4.8502893e-06
0.0125236735
0.00010462874
0.0016657297
0.02071823
0.24333397
2.459931e-06
0.9651511
0.00012256713
0.017186742
0.061878033
0.9996288
0.0027325985
3.5438106e-06
0.33720213
0.9999871
0.019665388
1.2211865e-05
0.004572304
0.0002476167
0.054400817
1.8399553e-05
0.0077061816
0.007732757
3.5921916e-05
0.03740125
0.059016712
0.014092337
0.0001065496
0.0042505204
0.029688127
0.0020413024
0.9999309
1.0
5.27354e-06
0.99775684
1.1806141e-05
0.00029151732
0.017299145
0.06913301
0.19253922
0.0020643647
0.0059852074
0.00017914458
0.47237915
5.1327347e-06
3.140892e-05
1.3735164e-05
0.00082613045
0.00300217
0.06820885
0.030445004
0.003420304
7.5367636e-05
1.6535477e-06
0.0004722783
0.1579593
0.7861675
0.9997215
0.99771106
7.8338024e-05
0.07248143
1.9788065e-06
2.296346e-06
0.9594853
0.5098996
0.63686395
2.296346e-06
0.99985486
2.1780065e-07
0.05866096
0.23590368
4.075427e-05
0.00010203136
0.025323436
0.11730367
0.00019223594
2.4119925e-05
0.00022550901
0.0027325985
0.9994063
0.0020576154
0.05985583
1.0990103e-07
0.10951799
0.9828672
0.07123714
8.824877e-06
6.0030366e-06
1.6339445e-08
0.85347027
0.0007008557
0.00027046652
0.0077061816
8.134228e-05
0.014300097
0.6745922
0.008109337
0.08710024
1.9464236e-05
5.6544824e-05
0.0012236136
0.0019239252
0.9641596
0.0019924927
2.1780065e-07
0.022356806
0.002336413
1.8029608e-05
0.0023253697
0.99980074
0.90586865
0.123997256
4.0739e-05
0.0014825524
0.0002575996
0.0086048925
6.8423915e-06
2.6716389e-05
0.00020446772
0.00017010987
0.00041194152
0.0032813528
0.010867781
2.899197e-06
0.0004559985
0.1436655
0.032260757
2.520229e-05
0.00029151732
0.059189815
0.18058565
0.015732946
0.001951537
0.99999
2.5630472e-05
0.0044250684
0.09263568
0.0008079038
0.34476382
0.0030021714
1.6908758e-06
0.18058565
5.4979187e-06
0.0078067677
6.288511e-06
0.13108447
0.0013451211
0.025028214
0.0055400725
0.99991906
0.0026254258
2.0246182e-06
0.0033773538
0.84138924
0.0005667409
0.025699753
0.999205
0.019665388
0.00021614181
