1.0
1.0
1.0
1.0
1.0
1.0
1.0
1.0
1.0
1.0
1.0
1.0
1.0
0.022592127
2.3669993e-06
0.99988437
0.9972646
1.6513712e-05
0.00021230761
9.501079e-05
0.00021230761
0.017921263
1.9092906e-05
0.0022516963
0.9706512
1.6462986e-05
0.026971595
8.4715896e-07
6.682786e-06
0.0007198536
6.458038e-07
2.0772271e-05
0.0032163665
1.5552378e-05
0.013973425
0.9999693
0.0022658932
3.9282668e-07
7.3254495e-07
4.6812875e-07
0.9999753
0.5045522
0.0015314106
6.0328176e-07
0.00509099
2.575253e-06
9.57192e-05
0.0012951245
3.3261804e-05
0.0007317167
0.9071634
2.9989686e-05
0.7952102
0.0048741894
4.9567643e-05
0.8246029
0.004789232
9.1882663e-07
4.203807e-05
0.00041525738
3.7456908e-07
0.5362363
1.9452616e-06
0.00033182703
1.3616689e-05
0.0002667674
0.69310844
0.16759618
9.781888e-08
1.6279011e-05
0.0040150005
5.653041e-07
5.788457e-05
5.8185988e-06
0.28092733
0.011478494
1.3583361e-06
1.9038358e-05
5.16783e-07
0.78948724
7.506955e-06
0.0006615717
1.6513712e-05
8.16424e-05
7.603305e-07
0.0027584014
0.0017753087
2.0919344e-06
2.6261328e-06
7.536447e-05
3.6717126e-06
0.42191774
0.024803506
0.00037754758
2.3726919e-07
0.0042505325
9.9010635e-05
0.0001883756
0.0013625284
0.00041214068
9.418281e-08
1.1537762e-06
5.2331157e-05
2.1585865e-06
5.37038e-05
0.010635529
9.501079e-05
2.7860366e-07
0.99999917
0.03760602
3.0397289e-06
5.036691e-05
9.4488205e-05
4.883392e-07
0.0011625611
0.00080853346
0.97454625
0.00033464847
0.09261372
0.017182248
6.2353506e-06
4.523193e-05
0.9176897
0.48085645
8.6986626e-07
0.01170665
2.922911e-06
0.14438903
8.4804895e-05
3.8493823e-07
0.59144264
8.210948e-08
0.0006615717
0.0012766782
0.3499053
7.1310467e-07
0.00011160178
2.9108557e-07
0.0027130907
0.00010921721
2.6858697e-07
0.18370107
0.9958638
2.4171734e-07
8.901956e-07
0.0011492891
5.638243e-05
7.5565424e-07
3.8599654e-05
7.0091837e-06
8.888418e-06
0.0043762675
0.008038878
0.16731864
1.814466e-05
8.0906575e-06
2.821201e-06
0.004875732
0.61808926
0.0061950036
1.0578993e-05
9.948914e-05
0.071358636
2.9130795e-06
0.0018376828
7.536447e-05
0.7564586
0.022778757
0.003918637
0.0031086965
0.0003880195
7.4267075e-05
8.901956e-07
0.99160784
0.5362363
1.6225846e-07
0.000112558635
1.1067552e-08
0.9979113
7.3254495e-07
1.1033092e-05
0.06982818
4.0192143e-07
2.9761748e-06
2.6055743e-06
0.5362363
0.0022731079
0.90887564
0.9991629
2.6503592e-06
5.2729415e-06
0.001558283
0.00509099
0.0006918035
0.004522093
0.0001421849
0.0011599731
0.97356814
4.7998583e-05
1.3463535e-06
0.00075036654
3.7522875e-07
1.5975005e-06
0.9999997
7.031801e-05
9.2832676e-07
0.00033182703
1.1830086e-06
0.982778
0.07403568
0.00018901234
2.7830515e-06
0.84198934
0.014259933
0.00075036654
0.0006615717
0.99819905
0.002512295
0.018821819
0.002220377
0.00053017336
5.736035e-05
0.001929067
0.9731045
8.162153e-05
0.024181195
0.00023532758
4.03785e-06
1.9972551e-05
1.0101716e-06
0.00026025515
0.020841056
0.66156787
0.0023397573
0.66156787
0.95581615
7.748516e-06
5.37038e-05
0.0043473286
0.001033559
0.005070223
3.6802587e-05
0.008219891
0.0031631363
0.00057074236
0.99998266
9.501079e-05
0.9997225
1.0055468e-07
0.013113308
3.3774242e-05
4.368339e-05
0.00038519013
0.98409647
0.09261372
0.9408596
1.4170821e-05
3.3950676e-06
1.1033092e-05
0.0013667874
0.0002576242
0.99995625
1.3827326e-06
0.0056702658
0.014529091
0.003959146
0.85262877
0.018618122
2.0241941e-05
0.0013625284
0.00038507816
0.011019717
0.41121832
3.554625e-05
0.99591476
0.0017742097
0.00063595903
2.4065463e-08
2.9130795e-06
0.16759618
0.024803506
4.8833823e-07
0.021441357
0.00088157586
0.012251294
0.000116991614
0.36857834
0.0017713086
0.00013570285
0.7227998
0.98569244
0.95434284
2.397529e-06
0.6393902
2.1586095e-05
0.9779857
0.0045636585
0.32177013
0.0006273629
5.619173e-08
