1.0
1.0
1.0
0.9927119
1.0
1.0
1.0
0.99999946
0.016339332
1.0
1.0
0.79659575
1.0
1.0
1.0
0.9999929
0.9960318
0.9999996
0.00015800203
1.8411363e-06
7.0768606e-06
4.773438e-05
4.112724e-05
0.9011405
0.9016209
0.34945887
0.03513149
0.00024032692
0.73992956
4.1507858e-05
0.8018747
3.3500496e-06
4.0347245e-06
4.88168e-05
4.947868e-08
0.030647643
0.042289894
1.9475116e-05
0.6458323
0.87359124
0.00016066067
0.004317766
7.6140444e-05
0.0004509726
1.1975303e-05
4.4362096e-05
0.99860334
6.02432e-07
6.3045622e-06
0.039280355
3.6933036e-06
7.442548e-08
0.00041461995
0.0021829656
0.034047592
0.0005693479
0.8210306
4.5071152e-05
0.020030236
4.638275e-05
0.0021232408
0.4770925
2.7181652e-06
0.00038542118
0.020756785
4.6076738e-07
0.0039802394
0.9846782
0.99910265
8.3041147e-07
0.00018397288
4.072548e-06
0.08412436
0.007672091
7.275287e-07
5.96084e-05
0.00051093445
3.7141183e-06
0.14300069
0.06766229
4.2949802e-07
3.8049147e-05
0.00035922602
4.241919e-05
2.0348198e-05
0.0014410671
0.012067273
0.0020305263
0.065445565
0.99991703
0.99948025
0.001030588
2.8601282e-05
4.5232096e-07
0.9999992
0.00039966832
4.0333287e-08
3.5812016e-05
1.8157192e-05
7.7205295e-06
4.490176e-07
0.049324654
9.280813e-05
0.000571356
0.39488477
0.0074084927
8.752351e-07
0.005634071
6.94412e-05
0.011516462
1.3358189e-06
3.6922963e-06
8.266139e-06
2.104304e-06
3.320938e-05
1.415407e-06
1.7361253e-05
0.7594414
0.00029423556
1.5185739e-05
0.00633709
0.00055731914
0.034307532
1.77254e-07
0.0005965383
0.9991533
5.873615e-06
0.004216953
1.6699371e-06
0.0010975229
0.00082241924
4.457895e-06
4.1141766e-06
0.005038487
4.9475657e-06
2.2873672e-05
0.044663463
0.008648617
5.865376e-05
0.27819583
1.0371809e-06
0.00031630902
0.9968021
0.010287267
0.9341531
2.098103e-07
1.9024528e-05
0.7396404
9.538153e-07
9.236192e-05
0.0036387483
0.69419825
0.20157686
0.98542553
0.00030745598
2.385614e-05
0.37421182
0.0002769587
0.0027156337
8.9291505e-05
0.0006646332
0.00036384634
6.9457033e-06
1.4608797e-05
0.0010147695
0.00036957886
0.00021652217
0.0005128134
2.1665553e-06
3.8145956e-07
0.00010685638
0.35210076
0.9318901
3.737459e-06
1.175092e-05
2.806062e-05
0.10126787
0.0023439685
0.99860334
0.64207864
0.022502583
4.638275e-05
0.00015008837
0.00048255041
0.0002195268
0.010276062
8.555545e-06
3.4941328e-07
0.013179309
7.820758e-08
3.7666716e-06
2.3706301e-05
0.4770925
0.6562712
6.6521363e-07
0.99995244
0.0005196324
2.598933e-07
0.054896977
7.820758e-08
5.330078e-06
0.00016994125
2.2333443e-05
2.7506112e-05
0.4050599
0.6543623
0.53791344
1.409404e-05
7.0490563e-07
0.15812035
0.8599587
0.00024181425
0.0034412274
0.00032131307
7.924892e-07
9.179165e-06
0.9846782
0.01400493
3.1891293e-05
5.865376e-05
0.039334152
0.33711332
1.5746575e-06
1.1130309e-06
4.0055764e-07
2.972116e-06
0.8368343
0.6149195
0.0003577941
0.186412
1.5771187e-05
0.00064202526
0.82154036
0.000114125214
4.9437353e-05
0.000312181
6.9838156e-06
3.1670636e-06
0.0005965383
0.9341531
0.00021179527
3.150612e-05
0.16087341
0.26513574
2.279906e-05
0.9999884
0.0005842778
4.947868e-08
0.00041461995
4.0333287e-08
1.3776776e-05
1.3818488e-05
0.00013253243
5.2024525e-06
0.0013418455
0.087487526
7.6140444e-05
2.0136433e-05
0.0015088078
0.023871208
0.0052387794
0.0028202382
0.0005069617
0.1601642
0.039928377
0.0071438444
7.401081e-06
0.023643114
0.00038542118
8.301289e-08
1.888253e-05
0.0013149525
0.999563
6.206849e-06
2.9160565e-05
0.0016525467
0.0040277485
9.288723e-07
7.8202635e-07
2.6460587e-09
9.111256e-05
0.00021529236
2.806062e-05
7.895977e-05
0.0005984868
0.00065895956
0.0013503021
0.9527854
3.0621163e-07
0.58771783
0.00078624225
0.00053243275
0.7132536
0.1251581
0.0030010084
0.010929052
4.7713398e-05
1.9848636e-05
2.5435336e-05
0.0061354716
