1.0
1.0
1.0
1.0
1.0
0.99999934
0.99998176
1.0
0.0021564367
3.4062217e-05
0.00013655593
5.7217105e-05
0.0019388454
1.7876573e-07
0.003094797
0.029630484
2.7648031e-08
0.9022941
0.10859478
0.34951496
0.0002072494
4.815887e-05
8.756017e-05
0.00020799294
3.2885376e-07
0.013582738
0.5409288
0.9764533
4.338734e-05
0.00074478233
0.0022470325
0.0018218715
0.0040533775
0.00062920724
2.077041e-06
4.453347e-07
0.99922144
0.31542218
0.00017633391
0.00047855743
0.08865449
0.55123574
4.8291593e-05
3.308347e-06
0.0070178537
0.0010070801
0.0015151327
0.7036416
0.009384328
0.9996681
1.9174772e-06
0.52809244
0.0075754416
0.0011594518
0.00055992196
0.0005822953
3.0547406e-05
0.00031682843
1.4718587e-05
0.00016381641
6.9864174e-05
3.308347e-06
0.004958207
0.0029064019
3.6366548e-06
0.8337065
3.8157505e-05
0.007242076
0.24396521
2.4198813e-05
1.1847059e-05
0.004035131
0.0009210071
0.86300886
0.343674
0.88621014
0.45972076
0.999997
0.9518378
0.03786218
0.44280514
0.0005481991
4.648527e-06
0.11980265
5.4639066e-05
2.3447154e-05
1.1120325e-06
0.9999999
2.601125e-07
0.0010070801
3.6366548e-06
0.9999856
0.9459556
0.00012530967
0.9196153
0.030791668
0.77099246
1.725283e-06
0.013140686
0.0017821972
2.1921023e-06
9.663633e-05
0.015849935
0.002876397
4.906162e-06
0.0014541252
0.0023255101
0.0010070801
0.00071172934
0.0021824476
0.0057099555
0.6767388
0.6871669
0.012312465
0.02304815
8.3431645e-05
0.005337992
0.01027797
0.80369306
0.14177473
0.9931535
0.9993156
0.6341974
0.51005954
0.0022782832
2.5129646e-06
1.6782407e-06
2.5303802e-07
4.0899336e-05
9.897116e-06
4.971802e-06
0.059531897
0.0003100732
0.99984926
0.9999397
2.4148972e-07
0.90450287
0.9998759
0.0025429889
0.03519728
0.85127914
0.9375166
0.002931093
0.31594586
2.5907768e-06
0.074903585
0.9459556
0.0636245
0.0022986007
0.9999878
0.012964723
0.26399434
0.14912966
0.93928427
0.0024700053
1.3201579e-05
0.0008484788
0.0018218715
0.8603934
3.5955436e-05
3.0791875e-06
6.345735e-05
0.0023707782
0.03786218
0.9999999
0.00023946438
0.0004950851
0.9893735
0.024457369
0.1646833
0.018631103
0.5292735
1.8956287e-05
1.005301e-05
0.0032315706
1.1384229e-05
0.008192775
0.00011172806
1.9085066e-06
2.9279607e-05
6.379316e-06
0.0040225144
1.1922851e-05
9.449803e-05
0.9478565
0.001562406
0.00018183753
0.00029802124
0.0010924855
0.061196785
0.00049516204
0.96653384
0.1324582
0.0001215544
2.0982243e-06
0.2719945
0.00015716073
3.6018632e-06
2.352177e-06
0.1991003
0.47315887
0.9999842
0.6045958
0.0009083685
0.01027797
0.06352193
0.00024235944
0.0022500611
0.00026034995
8.380439e-06
0.89653563
0.00026465513
3.787705e-07
3.0858297e-05
3.5955436e-05
4.1023046e-05
0.019466616
0.000106179396
0.0025572523
0.98490536
0.0037918861
0.99999917
0.0030919989
0.0022470325
0.017193735
1.7319004e-05
0.096922696
5.3672364e-05
0.0009306237
0.0002900173
7.5946824e-05
0.0021004584
0.24317692
0.89442647
8.380439e-06
0.9999802
0.69571525
5.6692656e-06
0.0023809285
0.024743233
0.0005273713
0.25690266
0.0006842871
0.0070178537
8.053062e-06
2.890699e-06
0.00057596195
0.00015249517
0.015571062
9.243171e-05
0.004267108
0.0005527244
0.14122537
0.0075321873
0.00019928438
0.8867134
0.00052973465
0.025880268
0.9196153
0.0002165519
3.7821093e-05
2.8377096e-06
0.0025572523
4.8780363e-05
0.0019821292
0.99626076
0.0006656008
0.88289297
1.0624237e-05
0.071176596
4.67962e-05
1.8975135e-05
0.9564234
0.00022752272
0.00028787053
4.631309e-05
2.3787457e-07
1.5131558e-05
0.0041197836
3.0243864e-06
0.00024512535
0.0022344985
0.00028025
0.04137562
3.995157e-06
0.074903585
5.0180647e-06
7.172629e-05
9.893513e-05
3.4893368e-05
1.7052665e-05
0.00087181455
0.037285555
4.906495e-07
0.9993156
0.0004284779
0.46062747
1.991208e-06
2.7396484e-06
0.20437513
