0.9926923
0.01901349
0.01978589
0.011942932
4.6157493e-06
0.9999694
0.0026777491
0.00038209755
5.1254085e-07
5.5399124e-07
0.0023867686
1.1638423e-05
5.701308e-07
0.0014762298
0.0064985994
0.0005229573
7.045548e-05
0.008983807
0.00020808914
1.9158055e-05
0.0006697362
0.00043316587
4.3171483e-05
0.0013408401
1.4088422e-05
0.77498275
0.52750003
0.00024770404
0.000662657
6.442893e-05
0.80909216
0.00010006916
5.3819144e-07
0.00028177712
0.01902912
1.4140918e-05
0.92939407
0.8469962
4.5384884e-05
1.6599513e-05
7.357604e-06
7.877519e-06
4.713048e-06
0.02021239
0.00024759732
0.9087832
7.417089e-05
2.4081062e-06
6.369549e-05
2.1700832e-06
3.9170365e-07
0.22714151
0.0029918018
0.004990647
0.013255051
0.022617687
0.6173157
0.00016732584
0.00023631082
0.07091906
2.3168718e-06
4.8889382e-05
0.00028016983
8.911355e-05
0.011766338
0.10344313
5.2418363e-05
0.00012504682
2.5973614e-08
0.00194925
0.070798665
0.41402242
1.4599971e-06
0.002640899
4.05618e-05
1.4140918e-05
3.4754994e-06
1.1423881e-05
0.99997157
3.5255134e-06
0.50046563
0.007314904
5.8992857e-05
0.00036278577
0.00081622304
0.007596884
1.0699999e-05
6.9340153e-06
0.0018574302
0.000572731
5.134156e-07
1.5992975e-07
4.0640633e-05
0.105863966
2.3168718e-06
1.3072539e-05
0.15307541
8.0049084e-08
0.23887514
0.9999989
0.99507856
0.00090924744
0.0003363539
2.1938044e-05
0.0008813121
6.6618068e-06
1.2625178e-06
0.029810859
0.008311218
1.4075325e-06
0.00034934015
6.3921114e-05
0.003138344
0.00042847262
0.001046666
0.00194925
0.00027946342
0.0052194623
0.21089666
0.0026967009
5.636235e-07
0.001209661
0.0019223309
4.7375713e-07
9.908704e-05
3.2411972e-05
0.00057775463
0.9087832
0.0028111488
0.9636176
0.15296312
0.0029176776
0.035931338
0.50580865
0.0008813121
2.2246311e-07
0.907344
0.99998236
0.0008880164
0.65606403
0.0007976446
0.11693036
2.6074931e-05
5.912703e-06
2.9443492e-05
0.2635803
0.00029002395
1.9214629e-05
0.9197717
0.006771967
0.0017060302
0.8389354
1.9007942e-06
0.0067784227
3.437001e-06
5.135105e-05
0.0006851308
0.26111883
7.3966075e-06
0.0007123353
0.02122327
0.5565601
1.8884692e-05
1.6315036e-07
5.982211e-06
0.00094642985
0.00014740323
0.00030182538
6.199815e-05
0.002022926
0.59870356
0.00043316587
0.041371156
3.4331158e-06
0.9999952
0.043253735
1.3582531e-06
5.982211e-06
0.6960018
2.4266021e-06
0.013654536
0.00084161037
3.4372863e-06
0.00028324994
0.00083938154
0.9400002
5.880223e-06
8.339094e-06
3.806499e-07
0.00313126
0.00023631082
0.0007581049
0.020229083
0.00043322906
0.0062700063
0.0044014356
0.004769778
7.74024e-05
0.014822384
0.00017005861
0.022094056
5.562906e-06
4.7573476e-06
0.007921076
0.0002419637
0.9999336
0.0019961786
1.6455813e-06
4.2451444e-05
0.06309169
8.7967455e-06
2.4460342e-05
8.7713684e-05
0.0014217299
1.1899681e-07
2.7229229e-05
0.00016454545
0.14958134
0.80295676
0.0001733523
1.9728095e-07
0.00045135862
0.04855003
0.23887514
1.7592725e-06
0.040786017
1.4504959e-05
7.6074764e-05
0.81701785
0.008943118
1.3125767e-06
0.0012502071
8.4445594e-07
0.00012933364
6.480754e-05
0.007844131
4.781564e-07
3.2391068e-07
7.6031843e-06
0.0036042915
0.00016625407
0.01848883
0.000401863
0.01021776
3.5975102e-06
7.74024e-05
0.0036137858
0.69578147
2.867092e-05
1.2252005e-06
0.0085424
0.0017919239
1.0965634e-05
0.030245768
0.020201778
0.98769295
6.4987154e-07
0.0001021853
0.8501933
8.2596416e-05
0.9699657
2.671797e-05
0.119322196
0.0044404212
1.533602e-05
0.0002419637
6.4987154e-07
3.5011615e-06
2.4428628e-06
1.0822107e-06
0.0006302402
1.6260301e-05
0.019574486
1.4075325e-06
0.00096816506
4.5615634e-05
7.877519e-06
4.0640633e-05
0.9988702
0.0044014356
2.7821386e-06
0.0036818238
0.99809295
6.3921114e-05
0.025378445
0.9197717
0.9444995
0.89544874
0.85494465
2.9443492e-05
2.5720112e-05
0.015411653
1.7592725e-06
0.9999996
0.00090924744
0.011166378
0.00038209755
0.00068225287
0.0007865877
7.74024e-05
