1.0
9.66606e-07
8.938554e-06
0.0010155346
0.9762636
0.00010320796
0.03529817
0.0022372548
2.0165999e-06
2.2134602e-06
0.006325771
0.00019770405
0.09648521
8.1292355e-06
1.0096196e-06
1.2162701e-06
3.027757e-06
1.4602881e-06
2.2060467e-06
0.00015002712
4.2752517e-06
6.762727e-08
0.0379769
0.0034912091
0.97078234
0.0022050564
0.8209053
7.664014e-06
0.99991536
2.156159e-05
1.5822715e-06
1.3488028e-05
0.0005957968
0.0006963584
0.9999988
0.7971591
3.1639564e-05
0.033915564
0.2611087
0.00178145
0.98082596
4.4338918e-05
0.0005759855
1.8147265e-06
0.00093162886
0.001954887
0.3453838
0.00020250735
0.0063878004
0.9889508
4.625894e-06
0.0023088437
0.00014855179
1.2001917e-06
0.00015381827
1.4940377e-05
2.2702665e-05
0.0001883255
0.0007401987
0.00018615492
0.0003320954
1.4656369e-05
0.5344658
0.96856236
0.0005033236
0.25564006
0.00044256638
0.0008164241
9.174369e-05
0.44037464
0.000505644
0.0066009187
2.5169697e-07
0.000119219185
1.229538e-07
2.7947357e-07
0.97148407
2.7147918e-05
0.0003900169
0.020095605
0.00031412693
0.92580914
0.9987726
4.8273637e-06
3.1479603e-06
8.816928e-06
0.0005080521
5.73943e-07
0.00081387913
6.759573e-05
8.826755e-08
2.0380528e-06
1.4293108e-05
6.588832e-05
0.0005754415
0.010578436
0.06591698
0.002068215
0.0036724322
0.025499329
0.00032463513
3.9145195e-07
0.23269436
1.4552635e-05
1.4496371e-05
4.1845083e-06
3.509664e-05
6.104245e-07
0.8669456
0.0048331036
1.76036e-05
0.004723119
1.5267638e-05
0.87696093
2.1439728e-06
0.001975808
9.55773e-07
5.5995668e-05
0.00041097976
3.0069728e-05
0.0041263937
0.04438382
0.033767127
0.0039982894
5.9431368e-05
0.00042987877
0.7907199
0.0006963584
4.5428962e-08
0.00061729364
1.6391064e-07
0.76083636
0.06370399
4.6382836e-05
4.6709883e-05
0.5298151
0.00050653866
2.744067e-08
0.0817512
0.00012799232
0.0002071123
5.757583e-05
7.194025e-07
0.0017350254
0.007018289
1.3488028e-05
0.92580914
0.9999986
0.00026000568
0.006376763
2.4153047e-05
0.9545935
0.8669456
0.005131053
0.00057895883
3.503117e-05
3.4748134e-06
1.706415e-05
8.7118457e-07
0.0007422365
0.010829722
5.672381e-05
0.000431877
0.016160551
2.8947716e-07
1.0
0.0024560483
0.015505519
0.03706262
0.0003657329
0.00037795163
3.185433e-05
1.9035508e-05
1.1923749e-05
1.9320854e-07
0.00037976616
2.5355498e-06
0.05869826
8.0236685e-05
2.5571293e-05
0.00039506453
0.21601796
1.1830868e-05
5.07314e-06
0.0003900169
5.5927625e-08
0.9999743
1.956033e-07
0.25564006
0.0015008092
0.0004600414
0.016603157
2.6731424e-05
0.0003740061
0.42693448
0.0010756
7.438999e-07
0.009825958
1.1695256e-05
0.0039428687
1.2639418e-06
1.6240259e-07
0.016160551
0.00748932
4.8273637e-06
0.00071309775
0.8562084
0.015644552
5.949662e-08
1.7767826e-06
0.00093162886
0.00013258476
3.7097922e-07
0.01952536
3.809657e-05
0.0001883255
1.3871309e-06
0.0011256997
2.2762042e-05
1.4284154e-06
1.0286149e-05
0.0007735961
0.0006150746
0.0009055824
9.019982e-06
2.6534688e-05
0.22906572
2.3570544e-06
0.0003900169
0.0030838007
0.00026000568
1.4602881e-06
0.81858677
0.3912242
9.537107e-07
0.50543076
7.657572e-06
0.028657613
0.00029979207
6.8880644e-07
0.00037976616
0.0018533946
1.6842629e-06
1.3865568e-06
6.103591e-05
0.08387844
5.9673052e-06
0.94870645
0.9999045
3.4305634e-05
0.07527649
0.9798229
1.4131034e-06
6.662942e-05
0.0062616756
2.5336622e-06
4.5829142e-06
5.3727414e-05
1.5637374e-05
0.00064311654
2.4236826e-05
0.0005471545
0.9998704
3.559605e-06
8.5489916e-07
2.6534238e-08
0.0014867157
0.00024236082
0.9990473
5.9446256e-07
5.0526385e-05
0.9989804
2.0039417e-07
3.8302048e-07
0.011849764
0.65489286
1.483742e-05
0.9999969
0.0002878963
0.46798304
0.012274831
0.04489186
0.99765515
0.00026827762
4.7631033e-08
3.7472093e-06
0.001691159
2.0834152e-06
3.290561e-07
3.509664e-05
0.00028628443
2.2401213e-07
6.249956e-07
0.00019770405
0.00036290873
0.013724959
0.0011525534
0.022369182
0.04438382
0.11843799
