1.0
1.0
1.0
1.0
1.0
1.2879087e-06
0.66171646
5.002761e-07
0.028021181
0.0002935186
6.264696e-08
0.00035458084
3.902504e-05
0.015148104
5.1808524e-07
1.0921539e-05
0.5930968
2.5845338e-05
0.99997723
0.027425911
9.762985e-07
9.1034525e-07
0.069295466
0.00010515125
7.4597397e-06
0.9998307
5.727582e-06
0.0001636027
1.896398e-06
4.9747423e-06
0.04020529
0.0016613773
0.004922821
0.99999946
1.12805935e-07
0.9998789
1.3350699e-05
0.06926974
4.0143416e-07
0.015863782
0.014817213
5.239869e-07
1.4841744e-06
2.3911187e-07
0.29375774
7.0942304e-05
1.2560792e-05
1.3350699e-05
8.345915e-07
0.06390348
0.0005642153
0.3479998
5.3651333e-05
3.8538296e-06
0.00025265192
9.2573195e-05
3.719671e-05
5.208491e-07
0.9992862
0.00038922986
0.028021181
4.2127966e-05
0.99967396
0.074364915
1.3604152e-05
1.1786847e-05
0.48843008
1.0680308e-06
6.5425834e-06
0.06269839
0.00319418
0.8358617
1.1378913e-08
1.5622186e-07
6.047915e-06
0.75171655
0.00017609414
0.001536768
0.004457444
0.00019672963
0.008781624
0.003342424
0.0007923322
6.9690054e-06
1.1423467e-05
0.0051890826
0.0005493197
0.40032348
0.00083013164
0.02108242
0.9417059
1.8598214e-05
1.4054994e-05
0.0028574388
6.0600332e-06
0.0012974876
5.332223e-06
0.0015013481
0.00042504646
0.011947615
9.1409156e-08
4.549175e-06
1.9389425e-05
0.0050334716
0.0031366902
1.063083e-06
2.3192194e-06
0.009175573
0.0034857008
0.0017753417
7.0942304e-05
0.6096171
0.0003341314
0.0007622333
2.3284056e-06
4.4394146e-06
0.008068499
2.0803573e-05
2.2492492e-07
0.99950385
0.00087711134
0.0015889443
0.0007613026
4.033399e-05
1.3145507e-07
1.449756e-07
5.8058e-08
1.4630816e-06
5.531033e-07
3.451118e-06
0.0006589451
0.69911397
3.196373e-05
0.0020874278
0.3262784
2.730842e-06
3.0665348e-07
0.0005433438
4.695752e-07
0.99868596
0.010965729
4.8589776e-05
0.0006276614
0.008956669
6.294571e-06
7.851883e-06
6.301274e-06
1.3199742e-05
0.9994657
0.00015428686
0.02895028
1.25926e-05
0.0015013481
0.004061194
0.71316355
0.8822953
2.4738254e-06
2.0221423e-06
0.00018863173
0.0022364235
0.86326057
0.97201633
0.5448461
4.3842272e-05
0.02723667
0.1331605
2.7640956e-05
1.054981e-06
0.34368205
0.59017736
0.0001949053
3.5825718e-07
1.2599494e-05
0.9890292
0.45094028
0.0070848465
2.2492492e-07
1.450276e-07
0.0017919444
0.7080462
0.011537657
6.181798e-08
0.0030539047
0.0012367672
0.3081338
0.5248282
0.00029607394
0.0001947643
0.05482908
0.00012276035
0.0014724924
1.311766e-05
7.463274e-08
6.235111e-05
6.916903e-06
0.021121368
3.1482852e-08
0.00034447695
0.980797
0.9999149
6.916903e-06
0.0022222088
6.865753e-07
0.02843299
0.0003658428
0.9974342
2.1503647e-07
1.3843865e-05
0.0027638292
0.0010977602
0.0007580287
0.02673802
5.8010846e-07
7.209316e-05
4.306677e-08
0.10481358
0.69524735
7.707294e-07
0.3013728
1.6291437e-05
0.0015889443
0.00012676351
9.715996e-05
0.014245207
0.27792037
7.873751e-05
1.3850898e-06
0.00026281652
0.9977434
0.6096171
0.0013550757
0.9999966
0.0011570437
0.00027620318
0.0003654499
1.3106192e-06
1.5445132e-06
3.928135e-06
0.00041484687
0.0025236967
2.4279634e-06
0.00018045645
0.060253456
0.013861484
1.9093743e-05
0.00060055126
1.450276e-07
0.00033410493
2.7507226e-06
0.016433204
0.1812871
5.7503325e-07
1.7211039e-06
0.0065079406
0.9997329
4.30186e-05
2.7640956e-05
9.3344745e-05
5.0415252e-05
8.3272954e-07
0.00966221
1.2214765e-06
0.8439032
0.38198158
1.2177541e-07
2.4327232e-05
0.0028163372
0.01080526
1.7237655e-05
6.9690054e-06
0.38198158
0.99999934
0.0004852902
3.2495227e-05
0.00097436126
1.5848684e-05
6.053327e-06
0.07331375
2.26789e-06
2.2964903e-05
0.7476437
5.213177e-08
0.000100293844
3.4411925e-05
0.00082175655
3.276148e-07
1.7604421e-05
0.07331375
0.53830504
4.255077e-06
0.99904245
0.010036249
0.002071337
0.90986633
0.00031685983
2.2497292e-05
0.00049598276
1.2556675e-06
0.9775478
0.00097436126
