3.5153273e-06
0.05342229
0.0008440084
0.04764299
0.483282
0.01675624
2.0825766e-05
0.00047935185
0.000722143
0.7236141
7.0285682e-06
4.6673285e-05
6.7975554e-05
2.5220656e-05
0.007826702
4.3383506e-09
1.09033294e-07
0.0009808728
1.3115121e-05
0.00034720163
0.91884226
0.998873
0.00077994115
6.972268e-05
2.5643078e-07
0.22627714
0.00039640532
0.999971
1.5287309e-05
0.0010278475
0.0039171265
9.3214385e-06
0.0004823228
0.048541065
1.3615006e-06
8.06462e-06
3.3428708e-07
0.00015090144
1.9848881e-05
4.2816584e-05
0.027151864
2.726894e-06
2.5865086e-06
0.015597838
2.8174125e-05
4.793215e-07
6.513752e-05
2.0968373e-05
0.0045511746
1.2134375e-05
0.00064815796
0.00012691178
0.0042126565
3.6806693e-08
4.5518705e-06
0.9107797
0.13583954
1.5449964e-06
0.9446043
0.99903196
2.6574397e-05
0.01778497
4.3672066e-05
2.378624e-05
5.166247e-06
0.0015870369
0.01828771
1.0010971e-06
8.111757e-06
0.97003144
0.96932256
0.016738117
0.00012498042
0.99221355
0.9999998
1.2147806e-05
0.0005992048
0.9994228
0.12986839
2.9769253e-05
0.017447472
0.007955241
1.8733856e-05
0.1203727
0.92038125
0.99903196
0.17256011
0.017033761
2.229449e-06
0.99439985
7.36186e-07
0.7058488
0.0003575019
3.0308565e-05
2.193453e-05
2.4897565e-05
0.57231975
0.00014220006
0.0016207118
0.00011170836
8.584555e-07
0.010503572
0.0041756798
2.9961155e-05
6.563466e-05
1.5844997e-05
0.10019893
0.00020553026
4.3383506e-09
0.999853
0.21481095
0.7882221
8.899173e-06
1.732523e-07
9.772714e-05
2.7765354e-06
0.055836223
1.1928192e-06
5.6602228e-05
6.756525e-07
0.75633526
4.671823e-08
0.00095370255
0.23593831
0.00037743276
1.2134375e-05
0.012011401
0.0007676676
4.4553744e-06
4.5011433e-07
6.587553e-07
0.013040568
0.26333532
0.030854944
1.7168783e-05
0.07588808
0.0017730193
0.038186625
0.35363093
0.00024296236
0.0026933826
0.21387938
0.37178555
0.017447472
0.9503676
0.99105984
1.8302022e-07
0.00021076304
3.0149665e-06
8.6331276e-08
0.0008405068
0.9984135
0.0074379384
1.8248687e-06
0.00015635106
0.002224991
0.00039798956
5.5189157e-06
2.1045812e-06
0.22627714
3.1146588e-08
0.016043985
4.053561e-06
1.04502895e-07
0.96052384
0.00073309516
0.019182565
0.0005535199
1.2209561e-08
0.09418423
0.06751042
0.00044273917
0.23684742
2.9961155e-05
0.03744375
0.00013385493
1.1059116e-07
8.677575e-05
0.9995966
1.8248687e-06
1.0600887e-05
0.0018941009
0.47336406
0.9984135
0.00039062864
2.9061653e-07
0.12986839
0.00017067803
2.1453247e-06
1.15401135e-05
0.0014005409
7.456142e-05
0.009000175
0.082862765
0.08695341
2.7609147e-07
0.0027509218
0.00019474684
0.9995221
0.97933173
0.0022119768
0.99702734
0.014718251
3.8465632e-06
4.0091612e-07
0.00012498042
0.00064815796
5.5189157e-06
5.6136072e-05
0.00032477567
0.99903196
0.99822354
0.0010522006
0.00059333025
1.0950598e-07
0.00051863265
0.2730757
0.00044273917
0.0020200603
6.129052e-06
0.9874888
0.0042126565
0.0032190797
0.0003422709
2.8445865e-07
3.2657143e-05
0.1341639
1.3135824e-05
0.9973864
0.0011330129
4.2934993e-05
2.8228371e-06
8.198152e-06
1.0176391e-05
2.4697621e-05
0.0010753409
0.0005392696
0.0004823228
0.00069056783
0.00010393386
0.5121254
2.0968373e-05
1.9617453e-05
0.00024296236
0.9822495
1.4327907e-07
0.0066337087
0.025960136
0.00037279082
1.4679132e-06
4.3383506e-09
0.7754932
0.00033557398
0.023995062
4.5536617e-05
0.00014937477
1.4349897e-06
0.16677094
0.9999457
4.60341e-05
0.028197348
1.5497245e-06
3.3014265e-05
0.0048305285
0.0007887382
0.9980471
0.008671582
3.0183814e-06
0.01003928
0.04712405
0.0047431467
0.00028905392
1.4196561e-05
0.00015058464
1.1360663e-06
0.00012969822
0.0012487802
5.2037893e-07
4.60341e-05
0.1203727
5.5937817e-05
0.84499365
5.523609e-05
0.0010799418
6.147136e-07
3.1191263e-05
0.6228159
4.949747e-07
3.0961073e-06
0.00031427311
0.1600861
0.03912329
0.0047431467
1.9848881e-05
0.9999575
0.049915574
2.1310468e-06
0.002787412
4.2934993e-05
7.100464e-05
