0.9999952
2.4270466e-06
2.122677e-07
0.072827935
0.9979151
0.0060763992
7.6759653e-07
0.0007364268
0.0121244695
0.9989567
1.582202e-07
0.0008532924
0.013143988
0.00017396346
7.1895793e-06
0.072827935
1.3386867e-07
3.380344e-07
0.00018912231
9.2191085e-06
0.068633236
0.025702856
0.0013819193
0.033602294
0.9962325
3.8422995e-06
0.0013205488
0.0002642114
0.011766848
2.0395328e-05
0.006934089
0.9639535
2.6341016e-07
2.1904171e-07
0.00013913606
0.0058183596
0.9607595
0.018409539
0.0028118254
3.0704625e-05
0.99999803
0.0005577009
1.2905542e-07
0.0014343036
0.026888164
9.174203e-06
0.94651914
5.3031064e-05
1.5550437e-07
0.00045117494
0.089875616
0.0039150356
0.00010962936
0.001004227
0.9995322
0.027478889
5.3627547e-05
0.0012182437
0.006141913
0.2364462
0.012630116
0.0014943975
0.025702856
0.048159063
1.01478356e-07
4.8316284e-08
0.9104667
0.016237684
2.483133e-07
3.3904424e-05
0.000312415
0.9995759
0.00018512052
2.5281273e-07
0.9993058
6.016849e-06
0.1466715
0.9370525
1.0855901e-05
0.00062247313
1.04812725e-05
0.061489746
0.0012290693
0.1466715
3.401782e-07
3.8422995e-06
0.98128814
0.97208804
0.42339006
3.6309052e-07
0.86408144
2.9572703e-07
2.0610973e-06
0.00073867873
2.0415568e-05
1.8989937e-07
0.00039375838
0.9648133
0.00026772573
0.005656434
3.4882169e-06
3.8875655e-06
0.0023438348
1.4282615e-06
1.6223664e-06
0.38410467
0.04779088
0.0009667676
0.1433138
0.0001580828
0.0006438316
3.0352185e-05
3.7474416e-07
0.00019663566
0.73324615
0.2364462
0.9971419
6.9596994e-05
1.6427166e-05
0.00071739266
9.981152e-06
4.0705802e-07
1.44102105e-05
2.8633854e-06
0.000657206
0.0014961389
0.00018487075
1.4724615e-06
8.410222e-06
5.8856144e-06
1.1614484e-07
0.7191348
0.9994226
4.540181e-07
4.288221e-05
0.00029761862
1.9530335e-08
7.589623e-06
4.2690795e-06
0.007664576
1.3101693e-06
3.5776834e-06
5.8523347e-06
5.79013e-07
5.006067e-06
0.00010643627
0.00274062
0.0039150356
0.000167967
0.11153841
0.0003067033
0.9612354
0.016827865
2.0372172e-06
0.9999076
0.0010519159
0.9972921
2.796714e-06
0.9999681
1.4306514e-05
0.00022697108
0.0002539079
0.8887328
7.1178238e-06
0.59440154
0.000312415
0.005848724
0.00619488
1.5776758e-06
0.00039266117
0.00085382024
6.758524e-06
7.589623e-06
0.0006438316
0.0052404944
4.6546882e-07
0.2503157
0.0015223846
0.033602294
7.934883e-06
0.82441497
1.676844e-06
9.428501e-06
0.9998814
0.00023172707
2.2700037e-09
0.00023627048
0.9997312
1.2374093e-06
5.4267988e-05
8.864514e-08
2.5484514e-06
0.43745807
2.5580036e-07
1.7525474e-06
3.1329737e-06
0.1971777
0.00025927293
0.0016652809
8.851537e-06
6.611892e-07
0.02645424
2.5145679e-05
0.023194872
5.8302274e-05
8.3292056e-05
4.1268695e-06
2.5612699e-06
0.9999962
0.0038049242
0.002979596
0.9989567
7.923615e-06
0.0024426687
2.796714e-06
0.65105766
3.5776834e-06
3.4403083e-08
0.001775509
0.9998077
0.0029100121
0.00010979906
0.25157386
2.0415568e-05
4.4606068e-07
1.1164359e-06
0.00018480817
0.027478896
2.0782556e-06
0.0004735793
0.00018648039
1.7338617e-06
5.79013e-07
7.3716506e-06
0.0001904008
1.8566651e-06
0.9674614
1.2150806e-06
0.0011030682
1.398662e-07
6.739895e-07
1.7338617e-06
0.00047127745
2.1738894e-07
0.9995759
0.010049631
9.133457e-08
0.9999681
6.1814835e-06
1.9868507e-06
0.00052685157
0.92775923
5.44053e-05
0.042251475
3.6067647e-06
9.895967e-08
4.332003e-05
0.03289942
2.7814232e-05
0.9910939
0.0095937
0.26770663
0.0010185344
1.7815114e-06
0.9762872
0.007664576
0.0031059284
0.7191348
2.4201836e-05
5.684337e-07
0.0024197246
0.9874225
2.0464924e-05
6.809102e-06
0.0063441438
1.2618534e-06
0.00023234276
6.3922903e-07
0.08111291
2.9688907e-05
0.0123196
0.015548814
1.0398044e-06
2.9688907e-05
4.1797043e-07
0.029762242
0.0125175305
1.7338617e-06
0.013406541
1.0428939e-06
0.005895368
0.00018832729
4.7834037e-05
0.00087815995
0.078744404
1.1667461e-05
1.7338617e-06
0.82519585
0.0005306433
2.5281273e-07
