0.0135908155
1.0
1.0
1.0
1.0
1.0
1.0
1.0
1.0
0.99999994
1.0
0.9973884
0.99999917
1.0
1.0
0.7778009
1.0
1.0
1.0
1.0
0.00035452403
1.0
1.0
0.21134405
0.00067959866
0.0026595907
5.752033e-07
1.0359562e-06
0.0006808914
2.129181e-05
0.9208227
2.517731e-06
0.28557223
0.001861746
0.00028532936
3.923152e-06
0.019361647
0.034107745
8.836871e-05
1.1193655e-05
0.99999994
0.00033068444
0.4628945
7.772622e-05
3.3483918e-06
0.0015466065
2.1097185e-05
0.59146065
0.89795136
0.049430612
0.022483887
0.0001307657
0.002656438
0.08113659
0.37524426
0.0009591801
0.011577673
5.8850137e-06
0.7566094
0.0041805604
0.00017876067
0.09438418
0.017366426
1.2189455e-05
8.0062966e-07
0.0056950585
0.017974095
0.25871998
0.0794958
6.0547936e-06
0.9999989
0.09118681
0.00012027058
0.8031849
0.49248776
0.009869664
9.646766e-05
0.0037815934
0.0020484556
0.0044574817
0.004989286
0.0007627783
1.6032045e-05
0.8871016
0.0051308363
0.99999994
0.8543008
8.140197e-06
6.1082324e-06
0.003775044
0.010310718
0.005518378
3.393926e-05
0.04380609
0.9999885
0.0011411292
0.012245866
0.009290133
0.99999976
0.0020869928
0.024862604
7.8542005e-05
0.007313076
0.0001307657
0.08216087
0.0003918856
0.30152637
2.5595495e-05
0.0042633875
0.0019826386
6.805778e-06
6.423753e-05
0.00034013606
0.14327222
0.00089587166
0.9771737
0.0006051346
0.0019826386
0.002433363
0.0077331485
0.00012971579
0.1748766
0.999909
0.0030723626
0.9998902
0.9999492
0.009088588
1.654554e-06
6.2655004e-06
0.602041
0.02261376
0.94988424
0.092736475
4.762359e-06
0.03996279
5.304371e-07
0.999969
6.213043e-05
5.981379e-05
0.34735718
0.040230367
1.2833703e-05
1.6366792e-05
0.03658749
0.0003918856
0.00034782282
0.0034034613
0.9989476
0.01365035
0.8910833
0.0017199771
3.1041644e-05
0.9827139
0.012245866
0.047565367
0.9997582
0.0006238017
0.0003951265
0.003775044
5.2695323e-05
0.00011455053
0.0007839877
0.027366696
2.6021722e-05
0.0017035997
1.6195349e-05
0.9690292
0.99531436
0.9999654
0.0007813177
3.393926e-05
7.8273806e-05
0.00456684
0.32360116
0.36762822
0.021251546
0.20890741
0.96004367
0.028879605
0.0060981633
0.0004245346
0.9285808
6.4985645e-05
0.0011928441
3.0729727e-05
0.00036061942
5.0056246e-05
0.23031256
0.0012046719
0.0014283259
5.2584487e-06
0.89795136
7.118417e-05
0.0064587817
0.9999885
0.0006808914
0.9918816
0.532675
0.36905512
0.0009134646
0.1905363
0.00039152507
0.0059965714
0.00041618172
0.04159827
2.6058567e-08
0.060396485
0.0006705425
4.8477737e-06
0.9953644
3.923152e-06
0.00035083134
0.0016019228
3.18061e-05
0.9381317
0.0057539525
0.97539717
3.198535e-05
2.5595495e-05
0.012050248
7.515449e-05
0.030200917
3.4735336e-07
0.00010312287
0.019361652
0.00036061942
1.8050847e-06
0.0042685485
0.41326445
0.9994833
0.01144988
0.1726637
0.07890652
0.9915847
0.13206711
4.2768424e-06
0.011212241
0.0076956693
0.21108277
0.011289681
0.00029007124
0.90281004
0.04116913
0.012837254
0.0009767538
0.96625537
0.0042395955
0.9972733
0.8910833
0.0002093231
3.6988588e-06
0.00018147449
2.6371126e-06
0.8252167
0.0003249237
0.00020584953
6.69069e-05
0.0006568131
0.029289894
5.2695323e-05
2.619864e-06
1.0359562e-06
0.14510229
6.4928263e-06
0.024858622
0.002779886
0.004989286
0.023452085
0.0051308363
0.012319664
5.291876e-05
0.0009065623
0.030520948
4.5901146e-05
0.87981033
0.45054078
5.2379237e-05
1.1508977e-05
0.5883251
0.08207792
0.00016991713
0.00015634956
0.9648157
0.00082610094
3.18061e-05
0.0012333386
0.0029934794
0.02014178
7.904618e-05
1.5263824e-05
0.009263917
0.0141161615
0.00040905748
0.0011060843
0.009159006
0.00043127738
0.9945779
0.9978408
0.9645242
0.0076956693
