1.0
1.0
3.7532544e-05
0.000102202546
0.9597345
1.5622367e-06
0.99320245
0.9785442
5.788054e-07
2.5149397e-05
0.0023585618
0.80062085
0.72894114
0.970391
0.00036493223
1.4228735e-07
1.7734017e-05
2.6396077e-05
0.011172693
9.903319e-06
1.5582472e-07
0.8491009
0.0014895259
0.9999766
6.848422e-05
2.6246775e-05
0.0005214198
0.0005584498
0.6012045
0.00018541852
2.6984582e-05
0.00020902953
0.0014660871
0.00019249474
0.003656091
0.00034578386
2.1458322e-06
4.842054e-07
5.615856e-05
0.031215152
0.00022236185
0.73890775
0.0070207487
2.2177299e-05
0.006675274
0.00018238991
1.0
0.022930214
0.00020902953
0.00070859963
0.9999981
1.4130266e-06
0.05625266
0.024891315
0.99954534
0.00030050002
0.00042725616
0.096247435
1.5644233e-05
0.30582833
1.433831e-05
0.0009130434
0.9996608
0.98008144
0.9996889
0.011186636
8.529703e-06
0.026209276
2.6984582e-05
0.028951693
0.9986829
1.9764375e-05
7.3567335e-06
0.010992742
0.031770524
0.0075293365
0.000530137
4.2440797e-07
0.00082396966
0.0014476423
0.9990061
0.10863058
0.999708
0.0008899303
7.0739463e-07
3.912175e-06
0.0004575527
0.9991635
0.0012865498
0.7408584
0.92574966
0.09683991
7.4023656e-06
2.1835813e-06
3.369311e-05
2.1539909e-05
0.7104828
0.04744798
0.0002614285
3.0687148e-05
0.008335826
0.0008294746
2.3706009e-05
0.8656855
5.8757443e-05
2.9343535e-05
0.00034665852
0.039216273
0.9997672
0.00066436216
0.00015472811
0.00024519642
0.045154985
1.0644393e-06
3.144714e-06
0.00077905867
9.676007e-05
1.7782893e-05
3.9546536e-05
2.5493825e-06
3.744331e-05
0.3683838
0.009843217
0.018037844
0.9996129
0.0030536302
0.0007018857
0.00017995815
0.00024395772
0.07691739
5.2779058e-05
0.00041600363
7.769368e-06
2.1476532e-07
0.0032611766
0.000110218236
0.0016156412
0.99997354
7.0739463e-07
8.4663236e-07
0.0011329763
0.002576609
0.50971365
0.6941323
0.0013432564
0.08295633
2.3520402e-06
6.88352e-06
0.003097327
0.00011255466
0.99977493
0.022680003
1.7662756e-05
0.0013079141
0.0038717333
9.3449846e-05
0.99452806
1.3437097e-05
1.8312307e-05
0.0026740767
0.00024395772
0.98524284
3.002668e-06
0.0021496243
0.00064874877
0.0006716381
0.00034578386
0.00017995815
0.11943839
3.0227889e-06
7.233638e-07
1.0929229e-05
0.002778321
0.00021216292
1.7396222e-06
4.4382702e-07
0.0007139644
3.7281727e-05
6.413641e-06
0.00093590154
1.0523694e-06
0.0021101818
0.00018236156
3.4966695e-07
5.1666657e-06
1.0088179e-06
0.21997754
2.1458302e-06
0.0034853746
4.6517466e-06
0.00020193237
0.9991999
0.0074909967
0.001141825
1.0372967e-06
2.3706009e-05
0.0042289644
0.040749524
6.9872e-06
0.0010721893
0.0041479017
7.66466e-05
7.5076256e-05
0.66257304
0.07377286
0.08641446
0.053229284
0.00023178407
0.9874326
0.00088774104
0.06806746
0.000100937636
0.001242715
0.007459934
4.3642292e-05
0.21647146
3.0730196e-05
5.571922e-06
0.00028957054
0.00055546244
1.3526208e-05
0.30318263
0.9990901
0.000112306574
0.50971365
1.8508454e-05
0.0011916267
8.019133e-05
0.99991757
4.1920293e-06
0.03662864
0.013225933
0.05730626
0.8803219
6.576203e-05
0.11247057
6.486151e-05
0.0025692924
0.6211502
0.00054991565
0.17504683
0.016841488
0.00017609044
0.0012443052
0.00029994902
5.0288152e-05
4.6002147e-06
1.0298329e-05
0.06768299
0.0006590167
0.0009379078
0.0013629502
1.1472467e-06
0.107030645
0.0054406375
8.580123e-06
0.0009868165
6.352994e-07
8.789471e-05
0.010426768
0.53189206
7.739077e-06
0.9221678
0.00038354236
0.023423865
0.9996129
0.72894114
0.0005550158
0.00010247716
0.698772
0.30533984
7.881541e-05
2.1835813e-06
0.0001317238
0.9880251
2.0188212e-07
0.99987155
0.73910856
0.017322313
0.8935375
0.13503845
0.979389
0.0010721893
0.028951693
9.027609e-05
7.5204844e-06
0.009115157
2.20345e-06
0.00020209707
0.00012473292
3.9100963e-05
0.07605122
3.031082e-05
0.005790677
0.00035796012
2.000305e-05
0.12493223
2.1669554e-07
2.3520402e-06
0.17920496
