1.0
0.0006934422
3.5066598e-05
1.9957877e-06
0.00054586114
0.002528546
8.287184e-05
2.104561e-06
3.9885894e-05
0.016890034
0.61111623
0.0003249361
2.2274055e-05
0.004638908
1.0321221e-06
0.00025556356
2.6680505e-06
4.7321566e-05
0.0578385
1.8796744e-06
0.9149669
2.9200082e-06
0.16562364
3.892455e-06
0.999946
9.95965e-05
0.0008251419
1.9957877e-06
6.366938e-07
5.149591e-05
8.298443e-06
0.02497186
0.0004316817
0.7467019
0.045930717
3.5066598e-05
8.872283e-05
7.323207e-07
0.0101105925
5.2289397e-06
7.449946e-07
7.865817e-08
8.736242e-06
1.9970817e-05
8.113227e-06
2.7676775e-05
0.11453664
5.7068068e-05
0.9999345
0.0009390076
0.0005096537
0.0048072906
0.0005208329
5.4983225e-06
0.021911403
0.0036362268
5.6551296e-05
0.9881092
0.022464665
8.4541925e-06
0.007956382
4.5392417e-07
9.2468385e-05
1.0
1.788869e-05
0.00045596587
0.05365218
7.321957e-05
0.015600531
2.0077401e-08
0.97024375
2.4203428e-05
6.00873e-06
0.27009484
0.00053577824
0.00070812396
2.414662e-05
0.012450181
0.00013378882
0.9992588
0.16917506
2.2907184e-06
0.06973202
0.99915427
0.010413826
4.1888088e-05
0.0008387243
7.4290733e-07
0.00022526144
1.0877457e-05
0.072028495
4.657621e-09
0.01546316
4.4831526e-05
2.5338525e-07
5.552598e-05
0.81057364
0.00022526144
4.1846564e-05
0.0009557369
0.011317014
0.0014967232
5.091987e-07
0.5463147
0.001995493
8.2655355e-08
3.0087192e-06
8.8582e-06
0.8493221
2.505448e-05
5.22927e-08
1.0961668e-06
2.4795413e-06
9.4122915e-05
0.0017750121
5.0292037e-05
0.99998975
0.99997497
0.5327017
9.2468385e-05
0.7504317
2.1112019e-05
0.016943999
3.5287358e-06
0.00048026998
0.004255844
0.99754095
0.00023861245
0.036188066
0.0007397901
0.8508348
0.41845673
0.9956395
1.1880262e-06
1.5996957e-07
0.010403566
0.92931056
0.9741915
0.99994874
0.35791215
1.5377173e-05
0.999869
0.0012251438
3.6504425e-06
0.0003249361
0.06120135
7.971919e-06
0.00038254823
0.03987679
7.449946e-07
5.0862418e-05
3.3577253e-05
0.0007552617
6.299821e-05
0.0007587539
0.0010151946
3.4348126e-05
2.2174274e-07
1.8092545e-05
3.699356e-07
0.07306767
0.008965867
0.0007097069
6.299821e-05
0.0007552617
0.00037523676
0.001284258
0.16600831
2.4795413e-06
0.00041791648
2.3588984e-06
6.8901863e-06
8.095129e-08
2.568819e-06
0.0021559503
0.9142998
0.0017378498
1.6529816e-07
0.00068199605
1.4761123e-05
1.4604353e-05
3.4990146e-07
8.628858e-05
1.2794903e-05
0.00050633104
0.004170658
0.13879737
0.027075525
0.810516
7.959552e-07
0.0048538297
1.0429762e-05
1.4123921e-06
0.0006805093
0.28943795
0.0031880112
0.0004169567
3.4348126e-05
0.0006038308
1.1846189e-05
0.000702406
1.8769817e-05
0.07219067
9.627706e-05
0.99999577
0.07651141
0.00014653898
2.3603548e-05
1.325164e-07
8.628858e-05
2.8910637e-07
0.0012519563
0.011979145
0.41050592
0.98813295
2.4504905e-06
2.8719892e-06
0.92879575
0.9883008
0.96561927
0.9956395
0.87513256
9.246768e-05
0.9992588
0.0025162594
4.165143e-06
0.5155975
0.5289008
0.71994454
0.10641432
0.0015144561
3.3865306e-06
0.0007594889
5.22927e-08
0.3648201
0.999946
1.6950326e-05
2.8719892e-06
0.0018666658
3.5287358e-06
5.18725e-07
1.1220461e-05
1.1884318e-06
0.0005096537
0.33507875
0.99816024
5.22927e-08
5.19856e-06
0.9972256
0.0001060525
1.021392e-05
2.08553e-05
0.00049150723
4.459468e-06
0.000601708
0.00037523676
0.12537171
2.5389254e-06
0.00029926092
0.0035684858
3.7046273e-06
0.00030738066
0.00019935773
0.0019019083
9.166839e-05
0.000682052
0.9993823
0.0012586928
8.360878e-05
2.909487e-05
4.9523287e-06
0.99998903
0.0004381899
0.00042238866
4.0391133e-06
1.265636e-05
3.501701e-05
0.00011850592
1.5332993e-05
0.00064391387
0.00609448
0.008893104
1.9875179e-06
0.00056298194
0.0019816123
0.32688922
3.5544317e-06
5.5498322e-08
5.2212773e-08
5.558712e-05
0.0029384927
0.00012959413
1.3847087e-05
4.97984e-06
2.5890874e-06
0.010622515
2.6931336e-06
0.5642187
0.01040145
0.99999714
