0.997058
0.036207307
0.9999278
0.99999994
0.9999957
0.08462595
4.44799e-05
0.97256494
0.0017249343
0.9999995
0.00047029962
1.2923125e-05
0.012948562
0.9183186
0.0032736438
6.711644e-05
9.909184e-07
0.9029881
0.27551955
1.3646073e-06
0.017573787
0.05945616
7.88451e-05
0.00014100807
4.2720567e-06
0.00924806
0.00017297897
3.74988e-05
1.6023372e-06
0.8232933
0.8024632
0.9952173
0.00040566755
0.00018275129
2.6480097e-06
0.0004770733
9.179508e-07
1.1187711e-05
0.99987286
0.9571417
0.9995776
7.491215e-06
1.2031268e-05
0.00094310916
0.9999291
0.99991274
0.26976022
4.4854696e-06
0.025845254
0.08393261
6.084013e-05
0.0012319325
3.2861015e-05
0.00033800682
0.0034830105
0.17642434
0.0019469822
0.060156573
1.376073e-05
0.7648035
0.00051735254
0.9999993
1.8879043e-06
0.9998549
0.019745313
0.99991274
0.96840143
0.012394205
1.8294952e-06
0.6935029
0.004679792
0.0002669542
3.0458878e-07
0.00033293484
0.03451846
0.0016002922
0.961483
0.3204714
1.0300608e-05
0.0021192904
2.4875068e-05
0.008770532
0.99999785
0.0004693694
0.0013335274
0.9910225
1.2642295e-05
0.0038541916
0.00020509586
0.1366231
1.8912013e-05
0.0014798681
0.0002849303
1.1326662e-06
3.065626e-05
4.841245e-05
0.53729296
0.0005391792
0.9810382
9.00619e-05
0.0008001103
0.010102334
0.0949831
0.010412991
0.30424207
4.334633e-06
0.02569
5.7262085e-05
0.9580232
2.058491e-05
0.005685896
0.09540916
8.199146e-05
0.0004199398
0.00011945623
0.02486913
0.089274585
0.1469335
0.012389012
0.6899666
0.005246324
0.0011618559
0.00924806
0.010740227
0.001692321
0.6920163
0.019071389
0.06374905
0.0029964196
0.0026293094
1.6926118e-06
3.7645243e-06
0.9999668
0.97256494
1.4870958e-06
0.00033293484
0.99303406
0.05778447
0.0007920941
0.00017121478
0.06578551
0.99999934
5.7484103e-05
0.0004210843
0.30649114
0.9999997
0.99930364
3.886875e-05
0.0639702
0.0949831
0.00093479204
6.291192e-06
0.0003576855
0.019745313
0.03595146
0.13912657
0.9450458
0.009885823
7.491215e-06
0.014389448
0.0029964196
0.00043328956
0.00028960698
2.642978e-05
0.00019126911
0.023169441
0.09136199
0.98564535
0.53487825
0.01871502
0.00040020555
0.0027482233
0.8927708
0.0872576
0.9999052
0.9339818
0.80562985
0.00011649079
0.003591452
0.07607642
6.8823124e-07
0.00020424092
1.24145745e-05
0.9996589
0.97785515
0.008788799
0.99850464
0.24733283
0.9732611
0.9976069
0.0012858638
0.01761886
0.00014100807
0.013045301
0.0027666234
0.9770684
0.010740227
0.00011193537
0.2951527
0.98630226
9.187669e-06
0.00019126911
0.018144384
0.13912657
2.6435387e-07
0.9760184
0.0008001103
0.00057192286
2.0620018e-06
0.0318464
0.00015774221
0.00010254001
7.651177e-06
0.9921763
0.00053873996
2.4383904e-05
0.9007481
0.0017904763
0.00075239
0.8356032
0.06682234
0.19991142
0.98431873
0.00051735254
0.004218996
0.9493465
0.3174956
1.2146473e-06
0.0048500337
0.0023657188
2.1121274e-08
0.01761886
0.9979749
1.1594288e-05
4.5886074e-07
0.000801579
0.00011945623
1.3363005e-05
2.2138972e-06
0.0017432483
0.0039654253
0.002550825
0.03144804
2.510825e-05
0.09823246
0.2231532
0.016615368
0.9339818
0.058225997
4.2485826e-05
0.040410936
0.0014292669
0.0030307036
0.13101968
0.016057601
0.012494252
0.024326477
0.999527
0.010993918
0.0011807707
0.9429725
0.9845907
0.00013393855
0.029272152
4.6432815e-06
0.99999124
0.025444873
0.12312898
0.000275413
0.0019916906
0.99965763
4.6479716e-05
0.00075239
1.0
1.092835e-06
0.004414355
2.4407958e-05
0.045498267
0.00064151664
0.0017568676
0.94876295
0.9999691
0.17873086
2.2130191e-06
4.5679186e-05
0.00044980613
4.8407925e-05
0.32583508
0.74367654
2.0151743e-05
0.015216048
0.007838975
1.2642295e-05
9.36186e-05
7.786279e-06
0.027351284
0.88186365
0.0013168864
6.345142e-05
0.0001844925
