0.00076928234
0.99999994
5.997818e-06
0.0011999197
0.056680843
0.00280886
9.618109e-06
0.15443712
0.992117
0.9712829
0.00051592226
0.00073401304
0.0051553953
5.8663216e-05
0.08518945
0.13460357
0.0007703953
0.00030572063
0.030197922
0.004402012
7.749358e-06
6.905358e-05
0.017314864
0.03953693
0.9972599
0.99999386
0.06145803
0.0093070185
0.9964802
0.00020746172
0.0041135475
7.9525526e-05
0.9969688
0.029928308
0.00045828274
1.0946648e-05
0.7903584
0.050925676
0.0020826487
0.00096023805
0.017314864
0.9996887
4.9630758e-06
4.790976e-06
0.007140077
0.74260235
0.001576423
1.4787471e-05
0.9022665
0.0013368025
0.0001955145
4.7498628e-07
0.00032068387
4.9339953e-05
0.0013914222
1.20508585e-05
0.011990528
0.00037229966
0.42534676
6.853015e-05
0.04021217
6.1152036e-06
0.3363197
6.2273757e-06
9.185496e-06
0.6156436
0.04154014
0.0017270697
3.973779e-06
0.7799851
0.004350128
1.9798783e-05
0.00024021351
0.0001039758
0.9999998
0.0019264395
3.3514332e-06
8.390643e-06
0.9048192
9.530492e-06
3.3801966e-06
8.7512344e-05
0.3252548
0.6197318
0.0032958668
0.000304683
0.0043394966
7.7387085e-06
5.3933418e-05
0.00046477845
0.0010829155
3.2091495e-07
0.003735326
0.41601506
0.0003707533
0.0015739497
0.00013435197
3.2883774e-05
0.049387556
8.252654e-06
0.00502379
2.2920358e-05
0.07012961
1.4965174e-05
0.07417518
0.004856537
0.0013646958
5.051169e-05
0.0033844842
4.663787e-05
0.00024791126
3.135425e-08
0.9999544
0.8449129
2.3377383e-05
0.0006572742
1.9592735e-06
5.013985e-05
1.1628394e-05
0.00017315785
0.011844791
0.00015953803
0.7635278
0.0001237443
1.0905218e-06
4.0551553e-05
0.0066001806
0.829047
0.094782464
0.028957264
0.999999
3.470014e-05
0.00045566953
1.9146291e-05
0.9999882
5.777405e-05
0.00024373824
0.00030934802
0.034173124
0.0011270752
2.1910362e-05
0.9792069
0.78876925
0.051363245
0.046061385
0.015741859
0.9900757
0.001146266
6.817705e-08
7.778121e-07
0.0075147124
0.0018055858
0.005345195
0.0019572238
0.0018094495
0.04719074
0.98132044
0.22550713
0.0002703884
0.008180138
0.001085588
0.012406585
0.00027665123
8.878462e-07
2.300269e-05
9.315751e-06
0.9998229
3.9656957e-06
0.7903585
0.00039500167
0.05429889
0.9948208
0.00014084818
3.3820786e-05
4.0388997e-05
0.03246803
0.0003436471
0.035987142
0.0337835
0.0001204409
0.008045763
0.7125395
2.2907072e-05
0.010979753
0.12395659
4.129601e-06
0.0004877567
0.035768352
4.7498628e-07
0.97649926
0.97421104
0.27600756
0.00031987502
0.00398276
0.00014796003
0.00398276
5.1987452e-05
0.06559734
0.13510272
1.033279e-05
5.771595e-06
0.106620856
0.00022006454
5.5495646e-05
0.122317515
4.1837986e-05
0.0071965777
0.001017884
3.6187888e-07
7.4261686e-07
0.9330301
0.99970436
0.007648099
9.168405e-07
0.0109693445
0.0014437243
3.3514332e-06
7.749358e-06
0.00012719746
0.59899503
0.0017197905
0.00044136588
5.771595e-06
0.06534377
7.06549e-05
0.0016160313
0.014466617
5.435267e-05
0.9999991
0.0028244064
0.94717175
0.00020746172
0.0029120331
2.399979e-06
0.0045648287
0.00023975727
0.00027112334
2.62993e-06
2.965813e-06
0.0076055992
9.032362e-05
5.7371726e-05
1.8295458e-06
0.98132044
0.06889384
0.8074923
0.0019472436
0.00027112334
1.0946648e-05
2.9349298e-05
0.0002549041
3.568595e-05
3.4149732e-06
0.9989978
0.25086486
0.011022253
0.031791314
0.00081977586
0.034790944
3.224146e-05
0.9958296
0.00040238356
0.985959
0.0101859905
0.84854203
0.0008343195
0.0002703884
0.00031258602
0.001765109
1.9856607e-05
2.650353e-05
0.00012813056
3.835377e-06
0.057162005
0.0019264404
0.999902
0.0006012294
3.6531657e-07
4.1340577e-06
0.00044604932
0.008750359
9.530492e-06
2.2602543e-07
0.10497411
0.999999
5.584604e-06
0.0010904663
7.706559e-07
0.0014599987
4.4746103e-05
0.00088754063
0.99947715
1.0
0.00011908376
1.9339616e-06
2.5982195e-05
0.0029979027
5.852022e-06
0.0014328314
0.001146266
