0.99987036
0.001477463
0.0056977863
0.010956663
3.4886722e-07
0.17278771
4.9894305e-05
0.016267065
4.697454e-07
0.0037293897
7.03957e-06
0.029391004
3.7780687e-06
1.8001359e-07
0.99905944
0.18464826
9.15523e-05
2.2729246e-05
1.0050047e-05
0.99974453
0.0008674742
8.167354e-05
0.00016423948
0.001591335
0.00035020482
2.3453451e-06
0.21358253
1.2061331e-06
3.408139e-05
2.7799488e-05
8.24383e-07
0.114341386
0.0015714309
0.019774573
8.99915e-05
5.6648383e-07
0.001648694
0.0018189775
0.03789681
1.5613338e-07
0.0006461473
0.84379375
5.177353e-09
2.6268767e-06
2.495571e-05
0.007993059
0.9999932
1.1378885e-07
0.0025629958
0.0022959406
0.0005340407
0.00038904362
5.177353e-09
0.00023100374
6.127484e-05
1.1038869e-06
1.852749e-05
7.3365314e-08
0.96043414
0.00021658369
0.009279877
0.8738199
0.0012278312
0.0581299
0.00036832076
2.6343594e-05
0.99514693
0.0018220944
0.99961346
6.4400916e-07
0.00092073856
7.985768e-06
0.51758605
0.0015384716
0.027061725
3.4540715e-06
2.4115461e-05
0.9814089
0.00015715146
9.171439e-05
0.8738613
8.4587155e-05
2.5553486e-06
0.0009879613
3.5167222e-06
6.31943e-06
3.3052605e-05
3.1049128e-06
1.1063225e-05
0.7440728
0.019485706
2.3643988e-05
0.0023082276
0.1104596
1.642615e-05
0.029344743
2.8961193e-05
0.0009219166
0.0007861404
0.0006119267
0.0060667302
3.069915e-05
0.08545074
1.4208817e-06
0.018196812
8.121439e-06
0.0011538327
0.016971255
7.2762447e-07
0.00016316913
2.2343381e-06
0.11496321
0.00014840101
8.217689e-06
0.99984413
0.00039453988
0.9982845
4.1022636e-07
3.841193e-08
4.680582e-07
1.2678244e-06
0.7594147
0.89479613
5.390755e-05
0.0007861404
0.0017350767
0.00060248503
0.15390994
0.017467992
0.99923867
0.0022937853
0.0011674166
0.0021798145
9.171439e-05
0.004357005
0.0036232998
0.0022937853
0.0002981969
3.841193e-08
0.014318942
0.12781431
0.01277001
0.8435085
0.0030186109
0.00022692823
4.9600178e-05
1.2932438e-07
4.3782693e-05
2.2847773e-05
0.9478557
3.9668386e-05
5.2407813e-06
0.023981463
0.00011261672
0.005758682
2.6268767e-06
0.0057645794
0.6361314
5.4827133e-06
4.723568e-06
0.8062748
6.8748665e-07
0.99938625
1.5605805e-05
6.921721e-05
0.64857715
2.547562e-07
1.2912088e-05
0.0023788298
0.022946715
0.7482346
0.9683906
0.0010862992
0.0030186109
0.99998987
8.969006e-08
0.00011261672
0.9996184
0.03587108
0.008590357
0.00084294705
2.1574178e-05
2.7442e-05
0.017763477
2.9705729e-05
0.0008194837
2.3572618e-05
0.00013535419
2.2729246e-05
1.4363288e-06
0.28834575
0.8295885
3.0329136e-07
4.5275574e-09
0.0573042
0.00014388825
0.00062532193
0.001470677
6.7673077e-06
1.7610282e-05
6.8404993e-06
0.15872526
2.1574178e-05
0.89974886
0.00049754843
0.17278771
0.026276264
0.040760066
7.410125e-05
0.00060248503
0.00014388825
0.0028367026
0.81839156
0.59256554
0.50326574
3.0431545e-06
0.26427236
0.000765044
0.09040297
0.0030186109
2.757069e-05
0.01708531
8.23428e-05
1.2663604e-05
0.863647
0.00069336256
0.00015588854
0.00022702648
0.0018920854
0.0013135455
0.0077598235
0.017474271
1.3182294e-05
5.6770943e-05
5.430745e-07
3.2551612e-05
0.99999225
0.9994469
1.0666653e-05
4.126964e-06
0.19459228
0.006734832
1.18844355e-05
0.00061919214
1.8165609e-05
6.3963666e-06
0.00096968404
0.033772495
0.0025607345
1.0666653e-05
2.2418008e-05
0.0006836607
0.0003421274
7.644965e-05
0.99999946
0.00018162112
9.511679e-06
7.219484e-05
5.5042033e-06
9.46195e-07
0.00064771273
0.0006119267
0.98468626
0.000120287215
0.0034693368
0.001103673
1.2899816e-05
0.002583848
3.0329136e-07
0.065384686
0.0003622753
5.1656275e-07
0.0003623392
2.6943258e-06
0.00037044627
0.00022674915
0.0063932203
0.9453287
3.0329136e-07
0.6452857
0.00630449
0.00037308806
0.8435085
3.2324893e-05
0.0027426798
0.00072038133
0.0010555474
0.00036581905
1.9925965e-06
0.02234119
0.022946715
0.12781431
0.00011881199
0.0005411005
0.0023082276
0.018571375
0.70165324
0.50326574
0.0063932203
8.045615e-06
