0.98134446
0.9995418
0.18928295
0.0013267297
0.0010983454
7.136665e-06
0.073687285
1.470129e-05
6.66843e-06
0.00040403582
0.99987537
5.528679e-05
7.543966e-06
0.001483151
0.009293934
0.113727055
4.68977e-05
0.0122412285
0.00039292104
0.02299791
0.90056473
0.92087024
0.00015657813
0.013073855
1.6767362e-05
0.037261765
0.0016563587
0.99804014
0.083852395
8.8167997e-07
0.98111576
1.9702724e-05
0.011771939
9.898655e-06
1.762957e-05
2.6918908e-06
0.019796781
0.8835125
0.9988888
0.14538327
8.8360954e-05
0.20474304
4.9983977e-05
0.06290016
0.01358769
4.2270345e-05
0.88135177
0.9772931
0.9310229
2.2513474e-05
0.0013189417
5.8902915e-05
0.9966258
0.15518412
0.0029461796
1.035254e-06
0.0007765287
0.0051944614
0.0049703154
0.811937
0.018681208
0.18298693
0.5717062
0.0006232528
0.0003257537
0.08219558
0.00013276818
0.9999657
0.97524047
0.66998595
0.1652109
0.3806673
0.04466937
4.030496e-05
0.00019333758
0.00016532566
0.00021095344
7.99072e-07
0.29769242
0.018422956
4.68977e-05
0.012698958
0.991716
0.0002167998
0.96894383
0.9999883
6.3139116e-05
0.26326042
0.9995418
3.2167502e-06
7.745231e-05
0.0002709058
7.880165e-05
5.396554e-06
0.024544826
0.99892753
0.00019085429
2.1496466e-05
0.0049703154
9.30096e-05
0.060901478
0.014128384
0.00811043
0.016868494
0.0010893081
0.9990403
0.9977588
0.0010893081
0.00244219
6.162738e-05
0.00244219
0.991707
0.00022879467
0.1027264
0.16945295
0.0005022876
0.0021296195
0.99975187
0.9550593
0.92644364
0.18928295
0.0049427743
0.029895693
0.9411685
0.9940851
0.0027698248
0.0013267297
0.045047704
2.649423e-05
0.0061117643
1.0705133e-05
1.0705133e-05
0.0019806263
0.00046932307
0.00011689504
0.0010113188
0.0021750925
0.002448548
6.66843e-06
0.00015657813
0.9992212
0.9999894
0.014128384
9.834114e-07
0.00015045618
0.0030184546
6.2096865e-07
9.4755014e-05
0.24866997
0.00046436218
0.0008639247
8.095211e-06
0.03144428
0.0027426605
0.00022229868
0.00010532125
0.00014519095
0.9999546
0.0028396281
0.026440993
0.0025445167
0.0015057112
1.1112182e-06
8.920756e-06
0.00044844917
1.7892238e-05
0.0006395229
0.94576395
0.42899007
0.0010265504
0.9921168
0.0002268417
0.9573157
2.9681191e-06
0.69317925
0.0221992
0.000135431
0.999993
0.1044547
9.073836e-07
0.20107168
0.6105806
0.0008065827
2.8967954e-06
0.018469768
0.99892753
0.46909526
8.920756e-06
0.09741977
0.88135177
0.0003154649
5.2807904e-05
0.9357583
3.8564e-05
0.936145
0.9999507
0.44462675
0.0025944444
0.9557568
0.013169607
0.0049427743
5.396554e-06
0.23764913
0.019315347
0.005481806
7.543966e-06
0.00781259
6.220806e-07
0.013037126
8.095219e-06
3.5208002e-05
0.00026931067
0.019363504
6.801314e-06
0.047771107
0.01003208
0.26903102
0.00014214774
2.649423e-05
0.39497176
0.013929704
0.06294608
2.56761e-05
2.671187e-06
0.99999994
0.024527047
4.0916384e-05
8.011115e-06
0.0015263524
0.0009344501
1.1013201e-06
0.0009863338
0.00053017185
0.004331568
0.0974197
0.2693396
0.1354023
0.00811043
0.17308238
0.99993384
8.4022695e-06
0.035350453
0.11569482
0.027498374
0.52743286
0.90966094
0.05049471
4.4587796e-06
0.9976421
1.4878214e-05
3.2949713e-06
0.12803836
0.0003544338
0.9984294
0.021712251
4.0583622e-08
0.000135431
0.0009023392
8.32719e-06
0.0024678058
0.00018680144
4.6480565e-07
0.018942771
0.9988888
4.3768207e-05
0.0005625994
0.006675261
0.00063463935
0.9411685
0.0029401388
0.19517511
0.9998218
0.04435434
0.9999924
0.016808862
0.019796787
0.00045754507
0.031978276
0.79810524
0.1584986
0.0010646944
1.913775e-05
0.002607398
0.14969526
0.96912616
0.00021035089
0.024544826
0.20474304
0.5987612
0.004293362
0.0068003456
0.78754467
0.0028419083
0.71321315
0.044839732
0.0026873476
0.078543484
2.4928046e-05
0.078543484
0.004221371
