0.99985415
0.99975187
0.061607853
8.253871e-05
4.1758383e-05
7.098365e-05
0.00023839551
1.9292843e-06
0.0021217584
0.008832849
0.008056502
0.0002880432
0.32853785
0.83622825
0.67041785
0.6735676
3.1470114e-05
6.4158003e-06
1.5949308e-06
1.1265741e-06
7.47775e-08
0.86680365
0.77980846
7.998825e-06
3.4227983e-06
0.99989134
0.09467848
0.09912181
0.00089960627
0.0022603138
0.9989908
4.0549465e-05
4.0549465e-05
0.16382474
3.3506083e-05
0.02420492
0.99999386
1.2462236e-05
1.5315526e-07
1.0312867e-06
0.0025881934
0.9999996
0.014299129
0.74255663
0.0010050854
4.009232e-05
0.97646374
5.253867e-05
0.058275774
0.005293593
0.9881442
0.0024653324
0.28616777
0.0019277711
0.00010153433
0.058930647
0.99999994
0.013223344
0.07872956
0.0077645467
0.0011445496
1.0326271e-06
0.09912181
2.8647906e-05
3.7781624e-06
0.12418679
4.8511207e-05
0.0034587625
4.0522546e-06
0.0019930142
0.87022805
2.219618e-06
2.3960223e-05
0.9188565
3.4046388e-06
0.011294142
0.0014868219
7.3166e-06
0.07124118
8.772883e-05
0.00080617965
2.1182139e-05
0.00048952474
0.0035316567
0.0006098272
4.7222616e-07
0.0007699872
2.5449506e-05
0.0004934888
0.0023593956
3.4675968e-06
0.11617279
0.15927704
0.9105207
0.0033082818
0.5395703
0.060579397
0.006794448
0.00065598695
2.038341e-05
6.31567e-05
0.9994335
0.00012220722
0.008658827
0.0019616792
0.0001667499
0.00019845575
0.014515989
0.00047974449
8.321902e-05
0.050260298
0.9984499
0.0040408093
0.0019201
7.0186284e-06
0.054161392
0.0048959367
0.07216852
1.4781145e-06
0.00047008155
0.0027400935
2.30412e-05
6.8322065e-06
0.77980846
0.023559941
0.99962705
9.544959e-05
1.2155037e-05
0.99711335
0.0061996323
0.00096774544
0.0028112195
0.3254518
0.0006837213
0.97059333
0.94389796
0.89888865
6.8993586e-06
4.0559287e-05
0.9999999
2.285662e-06
0.895648
0.007435545
0.9993368
0.0027501474
0.9649939
1.4849991e-05
6.4158003e-06
0.0030377803
0.99995035
0.10248595
0.42141268
3.4258966e-07
0.99985516
0.002613243
0.0011627498
0.00280364
0.99615014
0.77980846
0.0007128039
0.017887313
0.020259006
0.98935914
0.9824256
0.0153551875
0.98190266
0.0010003805
0.99962705
3.877723e-05
0.0018480706
0.22379902
6.145115e-05
0.16033442
0.9999998
0.0046052947
0.47143602
0.14149234
0.9824256
1.4837873e-05
0.8902859
0.0004761953
3.7638172e-05
2.089769e-06
0.023928389
0.6420334
0.00014073889
0.99982387
0.006460076
1.0882322e-05
0.00021231004
0.92782235
0.40116775
3.5496962e-06
1.978984e-06
0.013560019
0.00018546716
0.9977004
0.020259006
6.2592535e-06
0.0034587625
0.76366645
0.0035316567
0.96865654
1.1867843e-05
0.004182291
0.99436826
0.031434275
0.00037312577
0.0024910602
0.008857053
0.9560672
0.00096774544
5.249004e-06
0.11352987
0.00012307824
0.99304765
0.005470421
0.99828506
0.00030642096
2.0379602e-07
1.59746e-05
2.5911029e-06
0.011552551
0.019065171
0.11310246
0.28616777
4.0549425e-05
0.0023145755
0.022255098
0.9991825
0.015383113
0.00028521675
0.0018480706
4.009232e-05
0.157364
9.235664e-05
0.00080617965
0.08420653
2.929374e-06
0.010693122
2.763575e-06
0.40116775
1.0079726e-05
0.03565941
0.98433214
4.2205575e-05
0.9851495
0.9999953
1.0529054e-06
0.1151668
0.0049605076
0.87279505
1.6256565e-05
1.0149824e-05
0.00021471998
0.09617062
4.589768e-06
0.0029882807
0.999999
0.00014782466
0.09893407
0.0002564012
0.0002100152
5.064903e-06
0.0007960564
1.8780582e-06
0.96399814
0.99702954
0.00054736633
0.00012220722
0.30535778
6.1064784e-05
0.20027205
0.00022554684
2.589606e-06
0.009969346
0.0034746954
0.00044728836
0.53015035
6.4158003e-06
4.60691e-06
2.1595788e-06
0.0004934888
0.99999946
0.00026920874
0.9083873
0.09893407
0.0013953993
0.99995035
0.9374833
0.0022929693
0.011279338
1.5949308e-06
0.00044775248
0.00014035078
0.08456131
0.0021915222
0.024685873
2.6171192e-05
0.00015673498
