0.99971664
0.99650127
0.009549165
3.4629957e-07
9.712726e-05
0.00046158672
1.2122125e-06
0.00011061455
4.4561807e-07
0.0033945872
0.00027612157
0.99442464
6.259488e-07
0.9997075
0.00013917986
4.7095975e-05
4.596974e-06
5.52323e-05
0.0019949519
3.7326052e-05
0.9691895
7.683018e-07
0.119396076
0.00055278203
3.0576166e-07
0.0017743397
0.0015357031
5.0440067e-06
0.08167969
2.1419726e-05
0.22613125
7.6019285e-05
0.0005374628
0.7806116
0.000113564834
0.050368253
0.00071066665
4.1447816e-05
3.540703e-06
9.7684264e-08
6.0597118e-05
1.4203008e-05
9.639165e-08
2.3452087e-06
0.5981921
2.9137742e-05
0.9995421
5.2876327e-08
2.8779756e-05
6.888718e-05
0.00056177774
1.0200906e-06
0.99992234
0.00025507962
2.9672094e-05
0.00051799655
1.0931133e-06
2.3156363e-05
0.40655848
0.0015103517
0.018166795
0.00027139153
2.0822947e-05
0.0037608785
0.98512155
0.047726143
0.00030960617
0.0008562816
8.211383e-05
2.4469963e-07
1.316688e-08
0.00030837336
0.043344114
0.00017259821
1.1592077e-05
0.02539065
0.63265413
4.309941e-05
1.6858758e-05
0.4132148
0.0006873106
0.9999302
7.57631e-05
7.836913e-06
6.993683e-05
2.536319e-06
7.0934284e-06
4.351214e-05
0.0013796976
2.084204e-06
0.013981949
0.017984381
5.1591807e-05
1.5272459e-05
5.0985605e-06
0.7777618
0.99999785
3.4629957e-07
0.009368136
6.8863534e-05
1.6843618e-05
0.0008562816
7.6326853e-07
1.6017322e-06
0.04364108
0.8939546
0.19293311
1.1891374e-05
2.7450009e-05
0.00029892445
0.0018055462
0.0003920756
5.572538e-06
5.6965646e-06
5.0956263e-05
0.0013796976
9.218274e-06
3.3746081e-09
0.007291707
3.4004282e-05
6.568795e-05
0.0005450199
4.4393624e-07
6.273129e-06
0.0010836347
0.84832674
0.119396076
4.47039e-06
0.00011617563
2.3305616e-05
4.596974e-06
0.0021158603
2.4635918e-05
0.00537525
0.0016205589
0.0047152443
0.00058606645
8.714954e-07
1.489721e-05
0.00046158672
0.00039131165
3.118553e-07
0.0071741915
3.2438938e-06
0.999259
0.899919
0.00033144763
0.0010897586
0.001909887
2.4887404e-06
0.0005179968
8.78867e-06
1.694129e-05
0.060042217
0.00016901692
1.694129e-05
0.9999302
0.0013644801
0.0024649573
7.272329e-05
0.000961752
1.1204769e-07
0.99001205
3.0605709e-06
8.4225945e-07
5.9967997e-06
1.163738e-07
0.0015397898
0.00025502613
0.08583207
1.3476533e-07
0.00030647646
0.0002375476
0.001821367
4.464037e-07
1.4489874e-05
6.1480796e-07
0.015070377
7.3093474e-06
0.000961752
0.99848574
3.7858738e-06
0.99999785
0.08295035
9.8721954e-05
0.867389
4.8130172e-05
1.4074064e-06
1.0689218e-05
4.8688296e-05
0.004384559
0.0009112361
2.5313499e-05
9.825427e-06
0.5478276
2.0822947e-05
0.02953847
0.0002700463
0.8938282
0.000107250824
1.6106318e-06
0.0008562816
0.06403225
0.0011918787
0.012790158
0.0004925996
0.0050085234
1.6450132e-06
0.023339223
6.0533157e-06
5.1084413e-07
0.0004925996
0.002471459
5.145615e-06
3.3746081e-09
0.0012695834
1.2164313e-06
0.9284913
7.68862e-06
0.22295617
0.00011617563
0.9957951
3.2498142e-06
0.020558415
2.0497585e-07
1.7708668e-05
1.0014686e-05
4.0299583e-05
0.9987385
0.0012293685
6.823996e-05
0.062062524
0.99749076
4.550781e-06
4.2581455e-06
0.7777618
2.4887404e-06
0.05331294
8.976551e-06
0.0021158603
0.10272012
2.884129e-06
0.0026995416
6.92446e-06
1.1042925e-05
0.0496267
2.59506e-05
0.51002574
2.9570215e-06
0.99995756
7.695073e-07
0.040654987
2.084204e-06
3.2661752e-05
2.3916941e-06
0.0002936132
4.9090634e-08
0.065384224
0.9999993
5.586244e-07
0.9763962
0.8699519
9.935518e-05
1.7708668e-05
0.000108971704
0.8010432
8.602407e-08
0.0058512725
0.07112377
0.0040055844
0.998353
0.0018269306
0.06510734
1.0689218e-05
0.043516695
9.908581e-06
5.066834e-05
6.8863534e-05
0.0015184763
8.0847516e-05
0.0014109429
1.1162156e-06
1.1845444e-05
4.6259902e-05
0.86836094
0.000634422
5.4235083e-05
3.8796807e-07
1.637063e-06
3.9120855e-06
0.99001205
0.013939775
0.0063864747
0.00077316276
0.96090406
0.00016380985
9.363879e-07
0.005424615
6.1480796e-07
5.129418e-07
