0.9998727
0.053072523
0.00029542853
7.097354e-07
0.1758084
0.0008031249
0.0016665126
8.838024e-06
0.00072142493
2.7609369e-05
0.0001293186
0.019750852
7.2045594e-05
0.018079001
0.00032157204
0.00010318405
0.9999932
0.035418548
0.0060728807
2.3643852e-05
0.100828834
0.9606356
0.0013268712
0.999968
0.013163548
1.1060472e-05
0.0010477704
0.99999106
0.00026011004
0.009847675
0.00066425547
0.0008829895
0.99999386
3.2433773e-06
0.00035578661
6.8963067e-07
7.92706e-05
0.34990004
0.0025412573
0.0057813264
0.47265446
2.7539105e-05
0.0019162201
0.83256525
0.009153325
0.0003667678
0.0019312974
0.8355236
0.9999562
0.47265446
0.9997579
0.9999592
0.15492819
0.0032540392
0.004067589
0.0070363097
0.99495864
0.008610748
0.0004503113
0.00013651323
0.00011768723
0.99456567
0.02129878
0.008831012
1.37894995e-05
0.08439281
2.9196764e-05
3.738476e-05
0.0016314199
3.6646565e-05
0.0070363097
1.4492379e-06
0.6230427
1.1041343e-06
0.24354249
0.19643173
0.63861334
0.00442183
0.00442183
0.0014922332
0.27439654
0.023939932
6.684816e-05
0.6190748
0.00020167607
1.1060472e-05
5.635652e-05
0.00020906421
0.015350645
0.3463063
0.45745665
0.92719835
0.03036491
0.009938408
0.003983539
0.0041632145
0.00041747652
0.043153543
0.00022100868
0.010659529
3.4630422e-05
1.0300745e-05
0.024610752
0.47044742
9.566524e-08
0.0023778568
0.00033354768
0.100048155
0.0034309078
0.00020984627
9.5078496e-05
0.0003495887
0.40579367
2.1366519e-05
0.12199383
0.47447687
7.4233794e-05
0.04461619
0.0030129864
0.1408814
0.008832206
0.00027725115
4.2210618e-06
7.658932e-05
0.9986516
0.08603354
0.0033912526
0.9873028
5.0308154e-05
0.85575205
0.85575205
0.03044263
0.75562096
0.99999714
0.005326965
0.00442183
0.00070507755
0.99084395
4.8657773e-07
0.75562096
0.0003076351
0.19328704
0.026695935
0.9997913
0.857275
0.00040115643
0.001204221
0.00089130126
0.5385811
0.99999815
0.010659534
0.00042962024
2.8025506e-05
1.1060472e-05
0.013321418
6.851323e-05
0.99746525
1.6424424e-06
0.22126131
0.0021328747
2.7495792e-06
0.10225333
0.0004138659
0.9203854
1.0300745e-05
0.026247121
7.9376673e-07
0.6409659
0.27953687
3.2479144e-05
0.0009290432
0.015139897
0.017710656
0.000113568625
0.0011997706
0.035282675
0.00014264444
0.27439654
4.8790855e-07
7.246758e-07
0.9924503
0.05298536
0.015952645
0.0047868527
0.121034786
0.0021032128
0.026227642
0.036914557
0.023939913
3.1162363e-05
0.00031980794
4.633085e-05
0.003743373
0.012308656
0.00048756006
0.9029555
0.9945632
0.0035680144
0.00023563563
0.0005002901
0.015033539
7.41152e-06
6.8045476e-05
0.9700749
0.9716719
0.27439654
0.003946417
6.5316485e-06
2.3643852e-05
2.8037396e-08
7.2045594e-05
2.1055366e-06
6.47086e-05
0.0034891926
3.0286117e-05
0.00048714568
0.556666
3.0286117e-05
3.441416e-05
0.043302245
8.731611e-06
0.00010593404
0.08549922
0.0060728807
0.0001762544
0.0059349444
0.08446985
0.0006095603
2.4385252e-05
0.008521071
0.0011350644
0.0027030716
6.488458e-05
0.9990256
0.0080545135
3.7268135e-06
0.00024676634
0.00048661057
0.0910612
0.87629914
0.00015296672
0.0003671313
0.9190378
0.0019162201
1.238292e-05
2.5481938e-06
0.0002591642
0.2669361
0.064686164
0.011085011
0.3246702
7.3446994e-05
7.5188777e-06
5.657756e-06
7.611155e-05
0.010870725
0.00018388835
0.00040115643
0.0011781186
0.00018388835
0.0031817243
0.00030432333
0.99989784
0.33202413
0.6241551
0.036118813
0.0001682204
2.8422914e-05
0.00041747652
0.9846119
0.9613173
0.6190748
0.30073622
0.3066923
4.058725e-06
0.00020690466
0.01025527
5.1535702e-05
0.99990344
0.9672175
0.853162
0.0020027214
0.0003659558
0.11114469
0.9997913
0.0138347335
0.018512087
0.00010586679
6.250159e-07
0.010226376
2.934541e-05
0.99997073
0.0028548709
0.99990344
0.24899402
0.99947274
0.9977827
3.3259864e-06
0.47044742
0.98391426
