0.9999611
0.99999946
0.04613108
8.83977e-05
0.0004007211
0.0061587947
0.00026247796
4.696645e-05
0.154684
0.0115692895
0.000347984
0.9667253
0.0708184
0.002324436
0.2947021
0.0026446874
5.629883e-05
0.0064243306
0.755237
3.325254e-05
0.0001892309
0.0017381137
6.756165e-06
0.10378765
0.9998367
0.909614
2.794973e-06
0.00023590516
0.00047506823
0.00036891183
9.1516415e-07
2.0832658e-05
1.4875781e-06
0.0037490502
6.7771634e-06
0.5551566
4.312423e-07
2.190861e-06
4.185568e-07
0.9951395
4.1527205e-06
6.145218e-06
0.004022925
7.5177663e-06
0.5357449
2.8872003e-06
0.7529731
0.8582412
2.9899218e-07
0.048417907
0.024791006
0.032453477
9.177405e-06
0.0011201735
0.00015755626
6.9532645e-05
1.6808659e-06
0.024123125
2.7843902e-05
2.8945447e-06
0.035621945
0.0068782475
0.00042229446
9.7465905e-05
0.32158357
4.150737e-06
0.00010381194
1.065742e-07
1.5427408e-05
5.387334e-06
0.13004492
1.8826557e-05
1.2199469e-06
0.7254726
0.0012819982
2.342225e-06
1.1080331e-05
8.925333e-07
3.4346096e-05
0.9999057
2.9899218e-07
0.0005086457
4.5947352e-05
1.8759152e-05
0.999891
1.301426e-06
0.004009122
0.99999833
0.0017744276
0.008330332
0.0003612634
0.99490917
0.0019702925
0.2624395
0.115923375
0.9542503
0.009039216
1.1540433e-05
0.002134961
0.00032935358
0.00034558645
0.91962934
4.0571318e-05
0.9950405
0.0014451122
0.00014324758
0.00068811735
0.99915427
0.00069681316
4.4054086e-06
0.9425542
4.693725e-06
0.0013223529
3.826763e-05
0.0074654543
0.0019702925
1.6808659e-06
0.027954794
0.00044775804
0.10847271
0.9504597
6.8423135e-05
0.27485546
0.00014644749
0.9999999
0.0002655567
0.1528186
0.0009512646
0.0047928854
3.3798647e-06
7.248678e-05
0.25693318
0.99491227
1.5117971e-05
7.561322e-07
0.51694185
0.004646396
0.99999106
0.11335487
0.0001962066
0.0023842803
0.00016934099
0.00088867155
0.013887659
0.0005380394
4.8378074e-06
0.001086394
0.00067104277
4.801323e-05
0.0005262666
1.7358572e-05
0.13299303
5.400166e-05
0.00040825654
4.696645e-05
0.110711716
0.005903114
9.3622775e-06
0.9999982
0.00036828668
4.6956193e-05
0.4071901
1.567029e-05
1.4553315e-05
0.0005824252
1.5427098e-05
0.00014764843
0.014208868
0.5784964
1.8540746e-05
0.8582412
0.0014070999
8.532795e-05
0.99359864
2.2099794e-05
0.00022826997
4.5420646e-05
0.8861103
0.19919118
0.0421344
0.008352141
1.7222861e-06
0.3182605
1.8416073e-05
0.0003562723
0.0052478523
0.0011551683
0.023568232
0.014811658
0.004224246
0.88782096
0.0024931226
1.6035616e-06
8.92181e-07
0.024628576
8.269454e-05
1.9133224e-05
0.9883092
0.0043578614
0.0001280149
0.13299301
5.604562e-07
0.0012189059
0.029201372
0.087585025
4.2092433e-06
0.3182605
0.0010299325
0.016694335
0.00026181588
0.0012984754
0.999891
0.019518476
0.0069806557
0.16307431
1.3028885e-07
0.014811666
0.571522
2.201622e-05
1.277991e-06
0.006340273
4.9507646e-05
2.5274333e-06
0.0051770303
0.9978381
3.383509e-06
0.055913232
0.009753645
0.07569941
1.8717215e-06
1.4457438e-05
0.99999565
7.711889e-05
0.32735014
1.5176703e-06
0.99485016
0.0015989633
5.4342704e-06
0.00012554853
0.67203975
9.5874675e-06
3.458025e-08
0.00487206
4.150737e-06
1.7520896e-06
0.21511726
2.130429e-06
0.4653177
1.3744918e-06
0.0001005454
0.001466295
2.2461163e-06
0.0010299325
7.3784868e-06
4.0112587e-05
0.08869695
0.0009928142
0.47704145
0.000982285
0.14100915
0.061390728
0.0011172077
2.7521515e-05
0.00088204094
0.3081821
0.00090979686
5.387334e-06
0.0029966088
4.150737e-06
2.7521515e-05
2.2325426e-06
0.71395046
4.627138e-06
0.0011819212
0.00022026859
0.004379007
0.07569941
4.775293e-07
7.274438e-05
0.0017126651
1.9881131e-06
0.9992563
0.9724231
0.00021235964
0.999961
0.013087649
0.32857767
0.00094062655
0.00032063833
0.0033495543
0.0029393982
0.0046479395
0.020666521
0.008788724
9.5874675e-06
0.00014423153
7.5968615e-07
0.99971086
0.0004628658
4.76909e-07
