0.99866223
2.3312161e-06
0.00201279
0.004203555
2.723622e-06
0.016379861
5.4484222e-05
1.50156375e-05
0.0031629738
0.99735147
2.6606804e-05
0.051992655
0.000685969
0.0013438418
2.044608e-05
0.00023151285
0.00042848918
0.0032169688
0.9999859
0.99418205
0.31869066
2.719845e-05
0.0003404644
7.951843e-06
3.330097e-05
0.0011213431
1.0299527e-05
6.05912e-06
1.5769743e-05
0.38307196
8.08654e-05
0.021628506
0.0031636113
0.00021016144
0.00035417004
0.0017707741
0.015447728
0.9970079
0.31509048
0.00013063283
0.0032835898
0.2600001
0.014246157
0.10588145
0.86288285
3.506787e-05
0.00034641108
0.23837726
0.120870106
0.6635528
0.1616391
0.0014318703
0.9855994
0.00022548663
0.0011987716
0.018517207
0.00016201167
1.1436972e-05
3.8720545e-06
0.0016926634
0.0016379195
0.99999994
0.25508633
2.4662263e-06
0.09336821
0.0004068117
2.4101093e-05
0.9999963
8.6669075e-05
4.689332e-05
0.91578054
0.00064224494
0.0004523258
0.99999213
9.7850225e-06
0.14932135
6.396844e-05
0.9789514
0.09123457
6.569321e-05
0.96113825
0.6505212
0.010968522
0.07892805
5.4140137e-06
0.011847107
0.1768686
5.922978e-05
0.25772417
6.962381e-05
0.00016227899
0.38859963
0.0004381838
0.019089911
0.023133706
0.00040310403
0.0031636113
4.3805136e-07
0.95964605
0.6031031
2.9703633e-05
0.00013650008
9.937764e-05
2.8236178e-05
0.4852424
0.9878438
0.9390714
1.1003671e-05
7.938584e-06
0.00075714506
0.9793037
0.00019298965
0.00014746339
3.952618e-05
0.99993116
3.4943285e-05
0.99454695
1.628971e-06
0.0026029216
0.85244036
0.1089929
9.154421e-08
0.00033841212
1.6674478e-05
0.008419392
0.0013147865
1.9218149e-05
4.010652e-06
0.0033852146
0.5953682
0.0016700958
0.00015006145
0.9996565
0.11372308
0.021628506
4.6561533e-07
0.13247862
0.00010629549
0.01385341
0.99989325
0.00012374808
0.11232648
0.23811649
2.221579e-06
0.01452774
2.5142177e-05
0.002861893
1.82237e-05
6.192104e-05
0.05189753
0.0031394302
0.28921658
0.016708964
0.15335293
0.0013104066
0.9999987
0.0017338243
0.9985677
0.0006755367
0.008156978
0.99999994
0.00951883
0.00016866256
0.0025729928
0.96181655
0.99211305
0.00014637782
1.6323505e-05
1.2069997e-05
0.17749123
0.000101306374
4.317338e-05
0.99996656
0.0013759454
0.7563675
0.014564144
0.00036732855
0.9891874
4.9911937e-06
0.9605239
0.9976831
0.5197929
2.8981387e-05
0.9999393
0.0004787477
2.7077772e-06
0.01452774
0.9999975
0.15362632
0.9978324
3.952614e-05
1.7899065e-05
6.684915e-06
0.09262951
8.002556e-05
0.010828292
1.0583988e-05
4.6688882e-07
3.6109584e-05
0.9946995
0.9390714
0.0035326972
0.0037041774
0.9965786
0.26607347
0.0003215377
0.04109651
0.21293834
0.9999542
0.5593418
0.9951461
0.5951564
0.0011987716
4.9288505e-05
5.423491e-06
0.00073843484
3.0981926e-06
0.035786387
0.9994981
5.8966486e-07
6.5699505e-06
0.08105185
0.0010523088
0.7563675
8.381023e-06
2.192169e-05
5.392874e-05
0.6753139
0.0002119383
0.008523251
0.5593418
2.8142572e-06
1.5383816e-06
0.053521942
0.000685969
0.96719325
6.687825e-05
1.9210232e-05
0.027200626
2.5560846e-06
0.024111236
0.0006747228
6.7915977e-07
0.00951883
3.233075e-06
0.9957741
0.0031636113
6.240702e-05
0.08438654
0.00013657482
1.662822e-05
0.80871844
0.000685969
0.0035903447
0.094646625
0.004203555
0.22610298
2.723622e-06
0.0011967033
0.5522706
5.35332e-07
0.0012280927
0.014488267
0.0033987854
0.00013650008
0.8400061
8.457281e-06
4.27202e-06
0.00017494321
4.6688882e-07
3.4943285e-05
0.0018867403
0.00067489577
0.0063012703
0.010462775
0.9999542
0.020211983
0.0064723515
0.99996644
0.5290108
0.009190619
0.0060564457
8.56855e-05
0.99790275
0.00051433215
8.058934e-05
2.4384146e-06
0.0004523258
0.036753703
6.274609e-05
0.00025945492
0.009648294
2.1386938e-06
0.0037571767
0.9589362
0.03461668
0.9687697
0.0009466846
0.9832774
0.10729181
