0.00089975883
3.7506488e-06
2.16098e-05
0.039255287
0.00043970437
0.14222811
0.99995923
5.39667e-05
0.00044274676
0.00064188085
0.00021307376
0.001000676
0.87120384
0.708383
0.0013459937
0.12509716
0.9600411
0.0011740035
0.04279668
0.9948162
0.00072923885
0.0027442663
1.1284568e-05
0.00010518134
0.88770247
0.00029800847
0.027967017
3.660357e-05
2.0706824e-05
8.885706e-06
0.9979481
0.077423766
0.05401784
0.99997723
0.99974334
0.002525649
0.000101100624
0.012061947
0.10193163
1.3147214e-06
6.851088e-05
0.014152447
0.9832331
0.791515
0.84418
0.2894889
5.956759e-07
0.0040665404
0.00018767588
0.31036347
0.00011295959
0.0010134605
1.114043e-05
0.30721614
1.5701453e-06
0.0008975848
0.18300085
9.552508e-07
0.9999803
1.6603739e-05
0.04066355
3.161905e-05
2.404886e-05
0.4617247
1.2957552e-06
3.232887e-06
0.00039471747
0.0024092316
2.8782308e-05
1.6759008e-06
0.05339669
0.8436793
0.0011576066
1.322353e-05
7.4882505e-06
5.7343373e-06
0.0005663448
0.00042744112
0.98340994
9.3922434e-05
2.0851401e-05
0.001662655
0.09938209
2.025739e-05
0.025677273
5.8902187e-06
0.5297643
6.178921e-07
0.00067294965
1.1821857e-05
0.9712054
7.571167e-06
2.8379206e-06
1.671202e-06
1.5153806e-07
0.0022121442
3.5381474e-06
0.028821316
4.749128e-05
0.51689124
0.73512304
0.00023853875
0.0050115017
0.6621666
8.7562275e-06
0.001822319
6.4606525e-06
0.9999648
3.6812096e-05
1.8177583e-05
0.0136365015
0.02621313
3.8097273e-06
6.597468e-07
0.0059229666
0.011221301
0.014152447
0.001346851
0.2017606
0.00014170629
0.004816109
0.0022235774
3.3923054e-05
0.00065326935
1.2368663e-05
4.4294375e-05
0.9999743
0.99997073
0.018685551
7.883165e-05
0.00236465
0.9999951
0.8630074
0.21128894
1.1762681e-05
0.18300085
0.027967017
0.0026439843
3.8408307e-06
0.0007418858
0.0013019311
0.0013722263
1.7905388e-06
0.0056427005
1.9529796e-05
0.00020081528
0.00021956115
8.4554005e-05
0.56370807
3.8129787e-05
0.9999951
0.0518616
0.00011343052
3.402414e-05
0.01056004
0.7407356
0.009654306
0.0025820362
0.89623994
9.682366e-06
0.28273082
0.007970964
0.88770247
0.7625036
0.00047541587
0.9999922
0.00085244153
0.00018640501
0.00018767588
0.00036930558
5.8242613e-06
0.00011441026
3.8853786e-06
3.6571677e-05
0.009296674
8.2075865e-05
1.4609535e-05
8.560293e-05
3.7184597e-07
2.1354595e-06
0.0011955941
8.211814e-06
8.204652e-05
2.0105961e-05
0.00025043354
9.0861395e-06
1.4156854e-05
0.9160145
3.5297355e-06
0.10193161
1.8296998e-05
0.5641943
7.490206e-05
0.99999774
0.00096521963
1.5810753e-07
0.08998007
0.0015585799
5.5124824e-06
0.07321683
5.1979646e-06
0.010127218
0.05369507
0.31884485
5.1753832e-05
0.9221427
0.5313153
0.0037125966
0.00018105001
3.1876868e-06
3.2852586e-05
0.00010031068
0.9636074
0.00072923885
0.0006582133
0.000114927454
0.9445303
0.0064152665
0.25392485
3.158162e-05
0.99954754
0.00024747837
0.17786194
1.2448328e-06
0.0039471723
0.2249471
0.004911107
0.00014008002
0.0012454434
0.98565483
0.00011026723
0.58467495
8.9483956e-07
5.3095784e-05
0.0004923651
0.00013701923
0.22138429
7.1909367e-06
2.2976426e-05
0.00025106684
8.034319e-05
0.003822259
0.92576385
0.00016242001
0.6181296
0.0018672567
6.5633058e-06
1.8250921e-05
0.00021659135
0.000118326156
0.006637323
0.039082464
0.99999887
0.04188754
0.00012743103
0.9999922
0.001346851
0.0064732777
4.5925444e-05
0.93349314
0.99933225
0.0076757073
5.5778287e-06
0.0011576066
0.0030262435
0.00404046
2.5012582e-07
0.057797536
0.97359174
5.4248258e-06
2.0421216e-05
1.2448328e-06
0.018553857
2.8446722e-05
1.7278467e-06
0.00017228712
1.1715617e-05
0.99945194
0.0009135934
0.9996693
2.761649e-06
0.33293322
0.04031325
0.00013701923
0.0039288127
0.001000676
0.00011343052
0.9998878
0.70019805
0.0016311513
0.9652372
9.170565e-06
0.99996257
0.00021512102
1.3964317e-05
0.008754508
2.4175245e-06
0.0016311513
0.99912465
0.9965025
