0.99999994
0.9997362
0.999871
0.00011274727
2.6863668e-06
0.02318732
0.9997986
0.79747313
0.03131186
0.954244
2.8990371e-05
0.0084128855
0.58241266
0.0033941662
0.05009978
2.46519e-05
0.9999594
0.1344803
0.00029045038
0.99998766
1.645564e-07
0.043372583
0.028990662
0.025979128
0.00028316028
1.7680371e-06
0.99925977
0.0084128855
0.9999702
0.00025291828
0.021498514
0.00058809906
0.0065913014
0.8541787
0.15200934
0.022592954
0.11142545
4.696035e-06
0.27379948
0.00043530116
0.99999994
6.058874e-05
0.90970725
0.0015850578
0.00073508476
0.014695146
3.4346816e-05
8.089184e-06
0.80700666
0.19586484
0.99926585
3.092868e-05
0.99999976
0.004274166
6.383937e-05
0.9999976
5.604204e-05
0.12705033
0.0002901625
0.00023372052
6.728061e-05
0.09823153
1.0882613e-05
0.10437988
5.658976e-05
0.8150468
0.005997225
2.7529704e-05
9.1909305e-07
0.030126108
0.069740675
0.097775325
0.010976025
0.30517086
0.015833795
9.317555e-06
3.8133425e-05
0.99999964
0.012661933
0.02001612
0.013678099
0.0045789904
0.0006354371
0.017210703
5.531284e-05
0.0017698236
5.4554806e-07
1.6995598e-05
0.48007768
0.19586484
0.99826795
0.0023849981
0.0077462033
0.011731541
0.9009864
0.0032962817
0.00010177424
0.019399853
0.011509407
0.5792545
0.004173028
0.011731541
1.1979107e-05
1.4759912e-05
0.96380883
0.000119638506
0.99999654
0.95075136
0.0029636049
0.00061503035
5.526352e-06
0.007445595
6.5627487e-06
6.346733e-05
0.006665079
0.977414
0.01652724
0.20660931
0.06615382
0.55202013
0.15282379
6.5839063e-06
0.031857394
0.0020880816
6.460985e-06
0.071762
0.0005744913
0.01037878
2.9574348e-05
0.008107152
0.0004367728
1.760894e-05
0.37957972
0.021498514
0.0065515004
0.4636952
0.72562754
2.9851582e-05
0.0002509254
0.51188
0.058587175
0.00024690357
1.1563722e-05
4.549521e-05
0.0026162271
8.873476e-05
1.5424626e-05
0.001085327
0.00011967067
0.0072533702
1.1464549e-06
0.0023849981
3.994997e-06
0.9866656
2.047146e-06
0.00035705062
0.010431857
0.0016988257
5.16703e-06
0.051551707
4.4255313e-07
0.28585365
0.0043118945
0.00017521332
3.5691224e-05
0.8470782
0.004637147
0.026508033
0.00016744953
0.00017374448
0.00032811565
0.72562754
0.9998222
3.3155611e-06
5.2032635e-07
0.016767746
0.00010562579
0.0016526018
0.14868835
0.0009912169
0.014526498
0.002104994
0.4983197
0.99998844
0.01044206
3.0270526e-06
0.99998856
0.019033466
0.99972653
5.792715e-06
2.8760323e-07
0.0006766291
0.6198332
0.9034497
0.999712
0.0018819969
0.999974
0.97430253
0.0013544338
0.9637047
0.8877213
0.0001375612
9.9781555e-06
0.5811586
0.00012594914
0.7828622
0.084583685
7.123537e-05
0.00040108818
0.0007626198
0.058587175
0.005012053
0.08003718
0.0028113946
8.749683e-06
5.6948084e-05
1.3479245e-05
2.2129389e-06
2.2403701e-06
0.00021449818
0.0006105335
0.012342621
0.00927191
0.95263994
0.8877213
3.621319e-07
0.0680224
0.058587175
2.0387993e-06
0.0047110436
0.9533709
0.9936357
0.01871153
0.5792545
0.03235131
0.037636388
0.83130515
3.5316311e-06
0.0023849981
0.001606928
4.47571e-06
0.4924296
0.9978477
0.00011908171
0.26854825
0.0022838155
3.2740805e-05
0.030395836
0.009753069
0.01652724
0.10660114
0.00033609173
0.0016880151
0.9550338
4.8958236e-07
0.00016784325
0.017061528
0.0081301015
0.00024383307
0.071762
0.9999721
9.3739014e-05
4.20099e-05
0.9565508
3.3774804e-06
0.996798
2.8760323e-07
0.080408365
2.7224349e-05
0.999393
0.00020577753
0.0077462033
3.597709e-06
0.08916724
0.000112907466
0.003081273
0.012804736
0.0027807504
3.4209977e-05
2.46519e-05
5.5260225e-05
0.79449606
0.006811924
0.032406885
7.71175e-07
0.95263994
0.0008700909
0.0015284177
0.98668
0.0010184753
7.889301e-06
2.7793172e-07
0.14430682
0.006196448
0.002264598
7.78164e-05
0.98668
0.00421872
0.60611326
0.0009718516
