0.99367005
0.99881446
0.0001263727
0.0033699435
8.422624e-05
0.00036069832
0.9448134
0.99753004
0.022511708
0.00510325
0.016254341
0.00032988403
0.99999976
0.0011297625
2.8364163e-06
0.00039281917
0.011040637
0.039354816
1.4320833e-05
1.5703095e-05
0.000117173484
0.98858905
0.5133962
1.0728942e-06
0.0001260723
0.9995878
0.51317495
3.052151e-07
0.016254341
1.494503e-06
0.008280361
0.00044817952
0.026159067
0.00069229753
0.0024940595
0.69245905
0.21148252
0.9861673
7.098302e-07
0.9998989
0.0001260723
0.05300501
0.10048172
0.0007057916
0.9997323
0.0002580465
0.999954
0.59861165
0.972742
0.014364428
2.8038952e-05
0.0038208794
0.00011982072
0.021231651
0.99954164
2.7180797e-06
6.0054866e-05
0.9999719
3.8331877e-05
2.242482e-06
0.9981023
1.3496382e-06
0.0014853007
0.43116212
6.7885e-05
0.7866053
0.94694966
3.8904574e-05
0.00026628663
7.982115e-05
0.9999966
0.007954338
0.324248
0.08536259
0.01439917
0.9448134
0.021231651
0.15918131
0.000101911166
0.8560559
0.5504783
0.99995136
0.0013653511
0.9559429
0.24156731
8.069197e-06
0.046524256
0.08401398
0.88680613
0.040845044
0.51430804
1.411575e-05
0.012947874
0.00022682398
0.96277606
0.00024802878
0.42550287
0.0010500356
0.00014378566
1.9021833e-06
0.008072126
0.38883215
0.0026031358
0.21652164
0.05825173
0.08401004
1.015792e-05
0.0003072438
0.020688869
0.99995136
2.3755636e-06
2.1144217e-05
1.1592253e-05
0.33035567
0.027755396
0.04726573
1.015792e-05
6.222287e-05
0.9874389
0.09538379
9.3345814e-05
0.056693926
0.6363827
0.00025276083
0.08401004
0.00021411036
0.0016449037
0.97479075
0.012205579
0.09198382
3.076556e-05
6.389759e-05
0.97484463
0.7218967
0.13338101
1.0110862e-05
0.030148806
0.9311375
0.00038705269
0.082862146
0.99585056
0.9836185
0.0001468684
0.0016530864
0.2803821
0.012483438
0.7373003
0.004527166
0.00029590775
1.0391241e-05
0.5997993
0.9998067
0.0027846883
1.1581992e-06
9.314832e-05
0.00015492577
4.791259e-07
0.15187909
0.0102087455
0.0069903205
0.0033083698
0.07386775
2.7180797e-06
0.0015390584
6.797993e-07
0.013099912
0.99987847
0.001149818
0.9891216
0.0002871967
0.56326634
0.00377769
0.010724427
0.00065266754
0.9559531
3.4281967e-08
0.13344593
0.36440134
5.4028085e-05
0.43312675
6.529954e-06
0.0002073759
0.08094716
0.99733675
0.9715227
0.00012267096
0.056031983
2.7757207e-05
0.10048172
8.069204e-06
0.013220458
0.19643572
0.00707033
0.972742
3.8904574e-05
0.0011791606
0.9715227
0.996102
0.00044341706
0.8639307
0.0043191146
7.2968203e-07
0.13718718
0.0001674101
0.0006150667
0.50728685
0.093247004
0.5973464
0.016112607
4.5245473e-05
0.9786895
0.0001781194
0.0011417425
0.0030608492
0.00023057047
4.6862997e-06
0.9897711
0.9999919
0.0068704346
0.9999978
0.82986766
0.99999976
5.712584e-05
0.97554797
1.586056e-06
0.014910755
1.24651115e-05
0.16746224
0.003468717
2.3820153e-06
0.0024233263
0.00013853253
0.9996085
0.0007379323
3.826223e-05
0.027755396
5.870754e-05
0.2176004
3.5842982e-06
5.9878046e-05
0.055741265
0.8216226
5.7570123e-05
0.002990377
0.9996652
0.09123635
0.0006941778
1.0822442e-07
0.08401398
0.13344593
0.0034168179
1.8650146e-06
0.73144615
0.9981023
0.007425297
0.037335385
0.008947814
0.00018095992
0.0013014624
0.021231651
0.35264704
0.00018095992
0.5234514
0.8352052
3.052145e-07
0.027000355
3.8485825e-05
0.49405667
0.04130995
3.4928973e-06
0.6405916
0.7464494
0.0074519096
0.2708017
0.00032574686
0.2616349
0.59555167
0.9760782
0.9767353
0.005224307
0.06992149
0.9999999
0.21652164
0.008265244
0.0037391325
0.00776141
0.2666902
0.9999891
0.9999839
0.0001449142
0.0038048846
0.00072150055
0.0006802039
0.01935913
0.012947874
0.42550287
0.00035399076
0.027000342
0.0033921942
1.7217573e-06
