0.968217
0.040649
0.04818519
0.052014165
5.509303e-06
0.029020555
3.4891618e-06
0.022989672
0.86003655
3.0487183e-07
9.590705e-05
0.005409116
4.5433775e-05
0.001588433
0.00094819657
9.347174e-06
0.014757684
6.912975e-05
2.7862916e-06
5.5122644e-05
0.008145034
0.0005225704
0.006687261
1.14139275e-05
0.0065201176
0.72649586
0.00022159104
0.9336065
2.9072791e-05
0.94540507
4.319685e-05
0.9996094
0.0003371742
3.1353948e-06
5.954226e-07
0.99997497
0.22057521
0.000104311555
0.702397
0.023261422
0.99991167
0.45895383
0.023261422
0.0015270764
3.0105939e-05
3.4298039e-06
0.001588433
0.94540507
0.00024158887
0.5776805
3.7411678e-07
0.14255933
0.052014165
0.971597
5.1831128e-05
0.00036115633
0.0028737192
0.0032532783
0.005934134
0.99973667
7.4559e-05
0.04692659
0.009524433
3.0223334e-06
3.7997044e-05
0.000115153875
0.05651623
0.0500928
2.386199e-06
0.9609448
0.99133825
5.547903e-05
0.00064126484
0.99957514
9.3526156e-05
5.5659734e-06
0.0001708029
0.00042918164
0.99133825
1.978831e-05
0.13121365
0.00014155585
0.0008285235
0.99999493
1.0073897e-07
0.9999998
9.751725e-07
0.0034048723
0.002533214
1.8916848e-05
0.9997826
1.8248618e-06
0.00012400156
0.06636251
3.1353948e-06
0.009567534
0.00034283
0.055489093
0.5372688
0.00026000195
2.1615404e-06
0.000559982
7.0060023e-06
0.004717588
0.00021433421
0.9995359
0.9898704
0.0003830518
0.0050760955
0.9902737
4.0659514e-05
0.009213591
3.8711505e-07
0.06851868
0.9999973
2.181386e-08
3.4661778e-05
0.00066796766
0.898781
0.0037606158
0.038359817
0.017046867
0.99971753
0.0180229
5.5659734e-06
0.9999998
1.78416e-05
1.7062068e-05
0.38537565
9.992067e-06
9.2214956e-05
0.00013183539
2.4750034e-05
0.00018276472
0.015080899
0.045652553
0.00052869855
1.8384013e-05
0.18740235
2.5450272e-06
3.2003652e-05
0.00020020924
0.92488116
0.00020729998
0.016805105
4.6430281e-07
0.0013890127
0.0026623264
3.2366876e-05
0.00032571427
0.9993523
0.016496103
0.97256625
1.7096565e-05
4.6430281e-07
0.9998637
0.26729625
8.773028e-06
0.035628285
0.5776805
0.9362126
8.80335e-06
0.012501091
0.95596284
0.999883
3.8711505e-07
4.4009244e-05
6.88641e-08
0.9999453
0.00019615197
0.0019001928
0.005488985
0.003330598
0.0006066617
0.22331001
7.987826e-05
0.036858674
0.4145687
0.0006202435
0.008585555
6.3846164e-06
0.0008721523
0.97256625
8.0813516e-05
0.0050028968
6.9085e-05
2.0885513e-05
0.00016466693
2.0364194e-05
0.9888425
1.0021757e-05
1.1161102e-06
0.89706886
0.9962192
0.20874915
3.5107541e-06
5.564079e-06
1.0385271e-06
9.561047e-05
0.7289966
0.0011386122
0.32537395
1.4977283e-08
0.0010124206
0.89115113
0.00016885872
0.00800315
0.0011478033
0.050881926
0.20224082
0.06457973
0.03813177
0.9999461
0.0011478033
1.5499166e-06
0.09712495
0.999986
0.0008721523
0.999882
0.11484726
0.00010275153
0.9968663
0.78905314
0.035628285
3.437919e-05
9.992067e-06
0.0005252235
3.5973112e-06
1.5590154e-05
0.898781
0.0006383254
0.0071606087
0.9840181
0.0022599786
8.522165e-06
0.0104042785
0.00709268
0.8819765
2.4755653e-05
4.751701e-05
0.0010474763
0.27464142
0.0001559309
7.7417104e-07
1.9908339e-06
0.08109234
0.9996066
0.020544315
0.02771833
0.0045105075
0.035404123
0.72938704
0.002457834
2.0230093e-05
0.010648692
0.8958054
0.00060414226
0.011384784
0.9953223
0.9999995
0.5554923
0.020531278
0.0001559309
0.009213591
0.708846
0.06361829
0.32032132
6.067055e-05
0.99999666
5.655583e-05
0.00029498272
2.986621e-06
0.4147228
0.0008909272
0.9999904
0.017772764
0.9899974
0.25984547
0.99957514
2.0885513e-05
0.999986
0.0061528813
4.135994e-06
3.73519e-05
1.9806073e-05
0.00795228
0.99980897
9.5380665e-06
7.4619597e-06
0.06819003
0.16976179
0.9524569
0.0024070826
0.9974371
0.9996094
2.2109216e-05
1.0724016e-05
2.4294363e-06
0.0019751762
0.00036115633
