0.9999576
0.6495937
0.00027766777
0.21716699
9.9073244e-05
3.6476624e-05
0.0011800403
0.0010217971
0.00124861
0.9860121
0.0049128453
0.16201465
0.00025588492
0.9999125
9.80691e-06
0.0020906476
2.6115745e-07
4.6803507e-06
0.009093047
4.925054e-06
0.9999844
2.4424864e-05
0.8429585
2.4159986e-06
0.00012930899
0.0008694991
6.265793e-06
0.0087903775
2.2035587e-05
0.37509102
0.0030295327
0.0010928144
0.15182224
4.6935955e-05
0.06772143
0.36410534
0.06822622
0.011334292
0.8932287
0.38445374
0.0040795696
0.001108405
3.3162821e-06
3.281196e-06
4.543089e-06
6.894347e-06
0.9994719
3.364332e-06
2.2155975e-06
0.84125
0.04513778
0.09906943
2.6082193e-05
1.767196e-06
4.453546e-05
0.003998027
2.1433718e-06
0.02397926
7.1915542e-06
3.7042316e-06
0.00028055394
0.9993078
0.0024517388
0.100012206
0.18910067
0.14842828
4.0544437e-05
0.08421322
3.415114e-05
0.00064540404
2.6605534e-05
0.99993753
0.022248054
1.8405906e-07
2.1174546e-05
0.0005489133
0.9996899
1.5590189e-06
2.1084054e-05
7.807283e-05
3.989073e-06
0.9993103
0.89477545
2.8317781e-06
0.0015445484
9.6551275e-06
0.00022091134
0.0045574117
0.049785018
7.696154e-06
0.00029068472
0.086520076
6.950255e-05
0.113203704
0.18794216
0.00010102353
0.0013967707
5.218753e-05
0.8932287
1.0942857e-06
0.095764086
0.054496486
0.0076346523
0.000122036035
2.6185771e-05
0.00016032827
0.00015700946
0.031966913
0.00812457
6.3902085e-06
0.00025374987
0.058657683
0.006437474
0.0015133836
0.94209254
0.4349269
0.06874906
0.1504412
2.5591287e-06
0.0127458
0.16383749
0.00012653116
0.88984364
0.00045093437
0.056678247
0.0011136046
6.894347e-06
0.0021855554
3.3010332e-05
7.1915542e-06
2.30055e-05
0.00014505727
0.0009639303
0.03700694
0.00026866668
0.0076346523
0.00048153265
0.0011156618
2.298434e-06
0.0015964586
7.9611345e-05
0.04225358
0.00023236735
0.0146213155
0.00020417939
6.3902085e-06
6.0629354e-06
0.0014687232
0.699764
0.0005606525
7.923154e-07
0.0007785266
0.41124922
0.014521474
0.0020906476
0.97658724
1.2211492e-06
0.0017080227
0.00010270275
3.1619663e-06
0.99914616
0.35332763
0.057369392
0.07399917
6.1724586e-06
4.349878e-05
0.98200953
2.4737972e-06
9.567173e-06
0.9993103
0.0032933534
0.00070158177
0.9999994
0.00014322421
0.000791945
0.99997276
1.1673148e-05
2.1348595e-05
8.784913e-05
0.0126000205
0.005043028
0.031573012
0.18346466
0.002415543
0.99999976
0.000651601
0.011994019
1.7850007e-05
7.537271e-06
0.022733802
0.00033975462
3.4636665e-05
1.2459906e-05
3.4636665e-05
1.229613e-07
0.005032299
0.0011314081
8.784913e-05
6.138591e-05
0.07292345
6.0896728e-05
1.1259414e-05
2.7294777e-06
1.2057388e-05
0.01850764
0.0018462244
2.1433718e-06
0.16383749
0.005114603
1.1483082e-05
1.139647e-05
0.00045626916
0.99950683
0.001320384
8.1202e-05
0.0029337322
0.99978304
1.1256344e-05
3.8438473e-05
4.6817357e-05
0.0007071448
0.0032555491
4.5261363e-06
0.04933571
0.10778205
6.006124e-07
7.638292e-07
0.058741637
9.0374364e-05
2.4424864e-05
0.085489295
0.0053053712
0.12705018
0.016993193
0.012453734
0.058657683
0.000115444236
0.0146213155
0.9931465
3.7042316e-06
0.8045696
0.0023931034
0.00023747131
3.6507285e-05
0.0064171213
1.2249085e-06
0.8834927
0.016993193
0.0016971187
0.00010916942
0.0065855063
0.0016214178
3.7833329e-06
0.9003951
0.00015556587
0.0919841
2.2383904e-06
0.13255964
0.00070158177
0.040360708
7.3530723e-06
0.187009
0.8737479
0.007543417
0.18116489
0.028753595
0.00033263853
0.0011314081
0.007627643
0.00012111175
0.13555226
0.00027015238
0.00032110576
0.0005968058
0.087427415
0.00029342264
0.0010946587
0.053084314
0.2925277
7.1915542e-06
0.001855165
0.003179109
7.226812e-05
8.312368e-06
0.008944892
0.011198145
0.41694865
0.007259186
0.0033384329
0.9262925
7.768493e-06
5.2386484e-05
2.603309e-06
0.034071587
6.0896728e-05
1.4422886e-05
0.00012111175
0.00029342264
0.0002742096
2.6082193e-05
