0.52594244
0.57116586
0.5217239
2.7179186e-07
0.00043008165
0.99976766
0.008673336
0.010346866
0.044331234
0.15637259
7.882975e-06
0.016847316
0.0010003463
0.031906374
1.8677117e-07
0.00013685602
0.009661097
8.100788e-05
0.008122073
3.8390804e-06
1.3509207e-06
0.884103
2.3883435e-05
9.360503e-09
0.99381214
1.2247122e-05
0.00891876
8.247954e-05
0.7383915
0.41037622
2.6515374e-06
0.7120765
0.0026557914
0.1729135
0.10133663
0.033053286
8.5845386e-07
0.02948114
0.0103739025
0.009379249
0.09965865
2.1892276e-05
4.1341723e-06
0.06648089
0.00020084783
8.577824e-06
3.704527e-05
7.868614e-06
0.99985874
0.3517364
0.0007013474
0.004189909
0.99995524
0.07391861
0.00025965463
8.185722e-09
3.3677596e-05
0.9993203
5.6623285e-05
0.0011676091
0.0016452717
1.1393438e-05
0.37721676
7.172746e-06
0.9914715
0.00041038272
1.0843661e-05
0.002411424
0.0035842243
0.9260643
0.012355852
7.395307e-05
2.1604443e-05
0.0039487192
1.2247122e-05
3.4673947e-05
0.004143319
1.7206203e-05
0.00025253152
0.00015785806
1.8677117e-07
0.011453513
0.1780621
0.99905044
0.96575207
0.9696215
0.99982613
0.0324227
0.00021478858
0.09901997
5.758944e-06
0.0001658051
4.880291e-06
0.033053286
2.778628e-06
7.333299e-05
0.00010272762
0.99999905
0.023343142
9.745921e-05
2.1435578e-06
0.03641084
4.378615e-06
0.0016199459
6.658223e-05
0.0082433075
0.9958581
0.0059582554
7.084205e-05
0.87576693
0.3693179
7.021951e-05
0.0024394544
0.63074636
0.0082433075
0.00061851623
0.003921894
0.9496445
8.507374e-07
0.00031036066
0.001987553
0.9978836
3.906869e-06
0.00046893762
0.06648089
2.557127e-05
1.7760796e-06
0.03427272
0.00014186907
2.9240598e-06
5.166015e-06
2.283749e-05
0.0021623424
0.007042286
0.0073364377
0.01369702
0.00024828073
0.04687978
0.0002642895
0.0054180273
0.06644375
0.012211313
2.0578684e-06
0.14030027
0.010915
1.2378493e-05
0.014493033
2.3334105e-05
0.00012513594
0.96593034
0.77899116
0.024177318
0.422816
0.0139377825
8.0399167e-07
0.12635386
0.9990161
0.45578715
2.3295493e-06
0.9999998
0.03717916
0.0016634356
0.71833974
3.149642e-06
1.27273e-05
0.14451525
1.0809275e-06
0.45578715
0.007272214
0.3533932
0.99381214
0.002876906
4.519166e-05
0.004889859
7.416784e-07
0.7831382
0.8710074
0.00027723104
6.720969e-05
0.00015496228
5.616804e-05
0.0484481
7.750203e-05
7.5191e-06
0.99974585
0.59446985
0.00028468698
0.0003529677
3.8390804e-06
0.001808301
2.3883435e-05
0.00021478858
0.006744076
0.000111382345
2.2318814e-05
0.5274412
0.0001281875
0.029853538
1.7932355e-06
0.00051353977
0.8961673
0.06865084
0.0050168615
2.9896368e-05
0.16024238
0.0014595023
5.235991e-05
0.9939642
1.6860195e-06
0.0032258036
8.462368e-07
0.0066819014
9.475157e-06
7.558356e-05
0.18924326
0.00014533459
7.9255875e-07
0.7461169
4.4580163e-05
2.403469e-05
1.2429585e-06
0.06644375
4.378615e-06
0.008280188
0.057707068
0.00028175832
0.11331156
0.001843118
0.035191458
0.017631939
0.030743549
4.9845985e-05
0.00012496948
6.1096307e-06
0.03455631
0.00061262
0.9822662
2.1435578e-06
0.99948674
0.001351769
0.005983443
0.0005912027
0.99992424
0.999694
0.0013808432
1.3890569e-06
7.923124e-07
3.593416e-06
0.001843118
0.14030027
0.18150188
0.002792375
8.967224e-05
0.7666941
0.00035108026
0.5079446
0.41037622
1.0828302e-06
0.002876906
0.0050168615
4.6059253e-07
5.84411e-05
1.2275513e-05
2.1806552e-06
1.06635e-05
2.694326e-05
0.10672218
0.03608633
0.03112002
0.00012839546
0.1450775
0.009694646
0.00028175832
9.21779e-06
0.023358807
0.16585143
0.99988437
0.07545357
5.7185574e-05
0.6503248
2.3347593e-05
0.030743549
0.03578698
1.6313465e-06
1.5468406e-05
0.008895744
0.0023536293
7.1335007e-06
0.005654951
5.36724e-07
0.011182143
0.23305176
0.1727515
7.029521e-07
0.042954277
0.013942154
0.009661097
5.195583e-05
0.19517736
0.114680536
