1.0
0.6861721
0.03845323
0.001417362
0.110131666
2.5684203e-05
3.905878e-06
0.07404161
8.327732e-07
0.39433956
0.28764588
0.03845323
0.10921793
0.13298348
0.00030383916
0.006465459
0.38029125
0.00014400012
1.0486385e-06
0.9999715
0.11238421
0.011633224
1.954768e-06
4.7283365e-06
0.00022361391
0.001526024
0.9479694
0.0009725407
1.6744916e-06
0.0041826786
0.17255916
9.561648e-05
0.008629892
3.2291786e-07
0.0014543495
0.0020035564
6.186273e-05
0.3553942
0.711419
0.020542722
8.052482e-05
0.0012739573
0.96954364
0.0010978413
0.10695051
0.005574499
0.00032229576
0.6924601
0.00046020106
2.871188e-05
0.056332566
0.0005031341
0.061316255
0.0056295735
0.44896862
3.1571566e-05
0.19088447
0.0004240274
0.0049023363
8.8350325e-06
0.63078696
7.768493e-06
0.0001657362
0.13298348
0.01796414
1.3370382e-07
8.303535e-05
1.6446791e-05
0.74699223
9.260886e-05
0.00017544102
2.902398e-06
0.82681715
0.0007517321
7.768508e-06
0.5563048
1.3761544e-05
0.0040152958
0.0044315574
2.189858e-05
8.442607e-06
0.00027473507
0.0019332074
9.700736e-07
0.07022485
3.3130702e-06
0.0020646083
1.2394428e-05
2.0134867e-06
0.0020479066
9.552263e-07
0.013583166
0.07655357
0.016511893
0.00017888754
0.003858161
1.3299983e-05
0.10921793
0.0022330787
9.251795e-05
0.9999865
0.15269937
1.8930984e-06
0.003315188
1.1973202e-05
0.98580635
0.0015647091
8.327732e-07
0.0002688335
1.5177256e-05
1.955255e-06
0.99635404
4.790729e-07
0.00035380182
0.67285275
3.6031e-06
0.00063873985
0.007020752
0.0021404712
0.03438968
0.027066452
7.944722e-05
0.033391107
3.9688213e-05
0.06625456
0.99946773
1.429045e-05
2.5909896e-05
5.629808e-05
0.6938837
0.047229625
0.00034965304
1.7368226e-05
3.2386728e-05
0.018194906
0.0013140035
0.045593597
0.9993544
0.00386913
2.3489513e-06
0.00017544102
0.03845323
0.0031694693
0.010834831
0.6355702
0.9999969
0.006713405
0.0013690594
0.9989741
0.8021671
4.9560836e-05
6.6932653e-06
4.6204746e-05
6.7095636e-05
0.9583923
0.0037143978
0.000112879265
0.00749643
5.171641e-07
0.1548636
0.0025454997
0.00027055808
0.0017587283
0.003225181
2.0337644e-05
0.90199745
0.038539592
0.0036205708
0.013426019
9.643413e-06
0.9999969
0.00019536319
0.9999411
0.016511893
0.0060403002
0.00027876647
5.849193e-07
4.1783173e-07
0.00013573159
3.0313393e-05
0.1392936
0.0026419417
0.0033292528
0.99651706
0.999922
0.9999371
0.042905785
0.9115006
0.00015940392
0.9999715
0.43585783
0.00013153128
0.0014065452
0.0018697476
2.271334e-05
0.9999643
9.552263e-07
0.0008272136
0.0004607631
0.00018246802
3.3921547e-06
0.00018382295
0.98096997
0.55630475
0.0012414509
0.003515983
5.171641e-07
0.06872269
0.14819475
1.6127302e-05
0.014839294
0.40613556
0.09841285
3.0517407e-07
0.9613567
0.005612931
0.20866951
0.17672764
0.6924601
0.15269937
0.0037075859
0.00030927663
0.5603942
0.9999953
0.24852641
0.0012888869
3.905878e-06
0.0014613145
0.001241701
9.431832e-07
0.00013620013
0.013426019
0.57242095
9.441494e-06
0.9999819
8.8962446e-07
0.00020017239
0.0060403002
0.98528135
0.0070509673
0.00014416293
5.676531e-06
1.8240026e-07
3.868242e-05
0.00018282415
2.2002373e-06
0.82681715
0.2528679
0.05608896
0.0020299484
0.005005682
5.9777636e-07
5.432667e-07
0.0064833686
0.026877312
0.17226996
0.0015647091
1.7859513e-06
0.0022851762
0.00011534333
0.00211317
6.7643705e-05
1.994222e-06
7.069267e-08
2.871188e-05
0.004566916
0.80789864
0.043276157
0.2401642
1.7762964e-06
0.91348743
0.0007248482
0.00014654694
0.0070509673
0.0003196415
0.082414486
0.35539418
0.0070509673
0.9759423
3.3757307e-05
0.13883646
0.12339855
9.5359877e-07
0.016437534
0.098953344
0.00011990827
2.6664362e-05
9.9339646e-05
6.563285e-05
0.39847034
0.011221025
0.99635184
0.051936068
0.0564456
0.9944853
0.99692124
0.010630703
6.514007e-06
0.99998474
0.99169075
