1.0
0.99993026
0.9983831
0.99999994
0.9999974
0.9918973
0.99547887
0.9995736
0.998762
0.9999974
0.9993769
0.99994016
0.99992985
0.99999994
0.9999974
0.9999614
0.99999946
0.9999823
0.99999917
0.9999675
0.99999243
0.99922705
0.99999964
0.99998325
0.9983543
0.9999992
0.9999768
0.99814916
0.9999971
0.9999988
0.00015603383
0.05626814
9.764095e-06
0.710074
0.00839373
6.3789106e-05
0.0076490403
0.005216279
0.00010957596
3.158858e-05
0.4631463
0.009811832
0.0001944381
0.022287412
1.66647e-05
0.008132052
1.1409371e-06
0.003916103
0.0021847447
4.560067e-05
6.3445293e-07
0.00013704223
1.4179308e-06
1.3297772e-07
0.5411286
6.3635844e-06
0.0037346696
0.00012215991
3.0465026e-06
0.00011566252
3.2918633e-05
2.4575883e-07
1.8825676e-05
5.5936976e-06
2.5776114e-07
5.2806783e-08
2.6753019e-06
0.0027327596
0.0014035144
0.00030159816
0.00092178484
3.158858e-05
0.51880646
7.4061405e-05
4.508408e-07
0.033169117
0.00025475782
0.0036686133
2.1142381e-05
0.00027900178
3.5001367e-06
0.006972318
0.00042049203
1.9414369e-05
6.834435e-07
0.00044340943
0.8291389
5.173016e-06
1.6400243e-05
0.00013673301
0.000511585
1.2244973e-05
0.00017986516
0.003479897
2.945258e-07
1.0615102e-05
2.6768507e-06
0.15989703
0.9941923
0.43838573
0.87741023
0.002137003
0.00029184605
0.008013104
0.00055560254
0.14853662
0.14138497
0.024235401
0.7637602
0.0009143183
0.00017120173
1.4179308e-06
0.00020200729
0.0015145325
7.329083e-05
0.6472061
0.0069415565
0.00524313
0.012347085
1.1269556e-06
0.011772993
0.13567062
2.2606548e-08
0.0029648605
0.019874793
2.2360755e-06
5.6704863e-07
8.27993e-06
3.4276982e-06
0.00016616518
0.058563825
0.00022897383
2.1656166e-07
0.0015006971
1.1546183e-06
0.00017411148
8.223579e-07
0.99733734
1.2176617e-05
5.698807e-05
9.0838384e-08
3.6926755e-05
8.6121705e-05
0.92683333
0.00010205617
9.000264e-08
0.0010619477
6.6911045e-05
0.0007015507
1.1768225e-05
5.7199864e-05
0.000151319
0.00053234905
5.285414e-07
2.0766865e-06
1.1269556e-06
5.9256695e-07
0.0014322618
0.9484897
0.00037857477
3.1416293e-06
0.013698069
7.997339e-08
8.0928265e-07
4.446832e-05
3.201265e-06
5.4973872e-05
2.0766865e-06
1.1175886e-06
0.16159977
0.0009563322
8.066731e-05
3.2348669e-06
2.4769888e-06
0.52611434
0.00056160503
0.07177877
1.2067452e-06
1.426508e-07
4.924904e-06
1.1257058e-07
0.036726523
0.00010092397
0.9659274
0.00031070766
0.52611434
1.3915913e-08
6.439965e-06
1.2250522e-06
2.6711385e-07
4.688526e-06
2.493584e-07
0.042624876
0.0007778503
8.953697e-07
2.3586585e-08
0.00030159816
0.0001495281
0.00063906657
0.00010437762
0.047019683
6.633353e-07
6.781667e-05
0.0004122383
0.30503568
8.051142e-06
3.366886e-05
0.0008391592
1.1294776e-06
6.651394e-07
0.8291389
0.0026230484
0.0001562956
0.010758482
0.009021073
0.61935
0.8598524
0.005106408
0.038428452
2.3923588e-08
0.000103174505
0.001117196
1.3075825e-07
4.1198516e-07
0.0007706361
0.00018407253
0.00023281842
0.001690136
0.00029719132
4.4471076e-08
0.0001944381
6.792946e-06
0.009068196
0.02039967
8.0593246e-08
0.0001402836
7.4061405e-05
0.18942611
1.4616003e-07
5.890398e-05
0.00015163142
0.0007015507
0.00024221068
1.4310184e-06
0.00839373
0.00023938996
0.9982571
0.0038266352
8.201843e-06
0.12025854
0.99733734
7.9323553e-07
2.9395494e-06
2.5588945e-06
0.00030330403
6.651394e-07
0.08760869
0.99177784
3.8581476e-07
0.9484897
0.02705153
0.0018831814
0.16186784
0.00060483674
1.2784384e-06
0.00012726006
0.00038408057
2.1119517e-06
0.34872943
7.2612e-05
1.1751581e-05
5.4637035e-06
2.7578567e-06
0.017840931
0.9275849
0.83420855
0.016195295
0.8598524
0.0005867411
1.13112455e-05
5.7894617e-06
4.4902037e-05
6.633353e-07
6.439965e-06
0.11834275
0.9040801
5.156579e-05
0.052881043
0.0006705537
0.003764391
1.1842085e-06
0.15989703
2.7227234e-06
9.922434e-06
2.810757e-07
0.00068673433
0.0001586775
0.15116018
0.12025854
0.0005161038
