1.0
1.0
1.0
1.0
1.0
1.0
1.0
1.0
1.0
0.00035118475
0.01091954
3.048765e-07
0.6944667
0.0005221019
0.0067142667
2.4173792e-06
0.8281375
2.1653204e-05
1.3959723e-05
0.02108306
0.0030929735
0.0006495534
4.687739e-06
0.9726171
0.8166328
0.6003268
0.982603
5.3740685e-05
0.003730616
2.1063028e-07
9.931693e-06
1.0468785e-05
6.7598754e-05
0.00032215138
0.06456853
4.639717e-05
0.056058586
0.9489968
0.0005291742
0.13854732
0.7360039
0.00032869173
0.97747546
0.00032869173
0.0062508313
0.9455928
0.00071378343
4.8536485e-08
0.033532526
0.9998326
0.000111251145
4.374356e-07
0.30529916
0.00026617697
7.703188e-06
0.000161798
0.1488476
0.9695131
3.2528646e-05
1.3843575e-05
1.3130888e-06
3.9887494e-05
3.2022857e-05
9.930877e-05
0.3563965
0.00046258196
3.7548718e-06
6.240716e-06
3.4427747e-05
1.0685529e-05
0.9695131
0.8802404
0.0034958043
0.9998104
7.558491e-06
7.242314e-05
7.953516e-05
0.00524413
0.0017217917
0.011683607
2.320746e-06
9.292334e-05
2.436417e-05
0.00029333454
0.99988365
0.0012521215
1.3308064e-06
4.658395e-05
0.9266708
0.028419057
0.13800289
0.0006495534
9.512341e-06
0.0058354638
0.99203837
0.00013938053
0.00019621913
0.00020459702
0.9999328
0.0064936075
0.0032432172
0.032616183
0.0665619
1.0
1.2228846e-05
0.0057137744
2.7104872e-05
0.0015141678
0.41682014
0.00069082284
0.082745716
0.0014682855
0.0059726643
0.005781422
0.00038064038
6.19563e-05
5.8024184e-06
0.56902474
0.00072045275
4.499985e-06
8.643295e-06
1.4353086e-05
5.366443e-05
0.033122398
0.9946442
0.0004883592
7.6546894e-05
0.07795271
8.4148553e-07
0.00105959
0.9584379
3.8500057e-06
0.03640924
0.18726203
0.0001762097
0.033539206
0.01167172
0.79004824
6.375091e-05
1.174338e-05
0.029536912
0.00025457572
1.7937776e-06
0.012580671
9.977492e-05
0.00050533784
9.480354e-06
0.00013317775
0.03445171
0.0018076753
0.12019172
0.999976
0.041120633
0.0014612615
0.77844596
0.0027186263
3.10188e-05
3.2975868e-06
0.37997562
0.5573838
4.7439376e-06
0.028419057
0.07686324
3.3275885e-06
7.561606e-06
0.9161111
0.016696827
0.7273106
0.017278934
3.2433263e-07
0.00719007
0.9999974
6.1838966e-07
0.003531336
0.0027376295
3.0446226e-05
0.0008041101
0.999976
0.00042766117
0.90238327
6.259143e-05
0.0010697223
0.95540375
5.366443e-05
0.004189813
1.7840788e-06
0.0038502612
0.018925786
0.0004708875
6.968732e-05
3.9887494e-05
2.459218e-06
0.00019093511
0.039760854
0.88788897
0.010564716
0.0006495534
1.4835744e-06
0.92687315
0.9174131
1.7840788e-06
0.2992245
1.578022e-06
0.00016124986
0.10736884
0.0002946488
0.0073502683
0.0004529061
0.05215179
7.7910845e-05
0.033122398
0.00027541484
0.0026718013
9.057184e-06
0.0038750025
0.9962366
0.00013679691
1.3227952e-07
0.0001543357
0.008265866
0.0002717434
8.54651e-06
1.0701601e-05
5.179537e-06
2.630236e-06
1.0716293e-06
0.0008966074
0.33307847
0.008258336
0.8274424
1.31407605e-05
0.03799964
2.2810502e-05
0.00012653574
0.00030253266
1.0716293e-06
5.0964183e-05
7.319702e-07
6.056604e-05
0.0018755284
0.0002753718
0.9999866
0.85844135
4.611644e-05
0.0024378907
5.6300763e-05
9.630978e-06
0.002502694
0.85844135
1.202567e-05
0.0056180805
2.3040327e-06
1.036882e-05
0.01391226
1.1178807e-05
0.0012945277
9.892501e-06
0.00031563756
0.014103114
0.0012003204
0.0010882678
0.009627516
0.100552335
0.9695131
0.03799964
0.00012560887
6.890075e-06
0.99337614
0.8309358
6.385605e-05
0.007051301
0.7360039
0.0048388774
0.00027593892
5.3560034e-06
0.013636438
9.172332e-07
0.00557499
3.9862127e-05
0.00045205894
0.13800289
0.00033108256
0.0022581029
1.2881291e-05
0.90997887
2.6855017e-05
0.06344696
0.0018559934
0.0020568625
0.010348653
0.6655705
6.938176e-06
2.1032261e-05
6.1838966e-07
0.045153074
0.034228202
0.00015878891
0.99997413
1.1949225e-05
0.65513676
