0.61806744
0.19006275
0.99968606
0.070852496
1.3761718e-07
0.92778194
0.8298432
1.0
7.6228855e-05
0.035983518
0.017687619
0.09396023
0.99757564
7.649895e-05
0.982178
2.2719598e-06
0.9998044
9.263708e-08
1.4863478e-05
0.0024692898
4.3054474e-06
0.000998774
9.104378e-05
0.0005372421
1.7657085e-06
5.198309e-05
0.009756667
0.0003106656
0.0059668724
5.431552e-05
0.9999621
9.4000745e-05
0.8662013
5.116696e-05
5.5977413e-05
1.903765e-05
0.0074946103
0.9929734
0.08555352
9.192367e-06
7.6703625e-05
0.00017518293
0.27048194
3.7837767e-06
0.00016191468
5.5977413e-05
0.0007490773
1.9348859e-06
1.6119953e-05
0.003893809
0.046332825
0.002135017
0.072039686
7.060102e-05
0.00020024665
0.0022221326
0.00025495733
7.404184e-05
0.0061919806
0.07354009
1.4858749e-07
0.0009977021
0.77133536
0.00048090608
0.00028823744
0.0014363109
0.0027508617
4.842783e-06
0.9988353
0.41146728
0.0016388772
0.97784203
0.00088522944
0.026566545
8.352465e-06
0.0007969487
0.9990686
0.0023924524
0.012203924
3.5803355e-06
8.805466e-06
0.031087434
0.93650466
7.520993e-06
0.014049247
8.632817e-05
5.330089e-05
0.004090736
0.5483789
3.7837767e-06
0.021236531
1.9865984e-05
0.23256405
0.0010625797
4.499067e-06
0.0001470517
5.6831504e-06
0.06382334
0.06382334
0.0014648708
1.2131297e-05
0.60336715
0.9941362
0.00014507126
5.296612e-05
6.4767744e-05
1.7657085e-06
0.00020024665
0.99427444
1.581188e-05
0.54095536
9.846652e-09
0.005967424
0.00013299145
0.5158255
4.443515e-06
0.0010625797
0.9962793
0.27030846
0.002448909
0.016981155
0.027393037
6.4385815e-05
0.232406
0.99917275
0.0036908395
4.3294138e-05
0.19767115
1.1995818e-06
5.880139e-06
0.5125368
1.7901011e-05
1.7901011e-05
0.4205092
0.0033624824
0.7359801
4.5815987e-06
0.0015061636
2.1054725e-06
0.00047763958
8.855125e-05
0.19194384
0.003158947
6.5391825e-05
0.93206733
0.0001740529
0.0002371509
3.0625883e-06
0.9683248
0.016763318
6.360384e-05
0.7552643
0.023250544
6.996228e-07
0.00071763404
0.1367929
0.68700176
0.00085519307
0.5065841
0.0025912998
2.4941454e-07
0.00033873584
0.0009121777
0.8298432
0.00011858358
0.0037010058
0.0074946033
0.9999981
0.07943507
0.49719298
0.00070664356
8.852145e-06
0.0012943643
0.002694524
3.5182923e-06
1.3666495e-06
7.831901e-06
0.00063544675
0.0001287698
0.2941592
6.5391825e-05
7.9463134e-05
0.0018356914
4.178766e-06
0.0001310423
0.00077835785
0.01020626
2.159295e-05
1.0966342e-06
9.099373e-06
0.57193506
0.9989968
2.9680019e-05
0.6280389
0.010635794
9.263271e-05
0.003364906
0.0031963107
0.84236234
0.00052358425
1.854779e-07
0.01363159
2.4657113e-06
4.221926e-05
0.073102646
1.7657085e-06
0.00070646184
8.2373225e-07
0.00088308204
0.0085224975
4.6831406e-07
0.17997198
0.90042835
0.0033441845
4.9898874e-05
7.654318e-09
0.0021440836
1.560399e-05
2.9041173e-06
0.5885635
0.17771463
3.524814e-06
6.0732536e-06
0.0023779983
0.00088522944
0.0022073593
0.016610445
0.07523288
0.86885494
0.84236234
0.0046561663
0.028028116
0.0013779084
0.7404104
3.9618484e-07
4.221926e-05
0.0037010058
3.3658045e-05
0.8003268
1.2427319e-05
6.5320444e-07
0.00833209
2.6733871e-05
1.1782471e-06
8.9497615e-07
0.0007068241
0.002388059
0.008064448
0.0009810836
6.7046753e-06
3.7837767e-06
4.1303167e-05
0.00080115476
0.07397373
4.401871e-07
0.27048194
0.11041629
4.3601553e-06
1.0730788e-05
0.8463809
0.00033163413
0.00049036165
0.0037536053
7.1252754e-05
0.000108860986
0.0036908395
0.00029607254
0.0052630133
0.9865586
0.00135376
2.4971158e-07
5.330089e-05
0.00031282095
8.4611354e-05
0.0023779983
2.0004256e-06
0.23712039
8.228983e-06
0.0017010294
1.105442e-05
0.000103307015
0.9113926
0.002694524
0.95789105
0.9999998
5.9769485e-07
0.00014385094
0.9895713
0.00019089815
1.3589862e-05
0.8569879
0.012705088
0.009523242
0.016403008
7.613132e-06
0.99999595
0.0014001968
5.052851e-06
0.0047261324
4.5237803e-06
