0.71798325
6.0695435e-05
0.65178347
0.0005783797
0.99931645
0.00596368
0.92991805
0.0044296123
0.057076324
0.99945277
3.9675e-06
3.4743928e-09
8.6170036e-07
0.00053330534
2.4443682e-06
4.979588e-06
6.071292e-05
0.008304413
5.91797e-05
0.9999362
0.07492437
0.098769024
5.5697594e-05
3.0549476e-05
0.034644913
2.067594e-06
0.0004064123
1.5673387e-06
5.2977757e-06
0.0005363027
6.5778964e-05
0.004772404
0.0010031377
3.5801613e-06
9.693415e-06
0.9628723
0.00061057025
0.7429176
5.524347e-05
0.96330935
0.13410734
7.5678036e-05
0.000107201646
0.02934022
0.024012791
0.0006493123
0.8580476
0.00013867566
3.0974215e-06
5.422367e-07
0.99995875
0.99982154
0.00011022581
0.00023611374
0.02532114
0.0078795655
6.3262223e-07
0.0026335295
0.0002798468
0.71485263
0.75080794
0.0006005018
0.15814222
4.013174e-07
2.9062207e-07
0.012890132
0.0007639254
0.98697805
0.99959046
3.0363475e-05
0.000115732684
0.013795883
1.3368563e-06
7.8186395e-06
1.1436144e-05
0.41690505
0.99971175
0.041470382
1.9831746e-06
7.986385e-06
0.9388291
1.0502558e-06
7.915972e-06
9.17004e-06
7.611336e-07
0.057076324
0.07293605
0.8069823
0.00011478464
5.0755984e-06
4.8494658e-06
4.7022288e-05
3.1390446e-05
6.248146e-05
0.00079600717
0.71485263
0.02267359
0.88966227
0.8966856
0.00096376863
0.016811661
0.0017312914
1.7462911e-05
3.0444578e-06
0.012729148
0.012892746
6.520736e-07
3.3147517e-06
0.7495043
5.2959294e-08
0.9999045
3.6468657e-05
2.3352816e-06
0.99756265
2.205312e-05
1.9939493e-05
0.41855288
0.02934022
7.619797e-05
0.012890132
3.2082524e-05
0.08814642
0.00066066027
0.41336054
0.010049664
9.99734e-05
0.001261127
0.00034124526
0.99993545
6.169189e-05
0.08700084
0.025408367
0.003404076
0.77569026
0.114241615
0.00074381416
0.027744204
0.7615546
1.4294594e-05
1.8267576e-08
0.00027127718
0.00019706361
0.00982876
0.0019080144
0.0015852496
3.842975e-05
3.4125142e-07
4.313535e-05
4.7130968e-07
2.9324623e-05
0.99778277
3.350516e-06
5.043213e-05
4.5580888e-05
5.422367e-07
0.00021803447
2.4644096e-05
7.200479e-05
0.99996376
0.0003777193
0.99995875
0.0003274076
5.366526e-06
6.944458e-06
0.024863187
0.027532402
0.0044296123
0.00012192728
1.1934841e-05
0.0146993855
0.002129218
0.063011505
0.0009434062
0.24896893
0.05898713
0.00047176445
3.132397e-05
0.0016798355
0.00016711409
9.081029e-06
9.904207e-06
0.0005504736
0.888945
0.00087251177
0.9994863
0.0017826892
1.5724061e-05
9.41819e-05
0.0021055688
8.560278e-06
0.5826396
0.61903924
0.000210944
0.04456869
4.0098075e-07
3.6248164e-06
2.1333128e-05
2.3488146e-06
4.5879509e-07
5.786561e-09
0.00030279323
0.0011493098
0.05145007
0.012590295
0.9999596
0.04363153
2.8261662e-05
2.1103766e-05
1.123379e-05
6.050085e-07
3.0549476e-05
9.19498e-06
1.7547383e-06
1.4490222e-06
0.05643547
0.008740016
0.99999595
0.0001212718
0.098769024
0.0008445752
0.98886156
0.023575936
5.82487e-05
0.00025517982
0.08389236
2.5571586e-05
0.98442626
0.0062286314
0.891012
2.6146797e-06
3.5690716e-06
0.00062000117
0.00017422657
0.027138377
9.081029e-06
0.0005179696
0.061753854
0.12369083
5.366526e-06
0.0021722978
0.00018205197
1.2411083e-06
1.2957778e-05
0.00019909257
0.0005504736
0.0140233785
0.00013786534
0.9966622
7.389377e-07
4.013174e-07
6.496782e-08
0.002555949
3.842975e-05
0.00059206376
0.52742726
8.891945e-06
2.8583478e-05
2.33861e-05
0.15822674
2.5556606e-06
7.0923976e-05
0.00036785984
5.3505613e-05
0.024911629
0.025321154
9.64077e-07
1.7462911e-05
1.03098655e-05
0.027697781
0.00049925444
0.005584123
1.9874426e-07
0.00053626
0.00048195972
7.1269797e-06
0.020898407
0.01830883
0.09014179
2.7258951e-05
0.9992794
1.2196501e-06
0.002173642
0.0130751645
2.121229e-06
6.8950314e-08
0.0036766098
0.013997853
0.18368752
3.9640406e-07
1.1630567e-05
1.1459201e-05
0.0005742
0.99999774
0.9945839
0.000210944
4.9085015e-06
6.924196e-07
0.78556144
8.6170036e-07
7.986385e-06
