0.99999917
0.11228678
0.07795455
1.214638e-06
0.46697792
0.055776175
5.464214e-06
0.99974126
6.507649e-06
8.760187e-06
0.0001314029
1.7143466e-07
1.1296606e-05
0.000716612
0.9346602
0.01666804
0.055776175
8.597192e-06
0.03828486
4.3824375e-06
0.013839054
3.048765e-07
0.0024755418
0.00070997817
0.0032255093
0.015580656
2.8683882e-05
0.011621995
0.00016868797
1.0499935e-08
0.027040722
0.00067410537
0.016689077
0.9999142
3.8894483e-05
2.880644e-07
0.0001093212
0.019779518
0.00020681747
0.0010967713
0.0020459127
1.0495666e-05
0.00064912974
0.017006548
0.98543596
5.269432e-05
0.038503405
4.846483e-05
0.08837665
0.39524627
0.0005132461
0.9161879
0.004967531
1.0412937e-05
3.9649476e-05
0.9995747
0.811121
0.9747772
0.99996006
0.15473576
0.00027849444
0.0070109884
6.210484e-05
0.8593503
0.99635565
0.6056392
6.5921974e-08
0.00022758824
2.3998962e-05
0.0041209226
0.019735847
0.036161926
0.8873553
2.6174386e-05
0.06851549
0.9985933
0.06623029
0.9999992
2.6705588e-05
0.00036548407
0.0065222397
2.5884607e-05
0.8273748
0.0686602
0.11817772
0.008254518
7.5536795e-05
0.00037070556
2.775779e-05
0.99983317
0.00031609953
0.99994105
0.0066962247
2.269117e-05
0.0017707658
0.0001449262
6.7577676e-05
0.10439087
0.99074584
0.09832619
0.010167335
0.0023025714
5.5605724e-06
7.539028e-05
5.6377266e-05
0.99943894
0.00010766264
0.99940014
6.210484e-05
0.0010970534
0.0017216777
5.664089e-05
2.3176997e-07
6.3811653e-06
0.9599398
0.013413083
0.9999844
0.009237459
0.9613204
0.99465847
1.0659122e-06
0.99410105
9.4226255e-07
1.9189315e-06
0.004982929
1.2079265e-06
0.9487372
0.0010842027
2.018396e-05
0.8115977
5.5605724e-06
6.512672e-05
0.019726006
0.0003193296
7.890233e-05
0.9999924
0.08837665
0.16161655
0.99998647
0.009583882
0.019282514
0.99984497
0.91341025
0.30622557
0.77701116
0.0057362537
0.003325562
3.116857e-06
2.123351e-05
0.0050267396
0.9452034
0.0022732313
0.037931513
0.0026467282
2.7500223e-06
9.2518385e-05
0.0015061006
4.635424e-06
0.23998602
2.3083633e-06
7.859722e-05
0.99410105
0.0020163695
0.0013361832
0.001790039
5.56522e-05
0.6570754
0.009360766
1.0
0.95486224
0.0027230617
4.6335444e-05
1.4000827e-05
0.003753523
4.4759786e-06
9.432279e-06
0.0060735345
0.034274206
0.0001656242
0.9999969
0.0064877467
0.61701757
1.7355213e-05
0.20976077
9.63401e-06
0.00046949045
2.6579428e-07
2.5712086e-06
0.85779005
0.52985525
0.00014036604
0.033828385
5.328981e-05
0.9997929
2.956693e-05
0.89407516
0.99410105
0.0015026596
1.1961527e-05
0.7891596
0.055776175
0.0007344399
0.0071519827
0.012574655
0.0017216777
1.7232982e-06
0.99999845
0.89536375
2.6179729e-05
8.0732105e-05
4.6526607e-06
2.6711752e-05
0.00031496782
2.153814e-05
0.0019729272
0.00022339591
0.007534512
0.07751718
2.1373206e-07
0.0012454499
0.00045975205
0.9999905
0.81236106
0.0013741689
0.0041786116
0.08234059
0.00015392479
0.004982929
0.00017110365
0.8877348
0.00031604466
0.0026125493
0.98769015
0.75996596
0.005184231
0.00096042105
3.90207e-06
1.2812571e-05
9.754196e-05
1.2969288e-05
0.008150211
0.0015026596
3.90207e-06
6.5554406e-05
0.00017382186
0.051887993
6.16258e-05
1.43874e-07
5.577274e-07
0.05826264
0.008008622
0.00017110365
1.3996107e-07
3.5100726e-05
5.7948478e-06
5.1641778e-06
0.021973167
8.3699547e-07
0.0008048322
0.00018228994
5.112823e-05
8.478323e-05
0.0002720485
0.9999999
0.19549938
0.31983536
0.15608515
0.00010766264
0.00023640186
0.0005193177
0.7350424
8.579337e-06
0.92777437
9.08677e-05
0.0012673717
0.040662754
0.0001183853
1.4182516e-05
6.5948275e-06
0.0064877467
0.0022289495
0.00035345662
4.780535e-05
0.0052262973
0.00031096666
0.0022309036
0.0010842027
5.876534e-06
0.2036636
0.00035345662
1.8495713e-05
0.6145751
0.06619415
0.0017008957
0.00013863706
0.0032364
5.3729054e-05
0.0009865593
0.010391804
4.437864e-05
