1.0
0.9999384
0.99857247
0.99999994
0.99999774
0.9928409
0.996007
0.9996236
0.998907
0.9999977
0.99944997
0.9999472
0.9999381
0.99999994
0.9999977
0.9999659
0.9999995
0.9999844
0.9999993
0.99997133
0.9999933
0.99931765
0.9999997
0.9999852
0.9985471
0.99999934
0.9999795
0.9983659
0.99999744
0.999999
0.07152217
0.015490022
1.6525433e-05
1.52168495e-05
0.00047890402
9.315494e-06
0.00017177632
0.012711764
0.00038625282
0.0016997658
3.2254655e-05
0.15721804
0.681955
8.037859e-05
0.00042774092
4.927309e-05
0.012544265
1.14386e-06
4.6935143e-06
0.03741163
2.8137526e-06
3.81916e-07
3.3944052e-05
5.218285e-05
0.027367588
0.0022168357
0.00020611272
1.3276019e-05
2.9121215e-05
1.8303803e-07
0.9999999
6.4578906e-08
8.4682815e-06
0.92535263
0.0029900002
4.4721926e-07
0.00010444852
0.32562444
0.0019638313
1.6373755e-05
4.6672812e-07
0.15721804
0.0012698905
0.00222075
0.739105
7.08536e-05
7.5414123e-06
0.5934604
1.9171926e-05
0.0040130713
1.592544e-05
0.9976519
2.852181e-08
0.0066677467
6.914852e-08
5.1615232e-05
1.9358755e-07
3.3944052e-05
0.032448262
0.0011644268
0.0015834001
1.8932465e-06
1.9799977e-06
0.9935577
1.4794004e-07
0.9978954
0.99986523
0.000111301015
0.00019972303
0.08430129
8.176055e-06
4.501183e-06
1.3670926e-06
3.6611214e-05
0.009879697
0.9092394
0.00020384151
4.5858924e-05
0.99977523
0.026406964
0.00025882563
0.00012912908
0.00012545852
0.046872154
0.0003238234
0.010207526
0.999999
0.0005695533
0.33279797
0.00028617773
0.9682421
0.000101995465
0.9996554
0.97399664
0.00023484635
0.0020305947
9.766169e-07
0.0015897115
3.8142516e-05
0.037967123
8.7088887e-07
0.00021410955
9.130217e-08
0.011974636
0.95024604
5.860388e-06
0.0015903536
0.00495573
6.2278195e-05
0.00066140865
0.0005816136
0.00019878452
5.507515e-07
0.00015524904
6.0159186e-05
0.00025941263
1.5907201e-06
5.9654518e-05
0.012711764
4.233287e-05
0.0019064522
1.6363637e-06
0.0001310293
2.3951634e-05
0.95533544
1.942496e-05
7.238013e-05
0.23499615
6.458016e-06
1.942496e-05
0.9452722
0.0005687464
1.37577645e-05
0.88680845
9.756411e-05
0.66685265
0.00012912908
0.00014154504
4.0908947e-07
0.00025859848
1.0220128e-06
5.218285e-05
1.5909667e-05
1.8579403e-05
2.5451604e-07
0.55707824
3.130468e-05
0.007891462
0.00011259674
0.00495573
1.0493334e-05
0.99999887
1.8579403e-05
0.16966823
0.87422293
0.00085208425
0.005205231
4.4490653e-06
0.9999895
0.0081580775
2.1061654e-08
3.3792574e-05
6.748528e-06
8.5110645e-05
1.8574054e-05
0.0020305947
1.5466366e-08
0.0046450263
1.9999463e-05
5.5900298e-09
2.683652e-08
0.0287615
0.0005795236
6.0529405e-06
0.00043509394
2.45767e-07
0.004797541
3.927738e-06
0.20932752
2.3676705e-05
4.227198e-08
0.03658485
1.3537217e-05
0.0045682318
0.00015340303
0.00030876638
0.0068724654
0.00020611272
0.3517438
0.78896004
3.6886493e-05
0.0019064532
0.5498392
0.15901466
1.5090828e-06
0.00082074746
2.4258606e-08
1.2057191e-06
2.1267435e-05
0.0011191964
0.00015855985
5.7609996e-05
2.3355199e-06
3.4791738e-06
0.8321898
5.6871454e-07
0.021662164
0.00043731063
0.0068579847
7.187579e-07
0.9987074
1.942496e-05
2.2336158e-06
0.0057956814
0.027367588
0.0008073567
0.0003635679
7.3816864e-08
0.00046698915
0.00011270846
0.20773706
0.7115968
3.0325425e-06
1.1030887e-07
0.0003635679
7.4861655e-06
0.00013004224
1.2795581e-06
9.1608445e-06
0.47702244
1.3948558e-05
0.9999943
0.014073667
1.5090828e-06
0.0005022989
1.3896863e-06
1.956484e-06
0.07004057
3.0594812e-05
0.00021013219
7.1359977e-06
2.88223e-05
4.501183e-06
0.0011674633
0.9433469
0.5591774
0.0039299363
4.5940683e-06
0.00011561555
0.9996881
0.013984619
6.189701e-06
0.15721804
0.00037460148
1.5525615e-05
0.028333668
0.00027119054
6.349155e-05
0.53793824
3.0845074e-06
0.00014691282
0.001603086
0.00014379321
9.843234e-07
0.42569605
0.00021070197
2.8323294e-07
0.62353957
0.9977697
0.99653125
