0.0036806539
2.9910398e-05
0.0007477614
0.9922914
0.87574023
2.8326527e-05
3.9387258e-05
0.082308814
0.0002511104
0.98228306
0.015466087
0.0011290375
0.7368855
4.0062165e-05
0.003991531
0.99823385
0.1760632
0.003975246
6.940519e-05
0.00015037759
0.0027738777
0.017359553
0.0070071486
3.4249404e-06
1.823543e-06
0.00011950601
0.996941
0.0048315143
0.42746958
1.8025792e-05
0.00066030683
0.84015465
2.735633e-07
0.00023751771
1.0939218e-05
0.0012973888
3.6691888e-06
0.0011041526
4.0579172e-05
0.084550716
0.99990034
0.00012448968
0.0033741775
0.0020032655
0.006963508
0.020183137
3.253355e-05
0.9998493
0.054686673
0.053505894
6.8287864e-06
6.942022e-05
3.5341352e-05
0.0009647002
9.6077965e-06
0.00053704804
0.0030884966
0.0023671158
3.471699e-05
0.0002744314
0.47212204
0.996941
0.26051617
0.99757385
0.3190187
0.66705817
0.6569836
3.7651665e-05
0.272249
0.99782413
6.942022e-05
0.9999898
1.0
0.0003494794
0.9928413
0.00025224563
0.0074522654
0.00042595135
1.3298651e-05
0.0020127343
7.924747e-05
0.1677434
0.15640838
0.0029017916
0.002587941
0.002116338
0.14672932
5.677062e-06
0.0028534634
0.000677362
3.1462372e-05
0.86486644
0.00026357383
0.0035892718
0.18729022
1.4798389e-05
0.0034947942
2.8019435e-06
4.0206072e-05
0.9955623
0.0015160232
0.0025116499
0.89617985
0.00049751386
9.294479e-05
3.4126042e-05
4.8953893e-07
0.2217806
0.99931693
4.333798e-06
0.92293143
9.9945944e-05
0.0018353673
0.014937302
0.96475697
0.99967
0.9795207
0.0002479271
0.9923734
7.777195e-06
0.0023825218
0.0018699425
0.0036425034
0.86486644
0.00015037759
0.8160412
0.84015465
0.00012448968
0.00017302895
8.43107e-06
0.0072204345
3.239127e-05
0.001886198
4.8953893e-07
3.4466577e-06
1.778235e-05
7.288686e-05
0.9999978
0.47828725
0.09633899
0.0019083632
0.0031716302
0.9861889
0.8694886
5.325383e-06
0.018276762
1.9788052e-07
0.006271219
2.7405264e-07
0.00011922578
0.9600402
5.4135853e-06
0.99992746
0.4276249
0.04939808
4.4134067e-05
0.000692128
0.0006729968
0.0010673902
0.00017634653
0.021623079
0.19321848
2.2193174e-06
1.912632e-06
4.9778223e-06
0.0018161763
0.0026705333
0.0029746676
0.0012004245
1.3174804e-05
0.0031716302
0.0026411768
4.0172574e-05
6.6741784e-05
0.09960471
0.87574023
0.99983764
0.0078188665
5.6169993e-06
2.735633e-07
0.9997987
0.00030072528
0.15347384
0.0018693126
0.00010297596
0.98471236
0.0033416012
0.9982712
0.9942008
0.008583935
0.0001327297
0.0023671158
0.14327435
0.01128867
0.2801887
4.2348315e-06
0.0012414604
0.9991476
6.633886e-06
7.7702913e-07
0.00011359917
0.00017866559
0.26051617
2.7480272e-07
2.468999e-05
0.0050117276
1.35488135e-05
4.687587e-06
6.7316355e-06
0.9997172
1.5950891e-06
0.0095030945
0.10186622
3.5662988e-06
0.0010212268
0.007411593
0.14089611
0.0046733245
0.9991476
0.0029017916
3.852673e-05
8.458457e-05
0.8842358
0.4276249
5.832682e-07
0.0005021993
0.99986225
0.00066030683
9.536361e-05
0.021623079
1.6341586e-06
0.0095030945
1.705813e-05
0.0049931128
0.10191531
0.20722863
0.00018558798
8.162478e-07
1.9982857e-05
0.13970706
0.9407047
0.037956014
2.125377e-05
1.9945008e-05
2.7816408e-05
3.852673e-05
1.6437492e-05
0.0016024956
0.0020823088
2.9377334e-06
0.004701772
2.5950054e-05
0.9942008
0.9059063
0.98830295
1.5755603e-06
2.147102e-05
0.0006539333
0.07830156
6.580023e-05
4.5677293e-06
0.81849015
0.7196473
0.0005430857
0.99999994
2.0708838e-05
0.65313286
1.062146e-07
3.944514e-07
8.0803584e-05
0.00022134103
1.823543e-06
0.057967205
6.2494444e-05
0.84015465
0.0001714255
0.0007662753
0.003041776
9.968262e-07
0.009902668
3.852673e-05
0.0026705333
0.42746958
0.19393173
0.9757772
0.0015242391
9.855213e-06
1.1908112e-05
0.00011897411
0.05079217
0.0011856728
7.288686e-05
0.014954494
3.239192e-05
0.8802732
4.0172574e-05
0.0007808238
0.008602174
6.971425e-06
8.039001e-05
