0.9999989
1.0
1.0
0.00021433891
2.6681379e-05
4.604516e-06
1.8694165e-05
0.006716048
8.35574e-06
7.288505e-05
0.114165805
0.99258304
0.00026682668
7.969335e-07
9.4582565e-06
5.5370565e-06
2.0494888e-07
2.6713993e-05
4.5456352e-05
0.0021399946
6.8030395e-06
1.6535903e-06
4.8553336e-08
1.5683507e-05
1.5176397e-07
5.437916e-05
0.3796224
1.4149872e-07
2.3398441e-07
8.043267e-06
0.00017898512
2.1970707e-05
7.3917756e-05
0.00050726096
0.0035892206
0.0010696857
0.95703197
0.6084234
0.9898123
3.4657907e-07
2.724679e-05
0.00070478127
0.5207087
0.009989586
1.8697001e-06
0.00013525279
0.009981779
0.9406863
0.7651999
0.00079389295
0.051680975
3.1747536e-06
1.1999643e-05
1.0873754e-05
0.000154551
0.0020596941
0.00037791018
1.0587935e-05
0.08306452
0.00060554885
5.1555972e-08
4.6550394e-06
0.9974232
0.013844638
0.17058794
0.00013386067
0.036430158
0.0002879257
9.10514e-08
5.292405e-08
1.3386734e-08
3.218332e-07
0.00013271731
0.670185
0.0008522856
8.346302e-06
9.0386436e-08
0.012772505
0.8338567
0.30525625
1.8882066e-08
0.00048068148
0.00069462246
0.004358012
2.900967e-06
6.368857e-05
0.00010289233
5.470182e-07
3.3432258e-05
1.0596947e-05
0.115425065
0.00010289233
0.99965626
2.7914039e-05
7.605975e-05
0.99965626
2.6610194e-06
0.01815385
3.8886074e-06
0.9315557
6.697671e-06
0.55621237
3.2897105e-07
2.1262365e-05
0.00042627225
0.008148375
1.2691041e-06
6.165577e-07
0.99993396
5.6521367e-06
5.967852e-06
2.6164284e-07
0.0034475683
3.7473845e-07
9.554594e-07
0.115943424
1.6897765e-07
1.0587935e-05
0.00026682668
0.0088104755
0.50070304
7.916811e-08
0.00030386727
0.0030093777
0.00021489819
0.00010019061
0.0011665463
0.009086089
7.97062e-06
1.849074e-05
3.2465086e-05
6.9528807e-07
2.2418255e-06
7.0917486e-05
5.7575216e-06
0.001341945
0.00081923156
0.0017201785
0.67207086
8.5610925e-05
0.00026682668
5.585982e-08
1.517624e-06
2.0725296e-05
5.0435123e-08
6.475479e-07
1.0596947e-05
0.005178145
0.00020237338
1.3921907e-06
5.8849466e-08
4.003331e-07
6.7436116e-07
0.8929577
0.00018767909
0.07199797
1.2047428e-07
0.9993844
0.0047812858
0.017994832
7.944299e-05
5.14429e-05
0.044088673
3.2353306e-08
0.005178145
1.2243723e-06
3.7058743e-07
0.0004094051
0.0003022089
7.3772526e-08
0.00039829168
0.9999963
6.368857e-05
0.0023122202
0.00021489819
8.058862e-06
3.7504915e-06
0.0006514551
1.0599457e-08
0.00046810467
0.004773514
3.8886074e-06
0.055057064
0.08757706
1.1861902e-05
0.0002804475
0.00021053929
0.00033650434
8.495572e-08
0.58159655
0.00012997951
0.8338567
0.020952197
2.0494888e-07
0.025951149
3.6008905e-07
0.99931246
0.00021913531
0.00018770611
0.0015001934
0.00062230823
0.00021812848
0.00015938081
0.011058854
1.9677564e-06
0.0013829699
0.037335284
0.0021399946
0.0001992688
1.2494071e-06
0.1385718
0.00050773023
0.00024345396
0.94148546
8.2817877e-07
9.704117e-08
9.801774e-07
0.9998219
7.657135e-05
0.000107277825
6.6511675e-06
5.8917244e-06
0.06834757
0.0027693782
6.29579e-05
0.8952758
7.3764646e-08
1.945421e-06
0.3905986
5.362116e-06
6.190557e-05
1.6897765e-07
0.996659
0.0007738217
0.0009470283
0.1999304
0.013844638
0.09860823
2.0540733e-07
2.6901304e-07
0.00085173437
9.36527e-05
0.012264423
9.647843e-05
2.0718064e-06
7.4325527e-07
6.6697403e-06
0.9996872
0.4688807
0.0021230713
3.5678087e-07
0.11710288
0.00022112334
4.9223118e-08
0.0025912332
1.0771595e-05
1.7898269e-06
5.1081635e-08
1.1682403e-05
1.784245e-05
0.9961083
0.9999956
0.036888257
5.648677e-06
0.00020237338
9.308159e-06
0.000390908
0.99733466
0.013844638
6.553134e-07
0.0015336587
1.7898269e-06
5.9874505e-06
0.22857907
0.0071511194
0.033346817
6.4198216e-06
1.6639693e-06
0.0134876
2.5506785e-07
0.0047812858
1.1959189e-05
1.2494071e-06
0.00033856602
1.9133566e-07
6.9881194e-06
1.848004e-05
9.647843e-05
1.6101112e-07
4.2846154e-05
0.005282431
0.0019983554
0.023984373
0.92717546
0.0009189104
2.468587e-05
2.1079554e-06
0.0008247049
1.5952685e-07
0.010615117
