0.75147545
0.00016389077
0.010970581
1.7012991e-06
0.70955616
0.094983906
5.9814874e-07
1.4000153e-07
0.0014149635
0.054841857
0.011024925
0.00024019703
0.009856764
1.0
6.555499e-06
0.0048746937
2.051033e-05
7.947281e-08
7.4245795e-06
0.00016778964
3.0594066e-08
0.07436565
0.0245111
6.800661e-05
0.013783874
2.2270424e-05
0.00073870196
1.46084485e-05
1.5607862e-06
1.5689225e-06
0.031080458
2.6643686e-06
0.64960474
0.09080241
3.591945e-05
0.8099543
0.0036778762
3.5588955e-06
8.782241e-05
2.903954e-05
2.474333e-05
2.4554249e-05
0.0068217707
0.82953364
0.016078288
0.17834583
0.042427707
0.0023467902
0.0024307948
2.6401969e-05
0.0001408573
0.9999991
0.059904862
0.003119046
0.0010043666
1.9838513e-05
2.7655256e-08
0.00069302594
0.0039057636
0.005599056
0.0046629906
0.0006583274
6.9004577e-06
1.5418965e-06
4.6123918e-05
0.9806514
0.00019542019
0.9987261
0.005067304
1.51771255e-05
6.8582005e-05
0.0013307128
1.9480316e-05
0.00010908679
3.616441e-05
0.003655226
3.2801918e-06
0.00029706696
1.6345109e-06
0.00036368665
5.908408e-07
0.0022245212
0.0033850796
0.0007860681
0.027529217
0.014190366
2.1106017e-07
6.116615e-06
1.2876832e-05
9.764377e-05
0.00019542019
1.4000153e-07
0.0011611063
8.9731294e-08
9.150332e-06
0.0019672643
0.00018117332
0.0064946106
0.00018117332
0.99989766
4.6123918e-05
2.473484e-05
1.5319864e-07
1.0465612e-05
0.9995537
0.000251103
1.3854624e-06
0.11236109
0.99999344
1.813727e-05
0.99805087
1.46084485e-05
1.6787209e-07
0.0006046509
6.0552325e-06
0.0007860681
0.008540583
6.360502e-06
1.8348003e-07
2.2251954e-05
0.08033844
1.3624574e-05
0.00023228362
0.0004884392
3.5460253e-05
0.0007412593
0.00022485373
1.6033506e-07
3.4887413e-05
1.7594066e-05
6.185176e-05
0.20717005
0.2802382
3.390169e-06
0.00041193503
3.4695715e-06
0.0013842257
0.008946923
0.00026179763
3.8134658e-05
0.0008595351
1.2599686e-05
0.99999994
1.8506213e-05
0.27212852
0.005512786
1.0465612e-05
3.623888e-05
2.4554249e-05
3.1815762e-06
3.5460285e-05
0.0021817363
2.9617288e-06
0.00065856404
3.492057e-05
5.7990208e-05
4.8403727e-08
2.9863077e-06
3.526085e-06
3.568775e-05
5.0549926e-07
0.00097256387
0.0160127
0.032622714
2.2904387e-06
0.00077183405
0.00016583737
0.097022615
1.5842677e-06
1.113361e-06
8.467879e-06
0.71199626
0.94025844
1.1721317e-05
0.005291976
9.320843e-06
0.00011009902
0.00016435023
1.9431074e-05
0.0011745134
0.00048760328
2.1797861e-05
0.0022091435
9.039072e-06
0.013783874
0.9566185
0.00030915046
0.09080241
0.0012856814
1.1324977e-06
0.0123649845
0.0038739056
1.724061e-07
0.00021802471
0.99793965
0.0017591252
9.092017e-06
0.00031468328
0.0017914114
6.6012335e-06
1.4507145e-06
1.8475156e-08
1.3614149e-06
1.728747e-05
1.1348546e-06
0.9999641
0.0004211682
4.3482938e-05
3.2515327e-08
4.114323e-07
1.742922e-05
7.056367e-06
0.00019310728
0.00018571242
0.0006629962
0.043830257
1.5418965e-06
0.00032931403
8.5734784e-05
0.00012836058
0.051260184
1.2450893e-06
5.743438e-08
0.00045332874
1.8654843e-06
1.2701286e-06
0.999995
3.0462008e-08
2.406646e-05
0.005407282
0.00047191963
4.3686767e-05
2.2948308e-05
0.00011018766
0.00042467425
0.005645708
0.9999802
0.0104286475
0.975758
0.0050402344
7.056367e-06
5.775648e-06
2.7267584e-05
0.993045
3.5252713e-06
5.4416614e-05
8.119313e-08
0.07586622
0.00027184392
0.0067266007
3.1297037e-05
1.5345323e-06
2.4245195e-05
5.9105365e-05
6.2354354e-07
1.199566e-05
0.3150521
3.9345537e-06
0.002152399
5.9814874e-07
0.0003019523
0.975758
0.016113017
0.9997294
0.5107161
5.1508204e-07
0.99716204
2.176554e-05
0.96663475
4.7159974e-05
0.01032481
3.568775e-05
1.790149e-05
0.9922726
0.0007539486
0.0007811718
0.0004402517
0.3594475
1.2853692e-05
7.359899e-05
8.119313e-08
1.0415986e-05
4.6577745e-07
0.07871324
8.119313e-08
0.00049050985
0.0019824433
7.4245795e-06
0.40514857
0.9954733
4.2545653e-06
0.0024307948
1.113361e-06
2.422618e-06
0.00065856404
9.124051e-06
0.008986491
6.351716e-05
0.82953364
3.1566453e-06
