1.0
1.0
0.94335234
0.21701898
0.003683626
0.031524993
0.089207426
4.8059726e-05
0.21910298
2.1907437e-05
0.015468279
0.21910298
0.00104211
3.5883477e-06
0.00038722763
0.0005102151
8.947867e-07
0.0017685217
8.999348e-05
0.00033245844
0.99999994
4.8059726e-05
0.008509774
0.01440078
0.006260631
0.005342795
3.0360668e-06
0.05067181
0.0004030143
9.343951e-05
5.6283347e-06
0.034184378
1.76438e-05
0.99999887
0.004599953
0.00014836747
0.0001646222
0.0003243641
0.0023311803
0.024150867
0.00449413
0.010776304
0.95079243
0.003271998
0.11441171
8.637535e-05
0.0066109225
0.99378246
0.00034735326
0.13842468
8.947867e-07
7.910507e-05
0.68543035
0.86254984
0.0012252395
0.00089073833
0.3473143
0.9735452
0.98533064
7.147822e-05
0.6225761
0.00017210044
0.13101557
0.5305124
0.0039271545
1.1893732e-05
0.5878154
0.00012648026
0.0051138503
0.0015051916
1.0850985e-05
0.00046281022
0.002386108
3.1249942e-06
8.211579e-06
9.685276e-05
0.9032808
0.028443774
0.99998814
0.2916662
0.024150867
0.8176755
0.008890755
0.02725612
0.9808549
0.37737656
8.989767e-05
5.8410067e-05
0.999777
9.681176e-05
0.9354923
0.92144877
0.9254264
0.0009035613
7.7707686e-05
3.8182403e-05
0.36931545
0.001214834
0.00020955676
0.0005897951
0.9988731
0.01063139
0.9982023
0.004440668
0.017346347
1.8775676e-06
0.005122708
2.9269083e-06
8.797937e-06
0.5828272
0.28867185
0.027151208
0.0026830581
0.00016091671
0.9707915
0.0006179605
0.01071898
0.0026830595
9.082838e-05
0.020628108
0.023324994
0.74007124
0.0029569522
0.9999894
0.003683626
1.2986455e-05
1.7343482e-05
0.00038364
0.1040868
0.018171823
0.00010891394
5.771287e-07
0.007998725
0.00045634332
0.00017737132
2.2736964e-05
0.0070716487
0.072340876
7.0486253e-06
0.089207426
0.2986511
0.0020967687
0.0004639286
6.077177e-05
0.0009798146
0.02422609
0.012524853
0.0015460566
0.0056046816
0.00053974165
0.0051083295
5.54455e-05
2.3954055e-05
0.0002671451
0.057956226
0.35003296
0.9842033
0.9254852
0.18910995
0.10315405
4.843467e-07
0.057956226
1.2573088e-05
0.99980795
3.743135e-05
0.003426494
0.32848018
0.9920067
0.6596941
0.13879423
0.005229189
0.005200055
0.17290078
0.031990618
3.0360668e-06
0.99999225
2.23131e-06
0.9357934
0.16002853
0.008890755
0.0008106113
4.4728866e-05
0.00027264626
8.694383e-07
0.1040868
0.99928623
0.62564653
9.952881e-05
0.001238684
2.2414386e-06
0.73448676
0.0002674647
0.9455634
0.7467933
2.1746846e-05
2.1746846e-05
0.9707489
0.0004613285
3.2248627e-05
0.10608558
0.96645033
0.00095295324
0.029115831
0.23524287
0.5828272
0.012672709
0.009108397
2.530913e-05
6.271897e-06
0.0016333986
2.365179e-05
0.0005102151
0.012894677
0.01373896
0.00053552166
0.9999504
0.028443774
0.08019935
7.0486253e-06
0.9995817
0.031787477
9.993689e-05
0.0058473153
0.00028536227
0.00015426596
0.0026874908
0.26629043
0.02162314
0.022600805
0.11907006
0.003225891
5.7794496e-05
0.00014836747
1.8271012e-06
0.9842033
0.99999994
0.41265163
0.114646986
0.15959279
0.012894677
6.641279e-05
0.2637363
1.3569504e-05
1.3002292e-05
0.00010543017
0.0067065656
0.000130851
0.0001364414
0.7467933
0.023412094
0.024999259
5.745873e-05
2.8565748e-06
0.030432325
0.023226678
0.0007819422
0.99980795
0.00021921284
0.0004953173
0.009330031
0.0017605543
0.6875201
0.9998345
0.00025375324
0.0042340015
0.024772964
0.3269812
0.0057813562
2.4486177e-05
4.3143493e-05
4.430105e-05
0.0025585163
0.0011889051
0.000108493405
0.16655989
0.98438674
0.021897739
0.015549953
0.0067065656
0.9986484
3.2125902e-06
6.794535e-05
2.377521e-07
1.3604022e-05
8.21313e-06
0.0052831
0.11817777
0.0009716451
1.0007267e-06
2.2796321e-05
0.007611814
0.9999951
0.0195273
2.6126356e-05
1.5183771e-05
0.13818742
0.09023163
0.002331666
0.023412094
0.99991006
