0.9999974
0.009881367
0.43032682
0.0069767567
0.0036107583
0.998797
0.000120850906
0.004619139
5.4158863e-07
0.10213138
6.8705456e-05
5.7883026e-06
0.018957075
0.00028766913
0.00023840733
0.9999932
0.02359535
0.82234013
0.0003190475
2.0824456e-05
0.0022385218
1.717589e-05
0.0025589617
0.005608148
0.89450973
0.013716557
0.0036825375
0.17035425
0.0001882379
2.0824456e-05
0.3216478
0.95908004
0.0018994766
4.532804e-08
0.9934899
0.04619747
0.004295878
0.0009864644
0.4800526
0.0001666879
0.00050698523
0.007500114
4.939621e-05
0.9738609
1.0820972e-06
0.00096843304
0.041765064
0.95154524
0.998765
0.9981308
0.00051503634
4.532804e-08
2.6245072e-05
0.99999547
0.016812993
0.99999136
7.14355e-05
0.0009058547
0.99999994
0.19709498
8.975659e-05
8.633985e-06
7.74621e-06
0.10262613
7.9151854e-05
0.8297549
0.0009361834
7.295127e-06
5.9051345e-06
0.99999994
0.004200131
0.0037105724
0.99997723
0.0024057296
0.00013661441
0.007844354
0.92715985
0.90994257
0.0009459083
0.00023206003
0.00982942
3.348267e-05
0.004684701
0.9999357
0.0003266789
0.0022385218
0.99441105
0.01205231
0.033645645
0.03003006
0.00987344
0.7956089
0.0008130892
0.021080501
0.0057970686
9.995319e-05
9.385479e-07
3.348267e-05
8.9576e-05
4.3738823e-06
0.94587785
6.0409835e-05
0.009221936
0.0053658225
0.00040319897
0.002983426
0.0005782744
0.27060354
0.00022966301
8.043482e-06
3.439972e-06
0.0004753862
1.3790473e-05
2.860806e-06
0.000105849635
0.9999998
0.16854526
0.99952495
0.0013195926
0.1824363
0.9950385
0.011044126
0.00027417718
0.000674276
9.385479e-07
0.10815666
1.8229715e-05
0.0043556793
0.009064126
7.028528e-06
3.052086e-06
0.005249548
0.0062315487
7.8635385e-05
1.717589e-05
0.99765944
3.788022e-05
0.00018263859
0.99999195
0.00033417632
0.9997142
0.5953845
0.5922277
0.005087603
0.9999365
2.2956363e-05
0.0015917843
0.99073845
0.5657636
0.0009892649
0.16647714
0.02897749
0.9231166
0.9071586
0.00045487753
0.007836245
1.1188447e-05
0.5953845
0.031522516
1.6531188e-06
5.089142e-07
0.99066484
0.9997975
2.7068038e-05
1.1565729e-05
0.047153663
3.7919588e-06
9.224068e-06
0.01625965
0.009177311
0.0029995707
0.10588042
0.9954561
1.6195905e-05
0.003959012
0.2942022
0.9573569
0.0037105724
0.00012341952
2.3717246e-05
0.008775856
0.09364615
1.3266805e-05
0.0012545574
0.94260955
0.0008115461
0.004684701
0.9843019
0.004500411
6.841883e-05
1.2764167e-05
0.007972857
0.19616488
0.00025125768
0.0022225704
0.02377684
0.99999744
0.55158466
0.04481023
2.5150912e-06
0.0009058547
0.000116848234
0.98337203
0.007704136
0.024076276
0.00014963094
0.36175448
0.01041625
0.00032792112
0.00014820571
3.545342e-05
0.0606065
0.12235733
0.9256687
8.5239466e-05
0.01458162
0.0023340688
0.032380067
0.94260955
0.4309212
0.00058620895
9.72193e-06
0.013403199
0.012252443
0.98965853
0.999908
0.0026043877
7.7901335e-05
0.09349853
8.834057e-05
0.0028200585
0.48355377
0.7956089
3.5045337e-05
0.07610743
0.006790131
0.99999475
7.74621e-06
0.0032950349
0.00040710307
4.247495e-06
0.3348779
0.0004153807
0.90994257
2.5428935e-05
0.8493702
0.99798447
0.0010311508
0.004941135
0.99989784
0.14899972
0.11812144
0.004185363
0.0023821262
0.544563
3.862871e-05
0.9954561
0.025853239
4.4101364e-07
0.0069767567
0.006707976
3.7694604e-06
0.020905012
9.282796e-05
2.5770169e-06
0.09173238
0.0042482163
0.0003407534
0.99998146
0.040467095
0.00041160805
0.008547377
0.004512799
0.999812
0.026503986
3.1051497e-06
3.788022e-05
0.0037629532
0.9703705
0.018957075
0.0015222433
0.14341661
0.005952993
0.00045487753
0.0003925343
0.00024006104
1.6225911e-05
2.8393655e-05
0.0031709776
1.307416e-05
0.00020411554
0.00015492253
0.68346566
0.9950994
0.006598446
2.0313144e-05
7.14355e-05
0.0009800409
0.00028284217
0.00017105258
