0.99999964
1.3734588e-05
5.4489465e-06
0.99546856
2.293702e-05
1.999521e-05
0.0058439905
0.0017492373
2.5232716e-06
1.9242116e-05
0.99980736
0.0037378112
0.9485393
0.9352447
2.293702e-05
4.6100657e-05
0.013316681
0.9999999
0.64529145
2.0613472e-05
0.1435756
6.473329e-05
0.0032362924
0.0046759844
7.714687e-06
0.009688367
4.1554304e-06
5.33336e-07
0.873184
0.26128677
0.0012794707
0.64786524
0.13428642
2.5479412e-07
0.00029313436
6.5868453e-06
0.54590714
2.107388e-05
0.18591204
0.019695403
0.001430602
7.3484875e-06
0.00026875612
0.0015036014
0.00078195415
3.3437616e-05
0.010996574
0.9916377
6.707873e-06
0.000633088
0.00025023878
0.9999504
0.999661
0.99267954
0.0006009237
0.044568703
7.708377e-06
0.93608683
9.692575e-05
2.212846e-06
0.0058993627
0.029305218
3.037428e-06
0.00075378333
5.8525967e-07
0.00043263435
1.47677265e-05
0.027832842
0.07236272
0.0008712075
0.999981
0.015586551
5.140514e-06
0.0012291612
0.86418325
2.5936642e-06
2.8429074e-06
8.6634114e-05
0.93707603
0.5173639
0.008334809
6.371272e-06
0.032414746
0.0006650872
0.0011397039
0.010094555
9.625028e-06
4.240164e-05
0.010996574
0.0033186295
8.1430444e-05
0.99805915
0.00013118256
0.0026667428
2.1026792e-06
0.0069491435
2.0292962e-06
0.0016548266
9.560007e-05
6.518239e-05
0.00014380884
0.00012092019
0.9999997
0.00031119442
0.007336882
5.4347574e-06
0.15874709
8.1631936e-07
3.109622e-05
0.48233703
0.036471207
4.8445435e-07
4.40501e-06
2.4999636e-06
0.0017959115
0.039842315
0.0005940059
0.012722504
0.5173639
6.300968e-05
0.25470513
2.1926395e-05
0.000811695
0.042508353
0.10404525
1.0587278e-07
1.25272e-05
0.0025970875
0.0001117756
6.675146e-05
0.0022062967
0.8981171
0.8637365
6.365869e-05
1.1172987e-05
2.5934616e-05
2.499966e-06
0.17402044
1.031673e-05
0.00021750749
0.0002385574
0.0028283736
3.1206832e-07
8.494355e-07
0.031146608
0.9660193
4.9511914e-07
0.020672591
9.625028e-06
0.005697549
0.0010243625
6.344929e-07
0.0056492267
0.00013768561
0.017757239
1.4526553e-05
3.2434639e-06
0.0017959115
0.9998434
8.304755e-05
0.011686576
0.0008029038
0.0001005363
0.0013366243
9.560007e-05
0.08425324
0.0052167443
0.0002874109
7.144701e-05
4.062575e-05
0.9997908
4.1455505e-06
0.0005466499
2.8960853e-06
0.14692964
0.4134767
4.8475922e-05
0.11358266
0.99980736
0.00012352961
0.042508353
0.00011589282
0.0055838055
2.0647078e-05
0.1227817
0.00079400185
3.139853e-06
0.0014253651
5.7389275e-06
0.0013785464
1.9394085e-05
1.8014321e-06
3.8771388e-05
0.0029881017
0.0010754593
7.811185e-05
0.9944583
0.38312683
0.00059684284
0.0010363705
0.00013768561
1.0671353e-05
0.0007131093
1.4636564e-07
0.0075460663
0.0070362934
0.0066206465
3.5069093e-06
1.6858218e-07
0.015977606
5.6931634e-07
0.9456089
0.9955394
0.99997747
0.045790438
0.00012697703
1.3129574e-05
0.0054038777
0.99967843
0.002970058
0.0001157051
0.99986637
4.1554304e-06
0.7069725
0.0010809221
7.0490155e-06
0.00038706558
0.06860949
0.13335255
0.9997184
2.3983954e-05
2.1065984e-05
0.068201154
0.11512005
1.7198259e-07
6.3245294e-05
0.008728432
2.3933096e-06
2.6633093e-06
0.085748106
1.47677265e-05
0.004786053
0.05721164
2.293702e-05
0.26128677
6.4742217e-06
0.0009907723
0.08781718
0.992522
0.055999458
0.9867028
0.00042137844
0.0026105063
4.7799473e-05
0.0010650834
0.8637365
2.2657846e-06
0.036467936
3.7284783e-05
1.3734588e-05
0.3534655
9.941185e-05
0.9947311
0.00017209502
4.079078e-05
0.6452915
0.99987185
8.862432e-07
9.272418e-05
0.9988524
0.011165984
1.322126e-05
0.00024744158
4.6651367e-06
0.9999882
0.039842315
0.009373085
0.99261564
0.0011033862
0.01345599
4.1554304e-06
0.89889693
1.488291e-05
0.00015311046
1.1531008e-06
2.5232716e-06
4.5109205e-06
0.93608683
1.006478e-05
0.0013462495
0.00025628193
0.023157574
0.08425324
5.4104803e-05
0.99429774
0.001342537
0.011963804
0.58367586
3.7519296e-06
0.002849392
