1.0
0.0073520388
1.0
0.9999998
0.3341132
0.002143995
8.7767575e-07
0.00012151303
5.4039832e-05
0.00020945707
1.467217e-05
0.11006429
0.000108374814
3.298132e-05
0.0065069604
0.030465532
0.8175706
0.003955062
0.034076083
0.010459152
0.99819
1.1853918e-05
0.026989903
0.107584395
4.7401012e-05
0.00028015755
3.940231e-06
0.002356846
0.9999901
0.99990547
0.9494269
0.9999859
0.00012430214
0.00031044413
0.62371373
0.00487944
0.00032095148
0.00012557629
0.08549262
0.5511083
0.35430983
0.9981874
0.00113071
0.006486057
0.07433252
9.7384195e-08
3.3223478e-05
0.0040590423
5.087127e-06
0.99999624
0.20016742
0.03690481
0.00010154411
0.0026557748
0.9262376
0.0015050641
2.6540698e-07
0.99969953
6.149892e-07
0.022266641
0.07876599
0.014443643
0.0010167166
0.00017801566
0.0008992026
3.1661575e-06
0.97973096
0.7164457
4.189276e-06
0.10228877
0.99046326
0.2647275
0.0828549
1.3126958e-05
0.003760784
8.579505e-05
0.0651568
0.0015136502
0.004594435
0.9958594
0.9659057
0.00011038506
0.99430275
6.362119e-05
4.0685652e-05
4.457572e-06
0.9540348
0.080353506
1.3624029e-05
0.04934326
6.31761e-05
1.681547e-05
0.00016008966
0.98182815
0.9298348
0.042060196
0.030938568
3.6650445e-06
0.9540348
0.5742189
0.011666094
0.9999933
0.009195597
0.00078435946
0.96205693
0.016512156
0.0039717644
0.19330536
0.0003990202
0.0003534866
0.00085769594
0.5552757
0.567489
5.803607e-05
0.00011424782
0.4685811
0.006882927
1.1022218e-05
5.8758897e-06
0.000277091
0.97421235
0.5405921
2.577976e-05
0.0023430053
0.00087689236
0.19812825
0.94452536
1.214455e-06
0.5742189
0.00026411118
0.00047804817
0.00018327883
0.017342072
9.098123e-06
0.9521196
0.9958172
0.0014596428
0.4486505
0.42937577
2.8241671e-05
0.40743157
0.005989217
0.026885444
0.0046338337
0.99508107
0.076240376
2.2216764e-06
0.53874636
0.0009269653
0.0052559986
0.11403873
0.0022099128
7.1426566e-06
5.2212323e-05
0.00037037142
0.00023651052
0.011805675
0.99823326
0.0015136502
0.19330536
0.00090244965
0.03220424
0.8757713
0.567489
0.98616225
0.0096606
0.023600701
0.91788286
5.0925537e-06
3.7992584e-05
2.2786933e-05
0.07922617
4.018757e-06
8.399668e-05
0.0024991303
1.3488196e-05
0.0012599438
0.107584395
0.00027756006
1.2886414e-05
0.020549634
0.53737146
1.7341861e-05
1.0416979e-05
0.000105438216
0.57950854
0.24312368
0.0014444779
0.0054777185
0.9551138
0.00019638609
0.91355306
0.00029014732
0.03294705
0.06508364
5.6079138e-05
0.00012790228
0.0005978124
0.0021602034
0.12260711
1.9323526e-05
0.0024986262
5.2770152e-05
8.151532e-06
2.5806273e-06
0.3317584
7.823091e-07
0.0005327262
0.0044291075
0.0062581156
0.00038302093
0.0207677
0.24312368
0.32088977
0.99991727
0.91107
0.0041743116
0.020549634
3.6857912e-07
0.0063975495
8.825258e-05
0.00012708326
5.386829e-05
5.8758897e-06
0.0051164757
0.014522136
0.9659057
0.001047001
0.009976206
0.00014529996
0.9797467
0.031293504
0.11131562
0.0015245207
0.00032879013
2.800854e-05
1.094793e-06
0.0033587452
0.0002851716
0.0001122539
0.005512535
0.0031929612
7.9976584e-05
3.6857912e-07
0.0003534866
0.0028364894
0.000113716116
0.00022319067
0.010088224
0.0007474957
5.47402e-06
0.0036579934
0.0039525265
0.067746826
0.9873349
0.4677156
1.7861279e-05
0.035553023
0.002644456
0.10469591
0.040619623
0.3280398
2.2786933e-05
0.0013851118
0.0067104995
0.0039525246
0.10228877
0.27744365
0.9731225
0.85611063
0.01913139
0.019940965
0.0020103268
2.085699e-05
0.9123424
0.86461836
0.0011883469
0.011472544
0.0004767485
0.02906592
0.00045052555
0.06638893
0.06782286
9.2977236e-05
2.850641e-05
1.9424344e-06
1.0416979e-05
0.9505156
2.890644e-06
0.00063742267
0.99999684
0.00012811333
0.06782286
0.0015896404
0.97884434
1.9848238e-05
0.99999964
0.010393536
6.8420915e-05
0.018821843
