0.9980466
0.9999835
0.99999976
0.0026156888
3.4485416e-05
0.0029712203
5.5333646e-07
0.008101612
0.000112522364
1.2821138e-08
9.221871e-07
0.10628838
5.135973e-07
2.2162928e-06
1.0816907e-06
0.26479805
3.3177344e-05
4.8237285e-07
2.594673e-08
0.0014489995
1.863761e-08
1.3581881e-09
0.5443931
0.00080001925
0.0039907047
0.0014125656
2.8613991e-09
4.439294e-08
0.00091981434
0.0015875939
0.0033314119
3.9781808e-06
0.007810097
0.0035670989
2.2094117e-08
5.3383417e-07
3.964773e-06
4.849993e-08
6.517211e-08
0.00064763555
4.0835747e-07
3.2171286e-08
0.00024365901
1.5070266e-05
8.476915e-07
0.024633875
2.3821654e-05
4.392769e-06
0.14236446
0.00010768924
0.014341485
2.3031912e-06
6.785894e-08
3.411345e-05
2.4640582e-07
1.8438092e-07
0.0573933
0.035064645
1.8120957e-08
6.364944e-06
8.367382e-06
0.0013304828
0.0008323162
4.0747825e-08
1.3684372e-07
1.2677636e-09
0.83508575
3.6598612e-06
6.086689e-07
2.0147064e-08
0.0027211225
1.908756e-06
0.00066876446
0.70444614
6.517211e-08
2.646929e-06
6.207772e-05
0.043461185
0.00015800232
0.00029419686
7.9850827e-07
1.0333355e-06
5.218838e-08
0.0035442982
0.0036640323
7.928302e-06
1.5820724e-06
0.6941649
2.5796624e-07
0.74151736
1.4643547e-06
0.00014135918
1.2677636e-09
5.7083198e-05
1.5148997e-06
2.646929e-06
2.8475437e-05
3.5131488e-06
0.9994631
0.30581042
0.2906807
1.9460797e-06
5.0371906e-05
0.00072225626
0.996019
0.11301515
6.5235537e-07
5.5398566e-09
0.0017189098
1.9077156e-07
3.282584e-07
1.06694806e-07
1.0369958e-05
0.00012556706
0.00015523587
6.204073e-09
7.3894256e-07
0.0042708353
7.842049e-07
0.9992051
4.381502e-05
3.1271034e-07
3.4374928e-06
8.947716e-08
0.0012534204
0.00014181038
0.00031714514
2.181295e-07
1.0726109e-06
0.9841298
4.673343e-07
2.1019322e-07
0.00081448077
3.5001416e-05
8.56632e-08
0.0007210139
2.996515e-08
3.0537623e-05
4.1602655e-07
3.469445e-05
0.0041015497
0.0012942017
1.6974647e-06
0.9860268
6.0041016e-06
2.1135425e-07
0.0050100754
8.346126e-05
4.4002696e-05
0.0039907047
6.809712e-08
0.00075765996
0.0011455859
0.0003049236
2.4030342e-06
0.009002523
0.000110702764
9.547216e-05
0.008080919
1.908756e-06
1.6096106e-07
9.2992035e-05
8.56632e-08
2.1125896e-05
0.040165
2.070716e-06
3.0339712e-05
3.0351027e-06
0.0052042603
9.875384e-06
0.008101612
0.00015676756
6.19761e-06
2.2769705e-06
0.0043880865
1.0781071e-07
0.15693104
2.9606247e-06
0.5193261
6.710043e-05
0.31562832
4.7041738e-08
2.6424548e-06
8.947716e-08
0.0020089145
2.7954368e-06
6.417299e-05
2.2857594e-07
0.048543032
0.0016545398
8.847478e-05
0.00010458835
0.0017099116
0.004484662
0.0006728897
2.9412033e-05
0.97947246
0.015556919
0.68673897
0.0005818612
2.6962073e-06
0.000105992454
8.918393e-08
0.0010836471
7.5016644e-08
3.4058794e-06
0.40250513
0.07628665
1.9015782e-09
0.0007364703
1.2109861e-07
4.3634606e-07
2.5392958e-06
5.219174e-09
0.0015808648
6.364944e-06
0.004632681
0.0026063889
0.07686043
7.759195e-05
0.00041842475
0.0034505117
4.1602655e-07
3.3217418e-06
2.8903132e-06
2.860872e-07
3.8730072e-06
3.1379867e-07
0.11217071
5.031267e-07
3.0608626e-06
0.0009907547
0.014341485
0.99914545
0.99950707
6.4495197e-07
1.3219432e-05
0.099407166
1.9463284e-06
0.00044792346
0.0007862318
0.0020089145
1.5920724e-06
0.00013022093
0.0006548651
0.9998376
0.9808393
1.06694806e-07
0.0006728897
2.0471018e-07
1.1586212e-06
5.054829e-07
2.1088542e-06
4.4743327e-05
0.80647856
7.914612e-05
2.4657038e-07
4.7944646e-05
1.1828096e-07
2.0639123e-05
3.9614028e-05
0.9989639
0.9351393
0.034608107
0.1271439
0.00019753334
0.003958527
2.2850388e-06
2.996515e-08
5.1024574e-07
0.0012942017
3.6903632e-08
3.814972e-05
2.648136e-07
1.4452502e-05
0.9104852
0.5193261
0.42635167
0.0005592084
0.00017820315
0.9999871
1.070325e-06
8.069092e-05
0.012567001
4.634451e-06
0.00018605981
0.006357558
3.879048e-07
6.9216085e-08
6.108354e-05
2.2463853e-07
0.99866813
6.948287e-06
0.08593659
0.00027355886
0.000118074815
0.45358533
1.5954512e-06
3.1847333e-06
0.0129687935
