0.9999966
0.99999875
0.0037931004
0.00046664607
4.6455167e-05
0.0012496964
2.7304775e-06
0.012224998
7.302707e-06
4.861654e-06
6.467884e-06
0.41396648
0.0011481445
0.9974952
5.631486e-06
0.016099468
5.679027e-05
0.086265534
0.008731691
1.6675372e-07
0.5697904
0.0011252178
0.06922275
0.028170176
1.6675372e-07
0.0028172387
5.7707202e-06
0.735632
2.8381294e-07
1.3178812e-05
0.99935
0.1641554
0.021881511
0.002926505
0.00071561016
0.9979688
6.0209917e-05
0.00022625999
0.0004146581
0.00049706444
0.99844986
0.0002802147
0.00024319692
1.7471308e-07
0.06552193
2.4751214e-05
0.0032610963
0.0014693575
0.00019193227
1.5156918e-05
3.4280158e-05
8.598947e-06
0.0005523986
6.1844796e-05
0.98012584
0.018721465
0.0049079764
0.7466707
1.2875636e-06
0.048332714
2.876866e-06
0.8076616
0.010669132
0.9203498
0.00026508747
0.0544954
9.462822e-06
0.9363829
1.07116644e-08
1.21193525e-05
0.0019453984
0.9564431
8.312502e-06
0.0004558103
0.0010332976
8.598947e-06
7.088563e-05
6.348654e-06
2.6389684e-05
2.0660273e-06
0.5937696
0.00016119651
6.7083593e-06
0.9999949
2.7304775e-06
0.00032440957
5.164029e-05
1.732594e-06
1.8012664e-05
0.0017676245
9.036452e-06
0.018227588
3.3245212e-06
0.00055267906
0.999499
3.168406e-07
0.0019447504
1.4481475e-05
0.32283604
6.014206e-07
1.36132485e-05
0.9363829
0.0057042358
9.987811e-05
0.169624
0.0010332976
0.010657517
6.3755692e-06
2.902531e-05
8.8878096e-08
2.3463228e-06
9.523569e-06
0.002669934
0.10903502
0.45338702
1.0549961e-06
2.1115554e-08
3.725591e-07
6.085435e-05
0.7400632
0.01109318
0.0066724857
0.9969174
0.003761009
0.03083288
1.0760955e-06
0.9999333
0.0006037226
0.051080797
0.8378902
4.4933477e-05
0.00071727886
1.6816688e-05
0.007684331
7.68727e-06
0.90613216
0.6542114
0.00041025755
3.2688175e-05
9.375692e-07
0.010525903
4.3787426e-07
8.1909406e-05
8.114189e-08
0.019238073
0.0021074442
1.6744098e-05
0.00021970143
0.00046788546
7.088563e-05
0.9991839
0.52450615
1.6856764e-05
0.0002074811
0.0008100461
0.9835767
0.04074984
0.76571834
0.007811837
0.0005992956
0.00085325097
0.004718186
0.06014816
2.0725474e-05
0.003839362
3.2692485e-06
2.4220699e-05
0.013869411
1.4434369e-08
0.0049670786
0.93419105
0.28484797
0.99062186
0.00022336865
0.00022185106
2.6571455e-05
0.00093343697
0.009974747
0.008970207
0.024654744
4.635763e-05
0.12778135
1.6935588e-05
0.00016079677
0.00037121374
0.00090836163
0.75468653
0.00071561016
1.07116644e-08
4.861649e-06
0.0003238904
0.00014385629
0.06922275
0.0011588366
0.0003572675
0.8268768
1.0549961e-06
0.5109808
0.015832918
7.678764e-06
2.864202e-06
0.016099468
0.19722813
4.0989416e-05
0.007684331
0.05240112
1.7761302e-05
0.0012290605
0.021566568
0.956707
0.00015033701
0.5596697
0.00024319692
0.004989811
2.4924386e-06
1.3798616e-05
0.0102970395
9.388894e-05
0.00010681196
1.8569377e-05
0.012224998
0.00090836163
0.99062186
0.025118392
0.9970721
1.6761197e-06
0.0002668122
0.99844986
2.5222389e-05
0.5966131
0.6861123
0.9999193
0.0027923947
3.6367971e-06
2.8791004e-07
1.4309677e-07
0.0006403106
0.11241817
8.774224e-06
0.036073215
1.331798e-06
0.56293243
0.9957796
3.8019422e-07
0.272465
0.0021165584
0.3453932
0.0042081163
0.0016453171
2.5651298e-06
0.00066805707
2.258573e-05
0.9995788
0.01093265
0.9970721
0.7934159
0.00046664607
6.2503614e-07
0.0899032
0.0006403106
0.034536
0.00046664607
6.2601686e-07
1.1488142e-05
3.3912295e-06
0.9999983
9.19007e-06
0.0031653622
0.019238073
2.0665948e-05
4.1915977e-05
0.0005992956
0.0042081163
0.012909507
2.0490659e-06
0.01093265
4.6455167e-05
4.03391e-07
0.0002851885
1.0
0.00021974019
4.1105527e-06
7.069291e-05
0.00021492502
0.0002074811
9.239963e-05
0.026071811
5.1256727e-08
0.00010446555
0.0050552352
0.00043501472
0.0032610963
0.011112095
0.2819459
4.9126415e-06
8.06093e-06
1.0760955e-06
0.9989882
0.0016235536
0.006376449
