0.9792968
0.9933482
0.00066810544
0.99999905
1.0
3.8474586e-06
0.0003096779
4.7489027e-07
3.7221726e-05
0.011424052
8.16698e-05
0.9888586
0.0004849413
6.3236385e-09
0.00033785767
2.9075368e-08
0.0004975124
1.0074892e-06
0.000119166674
0.02257172
0.011974054
7.212258e-05
0.95567906
0.006753505
0.0010711281
0.9989015
3.7057472e-07
0.0019346386
0.3198166
0.019797398
1.7807042e-05
3.5100154e-05
0.00085326313
4.067684e-06
2.1277915e-06
0.9823129
0.78027153
1.0452345e-05
7.987055e-06
0.002097077
0.007581782
8.6304505e-07
6.4011147e-06
0.00033015086
0.7042445
1.330875e-06
2.0310974e-05
0.0031480766
9.5127376e-05
0.99933124
0.027549848
2.2084075e-07
0.677916
0.066767134
8.12557e-07
0.012939424
4.0151187e-07
0.03566628
0.0011833643
9.1263576e-07
0.008217012
0.00064233557
0.0020787893
0.0010330752
0.9999741
7.9142344e-05
0.9997512
0.0010511235
2.695688e-06
0.99996984
1.100445e-07
0.0012153457
0.0008797378
1.6958401e-06
0.00050725276
0.13346946
0.0081886845
7.302369e-07
8.960867e-08
4.7646467e-05
0.00010182472
7.155426e-05
0.11148644
0.002310039
0.9995471
4.7337096e-05
1.8329183e-05
0.18344668
4.8450784e-05
6.2113904e-06
0.00063500996
0.9763469
0.0007720709
0.003827315
2.7345948e-06
0.76944035
0.00046097377
0.00023650916
7.110625e-06
0.99997073
0.002226604
0.047434665
0.99998426
0.0008797378
5.7483227e-05
0.00091360946
0.002763301
5.6806634e-06
0.023413826
0.00013997815
8.371232e-07
0.0033001537
0.00017574054
0.9956013
0.003462594
5.5667115e-05
0.91236776
0.000507253
0.011027213
8.612378e-07
1.6958401e-06
4.5856257e-05
0.0012432318
7.951544e-05
0.4298828
2.7626224e-05
4.0025658e-05
0.000101600184
0.0027441827
0.0012889513
0.2208508
0.0010853637
0.0049877097
0.0100004515
0.0010589124
9.929693e-05
0.004380413
0.00025623158
0.00021512984
5.590587e-07
0.9999746
4.067684e-06
0.98612654
9.972479e-05
8.12557e-07
0.0025141
0.051936597
0.9908677
9.131505e-05
0.72178894
0.00040609296
0.0001146009
0.0022909695
0.9994975
0.00603569
8.3499624e-05
2.4903045e-07
0.06769816
5.8641963e-05
2.3356951e-07
8.432123e-06
3.59126e-05
1.3320759e-07
0.00014989542
0.0013761695
0.92317444
0.3953857
3.7923567e-06
0.06768672
0.10929563
1.3388925e-06
3.1143907e-06
0.0034474418
0.33105254
0.2860535
0.0014255219
5.1777242e-06
5.7948973e-06
5.106289e-05
0.00031020332
0.012939424
2.2733839e-06
4.3848144e-07
0.0056088846
0.0056586447
0.71521884
0.024048729
0.00040920003
0.92317444
3.7945876e-05
1.0176196e-05
4.2524658e-05
3.7115424e-05
1.6409505e-05
4.7262265e-06
0.9999996
0.0030358776
4.785954e-05
0.002472635
2.71639e-06
0.03435366
0.005694713
3.9490234e-05
6.1098007e-07
0.18728639
1.6344563e-07
7.762087e-06
0.010472406
0.0007720709
0.012761663
0.00049787195
0.00074547005
0.011311269
0.9990754
3.208481e-06
0.9998576
0.99410707
0.0002823182
0.003347896
6.2113904e-06
0.0067668115
0.003827315
0.00031541678
0.8625771
0.26370582
0.00058537367
0.0005943941
0.00010057206
0.048203673
7.810866e-06
4.1480715e-05
0.0044219773
0.72279185
3.3762308e-06
3.372735e-05
0.9996835
0.9999746
1.2842334e-05
1.0074892e-06
1.918332e-05
0.0067223716
2.5616886e-05
0.00097145716
0.00019405027
0.0039001042
0.7464659
6.640469e-06
1.4693277e-06
0.8674068
0.00019039681
0.00041381916
0.99965614
3.156498e-06
0.9998288
6.9190736e-07
5.8043763e-05
0.8833164
5.236212e-07
0.962678
0.004254288
0.06493542
0.0028178443
1.3238116e-06
0.00027135917
2.4292394e-06
0.003384687
0.00019036376
2.7959275e-05
0.0041851145
0.0006712762
8.432123e-06
7.432687e-05
6.977824e-06
0.021861019
0.954791
8.265619e-06
0.9998879
0.005583313
0.00080924295
0.0025218008
2.1325513e-06
0.0035534475
2.0197169e-05
1.1977804e-05
9.2459384e-05
0.022641605
0.9510877
0.08448733
0.00085326313
9.584625e-05
0.0040500714
0.0010321396
0.9997205
0.006149208
0.000201166
8.27455e-05
0.020385163
6.696617e-06
1.0037136e-05
1.7275208e-05
