1.0
1.0
0.0056645474
0.999947
0.11959456
0.0076378137
3.2698837e-05
0.18406446
0.5914373
1.228855e-06
0.007663488
0.83806586
0.052512195
0.000108127584
0.0021411432
0.99844354
0.00057151774
0.004875642
0.0028350465
1.3020458e-05
0.014325782
4.127785e-05
0.07892332
0.99850124
0.07898421
0.9997216
0.003342837
0.0042014597
6.238172e-07
3.917389e-05
2.1031417e-05
4.5904693e-05
0.00073649484
0.116003886
1.842134e-05
0.000119729346
0.014015693
6.1563536e-05
0.00046408694
1.4629742e-06
6.0599814e-06
7.695228e-05
3.88884e-05
0.40299368
0.00044224397
0.0032891517
0.00076548196
0.0034982068
1.804478e-05
1.2465742e-05
0.0006280826
0.7429178
0.045675732
3.8808157e-05
0.004431396
0.96074295
0.4932942
0.009885735
0.013976737
7.223757e-06
3.1769991e-07
0.0053257523
0.0030146958
0.0046601547
3.1299962e-05
0.00037841528
0.0011159474
0.03572728
0.9709342
0.9630402
5.2032687e-05
0.7504958
0.007498421
0.38376233
0.14889905
0.0001243166
0.00037523248
0.0014367623
0.00010405783
0.1274494
0.0005728484
0.00015488797
0.22746487
5.3363037e-05
0.00019264512
0.00012673897
7.666449e-06
0.00168701
0.08772379
3.4824792e-05
0.9999942
1.290882e-06
0.017630748
0.7504958
6.1427465e-07
2.0679176e-06
0.9997657
0.0052744295
0.011730607
0.98815256
0.23127335
0.97936285
0.03790412
0.00018854039
0.085463315
0.0011159474
0.0031416845
0.00016437563
5.255957e-06
0.043229107
0.042177692
0.00019562789
0.905731
0.011812859
0.99997693
0.9999832
0.9974895
2.0993104e-05
0.0004917687
0.0037807133
0.204089
0.0031091163
0.007010773
0.03993571
0.00028487272
4.3263503e-07
0.9999968
0.0005411418
0.022810377
0.0034118302
2.3792863e-06
1.0
2.613894e-05
1.333351e-05
0.00019199743
3.1064767e-06
5.96548e-05
0.9208084
3.2090013e-06
1.5836181e-06
0.00033032024
0.004902348
0.0041383402
0.00010975855
8.494037e-05
0.06598943
0.0033615716
0.09158176
3.6792306e-05
0.008866259
2.8889767e-06
7.310306e-05
1.3977054e-05
0.10493102
0.0016481503
1.4764037e-05
0.011742067
0.10061726
6.0599814e-06
0.98200005
0.37171194
0.030775337
0.95601904
0.99988544
0.0026060294
7.0742426e-06
7.695228e-05
0.8176978
0.00010554676
0.00015255595
9.280893e-06
0.0021185805
0.013273863
0.97778726
5.6400268e-06
1.0423429e-05
6.9283174e-06
1.8223856e-05
0.014325782
0.02101919
0.9999129
6.114963e-05
0.0006866807
1.552116e-05
0.021568093
0.80759525
1.2671033e-05
0.99998826
0.999631
0.0040072277
4.220728e-06
0.0010600887
0.00023601358
0.22560892
0.0025270358
0.0024084202
0.0019801003
0.00037841528
1.3225548e-05
0.27697688
3.7059842e-06
3.0653864e-05
0.79637665
0.03167097
0.86839205
6.60168e-06
0.4523412
0.9334404
0.039523035
0.9984624
0.14918633
0.0014008932
7.922918e-05
0.0005008307
0.011670999
6.35837e-05
6.1155183e-06
9.851924e-06
0.11843981
2.5843906e-06
0.00059784885
0.00023169459
6.1563536e-05
5.778981e-05
0.9677273
0.033014115
0.000342098
2.7325198e-06
0.034094427
3.802961e-06
0.03168337
0.032524016
0.97620577
1.6797635e-07
0.9868825
5.488786e-07
0.8023544
0.00088126224
2.5226027e-06
0.000392617
0.075940825
4.321491e-06
0.0019633472
7.695228e-05
1.9787897e-06
0.97625667
0.5414495
0.9994608
0.50707555
7.212711e-07
0.48966038
0.9912224
0.032299627
4.5904693e-05
0.00072166487
1.228855e-06
0.010783896
0.0002993043
3.108762e-05
0.91148335
8.561462e-06
2.1450405e-06
0.009885735
2.7649156e-05
2.3518152e-07
0.045796346
3.2090013e-06
2.2428141e-05
5.7795103e-05
0.050005008
0.8056
9.587138e-06
0.003574795
6.522461e-06
0.00022919115
0.013477833
0.16742174
6.45491e-07
0.6952009
0.24425195
0.0038255847
0.23127335
0.00040788777
0.011706297
0.9999999
0.29248405
0.0003393448
0.00010975855
0.0018180357
0.0015164072
0.0010337898
0.013412875
0.0066099423
0.9059685
3.4219977e-07
4.983043e-07
0.974269
0.2228302
0.9902787
0.0040638256
