1.0
1.0
1.6242721e-07
4.966759e-06
0.0018710785
0.0018028145
0.00019505105
0.20206797
7.345912e-07
2.2260743e-07
0.26760757
0.9999947
0.00074741984
0.065776266
0.000852003
0.2346799
0.0002953373
2.5188695e-06
2.2456307e-08
8.9403286e-05
0.005367411
6.214319e-07
0.00078941527
0.00014087181
0.00018401867
3.9747985e-05
0.33829042
0.00024014436
5.5222717e-05
2.0568471e-07
0.006611896
2.8173292e-06
0.00010616523
1.767391e-05
0.9918755
5.480528e-06
0.0009264788
0.41525766
0.00024415666
0.00019010366
0.9267426
1.23338095e-05
1.747644e-05
0.7105906
1.54393e-05
1.54393e-05
0.067881815
0.0048930245
0.00018723635
2.6150585e-05
5.2089184e-05
0.14984234
0.00011632495
0.7108644
0.84662426
2.2927703e-05
0.30890557
0.99975723
0.0024914227
6.453261e-08
0.00012965816
1.1715232e-06
4.9761898e-06
3.7624532e-06
4.7280204e-07
0.00038357638
0.00078736467
6.403945e-07
7.36749e-05
0.99463785
1.1817291e-05
0.0021046735
0.006921305
8.055123e-05
0.9992834
2.0568491e-07
2.7559006e-06
1.3350964e-07
0.91984195
7.439182e-05
2.8921966e-06
1.752591e-06
2.6635507e-06
0.60086226
4.9299648e-05
6.839821e-07
8.0618605e-07
1.8402585e-06
1.5817177e-07
0.00022075111
1.2326578e-05
0.00013345819
6.657196e-06
0.00017904368
2.5188695e-06
1.3356237e-07
0.013095302
1.4710915e-06
0.12010931
8.350021e-09
0.96578056
0.46047848
0.011423771
0.021670744
2.2442696e-07
0.23288484
0.0002039074
1.50272845e-05
0.008854412
1.13895794e-07
0.018303346
0.0002674229
0.12495008
3.267872e-08
2.8438753e-06
0.0020320253
0.53953314
0.0060294005
2.7698848e-09
1.4152737e-05
1.1718958e-05
0.013376704
5.97823e-06
8.917525e-08
0.8879211
2.7147815e-05
3.0369702e-05
5.97823e-06
3.0554352e-06
1.8471532e-07
0.021670744
1.7269736e-06
0.0028674586
1.5975216e-07
0.0015980281
0.00013103055
0.00024716664
0.9938588
3.296805e-05
4.00327e-07
0.011094864
0.3027443
4.724645e-06
1.6109103e-05
1.860279e-06
1.1425197e-07
0.9883158
0.88147885
0.00021184536
1.5302752e-06
4.6974182e-07
0.966937
8.0618605e-07
0.0006383893
1.0276581e-06
0.10425302
0.00010534104
2.4322462e-06
0.999988
5.15772e-05
0.00017062384
0.9943753
3.5053825e-05
1.54393e-05
0.0001933409
0.46047848
2.4153069e-05
0.0005416641
0.00022561653
0.99304426
0.014524552
0.22913021
5.946701e-07
0.00019303714
1.94751e-07
5.130015e-08
0.003915876
1.2352502e-05
0.014406351
0.004366184
2.2260743e-07
0.46047848
0.79328763
3.254466e-05
1.8123854e-05
0.013362011
0.047984228
1.0330869e-05
0.00033067155
1.6687304e-06
0.00015250519
0.00069806405
1.7900875e-05
0.07242754
7.017017e-05
8.4519016e-08
1.2460562e-06
0.00013345819
1.9742674e-05
2.6402777e-08
1.2847253e-06
0.0018070878
0.008022916
0.0006019937
0.0002572626
5.7593284e-06
3.3340817e-05
3.0369702e-05
3.4889577e-08
3.3356957e-07
0.0005026725
0.028331902
2.8625582e-06
3.267872e-08
8.166451e-05
2.7147815e-05
0.00024716664
0.010284292
0.78967977
1.4200447e-05
3.905747e-05
3.905747e-05
8.624164e-07
0.00073852955
0.00033067123
2.638129e-07
0.018772371
2.7528508e-06
2.6047096e-06
1.1918426e-06
0.9979109
1.4710915e-06
0.0003804989
8.683249e-06
1.7489743e-06
3.6149193e-06
0.00014711959
1.5147928e-06
0.000491038
0.0012030676
2.6635507e-06
0.0008157091
8.0089e-05
0.0005577727
1.2375614e-05
0.014979922
1.3694894e-07
1.8471532e-07
0.00019010366
6.9811385e-06
9.9498884e-08
0.062495414
0.0009983687
1.5007244e-06
3.5477225e-07
3.570709e-05
0.0005265145
5.5689892e-05
8.212818e-07
4.834533e-07
0.00032006536
2.8042348e-07
0.012756353
6.536895e-05
7.406711e-07
1.7597021e-06
0.00016345567
2.2711055e-07
2.2407536e-07
0.00020870232
0.00013350324
0.0039619277
2.3187463e-06
0.00044975147
2.1586053e-05
1.4695081e-05
8.65405e-06
0.0014789172
0.50925714
4.8803886e-06
0.0011492693
2.1620062e-06
0.79328763
0.049899973
9.713755e-06
0.0015019244
0.017447112
0.9999973
0.0013578358
0.011221718
0.5792785
0.0008646016
0.16653137
1.0847881e-05
0.96578056
1.4347202e-06
0.12339599
1.8123854e-05
0.0008157091
0.0028301522
