0.00017716241
1.0
0.99999994
0.9999998
1.0
1.0
1.0
1.0
1.0
1.0
0.0011148752
0.00023270614
4.912183e-07
0.12711787
0.0008640214
1.5063442e-05
5.027309e-06
1.0413877e-07
5.1322655e-05
0.0010095249
0.0011317402
0.0007271282
8.7951827e-07
1.0850954e-05
0.0020837996
2.6506514e-05
1.6556621e-06
0.0050070384
2.0107893e-07
0.0018591745
0.46598095
3.1597754e-08
0.00054629834
0.00017585354
0.006464473
1.8152672e-05
2.5897418e-07
0.036544736
4.2408636e-05
6.0415346e-08
0.037137896
3.0042816e-07
7.959529e-06
0.06538021
2.184001e-07
5.7591205e-05
3.4009838e-07
0.103733905
3.429512e-07
2.6994928e-07
0.005478347
1.9870688e-06
7.194575e-08
0.8425727
1.9763554e-07
4.2408636e-05
0.0045473287
1.0011611e-06
5.5187734e-06
0.00029003972
0.00061630306
1.0011611e-06
9.555778e-05
7.195574e-06
2.1951092e-08
0.0001377401
0.0001294942
0.75582105
3.43125e-06
0.0015257036
4.2267297e-06
8.705373e-05
1.6681719e-07
0.0008276074
4.266088e-06
5.529387e-08
5.2249132e-05
6.2943394e-07
3.2725853e-05
1.6926877e-07
1.7352944e-07
5.9856586e-07
0.0013912898
0.0001361212
0.00018187707
0.3981539
2.0672086e-07
3.4627124e-06
7.501378e-08
0.00088899257
5.1632732e-08
2.9543668e-07
3.901549e-06
0.9958424
1.5063442e-05
0.004679459
2.451395e-06
0.008222135
0.9998082
4.3487707e-05
0.00045116115
0.0009880865
4.26608e-06
0.052018728
1.9604754e-06
8.601178e-06
4.3741406e-06
0.00053731527
7.5917626e-07
0.00397735
4.7644622e-07
0.0020413373
0.55979115
0.0010361287
0.00033817085
0.80628675
9.654183e-05
1.7142767e-05
1.1843565e-06
3.4330586e-08
6.296523e-05
4.5678662e-05
0.098619506
5.102101e-06
6.909119e-05
0.00045116115
0.0049536917
5.1035425e-07
2.1333617e-05
2.406527e-06
0.00010982125
1.12146466e-07
1.3822969e-05
0.0008640214
5.027309e-06
0.99896264
7.916734e-06
0.003888887
4.0300915e-07
7.8683515e-06
7.4213193e-07
0.0001361212
0.00016099222
0.018917855
0.043970916
6.597606e-07
7.501378e-08
5.2033356e-06
4.974069e-06
1.2229486e-06
7.4799107e-07
4.671128e-08
0.1586935
6.032628e-07
7.7816685e-06
3.9338256e-06
0.0010457883
3.1410217e-08
0.47658107
0.00025791518
6.292863e-08
0.0009906711
0.0008516451
0.00809427
0.16434564
7.361888e-07
1.3771783e-05
2.8403872e-06
0.23690595
0.99945337
1.340485e-08
3.8283167e-07
8.833382e-05
7.916734e-06
7.501378e-08
0.12711787
0.0063519008
0.001193977
0.0008890845
2.6994928e-07
0.18690209
3.5319566e-08
1.14538125e-07
4.5365555e-06
6.195071e-07
0.99653983
0.001429774
1.4082969e-05
5.1632632e-08
7.711016e-06
2.9355832e-07
0.54871684
0.0026861134
0.000915722
0.19293742
4.8098147e-05
4.458893e-07
1.3318018e-05
6.7679016e-06
2.7131638e-05
9.331342e-05
0.000104269995
0.99944514
0.0010213315
0.00010164428
3.299071e-09
1.5688416e-06
1.5415391e-05
5.7824207e-07
4.1435346e-06
6.382526e-10
1.981989e-06
0.00032089397
0.0010094725
1.31227025e-05
2.3575287e-06
3.1654312e-07
0.054479584
0.00031320768
1.5770434e-05
3.0583018e-07
9.284017e-05
1.340485e-08
3.39031e-05
1.4672413e-06
0.08351259
1.7982238e-08
0.0009491447
7.883089e-05
2.0218017e-07
0.0002268138
3.4266955e-05
0.4436511
6.343289e-07
0.01650387
0.00011283643
0.001193977
4.9818266e-07
3.6810974e-08
4.629764e-06
4.0493083e-05
1.0
1.8063522e-06
4.0493083e-05
0.061494727
1.101979e-05
2.5442552e-07
6.658991e-07
0.00096946605
3.8964725e-05
1.340485e-08
7.967828e-09
0.00010367017
4.739496e-08
1.1923901e-09
3.7120008e-06
7.916734e-06
0.5597911
7.501378e-08
3.0776203e-08
1.7066976e-07
0.9999791
0.053453468
0.00023126532
4.2404426e-07
0.0009275131
0.002071152
0.00596614
2.8712364e-07
1.4567438e-05
0.99984485
0.010354466
5.9291717e-05
7.682778e-06
3.7451766e-06
1.8738491e-07
1.7258672e-06
0.0035279933
4.8245006e-08
6.786603e-05
0.0007802768
0.043970916
8.3297414e-07
0.0001233661
3.079835e-05
0.08462217
4.985258e-07
4.5862676e-06
6.7921874e-08
9.4901816e-07
0.0016863034
0.0010095249
7.6862875e-08
4.329667e-06
2.135556e-05
0.98759925
0.0016988396
2.8014202e-07
8.7951827e-07
0.039262258
