1.0
1.0
0.0018061952
9.386164e-05
1.0
0.4520151
0.000271958
0.46869245
0.8858911
0.00016116763
0.9783949
0.9783949
0.29053828
0.999973
0.00013442809
0.0016673259
1.4228033e-05
0.00021434402
0.0011909992
0.8227491
0.16250971
0.99999714
0.00027645822
0.25963134
5.3781895e-07
0.018238578
0.056109034
0.015066032
0.99424374
0.00024938892
0.46154776
0.0011170263
0.10699587
0.9999869
0.64956975
0.061064627
0.9999405
0.00014620206
0.010249357
0.999978
0.00047061665
0.00027117142
0.0010955371
0.00055410794
0.0570783
0.009109449
0.74534285
0.07351705
0.006064353
0.043357152
5.9951985e-06
0.9710398
0.99977833
0.00012058937
0.09365262
0.03933182
0.031271577
0.0020163974
0.032072376
0.00012917379
0.7489559
0.97714967
0.00054470496
0.09412168
4.360255e-06
0.0570783
0.016047547
0.54679644
0.00065826724
0.002486319
0.034245264
0.092913434
0.00012058937
0.99997073
0.0022979828
0.0018336279
0.46637994
0.8207914
0.059520483
0.00017689215
0.68537843
0.12811774
4.7393285e-05
0.8207914
0.23597878
0.0033274782
0.99906766
0.061345935
0.011471721
0.42852166
0.0019842857
0.034701787
0.06934007
0.7878976
0.33193484
0.017659528
0.0013975059
1.2805767e-05
0.9965905
0.000497447
0.034384787
0.0076089366
0.00018399954
1.5984628e-05
0.23420948
0.01716826
0.04124173
0.032510776
0.00086595543
0.0038081557
0.0041738874
0.0017615594
0.032465644
0.9973301
0.019137459
2.1852614e-07
0.002051786
0.0006330111
0.13197435
0.0001647629
0.06295496
0.02519795
0.00071220903
0.02530346
0.25557733
0.0021016232
0.050387025
0.459893
0.0033284316
0.22604343
0.10503465
0.1785682
0.027775683
2.6464131e-05
8.4096704e-05
0.17350347
0.004731375
0.70411134
0.99620324
0.0011079046
2.261351e-05
0.91175526
0.20485236
0.0789001
0.0005013737
0.0026600119
0.00053288083
0.0046679424
0.7394558
0.35528827
0.042695507
0.0006393057
0.99700123
0.0012115274
0.9998749
0.997441
0.00035576118
0.0046679424
0.9731624
0.052201215
0.0006249624
0.9999959
0.43892345
0.97714967
4.934927e-05
0.9783949
0.019839024
0.0029132143
0.011283987
0.99875826
0.00024188435
0.61095273
0.0004199032
6.525876e-05
0.00061750924
3.781269e-05
0.9999596
0.845743
0.7081
0.00022659269
0.033671252
0.99803996
2.904641e-05
0.99910784
0.19660816
0.22258091
0.26078025
1.7314578e-05
0.99982405
0.06468455
0.99038017
0.19660816
3.9935527e-05
3.153696e-05
0.002486319
0.8343498
0.99961674
0.0012115274
0.98348194
0.009664492
0.9976601
0.9688415
0.9447567
0.0014231306
0.028667605
0.032510776
0.033602167
2.0578882e-06
0.10168658
0.9944161
0.105314866
5.438165e-05
0.0011692374
0.016047547
0.0005169062
0.14714961
0.99997073
0.0016831734
0.0037062739
0.0023971994
0.99999976
0.99999976
0.99929947
0.655371
0.33193484
0.006455726
0.6363814
0.00086339924
0.10168658
0.9999992
0.84494203
0.9977502
0.9999556
0.00010221102
0.04124173
0.99992484
0.010391501
0.9999939
0.9798192
0.94028485
0.9791896
0.0035067694
0.0006729471
0.999666
0.9992002
0.8858911
0.005470629
0.0026129147
0.0016831734
0.08853125
0.99736714
3.713185e-05
0.1254948
0.9999891
0.0003401792
0.09391235
0.9651876
0.0023670292
5.3509593e-05
0.0001836644
0.5873486
0.24811107
0.003185232
1.3267766e-05
0.99998915
0.010698041
0.077143036
0.0004196143
0.002466772
0.20886385
0.00045002098
0.009192573
4.360255e-06
0.020578664
0.0004352101
0.45457363
2.2921626e-05
0.9999914
0.97553694
0.07747075
0.029895667
0.00022115582
0.0016775228
0.99999255
0.0570783
0.055019815
0.044464562
0.005862389
0.010724807
0.49467364
0.013658608
0.7893438
0.00053422747
0.0022359192
0.999973
0.2853786
0.061064627
0.006590377
0.94028485
0.7878976
