0.999209
0.87665164
0.110735215
0.99634296
0.6126844
0.9998325
0.040785473
0.0005087728
1.3466746e-06
0.9922165
4.5451452e-05
0.0026334769
0.9799854
0.0004738638
0.016364343
0.0001804752
0.82709056
0.00041550407
0.40308318
0.99816096
0.99991924
0.027404904
0.0024629273
0.04961148
0.7429082
0.014099044
0.004119107
0.0013482325
0.9999737
2.42396e-05
0.0001934436
0.00012170971
0.0005784023
0.99938387
0.338609
0.049815807
0.048486806
0.000496696
0.024924876
0.014099044
0.00013922286
0.0004738638
0.9244035
0.0005855924
0.011791659
0.001382929
0.047662877
0.0014861284
0.0063495478
0.0074455743
0.037306424
0.22949731
0.011774946
0.99805367
0.07975837
0.010371485
0.0027912876
0.6062542
0.031078633
0.010407047
0.9340391
0.000223763
0.039141126
0.6066592
0.58450454
9.39745e-06
0.0006421201
1.1682325e-05
0.0008894916
0.051657554
0.99999994
0.97241277
0.02396909
0.99999964
0.82130593
0.22071195
0.009291002
0.6223927
0.94412637
0.9999967
0.18000953
0.0010350395
1.37683965e-05
0.015076663
0.103238404
0.9842219
0.0010730927
0.05168614
0.06410231
7.6214834e-05
0.004777444
8.139491e-06
0.0004951606
0.8309832
0.99892145
0.0003363799
0.0020210037
0.0012631244
0.0012227177
0.99994916
0.07138025
0.9999884
0.5834016
0.16537103
0.8620764
0.00010480359
8.49035e-06
0.9998862
5.004269e-05
0.802783
0.0020545002
1.9313633e-05
0.000189289
0.9999951
0.0023488486
0.829918
0.6476741
0.022680977
0.0004843703
0.9879018
0.99438924
0.002439993
0.012585233
0.999992
9.630865e-05
0.010999489
0.051657554
0.00017057342
0.14239402
3.2917975e-05
0.0014405848
0.38542926
0.6623535
0.03987504
2.42396e-05
0.97404873
0.00030676002
0.9934384
0.00012141528
0.00058626814
4.5608587e-05
0.001136431
0.041362826
0.20324951
0.9856692
0.009728555
0.0001836124
0.004103921
0.0011841131
0.052114535
0.00043054434
0.0065114256
0.9999631
0.0018552762
4.796097e-05
6.568134e-06
0.048085194
0.3118223
8.988558e-05
0.22654922
0.08244393
4.5608587e-05
0.029519107
0.01298705
1.2362779e-05
3.427078e-05
0.003122179
0.63411665
0.20556432
0.012229646
7.307475e-07
0.00018145563
7.392792e-06
6.991976e-05
1.0
0.00084917765
0.00018997736
0.12687048
0.037280455
0.041925285
0.9999125
2.3820563e-05
0.00026387657
0.0033257802
0.37218225
0.99749166
8.737501e-05
0.9790639
0.017318279
0.00025301834
0.996875
0.00050581153
0.99997455
0.0010350395
0.007869034
0.0023019845
0.21708277
0.47119272
0.031608365
9.800058e-05
0.53104955
5.7235877e-05
9.615019e-06
0.00027219512
1.8029848e-05
0.049996763
0.060388666
7.852796e-06
0.00017669795
0.43898794
1.1301796e-07
9.45455e-06
1.0
0.10471929
0.9999631
0.99879926
0.8117157
0.00051203475
0.005055967
0.9999246
0.0014760034
0.002278916
0.99999994
0.00025301834
0.12438592
0.81463975
0.00018361257
0.21737571
0.08980059
0.0014760034
2.8661311e-06
0.37967432
0.94791937
0.0009781449
0.2077867
0.7000239
0.012747336
0.13408642
0.21046036
0.02492982
0.2218772
0.00012131297
0.00015268431
7.4972963e-06
0.9999852
0.14690833
0.97833323
0.0011193767
0.0032865268
0.0057580024
2.4165649e-05
0.9632387
0.016208384
6.1603816e-05
0.0002184669
0.031704165
0.9824489
0.0038768619
0.047456365
0.03450552
0.0055235936
2.9863997e-05
0.9987377
0.0011841131
0.9856692
0.23335175
0.005917517
0.0013192351
0.03266366
0.25794554
0.99950534
0.06566522
4.5608587e-05
0.14997274
0.0039112493
0.017942803
0.016364343
0.000101518155
0.016760107
0.6971552
1.25868e-05
0.00034103286
0.356069
0.82847476
0.0021522525
4.190878e-05
0.00018145563
0.99999934
0.99999994
0.9675887
0.41208833
0.99991924
0.00017669795
0.14616898
0.02396909
0.016037669
0.0005724298
0.0051033497
0.13408642
1.3114395e-05
