0.9999994
0.99998605
0.997862
1.8863884e-05
1.7362545e-05
3.279884e-05
0.00017356961
0.0004714053
0.0016456273
0.019627843
0.000114642105
7.2062204e-07
0.8824614
0.0019080453
0.0024689576
0.028110072
2.321797e-05
3.775569e-06
0.0002837137
0.0001011201
0.001097514
0.75628895
0.04281717
9.622247e-08
1.0
0.9999991
0.00019773423
0.0039550182
7.308096e-07
0.8973867
1.8454204e-05
0.0014270411
0.3048024
0.9999238
0.0041275225
0.9999996
0.024990141
0.04512818
2.2562415e-05
0.050429232
0.00010358598
6.8159043e-06
0.020782178
0.9997848
0.18531546
0.007848474
7.481155e-05
1.4071406e-06
0.6105118
0.3573346
0.026962474
0.00038260236
8.634223e-06
1.884594e-05
2.6904845e-06
2.4412348e-06
0.06149627
0.13381512
0.06527737
2.810947e-06
0.9978503
2.3556163e-06
0.001481735
0.98404026
1.662933e-05
0.986347
0.0002225969
0.19061977
0.92913836
0.14845803
0.0048201513
0.9796647
0.99363476
1.7288361e-05
0.0346528
6.658426e-05
4.675225e-06
0.00014060501
0.0007130743
2.2799235e-05
0.034912203
0.02687962
0.00012326452
1.3004896e-05
8.360485e-07
0.0005857529
0.00073519966
0.000126266
1.5515285e-05
0.5968011
0.1555738
0.00023553995
1.8522348e-06
0.024496114
4.303904e-06
0.000170309
1.0916278e-06
0.025687564
0.99493796
0.00012522282
0.25303066
0.05761018
5.4310338e-05
3.7655365e-05
0.0004015195
0.00011472347
3.6023837e-05
0.0008937466
0.03564042
8.258988e-05
3.909729e-07
0.004382657
3.8486338e-05
5.9759564e-05
3.7218692e-07
1.3162717e-07
0.8515461
2.3843245e-06
0.00016230388
1.583446e-06
3.2087994e-06
0.9999993
7.149376e-05
0.99917185
0.0003314979
0.00087996037
1.5296144e-05
0.0012570173
0.9999812
2.258956e-06
3.83892e-05
0.0012809347
1.1778554e-05
0.000103754035
7.43487e-05
0.076099135
0.000462312
0.00036978224
0.97588646
0.032773037
0.0002300575
0.0014160338
8.558668e-05
0.0015662892
0.0009279091
0.06528083
0.00087075104
3.6458787e-05
1.1165765e-05
0.00087075104
0.00031810507
0.026316214
0.0011886702
0.987817
0.9737519
0.0008870794
3.996601e-06
0.0021338004
6.4023754e-07
0.99935603
9.066984e-05
6.1126684e-07
0.31906572
0.0013463078
0.19333202
6.6584194e-05
0.9999665
0.0016386198
0.06528083
0.0007108881
0.0010529371
0.010577693
6.1126684e-07
1.3103326e-07
0.00045976476
0.08204121
0.019627843
0.0011967779
2.2799235e-05
0.14514045
0.0001235733
0.0037604603
0.0048201513
3.523128e-05
2.3239436e-07
0.6564887
8.407119e-06
1.1713483e-05
0.0001903126
4.748825e-08
0.001065536
5.6620695e-05
0.06527737
0.9948793
0.04489925
0.0015662892
2.0951704e-05
0.46673587
0.054628637
0.028628817
0.00270205
0.02962927
7.123e-08
0.0007682179
0.0046821004
0.01690713
0.0019631174
0.007516932
0.0050844206
1.9550167e-07
0.082100764
0.0001011201
0.9005459
1.8934194e-05
1.8859333e-05
0.0010205203
0.72945946
0.9996218
6.578728e-06
0.0031814142
0.98849136
0.9882863
5.2602795e-06
0.0063038715
0.14845803
0.71571374
0.0011617651
7.971739e-05
7.4296086e-06
9.229876e-06
0.00056419754
7.1163845e-06
6.4023754e-07
0.00012029467
0.00033164077
0.32232514
0.00080282456
0.10396269
8.749948e-07
0.081564434
3.7836975e-07
0.8166782
0.00011926444
0.9796647
0.04489925
0.87276894
0.00016230388
0.018316079
0.029363355
7.898815e-05
0.13683824
0.0016066786
2.2562415e-05
0.00013157995
0.98014826
0.8837076
3.426443e-06
1.1713483e-05
0.9668816
3.2087994e-06
0.0005513324
0.4742124
0.0014947434
7.1163845e-06
0.0001235733
0.963711
0.9999693
0.0009984843
0.0100791715
0.0014617258
0.008838511
0.00037510355
0.31799376
0.00012756295
0.3785965
7.755977e-05
0.0005449722
0.033336792
0.00021357331
3.4542456e-05
0.00069204817
0.9715928
0.010903176
0.00052918005
0.0048405514
0.027758742
0.024262525
0.00057999574
2.7823244e-06
0.0005163319
0.00033825342
0.00054108223
0.99940974
0.004707034
0.025687564
0.0005217584
0.99882513
0.0007188582
0.9999126
3.324544e-05
