0.16834205
1.5507327e-06
0.011510514
0.0024104582
4.6417708e-07
0.011460405
6.1037717e-06
2.500395e-06
0.0006542482
2.2951967e-06
0.011460405
0.02676296
0.00015014433
0.0029539187
0.9209482
0.015593782
0.00074088114
0.00022863352
0.005154112
0.0033372846
0.00043591094
0.00025334494
0.0038914608
6.108354e-05
0.64824873
0.0021627767
0.005245508
0.00037626055
0.9998228
0.9992224
0.0005663262
0.87201536
8.264405e-06
0.0016059262
8.881893e-06
0.00016955344
0.0001022862
0.018415054
0.025865143
1.7430947e-06
0.07831113
6.049502e-08
1.6108488e-05
0.00017885955
8.014041e-05
6.196164e-07
0.0019423603
1.5352232e-05
0.78320104
0.009967992
0.015624378
0.0009490254
7.163244e-06
0.0005707521
0.015027461
0.00050842954
0.000107168424
4.1441726e-07
0.5739636
4.1862248e-05
0.9726819
0.0399642
3.826832e-05
1.713423e-06
4.2623956e-06
0.0005069958
0.00091580354
0.999954
2.0644693e-06
0.9749698
7.046784e-07
0.005620015
0.0006593378
0.0007571804
0.93093204
0.0012514814
0.0034844903
1.5142703e-05
0.00016049102
0.0003541231
2.329736e-06
2.8914554e-05
0.5367976
0.0021670763
4.3767695e-06
4.7464207e-05
8.589356e-08
0.29397982
0.43195555
0.059538316
1.8493403e-06
0.9986062
1.9870138e-06
0.00017103496
1.6516437e-05
0.99384254
7.3936764e-07
0.9999715
5.1549964e-06
2.9286318e-07
0.00018660098
0.002157495
0.40832865
0.026805557
0.00010089029
0.019488886
0.040326554
5.560375e-07
1.31869465e-05
0.5739636
0.2653134
5.3529497e-05
0.013112975
0.0018590754
0.013900856
0.9999885
0.1693607
0.0002498921
6.289917e-07
0.9751565
0.96066946
8.11397e-07
0.00068135874
0.9973671
0.0017396384
0.00038934915
4.0939296e-05
2.8533293e-06
0.90640825
1.8172932e-06
1.0429079e-06
5.744191e-05
0.06480027
2.5482668e-06
0.98648524
8.608843e-06
3.4246162e-07
0.004807514
5.248539e-05
0.62946606
1.4659472e-05
0.99932575
3.9375653e-05
3.2053933e-05
0.6878383
0.0005896175
0.95797354
0.00010089029
2.049633e-05
6.1513742e-06
0.18005164
0.00027051347
9.062619e-06
0.9664142
0.019488886
0.0002484581
0.0038852368
8.422945e-05
2.722448e-06
0.004645498
0.8554709
0.00028778327
3.662979e-07
0.5857198
2.3959103e-05
0.15374658
0.004678699
9.24643e-06
0.93093204
0.9999974
0.34653816
5.9339203e-07
7.1945587e-06
0.18515314
0.00013061987
0.01183954
0.054686807
0.00052922143
0.013987834
1.3480968e-05
1.115344e-05
0.00012940544
0.9839835
6.0859577e-07
0.16512227
0.063461356
0.025865143
0.00073295616
1.00854706e-07
0.08010343
0.00010276956
0.002445339
0.0006753757
0.9980596
0.004941757
4.229554e-07
0.9891217
0.2877895
2.6851278e-05
2.1793746e-06
0.0023426742
2.9355015e-06
0.0016774191
3.0139232e-05
0.19122559
0.0026778178
4.8707034e-07
0.9997422
8.05993e-06
0.00077321066
0.00010304884
0.5859724
0.00092954794
3.6665755e-05
0.0002034844
6.06333e-05
4.3554694e-05
9.1460225e-07
0.1624859
1.8451386e-06
1.7869832e-05
7.059107e-07
5.4917913e-05
0.7630252
0.00010276956
0.0011881517
1.0429069e-06
2.1502063e-05
0.0031244417
0.15374658
0.000274799
8.741559e-06
0.18515314
0.17713238
0.0189155
8.7009687e-07
1.1843026e-05
0.87201536
0.00036026706
0.00044046494
0.0006753757
0.0043211496
0.77609587
0.10181977
2.8533293e-06
5.317661e-07
0.00013709137
0.9969186
4.3705768e-05
8.8068555e-05
0.07268719
4.2492516e-07
0.00026243893
8.473674e-07
0.04498166
0.0002459771
9.583688e-07
0.00027499764
0.038553163
0.075661
0.9225252
0.00050025573
0.9348774
0.07640588
0.99535537
3.9515173e-05
8.015961e-06
0.021353368
0.021353368
3.3739732e-07
0.0008292932
1.5330726e-05
3.5348592e-06
2.1502063e-05
0.0004860031
3.4540084e-05
0.0004419121
0.01169469
0.012191502
0.00018960114
0.52298397
0.99615693
5.5427618e-06
6.491887e-05
0.1624859
0.09503663
0.01620329
1.9434245e-07
0.7416477
0.6191751
2.3530693e-07
6.18622e-05
3.6550687e-06
0.00047847762
0.0004906277
0.00018960114
0.034666605
3.053791e-09
1.2977512e-06
0.0015278488
