0.9999999
0.21717453
0.00034506235
0.81035364
0.00016978917
0.00013226882
0.041385118
0.0016119865
0.162836
1.5552794e-05
0.060586695
3.174522e-05
3.4937053e-05
0.9737345
2.004569e-05
4.52684e-06
0.2879868
0.99999404
4.2999654e-05
0.1846989
0.998911
0.016668588
0.9056493
0.5876312
0.45798567
0.019037351
0.0006856285
0.9999331
0.95660233
0.044967733
0.8990029
1.5017829e-05
0.00019362518
0.02140564
0.0016900033
5.2279224e-06
3.2323693e-05
0.9999998
2.9545522e-06
0.0020490696
0.34927368
0.9889953
0.3508192
0.41810882
4.808113e-06
0.011858656
4.4908717e-05
0.9995803
0.7846322
0.034764558
0.23464279
0.00021848232
0.94317365
7.1091267e-06
0.81503254
0.9355925
0.58201516
0.009299221
0.0005337376
0.013889154
0.0010598011
8.2647847e-07
0.00048228324
0.7319833
0.0021496478
3.4603487e-05
0.9841604
1.7623086e-06
0.9666233
0.017169602
0.9999881
0.00010312139
4.052873e-06
5.782057e-06
2.004569e-05
8.5947286e-05
2.1895134e-05
0.0049436186
2.1674361e-05
7.018831e-05
0.10259783
2.2994182e-05
0.81503254
0.010376046
8.152057e-05
0.13457158
0.0063436627
0.001025295
0.000119466014
2.6329832e-05
0.00015485991
0.0010706235
0.0008079123
0.05363003
8.415134e-05
0.15933001
0.9996311
2.2238726e-06
0.004198273
3.7076617e-05
0.00032043114
0.0005292481
0.004584802
0.99999225
0.35168934
0.68620384
0.013968401
0.6894833
0.0036704508
0.99071544
0.94020206
0.01965839
2.07071e-05
9.226927e-06
0.00020210112
0.9917807
8.130699e-05
4.6126734e-05
0.8177658
0.08159387
0.9347092
0.07947332
0.6916645
0.0008345143
0.063277274
0.13338743
0.87499446
0.00021272665
0.0018793466
7.884142e-05
0.99985206
0.31391707
0.0028897994
2.4403782e-06
0.80301666
9.757806e-05
3.5763837e-06
0.96354467
0.5334945
0.005643599
0.03168488
0.03267722
8.684379e-05
0.9930892
0.029166058
0.99988806
0.00097655086
0.26906705
0.99962246
0.96841836
0.9999771
0.9999771
6.0569157e-05
0.05042643
0.0014798949
2.8845068e-05
0.00021688169
0.21127567
0.99163455
0.067177944
3.65372e-05
0.0041390047
6.157475e-05
0.023599124
0.47107145
0.000521073
7.7764446e-07
0.02989763
0.997601
0.99902356
0.1846989
0.0005753003
0.37455773
0.00026468717
0.16609696
0.02221744
0.00020834642
0.9251957
0.0003697808
0.04362597
0.0007658117
0.00058297557
0.0657915
1.7350398e-05
0.1037759
0.00017678019
0.0067607504
5.612828e-06
0.018989976
0.93470925
4.696034e-07
0.02206158
0.9999771
0.96965104
0.00021980662
0.011112378
0.00038563102
0.04064357
7.95622e-06
0.00090632477
0.00421995
1.7551918e-05
0.004166565
2.6847565e-05
0.0044261813
0.0002665732
0.007937656
0.005827938
0.00030397737
5.474468e-05
1.2531166e-05
0.99996513
0.00055294513
0.96593964
1.5958947e-05
9.9794115e-06
4.292451e-06
0.0035274806
0.0058709155
0.99997985
0.11035398
0.19246879
8.777932e-06
0.0005554924
0.68899024
0.0006113648
0.053812813
7.956212e-06
0.00023686416
9.142108e-05
0.103795014
0.19223271
5.7891524e-05
2.7464856e-05
0.028351652
0.10640861
0.9518848
0.0011040821
2.1410047e-05
0.0052655833
0.6950877
0.0015708011
0.7846322
5.7891524e-05
8.548629e-06
0.99996793
3.5652276e-06
2.1986216e-05
0.00046238294
0.99999905
0.003754586
0.1078397
0.0010560106
0.23101214
3.5419187e-06
0.047712196
0.99999475
0.46094432
0.029166058
0.035535295
0.0057079988
0.00027827758
0.03188737
0.00031035417
0.048835535
4.3653063e-06
0.00026468717
0.022878118
0.025537966
0.024133543
0.006239893
0.995723
0.05042643
0.2934649
0.00016937699
0.0006285485
5.7267214e-05
7.7764446e-07
2.003723e-06
1.0971512e-05
0.32476473
0.00010312139
0.2934649
0.9737345
0.17242387
0.23383161
0.016474532
2.4428325e-06
0.0004496923
2.8785162e-05
0.013889154
0.6857751
0.7711692
0.0045846887
6.319297e-05
0.9999992
0.00019001849
0.000817936
4.6545007e-05
0.00848165
