0.9996321
1.0
0.049660783
0.010260807
0.65426874
0.0019912622
0.0003583502
3.4509532e-05
0.00028067327
0.0005335408
0.5256929
5.7102854e-05
0.99999994
0.004159792
0.008259164
0.0013045626
0.0015894437
0.024955288
1.1236973e-05
0.0022430837
0.02059675
0.99972224
0.0004336972
2.8432376e-05
0.0055963537
0.99673474
1.9654026e-05
4.667914e-06
0.9999421
0.17326768
0.001465692
0.0038379543
0.022814902
0.9895023
7.732611e-05
0.9999652
5.2956773e-05
1.4747699e-05
3.627442e-05
0.0003955039
8.701436e-06
0.01846544
0.78387344
0.99072105
0.27341333
0.0060794754
0.0001182065
0.029161986
0.053264633
0.0006403716
0.041644737
0.13423796
4.2717966e-05
3.0788804e-05
1.3252642e-05
0.0065679504
0.6717494
0.28920326
0.008958413
0.0021459227
0.22464049
0.99999416
9.253717e-06
2.3352759e-05
0.0007505743
1.1643318e-05
9.5961754e-05
0.41781113
0.99997175
0.0429944
0.0037259066
0.27744654
0.0031851667
8.394503e-05
1.3532725e-05
0.0024783786
0.0258679
0.0012110457
0.09355856
0.022693167
0.0006692188
1.0
0.99999374
0.0006836529
0.9880188
0.00026563698
0.9998886
0.00013386692
0.046491735
0.0003687367
0.0039615664
0.00014190967
0.0001225531
0.025354963
0.062024716
0.27744654
0.9092794
3.4509532e-05
0.28920326
0.0022357767
0.0071327123
0.0002745319
0.007926961
0.999866
3.961315e-06
0.004868503
0.39299724
0.00010079385
0.00020681866
0.99169075
0.015700959
0.000101088284
0.010092659
2.5268084e-05
0.98009264
0.0006129009
1.0147028e-05
0.013134578
0.02145925
5.2969597e-08
0.9999859
3.7877006e-05
0.99998677
0.99936515
4.7257713e-06
0.0012609162
0.0016305642
9.335106e-07
0.007921919
0.89817125
0.1526446
0.0054891473
0.032720074
0.049660783
4.595296e-05
0.1882144
0.0066609127
2.3009976e-05
0.03015587
2.102476e-05
0.0072524846
0.0030535404
2.8464578e-05
0.5188505
0.004478208
7.732611e-05
0.005869452
0.046491735
9.500572e-05
0.5418596
0.014703655
0.006065595
2.8405905e-06
0.0067686387
0.0023288967
0.0038418924
0.0047592795
0.0032647809
0.0013499979
0.015700959
0.9842775
0.008173687
0.00048836943
0.9880258
8.55026e-06
0.00021361891
0.005503738
0.98245853
0.0066609127
0.99980986
0.16635646
7.043559e-06
0.99936515
2.9384362e-05
0.08055083
0.9991915
5.268211e-05
0.0005222823
0.9504816
0.025411036
2.0654046e-05
2.4978377e-05
0.014651527
0.25161484
0.00010079385
0.000101088284
0.0010524903
0.40573844
4.06516e-06
0.0007341782
0.9492921
0.01647447
5.2969597e-08
0.00015638162
0.02570559
0.98250985
0.044698257
0.99998486
9.335106e-07
1.9591766e-05
1.706298e-05
0.0023394325
0.01395596
0.9878201
3.3804085e-05
0.06587677
0.040650878
0.67791504
1.3866302e-05
0.025124727
0.08713514
0.1773998
0.010050053
0.9952953
1.3972269e-05
0.072614014
3.729448e-06
0.007974638
0.00089043536
0.004764918
0.11688638
4.091347e-08
0.008548476
0.9991915
0.99980986
0.0009522199
0.0005935503
0.0027777704
0.84799254
0.07039025
0.05614465
0.89447796
8.426914e-06
0.856308
0.014649565
0.00035011568
5.7102854e-05
5.665947e-06
0.98971933
0.00091031106
7.285003e-05
0.00091777113
0.00061743835
3.017242e-05
0.41504997
0.6858597
0.26239088
0.14602645
0.000994631
0.00076385477
0.00014190967
0.14323007
0.0006836529
0.98718405
0.39299724
0.047895852
4.734631e-06
6.1933915e-06
0.99363387
0.7434762
1.2092462e-06
2.8783406e-05
0.52304846
0.00022057796
0.006244161
0.9881585
0.00053335004
0.15886049
0.97916776
0.18684559
0.99998486
0.9799251
0.0045024045
6.93645e-05
7.6493845e-05
4.4198507e-05
0.0045024045
0.99673474
4.7494373e-06
0.059619244
0.0045024045
0.9997926
0.016948583
0.0028527225
0.014261139
0.97021633
0.9773386
0.83765036
0.021773994
0.009293811
0.9404693
0.9999808
0.9015297
0.00024792567
4.0651635e-06
0.000113540365
6.3718066e-06
0.53845704
0.007926961
0.044698257
