0.22364688
0.0021803873
0.0014410828
0.001231864
9.76746e-05
0.011494563
0.9981461
1.0
1.5423272e-07
0.00041391404
0.00012969154
2.4453498e-06
0.18476963
0.052936718
4.8207435e-06
0.0016866038
0.99996483
4.7747285e-06
8.448794e-06
2.3707658e-05
0.0016351382
6.4889554e-07
0.3563998
0.0037075242
0.9958013
0.035177104
3.7648545e-06
2.4897376e-05
1.2868712e-06
0.0666044
0.0009442074
0.00045574122
0.98328274
9.166839e-05
0.014568175
2.089454e-06
0.9732571
0.99862933
2.8506383e-05
1.1327645e-06
0.00095422065
1.963514e-06
0.9997383
0.0005773264
0.99998695
7.588178e-09
0.46820834
9.0985195e-05
0.9993511
7.164004e-07
6.9631193e-07
0.000865995
0.9912085
8.0752335e-07
0.0011381415
1.2381033e-06
0.0037709773
0.023605641
0.762858
0.9999782
0.00018360907
2.4478743e-06
0.021142228
1.6823777e-05
1.4038129e-05
0.0019788002
3.0284964e-06
0.99469936
8.1638855e-06
3.1210034e-06
0.01329146
3.2108014e-06
0.15380274
7.758478e-05
0.96715766
6.459688e-05
3.8381286e-06
0.0006078482
0.04515885
0.00041624063
0.9820401
2.051817e-06
0.18178017
0.09031903
0.05505054
7.1162963e-06
1.4080619e-05
1.8122637e-06
2.4897376e-05
1.5171274e-07
3.0832121e-09
2.681657e-06
0.00021577427
0.9559536
8.9815427e-07
7.673213e-07
8.4827545e-05
0.00012969154
0.01229339
0.00036614493
0.10100918
1.0520122e-08
2.9008233e-06
2.8276253e-07
3.4269626e-06
1.2797594e-06
1.1836225e-06
0.000459524
0.004965302
0.00091676344
0.00039019433
2.8051521e-05
3.1977468e-06
9.4729415e-08
0.0010868654
0.00044272566
0.00123826
0.94047934
0.0021580616
0.0016417758
0.0011183204
0.0004630547
0.7624665
0.00023390466
0.00011566804
0.017685339
0.0011780176
6.261576e-06
1.6444721e-05
1.4361411e-05
0.7721049
0.0005206225
5.3891586e-06
0.9875305
7.588178e-09
0.0036940165
0.0009364166
2.8610448e-05
0.01073929
0.023888985
5.470725e-07
3.8352124e-07
5.2001633e-05
0.0013440665
9.558098e-08
8.370407e-06
0.32562247
0.32699144
0.86133873
0.009798162
0.06962525
1.3554863e-05
0.04039256
8.752479e-06
0.00037248692
0.00045574122
3.076242e-07
2.0569757e-06
0.026015084
0.0034409526
0.00012969154
0.000236467
0.0036710908
0.035812564
9.951088e-07
5.1047653e-05
0.0015279024
3.4135992e-06
4.0736704e-06
6.662493e-06
3.9980044e-08
2.2181908e-05
0.0021540595
3.3839337e-05
0.9958013
0.00028625687
0.010044116
6.805739e-08
7.163701e-05
0.00020180881
0.00018360907
8.370407e-06
0.010467906
2.8893762e-06
0.9999997
0.004133191
0.0002206419
9.208065e-07
0.43503562
4.5926146e-05
0.0030071524
0.9559536
6.9429014e-05
0.8710867
1.6444721e-05
6.1977344e-06
6.588416e-06
0.0004630547
2.6962568e-09
1.9240759e-05
0.9999049
1.2490195e-05
0.52360064
4.5753583e-07
0.11473935
0.0041607125
3.937201e-05
0.00028009078
9.464338e-06
2.2789432e-06
1.7256039e-06
0.9977495
0.99977005
0.0002300575
0.9979708
1.3691764e-06
0.0010078815
1.936527e-06
7.1162963e-06
8.752479e-06
1.5350095e-05
0.0002586199
0.36005944
0.99935937
0.00019534232
0.0037255369
0.161695
3.7154254e-07
2.8893762e-06
0.9999049
3.3474946e-05
0.9113946
4.6767203e-05
0.99999946
1.5164246e-06
5.3734317e-07
0.00023390466
7.790854e-06
0.03992556
0.011128172
0.02301268
0.00082080765
3.546985e-07
0.00040200975
0.004005763
0.9999382
1.5171274e-07
3.6575335e-07
0.051827833
2.2757093e-05
0.48178282
0.0017469473
0.99999994
7.077468e-06
1.9109252e-06
0.0039763167
6.873182e-08
0.1134064
0.99522555
1.3855919e-06
0.057540957
1.5648724e-05
0.045472223
0.00044893078
3.5166126e-05
0.00071327854
0.0001088832
0.004055443
0.114319906
6.067563e-06
0.0004881818
1.2141963e-07
1.1577206e-05
0.0018697513
0.0011276401
0.025617616
3.8352124e-07
0.20461847
3.546985e-07
7.673213e-07
3.227145e-06
0.99780285
0.0009869274
2.2181908e-05
1.6516013e-05
7.760461e-05
0.00029636058
0.00012969154
0.000135153
1.6637263e-05
0.004901036
6.528047e-07
0.55772066
0.0009212585
0.99998385
6.261576e-06
1.6555372e-05
0.002044922
0.84614015
0.008470929
