1.0
2.3229006e-06
1.6971935e-05
0.98933274
8.0721924e-07
0.00705735
0.63535357
0.029023197
0.0017547297
0.25248885
2.1206232e-07
0.99812317
0.10326372
0.0005460336
1.3533834e-05
5.3375476e-07
1.6620439e-06
3.216698e-06
0.00023936121
5.1197025e-05
0.8490966
0.020010721
0.9830791
0.25248885
0.016532246
0.88167363
0.9382862
1.0134474e-05
0.00051224715
4.8560458e-05
1.5689553e-06
0.0044439603
6.634291e-06
0.967895
0.012182301
7.3687547e-06
0.007338855
1.104524e-06
0.00052979676
0.00052235724
0.9345328
2.3081343e-06
0.9992259
0.0017564611
0.07010805
0.0011051471
0.100125596
1.0130165e-05
5.7591965e-06
0.97247005
0.9345328
0.9997573
0.0013223736
0.008279659
0.0011782825
0.0007314184
0.008279659
7.586308e-06
0.22446577
0.0024519223
0.0013610331
1.4277442e-05
0.0035337647
0.00011601976
0.98804426
0.00012264802
1.9858426e-05
7.179165e-06
0.00069287576
0.010270604
4.243003e-05
0.07469417
0.000711153
3.4135493e-07
0.3919705
2.068827e-05
0.64275223
0.00042594605
0.77320534
5.528607e-07
8.165092e-06
0.028299438
0.042225674
0.012346492
4.8169936e-06
0.00010995601
0.60275376
0.0006406756
0.99999654
0.0013223736
0.0032249114
0.0045752847
0.9996948
0.14883707
9.327125e-05
0.0058005517
0.00043720016
6.969801e-05
3.4359295e-05
0.86242443
0.7798092
0.98498255
1.6838945e-05
0.021326704
8.5933607e-07
0.0017006472
1.8500515e-07
0.017144201
0.010143905
0.00043857392
1.62365e-05
0.00052979676
0.32023016
1.2976464e-05
0.9999997
0.0001394889
0.0021989085
2.2753902e-06
0.5949501
0.00010185618
0.00031020332
0.62686384
0.041615907
2.321958e-08
2.7793125e-05
0.04507635
0.99999994
0.00037503793
4.910989e-07
0.0014127237
0.95630246
0.0010699435
1.3488533e-06
7.742316e-07
0.0014553949
4.7247304e-06
0.016532246
0.9999533
0.00037148318
0.00172811
0.0001394889
4.910989e-07
1.0437377e-06
0.83189857
3.4135493e-07
6.023084e-06
2.5374622e-05
3.2342122e-09
4.5016336e-06
0.0029115803
0.0005724042
0.9498834
0.00010995601
0.14220256
6.174215e-05
9.522213e-05
0.9999905
2.6723005e-06
0.00074461347
0.07977466
0.0010994745
0.9786928
0.0012170763
0.0015638921
7.586308e-06
0.009625403
0.45106354
9.659204e-07
0.9996425
0.017144201
0.99641526
0.002133847
1.06670395e-05
0.989583
9.584031e-05
0.99641526
0.00010693843
0.0013034336
3.1188968e-06
0.071938254
4.6945937e-05
0.00058155734
0.9860245
0.8650684
0.0002601036
0.02246922
0.72028714
0.8940707
3.3891604e-06
9.504053e-06
0.00016211427
1.1352636e-05
0.00038668903
4.5003063e-07
0.0018422306
2.1769461e-05
4.8908296e-06
1.8009436e-05
0.00010693843
0.025832532
1.9974937e-06
0.0025525107
0.005543917
0.9454747
3.5646528e-05
8.558547e-06
0.002650764
0.0001230658
0.87543356
2.792554e-05
0.006122401
4.401067e-05
0.00034607967
0.0014719077
0.9999533
0.99966794
0.0022948203
3.835757e-06
0.00025518323
6.878552e-07
0.00015901375
0.00011250058
0.9998442
0.0002201464
0.0017510576
0.99949366
0.00053101114
0.3991271
0.00058974646
0.001960298
0.000568386
0.9830791
0.019481868
0.9041639
1.8460803e-06
5.3375476e-07
0.042607646
1.6352173e-05
0.017144201
1.1517864e-06
1.0103478e-05
0.0020280136
9.979157e-05
4.278317e-07
0.0017457238
1.4197778e-06
2.4416038e-05
0.016762009
0.0011738888
8.131026e-06
0.0013230036
0.0048606503
0.62272406
4.9807022e-05
0.040161956
0.00010955349
0.003075
0.08550158
0.020010721
1.2619115e-08
5.1424653e-05
0.00030446725
0.5649147
0.9602248
2.492091e-07
0.0012492785
0.00043393706
0.011730153
3.69838e-09
0.62686384
0.99859256
0.0025909499
5.7825755e-06
0.00020296511
0.059149824
0.0009312552
0.99868387
2.2454964e-07
8.767172e-05
5.0268347e-05
0.00095415604
3.3435242e-07
0.00096985913
8.0213215e-07
0.0011384971
0.00053693436
1.5631902e-05
0.00096985913
2.1876016e-05
0.03769062
0.0012593751
2.5374622e-05
0.013325938
0.86242443
0.0020794768
0.18640263
0.64854294
0.0001283361
0.025832532
4.433545e-05
