0.9787648
0.0002710099
0.00020671614
0.0005240936
1.1291221e-05
9.4663796e-05
0.0016103697
0.0034704993
0.99997133
5.633798e-05
5.135885e-07
0.002900666
4.844302e-05
0.0007907241
0.040563513
0.0022590389
0.00027642344
0.0009525865
3.1363365e-05
0.16983058
0.9999635
0.00091921946
3.555161e-05
0.00028543957
0.41348964
0.26814798
0.49442258
0.006643683
0.006369329
0.00040092706
0.023243878
0.998732
0.009412118
0.019855049
0.62035495
0.017061591
2.2497657e-05
0.2145416
0.0032752422
0.0016651454
0.0007292677
0.99991345
0.0013756532
0.011276191
0.012226392
3.8040816e-06
0.94871354
0.39079735
2.2488368e-05
0.009308214
0.00015978968
0.000789974
0.92629546
0.0009630582
0.34806734
0.013767988
0.9999579
0.99999994
2.4886003e-06
1.941296e-05
0.93857205
0.00756849
3.6332854e-06
0.004546474
0.16983058
0.00081899506
0.41227767
0.20184925
0.0022853601
0.0008080825
0.047024183
0.97943175
0.9971537
0.6458144
0.014758759
0.0002254774
0.00037363087
0.19761078
0.00013719755
0.012401083
0.9988318
0.9966776
0.9740927
0.0061776047
0.00011558711
0.0002355734
0.9271632
0.021384813
0.0003582402
0.9995863
0.99999654
0.00029541532
0.0020290986
0.0008643388
0.010329712
0.8746584
0.6605192
0.01472272
0.028110117
0.6609653
0.049713165
0.002488978
0.0015020302
0.0013487937
0.99879616
0.048315607
0.0005603993
0.00019743902
5.1147887e-05
0.04163897
0.15664874
0.006637889
0.027416741
0.0009236544
0.9980202
1.1587008e-06
0.56578577
0.013482893
0.004223979
0.0023847292
2.2488368e-05
4.53533e-05
7.6225006e-05
0.925782
0.39079735
0.0021629704
1.5447195e-05
3.822813e-05
0.0012997864
0.00040092706
0.045203254
1.9069494e-06
0.016179234
0.00033093235
0.10289515
0.032667786
3.3054563e-05
0.050607275
0.0037638757
6.0169355e-06
0.014488116
0.030490499
8.777578e-05
0.24596119
0.72380435
0.008152797
0.00035067988
1.1539047e-05
0.004972594
1.8567747e-05
0.0061776047
0.025353914
1.1671968e-05
9.641583e-06
0.005335441
0.92831683
0.00041975314
6.902906e-07
0.38345504
0.3617625
0.99999976
0.00084683107
0.9481224
0.9562719
0.0010952199
2.6593195e-06
0.0025797554
3.0849646e-05
0.00068046583
8.2028755e-06
0.41348964
9.1935566e-05
0.0005450771
1.6374957e-05
0.99999475
0.093571275
2.7316672e-05
0.00023998161
0.0325211
0.9999579
3.9595366e-06
0.0044187456
0.022072824
2.6976836e-06
0.0026282482
0.15518935
7.742336e-05
0.0016376309
0.0057549453
8.11736e-06
0.037127733
0.005499178
0.0040893606
0.1443733
1.4691717e-05
9.323243e-06
0.00012721978
0.66158825
1.3194255e-05
0.35618576
0.10722195
0.0001674928
0.0118716825
8.5795786e-05
0.6128366
3.1784616e-06
0.048091814
0.017403759
0.011119879
0.24708998
0.0005450771
9.736586e-07
0.0014373632
6.932826e-07
0.99992424
2.6976836e-06
0.0022740026
0.0047275326
0.99514604
0.0032752422
0.0010675854
0.9474867
7.001528e-07
3.17252e-06
0.6702203
0.061129197
2.0499712e-05
0.79709184
2.5035373e-05
0.04275749
0.032667786
8.013323e-05
0.00045905402
0.73754466
0.015472157
5.635566e-05
0.99971896
0.86920744
0.093571275
0.24596119
0.97014195
1.1587008e-06
0.00024226564
0.015348902
0.01738871
0.007040392
2.95773e-07
0.0038229725
0.5504304
0.9984791
1.7479322e-06
0.00011626861
4.1533123e-05
5.633798e-05
0.0058990526
0.0015362047
0.0004950426
0.00012443248
0.002900666
0.8555191
0.9952487
3.725822e-06
0.9997168
3.1791937e-05
0.32103124
0.054371387
0.03389155
0.073018074
2.8185384e-06
1.800903e-06
3.6132062e-06
0.002349395
1.2368689e-06
0.14067525
0.3786714
0.0026629535
0.00024226564
0.00041538762
4.9146853e-05
0.0015717198
4.8636786e-05
0.0030107498
0.019121623
7.3681883e-07
0.99225473
8.227585e-05
0.24384816
0.009146625
0.0003269366
0.00019876593
0.006643683
0.59773797
7.267753e-05
0.13304424
0.02283075
4.37966e-05
3.585142e-05
2.3167253e-05
0.0011007772
0.9220374
