0.9999997
0.72927094
8.544488e-06
3.2832322e-05
0.9482689
1.2869233e-05
8.255661e-06
0.999827
0.9482689
0.0017865271
0.0046100207
0.015386783
0.61901677
3.406563e-05
6.196412e-08
2.6400583e-05
2.2006298e-06
0.0019615095
0.0002688102
0.5939765
0.9996567
1.8210081e-05
0.99992985
1.2800127e-05
0.0009032006
0.77401906
0.018879334
8.544488e-06
0.99999934
7.780601e-05
0.99835485
0.00048015258
0.91665703
2.2835226e-05
0.0037138916
2.202422e-05
1.0682325e-06
2.0509493e-07
8.912109e-06
0.0003249209
0.99920064
0.05167911
1.780711e-05
0.9227555
7.28091e-08
0.0005489321
0.9963787
0.0017030605
0.00035928198
2.7596127e-05
0.000505203
3.5044868e-05
0.0003373308
5.9713595e-05
3.2633707e-06
0.5188938
7.527879e-07
3.2832322e-05
4.088491e-06
0.29273245
0.08102486
0.00037398827
0.0033112138
2.1209267e-05
4.8142197e-06
5.0143964e-05
0.00025155972
0.99824107
2.3463303e-05
0.39114246
0.00042461877
0.027438644
4.9889866e-07
0.17172807
0.9579507
4.027893e-06
0.008745893
0.021275086
0.2989844
0.00012484941
1.411051e-06
0.72234917
1.9906199e-07
5.8400296e-08
0.0013201262
0.00067012536
0.75688595
3.3070293e-05
0.9982168
1.6867249e-05
7.49385e-05
0.045716926
0.052013036
0.0005099715
0.018913949
6.5713416e-06
0.0031660814
1.1555432e-05
3.9469064e-06
0.023054969
0.00025595908
0.0067623393
0.014103883
0.005061158
0.29273245
1.0669603e-05
0.44280556
0.00016438769
0.004648328
0.16845666
0.16577762
0.003014177
1.7592138e-06
5.346947e-07
0.0012082809
0.0038472558
0.00044757413
2.3288956e-07
0.99968445
0.0005846042
1.0
0.84430975
8.277349e-06
0.0002341845
1.8899453e-06
0.0029715241
0.0021684626
2.2835226e-05
2.7885644e-06
0.00025778462
0.987008
0.99825037
0.0032830734
0.00028698237
0.0004339222
0.4350821
0.5434903
0.00015183845
4.67994e-06
0.9997961
0.029447133
0.59242
0.74222404
1.6334996e-05
0.0008414765
0.9579507
0.00034006799
0.005748494
0.0007788731
0.00010851337
0.00093357754
0.000113796166
1.8488663e-07
4.6491118e-07
0.82717454
0.00036901276
0.08188938
7.0463204e-05
0.14304234
1.1665714e-05
0.05870056
0.039445594
0.2298493
0.11164333
0.4354818
0.7206889
5.165232e-06
0.5791417
0.7673364
5.4216107e-05
9.020699e-05
0.13817582
8.1895654e-05
1.3890906e-05
6.7868194e-07
4.863425e-06
1.0682335e-06
2.584499e-06
4.987925e-06
0.04960944
7.07479e-07
1.3740606e-06
2.4058394e-08
6.222684e-05
0.0014001089
0.00016438769
0.9755487
0.013427137
1.4219809e-07
2.6400583e-05
0.9999467
1.5883917e-06
0.10021078
0.00078510947
5.303448e-06
4.7323418e-05
0.0001809644
0.00058251736
0.0013299101
0.0033321339
0.00058251736
7.975349e-06
1.0346282e-06
0.9997961
7.5346605e-08
0.00063629006
0.0007662768
0.014541045
1.5510432e-05
3.4470915e-05
0.9715613
0.00093802216
3.027602e-07
0.00036960424
0.2298493
3.254261e-05
2.0953476e-07
0.7672934
1.6334996e-05
1.0669603e-05
3.2131845e-06
3.459784e-05
1.6414295e-05
0.0377957
0.0300551
1.3808344e-05
0.9514411
0.5939765
0.002653746
0.0034875118
7.07479e-07
1.7600313e-07
8.916614e-06
0.41543385
0.95337737
0.0006196385
2.6101504e-06
1.6074354e-06
0.0013726536
8.741093e-06
0.8644971
7.861317e-08
6.256684e-05
0.13070872
1.6091701e-06
8.912109e-06
3.7519297e-07
0.5289662
0.00061011704
0.004319445
3.072237e-07
0.001218046
0.79009134
2.5733338e-05
9.099676e-06
1.8648741e-06
0.0007074033
0.00011139764
0.43383706
0.012314078
5.446799e-07
4.0278887e-06
1.8648741e-06
0.5939765
2.7405962e-05
7.8953825e-08
0.93632305
0.20819351
2.2578888e-07
0.97686255
1.5612502e-05
0.013379713
3.3651882e-05
4.7231897e-05
1.5612502e-05
0.00037398827
5.5540597e-05
0.015770404
4.871456e-07
0.99753785
0.020640437
0.8868653
0.0035306816
0.98897433
0.0014076426
0.9779849
0.6537003
0.0001034251
8.310578e-05
0.18362121
1.011362e-05
2.429594e-06
0.44280556
0.8052793
1.2550111e-05
8.797946e-08
3.3809887e-05
0.040055353
0.00063710497
0.9974293
