0.9999998
1.0
5.468546e-05
0.99999946
9.692261e-05
0.00027894488
0.0002776437
0.009384847
3.7413505e-05
6.0730985e-05
0.7567095
0.0074919364
0.8925977
2.148423e-05
5.708866e-06
0.014598305
0.005917102
0.17911507
0.07555752
0.014106615
0.15311348
0.00016011349
0.0014442069
0.01738744
0.0019171268
1.8629775e-06
0.7004032
0.00059861114
0.033343147
0.9784317
0.5792441
0.99927866
9.767643e-06
0.9999176
4.86578e-05
0.7980041
0.0879187
1.313586e-06
1.0020017e-05
0.00014776461
0.011515062
0.065163866
2.251414e-05
3.4068216e-06
4.0700208e-08
4.575524e-07
1.3653527e-05
2.0621749e-06
3.077768e-07
3.982322e-06
0.03669877
0.99999976
0.0017253532
0.03989514
4.7019046e-07
0.94690496
0.00020564257
0.0039190804
4.4424116e-05
0.0017336237
1.587879e-05
1.0183392e-06
0.7353899
0.006232712
1.7182869e-05
0.002557054
0.18172945
2.2407666e-07
0.7824714
0.00042517247
0.003284784
0.049224235
0.004908996
0.17183566
2.4926383e-05
0.33910602
0.001085751
0.000115568146
0.0017488376
0.0014064849
0.082320005
0.0009031
0.014106615
0.00042968415
0.0058485935
0.8944755
4.6065934e-06
0.09347693
4.677178e-06
0.99999905
0.9997768
0.59803134
0.049224235
0.17512785
0.011129394
2.2747245e-05
6.626198e-05
0.96817917
0.99999857
0.9998706
2.4981405e-06
3.863652e-05
1.447482e-07
0.018019559
0.00037910094
0.0031140596
0.0012467603
0.7353899
0.029500028
0.8892317
0.1494009
0.8703471
0.0057793777
0.0037349747
0.003251411
1.8237088e-05
0.0012256282
9.3162225e-06
4.3536443e-06
8.118119e-07
0.0002665
0.00061934796
0.9890418
1.4473799e-05
0.0003045018
0.7887848
0.9774853
0.00075997616
0.308493
0.23924397
0.7887848
0.58244956
0.00024350132
0.0023181855
0.003390141
0.9730506
0.032169558
0.0001536834
1.7893917e-06
0.00025591467
9.665274e-05
0.009815785
0.78409505
9.784189e-07
0.00030711232
0.017739547
8.9413584e-07
0.99999094
0.058514312
0.0005409964
5.6940007e-06
0.3581155
0.0018855195
0.09103152
0.9936197
7.147713e-05
0.0012320211
1.0254502e-05
8.9338573e-07
3.6741856e-06
0.059777502
0.054743297
0.0019407193
0.0031301857
2.506067e-07
0.013588994
0.21179646
0.0014442069
0.09626425
0.054897014
0.99998146
0.77301234
0.00033103774
0.05933608
9.800393e-06
0.0048270067
1.5883772e-05
0.00028157223
9.8554156e-05
0.96086025
0.006879808
4.721136e-05
5.6204163e-07
1.4473799e-05
5.4503136e-05
7.0560236e-06
0.78202105
0.0053493413
0.00026645375
4.2736385e-05
7.691456e-07
0.023940615
0.9998777
0.99982226
0.004189628
0.001493253
0.0002134833
0.00010042783
0.00018030235
0.004999148
0.9999998
0.77301234
0.0011940025
0.95444727
0.00010042783
0.0001715704
6.475059e-07
0.008775085
2.1822008e-05
6.3407824e-06
0.0008279284
0.001656771
5.8436806e-05
0.05375398
9.665274e-05
0.0010188799
0.0007519575
0.26719782
0.008775085
0.05838966
0.0047455737
0.00042378495
2.4245843e-05
0.8695602
0.9812663
3.51908e-07
8.327665e-05
0.8966353
0.00012277417
0.00089716923
0.999315
0.002640383
0.0020450952
8.328222e-06
0.9999924
0.0041911267
1.3479582e-06
0.001700431
2.5333939e-06
2.719687e-07
3.863652e-05
0.00424451
0.00027145853
0.9946245
0.0004192988
0.22182117
1.0221961e-06
0.611123
0.00042968415
3.2656544e-07
9.285171e-07
0.99999976
0.00088866986
0.045456413
0.99612504
0.00014252996
3.6946e-06
1.8018602e-07
0.0004192988
3.6681143e-07
7.385238e-06
0.00038809387
0.00022271366
0.0041911267
0.0020878073
0.77350056
0.005013202
5.613126e-07
0.00011833778
0.0005849297
0.00019593252
0.7798347
9.3162225e-06
0.0028881826
1.3479582e-06
0.00018543533
6.396025e-06
0.0047455737
0.0010501776
0.0011940025
0.17911507
0.10683324
0.0012877169
0.22071083
0.886955
6.5295058e-06
8.121928e-06
2.0159952e-05
0.002908091
8.480053e-05
0.015323908
2.3189777e-05
0.9958673
0.0011683177
6.0730985e-05
1.0021994e-08
0.084192865
0.04974583
6.9010302e-06
0.9996943
