0.9998181
0.8137992
4.0619438e-05
0.83325565
0.00024512582
2.5047433e-05
0.97750044
0.99999416
0.0001517114
0.001737849
0.52237314
0.5732294
0.0044512274
0.7110463
0.57797575
0.0064122765
0.03153989
0.8137992
0.7815639
0.004161918
0.0005655543
0.0014248997
8.850541e-06
0.99999934
0.8986982
0.098468624
0.94027394
0.11581618
0.9970665
0.9998927
0.15488467
0.972536
0.15533681
0.16946389
0.83915186
3.4760622e-05
0.00021160996
0.01679826
0.962866
0.94970703
0.99983406
0.5555196
6.496854e-05
0.6984897
0.19748434
5.0812e-05
0.0028899987
2.3073304e-05
0.056885988
0.041009724
5.599398e-06
0.07944703
0.6540496
0.0013682018
0.18046482
0.799786
0.0014924351
0.74909115
0.17528382
0.6981696
0.10075955
0.5556519
0.29852343
0.19845007
0.00070192915
0.0015088926
0.007523865
0.39459658
0.018872216
0.017281549
1.34848515e-05
0.0016647157
0.0032897086
0.87490416
0.9964293
0.34308878
0.9999921
0.0016647157
0.00035502124
0.067099206
0.018256048
0.0004372648
2.5516969e-05
0.030821035
0.070979014
0.04483658
4.4402277e-06
0.18722732
0.13622545
0.99720883
3.1604457e-05
0.98074275
0.8375295
0.96901506
1.0
0.03385559
0.82476276
0.11834113
0.0037386494
8.9424946e-05
0.534809
0.020904837
0.96901506
0.7225029
0.9985055
0.55586004
0.010553148
7.558491e-06
0.00237945
8.553367e-06
4.941699e-05
0.54465
0.0984686
4.2909046e-06
0.0005355651
0.052983914
0.6912689
0.9024919
0.99996114
3.7847647e-05
0.04738359
0.6980464
0.00059817254
0.00013506718
0.035905425
0.06424922
0.94944215
0.06810036
0.15994872
0.0008784864
0.8777047
0.051122356
0.22311689
0.03864168
3.9540955e-05
0.000314091
0.99999046
0.99983406
0.017281549
0.0031058488
7.7327364e-05
2.8353392e-05
0.056858733
0.0001069569
0.9840003
0.80182546
0.9547681
0.06139224
0.9999979
0.37342802
0.97648853
0.00077927177
0.9852961
0.710582
0.00012594409
0.99998015
0.024090357
0.039025977
0.1045446
0.97758704
0.00055959704
0.00013177206
0.016884603
0.9995623
0.003736469
0.9994049
0.042849213
0.00041795633
0.09240588
0.07245222
0.35463366
0.005348718
2.8992612e-05
0.9999974
4.8122372e-05
0.09777379
0.47544244
0.23672032
0.10310393
0.00014707189
6.81716e-05
2.5047433e-05
0.00022907734
2.1741496e-05
0.9992901
0.000101311205
0.0106291175
2.7672077e-05
0.3139674
1.9056595e-05
0.0008368722
0.00020239847
0.72979635
0.111410156
0.060287524
9.6628595e-05
0.6088282
0.80195105
0.8224948
0.998665
0.17557175
0.93266374
0.009411735
0.055567104
8.668083e-06
3.1067735e-05
0.22743611
0.092918456
0.15777086
0.9998354
0.000101311205
0.00014211184
0.0051205554
0.857788
0.4620156
0.9999976
0.041711252
0.06916499
0.0021991618
0.8176618
0.3096969
0.95960766
0.009977906
0.99646014
0.93904316
0.15912941
0.00015402844
0.047511328
0.00087296247
0.992846
0.06944068
0.09428258
0.98551464
4.3167285e-05
0.99996203
0.00126688
0.09428258
0.9999992
0.00012723956
0.00026232685
0.9997649
0.8533913
0.0015028514
0.35463366
0.0047275005
0.57797575
0.56576943
0.58788866
0.044349533
5.1185798e-05
0.026246348
0.07676264
0.04142057
0.04201358
5.1185798e-05
0.9999942
0.95279956
0.02509515
0.8902553
0.16173217
8.668083e-06
0.9999976
0.4112893
0.042850222
0.042849224
3.2246717e-06
0.9963803
0.9999998
0.9999994
0.36430612
0.0047275005
0.24718353
0.0060299058
4.1468214e-05
0.97758704
0.0032507374
0.840579
0.0016438813
0.710582
0.9989481
0.00079591916
0.00095614727
0.036788765
0.0009476322
0.034186576
0.0055638826
0.83325565
0.18846937
0.033816688
0.24766909
0.041900516
0.009805121
0.021926133
0.43598378
0.067961894
0.86071885
0.00947018
0.8679599
0.09428258
0.62088144
