1.9002044e-05
0.023735084
0.009342152
2.5272116e-06
4.648625e-06
0.99873734
6.8561465e-05
0.00070226105
0.99999
0.0018053083
0.0051316274
2.0623205e-05
3.9501942e-06
0.0060590813
2.5470217e-05
0.00077707757
3.9466618e-06
0.041825827
0.00012107387
0.00018382068
0.7926452
0.00010571628
2.6694045e-06
0.24013999
0.048359953
8.552637e-07
0.0030940308
0.0007564199
0.009357181
0.9767255
0.00089718634
1.21365965e-05
0.00012389211
0.0003083848
3.868253e-05
0.00022383127
1.7375231e-06
0.95823497
0.00019550182
3.4897841e-06
0.021572324
0.48125967
2.9269975e-05
1.6958935e-06
0.00019596468
0.026056934
0.77892
0.027834062
4.1467924e-06
6.4202965e-08
3.5504505e-07
6.2345775e-06
1.4552776e-06
0.99724144
0.0005130109
0.0014107836
0.01358406
0.00027276663
0.7400283
0.0001570641
0.008208017
6.3405205e-05
2.4496898e-05
0.0009613878
0.00022696026
0.12853657
1.70216e-05
0.09509168
1.8037657e-05
0.0052863313
1.5208382e-08
0.004106722
0.020543661
0.00012828423
0.026056934
0.99890655
0.0002387663
0.06744727
6.398966e-06
0.021356277
1.2808596e-06
0.20793238
9.866705e-06
0.000110287416
0.0001045359
0.48446822
1.474634e-06
0.0009802366
7.0984565e-06
0.7867135
3.549414e-08
0.9708708
1.474634e-06
7.6157094e-06
0.000120515804
0.005517091
4.150147e-06
0.9914022
2.525082e-06
2.6408266e-08
0.00023478859
0.0029425747
0.2028654
1.7445482e-06
0.012137669
0.046732817
2.0930614e-05
0.9951424
0.99724144
0.9987776
0.002653933
7.759661e-05
1.547233e-05
0.0014861298
0.0012221285
9.5989766e-05
3.502667e-07
0.00072115136
0.00052817573
0.00085694925
0.0041095293
0.19695012
9.171833e-06
0.00018953354
0.00084707566
7.0984565e-06
0.0007653886
0.0002387663
0.994563
2.0088612e-07
6.8260324e-06
0.00023141531
0.005867958
0.8445749
0.0010087384
0.007829086
0.00056958775
9.171833e-06
0.0029132778
0.0001155763
6.8260324e-06
1.0388342e-06
0.08233605
0.28979492
0.00019596468
0.0026955262
0.0012221285
0.006121577
0.0007669949
0.000882695
4.513731e-06
2.1814083e-06
2.5633642e-06
0.00014784044
0.00021684819
0.019083863
0.0008052821
2.8072825e-05
0.99798775
5.090313e-05
1.2168676e-05
0.0066829138
4.8457438e-05
7.946614e-08
0.00049753755
0.0102578355
0.13381381
4.6713959e-07
3.4019337e-08
0.000121387035
0.68751574
1.2034774e-07
0.0023480845
0.7401411
2.1736478e-06
1.6113154e-07
0.11510995
0.010455471
0.00013548021
1.6312889e-07
2.1378976e-07
0.00015115201
0.0001688922
0.091760434
0.0005171896
2.2698248e-05
0.00860154
1.0154055e-05
1.7634986e-05
0.0016483198
0.538104
0.02401406
1.5472315e-05
0.00022490861
0.0042260373
0.99989855
0.0005148619
0.03602975
1.4652792e-07
0.01659472
0.0028029443
0.36535776
0.010455471
0.14773366
8.417621e-06
0.00019550182
0.99959075
7.140559e-06
0.9143261
0.9985432
1.0394571e-05
0.007939729
0.00022769459
3.3127228e-06
0.00023478859
1.5194342e-06
0.0076645976
1.5194342e-06
0.26017633
1.4931673e-05
6.545047e-05
0.0008888371
0.006253696
0.0018396404
0.012187455
0.9991817
5.510381e-09
0.0039678444
1.9657305e-06
0.0029132778
0.021572324
1.2975288e-05
5.434097e-07
0.9767715
0.004548033
0.00013283771
0.999999
0.00020621336
0.36202297
2.3965453e-07
0.9999992
1.2418055e-05
0.013859138
4.8457438e-05
0.00024074844
0.0002656053
3.4897841e-06
0.9989161
0.06773311
0.034982402
0.010409503
0.7797044
1.6299188e-07
1.8682105e-07
0.999983
3.3127924e-06
0.058421534
4.411909e-06
1.775827e-05
0.024173781
0.0011429389
0.99995047
0.34960693
4.7535184e-05
0.00020376126
0.9994443
0.0015972127
0.00032949678
0.97673935
0.016102415
0.049812358
0.00027986497
0.00021882277
0.24194345
3.8285514e-05
2.08586e-05
8.877609e-06
1.9657305e-06
8.651046e-06
2.921537e-05
8.964335e-06
0.00021160391
9.8053874e-08
1.305122e-07
2.5729892e-07
0.00042247766
0.00042247766
3.7517506e-07
1.4986183e-05
0.25832573
0.11126671
0.018069344
0.00015186743
0.0012524166
2.3945402e-06
0.00027556298
0.00862926
1.3372564e-07
0.03193165
0.061318535
