0.999835
0.9999984
0.017024478
2.289528e-05
0.24119465
0.7153574
0.3506458
0.0007312525
0.44792253
0.9917652
0.00012080552
3.422104e-05
4.0231233e-05
0.00018622096
6.2789195e-07
9.2469614e-05
0.00011155613
0.0003782818
0.11215654
1.1346509e-05
4.2368374e-05
0.01018402
1.8108436e-06
0.06602428
5.6911278e-05
0.009853722
0.0051330836
0.0010098048
0.17954773
2.7338354e-05
5.359797e-07
1.123901e-06
3.851952e-06
9.9056524e-05
2.4594743e-05
2.5547355e-05
0.00046914775
0.00047908508
0.04007624
0.94822884
0.00065929064
0.0017066476
0.99999875
0.0036107344
9.2029643e-07
0.004739852
0.001983369
0.005056202
0.99998677
1.3532969e-05
0.0017019421
1.4944644e-06
0.995625
0.15876968
6.689471e-05
1.1574181e-05
3.3775093e-06
0.99409395
0.00013517542
0.00045883725
0.00073315983
0.003493808
3.9207975e-05
0.20638967
0.9999162
0.0012932498
0.000707927
0.00021823456
0.9974542
0.012828447
0.0013503135
0.9999992
1.4169132e-05
0.9857236
0.95897466
0.08824393
0.00013680983
0.0013395253
3.3368394e-06
0.9860734
0.25806478
0.0011045755
0.14115556
1.6526537e-05
0.9964284
1.0772228e-06
0.9560339
0.0037794223
1.5899982e-06
0.967443
0.95434934
2.1537628e-05
0.06758875
5.1728763e-05
0.9797773
0.001607335
2.197848e-05
0.0005343164
0.3994268
0.016079359
0.034057967
0.008388827
0.70419145
0.0114118755
0.0046408237
0.00014019362
0.22457093
0.991848
0.0018254007
2.3946382e-06
0.0008123794
0.0018135399
0.12662813
0.03648684
0.009368826
6.511634e-06
0.00021823456
0.0018837829
3.441386e-05
2.5136092e-07
0.0007244832
0.11110612
3.291983e-07
0.00013988315
0.00021104499
0.0005312695
0.0020976579
0.10629833
0.0001663551
0.9947649
0.00211606
0.001970733
1.969521e-05
0.08528895
0.65849304
0.037635293
0.00027581898
0.9999951
0.08331403
3.1805812e-06
0.009008395
0.377662
0.0014500016
1.418396e-06
0.0015582637
0.70419145
0.009286096
0.008751219
0.05938314
0.06996576
0.20893084
0.9998277
0.09925041
0.085237995
3.1056035e-05
0.91789216
0.001144891
2.666855e-06
0.9998156
0.020121207
0.03472385
0.83301723
0.0039732414
0.000898164
0.0017574062
2.7280588e-05
0.0003269821
0.9857236
6.061677e-05
0.6400201
1.613102e-06
2.136596e-06
0.90368706
0.0017231813
5.21735e-05
0.1753269
0.99998987
0.0025260276
5.6911278e-05
4.710334e-05
0.9981506
1.0690345e-06
0.06749303
0.19309707
0.0015038549
0.00660644
0.012720888
0.00211606
0.06749303
0.0074781845
0.04838896
8.465025e-05
0.04007624
0.007478181
2.9087712e-05
0.016621899
0.0057989955
0.06602428
0.20444523
0.3834898
3.0415378e-05
0.90368706
0.3871168
2.3556078e-05
0.006226961
6.97628e-07
0.0002972052
0.00031205034
3.1484135e-05
0.013796234
0.0027592962
0.00028905197
1.4169132e-05
0.0012712514
0.99997205
0.0006169263
0.19309707
0.87114805
0.99846894
0.07838281
0.0025948787
0.007478181
0.80476904
0.99999255
0.41078973
0.00012593076
0.034723833
0.0007009626
2.7983708e-06
0.0016829763
0.00045508984
0.022084406
0.0025260276
3.6006954e-06
4.6334126e-06
5.272225e-07
0.00015057344
0.0011947129
0.0013601118
7.1694767e-06
0.0049972082
0.015921917
9.834377e-05
0.0001663551
0.00052373426
6.6868856e-06
0.11325942
0.0038232848
7.462558e-05
2.6354533e-07
1.2715453e-06
9.830976e-06
0.92530733
0.99997485
8.353182e-06
0.0035841202
3.090294e-05
0.0014448892
0.87114805
0.049747903
0.934776
3.811199e-06
0.012254595
0.0057989955
0.0042048227
0.13889602
1.2763752e-05
0.3362526
5.8462447e-05
3.7418636e-07
0.81420225
0.06113467
0.05507064
0.00018236626
0.3333379
0.00011780636
0.0005367374
0.99555486
0.94822884
0.016827628
0.006863196
0.99999976
7.277887e-06
0.99951375
0.00012843379
4.2403983e-05
5.3771597e-05
6.592023e-06
2.1378976e-07
0.0017491591
0.0046730894
2.620718e-05
0.14203602
0.99874425
0.0002565853
5.4379263e-05
0.0039077937
0.00024123394
0.24369693
0.00017251693
