1.0
1.0
0.9124836
0.9869037
0.9999647
8.139139e-05
7.5580094e-05
0.00051125983
0.7372051
0.0808653
2.1348513e-05
0.006833718
0.0011503499
0.001114493
0.18643616
0.0059347586
4.1359213e-05
0.24195011
3.302687e-07
0.7448366
0.99999404
9.070997e-05
0.001554054
0.0005049495
0.0021557307
0.029468905
0.0056671584
0.28201786
0.004659018
0.0026222602
1.1314419e-06
0.9999997
0.0014341077
0.003167799
1.1587406e-06
2.8476531e-06
4.7179226e-05
5.7775046e-06
0.0017607562
0.0029806076
3.4072568e-06
0.0010598813
0.99671906
5.0171704e-05
0.0006829577
0.0005812853
6.2647237e-06
4.139009e-06
9.478203e-05
9.7389166e-05
4.4869325e-06
0.010096237
3.511298e-05
0.98188525
0.3297881
3.0576175e-05
0.00013376676
8.797593e-06
0.99999934
0.0056027924
0.7344049
0.0007411862
0.003981368
0.00092657417
9.1825723e-07
0.9800634
0.00015055017
0.99436456
0.24718748
0.00059425365
0.99916357
8.304262e-06
1.3368816e-05
0.4713732
0.00015026936
1.8018135e-06
0.006406956
0.0018832182
0.07870914
0.004102627
1.7115684e-05
3.1193762e-05
0.015329874
1.2507256e-06
7.6225106e-06
0.0051299455
0.00012146403
1.1769931e-05
0.04505911
0.0009859519
0.008249955
0.9999204
5.3578224e-06
0.029468905
9.474805e-05
1.1073807e-07
9.167032e-06
0.99986213
0.008583709
0.04272443
0.0011998998
2.3218767e-05
0.8906037
0.99040097
4.587116e-06
0.0022085633
0.04909734
1.6910646e-07
6.6733414e-06
0.00013099007
0.0025537629
0.9999997
4.925923e-05
0.0025541284
0.47812724
1.452075e-05
0.7577657
2.3218767e-05
1.3228121e-06
0.0028244776
0.00084842223
0.0004945733
0.0785955
0.00035711937
4.8759386e-05
7.5794605e-06
0.2155366
0.99998266
0.19995856
0.59593904
0.96978116
2.412204e-07
0.00027546
0.00040327295
0.9980424
0.00045580184
5.215773e-08
0.0043926514
6.7137086e-07
0.6486026
1.8566952e-06
0.31579444
0.7000344
0.00041621167
0.8285958
0.0010849263
0.0010875636
0.053107258
0.34085009
0.039541893
0.99664825
0.0019596769
2.575395e-07
0.013187051
0.9447349
6.9831534e-05
0.77403367
0.9999122
1.6764283e-06
0.005378965
0.00092576415
0.94770974
0.004780514
2.8016123e-06
0.91881734
0.18337299
0.0030325875
1.0061027e-06
0.0029155433
1.0140178e-05
0.22788513
1.6910646e-07
0.032647297
0.2362726
0.9447349
0.9998041
9.0898584e-07
7.625292e-05
9.958453e-05
0.020520313
0.8845271
2.635729e-05
0.001602545
1.6699383e-05
1.2747622e-05
8.722341e-05
0.00044262077
0.00015055017
0.7731579
6.441415e-06
0.0015671388
0.99664825
0.108128056
0.10105633
0.9516071
0.007091582
0.47812724
0.999052
0.94993556
0.06263384
0.0070344913
0.00062999723
0.03537109
0.905707
0.0004935869
3.602377e-05
0.00014423455
0.28214642
0.0004438097
0.16070963
1.6431882e-06
0.00035258866
0.05071193
0.0014015603
0.00024445413
0.008062891
0.9998408
5.3438707e-06
1.8592893e-05
3.7633577e-06
8.4072826e-07
7.8523204e-05
0.89735377
0.50189734
0.0011998998
0.0020952667
0.017997967
0.1448282
0.0002381043
0.5578371
0.025848052
0.0039368896
0.87227553
2.0677599e-06
0.12097667
0.98449206
3.064845e-07
0.002821986
3.6260797e-05
0.001172599
1.4633994e-05
0.9822712
0.6227271
0.0002882333
0.5417232
0.97407
0.9932045
0.88450253
0.00016176437
4.1359213e-05
0.0056027924
0.010762949
3.4789482e-06
7.537577e-07
3.302687e-07
2.8750377e-05
0.112350486
0.8016449
1.8340934e-05
0.99989194
0.0009856644
0.00017825991
0.0025537629
0.000426459
1.1587395e-06
5.786227e-05
1.2418803e-06
0.0010574915
0.002295993
0.59569323
1.906974e-05
1.03117145e-05
1.3583824e-05
0.0033294554
0.778018
0.04272443
0.0015031992
0.998401
0.00061963906
0.00058498105
7.169825e-05
6.2090157e-06
0.56370395
0.007657076
1.3504889e-05
0.9999691
2.1962285e-05
9.070997e-05
0.99991465
0.029623253
2.8476531e-06
0.09738797
0.0785955
0.00502206
1.2989203e-05
0.00015055017
0.12765583
4.1359213e-05
0.9999695
1.6075663e-05
