0.54202753
0.9998398
0.004037236
0.9797095
0.13896647
1.5191459e-06
0.97994614
0.029692853
0.00013295317
0.19809708
0.00013224875
6.476735e-06
5.9888553e-06
0.0014065665
1.3769237e-05
0.0006122021
0.9722958
0.9999058
0.00011429729
5.3944375e-05
2.7067314e-05
0.47702
2.1793829e-05
0.99593365
0.044515382
0.0033647795
2.9295984e-07
0.0014080771
0.99494404
0.00018755851
0.00012356602
0.0001001101
6.859639e-05
0.0036341683
0.29942703
0.99996924
0.00035954994
0.00017967507
0.58239996
0.0056495965
0.0013259237
6.476735e-06
0.00018285292
0.00028603533
0.009243238
6.7824236e-05
0.9999734
0.058689326
0.00056647684
0.015178867
0.00017967525
8.9793616e-08
0.07661961
0.0031587202
4.354427e-05
9.134484e-05
7.659368e-06
0.048793633
2.7580882e-06
0.83422077
0.0002028728
0.015633652
0.00017724198
8.8007795e-07
4.7468417e-05
0.0043728556
0.00074998615
0.0041449857
0.01510612
0.0038753909
0.70426154
0.00028343848
5.7948255e-06
0.0052008326
1.1490293e-06
0.00010351706
0.05918646
0.14681534
4.1655767e-05
0.00031614865
4.8515973e-05
0.003403848
0.0002487805
9.531274e-06
2.2350819e-06
1.4519935e-06
0.0002732763
8.9793616e-08
0.99119323
0.0012017803
2.777616e-06
0.060599387
0.99933946
0.069842055
0.42733294
2.826075e-06
0.000106488864
0.37777644
0.00012840195
0.1263403
1.2504498e-05
9.531156e-06
1.5134445e-05
0.00012518845
0.00013079037
0.54746383
0.22284879
0.0014866883
7.0478054e-06
0.51256335
0.00058272673
0.0019082605
0.00021828618
0.14681536
0.0006525052
1.49084235e-05
0.04166286
1.1704047e-05
0.0038753909
0.0013200985
0.0016258275
0.0015513572
0.8124294
0.02955444
4.1618365e-05
1.1948386e-07
5.1436622e-05
1.7174705e-06
0.35596225
0.000106488864
0.23636179
0.054773528
0.064127706
0.01275631
8.0734475e-07
0.20491569
0.00020738658
0.9086633
0.9999235
1.649975e-06
0.0006122021
0.00010788936
2.955928e-07
0.8124294
0.70426154
0.9970785
9.623382e-07
0.9541327
0.011711384
0.004022083
0.0003344415
0.0033506176
0.012436276
0.035178285
0.008065515
5.0908543e-06
0.0044495584
0.07519386
0.044515382
1.5182682e-06
0.0014065665
0.09868603
0.006112309
0.22447385
0.9993866
2.346713e-08
0.040967952
0.053380325
0.004543402
0.84552294
1.6518281e-07
0.010554616
5.0908543e-06
2.8925337e-05
3.4121585e-05
0.050912067
0.00021468438
5.8252255e-05
0.0073493947
0.89419776
9.222498e-05
0.0007845972
1.1045947e-05
8.666072e-07
2.6117088e-05
0.004735852
2.8740837e-05
0.1665605
0.00053533335
7.137571e-05
0.043036584
1.0598109e-05
5.262387e-06
0.00026229036
0.031682163
0.49648967
0.89419776
0.0019988138
0.9997901
4.384153e-08
7.03345e-06
0.004511531
0.91967106
0.005163933
1.5590898e-05
1.287935e-05
0.017555224
4.401172e-05
0.0066527557
0.00033080808
0.28345254
0.9960841
0.18078332
0.007835545
4.384153e-08
0.99640167
0.00015306332
3.6697627e-06
7.037503e-05
0.000285114
0.003786062
3.979752e-06
0.0010359756
0.032601275
0.03216679
0.905477
0.004735854
0.9997505
0.95693064
0.0007569405
2.2007467e-05
0.35762802
0.22892556
0.00015352888
0.0015964631
0.030014606
0.1588264
2.2007467e-05
6.3453977e-06
0.0005673819
0.0066527557
0.78626084
0.5915072
0.00032434927
0.9912899
0.014819259
0.0032404668
2.84423e-05
0.019082597
9.777086e-05
5.3365675e-06
0.00047768102
0.89419776
5.0381655e-06
0.0063708834
0.0045669633
4.3194223e-06
0.01462247
4.584843e-05
1.7915905e-05
0.013169236
0.9961623
0.051374946
0.0002754348
9.2126936e-07
0.00014343113
0.00056647684
1.2622578e-06
1.5649505e-06
8.9793616e-08
0.0030085535
0.0052008326
0.8868579
9.189841e-05
0.0009159532
0.35596225
8.7649136e-07
0.00010788936
0.0011397739
0.9489905
1.0521512e-05
0.00046283228
5.292497e-05
0.5057942
2.3263514e-05
0.0703615
5.0775816e-05
0.034889765
0.9353025
0.8161592
0.23491976
0.6127358
8.293222e-06
9.9296285e-06
1.8092106e-06
0.00035762702
0.9999819
0.98398596
0.0013264454
2.7445874e-05
