1.0
1.0
1.0
1.0
1.0
1.0
1.0
1.0
1.5936468e-05
0.00027483463
0.043146998
0.38268977
6.9615715e-05
1.6907469e-06
3.7250936e-07
0.99981755
5.196133e-05
7.8588355e-06
0.00048001163
0.56599784
0.05517073
4.643671e-06
0.02249381
3.5538014e-05
0.0004394075
2.284969e-05
0.075687736
1.4944602e-06
0.00045736867
9.341293e-06
1.9174944e-05
0.021977805
0.40324947
0.0044169333
0.0048286035
0.00011102351
0.024867894
0.0012775261
0.98062015
0.009081312
0.99999607
1.3068762e-05
0.00031749788
0.8071197
0.023644952
0.5764879
5.2394375e-05
6.581059e-05
4.3259254e-07
0.0004886723
2.8493673e-06
0.00072678394
4.011739e-08
0.004641925
3.4647373e-06
2.7365115e-05
1.6824072e-07
2.173679e-06
0.00096021243
3.2873882e-06
1.5979865e-07
0.0015490722
3.2359853e-07
1.30808715e-08
1.5198455e-07
0.03782979
0.02661127
1.7409699e-06
0.9922894
0.0005738449
4.3634648e-07
0.45566916
0.017420271
0.001815866
2.4036407e-07
4.667989e-07
1.0829231e-06
0.00013426284
2.1425483e-06
1.5718484e-05
0.042516816
0.00016620097
4.2167678e-05
0.060028374
1.1714103e-06
0.0046731737
0.0028259729
1.5514426e-05
0.62446487
0.0016676132
0.00019521684
1.800267e-05
0.99952424
0.0007645925
0.9999903
8.6603555e-05
0.08596435
0.3694919
0.28400308
2.3476001e-07
5.6295074e-05
0.00963696
0.0049479837
0.5614936
0.00035275577
1.0974955e-05
1.4101133e-07
2.0764556e-07
3.4771836e-06
4.8204864e-05
1.3622237e-07
0.9999884
3.9347532e-07
5.492877e-06
0.025972648
0.00035857916
2.9559124e-05
0.93706757
2.9559124e-05
5.1426814e-06
0.0014180628
0.042516816
0.000110429384
0.00021506257
1.2750479e-05
0.00036995744
1.0252664e-05
0.0008116687
3.5099508e-06
0.00014530633
0.17958288
0.004641925
0.99984926
1.2673117e-06
0.09264879
0.27455428
0.00062033214
0.00019625301
0.91390103
5.8711453e-06
0.023067703
0.0018246693
0.15033342
0.5233359
0.00014530633
1.3386856e-05
0.0026370184
0.99805516
1.6953089e-05
3.8257996e-05
0.17765123
0.000566432
0.82567674
0.0023519257
1.0246215e-06
0.025972648
1.1918073e-06
0.0001875528
1.1225475e-07
1.8522137e-06
0.9999988
5.248809e-06
0.0004394075
6.8155595e-07
0.1420943
0.9996984
0.99984926
1.7707504e-06
0.00013426284
4.1169608e-07
1.8091899e-06
0.0056112707
3.1879375e-05
2.538591e-07
6.0685175e-06
0.009081312
1.5198455e-07
0.0009741274
2.1055177e-05
0.00016855565
1.52136e-05
0.82631683
6.3436555e-06
2.4166342e-05
0.9967942
2.9809877e-05
0.011935833
0.0010065679
2.1425483e-06
0.00045432243
1.3644018e-06
4.3259254e-07
0.0006170248
1.0488562e-05
0.0010770059
3.4186292e-09
0.34827876
0.0016753273
1.6345266e-05
0.0012484911
8.389171e-06
0.0093099475
0.016440123
0.006478275
0.9905121
8.808154e-08
5.788319e-06
0.18420267
0.00045746178
0.0004895103
0.0008910312
0.09804818
0.0012784998
7.802162e-05
0.018610729
0.00069270935
0.9999764
0.00065977057
0.00064975116
1.9473706e-05
3.0216877e-05
6.855873e-07
7.623998e-05
0.98831
0.0074988464
5.522157e-08
1.6484447e-07
2.1630683e-06
1.2474902e-06
0.0016737243
3.2929904e-05
9.940987e-05
0.015025062
0.0004895103
1.4585021e-05
0.0023193231
2.1314534e-06
3.5367677e-06
0.001505292
0.7799024
0.00014182336
1.6738754e-07
0.03269193
0.00022818097
0.018390741
0.0012319132
0.02008803
0.01189029
0.015945911
0.0077539957
0.006836632
1.7940747e-05
9.181379e-05
0.00014212768
9.631685e-08
2.1789526e-06
0.0012451652
2.1569569e-05
0.36080173
0.00048001163
1.6954763e-06
4.836584e-05
0.00046610305
3.4186292e-09
0.0018311397
5.3624226e-06
8.846033e-07
0.0050470014
2.0612929e-07
3.3976037e-06
2.0512189e-05
0.9025713
2.1070124e-05
1.0770236e-06
0.0012319132
5.3324595e-07
2.464674e-07
3.4634356e-06
1.7544505e-06
0.0063621295
0.00013001011
0.92423993
0.0023082988
7.635204e-07
6.4701603e-06
0.0012784998
1.8136805e-05
2.2531566e-07
0.046533637
2.4106441e-08
0.00032819857
7.4408686e-06
1.9716828e-07
2.1055177e-05
7.061806e-06
0.0010770059
0.0096585965
0.015945911
1.4709877e-06
9.722225e-05
