0.9999966
0.9999966
0.99981225
2.2086676e-06
0.00029350852
1.4437682e-06
2.485789e-07
0.9782471
0.00015807255
0.80104804
0.00031725343
1.2285697e-07
2.397529e-06
1.4355742e-05
0.00030549656
5.833823e-06
4.9307218e-08
2.5604567e-07
8.585709e-05
0.9720124
1.6313683e-06
2.937459e-08
1.3916775e-05
0.00063157803
0.023950117
1.2913348e-07
0.9039208
8.619716e-07
1.0738199e-05
0.0099598775
0.0027246547
0.18152052
0.008057006
6.3214616e-06
4.010314e-05
0.0014945171
0.7530962
0.00431857
0.024631789
8.3945764e-07
0.0007093053
7.925157e-06
0.457507
0.2237528
1.4623782e-07
0.00012709695
0.99914366
2.8884065e-06
1.4855409e-06
5.6741337e-05
0.0014905866
0.99999774
6.839469e-06
0.99996066
0.0011196998
0.082983665
0.00096541183
4.102913e-07
8.3945764e-07
0.8212351
0.010371396
6.4218904e-05
0.00082915137
8.9880805e-06
2.0121725e-07
0.076605715
0.00052362366
5.9682512e-05
1.2357297e-05
1.3346728e-06
3.6512433e-06
0.008057006
1.9130268e-05
0.00024625257
0.0025561932
0.00042805824
1.14797295e-07
3.9150884e-05
0.0052715186
0.0009239383
0.999998
0.0019789492
0.00020547931
1.2003222e-06
3.5330692e-07
0.81808543
1.4379543e-06
5.833823e-06
6.7947985e-06
0.004753034
0.015330535
2.7017617e-07
0.031894334
0.0008457965
9.657251e-07
0.007549881
3.2727548e-06
3.864831e-05
0.019956362
0.9654422
1.7683387e-05
1.4646923e-05
0.9853636
0.0033591555
3.1329003e-07
0.9954809
0.0057192543
3.880753e-08
1.311233e-06
1.5483151e-06
0.022122117
8.9166974e-07
0.99198884
0.022214856
0.00011016381
3.2893697e-09
0.99996066
1.2003222e-06
3.677329e-05
8.131795e-07
1.2804741e-05
2.7979414e-07
0.01758614
0.9167567
0.00020306052
0.078427784
0.038137577
6.4424285e-06
3.5333594e-06
1.3918376e-06
9.5651405e-05
0.9595188
2.5674817e-06
6.1857776e-05
0.030376712
0.042331725
6.1431405e-05
0.011292577
9.753102e-07
0.67033803
0.00093663344
0.0002177428
1.6863645e-05
0.9976267
9.005999e-08
3.5842396e-07
1.1467436e-06
0.033467606
0.008281818
0.0015452023
3.7022185e-06
0.004330143
0.0011284073
4.638226e-05
0.021661708
1.590513e-05
4.9163634e-07
0.972029
0.06829221
0.021164378
0.002158457
0.00028514658
0.9993267
0.007756399
1.8053086e-06
0.00014918347
0.00014404117
0.0006151801
7.3762664e-07
0.99564046
0.20894542
0.06864503
7.2101507e-06
0.457507
0.9798739
0.00030478585
3.410241e-06
1.0115722e-05
0.7333463
0.9716956
2.1837519e-05
0.00012998794
0.12143107
2.4073665e-07
7.9600104e-05
3.5842396e-07
8.619716e-07
8.585709e-05
3.5330692e-07
0.00066830066
0.028953752
0.0057192543
0.0048545026
7.663554e-08
6.332237e-05
1.7683387e-05
0.31955132
0.00031756118
0.0054002423
2.3361301e-06
1.5129131e-06
8.784512e-07
0.00019924885
0.015682511
0.00073383894
0.9853636
0.0065213656
5.2473977e-05
0.0011907297
0.2502589
1.9778101e-05
7.3762664e-07
5.1596685e-06
1.9736593e-05
1.4868491e-06
1.8449911e-05
0.017739516
2.0121725e-07
3.8616556e-05
1.21498915e-05
0.99705726
0.0069739325
2.1766493e-06
2.1076032e-05
0.60711783
0.6870752
5.0471394e-06
0.38637745
0.0015946811
0.96760124
0.5823713
0.038640495
7.5071745e-05
0.9979708
0.26694417
9.858792e-07
1.1467436e-06
0.00074429915
4.143303e-08
3.4544982e-08
1.2882335e-05
0.0034999659
0.00026921823
0.00028516998
4.9996706e-05
0.071901634
8.475115e-08
1.1687876e-09
1.2335971e-07
8.559208e-06
9.753102e-07
0.9999429
0.0011000455
6.846314e-05
8.652795e-08
0.004008326
1.0240684e-05
0.015352239
3.6284653e-06
1.3525654e-07
1.06112e-06
8.403391e-06
0.30788887
5.839055e-06
5.4143547e-06
1.3861813e-06
6.400932e-05
9.170101e-06
0.097192526
5.7412257e-07
0.0011783218
1.9288966e-07
0.9799494
0.0025561932
0.00026921823
0.00077218714
5.2473977e-05
4.057329e-05
0.7454905
1.1613144e-07
1.3529115e-06
0.00079576444
1.488169e-05
0.99860007
0.0024407755
5.295715e-06
0.00020208975
0.0014283763
0.008693975
3.8600536e-08
1.6508722e-06
0.92149645
5.5920053e-05
0.052708495
0.00010046059
3.7859786e-07
2.319497e-08
0.972029
1.572724e-05
0.67033803
