0.9999279
0.04497483
1.7487325e-06
0.02172416
0.0063110865
2.7389475e-05
0.009432021
6.431494e-05
0.972779
0.99990404
0.0039846594
1.7116788e-06
7.74591e-05
0.31408554
0.009358945
0.2793845
0.0010042402
0.00035115462
1.0731801e-05
0.99997556
0.31262398
0.34230193
0.091094
0.9815653
0.0008981631
1.1089909e-05
0.12341811
1.1012918e-06
0.00022390428
0.9236562
3.777467e-05
3.687144e-05
5.7188327e-06
0.0063110865
0.009822952
0.99990404
0.00051808514
9.377334e-06
0.043060068
0.10665797
0.9999997
3.3178927e-05
0.0005324668
0.0045628836
0.00014311254
0.033996917
0.4116708
0.0002338302
7.4426665e-05
0.019154154
1.8141753e-05
0.024824234
0.046087414
0.005608419
0.9999998
0.21607532
0.007526593
0.000120917306
0.0011247874
4.8809117e-05
0.013094784
0.14149556
0.00028078273
0.0017713424
0.99620026
0.12341811
7.4379595e-06
0.99990404
0.00090543315
0.00018639292
0.0023077652
1.01856486e-07
0.0030419508
0.5378263
0.8161702
0.72759026
3.001228e-06
0.18498974
0.325661
6.5609004e-07
0.009106341
3.8800463e-06
0.9950963
0.0015566192
1.1089909e-05
0.0120334
1.4733585e-05
0.011758233
0.037480388
0.0027997445
0.11926458
1.2243209e-05
0.0035337918
0.9948285
7.346894e-08
0.009737943
0.19058375
0.20325318
9.2541774e-07
7.346894e-08
8.6215573e-07
0.0004794391
0.0038876291
0.004178647
8.966677e-05
1.25405395e-05
8.281589e-06
0.4901327
0.6512643
1.0980733e-05
4.4942303e-06
0.0018220918
0.0032991185
0.00026298946
1.0618261e-05
0.9999936
0.4753899
0.9998935
0.02071264
0.9998935
0.00040935358
0.00022535896
0.9784561
0.9479169
1.8741922e-07
0.984897
2.1836188e-06
0.020536793
0.7135312
4.5457755e-06
0.06355972
3.1086198e-05
0.9649429
0.16278596
0.00032704134
0.11749231
0.0010383896
0.09654727
0.9635829
0.0065186657
0.9956354
0.29233867
0.028721474
0.0708249
0.8338108
0.00034037547
0.23488261
0.0077749793
0.7316417
0.05425626
0.0013797896
0.5784933
0.99998593
0.004322188
0.020346846
0.0001363124
0.9999997
0.9800592
0.024291897
0.034776915
1.556367e-05
6.474444e-06
1.4733585e-05
0.9986659
0.00069316104
6.822727e-05
0.0009891066
0.04314635
0.8412617
0.6479078
0.00032401117
0.9085586
0.05293974
0.016661288
0.9238425
0.00040187984
8.473529e-05
0.09186244
0.9784561
0.027151788
3.224601e-05
0.0046015847
0.11796203
1.7647806e-05
0.9991549
0.016103895
0.04688104
0.026774524
0.002119963
4.753257e-06
0.00012530238
0.3997503
3.741347e-05
0.99999666
2.0679157e-05
0.0145868
0.00018234887
0.00013590099
0.87503016
0.1915628
0.0050180014
0.0013702936
0.04688104
0.00032684996
0.006055671
0.00017568728
0.9999908
0.9999936
0.2870566
0.9999952
0.0013075841
0.021127602
0.0053804857
0.0051479465
0.038879655
4.6825306e-05
0.9999807
0.999991
0.84280473
0.54699445
0.00014075337
2.7355254e-05
3.1611693e-05
3.3049644e-05
0.00010123086
0.005561809
0.65889335
0.00352904
0.008368709
6.1499224e-05
0.0007506723
0.035290428
0.0018881056
3.1735595e-05
6.2882856e-07
1.1867568e-06
6.431494e-05
0.0708249
3.5972769e-06
0.07728675
1.2243209e-05
2.8111887e-07
5.194834e-07
1.7902206e-05
0.99702865
0.022645906
0.0019141365
2.0699242e-06
0.018147737
2.7377077e-06
8.19254e-06
0.9918543
6.450277e-05
0.9995647
0.0035780577
0.017158028
0.00015557226
0.00040560125
1.0
0.00014859528
0.00018625845
0.00015273922
4.7380225e-05
2.678894e-06
0.011861338
0.004639705
6.9436566e-05
8.440006e-05
0.00014215763
0.12729156
0.0066164457
4.162678e-05
0.0027646758
4.753257e-06
0.014087727
0.7316417
0.08853569
3.715962e-05
0.8338108
0.12095833
0.99992716
0.40760282
0.0042007333
0.00064898253
0.0002471214
3.6156123e-06
0.99999464
0.00015195752
0.00010986085
0.0004804987
0.015672326
0.00039088083
0.020560242
0.040103894
0.00091538695
0.21238148
0.015227885
1.26638215e-05
0.9999874
0.24890055
