0.99986607
0.99991846
4.931427e-05
0.00492259
8.7099187e-07
0.014330751
0.46536487
0.00052054133
0.004143744
0.006933321
2.4392555e-05
0.00026421342
0.042875938
9.2903974e-07
0.034539707
0.0015039652
5.3710817e-05
4.164134e-06
0.001207598
0.0012227986
1.478907e-06
3.6916555e-07
0.00014274675
0.015958786
1.822851e-06
1.8168772e-06
0.99857944
5.1209418e-06
0.0004920493
2.3023524e-06
9.420451e-07
2.8497398e-06
0.000326969
0.0001399592
0.0048264135
0.9999602
0.00041795315
0.31208485
0.00038088142
0.0005023913
0.42182362
0.89974505
0.000611393
6.459799e-05
0.00012342364
0.0016975494
6.572341e-05
0.20756742
2.30116e-05
9.556627e-07
0.0005375233
3.4580823e-06
0.04620266
0.00017540605
0.00021922393
0.005658513
0.7218926
6.2643255e-07
0.0022552526
8.092665e-05
5.4320644e-05
1.6664733e-05
0.06969752
0.00029434808
3.361282e-06
0.9321523
0.6525112
0.001138238
0.014812633
1.186498e-05
0.0001141287
0.00048763884
0.005086495
0.9527774
2.3397192e-07
9.808716e-06
0.007826168
4.283341e-05
5.633943e-05
8.092665e-05
0.0025654999
0.00079095515
0.052568395
0.99844915
0.0006312708
0.0016185767
0.0055923616
0.0004863736
0.7913254
1.5544356e-05
0.00031299397
5.2530653e-05
0.00042437535
8.301264e-07
7.215904e-05
1.2811369e-06
4.8799933e-07
0.0100454055
9.170411e-08
0.0020501756
5.392118e-05
0.0006752361
0.04635398
0.0010357305
0.0008744564
1.7226919e-06
0.99114937
0.5067545
0.0012216445
0.00492259
0.11975916
0.0002838333
6.3123466e-06
0.9863709
0.052659567
0.15904845
0.00010363815
2.196344e-06
1.726913e-05
3.6916555e-07
0.0036884171
0.0042689377
0.021622442
0.12751235
1.410088e-06
0.99847025
0.0012663745
5.1861025e-07
0.00097583514
1.0675934e-05
0.0038303488
2.360321e-05
2.5689986e-05
0.00014274675
0.20228699
1.0141378e-05
0.0023294694
0.9999602
9.368958e-06
1.262757e-05
0.02609525
0.019149125
0.6248382
0.84621274
0.00502502
0.00019763394
1.1631588e-05
0.9605403
1.8506935e-06
1.039476e-05
0.0060660895
0.000563609
0.00072372553
1.0260861e-05
0.886584
0.09078349
1.8168772e-06
1.8914472e-08
3.099603e-05
0.0065581882
0.01831896
0.9001557
5.462509e-07
0.5207162
3.4788376e-05
0.004964544
0.0016419549
4.6324453e-06
2.6119582e-07
1.6519164e-06
1.2922529e-06
0.0002277024
5.1209418e-06
0.999992
0.00029646486
0.022208083
0.7913254
0.00041713877
0.6257018
6.7516424e-07
0.0002782797
0.006528419
0.00028161381
3.1097465e-05
9.0804086e-08
0.9489834
1.6664733e-05
0.40877363
1.9456664e-05
0.0135319065
0.906866
0.99995506
9.420451e-07
2.105096e-05
0.00014274675
0.045729306
0.0055923616
3.886438e-06
0.00014274675
0.00090284186
0.0034191536
0.00042029767
0.00011894654
0.00026623535
1.7046692e-07
0.0010735507
0.0005988485
0.767816
0.99325424
2.14081e-06
2.024198e-07
9.519701e-06
0.018944893
4.2183485e-05
0.00034502847
0.7092089
7.1426504e-05
0.001457122
0.0016419549
2.4392555e-05
0.018096251
7.287421e-05
0.77024597
8.790447e-06
0.0028719422
6.2844534e-05
9.263218e-05
5.4400884e-06
0.0040584602
0.99999833
5.4320644e-05
0.0002782797
0.02366509
2.2834005e-05
0.0005945207
0.9055323
0.0028844336
5.3469114e-07
0.0001835555
0.001207598
6.3123466e-06
0.000903381
3.774489e-06
0.4270448
0.014812633
5.7060122e-05
0.0021548837
4.510856e-05
0.9055323
0.07740735
0.42182362
4.75042e-07
0.9999491
0.0002501023
0.9339487
0.40877363
3.577946e-06
0.0034191536
3.917845e-05
9.808706e-06
0.08693042
3.406317e-07
3.870364e-06
0.0008134926
0.0031828617
3.774489e-06
0.00012965247
5.602617e-07
2.2218205e-06
0.99847025
0.0006468266
0.09078349
0.0006233759
0.0005779202
2.530926e-06
0.00502502
4.8799933e-07
0.0010786601
1.1360111e-06
0.0004590315
0.00054328784
0.0014706622
1.0053048e-05
0.9999287
4.0342678e-07
0.020991456
1.2811369e-06
4.051018e-06
1.7955776e-05
0.77024597
0.0005809859
6.0872804e-05
6.760245e-06
0.00013850915
0.031895265
8.61182e-07
0.030330027
0.001457122
0.00016600871
8.889283e-06
