1.0
0.5810716
0.00011140274
0.79890764
0.04746088
0.9207907
0.0001680785
0.00011019869
0.0639668
0.8653395
0.0017890877
0.047534302
2.7565853e-05
0.21282806
0.0082783485
0.0127250925
0.0027046006
0.9667728
0.20420787
2.473248e-05
9.529644e-05
2.532942e-06
0.0008043511
0.0014616923
6.890091e-05
3.1479408e-07
1.7579743e-05
0.14074792
9.7888595e-05
0.8305614
0.00023497021
0.32160312
0.0011815031
0.0037985442
1.3214038e-05
0.0013727831
6.387359e-05
0.08067105
0.0008043511
0.14074792
3.035152e-06
0.9353301
0.5044394
4.55574e-06
1.640273e-05
0.038687877
3.3603098e-07
0.0153806
5.3252816e-06
1.7862953e-06
0.5044394
0.91257983
4.892678e-07
0.00013631655
7.6573866e-07
0.0127210915
0.0010415193
2.1275266e-05
0.9999883
0.4780441
0.017111083
0.3092065
0.005572223
0.8872075
0.34625617
0.04787018
0.00010098404
4.5226752e-05
0.00024989972
0.99999934
0.28176385
0.0005389572
0.0016486752
0.9108328
0.0102035105
7.755145e-07
0.010348248
0.33253706
0.004941337
0.0027046006
0.0009508414
2.0709846e-05
0.99435353
2.0001453e-06
0.00042313643
0.94333845
0.09311755
0.04929994
0.028446674
3.8967402e-05
0.0038208556
1.1283987e-05
0.3491983
0.0010083301
1.3385018e-05
0.0012707084
7.843597e-07
0.0002551526
0.026530292
0.26211935
0.0052683037
2.5073363e-05
1.1525584e-05
9.529644e-05
0.23065339
0.388176
0.001126253
0.9998731
9.658857e-06
0.0040432015
0.99997056
5.488756e-06
5.488756e-06
0.0008914838
0.0016331061
0.9999984
2.235392e-05
0.06883214
0.0009516734
0.001359608
0.03594002
2.41574e-07
1.9433297e-05
0.13396826
1.3093251e-05
0.0015961226
8.513543e-07
3.4264626e-06
0.9999981
6.560863e-05
1.4781975e-07
0.00012932661
0.00055848237
0.0022140509
0.0048333765
0.06092675
0.091406375
0.028943049
7.518724e-05
0.0030471499
1.211191e-06
0.00078971696
0.0019426673
0.00016614933
0.17157449
0.75258064
0.99993247
0.12129789
7.714133e-07
0.3346716
0.17743671
0.03920937
0.8872316
4.55574e-06
0.89553416
0.99680537
0.5891757
0.7395903
0.006518061
0.9955102
0.0037783543
0.052846305
3.374147e-05
0.0002618256
3.1516896e-07
2.8937975e-05
0.005157524
0.020482436
0.0007021834
5.274154e-06
0.0070597124
0.21691526
0.03594002
0.00054788723
3.27569e-06
1.117256e-05
0.007160626
0.65011746
0.0040432015
0.032544464
0.009643931
2.4222247e-05
0.9917193
1.1283987e-05
0.9594561
0.00027142593
0.00088126556
0.00016538716
0.0077965325
0.0017890877
0.99999213
1.9540264e-06
0.3807462
0.0006410274
0.8433628
1.1190112e-05
0.001239283
0.999956
0.9999509
2.532942e-06
0.0075192307
0.052015387
0.0040888754
0.99275106
2.8675117e-06
3.27569e-06
0.0013995876
0.0070597124
0.99999416
0.00945568
0.11383307
2.6293823e-05
0.0010755935
0.76264244
9.816322e-07
0.001355858
0.06296295
0.0025306658
0.97228235
1.7974494e-07
0.00091889466
0.00016079185
0.053296745
0.0012921669
0.009959515
0.999437
1.117256e-05
0.011143635
8.9106165e-05
0.036820233
0.0036993395
0.9956261
5.488756e-06
1.3161392e-05
0.9999999
0.0010083301
0.0026228225
0.0011422286
1.844027e-05
0.0015007778
0.06749436
1.2427787e-08
4.0911546e-05
0.99999905
0.8990182
0.0007248734
0.00050797616
0.013539763
0.9998677
0.99993247
5.1201907e-05
0.00078063493
0.00036612642
0.00045461612
0.047534302
0.03400358
0.011008072
1.9745969e-05
5.1807837e-07
0.0029943574
0.0010834612
0.99985605
3.069991e-05
0.0019426673
0.12385054
0.0016095617
0.029167514
0.0011867174
0.067826055
0.003114557
0.1306648
7.784956e-06
0.00011165011
8.2531784e-05
0.046022333
0.0127210915
0.00047908965
4.5085894e-06
6.297814e-05
0.0022348142
2.573257e-07
8.6622293e-07
0.0046538287
0.05061683
6.538541e-06
8.1293837e-07
0.4158765
2.128042e-05
0.6277446
0.02810161
0.76700455
0.017666958
8.611828e-07
1.0573046e-06
0.00088126556
0.036816917
1.3594636e-06
0.007912515
0.9918183
0.009091448
