0.99999994
1.0
1.171959e-06
0.0029813899
4.685012e-08
0.000192174
0.0691671
0.0008527015
0.051559843
2.1904432e-06
0.8990339
0.0018105299
1.5255615e-09
5.0825183e-05
7.0122326e-07
0.000106128784
2.1248217e-05
0.0078066974
1.7213895e-06
4.232778e-07
7.0122326e-07
0.0073845396
1.4743273e-07
0.0018605252
1.2909354e-05
0.0069742003
3.561934e-07
0.34859657
0.020816904
0.00020034405
0.9981007
0.00019037629
7.0252247e-07
1.714137e-08
0.00097329245
0.14422534
3.9251773e-07
0.00021859942
0.004545171
8.537922e-05
7.0232554e-06
0.98419714
5.946439e-06
5.5929013e-07
5.788131e-07
1.273688e-05
0.00060176454
0.8023417
2.8673845e-05
0.0015051608
0.012025104
0.1669473
0.99987185
3.6967176e-08
2.1136927e-06
1.2293543e-06
0.015671752
0.0009764504
3.5290955e-07
6.667397e-05
5.055337e-05
0.0014023166
0.18465054
0.97228754
1.0556972e-05
0.5054023
0.13488707
0.18273266
0.004900692
2.0585616e-05
0.13488707
0.9941836
1.585573e-05
0.00026660544
0.99999595
8.151344e-06
0.01340552
1.789247e-07
0.0042852163
0.06551043
0.00037864802
0.0009056333
0.00014652849
1.062371e-05
0.00093148067
0.00444576
0.999988
0.424148
1.1408952e-07
0.9999955
0.9979872
0.99586326
2.1528653e-05
0.0006719765
3.965727e-05
0.00018258113
1.801531e-05
0.0059122066
3.7324653e-06
1.0297946e-05
0.0531163
0.6954859
2.9623143e-07
3.092458e-05
0.000913029
2.0142653e-07
0.0001600483
0.70617586
1.017443e-05
0.00024826394
5.8345795e-06
0.0046073957
0.029357675
1.7632665e-05
0.8633434
3.8626942e-05
4.2749998e-05
0.88510144
0.00048904435
0.04158643
9.832792e-07
0.00022843
0.93761677
6.5615473e-06
0.00034043874
5.8430323e-06
1.171959e-06
0.0007231399
4.95653e-07
2.4375951e-05
2.0518786e-07
4.6187515e-07
8.463159e-07
1.3817591e-05
1.6442478e-06
0.001044783
0.00064224645
0.002157651
1.1009904e-06
3.8027036e-07
0.0001761336
0.056910448
2.404666e-05
0.007210119
3.5191874e-07
2.334267e-08
2.962435e-06
0.8633434
1.1347648e-06
4.5339374e-07
0.0064193346
5.668293e-05
2.8673845e-05
5.922596e-06
0.73080176
0.04680537
2.334267e-08
0.00029916107
1.799134e-05
0.5054023
2.2033769e-08
1.0198367e-05
1.6446963e-06
0.0010617828
0.0044092364
5.315613e-07
3.8932038e-05
8.9895553e-07
2.3316512e-07
6.919412e-05
4.8480415e-06
0.999999
0.00011575907
8.413046e-06
0.0032912097
0.032146562
0.0007784917
0.0009442785
0.7746385
0.89791256
0.1404728
0.009568826
2.6156324e-06
0.0035538916
1.799134e-05
0.0011376159
0.00025824417
0.9998277
0.01340552
1.2368604e-05
3.0930587e-06
1.3214247e-07
0.9955173
1.489365e-07
0.97228754
0.44246432
0.00070685643
0.031743895
3.896376e-05
0.008700167
0.0598931
4.303707e-06
1.8890456e-05
0.8633434
0.08360501
1.7670848e-06
0.22185704
1.2092019e-07
0.00054153084
3.5163714e-05
0.07255051
0.0013474122
0.0015578069
0.9982545
2.4178796e-06
1.5401916e-06
0.005999889
2.2495704e-05
0.14422534
0.0007398299
0.0047397125
1.3639673e-06
0.0008373049
0.010147458
0.0002657373
9.7126336e-05
0.0024563335
0.001440028
0.00026516884
0.5203109
0.5054023
3.4626762e-06
0.00035251875
0.0029638673
0.0012111443
0.6892923
2.4270344e-07
5.720488e-05
0.0004832692
0.99999803
0.017849775
1.08892806e-07
0.001651526
0.032941625
0.0001581422
0.00430581
1.8389905e-07
0.2778607
0.00053676986
1.0268762e-06
5.315613e-07
0.00027010706
0.00014938616
0.00053074246
3.6967176e-08
0.00020427247
0.0052576317
0.00022992636
0.00020374048
0.0003958702
0.10106609
0.00086831395
2.8917118e-05
8.820589e-05
1.714137e-08
0.0012927516
0.99994063
2.931193e-05
0.61730754
0.0052231825
0.0027415662
0.00044072178
3.299496e-06
3.4825092e-07
0.96571267
3.3573256e-06
4.5372853e-05
0.0028319748
8.555478e-08
2.7364888e-06
1.5173606e-06
1.4918386e-06
1.3474516e-09
6.0130966e-05
2.3316512e-07
8.787581e-06
7.66712e-07
0.0007181646
0.07244656
3.250254e-05
0.0001990083
0.9953444
7.623463e-06
2.9224492e-07
0.02333091
8.856281e-07
0.34140903
2.931193e-05
0.32132328
0.011582493
