1.6639628e-05
2.7320111e-05
0.0008266545
3.788113e-06
0.7939348
0.9721529
5.8503533e-06
7.123129e-05
0.0014587964
0.00018015214
0.42220673
4.0488332e-05
3.1620828e-05
1.1788307e-05
0.28668186
1.0240617e-06
1.3075656e-05
6.9799775e-05
4.003655e-06
0.05491076
0.00084280455
4.252357e-07
1.3941815e-05
0.00052525784
0.00894776
6.094461e-07
0.07256391
0.00076515664
0.026069243
0.0175855
0.019209707
0.7129745
0.0015717002
0.000843088
0.00033936035
3.349078e-05
2.5007192e-05
0.00096184685
0.9996353
9.434743e-06
0.04946781
0.00019367965
2.0415997e-07
1.3064762e-05
2.2572078e-05
0.0006173689
0.0009455226
0.057686806
9.212165e-06
7.199237e-05
0.90157413
0.99999684
3.788113e-06
0.9999922
5.5251458e-06
0.0020089727
0.0006694152
0.030821888
0.06252682
0.00076515664
4.3482234e-07
0.0002883927
0.00072135584
2.519775e-06
0.0035826985
2.5007215e-05
0.93959373
0.998986
3.1620828e-05
0.010533777
0.24641769
0.00047590805
7.415865e-05
0.03472617
0.0029145551
0.7888201
0.000732026
0.006165984
0.0008802245
1.0949559e-06
0.39110386
5.0929425e-06
0.00041034166
0.029370233
0.010368861
0.9118672
6.632545e-05
1.4539042e-07
5.8571877e-05
0.049236175
0.4289393
1.2639012e-08
5.6276767e-05
0.0019659803
0.000273658
0.00014247111
1.1963748e-06
0.005109706
0.00064765435
0.0014415852
0.032488894
9.83826e-07
0.9864788
1.478207e-05
2.4794022e-05
0.99747497
2.3566572e-05
3.3120152e-06
0.0039702607
0.75153
0.9891393
0.00031610375
7.217376e-07
0.07495197
0.17162983
3.1595368e-06
0.064976566
4.462211e-07
0.00011931426
0.000747475
0.0006214127
0.00071512884
0.0068168133
0.0028851659
0.004900148
0.0005490682
0.9180571
0.8256022
0.023792086
0.0018446012
4.685357e-06
0.00012925289
0.00015112665
6.7942965e-05
0.00031220124
0.4407076
4.204858e-06
5.4596717e-06
9.968739e-06
0.042778417
2.6774815e-06
0.81718117
0.9999998
0.021944344
5.6276767e-05
0.00052463333
3.6874393e-05
0.9180571
0.9891393
1.1963748e-06
7.676851e-07
3.8525777e-05
6.9799775e-05
0.013315741
0.0011700892
1.6494698e-05
0.17460264
0.057090208
1.3327522e-05
9.83826e-07
0.99994755
0.00012950914
5.048001e-05
0.078348085
0.002434903
7.997032e-06
2.4216866e-05
2.022388e-07
0.05158065
0.9996103
2.3704448e-05
0.0020197749
6.655442e-05
0.0006709558
0.0009835168
1.2976501e-05
0.0049091545
0.0026817329
0.11742504
0.00012921974
0.9474528
0.00022928407
0.94620574
0.76417553
0.012943127
0.9648843
0.0005842984
0.00048049138
3.5769113e-05
0.0035982702
0.0039717285
1.4247069e-06
6.457583e-05
0.81718117
1.0580355e-05
3.1180357e-07
0.00021817423
0.00043068742
0.0050827176
0.6842021
0.0015784821
0.9992325
0.5012351
1.478207e-05
4.9617984e-07
0.9982838
0.0042886683
0.00036113564
0.023648381
0.00040814624
0.00022913523
1.483185e-07
9.3069924e-05
0.99995923
0.0010775211
0.9474528
0.0009928987
8.2045975e-05
0.9821588
3.7958412e-06
7.434176e-07
1.7605413e-06
0.527921
0.057090208
9.3069924e-05
0.0076975296
0.0035893468
5.8592937e-05
5.8571877e-05
0.9239872
0.050634492
2.0803693e-05
0.032771807
0.003676982
0.0003895346
1.4539042e-07
3.0360263e-06
0.0013029333
5.04431e-06
1.4520529e-05
0.000101024685
3.4541685e-08
0.0030507299
0.00817375
1.6188272e-06
3.1180357e-07
0.74926674
1.3326289e-05
0.99998975
0.0005532346
2.8580195e-07
2.1505607e-06
1.0534082e-05
0.00078793813
0.9995368
0.01852152
2.1573949e-06
0.00025406314
0.0134107545
0.9998429
0.011541676
0.00015579017
7.820204e-07
0.3727431
0.9618056
0.00081871654
0.9942461
0.010144097
0.0076815644
2.2572078e-05
0.0006301879
0.6710067
1.282782e-07
1.1932482e-06
3.8525777e-05
0.005826524
0.9999984
0.8438502
0.008973844
8.167666e-05
0.00014958858
0.00030578475
0.00087573886
5.0314775e-05
0.0082430495
0.0035108258
1.1477402e-06
0.008193007
3.677102e-06
0.004777156
5.8916117e-05
1.1597875e-06
0.0037113023
1.02319955e-05
1.257567e-06
3.8443053e-05
0.05158065
1.5778322e-07
8.488415e-06
0.001245396
