0.03863067
0.000178864
8.117879e-06
0.00087403867
0.9913648
0.0016666522
8.143247e-05
0.65789324
1.6632963e-05
0.00025644322
0.2592359
0.96680343
0.0076692197
0.99963695
0.96680343
0.018068673
0.008953745
3.251761e-06
0.00013716433
0.95578444
0.0064860815
0.0026464388
7.1456884e-06
0.20548274
4.650472e-05
0.9079421
1.0964052e-06
0.0004100953
0.00085798115
3.364033e-05
2.669698e-05
1.0187014e-05
1.8061257e-05
0.9983928
0.90609115
0.003585505
0.00037484884
0.09599954
0.00033709515
0.00087403867
0.002745146
0.42714462
1.0378894e-06
0.9079421
0.24807012
0.0014873459
1.5361782e-06
3.3031745e-05
6.533535e-05
0.0009113282
0.000559803
0.9999697
0.23408435
9.93439e-05
0.0048577837
0.6514249
0.011742199
7.761865e-06
0.02042098
0.0002747073
0.003967049
4.6022076e-05
0.06911931
0.00030936455
0.00087395037
3.888321e-05
1.8369274e-05
0.88699245
0.0014513466
9.491391e-05
0.000310282
2.3872552e-05
0.00033898687
0.00019491775
0.0036359816
0.99990857
0.0035122558
0.030144596
5.921052e-05
2.1921733e-05
0.0030116418
0.18899453
2.9677216e-05
1.3546569e-06
0.08900497
0.9999405
0.009054324
0.4131625
0.00074734393
0.00012560049
5.022757e-06
0.8648495
0.00090089894
0.0013012307
3.617293e-05
0.0006461048
0.0003244269
0.0012612754
0.011706678
0.84337425
0.018118141
0.020910934
0.0049571716
0.033851188
0.00022847313
0.9999471
0.010022381
0.8532809
3.1973635e-05
1.14089e-05
0.0013642203
0.9836905
0.00033500948
8.571148e-05
5.4627188e-05
5.1426664e-06
0.0046192133
0.48741132
0.0039755274
0.058033444
0.9313469
0.99982464
0.00021335777
0.48719487
0.08900497
2.6274129e-06
0.051024474
0.100866124
0.019684145
0.00046649663
2.9191144e-05
4.839814e-05
0.0003408564
0.00014346806
0.0017663108
0.22855206
1.4806591e-05
0.013502861
0.98148465
0.2636346
0.8648495
1.2445347e-05
7.2768584e-05
0.9981063
0.010676418
0.16740352
5.0500666e-06
0.001826555
0.004581258
3.617293e-05
0.31166908
0.01998164
0.26004687
0.99804276
0.00039719476
3.6210504e-06
0.13768004
0.9232683
0.00044650323
0.0008650623
0.005564146
0.014523031
0.0023573718
0.00027953694
0.00039230348
0.99022853
2.0025864e-06
0.015997957
0.005111435
1.0378894e-06
0.0037066645
0.9446681
1.6051197e-05
3.617293e-05
0.00018431491
0.0005757951
0.008910601
5.2732485e-06
0.1015931
0.02014953
0.37739125
7.211512e-06
0.98917574
7.636724e-05
6.2923923e-06
0.99999887
0.00021931424
7.033028e-05
2.9879086e-06
0.41964963
0.00017576368
0.8648495
0.00029206145
0.00034959702
8.7323366e-05
0.36575922
0.018723723
0.97547054
0.04589229
3.671572e-05
0.0004792687
9.122001e-05
7.636724e-05
0.16319136
1.2484897e-05
0.0022605376
6.923483e-06
0.9958892
0.004836678
4.8776665e-06
0.06972122
0.99999887
3.3923992e-05
0.00437569
0.16044444
1.1724e-05
0.012767263
0.13506992
0.24450217
0.092541456
4.3783362e-05
0.00025127205
0.00037712237
0.00010284289
0.0039974786
0.00040753797
0.03450568
0.9836905
0.5458923
0.00033500948
5.5287983e-06
5.5838686e-05
0.001585855
1.9777253e-05
0.76621825
0.0044745016
0.018723723
1.5494612e-05
0.00045029068
0.010378912
0.06972122
0.052756123
0.97546154
2.3872552e-05
0.013933575
0.026658885
0.9242018
0.028256701
0.0005163547
1.0
0.006749297
0.0024439075
0.00018970115
0.28471765
0.97546154
0.0032218932
0.00025127205
0.0001491334
0.0014061574
8.206984e-06
0.0042415145
0.99999136
0.003578908
0.11250137
0.0131827025
7.1380873e-06
0.011706678
0.011980646
3.671572e-05
1.463659e-05
0.06911931
0.54525304
0.00046128716
0.00039306376
8.808331e-06
0.0004773128
0.019600859
0.00028084885
2.9719374e-08
0.0030577977
5.1484534e-07
0.015710343
0.0007646705
5.157673e-07
8.571156e-05
0.0008828986
0.032127984
0.0038704462
0.99976605
0.00044691458
0.99507457
0.66801924
0.8314084
0.8627957
0.9434678
0.0012716539
0.004581258
0.027746454
0.0013277207
0.0026464388
