0.9849454
0.4986861
0.9999986
0.9999993
0.0007622507
0.014382884
0.0013395873
3.536741e-05
0.013715455
0.00010991073
0.99601746
0.6783671
3.7167404e-06
3.9142387e-06
0.007348181
0.30237672
1.160265e-05
0.00019790756
0.27647635
3.8652477e-05
0.9376643
0.019926567
0.5499419
0.00090019923
1.132315e-05
0.9241927
6.0840707e-06
9.631777e-06
0.96917367
0.06067084
1.0077525e-05
0.00220674
0.003889164
0.0061274725
0.9999946
0.012124801
0.9999997
0.00032762616
0.00014532461
0.019735688
0.28655747
0.0018295288
0.9997606
0.024975833
0.006317747
0.5137167
5.2931096e-06
0.0035361433
0.12970705
0.99999875
0.00037800334
0.5926258
8.9765335e-06
1.0
0.0006737826
0.034267034
3.679968e-06
0.0037721992
0.06519252
1.3651717e-05
0.000103534236
0.17466316
0.45173532
0.023545275
0.04060667
0.20699525
0.34813118
0.92788744
0.12332406
0.0021538588
0.99948573
0.014538893
5.779846e-07
0.0031678549
0.34191495
0.025549259
0.99994946
0.0011154403
0.00037800334
0.0011457349
0.13409023
2.8284741e-05
0.4594534
6.92174e-06
0.01660786
0.016559644
9.549817e-06
2.9128714e-05
0.041791007
4.0386916e-05
9.413426e-06
0.00029622077
0.08470497
0.021489218
0.015362896
0.009557039
0.90969646
0.025518809
0.00025321962
1.3534664e-06
0.04358724
4.0177783e-05
0.023742951
0.0006080588
0.0016922154
7.152834e-05
7.89648e-07
0.14625685
3.4103334e-05
1.8209752e-05
0.0017112935
3.2811664e-07
0.034047198
0.80070555
0.0001332921
0.012442187
0.0007272942
0.011633005
1.6625544e-06
0.9916249
2.5967234e-05
3.679968e-06
0.0016565401
0.00013139789
3.8575996e-05
0.001884051
0.17324995
0.000136463
0.021226896
0.009654506
9.887137e-05
1.9314424e-05
7.892168e-05
0.99964803
1.4392671e-05
0.0013656529
3.4033858e-06
0.99336416
3.425862e-05
0.08030287
0.96461517
2.4167914e-06
0.13996163
8.362585e-05
0.00025893425
0.99336416
0.00016239616
0.0003431184
0.013524894
5.754897e-07
3.491431e-05
0.008252238
5.0666742e-05
0.00010384114
0.9975748
0.00012077372
0.94292986
0.9992424
0.012829008
0.0008025649
0.00849539
2.8284741e-05
0.99260306
8.810582e-06
7.89648e-07
0.00028784855
0.0142646115
2.3994751e-05
6.196576e-05
2.0872833e-06
0.02607147
0.9998165
0.0030079102
0.22979826
0.22520983
0.59726423
0.0035361433
0.30254337
4.0548457e-05
0.996775
0.0051388093
0.0018600135
0.9722511
0.9999169
0.00054833025
0.123675324
0.00035908306
0.0007825662
2.4069402e-06
2.4167914e-06
0.031089848
0.87706345
0.0006593079
0.9999946
0.08130964
0.91484076
0.2088888
0.0008324494
2.7837026e-05
0.5399545
0.006317747
0.00036789422
0.00045496793
0.001506315
0.00030802898
0.00013034751
0.0012566408
0.0053156936
0.0008025649
0.0016793829
0.99992454
0.9999569
0.0002951754
0.0036327303
0.00020059157
0.021226896
0.99992204
0.9999995
0.99876195
0.56889904
0.99987566
8.9765335e-06
0.99456966
0.00063123263
0.00021676962
0.0011471343
0.002894999
4.0386876e-05
0.006150727
0.00045496793
3.7096386e-05
5.370974e-05
0.00033228289
0.52397585
1.4572386e-06
1.0
0.9602191
6.8386794e-06
0.030780315
0.022590159
3.425862e-05
6.5242148e-06
5.6414377e-05
3.7167404e-06
0.999998
0.9999962
0.00034253826
1.3070108e-05
0.009186105
0.0026241778
0.0019889202
0.0030396555
0.11830828
0.038403507
0.00028705434
1.186154e-05
0.9999989
3.7096386e-05
2.5719253e-05
0.087276444
0.00041631146
0.016559644
0.0055569718
0.5786938
9.636588e-05
0.00013034292
0.18586352
0.05619028
0.09132875
6.528403e-05
0.99948573
0.9515615
0.012452051
0.023889864
0.99567044
5.515778e-07
0.38942024
0.000910941
0.06162296
4.21356e-05
0.00024277643
2.740617e-05
0.9940396
2.8892751e-05
0.31343085
0.0049055964
0.000326494
0.02316599
0.001506315
0.0005155986
0.21709953
0.009155757
0.20699525
0.00033925328
0.46409407
0.02201583
6.728478e-05
0.0040385704
0.23642996
0.00025733304
