0.99911064
0.99995446
0.9999996
2.4524822e-06
0.0006169478
0.99995065
0.97338617
2.8161525e-05
0.5465295
0.012990143
0.000779898
0.44736508
0.95789933
0.0025428787
0.008370885
0.0056264196
0.9998519
0.7280461
2.3100413e-06
6.8377863e-06
8.457409e-05
0.034300502
0.0007030305
5.526927e-06
0.9983951
0.00042439863
0.0019098578
0.06706112
0.0018818188
5.8610863e-06
7.0037913e-06
0.00067580485
0.99995804
1.3790026e-05
2.7776512e-05
0.008273722
0.0013137282
0.008370885
0.0068040374
0.0059709777
0.121929705
0.057883155
0.00069535174
0.002122373
1.104335e-07
0.012339819
0.9011106
1.705504e-05
0.94903857
0.006143834
3.493733e-07
0.25438455
0.000517821
3.5095886e-07
0.0003187693
8.492674e-06
1.4121836e-05
7.639762e-05
0.99381685
0.09877218
0.97338617
0.99995804
0.00025610652
0.0009734649
0.00862044
0.09604267
7.537807e-07
0.6916565
0.99061775
0.00038979872
0.6889244
0.0035408777
0.0068040374
0.015104317
0.99999905
0.6804393
0.6604086
0.00786963
3.1755728e-05
3.6831763e-05
3.2737214e-05
4.446603e-05
0.00036572944
0.0047357194
5.33375e-05
0.999991
0.9999996
0.061256044
2.2144075e-05
0.0025425812
0.2557009
0.00122766
0.00117373
3.5246728e-06
1.5838168e-05
0.9496788
0.00020508177
0.0002889699
0.0009272847
2.5227854e-07
0.07114245
1.6042293e-05
0.020289997
0.00016331451
0.00032246817
0.9996835
0.00016892991
0.86920303
0.003023543
0.15229845
0.0018198902
0.0009437469
1.6263433e-05
0.23517592
1.2080071e-06
8.1141545e-05
2.5447688e-08
0.09823039
1.989735e-06
2.2420743e-05
9.7869925e-05
6.550329e-05
0.00035544284
0.0010358691
0.5441401
0.028875386
0.71642447
0.98433787
1.5119816e-05
7.6614735e-05
0.00070021546
0.79970026
0.003998631
6.7366896e-06
0.0017030475
0.9994258
0.00013255593
0.00023706569
4.4727642e-07
3.4330147e-05
0.23517592
0.005755011
2.124703e-06
1.8623077e-06
1.5025508e-05
1.2164146e-07
0.9988469
0.9070733
0.11050518
0.00075813744
0.000723072
0.00016664498
5.618562e-07
0.88099635
0.7154327
0.45666984
0.7341483
0.07025195
0.07025195
0.9998542
1.1036627e-06
0.03325428
0.054669615
1.2809041e-05
0.00016661607
1.1826705e-05
0.999706
5.0353752e-05
4.2556505e-05
9.019821e-05
0.0026422432
0.0010941734
0.9970402
4.3635388e-05
0.008878095
0.00117373
0.0008503526
5.8332083e-05
0.49560702
0.0009734649
0.3022309
0.0027543867
1.7776822e-05
2.5398373e-05
0.21809857
8.4549894e-05
0.9999995
0.9915649
0.034795173
0.009177766
8.060997e-09
1.989735e-06
0.7607351
0.8829059
0.00027060424
9.515979e-06
1.1800677e-06
4.75381e-07
0.03740618
5.231449e-05
1.5677916e-06
1.989735e-06
0.00018829318
0.00023597872
4.7487033e-06
2.1885888e-05
0.006143834
0.9931087
0.0031315712
0.007809719
0.7311645
0.0014272233
0.09118795
1.3790348e-06
0.17948891
0.00195944
0.0017030475
0.9997611
0.20526497
0.99999905
6.117544e-07
0.010012947
1.4630607e-06
0.9235151
0.000108876564
0.0016987062
0.7693448
5.1325544e-05
0.7154327
0.0016429189
0.025787523
0.0016003258
0.00017442787
1.5619565e-06
1.1959691e-05
4.188841e-05
0.9998378
8.653621e-06
7.2544724e-05
1.5839987e-06
0.0866769
0.09081235
0.9011106
0.7693448
0.083927006
3.5622194e-05
0.89384806
1.2704599e-05
0.6424571
3.7034122e-06
6.266247e-09
0.019393042
0.7280461
1.216769e-06
8.57102e-06
0.015104317
7.4758277e-06
0.040567473
0.25817752
0.9996807
0.9990591
3.4748187e-08
0.020624835
0.02306254
0.061427858
2.6099238e-05
0.02080248
4.684429e-05
0.45666984
0.011187205
0.0035408777
0.0002351291
3.367693e-06
0.0014372112
0.0067489967
9.083731e-07
8.394815e-05
6.3124426e-05
0.0026236747
0.9999537
0.031694304
0.13013048
2.5398373e-05
0.99995804
4.082565e-06
2.2144075e-05
0.0017085626
0.014335946
0.0023298964
6.884538e-07
0.0111658415
0.0006133182
2.755442e-05
0.014526628
0.0017559446
0.00027060424
1.2369538e-06
0.44056645
0.031355742
0.023846237
