0.41216144
0.022542808
0.0064948755
0.86114275
0.00059760443
0.09669892
0.91208476
5.2674027e-06
0.0017802328
2.3712497e-05
0.006657774
4.367452e-05
0.0014792045
1.5664611e-05
0.0150177665
0.12985729
0.005049109
0.30956325
3.1473806e-05
0.00023457556
0.0634952
0.9292731
0.072730936
0.87870556
0.00088261935
0.00016870616
0.7692153
0.019441998
0.9999999
0.0003829837
2.169833e-05
0.0010717273
0.50410223
0.07506137
0.0013007735
0.02176824
0.0005277782
0.0070605217
6.759992e-05
0.0023204233
0.97728986
0.12985729
0.08311017
0.06873885
0.087604195
0.00086344243
1.4599191e-06
0.00032987396
0.00067404367
0.008862505
0.98847806
0.019966725
0.00036166346
0.0011687195
0.99937576
0.0011799673
0.21969418
0.097159185
0.9609735
0.002766259
1.5910114e-06
0.019966725
0.022542808
0.07506137
2.425972e-05
0.056178898
0.019896481
0.00016113812
0.9769924
0.0087965075
0.00037511124
0.00020274537
0.0008611968
0.00054240593
0.23492488
0.5752972
0.0014944901
9.363257e-08
9.483411e-05
0.1290528
0.00010680921
0.5935512
0.09889864
1.8269252e-06
9.9492936e-05
0.0001652872
0.01332679
0.9942478
0.027244214
0.7309936
0.0010371251
3.152399e-07
4.8718255e-05
0.8763441
0.000115832605
0.00014279223
0.00032278805
5.8026558e-08
0.999987
0.00022517641
0.99700934
0.9978378
0.9998599
1.8727856e-06
4.8718255e-05
0.36717582
0.009471477
9.703321e-05
0.001805554
0.0039949715
2.658455e-07
0.0015472466
0.85456437
0.04064859
0.010406237
0.03934382
0.001934113
0.054975156
0.006968486
0.003894325
0.00010190223
2.5887372e-05
0.9995332
0.0002193339
7.3929994e-07
0.9999937
1.5283865e-06
2.7745025e-06
0.02176824
0.0011541405
0.012737762
0.4424591
0.0009673412
3.2617122e-06
5.44638e-06
0.0009410021
0.99882936
9.516814e-06
8.398456e-06
0.00088701263
0.0009567268
3.3061497e-05
0.000115832605
0.0022817564
8.9766945e-05
0.8875934
7.987704e-05
0.000612491
0.006709177
1.2602571e-05
0.9288547
0.00267785
0.99999976
0.19896613
0.0014792045
1.1450464e-06
1.19228735e-05
0.012195454
0.010473809
0.12817022
0.0039781057
0.05440951
3.1443862e-05
0.00010671748
0.009700663
7.678427e-06
0.0026438246
0.0006292864
0.00053792255
0.117894866
3.274833e-05
0.058860578
0.005020207
0.16270842
0.77998704
0.9570034
0.023679141
0.0024324316
0.009704228
2.0712926e-06
0.9570034
7.166913e-05
0.01763164
0.987712
2.7545238e-06
0.00022517641
0.9998537
1.8592964e-05
9.328126e-06
8.139134e-06
0.0004952682
1.539986e-05
0.0067322105
7.166913e-05
0.00014279223
0.011081144
0.6423116
3.888855e-05
0.34569263
0.21969418
0.0014949925
0.00010921512
0.14782031
0.00031749424
0.0072441846
1.0311803e-05
1.3209236e-05
0.0009089486
0.9999989
0.00017734882
8.294748e-06
0.2582267
0.002335296
2.0712926e-06
0.9977911
0.0020596136
0.2159687
0.0150035815
0.0087965075
0.0004377945
0.0017765708
0.0015900916
0.9998952
0.8801486
1.0450026e-06
0.3706493
2.003113e-05
0.99696606
0.00858383
4.0769857e-05
1.921792e-06
0.18283139
1.7736489e-06
0.9102747
0.023615336
0.9995035
0.48125046
7.166913e-05
0.7309936
0.013026754
0.50410223
3.5824723e-05
1.2193466e-06
0.00040139092
0.006886637
6.457816e-05
0.28746498
0.00907135
0.0007496243
7.8791214e-05
9.44673e-05
0.00020616362
1.1450464e-06
0.042135872
6.2099e-07
0.97792953
0.002216956
0.6486139
0.00015400641
0.0020040341
0.017524838
0.67960036
0.92997414
0.9999886
0.011585943
1.0976494e-05
0.01101676
0.0003723163
0.020016564
0.00014279223
0.0031795006
0.06629275
0.42775562
0.0055729314
6.720334e-05
4.768606e-05
3.201739e-05
1.3209236e-05
8.9766945e-05
9.151224e-05
2.7861779e-05
0.0036416452
0.0001867245
0.0017015663
1.440602e-05
1.6828044e-05
0.011978394
7.966508e-07
0.71178573
0.04155131
2.0712926e-06
1.1648289e-06
3.6579317e-05
0.00018500195
0.99996996
0.73320264
8.658234e-05
0.0017270484
7.2407325e-05
1.8269252e-06
