1.0
1.0
0.9999989
1.0
1.0
0.9999989
0.0010732756
1.0095898e-06
0.0014152931
4.423263e-06
0.006232461
0.00070961495
1.3428311e-06
0.9999993
0.051670577
0.0023081254
5.4535474e-05
4.5171622e-05
3.6384178e-09
0.043694288
5.6981222e-05
1.9379648e-05
1.7955491e-06
1.1976012e-05
3.1991633e-05
0.19696094
0.014324974
5.179285e-06
0.8476812
0.99107075
0.6283512
0.9783407
0.03224693
1.0896974e-06
2.3094173e-05
9.9650366e-05
0.9997398
0.3087121
0.75162834
0.003980956
0.80304074
0.00029770064
0.007559101
4.0971754e-06
0.11898721
5.7073674e-05
0.9999934
0.046759482
0.07470302
4.6285195e-06
0.00020411749
0.019245597
0.115007855
7.08226e-05
0.9984875
0.0149788745
0.0025757598
0.00025731805
6.843801e-05
0.0006012904
0.0027247765
9.3117105e-06
9.667332e-07
0.014324974
3.2998266e-06
3.0361161e-06
0.71724546
9.9388935e-06
0.034789328
9.846551e-06
5.785118e-05
0.9999994
0.00014008698
9.147208e-06
0.115763605
2.0812652e-07
0.046226244
3.8467035e-05
5.6783443e-07
0.046226244
0.9202474
8.991493e-06
0.9998411
3.1374884e-06
0.0001443727
0.00027501443
7.2319825e-05
0.00059314736
0.018523812
0.00046425906
0.0005298897
2.7345948e-06
3.209957e-05
0.047253534
0.0149788745
0.07043568
0.0022141943
0.9790648
0.000330427
0.003979351
0.013176829
0.14763783
0.7700744
0.9866286
4.1605963e-09
0.0030854912
0.98881036
0.0024272408
0.070137106
0.00056156196
0.9998247
0.3145222
8.4495505e-06
0.98863214
1.4398877e-05
4.987613e-05
7.603769e-07
0.99999857
0.004495263
0.9264805
4.709651e-06
0.00031042163
5.4562993e-06
0.076379426
6.6286987e-07
0.0019979076
0.00022231649
0.0004919122
0.05444193
0.00022172081
5.5624714e-05
0.9999397
6.679393e-05
0.00042188927
0.0012775175
0.0002840802
0.9202474
0.0062434543
1.6485264e-05
0.62474215
0.72416127
0.08325205
5.7431993e-05
1.8015517e-05
0.005722612
1.48890285e-05
3.3032397e-06
0.007559101
5.449732e-05
0.0002911507
0.71724546
2.7757465e-06
0.00076617155
0.00057899137
0.0003324721
7.734617e-05
3.0062783e-06
9.730871e-06
0.0027910927
2.613209e-06
0.00022089998
2.0463106e-06
2.7381152e-06
0.0019979076
0.00035357694
0.0017168573
3.2436433e-06
2.0880752e-05
0.07096499
0.0011511918
0.99934727
0.000463853
0.72416127
0.99994934
1.3981916e-06
5.493949e-05
0.0010909371
0.00081558945
7.220544e-08
0.00074100046
3.2596625e-05
1.0797575e-05
9.665507e-07
1.8697607e-06
0.03426252
0.9998296
0.0273213
8.5345855e-06
0.5124874
3.0171268e-05
4.5567504e-05
0.9994284
0.00014522129
0.000679328
0.0002635829
0.2510096
0.00048422374
0.96521497
5.2928392e-08
0.0036974156
1.9462263e-06
7.9706575e-07
0.0002336597
3.8607424e-05
0.028383175
0.014294949
2.247136e-06
3.0171268e-05
0.00019712318
0.16259076
1.0797575e-05
0.00012245403
2.3674124e-06
0.99788254
0.9780701
0.30871207
0.0019995084
1.1764107e-05
4.591024e-06
0.04096932
0.0011822005
0.9999397
0.09301781
0.9996821
1.1366155e-05
0.0017589997
1.4151954e-05
3.5216954e-07
0.00066983514
2.1181817e-05
0.014294949
4.624447e-06
3.0690148e-06
9.5277704e-07
0.019245597
1.0866381e-06
2.798461e-08
1.1295259e-05
4.95634e-06
0.00070499897
0.99993527
4.1547964e-06
2.6561753e-05
0.0006541908
3.817496e-06
1.4263368e-06
1.4466154e-07
0.0002561129
9.692664e-07
0.99664503
0.99107075
0.00018564638
4.6913447e-05
2.5963916e-05
5.5624714e-05
0.04657469
0.019510329
0.00031561256
0.00026286612
0.021932915
0.01955918
1.6466347e-05
0.0084171
0.9990528
2.5786617e-06
0.4681846
6.8285647e-07
0.02245543
0.23626752
3.7365646e-06
0.17915264
0.20412126
0.0034341572
0.0050013447
1.254109e-05
2.4596964e-06
0.99085367
2.3094173e-05
1.0896974e-06
0.00012629309
7.8175735e-06
0.1644678
4.8130033e-07
8.1685306e-05
0.0077366694
2.693596e-07
0.00059733563
0.9967724
1.896469e-07
0.0005959697
0.0008912184
0.0003324721
0.0015308704
6.3842635e-06
0.012373047
0.00012482965
5.18925e-05
0.00043488288
0.018298656
5.803165e-07
