0.9999998
0.99999934
1.0
1.0
1.0
0.9999998
1.0
1.0
0.018100416
0.96834487
3.1202964e-07
3.6432816e-06
8.2240336e-07
0.52915823
3.263236e-05
2.6682856e-05
7.33376e-05
0.99998504
0.0021493584
3.0322425e-07
1.5354232e-08
0.99998504
5.901385e-06
0.010127945
0.0005866286
5.8942584e-05
0.00010326929
0.0010584162
0.00021316927
0.9796905
4.420117e-06
0.0015907927
1.1630273e-06
0.0061142533
6.3874825e-07
0.008492748
0.9999939
0.016916199
0.54829746
0.6458673
8.965874e-06
6.324286e-07
4.614416e-05
0.9999972
0.5583242
0.1677271
0.0020682486
0.0013208367
0.017841527
0.0013374615
3.6366163e-07
0.014883289
1.2996496e-07
0.999983
0.0002735795
0.5507782
7.4363634e-06
9.575371e-05
0.00079202873
0.0005693902
0.9996073
3.0021727e-06
6.0004268e-06
0.030560385
4.0382864e-07
0.8880398
0.0054281633
0.00016576986
0.00025271554
6.324433e-05
6.5973836e-05
7.224222e-05
0.7236441
0.001960466
1.3570605e-07
0.0025312752
0.1008913
5.422698e-07
1.2067832e-06
5.1367897e-06
0.00060734234
2.853504e-07
0.016167564
2.1220272e-05
0.0001570656
5.575934e-07
3.8838072e-05
7.865508e-06
8.5714506e-05
1.1445472e-05
5.848959e-07
0.0016602601
0.016979659
0.00011742426
1.0
3.0021727e-06
5.746278e-05
2.4847088e-06
0.004130014
1.9866234e-06
0.00015309878
5.3067665e-06
1.0
0.0037355532
7.0418396e-06
8.855641e-06
0.0015907927
0.02948428
1.0413562e-05
8.030252e-05
0.00015666953
0.00011742426
0.09868378
0.9799415
1.9983245e-06
0.0005120329
7.352134e-05
0.00010853822
0.00014116305
0.0050010365
0.98848534
1.1212139e-05
4.5619745e-06
1.6717536e-06
0.22186169
5.134282e-05
2.2831982e-06
0.000603996
0.00045628828
0.9999994
2.1638136e-05
0.00013329565
0.044229984
0.99947315
0.0030777275
0.45898616
0.99999934
0.0004848091
0.25862843
5.2056157e-07
0.78720045
0.21044563
2.346164e-06
0.00088206114
0.00091757526
0.00013735412
0.17142245
0.0125705935
0.34930575
0.035617325
0.14740317
0.00018235114
0.7305988
0.005009041
0.73287445
4.4981366e-06
5.0103667e-05
0.014431322
1.7809538e-05
4.9343907e-05
0.000115858566
0.00030804804
0.0006027036
6.6588196e-05
0.11919766
0.0021342451
0.22186169
0.40595594
1.1678359e-05
2.1690777e-05
1.9513322e-05
2.1912827e-05
0.00037081604
0.0003595832
9.166717e-05
4.553971e-07
0.2604464
1.3950147e-07
0.99999976
1.14481145e-05
0.0004987203
4.9480463e-05
0.004383631
1.7721327e-07
3.4390538e-05
7.358464e-08
0.007360075
0.0009594959
0.35149077
1.7286807e-06
1.1563987e-05
0.00045717886
0.1274563
0.0004118365
0.0014279594
0.00047058213
0.08209843
1.2067832e-06
0.67949075
6.579703e-05
0.00019733004
9.23058e-06
0.0017183977
5.945549e-06
0.049877293
0.0010278388
0.011367425
1.5789004e-05
3.049575e-06
0.78574175
0.9999883
0.56236404
0.0002850781
0.0007596717
0.003537175
0.020321254
9.166717e-05
0.000191873
3.572695e-06
8.5714506e-05
0.000321996
0.8953
0.6464719
0.00027509546
0.0019942855
0.005401961
3.087428e-05
0.00013547273
1.1019525e-06
0.0003104761
1.965935e-05
0.02868168
7.058917e-06
0.49492648
6.0081904e-05
0.005382313
0.021514218
1.2979051e-05
8.5383584e-07
9.656595e-05
0.09846836
0.000345139
0.98403364
4.0413715e-06
5.1056217e-05
0.00079202873
0.002946391
0.0021605324
0.14740317
5.4497605e-07
0.0074395295
3.0021727e-06
0.020686937
0.0043025613
0.0013594875
0.0048353607
1.5426878e-06
0.025644362
7.224222e-05
0.0039562793
0.15852356
7.15705e-05
3.368617e-05
0.22095436
1.8647324e-07
9.724962e-06
8.834815e-05
1.02486565e-05
0.992406
6.308441e-05
5.6319986e-05
0.00013659384
0.0071864696
0.05142256
4.0940897e-05
1.3950147e-07
0.0005320178
0.0023943812
0.999989
0.05521682
7.830908e-08
1.9779025e-05
7.450278e-05
0.9956077
0.018100416
9.594635e-07
0.00013000677
0.67257214
0.99987197
0.88809806
0.0059079453
0.9799415
0.004684201
0.094322965
0.20807256
0.9875262
0.045488268
3.754392e-06
0.00012506555
2.5172263e-05
