0.99999994
0.9990611
1.0
0.018499635
3.5943483e-06
0.04901418
0.0008264592
0.43431133
8.5776996e-08
7.1124504e-07
5.1340656e-09
0.0010029376
0.002683759
9.459761e-08
3.0306282e-05
0.20979126
0.0003287168
6.441076e-05
0.99320185
0.01642767
0.99999267
0.00016957188
0.0005686255
1.6501717e-07
2.5083742e-05
6.1027415e-05
1.6774165e-06
2.2434815e-08
0.86204755
0.09433551
1.7978623e-06
0.035328485
2.9087522e-07
0.9999963
1.966198e-07
0.00078463386
6.733658e-05
0.00024450658
1.2047811e-06
0.055645082
0.0009762997
0.00068091473
0.018024752
0.019758964
0.0007288772
8.088589e-06
1.7972637e-08
0.0006446495
0.00015068059
0.00046094344
0.025858548
7.432164e-08
0.086444765
1.6774165e-06
5.779797e-05
0.00014048762
1.611027e-05
0.00038315973
4.4952417e-06
0.03722468
0.086444765
6.874178e-07
0.0005367187
0.013710237
0.9998266
4.5152794e-07
4.02741e-07
0.030892793
0.09023371
0.00013706066
9.0387125e-08
0.19780393
1.3438445e-06
0.0003826166
1.4304822e-05
6.2662554e-07
1.3028463e-07
2.2066604e-05
0.0047951923
0.014199881
0.00882631
0.024905704
2.070035e-08
2.1695081e-05
0.0005247504
0.9892372
6.6085384e-08
5.3243493e-08
0.00014572758
1.5212943e-07
2.0746793e-06
0.0046329233
9.4431215e-08
0.003109081
1.4293475e-06
0.0009762997
0.99993914
8.893121e-05
4.157365e-06
0.0004082153
2.344248e-05
0.004244174
2.3646919e-05
7.904618e-05
8.301464e-08
8.1774626e-10
9.835812e-05
0.9999508
5.1761394e-06
0.00036334025
2.058389e-05
9.0891905e-07
4.7497484e-05
2.1220403e-06
3.9991242e-05
9.741528e-07
0.012477273
4.6442206e-06
0.00013359213
1.5516113e-07
2.7213653e-05
1.0102948e-06
3.7233071e-06
2.5470095e-05
0.047989596
1.9050576e-07
8.022714e-07
6.233731e-05
0.0013105577
0.03453419
0.000110431385
0.004173071
0.00044715108
0.0015289321
3.413113e-07
5.441949e-07
0.999014
0.025858548
0.0007148543
0.000109813926
4.5152794e-07
3.6314074e-07
0.0070659793
0.0002325777
1.3820535e-07
0.0065018917
0.00067334325
0.00042909986
0.010944469
0.22305274
0.00013045868
0.0001286462
1.7133534e-05
1.7972637e-08
0.6222897
0.061798003
1.5666004e-07
0.00014026703
0.0019999745
2.803414e-07
3.1569164e-06
9.7006014e-05
0.00011909942
0.00069071125
0.0002519923
1.2493209e-05
6.181873e-06
0.00043747618
1.9022449e-06
0.014199881
1.1492644e-07
0.0014947889
6.7711685e-06
0.00029334458
3.0900308e-06
5.082371e-07
4.4114922e-06
6.141089e-08
0.004752353
0.2565038
2.2729548e-05
2.3938778e-06
0.39696485
0.25215638
8.2531535e-08
0.3301264
0.07254955
3.4691175e-07
0.1173309
0.001360209
3.1472595e-07
1.7435605e-07
0.018574176
0.9618229
4.527215e-05
1.0904157e-06
1.9022449e-06
6.441076e-05
6.375268e-07
0.3014624
0.000110813875
7.776729e-05
2.5199338e-06
2.8379198e-05
6.492397e-07
0.25121468
0.00017173539
0.0002445693
0.0015301214
0.00063455896
0.000440296
3.009804e-06
0.00011746021
1.4593717e-05
7.6542296e-05
0.01753581
4.6442206e-06
9.520924e-05
1.7133534e-05
6.518454e-07
2.0389587e-06
4.1012954e-05
0.0014947889
1.2663838e-06
1.8874326e-06
0.00047799625
0.004173071
0.00038652171
2.7213653e-05
0.99999684
0.99867773
6.923906e-08
0.005083521
0.9977468
1.7210351e-07
2.057863e-05
8.992068e-06
0.9980794
2.4824922e-05
1.3168736e-05
0.00062836224
0.0007637602
0.82378966
0.00087850104
0.020254066
0.0005233675
5.3816683e-07
1.2493209e-05
0.0011299509
6.249698e-06
7.499576e-08
5.136169e-07
0.73758614
1.13432425e-05
5.05452e-07
0.0002968512
1.8233483e-06
1.3006732e-05
1.4344985e-05
4.5767462e-07
0.017916521
0.00063955516
7.5607763e-06
4.0219481e-07
0.005298119
9.7850796e-05
4.1846956e-06
1.319355e-05
0.00032044124
0.0062085222
0.03724743
1.0171942e-07
7.6542296e-05
0.0003268263
0.18220776
9.981437e-07
1.0933315e-05
1.2135017e-07
9.7315215e-06
5.871901e-06
3.413113e-07
0.0026810954
5.05452e-07
0.000592821
7.4338677e-06
2.8300747e-06
3.4564075e-06
0.21638118
2.2651816e-06
0.00012864634
1.2047811e-06
0.010471872
7.9536294e-05
2.316427e-07
0.00046392993
1.4673757e-06
0.00040900175
2.0024974e-07
0.21345283
0.99734694
