1.0
1.0
9.337071e-06
4.4230183e-06
0.0002241495
0.00012525484
9.547125e-05
0.0037090287
0.40434775
6.3697107e-06
2.9907253e-06
2.1530235e-05
0.21560967
1.3254058e-05
4.1277243e-08
1.7741348e-07
6.3697107e-06
5.6622357e-06
0.13102089
0.0077970265
3.673414e-05
1.6440394e-05
0.0077970265
0.039632976
1.9111521e-05
9.337071e-06
3.417621e-07
0.005126564
0.9369721
9.43916e-08
6.604751e-07
2.1376445e-05
0.005126564
0.5913691
0.0005369963
0.031502195
2.4641147e-07
1.6418458e-06
0.053044144
0.031502195
0.7198789
2.826328e-05
0.9939811
0.008980161
4.5741173e-05
0.0002049041
0.0013408477
2.049203e-05
2.1718142e-05
0.00042207228
0.0779269
0.09780559
0.018269088
3.29224e-05
0.58826876
1.949325e-05
0.016724123
0.0016258315
3.0712638e-08
0.0003374228
8.749165e-06
0.0059371786
0.059951447
7.613972e-05
0.00015243905
3.1505763e-06
0.011015882
0.0016611234
1.598795e-05
0.00038142825
0.90596926
0.0047218124
0.9998876
0.99981534
0.20264085
3.4922767e-05
0.02106405
0.0103457235
0.9995
0.09186195
1.1142787e-05
0.00034317237
2.2274417e-05
0.07845003
0.9853778
0.31401187
1.0573112e-05
0.0010230226
0.9956958
0.013283384
1.2330046e-05
6.747903e-05
0.0007770368
0.0051827556
0.10241617
0.00022934529
0.08456626
0.00011185108
2.9678306e-08
4.4757854e-07
4.5410772e-05
0.00033102103
0.81454885
4.9168744e-07
0.9983705
9.544158e-05
0.00029747904
0.00053852843
0.0014883406
4.205247e-06
3.417621e-07
0.00025005988
1.4801019e-07
0.9742841
0.000106320935
0.0040237065
0.07403913
0.012998816
1.6219735e-06
6.604751e-07
4.5545315e-07
0.9992579
4.379797e-06
0.0014242824
2.0126641e-05
0.9999982
3.33838e-05
3.5572464e-06
0.08620983
1.1111218e-06
0.012306222
4.4928847e-06
4.5410772e-05
1.6142301e-06
0.0016853943
2.477513e-07
0.31401187
8.9764464e-05
0.9908444
3.204409e-08
0.18683076
0.99565256
0.00018327078
1.9079216e-05
0.00034641143
4.909514e-05
0.28227222
5.724259e-05
0.00038142825
0.0012061209
3.3651759e-06
1.59209e-05
2.8692434e-06
4.2914977e-05
0.002794131
0.0003698725
0.99643755
5.0917535e-08
0.0011197814
0.00012231307
6.3132497e-06
0.0048382734
3.420405e-08
1.0776688e-06
6.7256296e-06
0.00844175
0.9782225
2.3228932e-07
0.057037316
0.0010564735
5.61137e-07
9.018703e-05
3.5861948e-08
0.010110434
1.2164255e-06
1.1211048e-05
0.99981534
0.001139719
0.00021902336
0.00043596828
1.608834e-06
6.2629874e-07
0.00061711035
7.955704e-06
0.0026620026
4.683025e-06
0.00030946423
2.960989e-06
5.45401e-05
0.044157743
0.053779233
0.028917616
0.37355506
4.5800383e-07
0.99565256
0.9988848
0.008548824
3.5056078e-07
4.0115152e-05
1.1495266e-05
3.33838e-05
0.99996394
1.258386e-05
0.45016995
1.566037e-05
9.09867e-06
9.403074e-07
5.3979284e-06
6.460601e-07
1.0099581e-07
1.9467318e-05
0.03003906
0.006489527
0.101549804
0.10241617
0.99957573
0.089847654
0.62766176
1.6890273e-06
1.729578e-07
7.8746416e-07
0.53960526
0.08320182
1.0573112e-05
0.0013523631
0.0168787
0.0009528701
0.94249034
0.0003790068
6.0517414e-07
0.012473078
0.00042207228
0.0057150284
1.5176732e-06
2.3959906e-06
0.00017197609
8.7437917e-07
0.0018503167
2.2372442e-06
0.9999317
0.03003906
9.903478e-07
0.00093948364
0.00027942454
4.390478e-05
0.101549804
6.195092e-05
0.028162878
0.09186195
4.226081e-06
0.00093521475
0.37204686
0.9993828
1.0864966e-07
0.0027864394
8.569864e-07
9.43916e-08
0.003629468
2.7773121e-05
6.681578e-05
0.0008291936
1.1714097e-05
0.00017317651
0.011603529
1.2889798e-07
0.013283384
0.00051425246
0.022031011
5.45401e-05
4.8996816e-07
0.99915814
1.2618662e-05
8.050466e-07
4.2125877e-05
0.0013960878
0.00011296185
0.000102047125
0.9523098
0.029652044
0.00015243905
3.4100103e-06
0.03304614
6.162548e-06
0.010110434
0.0006889369
0.9999963
3.0378742e-06
1.8896186e-05
7.784347e-07
0.51467586
0.00013646208
1.7741348e-07
0.87238234
0.00023752678
0.0004648405
7.4000363e-06
0.0022854004
0.99878895
0.87238234
7.599444e-06
