1.0
0.058768522
1.0
0.003277539
0.11371375
0.0066138445
0.021004738
1.3016212e-05
0.14197077
0.15683722
0.065761186
0.002376303
0.065761186
0.0007537338
9.451848e-05
0.00020326895
0.0028032493
0.8885954
0.05957361
0.005536884
0.999657
0.9117488
0.87634504
0.00049270573
0.68986624
4.3603422e-06
1.8766523e-05
0.37078196
0.0019652057
0.97314274
0.35637534
0.043597896
0.99988544
0.10297632
2.4005649e-06
0.92641574
0.00016014096
0.10752871
0.0037701784
0.43787745
0.75937384
0.9998087
0.00013179066
5.4831464e-05
0.9999924
0.0019039985
4.9835337e-05
0.025343737
0.08502768
0.47050312
0.0021794143
0.023111653
0.4902415
2.8912953e-07
0.002725737
0.95367616
0.0030726898
0.0031375892
0.12727864
0.007000251
1.1265267e-05
0.00020326895
0.7216055
0.0025219782
0.057123445
0.00068206264
0.00021344953
7.662029e-05
0.00020765487
0.0029746082
8.641976e-06
0.0006505459
1.5699866e-06
0.02241616
0.00180225
0.0005014125
0.40176243
7.226977e-05
0.015072275
6.985907e-06
0.00010736564
0.009013458
0.00025342614
1.8069332e-07
0.9994453
0.0008738093
0.0009793427
0.896479
0.067849666
0.00010654951
0.007544756
8.360224e-05
0.8932273
0.10132272
0.33291486
9.74464e-05
4.816971e-05
0.0006218357
0.004205515
3.0284848e-06
0.0020648157
0.9984791
0.9940708
0.00082715484
0.8746848
2.4421137e-05
2.8662705e-06
0.78953135
0.9893295
3.5414698e-05
1.794008e-05
0.00498305
1.8933463e-07
0.73836476
2.7951757e-05
6.1298356e-06
0.008802809
0.0019213047
0.0023312157
1.12769085e-05
0.0027057917
9.160495e-06
0.00032993624
0.00010198252
9.6257445e-06
0.5646957
0.005536884
0.0018158616
9.839568e-06
1.878339e-05
0.02208683
2.992061e-07
6.383186e-06
0.00015587398
0.00045045879
0.4569081
0.0007585645
3.174472e-06
6.530824e-08
0.009872348
0.027563361
7.341955e-07
0.006162044
8.624008e-07
0.7281032
0.003015517
0.002375356
1.1961824e-05
9.6257445e-06
0.005837024
1.1013161e-05
0.002655819
3.4957655e-08
0.00049270573
1.5699866e-06
9.1957173e-07
0.21847917
0.85038036
0.012588001
0.013020925
0.0014252091
1.8597875e-05
0.14329076
7.945041e-05
1.8565748e-05
0.09658679
0.018413495
0.9972996
0.5107944
0.9998087
0.034271255
1.3951698e-05
1.754432e-05
0.00016693475
0.9426032
0.02286868
0.00091866177
0.00045173845
0.00988946
0.9955944
0.14329076
0.84531045
0.1285533
0.002375356
0.0016144195
0.3832114
1.1912176e-06
0.012921069
0.0061428794
0.99937403
2.9594492e-05
0.005979695
1.3934916e-05
0.021916388
6.235468e-05
0.016691174
0.017346324
6.2050975e-05
0.012701122
4.266675e-05
9.571083e-07
0.00017713486
0.102071404
0.0002050851
0.78953135
0.00018647488
0.010803273
7.8390585e-06
2.5202798e-06
4.7793574e-06
0.0004206185
0.00021695739
0.20551841
0.9651733
0.99720037
0.051100317
0.0022995346
0.00026762797
5.9283993e-06
1.2799272e-05
0.08084854
3.447348e-05
0.00060817244
0.89385486
0.88229835
0.06315222
0.052443095
4.281299e-05
4.437053e-06
0.8859008
3.0695577e-05
0.0009601937
7.8837285e-05
0.99860424
0.0067933802
0.00776368
0.00302209
0.9204803
0.9998087
0.007544756
8.864513e-06
5.7537905e-05
0.20403498
0.3353815
0.98824215
0.71604353
0.0077441405
4.064563e-05
9.2481866e-07
3.6134385e-05
0.00013737612
7.8427975e-06
0.0020648157
4.3087824e-05
0.9996797
5.363568e-05
0.002449473
0.99972236
0.005644362
0.99987555
0.0011695231
0.006162044
0.23177776
0.05957361
0.0011271535
0.0014831002
0.028163107
8.6772605e-05
1.2557358e-06
0.00023202907
0.0017825866
0.0031104616
0.81071216
1.1961824e-05
0.012382116
9.571083e-07
0.0003258907
0.99980944
0.07171882
5.2401134e-07
0.1285533
0.9963231
0.7691397
3.6857695e-05
2.308977e-05
0.9999866
0.006728908
0.00017918901
3.1217726e-07
0.0001175994
1.5041579e-05
4.3603422e-06
0.0005729642
2.4421137e-05
0.090684734
0.09658679
0.99998105
4.2163706e-06
0.08754864
0.00017774903
