0.16834205
0.0007959472
0.06480027
0.6878383
0.00033746654
0.00023623624
0.00032334155
0.0016318619
9.539841e-06
0.0002948621
0.07831113
1.31869465e-05
9.583688e-07
9.760017e-06
0.89055556
5.4379148e-06
0.0002459771
0.3621006
0.016128127
0.90640825
7.5702716e-05
9.70556e-05
1.6118922e-05
0.00017885955
0.0001415132
0.00010477391
0.36687097
6.800311e-05
2.8914554e-05
7.981695e-06
0.062824555
0.9993774
0.34183207
0.0018775102
1.7385544e-05
5.6870867e-06
6.00409e-06
2.6367698e-05
0.0002948621
0.99964833
0.00010344256
0.0017408942
0.00066899176
0.079256125
6.581009e-05
0.004645498
0.030579073
0.10928572
4.7481194e-06
0.99384254
3.0139232e-05
0.00055532774
0.002206872
3.188608e-06
3.9536556e-09
7.430794e-05
0.000106592284
1.4575124e-06
0.015672047
0.0016484963
0.00047304152
0.5375312
0.013512634
0.069053054
0.0021670763
0.000515588
1.9434245e-07
0.0004861942
0.00011006154
0.0001561919
1.2564122e-05
5.633852e-05
0.00074468297
0.00044368915
0.9841094
2.3530693e-07
6.049502e-08
4.5281553e-08
0.9664142
7.3560216e-08
3.3658045e-05
7.5702716e-05
0.00040219337
0.5857198
0.92309445
5.106031e-05
7.4455994e-07
0.00015313805
0.1280065
0.12654145
1.1750176e-06
0.00014468278
0.9993774
0.033640306
0.18515314
4.6625148e-05
0.023032382
0.00021496908
0.9998914
0.86031127
2.1502063e-05
0.0011709515
0.00074240775
9.14843e-06
0.0037481457
0.0045543816
0.9749698
0.034998033
0.0022472239
0.05580909
7.886441e-07
0.9999335
1.4814282e-06
0.99531704
8.550953e-06
3.2231205e-07
0.5367976
0.002749601
0.80742985
0.95957744
0.0012852038
0.00050842954
0.00021349145
1.820662e-06
0.013009967
8.54149e-06
5.6912093e-05
0.0008215424
1.4146395e-05
0.59567434
0.033640306
0.99994004
0.020160945
0.9999397
0.09806794
0.9997653
6.1037717e-06
0.0008284903
0.973981
2.5232234e-06
5.2573625e-07
0.00056871463
0.99926627
0.002749601
4.6625148e-05
1.5410702e-05
0.009583434
0.012669535
0.015593782
2.2773638e-05
4.5594497e-05
1.0720024e-06
2.9531342e-05
0.7340526
1.3752036e-07
0.8844354
0.18515314
0.027448533
5.73134e-07
0.9209482
0.0010738949
0.02891635
0.002749601
3.2725145e-06
0.026652383
0.04512163
4.017321e-07
1.449459e-06
0.0015220216
1.0531007e-07
0.99991417
0.0033372846
1.4022804e-06
0.022336487
0.038553163
0.018640382
0.17855209
0.07728254
0.002503256
9.24643e-06
9.687867e-07
5.5540757e-05
0.43195555
0.02720641
1.00854706e-07
0.16512227
0.92156804
0.00023906653
1.0366055e-06
1.3820543e-05
3.0741452e-05
0.16147739
0.02304554
0.0005852671
0.0012308089
1.1079317e-05
0.013143202
0.00025334494
0.0010553056
0.00091580354
4.585158e-05
0.018640382
0.0002967805
0.013774102
1.7175065e-06
0.0002459771
0.9999991
4.1599505e-06
5.8896792e-05
0.013512634
1.7004775e-05
0.004574559
0.18039177
0.007416597
0.000274799
0.0006144239
0.9660625
0.999427
0.015403682
2.5774696e-05
0.9823191
0.07813635
0.48756087
9.1111346e-05
0.044681482
0.015402272
0.17071572
3.4259594e-06
7.996842e-07
0.7416477
0.00012331965
5.7102866e-08
0.039385743
0.00012014747
1.05935615e-05
0.00048386614
0.0003196214
0.0003564656
9.062619e-06
0.99998575
3.1467537e-06
0.00026785414
1.6791622e-05
0.9584657
1.3439842e-06
7.621876e-07
0.027349027
0.9986062
0.007416597
0.00014092514
0.14965403
0.9664142
0.00523626
4.3437763e-07
3.6217791e-06
4.7903468e-05
0.0002123149
6.07691e-08
1.0719333e-05
0.004268885
0.0011490247
0.02304554
0.0001051322
0.7630252
7.31041e-07
0.00021349145
2.2736822e-07
1.7398147e-06
5.9018356e-07
0.069053054
0.0011490247
0.13250759
0.86024076
0.0001022862
3.6670374e-06
2.859265e-06
6.1255036e-05
0.000274799
0.054645985
0.00055650825
0.038553163
2.2475975e-05
0.43195555
0.9999849
9.993096e-06
7.573836e-07
6.049502e-08
0.0016341747
4.1330037e-05
1.8625296e-05
0.005063461
0.0011709515
0.7600173
0.9999995
5.4836535e-05
1.24966655e-05
0.013774102
0.0012308089
0.0029429246
1.5473852e-06
