0.9999921
0.0011509467
0.0028470194
6.7718593e-06
0.9954448
0.8688617
0.020322239
0.0006138597
0.044195164
1.9415367e-05
0.00013198647
1.1107023e-06
1.030744e-06
0.31311876
0.9994985
0.99986476
2.3388297e-06
5.3034706e-05
0.00029367534
0.0056061675
0.87886137
0.8977416
0.00063429744
0.029714335
0.9854891
4.88138e-06
0.06416127
0.9999488
0.00018040345
0.5252646
0.97169596
0.00019907206
0.00013870926
0.759627
0.99315
0.00031880825
0.07426569
0.016634451
0.0024802866
0.0185679
5.108992e-07
0.8779948
0.0098251235
0.0010747869
0.0005335733
8.074026e-05
0.99996483
4.828888e-06
0.99997866
0.20431446
0.010577228
0.00013528012
2.147059e-05
0.93480814
0.0004169678
0.9960155
0.064866856
0.0038197776
0.99906707
0.016079871
0.00016265869
1.2978878e-05
0.0001312121
0.35636017
0.0037581888
0.00011541023
0.9994764
2.1886808e-06
0.00024352733
0.00050855987
0.00091809477
0.010806719
0.0019472139
0.0010747869
0.98550093
0.03519185
0.21140258
0.003361744
0.0628862
0.0008329937
4.1151055e-05
0.00080574804
0.13271198
0.99999565
2.792751e-05
0.022524647
1.055205e-05
0.50914365
1.0402088e-05
0.0004169678
2.7247881e-05
1.4569592e-06
0.0075984374
0.0001518431
0.007346797
0.014654254
2.1309004e-06
0.1607961
0.40684673
2.6302735e-06
3.1692753e-06
4.819328e-05
2.891447e-05
0.00023911076
0.01315616
1.055205e-05
0.9757205
0.00011061877
0.00022018
0.0025036538
0.029714335
2.2182128e-06
0.17338215
0.0016443634
3.5056433e-05
2.3454093e-07
0.15450495
2.5393783e-06
0.028996537
0.09857632
0.025882065
2.0960257e-05
0.2137522
0.012169414
5.8818943e-05
7.127492e-05
0.00093353126
0.21728934
2.3388297e-06
0.9875873
0.9387065
0.0013481682
0.0016980682
0.74730086
0.94834214
4.3861175e-05
0.0024751895
0.9080945
3.802434e-05
0.0023524987
0.0028862224
2.1597481e-05
0.0013481682
0.00011541023
0.0004242599
0.054153476
0.16700742
0.004666168
0.00034255133
0.00029669082
0.0005595373
0.06671139
0.00022018
0.00019308389
0.0006632819
6.978088e-05
8.6579433e-07
8.0202506e-07
0.054732352
8.195238e-05
0.0077600847
0.124095835
0.00020821358
0.25910774
0.018738672
3.382298e-05
0.001311473
7.385983e-05
3.2725177e-06
0.00019100521
0.05626809
0.75998783
0.9999909
0.00017236962
0.020814778
0.0002305929
2.4975568e-06
1.3969405e-05
0.15322152
5.651259e-05
0.00093353126
3.9231163e-05
0.000163446
0.011324437
0.0021453104
0.6273036
0.0093293665
2.7399245e-05
0.056978177
0.004949714
0.014782643
0.060375962
0.25910774
1.0706235e-05
0.99781895
0.00019836948
1.6174014e-06
2.0872833e-06
0.9999075
1.0306533e-05
0.0057628113
0.00015487675
1.5112951e-06
0.0028470194
0.0020831155
9.847612e-06
8.957276e-05
0.024596736
0.07502139
0.015944952
0.9999586
0.20941374
0.06274881
0.24416424
0.999997
0.440933
0.022524647
0.00013284392
6.438508e-05
1.0089026e-06
7.065585e-06
0.010185086
7.907264e-06
0.9999993
0.0142907975
0.0001614882
6.499001e-07
1.1738655e-05
0.006191479
0.012919962
0.0067162355
0.00948768
0.12169597
0.12397592
2.8033014e-06
0.88927937
2.6088263e-05
0.0011377563
0.9147307
0.0035326702
0.00019308389
0.041336924
1.1484451e-05
1.440672e-05
0.001203416
0.013473295
0.038202584
0.004254177
0.024033882
0.0012301338
0.00025722288
2.3681718e-05
0.0072206394
0.5639722
0.002636818
0.00035291418
0.0023524987
0.011558721
0.0012578538
0.52715063
8.759082e-05
0.0014468719
0.12397592
0.0001161506
4.479896e-05
4.0071984e-05
0.5639722
0.9966986
0.0034702434
0.025890095
0.109734744
0.003423719
0.22948003
4.2695883e-06
0.0023707615
0.0077528367
0.00096488587
0.9397441
0.00052950147
4.479896e-05
0.13271198
0.00627409
0.1261876
0.45428368
0.186013
0.025882065
0.000112669775
3.6092162e-05
4.092868e-05
0.0026983786
0.12187076
1.3969405e-05
0.014462444
0.0022154155
0.00044359
0.99999386
0.00014789021
0.03115271
0.0001926385
0.0061709657
