0.78151655
0.0011144319
0.99937695
2.24365e-06
0.45152602
0.008543236
2.6441438e-07
2.263392e-05
0.8927904
1.3024308e-08
6.128039e-05
5.4090414e-08
0.00020396807
0.00053912005
0.00053912005
3.3380612e-09
8.3918064e-07
0.00015814883
2.263392e-05
3.3746363e-07
5.931849e-06
0.05947475
4.517718e-05
5.0119626e-05
0.99994516
0.00060699077
0.004918163
1.5094359e-05
0.1955283
0.10297245
0.79930204
4.5014917e-06
0.032129463
2.365792e-06
2.0496056e-05
0.00011580168
0.0026487403
0.17297609
0.00018533386
0.08117164
0.51744
0.008995302
0.0016140253
2.3832585e-05
0.0004512317
0.09526248
1.17278475e-07
8.4257294e-08
0.0059612887
0.0026723628
0.00083780335
6.77295e-07
5.8512145e-05
3.995313e-06
0.58971703
0.99954116
0.9999996
0.00053122017
4.2984525e-06
0.51744
2.263392e-05
9.177932e-07
0.57639647
0.0026654329
0.99634427
0.00045249678
0.00060021935
1.3968392e-05
2.9758794e-06
0.5728742
1.46636e-06
0.00016718676
0.0003139171
6.60523e-07
9.906228e-06
0.017684933
0.95435816
5.5813132e-05
1.4132021e-05
0.9899038
9.142484e-05
3.591316e-06
0.0035028325
0.029227905
2.4095576e-07
0.98393947
1.1511336e-07
7.997193e-05
0.0012986108
0.012102233
0.0003900067
0.041984018
0.0007074886
0.0037828654
3.8750068e-07
0.0006275549
0.00076479546
4.4219764e-06
0.00056416204
0.042894807
0.002831501
2.485334e-07
0.9999623
2.461785e-06
0.3519699
0.00016718676
0.9995371
0.0012215641
2.3593752e-06
1.5272415e-05
0.0020983047
6.191698e-07
0.0018347497
0.00011714332
8.1566795e-06
5.9112763e-06
5.737085e-05
0.11825586
1.6661204e-05
0.00056416204
0.963898
0.0003139171
0.0035054984
0.7851878
4.3208643e-06
0.0051460075
0.0023683289
0.58971703
0.014265644
0.0018109693
1.6845224e-05
0.0013522086
8.741257e-07
2.6189367e-05
0.00014319719
0.0016030357
0.0045903763
4.7148774e-06
0.00071813725
0.0026342522
0.038853783
4.622779e-07
0.98966116
0.3725098
0.0012215641
0.0036563012
0.99993426
3.0904287e-06
0.8526658
0.002831501
5.2303776e-08
1.0806683e-07
0.9622033
0.0004512317
0.99928856
0.00016055776
1.2331646e-05
4.246434e-06
0.005985684
0.09526248
0.000300372
9.662653e-08
0.21911415
3.9863153e-05
0.00083114835
0.0011590575
0.0013841519
1.5094359e-05
0.36695912
0.006927246
2.863608e-05
6.0217153e-05
0.98189354
0.00096777215
0.002582159
3.1607283e-07
0.0031734218
0.6970073
3.6080874e-05
0.07222955
0.00060431554
9.684231e-06
0.015396039
0.00016381797
0.00036886925
3.6062283e-06
6.241844e-08
0.7818395
0.07891947
6.612636e-08
0.076908045
0.0050757444
8.739642e-05
3.958921e-06
0.00035998228
4.475011e-05
1.4024008e-06
1.9895617e-05
0.0873994
1.106409e-05
0.99436396
2.5402418e-05
1.6473257e-06
5.3228458e-05
0.2674755
8.331378e-07
4.2632666e-05
2.0982816e-05
0.1668307
0.0049742293
9.765281e-05
1.7607981e-05
0.00038707518
0.0016140253
0.00053122017
0.17776085
0.0011336663
0.0013179716
0.0031515576
2.2905588e-05
2.6441438e-07
0.0018127563
2.4444716e-05
9.607548e-05
0.00013479777
4.751734e-06
0.963898
8.834165e-06
6.635012e-05
0.0001265857
5.634871e-06
2.471236e-07
1.685161e-06
0.000811461
0.77587384
0.07499897
0.0008470151
0.8531015
1.2983705e-05
0.004976231
0.98762196
9.33659e-06
0.98189354
0.9999336
1.6777696e-05
0.017054021
2.6441438e-07
0.9622033
0.99995005
0.014130728
0.04306569
0.0005907723
0.0001627617
0.040232398
0.8971
0.03706519
2.0214925e-06
0.9966059
0.0050757444
2.1243355e-07
0.017603038
0.024365077
0.09526248
0.36695912
1.4024008e-06
0.102972426
0.76972735
0.0018237977
0.0077276328
0.0004619631
9.9796904e-05
0.0021179907
0.016020427
8.9475594e-07
0.00023608156
0.5728742
2.1678205e-05
1.0459884e-05
0.0013717219
4.0231193e-05
0.0008140148
9.9796904e-05
0.00011580168
0.98359686
0.0020885267
2.8320263e-08
0.039908018
0.8971
1.8839995e-06
0.002761202
0.9999997
1.9730597e-07
5.5089333e-07
0.058160845
0.9998902
0.70662314
0.0030047887
0.00045658983
6.612636e-08
0.0007339704
