0.9999934
0.99994695
9.003661e-06
0.0005825787
0.23980176
0.9982647
7.6682714e-05
7.7537175e-07
1.638428e-06
4.3329464e-06
0.9715274
2.2596768e-07
3.6945085e-06
2.0668924e-06
5.6866116e-09
0.0012324784
0.00016151839
2.3725663e-05
1.4283161e-06
0.031085497
4.7565747e-05
2.2920024e-07
5.71021e-07
6.9160387e-06
2.2992701e-08
2.0294085e-08
1.9254928e-07
1.3415766e-06
0.00029925522
0.0011358173
0.00018915441
2.1724354e-06
1.3374656e-05
0.0007751661
1.3242993e-08
4.2798263e-08
0.5955238
0.61054385
0.00046099158
0.0001476038
0.08350691
6.496336e-08
4.250048e-06
8.036266e-09
8.135407e-05
7.953849e-05
0.22663696
3.4494948e-07
4.9921622e-05
2.8749787e-08
4.7565747e-05
3.7471702e-07
5.401945e-06
0.04824902
2.1115006e-06
0.004476014
1.6237239e-07
0.0023864692
8.829911e-06
1.8724398e-09
9.401908e-09
0.025674542
1.4676957e-05
5.2664955e-08
0.24786198
0.66417074
0.00039995933
4.3485197e-06
2.9325835e-07
1.5564397e-05
5.2869076e-05
1.8915213e-06
3.783012e-07
0.0009438472
3.831056e-06
1.4658993e-08
0.008822785
0.99997896
8.415935e-06
1.3121351e-05
5.5434104e-08
1.0012747e-08
9.4725044e-07
0.02068357
4.337782e-07
7.0736355e-06
7.08564e-06
0.00013495209
0.00070505304
1.8877992e-05
1.0760729e-08
3.767879e-06
0.036735594
0.84025997
0.1214782
7.5265655e-07
9.150419e-06
0.0002642797
0.00012203743
0.0006805946
2.0294085e-08
0.00888359
8.9571387e-07
0.000107407104
1.240668e-05
9.245771e-05
0.05619412
0.00027743043
2.1330647e-05
6.4443275e-06
0.0008194877
0.26919925
0.0074566053
0.9983943
0.00064650516
6.231756e-08
8.4583846e-08
3.4286208e-05
1.0388975e-06
0.48522022
3.8724572e-08
0.022248885
1.0206637e-05
0.008440637
6.84839e-05
0.00888359
0.025495874
0.24800989
1.6120122e-05
8.4029685e-05
0.00054913835
0.0025534627
0.00019564
3.377299e-07
0.99212974
0.102442496
0.075006545
1.0003207e-07
0.00012249446
1.6120122e-05
2.1894988e-05
1.9627857e-06
0.0009438472
0.0029350508
9.2475517e-07
6.4443275e-06
0.0014374171
3.206836e-05
0.63023895
3.668275e-05
2.2547489e-05
0.00014603806
3.0255344e-06
2.7945629e-05
3.6382853e-06
0.00011445216
2.4214994e-05
7.1662704e-05
4.7095833e-07
3.0229273e-08
9.288584e-08
0.00087679
3.9448602e-07
8.135407e-05
6.4523134e-05
7.9167105e-05
1.772486e-07
0.0008194877
2.3422905e-08
0.14306921
2.2362237e-07
1.764355e-05
0.0035468051
1.4148335e-06
1.5824949e-06
9.401908e-09
2.1368896e-06
2.3592678e-05
7.111732e-08
0.99997896
0.14738703
0.6967303
2.4205321e-05
2.2710326e-06
5.191278e-08
6.017338e-07
0.0013314519
0.0011543037
6.3748914e-08
1.3273618e-08
0.9999519
1.5510315e-06
2.6543685e-07
0.0016426734
0.0018652396
0.00064650516
0.0022261476
6.84839e-05
0.00015554867
3.2597214e-05
0.0060336054
1.8354827e-05
3.77898e-05
8.142579e-05
7.2424305e-06
0.014713163
0.00016168495
1.5987425e-07
0.0019675076
1.3959124e-05
0.9999519
0.07885922
1.762406e-06
4.380593e-07
0.89859724
2.7281578e-05
3.6338952e-06
4.4500393e-05
2.768129e-05
7.973213e-08
0.0011730621
1.0339421e-07
0.0032147588
1.4148335e-06
3.4832574e-06
2.0668924e-06
0.0017346026
3.3590442e-07
2.8448412e-06
2.1888561e-06
0.89784205
1.2160807e-07
3.6382853e-06
0.13191
3.9876394e-08
0.0044900086
5.772757e-05
1.1669571e-08
0.003727144
0.0010967451
0.00014362684
0.00016125925
1.3174497e-07
3.5320247e-07
2.7898923e-05
0.008360655
0.0019303086
9.7090124e-05
7.701894e-07
0.00015589196
1.6120122e-05
0.0013026635
9.3992414e-05
0.0046657757
0.0067811008
0.000120416786
0.7876442
0.0009258382
1.3532221e-07
5.040857e-06
0.023694528
2.7351635e-07
0.119545214
1.222648e-08
8.142579e-05
9.792519e-05
2.661127e-05
2.0840035e-08
1.362269e-05
0.117500074
2.5260165e-06
8.16979e-07
4.0991975e-07
1.272477e-06
1.748364e-05
3.5359375e-07
0.001480458
0.00019971617
0.026502289
0.00030425977
0.00065460487
0.9999585
8.8222583e-07
2.5122913e-06
0.015262591
8.415935e-06
2.0852487e-07
0.07081036
0.04828812
0.14738703
4.38375e-06
1.8011091e-06
0.025674542
4.4497895e-07
3.961612e-09
0.7971998
1.4434183e-07
0.0029406282
6.333349e-06
1.0107719e-05
