0.9999997
0.19823824
0.0052609374
1.5667932e-06
0.004577348
2.1202056e-06
4.6026817e-05
0.0103497915
3.650154e-05
0.00025421262
0.90001774
0.22719172
0.021304812
0.85177594
0.0017180714
0.035535555
4.2742908e-05
0.027904531
0.00056312414
6.3366115e-06
0.046796694
1.199843e-05
0.38473567
3.717772e-06
0.00018780064
0.00022446174
7.435778e-05
0.0010756211
0.14821087
0.00011775436
0.0018618983
0.9808282
0.0007447163
1.9557549e-05
0.00041081957
2.9803735e-07
0.012577248
0.0047248476
0.010989352
0.73019004
0.00043737068
0.0006366036
0.005062464
0.003230732
0.0017590666
0.0004650293
3.4565062e-05
0.00740423
0.005062464
0.008562584
0.018637346
0.002745172
2.0833834e-06
9.189702e-06
0.855747
0.0008598283
0.1846943
0.0024474266
4.215398e-06
6.557217e-05
0.9684897
2.8693074e-05
0.98541033
0.046232108
0.1422293
0.07787295
0.00019562247
0.000204638
0.001174363
8.7664775e-05
0.0001689995
8.2103186e-05
0.005439358
6.591409e-05
4.2232874e-05
1.06994985e-05
0.9188803
6.591409e-05
0.99980825
0.92897874
1.4653979e-05
0.00026659147
0.001522961
1.2071089e-06
3.1625543e-06
0.23350932
0.006832398
0.01002885
0.0014508083
0.0010546785
0.98049116
2.1202056e-06
0.8581052
1.6135118e-05
0.06552279
0.05858094
0.24586599
0.049964365
2.9544055e-06
2.1161848e-05
0.90334207
0.0007925973
0.0008885251
8.019867e-05
0.99978715
0.101989485
0.10677606
1.2829574e-06
1.2368288e-06
0.0037763587
0.00020715376
0.0011862015
0.1511455
1.8830638e-06
0.0005181173
0.00021836818
0.000986417
1.0122439e-05
0.002043428
0.9990989
1.341446e-05
3.653424e-05
0.0012297989
7.372269e-06
3.4797445e-06
2.0467074e-07
1.3698619e-06
0.048755374
5.019606e-06
0.36462265
0.050757606
2.3373705e-05
0.9884251
0.9965029
0.08970831
0.0030005276
0.0017590666
0.0015841526
1.5142486e-05
0.08970831
1.73035e-05
4.3205637e-06
1.6135118e-05
0.01504082
0.88742375
3.860702e-07
0.31004876
0.0038692954
3.2970917e-07
0.002526394
0.1619894
0.9998947
1.2579072e-05
0.0021709928
0.0001074529
8.569776e-05
0.99749666
0.00045797837
7.59987e-05
0.00011999565
9.512314e-06
0.37662995
0.0014071775
0.0002354921
0.11457284
5.8822644e-07
4.0056866e-06
0.0002098971
5.9113085e-05
1.9773408e-06
0.010229639
0.00038201816
0.001522961
0.99816555
0.0008888799
0.060402334
0.000986417
8.499164e-06
0.09491998
0.008821922
0.018152902
8.499164e-06
0.001228535
2.4683233e-05
0.20936637
1.4915932e-05
2.422879e-06
7.064331e-05
0.99971676
0.0077603087
0.8183129
0.79777044
0.99303937
7.199505e-05
0.0020763315
0.3679976
3.2828598e-07
5.2406816e-05
0.0001568148
0.0024345627
0.0002098971
3.7215654e-05
5.5298016e-05
0.7631139
0.00088710815
0.00021895446
0.9628158
5.9113085e-05
1.1040418e-05
0.008105042
0.0018052867
0.053372893
0.05989455
0.9865308
2.7298108e-06
0.99998903
9.320635e-05
0.99901074
0.9232189
0.99999946
1.1906398e-05
1.6135118e-05
0.0012516595
0.3306587
0.018152902
0.00014051441
0.002013288
0.0029316326
0.97825986
0.4140669
0.0010444685
0.0020656292
0.9957563
0.3834162
0.0066304947
0.0002937815
0.026616706
0.9715004
0.9999905
0.0016074283
6.3673847e-06
0.9999233
9.0879075e-06
1.7793443e-05
0.10524421
0.009498975
0.999594
0.03826025
0.0021362852
0.05422543
0.9965029
0.02049
0.008118236
0.70828784
0.9807443
1.1383121e-05
0.009991034
3.8030576e-05
1.4915932e-05
0.0029218642
4.455449e-05
2.7441163e-05
0.0031678549
0.14957882
1.4930762e-05
0.849045
0.003088338
3.721731e-06
0.24994282
0.13990045
9.817362e-06
0.985922
0.9999799
0.9999978
0.11245343
7.273189e-05
1.06994885e-05
6.5649874e-05
0.9973374
1.4653979e-05
0.00022052937
6.274924e-06
0.99999946
0.00017554745
0.00012630477
0.0011135453
0.0023269544
1.183522e-06
0.2408572
0.0016647269
0.9999989
0.0017590666
0.00021566587
0.10735931
0.14821087
2.3373705e-05
0.13429599
0.000740471
0.0021063336
6.8005116e-05
