1.0
0.9999996
5.5728884e-05
1.4483491e-05
3.7204336e-05
0.00089375046
0.0002708278
3.7508173e-05
0.70841646
0.9993587
0.011797584
1.3301136e-05
0.00044178343
0.0010282462
0.021222437
8.913038e-05
0.00020229236
0.99690443
0.0015034669
0.00028530977
0.15694237
5.729423e-06
0.021662224
0.512158
0.0020034476
0.9523581
0.0181403
0.0013590344
0.13916978
2.2437727e-05
2.51995e-05
0.9927814
0.066350706
0.9831789
0.00052330934
0.99580437
0.00038140535
0.043120436
0.00042525434
0.0005506148
0.0015474594
0.96942246
0.0012480667
0.28862688
0.0014307057
6.915995e-05
0.009500734
7.4125733e-06
2.932521e-05
0.39293197
0.016444612
0.0050024055
0.999883
0.0026058212
6.048021e-05
0.6663442
0.0019612724
0.0071224943
0.08642971
5.5129058e-05
0.993988
0.9683328
0.28360504
0.00036993454
0.67951035
0.75486594
0.015291557
0.004065884
0.0643634
0.0056202873
0.0010225587
0.37261707
0.99547493
0.011522897
0.999883
0.0071079414
0.39550275
0.9999194
0.03512742
4.7859708e-06
0.8337415
0.96050966
0.011819089
0.0002539963
0.00024205276
0.0036537347
0.0011894341
0.005483764
0.9723015
0.20241879
0.00010162373
0.6857089
8.406343e-05
0.99997604
0.00018058554
0.069617406
0.00035525687
0.0056225206
0.045488287
0.0006638283
0.009812569
0.1388645
0.5769588
6.634942e-05
0.73776096
0.9221016
0.00039617938
0.33936763
0.000934666
2.6768772e-05
2.2560973e-05
1.2530199e-05
0.11370592
0.00011467567
0.015826782
0.0061754943
8.2933906e-07
0.00042525434
0.0007230927
0.00012731104
0.00087307644
0.010337125
0.00017251397
1.51522945e-05
0.004961412
0.006307938
0.0121949725
0.002203196
0.00014249461
0.00032488807
0.9972409
0.6766789
2.6715845e-06
0.9894191
0.009442148
0.0043888325
0.03265924
0.0004615876
0.0005414885
0.8938518
0.2631214
0.9866053
0.9999608
0.8791076
0.10369964
0.0016347116
0.031361997
4.3913784e-05
0.00046523768
0.00046655844
0.0063992203
0.42394364
0.2515635
0.61141837
0.0005410397
4.73862e-06
0.0018904347
0.0020462323
0.0010616806
0.43730247
5.3718613e-06
0.97098726
0.016559567
4.620073e-07
2.7248275e-06
0.11680862
0.00017868841
5.469198e-06
0.99752134
4.2250952e-07
0.91796225
2.5836367e-05
0.0018276803
0.02735145
0.0016175661
3.5405646e-05
1.7909726e-06
0.98850733
0.19106956
0.34252173
4.4772296e-06
0.13324578
0.010912673
0.1937241
0.92698747
0.00056838384
0.004236966
2.33796e-06
0.000326042
0.9981156
0.1061191
0.9648851
0.00033133835
0.8568553
0.98549277
0.01304425
2.5425588e-05
0.012307271
0.032320447
0.9999804
7.8021025e-05
0.057493925
0.00021337811
0.98463225
0.9999999
0.0231346
0.16574055
0.42957008
2.5425588e-05
0.007632633
1.659092e-06
5.5129058e-05
0.018659577
9.724069e-05
0.018189535
4.266594e-05
4.967307e-05
2.2849299e-05
0.4078139
0.72328764
0.00014048468
0.00038443407
0.96517825
0.0011341328
0.67951035
0.0014766544
4.458688e-05
0.00051119796
0.00022433893
0.0018904347
0.0004615876
0.30087045
0.00019940374
0.07926908
0.90450394
0.98463225
0.008341236
0.99888945
0.99860555
0.00018186217
3.90587e-05
3.999777e-06
0.12210918
0.3741227
0.00015396091
0.17789021
6.7175344e-05
0.03928734
0.26856044
6.271e-06
0.0042676204
1.4119547e-05
0.31110343
2.9296982e-06
0.004532804
0.99398935
0.9911978
0.9834617
0.036293153
0.0015474594
0.998317
0.00036595232
2.0897049e-05
0.021283915
0.0007059624
0.00026410134
0.0028209572
0.005350978
0.9999829
0.34175074
0.99999976
5.5716242e-05
0.9998675
0.00013092751
9.353969e-06
0.6751612
0.00022433893
0.012791375
1.29766e-05
0.000112706635
6.3975626e-06
0.0026470064
0.9999533
0.0011341328
0.19504231
0.06304273
3.06442e-06
0.00031278812
0.008731696
0.054126985
4.194085e-06
0.97371894
0.017591704
2.3356113e-06
0.4078139
0.12839615
0.02050551
0.11334499
3.4121736e-06
0.0036211659
