1.0
1.0
1.0
1.0
1.0
1.998027e-06
0.9972784
0.8451566
0.00032252012
1.4069758e-05
0.007694373
0.71559846
0.0001091206
0.0019585805
0.06923722
0.0952178
0.0036454934
0.009154977
0.09967397
0.00075098424
0.43688372
1.38289815e-05
0.7846415
0.0009962389
0.00044232197
5.561183e-05
0.012572997
4.0961808e-07
2.4688266e-06
0.003545757
5.151291e-06
0.0011807521
0.010911227
0.9964585
3.5040455e-05
6.8065506e-06
1.716379e-05
0.7465306
0.9998779
0.00069574214
4.0810933e-06
1.18488215e-05
0.24399911
4.800293e-05
0.008848057
4.0109146e-05
0.0521831
0.0024191628
0.0027424516
4.1751933e-05
6.9566745e-06
0.00021692304
0.20215224
7.0913516e-06
0.00010237763
3.979179e-06
0.99920785
0.0001009644
0.00021650318
0.24512629
0.93795234
0.64393246
0.16480774
6.192223e-05
0.91119236
0.14628243
0.0053740283
0.18008298
2.2469895e-07
0.00018553401
0.0024327545
0.0024165704
0.13150251
1.8094788e-05
0.000116638505
0.95152944
0.0038608725
0.96694154
6.883642e-05
0.0018273331
1.6595241e-06
2.7714639e-06
5.2025738e-05
0.16145131
9.651809e-05
5.106974e-06
0.47487715
0.50512785
0.00041250742
0.00020812386
0.004127464
0.0074968524
0.00034885027
0.29149866
1.3252301e-06
0.07752023
0.19485477
0.9995761
0.039357986
0.005849833
0.021124728
0.97082853
0.008700327
0.00010170962
4.0886272e-05
0.11453072
0.060062174
0.032876883
0.032373626
2.539457e-05
5.530138e-06
0.124389805
0.012782093
0.0013921394
0.01041881
0.00010309544
0.43688372
0.0016753217
0.00026719988
0.00011026807
7.076928e-06
0.006732813
3.3091233e-06
1.0940219e-05
0.04976905
0.81561434
0.018370494
0.0013091236
4.1048563e-05
0.019893916
0.99879086
0.00028498028
0.00542005
0.46038002
2.7104665e-05
0.0005687889
0.00022080542
5.292605e-06
0.008535094
1.0703316e-05
0.00018028963
0.84703237
0.0021393471
0.09650321
9.1262183e-07
2.0751184e-05
0.0002279757
0.012568386
1.9460797e-06
0.035696898
0.013671127
0.39816976
0.7092119
0.0004824173
0.5082504
0.0065107746
0.0028097176
2.7714639e-06
0.24550153
0.13150251
4.0815758e-06
0.0057833632
0.00025054245
0.0028097176
3.5331243e-05
0.9998343
8.320228e-06
0.015788931
0.013721642
0.33235052
0.50767505
2.071188e-05
0.99776495
1.299335e-06
0.015502739
0.9999769
0.0008414452
0.0019410482
1.3784819e-05
0.16242006
0.00012563342
1.8466071e-05
3.843894e-06
1.0412045e-06
0.29023507
0.96601754
0.991357
0.0051841005
0.0001580165
0.039357994
0.014887736
0.0003808941
6.484271e-05
0.00021476095
1.5135596e-06
0.025854273
0.00022491248
0.99996483
0.000493589
0.00012395227
0.01435106
4.5493575e-06
0.00075843366
7.732515e-05
0.1290165
0.00025132188
0.0010727451
0.9970539
1.7076849e-05
0.00019655225
1.4727124e-05
8.7552335e-06
0.0051629385
0.01435106
0.009498899
4.5493575e-06
3.2435103e-06
0.00020449776
0.8216376
1.4878533e-06
7.3694296e-06
0.0031338034
1.2220183e-06
0.02042386
0.9940548
3.8470372e-07
0.004796553
0.96527225
8.709924e-05
0.00097383186
0.9998931
0.012782087
0.00070207304
7.755563e-05
0.03491453
0.0025153009
1.6361405e-06
4.9453115e-07
0.002834506
0.0065107746
6.990466e-06
0.00018312562
2.5162422e-05
0.99996483
0.0968921
0.0042860606
0.97082853
1.3578594e-06
0.0001079402
2.2469895e-07
0.0005435896
0.0017644471
4.528468e-06
0.009154977
1.6647153e-06
0.99899906
7.198825e-05
7.198825e-05
0.9999833
0.0028053175
0.0002640102
0.017486399
0.0021622006
0.18160339
0.008700323
0.0015180846
0.0021444897
0.08751714
0.0015326893
0.017398246
0.9998795
0.009035889
1.0088958e-05
0.99899906
0.00027908158
0.0011465581
0.015508926
0.0015571831
5.621013e-06
0.00018553401
7.377375e-06
0.017326836
0.46038002
4.341929e-05
0.0059684506
0.0009753871
0.05647278
0.008513235
0.05667022
7.48852e-05
2.1775172e-06
3.5566256e-06
0.018015003
2.9537068e-06
0.0010724135
0.0028053175
6.0708866e-05
0.0074968524
0.14628243
2.0413308e-05
