0.9511287
0.907608
4.1776904e-05
4.248378e-06
0.99151474
9.8864475e-06
0.00018812146
0.0001560386
0.00041154824
0.08191794
3.2288997e-05
0.50294167
0.021608306
0.12578084
4.2842046e-07
0.9392341
6.0524267e-06
0.00062599994
1.7463593e-05
0.0116791865
0.0075741257
2.8942803e-05
1.9006648e-05
2.388598e-07
4.250536e-05
0.88797015
3.5528763e-05
0.0006910115
0.98170954
0.9999392
0.01620678
4.2347356e-08
1.0155615e-06
4.82991e-05
1.2284718e-05
1.9860815e-06
1.8665129e-06
0.002239066
1.394036e-07
0.000723929
7.8230376e-05
0.03405988
0.001492165
9.521067e-07
0.79748464
0.0011320788
0.31742066
7.7814e-07
0.00022060993
1.4362588e-05
0.0048119035
5.9379192e-05
0.64105487
2.4287392e-06
3.366257e-05
6.5096947e-07
0.5755418
7.184376e-05
2.3760415e-06
0.10207647
0.0005013207
0.034905992
0.0010576758
0.47053483
0.024956482
0.66743463
2.3946883e-05
2.8515018e-07
0.00020665958
0.0027246717
0.79650134
0.4132244
0.9938254
4.970437e-07
0.016690854
0.00041744707
0.99151474
5.844866e-07
4.9309332e-05
6.003986e-05
3.1273198e-06
0.91411924
3.317041e-06
1.2337006e-07
4.2826956e-05
0.00013233567
0.017829256
5.473498e-06
3.2893718e-07
4.9445793e-05
0.039865687
0.011834955
0.99998504
0.004997552
0.9894732
0.93160176
5.6085984e-05
0.9999995
0.0050055515
3.4693625e-05
9.413823e-07
0.33151397
0.1509118
0.0344643
0.0001247561
0.0052735265
0.10207647
1.7877153e-07
0.21955346
0.0008280389
1.332798e-06
0.00011732364
0.057184152
4.762073e-06
0.00041154824
0.0008142293
0.9999997
0.075378016
0.00075323833
0.0009954656
0.03765898
2.8062144e-05
0.0013765187
5.1400484e-06
5.6736466e-05
1.9446122e-06
0.9985863
2.9497904e-05
0.05034814
0.98751754
8.72908e-06
7.093906e-05
4.1701875e-05
4.4282897e-06
3.436644e-05
0.818766
1.1744552e-06
0.9804532
0.037006382
0.0003607678
0.00011756531
0.99638945
0.010049219
2.2823297e-05
2.8942803e-05
4.5422686e-07
3.3993452e-05
1.7834795e-05
1.1473865e-05
4.9445793e-05
2.141703e-05
0.0028400524
0.15389962
0.02866216
0.77325267
0.0024579873
0.99165195
3.3735036e-05
0.98150855
0.9999889
1.332798e-06
0.061583232
0.00024677295
8.849435e-06
0.81153774
4.1335943e-07
0.49475127
0.0014693029
0.99704987
9.132407e-06
0.9999997
0.001804961
0.00032784863
0.0001971918
1.332798e-06
0.5318757
4.250536e-05
2.2816005e-06
0.00013448206
0.024226213
4.0800245e-07
0.00026201762
0.23340476
4.0385357e-06
1.4267138e-05
4.4282897e-06
0.9901462
0.97172177
0.43045565
1.4004495e-06
0.002383042
0.15843011
2.6340563e-06
0.047545444
0.00014004517
0.00012384358
8.218271e-07
4.653521e-07
0.00045164762
0.0058571417
0.037727363
0.11035362
2.9326133e-05
1.2317177e-05
0.006354613
2.8243962e-06
0.0058571417
0.00021533034
9.717128e-06
0.0025458606
0.050149884
0.0005626255
0.0005518637
0.006746753
6.4898836e-07
5.1306895e-05
1.9006648e-05
0.9999883
0.0005650387
9.36953e-06
1.3804479e-06
0.00086455303
1.599534e-06
0.0013006366
0.9078784
0.93750775
1.6550825e-05
6.847718e-07
0.34914646
1.3804479e-06
0.00019298265
7.241119e-05
0.0007535392
0.007207157
1.2456211e-05
0.703544
0.0001926218
2.1897453e-05
0.9901462
8.0997137e-07
0.99995315
0.00034832157
5.3511736e-05
0.9999778
2.9601832e-05
2.7328897e-06
2.8925938e-06
4.3496086e-05
0.884019
0.00012384358
1.3348675e-06
0.0037106606
0.9989173
0.062234707
2.639361e-05
0.0005875531
0.0006958959
4.4202763e-05
0.04290436
0.12578084
1.0050114e-06
4.8822014e-05
0.0162557
0.94302434
8.4493495e-06
4.5519355e-06
0.0002803109
0.9753051
0.00071651844
0.9989321
0.0014791454
0.9999987
0.686285
0.0017595842
1.974177e-05
0.13775173
0.015009108
2.2387007e-05
3.8582757e-06
3.1151333e-06
1.2987377e-07
1.13628175e-05
1.8831265e-06
0.004299564
9.1535476e-08
0.0041866587
2.2387776e-05
0.99151987
0.25401694
0.5318757
0.091174535
0.9670546
0.0005518637
0.056807388
2.6340563e-06
5.2093783e-06
0.82430804
0.99869096
0.0024647673
1.332798e-06
