0.99918264
0.00500577
0.99887586
0.8686229
0.95477855
0.9940353
0.66218245
0.91325015
0.17463703
0.9444336
0.002415867
0.9796183
0.96057713
0.00091996253
0.6013642
0.44322005
0.08490588
0.885335
0.006314903
0.023677934
0.010791681
0.032041978
0.5508013
0.001848134
0.9999372
0.4403987
0.036102284
0.99946856
0.0011903374
0.053497393
0.33972904
0.008824521
0.0011657297
0.93649733
0.44916087
0.69613504
0.00089845073
0.46789664
0.00015215573
0.9986531
0.9999909
0.114467114
0.9986717
0.99999905
0.9999992
0.94136506
0.9994985
0.0025810883
0.9305866
0.033475254
0.007338862
0.9997419
0.9999907
0.872814
0.2848414
0.5101181
0.9892376
0.5380586
0.049039226
0.27674162
0.99583024
0.40860805
0.5101181
0.015656577
0.9993097
0.99876124
0.999996
0.38783783
0.6809409
0.010208437
0.99908185
0.0013826616
0.006340003
0.9979889
0.02309425
0.95083714
0.17115757
0.15299325
0.37505186
0.06386145
0.9983433
0.99999994
0.5001005
0.02508486
0.0015003991
0.017681694
0.015032996
0.8267111
0.99883014
0.96997595
0.006653134
0.8542155
1.0
0.57577235
0.991997
0.9855492
0.25352845
0.95910156
0.010381551
0.86508447
0.57577235
0.6926764
0.7364471
0.77245873
0.009419928
0.05120597
0.10646024
0.7617888
0.726577
0.61180586
0.011801386
0.960437
0.99013364
0.020483183
0.9996021
0.99999976
0.8938671
0.99461436
0.0067640753
0.0027041258
1.0
0.00506441
0.99999994
0.057466723
0.0007658891
0.28374004
0.51140404
0.006497116
0.0011294462
0.0073365695
0.104230866
0.3333503
0.020516464
0.030033082
0.08620781
0.79823834
0.990123
0.44322005
0.001848134
0.06497745
0.61180586
0.9845342
0.0002775476
0.999479
0.9690841
0.8817128
0.5659538
0.0012631941
0.99790686
0.8472365
1.0
0.00026153095
0.9969082
0.060131826
0.6733655
0.9786034
0.96732867
0.29633144
0.00051025796
0.78865296
9.054378e-05
0.99997735
0.8542155
0.9999994
0.9999952
0.030602831
0.46902463
0.9339846
0.00010647932
0.9796183
0.1317937
0.9999505
0.95181906
0.37465906
0.80647945
0.99969816
0.2277435
0.05831623
0.007909626
1.0
0.012988505
0.16935346
0.0031472056
0.27240333
0.029982893
0.00025009064
0.8311871
0.00041677666
0.99999994
0.8327069
0.9941422
0.00026153095
0.7539915
0.9995562
0.35830694
0.06554097
0.0003263474
0.0008663615
0.09394337
0.9999994
0.8214872
0.9964281
0.69613504
0.011720528
0.52847135
0.9499789
0.93041277
0.115608886
0.9999995
0.0022687002
0.0025647227
0.9999989
0.017527696
0.0021949115
0.9791434
0.28610232
0.04970177
0.99999994
0.010161348
0.007338862
0.00045519287
0.5560483
0.9999996
0.005361788
0.99966365
0.023848163
0.3270808
0.174637
0.99999964
0.03017184
0.00037770992
0.0002775476
0.51883066
0.011652983
0.054334156
0.00010133053
0.99998045
0.010381551
0.9999997
0.41302663
0.009014169
0.9997674
0.9615958
0.011962113
0.72036344
3.056693e-05
0.7486754
0.9999909
0.848097
0.1122594
0.42041355
0.6188594
0.56025726
0.09591406
0.21800886
0.9997674
0.017116455
0.5366561
0.7301392
0.9962631
0.59186375
0.2815302
0.34955877
0.7871388
0.73867065
0.6930254
0.97694254
0.06497745
0.017116455
0.99999994
0.002220315
0.1056364
0.9783764
0.00056198897
0.013060737
0.9997023
0.9999995
0.006375005
0.00033284916
0.9365048
0.047068004
0.9635579
0.9996122
0.00015215573
0.99986
0.9958996
0.0041015516
0.98793584
0.5959763
0.19704509
0.99946594
0.9998186
0.4377052
0.8325733
0.96732867
0.0045408667
0.9867887
0.9997694
0.99999994
0.9994117
