0.999997
1.0
0.9999612
8.876052e-08
3.2845696e-07
5.5542073e-06
0.052528046
0.0003935726
0.02196878
1.6077956e-06
0.01242413
0.22931339
4.6739263e-08
0.09852459
0.0013872015
0.88679826
1.0293053e-09
1.3902404e-06
3.032065e-05
0.9999418
0.96704364
3.089619e-08
0.0026083011
0.00072797097
2.9243747e-05
2.0655445e-06
2.4677602e-06
3.6681986e-06
4.822174e-07
0.00011796565
1.275083e-08
0.58720994
0.99627346
3.3285567e-06
5.2565133e-06
0.007700652
7.846034e-09
4.9414444e-05
4.2161023e-08
0.5519225
4.4272583e-05
1.4649819e-06
8.017635e-07
2.7886577e-07
3.2430275e-05
1.4381765e-06
0.996533
1.771078e-05
0.99999994
1.6766084e-05
1.4231887e-05
7.409093e-05
4.8433257e-09
0.13949886
1.9967187e-08
4.9047208e-06
0.9999975
0.00046769637
0.13949886
8.584359e-07
4.524064e-07
0.0029170008
1.2790147e-07
0.03360449
0.001386648
3.798423e-06
7.2098755e-06
4.5791204e-08
1.0963553e-05
1.2205743e-08
1.6984632e-08
0.0002968235
6.022663e-05
3.7382964e-08
6.8329035e-07
0.07530145
2.0655445e-06
5.759201e-07
6.820762e-06
0.033481278
0.0001532669
1.8937394e-08
2.5382013e-07
0.13655178
1.4229824e-05
1.0927564e-07
1.8474316e-07
0.88385737
2.7058236e-09
0.00036406246
0.13655178
3.1363342e-08
0.99999857
0.0014751527
5.6683522e-05
0.045589045
4.811861e-05
4.1435855e-09
2.3474232e-07
6.036621e-06
2.0251491e-06
2.0154296e-07
2.86175e-08
4.2345563e-09
2.5495009e-08
1.958801e-08
0.06542491
1.2093214e-08
0.0025258365
0.00036938884
0.08510886
7.344203e-07
0.00017274723
5.3319686e-09
6.0227626e-06
5.0520885e-09
1.10300455e-07
7.933536e-06
1.6655633e-06
5.013268e-07
8.869926e-08
2.3435356e-07
1.9133197e-06
6.3017005e-09
0.027073171
6.46182e-05
0.03583699
1.0044653e-06
1.4794297e-05
2.737935e-07
1.8566438e-05
1.1729905e-05
0.2315149
6.878067e-07
2.5842121e-08
0.0007104736
4.160757e-08
8.876052e-08
1.0062113e-05
2.1953238e-05
0.0027145543
1.0398193e-06
6.097657e-05
2.8829388e-07
5.4472216e-06
2.4652234e-08
0.00055531
5.5997967e-05
1.1533566e-09
5.4617863e-06
8.5898275e-09
0.0025236222
0.0021783654
6.3268324e-10
4.0998682e-05
8.78808e-05
8.934891e-08
0.04083559
7.7880077e-07
2.9890657e-06
1.0557153e-05
0.0029170008
4.2617243e-09
1.0010436e-06
0.13360514
0.1360275
4.672721e-09
0.00136791
4.2345563e-09
5.3489924e-08
2.0172372e-07
0.77413017
2.3494725e-07
0.45020634
2.5495009e-08
5.0110168e-05
1.2062564e-05
9.776176e-09
0.02196878
0.009844142
1.4231887e-05
1.5728605e-05
0.00031162493
0.00136791
0.048287377
2.3653633e-06
2.1189392e-07
2.751254e-05
5.297495e-07
3.8241364e-05
0.013013537
0.00024256264
0.73914826
0.00015839741
3.9171948e-05
0.04160928
4.848255e-07
6.434336e-06
0.048287377
6.4659995e-05
6.035349e-08
9.512974e-08
0.009860004
0.4204055
7.282319e-07
0.5519225
8.7957113e-07
7.05628e-07
0.0023216268
0.00030454446
0.0028522073
0.00016316322
2.9569827e-07
1.6984632e-08
2.2216205e-05
0.44203922
1.2647372e-07
0.556926
0.0058241105
9.776176e-09
1.9516301e-07
0.05067987
6.398502e-06
0.0008716879
0.04083559
3.8814719e-07
2.2895629e-05
1.42144845e-05
2.3494725e-07
2.0251491e-06
1.7662118e-05
1.0740843e-07
7.413135e-07
2.1991328e-07
2.3142438e-06
8.852761e-05
1.15155856e-07
8.5898275e-09
0.99984956
6.818556e-07
5.268435e-07
3.038703e-08
4.122515e-06
3.336306e-08
0.00010245879
3.481924e-08
0.00048222992
0.00031162493
0.0008716879
0.00039983966
8.936014e-06
0.012052428
1.2905173e-07
2.0091911e-05
2.0384318e-08
0.00020679737
0.0025587026
0.9964633
2.309739e-09
2.751254e-05
1.0398193e-06
1.1533566e-09
1.927175e-08
2.7690726e-08
0.009794877
2.1953238e-05
8.0351126e-10
1.385502e-06
7.05628e-07
0.01853453
5.603853e-06
0.0016377089
5.5924616e-09
0.0014965921
3.3506535e-06
0.00051230233
0.00042612944
0.0003019975
1.5314125e-06
1.7034228e-09
9.854517e-06
7.283558e-05
1.4379741e-08
1.3662329e-08
3.6421632e-05
1.4173614e-07
0.994593
0.00084699335
1.4313895e-09
1.0557153e-05
3.3061152e-08
0.00020681668
0.00088558963
1.5366294e-06
0.00136791
4.1957132e-06
2.270949e-08
1.2250159e-06
7.885727e-06
0.9945408
