0.9999998
1.0
0.13812996
0.00058651913
0.017037187
3.2007124e-06
0.0017718482
0.22276783
0.99695253
1.7578705e-06
7.8175196e-07
9.270093e-05
0.0010177497
0.96224004
0.00024112426
0.0017469982
0.012118982
0.010450303
0.9998079
0.0002876793
9.140121e-05
0.010397553
0.0036266306
2.8807406e-05
0.00044652494
3.0855852e-05
7.7317854e-05
0.0026361572
0.0031115513
0.9988071
1.9928886e-05
0.018909056
4.4555934e-05
0.006142233
0.10988856
0.9942798
0.014674062
4.4316766e-05
0.016092436
0.00088565296
0.9369869
0.12448239
0.0065619485
0.023246612
0.27136648
0.007888439
0.077156715
0.002314876
2.3806075e-05
2.974495e-06
0.0021105995
4.9011407e-05
0.43530062
0.1826703
0.00014012225
0.9999697
0.010279948
0.69027436
1.6187272e-05
0.006935458
1.6096674e-06
0.20157129
0.021369845
0.0021995918
3.8902763e-06
0.7578129
0.017439103
0.9988071
0.1026144
0.022130556
0.021099688
0.99999124
0.007888439
0.0022917239
9.255808e-06
0.19207342
7.4269306e-06
0.40759525
0.96435404
0.001148803
0.0050275433
2.4674244e-05
0.0001616774
0.0012936741
0.0005129131
5.7124747e-05
1.4108092e-05
3.8161328e-05
3.2007124e-06
0.029455012
1.6461526e-06
2.3498048e-06
0.004416426
0.006108904
0.0011669763
0.99997956
2.7677872e-06
6.165331e-05
0.019625293
0.9999978
3.50806e-06
0.000240018
0.9999793
3.487271e-05
0.00039277162
1.3550303e-06
0.00053226785
0.0021755872
0.9997815
1.6461526e-06
0.5422629
0.001203169
0.0014248779
1.5787078e-05
0.00455588
1.690189e-06
0.16061419
0.007643132
0.0019447209
0.0001357857
0.0016127788
5.8571375e-05
0.00018922224
0.2164751
0.99434835
0.00020500924
0.05967597
0.0009745683
0.96582675
0.0682419
2.6087417e-07
1.9730667e-06
5.465032e-05
0.49938282
0.97403276
0.029642683
9.812625e-07
0.00093885197
0.9921428
2.6763206e-05
9.812625e-07
0.0005672495
0.024643958
0.693247
0.9976059
0.061098047
4.9115275e-05
3.0857018e-06
3.4303543e-05
0.0026359428
0.00037560723
0.95549244
0.00061752606
0.0017377894
0.9949941
0.8960806
0.04352693
3.6643876e-06
5.7930297e-06
0.9983995
0.0007212613
0.9494341
0.0009276925
0.0001455515
0.0012936741
0.0007841599
0.0015545691
0.00022096632
0.012118982
1.16624335e-07
0.9996394
0.9999275
0.0019720665
0.9088354
0.00013962755
0.052561052
7.8175196e-07
0.025030162
0.00052596774
0.98245585
0.00023585612
0.030284848
2.3033188e-06
8.496339e-05
0.38428843
0.00019939424
0.0008103534
0.0005428761
7.0436465e-07
0.008618464
0.998256
3.1497973e-05
0.3938081
0.9000771
2.8769866e-06
0.6597989
0.0031115513
0.12740688
0.9440456
0.0026359428
0.00017141554
0.0018260804
0.07495095
9.338852e-06
0.030652516
3.3975962e-07
0.00066144683
0.013936118
3.0214458e-05
0.85220236
3.977627e-05
0.0050275433
8.867345e-06
0.00019878964
0.99949133
0.9670115
0.9995277
0.8672986
6.1816722e-06
0.00011793607
0.7237885
0.006775785
0.9999996
0.5963446
0.0011957627
0.96224004
0.004424146
0.00012931984
0.00577141
0.9999427
0.99954826
7.9303565e-05
0.99974334
0.055510715
0.008258781
4.9011407e-05
0.82692266
0.0021200408
5.4101863e-05
0.0026480942
1.0386073e-06
0.010717615
0.32862347
5.465032e-05
4.780722e-05
2.6220862e-06
5.319769e-06
0.00037661474
1.1348695e-05
0.006729239
0.014741047
0.039490677
2.5803176e-05
0.00088057393
0.010397553
0.002742826
0.00046443657
9.521877e-05
1.5521575e-05
0.0024890252
6.1700457e-06
0.9877808
7.4789576e-05
0.9999987
0.0030799492
0.0039205514
0.0003496327
0.0008704391
0.0053601097
0.10260922
5.9692076e-05
0.99695253
1.2815732e-06
5.4431148e-05
1.1605538e-05
2.7612634e-05
0.006929392
3.8391644e-07
8.587233e-07
2.6859775e-06
6.30116e-05
2.489372e-05
3.6643876e-06
0.0071556848
1.2962203e-05
0.052561052
9.488169e-05
0.001914151
0.0006851765
5.1318506e-07
0.52562976
1.6362344e-05
0.022130556
0.00058651913
0.040274624
3.9969937e-06
0.9991292
0.59623426
0.0015441991
0.28378975
