1.0
0.022415126
8.927907e-05
0.0007758848
0.16534877
0.027075525
3.196588e-06
0.0017463663
0.00026300552
0.0015944814
0.5289008
0.99816024
0.0017492281
0.0051425816
1.351655e-05
0.59227675
0.00027468687
0.11807009
3.0466896e-07
0.00015151911
0.9999874
7.130379e-06
0.00040940236
0.00026300552
0.9163394
5.1339735e-05
0.00013636128
9.4113406e-05
0.0013475335
0.026956657
0.9993823
1.4170372e-06
1.325164e-07
1.8336509e-07
0.003807121
8.142379e-06
0.15924972
2.3190307e-05
0.00068514684
0.005149041
0.037055455
9.0535686e-08
0.005398112
0.035420604
0.0056070844
0.0021891252
0.9994475
0.00020205564
0.13141368
0.99816024
9.2854314e-08
0.0738541
0.1174905
0.0015283857
0.16774511
0.0035684858
9.959225e-07
0.87957436
0.2001705
2.9200082e-06
9.472963e-05
0.0008387243
0.00021893295
0.0018576283
0.0001358704
8.3755924e-07
0.06864869
0.9915211
0.0005399768
0.004797291
0.15733895
0.92169404
3.0212152e-06
0.0017642177
4.2464157e-07
0.00011097101
0.0006934422
0.99999917
0.023751952
4.2507594e-07
0.003807121
2.0703436e-07
0.06864869
0.9959513
2.5389254e-06
0.0004169567
0.00040940236
0.59227675
0.0056070844
5.149591e-05
0.000682052
0.0128246555
0.64232016
0.0017985796
0.0060914014
0.0024964118
0.99817336
9.4781245e-07
0.0034267236
2.0872833e-06
7.988009e-08
0.0020774326
9.0586616e-07
2.582341e-05
0.011318411
1.4576582e-07
8.135595e-06
2.9395838e-07
0.0005099803
0.9163394
0.018331101
0.00025658507
0.99998975
0.003171142
5.2603442e-05
8.133709e-06
0.0011598688
0.999946
5.533708e-07
9.913631e-08
2.9328018e-07
0.0002927054
0.0019816123
0.00042930298
2.6819305e-07
1.9836149e-05
0.023738068
0.0006174866
0.00015822274
0.0018118083
2.8910637e-07
0.000107676606
0.00072575954
6.366938e-07
0.79337627
0.013456503
2.1509445e-08
1.8796744e-06
0.00016698633
0.0006934422
5.573297e-07
0.009135991
0.0013475335
0.18727538
1.775065e-05
2.1721828e-06
0.92931056
0.008099368
4.7321566e-05
0.0011770693
2.5692827e-05
0.0051360284
0.00069641013
1.557237e-05
0.034916844
0.0015363365
0.00283159
2.0570562e-06
0.0009390076
1.9178192e-06
0.4631207
0.9984782
0.99999917
1.26709e-05
0.9999345
0.0001430367
0.00014799347
0.00024526048
0.0049522254
0.0005455114
0.0021457593
1.3970924e-05
0.0145266615
0.000111623274
0.7467019
0.99915427
0.99998444
5.0448965e-05
0.9985788
3.6199178e-06
0.00012959413
1.9820022e-06
1.4055972e-05
2.6184077e-06
0.024603095
0.0064946045
0.000682052
0.023738068
0.89867157
0.99539596
0.010622515
0.06360622
0.00024333027
4.6759356e-05
0.04645817
1.7449527e-05
0.00039058935
1.38671485e-05
0.99999785
0.0001566298
0.0020956295
0.94813895
3.9778706e-07
0.059667405
0.001995493
0.0018001598
0.012307885
0.9729331
0.011176007
4.7634334e-05
0.00056298194
1.6935564e-06
0.00041790615
0.957466
0.002528546
8.352086e-07
0.14921066
0.9999689
9.594895e-05
0.007005629
1.4959032e-06
0.034916844
0.0006149764
0.011579579
0.061310854
0.0005149264
0.9997477
0.0024528005
4.0836396e-05
0.014949768
0.00090890704
1.1220461e-05
0.0030614138
1.2307714e-06
0.0017492281
5.091987e-07
1.339176e-06
2.5491903e-07
0.010403566
1.8731964e-06
3.9048878e-06
1.1663205e-06
0.005398112
0.0033217173
1.9456845e-06
1.4139354e-05
0.92931056
0.011543428
1.149664e-06
9.2854314e-08
0.0001199698
0.017097022
0.066974334
0.016912932
0.0026956904
1.4486548e-06
0.0006174866
1.1797701e-07
3.9693773e-06
0.00072575954
0.00040339943
3.2275005e-07
5.558712e-05
2.5363045e-06
4.483157e-05
0.9532009
6.770858e-07
0.00059878407
8.343698e-05
0.0011770693
5.7365196e-06
0.0001060525
0.9989828
1.818835e-07
0.0009252888
0.00015364208
5.22927e-08
0.13134123
0.9881092
0.8618688
0.0010453316
1.8769817e-05
2.6882249e-06
0.99966156
7.988009e-08
0.89867157
0.021145297
2.9968467e-06
0.999647
0.00015953286
0.00037911866
0.99754095
0.14991425
0.0050195376
0.0001842088
0.0017790333
0.9998065
1.7897877e-06
0.7467475
0.001714524
