1.0
1.0
0.9999834
0.544048
0.00023793455
0.00010801247
0.00020242126
0.37673923
9.875884e-06
0.9920024
0.010888952
0.00079321343
0.014949052
0.99877846
0.9976362
5.4617653e-06
0.8405067
0.0007114273
0.00015341252
0.78505623
4.6815443e-05
0.0053186696
0.9822534
0.00045300066
0.031375438
0.99999654
0.9950641
0.994865
0.06779072
0.006781409
0.17410964
0.0016439336
0.00042050183
4.875855e-05
0.0051740347
0.0021752643
0.9980043
0.24872032
2.0649289e-07
0.10887618
0.0025282057
0.98428947
0.0009915924
7.3024635e-06
3.520507e-06
5.643781e-07
5.9954397e-07
0.16063353
0.00015901618
0.9408516
0.99962634
0.9999832
0.21553162
0.00015698804
0.046599
0.5235893
0.8140744
0.99450725
0.7071024
0.94379544
0.00025811564
0.000745567
2.4906922e-05
0.0049783117
0.50512373
0.50512373
0.0058596027
0.8140744
0.0021402899
0.7135166
0.0006962499
5.070586e-06
0.00011304913
1.0
0.020823937
5.243716e-05
0.010314096
0.19827026
0.544048
2.1097896e-06
0.087292776
4.1284027e-05
0.00021258046
0.06750545
1.0937672e-06
9.3127455e-05
0.99998343
0.0015582594
0.91871214
0.004831106
0.00012176101
0.010314096
0.00042343425
0.8700095
0.022427762
0.00031123718
0.004203379
0.0068276594
0.0023548454
0.5595316
0.9961427
2.6434518e-05
7.5929092e-06
0.0063563054
0.544048
0.9875949
0.008041061
0.0019240535
0.99999696
0.9510565
0.0049509685
8.305824e-05
0.50383526
0.15267867
0.37673923
5.9396636e-05
0.0409109
0.74238193
0.8665801
1.6225138e-05
0.49016872
7.994211e-06
0.002489821
0.99979943
1.9141911e-05
1.3613006e-06
1.1728495e-05
0.0020745962
0.1215843
0.0008470183
0.9888786
0.0001271594
0.013344646
0.90113854
0.3631855
0.024867715
9.512191e-07
1.6903447e-05
0.00015548994
0.0038073326
4.8183947e-06
0.28312263
0.00263806
1.623203e-08
0.0008807061
0.92411554
4.482476e-06
4.039649e-06
0.008815933
0.0026450972
0.9924991
2.396132e-05
0.021522727
0.0020365897
3.381995e-05
0.0032022216
0.010360737
3.381995e-05
1.6426711e-06
0.0013927062
4.7695838e-05
0.006187727
1.4981875e-06
0.0013349138
0.0076634013
0.9999998
5.0017403e-05
4.1284027e-05
0.1609295
4.108951e-07
2.123746e-05
0.00017722034
0.081128225
0.03849811
0.01785337
8.656937e-05
0.0031316055
0.001746559
0.9970614
0.00022262873
0.00019097207
0.00037153947
0.080311015
2.0540436e-05
4.2120093e-05
3.8048581e-06
0.00034530918
0.9995146
0.0057144836
0.00010584903
0.9991379
4.2120093e-05
0.20798147
0.029520944
0.80396897
0.00020242126
8.305824e-05
0.0016283721
0.005946081
1.3739414e-06
0.0045964327
0.05985932
0.00035178853
0.05201191
0.0026631851
0.9213173
0.010672682
0.00015643203
8.715183e-05
3.0189572e-06
0.6082632
0.015631098
0.9999953
2.7582328e-06
0.03932435
1.6097432e-05
2.743319e-06
0.0010247563
0.000672168
0.99985486
0.90725535
8.011481e-06
0.16355996
0.4152086
0.4598936
3.5685305e-06
4.496112e-05
2.9836812e-05
0.0019578955
0.00456795
0.0026474923
5.643781e-07
0.0028847163
0.010797083
0.06961319
0.0023101114
0.0008092356
0.16046709
0.080311015
0.001235921
0.000121046745
0.00023964596
0.9999447
3.7962673e-05
0.01534772
0.07445165
0.0012436577
4.4342134e-05
0.49016872
0.8700095
0.0004304637
2.4906922e-05
0.96095264
0.50512373
7.782286e-05
0.012543733
1.6097432e-05
1.4194819e-08
4.7695838e-05
0.00025590538
0.00046917368
0.09434207
0.002255071
0.24324249
2.8088086e-06
0.0008207013
0.00014897763
0.00017620818
8.390238e-07
0.017311886
1.8528763e-05
0.28312263
0.07383495
0.00010067684
0.7189355
0.00018126628
3.7171267e-06
0.00023964596
0.97371453
0.012442339
0.8954671
0.043904807
4.2908555e-06
0.00010684405
0.859396
0.01707564
0.0029824872
3.2812493e-06
2.6434518e-05
9.86471e-06
0.002489821
0.1993523
0.00023964596
0.9998235
0.00040832
0.09876177
3.9948944e-08
0.0013780206
0.7251663
0.26705167
