0.9998203
0.00501456
0.07641031
0.04829244
0.0037926175
0.009382812
0.0041540004
0.5558842
0.99929523
0.00054669165
0.0042908024
4.7350055e-05
0.0032513153
0.39006063
3.69355e-06
0.9511266
0.50021327
0.08386393
0.0013687257
0.99558514
0.0028764135
0.07572114
3.2471093e-05
0.104755215
0.00074237096
0.00211994
0.33119777
1.3458078e-05
5.2012574e-06
0.00014896484
0.00021557377
1.3215663e-05
0.4251335
0.06917102
0.0040367544
0.00021759006
0.002307054
0.55161804
7.820681e-07
0.8500954
0.00017497092
0.9784285
0.0001302567
0.0038223187
0.000119925644
0.99999994
0.000328708
0.32524475
0.0032563459
0.00041592415
0.75669366
0.00016691406
0.33971807
0.06379082
6.1846913e-06
7.35193e-05
1.0334732e-05
1.0076016e-05
0.29668015
0.04744281
0.08886739
0.0008009017
0.016182037
2.2092188e-05
0.00013071582
0.00012012342
0.9788471
0.00023338295
0.00580289
8.818844e-06
0.02169991
0.014070749
0.022161277
5.923582e-05
0.27285376
9.289553e-06
0.0148237
0.0035858592
0.9999999
0.000119157696
0.0132897785
0.00022388507
0.0027985014
6.67373e-06
0.11822136
2.5035995e-06
0.9998814
0.0051858495
0.002432575
1.9965871e-06
4.614341e-06
0.0019279766
6.4094957e-06
0.038939346
0.23146941
0.015423872
0.5934695
0.014155388
1.4225293e-05
0.9985057
0.9997546
0.0003544112
1.1387054e-06
0.001490637
0.124830596
2.2362852e-05
0.004671821
9.0413065e-05
0.0077656046
0.006982487
0.023182549
0.07226842
1.1637717e-06
0.0044900235
0.0002067453
0.10136184
0.99680483
0.002370915
1.3215663e-05
0.00031900126
2.9898183e-06
0.020947443
8.587818e-06
0.02090684
5.2581476e-05
0.0030021984
7.106344e-05
4.278683e-05
6.37829e-05
9.160094e-05
0.9997751
0.0030021984
0.26471964
0.52132756
0.13473888
0.99999934
2.7692853e-05
2.1452088e-05
0.0002937966
0.54049766
0.06767164
1.2646925e-05
0.010317654
0.28300926
0.9999883
6.101561e-07
1.8329634e-06
0.9999423
1.3248889e-05
0.972544
7.711882e-05
1.0915844e-05
7.3264204e-07
0.00018065305
4.547727e-06
0.026205996
0.0077656046
1.8018341e-06
0.00097188493
0.033409566
0.001663438
0.0034213704
0.050234947
7.8949745e-07
2.4649502e-05
0.9915621
0.0035270413
0.0026172926
0.007218869
0.0031499087
0.0027149776
0.0016343973
0.14759079
0.020811826
0.98551124
0.9980698
0.029980015
0.010552999
0.004463165
0.0046933377
0.00066046795
0.53551334
0.038939346
0.0034213704
6.8080763e-06
0.98983526
0.9996795
0.00066046795
0.0008424392
0.0028764135
0.0028447553
0.0012534538
6.8071995e-06
6.8080763e-06
1.5766645e-05
0.0001595321
1.8018341e-06
5.450152e-06
0.07641031
0.3140038
0.0055829743
0.0002910866
2.7001623e-05
0.011425366
0.0014017446
8.667601e-05
6.095698e-05
0.004994127
0.5227078
2.8924033e-08
5.735545e-07
0.00013830683
0.01989865
5.735545e-07
0.9462435
0.999836
0.00010915609
0.00017479916
1.5750356e-05
1.9556093e-05
0.003225641
1.2646925e-05
1.9475503e-06
0.0002183276
0.015039797
0.012873397
0.19141895
0.0015116725
2.6261598e-05
0.87622535
0.0127628045
0.947397
0.99811596
0.0002654491
0.0008516962
0.0012568681
0.00019138058
0.810714
1.3489199e-05
0.00024967207
0.001156098
0.00030828928
0.0034006322
0.0032342398
0.7066314
0.9980974
0.0003781603
0.0006021796
0.00023499552
0.99999994
1.8761584e-05
0.96373314
0.9775397
0.99243766
6.8080763e-06
0.99988055
0.0023497024
1.3810846e-05
0.00014809101
0.84799373
5.439332e-05
0.00035428992
0.013772619
0.08264079
0.118440874
0.0005689931
0.7031818
0.08674015
0.47094566
0.39642608
0.99994546
0.85690117
0.26560998
3.2473991e-07
0.9999945
0.00010095227
1.7038847e-05
0.008284183
0.5081635
0.009359784
0.00027205498
0.9996795
0.00035428992
5.3911615e-05
0.00034727843
1.3052484e-05
0.023429992
0.00018065305
8.42472e-06
0.99089134
0.0021050852
0.00015214164
0.023757834
0.9702599
1.1632519e-05
0.0003983008
0.00022654385
0.9679629
0.9996032
0.13125761
