1.0
1.0
1.0
1.0
0.0002040204
0.0018186503
1.1356794e-05
0.007551021
0.0008069917
0.9708584
0.009624067
1.4878789e-06
5.4794236e-07
4.3333665e-05
2.0597101e-06
0.0025988382
1.7123236e-06
0.021483453
3.5522055e-05
7.47148e-06
0.12380602
3.0242055e-07
4.7886095e-07
2.994653e-05
0.016092505
0.0031555044
0.9351762
0.103954
0.00011999348
2.6437821e-05
0.1796417
0.00072327047
0.006325528
0.0041865436
0.099288486
4.0167038e-06
2.2995804e-05
0.0002585886
0.74163145
0.042123616
0.5276761
0.015416705
0.019270102
0.982714
0.0054849107
1.1715461e-07
0.69173324
2.175176e-05
3.5205342e-06
0.6587491
0.00012262931
0.99872774
1.5212672e-05
0.006251086
1.1272198e-05
0.042125866
2.3193537e-05
2.7955755e-05
6.6419766e-06
0.068329506
0.0032077164
0.79313886
4.0315985e-07
0.000491322
0.5722816
0.0014733261
9.351135e-05
0.0009194144
0.0025237352
0.0030625928
2.1899737e-08
0.2069675
0.0071284114
7.652763e-05
1.7136754e-05
3.006635e-07
0.0020131674
0.3766769
0.0017061797
4.5907276e-05
0.07308092
0.0010878465
0.2772757
0.000797786
2.1710552e-07
2.078969e-05
2.0131594e-05
0.0004409697
0.0018236509
1.648363e-05
0.792912
0.0010740866
0.0013531361
0.7951493
0.0016198779
0.0002362367
5.404014e-05
2.3826077e-07
0.02813169
8.949455e-06
1.348453e-07
1.4307823e-05
0.0014641657
0.0010132215
0.0002775217
0.0055839163
7.062136e-06
0.079153374
0.08648185
4.1652175e-09
2.1857395e-05
0.0042115683
0.99868554
0.13112937
0.0005056917
0.006412985
0.999912
0.21661673
0.0021888658
0.0007783152
0.00059446634
5.4343494e-05
9.482998e-07
0.36232445
1.9847595e-05
0.0044333613
4.6903956e-06
0.0011551743
3.9439385e-07
2.7328422e-05
0.0005845084
0.0043703443
0.02813169
0.08041364
5.001639e-06
0.006199177
0.00019732966
0.8174698
0.99957985
1.5372539e-06
5.509869e-07
0.10385251
6.622685e-05
4.3059876e-07
0.00015848578
0.08041364
4.2775723e-06
0.66771275
0.0011202082
1.174198e-05
0.00044776616
7.0172496e-06
0.99957985
6.5746855e-05
1.0933326e-05
0.88690156
0.0043703443
0.12529153
0.13391453
6.359328e-05
0.0007198145
3.2094678e-07
9.3732215e-06
0.053280275
0.030220162
1.5111571e-05
0.011199328
0.0017571268
0.9239561
0.0007819892
0.0002332686
0.0005314423
1.3467399e-05
3.7815078e-06
0.021970898
0.01543184
1.0620043e-05
5.88319e-06
3.2094678e-07
1.0024212e-06
0.9680881
9.382746e-05
8.2659774e-08
0.08570879
3.1088268e-06
4.6070465e-05
2.8918853e-07
2.994653e-05
6.878067e-06
0.0053002504
0.9748908
0.0014458507
6.8949913e-07
0.00056455954
0.9999558
0.0015112933
0.9989777
0.0022609322
0.00072327047
0.0012939749
0.6626071
1.553416e-05
0.00095412653
0.8734734
0.44144997
0.020892719
0.07308092
0.98543686
6.643394e-07
7.479272e-05
0.9989068
3.7739528e-07
5.2008672e-05
0.017737893
7.0680727e-07
0.8507885
6.0847788e-06
7.817266e-07
0.0396268
0.0054062232
0.07948492
0.0066219573
0.00031181867
0.0030487059
9.611458e-07
0.00033335027
0.9630874
0.0021891221
0.0017061797
0.0002585886
8.4512544e-07
0.005142774
6.176176e-08
0.00017963498
0.0027642604
0.98697555
0.0006690721
1.9769882e-06
0.0005419434
0.81201535
0.05871262
0.010088629
3.576898e-07
1.2611612e-05
1.8935268e-07
2.9440102e-06
0.9999972
0.10252576
0.06989583
0.0022244556
3.9738243e-06
0.9700405
4.345539e-06
3.596387e-05
0.9995715
1.0513587e-07
0.01588336
0.0049566166
0.9990454
0.0023712767
0.91852736
0.00027658688
0.009045643
0.5571147
0.006469298
4.4249537e-05
0.16547675
0.00039207656
0.9999942
3.4104137e-06
0.9818465
0.017737893
1.5212672e-05
0.16118835
0.98490196
0.003443056
9.155989e-06
2.5224056e-06
4.537779e-07
0.015634267
0.999811
0.0015114984
0.0208004
5.8844585e-06
0.0009291087
0.99950063
0.030220162
0.19990636
1.259079e-06
0.78317624
0.0396268
0.0014659544
0.24385093
0.0011244805
2.2902792e-05
0.017661314
0.1796417
0.06567637
0.0013371698
1.2035354e-05
