0.041278005
0.02662659
0.0025219976
0.9136994
5.442987e-07
0.0291762
1.832069e-05
5.2599935e-06
2.5661828e-05
0.9890723
4.1482213e-08
5.5036395e-05
0.00044894492
0.0001326385
0.00018420545
8.651109e-07
3.9696274e-06
0.00022690378
1.3683187e-06
2.5963052e-09
1.0527394e-05
3.8993622e-07
0.24732877
8.457691e-08
0.00031651658
4.5886942e-08
2.5904853e-06
0.0076918537
0.18576793
0.13914114
0.9999743
0.37810156
0.9903713
1.3334184e-06
7.021079e-06
1.584802e-05
0.86030537
0.03710955
6.815672e-05
1.1051332e-05
4.4768953e-07
0.9875797
6.032806e-07
2.1911801e-09
8.163824e-06
0.00031172714
0.753415
8.008235e-06
3.5346206e-05
0.00011320145
1.4997063e-05
1.0682589e-06
4.8209506e-07
2.1535081e-05
1.19101e-05
0.0017451462
2.7512894e-07
4.073045e-05
9.372257e-05
1.1527739e-05
0.99643546
0.00030820817
3.9721616e-07
0.0006691078
0.99088013
2.0732472e-05
0.0007949224
1.5530127e-08
5.4300255e-08
3.9706647e-06
0.8664968
0.937191
0.019194081
3.276791e-08
0.753415
3.0409065e-08
9.021946e-05
0.0020513702
0.0004731741
2.209989e-08
3.9152765e-06
0.0024062903
3.269553e-05
0.0022279953
0.0010019877
2.5047004e-06
0.003993736
7.091694e-05
1.745129e-06
2.8549707e-06
1.9805444e-09
2.5084077e-05
4.014209e-05
6.9350467e-06
8.491876e-07
0.00081649685
0.9890723
0.00012959166
0.0008090344
2.7282749e-08
0.002685157
8.133261e-07
0.0018015775
3.269553e-05
9.6407375e-06
1.3886106e-06
0.26923093
0.9999083
0.9985905
3.536127e-06
7.8518795e-05
5.1337825e-06
1.9913043e-05
0.753415
4.073045e-05
3.2401482e-07
0.99801123
0.007612754
0.00024204353
0.00032699082
4.1402245e-06
9.204588e-07
0.8664968
0.0004031292
1.4716231e-07
0.02570706
0.99999994
8.36903e-05
0.94885063
9.67197e-07
0.00015058549
1.7515616e-06
0.0018649998
3.9706647e-06
1.2706938e-07
0.0016326257
0.033146255
0.9996802
5.2655236e-05
4.6812896e-05
6.2207647e-07
0.131292
8.163824e-06
3.5437697e-07
0.0049825865
0.0031968928
3.1560005e-05
8.532795e-06
7.021079e-06
5.0611664e-08
2.627305e-07
4.8250627e-06
3.8159982e-05
5.6475783e-06
1.5207014e-05
0.27757278
0.99977183
9.963892e-06
0.0002074724
8.445175e-05
4.8209506e-07
5.8834203e-06
6.3048687e-06
1.078791e-05
0.032115005
0.00044894492
5.6665576e-06
0.00031651658
2.0844885e-08
0.0026073114
6.035231e-05
0.8913505
0.9131023
0.119786955
0.18425986
5.5504424e-06
0.0028522913
0.9999887
3.2391888e-06
2.6672042e-05
0.9903713
0.00023846826
0.00015849272
7.091694e-05
0.0047757253
0.0009187108
0.004680618
0.0009524068
0.0007226153
0.00057440606
7.0260617e-06
2.6249683e-07
7.658507e-06
2.7169497e-06
4.342451e-05
5.1858154e-07
6.892362e-07
4.369853e-07
1.3241778e-06
0.0047507407
0.99643546
0.00092126505
1.572336e-07
0.9014506
2.2985218e-06
1.08195934e-07
1.0116904e-09
9.157194e-06
5.0963104e-07
5.2199226e-05
0.099116124
2.7129104e-07
0.99998844
5.360751e-06
4.1402245e-06
1.3905467e-06
3.381798e-07
0.999111
1.7044047e-05
1.5382201e-07
0.6621848
0.0013519775
0.0075504454
0.995589
6.9088137e-06
2.6700511e-06
0.00015058534
0.990036
5.930447e-08
0.05010858
1.5198026e-05
0.839087
0.0023413652
1.5917118e-05
1.0522375e-05
2.7503464e-05
1.8651076e-07
0.0007898664
9.0984616e-07
1.3905467e-06
0.9564383
0.99827963
0.015749648
4.3224424e-09
0.119786955
0.0008032351
0.00012414472
0.00017293873
1.2787948e-08
0.89668536
0.007673997
1.248929e-05
4.0372244e-05
0.07207976
6.503138e-06
1.172849e-06
6.97137e-05
9.038347e-06
0.753415
0.753415
1.0720781e-08
6.032806e-07
3.8396624e-06
6.454282e-05
0.00040132628
0.99996763
6.0712915e-07
0.00031744764
1.4216339e-07
1.7738756e-06
0.0002976175
3.7793474e-05
1.15564454e-07
0.21482065
0.099116124
2.8610464e-07
4.4959966e-06
0.95197964
2.1783174e-08
3.028092e-06
0.9999546
3.9564344e-05
0.00036591358
0.00057728315
7.662544e-07
5.312073e-06
1.4343883e-08
0.001916263
0.06974287
4.3014086e-05
0.0129614035
0.0005496431
4.014209e-05
9.038347e-06
0.00015121601
6.296681e-08
0.0675433
0.00016654556
0.0003649688
2.734793e-06
