0.9866102
5.6006087e-08
0.007375461
1.3479772e-07
1.7702536e-08
8.6680245e-08
2.8181191e-06
0.000114703675
0.00024417738
0.15372904
1.4632989e-05
9.618254e-05
8.37374e-05
4.78243e-07
0.001304401
0.97390544
1.8341593e-08
0.00016252628
0.0020793986
5.2016116e-05
0.0005032341
5.816912e-06
4.1783967e-08
1.4760354e-06
7.3253585e-07
1.0059425e-06
0.014376422
1.7906635e-06
0.0050689485
0.00024982254
0.027555112
2.9581202e-05
1.7022623e-05
0.00022189762
2.3946883e-05
0.00014405011
0.00010992666
0.04049182
4.5504675e-07
5.4483984e-08
0.0038831814
0.00052292144
1.5816197e-07
1.3804104e-05
1.7010321e-05
1.8131857e-05
0.00011603126
5.1813087e-05
0.0013386186
2.2887682e-06
2.0865087e-05
0.0005781052
6.3673084e-05
2.2377037e-08
1.6682244e-06
2.1644116e-06
8.423127e-08
7.525711e-07
0.0026930303
0.7424444
8.7629605e-06
0.13283731
4.9402765e-08
5.460599e-06
3.1268053e-07
2.1005587e-06
2.2698907e-07
1.4997283e-07
0.0006852477
4.048667e-07
0.0054733325
0.104910105
2.6045184e-06
1.991696e-06
0.9784587
7.9408323e-07
4.661875e-05
5.1960837e-05
2.6676534e-07
2.5803172e-06
0.99994147
9.772747e-07
0.00074784126
0.00024921302
0.0011350623
0.2132534
0.00017116859
1.0
4.608122e-07
0.0005267258
7.816804e-07
2.4432087e-05
3.2396183e-06
0.86629355
4.645966e-06
0.020599846
7.069318e-09
0.0001442347
0.16920584
1.8777769e-08
1.1434543e-06
4.6585905e-05
6.904269e-06
0.00024921302
0.0034312797
0.00031614292
4.4008693e-06
7.080815e-05
3.1320607e-07
8.241466e-08
0.001031854
1.0929521e-05
1.1487243e-09
8.711054e-05
0.9868321
8.5638186e-07
0.0003021634
0.9990234
4.8563757e-06
4.2902007e-05
0.00018319357
0.0006701435
2.478154e-05
2.1950311e-06
3.263917e-07
0.9971195
0.36881083
0.9998956
0.000102321515
0.9826715
0.9990234
3.1518168e-05
0.0005408731
7.646387e-05
8.692047e-08
1.6158938e-05
2.328892e-06
4.78243e-07
7.9742595e-09
0.00023062147
0.85896605
0.0020092165
0.12591895
0.010231035
0.00023565517
0.11182116
0.00023982723
1.1553628e-06
1.5304373e-05
2.5254383e-06
5.021866e-06
0.00065068813
0.00013877037
0.00018319357
0.00013014744
2.0893043e-05
0.14238502
1.5782628e-06
0.24182932
4.1600508e-08
2.0748848e-05
0.9163825
0.0014958056
0.94398165
0.43214062
2.6997452e-06
0.00046688013
3.4811237e-10
0.068610035
0.00010535118
0.1472458
0.99999994
0.9365345
1.5209461e-07
7.080815e-05
1.0814289e-05
6.708563e-08
2.5052017e-07
2.3805983e-06
1.1421498e-06
1.0805586e-06
8.585242e-09
0.00012229114
2.2377037e-08
0.999975
0.04057764
0.0004765579
8.646093e-09
9.682833e-07
1.0471359e-07
6.863244e-05
3.263917e-07
0.00024770453
3.189476e-05
0.043455698
0.12591895
8.5638186e-07
0.00016454827
1.3846276e-06
4.376016e-08
0.0032022505
1.2748157e-05
0.41741621
0.11199873
0.00088036753
1.7500268e-08
7.584549e-08
0.025943989
1.2296219e-08
1.8394658e-05
2.9022462e-07
2.9435637e-10
1.3420276e-08
0.99972147
2.1098795e-05
2.2698907e-07
0.00044740541
0.078185834
5.560594e-05
7.1677015e-08
6.586368e-06
5.4097843e-08
0.00036122414
5.346779e-07
4.149978e-08
7.676404e-07
0.97748137
0.8608316
8.444627e-05
4.055394e-06
4.2184693e-05
0.014376422
0.02387032
8.3322975e-06
0.2068761
8.241466e-08
9.553479e-06
0.86629355
0.2718559
3.263917e-07
6.3496867e-07
0.10630822
0.0003483737
1.428139e-06
5.287126e-09
5.1390936e-07
0.00041308234
0.0010248563
0.0013003473
2.7657738e-06
0.22397754
0.19542196
1.7351852e-06
1.8777769e-08
2.3509174e-05
0.4068562
6.4601814e-08
0.00022505062
8.646093e-09
6.6970706e-06
4.4888166e-05
0.00039959917
0.0005408731
3.0933697e-07
8.7629605e-06
3.0827206e-07
8.9227274e-09
0.002376554
5.7046083e-05
0.00018006148
8.7629605e-06
0.0386727
7.1677015e-08
3.6435006e-06
0.00036621754
4.348362e-06
0.00013656974
7.768132e-05
6.388524e-08
1.1829094e-06
0.11100787
3.3299446e-05
0.0008335408
0.8016872
0.2068761
1.3315998e-05
1.1429584e-06
5.5959813e-06
0.0005393796
0.31475362
0.001984281
0.13283731
0.9852966
9.3950246e-07
0.00052292144
5.1332936e-05
8.3322975e-06
1.359182e-07
1.2748157e-05
0.042534795
