0.99999976
0.9999969
0.93229365
6.805648e-08
0.0069974074
6.217734e-08
4.8005254e-06
0.00054669636
0.0006692066
0.00016318065
8.147878e-06
0.9838496
1.7160446e-07
9.275108e-07
8.990292e-06
0.06667626
5.753955e-05
6.340363e-05
0.003435117
0.009908739
0.9838496
6.9114826e-06
6.1997434e-09
1.077174e-07
9.016277e-08
0.00030829132
0.15511921
4.0866522e-07
3.2595417e-06
0.14932178
0.7238112
1.6892625e-07
7.809734e-06
0.005741513
0.0001089531
0.00022189465
1.8227088e-07
2.475839e-05
1.1274651e-06
1.3067304e-05
2.0090014e-05
1.69019e-05
3.1554227e-05
3.1032314e-06
0.0004412489
2.1206383e-06
0.6611874
1.4209888e-06
1.9918542e-07
0.9999804
0.00031337317
0.9962734
0.0002488384
2.4217944e-10
1.8877958e-05
0.00075421087
4.993105e-05
0.00097249344
0.0008819897
6.813142e-08
6.617608e-08
0.3519756
2.7659084e-06
1.0637193e-07
4.847246e-08
3.3802244e-05
2.4547506e-05
3.3816782e-08
4.0888066e-05
5.3417637e-07
1.4979125e-10
3.4314206e-05
0.0005009123
3.1498539e-07
0.0005235164
4.384492e-10
0.0002013936
0.8339191
2.832823e-05
0.9998932
2.1664748e-06
0.0005009123
0.5784294
6.340363e-05
0.0014793567
0.00014804753
8.2697596e-07
2.2750713e-05
5.304692e-06
0.99071735
0.00057589693
8.113156e-05
0.00040883996
1.5913362e-06
0.00023146386
2.3444224e-08
0.9866221
1.0095311e-05
3.5223643e-06
3.729821e-08
3.6966196e-06
0.03894437
0.015229273
1.1390291e-06
7.9089176e-08
0.4020621
6.8741888e-09
0.00013738018
2.2088985e-05
0.00092863437
3.4169105e-07
0.9999765
2.4262337e-07
1.0513177e-05
0.00010638229
1.3442688e-06
0.00013289561
7.333152e-05
0.00020280221
0.55825776
0.0063123247
0.00052351615
0.0006853457
6.493323e-05
4.0426406e-07
3.7203836e-09
1.2512123e-06
0.7801891
1.6136031e-08
4.0839746e-05
1.7160446e-07
5.6177774e-09
0.00022189465
2.5041988e-06
8.607298e-08
0.07012459
3.1718375e-07
0.001041075
9.4891635e-05
0.10053882
9.12311e-06
0.00024953712
5.9703566e-06
0.00012809157
0.00058611226
0.0018708078
3.6966196e-06
3.0991327e-08
2.7006748e-05
1.4365164e-05
0.000599395
0.16502973
7.8035924e-08
3.729821e-08
2.1267962e-05
1.18811495e-05
8.411493e-07
1.6077415e-08
0.00014274077
3.318118e-08
1.2585823e-08
7.953711e-08
0.966482
8.361719e-09
5.7000857e-06
4.958418e-09
5.7224923e-07
2.1950616e-07
1.3717288e-06
1.3454509e-07
6.501493e-07
1.6136031e-08
7.791661e-09
7.081112e-05
0.018142426
7.7689605e-05
0.9936069
0.0003504548
0.710896
0.0006120198
7.3387426e-08
1.8732e-06
4.2254465e-05
5.8485014e-08
3.7553765e-08
2.769865e-08
0.0007623103
1.9419604e-06
1.1135883e-05
8.640995e-05
0.017521217
0.001945303
4.436577e-08
0.04801193
3.729821e-08
1.0222935e-06
1.0363385e-06
0.9965302
7.848635e-10
0.0002013936
1.207906e-05
1.6080017e-05
0.001160581
2.8957816e-06
0.9986571
0.00023216428
0.0002488384
8.080008e-09
4.6194383e-08
1.9908864e-05
5.738902e-05
4.711173e-10
1.8747589e-07
1.0068595e-07
0.9996147
1.077174e-07
1.829132e-08
0.0050827805
1.7421245e-07
1.1174395e-08
2.772035e-07
0.000143097
0.08682401
7.794317e-06
0.8037229
3.6226772e-06
6.1043597e-06
0.000667132
3.423852e-07
3.423852e-07
3.7553765e-08
0.024958536
3.6033594e-05
0.5943091
6.908151e-05
9.4655e-08
2.9248615e-09
1.2629598e-06
0.00014090673
4.2195626e-07
9.6115255e-06
1.3562388e-05
6.7821293e-06
2.7204237e-07
4.414863e-05
2.2866323e-05
8.8556146e-05
0.0018064384
2.136923e-05
6.391071e-07
0.1009111
2.3993506e-08
9.62876e-09
0.00057589693
0.99998045
0.0018214328
3.3077305e-07
7.7487624e-05
5.8769943e-05
3.24139e-08
0.99985075
0.00012279244
0.020517264
9.140529e-07
0.98846287
8.081243e-07
1.3179311e-09
7.2603584e-08
7.1106183e-06
1.1389471e-07
7.9089176e-08
0.014841309
0.00092863437
0.0002661171
1.3063515e-06
3.9074243e-06
1.14902114e-07
0.0102150645
2.23748e-05
0.00017778936
9.960575e-07
4.3285337e-07
0.017521217
1.7450225e-06
0.99773324
2.886666e-08
2.1430025e-05
1.9580469e-07
3.9754126e-05
1.1397701e-06
0.98171484
0.024716659
0.00026053298
4.3823544e-05
0.00047178043
0.0001339263
0.0003731896
0.9969973
1.661288e-06
3.102383e-05
