0.99999857
0.9999415
0.00014174602
0.96864796
4.480348e-06
0.0011223182
1.5370662e-06
1.46027805e-05
1.05562656e-07
0.00852431
0.0011221874
3.9449882e-05
8.659431e-05
0.9999997
0.00014590277
0.5481255
2.421211e-05
0.6575841
0.8189779
1.0
0.65859205
2.2223026e-05
7.1331284e-05
2.1373082e-05
0.83568496
2.8618045e-08
2.0196032e-05
0.0016829561
5.2198136e-08
0.00018770486
3.9212972e-07
4.775272e-09
0.0016866648
0.9384692
1.3104551e-07
1.8547379e-06
1.188065e-05
1.0
7.188153e-06
4.642014e-05
7.811492e-06
3.5270502e-06
0.0018363686
4.3694945e-07
0.00045260246
1.4679496e-06
3.4817695e-06
0.00020457264
0.8591847
0.0012215653
0.00016459708
1.0056423e-06
4.712976e-05
8.1104423e-07
0.0006261563
6.315999e-08
0.45786574
4.368628e-07
0.7863494
0.31242198
0.999137
0.00018750523
0.21002294
9.146399e-05
0.0006800775
1.4338475e-05
0.0001797143
0.00091310166
0.04008058
0.00046955264
0.9998397
1.0189725e-06
0.00017835546
0.1753008
0.0013896212
8.6342453e-07
0.00039661964
1.6910049e-06
0.0002932912
0.912004
1.5224135e-06
7.6665e-06
4.775272e-09
8.574348e-06
8.709257e-06
0.6795392
0.008349372
1.152232e-05
4.2964526e-05
6.889507e-05
6.7780556e-06
0.012872155
0.42364833
0.13418427
0.7211278
0.5481255
9.7435195e-06
0.086139895
6.889507e-05
0.00063447276
8.064677e-05
0.9946496
0.07203898
1.0
1.752681e-05
3.1903326e-06
1.7786455e-05
0.0008977836
0.043542117
9.197348e-06
9.0918584e-05
1.3751212e-06
0.00036918765
0.008665301
0.5212796
9.964352e-05
0.9958724
0.99982256
0.91230947
2.7299827e-06
5.569669e-06
0.00028344337
2.1003396e-05
0.0001693237
3.152767e-05
0.0640197
4.169785e-06
4.8220496e-05
0.7646769
1.6213008e-06
0.011074991
1.5433086e-05
1.9309782e-07
4.0551087e-05
0.9564969
0.0021636137
8.8433786e-05
3.5391195e-06
4.922753e-08
0.000443793
0.00061473
0.71227825
0.999036
0.0010902436
0.004240941
0.000106752595
6.638454e-05
0.00036614283
0.9982102
1.5433086e-05
1.9262534e-05
1.077752e-06
0.00040460296
0.000106752595
3.6451485e-05
0.00038292422
0.0064914674
0.00025026547
0.0034757752
5.532823e-06
6.388987e-08
2.2676687e-07
3.818184e-06
0.91582096
4.8056794e-05
5.8230896e-08
2.0553647e-07
0.00030093064
1.374444e-05
0.31242198
0.0022435384
0.9999252
0.9922184
0.00084997504
9.559667e-06
1.1691933e-05
0.00048817205
0.004440124
1.01643785e-07
0.0009235668
0.999887
0.0036889217
0.99927026
0.00017475965
3.7316073e-07
0.00017835546
0.05437129
0.00072429475
0.0001718507
1.5013941e-07
0.00019043566
8.94327e-05
0.0018138282
0.006842536
0.0124688335
0.00014453138
5.2059235e-08
0.059014022
8.260291e-06
0.99839944
1.1934203e-05
0.00014174602
0.0026937579
2.479679e-05
0.0032979457
0.0016829561
3.006304e-06
0.0002006572
3.6519046e-07
2.2833005e-05
0.21831633
8.6921555e-06
0.002972926
5.551226e-06
6.0622356e-06
2.4443145e-06
0.0007569773
0.0006495506
1.2321747e-05
1.36388735e-05
1.00977125e-07
3.296744e-06
1.8271433e-07
0.00016979418
0.007464214
9.310833e-07
0.00025729698
0.00025084693
1.2562757e-07
9.0918584e-05
2.101558e-05
5.9636714e-05
1.4977573e-07
0.9922184
0.00065218005
9.146399e-05
3.38036e-07
5.361901e-05
0.05437129
0.0035465793
0.9815694
2.9255407e-05
0.39599133
2.0451972e-07
0.00022959076
9.65789e-06
0.001898385
0.005878978
0.0061929403
4.3374013e-07
0.05975951
0.0002184565
0.0035465793
0.001991632
0.0004138509
0.050009787
2.9569148e-07
0.00015223103
4.5009983e-06
8.1222446e-05
1.36388735e-05
0.00018763615
9.626644e-06
3.1497967e-07
5.569669e-06
3.818184e-06
5.0762577e-07
4.6007593e-05
0.00029232277
3.8368512e-07
0.00608621
1.960309e-06
1.079358e-05
0.96047646
1.1164188e-06
1.0474431e-06
7.042808e-08
1.3459543e-06
0.99999994
0.054251928
0.00020457264
2.8659015e-06
0.000120473975
0.9946496
1.3828038e-06
0.15669784
0.0016844638
6.632455e-07
0.13702023
0.0064689885
2.4192023e-08
0.04099166
2.0859618e-06
0.02296058
1.4844879e-05
9.498753e-06
2.8082677e-06
0.00089157344
0.0001669599
0.00064679846
