1.0
1.0
0.07222966
0.0003487969
9.208915e-09
8.366879e-06
2.4766987e-05
0.0020453015
2.1327464e-06
1.0866992e-06
4.4469212e-05
5.077811e-06
1.8934663e-05
8.262728e-07
0.0015637141
5.8077662e-06
1.6747248e-06
0.9823777
4.176105e-06
0.5597218
0.0002330263
0.0010557083
7.2689204e-07
0.49669385
0.0014048424
8.838443e-09
0.0017317069
0.9995151
5.6013243e-07
0.00013034191
0.0052228007
3.5436387e-05
1.999216e-05
1.2996845e-06
1.4642918e-06
0.22964984
2.0090782e-05
7.974048e-07
1.1540103e-05
0.54553854
0.0077896486
0.00013685066
6.1039056e-05
0.008020973
1.2208371e-06
3.6381643e-05
1.0202754e-05
1.384442e-05
6.28642e-05
9.341224e-07
0.0029536209
9.985264e-07
3.4706528e-07
0.06337198
0.00019845499
4.6523855e-06
0.00011879046
3.9452243e-06
0.0005332149
8.468169e-06
0.0014104646
0.011898871
6.925208e-05
0.0001253759
3.887137e-09
6.5772514e-07
0.0003458147
0.030946523
0.0052228007
1.0191368e-06
0.38902864
0.0021027967
0.10254757
3.5436387e-05
7.871587e-06
3.2232495e-07
0.00038725068
0.0015600199
1.0937152e-05
8.777921e-05
0.97817165
2.6773112e-05
0.0019997938
0.0028658803
0.0024074262
0.8470995
7.8204714e-05
3.208209e-06
1.9552456e-06
9.082361e-05
2.6870048e-06
0.0027616653
4.322711e-06
0.0037472981
5.640975e-05
4.7809135e-05
0.00020077432
2.0827156e-05
0.99953026
0.00032879921
0.034142748
0.8364193
0.000709875
0.00024381216
2.9467932e-05
0.0005437422
2.0298775e-07
0.014815931
9.4837815e-06
2.6143154e-05
1.0990244e-06
0.0024481171
1.44020905e-05
0.0001428704
0.02331468
2.904699e-06
5.954237e-08
0.003132606
1.4439442e-07
0.000309698
3.4134516e-07
0.00045989626
0.1046296
6.2854844e-05
0.00020077432
0.0007414833
1.519979e-07
1.3429822e-06
8.159558e-06
0.0010952814
2.6033014e-05
9.092471e-08
1.6971579e-05
6.925208e-05
0.0002046616
0.069858864
0.99835795
0.0013414532
0.00073312
0.0008823099
1.3611614e-07
0.1046296
1.1702067e-06
9.477571e-05
1.8547433e-05
3.0383307e-09
0.00021436489
0.0021670351
3.2431944e-05
0.0009774276
0.20631175
0.9655983
2.6179056e-05
0.0035247798
3.522314e-06
1.1866674e-06
5.2409864e-06
1.6971579e-05
8.865156e-08
0.9993594
2.650106e-08
2.7503395e-07
1.0202754e-05
0.002469608
4.3023856e-06
0.98447055
2.1327464e-06
3.388548e-05
6.493261e-05
9.1324985e-08
0.011898871
6.591807e-07
0.00043305542
7.290749e-08
0.1214023
6.544412e-06
0.0022400208
0.9998026
0.9999915
0.0028640644
0.017556565
0.99531525
0.00041662512
3.2087268e-08
0.01068587
0.0003673799
0.0068586343
2.4404899e-06
4.056129e-06
0.000111604124
0.99907637
0.01251525
1.8547433e-05
2.1627407e-05
6.1614787e-06
6.282549e-07
0.9017298
0.00015674932
1.2575414e-05
0.9823777
0.0028342702
0.0011635721
7.243841e-05
6.023855e-07
4.6523855e-06
0.048491713
0.9985594
2.7500526e-05
2.8080829e-06
1.0601302e-07
1.602195e-07
1.0516029e-06
0.0015517141
0.97339016
8.3879975e-05
1.2575414e-05
5.5624116e-07
6.334847e-06
6.2119298e-06
2.57009e-08
0.0012938034
0.0321514
2.2096556e-06
0.00404932
0.5539955
0.0017991635
7.476252e-07
2.2031069e-05
0.093347326
0.0011425692
4.2465635e-06
5.987948e-08
0.9980244
0.0012043031
0.0008511575
2.199486e-06
1.4439442e-07
1.0601302e-07
0.0001127104
1.5338271e-06
0.99617636
2.0814866e-06
4.6640505e-08
3.3935905e-07
4.3309883e-06
0.00012139005
0.15980466
0.97339016
1.5417714e-05
3.5436387e-05
1.847299e-06
0.00041662512
0.038799684
0.034469813
0.9823777
0.0022046512
2.7577318e-05
0.00013311046
4.4772796e-07
0.9888275
9.81329e-05
0.0037023528
3.36343e-05
0.0058873
5.7754875e-07
0.0028342674
0.00024381216
4.4509522e-07
0.004887154
0.009539879
0.0013414532
1.547518e-06
0.0009291906
0.021745224
1.7810446e-07
0.021484546
0.010919819
9.092471e-08
5.747378e-06
8.21313e-06
0.015378664
0.013591398
0.003003162
0.9890419
6.775199e-06
0.00047305686
1.438042e-05
7.1909113e-07
0.0002697267
0.0002697267
7.094129e-05
0.00016193259
0.013227321
0.7948464
4.1818555e-05
5.0042883e-05
0.00017324786
0.00058937253
0.0011149098
9.477571e-05
