0.79055184
0.99892193
1.0
4.077059e-06
6.091416e-08
0.00088602054
1.9866571e-05
0.00013836288
0.010437696
1.5916268e-05
4.4095685e-07
1.5925659e-06
0.99999005
0.006667987
0.0021673094
6.1711924e-09
4.265479e-05
1.2223447e-06
0.8111468
2.0959324e-06
5.2525697e-06
4.670077e-07
0.00035116263
0.0038112646
0.9991026
1.2367944e-05
2.8231653e-08
0.99469817
4.3850423e-06
0.00054791546
0.25051433
1.864529e-05
0.5330633
9.482705e-05
9.900667e-05
2.898476e-05
1.7079992e-05
0.00017100072
2.0142243e-06
4.4354227e-05
1.8032107e-08
4.5258375e-07
9.026547e-06
3.660849e-07
3.6714984e-05
0.00090602477
0.0005684553
0.00019631589
0.14599754
0.0003056833
0.018170245
0.9978865
3.082896e-08
3.7182542e-06
0.0008645662
9.406935e-05
3.491677e-05
0.9900939
0.0012787946
0.002429424
9.424606e-08
0.003846521
5.544973e-05
0.00035941665
1.6534436e-06
0.6835697
5.4028294e-07
0.97052085
0.0008451359
1.1224549e-06
1.0411648e-06
2.893723e-05
2.5907125e-06
0.99931455
0.0004885091
1.8936546e-06
0.00045697973
0.0010654102
0.99986565
1.494917e-08
0.12454788
0.99999994
0.0018681705
2.7451371e-05
0.09675877
0.0006268669
6.609559e-07
2.3867057e-07
0.00020971705
2.0142243e-06
0.68076104
0.3469181
0.062879376
2.562969e-05
0.0010446507
0.0007711062
6.36736e-06
0.00097108335
0.0001405061
1.173564e-06
7.730122e-06
8.57764e-05
0.0014252525
1.9924958e-08
0.25269482
0.9991026
6.1628764e-09
0.0002010636
3.1247214e-07
0.9946274
0.9800586
0.99788237
6.36736e-06
1.7478541e-07
0.9999971
0.00090602477
0.03034461
0.060638703
0.017405063
0.0010033308
0.0006184567
3.8796872e-05
0.11683687
2.069705e-06
5.627189e-05
0.9999941
3.0589984e-08
1.4046093e-06
6.1628764e-09
1.5610538e-05
0.00012640911
3.7182542e-06
5.099111e-07
0.0069630467
6.6471725e-06
3.2771932e-06
0.00024892474
7.974552e-05
9.560137e-07
0.00028311412
6.36736e-06
0.00081219675
8.415158e-05
0.00069864304
0.15091418
6.895264e-05
6.111677e-07
0.9983257
2.2267955e-08
0.00042725555
3.339674e-08
1.7070173e-05
0.00090231124
0.00014023305
0.998809
9.87143e-06
0.9999999
0.042209618
1.1891211e-06
0.68076104
1.8334498e-05
0.006369263
1.0401728e-07
0.0014185767
1.604738e-06
6.4301497e-07
4.4834296e-06
4.872982e-05
7.621309e-07
0.033631783
1.171393e-05
0.043578334
0.9998677
0.0003056833
0.97454274
7.023798e-06
0.9572765
8.324125e-05
0.10366251
0.15091418
1.078259e-06
2.6492062e-08
1.2577157e-06
1.948706e-05
0.0700448
6.302845e-08
0.0010446507
3.19034e-05
2.3198492e-05
8.328725e-07
9.808575e-06
9.279176e-05
1.171393e-05
0.005381216
0.19744232
1.042349e-06
3.2375829e-06
2.8231653e-08
2.7729719e-05
0.0006599979
3.1045754e-06
0.54467636
0.2003498
0.0009207105
0.0013976269
1.4679421e-05
7.163879e-05
0.00024892474
2.6075651e-05
5.7447636e-08
9.817933e-05
0.14457594
2.6956359e-08
0.9998626
0.003142152
2.1544058e-05
0.2003498
8.232804e-06
0.020610109
0.008209539
6.445462e-05
5.544973e-05
5.5171e-06
6.445462e-05
3.956913e-06
0.014234699
0.4248346
0.034452304
0.00019814075
0.07186885
0.00013135555
0.9999941
1.2922927e-05
3.083153e-05
5.8052065e-05
3.0585954e-06
1.8434379e-06
0.9915851
0.0044243624
0.41150463
0.7985525
0.007961151
5.6309696e-10
0.13597825
5.101696e-09
0.98471266
0.009274013
0.0003555679
0.003778846
0.0024303081
1.4339813e-07
0.0074001276
0.009729992
1.0865551e-06
0.0016868638
5.1414994e-05
1.8394214e-08
0.98471266
0.0013430524
1.4034378e-06
4.3123327e-07
0.97933775
0.055435162
0.0025924733
1.9165302e-06
5.2123996e-06
1.6137036e-06
2.1361602e-06
0.99993587
0.018015226
6.1171176e-07
0.42467204
0.9226489
5.8317537e-06
9.482705e-05
0.002907596
4.502561e-06
5.8317537e-06
0.0016212851
0.00050782796
1.864529e-05
0.7140074
1.4840859e-05
1.5282014e-06
0.99999803
0.26909077
4.5258375e-07
0.0018674006
0.0012161065
4.730627e-08
1.8534965e-05
6.904335e-06
1.5007764e-05
2.4905354e-05
3.2330781e-06
0.010889835
0.00070087175
0.7140074
1.231896e-07
0.018720545
