1.0
1.0
2.1663693e-06
3.9668157e-05
4.443504e-08
0.003452726
0.0001274252
3.5595505e-05
3.249915e-07
0.000651565
9.6825964e-08
1.0
0.0030677493
1.7356133e-08
1.2220633e-07
6.712211e-08
2.496654e-07
8.217211e-05
1.733814e-07
0.00039589286
4.716874e-06
8.0360684e-07
2.6035124e-05
7.645371e-06
0.0012187063
1.2852553e-05
2.1663693e-06
0.0051699574
2.1223044e-05
1.5214237e-06
4.3739115e-09
1.051272e-06
7.467499e-05
1.3815521e-08
0.0007907226
4.7236124e-08
0.7016064
1.2725093e-07
7.416597e-06
6.004875e-08
1.9020018e-06
3.1045965e-05
2.2384895e-05
0.0059101777
2.2957744e-05
1.4659468e-08
0.011100128
1.6273561e-06
2.2751321e-05
2.1488122e-08
1.13987284e-07
0.26588914
4.3133034e-07
1.4750644e-06
1.5622843e-06
1.3168183e-06
9.925092e-09
0.00015988936
1.1096303e-07
0.99999976
5.561453e-05
3.7579273e-08
3.3450227e-08
1.0210667e-05
8.6005e-09
3.5829797e-09
3.342786e-05
1.5813786e-09
9.391853e-07
0.017006373
0.00011399753
0.003106924
1.0049601e-07
0.9999964
1.899225e-06
7.691458e-05
8.435601e-07
0.00056155416
3.728603e-05
0.016237859
0.00020607912
1.11090095e-07
9.895974e-06
4.6852172e-08
2.7752047e-09
0.8063362
0.11134822
0.00017704589
0.00013471168
0.036023438
1.4750644e-06
1.87165e-06
1.3219523e-08
0.0012187063
1.1857539e-07
3.361221e-09
0.014011786
1.593871e-07
4.713358e-06
3.8513872e-07
0.2944477
3.559928e-09
0.041235756
0.18867384
6.069328e-06
5.212355e-06
0.0052865716
4.619121e-08
1.0600494e-05
1.6812203e-07
0.00041117804
0.21119401
4.041865e-06
1.7356133e-08
0.00026873816
0.47826347
6.1299595e-08
1.1593768e-05
1.7496084e-05
0.42051157
4.0793734e-06
5.4059783e-05
5.7185052e-06
1.2799897e-07
5.7185052e-06
1.4372387e-06
7.175167e-09
1.0298938e-05
2.2569631e-07
1.4272621e-06
8.227775e-06
6.23521e-07
1.6516669e-08
2.1159344e-07
0.54116845
5.9624307e-07
0.0021808655
5.2978543e-05
0.99516374
0.0006454622
2.1226213e-06
8.243812e-06
2.51642e-05
4.229748e-05
2.8099019e-05
2.7768957e-07
1.65754e-08
5.5145433e-06
3.3067045e-05
6.871982e-07
6.871976e-07
6.325559e-08
1.7483056e-06
6.465617e-05
0.05176867
1.13987284e-07
5.3343488e-06
4.3914133e-10
6.102112e-09
0.15040351
3.2023746e-07
0.002049058
7.105612e-05
3.3365945e-05
0.00038317946
6.121381e-05
2.7709655e-05
0.9487615
4.3239434e-09
1.7177037e-05
4.6395865e-09
0.730297
3.6709528e-06
7.779309e-08
2.0758885e-06
0.00020126307
4.5184365e-10
2.3586785e-05
0.62457913
1.5122956e-06
0.0010099444
0.021599889
0.041872293
5.1771977e-08
2.2384895e-05
0.78393745
2.8799167e-09
4.3914133e-10
1.1906633e-06
2.7752047e-09
1.4678793e-07
0.18197723
8.0470215e-08
0.00014784523
6.960929e-08
0.99982804
8.6005e-09
0.007261506
9.9116245e-05
3.455656e-05
0.00040469246
6.069328e-06
0.00025341526
1.9052823e-08
4.4675533e-05
4.5404117e-06
0.0010750839
7.0014723e-09
0.9582904
6.6704956e-07
3.2257599e-09
0.00013939396
0.00014289956
6.185194e-08
0.6919061
1.5122956e-06
8.227775e-06
8.412366e-09
2.3917914e-07
2.0666578e-06
7.524721e-07
4.6758522e-08
1.6627764e-06
1.8447503e-07
2.7051825e-10
0.0002243907
0.0415052
4.337129e-05
0.0116102025
5.314997e-06
0.9251646
0.9582904
8.8043384e-07
2.3410803e-05
7.4765785e-09
0.025055217
0.18867384
2.5350872e-05
5.779775e-06
0.44578522
3.735396e-07
5.076057e-05
1.0238039e-06
1.0969747e-07
1.2638948e-06
4.5404117e-06
0.99999785
0.00011399753
2.5724717e-07
0.00600577
1.6869405e-08
4.6235862e-05
2.728754e-07
0.00030067284
9.233291e-06
6.724809e-06
4.78274e-08
9.58932e-07
6.004875e-08
0.041235756
4.2059733e-06
1.4735094e-06
1.552453e-08
0.18197723
7.799991e-08
4.88368e-06
1.397145e-07
0.005032163
1.3063362e-09
2.243667e-06
2.8015698e-05
0.0011179296
7.066832e-06
0.0415052
0.00061184046
7.706848e-06
1.3420332e-07
0.00060927623
1.0969747e-07
0.5893619
0.18197723
0.00033076425
0.003452726
1.7137245e-05
0.00032160207
0.96508926
1.1099478e-07
2.0484388e-06
4.531808e-09
0.99939483
0.05465855
1.15359e-05
3.5763906e-06
0.0010466878
6.508475e-05
0.0761496
0.00033107752
0.00016493943
3.2953903e-05
1.899225e-06
