1.0
1.0
1.0296699e-05
0.00022804353
2.1470136e-08
0.0003080607
0.026217822
3.8927746e-07
0.9998371
8.462572e-05
0.008055146
1.0584049e-05
0.00035531682
5.90536e-06
0.99569976
5.617562e-06
0.0002818513
0.99967927
0.99766827
0.000115737545
1.0429412e-09
1.0694231e-06
0.00023639419
1.966985e-06
1.899763e-06
0.16632313
1.2992215e-05
1.4500298e-05
8.849224e-06
8.246869e-05
3.029438e-06
0.00043938946
5.6594763e-07
0.00033046762
0.046008542
0.0024095662
1.0117527e-06
0.00058198295
0.000114947405
8.755291e-05
0.5133269
0.0068873935
7.047173e-05
3.1510746e-05
0.99413335
0.9999984
8.3320025e-05
1.1479143e-06
0.0027394628
1.1723241e-09
0.00033048718
0.1761808
0.986253
1.8815576e-06
0.015434425
8.4991214e-08
2.6230808e-08
1.40212705e-05
1.1191041e-06
0.00083944673
3.644629e-08
2.4441888e-06
8.054601e-05
5.908315e-09
1.9761895e-07
0.0015792594
4.6926496e-07
0.0001345403
0.0036522073
8.308693e-07
1.1564847e-05
0.87826025
7.108206e-08
1.6980297e-06
6.505496e-05
3.1706972e-07
1.3607114e-06
7.438543e-05
5.0749836e-06
4.3730273e-09
0.0013340045
2.567381e-07
0.00038257064
0.9513668
0.9909807
0.00033903326
3.294442e-07
0.77326363
3.261944e-07
2.1347047e-05
1.094567e-07
0.00018326206
0.9626204
0.8494442
0.00019485307
8.5720065e-05
7.28159e-08
4.9799328e-05
0.0007906997
1.1690444e-06
8.8763966e-07
0.000112755755
9.893047e-07
0.00013744348
0.0022658987
0.00030000653
2.7384493e-07
9.405975e-05
0.00056454237
6.505496e-05
6.974777e-07
0.00041722387
1.5943272e-06
7.4032055e-06
8.894608e-06
1.0933234e-07
0.40991104
0.00014785341
0.0003514892
3.5647172e-05
1.6796977e-06
7.2047205e-06
0.000466792
1.2196416e-07
2.7413055e-06
0.7429679
3.1901698e-07
0.00026484745
4.8290303e-08
0.00015880619
0.0012418318
0.052069426
3.029438e-06
4.5370514e-05
5.0643145e-08
2.672059e-05
1.02411635e-08
2.488159e-06
6.974777e-07
0.00069695426
0.0006433458
2.5103478e-08
0.00014785341
0.862036
7.662538e-06
1.9761895e-07
0.0002347962
4.3007117e-06
9.858909e-08
2.6603874e-07
0.25520033
1.1479143e-06
1.16027046e-07
2.3626825e-09
1.5220571e-08
0.8494442
2.7043114e-05
2.5180258e-05
4.2932043e-06
0.00033952377
4.154199e-08
1.4500298e-05
1.0690794e-06
9.911944e-07
5.2978594e-05
0.24744494
4.2853234e-08
2.474984e-06
3.6079953e-10
0.00021719624
0.00049859553
8.577389e-08
0.9998998
1.0
3.834283e-08
0.00012086497
0.9577137
0.840963
0.00074607664
4.862117e-08
1.8099307e-07
3.707674e-06
1.1097531e-07
0.0007026962
0.054161415
4.3574575e-09
5.5750303e-07
0.017298441
1.1218622e-08
5.6062195e-08
3.547967e-05
4.0119514e-05
8.369362e-09
1.6994812e-06
2.1062328e-05
0.06992413
0.0012583097
1.3465744e-06
0.27536216
3.947392e-06
4.2222337e-06
6.711686e-08
2.3894728e-07
2.0446509e-05
0.99900186
2.9798725e-08
6.505496e-05
1.5382233e-05
8.371652e-06
0.00019797513
0.08919855
2.5225296e-08
0.1761808
0.00023639419
5.346542e-05
4.531825e-09
0.039064534
4.4260223e-06
3.3893626e-05
0.96572775
2.8461497e-07
4.8338967e-07
0.00036158314
0.00024711102
0.0014669542
2.340019e-06
0.99516064
3.799265e-09
0.00021719624
8.5789325e-05
2.6230808e-08
2.2315894e-10
0.9721822
3.2907803e-05
0.0066630486
0.005414105
6.6924867e-06
1.0269515e-05
1.2526351e-05
3.7289678e-06
0.00012936904
0.21752618
7.0658266e-09
0.788305
0.99766827
0.012220041
0.00016016417
0.10430426
5.723443e-06
0.026396964
7.7783895e-08
0.00010973521
0.00011252097
9.83048e-08
4.2202835e-05
7.7651596e-10
9.524387e-06
2.9659956e-05
7.704224e-08
5.3970584e-06
1.4424373e-06
5.3859626e-06
2.636821e-06
0.000286725
0.99551386
1.1612375e-08
1.9289003e-07
0.00243602
7.759689e-08
0.8059548
0.002193308
5.1935724e-05
0.99841744
2.5365018e-05
7.933679e-07
0.9598806
2.0489024e-07
2.0767754e-06
0.02503298
4.6926496e-07
1.7289231e-07
6.264863e-07
0.00040442252
1.1420703e-06
1.2238038e-05
3.029438e-06
1.4406004e-07
1.6629492e-06
7.7651596e-10
0.0046320567
0.0013828514
0.0028089134
9.296201e-09
0.9784208
4.7523777e-06
0.0009176225
7.3218104e-07
0.98765224
9.013113e-08
1.92431e-08
