0.99999994
0.98402417
3.2145314e-07
1.2630498e-09
3.5313846e-07
8.08048e-07
6.669573e-08
6.270093e-07
2.543592e-10
2.4507182e-08
7.896919e-08
1.0504909e-05
5.2548064e-08
4.808498e-06
1.052646e-09
1.7800412e-09
1.0352977e-07
0.0019843907
0.0014285858
2.0737316e-06
2.894717e-11
3.351643e-07
5.588125e-07
1.1541229e-06
0.00015948692
1.1936032e-06
1.6274105e-06
7.575744e-08
7.306396e-08
7.620568e-07
2.2519546e-06
4.2920973e-07
2.264962e-08
1.2120878e-05
7.563047e-10
1.1480917e-06
9.158577e-08
0.00015109264
3.027067e-10
3.3751057e-08
5.2649744e-07
2.9814995e-05
5.9374244e-10
1.159897e-06
0.00036685314
4.285814e-08
4.0271564e-07
5.56412e-08
2.1551216e-07
7.943701e-09
0.9999461
4.0602671e-07
5.322745e-08
9.404494e-08
1.0140556e-08
4.4642755e-07
1.14872e-05
3.90998e-09
9.5731686e-08
9.2298405e-06
5.8276505e-06
1.4853833e-07
9.1061736e-10
1.466272e-06
1.11857005e-07
2.416549e-07
0.124094404
9.93244e-09
1.9020894e-07
0.00022707152
4.4250137e-09
3.1554015e-09
3.8645585e-06
0.00015948692
3.027119e-06
7.25266e-09
1.104994e-08
1.2308273e-09
5.84733e-07
2.0273836e-07
1.1645439e-05
8.389533e-09
2.1477282e-10
1.6713178e-08
5.2519905e-08
5.829204e-11
7.562834e-09
2.0737316e-06
8.17017e-09
0.00013923003
1.4264346e-09
0.98558205
2.1592205e-06
1.1967602e-09
3.5145204e-05
7.0208245e-07
0.9998107
2.034861e-09
4.0745705e-09
0.9976507
9.1625753e-07
0.29430565
4.5980167e-07
0.00020921018
0.94074047
1.4646477e-07
2.5402304e-07
1.0352977e-07
1.6569651e-05
8.825976e-09
5.638356e-09
2.3238798e-09
8.1451623e-10
1.3860114e-05
7.687296e-09
3.1298608e-09
9.5968476e-11
1.1638793e-06
1.9276076e-05
0.0010188343
7.620569e-08
2.9187146e-09
0.9290364
1.1768511e-06
9.448572e-10
9.1625753e-07
1.872432e-06
8.365087e-07
1.7597323e-06
0.00020853344
0.037942994
8.2540333e-07
1.1645439e-05
1.14872e-05
0.0025036538
0.00020853344
5.4632064e-08
0.0006665657
2.0944398e-08
8.301889e-07
4.1802887e-06
2.6484333e-08
1.183029e-10
2.1135045e-09
5.9656614e-08
4.2944575e-05
3.6817717e-08
0.0022539138
0.99883914
2.3914654e-07
3.8063006e-09
1.3769372e-09
1.3226553e-09
0.17984807
4.7234843e-09
1.0969496e-07
2.7946265e-07
0.0037570305
1.0512394e-09
7.4473303e-09
6.9328494e-09
1.6483985e-10
1.5799917e-09
4.0919755e-07
7.2097954e-08
1.8120363e-05
3.5581113e-05
2.0660512e-08
1.0734657e-05
5.222906e-10
0.020304073
6.045806e-07
9.771408e-08
0.00012836597
2.3340967e-09
4.3375917e-07
0.99883914
4.506391e-08
2.3176205e-09
0.9926672
1.0734657e-05
1.6257679e-09
1.4554725e-10
4.522041e-07
5.1410154e-07
3.7980005e-11
1.5089656e-08
7.896919e-08
5.7144036e-05
1.8221911e-09
1.439701e-06
7.973898e-12
4.2421507e-11
8.98993e-05
2.2274385e-06
3.1419615e-05
0.05333843
0.012106326
0.0002573821
3.351643e-07
1.3939329e-05
6.3658487e-09
4.1010583e-08
1.7667254e-08
0.0015114854
2.1730611e-06
0.35260433
8.837414e-09
1.8995554e-09
6.1550435e-07
1.1638793e-06
1.5261028e-09
4.373995e-09
0.04808602
0.0015772247
3.4079262e-09
7.074669e-10
4.378454e-08
1.3115885e-10
1.480356e-07
0.05333843
1.0091547e-06
0.00034250334
9.257327e-09
3.243982e-07
1.9654764e-09
4.414554e-08
1.2760923e-06
7.924452e-05
6.6351376e-08
5.2807767e-09
1.4607359e-08
0.57335514
4.8625576e-10
9.93244e-09
1.5736338e-09
7.687296e-09
1.0242727e-08
2.543592e-10
0.00055117137
2.2021748e-06
3.9055004e-09
4.5980167e-07
6.557458e-09
2.3453783e-09
1.2459335e-05
6.9333545e-08
0.0021077634
3.8076462e-07
5.2667096e-06
1.3308036e-07
9.2303e-07
0.49321926
1.6625419e-09
3.5938234e-07
3.0295649e-05
1.4031036e-10
8.576016e-06
0.00011014774
4.8509943e-11
2.4543376e-09
3.1554015e-09
2.2263698e-09
5.9750676e-08
0.21437459
7.2438806e-09
9.17583e-06
2.0876763e-07
1.0878402e-07
6.538724e-09
1.9928906e-05
7.943701e-09
1.0734657e-05
0.13392748
3.2232766e-08
8.99055e-06
1.9161212e-07
1.1819785e-09
1.2466152e-08
0.57335514
2.894717e-11
0.00023873693
2.293792e-06
0.999999
2.1247305e-07
4.863601e-12
0.00038243245
1.4973611e-05
2.3054445e-08
3.305598e-08
7.085113e-06
3.5581113e-05
1.6992901e-07
4.0514212e-07
1.2041335e-08
0.00013820268
0.00013326996
3.7232335e-11
1.3647294e-09
0.0002088339
