1.0
2.0908155e-06
0.0010791143
1.1130994e-09
0.0027899048
4.1368683e-05
5.2836873e-05
1.352986e-05
0.00038502732
3.876747e-06
1.5926039e-06
3.1690577e-06
1.2105548e-05
0.0049209245
3.081644e-08
3.4549072e-07
1.9200738e-06
8.086022e-06
0.0001296186
6.6247424e-07
1.2070858e-06
0.9999991
0.90893215
3.1924807e-09
1.6478538e-07
0.99999994
6.781971e-05
0.00012771302
0.99537164
0.9999575
0.0019848882
0.9926429
5.5610405e-09
6.867888e-06
1.3873822e-06
3.02038e-08
2.5894724e-07
4.830859e-05
8.176391e-09
0.0033366152
0.20349789
0.0005916413
0.30287755
0.0028635508
0.9246513
1.0611817e-08
0.104819514
0.99971294
2.969326e-07
0.9995636
0.0006356833
9.4661445e-05
9.974714e-05
3.0633917e-06
0.00019585091
0.00032558356
2.5574307e-06
0.00064058526
2.1350654e-07
0.0001442684
2.2639039e-08
0.86114144
1.663606e-06
0.002215641
0.06318764
0.002215641
0.0014228108
0.0019972755
0.9963815
1.8941445e-07
7.8930636e-05
0.00014005265
6.9222415e-06
1.02185346e-07
0.00011347726
0.00011442313
1.642015e-07
0.0005526206
1.9505374e-06
3.0009364e-08
0.0028903065
3.996264e-09
0.9121308
0.033095315
1.075123e-06
0.9569608
0.00043191077
0.9999998
1.229631e-06
1.0702046e-06
1.3696697e-07
1.1607863e-05
0.0024447772
5.49658e-08
5.4889744e-05
3.5493943e-07
5.86943e-09
0.5907041
2.924213e-05
4.4495426e-08
0.9963755
0.00020074235
1.4197087e-06
0.0005044105
6.546338e-07
7.1846195e-08
9.540623e-06
1.3824846e-09
0.9911169
7.202382e-05
0.9911169
0.00036516227
0.0002501152
1.3296521e-05
5.52699e-06
4.5478246e-05
5.131884e-05
1.0503827e-05
0.010586255
5.7626366e-05
1.5824133e-06
2.077443e-06
9.2684417e-07
0.0006216401
6.573197e-06
3.4549072e-07
0.29679468
0.0006356833
0.9999959
4.4757084e-07
6.3719285e-06
2.7981407e-08
1.0
0.0005962379
5.933796e-07
0.00057865155
0.99574256
2.7455386e-07
3.0633917e-06
8.549655e-05
3.1211491e-06
4.195429e-05
0.0001305184
0.054121587
0.02476626
0.9899676
6.5640046e-07
1.3296521e-05
0.04146385
5.4889744e-05
7.84214e-06
6.018983e-05
1.1788225e-06
8.176391e-09
0.00031540354
0.00085529167
0.76509386
0.9999575
2.9815621e-05
4.5053255e-08
7.3223695e-05
2.760592e-05
0.00092730194
0.7604576
1.1531063e-06
6.9222415e-06
0.0033366152
0.014233681
1.1332107e-06
2.1413089e-05
1.8339653e-06
9.837472e-07
0.7038518
4.1368683e-05
1.0749041e-07
0.99999094
1.1844472e-05
2.1101774e-05
1.2070858e-06
1.647893e-05
2.883132e-09
4.1292285e-08
6.5591865e-07
6.10899e-06
0.000116968404
3.876747e-06
0.009270207
0.0046585267
0.00093080197
0.034993846
1.6959073e-05
0.0016978136
0.917628
0.28967836
2.973293e-07
1.5433807e-07
5.291053e-07
0.0031766666
0.0008990767
3.969094e-05
1.1788225e-06
0.5676448
4.479438e-06
0.0008026582
1.5431086e-05
0.00019897376
0.005817499
5.86943e-09
0.9995633
0.043113276
1.1177506e-06
0.22364648
0.00019827078
0.0010899465
0.00057865155
0.06318764
2.5506239e-05
0.0016444972
6.230972e-08
5.391734e-06
1.0050924e-07
5.482043e-05
1.4189023e-05
1.6010257e-05
1.3700919e-06
6.867888e-06
4.2854655e-05
0.010309234
0.037843868
0.1274932
0.44177926
0.0008199462
0.23620515
2.8642894e-06
3.1924807e-09
5.4803546e-05
0.00040887893
1.0193773e-07
2.8192615e-05
1.7217344e-07
1.8209561e-05
6.40688e-06
1.0
3.8288645e-06
0.0015967999
5.5756254e-07
1.5109463e-06
0.00035376236
8.195027e-05
3.996264e-09
1.5125123e-05
2.7599495e-05
1.4916011e-06
0.0015188523
0.0024447772
0.0043360842
9.796019e-07
1.0193846e-06
7.7338296e-07
2.5397387e-07
0.0025365853
1.642015e-07
0.0012505691
0.00052644016
2.6702267e-07
1.7840597e-08
0.0039350125
8.176391e-09
3.02038e-08
1.0596411e-05
0.06507344
0.0030262494
0.12997858
0.9362855
0.0007837281
6.8253044e-05
0.4903917
0.00016978286
0.9662883
4.801679e-06
2.6542193e-06
4.793352e-08
0.00031592356
0.44177926
0.96447843
5.881967e-05
0.14096302
0.00031962627
3.8463295e-05
4.7732982e-08
0.00014011316
0.00093080156
1.2728575e-05
0.99999976
5.90656e-07
0.99258775
0.9214181
1.8435068e-07
1.5034379e-05
0.00074621104
