0.99999565
0.8919847
2.1030964e-06
0.9302731
0.13652165
1.2139282e-05
0.8126281
0.00017670891
0.00062864856
3.089372e-07
1.6695434e-05
0.03168933
2.560364e-06
1.776022e-06
0.9621488
0.0003693774
9.642503e-06
2.5745301e-08
0.0735747
2.4488406e-07
9.929875e-06
0.54006284
0.00010959038
0.0003862891
2.7582591e-06
1.6456957e-05
2.7611342e-05
5.744682e-06
9.568267e-06
6.8312676e-07
0.9998811
0.00014766333
5.254704e-06
2.4315723e-08
4.59921e-06
3.162463e-05
0.000503499
2.1584917e-06
0.11573493
1.7228103e-07
6.9699345e-05
5.365326e-07
2.2514976e-05
0.95219785
1.8413157e-05
4.084926e-07
0.0026052464
0.00012293583
0.97756356
3.1625067e-08
8.797213e-07
3.253163e-06
6.573763e-09
7.204212e-09
5.1506275e-05
0.0055248304
3.568639e-05
9.484912e-06
0.9993952
0.99922425
5.981105e-05
8.535721e-07
0.99705476
0.0038065151
0.032834336
0.00016402148
0.005533472
6.5987615e-09
9.75357e-08
3.9193596e-06
0.000989426
0.0013808504
9.611788e-07
0.010645628
0.0003165205
0.07506405
0.009417046
0.99292785
0.0076558623
0.00013509502
1.46810025e-05
0.012120198
0.00030182136
1.657182e-09
6.0900196e-09
0.021356277
0.3931827
2.1252596e-05
1.00262385e-08
0.06568904
0.11573493
2.2743697e-07
0.0003501826
0.9829179
0.071945384
0.98272943
3.5288435e-06
1.0
0.9936191
4.5480857e-07
0.00011415025
0.99929553
4.0814098e-07
0.0031056304
2.574836e-05
3.609559e-06
1.6443968e-07
7.683926e-07
0.0022701642
1.0477548e-06
7.2449046e-05
2.8365027e-06
7.970027e-06
0.74339545
0.3500398
8.909277e-07
0.000403586
4.48842e-08
2.636796e-07
0.99997544
5.131562e-07
3.181391e-06
8.0960996e-07
0.00020953237
1.5518215e-05
3.8169444e-05
6.6503008e-09
4.3601577e-07
4.524677e-05
6.54358e-08
9.4314055e-06
0.27935988
0.00016402148
3.7507418e-06
3.2374533e-06
4.6050696e-05
0.00030635082
0.3401034
0.023820711
0.025098087
0.89158726
7.4258714e-05
2.7590208e-05
4.5696981e-07
1.2139282e-05
0.19094382
0.8194606
3.4600089e-06
0.008211685
4.3782015e-06
5.594434e-06
4.6791718e-07
3.7869384e-05
5.066053e-08
0.00022459147
3.1666286e-06
5.784969e-05
5.4239667e-06
0.72291774
0.00015979593
0.00028276615
0.00014950031
2.708477e-05
5.8483565e-08
2.0302956e-05
2.2760665e-07
1.072819e-07
0.0017281396
1.9937447e-06
5.982546e-09
9.3674906e-08
0.97135377
7.360446e-05
5.1653615e-08
0.00012116488
3.5288435e-06
0.0002299689
1.2098093e-05
1.3335567e-07
1.16860465e-05
0.00016999409
0.1753305
0.036755197
7.855288e-09
7.005937e-08
2.8455904e-07
0.00027467823
0.84271723
1.9284714e-06
1.5621993e-07
0.0006062349
0.096238144
5.744682e-06
0.0863398
2.8408184e-07
7.391224e-08
0.00027846286
0.002811276
3.6823587e-06
2.1735556e-07
8.311132e-06
0.838499
0.012579819
1.4781116e-09
6.6970887e-07
0.9936721
4.9180744e-06
7.780539e-07
0.0035292679
0.00040650083
9.75357e-08
2.7877109e-06
4.3809873e-06
1.7369287e-07
7.9014235e-08
8.111548e-06
3.027446e-07
4.9180744e-06
1.6554475e-07
0.00023265621
1.9570201e-07
0.121880725
2.2080643e-07
3.58561e-05
0.0058770305
6.996483e-08
9.2328264e-07
7.865894e-05
0.000503499
4.6080518e-07
0.041405212
6.280488e-05
6.095186e-06
0.000424196
1.0816084e-05
0.9988201
2.800763e-07
0.00023265621
8.25019e-06
0.31507027
0.1753305
0.25328907
4.506374e-08
2.1509943e-07
9.9894874e-05
1.433909e-06
5.1653615e-08
1.0
7.195199e-07
5.3904618e-08
6.849443e-06
0.1753305
0.0022461335
0.00020251198
6.8373816e-07
2.7877109e-06
1.1028222e-05
3.526105e-06
1.6451523e-08
0.31787258
0.0024955524
0.00042810437
2.6666412e-06
0.9999794
0.8822728
8.794898e-07
5.744682e-06
0.999387
0.99025834
9.973729e-07
3.2662072e-06
0.99999905
4.480024e-05
6.573763e-09
0.99888283
0.84697545
2.708477e-05
0.9168562
1.866607e-05
7.8970544e-08
0.013235146
2.860542e-07
1.7966404e-07
0.014869676
0.9986801
0.00014584909
3.181391e-06
0.25328907
0.035566524
0.72291774
1.1005197e-09
0.0013504236
0.99936354
6.9840155e-07
0.00028269767
1.9816049e-05
4.0814098e-07
4.3601577e-07
0.0006794873
0.0055248304
