1.0
0.99999994
3.5208698e-06
2.2313196e-05
0.7432214
0.011386153
0.031320713
1.522813e-05
5.189833e-07
1.1141618e-06
0.032691337
0.7132747
0.9967379
0.011251322
8.253529e-07
1.6346995e-07
1.6497352e-10
3.6423684e-05
0.35855094
2.847751e-06
2.268513e-06
0.065164864
7.1040444e-07
2.8503857e-05
1.6457838e-05
4.866246e-06
2.9149886e-08
8.5415947e-10
0.00029581605
0.0015681814
5.7880207e-08
0.0002358721
0.15930252
4.963803e-05
0.0009487587
6.4663756e-05
1.3224409e-09
3.0301776e-06
3.9603183e-06
0.8889558
0.3647144
3.3864744e-05
1.0375184e-06
0.0004453984
8.9167827e-07
6.7962305e-06
9.2121525e-08
1.1999742e-06
3.290903e-07
9.655115e-07
0.26381016
0.062413163
0.0010410392
4.907208e-09
1.4649462e-08
1.3325336e-05
4.907208e-09
7.4093185e-07
0.00039195173
4.6348305e-07
0.012614908
5.3544405e-05
0.018393883
5.3526563e-08
0.25279313
5.7148736e-07
7.6502914e-07
7.2919994e-07
0.00078282837
5.025853e-07
2.7156071e-08
2.6943026e-06
3.551933e-08
0.9283732
0.0021553978
5.137131e-09
1.0188101e-05
1.1938609e-05
2.2898141e-06
6.9610593e-09
2.7197722e-05
1.654057e-05
1.940261e-06
8.283366e-09
0.00013045433
8.703578e-06
0.82834524
1.5782491e-07
9.5407915e-05
0.0005835237
0.0009197929
5.9524027e-06
0.9986271
3.4537716e-06
1.1242998e-06
1.2216501e-05
1.857223e-06
0.99485874
0.0027219043
1.7411958e-05
0.0017709621
9.325128e-06
5.6188945e-08
9.107641e-08
0.00020937741
0.99999404
8.7679755e-06
0.98123085
0.018393883
0.895286
0.0001470862
0.9957707
2.9891177e-07
1.52442435e-05
3.3962042e-06
0.00013696712
2.0791565e-07
5.2151364e-08
0.9999987
0.00044000396
1.654057e-05
3.6790802e-06
2.9725078e-07
6.246738e-07
5.62464e-05
2.576324e-06
2.4040926e-05
0.3725266
5.711153e-06
0.920079
7.879698e-06
8.07501e-06
9.3758736e-08
0.0018167158
0.0065660095
0.04358416
2.2876333e-05
0.99942034
0.0025596847
0.00084804965
2.6943026e-06
8.996957e-07
0.84007835
0.821455
0.00053986104
0.00027149273
0.00046848814
1.8728371e-05
2.5996323e-07
0.0004666728
1.4227014e-06
0.9999738
6.386218e-06
0.99917966
5.9170805e-08
4.9322745e-07
8.467923e-05
1.7124527e-06
9.8021046e-05
2.950721e-09
1.3270626e-05
0.0013415118
5.0889757e-06
1.9972926e-07
2.214083e-06
0.34858903
2.325746e-05
9.684902e-07
0.008369298
6.3773416e-07
2.0791565e-07
0.9999642
0.00030251566
0.0001315235
0.9955561
1.9017514e-10
3.086851e-05
4.3693106e-08
6.3773416e-07
2.7934539e-06
0.08943588
1.4444621e-05
0.00013045433
0.0010294763
0.001276702
1.7433958e-05
2.2005227e-06
0.00012679941
4.9638078e-05
3.086848e-05
2.0348734e-06
0.014832185
2.2005227e-06
8.169208e-08
1.7885492e-07
5.6188945e-08
8.10108e-06
7.40422e-05
0.005631448
0.062413163
9.39454e-09
0.45810783
1.2243089e-07
0.0020652628
3.0301806e-06
7.893951e-06
1.0973012e-07
3.5584406e-05
6.70215e-06
0.00039264135
1.4098179e-05
3.4521268e-08
3.8586666e-07
0.0013452158
1.6864135e-07
0.0002630712
3.1922326e-08
0.5020615
5.5640257e-06
5.4683355e-08
3.237596e-08
0.0026676736
2.2909717e-06
2.989112e-07
8.169208e-08
1.875959e-07
0.0013246123
1.8534718e-06
2.325746e-05
0.99999934
0.99999887
0.000937103
0.0078457715
5.2773972e-05
0.0895815
0.06119217
1.731268e-05
6.69766e-05
0.025675872
0.00025941237
4.971664e-06
0.00060671405
3.3193828e-06
0.00013541848
0.007999732
4.956268e-05
1.7566452e-05
9.355131e-05
1.2039621e-06
4.0331518e-08
0.0006504054
6.447307e-05
1.2880517e-05
1.3114672e-08
1.3014644e-06
9.287657e-06
6.8874533e-07
0.00019366838
0.00011238414
1.6460286e-05
0.002244969
3.6920665e-05
0.0012489645
1.1197239e-09
0.033182587
0.999968
0.0015979498
0.12485403
9.013566e-07
0.0032395367
0.99257684
8.92331e-08
0.0002230171
8.550515e-09
4.0179495e-07
0.062659405
0.00010556548
0.000937103
3.9568795e-07
0.0017309305
0.16850795
1.1674937e-08
0.0002230171
0.010804323
4.442945e-08
0.0032974726
0.9561926
0.1690845
0.9999998
1.7576158e-07
1.6816259e-06
0.0014842948
1.258736e-08
8.279914e-06
0.00010019558
0.00065745966
3.5046585e-07
8.216703e-06
3.6907624e-09
5.2773972e-05
