1.0
1.0
0.99998057
1.0
0.00022000496
2.4069332e-06
0.527696
1.31881945e-08
1.5408379e-07
0.9969639
2.643962e-06
5.2436612e-06
1.4665839e-06
6.5079814e-07
7.020142e-08
9.212812e-05
2.5444734e-07
5.0398045e-05
1.179879e-05
7.3125584e-08
0.9336312
2.6645255e-08
6.7274755e-07
2.3490603e-07
4.1429635e-07
2.0643274e-06
2.306451e-06
7.9899047e-07
1.3998738e-07
0.000842314
1.2046107e-07
4.7877056e-06
8.580314e-09
2.2861588e-09
8.895065e-07
0.99907875
7.7687226e-08
2.406124e-08
1.27062e-09
0.18228383
0.0014961396
0.9976144
3.678063e-06
2.609327e-09
2.753797e-09
0.0016965646
3.578144e-06
2.0426123e-05
2.4690735e-07
0.56298447
1.5294138e-08
4.1322834e-09
0.004301834
4.379642e-06
1.0526022e-06
0.99999976
2.4570832e-05
8.883593e-11
5.2485657e-08
1.2994749e-09
3.9090553e-09
1.8319015e-05
2.6645255e-08
1.05283156e-07
0.99997395
7.973843e-07
0.011810009
5.353534e-08
1.3386729e-05
1.5427526e-09
3.2206695e-09
2.9049426e-08
2.7178305e-07
9.788719e-08
2.5518723e-10
9.4115464e-08
1.2669476e-07
4.1853838e-08
4.7420824e-07
1.1764534e-07
4.879402e-06
3.4258312e-07
3.07335e-08
7.431971e-07
2.1888259e-07
2.71704e-05
0.00041619502
1.3913564e-05
0.0008138481
3.3092647e-11
2.463894e-11
2.8636526e-10
4.1323958e-08
6.639059e-09
3.0030478e-09
2.2860814e-08
2.659776e-06
9.398e-07
1.589993e-08
1.543952e-07
1.05139835e-08
9.592433e-08
2.980414e-11
2.8947965e-05
1.2426891e-07
2.5772913e-08
7.6644443e-07
0.0014222453
0.00029660424
0.0009232228
5.0362553e-07
1.2220393e-05
7.2374382e-06
7.755457e-08
9.761717e-09
2.2362246e-06
9.530496e-09
1.6964107e-08
0.00042764592
0.26943496
5.2884575e-06
0.97292966
8.097862e-08
0.00019077788
2.3708885e-10
1.8900354e-06
2.6556032e-10
1.7472222e-06
0.95414317
4.7881046e-09
6.148043e-06
3.5706855e-06
1.2965714e-05
8.271077e-07
3.706289e-09
1.0310497e-06
4.1323958e-08
2.5856627e-05
6.3708288e-09
6.188953e-07
3.682351e-05
0.7422468
3.6807586e-09
2.7178305e-07
0.00080075365
8.4634594e-05
2.2846842e-10
1.7873752e-10
6.1491455e-06
1.624869e-05
9.005003e-08
1.2028462e-07
3.6476933e-06
0.054469317
6.0833116e-08
2.2812546e-06
4.7420824e-07
2.0826674e-09
0.088504545
1.8793052e-06
1.0223198e-05
9.45517e-10
1.768961e-08
3.0273843e-05
2.3439192e-10
2.4503583e-08
0.068018325
2.9992376e-07
0.56298447
1.6572021e-05
2.7086034e-07
1.8916446e-09
5.4825784e-09
0.00017269535
0.0021112121
9.45517e-10
4.794504e-06
0.9995034
1.838787e-05
0.9266735
1.0754419e-10
9.411565e-08
3.3092647e-11
8.651674e-06
8.050359e-06
6.69601e-08
1.4141226e-06
5.7429315e-09
1.0405022e-07
0.031999066
0.9761253
2.609327e-09
2.2362246e-06
4.2621227e-09
0.006446135
9.411565e-08
0.6947892
0.00021279177
5.4594955e-09
8.235287e-09
7.7687226e-08
2.1422039e-07
2.1745398e-08
0.2372749
4.2205525e-07
0.00527761
1.3695412e-08
1.6007022e-10
8.6982e-08
0.0035522154
1.2166178e-09
1.476762e-06
5.155366e-07
6.4626242e-06
4.7722517e-07
1.5265861e-09
0.72052646
2.4680875e-09
1.4717644e-10
1.3772631e-06
2.6657395e-05
1.5386187e-08
1.6007022e-10
7.693375e-11
2.3925398e-07
0.0017398867
7.283341e-08
0.12046335
0.9999932
2.980414e-11
0.9737751
2.3925398e-07
0.992698
2.720128e-06
3.6476933e-06
5.0083017e-06
0.5044
3.682351e-05
2.5559311e-06
1.6763709e-09
5.4315974e-09
8.235287e-09
0.2989887
0.000546024
1.2216473e-09
0.5356373
1.1003896e-09
7.853164e-08
0.0008138481
2.0716877e-06
6.230048e-11
1.4889839e-08
2.1433943e-06
4.4490173e-07
1.3181322e-09
1.0230855e-08
0.00029660424
1.6763709e-09
1.0182458e-08
2.5657803e-07
0.8852901
0.11022916
1.1247093e-05
4.913717e-09
0.99995613
2.525129e-08
1.6469048e-05
4.7085095e-08
0.99999726
0.0034999559
5.0919553e-09
3.258555e-07
1.3070692e-06
0.08900565
5.0083017e-06
8.6465834e-10
4.4636874e-08
5.3955795e-05
0.011913764
2.2111855e-09
6.893098e-06
0.6038627
1.3580689e-05
3.9257156e-06
1.6976775e-05
4.4365902e-07
1.0310497e-06
3.3383705e-05
2.0351996e-08
9.411565e-08
8.406016e-07
2.7195047e-12
0.44304729
0.94425875
0.11025509
3.166691e-05
6.1819156e-07
0.48022938
0.0033656878
0.00047359467
