0.0024592609
2.3020617e-07
3.2594788e-05
9.563031e-06
1.4227638e-06
0.99999994
0.00014677712
0.048035875
0.09755412
0.21230069
7.4194268e-06
3.572807e-05
0.00029538656
3.9807435e-07
7.7522e-09
9.673016e-06
4.9079972e-05
0.0010570704
3.2234985e-07
0.001509952
1.8815123e-05
0.0021315536
0.9988197
0.0003300687
2.1858334e-06
0.9862296
2.3964158e-06
0.00019839634
0.71585536
0.002627582
0.0066757547
4.39438e-07
0.00073728623
0.00091426953
0.0038458453
4.6581473e-08
3.2715994e-05
0.000611939
0.0010497596
1.8869467e-06
8.491803e-05
0.0065708044
0.98430556
3.1531837e-07
1.2943403e-05
9.2748465e-08
0.0010232447
7.9455214e-07
0.00051954103
0.0028296248
2.0042498e-05
4.8542133e-06
6.48872e-07
0.9999892
0.00019382541
7.705744e-05
1.4615657e-06
0.9991107
0.00013538865
6.360244e-08
0.9094928
1.0116446e-05
1.7928097e-06
1.1462449e-06
0.005503331
4.496331e-06
0.9966844
0.00021194435
0.0050952383
0.9871893
5.1179452e-08
7.191531e-05
1.9098886e-06
0.0017255831
3.7346332e-08
0.8778281
3.1531837e-07
7.229128e-05
0.986941
0.016886882
1.6885097e-05
1.1296333e-07
0.0010519179
1.0360337e-09
0.00018445995
0.00011733919
1.3101792e-06
2.1971749e-07
0.4373223
0.00014151023
1.6052361e-05
0.63420314
0.4842992
0.00016691725
0.0014382161
0.056245346
5.6234057e-09
0.64456195
0.99998856
0.0028296248
0.0035330495
0.010928067
1.8517192e-06
0.06341577
0.99999994
5.652147e-06
3.8970547e-09
3.4953726e-07
9.9419964e-08
1.7545508e-05
2.5132207e-05
2.6169944e-05
3.068007e-05
0.20883402
0.005127668
0.030612541
7.234356e-05
0.5247222
1.8517192e-06
0.015761213
0.80439186
3.086862e-08
0.014422393
4.787678e-07
2.8992412e-08
0.9530255
8.293677e-08
0.004638719
7.2567855e-07
0.0011197809
0.003521291
0.4842992
0.00017181203
0.9923485
4.543574e-06
0.00012668835
1.3277361e-05
4.665644e-06
0.00014186827
0.00012263318
3.3575517e-07
0.06263957
0.5694644
0.56184584
4.9103746e-06
4.4504134e-07
0.5079449
0.0012271701
0.27517486
0.95330215
4.620157e-07
3.917118e-08
5.729018e-07
1.3799041e-07
0.00013656192
7.6799064e-05
0.0001275604
0.9758718
5.018587e-07
2.754164e-07
0.00020953837
0.00044759823
0.00070725125
0.0021315536
4.868704e-05
1.9746703e-05
0.00046114033
7.4194268e-06
0.00022017285
2.0753874e-05
0.00128319
7.2567855e-07
2.8462515e-05
4.2753295e-06
0.014590666
0.99864054
0.00035113434
0.17142862
0.00076158927
8.5979593e-07
6.274705e-07
0.9681607
6.0696866e-06
0.34897533
8.491803e-05
0.054278053
0.006104392
6.218852e-05
1.4882201e-05
7.348762e-05
5.1923575e-08
8.867242e-05
9.743618e-07
9.944856e-07
7.2567855e-07
1.623207e-05
0.0028400496
0.00062408653
1.4510174e-05
7.15759e-05
0.25441086
3.0864553e-06
0.0013900144
2.3876499e-08
4.5960056e-05
5.4003485e-06
3.2594788e-05
0.0004671314
0.001533433
2.3053684e-05
7.721803e-07
4.512601e-08
0.0005329464
0.15236446
4.678433e-05
0.5469241
2.670433e-07
3.1984819e-06
1.2043499e-07
7.9455214e-07
0.004925674
9.329006e-06
0.0038458453
1.2788262e-06
1.4035103e-05
0.9991107
0.0053737126
1.8869467e-06
9.901574e-08
2.010645e-08
0.0006258932
0.037287652
5.652147e-06
0.07063773
0.1327668
6.100006e-09
2.1150236e-06
0.0023923647
1.2989708e-06
0.0022348047
2.3705982e-06
0.00016344975
3.9807435e-07
3.1531837e-07
7.68146e-05
0.007609203
1.8555676e-05
0.061177872
4.91552e-05
0.9147504
3.887787e-05
1.1085447e-05
0.00044901678
5.8932917e-05
4.680419e-05
1.8561762e-08
9.1548367e-07
0.00018445995
0.010664453
8.927495e-06
0.42705166
0.0025673807
0.0057591405
2.1858334e-06
7.9807144e-08
3.9929478e-06
3.5026906e-07
4.624147e-06
1.0506485e-06
0.0010519179
0.010377951
0.013469644
0.00046114033
0.00026994717
0.00062408653
0.00012435597
0.71585536
0.00089408347
9.4308525e-05
0.99977005
8.464826e-06
0.000449209
8.491803e-05
6.958061e-05
5.1198676e-06
5.508499e-06
1.2061712e-05
1.7196342e-05
0.0012137445
0.22113761
0.000104138824
0.009817746
1.0116446e-05
1.8003088e-06
0.0003947579
6.5174345e-07
2.0047526e-05
0.00021194435
0.029929264
0.005888966
