1.0
1.0
1.0
1.0
1.0
1.0
1.0
1.0
1.0
0.9999998
1.0
0.99999964
1.0
3.916877e-05
0.0004771195
0.9411176
1.6905833e-05
0.050353564
0.0033501526
7.262918e-05
9.927628e-07
7.724396e-08
0.32895994
0.999858
0.00014080358
3.916877e-05
0.0002800801
0.030704385
1.0809972e-09
7.139988e-07
0.025360007
6.525615e-05
1.357992e-08
2.0901512e-05
5.3099836e-10
2.2584514e-09
0.00026151922
0.999099
0.99681395
1.8286161e-06
0.00016881558
8.362201e-08
0.9411176
0.073461466
2.6979615e-06
0.9931563
0.00074195646
3.7884118e-05
0.00017013226
1.9757866e-09
0.36348164
0.99410266
0.015998906
0.5168232
0.017511591
0.01905643
0.0032733202
0.005973797
0.99878615
0.0079039335
0.79477775
2.7336353e-06
0.00029271515
9.88184e-08
2.576387e-08
6.225744e-08
2.9225543e-08
0.9613142
2.9054889e-05
5.2813633e-08
2.5315994e-06
2.391874e-09
0.00013679157
6.121819e-05
5.644225e-05
1.5579947e-07
1.8774294e-08
3.1745762e-07
8.112159e-05
0.019514024
0.67103994
2.0307682e-05
1.9757866e-09
4.3514796e-05
1.1232431e-06
0.999999
2.0635049e-05
7.744301e-05
0.00023912899
6.525592e-09
4.5914308e-07
2.6979615e-06
2.7471467e-07
0.018404497
2.8725677e-07
8.37622e-06
1.5094129e-05
0.00067288324
5.9079284e-06
7.253797e-08
0.0002156486
8.828098e-09
1.8511203e-08
8.175339e-06
4.3804675e-07
0.0029982517
8.315108e-08
0.99999803
0.0027586718
2.5295833e-08
3.0297326e-06
9.951616e-08
2.0932036e-06
0.00014078587
0.9588523
0.8805286
1.5074802e-07
1.0232961e-05
1.2193706e-07
0.00023055749
1.2760448e-06
1.2886763e-07
1.8400641e-07
2.8355382e-09
8.791165e-09
2.2903105e-08
1.776994e-05
0.0003131271
6.6402905e-08
0.0011923562
0.99438787
1.2491328e-05
0.00013429331
6.7214105e-06
1.0808328e-08
8.2431164e-08
2.2068372e-09
0.00042982795
0.0010470101
2.5405507e-06
5.2268075e-07
0.019514024
3.932239e-08
1.3579549e-05
2.6062843e-08
5.1294963e-05
6.6199445e-06
1.9544262e-09
0.2986364
1.47658e-07
1.7734219e-05
0.9999585
0.10923054
4.6415935e-05
0.00058657944
0.00013671984
0.00029271515
2.657361e-05
1.3579549e-05
0.99391735
1.1112734e-05
6.3630594e-08
3.9438064e-06
1.3316535e-10
0.4237019
7.727159e-06
3.1034297e-06
1.064915e-07
1.2699403e-05
5.6590998e-06
0.24479109
1.7400738e-05
0.0005436233
0.0056740628
1.8902858e-08
2.2237444e-05
6.638018e-05
5.1967813e-10
4.7101403e-07
1.6768024e-06
1.8346441e-06
0.00080142927
0.0007246327
6.958446e-07
0.00016094219
0.0006161956
3.2259206e-05
0.00074195646
0.30445638
1.9641273e-09
0.9984377
3.407863e-08
6.032615e-06
0.77147514
2.753032e-06
5.5627485e-09
8.694053e-08
0.0018811113
8.0693004e-05
4.8883913e-07
1.01051455e-05
0.004150873
4.569311e-06
2.2754284e-07
0.019221103
1.9516017e-06
1.5579947e-07
8.37622e-06
1.4939671e-06
0.6522665
7.9491634e-05
0.00025519784
5.5771266e-06
0.00086287
1.38811e-06
0.0041058348
1.0535804e-06
0.00014078587
0.010734059
0.021054903
0.00046390007
3.488525e-08
0.9999988
9.591657e-06
3.0860599e-09
2.0329597e-07
7.129415e-08
0.0017604755
2.6811489e-09
6.727349e-05
1.6903513e-08
0.0005461906
7.3600853e-10
1.3748924e-05
3.1234658e-06
5.3647575e-08
6.2639907e-07
1.9230699e-08
0.000104345185
4.697683e-06
3.7884118e-05
0.6723147
2.3532502e-05
2.1770895e-06
0.0048703374
1.1196224e-07
4.2987926e-05
0.00046814195
4.9663055e-07
0.0008001572
0.03382459
0.006215446
0.99878615
3.4269465e-06
6.525615e-05
2.9302626e-08
0.00020432235
1.4831393e-08
5.2143855e-07
0.0012507633
1.7736485e-05
7.797781e-05
0.0004771195
5.1967813e-10
3.7387756e-05
6.276977e-06
1.7861525e-07
9.47934e-08
0.0001346693
1.7070086e-07
1.0710606e-07
1.6393345e-06
1.4133069e-06
2.9225543e-08
1.091707e-06
0.00125101
1.4397477e-05
0.99735284
0.00058080314
1.2512243e-06
2.2237444e-05
5.4369067e-08
2.8259668e-08
9.9764555e-05
1.091707e-06
3.0581812e-06
2.874111e-05
0.0004703191
0.00023055749
0.0004929174
0.0002087073
0.0007246327
9.602599e-07
1.9006357e-05
0.07640849
1.1424962e-06
2.4775374e-05
0.8894358
1.984748e-05
0.9993846
