1.0
1.0
0.8436313
1.0
1.0
1.0
1.9601016e-08
3.8377883e-07
5.354982e-05
0.00015330578
0.00033788456
5.4285123e-05
0.00082156196
0.0056104674
0.002292439
9.178456e-06
6.099659e-07
6.2325385e-06
0.00042677642
8.587789e-05
1.4908132e-06
0.0002678521
0.0067705717
0.00044890083
0.0012669445
0.0004778864
4.0542852e-07
1.5361928e-06
1.6322634e-05
0.00039782797
0.0025757612
1.5649905e-05
7.8569235e-07
0.0001107788
1.3249189e-07
3.868131e-08
1.7696242e-05
9.3494947e-07
0.04784953
0.029355332
2.0874328e-08
0.9996767
1.3498029e-06
0.0005757907
2.374519e-09
4.395958e-05
1.3750944e-05
0.0058493004
0.951388
0.066034764
3.7803858e-08
9.352168e-06
0.00062065624
2.0980922e-06
4.313153e-09
0.00013290056
7.811833e-07
0.7039452
1.8570618e-05
0.76252615
1.0959099e-05
1.5310065e-06
3.7695287e-07
1.377225e-06
1.9118754e-07
0.04784953
0.0064799516
0.0004873737
0.0033001474
0.00014518113
9.0575295e-06
9.9617374e-08
0.00069826696
8.112361e-07
0.00012265563
0.1708859
0.99995494
0.044398706
1.343592e-06
6.388784e-05
3.4449164e-05
0.0049150796
7.5328774e-07
0.024064736
5.04742e-07
0.97001135
1.2548546e-06
0.9990615
3.6274974e-05
2.4952499e-06
0.03781729
1.6322634e-05
3.4039765e-06
4.0542852e-07
2.2769154e-07
0.0026440234
0.9996383
0.0002778378
7.406296e-05
1.6116217e-05
0.9976283
5.0141803e-06
1.9715637e-06
2.2263503e-05
0.9999997
3.7296235e-05
1.4618794e-06
5.793339e-06
2.114817e-05
2.621691e-07
0.00015135162
3.8742195e-07
1.3579148e-07
8.852886e-07
0.8877524
3.126792e-05
0.9069476
0.2933629
0.9714549
0.0052202893
0.0005652827
2.3460327e-08
0.0007991628
7.680207e-05
0.007629885
1.4190985e-05
2.8693034e-08
9.16247e-05
1.0164393e-08
0.029669082
0.9999685
0.017936233
1.16205565e-05
0.9988614
3.7638458e-06
3.25428e-06
1.4908132e-06
0.9739221
0.0002604026
2.2184194e-07
5.1110524e-06
1.302823e-06
6.029436e-07
0.0074901776
1.1428875e-06
0.00039782797
5.354982e-05
0.22140148
0.951388
0.00024087724
0.8435853
0.0016680903
3.6430906e-06
4.509944e-06
0.37767455
0.03790709
0.0029156432
0.025895845
1.7696242e-05
7.728633e-06
0.00014557564
1.1552501e-09
0.000268802
9.247049e-07
0.000711108
0.00018811105
0.0059721353
0.00023012813
5.6580535e-05
3.5108849e-06
0.11752084
4.5015977e-08
0.03254363
0.07382562
3.6269856e-05
1.16205565e-05
1.2521983e-06
8.820562e-08
0.001155182
4.7524004e-06
0.0014481057
0.00016310303
0.99999994
1.9689713e-07
0.0002678521
6.377923e-06
1.2055341e-05
0.0011406651
0.5254144
4.4403362e-07
0.47355467
0.9677833
0.071756944
3.4750312e-07
2.8419884e-06
7.962547e-05
2.7881368e-05
2.393282e-05
1.5992036e-05
0.066627376
4.913776e-05
1.6116217e-05
0.37610754
0.04386689
0.6394827
0.0043645757
0.2043359
0.0107984785
1.5101194e-06
0.00016550074
0.0018918981
8.275139e-09
8.112361e-07
4.799701e-08
0.00059972215
0.0036046084
0.7824247
1.6800887e-07
1.6394831e-07
2.3287498e-06
0.00029072628
3.7297468e-06
0.99995005
0.009450858
2.0980922e-06
2.6456546e-06
9.834605e-06
1.717674e-05
0.8877524
1.5225913e-08
0.014372538
0.002110933
1.541895e-05
2.767695e-06
9.36604e-07
8.008319e-06
0.00040018396
0.00016069683
1.0448681e-06
0.95068353
6.7135676e-07
1.1114647e-07
1.417636e-06
0.0015491033
5.5743244e-06
0.9997055
1.7192026e-06
0.0030333214
3.0586133e-08
1.565383e-05
5.536159e-06
0.25660244
3.0357365e-05
0.25660244
0.00041431078
9.3494947e-07
3.97492e-08
1.6354948e-05
0.0010240293
4.913776e-05
1.7054609e-06
0.044398706
0.00031488555
0.00024330661
0.0012779235
3.7093182e-07
0.0002890272
2.5545944e-05
4.268425e-05
3.0862327e-07
0.99999994
7.311631e-05
0.65308595
5.55428e-08
0.99996746
0.00016550074
0.97482705
8.8818105e-08
0.33642325
6.725431e-05
7.6101834e-08
0.00024087724
8.8818105e-08
0.00036478892
8.8528776e-07
0.00086207734
2.1438798e-07
2.2184194e-07
3.2015428e-06
1.343592e-06
3.4337265e-08
0.00016094602
7.765284e-07
0.0002537085
0.52727115
0.00059886
1.0164393e-08
0.00041619065
0.2933629
0.99731404
