0.99979097
0.99979097
0.99933624
0.34986988
1.5102984e-05
0.00020786881
0.061957262
7.30902e-06
0.99999726
4.723028e-06
1.5280775e-06
1.2952833e-06
8.714458e-06
0.00017665113
6.50997e-05
4.5070968e-07
0.012258002
7.1969607e-06
0.0010177196
5.057827e-06
0.9999586
5.8204577e-08
1.5911715e-05
4.560713e-06
1.12085145e-05
2.916268e-06
0.9692393
3.2485439e-06
4.07105e-07
4.042722e-05
0.03919218
2.1097367e-05
2.6749072e-05
0.9999513
0.06984475
0.9999985
5.54875e-05
0.997897
6.4783744e-05
0.0011447187
8.7012864e-08
0.0011411656
0.1029294
0.99996483
0.8384806
0.006898639
0.000106875435
0.0011655699
6.9699956e-07
3.5192432e-05
0.03919218
2.8931572e-05
0.024007287
0.3356153
4.4597988e-07
7.2036666e-05
6.9400494e-07
1.1765e-06
0.015794491
2.3289356e-07
1.9836838e-07
7.447744e-07
1.7400689e-07
1.2082843e-07
0.00014004383
5.0272087e-05
0.00094051275
0.018430257
1.4994488e-05
1.8888065e-06
5.967016e-08
0.9783041
0.0026983658
0.05205528
1.0
0.9996091
4.499218e-09
0.00037760733
0.27880657
2.3306928e-05
0.9492556
0.0040777875
2.3451834e-07
2.4317985e-06
5.8573332e-05
4.7387193e-06
0.0004069731
0.99998486
0.9872497
0.0002213465
0.00039424925
1.833142e-05
8.9686946e-05
3.2485439e-06
0.040722515
0.0011036068
1.8544284e-05
7.367609e-05
1.5893273e-05
0.0031616886
0.0001418519
3.729071e-06
5.561835e-05
2.0664213e-05
1.5444455e-06
1.9125451e-05
2.661631e-07
2.113202e-05
0.00041537138
0.013718119
0.030764025
9.421724e-06
5.7405356e-07
0.001461892
9.986951e-06
2.0526537e-07
3.3815886e-05
1.6767299e-05
0.017730162
3.2370534e-07
0.9999932
3.1771442e-08
0.08332941
0.06665692
4.1571167e-07
4.808182e-05
0.0007232578
0.00097012345
0.9999939
3.2148748e-07
0.010761172
1.3265645e-08
0.0012027766
5.2798475e-07
2.6853576e-07
0.03215115
6.0154736e-07
2.2926065e-06
8.9686946e-05
1.9011035e-05
1.5587435e-05
2.788307e-05
0.012616309
0.003928999
0.9998656
1.7457667e-07
4.08874e-05
0.8347736
0.03215115
2.4308538e-05
4.5323477e-06
8.009113e-06
0.0004275876
0.00041537138
3.5790883e-08
0.2593639
0.49480188
2.916268e-06
1.1586311e-06
0.013312878
0.0012260071
5.943872e-07
1.2445371e-05
3.2370534e-07
5.073985e-05
4.022346e-06
5.561835e-05
2.2489312e-08
1.4776813e-05
0.04853828
0.019588958
0.0008082569
1.324635e-05
0.044963606
8.746877e-07
0.0019342058
6.0721953e-07
0.0018298493
0.05205528
0.9981035
0.9823554
0.039577637
0.0004948553
0.18446937
0.015794491
0.00012148592
1.3914632e-09
0.9676679
0.0018959407
0.0031689298
0.9999993
7.583565e-08
6.0388986e-05
1.2033297e-06
1.8554243e-05
4.064451e-07
0.00015953544
6.222922e-05
0.99264556
1.0284114e-07
0.010761172
0.9791501
0.00015175031
0.14420077
0.0003995272
0.99979144
1.8193897e-06
0.0012138156
5.5498716e-05
0.00015175031
5.967016e-08
1.5342312e-05
5.8617024e-05
0.11289544
2.5306505e-07
3.6258635e-07
1.0
0.0010177196
0.5060206
3.0008446e-06
0.0036105113
6.7157795e-05
0.059137795
0.00053267844
2.6110965e-07
1.5089562e-06
3.3801505e-05
3.187512e-05
3.5242807e-05
0.00012484465
0.000234755
4.6916222e-05
0.99998635
1.0483462e-05
0.15208438
0.004870213
0.24206983
6.861576e-05
4.4251783e-06
0.32791764
8.661093e-06
3.4825996e-06
0.0012027766
0.0063576973
9.947608e-06
2.313087e-07
6.8584675e-05
0.0002478425
4.723028e-06
0.061957262
1.2199317e-05
0.60416645
0.00020768378
0.00033746718
0.00014552845
1.0
1.0
4.6992613e-05
0.04787846
1.3998945e-05
0.00024116586
0.0005290358
3.0723209e-06
0.9254463
1.0
1.1445486e-06
1.990885e-06
3.9379665e-07
0.0032484776
0.40422788
0.10949514
0.16048878
0.00010955516
0.0005541365
8.540276e-06
0.9254463
0.0034645197
9.003408e-05
1.8646234e-06
0.0023837527
2.2763345e-05
0.8330624
1.352643e-06
3.4511828e-07
4.931897e-05
1.9125451e-05
8.680326e-06
0.000660716
9.7930606e-05
2.654897e-08
3.4878605e-07
0.99999946
0.99998415
1.202447e-07
2.5813317e-05
0.011561723
0.24433307
0.06880337
4.008901e-08
9.322176e-06
