0.9999257
2.4631742e-08
5.606989e-05
2.1745073e-07
2.0431034e-07
2.6918651e-06
0.008569797
0.007820572
1.0970477e-05
0.0031103315
0.8956785
9.597394e-06
1.7396998e-08
0.024640806
9.9990864e-08
0.0033073323
7.800705e-08
1.5084481e-07
0.7358489
2.5327847e-07
0.014334429
0.97687954
0.0013480809
3.4415888e-07
0.7358489
6.889021e-09
0.0018822836
2.1750873e-08
0.04413565
5.194315e-05
4.801514e-06
0.6156909
1.3093201e-05
0.996214
2.9103333e-06
0.0023998888
6.509816e-05
0.9998899
8.3110535e-05
2.71914e-07
0.012943219
0.0016067246
0.0011416336
0.00086884445
2.1368967e-07
5.65658e-06
0.00018448036
3.5077755e-06
7.910447e-07
7.5621538e-06
2.14544e-05
1.1518907e-06
1.038483e-09
0.86004984
0.99941283
0.99999994
0.00076757616
0.0004832699
0.0908067
4.487211e-09
5.1082698e-06
1.3596788e-06
0.07076244
0.00015607549
0.0008702065
0.86004984
0.0005015499
0.00049830426
3.0252228e-05
0.0018363127
9.638941e-07
6.506693e-06
4.536139e-07
1.4665643e-06
4.390639e-07
2.2112168e-05
0.022668878
1.0660022e-05
8.285965e-06
0.00030126763
6.4703034e-09
1.743361e-07
5.9359434e-05
3.2383055e-06
3.776066e-06
0.46062386
1.4194332e-08
2.086474e-07
9.497637e-05
4.9319395e-05
1.8360289e-07
3.384353e-05
0.008569797
5.1375647e-08
0.85017335
0.00107667
4.318423e-08
5.5231803e-06
1.1587905e-08
3.3666299e-09
1.2918044e-06
1.4492611e-05
1.0976243e-05
4.5675154e-07
0.9574626
0.0050906017
0.97936386
3.43706e-06
8.316357e-06
6.7632995e-05
5.3749794e-08
0.29144555
0.00016651872
2.4039231e-05
3.8579122e-07
1.7979048e-08
3.5077755e-06
6.357913e-09
7.521103e-09
0.003935856
0.003931385
8.0655376e-08
5.4643944e-08
0.1338786
0.040432837
0.8543758
0.08199922
0.000337375
4.687973e-05
3.079564e-08
3.1364534e-06
0.012443276
0.26151675
6.0394166e-05
1.1774832e-06
6.127493e-08
0.0067616827
0.014707642
0.00041696863
1.3455742e-05
0.0003790276
0.00017747011
2.7544496e-08
4.2927295e-05
6.118658e-07
6.840421e-06
0.0022544384
6.352179e-06
2.0503293e-07
4.011811e-06
3.776066e-06
0.016679643
0.0014097409
0.000107859734
1.7167288e-07
0.00063565304
0.30346295
5.9450427e-09
8.741906e-09
7.454226e-08
0.0006562831
0.067816995
7.454226e-08
1.3455742e-05
0.0014976085
0.024640806
1.7134727e-05
4.687973e-05
0.0026192986
3.8465414e-06
5.179379e-06
7.8616635e-05
0.07076244
0.57203066
0.99941283
6.068749e-06
1.7793451e-07
0.075164534
0.9999802
0.0004282901
0.000146564
0.0017142246
0.7728934
0.99921
0.0048091547
0.7931469
0.99999994
0.00018448036
1.0848896e-07
0.00025454804
0.0027195313
4.908119e-05
8.91118e-07
0.0023447024
0.00076757616
1.4529562e-07
0.03831001
5.7547986e-08
1.1133011e-09
0.9999911
0.9999999
0.00015860097
3.6139534e-07
0.0005100729
1.3879426e-05
0.0007571259
2.0445985e-07
0.008569797
2.1745073e-07
0.00019518351
6.3831435e-06
0.26151675
0.9999999
0.038568508
5.6022196e-09
0.067816995
4.14766e-05
0.0041504595
0.0033073323
2.3242737e-05
1.4224923e-07
1.115644e-05
2.530269e-07
3.116337e-05
7.177017e-07
0.00056732027
2.3005649e-07
0.0001905977
5.3749794e-08
0.99066496
8.4522213e-07
5.834418e-07
3.2618073e-07
1.115644e-05
0.0019059388
0.006838367
2.1224658e-08
0.0016067246
0.003935856
4.197071e-08
0.00028230876
1.2375731e-05
0.00011833078
0.0009810125
0.9827497
4.674507e-06
5.606989e-05
1.0601706e-07
5.071419e-07
7.081749e-07
5.1375647e-08
4.2806455e-06
4.0692677e-05
9.020283e-06
7.5621538e-06
2.8989433e-07
5.996623e-07
6.357913e-09
2.1750873e-08
7.144989e-08
0.0016067246
0.9999999
1.7282655e-07
0.004932667
9.597557e-08
4.626896e-09
0.00010028601
3.3422727e-06
0.00107667
0.0003100936
3.8377916e-06
6.4218664e-05
1.7561611e-05
0.9984779
0.03913623
1.0982177e-06
1.4852695e-05
1.0804824e-08
1.4540832e-06
0.8930246
2.1169257e-05
0.03104455
0.10808707
0.4192151
1.2890035e-06
1.5084481e-07
0.00031736988
3.8465414e-06
0.004006193
1.6145985e-05
7.9690235e-06
2.9103333e-06
0.82574177
0.99080247
0.014334429
6.4218664e-05
4.318423e-08
1.0
2.1844226e-05
1.7163589e-07
