1.0
0.99999976
9.3763896e-07
3.568078e-06
1.0363465e-06
3.9333088e-07
2.666204e-06
0.9804014
0.011456904
0.0001457023
5.647946e-09
0.8373094
1.7613071e-06
4.27304e-08
4.193691e-07
1.5676909e-08
0.96498376
0.0029833608
0.00046108497
0.00018263231
2.9372539e-05
0.0008340405
0.9999995
5.2332653e-05
2.3995487e-06
0.0007626052
3.8734655e-05
1.0074728e-05
7.6614043e-07
1.6319503e-07
3.7512748e-07
5.247938e-06
0.0061871028
5.768018e-07
3.3470904e-08
4.170114e-09
0.00010073859
1.4651552e-06
2.2776454e-09
0.99990344
0.8982917
2.802489e-07
0.9736347
4.074695e-09
7.538224e-07
2.4860647e-05
3.0481358e-06
6.821673e-05
4.1696465e-05
0.013609193
3.2508738e-09
9.007504e-05
6.171313e-08
2.3461864e-06
6.0471193e-06
1.6259756e-09
2.2983018e-07
2.3712888e-08
1.0693695e-09
9.68897e-08
4.240826e-10
4.9325885e-05
0.99948335
0.99999994
1.0363465e-06
2.5054217e-07
7.250754e-08
9.807312e-05
0.33548006
1.5942284e-06
0.026533294
3.37354e-09
7.250754e-08
0.0083696265
1.1592165e-05
0.9996988
0.11734293
4.0075864e-07
2.643816e-07
6.812999e-08
1.614367e-07
7.552217e-05
0.0004816217
1.3783689e-05
0.9909759
0.9999651
5.2384845e-08
0.0038932282
0.13397351
0.0047854534
1.1752982e-05
3.0730611e-09
4.074695e-09
6.812999e-08
0.0018526184
2.9841612e-08
7.5244265e-05
8.454298e-06
8.747346e-05
1.9596755e-05
1.5699761e-06
7.713472e-08
0.031953186
3.8490995e-07
0.12577145
2.7734443e-06
0.6608833
3.926017e-09
7.538224e-07
8.279065e-05
2.7470278e-05
0.99857557
3.378854e-08
0.00030529886
4.4665921e-07
1.0794899e-07
0.00014922899
0.0014440364
0.003121363
1.2565884e-09
0.9990384
0.00030709477
1.7260746e-06
4.676906e-06
0.11151597
0.0012258744
3.6776277e-07
2.8958817e-07
0.031953186
3.051155e-08
6.9706937e-07
2.419752e-05
0.0009914435
9.557948e-07
1.4298567e-08
1.7479572e-06
0.0012349078
0.0017694429
7.617545e-07
4.906138e-10
2.3461864e-06
3.539758e-05
3.4236757e-07
8.1637546e-07
8.202687e-06
1.8054359e-06
3.860212e-05
0.00023434554
2.4331416e-06
0.00043338892
0.00010602126
0.10183863
9.478203e-05
7.1096215e-06
0.011274501
4.602921e-08
0.004613109
5.9464337e-06
5.764543e-07
0.98769873
1.8490242e-08
1.14521545e-05
0.00023906608
1.3946223e-07
1.671897e-06
9.112698e-08
1.9743662e-09
0.025208844
0.74798906
0.00067475584
0.013609193
5.247938e-06
8.814487e-07
9.211111e-06
1.547509e-07
7.083601e-08
0.024199862
2.0008316e-05
1.3560953e-07
6.91481e-09
9.996804e-06
0.0047854534
2.1951845e-08
6.504135e-08
6.3325206e-05
0.21408968
0.10991914
0.98769873
3.059058e-05
1.2565884e-09
0.0007626052
3.4852976e-09
0.99906784
0.5801161
1.11547915e-05
1.0327362e-05
0.99446964
0.00011568811
6.5697044e-08
1.3062144e-06
0.72374797
5.0910992e-05
0.9620351
7.6239616e-05
2.2104949e-08
0.99807835
9.221052e-06
9.478203e-05
8.171608e-08
3.916634e-05
0.9262722
1.0074661e-08
9.644388e-08
4.120489e-05
0.004042141
0.16564316
4.2720708e-07
2.4367107e-06
2.0941793e-09
6.8901335e-07
1.3580948e-05
2.307551e-06
1.8518446e-06
0.00038646904
0.0010893289
0.015633827
5.081791e-05
1.4652704e-08
4.3756577e-07
7.034136e-08
0.99807835
1.4448851e-09
3.7128075e-08
0.9736347
9.656812e-06
1.4235809e-06
1.4557467e-07
0.005155425
3.6897127e-06
0.9870979
0.000114536444
4.0075864e-07
1.838787e-05
4.193691e-07
5.855165e-08
9.616971e-05
4.429147e-06
2.4367107e-06
6.074778e-05
8.1818683e-07
1.0330665e-06
0.000109979075
0.00016732774
0.0479647
9.446707e-08
6.3304747e-06
0.42220727
1.7149027e-07
8.42517e-06
3.9418592e-07
9.62553e-05
0.0012042922
0.03515771
4.906138e-10
1.7560387e-08
1.8490242e-08
1.6853667e-06
1.2668075e-07
6.6416596e-06
0.9981109
7.460694e-05
0.85357237
0.077095285
0.00011158263
5.0910992e-05
1.4118667e-09
8.495011e-07
1.3956364e-06
8.1637546e-07
0.02410087
2.2624045e-07
1.9673367e-09
4.4295693e-06
7.1449394e-05
0.99948335
0.0034329041
4.74467e-07
6.948135e-06
0.00026569804
2.8421884e-05
1.7172129e-08
4.35076e-06
0.0042546294
9.0086294e-05
2.286474e-08
4.676906e-06
0.00016001107
4.1667363e-06
3.3585486e-05
1.2813202e-06
