0.8507904
1.0
1.0
1.0
1.0
1.0
0.9997957
0.045123667
0.9989586
0.99997485
0.08311321
1.0
1.0
1.0
1.0
1.0
0.9999984
0.99973124
1.0
1.0
1.0
1.0
1.0
1.0
1.0
1.0
0.7023459
1.0
1.0
1.0
1.0
1.0
1.0
1.0
1.0
1.0
1.0
1.0
1.0
0.13924818
0.771527
0.00032205923
1.0
0.002917439
3.1772283e-06
1.2865399e-06
7.499948e-08
0.0010403572
0.016771693
2.4988765e-05
0.24746796
0.00021425536
0.06544389
5.9227314e-06
5.461354e-05
0.0011496093
3.210505e-05
0.02496969
5.019812e-06
0.9986397
0.006352078
5.0160514e-07
6.959243e-08
7.821056e-08
0.000119675926
0.032662783
0.06738986
1.9339043e-06
0.47118372
5.784947e-05
9.5296787e-07
0.0012649188
0.0014968921
2.0141119e-05
0.0019466894
1.8815756e-06
3.956404e-05
0.00038013633
2.6804041e-06
0.22152124
1.1653289e-06
5.8280507e-06
0.007659069
6.875103e-07
0.9791405
4.1119222e-08
0.5482244
9.074972e-08
0.9955771
1.1653289e-06
0.00047887824
0.009093519
0.07931866
1.4635268e-06
2.4988765e-05
0.06768624
0.9831529
0.0004296604
0.0012208138
0.00056977535
6.7396746e-09
0.00056977535
0.12037019
0.0032204217
0.00025624598
0.0033450332
3.9062928e-07
7.054451e-08
0.008874182
9.898731e-05
0.1438275
0.0006935453
9.98324e-05
1.2081138e-07
2.2151814e-06
2.2151814e-06
2.5322117e-05
4.931352e-05
0.9965015
4.6296223e-05
3.505356e-05
1.2794995e-06
0.021737892
8.6291743e-07
0.00043407857
0.9965015
0.00067762
0.00010758629
0.0027182654
0.2324837
0.00019164718
6.861234e-09
0.06768624
0.021672796
0.9999998
3.3588393e-07
1.5911108e-05
1.2640862e-09
0.007980962
3.4759786e-08
2.904262e-07
4.4095643e-07
0.016771693
0.00045155743
1.9880217e-05
0.005291815
0.00016043472
0.00078890804
0.00020514573
0.00843924
0.0029989732
9.528426e-05
1.0158811e-06
3.634775e-07
3.4726494e-05
0.0011953635
0.99930537
0.00047887824
7.464921e-05
1.1615382e-05
4.299043e-05
3.56868e-05
0.7463001
0.0015649251
0.0010381156
9.53126e-07
1.8508877e-05
0.00045155743
0.99930537
0.0014812653
1.0
0.9398745
7.147482e-05
0.0134990895
0.00015563486
0.28637248
2.2174507e-05
1.3086161e-05
0.97796965
0.00016043472
0.0058581694
6.211156e-08
6.652155e-07
0.9997685
0.00022671759
0.00011572518
0.9988855
0.00017265418
0.001280538
1.5911108e-05
1.9805015e-05
0.00016172457
0.008133282
0.00027410663
0.9999998
9.179861e-08
1.18685675e-05
6.134087e-06
1.8051782e-09
0.9710966
1.0
0.002917439
0.31190613
2.7726298e-06
0.06066538
2.8128135e-05
0.15709317
0.005656072
0.053119883
1.6199936e-05
6.486411e-05
4.50987e-07
0.9871005
0.9959949
3.1772283e-06
5.828284e-07
6.1232873e-07
0.969317
0.012981452
9.285638e-06
0.93624985
0.00072188914
0.9683359
1.5849008e-06
0.45174754
0.7885311
0.009014076
7.157863e-05
2.1520357e-06
0.97796965
0.00012000492
0.010526514
3.5284936e-06
0.0006375299
5.9515984e-05
0.0013513858
2.2201753e-08
1.0439873e-05
0.041089077
0.09948914
3.4664782e-07
5.3828855e-05
2.9289158e-06
1.0372897e-06
0.027746955
0.0002574658
0.00012189764
4.3372736e-05
0.97796965
2.4532342e-08
9.100206e-07
0.98938495
2.9385944e-07
0.0031976479
0.73486817
1.3876659e-05
3.3621639e-06
0.99849087
0.046389174
2.9874764e-07
5.36718e-05
2.4971353e-06
1.8405935e-08
8.7172666e-08
2.166757e-07
0.0016372303
8.826655e-05
0.00026967705
3.8717076e-06
4.2034382e-05
6.046819e-06
0.99241054
0.00043155745
7.2937104e-07
9.727983e-07
6.046819e-06
0.17194532
2.9001799e-09
0.013569462
0.17884116
0.0012858993
1.911215e-08
4.3649827e-05
4.3592216e-05
0.4743534
0.00025587418
0.00020765349
6.2321004e-07
0.0017202514
0.00072188914
0.0014927221
2.8053074e-07
0.8338168
3.9604961e-07
1.5911108e-05
0.000747495
2.1017302e-05
7.054451e-08
8.378836e-05
2.6250178e-05
