0.64194524
0.98541605
0.98193204
0.0035209262
0.9707814
1.09244975e-05
1.6183507e-05
7.90042e-05
0.98745286
0.12706846
1.9251642e-05
3.2928288e-06
1.50790365e-05
0.49782547
3.3506599e-06
0.21895188
0.0005760295
0.29580602
0.0001277465
0.0020249584
0.9499868
0.0042925365
2.051105e-06
0.9166714
3.121027e-06
9.839189e-05
0.017864592
4.1848918e-05
0.0020480712
2.823451e-06
0.0001723088
0.89771533
2.3379557e-06
0.002912134
1.0
0.00013413372
0.0022685262
0.97117513
2.311293e-06
0.036083642
0.9999397
0.0023435906
0.62738675
0.000395352
3.298656e-06
4.419506e-06
1.32559035e-05
2.1926e-06
0.00016205152
0.999981
0.0025873885
0.09880956
1.0
2.8838758e-06
0.00038982104
0.4205904
0.0001111414
9.1854804e-07
0.99857754
0.0012300975
0.40572366
0.00026298998
5.143006e-08
5.9163674e-05
0.0006495326
0.9982191
9.1854804e-07
0.28305346
0.47270548
0.27464342
0.74346435
0.7208726
0.00015386316
1.8446322e-05
0.02065066
0.9886645
0.0009967791
0.0019363997
6.0548978e-06
0.98635674
0.006715367
0.00024774802
0.57818854
5.632074e-05
0.12212007
0.0006044688
1.4278938e-06
0.00080735626
3.312017e-07
0.00015561424
7.5740815e-07
0.9869668
1.7490997e-07
1.848582e-06
0.00011198736
0.3217679
5.0040818e-08
2.5265224e-06
0.0007431439
0.9999964
0.4101308
2.2847249e-05
9.317685e-05
0.059310537
0.001803048
1.2425555e-06
0.043577757
0.0032391238
0.042180624
0.9999516
0.0059910826
6.348394e-06
9.6891374e-05
2.4490466e-06
1.4150507e-06
0.00097390276
0.0015190403
2.6298338e-05
4.661192e-06
0.9856996
0.006145471
1.7251534e-05
0.0002555348
0.016469976
0.0075079156
6.5632725e-05
0.06670223
0.00014282027
0.99932545
0.00017303885
1.17572645e-05
0.0010578119
0.21950653
1.8342155e-06
0.12159344
1.654248e-06
0.00097390276
5.637092e-05
0.36264133
1.01054965e-07
0.0014274652
0.8933253
0.0006904849
2.1604274e-06
0.9846415
0.008306975
1.4128824e-06
3.0984622e-05
1.1422204e-05
1.2236965e-06
0.25706628
0.001327485
1.2629341e-05
0.12706846
4.9727576e-05
0.46264914
6.6090947e-06
0.042180624
1.5464625e-08
0.00012864855
1.1305737e-06
8.1924554e-07
1.5638553e-06
9.7357915e-06
4.7539097e-06
0.007161399
0.29037803
0.0015788481
0.0054416903
0.039125957
0.012182352
1.727969e-05
1.3127966e-07
7.5396865e-06
0.94276065
0.015345919
3.232523e-05
0.13558722
0.00024414153
9.317685e-05
0.006121873
1.01054965e-07
0.0004928297
0.98818284
0.8936674
0.99849755
0.9852489
8.0191495e-07
0.0174777
0.08637603
0.87227607
2.8838758e-06
0.012010729
0.7843644
0.9999989
1.5482767e-06
7.952882e-06
0.0006464829
2.3353862e-06
0.8570389
0.0004679111
0.00022982334
2.117206e-07
1.0415171e-05
2.519458e-06
8.260178e-05
3.1751745e-06
1.9564843e-05
2.5648076e-05
0.9379102
0.015372731
1.2830631e-05
4.588451e-06
0.94276065
6.6450156e-07
7.1611676e-06
1.0318443e-05
0.0018294139
0.9906365
0.0064212386
1.0
0.9980328
0.0006044688
0.0035209262
0.0001987792
0.9852489
0.99420744
5.8786864e-06
2.143749e-07
0.0025102668
0.010936931
7.189442e-06
0.032510474
3.291719e-07
0.00082697475
0.015410639
9.508472e-07
0.020269798
1.0
1.643301e-06
0.0030734262
0.0040566646
0.005840085
0.004263639
0.0001111414
7.84092e-07
0.0017143943
0.00901313
2.143749e-07
0.00097216596
6.8015885e-05
0.9917259
2.5530296e-06
0.99661845
0.010193762
3.1065431e-07
0.004389991
0.9912983
0.8890999
4.25833e-05
5.6006564e-05
1.7627978e-07
0.042180624
0.0010171953
7.865091e-05
0.0007431446
0.004376989
2.353026e-05
0.0054795477
0.00016578345
0.0008367279
0.00043659046
6.5367534e-09
2.4350336e-06
0.9998623
0.00026910944
7.952882e-06
0.029488727
0.9833616
1.5626449e-09
0.015425009
1.50790365e-05
0.9977128
0.0015618318
1.0270412e-07
2.5176182e-06
0.006121873
0.032510474
0.7530038
0.39075118
0.9999872
0.9927213
1.582347e-06
0.011169332
0.11911344
0.0016320725
0.00018883184
0.0010231707
0.00046226173
0.00054049434
