1.0
1.8249004e-07
5.4588236e-05
1.1943685e-06
2.2848593e-07
0.0044354578
0.00016343976
0.9999141
1.201431e-05
0.0022246768
3.0816624e-05
8.890315e-09
4.8811285e-06
0.0003133872
0.76048213
0.11693754
5.2417716e-05
4.776514e-07
0.0011534535
0.87338734
2.4343342e-07
1.631247e-06
1.5031857e-05
0.99955016
6.706076e-06
0.00059923966
0.78078
0.00010392534
0.032120194
8.9001616e-05
1.5153715e-08
5.5021443e-05
0.18596385
0.015680686
5.892337e-07
5.355935e-07
3.749008e-05
0.8356303
5.675573e-06
0.0003133872
5.231635e-08
0.0003800356
6.2155435e-05
3.8901806e-07
4.009023e-06
0.00029633942
2.6093365e-05
0.00016441701
1.00264015e-05
0.0051593147
1.3002843e-07
1.1116783e-06
0.0012943681
0.0008181601
0.999917
9.4557794e-07
2.506244e-06
4.009023e-06
4.687537e-07
1.0886233e-06
0.00042074744
8.455247e-05
0.0005727715
0.38940912
0.00012806838
0.99960274
3.1736124e-06
0.99955016
2.1441962e-05
0.9843564
2.1391881e-05
0.029320596
5.254706e-08
3.0891097e-05
1.6745968e-05
5.504365e-07
0.0044354578
8.630981e-05
9.322923e-06
2.9904151e-05
4.3247334e-07
0.9120757
9.009677e-05
5.115091e-07
2.8471139e-09
0.0008181601
1.1206538e-06
0.7912735
0.0010172001
6.5158645e-05
0.9979086
2.8044007e-05
1.1116783e-06
1.8426721e-09
0.0005585534
8.080466e-05
3.432376e-06
0.0015961045
2.9603007e-07
0.0006644587
0.00016177008
3.3544359e-06
0.0053475406
3.2622784e-06
1.4029938e-05
9.896548e-09
1.1943685e-06
5.395245e-05
1.8027571e-06
0.0014625646
2.8316506e-05
0.18059836
7.7437435e-06
0.00029015585
5.517092e-05
0.002089316
0.008196472
0.99919266
0.0028516701
4.3309822e-07
2.6274673e-05
1.4284643e-07
8.101583e-07
0.011002119
3.0240182e-07
2.4856618e-05
0.9999903
0.0028516701
0.006529582
4.293565e-06
0.00075023173
0.0076431283
1.9807368e-07
7.3230085e-06
0.0002093778
1.1754569e-06
1.387822e-08
0.8626898
0.7869391
1.8265249e-07
0.2955448
5.355935e-07
3.1136224e-05
5.0376187e-08
1.4523104e-05
0.00025441483
1.7799273e-07
0.001141065
2.8838869e-08
0.00059248094
0.00012004132
0.008196476
0.00014257903
1.7448829e-05
3.3544359e-06
6.026451e-06
2.2616732e-07
0.9228849
8.046336e-06
1.934338e-06
5.8626472e-05
4.0149957e-06
1.4384246e-07
0.004011676
6.2065235e-05
0.05123614
0.035376236
2.829694e-06
1.5683838e-06
0.001141065
0.068960235
0.8778491
8.280041e-06
1.8236802e-08
8.095237e-08
0.9861718
3.7088935e-08
0.018917227
2.94181e-08
1.2763455e-06
1.3768925e-09
0.8572083
6.32533e-07
1.7448829e-05
1.0
0.016698908
0.0003140404
7.901725e-08
3.926251e-06
2.251916e-06
1.324424e-05
0.00017258029
0.9999631
0.00023707902
0.9999982
0.9938064
0.13668783
0.0011534535
9.86956e-05
5.951417e-05
0.052911527
0.005205833
0.0020003647
0.010566096
1.3663819e-07
3.1175055e-08
0.0020003647
0.00544805
8.282924e-06
0.00016177008
8.00132e-05
0.010566096
0.99680436
1.2779971e-06
2.1448287e-07
0.00014257903
2.2779415e-05
5.036691e-05
1.856669e-07
0.00037996747
1.8458958e-07
4.568409e-06
0.006366336
0.99960274
0.9909995
1.4373702e-06
0.03267338
2.2718279e-05
1.3746721e-05
6.462868e-07
1.0
0.99999917
7.077976e-10
5.0832523e-06
0.00022702258
1.5272573e-06
1.0572095e-05
0.9929431
0.37471992
0.00997365
0.93620384
6.2781385e-09
2.7505825e-05
0.9675784
0.00012348333
5.5647778e-08
0.00015168753
0.012832614
3.432376e-06
0.3390676
0.18697606
1.733462e-05
0.90370226
2.515578e-07
7.264483e-06
4.8213137e-06
1.4791927e-05
7.855756e-08
0.803692
1.1050678e-08
8.888367e-06
4.928278e-07
5.324276e-06
0.00021027328
4.8466583e-05
1.76883e-07
3.4227207e-05
0.0021607229
6.5158645e-05
1.09755234e-07
0.010541941
5.395245e-05
0.0022246768
0.001513094
4.340267e-06
6.2201065e-07
2.7604406e-06
4.4887347e-06
5.892337e-07
0.00030534805
2.1941014e-05
6.636569e-05
2.9317633e-05
0.00027728075
2.833248e-07
4.7916336e-07
0.025096402
5.231635e-08
1.9199936e-07
2.3591788e-07
3.652047e-08
2.5837206e-05
0.0005799585
0.0001872601
1.0886233e-06
0.080930695
0.07750119
0.0043436787
0.064554274
0.8572083
