1.0
1.0
3.484326e-05
0.5320972
1.754186e-05
1.9035424e-08
9.770513e-08
1.6212869e-06
0.07911347
1.3869568e-08
4.2800417e-05
0.99935144
0.000108327695
1.9865598e-09
0.0033262842
6.9552215e-07
2.9282148e-05
0.00013937004
9.293886e-06
8.039884e-09
8.730163e-05
0.999725
0.0043970663
6.934512e-05
0.0005734679
0.018505467
0.9998154
4.3950818e-06
8.039884e-09
6.7326744e-07
5.277679e-05
3.869312e-06
1.0615077e-08
0.00890097
0.9987145
0.00028643923
3.9527308e-07
0.00019742866
1.394834e-06
1.4541525e-09
6.3331436e-06
2.8951638e-07
8.359276e-05
8.71587e-06
0.010163113
1.726843e-08
0.00012218962
1.57401e-05
5.868335e-06
0.00022709771
2.6644602e-06
1.4242774e-07
0.0033054182
0.024536004
0.28433827
0.2857505
0.9992999
1.0344806e-07
2.1187082e-08
1.1508258e-08
1.05701275e-07
4.6782168e-07
0.0046017156
4.7643853e-06
1.3084548e-06
5.2206104e-07
3.207022e-06
0.82898116
0.049990024
0.99999833
2.181246e-06
3.6602382e-06
0.65470964
7.740357e-05
0.0010171604
1.10325345e-05
0.0005094847
0.000399365
1.0
7.082816e-06
4.8813524e-07
2.175369e-05
3.6672263e-06
3.2509874e-07
7.065598e-05
1.0550097e-09
0.00036900767
3.3088454e-06
0.0004317815
0.00080321444
2.1983007e-05
0.0019373391
5.7811084e-10
0.9819242
4.7603973e-07
5.395283e-06
5.532974e-07
2.0181707e-05
0.00028643923
0.4820947
0.9799915
4.8502243e-06
0.001809031
4.2271877e-05
9.11468e-05
0.9271793
2.2936854e-08
3.6522403e-09
8.981276e-09
2.537809e-07
6.9552215e-07
2.5763342e-05
0.99935144
8.176675e-08
0.0013422627
8.039884e-09
3.916932e-07
6.184897e-09
1.3084548e-06
2.28515e-05
2.0674602e-06
3.5599415e-09
0.15698613
0.9500916
0.9982746
2.743615e-07
5.868335e-06
0.0075444523
0.65880305
4.7643853e-06
0.999934
8.254883e-07
4.0404925e-06
0.0001634513
0.000112760164
0.006771332
4.1390563e-06
1.460519e-07
0.0011075942
7.3355136e-06
0.00032954832
0.64428085
0.004261783
0.00016656524
1.3867386e-05
8.9318894e-07
4.8205454e-08
0.0461835
0.013884557
0.51900643
0.00019038156
4.1729677e-06
0.999725
7.757055e-08
1.6089276e-06
5.327984e-09
0.627719
7.5899557e-06
5.2741555e-08
9.767028e-06
0.0001670029
2.8430021e-08
0.0007337578
2.0445692e-07
1.3760498e-09
0.00021939498
1.2968781e-08
0.00012043354
7.268114e-09
4.858873e-07
8.1699254e-05
7.766767e-06
0.00014441484
0.9549304
4.388588e-07
4.810828e-07
1.0
3.40255e-08
1.182116e-07
3.7126274e-06
0.28433827
8.994958e-07
7.6333987e-07
0.003998838
1.9770805e-06
4.8253707e-05
0.08978182
2.7563553e-07
0.01790296
1.1249686e-09
0.038069967
0.98440105
2.3019897e-09
6.3965635e-05
1.33157955e-05
0.00012713987
0.0003181809
0.00040697717
0.43030962
2.177671e-06
0.000109052155
1.3842207e-09
0.99160355
9.895198e-07
9.761497e-06
8.8314366e-08
0.9999967
0.0073176157
3.2167242e-07
0.0022955146
0.000106892345
4.3617167e-08
2.319969e-09
0.00032653008
0.12360508
8.389774e-07
4.107909e-07
5.0773847e-06
5.945748e-08
0.005049468
0.013136506
8.039884e-09
7.940099e-08
1.5589208e-06
4.0657845e-08
1.9495913e-07
1.6288078e-07
2.7773229e-05
4.6567297e-05
7.919338e-05
0.95684326
2.5784418e-08
0.99842554
1.5620072e-06
1.833119e-06
4.0657845e-08
1.3084548e-06
8.9318894e-07
7.0923045e-09
5.646516e-07
3.6697273e-07
7.5037825e-08
5.739143e-09
1.6757678e-05
2.3514446e-08
0.99952817
3.2451634e-08
1.2540899e-05
0.7647203
2.33629e-07
2.2426723e-06
1.1721368e-06
0.00015233224
3.3396824e-05
5.499579e-07
1.2696105e-08
1.7192338e-06
6.046145e-06
3.9225017e-07
4.3500317e-05
1.4071686e-07
5.1100644e-05
8.9485006e-08
3.3412224e-08
0.013427402
0.00028536635
0.00082782906
1.8445246e-06
9.686901e-08
7.985014e-06
2.4941864e-09
9.513774e-06
1.460519e-07
3.7491682e-07
0.0012793093
7.2730786e-06
0.9991218
0.0021024402
9.258051e-06
0.00012713987
2.2717678e-08
4.8506868e-06
9.347354e-09
9.14624e-06
6.7326744e-07
0.0001266852
4.2417003e-05
0.78716415
1.8455944e-06
0.00014184607
1.8073335e-05
0.054784566
9.707533e-10
1.1249686e-09
0.012535231
1.0290467e-08
2.2263878e-08
1.808116e-05
1.4449624e-06
0.018912263
