0.99800885
1.0
0.99945056
4.627159e-05
0.004868404
0.013312215
1.4612813e-09
0.0050180615
0.0019093744
0.82343125
2.8950008e-05
0.82577693
0.32133377
0.0019169699
0.013326483
9.5747506e-05
0.06037001
4.6794746e-08
6.224474e-07
0.00016427251
7.733216e-05
0.9961594
0.002190241
0.0043657986
0.0031336127
0.3146176
0.00026427768
4.773444e-08
1.204699e-07
0.00092220306
0.65715903
4.5286957e-05
0.95016104
0.0009892611
0.998479
6.5178036e-05
2.6717807e-06
0.013587856
0.003292693
2.4481484e-05
5.548041e-05
0.004831661
0.9852
0.06643967
0.0061292932
0.00050545105
4.1622574e-05
4.3635814e-07
0.00020232843
2.8201515e-05
0.2820293
0.97593266
6.46288e-05
0.006715911
6.112736e-09
5.575547e-06
0.0011503942
1.0572351e-06
0.9999961
0.97054267
0.0057491153
0.00012192182
0.9997358
0.0043502585
0.9999998
3.8794283e-08
0.0034778768
1.0
0.00013355697
0.24446741
6.213958e-07
6.112736e-09
0.32133377
5.080568e-07
0.042806737
0.00010067473
0.9983892
7.129088e-05
0.24169579
3.55471e-05
0.0001378493
0.013081172
0.98128754
1.2873247e-05
2.1156873e-06
0.00019747685
9.007714e-07
2.0717577e-07
0.9999998
0.9949792
9.473941e-07
0.43352696
0.98130786
0.012267687
5.1553692e-05
0.98130786
2.9152807e-05
2.321693e-05
1.6809075e-06
4.2908064e-06
0.0048661656
1.1979145e-07
0.083265424
1.57477e-07
4.809387e-08
0.0056049577
6.9953884e-08
0.012617034
6.723077e-06
0.99999994
0.84454757
2.9247458e-05
0.010452367
0.018522076
2.4481484e-05
2.356025e-06
0.00010067483
0.9999996
0.00037039258
1.0729457e-05
0.024252107
0.99999905
2.5299767e-05
8.3385676e-05
0.10151014
6.121325e-07
0.002041212
0.6554139
0.00012030431
0.9998528
1.8964824e-05
2.1411736e-06
0.9994083
1.0
0.04350236
8.934463e-06
0.8338969
0.017217997
0.08283353
2.6643208e-09
0.7304655
0.00050545105
6.321075e-05
1.3232587e-06
0.3054046
6.096337e-06
0.083265424
0.000155031
1.2501389e-06
1.3887714e-05
2.5299767e-05
5.421178e-07
0.008655542
0.6554139
7.0250855e-05
0.20793584
0.009936569
0.00037039258
1.5133723e-05
2.23721e-06
0.99441534
1.2312246e-06
8.715671e-08
4.1670868e-05
0.014389874
0.7304655
3.0454858e-06
4.174222e-05
2.4809322e-06
0.00074962503
0.0031336127
2.23721e-06
2.9185715e-06
0.00011946089
0.9999925
0.40483135
4.8363586e-07
5.8012163e-05
4.3772707e-06
0.32133377
0.002338204
9.206282e-07
0.9630283
0.00045898705
1.7224438e-06
0.99855745
7.38797e-05
0.39400873
0.00053915445
0.9945999
1.204699e-07
3.9134386e-05
0.011240373
0.00033808916
5.421188e-07
1.26044215e-05
2.587651e-06
9.200994e-05
0.57757753
0.31176186
0.00052987604
1.1190838e-06
0.00016372428
5.170694e-08
0.013294752
0.02664307
9.383459e-08
0.0016251443
3.6605763e-07
2.7049741e-06
2.356025e-06
7.319039e-05
0.011240373
0.00047422983
4.77174e-05
5.650373e-07
0.010452364
0.04473977
0.0016467307
0.0042680805
3.55471e-05
0.9999998
6.193682e-07
1.6415828e-05
2.9830155e-05
0.00016427251
0.0014470925
0.9999983
6.47236e-05
3.4236906e-05
0.9983892
0.0002086132
0.0006231469
1.9828e-06
7.820426e-09
0.0014391162
2.2291334e-07
9.18751e-05
8.934463e-06
0.00027693887
0.8471598
3.414408e-05
1.5993184e-08
0.00013931662
0.05948787
0.9697888
0.8486232
6.992683e-05
0.3194237
2.0433113e-06
0.013703598
0.0042215753
0.77883166
0.00024249303
6.296717e-07
0.0019149838
0.003618885
0.00053915445
2.1004626e-06
1.6356383e-07
1.0572351e-06
0.0027917072
0.0019149838
0.8338969
1.9987763e-08
5.2270548e-06
3.417508e-06
0.0030705463
0.040866476
1.8295741e-05
0.0005058901
0.0014470911
0.11225408
5.6634624e-05
1.4868672e-07
0.0041063866
0.00040384964
0.5771298
0.0015721837
0.9999848
0.0002623171
0.00010297282
0.17418487
0.9897114
1.9425864e-08
0.0010933371
0.002190241
0.0074389735
0.99999815
0.00017224114
1.2501389e-06
0.00023591594
0.0006231469
1.7634672e-07
4.0760833e-06
0.00013265405
0.9994083
0.0058638817
2.356025e-06
1.9656256e-06
