0.99995726
0.99998003
0.0010370141
1.26031955e-05
4.394868e-05
0.00042394697
8.980318e-06
1.0183318e-07
0.1875682
5.4850074e-07
9.453255e-07
0.9999999
4.93474e-07
0.00018831473
0.98217833
0.64961135
0.04517559
1.3937974e-05
0.0005075417
2.3811698e-07
1.102289e-05
5.6469736e-07
8.613262e-05
2.0744714e-05
1.1199022e-07
0.025499914
5.891056e-06
1.65537e-07
1.2453494e-06
1.692206e-05
4.5171134e-08
3.8504536e-06
0.31052527
2.2565708e-05
4.8125126e-05
1.3437206e-08
1.3599923e-05
2.856482e-08
0.9999894
9.721121e-05
8.2751496e-05
2.3200867e-06
0.07690344
0.99999994
0.0051710242
0.004024851
1.5141114e-05
0.022852277
0.00092127034
9.9139335e-08
9.2915825e-06
9.267901e-05
7.053158e-06
5.5511096e-06
0.011270748
1.1061865e-05
0.855864
0.00017052462
3.3870043e-07
1.5673611e-06
0.8760479
1.1016579e-09
0.0020741327
0.0013455984
0.0024224285
0.00015060733
5.2638296e-07
0.06855865
1.577235e-06
0.0023191296
1.0
0.03662148
5.5511096e-06
0.00030878582
0.23131718
3.3332108e-05
4.263444e-06
0.00022330774
0.0085072
0.07403594
3.5009948e-09
9.479314e-06
9.491548e-07
2.676935e-06
7.604961e-06
0.0007346341
0.99457014
0.00039844034
0.9999784
0.007447664
0.99979293
0.009935959
2.4378148e-06
0.5861655
5.927009e-07
0.024344943
0.07690344
0.36805236
0.000112363035
0.9504934
0.0011746113
0.00025336212
2.8413433e-08
0.0013489035
7.176927e-06
0.0007285661
1.912413e-06
1.9316187e-06
2.3735694e-08
0.0007634691
8.745493e-07
6.856284e-05
5.2719027e-08
0.00015300495
0.9836359
3.8438902e-08
1.7332537e-05
1.1125734e-06
0.0064378157
3.2850003e-06
7.89058e-08
1.3806992e-07
0.001064852
0.00044320748
6.2184336e-07
8.381063e-06
0.924152
0.3587583
2.1589223e-08
0.0009755191
1.2195606e-05
2.7705735e-07
2.8583983e-07
0.9999887
0.999722
0.0004902014
2.7879528e-07
0.14131749
0.23180082
0.002814269
9.82416e-05
1.195128e-07
9.1760754e-05
5.8374626e-06
1.1378541e-05
7.359867e-08
1.2584124e-07
6.2184336e-07
0.047710866
7.793619e-05
2.270422e-06
0.86265785
4.340033e-05
0.013940823
0.006288257
0.0050947303
1.441852e-08
0.076746956
1.1030734e-06
0.014425003
4.6212415e-05
7.1523246e-08
3.5734752e-07
0.0051672803
0.0015923529
1.0144909e-06
0.9560898
0.0052909115
5.6110974e-07
1.09836904e-07
2.856482e-08
1.0503887e-05
1.0
2.9265453e-05
6.7739643e-07
1.1830442e-07
2.9762314e-06
1.190256e-05
0.999722
4.9922193e-05
3.923234e-06
9.113194e-05
0.99999946
4.706112e-08
0.92733854
0.9420229
7.6454435e-06
0.00022086881
2.0564034e-05
0.030358244
7.3867284e-08
2.7879528e-07
1.2129226e-05
7.481601e-07
0.06238635
0.44553772
0.9999996
7.591265e-05
0.0044939127
3.2249918e-05
2.9609764e-05
0.00087460224
0.26352698
0.0006080774
1.084994e-05
9.608909e-09
2.1431695e-06
0.9997463
0.00068520755
4.5200235e-05
0.99964076
3.5602905e-05
1.2706919e-06
2.6552422e-07
2.3200867e-06
1.0
0.00059533893
3.6233072e-05
7.448341e-07
5.472473e-07
3.0398767e-06
2.1693011e-05
1.0076151e-05
1.316769e-07
8.621664e-07
7.196621e-05
2.4640147e-05
0.00011166416
0.94546425
4.679815e-06
0.99704677
4.296219e-05
1.2034068e-05
0.0006541487
5.826726e-05
0.8927545
0.9999703
0.86265785
1.3191412e-05
1.4094236e-09
4.4078316e-08
1.4118949e-07
2.9510902e-05
9.289252e-06
0.49933267
2.4640147e-05
0.015534283
9.983717e-05
2.9035605e-06
4.4832027e-06
0.50257117
0.0001530048
4.087025e-05
5.2541427e-06
0.00016325316
5.5818287e-08
7.36065e-05
9.553764e-05
1.5641805e-06
2.4283238e-05
5.9801573e-06
3.565217e-07
3.5750225e-05
6.395486e-08
0.0004308221
7.719314e-07
1.01955275e-05
2.1683809e-05
2.0381286e-08
9.336077e-05
2.8862297e-09
0.1717862
0.00018944248
0.9970395
0.34807885
1.1470189e-05
0.83258504
0.07862286
1.6428012e-06
6.5591055e-05
0.00065764016
0.0011413058
6.7739643e-07
0.99993545
0.051313862
0.00067287235
0.9999674
1.0756218e-05
7.196621e-05
0.00068599393
2.4343533e-06
0.011270748
4.334441e-05
0.00010466846
6.329731e-05
4.1559506e-05
0.97736925
0.00016680111
0.00033943882
1.0455656e-05
