1.0
0.0034900333
0.0022323201
0.00019122298
3.9125853e-06
1.6196194e-07
2.4925717e-05
0.06595346
8.0620447e-07
0.0001364414
0.01088968
0.9998203
4.9227342e-08
2.2076265e-05
0.0052326475
0.00018755064
0.0016710596
0.00020004512
7.677234e-05
0.93203485
0.00032112197
1.6860934e-06
9.3158513e-07
0.00013771083
0.7876333
0.0005777593
1.115177e-06
2.4234723e-05
1.3949416e-07
3.5496048e-06
0.016811289
1.4010824e-07
0.0049631894
3.1756167e-06
0.0050223414
9.5653595e-05
0.0027818931
0.00019590544
0.06609609
0.467412
0.99984455
3.0822444e-05
6.0305396e-08
7.2147523e-06
1.4754356e-07
1.0
0.99969375
0.008594391
0.0002677681
0.005365408
0.7655411
4.448266e-05
0.008300292
2.0072912e-05
0.07131501
0.0011263764
0.6480895
0.9999753
0.15079385
2.06934e-05
0.96764225
0.8160046
0.070855066
4.0107538e-05
6.0305396e-08
0.0023913465
1.00430285e-07
3.3779623e-05
0.0002535274
0.0056688357
6.558874e-08
0.0012008671
0.00013466211
5.4010314e-07
0.00041374756
0.9983065
3.1952117e-05
3.1496234e-05
0.0018464212
0.02833225
9.80245e-05
8.0405525e-06
3.667824e-05
0.00012868068
0.0011049024
0.005134937
0.008535481
0.008554928
2.6568972e-05
0.32403705
0.0015048218
1.1557883e-06
0.0012120382
3.5496048e-06
4.1853666e-05
7.280516e-05
0.0002501207
0.56977
0.6390268
4.4442462e-05
0.58883035
0.9595017
5.2697233e-05
0.00013447822
0.03297788
0.12650834
5.7262303e-05
1.1050013e-06
0.0008521679
4.2516936e-06
1.1050013e-06
2.246474e-06
2.2500833e-05
2.0693382e-05
3.993857e-05
0.51247966
9.364136e-05
4.0107538e-05
0.014538817
0.9999875
3.761334e-05
1.9417386e-07
1.3447506e-07
9.6385e-07
4.9755276e-05
3.3688004e-05
5.3692543e-06
9.606523e-06
4.018817e-05
0.089841746
0.0016837094
1.3600676e-07
0.0016837094
3.1515258e-06
0.7030211
0.00251284
1.5804437e-06
0.1862393
0.9999331
0.931248
0.116976894
0.0002781715
0.003175815
0.992216
1.0
0.033519384
0.9990393
0.0014184802
7.2444703e-07
1.00430285e-07
0.9713186
1.219576e-08
7.427023e-06
1.73641e-06
0.00013466211
4.847953e-05
0.00026576742
1.0394284e-05
7.677234e-05
0.00019426891
3.9125853e-06
0.00065373676
4.4238397e-05
0.0043872576
0.98566294
0.9989291
0.014538817
0.51203316
0.0051294635
6.5977736e-05
0.0010836909
2.3319092e-07
0.0014609541
0.034381144
0.00040411344
0.007823606
0.00053004455
7.642283e-09
0.9637372
0.00019426891
0.0004276781
7.9256766e-05
8.6175544e-07
0.0011426569
0.0051398207
2.3508412e-05
0.9999801
0.025210356
6.2227864e-06
0.00039490827
0.0030440977
0.00041083051
0.005117265
9.841657e-07
6.2723334e-06
1.5142757e-06
0.002053431
6.3131774e-05
0.98926216
0.9861781
0.0005350151
0.9170218
2.437805e-07
8.9561905e-07
1.1722809e-06
5.571501e-07
0.00010174018
0.0012562219
1.25928755e-05
9.012556e-05
0.11774422
0.07933229
7.159658e-05
0.0122530535
0.008300292
7.248485e-07
0.3002634
0.9598947
4.8202746e-05
4.661318e-09
0.999987
0.0014624699
0.00011097259
0.19552855
3.700376e-06
0.021504695
4.3087522e-07
0.49414882
1.9788826e-07
0.001605982
2.0112424e-05
0.0001758225
0.59190565
2.0714764e-05
0.9995463
0.00010184841
4.551005e-05
1.3127219e-06
2.0112424e-05
0.3804062
2.5018642e-07
4.4238397e-05
0.99999994
0.9806807
0.99993056
0.04670523
0.116976894
2.61079e-05
3.7946504e-07
9.060303e-07
4.8171864e-06
0.00041374756
0.00421894
0.0001822651
2.0255952e-06
0.020150615
0.9929303
0.00014539488
0.00013350134
8.09173e-06
0.0042534075
0.0015048218
1.13056444e-07
4.6603205e-07
0.0010398781
1.25181e-05
1.2105178e-06
0.0043617385
0.021504695
3.440691e-05
0.008478033
0.00035004359
3.5683797e-08
8.8605975e-07
6.415543e-05
0.9806857
0.0001665141
0.99991006
0.008768485
0.8160046
0.00047933814
9.53306e-07
0.0016837094
0.00018337287
0.002510766
9.883635e-07
0.98917055
0.9131986
0.00012733412
8.651367e-05
6.9509647e-06
0.07931935
1.8289618e-05
0.54559296
0.0010821924
0.9861781
5.36507e-07
0.12650834
0.117217146
1.3314929e-07
