0.99995106
0.9715138
0.9975942
5.668797e-09
0.00012180747
8.307416e-09
3.4854325e-05
8.867794e-08
1.820126e-05
4.406115e-09
4.0254784e-07
3.4101328e-07
4.198991e-09
2.6653217e-07
3.8124037e-09
0.48014984
0.29350027
1.9301608e-05
0.000101214835
0.9950479
0.15917076
9.732789e-09
1.8858817e-06
9.7548245e-06
6.4428464e-06
0.9963699
2.8995488e-05
0.99511385
1.2584595e-06
1.0839382e-07
5.22028e-06
2.053768e-09
0.13628677
5.68419e-07
4.224089e-05
0.0017807124
4.2292476e-07
4.0300144e-08
4.6674063e-06
5.3737185e-08
0.019935
4.3895025e-06
2.3740731e-06
2.0217904e-05
1.1793363e-06
4.4920966e-05
2.6880916e-06
1.5232703e-09
6.474206e-05
0.0069229044
1.3503562e-07
0.24144855
0.9975942
0.002682298
1.2032474e-08
0.0002969486
3.641871e-07
1.3591965e-06
8.083262e-07
1.9253454e-08
0.00015006818
3.7766637e-05
1.5409507e-08
2.185066e-09
0.000101214835
4.830468e-07
1.5232703e-09
1.0609677e-05
0.00011170676
0.99999934
4.0873343e-07
0.00013212032
7.176133e-06
1.5027122e-09
2.0933417e-08
2.6968064e-07
0.0002803462
1.4610097e-06
2.2132429e-06
0.0020496761
0.0023799413
5.9504728e-06
7.1357675e-07
3.984001e-05
0.48014984
0.0011563126
5.202271e-07
1.3116382e-06
1.2515659e-08
1.872157e-06
1.1840113e-05
5.635582e-09
4.137155e-10
0.00013801857
2.8354527e-05
1.6818008e-07
0.14892067
8.016886e-07
0.008180946
2.6868588e-06
0.00012722512
5.3550558e-08
1.5536385e-06
0.0020496761
0.00025654447
3.381537e-05
1.5848155e-08
1.6676147e-05
4.2800497e-05
7.2336914e-09
3.1546268e-08
5.5216583e-06
1.3507864e-05
4.5334353e-08
5.7957203e-07
3.5674418e-06
4.2765956e-07
6.762468e-07
5.3384418e-05
2.2132429e-06
0.0008313008
3.7287653e-06
1.040436e-05
3.4854325e-05
2.1224809e-09
7.1534676e-09
0.00022001819
0.99050653
5.0264844e-06
3.0917877e-06
4.4920966e-05
0.0044647716
0.98939025
1.2964804e-07
0.00018994801
2.4631508e-08
0.00012722512
6.860635e-08
9.250295e-05
3.2100306e-08
2.916374e-07
3.3183338e-07
0.008515321
2.96382e-08
5.507526e-07
1.8879433e-05
7.3724544e-07
1.864618e-05
0.006399032
3.302332e-09
3.893535e-08
7.5118125e-09
0.0010306127
1.6676147e-05
4.0676542e-07
2.6200956e-08
0.0008313008
1.5159323e-08
2.4491308e-06
1.6505369e-07
3.8075296e-08
7.2336914e-09
0.9872513
5.787833e-08
1.7937965e-06
9.338537e-08
0.005309399
0.0020544406
1.3483823e-09
9.250295e-05
0.014104566
0.7784425
1.0413317e-08
2.520474e-05
2.522674e-08
0.00024181933
0.07612612
2.8354527e-05
0.00025654447
0.00015006818
1.5660997e-05
2.1029388e-07
1.40261e-08
0.00058486144
0.00034733454
4.830468e-07
0.0044843173
0.00030227116
5.668808e-09
1.3330496e-06
0.0033039607
0.018967813
3.2766993e-06
0.00014232135
5.2565003e-08
9.1532854e-08
5.399409e-07
1.7985449e-06
0.9885588
3.333573e-05
0.00022538089
4.5409823e-07
3.8529743e-05
1.12035295e-07
0.001209903
4.1390244e-06
4.173705e-08
5.9201904e-10
1.9948617e-07
0.6699913
0.00046572665
2.5328045e-06
0.10820713
2.6756045e-10
1.6151664e-09
0.000101214835
8.929616e-06
0.38049614
9.619528e-07
0.0002026758
1.2852057e-06
3.4004659e-06
1.7954067e-08
6.081966e-08
0.024962783
0.0002275045
0.99990976
9.812269e-07
3.4327757e-05
3.3183338e-07
5.550459e-05
1.9676361e-05
2.0477121e-10
1.7954067e-08
2.2438882e-05
0.00046572665
1.8053972e-05
1.2581668e-06
0.86394256
1.9973733e-05
1.26651985e-05
0.0018568336
0.01665351
0.009268565
2.4458803e-08
3.4958794e-07
1.9118858e-08
7.03443e-07
3.8670916e-07
4.8999875e-09
8.434892e-09
1.5540518e-05
2.5844743e-06
2.0050696e-07
1.7170949e-08
1.9434596e-05
1.5273113e-09
1.6792969e-08
7.2078543e-09
0.0057319473
3.2559612e-07
1.820126e-05
1.3488955e-07
4.927817e-07
0.015874669
2.0402718e-08
2.4435662e-09
3.20315e-05
5.2565003e-08
0.32120618
8.543425e-07
1.7807688e-08
1.4931552e-06
0.52184886
4.0912055e-06
3.4506177e-06
0.0024027685
1.3483823e-09
1.6207891e-06
0.0005521394
2.3328338e-08
8.543425e-07
4.3491733e-07
0.029457152
0.9990359
2.9659637e-07
7.7665e-06
5.5345276e-06
3.984001e-05
5.9235706e-05
1.7646173e-08
0.0049019484
2.7371982e-08
0.32120618
3.23699e-05
3.5695786e-07
2.1782027e-05
0.40552402
3.73432e-08
8.472707e-08
