1.0
1.0
0.99999994
0.18931448
3.1138297e-05
0.99999493
2.0768824e-05
1.9538644e-05
0.14010234
5.844879e-05
5.2665187e-06
0.007813478
0.9955361
4.484058e-06
0.00054728
5.9848244e-06
0.00020064323
0.0051348154
0.9570276
0.00122592
6.0304296e-06
6.2531376e-06
0.00090437266
0.0010503047
0.0001564592
0.999988
1.4712567e-05
4.5020317e-07
5.378206e-05
2.2023527e-05
0.00022231077
0.00034847116
6.357558e-05
1.3540654e-06
1.7865863e-08
4.962394e-06
6.2690466e-05
5.8143387e-06
5.2769504e-09
1.995228e-06
0.550562
1.4964204e-08
0.0010131814
0.00023356504
1.2817492e-06
0.0029491181
5.2769504e-09
0.99632925
2.2363727e-05
3.0722006e-06
1.6465372e-05
0.9985615
0.00015170648
0.0051885806
0.0020364968
2.5938522e-07
0.0013474026
0.016614465
0.07266074
0.9956756
0.05386736
0.0044065285
1.9186853e-05
0.999008
0.9965298
2.0865548e-06
0.088856496
1.3310917e-07
5.716073e-08
0.0010545097
0.00026083397
0.00013518754
0.0064876364
0.00035566793
7.857361e-05
7.0833805e-05
1.8887994e-06
1.5320085e-06
2.4533347e-05
0.20475638
0.0128755
0.00028944635
6.219549e-07
0.0071340026
0.00018372938
6.123626e-08
0.0029491181
1.7259232e-07
1.1452176e-05
0.0032970589
6.5211236e-05
2.2809594e-08
0.0007275819
0.19169952
5.8499293e-08
1.0866499e-07
0.0003276855
4.5294775e-05
9.4977274e-08
0.011056674
0.9978035
3.7229106e-09
7.460601e-05
0.0011723975
0.0053943163
7.105414e-08
0.6509541
2.42847e-07
0.9484901
0.00022231077
3.530971e-06
5.517705e-06
3.1254116e-05
1.9538644e-05
0.0001181772
8.086569e-06
5.0051516e-05
1.35150104e-08
5.428343e-10
0.9922118
0.005407754
0.42447636
0.00038522136
2.7895969e-05
0.005412842
0.002508071
0.0006123588
5.8143387e-06
2.2121405e-07
3.5725345e-05
2.1466656e-08
1.1522728e-05
0.005833201
0.1945429
0.0020765627
0.0010131814
1.6224734e-05
5.8499293e-08
0.015581227
1.958291e-05
4.4806363e-08
0.060059886
1.9485108e-06
1.0246037e-05
0.10586715
0.0045758793
7.272526e-07
1.5356605e-08
0.0027763997
0.0035648355
1.958291e-05
3.8787584e-05
0.04027865
0.42447636
1.7627704e-08
1.8863127e-05
1.7674754e-05
0.23022966
0.99998856
6.924645e-07
0.0001250336
2.4056985e-06
6.1628007e-06
3.1908635e-07
1.1922896e-05
0.6340207
0.99968094
0.0011723975
9.665547e-06
7.51701e-05
0.74486864
0.010192762
5.5297e-06
0.0007433794
3.4525422e-07
0.15155064
0.0018929068
1.4467727e-05
2.6741216e-05
0.103178054
0.95355517
0.0002908222
0.00016921267
9.1765315e-07
3.4338657e-06
0.61398923
0.835787
0.0029014177
4.697639e-05
7.3520525e-08
0.000541247
8.624718e-06
0.032639466
0.66867465
0.0013951974
1.0574686e-05
5.3185718e-06
1.5141818e-06
0.00052820996
5.8499293e-08
8.528565e-06
8.701735e-06
1.6700276e-05
1.0091229e-05
0.0020364968
3.8254642e-05
4.6426e-06
2.500054e-05
1.0746812e-06
7.4614223e-07
0.0010887131
1.4964204e-08
9.191999e-09
0.009918805
3.8787584e-05
0.14957814
1.6823615e-05
0.0018003243
0.00234306
1.7767388e-07
0.00027483777
0.47289196
0.006045548
0.010844785
8.860389e-08
0.0010388809
8.565902e-05
3.1210836e-06
4.3164144e-07
0.00012933956
0.00018953245
8.9313954e-07
1.4801212e-05
0.9735116
0.035680883
0.5667507
0.99997425
1.7726508e-05
2.0910727e-06
0.00032368666
0.002581415
1.1352094e-05
6.0117207e-05
4.8892534e-08
0.0024333806
0.6437156
1.1081462e-05
1.0048408e-06
0.9599107
0.00016259293
0.1244573
0.0018132206
1.7540604e-08
2.6484227e-05
0.006279027
9.21613e-07
3.6180609e-06
1.8863127e-05
1.7515014e-05
4.7656186e-09
0.0002607022
4.8963784e-06
0.0001139634
0.41574377
0.09677398
0.4140945
0.0021434166
0.00013518754
1.5565614e-05
1.0866499e-07
8.624718e-06
2.0205116e-06
5.7984576e-06
0.000116114716
1.2976843e-06
0.42610726
0.3368356
8.6572663e-07
2.4009172e-05
0.0005306319
0.99999887
0.00042765608
0.000563192
0.00065145694
4.1119943e-05
6.922282e-05
0.0027763997
0.0028032614
4.1119943e-05
2.8702667e-08
1.2429667e-05
0.007916465
7.590467e-07
0.096774
2.5326464e-05
7.6836847e-07
0.85122466
0.00075923995
0.00020035208
1.8983346e-07
