0.010671443
1.0
0.0020744978
1.0
0.7989498
0.99999994
0.99736667
0.99992985
0.00871262
0.9999103
0.8159109
0.9999988
8.029846e-05
0.9999965
0.0023384888
9.132037e-05
0.9993643
0.0033442576
0.060855146
0.87756294
0.99878234
0.9744701
0.02962742
0.7377866
0.99820983
0.9999943
0.98873377
0.99802834
0.9999219
0.17978723
0.00018379718
0.99999994
0.9947943
0.9922922
1.0
0.979672
1.0
0.9974581
0.9999999
1.0
1.0
2.0000742e-05
4.2350475e-05
0.00043178006
0.0007387083
0.00014997019
0.30035773
0.00042116197
5.818935e-05
0.004082407
6.374852e-06
0.6160916
0.99959666
0.0002200889
7.69881e-05
4.7845533e-05
0.9550807
0.00047787666
0.9413253
5.222651e-05
0.00031954766
5.5787956e-07
0.8948013
1.2482423e-06
3.623672e-07
0.8639608
0.003592865
3.526572e-07
0.8922208
3.3125245e-05
0.00023747719
4.866729e-07
4.7783183e-06
0.0027742656
1.1420387e-06
0.11614141
9.669355e-06
0.0040581445
3.9593175e-08
0.0027818957
4.1378223e-07
5.3039355e-07
8.080681e-05
0.0025223428
4.4269498e-05
0.00048007822
4.916893e-06
2.8138476e-09
0.9978671
0.015372053
0.9602222
0.039914712
2.5305783e-06
3.623672e-07
0.3214869
0.62664914
0.00018764652
0.78283745
1.8984229e-06
0.97405595
0.96784496
0.00010861204
0.00021133614
0.008612282
2.6071177e-05
7.3868975e-08
0.00014881266
0.043840647
1.1047895e-06
0.00459872
3.6855592e-06
6.6177545e-06
0.08139139
2.971654e-08
0.00015565965
0.09337194
0.00048085177
9.112769e-05
0.007893071
0.00400307
5.8253836e-06
1.4716021e-07
0.002014437
1.2482423e-06
0.0061722994
0.00029545557
3.6830534e-05
2.5037643e-06
0.82564455
7.8956674e-07
5.6529516e-05
2.1514432e-05
1.9288414e-05
0.0016664569
5.7744306e-05
4.407737e-05
0.23845024
5.5455363e-08
1.2117295e-05
6.0625545e-08
1.6363561e-05
0.0015186816
0.963985
0.00019387274
0.99997026
1.1040776e-05
0.99999154
0.0022676534
0.16798213
1.1269608e-05
1.9716597e-06
6.0819656e-07
0.0052807177
0.002014437
1.8231349e-05
0.23430613
4.4269498e-05
6.7318655e-07
0.0024126903
6.6569887e-09
0.021041196
0.00064581726
0.0001229118
0.0019083732
8.580839e-07
0.96784496
0.03125614
1.1977257e-05
2.9818057e-08
0.99999034
5.538283e-05
6.5390355e-09
1.9024482e-06
0.7753361
0.00068040844
0.00017949443
0.99840957
1.8268454e-07
0.0002582151
0.96026444
1.2979789e-06
0.23845024
2.1406597e-05
0.38779172
0.0018587956
0.99999076
0.0002606301
0.9996802
0.00011003384
9.8347455e-06
0.10799055
0.00044069637
0.000119627206
7.2900084e-06
0.00011228045
0.00083225034
0.12477629
1.7327013e-06
2.9098559e-05
0.2704046
5.106273e-06
0.99544203
0.119045205
7.449454e-05
1.3421602e-06
0.6634164
0.00017949443
3.040088e-05
0.0034713983
0.00031954766
0.87639034
0.006026095
0.43458915
0.8450084
1.24918515e-05
0.7820469
0.031700134
5.917569e-05
0.0013969078
0.011843569
0.00013019137
1.9797811e-07
2.1492401e-06
0.54996055
0.22443138
0.000110014844
5.779524e-09
6.7220644e-05
2.601016e-07
3.183016e-05
6.30228e-07
0.00066665467
0.0007769472
0.002653019
3.682769e-08
0.028292097
0.032362573
9.943688e-05
6.312025e-08
0.015372053
0.012262026
0.002900775
0.0051583606
4.9390796e-06
1.99885e-05
7.384903e-07
0.00048373078
0.00042472544
4.4833996e-06
4.011e-06
6.5906215e-06
1.8231349e-05
0.0001229118
3.7863576e-06
0.00048085177
2.4211648e-05
0.00022766246
0.00026155566
9.009209e-06
1.6386093e-06
0.07330868
0.006675881
0.00035615158
0.031700134
1.4909902e-05
1.3569274e-06
3.161253e-07
9.668992e-07
1.1043651e-05
0.013736311
1.4331818e-06
7.601836e-06
4.453478e-05
6.141882e-05
0.99885136
1.3317967e-05
0.00010496872
3.0217262e-07
0.9999884
0.0002206867
0.007772137
2.4109668e-05
0.19302487
2.2799187e-09
9.091338e-05
0.99615616
0.15342529
0.007772137
0.071593165
1.4774488e-05
4.190946e-06
2.087972e-06
0.999284
0.017853905
1.5840955e-06
1.5883069e-06
6.699251e-05
1.9288414e-05
0.00011611383
3.3752445e-07
