1.0
1.0
0.00039384243
0.9363952
0.99214935
0.96759194
8.230247e-06
3.3415523e-05
0.00048666509
0.8740311
0.0075118644
0.0009650017
0.00024335417
1.5750149e-07
1.4643645e-06
6.179786e-06
0.21518074
0.0007451678
0.0010008472
0.05893407
0.99460596
2.0100939e-05
3.022241e-05
0.025947183
8.250628e-05
0.0002704531
0.8040268
0.00038375045
7.86005e-06
0.0005486863
2.057706e-05
3.773467e-06
0.0007163409
1.0757015e-08
0.013088795
1.7819662e-05
0.15312915
0.003504644
7.240766e-06
6.3014786e-06
2.4995215e-08
5.635681e-07
4.037128e-05
4.2973456e-06
2.1312955e-05
2.2380339e-06
3.3637384e-06
1.0576178e-05
2.0600583e-05
0.00025357283
2.2411552e-05
3.4102748e-05
0.00019709273
3.6469172e-07
1.3612355e-07
1.1456336e-07
3.5568286e-07
0.9793523
0.0035810205
1.7380951e-05
0.99999285
4.265929e-09
0.0006714781
0.0013134711
0.33800676
4.224793e-07
1.3193169e-09
6.367588e-05
8.2046745e-06
0.0009241636
0.0083008725
0.0025588132
0.99909556
0.001097146
0.025846563
0.9996643
3.4102748e-05
0.0005660456
0.00046722515
7.662589e-06
6.5058186e-05
0.032585196
8.2501e-08
0.006577188
0.0046606367
6.3498024e-05
0.67493844
0.0083008725
6.6805784e-05
4.972658e-05
1.2326037e-05
0.0038671712
0.99909556
3.3690736e-05
7.1972164e-07
3.3668985e-07
1.3357709e-08
4.6979618e-05
2.2349177e-06
8.7602837e-07
0.0001659951
2.1600104e-07
0.00011821304
0.0019485711
0.041209817
1.644414e-06
0.00018695503
1.1787348e-06
8.202322e-07
0.016826302
0.026123809
0.0007809228
0.006412173
0.021174556
2.0451347e-07
0.014160693
8.2046745e-06
5.279978e-07
0.19565408
0.003080561
0.02658564
0.13775386
0.9624399
1.6580496e-07
0.03542329
7.151251e-05
1.6234205e-07
0.4927106
0.9973152
0.00015391305
1.5750149e-07
0.039224397
9.006082e-07
1.2399419e-06
3.6889246e-06
4.477527e-07
6.810517e-08
0.00349598
0.00013175346
7.214597e-05
0.008953284
0.00062647864
0.00015942215
5.4428835e-07
0.0016859631
2.8549844e-06
8.0897014e-05
3.128556e-07
5.817254e-05
7.419455e-06
0.73263645
0.022790866
0.0011052012
1.9168763e-05
0.0019485711
7.1972164e-07
0.0002405628
0.33627793
6.353515e-08
2.4523274e-07
0.9948883
3.52663e-09
0.3258577
0.0005660456
0.0014991888
0.1029023
4.195729e-06
5.7544556e-09
0.99088097
0.02046854
2.195362e-06
0.047422405
0.00031593893
7.909248e-07
0.015770182
7.765752e-06
0.00024127397
4.401545e-06
3.3621534e-05
3.0898875e-05
0.00058879424
0.0012017064
7.946189e-06
1.2165074e-07
8.401014e-05
4.29834e-07
0.00083862396
8.519038e-05
3.424386e-05
1.42170475e-05
4.1995857e-08
1.7717062e-05
2.3944185e-07
1.402877e-06
7.033122e-07
0.00013468959
8.91295e-06
0.0007563817
0.00087937404
2.1145862e-08
1.2082313e-07
1.783827e-06
8.32649e-05
1.3083238e-06
0.9220572
8.519038e-05
4.5886572e-05
3.5110454e-06
0.0035314956
5.381545e-07
0.0028629657
2.2378832e-05
9.431828e-06
0.00029784229
3.1960883e-06
0.006627895
5.9378603e-08
0.0023664257
5.2734635e-05
5.802136e-06
9.85098e-05
6.626286e-06
4.031217e-06
0.0032854711
3.8521817e-09
0.037828583
0.00083218416
0.0078003886
2.1312955e-05
6.3014786e-06
2.9665896e-09
4.5886572e-05
1.6943342e-05
1.4738082e-05
7.662589e-06
0.0001659951
7.240766e-06
1.917115e-08
0.00022866426
0.15339434
0.00046920904
3.9651777e-06
0.040051375
5.9378603e-08
0.0013610654
4.9032442e-05
1.880828e-07
0.033490755
8.536612e-05
4.772739e-06
4.2285538e-07
1.8406587e-06
1.8976365e-05
0.978035
0.003952327
1.0563936e-06
0.00019979141
0.93766433
1.5393056e-08
9.628285e-05
4.5689617e-07
1.7717062e-05
2.1312135e-06
0.21518074
0.058934055
3.0992417e-06
2.5622114e-05
1.87411e-07
1.20192035e-05
1.2387397e-05
0.00072699104
2.5362164e-05
0.03760268
7.923523e-05
0.03723572
5.0400655e-07
0.018328264
0.73263645
4.4483717e-05
3.0102643e-07
4.6974492e-08
0.44107878
8.536612e-05
0.0012787799
0.5328347
9.628285e-05
2.4932804e-06
4.098814e-08
0.81016916
0.20286685
0.15043645
2.4251656e-06
0.07621049
0.99214935
3.6309264e-06
0.9466287
0.9999992
0.9997425
0.46763477
1.4814451e-06
