0.9999866
0.00011885561
0.10437117
0.004150138
3.434867e-07
6.402766e-07
0.0013130778
0.0001061132
1.0933667e-06
0.008871925
0.013942266
8.473094e-08
0.0009173965
4.086005e-08
5.9758477e-06
2.0272408e-09
6.9049606e-06
8.0959836e-07
2.8548226e-05
0.031692747
0.9911438
1.3345849e-05
9.3795734e-07
5.7531048e-05
9.5839475e-08
1.4467202e-05
8.2092854e-05
2.580705e-08
6.86674e-05
0.00021490557
1.3089157e-08
0.013097421
1.7430766e-05
1.6494714e-05
0.050482985
4.958125e-09
0.99529856
0.00013648096
4.123612e-06
5.2967353e-06
3.347865e-05
4.1196067e-06
9.67619e-08
0.0031311798
0.07045463
9.428719e-09
3.0123743e-05
6.402766e-07
0.014203258
9.922702e-10
3.1183263e-05
1.266877e-08
2.1407366e-06
0.4361416
3.324648e-06
2.9531455e-05
1.1770078e-07
0.94256634
0.00035913938
2.6028126e-06
0.108287655
4.5398792e-06
1.8685448e-08
0.94080526
0.08837448
1.1516388e-05
3.2772456e-09
9.045048e-07
0.99971735
0.39574784
0.019473426
0.019891137
2.471969e-07
0.0007783667
0.010714491
7.9552734e-08
1.2378745e-08
4.1081337e-05
1.6401306e-06
2.7157348e-06
4.9698086e-09
0.0026216242
0.10147389
3.9441118e-05
0.0059597744
0.0001297524
0.017127898
1.0
0.83281296
0.050482985
1.152344e-07
9.944348e-08
4.2516145e-05
3.0406738e-05
1.5610497e-06
1.2340595e-07
2.9572402e-05
1.3131623e-07
3.666331e-06
1.2236171e-06
2.9761895e-07
5.4884712e-08
2.9181567e-05
0.8206592
6.9439956e-08
0.8513916
1.5925181e-08
1.5215788e-06
6.836313e-08
3.0375976e-11
0.00094452954
1.8995015e-05
1.570648e-05
1.9515574e-05
1.7114775e-08
1.1203652e-05
4.262165e-08
3.4286273e-05
1.2810705e-07
0.023364896
0.99996305
2.1577847e-07
3.1266644e-08
0.0016280349
0.00029767395
2.4977377e-05
8.907613e-06
1.2706679e-10
2.627844e-06
0.0005047106
8.6525364e-07
3.4687197e-08
1.1175022e-06
3.5784602e-08
0.9751668
2.4977377e-05
5.1571806e-08
1.3222369e-06
0.00013177306
2.9884453e-07
5.435455e-08
0.033545017
1.5585907e-06
3.0382158e-05
4.714203e-06
0.0014548745
0.005898837
0.00045152
1.6439157e-09
0.00018396937
1.6439157e-09
3.9923456e-05
9.126557e-09
1.0690625e-05
1.2340595e-07
6.955494e-07
4.1700093e-07
0.00013648109
8.452547e-05
1.3140597e-06
1.4066737e-06
0.9999099
1.9518473e-06
0.99963856
1.7879388e-09
1.3131623e-07
3.8894595e-05
4.0476712e-07
2.8504426e-05
0.9967103
0.0031707787
0.00045152
0.98490405
0.00054996595
7.908078e-05
2.1345463e-07
6.1238715e-08
7.8412864e-07
0.002343012
0.0011339125
9.967807e-06
5.2967353e-06
1.1590086e-07
3.0876222e-07
0.0004615095
5.44082e-06
4.1140695e-09
0.000815919
8.9035886e-08
3.434867e-07
5.243286e-05
2.7304926e-08
8.373701e-10
1.3455102e-06
0.48507696
1.346189e-07
4.2839743e-05
0.0012241179
4.179316e-06
0.00034023955
2.7377085e-09
0.007616073
0.9445271
1.7132075e-07
0.9999099
0.0046291756
2.9181567e-05
0.9212781
4.4906337e-10
3.562556e-05
6.5339715e-05
4.9628014e-08
3.9764967e-05
1.5276568e-05
1.0569401e-07
0.14324237
5.2136725e-06
0.22287138
0.0002806837
1.4578696e-07
2.6828229e-08
0.00014019362
3.9871146e-08
0.009746385
0.0020889472
0.00061313144
1.47162265e-08
3.1986123e-09
2.0379888e-08
1.1409697e-06
7.8412864e-07
1.3880439e-06
7.702233e-06
4.4907642e-06
1.346189e-07
0.5761304
1.0690625e-05
0.82650906
0.3512644
4.4411874e-07
1.2673766e-09
4.1140695e-09
0.0001516712
0.117196694
2.5838362e-05
0.00086472277
8.817817e-07
0.000107091306
0.71885127
0.9974597
2.4414431e-08
2.4832023e-06
7.577103e-08
1.5241808e-08
1.1434872e-08
0.9996164
0.9987753
1.20126715e-05
1.7191519e-07
0.03829378
2.9531455e-05
1.2340595e-07
9.345314e-07
1.5241808e-08
5.9924376e-05
1.06227125e-08
1.3124303e-06
0.00040972096
0.0026216242
0.007891611
2.5697973e-05
5.4884712e-08
0.060618855
8.452547e-05
3.3590217e-07
0.13943866
0.0052645467
1.9869246e-08
4.0526887e-05
5.4175638e-05
1.0584675e-05
0.00014081459
1.6439157e-09
2.2989544e-08
6.013724e-08
0.9999994
6.0550434e-08
1.45147085e-08
8.5705105e-05
0.00028037932
0.009496898
0.0036248597
8.282609e-07
4.7724706e-07
1.8777051e-05
1.266877e-08
6.8199033e-06
6.3987162e-09
4.6337583e-09
2.7768746e-07
