1.0
1.0
0.99999994
5.374252e-07
5.5233894e-08
0.0002672343
0.0003317701
0.9999798
1.4133944e-09
6.2450504e-06
4.61185e-07
0.00011904481
2.2363727e-05
0.003029426
2.0712018e-06
5.9848244e-06
3.9857914e-06
0.04486541
9.808152e-07
1.9564038e-06
2.4238745e-05
4.2146694e-05
0.2573019
0.00013518754
9.806188e-07
4.2761087e-05
4.2508972e-07
1.848549e-07
5.0635604e-06
8.565902e-05
6.9345646e-05
1.3982716e-06
0.00069460925
2.1014897e-05
0.02573917
8.751703e-06
3.2154592e-06
0.000636264
2.4707468e-05
6.0027046e-06
0.19169952
7.334312e-05
7.616688e-07
0.00031140455
0.99999994
0.04100018
0.14957814
0.06000844
0.0010503047
0.00012795658
4.962394e-06
2.1466656e-08
0.0005490277
0.00032368666
0.9912737
0.004180056
6.7965548e-06
0.9990691
0.00034847116
1.4306841e-05
9.544431e-05
0.95301676
0.0045925905
3.3820509e-06
0.3834625
4.918115e-09
0.96045846
0.0023422074
0.0623457
0.00033544892
0.0064876364
0.99983644
2.065974e-06
8.6572663e-07
4.2954075e-06
0.99999946
6.7965548e-06
4.5381856e-07
0.0071470137
0.66867465
0.0792887
1.2216803e-06
0.22136317
5.4139073e-05
0.010844785
1.1806005e-05
0.9997498
0.23398173
0.9897279
0.00020035208
0.00010228113
0.00019690301
0.0005908073
0.0016043504
0.99986064
0.032639466
0.07961578
0.9998995
0.0008822149
0.00054915453
0.007135742
6.6558887e-06
1.3407937e-05
2.8031867e-05
0.013729504
1.3407937e-05
0.99933946
3.5434823e-07
0.0001181772
0.00021006368
0.00073363475
1.12799e-06
7.4469924e-08
0.00016921267
0.00032993685
3.120849e-05
0.004290833
0.00089465786
1.2716665e-06
5.8566055e-08
0.00025788738
0.022956792
0.00625967
0.00032993685
0.0015630353
9.925111e-07
0.00059794175
0.0009361731
4.2515418e-07
5.2084164e-07
0.004433959
4.6953625e-07
0.010844785
9.847835e-07
4.879523e-07
0.013786803
0.15155064
8.423845e-05
9.4977274e-08
0.015230824
0.0002582796
0.5016801
6.2690466e-05
0.998577
6.134613e-06
0.25329837
2.7857018e-07
2.7189892e-05
0.00059543597
1.35150104e-08
0.14403664
5.8917584e-07
0.96945405
4.8631282e-08
6.089139e-07
0.34156355
0.0064295856
2.9928594e-06
0.058584493
3.4770444e-06
2.1964625e-07
0.9990691
0.9056586
2.1551044e-05
0.9993186
0.0076768734
0.0055853995
0.19169952
4.651155e-05
2.03893e-05
0.0044065285
3.4559657e-06
0.13984624
0.96672094
1.1359824e-07
1.8255128e-06
0.04028549
4.930788e-06
0.02928466
0.0002872876
8.24853e-06
0.00010228113
6.932515e-07
0.00031140455
4.108344e-07
0.0007325805
3.7758682e-07
0.18220365
2.7237883e-07
0.001243223
1.5001355e-08
4.4751957e-08
0.0017824457
2.3466787e-06
0.0032774485
0.9996311
4.8892534e-08
1.1441936e-05
1.0590086e-05
5.8722204e-08
7.954005e-07
0.00041188733
8.607688e-05
1.34258125e-05
6.0027046e-06
0.9996311
1.5170637e-07
0.0010110756
0.0029014177
2.487663e-06
1.12799e-06
0.47289196
4.697639e-05
0.0012257005
0.0025559256
0.0027696062
0.9999314
0.056550335
0.006608925
0.017100723
2.8695866e-05
0.9985615
4.5619243e-05
5.3185718e-06
0.019656962
6.2531376e-06
0.00042765608
0.0052587017
0.22136317
0.0033644675
0.0005091434
0.00018953245
6.8199292e-06
4.2272495e-06
6.850703e-07
0.016789276
1.7259232e-07
0.00025404568
0.38282004
0.2573019
0.006961596
5.8143387e-06
9.5248826e-05
8.701735e-06
9.847835e-07
1.0474571e-06
6.421631e-07
2.3083535e-07
0.0006123588
2.0555137e-07
4.1571562e-07
0.29691663
0.16216117
2.1723268e-07
0.0011663669
9.808152e-07
0.99802995
0.00038807868
1.40125685e-05
0.6340207
0.00019383003
3.1737425e-06
0.9735116
2.1638445e-05
3.9814604e-06
0.0052587017
0.0009775651
0.004205262
0.9982633
8.776674e-07
0.0057452084
2.6735464e-08
1.0950238e-06
5.4062977e-05
5.238223e-06
3.0122803e-07
3.1951323e-08
1.4732101e-06
1.0532314e-05
1.0864984e-05
0.0049803318
0.0033432627
0.0009672615
1.50152655e-05
0.9999949
0.00034648756
0.002713483
0.0036746245
2.0712018e-06
5.5184984e-07
3.3829623e-05
3.7949906e-06
0.00398809
5.8669025e-07
3.079453e-07
6.882441e-09
1.461287e-06
0.00028060825
0.13172969
0.005091985
