0.82777476
0.99911195
0.98552626
8.4385374e-07
0.0005959072
5.775703e-06
1.7682744e-10
1.7070958e-08
4.073329e-08
1.4046346e-07
5.6871103e-09
1.6783031e-07
4.242475e-06
6.9800067e-06
5.4954057e-08
0.0003934237
6.507448e-08
5.6233307e-09
0.001205728
0.0012755011
0.008243385
3.654117e-06
6.238606e-07
5.944693e-12
9.702285e-08
5.3562126e-05
1.281091e-05
2.7597295e-08
0.9103454
3.7240065e-07
7.8332345e-09
1.388817e-09
1.0207499e-09
1.3989843e-08
1.6814433e-09
1.1746384e-09
1.3652371e-07
1.319131e-06
4.430924e-07
9.751276e-05
2.1470534e-09
9.526667e-06
0.9999951
3.4124102e-07
3.385263e-10
0.95593274
5.0891627e-05
0.0033329036
0.00015468989
1.138167e-08
0.99999994
4.725771e-10
1.2969275e-08
3.803476e-06
0.9962983
0.000115916024
9.0340825e-07
2.0856648e-09
6.506449e-07
6.3982554e-08
7.499329e-09
5.485839e-10
4.5059805e-05
9.796842e-06
5.7741552e-05
7.581841e-09
1.5930611e-09
3.6591841e-06
1.5316609e-09
0.9999997
1.9017697e-06
2.10387e-05
1.4154055e-07
5.055742e-09
1.8701208e-08
8.618568e-06
5.0413378e-06
0.9001786
4.6897323e-08
0.00029055614
0.37085706
1.6727363e-09
1.819451e-05
1.0617976e-07
7.78299e-05
1.388817e-09
8.458768e-09
0.0012755011
3.405246e-11
4.183986e-05
1.8134788e-08
1.4939358e-06
2.1648632e-09
7.672768e-08
2.9087263e-10
2.473667e-07
0.9977201
0.0004027017
0.0056929314
4.654054e-06
0.0067817755
2.0127271e-07
2.7606827e-06
0.98569584
3.2220387e-07
2.3809048e-06
1.2723532e-06
4.6897323e-08
1.6765354e-07
0.004905971
1.5744503e-09
4.6897323e-08
5.711234e-08
1.1374675e-07
2.5413006e-05
8.0851505e-06
3.5429122e-05
6.8659756e-06
4.8793277e-06
3.670213e-10
4.050424e-10
1.989714e-06
1.48149675e-05
0.00020172974
9.361486e-07
2.4558568e-07
0.004905971
1.3007125e-06
6.296969e-08
2.4507165e-07
1.7107568e-07
6.54938e-10
4.275704e-09
3.5075448e-06
4.7653225e-11
2.9087263e-10
4.0553127e-06
1.4922013e-07
1.3862779e-06
3.6464996e-08
1.1666567e-08
5.441718e-09
5.366274e-05
1.8208848e-09
3.197134e-06
0.0011063525
1.0771058e-08
1.2625182e-08
2.7213419e-08
1.4939358e-06
1.5937981e-06
2.2509653e-08
0.034269176
1.6782993e-05
3.546065e-07
1.4380392e-07
3.1883868e-08
4.0501222e-06
9.003022e-05
1.3827231e-07
0.004869693
8.59204e-09
1.1890435e-07
1.0066022e-07
4.1451293e-07
1.2897945e-10
1.3272183e-06
1.4566494e-06
2.0415369e-08
9.637552e-05
6.274376e-07
0.000515384
0.00054221984
0.001445269
3.7964312e-06
9.379725e-07
6.2477106e-05
7.037407e-09
2.2788488e-07
1.7919338e-05
5.857467e-05
0.60514635
1.5680317e-08
0.0018744888
0.0008315528
3.4898893e-08
5.5290394e-07
0.0011063525
1.0034164e-07
2.4448763e-09
4.3240277e-08
5.3200933e-09
5.167054e-09
0.06627153
4.782038e-07
8.290854e-10
4.9400314e-06
1.0706072e-07
8.0079285e-09
3.675973e-06
8.50141e-06
2.2695972e-06
4.6265422e-06
4.613778e-05
0.31412408
1.5731564e-07
4.3383938e-08
0.00021013539
1.0368929e-05
3.7964312e-06
0.0002905049
1.269916e-05
5.599092e-08
9.571443e-10
2.590971e-10
0.00025894606
2.9836357e-05
6.626286e-06
8.0851505e-06
4.3765074e-05
2.5716696e-07
7.0222172e-06
0.91673857
5.099906e-09
1.4231043e-07
6.2674007e-06
0.008976108
9.785654e-07
2.6488078e-07
0.0044470537
1.1694788e-09
0.00018288988
0.9590368
2.8531442e-08
3.824331e-10
7.8654044e-10
7.499329e-09
1.5822097e-11
2.4489853e-07
5.3562126e-05
0.91673857
0.118849866
1.2954417e-08
6.290673e-10
2.0415369e-08
3.0946856e-07
0.006922321
2.7120562e-08
4.930891e-05
0.9999998
6.7254593e-09
0.6069416
2.7293158e-08
2.5051104e-08
0.009291186
2.297893e-06
3.3336964e-09
0.000105910614
1.8501218e-05
9.2366315e-07
1.48149675e-05
2.4634712e-06
5.784467e-08
0.00025714908
2.2413244e-07
1.4862968e-05
2.2788488e-07
8.749683e-06
1.2224211e-07
0.000119200995
0.14221075
3.0053528e-08
1.03610426e-10
3.096002e-07
5.5246997e-05
2.9886367e-09
8.174445e-08
8.489921e-06
6.940307e-06
3.414037e-08
1.7850331e-08
8.6062634e-08
0.00020172974
1.8501218e-05
1.9108704e-10
7.545342e-09
3.4742154e-08
0.19397503
6.474435e-07
3.7894514e-09
0.0008315528
2.3928791e-08
6.957409e-09
6.3811414e-09
1.1617624e-06
2.3032238e-09
1.8515802e-07
9.800765e-07
1.6009809e-09
7.441526e-08
