7.282222e-07
1.0
1.0
0.98533255
6.847901e-08
0.0003781167
0.59560305
5.06598e-06
0.21902968
0.0035242203
1.7667018e-08
1.233473e-10
0.0005568696
9.92547e-09
5.842358e-08
8.520205e-08
6.737293e-05
2.154876e-06
1.0071424e-05
2.1127696e-06
6.0759663e-07
2.7382607e-10
5.89082e-08
6.378406e-05
6.552232e-09
0.0003713957
6.559168e-05
0.0040184646
1.0561009e-09
2.104272e-10
7.995414e-09
1.6004764e-10
0.060270306
1.768718e-08
1.3475119e-07
0.0023639111
0.0023575088
0.00043811343
0.10786939
2.3720204e-09
1.5868694e-05
1.9494553e-05
7.5029726e-07
2.8390247e-08
4.742237e-06
6.7261674e-08
7.096871e-11
0.00016285173
8.6898634e-11
1.0183653e-06
2.4599898e-09
7.443882e-08
1.1323697e-07
0.99838877
1.6416892e-07
9.234613e-06
6.05729e-10
1.7380553e-07
7.0009065e-07
1.865404e-08
2.5561283e-07
3.4494815e-07
3.1836764e-06
2.6747787e-07
9.177489e-10
0.0009597515
4.08158e-05
0.0008480844
1.2573882e-06
0.00070222426
1.5630153e-08
1.1630507e-08
4.815542e-06
6.07254e-09
1.5719246e-08
4.1393218e-08
2.9272893e-09
0.9743038
5.1676116e-06
2.6987797e-07
1.7009163e-06
1.695335e-10
0.18510178
5.1781632e-09
1.2335611e-06
8.769596e-07
3.2318403e-07
4.949029e-07
1.8255249e-06
1.8904e-07
2.5676604e-06
8.9463846e-08
1.12331815e-08
0.94055676
1.3983214e-05
0.6865073
8.9353e-08
1.8727255e-09
6.008014e-08
0.022172077
2.4459128e-05
1.8303625e-06
3.7706496e-12
1.266218e-07
2.1398002e-05
8.520205e-08
1.4291281e-06
3.8246053e-06
0.019599557
8.705835e-12
5.7053444e-06
1.8119202e-07
7.042506e-10
9.648454e-08
3.143403e-05
1.6423667e-10
0.00025691724
0.46794957
0.40171286
0.00024315239
9.648988e-08
2.0889222e-06
1.9290983e-08
0.9563879
1.1576279e-05
6.003352e-08
1.756996e-09
5.818077e-06
2.6051916e-07
0.06908812
9.2570535e-06
2.5303947e-07
1.2091185e-08
2.141815e-08
4.5183506e-07
8.9977576e-08
0.0691593
0.0005008433
3.8344986e-10
4.524335e-10
2.1892919e-09
0.9145121
7.294616e-08
1.438511e-09
2.141815e-08
7.006085e-05
2.2904487e-07
1.6148597e-07
0.000652341
0.00021685791
8.0834405e-05
4.3832377e-10
3.916195e-06
0.13690874
2.6002783e-10
1.4046398e-07
0.00070222426
2.3673465e-07
1.87762e-07
1.0029031e-08
0.122820064
8.9353e-08
5.3420692e-08
1.8660198e-06
9.224847e-08
8.427683e-10
6.552232e-09
5.779631e-10
1.7083206e-08
0.058850765
0.9563879
0.00057766156
3.837632e-09
2.6362954e-06
3.4848657e-09
4.526498e-07
0.9932928
1.682965e-08
1.7151596e-09
2.0733341e-05
3.07533e-05
6.419262e-10
7.3098526e-08
5.6924414e-08
0.099641666
2.437673e-09
0.99999636
7.397568e-09
0.99934703
1.5190169e-06
2.4961182e-07
3.263668e-07
0.002223372
4.524335e-10
1.3810337e-07
3.8333474e-07
0.9970366
0.00028796933
2.2800808e-08
2.2904487e-07
0.366008
3.837632e-09
1.6908567e-07
1.3389951e-08
5.612572e-09
9.2345644e-08
2.904585e-10
0.0005568696
0.40473276
2.02264e-06
2.4961182e-07
0.008199935
4.949029e-07
0.0691593
2.8074487e-07
1.2938224e-07
0.08244426
2.7818396e-09
2.446481e-09
1.6423667e-10
6.328693e-05
5.1805904e-10
1.8155769e-11
0.9743038
7.840673e-07
3.916195e-06
3.4647922e-08
4.358916e-06
0.15806848
3.678287e-07
1.072884e-06
0.998196
0.9998539
1.047615e-08
1.4690622e-08
1.7256929e-07
3.961972e-06
2.1417742e-08
3.8246053e-06
8.1782386e-11
2.5325625e-07
0.98687696
3.263668e-07
0.5752414
1.0011297e-05
3.9912994e-08
6.3922384e-06
4.524335e-10
1.4085375e-08
0.00016285173
3.4114578e-06
0.0003781167
1.2779537e-05
0.0013502938
4.5618903e-10
1.0
1.2140636e-06
5.390562e-06
2.438042e-07
1.8589743e-09
4.3832377e-10
2.0713736e-05
1.3003698e-07
1.1402073e-08
1.2334778e-10
0.008957279
5.717741e-07
9.842314e-07
3.042256e-07
0.00023711
4.100738e-08
0.011634331
2.8591842e-09
5.0822933e-07
2.0597719e-07
1.6828462e-05
0.0026507666
2.3615743e-09
2.4412941e-08
5.891949e-05
0.51970506
5.7701254e-07
9.942869e-08
7.1375157e-06
3.3832788e-07
1.3527408e-09
0.00787141
1.3393012e-06
0.49207085
9.392999e-09
1.1402073e-08
2.952771e-05
4.7684097e-09
8.9353e-08
1.337396e-10
2.785723e-06
4.071123e-08
4.297362e-09
1.865404e-08
1.9498068e-05
