0.00015342276
0.9996816
0.007241486
9.1836756e-07
0.0018607732
1.0
9.282303e-07
1.9008623e-05
0.003693588
0.00029694178
0.0003262485
0.07949263
8.3961135e-07
5.7621137e-06
5.1740386e-07
3.385777e-07
0.00012772568
0.12159855
0.0026964238
1.0176557e-06
2.063737e-06
1.07950434e-07
0.99999326
1.5456183e-06
0.9999887
3.9474497e-05
2.844272e-07
0.9152351
8.631463e-07
0.0064787907
3.158498e-08
0.90567523
5.480705e-05
3.8073325e-05
0.04721923
5.8598683e-08
0.010336569
0.009111407
0.0005455064
1.4287984e-05
1.5163511e-05
6.881341e-06
0.00017147815
1.0
0.40257138
1.4630255e-05
0.20634982
2.619007e-07
4.066134e-07
0.0002513679
0.90567523
0.9853716
6.2330796e-06
1.0099721e-05
0.05072088
0.8911301
0.001873702
0.004119097
9.264322e-05
0.075779624
0.0012088404
0.014388955
0.00022513818
7.0051337e-06
8.981603e-07
0.99222714
9.264322e-05
0.9082553
1.3061293e-07
4.0280564e-05
5.8908034e-07
1.188719e-05
0.99997306
5.6383597e-06
6.2757346e-07
3.5280964e-06
3.5228626e-05
0.046233833
0.99371135
2.2056674e-05
0.0142518245
1.8512601e-06
0.00020521772
0.0001251685
0.00257918
0.00031705626
0.010915694
0.0005759732
3.2791112e-07
6.85501e-07
3.5495777e-05
5.941309e-06
0.9449804
2.619007e-07
1.0722375e-06
3.8338776e-06
0.00012218962
0.0005452202
0.015714442
3.5672618e-09
0.24198239
8.013049e-07
2.9523739e-05
0.00030750874
3.0316085e-06
6.6518866e-09
0.0031896573
0.071927816
8.1078053e-07
0.0015033889
8.691166e-07
5.0496727e-08
0.072515674
0.99997675
1.8479426e-07
0.0004347836
0.8363732
2.960425e-07
4.177033e-05
9.377638e-05
1.1026234e-05
0.0012330437
7.891957e-05
0.0011491391
0.6358736
8.899262e-05
1.57515e-07
7.12264e-05
0.00030750874
1.2998962e-07
2.3457094e-09
6.2289196e-06
7.686565e-07
4.6706587e-05
8.89471e-06
2.0813875e-06
2.954906e-05
3.5946637e-06
0.007656699
0.99988604
4.0050934e-05
2.7796564e-06
0.000150512
2.9451785e-08
8.529036e-06
1.9294646e-06
0.29693717
0.0018607732
0.023648392
0.0025092906
4.02806e-05
0.57047135
2.8133072e-06
6.462452e-06
0.0063532824
3.7911416e-06
3.3103365e-08
8.413569e-05
1.5859344e-08
3.3895806e-06
0.99997675
0.9999944
0.00019080899
0.002313096
0.024683725
0.00059939676
9.282303e-07
0.99610156
0.00022536563
0.99977404
0.98755175
2.3563112e-08
4.2032425e-06
0.4910108
7.3071476e-07
1.1410514e-06
0.00034920167
3.0316085e-06
0.0012330437
1.5202312e-07
1.6486381e-06
1.2383025e-07
0.0023444481
7.3071476e-07
4.4616536e-07
8.9267803e-07
0.13393581
1.5644281e-07
9.282294e-07
1.0509579e-05
0.00014568951
1.9421035e-05
0.007656699
0.0004252363
7.879871e-06
0.9956763
0.9407746
0.00020700134
9.017814e-06
7.6720944e-08
0.00047522783
1.5722502e-05
0.9999676
7.856872e-06
0.3191883
8.228214e-06
0.0031846054
0.99999875
5.0907574e-06
0.9940768
9.136389e-06
0.024683725
1.0438529e-05
0.0006112538
2.0173181e-07
2.7450437e-07
0.00023594609
2.9123852e-05
3.003342e-07
4.5741348e-05
0.00044916535
4.8646734e-07
0.81014967
1.1883053e-05
9.618843e-06
0.8600319
0.008108961
0.0028683257
0.007595601
0.000501553
8.167986e-05
1.065833e-06
5.4849035e-05
5.3976814e-06
1.2758906e-08
3.4155553e-07
1.1547676e-05
0.03307348
1.2006348e-06
0.00031680788
1.9007372e-05
1.3016026e-05
2.598252e-05
0.13883525
7.686565e-07
3.3173023e-07
3.2318326e-06
0.0009889521
0.002351749
0.99998766
0.5168737
6.462452e-06
2.7285823e-06
3.2741926e-07
0.0006710587
0.17468932
4.3775694e-07
1.5167325e-07
5.8598683e-08
3.5672618e-09
1.1241475e-05
3.120831e-05
9.161893e-06
0.00013233718
0.0057473276
0.0007335089
8.231847e-05
1.0438529e-05
1.6549078e-09
0.0055692117
2.0500615e-07
9.524193e-05
0.0025092906
1.0157934e-09
0.0006285779
3.5279754e-06
4.386362e-07
0.9423204
0.0006954047
0.99996567
2.3285054e-06
0.0021754734
0.00042463397
9.8334056e-08
0.9997713
1.3016026e-05
5.095679e-07
1.9517769e-05
1.1642713e-06
1.4107954e-06
0.136267
5.753542e-06
0.0005614985
1.1340167e-07
4.905617e-09
4.7006943e-06
1.1241475e-05
5.916979e-08
7.340919e-07
0.2161314
