1.0
0.4715898
4.243238e-05
0.00011178668
2.779402e-06
0.0008468767
1.561946e-07
1.6720278e-06
1.0
0.99998677
1.78441e-05
3.3365563e-05
3.9943575e-07
0.0007086546
0.012639353
0.012493294
1.4260527e-05
1.4901032e-05
0.9999994
0.007491043
0.0025071274
4.0447656e-05
1.0273551e-05
6.656001e-08
0.0069525703
4.284648e-06
0.0055612237
0.00010209539
0.00012151268
0.0006446071
2.6205382e-05
2.7679116e-07
5.31835e-05
1.888313e-06
3.213382e-07
0.0013260058
0.37453157
2.4739788e-06
1.0
1.6170408e-05
0.8580703
5.650955e-07
0.013034199
2.3811153e-07
5.31835e-05
0.00089164096
0.99999994
0.053315174
0.00023057112
0.0001749614
1.2332341e-06
7.521162e-07
1.700106e-05
1.7080083e-07
0.0001781989
1.9902497e-07
9.0937255e-07
0.000773074
0.00024851068
0.24310727
0.00033936973
0.44809535
4.426385e-06
0.041899923
2.4976199e-08
6.702166e-09
0.36862782
0.00073739723
4.127126e-08
1.5113617e-05
6.143123e-05
0.00073795614
1.4852072e-05
0.9999999
1.0
5.3319866e-07
0.014121769
0.00040388427
1.6650712e-09
1.8744187e-06
7.1126203e-07
0.00096067047
0.00011580102
0.99327093
2.1977407e-07
0.0039895377
0.9999994
0.9572265
4.796663e-06
0.00026485857
0.9999924
0.009653189
2.630679e-05
0.00065850036
2.872211e-06
0.00096825405
2.4727338e-05
0.9994478
0.0001738681
0.00039870423
0.7757022
0.5395962
1.40334705e-05
1.0
0.18617083
0.00030711057
0.008100467
0.9838829
4.7661574e-06
8.19777e-05
0.0008847694
0.05530117
0.15908328
0.31491107
0.019436212
0.0047444613
0.0044528735
7.718277e-06
7.789941e-05
1.6186142e-06
0.0009076997
7.171869e-05
1.6047604e-08
0.0033627015
0.2130152
2.887702e-07
1.8343412e-08
0.007491043
4.235183e-06
0.9852119
5.799165e-06
0.007491043
3.4344323e-06
0.99997765
0.07873183
0.0014826702
8.0954895e-05
0.0006727986
0.0055612237
0.0001493893
0.99842787
8.876295e-07
1.7383067e-08
0.59007657
3.7440384e-09
0.13216043
6.143123e-05
2.3112342e-08
4.490375e-05
0.001320325
0.053333312
0.0003044861
3.7292061e-06
0.13628232
0.00059692987
8.230427e-06
0.8967767
0.24716568
6.953663e-07
2.1702514e-08
4.2027753e-07
0.00090632215
2.3509398e-05
0.14304926
2.6911408e-08
9.279442e-06
0.9372261
0.9838829
0.13216043
1.5995514e-05
3.0929652e-05
0.000491133
1.626666e-05
1.3314754e-05
0.18897894
4.8926697e-05
7.0089925e-05
9.919918e-06
0.02673715
0.0009294177
0.00011368575
0.00028182656
5.7275383e-06
9.987226e-09
3.557864e-06
0.015076656
0.037024107
0.0004874116
0.0023871867
0.05002259
0.0012436523
6.758619e-05
2.6683965e-06
7.1825207e-06
0.99928325
4.602667e-07
4.775591e-09
0.009233296
1.561946e-07
0.00033823875
8.0374804e-08
0.91719383
3.200863e-05
0.014121769
0.00039870423
0.0056880587
5.1681604e-07
4.0230006e-09
0.00012258337
2.2749107e-05
1.6168409e-08
3.200863e-05
0.0011084604
0.013655526
5.4323946e-06
4.9126e-10
2.1759999e-05
0.99984837
0.99276084
6.653514e-08
7.874995e-06
1.3332428e-06
2.1699052e-06
1.1254177e-08
0.00011580102
0.0001132198
0.038231384
2.0019685e-07
5.3001735e-08
4.4477147e-07
0.0014826702
0.0062082633
0.0009151018
0.00041771057
5.588583e-07
0.00064271677
3.0282547e-07
9.205141e-07
4.899561e-05
0.0017291385
2.4630005e-08
0.24310727
0.069952704
0.23760387
2.8295972e-07
0.44809535
3.944657e-07
4.346484e-06
0.9978574
0.9709284
2.5969563e-05
1.5648908e-06
0.00029294242
2.9293099e-06
0.99999666
5.5550495e-06
3.83589e-05
2.0718242e-06
0.00020957892
1.5731665e-08
1.40334705e-05
8.982134e-07
0.63649356
8.269281e-05
6.893032e-07
8.206937e-05
0.0021209195
1.1489165e-06
2.9421296e-06
5.7275383e-06
2.9421296e-06
0.00042133947
5.498761e-08
0.0005542112
0.0043572327
0.015501188
0.00091150095
6.700725e-06
0.0001370485
9.862177e-07
0.00017413888
8.5953545e-08
6.719574e-09
0.00019424131
1.12743055e-05
1.8696858e-06
0.0010556681
0.2130152
0.016371375
0.0044528735
0.0026696725
0.99999666
1.4628023e-05
2.6205382e-05
3.3365563e-05
1.3576087e-08
0.0001415962
4.4477147e-07
1.1568943e-06
9.792581e-07
