0.9935101
0.9929464
0.589449
0.9985007
0.99970627
0.00023533117
0.999999
0.9999536
0.98708284
0.96787
5.0148305e-06
9.359218e-05
5.4980268e-05
0.9999139
8.309658e-05
1.527495e-05
0.30390376
0.9926678
2.3093202e-07
4.5961373e-05
0.00034748027
0.00028622683
0.32715797
1.0
2.4172846e-06
0.0007617431
0.000110449284
9.504352e-06
7.8839375e-06
0.69202405
6.2833915e-06
0.9653483
0.0023763075
0.07918633
0.74954456
1.6002918e-08
6.1601922e-06
2.760883e-07
0.0007102699
0.0006203233
1.0221376e-08
1.527495e-05
2.0915708e-05
0.00014451843
2.8190738e-07
5.375427e-05
2.729863e-06
0.0025906456
5.142516e-07
6.3236926e-06
9.3557736e-07
0.027563304
0.019824898
1.1514883e-05
2.0811967e-05
3.982683e-06
4.046889e-09
1.1488854e-05
1.7998274e-05
1.0
0.00032297676
5.253271e-05
0.9631864
0.00011315062
2.5797044e-06
1.3150037e-05
0.010095918
0.0003516774
7.9552944e-07
0.8954624
0.035312034
1.0392866e-05
7.792227e-07
1.7194749e-07
3.6913527e-06
2.7267483e-06
0.94913983
1.8957813e-06
0.003186869
2.7838798e-06
0.017035525
6.932984e-08
0.00030655155
4.1328929e-07
0.0008619488
0.00095346814
0.0031733192
3.3610625e-08
2.3411105e-06
0.04099325
0.9904426
0.00035491443
2.760883e-07
0.014388346
2.8759744e-06
1.2915244e-07
1.3436712e-09
5.8641628e-05
5.9275685e-06
0.000112974674
0.9999796
0.0006404528
2.3436571e-06
0.00025147723
0.16629422
0.94469273
0.99955094
3.676867e-06
5.525211e-05
0.0046091783
7.255178e-05
2.8967875e-07
7.478573e-06
0.0015427897
1.0884077e-05
2.8535895e-05
0.99999577
2.4782768e-05
0.90982157
1.6066298e-05
0.9226433
4.3296237e-07
1.2742153e-05
1.1504631e-05
0.9967062
2.0932092e-05
0.6310699
3.462044e-08
5.749834e-06
0.3718463
2.9144883e-05
0.00067231274
6.740448e-07
8.58266e-06
6.6400003e-06
1.0167631e-06
0.0010674669
3.0625603e-07
1.4780971e-05
0.0062603937
3.8139692e-08
5.372977e-05
0.8505142
5.2516805e-07
0.0025274854
0.7950769
1.3753925e-07
5.5862915e-07
0.9937733
1.3369187e-06
0.9979007
0.9998271
2.2003489e-08
0.0014144892
2.199213e-05
5.2423576e-07
1.9542615e-05
8.239465e-06
2.5144047e-05
0.013467388
7.969611e-05
0.0006293191
0.0020092127
1.5470884e-07
1.7950697e-06
0.0017361969
1.3790684e-05
0.0005137753
4.518019e-07
2.0878416e-07
3.775933e-07
5.474712e-08
3.2181387e-07
9.2004244e-05
2.6830952e-05
6.367992e-06
1.17943486e-07
5.9230535e-07
3.3056976e-06
1.4425816e-05
0.00033380184
2.8967875e-07
1.5470884e-07
0.014388346
2.1739525e-06
0.0042885947
0.0011139017
1.11622356e-07
2.541406e-06
8.548368e-06
6.056037e-08
2.729863e-06
5.214848e-07
3.8279845e-07
4.274991e-06
2.4112795e-05
0.0021455246
0.036820572
1.7475184e-08
0.3531099
0.0012828674
3.0967303e-06
2.8918612e-09
0.80128896
8.2100064e-07
8.309658e-05
0.08742686
1.8957813e-06
0.29357377
3.5469315e-05
0.99995476
0.00016383655
5.5844117e-05
0.00259576
0.00010070526
0.03815004
1.7082155e-09
0.04840187
0.00453681
2.5348525e-08
0.0040424983
1.8084473e-05
0.4347691
6.6400003e-06
0.00035543166
1.0
3.4397704e-08
0.036211353
1.1514883e-05
0.0029415397
3.11766e-05
4.5882493e-06
0.00013073102
3.310675e-07
3.5804268e-07
0.00013612147
3.386752e-05
0.9983141
4.2532265e-06
0.0024655496
0.8505142
8.012728e-07
0.13755009
1.2764818e-06
6.6522693e-07
3.529611e-06
3.4368833e-05
1.2342126e-07
7.9958134e-08
1.9886575e-06
3.6071742e-06
3.2444323e-06
6.9857844e-05
0.0068169646
2.7306805e-07
1.935248e-05
9.348909e-08
8.820827e-09
2.471046e-05
0.4322989
0.0029415397
2.46844e-07
8.920366e-08
0.019453663
2.6684626e-07
0.00041891646
1.4138275e-05
5.525211e-05
0.0019685565
1.17943486e-07
2.7532105e-06
5.682706e-06
1.7984027e-07
0.010381386
0.99996346
3.6477286e-05
3.4265413e-09
7.734186e-06
0.095046595
0.0039030784
2.6291716e-05
1.6482985e-05
2.0057854e-05
0.0005295923
1.8084473e-05
9.907671e-07
0.9468518
0.0047242376
9.0963533e-07
1.2356909e-05
0.00061112596
0.00105938
1.2915244e-07
0.9972968
0.00075794745
9.845004e-08
0.000102417565
0.0012005755
1.8233574e-07
0.03922152
