1.0
2.6358555e-07
8.433437e-07
0.00045497835
2.4602103e-09
0.9521704
0.00034634935
4.0194902e-07
3.004132e-08
3.5941175e-05
4.6625983e-09
3.1212457e-07
0.014699897
2.3446422e-07
2.7334561e-09
1.20549855e-08
0.0010043838
7.936132e-08
0.0030939954
6.342809e-06
6.4707007e-07
1.0988442e-06
1.1461988e-05
1.8152828e-05
0.001468456
0.002164809
1.7907813e-06
2.8521813e-06
0.017135704
0.01382819
0.0025319217
1.0068538e-07
9.154418e-05
0.63251424
0.005143387
5.4989602e-08
0.80977756
0.00018136932
1.888969e-07
3.12704e-08
5.028331e-10
7.760562e-08
2.3992735e-07
0.00083503773
1.7227347e-07
1.5124745e-06
0.00019788172
0.029671779
1.10631454e-07
2.0017005e-06
0.58562094
0.9990064
0.9999999
0.014732572
0.19607703
0.09769886
0.02227178
0.03028393
1.6884331e-07
2.1014082e-06
0.09332444
4.665616e-08
0.7481101
7.443723e-05
1.9645724e-05
0.7904926
0.00013792662
0.0043520904
0.1809233
0.0007342688
1.0197005e-05
0.08102728
1.0876894e-06
0.9999757
0.17104682
2.993753e-06
0.96529883
5.9507005e-07
4.569725e-06
1.4449704e-05
2.9380159e-05
0.0034184486
4.6654566e-07
4.676227e-08
1.6255765e-08
0.9971158
1.6779286e-06
4.5716606e-06
3.806335e-10
1.118888e-07
1.5779211e-06
1.351976e-07
0.49731052
0.0005402049
1.8266174e-09
0.00053826877
0.0044707903
9.080301e-09
0.00048324917
0.35501656
1.5766724e-07
1.2792243e-05
0.023673795
5.53645e-05
0.99994963
0.29742467
1.3001664e-07
0.56964743
2.6054002e-05
0.0016749015
0.0004010163
1.7227176e-08
1.8071121e-06
0.00041400164
4.8988695e-05
2.9720677e-06
0.0010275239
1.171573e-07
4.9419536e-06
5.838704e-08
1.7907813e-06
0.99993986
1.4535048e-07
3.393056e-05
3.296362e-07
0.9629614
6.8537292e-06
0.00048962975
4.295141e-09
0.000115403185
2.2484766e-08
2.62445e-07
2.9754256e-08
0.99688786
4.806398e-07
1.9478495e-05
3.004132e-08
5.419583e-09
3.2863163e-06
1.427545e-07
0.00044039503
0.99308896
9.919163e-10
2.4602103e-09
2.4596164e-07
3.1154787e-08
1.3477838e-08
0.80987376
2.6914594e-07
3.5156267e-05
4.5635126e-05
1.626768e-07
9.607605e-06
9.422665e-08
0.00025725184
7.8978076e-08
7.5195965e-09
0.99688786
5.570956e-09
1.5687593e-06
6.5004037e-06
2.002212e-06
3.529916e-08
0.00169564
0.9989112
0.024099244
1.5152812e-06
7.591402e-10
0.001887405
4.5810404e-09
9.3434246e-05
0.0004941666
3.1445488e-06
1.6588563e-06
0.00019403602
2.3473405e-07
0.00023997408
0.6369292
5.291994e-06
0.00018444096
5.480104e-05
2.8106579e-05
9.5193595e-09
0.03028393
0.00049884844
7.3779916e-10
1.2687347e-07
4.665616e-08
3.8880806e-08
0.0010275234
0.010725414
1.0811771e-06
5.073615e-07
7.794946e-09
0.088540345
3.3103646e-05
2.0705045e-05
0.5747203
1.0995601e-06
7.760562e-08
3.4876916e-06
5.756555e-08
5.0388817e-06
0.14481674
5.747915e-07
8.294772e-06
2.0159614e-06
5.944671e-07
1.2737227e-06
7.87161e-08
6.219268e-06
0.9998022
0.0007142638
2.0405017e-05
5.5277173e-06
4.4131397e-08
0.99993265
1.7074773e-06
6.5516156e-07
0.034347925
1.9820813e-05
1.0
2.5561358e-06
0.0057061883
1.9487213e-07
4.53704e-06
0.00010137624
6.790698e-06
0.00051148067
0.01766517
0.00015773108
0.00031057617
0.6646084
0.01721652
1.7200865e-06
2.8696852e-05
1.9449931e-07
1.383256e-07
2.5979767e-05
0.88069123
8.100624e-09
3.3030588e-07
2.1379384e-07
0.8236824
4.3735537e-05
0.002043873
0.011625918
0.9999998
0.05963538
0.70345885
0.0006671879
7.0744565e-05
8.397813e-08
0.9999998
1.06275394e-07
0.00024031156
0.0064846682
0.016385071
0.0012864518
0.00014464471
0.056426592
0.00015308987
1.8934663e-05
0.35501656
8.528711e-06
4.280063e-08
3.167269e-06
0.00034618445
6.809063e-08
2.0673991e-05
0.032252926
0.017934823
0.9999548
8.937243e-05
1.1329903e-06
1.3104726e-07
0.0041900957
3.2863163e-06
6.2642546e-05
6.3933027e-07
0.00033607826
0.0011480395
0.9981968
1.2561361e-08
0.0002140679
5.291994e-06
1.5696632e-07
8.758532e-06
7.3779916e-10
0.0007276218
9.079522e-06
0.00023704466
3.9627437e-05
9.516822e-08
0.00021401932
2.4547753e-06
4.3105747e-06
0.00043781952
0.016385071
5.838704e-08
