1.0
1.0
0.9999993
1.0
1.0
0.9999999
1.0
1.0
1.0
0.077119686
4.30186e-05
0.0005990695
0.99474436
1.6652912e-08
0.9999163
7.853979e-07
4.350036e-07
0.9994519
5.805717e-07
9.52901e-08
0.19488458
1.355048e-07
0.0028961115
0.0013967794
1.06435245e-07
0.9999997
9.761833e-08
5.7863625e-09
1.2137576e-09
1.7544571e-05
5.8942023e-05
0.00024411501
0.9986133
0.0002937353
2.4190529e-05
1.77858e-07
0.0070724958
0.013459319
0.006770722
0.00011954659
0.9976417
0.13942927
1.4742133e-07
0.0006398936
7.442768e-10
0.00016998778
4.1522907e-07
1.6796832e-06
0.050182194
0.00053568505
1.11111245e-08
5.3522763e-05
0.014189151
3.0037822e-06
1.5644307e-05
0.0037600514
2.1505482e-06
0.0011896011
1.439587e-05
1.4916523e-06
0.73588496
2.5225829e-05
0.0036738561
8.663231e-08
8.563885e-05
4.9811047e-07
0.00062580075
0.95713234
6.334904e-07
0.00013379508
1.5550571e-06
0.00019159273
7.733223e-05
3.0081856e-06
0.99319106
4.1863018e-08
1.4341427e-07
0.00024411501
3.415352e-05
7.499318e-08
0.9999043
0.8130281
2.8784903e-08
0.00020654946
0.9999989
5.2746263e-06
2.8928005e-08
5.875105e-06
0.021530908
0.0008762814
0.9498948
8.673052e-08
1.6234978e-07
5.1097425e-07
1.1724089e-05
3.6367658e-06
1.695773e-05
0.013348791
0.005994622
5.8773244e-06
2.685627e-09
4.2324536e-06
6.774589e-05
4.4902103e-07
0.96214384
2.5194714e-08
1.6492146e-08
1.4857328e-08
5.2746263e-06
0.9999955
8.8139745e-07
0.00015570538
1.188226e-05
0.99474436
0.020618234
1.8130606e-06
1.2135731e-08
1.7272438e-07
0.15941481
1.8443819e-08
0.729899
0.0012085969
8.4087e-05
6.119119e-07
1.28740085e-05
5.2557563e-09
0.0002937353
0.0002732268
5.7765625e-05
0.00017678559
1.3799291e-07
1.4305768e-08
0.98861635
0.042514157
5.609899e-07
1.2078875e-05
1.6217106e-06
8.867496e-07
0.00014521768
9.1471404e-05
0.013756248
2.5094383e-08
0.9141702
6.928474e-09
8.196869e-06
1.1560948e-06
0.00017360174
5.805717e-07
3.829478e-06
2.2228235e-08
4.1979343e-05
0.0002937353
1.43939545e-08
8.91836e-05
1.0
3.1245398e-07
0.07219415
8.555039e-06
2.1340576e-05
0.060943983
1.8693186e-06
2.8323884e-08
2.8977684e-05
3.658461e-08
5.4001347e-08
2.527809e-07
1.0769633e-05
0.008008977
2.3126674e-08
1.344503e-07
4.1775518e-08
0.18051498
2.6259892e-08
0.27878734
0.005320254
0.012754906
6.4073197e-06
0.0007074973
3.768579e-08
7.317629e-05
8.042771e-08
5.2009018e-08
0.019620074
5.874237e-08
0.05698037
0.00013990796
5.7594392e-05
0.0013456624
2.4968469e-05
3.0224488e-08
2.7479324e-08
2.5715904e-08
2.7159263e-07
0.00064530043
0.00011432824
7.499318e-08
0.042514157
0.46978286
1.2447448e-05
1.1841965e-05
0.00017130133
5.288611e-07
0.99902153
0.00012335634
9.1471404e-05
0.8940574
7.442768e-10
2.3114353e-07
0.5899262
1.695773e-05
4.6467057e-06
0.0012517745
2.2924448e-06
0.99390036
0.99987805
0.0002936283
0.0007074973
7.7613695e-06
2.2131134e-07
7.1417595e-08
4.2312e-07
8.555039e-06
1.2257838e-06
0.00014521768
0.002787717
2.5297595e-05
6.116806e-09
0.7988169
1.3825092e-05
0.9862849
0.00026193148
0.009002276
8.8899156e-05
7.432968e-06
6.5534215e-07
0.00026848924
0.00015570538
7.462971e-05
0.0036738561
4.612634e-06
7.7613695e-06
0.0011478065
4.363783e-06
0.07777407
0.0006397786
0.0027326557
6.010322e-05
3.744291e-07
7.254322e-07
0.0008089365
2.5225829e-05
4.6772202e-05
0.0003951152
9.17632e-06
0.729899
1.6520928e-06
1.1437594e-05
1.4951979e-10
4.30186e-05
6.816909e-09
0.0029309217
1.09415375e-07
2.3513442e-07
6.627676e-06
0.0013385983
7.3600484e-07
8.005e-08
0.9520731
1.1333511e-05
1.9611168e-06
4.132364e-08
0.0032468615
0.081237525
7.07584e-05
1.7493399e-07
3.7181276e-09
1.1443833e-07
4.2687304e-08
0.020618234
0.0006156203
2.8448573e-08
1.071735e-05
0.22369269
1.9912168e-05
1.2557007e-07
1.0226437e-06
0.9994687
0.73588496
1.2067958e-06
1.0
1.5247297e-05
1.6689322e-05
6.728798e-08
0.00032368387
0.73588496
3.3955743e-08
2.584681e-07
0.99970555
1.5247739e-08
0.7240931
