0.0042690164
0.0011217688
0.0009115991
0.01645888
0.0015602637
0.00032081443
0.023615016
0.7523707
4.4580565e-06
0.6654947
2.919518e-08
0.004170409
1.9201524e-08
0.041231517
2.322196e-09
3.5990029e-06
6.256343e-07
0.002940905
0.00040636095
0.0016022697
1.2738295e-06
0.00059979735
3.030435e-06
0.002742586
0.13990463
0.0007869566
2.388329e-07
0.3616476
0.8125349
3.3751426e-06
0.99882454
2.9780895e-05
0.99999994
1.5413686e-07
0.88579285
8.619581e-05
8.180309e-05
0.88732374
0.00025755764
7.990126e-05
3.5211788e-06
5.895383e-05
3.8524774e-08
2.4740038e-08
0.011469192
2.7423619e-07
0.3689993
5.319639e-08
3.5867768e-07
2.4093347e-07
0.049137827
0.00039309938
1.8771894e-05
0.00081087864
1.4439375e-06
1.071686e-05
8.51059e-08
1.0767421e-06
0.0013224417
7.839432e-06
1.4943319e-09
8.541124e-06
1.2091275e-06
4.7742088e-08
1.695288e-05
0.99302864
3.1442525e-08
3.5091801e-07
1.4230174e-07
2.7023545e-06
0.0002671599
4.756984e-08
2.5864667e-06
1.2107454e-05
0.0029762534
1.1072223e-07
5.11413e-08
6.9520256e-06
5.438525e-07
0.98031086
0.013228535
0.0022485328
0.00029373975
1.6619742e-06
3.9710023e-05
1.072373e-07
0.8516458
2.7783097e-08
3.1610166e-06
1.3680784e-07
0.99886554
0.0077247815
0.057418846
0.0016019815
1.5558906e-05
3.9773086e-06
1.5421494e-09
3.074878e-07
7.979752e-09
8.2246316e-08
6.3611938e-06
0.9999355
0.000106605905
2.0826263e-05
0.8125349
2.0448886e-05
5.098917e-05
2.9384417e-05
0.022871515
9.1905085e-06
8.51059e-08
0.053530287
4.051622e-05
1.0470501e-07
3.030435e-06
6.887342e-08
9.014593e-05
2.8437309e-05
0.9638928
1.1673751e-09
0.019642489
0.0029613022
0.9822265
4.6133946e-06
6.5352426e-05
1.3839818e-07
2.9320232e-05
1.3680784e-07
5.9525224e-08
1.3216117e-05
1.4912987e-05
0.028802188
0.00067266333
0.0029613022
0.9931316
0.001732157
0.096142024
0.0005175296
0.9994463
3.6497704e-07
0.8407331
1.0608038e-05
0.0016947533
6.589635e-06
9.5054804e-07
2.744366e-07
5.4119e-08
1.3511936e-05
2.9839732e-06
6.788937e-06
8.100185e-05
0.038452253
1.297251e-09
0.0002146152
6.0229617e-09
0.9824442
0.0008530213
1.5217604e-05
5.8818718e-05
1.497471e-05
2.1185593e-07
2.9868668e-05
4.051622e-05
2.3197674e-07
3.4315437e-07
0.00036602505
4.6248615e-06
6.5352426e-05
1.0902816e-06
0.0013044078
0.0018207394
0.13738558
2.1580937e-09
8.611908e-05
0.00042326614
3.8075334e-06
0.9938816
5.8068894e-05
1.2806922e-06
0.0012768668
8.2463245e-08
2.2212096e-05
0.9999999
0.015608443
0.057072554
0.9336557
8.998192e-06
5.5852637e-05
2.8488863e-08
2.388329e-07
1.4502809e-08
3.7254464e-05
0.92045695
0.9554642
1.8654387e-09
2.2014583e-05
0.000328095
0.00014476973
0.006957849
1.8822468e-06
0.00013818068
5.866718e-07
7.692933e-06
2.9868668e-05
0.9938411
6.403493e-07
1.2314953e-07
0.0005175296
0.0006704923
1.6845121e-09
0.00070346874
1.1072244e-07
8.6847685e-09
3.212823e-06
1.1156334e-05
9.115041e-06
2.3130914e-07
3.9747642e-06
0.9930305
4.7489422e-05
3.0416665e-08
0.049137827
0.00025689253
4.431482e-05
0.010695252
0.001660076
0.00015970545
0.93693334
0.08574254
4.3291197e-07
4.7479472e-07
3.027364e-05
0.0008284149
2.4740038e-08
1.0057655e-07
0.0005036228
8.183513e-06
0.023979919
0.99789643
5.5602345e-09
1.3953628e-08
4.622717e-08
0.00042288966
0.00014434049
1.9452656e-05
5.0097164e-08
7.118735e-08
1.5925636e-05
4.7969566e-05
0.9999671
0.003646905
0.00016376862
0.75211364
4.2394036e-05
0.99955565
0.8125349
4.051622e-05
3.8735172e-05
5.147303e-05
4.1244457e-06
2.9929945e-05
1.22822e-06
1.7520463e-07
5.890657e-06
7.199104e-07
0.99915826
6.597281e-06
1.6931252e-06
0.0019339058
1.6864891e-07
2.0775344e-08
3.1746104e-09
0.0024958907
0.42657337
2.3088687e-07
0.04851766
0.9975574
0.0013940737
2.4886383e-06
3.5091801e-07
3.4069092e-06
1.4557621e-06
6.891652e-06
1.3177543e-05
0.001697757
0.00022097054
6.277715e-05
0.00061161886
0.000118283744
0.00042221232
0.00031600913
0.0022485328
5.745701e-06
0.43009388
4.7742088e-08
0.99941134
1.1162613e-05
1.22822e-06
1.4308383e-05
0.0024199537
