0.9999121
2.5490638e-07
0.9880501
0.007476741
4.9443668e-05
7.024455e-08
7.637241e-05
0.00035532884
3.5532523e-06
1.0933481e-08
1.60716e-05
0.00023448076
1.3519386e-05
1.5375472e-05
0.0025498657
1.5289054e-07
1.8873733e-06
7.637241e-05
4.2848933e-06
0.99983174
0.00022159993
3.5499284e-08
0.0038918676
5.6805217e-08
1.4557993e-05
0.7898128
7.408863e-06
0.9834942
4.5015632e-08
0.00014804909
0.038826656
3.870814e-06
9.719631e-06
8.1222544e-07
0.00020924708
1.6343175e-07
3.1966003e-06
2.9843156e-07
2.5821674e-08
0.084655486
1.592212e-06
7.4749937e-06
8.997103e-06
3.93643e-06
0.0011193926
0.0023408595
0.5561502
1.9448074e-05
6.0202226e-05
2.6691136e-08
0.9983765
3.6166117e-07
0.02269578
4.451156e-07
5.661686e-05
0.9999905
0.00011799276
1.3011309e-05
8.195111e-09
1.7381115e-06
0.9786329
0.8355605
5.3700073e-06
7.790081e-06
2.2114073e-06
6.743998e-08
4.410329e-08
0.01378801
1.4884494e-06
6.9847316e-05
3.172676e-05
5.9546965e-06
2.8025212e-05
0.015670951
3.766492e-07
2.6350613e-06
0.00023863043
2.3720064e-07
1.31106935e-05
6.458134e-09
0.0005155123
0.00010111413
0.84412766
4.56955e-07
0.012143486
0.99999976
9.0232024e-05
0.0040341117
2.0805984e-07
2.2077115e-06
1.2902909e-07
0.00014451679
4.1977662e-05
3.7356e-05
0.0009176024
2.2401295e-05
7.728758e-08
0.00033071978
4.1741473e-07
5.0552813e-08
0.0030881912
0.9999076
8.261438e-05
0.99915737
0.0012103999
6.341581e-06
0.0043677683
4.4653157e-06
0.00042724411
1.1778733e-05
6.8351716e-07
4.1661576e-07
0.00060935086
9.56814e-06
0.0030750982
9.440974e-09
7.637241e-05
1.3434831e-06
0.00025417554
0.00013101005
6.0148628e-05
1.6343175e-07
7.472404e-08
1.6696738e-08
0.00033071978
1.9056877e-06
3.806925e-09
5.447983e-07
0.00085858064
0.00046715123
3.1838313e-06
6.1670005e-05
4.9729165e-10
0.00022133828
2.8345721e-06
1.01863725e-05
8.997103e-06
0.00015622737
1.6680511e-07
1.9897083e-08
0.0005848539
3.070824e-06
0.058611427
0.82549214
7.433523e-05
3.8833723e-09
0.00015325243
0.7157669
9.8594356e-08
0.012295649
0.00011799276
0.0018037502
0.046522737
3.3167922e-05
1.5125166e-05
0.0005848539
5.1392215e-07
7.485966e-06
0.0040115006
6.685685e-07
0.92918444
2.105154e-07
5.1777242e-06
2.070791e-06
0.00091137935
1.4557993e-05
4.4282548e-05
0.00025050636
1.0368486e-06
0.99999946
0.0011842507
3.45364e-06
0.000470874
0.040808994
4.451156e-07
9.060228e-10
5.5051746e-06
5.9151057e-07
4.14524e-05
6.434824e-08
2.5050682e-07
7.7328264e-07
0.053377353
0.0081259
0.0024558709
0.0015714803
6.847365e-08
2.353714e-06
0.99987847
1.48819455e-08
0.9970446
0.00026846264
0.034388777
0.0010579035
6.404128e-08
8.377994e-06
0.0004517994
6.0997218e-06
5.5868988e-08
0.9999863
3.0991412e-06
0.39001307
1.0364097e-08
8.134012e-06
2.5658988e-05
0.99985695
2.374367e-07
0.9999719
4.9718587e-08
1.2811286e-08
1.4646187e-06
0.0015094451
9.55489e-08
0.0014151818
0.9989018
1.820053e-07
2.4708079e-05
4.3374984e-09
1.2762015e-09
5.661686e-05
0.00024716006
1.3620782e-07
2.1335774e-05
3.532635e-06
0.050237816
1.6435753e-07
4.7197495e-06
9.938622e-08
0.10009997
5.765087e-07
9.465397e-07
9.55489e-08
4.079563e-09
4.9718587e-08
1.3145949e-06
0.03600008
0.113548465
0.9151992
1.4881889e-08
3.8147537e-05
0.00033779806
3.8821486e-06
0.00013063158
5.5868988e-08
3.2002131e-07
1.9153137e-07
0.046522737
0.17223744
1.4833423e-06
4.1313383e-06
2.8959258e-07
0.13986187
0.0013818785
1.1897252e-07
9.665971e-08
5.965081e-08
2.0860989e-05
0.005756444
0.00016075767
6.978454e-05
1.0765188e-07
0.9806045
0.023834208
5.5868988e-08
2.172444e-05
1.7088831e-06
0.00054975477
7.6970844e-07
0.00012339294
4.7011848e-09
0.007335
3.3772216e-07
4.108075e-05
3.5499284e-08
0.00025698953
1.8631468e-07
2.2042217e-08
0.07358201
3.027411e-08
3.8147537e-05
5.0724226e-05
1.3306495e-08
0.86416173
0.0006078566
4.397906e-07
0.9993639
2.147981e-07
0.07360129
1.0518115e-06
5.965081e-08
0.0001394107
2.4508753e-07
1.0
0.0047737136
6.987974e-08
8.32825e-08
9.055388e-05
1.6623086e-07
0.00045841993
2.3720064e-07
