1.0
0.9999995
1.0
1.0
1.0
1.0
1.0
1.0
1.0
1.0
1.0
0.00030075567
0.0009821595
0.9989431
1.988263e-06
0.009329005
2.9008626e-07
0.0021944728
1.1359732e-06
4.023612e-06
0.011397113
0.16479222
2.212135e-06
1.4236216e-06
0.9726638
2.4704964e-06
0.0045941207
0.001237338
0.00016200084
5.9071798e-08
1.7634717e-05
8.213985e-07
0.11242736
9.805347e-07
3.7259178e-06
0.9601845
0.9936032
2.5582756e-05
0.02606752
0.07893719
0.00083719764
6.9239713e-06
0.00023799989
1.870763e-05
0.011397113
0.00017057829
1.829513e-07
0.00075391267
3.2793832e-05
8.466747e-06
0.00025819245
2.8243447e-05
6.0554753e-06
0.7344477
0.9957163
0.005882831
4.739505e-05
0.0089367805
5.2829968e-05
3.5728615e-05
0.0006319887
0.92816776
4.5566694e-06
0.23729372
0.0061448123
1.0419257e-06
5.236826e-08
1.1667488e-06
0.00033242675
0.0001865967
0.0018723854
0.0011879496
2.7004584e-05
0.0042651347
0.0001223994
0.00017913315
0.0015573321
0.07193631
5.866617e-06
9.238471e-06
1.0484625e-06
1.5967427e-05
2.320482e-05
1.6013075e-06
0.003335223
0.00031241143
0.0018282816
1.4018927e-06
0.9981346
0.094101906
0.006959688
1.10857684e-07
0.000590411
1.96087e-05
8.973143e-09
0.0006199775
3.5550622e-06
0.00092342077
0.0009521509
0.01241272
0.0045941207
0.00092997134
6.0554753e-06
0.4830186
5.235452e-05
4.14524e-05
1.7812872e-06
5.309695e-07
1.1109682e-06
0.0030519525
0.0012843693
0.02477157
0.002114688
2.446258e-05
1.870763e-05
0.0010674746
0.00030072586
2.5758375e-06
0.00081374106
0.00022534221
7.712627e-06
9.2657625e-05
5.8739904e-08
0.00083011267
0.78642446
2.6897712e-07
0.38728723
0.023176033
1.7362265e-05
4.7786552e-06
1.9795616e-06
3.698128e-08
2.2915006e-06
9.196085e-06
0.0011435254
0.99855036
6.509384e-08
0.00025779472
0.00017267032
1.0608261e-05
1.0
1.3404768e-06
0.00016154842
2.8291783e-05
3.7295846e-05
2.4285882e-07
5.569887e-06
0.00662743
4.878841e-05
5.7021884e-05
0.037272174
0.7047281
0.0018206406
1.07139165e-07
0.016693115
0.92816776
0.0027485944
1.3615655e-06
0.046015613
0.104324125
0.00010921606
1.7698189e-07
0.31554332
0.00034263282
8.542866e-06
0.99986804
1.9978766e-06
8.648032e-07
0.1635176
1.9409628e-05
2.7611804e-06
3.1378954e-06
0.7437253
2.4462604e-05
0.001192989
6.2234736e-05
0.00011968985
4.3902954e-08
0.0008034816
8.762693e-06
0.9999921
2.6396128e-05
0.00074128655
4.6204834e-05
0.017625183
4.877899e-08
1.0
1.9114146e-05
0.00043495587
0.063239545
1.1192588e-05
4.5862336e-05
3.8376015e-06
6.4574466e-05
2.5189295e-06
4.0098323e-05
0.11962411
8.571818e-05
0.00494306
3.2416688e-07
0.020098263
0.00060515077
1.1625249e-06
0.001585947
6.6011576e-06
0.00042605939
3.0023508e-05
1.0272661e-06
1.6260115e-05
0.014988241
1.4093741e-06
2.551153e-06
0.009822683
0.072359
1.1126138e-05
4.5078024e-05
0.23117608
0.0001631956
0.00027625824
4.7786552e-06
1.1266848e-06
0.9981346
8.90272e-07
0.99999994
0.6813316
0.002235211
0.0039094053
8.324886e-05
0.019159226
0.0012949032
0.1357859
0.98601305
0.99334216
1.7258196e-07
3.2888995e-06
9.196085e-06
1.061902e-05
0.0016084373
9.985531e-07
4.8281923e-05
0.001192989
0.00662743
0.009329005
5.5844543e-05
0.00014129476
0.3702349
5.5802536e-07
0.00344824
2.110156e-06
0.017340967
1.4480688e-05
9.38604e-06
0.006652182
0.04172842
8.501801e-05
8.90272e-07
0.00011262037
0.0010535547
0.0018206406
0.99945605
0.00013416685
3.136175e-05
7.1919517e-06
1.9638268e-05
5.907191e-08
2.6878788e-06
8.567324e-05
1.9216095e-05
1.1347594e-06
0.00017412493
2.5221598e-07
1.9110894e-06
1.6689182e-06
8.926272e-08
0.0033644773
5.4223563e-08
0.00015990752
0.9991272
1.4047005e-06
3.1548968e-06
5.605232e-06
0.000118972064
0.030457474
1.1716315e-06
0.8414617
0.9678457
5.9057475e-05
0.5283912
0.9779332
0.14697032
1.1691331e-05
0.23729372
0.20014493
8.466747e-06
0.07893719
0.0007856536
0.0045941207
1.6742617e-06
2.9601746e-05
0.002658273
