0.87518126
7.850715e-06
6.3340005e-05
0.9978383
1.474296e-05
6.1448895e-06
0.0006699191
6.2877616e-06
2.351967e-05
1.9352129e-07
0.0052782386
4.9616517e-07
1.696116e-05
0.94350404
5.485067e-06
3.7384289e-06
1.852106e-05
1.5249506e-06
4.568607e-05
0.00030605163
0.09876707
0.00048726643
0.011410607
0.40100312
3.590583e-06
0.5019974
0.00033914478
0.00048600006
5.3806184e-06
1.0659794e-06
1.4540538e-05
0.006390646
0.9901736
2.19645e-07
0.0020965582
0.000358189
9.1521135e-05
0.00080317276
0.0006830905
4.1688392e-05
0.00017337543
0.06425855
0.003721104
1.6816415e-05
2.9560387e-09
0.14390069
1.9329977e-05
0.011437058
0.00015958627
3.1111792e-08
1.9445609e-07
2.1525348e-05
0.0004651929
0.00037457843
0.002800333
0.30951148
0.0010249907
1.2543565e-05
0.000683237
7.8970245e-08
0.00021942364
2.6116194e-07
0.00016343353
0.0014906625
1.10475206e-07
0.0016674188
0.9064306
6.764688e-08
0.0013904235
0.0016707972
0.0026024599
0.00031938046
5.4355714e-06
0.00063509104
1.7069367e-06
1.976381e-06
1.7280225e-08
2.4756357e-09
0.0014171185
0.000108126034
0.0010191557
0.94169813
0.031059396
0.027474537
1.6715825e-05
4.519537e-06
0.9777706
3.1800232e-06
0.002857398
0.00047471692
1.5712443e-05
2.933473e-07
0.00057860964
3.1469764e-08
0.18632954
0.06761255
0.00019115207
0.00044678038
0.0011983853
0.81625485
3.4209286e-06
1.1952541e-05
1.14769385e-07
1.0287102e-06
0.00017337543
0.034966387
5.6407167e-05
5.047463e-07
1.1430571e-05
2.059952e-05
0.00077774574
2.0358693e-06
4.0584204e-05
3.1179068e-05
1.3111644e-05
0.39605245
1.5349933e-07
0.0001247278
0.000100886056
0.0007799204
0.048677344
0.000706066
0.017264754
7.608617e-06
1.0
1.9606998e-06
1.1987e-06
1.1787723e-05
1.0789093e-05
0.027474537
2.2683447e-05
2.9012665e-07
1.0
0.0015397267
3.743849e-05
0.99612516
4.4286006e-07
1.1647095e-05
0.0005407664
2.7318469e-05
0.00010584257
1.858075e-05
6.041592e-08
3.7268856e-05
0.0010898723
0.00070146914
6.68437e-05
0.0001344481
3.4993288e-06
4.0720476e-08
9.842457e-06
1.370554e-05
0.00018261386
0.19094278
4.5766475e-09
2.1885762e-05
0.0001385818
1.9538835e-07
4.152808e-06
0.5536004
8.265437e-06
6.801666e-05
2.7013907e-06
1.0789093e-05
0.0010968822
3.9079005e-05
0.00013343146
2.2383529e-05
1.1664053e-08
0.9978616
1.0
0.09797192
4.5386695e-08
0.0004072859
0.000118117605
6.4273563e-06
0.79186934
0.0006553193
9.2177725e-06
1.9086503e-08
2.3179357e-08
0.9967494
8.284219e-06
2.4662522e-06
0.00016894794
7.662334e-06
3.6073547e-05
0.0018658477
0.00038932412
4.896384e-07
0.9999238
0.6600285
1.3010627e-05
0.0008270548
0.32119656
0.013145436
1.1231751e-07
5.4619306e-07
0.00049445074
6.0237315e-05
0.006617734
1.2623428e-07
0.9996029
0.00038932412
0.99265194
0.07401339
1.3772972e-06
1.3885708e-06
1.1545331e-05
0.0043091136
4.5025868e-06
1.852106e-05
0.0013743999
1.18148485e-07
0.0027039663
0.00030962893
0.0002152665
0.00058099144
0.5895996
6.667971e-08
3.1937361e-06
0.004763982
1.17219505e-08
3.62335e-08
0.99955547
1.23088275e-05
6.7104197e-06
4.4164968e-05
0.00030270894
1.0659794e-06
1.3170472e-08
0.0003644799
4.9612285e-05
5.1502e-05
0.013158011
2.2120308e-07
0.99996
0.0021818131
0.00058099144
8.610807e-05
0.0001344481
0.10616769
8.591844e-05
0.004171262
7.615419e-06
3.9640174e-08
0.0015636709
0.00030962893
1.5349933e-07
1.6039976e-06
0.036478713
1.2128739e-06
5.546803e-05
2.340286e-07
0.0025597604
3.6073547e-05
3.4418063e-05
0.00012218274
3.1260674e-06
8.675639e-05
1.3018894e-05
0.988008
0.9999969
4.673909e-07
3.2704206e-09
0.002857398
6.2877616e-06
2.4697856e-05
1.3738182e-06
2.9733277e-05
0.0006502678
0.0008332739
0.00012856502
0.00083962624
0.028379612
1.9470994e-05
0.17282438
1.0063637e-06
0.00462737
1.3772972e-06
0.027474537
3.9213535e-07
0.0020165357
0.0005868238
1.6982623e-08
0.81625485
0.00014345822
0.0042511825
4.3290828e-07
0.92833596
5.828704e-05
0.0026865401
0.9999969
0.0035259572
1.4645177e-05
0.98833376
0.0032053327
0.0017180583
0.08863338
6.39212e-07
