0.661231
3.8619982e-07
0.0015254879
9.413548e-05
0.23054837
0.6535039
4.8773778e-08
1.8290229e-09
1.2537478e-07
0.00076350296
6.9034155e-05
0.9953523
6.053254e-07
3.5174622e-08
0.012413644
0.9999996
6.734146e-05
8.2690995e-08
2.6151907e-05
0.06756925
0.00041491192
2.0774355e-08
3.1687996e-05
0.9948293
0.00011938505
6.67525e-08
4.458129e-06
5.4193037e-09
1.4861314e-07
0.00013530464
1.4509317e-07
3.7135887e-05
3.9952147e-07
7.1427734e-05
0.00021177971
9.484684e-10
1.5020551e-05
1.0338142e-05
2.2186987e-05
9.480222e-07
0.003663122
1.492153e-07
0.99996734
1.9783329e-08
0.025742926
1.1303753e-06
4.025042e-05
8.014141e-06
6.811985e-08
0.00015561632
4.6117497e-05
1.0779281e-05
0.035023924
0.0036720973
2.7130347e-06
0.00030529653
2.436929e-09
5.402852e-06
0.12111135
0.074452735
0.009084304
0.00014494403
0.8372603
2.0388927e-06
1.5121947e-06
1.03188526e-07
6.905718e-06
2.1730312e-07
4.5374016e-10
5.126435e-05
0.08387971
2.1124404e-09
3.232893e-06
3.615149e-08
2.37577e-05
4.7278036e-08
6.905718e-06
7.655226e-08
7.667188e-06
0.9237255
3.7014947e-06
5.4198223e-05
8.987363e-08
4.1057723e-05
1.5261509e-06
0.00014110035
3.7091037e-09
1.5305906e-05
0.00019191799
0.00036191096
4.5453405e-08
1.3641242e-07
8.6128136e-07
0.7370567
8.609132e-05
1.8032299e-06
2.7411904e-06
2.593239e-05
0.0010650844
0.0005896973
0.006616922
5.815797e-07
0.99999714
0.017911833
5.6048297e-08
0.000319761
1.6528098e-06
1.4861314e-07
1.1413207e-09
0.9999947
0.00022188576
0.051510688
2.4463748e-08
0.00040568053
0.00037681192
8.260902e-08
1.3975623e-06
0.99785954
1.7341264e-07
9.317774e-08
0.031204244
2.1243304e-06
2.4056775e-05
0.99583256
4.8801603e-08
4.2412879e-07
1.2797246e-05
0.0009908335
0.00012254539
2.1891498e-09
6.0534614e-07
1.8013255e-06
2.6190196e-07
0.470696
0.00036868593
2.8328127e-06
7.2439224e-09
5.287431e-08
6.276085e-06
3.1469503e-07
1.3228407e-07
3.9713886e-08
1.8747922e-05
1.1668307e-05
8.692909e-06
0.28582758
8.209553e-07
1.0572533e-06
0.00019152935
9.871869e-07
2.5795e-07
0.9540258
0.00024091447
5.679815e-09
8.103383e-05
3.9348132e-07
1.0107328e-07
5.070098e-06
1.6797698e-06
1.637263e-09
0.0003266425
0.13339381
6.829198e-05
0.051478215
0.08544742
6.754271e-06
4.4668367e-09
0.00014110035
0.0488986
6.187771e-06
0.00056031166
3.3692498e-07
1.637299e-05
1.2520536e-05
4.393108e-06
7.655226e-08
0.00012422157
0.69796103
8.992813e-09
1.8032299e-06
0.0015448667
3.2613016e-06
1.6456204e-05
1.0
7.480689e-08
5.4198223e-05
6.276085e-06
0.0003504837
2.6811795e-05
7.667188e-06
8.428345e-06
0.0012753912
2.3327182e-08
2.3757677e-05
0.001347062
3.1363397e-06
4.7816825e-06
0.012899643
3.5121667e-07
4.287769e-07
3.5522968e-05
2.1752864e-08
2.420622e-07
0.00017909284
0.00038252797
0.00017902745
0.03729443
0.0010821976
2.6585847e-09
1.8747922e-05
6.9696434e-06
1.749063e-07
2.5349261e-06
0.002309885
3.1469503e-07
3.5174622e-08
3.7091037e-09
0.05932775
1.7057179e-06
0.97195464
0.00011420708
0.017767096
1.03713935e-08
1.0226369e-06
0.00040568053
1.0843596e-06
6.7999e-08
0.001111754
4.48697e-07
0.00013753943
4.924819e-08
3.5778055e-07
2.987465e-07
5.287431e-08
0.9461231
6.1943794e-08
5.205673e-09
0.97769874
0.0156932
0.97477186
4.7099018e-08
9.231839e-06
0.34362787
1.1570633e-08
1.75484e-08
5.065758e-06
0.9997185
1.21853665e-08
8.2690995e-08
0.998396
0.0025523202
6.053254e-07
5.6048297e-08
0.00062892394
1.3641242e-07
0.9369113
0.13572693
0.00015969982
7.548732e-11
3.3845579e-06
0.9999995
2.374988e-06
0.9999339
0.00016883151
6.754271e-06
0.9720002
0.0055139735
1.3228407e-07
0.009633252
0.0002557805
9.360699e-05
1.8712002e-06
0.000116811025
3.74915e-08
1.43074e-05
1.0
9.682744e-08
1.3585896e-05
4.049115e-05
1.43946135e-08
9.871869e-07
0.8197361
4.294291e-08
7.434045e-06
4.563025e-05
9.74998e-08
4.2501793e-05
3.0409463e-05
2.0600292e-07
0.99075747
7.39954e-10
0.97953105
0.00573366
1.07799464e-10
6.49958e-05
1.5696585e-05
9.1327905e-09
0.8204559
1.6503983e-06
1.3097895e-06
