0.9998773
0.99997616
0.029217476
0.0030427782
1.47099145e-05
0.00026639304
0.9222987
5.684055e-07
0.9993698
0.002453727
0.9999895
5.499775e-06
0.00034218232
0.0099750245
6.899662e-08
0.0004294356
0.036471006
0.0030111808
2.7378249e-08
4.3120504e-05
8.978725e-06
0.0027700434
0.12022362
5.0920585e-06
6.3380946e-07
0.005989879
0.003742941
0.0010095527
2.596716e-05
3.433167e-07
0.00010422724
0.0025833135
0.96301514
4.7525813e-07
0.99991345
0.004023147
0.0003829386
0.0007217935
0.98676395
1.4629864e-05
0.0022532747
5.1848858e-08
3.642347e-06
0.0008859593
5.2151845e-06
6.148456e-05
0.99868965
4.020385e-05
3.6736074e-06
1.8941206e-06
7.908643e-09
7.441489e-07
0.12022362
0.26630732
1.4614709e-06
3.0652882e-06
1.7392858e-05
4.329153e-07
1.3419528e-06
0.015373214
3.635761e-05
0.12022362
1.0548532e-06
0.99999136
5.4716027e-05
7.63462e-05
0.96057546
3.1448832e-07
0.0006788785
1.4049728e-05
0.00012353162
0.44215527
2.6082246e-06
0.00029219987
0.00016515046
0.0001977742
2.6703643e-07
3.977187e-06
6.716438e-06
2.2982185e-07
6.7015685e-06
4.3002547e-07
0.008872605
1.25617685e-08
6.533311e-05
1.2973804e-05
2.3900272e-06
0.23286967
0.5583516
0.00039423726
0.5464626
1.0
0.000588323
2.8720936e-07
0.00010388868
8.877475e-08
3.6736074e-06
4.332761e-06
0.004805206
4.044326e-05
0.015234822
0.0007068581
3.1018946e-08
5.2151845e-06
1.2662397e-05
8.0392085e-05
0.0004619785
2.23217e-06
0.0012545933
0.012264856
3.6395306e-07
6.337385e-06
3.877091e-08
4.1130284e-07
0.00045964512
3.4477122e-07
0.9999754
0.9722687
0.00060129643
5.1971035e-08
0.000113138645
0.42509484
2.5827887e-07
0.00025211772
0.003683927
2.8629293e-08
0.52183414
1.6944798e-05
5.8678093e-08
3.8971615e-07
0.0036725404
0.19815467
2.6154226e-05
6.148456e-05
0.00012560684
9.494387e-06
1.195787e-07
0.0058526206
0.0012553906
0.0005895748
3.2540845e-06
0.02058446
6.188078e-06
0.00038131955
2.9494875e-06
9.058713e-06
0.0012472728
0.0008696615
3.1251195e-06
1.0993108e-05
4.3702934e-05
9.1379334e-05
4.052136e-07
1.0
0.000113433656
1.4557218e-06
6.2531913e-06
0.0002152123
3.4765935e-09
3.4232375e-08
2.7136402e-06
0.00080074
0.0010438149
0.037973642
0.0011085533
3.6685902e-05
0.885514
0.9923957
1.8289373e-05
2.4879e-07
0.27405977
1.2669451e-05
1.701037e-05
1.0
8.786626e-06
0.061245263
0.99999905
6.454479e-07
0.012654555
3.2358541e-06
0.0030839897
0.00026113604
3.340487e-07
6.2986787e-06
0.004187033
2.9289547e-05
0.04759438
7.857459e-05
0.006374778
1.5648457e-05
0.002143243
0.13094018
1.285317e-07
0.9926326
1.1893673e-06
9.72181e-08
1.0766492e-09
0.99998045
3.4203615e-05
1.3507916e-07
0.9999654
1.3284995e-07
5.6446383e-06
7.857459e-05
3.099952e-05
0.00020815879
7.911292e-05
0.00079311786
3.1597085e-06
9.902611e-05
5.0431217e-06
0.00045833737
3.8095823e-07
0.00016304907
0.00063737616
0.0006792212
1.7392141e-06
0.056986827
3.1448832e-07
8.964941e-07
1.6672383e-06
0.7700148
0.00022572497
5.862328e-07
0.70785475
1.2973804e-05
5.656062e-06
0.0007543072
0.0035465993
6.6158526e-07
1.8697142e-08
2.1635037e-06
3.4232375e-08
0.011586239
7.273578e-06
0.00082635996
0.00018165211
8.9737605e-06
2.6187717e-08
0.15414383
0.00011091853
0.0001917797
6.899662e-08
1.4820591e-05
0.002924274
2.6703643e-07
0.93243814
6.248813e-05
0.016955018
0.00034218232
0.99728376
7.931309e-05
6.188078e-06
3.2945925e-05
3.7577843e-07
0.53100115
0.15530606
0.99625325
0.041760474
2.2697925e-05
8.661365e-06
2.6701997e-05
1.9999636e-05
1.5305978e-06
1.4542091e-05
0.9999754
1.6403763e-05
5.378936e-09
0.004188059
2.0909467e-05
2.9494875e-06
0.99968445
0.0003670487
0.000118316006
1.2795672e-05
1.8672166e-07
0.06479646
5.7627176e-07
0.00012353162
2.2697925e-05
0.20011574
0.004805206
3.1018946e-08
4.3102153e-07
0.059985623
4.2942855e-05
6.5712097e-06
2.23217e-06
2.066242e-06
9.494387e-06
0.0001301029
0.0003105812
1.5644918e-08
3.926058e-05
0.000588323
0.9975503
0.9999302
0.9888485
0.00020694213
0.0008541327
