1.0
1.0
1.0
1.0713054e-08
5.5605124e-08
0.002662666
1.2853164e-08
0.19847341
3.7682166e-06
4.0339684e-05
1.5979933e-05
8.3650315e-07
1.853286e-08
0.00033070147
2.8800887e-06
1.1150207e-06
0.004663389
0.00018208148
4.5994866e-06
0.05240055
2.7802392e-08
6.616837e-07
0.00021767056
0.99945515
6.2950394e-06
0.0006298388
5.2687797e-06
3.7887737e-08
0.0001059288
2.656903e-08
3.4757598e-08
3.218252e-07
2.5553887e-05
0.9995451
0.08695408
0.0068387655
4.6172943e-05
0.069817856
0.014977404
1.1599508e-05
3.218252e-07
2.3080453e-07
4.051519e-11
0.91262615
1.0181594e-05
0.67738974
1.8000294e-07
6.7512883e-07
9.278928e-06
0.03226596
3.2268588e-06
2.2670967e-05
0.028512647
2.1882896e-07
4.5685807e-05
3.3640652e-05
6.4123815e-05
3.8922877e-08
5.523114e-05
0.013917154
0.0004795945
1.5683719e-06
4.483141e-08
4.4818607e-06
0.005556181
1.28076465e-08
1.2842742e-09
0.23743866
5.667703e-06
1.226258e-09
2.4344874e-07
0.000820326
2.4036642e-09
5.338606e-08
2.4643923e-06
0.00017562529
2.2095261e-07
3.52153e-08
7.649181e-09
0.00013729335
1.961706e-08
1.6690992e-05
1.6690645e-06
3.1530584e-05
4.5610818e-07
4.6704262e-11
4.777493e-10
0.008439591
6.677847e-07
1.5173357e-07
1.6807409e-06
0.0024109052
1.3544371e-09
9.423713e-07
8.5751046e-05
0.0050771893
5.328794e-07
1.5173357e-07
1.0713054e-08
0.00026697555
4.291594e-07
1.5214133e-07
3.0891068e-05
8.513597e-05
0.9018471
0.00024349622
8.9019727e-07
1.4748816e-06
8.316903e-06
2.3928802e-05
8.506355e-08
8.9484995e-05
8.513597e-05
1.9658093e-05
2.6937753e-08
3.3640652e-05
4.130016e-08
2.0335512e-05
4.30556e-08
4.6070845e-08
8.430625e-10
2.9584514e-06
1.4707504e-07
3.7682166e-06
3.3427764e-06
0.001373246
2.261101e-05
0.94685346
4.741711e-08
0.019538678
1.6128021e-06
0.00025674852
4.5994866e-06
3.493956e-07
0.00050532195
2.2095261e-07
1.1156675e-06
0.76351523
2.2171807e-06
3.0917552e-06
0.79418975
3.4669803e-08
2.5873376e-05
1.4727996e-07
3.7533855e-08
6.676496e-05
0.0053996635
0.04535225
9.030984e-05
0.99975777
1.860125e-07
9.64557e-05
1.629208e-08
5.98167e-07
4.3851406e-07
6.7512883e-07
0.9999997
0.00020212038
2.290133e-06
1.2190839e-05
0.00013136181
0.000688139
2.2670967e-05
0.032777537
0.44741532
5.328794e-07
9.9048565e-09
1.3813902e-05
2.4344874e-07
1.4492583e-07
3.8476723e-05
0.95542985
1.13521885e-07
0.011783033
2.3105427e-07
1.6936437e-07
6.0869555e-05
0.9230744
0.00038557922
6.6124215e-07
0.0011720245
6.677847e-07
0.0019382834
0.00025302125
4.3337855e-06
0.9999914
3.3529417e-09
0.00032563135
2.2183602e-07
1.3185688e-06
0.00010622092
0.00039339627
1.764232e-05
7.436431e-07
5.618194e-06
0.986186
0.9821487
0.004013639
1.0130117e-05
4.1920455e-05
0.00026497728
0.0008184076
1.3799193e-08
0.44271222
3.9075645e-09
0.00023644941
1.29610535e-05
0.9238634
6.8004646e-10
8.606937e-08
8.378393e-06
0.023365183
0.0034146786
6.9518805e-08
9.928348e-07
0.00079753326
5.299062e-07
0.012004093
0.99995595
9.0152425e-06
0.244492
0.0044431756
4.741711e-08
2.2171807e-06
2.502072e-06
6.400377e-05
2.4571165e-08
0.00032563135
7.441709e-07
4.3302837e-08
4.7298694e-05
0.00021011995
7.050818e-07
9.2410806e-07
0.9200494
1.2409926e-08
7.752216e-07
1.9823962e-09
0.09289364
1.13824775e-07
4.942812e-08
9.063996e-10
8.840023e-05
0.0009751739
7.2465717e-10
3.52153e-08
0.9947244
0.95542985
6.4951737e-06
6.669615e-11
2.6168747e-05
0.019775646
2.297647e-05
1.4976501e-07
4.7063822e-06
4.731798e-09
4.4818607e-06
3.22078e-09
0.9970999
3.7269852e-05
0.00013136181
3.1904376e-05
0.00065924006
2.7582723e-06
4.2146073e-08
0.0001812324
5.964348e-05
6.9567454e-09
2.1914403e-08
0.054647144
8.61436e-08
0.00019236503
8.159771e-08
5.3240424e-06
0.9793907
4.421613e-05
0.00019236503
2.2720277e-08
2.0179177e-06
0.00015988493
8.6542634e-05
1.3023234e-09
0.996989
2.2156785e-08
4.907192e-05
3.417587e-05
0.0001059288
1.9169948e-07
4.981092e-05
0.99224067
1.0
4.8826e-07
0.9018471
0.996989
6.413821e-08
0.00037640618
0.00012837746
1.6226437e-05
2.873378e-08
0.000500588
