1.0
1.0
1.0
1.0
1.0
1.5312956e-07
0.026197335
3.5559133e-05
0.5558152
0.98719984
8.151687e-06
7.5029616e-06
0.18312313
0.00050437293
1.33178655e-05
0.00017999625
0.26327077
9.0364694e-07
9.875142e-10
0.00078474375
2.1442596e-05
0.0003145504
0.0022068552
0.9391816
2.3844518e-06
0.23530385
0.0012017001
0.00035400598
1.3487619e-06
5.4067048e-05
6.543461e-07
9.7560944e-05
1.7205722e-06
1.7205722e-06
0.02045555
0.00054580596
1.3987838e-06
3.0339479e-05
0.9997422
0.00012865319
0.99842453
0.5062264
0.00015373089
0.87698895
0.00021037475
4.879984e-06
0.27938098
0.9765465
6.6852516e-07
1.3987838e-06
0.5578482
8.173572e-05
0.99191844
0.9999999
7.099296e-06
2.8107328e-05
0.13549364
0.9800359
2.9915447e-05
1.8372796e-07
0.0012133451
0.0030954606
0.0019209472
1.1370131e-07
2.4294827e-06
8.173572e-05
0.99917656
2.1308192e-06
0.0033320452
0.1049158
0.99999523
0.0021312614
2.1419808e-05
0.74770314
0.0016060424
1.3272019e-06
0.00028162778
0.9996867
7.4951845e-07
0.00050168496
2.0315288e-06
2.4220099e-05
0.64148974
0.00034120638
4.569821e-06
5.966242e-07
1.0719251e-05
0.06152883
0.0002608643
0.75372416
0.000869027
8.276394e-06
1.0410144e-07
0.00071310153
3.1878187e-07
1.039611e-06
5.7066286e-06
1.8677736e-06
0.9999841
1.7650048e-06
2.4344334e-05
4.9251856e-05
6.9274523e-07
1.5344312e-07
0.0061774934
1.4430081e-07
0.00035149252
0.000148579
0.00045211302
5.7645826e-05
2.9472071e-06
2.3847878e-07
4.2376897e-07
4.4919705e-07
1.3400535e-07
8.629992e-06
0.010208698
4.6147416e-05
0.04043931
9.0788715e-05
8.882793e-08
7.028449e-08
0.00022801525
0.00032138263
0.00044402404
2.1238392e-07
9.7836235e-08
1.3932798e-06
0.0030120541
8.882793e-08
0.0008358577
0.48395625
0.00025848483
0.06577754
7.888863e-07
0.018140351
0.9999995
0.35882953
7.988405e-08
0.014371329
9.825519e-07
1.5738617e-07
0.00014815795
7.5690946e-06
2.8313023e-05
0.026188176
0.87643564
0.00011267773
0.00067024573
0.9988443
0.00012736859
1.2415119e-05
0.999993
4.0407638e-05
6.556478e-05
5.1996703e-06
9.49781e-06
0.021384774
6.033842e-07
2.1142313e-08
4.3922935e-07
2.5376487e-08
4.9090822e-08
8.408041e-06
3.3719274e-07
5.966242e-07
0.0010615017
1.865314e-07
5.851525e-07
1.2665996e-05
0.00011273458
1.8317232e-05
9.0692936e-07
2.0262452e-05
0.042720675
3.91264e-05
6.610873e-05
1.19264545e-08
2.027174e-06
0.00033073995
0.0005817855
0.98495895
1.4619571e-05
1.6171155e-08
0.0010864312
5.589745e-05
1.3529976e-07
2.4701702e-08
0.0011411232
0.0010864312
0.0016085583
2.027174e-06
0.00055994646
0.0004134022
1.0960294e-07
0.9661988
6.6820025e-06
1.3217134e-07
0.0017588842
3.165254e-05
0.0019090335
0.0010135194
3.3381812e-07
3.741189e-07
7.660492e-06
0.18119727
4.1055748e-07
2.1289576e-07
1.0393877e-05
3.509716e-07
0.0002612446
0.030423481
2.8631804e-08
1.3529976e-07
2.5182882e-09
0.8976007
0.00019950549
2.1574692e-08
0.053782824
0.0011534167
4.0877044e-08
0.00045765718
1.0
5.947843e-05
2.3869031e-08
8.300637e-09
8.1219986e-07
0.99998933
0.000117963056
0.0009431474
4.9446035e-06
1.2038262e-07
6.748398e-05
2.8968181e-05
4.4277954e-06
1.0719251e-05
1.9714602e-05
8.443614e-06
0.00066255213
2.3546939e-08
4.9490236e-06
7.011497e-06
4.2376897e-07
0.0002886769
0.00027108664
2.575383e-07
1.7878263e-09
2.5259169e-05
0.9998461
1.1807773e-05
4.061517e-06
2.2636764e-06
0.9996703
0.0656606
6.2522017e-06
0.9144293
1.6162916e-05
0.9990835
3.0445158e-06
5.4862215e-07
8.830729e-08
0.00092873524
4.2890818e-07
3.832587e-07
0.9955235
1.49348e-06
0.00014815795
0.00047077256
0.00021162086
2.0290761e-07
0.85101247
0.00024974108
9.016945e-07
2.0262452e-05
5.596049e-05
3.3223034e-05
0.9915465
1.9073553e-07
3.4297516e-06
5.876411e-08
9.5810055e-06
0.0028667687
2.0755044e-06
1.3988709e-05
2.3546939e-08
6.41037e-05
4.1163494e-05
3.7927944e-07
0.7327521
2.765427e-05
0.00039480175
2.3847878e-07
0.0014186199
0.8158316
0.003391601
6.555735e-08
5.794212e-06
0.57177716
6.3580032e-06
2.298399e-06
