0.38046145
1.8591209e-05
3.0598849e-06
1.7809538e-05
4.5997797e-07
1.3328081e-06
0.9990896
0.9999935
0.005843497
5.180665e-07
0.9877932
0.0038486742
0.00036330422
1.6662814e-07
0.00055789977
3.1425176e-07
0.7581129
6.0257685e-07
2.027316e-07
0.003776276
0.00014215398
7.740856e-08
5.7640486e-06
1.0409642e-06
0.00029667752
1.801476e-05
4.465905e-05
7.0152157e-07
0.03237821
1.529198e-08
8.912281e-05
0.049180858
0.00496912
0.0023509257
0.00023969075
0.04846635
5.7195626e-07
8.271836e-05
1.0806971e-07
0.0015537648
2.1320002e-06
1.1834798e-07
0.057800416
1.613262e-06
0.0015746678
0.0026078569
0.0017237639
1.1381132e-07
7.1886193e-06
1.8851782e-05
0.008895033
6.1392193e-06
0.9147532
0.0005059822
0.0009791973
0.037365064
0.0003812323
0.028764557
2.3058e-06
3.8268873e-09
0.9972975
0.021166537
0.99999577
0.0006223687
0.0043826904
0.0005219718
4.1637337e-05
0.018210137
0.9633552
8.6812084e-05
0.00026867824
3.5905455e-06
0.004614776
6.8672065e-08
9.564071e-06
2.4769133e-06
0.028764557
0.8912018
2.4594567e-07
3.6229773e-07
0.0026446974
5.5986857e-07
8.513683e-10
0.00034122786
2.9292592e-05
0.0091785295
7.953182e-05
0.19794154
0.00023428052
0.9999639
0.74680823
8.092288e-08
7.066177e-05
7.149971e-07
3.1425176e-07
4.3700716e-06
0.004467188
3.183854e-05
9.645837e-07
0.0006198171
0.00015290285
0.01848485
0.103994295
0.0007514198
0.0013048595
3.0461708e-05
1.13261486e-07
2.344532e-05
7.1757444e-07
0.0065342886
0.002433118
6.9855474e-07
4.6375806e-07
1.2495241e-08
2.5037045e-06
2.305927e-05
0.047854558
0.0092060985
0.9933325
6.632582e-08
0.047854558
0.00059494417
8.158111e-06
0.98128784
8.789471e-05
0.00013607707
0.9954077
6.765811e-08
2.2896851e-05
4.5795665e-07
1.9872161e-05
0.0001265338
1.4213235e-06
8.162898e-07
1.6728041e-05
0.9999997
1.2495241e-08
2.5415238e-08
0.45099908
9.058869e-07
1.4682221e-05
0.0048932843
0.9887968
7.1812055e-06
0.009975872
0.0005184097
6.735842e-06
0.00037197434
9.2202345e-06
0.0003611081
3.986673e-05
0.25328627
0.00029344697
3.0033045e-05
1.724867e-05
3.250758e-07
3.3354968e-06
2.2608547e-06
4.168187e-06
8.6370784e-07
1.1896682e-05
7.3043025e-06
0.9931374
2.7505457e-05
7.1886193e-06
0.9632095
0.9360018
5.0756864e-07
0.049236264
3.980322e-07
7.661106e-06
0.5973434
0.0026078569
0.97122353
0.9999923
3.7315115e-06
0.00027477174
0.006387274
0.00033552395
0.00024215571
4.0047544e-06
6.954877e-07
2.1183244e-08
5.2176038e-05
0.00014965035
0.0001350229
3.579499e-06
0.0071913637
0.00100694
0.0013615879
0.9372783
0.0008354524
0.99999994
0.47985527
0.007942957
5.3152274e-07
0.0004983273
2.8080428e-06
8.208369e-06
1.7299475e-07
0.06605647
0.9999855
7.739823e-06
3.9450853e-08
1.455687e-07
2.893899e-06
0.0017486096
1.3832246e-06
0.000126623
1.2318012e-06
0.0013615879
5.8759456e-06
0.20535977
0.0008263084
0.00042479325
0.0075039444
0.00089951884
9.686864e-08
6.636727e-05
4.673515e-05
0.0009746083
4.2007957e-07
0.00026867824
5.0616105e-08
0.025781235
2.6420012e-06
1.0
3.2266624e-05
1.3577662e-06
1.05019424e-07
5.898893e-08
0.0016011168
0.0005809715
1.16183394e-07
0.996965
0.0011206208
0.021038467
1.4345913e-07
2.1458311e-07
4.2321935e-05
8.410174e-06
1.0985414e-06
0.629543
0.9360018
0.00504777
1.2576686e-05
5.238848e-05
2.5266349e-05
7.0152157e-07
2.928525e-06
0.94294953
0.19699208
0.01189233
0.0024082037
0.00049491145
0.035198923
0.05589534
1.5352232e-05
3.187955e-08
0.0014801472
0.00054508593
9.988713e-06
0.00091383583
0.00020057226
8.044295e-06
0.008246832
0.0007514198
0.68472886
7.740856e-08
0.0005792801
0.99997157
0.00014260634
0.00041161492
0.0006286157
1.6185111e-05
0.94294953
0.116137005
0.0065846727
3.0920353e-06
0.67451215
4.2453468e-07
6.8672065e-08
3.345203e-05
0.40363634
6.311808e-08
0.99985725
0.0006286157
2.6657048e-08
1.4288786e-07
4.1863725e-05
0.99990666
0.0010917032
1.2726921e-08
0.0005076
5.6453988e-05
6.244048e-05
0.04353644
6.075432e-06
0.00049270334
1.8477593e-07
