0.999935
4.4246872e-07
7.261349e-10
4.206542e-09
3.6869972e-06
8.1975276e-07
1.3626749e-06
5.2284526e-07
1.3708573e-05
1.9753052e-06
5.4913685e-06
4.223371e-07
0.0001101071
1.00307825e-05
2.8389547e-06
1.31362995e-05
0.019517496
0.475227
1.257563e-05
1.7374482e-08
8.484909e-10
0.9683782
3.605673e-05
8.4390565e-05
1.1017571e-06
1.9127576e-06
2.5281832e-09
2.925751e-07
2.8794136e-07
0.00010432728
1.5677675e-05
0.00035935786
5.070713e-08
0.0018199042
6.8933845e-09
2.4275037e-08
6.916342e-07
7.133706e-07
0.00014879846
9.353006e-06
6.2328814e-05
5.8269894e-08
0.9999954
0.374436
1.7337066e-09
1.3197146e-09
1.2753283e-06
4.548098e-08
0.00014047316
0.99999994
6.674267e-09
5.8326073e-05
1.8967922e-06
5.362773e-08
3.680687e-05
0.21501903
0.0051202495
1.7374482e-08
0.9663696
8.905157e-07
0.00019692481
3.1619646e-07
2.470222e-08
2.129359e-08
1.4158363e-06
1.5823614e-05
8.1379925e-09
4.0564583e-08
1.00751464e-07
0.00031273504
6.698382e-05
0.9663696
1.02277575e-07
0.013593603
4.64009e-06
0.007158192
0.105661474
1.805853e-07
4.829031e-06
3.867648e-06
5.832927e-07
2.5042935e-08
7.463302e-08
1.0815473e-06
3.8654025e-06
0.00015129044
3.124494e-08
1.3159248e-08
0.032355305
1.31362995e-05
8.410864e-06
8.848074e-09
7.627121e-06
8.480055e-10
1.444823e-07
4.038913e-06
0.00013193375
1.1986975e-09
0.00020896217
6.7196546e-05
5.5751786e-07
6.1254e-06
0.95844954
6.7008354e-05
2.0508557e-09
5.9262067e-07
2.918733e-06
0.5615176
2.4439953e-06
4.496278e-07
5.0984687e-07
9.663771e-05
0.36659923
4.4282548e-05
2.6034423e-08
0.9994458
1.6999731e-05
0.00014279726
1.9547477e-08
5.480725e-10
4.548098e-08
4.540003e-08
2.2100223e-06
0.0046176394
0.0004823968
8.669544e-05
1.1883158e-07
4.9977393e-07
3.548334e-10
3.8309062e-07
0.00037091272
2.9659462e-08
0.00015300977
0.002825019
0.00023028486
0.01739079
0.952434
1.1601477e-05
4.57404e-08
1.136056e-07
0.22630012
1.00419895e-08
1.12176636e-07
3.1531642e-06
1.4158363e-06
6.860877e-07
1.4282166e-06
1.3893317e-05
7.1727544e-07
0.00015300977
1.3050493e-08
0.00013958017
1.9127576e-06
0.9998381
0.00019692481
6.353909e-05
9.253772e-05
3.3397362e-05
7.2159173e-07
1.229563e-06
2.110919e-08
4.9600524e-10
2.8099391e-08
6.860877e-07
5.389413e-08
1.5714862e-09
0.35726303
4.5366773e-09
4.690412e-08
9.2382557e-10
0.00016144909
3.095848e-08
0.0018516346
0.0763162
3.2413574e-09
9.353006e-06
3.4858846e-08
0.9998381
3.1912652e-05
0.009829252
5.5404932e-08
2.8812593e-07
0.0015990676
0.026394743
3.4490055e-05
1.3975614e-05
6.543455e-08
5.029002e-06
1.34437105e-05
0.0023658224
1.220176e-06
2.2613808e-06
0.00022763533
0.0007607326
0.000118838274
3.0217578e-07
1.8559127e-06
0.35751712
1.02277575e-07
4.3182336e-08
1.7415063e-06
0.006619154
0.0002715652
5.202876e-08
2.3323763e-07
1.4251812e-05
1.505698e-10
0.007293126
2.6723166e-05
4.3756995e-07
3.5680848e-06
1.1017571e-06
4.032619e-09
8.035439e-06
1.3103769e-05
1.9230505e-05
2.767825e-09
2.5429694e-07
1.0240973e-07
8.035439e-06
0.02401606
2.100627e-06
0.99906814
0.05052509
6.269065e-05
7.874756e-10
4.7115922e-05
5.415942e-05
4.7404067e-09
7.271317e-06
1.3385004e-07
7.271317e-06
4.5420834e-06
2.8600627e-05
1.323194e-07
9.6502205e-08
1.674033e-08
6.8659955e-10
1.02277575e-07
4.8194586e-09
4.0378976e-07
2.4498265e-11
0.13022901
1.5448609e-06
3.6475846e-08
0.002770943
6.606322e-06
1.4282166e-06
0.9994656
2.7743279e-06
0.9756709
1.883153e-05
0.84746385
7.271317e-06
6.550985e-08
9.238841e-06
2.0224381e-07
0.0012517483
0.033773124
6.0016575e-08
1.40260195e-08
3.4166867e-09
5.709524e-07
0.08101959
8.793598e-07
0.5129085
0.45321375
3.548334e-10
1.2200958e-06
9.66838e-05
2.0863616e-05
0.99999595
2.192427e-08
2.5074965e-07
3.813719e-07
5.46949e-06
4.2210436e-07
1.2026436e-06
2.5281832e-09
0.16810666
1.702199e-05
2.9672887e-05
0.819191
1.4534854e-05
4.3209276e-08
5.872338e-06
0.0031019344
1.3893317e-05
0.32448536
7.484169e-09
4.681446e-05
0.99871016
4.038913e-06
0.0001459885
0.029331835
0.0017512752
9.199545e-08
5.0433204e-07
1.2300694e-09
5.778474e-06
