1.5539246e-06
0.00013137722
0.0014372987
0.0013819996
0.0008223319
0.11524928
0.00012416413
0.00052931724
0.00039622321
1.3045888e-05
0.14722486
1.1022112e-06
4.9315023e-08
3.995973e-07
1.3101069e-05
1.9927466e-08
1.1885988e-05
1.8438035e-06
0.03524757
0.008376908
2.9440404e-05
1.085711e-06
0.18850614
2.983797e-08
1.7418452e-05
0.99979806
0.00064038136
4.940879e-05
0.001296321
0.00033285614
4.1059973e-08
0.00022793483
7.409164e-05
5.383588e-07
3.988984e-09
0.0015722744
0.99861234
0.103048354
2.3808269e-07
0.009740556
4.931126e-05
3.4704906e-05
2.9440404e-05
3.997059e-08
0.9636825
0.04104825
4.1322646e-06
0.99999183
5.1128463e-06
0.0008467254
1.7006033e-07
1.37813095e-05
0.00055059063
0.24189773
0.0005953305
0.009740556
0.9999923
4.9462267e-07
0.0013933232
4.9462267e-07
0.4400107
4.1595944e-05
0.99979216
0.024209222
1.8587383e-07
1.8438035e-06
8.8390365e-08
0.9939216
0.005322003
1.965245e-05
4.7525546e-06
3.752499e-05
0.0047947373
0.3197652
1.0687664e-06
0.00013434824
1.7587242e-07
0.99615705
7.2616085e-06
4.648367e-07
3.306177e-06
3.1453676e-06
2.3881612e-05
1.3465192e-06
7.21725e-06
0.007297681
6.242986e-08
1.965245e-05
6.85835e-05
0.9847573
3.2409465e-05
8.678638e-06
4.4655187e-07
8.1713115e-05
3.5312944e-06
0.87298864
6.6629485e-07
9.713245e-05
2.7239075e-06
0.00060005975
0.002258435
0.0012546387
0.97654575
0.7468391
1.0282471e-05
0.00013423084
4.1059973e-08
2.2916292e-05
0.0003998507
0.9167044
1.5225732e-09
0.00014365643
3.0043324e-08
7.982465e-05
1.9513435e-07
0.074584305
0.0001881697
0.004597842
0.0043448773
5.5930348e-05
0.0002762148
0.00080986164
0.99999917
0.03279384
0.9986777
0.9958221
5.321606e-06
2.8168452e-08
1.8438035e-06
1.542739e-07
0.16704424
3.6697412e-07
3.0006902e-08
0.00047817169
9.06203e-09
0.04104825
0.04005504
0.096869014
1.3807903e-06
0.0006968254
6.651128e-05
0.00013203543
7.966025e-05
0.19565694
0.03319995
5.0076156e-05
7.529526e-06
0.9847573
0.13818459
0.9999616
2.3954719e-05
0.00020813853
0.07355122
3.997059e-08
0.9835224
0.00013183088
0.0070662736
2.3675796e-06
4.156379e-07
2.0926023e-05
4.920519e-05
0.0005251452
0.01916519
0.00025062653
2.9968414e-05
2.406543e-06
0.9967277
7.726216e-06
3.555147e-05
0.99999964
3.152124e-06
0.0007044906
2.2916292e-05
0.096869014
1.6855156e-05
0.009395385
1.4090935e-05
0.9960653
0.9999785
0.12293328
0.00012320105
3.1187217e-05
2.8502947e-07
0.0007013247
5.2318944e-07
9.889586e-06
1.239484e-07
0.00022248147
7.3996422e-09
3.5808819e-06
2.531785e-07
1.0437056e-05
0.00068892835
0.00013423084
4.9462267e-07
4.139157e-05
0.00028766584
2.087896e-05
0.0008685461
0.9421522
9.40237e-05
7.2616085e-06
0.007481328
1.0
0.024469351
0.00036393167
0.0005953305
0.001011883
0.048251104
1.1641576e-05
0.0004267146
8.678638e-06
1.407193e-06
1.310978e-06
0.13937818
3.1782054e-07
1.0171884e-07
0.00058342976
3.22839e-07
0.9906949
5.7717552e-05
5.0321745e-07
0.9999925
0.44596305
0.0077661667
0.9999983
0.011413167
0.9997648
0.61400896
1.5234391e-05
2.9968414e-05
4.931126e-05
0.9999994
2.8672395e-05
0.9945354
0.0025810418
7.564556e-05
1.3852695e-06
0.10139069
7.901098e-07
0.0063110683
0.0006644714
0.00036393167
5.9550548e-08
8.388814e-05
0.0022441852
0.0032906123
0.9939216
1.3294086e-05
0.0012728173
0.96544063
5.7830275e-06
7.2554224e-07
0.12293328
3.1487103e-05
0.99996984
0.00047817169
8.7095585e-05
1.7758253e-05
5.7785956e-06
0.001296321
5.5725053e-07
0.00019264953
7.045078e-05
0.00022248147
0.00017084264
0.0005917117
0.07355122
0.99901515
7.695949e-06
0.5040725
0.91861933
5.4396227e-05
0.9970647
0.006550383
0.004320296
5.8684526e-07
0.99999994
0.0042864676
0.005322003
0.45096678
0.001011883
6.905889e-08
0.00043690647
0.0010910206
1.6079623e-08
0.00033990367
6.569606e-06
5.941055e-08
1.1297927e-07
3.7750502e-05
1.2648107e-05
0.011214245
0.40299854
3.625077e-05
0.99999994
0.0012083626
2.385075e-05
7.349777e-06
3.6928697e-08
