1.0
0.06435955
2.6576323e-05
0.093782954
0.25098678
2.0628044e-05
3.5940335e-09
0.56474024
1.742781e-09
0.086435765
2.9802886e-05
4.5940098e-08
6.898293e-06
7.610093e-09
0.9999278
1.2072104e-05
2.3695284e-07
0.0010836769
1.9045023e-05
2.3569472e-05
3.3934975e-06
2.6639244e-09
5.16157e-07
6.942955e-07
1.3704812e-09
6.476047e-08
4.635721e-09
3.7878349e-06
1.1769673e-05
0.00067508355
1.7541105e-08
1.0773143e-06
6.1505228e-09
6.202268e-11
5.421281e-08
1.1857466e-06
0.1331849
1.0308017e-05
0.00013411876
1.5450568e-06
1.3622937e-05
5.019604e-09
0.0002889743
4.7546066e-05
0.16724493
8.245621e-06
3.7328638e-07
0.06091482
3.7236614e-10
0.000114001006
1.2652113e-05
6.9297585e-07
0.00040791577
9.226225e-07
9.280636e-06
0.41725263
6.3540337e-09
6.339507e-09
6.384413e-10
6.380146e-08
2.1689411e-05
0.00062619837
0.00040839883
1.4233513e-07
1.7926096e-06
1.2042802e-06
1.2728898e-10
6.107151e-10
6.2831234e-05
0.0007982628
3.8793874e-05
2.6062544e-08
5.0713777e-05
0.0004322714
0.0009641654
7.0279793e-07
1.0895675e-06
0.79597473
0.00073867384
1.2352311e-07
1.0557993e-06
7.613601e-07
5.0075094e-08
0.95000964
1.5827288e-06
1.4545337e-05
1.4768698e-05
3.1014906e-09
0.7215738
1.9879312e-06
8.5982134e-07
1.5025796e-10
1.7320522e-07
1.03080365e-05
0.00014993102
2.900666e-05
3.819134e-10
8.318661e-08
4.547569e-08
2.7687754e-09
6.210717e-07
7.637588e-06
1.3886368e-07
5.8880005e-08
5.5457874e-09
1.5662181e-06
5.7165717e-09
0.0001656215
0.00095745263
2.1020726e-07
1.9934392e-07
2.959888e-08
2.7518661e-08
7.8806686e-08
0.001762732
0.0010355839
1.2344504e-09
1.14015336e-07
2.7877928e-10
0.00034962222
0.00012308011
7.2863036e-06
1.4497438e-06
3.3962024e-05
4.767644e-07
2.0007508e-07
3.7236614e-10
1.4322212e-06
1.1870092e-06
0.0020341703
7.915337e-05
9.154687e-06
4.7546066e-05
1.8196339e-10
7.4317925e-09
4.8253654e-12
1.6733901e-06
0.5562262
0.0004183821
2.8544676e-07
0.00027084665
3.1402714e-09
1.1752217e-08
2.7166024e-07
2.48273e-08
1.9600884e-06
0.0014180811
2.7495831e-05
8.50997e-09
1.0816246e-06
0.15137073
0.00014845833
1.3538777e-05
1.9914994e-09
2.7887373e-07
0.8635808
1.2089581e-05
3.5400786e-05
0.99999666
0.61483014
1.6573455e-10
2.8912837e-08
1.2277363e-05
1.0879562e-05
3.0539902e-06
2.2408701e-06
7.031968e-07
8.446054e-06
3.7092511e-06
1.1143048e-07
2.515133e-10
2.4031894e-07
3.9933667e-10
0.00048592433
3.089287e-09
2.85835e-09
2.50501e-08
1.03080365e-05
4.1309588e-05
9.9336944e-08
0.99619347
9.987645e-09
0.99348587
1.0383646e-08
4.103787e-09
1.474139e-09
4.908671e-07
5.3709955e-06
5.584787e-09
7.934555e-09
0.011439684
4.145862e-09
2.7275627e-07
7.732887e-06
2.6402785e-07
1.0668097e-05
7.1350037e-09
1.3520476e-08
0.03618663
1.7957198e-10
1.5656133e-09
9.430123e-07
0.012779108
4.814596e-07
2.2954447e-08
8.8509805e-06
3.1319878e-06
3.3090516e-10
1.14015336e-07
8.628432e-09
2.7488865e-08
1.8806074e-09
0.0009148516
7.148124e-08
0.4782653
1.4577903e-09
2.3089436e-07
1.6510668e-10
9.469848e-09
1.0630839e-06
1.9086582e-07
3.1915622e-06
0.0046259575
1.1552325e-09
0.0008519397
6.0650357e-10
0.0056262384
6.6913236e-07
1.4688737e-09
5.656687e-10
0.5543693
5.979023e-08
3.6636745e-06
2.6190995e-07
9.708987e-08
2.2408701e-06
2.867323e-06
2.4228294e-10
0.96818304
6.4506885e-08
0.9990847
0.96818304
8.948891e-06
3.8680517e-11
0.14550385
2.977365e-07
5.6715034e-08
2.9090185e-07
4.2702804e-06
0.00060741097
0.97655636
1.612802e-07
1.3188773e-08
2.9701919e-06
1.4667822e-07
0.00017057537
6.5850213e-07
2.8994846e-08
0.0039859014
0.33346695
0.0034393931
3.1566207e-05
0.0072983135
7.952192e-06
4.3209036e-07
7.603738e-09
5.783452e-07
1.10817304e-07
3.819134e-10
0.20432629
0.017068725
0.00054700254
4.7546066e-05
0.00040791577
5.3646403e-07
7.300858e-07
1.8766766e-09
1.9030812e-08
1.0011277e-06
1.8998445e-06
1.9403894e-09
2.9791364e-10
0.98243594
0.00036255983
2.9603638e-05
5.905495e-07
1.1551454e-07
0.00015166396
1.105133e-06
1.8998445e-06
1.0950991e-08
0.035758164
5.9546624e-06
5.5457874e-09
0.9785662
5.5457874e-09
0.0028646472
5.236387e-07
6.9890566e-11
1.9934392e-07
