1.0
0.99827677
7.1546485e-05
6.492482e-05
3.4319896e-06
2.2260983e-06
8.414073e-06
0.00025734308
4.729477e-07
5.6254823e-05
1.37171255e-05
5.517141e-07
2.3131161e-09
3.3515119e-07
0.0014671079
1.3453901e-08
0.00028316083
1.9775574e-05
1.5446664e-06
8.9327784e-08
0.0019656892
0.0030336413
1.0894428e-06
0.00012562923
6.7790376e-07
0.16863163
9.420936e-07
0.962331
3.871675e-07
0.16863163
2.6645242e-09
0.02292754
7.573717e-05
0.00030711468
0.99999464
0.00011761319
0.932551
0.000191681
1.0197949e-06
8.482134e-08
8.670108e-06
4.9952054e-05
4.2984073e-05
5.139395e-09
0.0027974343
0.00039834448
1.859891e-07
6.893502e-05
4.151433e-09
0.00041031858
4.3046737e-07
3.939036e-06
5.4041766e-06
8.6452565e-06
9.2061055e-06
0.0002775701
1.8026453e-06
1.4624329e-06
0.999998
0.00034247135
1.405482e-05
0.5196417
0.000116523224
0.00019486534
1.7971277e-05
0.9999955
0.17612983
0.9997546
2.680583e-07
0.0027974343
3.0270696e-05
3.3329734e-08
0.020347921
1.0939447e-05
2.5957502e-06
0.0010689899
0.00039844625
9.931606e-05
1.1749856e-05
0.034903463
4.139802e-06
0.00014585297
6.9381963e-07
0.0005984209
1.266319e-08
0.0011416619
6.714972e-05
0.99653655
1.662622e-08
0.12131899
2.5946242e-06
8.655296e-06
0.0010334452
0.000323095
0.28649205
0.99999464
0.99982035
7.893589e-07
1.6842084e-07
2.1900255e-06
1.0472893e-06
0.9965594
4.140686e-09
0.00022728204
3.429961e-06
1.7744915e-06
0.00041031858
9.2061055e-06
0.009611576
0.0012363367
1.8556933e-06
0.001810161
0.000120623416
0.0012269925
3.2129836e-07
5.286804e-06
9.958596e-05
6.7273995e-06
0.037950564
3.0189917e-06
0.50253177
0.008480815
0.1622693
0.76184803
3.2802745e-07
3.0854764e-07
0.9922919
0.00067539955
0.00018896801
0.00027216916
0.037950564
3.0071595e-07
5.2537867e-05
0.9900778
1.3204879e-05
8.628964e-06
0.0020479904
0.0004964692
0.99884033
1.965097e-06
2.5927886e-06
4.6234894e-05
6.3254623e-07
8.466848e-07
0.9510605
2.4370587e-07
0.00011505585
0.00054104096
0.004001314
0.11077109
0.9999815
4.1714684e-05
0.00020562984
0.0002737812
2.7555026e-05
1.983106e-05
0.00037568313
1.7505282e-07
2.4699027e-06
0.000107425134
3.6365374e-05
0.046556633
1.0
0.00352181
0.0006013875
9.610921e-06
0.0029562213
0.011075961
0.00024950926
8.2864235e-06
0.159427
5.549277e-07
2.9121023e-07
3.816145e-08
4.5924335e-07
6.0130287e-06
0.0014051916
3.8480765e-09
0.9986287
2.3488447e-08
0.0040929727
4.981626e-06
7.02396e-05
2.3471725e-07
2.0229138e-06
1.2658197e-07
0.0023393456
7.9486284e-07
0.9997452
7.5644664e-07
5.4494405e-05
3.6265998e-08
4.5924335e-07
0.008135399
0.0014038513
0.0035095601
0.9952851
2.426866e-06
8.2369377e-07
0.000106806765
0.016689086
0.0018461172
5.4360135e-05
1.0705408e-05
1.882029e-05
0.0030336413
0.22258562
8.9119965e-07
5.0375267e-05
0.00018100375
5.9705395e-05
1.5575282e-07
5.2920677e-05
0.9982271
0.000503588
0.0019656892
9.575949e-07
8.98167e-05
5.2393872e-05
0.0017633891
1.3785061e-06
1.3447711e-05
1.0415303e-08
0.04006439
2.9422645e-06
0.00030373054
0.9891534
2.963441e-06
0.006504581
1.2693374e-07
3.0071076e-05
5.3366548e-05
0.022492802
7.806672e-07
3.4457244e-06
1.4524545e-05
3.0854764e-07
2.492068e-06
4.3933258e-05
1.9627503e-08
0.0005601312
5.6878072e-08
1.34437105e-05
0.99999994
4.362649e-07
0.6192661
0.0006558439
0.7399694
4.1078542e-07
0.00352181
0.00015578883
2.4549192e-05
0.99981815
1.3204879e-05
7.4581825e-05
5.114354e-07
0.0001132171
6.0929847e-07
0.7109764
5.2279385e-05
0.28461754
0.00015691173
6.666306e-06
4.1200175e-05
0.002852899
1.661828e-05
8.9327784e-08
2.492068e-06
0.86957437
0.083344765
0.0008196384
1.3577932e-07
9.2061055e-06
0.083327755
0.0005655592
1.5929882e-06
9.0915836e-07
0.0003379762
2.2835857e-06
0.026307583
0.9363387
1.1297006e-06
0.00030090482
3.4801328e-06
4.7566942e-07
0.987685
0.93255097
0.0008602872
6.60781e-05
0.16859202
0.98833483
0.00018552464
0.0016960623
0.00019222549
8.810389e-06
0.0014051916
8.461577e-07
0.0002775701
1.0
7.16645e-07
