0.9612637
0.8451168
7.2832016e-08
2.16415e-05
2.6225258e-05
1.7181816e-07
0.0076390463
1.4570424e-05
0.00046206263
4.3709383e-06
0.030587675
0.07303587
1.1798183e-05
2.9094093e-05
0.9998381
0.8183851
3.4881666e-07
0.99985
1.521235e-06
0.0015715403
0.00023011892
6.2850336e-06
0.00010267386
0.00095811975
0.012007169
0.0027701238
2.838369e-05
3.492188e-06
0.0027340595
0.44885957
0.16331062
0.0062671015
5.794063e-06
0.042707514
0.07426316
0.7468219
0.991271
8.409931e-08
0.00047654723
0.9989928
2.4695353e-06
0.00451202
0.9657859
0.99573964
7.478772e-05
2.353479e-05
0.0006138152
0.5394212
0.43650812
1.9621101e-08
0.9983477
0.99959046
9.2786095e-06
0.046565033
3.4630723e-06
0.0013960759
0.9989183
0.001235855
0.0002884161
0.00087758113
0.00031064337
1.0
0.010535387
0.0031862843
0.008623755
0.009171594
1.3802294e-06
0.758343
0.40268967
0.041952673
0.0047483803
2.5956883e-06
0.0009508809
0.0010646553
0.112327754
0.99969965
0.03295466
0.0002945943
0.0050784466
8.1855677e-07
1.5269178e-07
0.00047654723
0.06286847
3.361496e-05
0.000105140025
0.0021851948
3.212272e-05
0.038003597
1.541842e-05
2.7924207e-07
0.0006157218
0.01143668
0.030636637
0.025034107
1.0459126e-05
4.3131073e-05
2.977303e-05
0.9999885
0.0010171081
0.85060096
3.876625e-05
0.0003804706
7.665522e-05
0.021461632
5.045286e-05
0.988679
3.4630723e-06
0.109914176
3.4985715e-06
0.0015522172
0.9080612
0.03545651
2.7637855e-08
0.7714188
1.2439855e-06
0.023218218
8.010696e-07
0.0011644713
0.012309683
0.9997392
0.23434192
5.679059e-07
3.1585575e-06
0.0008963071
0.042991832
0.00034903557
0.9997392
1.5776608e-06
9.241176e-06
4.8846914e-07
2.3364958e-06
0.018636229
1.5290834e-05
0.0006184342
8.908976e-05
0.05035493
0.02281924
0.9644579
4.167679e-05
0.00087077846
0.54978025
4.859228e-05
3.7576876e-07
0.041744076
0.0016645129
0.030587675
0.0028555184
6.994717e-05
0.99969965
9.66933e-05
0.0003479359
0.009455475
0.000945665
0.56263095
0.00016819315
7.478772e-05
7.5596013e-06
2.8468487e-05
8.382089e-05
2.016077e-06
3.1069075e-07
0.40268967
0.9644579
5.1984378e-05
0.0004981017
0.0014703542
0.0004332105
8.244374e-08
1.1693137e-05
0.0055207023
0.009834563
0.0007543999
0.21627256
0.073567376
1.9924185e-07
6.5478202e-06
2.1224582e-07
8.657839e-06
1.1565115e-06
0.0045980387
0.015758293
7.381914e-05
7.265841e-06
1.9568404e-05
0.00034775035
2.4014622e-05
0.0038552866
0.00016880961
1.3778154e-08
0.0021125327
0.9999327
0.0002104193
8.389691e-06
8.372646e-05
0.0009954917
3.6635943e-06
0.004255674
0.0638619
0.0005402662
0.0012325764
4.2283787e-06
9.798253e-06
0.0034232228
7.991284e-07
1.9924185e-07
0.00025635376
4.5589645e-06
4.034871e-06
0.022628084
9.766572e-06
0.12264299
0.023188088
1.8903216e-05
0.0031862843
3.5393186e-06
3.485251e-06
1.4570424e-05
8.689764e-05
0.00553606
6.0628254e-06
0.1647029
2.4158186e-07
0.18570729
9.766572e-06
5.015085e-05
0.22135267
1.409576e-05
0.00037059604
0.00014821222
0.00031810932
0.0004334079
1.2405036e-05
2.3308783e-06
0.45862487
0.0033318137
0.997637
1.0741621e-07
8.647912e-06
6.3586915e-05
0.01991371
0.00080202054
3.4933237e-06
7.978462e-05
0.00084411376
0.010451485
2.0299872e-06
0.99682254
0.91108286
0.000167841
0.022677468
6.872728e-05
1.1517545e-06
2.3313362e-06
0.0025116499
0.00017483199
0.27093035
0.0131570455
0.9678367
2.749987e-05
0.00013623729
0.9999976
1.0966394e-06
0.00091622816
0.004025643
0.14554669
0.0005402667
0.007264765
1.1798183e-05
2.2680093e-05
0.0016411664
0.991271
0.35302007
3.2841608e-06
0.0003920545
0.04554057
9.748712e-07
0.00012549706
7.665522e-05
0.00015962172
0.00020275812
0.9994549
5.1536654e-07
2.1083038e-08
1.0
7.540654e-07
0.0044222837
0.9999765
1.3526611e-06
7.6944794e-05
0.98930395
0.0015628687
0.00025722632
0.9999968
0.999537
1.5153633e-07
0.70797354
0.363086
4.5839337e-05
1.460497e-06
9.66933e-05
