1.0
0.021019217
0.0073951944
0.0024648847
4.6037464e-08
0.0007849468
0.00012280392
9.297213e-07
2.5721529e-06
8.3437504e-07
2.0658783e-07
0.029000362
1.3664875e-07
0.76570904
2.4817552e-07
0.031020332
4.018248e-08
1.9286606e-08
3.703373e-07
0.099415556
8.681077e-07
2.9224316e-06
1.9816767e-05
0.00021758549
0.00019847315
6.2637284e-08
0.00438716
1.7299491e-05
0.99988604
0.009941796
9.992915e-06
0.0004273822
1.5307846e-06
2.3006887e-06
6.429963e-09
7.829683e-08
0.0014142791
9.244257e-08
0.010221474
5.9040932e-08
5.469845e-06
0.81171626
5.2754112e-06
6.847444e-05
4.9034304e-07
5.197043e-06
0.04039317
0.11575257
4.5015287e-08
0.11305181
2.0302201e-07
0.0826946
0.0826946
7.076259e-05
2.3157467e-05
2.5083982e-05
5.458818e-06
2.1631637e-08
2.0795282e-05
2.0610798e-05
2.8797208e-06
0.018832434
6.267038e-07
1.5365517e-07
1.6235164e-07
8.613662e-06
1.9613264e-05
5.7464598e-09
9.408223e-09
0.9979975
0.11575257
8.3617866e-05
3.9262662e-08
0.9807577
0.9994274
1.1084209e-06
1.5877926e-05
0.0010403086
0.001138224
7.5459354e-08
0.00027325234
0.00020721382
4.261404e-06
0.29630503
0.99194884
3.561744e-05
0.0016487435
1.5533229e-06
6.641694e-09
0.81447583
9.408223e-09
0.00020828604
2.3006887e-06
0.00032230373
0.00010491158
5.857534e-05
1.1047463e-06
0.00029300246
4.6122346e-09
0.0038723366
2.7392148e-06
1.2756935e-08
0.010794756
0.0015990783
0.00087314425
4.437366e-06
2.1151081e-06
0.00017597279
1.907557e-06
0.00046618993
0.00027222442
0.0012760035
0.0014993423
0.11213378
5.233277e-07
2.168328e-07
3.8030175e-05
2.9641221e-06
8.333669e-08
2.3032256e-07
0.045929816
6.2892155e-08
0.0009435464
2.7457142e-07
0.0020675263
4.532802e-09
2.824878e-05
3.3992305e-06
1.1991662e-07
2.7773043e-05
0.00024068991
2.3006887e-06
2.7023436e-08
9.978191e-07
2.5232376e-07
0.9971908
0.00060732843
0.98775244
5.4083603e-08
0.0005753337
1.5557956e-05
4.880589e-07
0.0012760035
0.003021603
1.6218795e-05
0.001880225
0.00018454563
1.7291542e-05
1.5817993e-06
2.3833425e-05
0.98792917
2.0371415e-06
0.00022254341
1.086863e-08
1.6125508e-08
4.297612e-06
8.242503e-08
0.96220654
0.9992376
1.9423535e-07
0.00037149448
6.1339125e-07
1.9286606e-08
0.00046618993
0.18689543
0.98777264
4.793864e-07
2.379763e-06
0.99203515
7.619448e-05
1.307312e-07
0.0018979821
5.233958e-09
7.066604e-07
0.9852962
1.1512386e-08
0.0001934056
6.1713126e-07
4.5757596e-07
5.6709384e-09
0.0013957615
1.2646238e-07
0.0002890269
0.97741807
5.5395316e-07
0.027607854
0.9998501
1.1897793e-05
4.8714187e-06
0.00017960211
8.209003e-09
4.1938288e-06
0.9999188
1.2048502e-05
4.8172367e-08
4.592347e-06
8.797492e-06
0.00041783543
2.0066229e-07
0.02817297
1.1098563e-06
8.1948936e-05
1.9435284e-07
8.4412395e-06
4.3853433e-06
1.0342922e-09
7.736266e-08
9.014435e-06
4.5565307e-06
0.8876089
1.1142278e-06
4.8304374e-09
7.2817284e-07
6.8900845e-05
2.9224316e-06
4.8172367e-08
1.0636721e-06
0.009864335
1.1869934e-06
1.5597342e-06
3.0525354e-07
0.013241974
6.3134485e-06
0.00010078077
2.5085936e-10
1.0450086e-08
1.2063056e-06
4.8983333e-09
2.4012877e-07
1.3144291e-09
1.7922267e-06
0.7646705
8.2364585e-07
0.00014542483
1.9286606e-08
0.9989605
2.9310627e-07
2.9978473e-08
0.0002688822
3.364476e-05
1.7256865e-05
0.002464642
0.0014307193
0.00044559248
1.4062397e-08
9.014435e-06
9.803289e-09
4.1039616e-08
3.652654e-05
0.0008897247
0.017999029
0.00010038073
6.190799e-06
0.9999998
0.0007898506
0.001990885
7.074284e-07
7.076259e-05
1.3053255e-05
3.5412762e-07
0.00020303129
0.010401818
2.8860612e-07
0.99911195
0.7454247
3.33704e-05
7.5459354e-08
2.4870772e-06
2.5122692e-05
7.9905234e-08
5.093258e-06
6.127821e-08
1.9863e-07
0.4746097
0.4746097
0.0001394575
0.028047003
0.00016063372
0.00024791388
0.9852962
0.14895882
2.9486745e-08
1.619417e-07
0.8046144
0.00068131526
5.4656347e-08
1.04308065e-05
1.9153607e-08
2.6710038e-06
0.00060732843
3.3293953e-05
9.7178774e-05
1.3531777e-08
0.000661281
0.010401818
1.070327e-06
2.478172e-07
5.4982597e-06
9.512901e-05
0.0002911285
