0.9549839
4.7846628e-05
2.158278e-05
6.2764325e-06
1.157721e-06
0.0003421471
2.7385871e-05
0.0065977364
0.9036242
9.604957e-06
4.8359292e-05
2.5042444e-09
7.808483e-06
0.9998003
0.00029425212
2.6988184e-06
3.5259467e-07
1.0710091e-06
5.7179054e-06
1.9660716e-05
0.95271987
0.03181442
9.097064e-09
1.740263e-05
0.0003587026
0.9983998
0.9830053
0.029272437
0.58644986
3.606897e-05
0.000624815
0.37370604
2.1009373e-06
8.101745e-07
4.8361276e-08
3.802811e-05
0.00028792542
3.051533e-06
3.2698176e-07
3.2734215e-07
0.00021151475
0.00046069967
0.00016688033
4.5116114e-08
2.384179e-06
0.0004586398
6.373165e-07
2.736502e-07
0.0033761342
1.1568984e-05
3.756147e-07
0.19504833
0.00027404208
6.712339e-08
1.3307998e-07
0.0001433748
4.9999377e-05
0.9774519
0.94172627
0.0002478713
0.0092776865
3.4983364e-05
1.5942115e-07
8.0299005e-06
2.0071561e-06
0.95878965
3.7418422e-07
0.0008401273
3.1794755e-07
0.00059423974
0.0023437745
2.09186e-05
0.14235361
0.9999477
2.5783074e-06
0.0016487859
1.4628469e-05
0.00012937287
2.3234692e-05
6.515802e-05
0.999019
1.6553748e-06
0.9774519
0.0051508704
1.6938085e-07
0.0004863778
0.9601983
5.572367e-07
0.00021780281
0.05260598
0.0008287343
0.6782831
0.00034562763
8.534813e-06
2.2767708e-05
0.0070383223
0.9981735
0.0016711106
1.2365464e-07
2.3683615e-05
0.00018007435
0.9982594
0.0070390124
0.0011144647
0.99992764
6.515802e-05
0.99999994
0.26458347
0.00010310822
2.8625582e-06
2.7081594e-06
0.9577291
0.007729359
3.1005172e-07
8.7881844e-08
0.9999999
1.2210819e-08
7.7114186e-05
5.124959e-08
0.007729359
2.1398391e-05
1.2716908e-06
0.09143901
0.0004431164
0.012483849
9.2952894e-07
0.37936905
7.6385085e-09
3.7295384e-05
2.1009373e-06
3.9202803e-07
0.051228527
0.016890183
4.331928e-07
0.00027911563
0.99997777
0.002548269
1.3127257e-06
1.5660504e-05
1.4628469e-05
0.36995652
0.00049568905
0.99922204
0.0023352262
0.16296507
1.8773218e-05
0.39738062
0.13216464
1.3127257e-06
0.00021777707
0.20548369
0.72766364
2.4911637e-08
0.0027608895
0.98946327
4.651809e-06
7.724499e-08
3.5789316e-07
1.0624495e-06
1.7241891e-06
9.1787547e-07
0.00090261694
2.2595272e-05
3.7410356e-07
0.0021894502
0.000352228
2.2787155e-08
0.19079152
1.55735e-07
3.0474062e-06
2.5029738e-07
0.002349166
2.8537963e-05
0.00013247758
2.7661858e-07
0.0006431307
6.318637e-07
0.0036519817
1.1715506e-07
0.8301659
0.08949174
0.00037865777
3.1636544e-05
9.56464e-05
3.609077e-06
0.012503234
1.0485664e-06
1.8251646e-06
0.83128005
4.017451e-08
0.00024457581
0.8755966
8.101745e-07
0.002176667
4.120082e-06
2.7744862e-08
6.8840425e-05
0.9682616
2.5024798e-07
4.652828e-05
0.121350504
0.00051196554
3.6744456e-09
0.021174258
0.051228527
2.9260744e-07
0.0003631633
2.4135156e-07
0.9999996
0.0029336626
7.501406e-07
6.897447e-05
2.8669214e-07
2.5029738e-07
0.0016815427
0.08971058
0.0006766336
0.00071995554
7.506674e-08
4.614011e-05
0.0006151256
0.029616756
1.4961384e-07
3.7669915e-07
0.047389027
0.8755966
3.7449617e-08
0.5249442
1.5013585e-06
0.0032584872
1.2876821e-05
3.3118173e-05
0.00033594645
0.00016747204
0.9800243
0.0002659109
0.006374238
2.8625582e-06
0.99952734
0.0012327324
0.008539094
1.7704701e-06
4.4532283e-07
0.00021777707
0.0007061851
1.0225413e-06
2.1398391e-05
6.6975176e-06
0.00044494093
0.95162994
3.2225748e-06
0.30513012
0.012483849
0.03320632
0.0365358
8.851332e-09
0.19504833
0.0001297425
1.52393e-06
0.005421891
4.8601272e-05
2.9260744e-07
0.9992758
8.542972e-05
4.0018728e-07
0.020926649
1.1559895e-07
7.379141e-06
0.028001485
0.99997646
6.61414e-05
4.9506136e-05
0.00019882603
4.331928e-07
0.98117876
0.9997202
0.019024994
0.0011956732
7.5531316e-05
1.3844935e-05
0.09001594
0.0003318201
0.0006564207
0.008924904
1.0
0.0004927518
0.0014156374
3.5248584e-05
0.07892098
1.0
2.3234692e-05
0.0007619653
0.91172665
0.0021328076
1.9750545e-05
0.26775926
6.0679504e-06
0.66670495
0.26306808
2.9078313e-07
