1.0
0.99999976
0.01161168
1.348372e-05
0.0011270129
0.000107673935
1.986513e-05
1.3956364e-06
0.9293114
1.2585424e-06
6.377181e-06
2.0456334e-06
7.549202e-07
0.004016858
1.7092077e-07
3.308046e-07
0.0077136634
4.943613e-06
1.225363e-06
2.2746034e-08
5.1842132e-08
0.00018841459
2.5054217e-07
2.365745e-05
9.2266214e-07
0.98294336
5.572538e-06
0.9802396
3.711809e-08
6.1364626e-06
0.00058784045
2.6476562e-06
2.6221656e-05
2.063869e-05
2.5840702e-06
4.1540762e-10
0.0007631607
3.1299842e-06
0.0003369822
5.0655875e-05
0.0045898226
0.00015300057
0.026533294
1.6728302e-07
6.679298e-05
6.1364626e-06
8.9222546e-08
0.029224258
0.00038578437
6.454346e-06
0.000147516
4.3103275e-05
2.192458e-06
1.6253678e-06
1.0853528e-08
0.99999696
0.00010297174
8.7961835e-06
3.5040966e-08
1.976089e-08
6.3325206e-05
1.4764561e-07
0.045042228
0.99630797
0.0017694429
1.3372246e-05
0.00050742686
3.6205254e-06
5.3188682e-08
1.3001974e-07
2.937454e-07
2.1951845e-08
0.00024150827
0.99999976
3.916634e-05
4.2524658e-05
1.9918784e-06
2.2280099e-06
0.00023428723
3.0717906e-06
0.9984391
0.99985516
6.924196e-08
1.1333903e-08
5.768018e-07
1.3201781e-05
1.547509e-07
7.000072e-06
0.00014923795
9.3763896e-07
5.657598e-07
2.8983268e-05
1.9058337e-09
5.052621e-07
2.4635884e-07
0.0002003515
4.923326e-06
2.7996409e-08
5.156306e-07
0.00018445784
0.01161168
2.5584794e-07
1.7145476e-06
7.186167e-07
3.3172373e-06
7.583637e-07
1.5447783e-06
4.8041766e-05
0.0010115332
0.45137694
0.0010073113
8.46955e-06
1.8415843e-05
2.2983018e-07
1.0814349e-08
0.00023575226
0.04830647
2.352669e-05
0.9761763
0.00052188267
0.00010800959
7.516184e-09
9.557948e-07
0.000561054
0.004042141
1.4805313e-06
5.7234697e-08
1.7221657e-08
0.59925693
1.430549e-05
9.527734e-07
0.00051287794
0.00043059443
4.267602e-06
7.80587e-08
2.3073807e-07
0.008495576
0.942716
3.1825217e-05
2.5432634e-09
0.56617063
0.8102819
0.0018810396
4.1447655e-07
6.3304747e-06
1.6504297e-05
4.5585807e-08
1.472728e-07
1.2011314e-07
0.85853374
4.1489773e-07
5.6555336e-06
0.9997978
3.8295137e-10
0.999984
0.00016045247
0.4538946
2.0456334e-06
2.6740017e-05
1.8205305e-09
2.1609459e-07
1.5433824e-06
1.6186968e-10
0.99990344
0.00034459602
9.8416805e-08
0.82502896
1.17179866e-07
8.561813e-06
1.0330665e-06
4.013518e-06
0.17109576
1.081406e-08
1.7140376e-06
1.0920896e-07
1.628964e-10
2.4786095e-07
0.0007626052
0.5404474
5.2530404e-06
0.04737485
0.9990384
2.666204e-06
9.231442e-06
2.317481e-07
1.339775e-07
3.8374194e-05
0.0023356802
0.00017901277
2.6476562e-06
1.3099358e-05
0.93713987
0.0123828165
5.67e-08
2.0873172e-06
7.490322e-06
0.45483953
4.861608e-07
2.5087731e-08
0.0004117429
0.0053609028
5.2373455e-08
2.8381888e-07
0.0005522093
3.7763973e-06
0.0004488285
1.265665e-05
0.99985516
3.3749708e-07
1.9416492e-08
3.252867e-07
0.022453682
0.4659465
5.8799986e-07
0.009288974
0.0002905653
0.000594159
7.250754e-08
0.04759712
0.65220124
3.308046e-07
3.7782814e-07
6.312798e-06
1.7919533e-06
3.8374194e-05
0.872909
0.13345456
0.999786
3.6205254e-06
5.855165e-08
7.1449394e-05
4.1059648e-06
0.005889614
5.023284e-05
8.628429e-06
3.34935e-06
1.327908e-09
1.6482932e-08
2.5054217e-07
0.00076316035
1.3001974e-07
3.5040966e-08
7.746155e-09
1.327908e-09
2.7839867e-05
2.4786095e-07
1.3677565e-06
0.9700445
8.628429e-06
0.04759712
0.0004488285
0.04396713
3.0054384e-06
1.2363766e-07
2.1472962e-08
0.12926261
5.1626404e-05
3.933852e-08
4.3103275e-05
2.3990633e-05
0.0006027274
8.278106e-06
0.17175537
0.006696821
6.587333e-07
9.68897e-08
5.302823e-05
1.1362424e-07
6.171313e-08
0.00013547143
1.4534759e-06
6.876211e-07
1.1233749e-06
4.7828044e-06
0.989344
1.8524333e-09
3.2289645e-06
0.17853391
3.8409962e-05
2.792197e-07
0.0004908288
0.035660263
8.4159865e-07
8.955807e-06
0.00046108497
2.4237428e-05
1.1935352e-08
0.13397351
1.4993837e-07
1.8490242e-08
4.1971173e-09
1.1241711e-06
0.9408207
5.22142e-06
3.08101e-07
0.0003716578
0.9982761
0.0023131513
1.2376665e-06
5.8949954e-06
