0.20616831
0.9999697
0.0010572567
3.9948285e-05
2.1129443e-05
0.002361637
0.13557062
0.00028607596
5.3091935e-07
0.041728325
1.5028145e-05
0.994754
0.003432532
0.9928409
3.8001574e-05
2.498302e-07
0.99926096
0.0011440373
9.619271e-07
0.0001703561
0.0001721615
2.3119183e-05
0.012255565
0.049679894
0.00032998595
1.2410574e-05
1.3991804e-05
0.0012016258
0.00222936
5.381152e-06
0.0006069089
0.00012015435
0.002195718
0.93963605
0.0001703561
0.7111499
2.3119183e-05
2.1920293e-06
1.875091e-06
2.7983682e-05
0.0005131297
0.00062133215
0.0018539804
0.0030326494
1.0230454e-05
0.94581884
3.0820946e-05
1.5838758e-08
0.008571519
0.12715934
0.11972717
3.0381058e-05
6.7381545e-05
0.0013076713
0.006547035
0.14131016
5.6994213e-05
1.9465235e-06
1.46154725e-05
1.6624037e-06
0.002086393
0.00060579996
0.00011922509
0.000831304
0.008156781
0.00010211244
1.2704211e-05
2.828378e-07
3.6355807e-05
3.5693947e-07
0.00409479
0.00074275554
0.052130982
0.9399631
0.00010482719
0.99890536
0.00010766973
1.1400231e-05
2.1007803e-05
0.0042479336
0.5179261
1.966018e-07
0.98975265
0.00045499636
0.9552646
0.010935852
0.30607155
7.4624324e-07
0.006902187
0.003553164
8.906083e-07
5.0095116e-07
4.219315e-06
2.3380603e-06
3.4930094e-05
0.9642668
0.8349989
0.0018899165
0.00040725485
3.7796846e-09
0.00062133215
0.005634092
0.0009000564
5.293869e-07
1.6840183e-08
4.1262694e-05
0.99768376
1.5077026e-08
0.11972717
0.9999919
0.9998552
0.21505259
1.3518626e-07
0.00050631905
2.2269605e-06
0.046103474
3.9780602e-08
0.02243343
0.9689912
0.0032554592
0.0004653672
0.9538163
0.9083714
0.29110786
7.710639e-05
8.4388995e-07
0.10783039
0.0009970152
0.00044394785
0.08485316
0.011697672
0.00081305666
2.3718876e-05
7.3332403e-06
3.3393053e-07
0.000227227
0.0001050268
7.092222e-05
3.4954198e-06
6.2534504e-08
2.3757835e-05
0.30607155
0.99999976
3.2786404e-06
0.769598
1.5077026e-08
0.00039129466
1.3991804e-05
0.0542425
0.0031550364
5.288228e-07
0.0012761567
4.5070443e-08
9.3105314e-07
0.0053458894
1.3053651e-06
0.0019679028
8.5437506e-07
0.0008732566
6.2469053e-07
0.005634092
0.38699368
6.7381545e-05
0.104432784
0.0001050268
0.6364563
7.282238e-05
0.000116805015
5.5699598e-08
1.736357e-06
0.9999946
0.08485316
9.7225325e-08
2.3757835e-05
0.008446091
0.00829174
8.554531e-05
4.2448846e-08
1.0230454e-05
0.9704598
5.292302e-06
8.348776e-05
3.496275e-05
0.060404208
0.00061543257
4.0660825e-06
1.7524304e-05
0.0045821737
0.027888265
5.437296e-07
1.5282876e-05
0.02500918
5.3167864e-06
1.0794319e-06
2.1920293e-06
9.3199715e-06
1.0777842e-05
1.1400231e-05
1.0480543e-05
0.047139898
0.00023689239
2.489614e-05
0.0006038693
0.9538163
0.0005084503
2.1714563e-08
0.379117
0.010935852
0.004889116
2.1532946e-05
1.2874457e-06
2.1840477e-05
0.005909091
0.95318097
6.897885e-07
1.7884056e-06
0.00015947568
0.9997169
5.976213e-07
0.011746593
0.0018539804
6.344142e-07
0.38541195
2.3140396e-08
0.9935392
0.9842749
6.111246e-08
7.1625334e-05
1.3398083e-05
2.5447068e-06
1.7844105e-06
0.00055631204
9.612796e-07
3.7836394e-08
0.0004305456
3.997093e-06
0.002146221
1.294568e-07
3.4930094e-05
0.81334966
0.99440783
0.00060579996
0.9998324
0.0004653672
0.0008119054
2.2965148e-06
0.9992371
0.028479723
1.7509303e-06
8.5437506e-07
0.000116805015
0.5240644
1.9429633e-09
9.689996e-05
0.00010101216
0.0005131297
1.0898169e-06
2.1714563e-08
1.3629972e-06
0.001992905
0.04794008
0.0046017133
0.035076078
0.63180804
0.00023938905
8.2664264e-05
0.0006456231
0.9825302
1.7509303e-06
0.00015113068
0.00051387714
4.157124e-08
0.104432784
2.8451075e-07
0.026910169
0.000831304
0.00060579996
0.00026391807
0.72429866
9.590838e-07
3.7096578e-07
0.055739745
0.00035408663
7.989334e-05
9.59215e-05
8.337785e-07
4.2663405e-06
0.4411275
0.0042377263
0.0060190214
0.49909317
3.756025e-06
0.9934531
1.925553e-06
1.0362717e-07
0.94306344
0.9572046
0.00013276818
0.0023096653
3.0022413e-06
