0.86663836
0.07154754
0.9999177
0.72902703
0.33000615
0.036153283
0.9999175
0.12046367
0.9891599
0.99938387
0.083787575
0.77968866
0.9999993
0.97413975
0.0014102416
0.0129245175
0.9910015
0.9607657
0.88796604
0.08286273
0.051580157
0.9899265
0.8286782
0.85587907
0.014273881
0.9999139
1.0
0.30515686
1.0
0.42708132
0.9852327
0.040346157
0.7898246
0.41487193
0.0046127723
0.016682107
0.3998933
0.13184807
0.80197376
0.9255314
1.0
0.9886831
0.0015452794
0.9420298
8.843825e-05
0.4310301
0.57284075
0.025184378
0.99062127
0.0008349458
0.9999993
0.0005302267
0.97233796
0.9657014
0.66890055
0.7795163
0.9255314
0.99999875
0.2285491
0.99999946
0.08324017
0.9420298
0.9921926
0.9999319
0.5848872
0.1601891
0.9436857
0.9999897
0.9866975
0.73032254
0.9938756
0.010448473
0.9067228
0.97983706
0.9626417
0.45245677
0.9985315
1.0
0.9991292
0.9862077
0.091340266
0.90245444
0.9840572
0.66406775
0.111301325
0.99999946
0.17645627
0.99999994
0.99853766
0.3266487
0.97413975
0.0005974481
0.99999994
0.00013963462
0.1751616
0.98459727
0.045200586
0.06873023
0.9999992
0.013496161
0.9987833
0.909253
0.9699815
0.082519226
0.510222
0.08591401
0.9975119
0.9886023
1.0
0.9310017
0.99877024
0.8434878
0.9956368
0.00028005632
0.9420298
0.811143
0.0021466876
0.6333954
0.21000086
0.9999913
0.14168441
0.81982875
0.43675905
0.8853604
0.99999994
0.9444558
0.19504085
0.9243315
0.9999982
0.03391119
0.99780864
1.0
0.15845838
0.78197896
0.017952846
0.99999994
0.9999904
0.18433143
0.5299575
0.73752606
0.055075053
0.90098476
0.33936667
0.19576384
0.83184344
0.0008946898
0.17645627
0.85100406
0.998153
0.0711706
0.7692558
0.99389887
5.7449033e-05
0.046187133
0.9999999
0.11233218
0.9994211
0.014587562
0.007757808
0.09122445
0.31724066
0.99975646
0.75816375
0.052228164
0.99999
0.047939274
0.9977521
0.0678569
0.97222346
0.040374473
0.99587107
0.55079687
0.006601485
0.9999999
1.0
0.6216406
0.99769396
0.98459727
0.021183634
0.13464957
0.9494302
0.047939274
0.9995266
0.15090954
0.9969955
0.87923896
1.0
0.0893943
0.109842725
0.13999127
1.0
0.99445134
0.19161409
0.930539
0.9182374
0.77143216
0.99999636
0.91025126
0.9777457
0.020766078
0.510222
1.0
0.9833346
0.05693849
0.16411698
0.0031748945
0.15930629
0.99998033
0.9964672
0.0045265835
0.9999319
0.44531527
0.99997485
0.7534752
0.9631298
0.99905115
0.99999946
0.8983102
0.9115103
0.96466297
0.9626418
0.99996775
0.035204202
0.9999599
0.33702394
0.99999696
0.05803984
0.99587107
0.54388374
0.029030548
0.9767577
0.072217405
0.24240296
0.9914387
0.81748205
0.7795163
0.087519966
0.42800885
0.033117615
0.99996614
0.39989346
0.9998721
0.007239995
0.792094
0.031021807
0.99999875
0.9999984
0.7221486
0.06785075
0.08260609
0.2285491
0.4160442
1.0
0.0010952955
0.9999897
0.2236582
0.9396326
0.9444558
0.07154754
0.37207782
0.9999999
0.9999123
0.22474337
0.82854825
0.9999686
0.9805988
0.8614649
1.0
0.42591774
0.11615066
0.03568999
0.031021807
0.11675556
0.9958611
0.03597193
0.0021874749
0.92612123
0.2096408
0.8844106
0.9997801
0.9999776
0.9099121
0.9838053
0.99967426
0.23550037
0.9724465
0.3530531
0.9950687
0.67079806
0.008089409
0.009588138
0.12046367
0.95631254
0.021689162
0.9960274
0.99792784
0.98645824
0.00033074184
0.9961922
0.99595195
