0.13655065
1.6719669e-05
2.5006668e-05
0.89673346
0.0004851179
0.99635863
2.1536456e-08
0.059873182
0.0020496792
0.887755
3.820322e-06
0.0009760458
0.022570333
0.0007146424
1.4461122e-06
0.00058358465
1.0227211e-07
0.0004810615
0.00021419469
2.2287756e-08
1.6801843e-05
3.9347374e-06
0.0013716435
0.016103668
6.1441865e-06
0.9977282
2.2957382e-08
0.00023255732
7.503489e-05
1.3932472e-05
1.6801843e-05
1.1596879e-06
0.0022630622
0.0019916233
2.416989e-07
0.00012435169
0.00072997133
0.00012144423
0.93502015
4.6915407e-06
0.9990545
0.0004114329
3.0221892e-05
1.07993845e-08
0.0010597793
1.3241651e-05
2.324333e-08
3.4100938e-07
0.8648613
0.03727069
0.06365443
0.00043996747
1.6386048e-05
0.00058562873
4.9977206e-07
0.0002627228
0.00047110478
5.299668e-07
2.005897e-06
6.4055357e-06
1.3300793e-05
0.99898434
0.00039400993
0.00010708558
2.333574e-06
5.543199e-07
0.93476945
0.9603363
1.4125731e-08
0.9990545
2.995976e-07
4.460105e-07
0.00022534114
1.0129122e-05
1.8034e-08
0.00033218786
1.6924424e-06
8.0759116e-07
8.370145e-09
0.0035686316
0.0016214981
0.00081070786
6.436961e-05
8.5988614e-07
3.076388e-08
6.2150247e-07
2.3372682e-07
8.449574e-06
2.558122e-05
0.6904896
2.2835712e-08
4.608228e-05
0.003137716
9.03076e-05
0.0005444706
0.00034902993
1.2441619e-07
0.15293482
2.6948528e-05
0.99898434
1.441586e-06
6.791718e-05
6.420146e-06
0.00010643668
3.1632833e-05
1.7792515e-06
0.00081589486
6.1489577e-06
3.542549e-08
0.03262813
3.454788e-08
0.0010235821
0.011697672
5.302155e-08
9.1500533e-07
1.6018643e-05
2.8471106e-07
1.9216406e-05
0.00040533108
8.974572e-05
3.454788e-08
3.1306274e-07
1.262417e-08
0.0036796834
0.2703209
0.020597244
6.1441865e-06
0.99825424
0.00031783982
0.042933084
8.827529e-08
0.036581445
4.668937e-08
0.006738112
3.5666383e-07
0.54643387
0.0006136877
8.5260435e-06
0.005687444
2.5967555e-07
2.2993234e-07
2.1340028e-07
3.2524986e-05
8.8520615e-08
0.00063934585
2.8710477e-07
9.350511e-09
8.194111e-06
6.101147e-05
9.671743e-06
0.999971
1.7106474e-06
6.341614e-08
0.00014341048
3.0901174e-05
3.4619494e-05
9.671743e-06
0.6773311
2.8876173e-09
1.4779252e-05
2.5383997e-07
4.7521684e-08
0.095643684
0.16823846
0.99592906
0.9755621
7.109779e-07
6.705985e-07
0.99997354
0.00070274377
6.320409e-08
8.669387e-05
9.874762e-06
0.83749825
0.0018819745
6.9451e-05
1.7035305e-05
0.0010235821
1.005229e-06
0.0020570396
7.144694e-06
0.00018982038
0.00017751868
1.2676152e-06
1.8962007e-08
2.4789979e-05
5.2696887e-09
0.00661412
3.94759e-09
0.12974443
0.00039447576
0.72259206
0.9901248
0.0006100313
0.99446905
0.96633446
0.087829664
0.013810696
7.558601e-05
2.1682627e-06
2.051868e-06
0.0002709528
0.00047827562
3.7644593e-05
0.009078322
4.230514e-07
0.0035062397
0.00027475916
0.00027470203
0.002587344
1.8307888e-07
3.820322e-06
2.1965385e-05
1.6019017e-07
2.0575557e-09
1.14567946e-07
0.0014291076
0.9983379
4.0344244e-06
1.7449405e-08
0.036632225
0.00044592307
3.1306274e-07
0.035512827
6.1489577e-06
0.99987006
6.112067e-06
3.0424127e-07
0.0020634474
5.783965e-05
0.96267456
0.99935853
1.6527247e-05
7.358927e-08
1.5369958e-06
9.4052086e-07
0.0006913313
0.6317431
3.820322e-06
3.422148e-07
9.801553e-06
1.2186654e-05
0.019578218
7.0085284e-06
0.9695912
7.571135e-07
1.674843e-06
0.000121045705
0.002086851
1.810761e-07
0.00022534114
0.0016774469
0.54643387
0.96386963
2.5427818e-05
3.7265752e-07
4.012257e-05
2.7469948e-06
6.922546e-05
0.0020496792
1.6809024e-08
0.0059944117
0.29140413
0.87712556
0.0027692467
0.9999999
5.2357213e-05
0.9997393
2.084333e-05
0.0487834
0.8837765
1.2374895e-06
1.2152625e-06
0.9589515
3.7873943e-07
4.821332e-06
2.5383997e-07
3.454788e-08
2.426968e-06
5.0598635e-07
1.4779252e-05
8.951989e-07
3.859122e-10
1.451614e-09
1.8257025e-06
0.0001740529
0.9886309
1.3722506e-07
0.0059295455
0.45722714
3.0425479e-06
1.8646411e-06
3.530295e-05
6.678164e-05
2.443133e-06
3.704369e-07
0.83749825
0.9997393
2.030284e-07
0.0020295233
