0.026896313
0.25084278
1.0
1.0
1.0
3.7289494e-10
7.5105254e-07
2.1627952e-07
0.0001133262
0.020119611
4.532415e-08
0.9999572
1.9904353e-06
0.999999
1.3447432e-06
5.3456165e-07
4.566682e-05
2.7694465e-05
1.295298e-06
4.3641838e-05
3.3667472e-08
0.0008990292
3.8415746e-07
1.2191002e-05
0.00047318178
0.9977013
0.0099571925
4.3411382e-07
2.0470701e-05
2.7790572e-06
0.11443548
3.5424528e-09
7.0505615e-05
0.021519715
3.3573565e-07
4.9495577e-07
1.4732509e-06
0.017299399
5.739458e-06
0.031414304
0.021566223
9.786138e-09
9.044722e-05
0.00012282639
0.7291882
1.2480147e-05
0.22817868
2.2802018e-05
0.02432949
8.713444e-06
9.145695e-08
5.4116754e-06
3.3547217e-08
1.8601689e-06
0.0018199249
2.3431892e-07
2.2932163e-09
0.71432376
3.1009893e-08
0.00560642
1.5838561e-05
0.0002456134
0.9985632
1.219459e-07
1.605077e-05
3.3499314e-06
5.3942645e-06
6.153893e-08
0.9994657
0.00019688613
8.650212e-05
4.974949e-05
0.015194057
4.4360146e-07
0.0001498644
2.9163734e-06
0.99611974
0.00019218828
3.3487653e-05
1.9870365e-06
1.9316556e-06
0.016106207
1.4699892e-06
1.253174e-07
0.00028887842
0.0001381264
1.0707287e-05
8.885824e-06
3.5089326e-07
0.00030125503
3.6608764e-08
1.667397e-05
1.661372e-06
0.02910226
1.8249087e-06
2.5239207e-05
0.002859944
0.041725103
0.031425986
2.9059844e-08
0.99864835
0.00033718947
0.42343304
0.042575262
0.0022847415
5.273309e-06
0.9690423
5.273309e-06
3.2948472e-07
0.00020090128
0.6291624
3.918546e-07
0.07828147
8.2083176e-08
5.3942645e-06
8.0149306e-08
8.576168e-05
0.0003245918
0.0010579858
0.00017330701
0.97216284
0.14905114
7.827539e-07
0.022078002
2.0085474e-05
4.9378268e-05
2.1627952e-07
0.009244863
5.6313667e-07
0.001192906
1.2883272e-07
4.5432143e-06
1.8249087e-06
1.5416552e-05
0.0007801032
1.8931887e-06
0.051419023
0.18434069
1.52504235e-05
0.9848544
2.0783872e-07
5.4260244e-07
0.00013987742
1.7347586e-09
0.00016638364
0.0075442595
0.007927254
0.020119611
6.153893e-08
0.029780222
1.7210317e-06
0.003181608
5.093104e-07
5.571437e-07
0.9933623
8.672324e-08
8.047242e-06
0.65155566
0.00021532191
0.9999572
1.9809893e-06
1.0874023e-05
8.356286e-08
2.9331673e-10
3.522986e-06
8.3256895e-09
5.4407474e-06
8.793416e-08
3.0347178e-06
0.002166398
0.75169414
0.70269454
0.0008107125
5.488552e-06
0.9987725
1.4769909e-05
0.00015841401
8.17146e-05
1.0300674e-09
0.99894613
3.1491104e-06
8.786371e-05
3.9434158e-07
3.522986e-06
0.0034130611
3.3667472e-08
0.9831393
3.5296205e-07
2.2935294e-06
5.9781512e-05
9.1477246e-05
0.00029757802
1.2381529e-06
9.419783e-06
8.21418e-06
4.778641e-10
5.6313667e-07
0.99999833
0.0006879436
4.359116e-06
0.74084026
1.7792888e-06
0.00012726881
2.2482209e-06
0.9933623
5.744257e-09
9.345002e-05
7.288616e-05
7.8789384e-07
0.00029397343
0.00016220055
4.1324726e-09
2.0045385e-05
1.4699892e-06
1.9543227e-08
5.870742e-08
1.9706245e-07
5.635935e-06
0.008974836
2.9140548e-08
1.8931887e-06
7.807932e-06
5.909071e-05
2.9059844e-08
0.27719852
0.9630671
0.9999521
2.2687252e-06
9.417879e-06
0.00020621886
3.6529457e-08
2.6998376e-07
0.00012884226
6.3736145e-05
0.9999196
5.0597185e-07
0.103263944
0.038436465
3.8169294e-09
8.4707746e-05
8.865054e-06
1.05873994e-07
0.004405926
0.00013493821
5.909071e-05
0.18825224
2.0227787e-06
3.6876336e-06
1.3916396e-07
1.1251493e-05
9.419783e-06
0.00022161893
1.1646262e-05
1.7236323e-05
0.07306342
6.0069146e-07
1.3444928e-07
3.9802913e-08
1.1436506e-06
1.5154083e-06
0.008127668
6.703371e-06
0.04016084
1.1233567e-06
9.586517e-06
6.703371e-06
8.786371e-05
6.5382126e-09
0.00041614464
0.0031766288
1.605077e-05
0.0003013653
3.5296205e-07
2.339413e-05
0.07647652
0.00013744479
3.7846792e-07
0.00019801421
1.605077e-05
3.922049e-07
0.00017930215
9.166822e-05
0.00010137112
6.803286e-07
0.016106207
0.00013597927
0.00013016457
1.645225e-07
9.2845954e-07
0.0023550908
1.2995269e-09
0.82509667
7.740559e-07
0.23442213
6.44979e-07
5.5334466e-09
4.224606e-06
6.9940245e-09
0.67924005
6.8268264e-07
