0.69522697
5.620974e-07
7.453951e-06
1.2088671e-08
2.046133e-08
9.1621735e-07
9.1621735e-07
6.313045e-05
9.09313e-08
8.1755447e-10
0.000892014
8.8259435e-09
4.9631325e-08
4.898854e-06
0.00023327283
4.094886e-05
0.2239596
4.766673e-09
4.3825986e-07
7.945991e-07
1.2348154e-09
1.7034846e-09
0.9999553
9.267879e-08
6.8412823e-12
9.837941e-09
3.8350179e-10
4.626102e-09
0.05272356
0.0015185067
3.9925787e-08
0.0011677219
1.389009e-07
3.1500647e-05
2.0578814e-09
1.4819064e-08
8.657149e-09
0.9945315
8.601764e-09
3.2176507e-07
1.4267966e-06
0.6517173
1.8592767e-05
1.3606642e-05
2.7815215e-09
0.00031458787
9.891032e-10
0.9967419
1.8664611e-08
4.425185e-07
2.2073833e-10
0.026947796
8.290004e-09
4.8535975e-10
0.7710793
3.84019e-07
2.6013116e-09
1.2610405e-08
8.369794e-09
0.0020651154
1.06351445e-05
0.00037231206
5.274757e-09
0.17720933
1.6457852e-06
0.00063624064
2.7631095e-09
1.0159794e-09
2.3305067e-09
8.1036924e-05
6.1562524e-08
3.0953269e-09
1.0183901e-07
7.13583e-10
1.2299723e-06
7.404184e-05
4.094358e-09
2.6033367e-09
2.4258678e-05
4.3560547e-05
1.8276419e-09
4.288721e-10
1.6293237e-07
3.8350179e-10
2.2888642e-05
1.1675449e-08
1.5866218e-06
9.463691e-09
1.2933827e-05
1.86531e-06
2.4321938e-08
6.135633e-08
2.9693707e-08
1.7846082e-07
0.00028155316
6.0583214e-09
6.8812205e-09
0.018161008
3.2475913e-07
0.000687572
2.2228971e-06
6.05621e-07
0.37488487
2.5210372e-09
2.2514081e-07
8.264629e-05
2.3992186e-07
3.3644603e-06
2.4789688e-07
7.264444e-07
1.2798174e-05
0.003365416
0.033143457
8.951496e-05
0.0023322918
0.00011236175
2.20822e-07
0.01964786
3.5392848e-06
7.715205e-09
0.00034138584
2.0319715e-09
2.1363713e-09
1.0025283e-08
2.3627803e-05
2.627487e-12
2.3922048e-05
1.9735031e-05
1.0631586e-09
1.6394566e-05
1.3285097e-07
1.8407049e-09
7.633239e-08
5.0709836e-08
2.627487e-12
4.6077712e-05
2.1482514e-07
6.4005716e-09
0.0034347186
5.1836682e-06
2.6734978e-10
3.926963e-07
1.7269039e-10
1.3502905e-07
0.00012786094
2.625113e-05
2.9473406e-09
9.787735e-07
3.3791876e-09
9.869257e-08
4.3976495e-10
2.897763e-07
9.787735e-07
3.5577654e-05
4.2361332e-08
3.4488081e-09
0.9314663
4.2275457e-07
1.0644794e-09
0.95083696
4.3560547e-05
1.5444808e-09
8.580351e-08
2.2705851e-08
2.6081748e-06
0.00016236582
9.267879e-08
2.9830115e-08
2.844657e-07
4.2450312e-05
8.5323575e-11
0.0016811194
2.2087333e-08
6.788004e-07
3.5838838e-08
9.208038e-09
1.3475904e-05
0.0013741904
0.54136693
1.1088767e-05
1.7628333e-09
2.4019696e-08
2.527833e-07
4.3976495e-10
1.6991744e-10
3.7838348e-07
1.6064009e-06
2.9830115e-08
3.690303e-10
4.8535975e-10
1.5134007e-09
6.09782e-05
0.00053935393
4.425185e-07
1.9735031e-05
0.00014264321
0.77064234
3.4397556e-06
1.640237e-05
0.00012794901
0.99703085
1.1732613e-07
0.052909493
9.891032e-10
6.5959305e-09
3.4488081e-09
2.844657e-07
0.01964786
1.2622097e-06
1.9849631e-07
0.9945315
2.6842924e-06
4.3230854e-09
5.4044216e-07
1.4267966e-06
6.925068e-08
2.3855338e-07
1.84636e-08
2.2906708e-10
0.052909493
4.7731533e-06
3.4777764e-05
6.2439726e-06
7.0730946e-09
9.0929706e-07
9.699617e-07
4.5785223e-10
2.6707584e-08
3.0224012e-09
4.7143153e-06
4.1179162e-09
0.00048035217
5.7711325e-08
4.7143153e-06
0.9713993
3.3494393e-06
2.2250024e-05
4.815905e-07
2.4583852e-07
3.1713444e-07
2.1422955e-05
1.0877205e-06
9.278267e-07
6.925068e-08
1.5291892e-08
0.018660372
2.4583852e-07
5.667639e-05
1.1644358e-08
2.5545055e-06
7.8375235e-09
5.4113265e-05
8.905576e-12
0.49579525
4.8703134e-07
7.493056e-08
2.7667627e-10
0.00048035217
2.2739142e-07
1.4411888e-06
4.610786e-07
1.1693674e-09
1.5735955e-08
6.58199e-10
1.5922485e-06
0.014542725
7.160405e-08
2.151688e-11
0.0014763022
8.6221087e-07
7.719579e-07
5.1185406e-08
2.6033367e-09
0.08140128
5.300272e-09
2.3756697e-09
7.505872e-08
0.075345665
2.416516e-10
3.7838348e-07
2.6973955e-06
8.555298e-08
1.75354e-10
0.0015050927
1.0573758e-05
1.2819554e-07
1.0997568e-07
5.109527e-06
8.647635e-11
0.0055508437
6.016431e-08
1.2795806e-05
0.001639255
5.1430343e-06
1.5583403e-10
0.0015572209
0.00432369
3.168707e-06
0.00034138584
6.144953e-09
