1.0
0.99979806
0.99996006
0.99999785
1.0
0.039369475
0.742111
0.92060846
0.9628097
0.99999964
0.92395586
0.99466056
0.9999995
0.99999994
1.0
0.9222002
0.9999998
0.9999985
0.99988407
0.99999994
0.9999999
0.99999964
0.9908461
0.9999998
0.99755645
0.99999446
0.9999986
1.0
1.0
0.99988294
0.00026982726
1.1034153e-06
3.3858928e-08
9.85631e-07
3.184838e-05
2.4808944e-06
0.578711
0.00025907104
4.1757833e-08
1.7130593e-05
0.9991662
3.967959e-07
4.491651e-05
0.006936023
6.639733e-05
0.00092632
0.00063218694
0.27966797
8.578589e-07
5.6503406e-08
1.299931e-07
0.00024304022
1.8248502e-05
0.0021123658
8.29771e-07
5.008236e-07
0.99081284
2.1330557e-06
0.00087034126
0.9594298
2.8201408e-05
1.6159413e-07
0.00046715568
8.739492e-08
1.0178517e-08
1.9566035e-06
0.009959854
0.00015935833
0.9997567
0.12909876
0.0019085276
2.262199e-08
4.998363e-06
8.1543783e-07
4.2541245e-08
1.8933151e-06
1.2936072e-05
0.93352324
1.934585e-06
0.9996705
5.076519e-08
7.8606575e-08
1.7833841e-05
0.00032299646
0.061394334
0.015302432
6.6940174e-07
0.0014804559
2.0712709e-05
0.0036683031
1.1072323e-06
1.1255399e-05
2.5577274e-08
1.2705931e-05
8.55269e-06
5.4311993e-05
0.0010056994
0.21235342
0.00011216488
0.00037548423
9.611983e-05
4.70014e-05
2.163965e-07
3.937712e-05
7.346978e-08
2.695922e-05
0.0011152884
2.0197266e-09
3.280492e-06
9.49743e-06
6.9852846e-05
2.6146748e-07
4.8197875e-05
0.18640412
0.00011206033
0.0003898764
0.0005664982
2.636453e-05
7.3266584e-08
0.009959854
8.901779e-06
3.3200704e-05
9.4997256e-07
0.0008730997
0.8966244
0.09633679
0.0031746547
2.2147335e-06
0.86854523
0.0008743177
1.3637777e-08
0.00025541594
1.3838876e-05
3.6754611e-06
5.0094466e-09
0.00026304414
0.80236995
0.27332503
0.0067907036
1.102859e-05
0.00010985728
8.260435e-07
1.8553535e-06
1.5996011e-07
1.9772255e-05
0.11436187
2.1330557e-06
9.1964716e-07
0.86854523
0.000114135226
0.00032299646
1.2851597e-05
2.668366e-07
3.417447e-05
5.5652094e-06
6.497193e-06
3.0882376e-05
8.997841e-07
0.0013830931
0.6682586
0.0004684435
4.7333532e-07
0.18003795
0.038632497
0.9999973
1.0
0.19359629
0.002322124
2.603227e-05
0.013127658
4.8886845e-06
3.9661012e-05
2.4734227e-05
0.77800804
9.654046e-07
0.00048851
0.0014349902
3.9661012e-05
3.0421313e-07
0.0003377826
9.611983e-05
0.98068327
4.8695604e-08
0.03697966
2.0357295e-06
1.496312e-08
8.974615e-09
3.1259392e-06
6.4631946e-05
0.012789484
0.59585524
2.771091e-08
0.98666734
0.00092598336
0.00012305264
0.00092598336
0.0029018342
4.1048647e-06
3.1105942e-06
7.941158e-07
0.00015815473
6.1874186e-07
3.6754611e-06
7.316875e-07
1.4632474e-07
9.774875e-08
6.271008e-08
1.3069222e-06
0.00014792194
0.006098516
0.00010397233
5.713872e-06
1.5298549e-07
0.9960951
3.4221415e-07
0.007110035
2.3508942e-06
1.2368307e-09
4.0423552e-07
2.9067445e-07
4.8137004e-08
1.36583985e-05
4.519372e-07
0.005473649
3.2129333e-06
0.12306269
3.3138233e-05
4.591076e-07
0.20826851
3.9107228e-05
1.210445e-06
1.2496573e-06
0.98953664
1.3017947e-06
5.564498e-05
0.002090003
0.00029447948
7.7827826e-05
0.93352324
0.00017394059
4.7131728e-08
0.00017362987
2.0501398e-07
0.00023278891
0.023390738
7.3266584e-08
3.5963817e-06
2.3951989e-08
0.038871508
0.006936023
0.00024117876
0.9488021
0.9594298
0.00024429802
0.93352324
0.00071228447
1.7215656e-05
7.750407e-10
3.2189996e-06
5.480312e-07
0.11436187
5.076519e-08
7.308135e-09
0.00046715568
0.9991136
4.7272763e-10
0.0001033687
0.013127658
0.000105557825
4.025303e-05
6.925147e-08
3.8302733e-10
2.3649065e-08
0.0013453695
3.1586293e-05
1.8548687e-06
0.9789155
1.8994773e-07
6.116972e-08
0.8844085
0.0035423064
8.970782e-05
1.535702e-07
0.011285477
8.997841e-07
0.00014839506
0.6809211
0.00018196207
2.5661282e-06
1.9042874e-07
0.83734536
0.0009205693
5.3865433e-06
2.4604597e-05
1.224732e-06
0.0029018342
5.445251e-07
2.240821e-06
0.46293962
0.0003095634
