0.08650481
0.9942305
1.0
0.012099041
0.0002877605
8.470366e-06
0.00014939472
0.00010217916
1.0403675e-05
1.10584836e-07
0.0006924275
0.0019185744
0.7093829
0.35419413
0.022663353
1.262586e-05
0.0005989464
0.0012875343
0.9998285
5.137642e-05
0.00013203922
3.8837076e-08
0.86233693
2.7540563e-07
2.733114e-06
5.917616e-06
0.00038634654
1.776744e-07
2.231494e-05
0.000320664
4.616238e-05
7.865381e-08
2.1455156e-05
6.776775e-08
0.8831431
2.6265033e-07
0.0015525351
0.00013037474
5.4670534e-07
4.2211586e-06
2.0797384e-05
9.782792e-06
0.0002447713
8.9020636e-05
0.053875014
7.837287e-06
1.6966716e-07
0.420626
7.903306e-07
2.7652108e-05
1.3876467e-09
0.00025030295
0.013189943
0.00012937965
0.99971193
4.9320346e-07
2.2185843e-05
2.2729202e-05
0.000519921
0.7351987
1.8614592e-05
0.00278065
4.652687e-06
2.7296912e-07
1.6489243e-07
1.1702955e-07
0.0449499
0.013355047
0.06340521
0.0006291137
0.10772168
3.218244e-09
7.077698e-06
0.00019859771
0.0010045924
0.9019666
0.00020727428
0.075788446
3.8490107e-06
1.262246e-08
0.00021550102
0.0013832906
4.3633418e-06
2.0926009e-06
8.626689e-09
0.0024154512
0.97730774
0.0040832674
4.491822e-06
0.00015908989
2.5107502e-08
4.979357e-07
0.10183904
9.3272035e-07
2.3383067e-05
5.023701e-05
3.0932395e-05
3.1488145e-07
2.2889878e-07
2.3497189e-07
2.1560129e-05
2.925594e-08
0.00025030295
0.87369335
6.2685325e-07
1.4608048e-06
1.1436637e-06
0.00012817564
0.0011710966
0.00019371307
0.40923485
0.000106302796
2.0840014e-06
4.1343615e-06
0.07620918
0.9999497
0.00034388978
5.0086277e-07
4.979357e-07
0.017685968
0.3154079
1.10584836e-07
0.00039938287
0.0008856133
3.563338e-09
4.4734225e-06
0.7445366
6.245845e-08
2.0797384e-05
5.7104255e-09
1.01922176e-07
0.17602663
8.477001e-06
0.00085118425
2.8059577e-07
0.00015908989
2.2539296e-05
0.00013416698
1.0566903e-05
2.1455156e-05
2.3927703e-07
0.00064748374
0.9999098
1.8899598e-06
6.431646e-07
0.05267829
0.056753885
0.019406494
0.00036071037
3.563338e-09
1.1194318e-06
1.790084e-05
0.0002723763
0.007970436
1.3593349e-07
1.71152e-08
0.00013203922
4.755388e-06
0.011376073
1.5139583e-05
0.0002921935
1.1580259e-08
2.0398791e-05
0.0006924275
2.925594e-08
1.1055167e-06
2.9793224e-05
0.9965845
0.9403022
0.99723184
2.8291593e-05
0.00057331
6.578644e-07
0.0001346702
0.99988824
0.022025237
3.0801846e-05
0.958235
0.07650542
3.9263126e-05
1.5139583e-05
3.6428894e-05
2.7296912e-07
0.00013079125
2.1769629e-05
0.00017243471
1.807471e-07
0.00077173987
5.8835494e-06
0.7332156
1.0039472e-05
6.6752e-06
0.0018388027
0.9984527
0.0002549517
0.47643247
1.2435737e-05
7.0769404e-09
0.0009985513
7.384066e-08
0.00014588525
0.0022618114
4.9981963e-08
0.0019185744
2.5788634e-06
1.7530288e-05
0.00062923005
3.918594e-06
0.999415
0.00035959008
4.089302e-06
6.431646e-07
1.95944e-05
0.034867335
0.09239874
0.8885793
1.262586e-05
8.631927e-06
1.5172606e-07
1.1650023e-08
1.3859448e-06
0.0003211786
0.0013832906
0.0003056574
1.3598613e-07
3.0440583e-07
0.9158273
0.99995667
2.9021956e-08
0.9742338
0.03274076
2.518108e-06
0.0017111932
0.0012942645
0.00017335065
0.13831443
0.00012762488
1.6252725e-08
4.2415468e-05
2.1148443e-08
0.90406275
3.0932395e-05
5.7104255e-09
8.304113e-05
0.8525942
0.8219124
6.963373e-08
0.0002921414
5.6789297e-05
0.0098949615
5.010036e-06
1.1811746e-08
1.4616675e-06
6.5479986e-07
7.0810047e-09
3.3852797e-07
1.4273913e-07
2.6649025e-07
0.053875014
0.32458767
0.0013457624
4.867796e-06
2.3621516e-05
6.60103e-08
0.0003364333
0.0019820065
1.4273913e-07
0.9999806
1.2614788e-05
5.8066416e-08
0.00027650487
0.9999977
7.1267294e-07
2.4005033e-06
0.022663353
0.8507843
8.4956495e-09
1.4293926e-06
0.10183904
8.3804515e-08
2.7296912e-07
1.4008823e-06
2.5592556e-06
1.807471e-07
7.442529e-06
0.00016778083
0.69734794
0.15024053
2.7032283e-06
2.4947096e-06
1.0566903e-05
3.925927e-05
2.88223e-05
1.2797383e-07
2.185151e-07
6.9793546e-06
0.00025621595
8.138497e-06
0.09137266
0.0009699608
