0.04080469
0.99236774
9.596194e-06
1.0242052e-05
0.98732257
3.9842635e-05
4.8505888e-05
0.00020918423
1.0542277e-06
1.8520317e-05
5.7496804e-06
3.1797146e-08
0.000591387
0.28730065
1.1216738e-06
9.426379e-06
2.4266013e-05
0.005917264
5.8989317e-06
5.686934e-07
1.4776191e-08
4.8404934e-07
0.00014024375
1.0169688e-06
7.0305345e-05
8.5106085e-06
9.894512e-05
0.0002981571
1.3058386e-05
0.96125144
6.892651e-07
1.0417168e-05
0.0003553014
6.1252234e-05
9.090321e-08
1.9160554e-07
0.054972876
0.21615647
4.7417245e-05
4.3353422e-05
0.9090688
0.0012207604
0.2859363
0.0012076211
1.9059293e-08
0.00027496513
1.8567789e-07
2.8353337e-05
5.266536e-08
0.02227855
0.00019200439
0.99280894
0.0014332379
0.0050811507
3.253734e-06
6.7888104e-05
2.6348493e-05
0.0012770479
4.6304135e-06
5.4441706e-08
5.0036914e-07
8.674144e-08
0.98965734
2.483209e-07
6.7133515e-06
9.648395e-07
0.9925039
0.0093576005
0.957663
1.8925116e-08
0.91321546
0.0029460716
0.00018269119
8.379145e-06
0.9085899
0.00019200421
0.0015773516
9.710501e-07
0.67477137
1.03954735e-05
1.7504561e-06
0.7838772
3.3906217e-06
2.8009897e-06
1.0049741e-05
0.00021642928
1.8384377e-06
0.000102072234
7.083462e-05
8.775789e-06
9.3882085e-07
7.0377105e-06
1.4518728e-05
4.8374013e-06
2.3665045e-07
6.488727e-10
0.37402675
3.982136e-05
0.013300057
5.704581e-05
4.9182203e-05
1.8167303e-07
0.0012005864
0.39943078
0.00019313324
7.2892853e-06
0.9994556
3.368116e-05
7.015044e-05
0.00023391983
9.646411e-08
2.6242618e-05
2.2325585e-05
5.52241e-07
1.2828698e-05
4.2440635e-05
0.0005084916
0.00074297254
0.99997795
3.6157977e-07
1.083266e-06
2.6682997e-07
1.01994465e-05
9.323652e-06
0.97342056
4.6790296e-06
2.5523236e-06
0.9990799
2.5734408e-07
0.00030100122
0.007589051
0.008327206
4.6735375e-05
9.187738e-05
1.3017847e-06
0.018333053
0.9711927
3.2544804e-07
0.9753824
0.085108735
0.0006966332
2.3434998e-07
1.4108713e-08
0.001781645
0.0008419232
0.000102072234
5.6176423e-06
1.201034e-07
0.00010371486
1.6921664e-06
7.1949034e-07
9.710501e-07
2.6562342e-08
9.210764e-08
0.00086375466
0.9982868
3.156778e-06
8.305483e-05
0.998784
0.00054587104
2.2325585e-05
0.9973537
4.6189805e-07
0.000109774985
0.0014750551
8.962796e-05
2.4092453e-05
0.4633988
0.0007959279
1.5124368e-07
0.37402675
1.8275425e-05
1.3385963e-06
0.9788235
0.0007925157
1.1098607e-05
1.0246795e-07
0.40689215
0.0005505376
0.7342767
0.99970955
0.00037154107
0.6186341
0.99999976
0.008938981
0.9999915
2.2792183e-07
8.699299e-05
2.4345272e-06
0.00032379007
0.18651693
0.0023972553
0.56647927
5.37356e-10
5.1027096e-06
3.100514e-07
4.1784443e-08
0.00023294032
2.0136097e-06
3.3108877e-06
0.98732257
0.9988431
0.41284144
0.1204197
5.8798473e-06
8.924788e-07
0.00023391983
0.00038254148
5.7183142e-06
1.1087423e-06
3.6762044e-06
1.5597785e-05
4.724433e-06
0.9176739
4.016601e-07
0.0017124254
3.3950091e-06
0.053091
9.067115e-06
7.2892853e-06
0.0010380731
0.0015092994
1.1957307e-05
1.7504561e-06
0.003127446
0.00036578506
0.00044251472
7.82426e-09
0.0013585549
6.409844e-06
0.0003669525
0.18838988
0.998784
0.5306612
2.6701814e-09
1.3374527e-07
1.9203051e-05
1.2749373e-05
2.0136097e-06
0.55565137
8.335352e-07
0.00011713159
1.7450991e-05
6.1252234e-05
1.1973314e-06
5.9416044e-07
1.613718e-05
3.8577276e-08
0.0011519908
0.0003233668
5.462625e-05
1.9486167e-06
0.0002322318
0.0009857189
3.380376e-07
1.7152557e-06
0.0029953755
0.00021073592
6.905283e-06
2.8101325e-05
5.7183142e-06
0.00018931554
9.56817e-05
2.6910777e-05
0.085108735
0.7342768
2.4639078e-07
0.993627
0.9236141
0.98535174
7.290215e-05
0.0025044386
8.951624e-05
0.005917264
0.9995137
0.0013618058
1.9277931e-07
0.99707305
0.00039515572
0.00062989665
5.988485e-07
1.8744818e-07
0.0005424711
0.74019086
1.1786302e-06
0.0004037382
3.7194386e-07
3.471957e-07
2.5492437e-07
1.3058386e-05
6.616537e-05
0.6112125
0.8910484
2.0604095e-06
0.99206394
4.2143023e-07
0.00013344164
0.07164703
3.6426183e-05
3.368116e-05
