1.0
7.438418e-08
0.0006664494
9.390617e-09
1.4650794e-07
3.804902e-07
5.6697307e-05
3.3744858e-09
5.4972035e-05
1.7297922e-06
1.8835613e-06
0.9838032
0.9999365
8.9458786e-07
1.0142122e-06
0.0013616729
0.00013059822
3.932735e-07
2.3440796e-06
0.01754323
1.3164168e-08
0.992704
4.416485e-06
4.6793466e-06
1.570707e-06
5.938823e-07
5.2067477e-08
0.48366535
0.0005628309
8.5996464e-05
0.00048548475
3.0055995e-05
0.95573246
5.3612568e-09
8.597778e-09
0.0013674801
0.010446633
8.005647e-06
3.4435957e-06
1.6723818e-06
7.3481694e-08
3.3091578e-06
9.619843e-08
1.0420201e-06
0.0007497765
2.9774494e-06
0.7376818
1.9315418e-07
3.3242634e-07
6.8202604e-07
0.00011878899
0.0016503596
0.9999882
2.958026e-07
7.5677376e-06
2.5355592e-07
1.4130482e-06
0.18896537
0.00010927138
8.089286e-05
2.8173128e-08
9.6769676e-05
0.0004951327
1.2829032e-07
0.9904671
3.1275357e-07
0.0007483709
7.607005e-05
5.442473e-07
5.6624798e-05
0.000263511
1.017216e-05
3.2782453e-05
1.2312693e-06
5.4423697e-07
0.00061132637
1.0727838e-06
2.5265344e-06
2.0319918e-08
9.263907e-05
1.8451672e-07
0.00017456946
0.0069883913
2.4849905e-07
7.7001246e-08
0.005700483
5.241346e-06
1.7811407e-10
1.4831058e-07
0.0014787792
0.21235634
2.8439824e-09
3.738001e-06
1.432892e-06
7.607005e-05
0.004656312
7.8332215e-07
0.00952031
1.6311732e-08
4.798493e-06
9.011102e-08
4.337606e-09
6.341793e-09
1.0016701e-06
4.464641e-08
0.010265772
0.00012428578
9.769205e-07
0.00043081143
2.3606658e-08
1.3565444e-06
5.795577e-06
2.3387772e-08
0.0024014602
1.8767561e-05
1.7160919e-06
0.013960619
1.9604811e-05
0.00013129544
2.8772533e-07
2.2705087e-06
0.00026333195
6.216655e-08
0.99873585
1.4361055e-05
1.8377381e-08
7.0908986e-06
3.021464e-07
1.4658494e-07
8.275371e-05
0.05679132
1.71251e-07
1.3324828e-05
1.7644037e-05
1.5266719e-06
4.54856e-06
5.442473e-07
3.0055995e-05
0.9083524
0.96342254
1.8133308e-07
1.0808888e-05
3.9891916e-07
4.758717e-08
0.0139296325
0.0016640605
4.2506517e-06
1.0016701e-06
4.5478787e-06
0.99354607
3.6226295e-09
3.4538639e-09
0.9980958
8.595561e-06
0.03974349
0.98549354
0.002576305
0.00089995866
8.016426e-09
0.00029407715
0.8960252
3.9891916e-07
0.00048431396
0.69861335
2.0781399e-09
0.0003734706
0.9999365
2.1982619e-10
6.8577174e-06
1.2733547e-06
2.2283595e-05
0.9985622
1.2886032e-08
1.6311732e-08
1.658138e-05
2.6620523e-07
0.99994683
4.8351543e-05
7.373567e-08
2.955384e-07
0.70540917
5.1310724e-07
9.5335e-08
4.7237656e-08
4.733179e-09
1.4831058e-07
1.1111334e-06
0.9083524
3.274105e-07
1.3088832e-05
6.55706e-07
3.3745397e-05
5.641408e-10
1.0252147e-06
0.00022722485
0.10411508
7.8932215e-05
3.278073e-07
0.006783821
2.1923816e-07
5.4179595e-06
0.0006963826
9.390617e-09
0.9912181
1.1155037e-06
2.4849905e-07
0.00041700242
0.0009098038
0.0005676908
1.5266719e-06
0.00021788881
1.14074716e-07
1.9382214e-05
0.00052476936
0.6831418
0.09298994
0.0061477604
3.9717222e-07
5.241346e-06
8.075502e-06
1.8133308e-07
0.0016503596
7.853733e-08
0.99333924
8.507366e-07
0.00035387083
1.8186489e-06
1.0142113e-06
3.3242634e-07
0.00022754441
1.0922268e-05
5.6696514e-09
7.6701605e-09
4.2196422e-08
2.4849905e-07
0.000113300695
0.0004951327
1.9935608e-07
0.000110750916
1.9088343e-06
4.276514e-07
9.801078e-10
0.0010868852
5.801654e-07
0.00021788881
1.5647952e-06
0.00015881314
1.2509055e-05
5.056649e-05
5.4091444e-08
1.8159997e-05
6.55706e-07
0.017161613
0.013574326
2.5189649e-05
0.99873585
3.291521e-05
0.9999943
0.9803225
2.0863517e-06
1.0140212e-07
2.5888235e-06
1.4074037e-06
7.6380715e-09
3.9888786e-05
5.5631222e-08
2.4082595e-07
0.00027206665
0.7376818
0.97777224
0.10188638
4.7734125e-07
0.7642725
0.00011237321
5.7916757e-05
0.0046335584
0.016997965
9.737636e-05
0.999791
2.1923816e-07
0.6197328
7.8332215e-07
2.4636146e-09
8.485947e-06
2.7171955e-05
0.9999365
0.99860823
4.416485e-06
2.2122051e-10
3.1343355e-09
6.12685e-07
1.570707e-06
0.00064363773
2.8173128e-08
1.4074037e-06
8.898589e-10
0.9659769
0.0006889829
1.2312693e-06
0.7457469
