1.0
0.9999666
1.0
1.0
0.99999994
0.9991488
1.0
0.99996656
0.99999994
0.9991488
1.0
1.0
0.00049118523
0.0010061455
0.0008719853
0.030335449
1.43864e-05
1.6059277e-06
0.00019013611
1.7281158e-05
1.6694355e-06
1.0411695e-05
0.016706755
0.3352798
4.4557462e-05
1.6694355e-06
3.822124e-05
7.985617e-05
0.00064505386
0.00028866754
0.0011984765
0.10124413
0.030335449
0.0008296394
7.442673e-05
0.0033378047
0.00019585912
4.20649e-05
1.8063577e-07
2.5633944e-05
2.606827e-06
3.4505863e-08
0.00030205338
0.0076670754
5.685844e-05
0.00041009334
1.724056e-07
0.029609693
1.0010689e-07
0.0041862233
1.3818488e-05
0.000101459125
0.00017326372
4.4621473e-07
6.7584704e-05
0.00034206166
1.364585e-07
1.8727835e-05
3.9279475e-06
0.0026929178
4.8360906e-08
0.17187206
0.58727866
8.7381e-06
3.7880483e-07
1.1608416e-07
0.99474007
4.325779e-06
0.0040123775
9.4501665e-08
4.4350645e-06
0.054776527
0.0001000955
0.0010128393
1.1623448e-05
0.95014364
1.8602947e-08
0.0009918875
7.679965e-05
2.108398e-06
0.00014306001
0.001107971
0.011305873
1.2157344e-05
2.3401885e-06
1.2438289e-06
8.001655e-05
1.6195396e-05
0.94514596
0.00016480878
0.1609402
0.00028637968
0.0010061455
1.5592403e-07
4.9379163e-05
3.1859287e-05
5.773186e-07
9.3954276e-07
0.0040123775
3.0367646e-06
0.0045246305
6.375633e-07
0.96305656
0.0021003254
3.8570954e-05
0.0034096453
1.5776948e-08
8.777178e-06
0.0001617366
1.6059277e-06
0.9999999
4.5327442e-07
0.662096
0.00011125836
2.0513671e-06
0.00087775924
2.441216e-06
2.7298649e-05
1.8857774e-06
1.1609225e-09
0.0065115737
3.0736373e-08
1.638825e-06
5.1288265e-07
0.00048023267
0.001185198
0.00028624266
3.270265e-06
0.99985015
2.670288e-06
0.00028866754
0.00086285354
0.00055327703
7.6967845e-05
0.00015209494
0.95161414
0.00042816618
5.6725647e-05
0.99824923
0.0046267547
9.706958e-05
0.00044008554
0.027476953
0.9156594
0.0010061455
1.418924e-05
6.040488e-05
6.174356e-05
8.12944e-10
4.322348e-06
0.00052266876
4.139996e-06
0.00426571
2.2354257e-08
0.00123926
2.9479772e-06
5.1036895e-05
0.0015042387
0.00060180004
2.9756526e-08
2.9254457e-05
1.0445134e-06
0.75838506
1.3166926e-06
1.4278127e-08
3.5156586e-07
0.9976554
3.0736373e-08
1.3717178e-05
0.012544306
0.11780873
5.6530545e-09
0.008387327
1.6069373e-06
0.001479823
0.0040279683
0.99999696
0.93798274
0.0016733316
0.00031589222
0.0014905006
0.0065115737
5.1036895e-05
0.00034115143
1.7773313e-05
0.0050499784
0.027476953
0.9991959
0.00070169446
0.0036448196
0.0011288729
0.006669263
0.080120474
0.9991705
0.2295711
0.0014164661
5.549488e-07
2.6444052e-08
1.4501238e-05
0.00011104214
0.0003164318
0.00010126629
4.4586967e-10
8.415838e-06
0.097501345
0.0004511044
0.00015545258
7.632797e-06
6.027495e-05
1.1608416e-07
0.0005863028
0.0027743843
0.9999916
0.9680633
8.0887446e-07
6.2631525e-06
2.4429373e-06
3.6802692e-08
0.999235
0.99826807
0.0022298617
1.6694355e-06
0.001479213
0.99997383
0.00015091525
0.9920297
1.312276e-07
0.9991705
0.0019253304
0.0006002366
2.3903664e-07
4.6950305e-08
0.002231375
4.8963365e-08
0.057771273
0.0014898124
8.1620107e-07
6.2561463e-07
4.832117e-06
5.303673e-07
5.786663e-06
3.625293e-07
7.188765e-07
7.442673e-05
0.8069685
0.0010637474
9.697151e-06
5.8181748e-05
0.00037913004
0.00013194054
2.910517e-07
0.00014066831
0.9955452
0.00061067264
0.027476953
2.5075087e-06
2.8907107e-07
0.99239093
7.147372e-06
3.8116498e-06
0.0114366375
0.99895686
2.6593467e-08
0.0007291732
3.671061e-05
2.526177e-05
0.49045363
0.7173436
0.6280466
0.008717097
0.028654998
7.078683e-06
2.3426172e-07
0.84923536
0.9999975
2.0647234e-05
1.2291201e-08
3.6978463e-07
0.66209596
0.050449293
0.00028866754
8.422061e-06
1.7261127e-05
5.8181748e-05
0.0071523385
0.9940428
0.9999165
0.99999374
0.006669263
0.9998329
0.49648333
2.108398e-06
3.7567418e-07
0.0008326501
0.0014645172
0.004094347
0.00013071607
6.8262335e-07
0.0002787428
0.00025495465
