0.999988
0.60165846
0.9999997
0.08123861
9.728718e-06
0.006576403
0.0003169251
0.9999617
1.5551061e-06
0.00018934424
1.6502362e-06
0.004247377
1.8766255e-05
0.0014861312
1.0810762e-05
2.2880154e-06
0.06370016
0.99993014
2.2899252e-05
0.0026946675
0.9996252
0.8678017
0.0031354795
0.9995587
1.1791321e-05
0.6844405
0.46725988
0.9239545
0.824836
0.00036123517
0.0012542192
1.4448588e-05
0.009256978
0.011514334
0.045745436
2.6462061e-05
0.9999994
0.011514334
0.00011067311
0.00028764663
0.00036123517
0.00020767626
0.60485435
0.9984289
0.00068262906
0.0017843285
7.5103184e-05
0.009301946
0.00044337122
0.9176952
0.9999997
0.1873848
0.9975862
0.010021563
0.013627179
0.002529251
2.5539828e-05
0.61463434
1.1261218e-05
0.8622766
0.0012013728
0.15854813
2.436188e-06
6.828584e-07
4.607059e-06
6.702488e-08
0.011603945
0.049582034
0.0034918264
0.9999617
2.040075e-06
0.98331386
4.3567943e-05
0.86687213
6.7523055e-05
0.9999462
0.9999323
5.337382e-06
0.019079918
0.1873848
0.6141116
0.47492298
0.0023937798
0.9975862
0.012376485
0.00025293222
2.760442e-05
0.00084070786
0.8847991
0.03284774
0.1718703
0.13563794
0.00021779201
0.0002718924
0.00038143553
0.07714285
0.0670376
0.023969898
0.00022295331
0.0007355676
0.0001659337
1.0170511e-05
0.021885093
4.345533e-07
4.3661526e-05
0.00014455509
0.00043265068
1.9492136e-05
0.9953811
2.565938e-05
1.3204098e-05
0.012618377
0.097814284
0.0024161865
0.0005195467
9.440216e-06
0.044480197
0.9176952
0.010729513
0.0022102958
9.4485773e-07
1.0507755e-05
0.941488
0.0011655422
2.363658e-07
0.013766098
0.10475886
1.3572286e-05
8.474454e-06
1.2576445e-05
1.0023208e-06
1.3112669e-05
0.01734733
0.99742085
6.311579e-07
0.99127996
9.729691e-05
1.312668e-06
2.226953e-05
0.21887325
0.0003817926
0.003614368
0.0018604845
0.0032745446
4.0747196e-05
0.08545575
0.060251147
3.647763e-06
5.780888e-05
0.67419857
4.3319524e-08
0.0019476876
0.0022779277
0.048072718
0.003107017
0.0012000209
0.00088397483
0.047958378
1.8395833e-07
0.021340193
1.0642977e-05
0.015010644
9.304715e-06
0.0025816874
0.07714285
1.2552768e-07
0.94237506
0.013879237
0.0025446329
0.23200367
0.012376485
1.9535757e-05
9.728718e-06
0.00060817477
5.412519e-08
1.8097517e-05
0.019076785
4.4415134e-05
0.3337592
0.0023546214
1.7631726e-06
7.974518e-09
1.3683026e-05
0.90338767
0.0009254933
1.0
0.00084842223
6.543125e-05
0.00086965616
5.7996076e-06
0.00015509102
4.6370144e-07
4.666879e-05
0.00015290985
0.9999997
3.5428275e-05
0.024664907
0.9945096
0.99999833
7.299713e-06
0.00021173188
6.841204e-06
0.008965172
0.001766421
0.00013022068
1.0023208e-06
0.0034720714
0.21301004
0.74478555
6.82393e-06
0.25576797
0.99999887
0.0017038876
0.99938947
0.0009044907
0.01051518
0.0022102958
0.02980859
5.6007953e-05
5.4334237e-07
8.280712e-06
0.04537153
0.9997922
0.00017785313
0.009301946
0.0011987289
0.9999462
0.0010401862
1.0
0.01051518
0.0005767629
0.04388996
0.030821068
2.413617e-07
0.0007255075
0.0012768048
0.01220005
0.00862824
1.2968287e-05
0.055434838
0.0018577892
0.0041296557
0.0035871612
0.020834966
9.3134884e-07
0.020149127
5.5659628e-05
1.8704687e-06
0.0670376
1.817084e-05
0.00055997615
0.01064818
0.86962456
0.54988414
0.011334778
0.018960822
3.6379457e-05
1.8395833e-07
0.0013759637
0.00013022068
0.00015963268
2.3841108e-05
0.9652182
0.9986851
0.0015694504
0.03051438
2.3196235e-05
0.99999285
4.8913396e-05
4.8913396e-05
0.009332077
0.00027215772
8.446334e-05
0.99997306
0.9984064
0.9985269
0.0023955693
1.0951261e-06
0.99999976
2.7290794e-06
0.0017974089
0.99941653
0.99951744
1.5430601e-06
0.00021173188
0.99999946
0.1873848
2.0162777e-05
0.01746656
2.9676445e-07
1.8826081e-07
0.0011987289
0.9922712
0.00032841045
0.9999741
0.0011460929
6.7523055e-05
0.010672913
0.055455253
8.229549e-07
