0.06309366
0.752321
0.11517831
0.07683824
1.8405889e-07
1.9887271e-05
3.2325612e-08
0.9997613
2.8799627e-07
8.144336e-06
5.0795432e-05
3.5001718e-05
0.0032962065
2.3532906e-05
8.950019e-05
0.0033702336
0.0005950542
3.503244e-05
0.001481156
4.2856833e-08
2.2811862e-07
2.254442e-07
0.005305437
2.0292207e-06
5.9820974e-05
0.039493307
0.7720151
4.6440556e-07
2.7261947e-06
6.480508e-07
1.922854e-07
0.9999611
0.00022896074
4.1125995e-06
0.00080952066
0.00014254218
0.001481156
0.00010613789
4.490674e-06
5.0869875e-07
0.0013815562
0.00012694567
0.99999994
9.0770365e-05
7.230755e-07
0.00037507122
0.99998283
3.4797379e-06
0.9796822
1.5251904e-07
1.5916562e-07
0.9984994
3.8829407e-05
0.9932088
0.023180496
5.0768193e-07
1.5098602e-09
3.0142335e-05
0.0001332105
0.25092635
0.2912559
0.00330058
0.00330058
2.9323784e-05
1.0710239e-07
0.00018144785
0.00013257944
0.002915872
0.0327311
3.0816483e-09
0.00017066713
7.200299e-07
4.920425e-08
7.641731e-07
0.00017235514
5.103908e-07
8.8590195e-06
1.6209982e-05
6.997175e-06
0.00034445315
0.9973739
1.7305496e-06
8.984741e-08
1.5022708e-06
3.9307526e-09
0.00043235812
9.779602e-06
1.2412396e-05
0.010115685
0.048381504
0.00010107344
1.7376179e-07
3.7968985e-07
0.011156674
1.3392404e-08
0.8953338
4.3776605e-08
7.130272e-08
4.078724e-05
2.8679137e-06
1.1316254e-06
0.0009919708
0.0011073896
1.0221396e-06
3.6002035e-08
0.3041931
2.8471146e-05
1.2677355e-05
0.0024573128
0.94054925
0.00025603475
7.672309e-05
3.0219886e-07
7.500658e-06
2.3950812e-05
6.6253996e-08
0.00013238704
0.004816456
0.60345817
0.0029101297
0.0002545592
0.99975246
0.0017957422
6.450762e-07
3.9721835e-05
4.905907e-09
1.05129e-06
3.5495002e-09
0.00034445315
0.66826427
0.9999827
5.117311e-05
0.95047885
4.920425e-08
2.297378e-06
4.8932067e-09
0.008544508
0.005244707
7.835595e-05
0.00070620666
5.6874927e-05
0.040986728
0.95936716
4.7792705e-06
0.0008778295
0.99984795
0.00330058
0.04511181
0.006603255
0.5520164
0.015107893
6.3855423e-06
0.001549354
3.638961e-08
1.1805938e-05
0.005558872
0.00067887624
0.0017439895
1.7933041e-07
0.9673774
8.212644e-06
0.00045211776
0.1772117
0.006350092
0.9690443
0.00023038192
0.25247347
1.3471843e-05
1.0
1.4571149e-06
0.05872951
5.0374457e-08
0.0032150215
0.9917013
0.06861003
0.99984795
1.8402781e-05
1.806235e-06
7.055525e-05
1.3722622e-05
2.3532906e-05
1.2207347e-06
0.00014155936
2.9604752e-08
5.886962e-06
0.00013952934
5.360278e-07
0.9999983
0.9994613
0.0010244084
0.00010024165
7.6133933e-06
8.709987e-08
5.659888e-05
2.2584998e-05
1.0023375e-07
0.00022650843
1.0872924e-05
3.257907e-06
0.46361217
5.0374457e-08
1.8402781e-05
2.1111124e-08
0.318265
0.030867152
3.1061006e-06
9.158905e-06
0.030867152
2.698597e-06
0.0012542569
0.99999624
0.0016902343
0.00020510016
0.0032549207
5.5971967e-05
1.7933041e-07
2.5074585e-06
4.400318e-07
0.066111796
5.9852584e-05
0.005176299
1.8964611e-08
0.0061767995
1.0710239e-07
0.99782985
4.3776605e-08
0.77614224
1.8405906e-07
0.8647423
0.00029112183
1.5098602e-09
1.496327e-06
4.388289e-05
3.0937283e-06
0.0029340475
8.536962e-05
0.0009643023
1.1414102e-05
4.539432e-05
1.2418116e-06
0.00015302071
0.6585893
0.0017879298
0.00012410802
2.3604967e-05
2.5949407e-07
0.00010107344
0.009414306
2.3604967e-05
4.3776605e-08
0.5891333
4.5752972e-07
0.00021389182
7.235115e-07
3.6462217e-07
0.00014182147
0.013483274
0.9986581
0.00018646882
0.002782499
0.0035796154
1.5024526e-07
0.0032549207
6.275411e-08
3.2304655e-08
9.350134e-06
0.063874364
4.612743e-07
7.2878004e-07
0.99999917
0.0021679087
4.8687412e-05
1.2051281e-06
0.004833223
4.8740117e-07
0.1431132
3.0219886e-07
1.2654115e-05
3.925448e-09
5.8598346e-07
6.6477674e-05
0.977631
0.048381504
0.9917013
6.721499e-08
0.00046550296
0.9275673
0.9932088
0.9934696
3.476978e-06
0.25281096
0.042083632
1.6209982e-05
5.117311e-05
0.9679383
0.00013257944
0.0109417755
1.2464244e-05
0.06861003
0.0061767995
