1.0
1.0
0.0018020459
5.747378e-06
0.0007592613
1.2656591e-07
0.0007167086
0.9454238
1.0
0.7999101
0.0013735357
0.01159911
0.0066614267
0.00090098474
8.21313e-06
0.9999801
0.00012572056
0.99666005
0.99577737
0.31219056
8.14746e-07
0.009439398
0.0005191928
0.0010906844
0.9994906
0.01068587
1.818635e-06
0.93997747
0.9999998
0.0016880254
1.8911648e-09
0.9994685
0.0007344794
0.0002697267
1.1120048e-06
0.08002861
1.286194e-06
0.99617636
4.5038152e-05
1.5574125e-06
1.5332392e-06
9.3932824e-05
0.0006549422
8.366879e-06
2.024956e-06
4.724694e-07
5.5018976e-05
0.0022400208
4.1663556e-05
0.0012770813
0.07965513
0.00096815027
1.1950486e-06
0.00013767144
0.0002046616
0.0015517141
3.2189014e-06
2.0699242e-06
0.3219797
1.5189389e-05
0.585272
4.763088e-05
9.341224e-07
5.6561917e-06
0.0036273992
0.0010473921
2.6528312e-05
0.68907005
0.99999815
6.2406147e-09
0.0055675902
1.0516029e-06
3.2808504e-05
0.000898586
0.0003843628
0.9888275
3.6380603e-05
0.17898478
0.0007204713
9.477571e-05
2.0530017e-05
0.000514492
0.0001073688
1.3404474e-06
0.9998702
2.904699e-06
1.3120973e-06
6.5772514e-07
0.48790082
1.3176713e-06
3.7386613e-05
1.7150186e-06
1.286194e-06
8.3549537e-07
1.891031e-07
5.617073e-07
9.208915e-09
0.38917252
0.3037001
2.2916404e-06
0.043999992
0.0003458147
0.004321045
0.9992584
1.2996845e-06
1.0820057e-05
0.18377757
0.00010513121
0.004887154
0.9959639
0.0073497845
0.6283513
0.0005000057
0.00018760878
4.4509522e-07
2.6870048e-06
0.0037114257
2.4720944e-06
6.119796e-07
6.363296e-05
5.513639e-06
4.084769e-06
0.001139019
3.6316013e-07
6.852264e-05
0.0885516
0.00026844878
0.6210814
3.3887354e-05
3.8439463e-05
0.055509716
0.0049560377
0.0002669753
0.024016967
4.1663556e-05
0.1905077
1.1531258e-05
0.0006984523
0.9814647
1.0
2.199486e-06
0.9983607
6.023855e-07
5.7655005e-05
0.0007158305
6.226156e-05
4.1663556e-05
0.003135858
6.2406147e-09
0.004887154
1.9725874e-07
0.0012770807
0.99754983
0.9999886
0.99907637
0.076891154
2.2427286e-05
0.00096815027
0.9967731
0.0028658803
1.3780853e-07
0.07601367
2.41197e-06
0.0014379901
0.93204606
0.008383735
3.497043e-07
2.7281318e-05
0.009439398
0.0003020119
9.9643216e-08
1.2932766e-05
0.00012139005
0.0070455875
0.99996215
1.4666547e-05
2.40501e-05
0.005592908
0.0018150434
0.0019862992
2.7940189e-06
4.763088e-05
0.33845386
2.0530017e-05
7.960112e-09
0.0028640644
1.0642708e-06
2.7324625e-06
0.00047305663
4.7630838e-05
2.5252936e-07
2.1100486e-05
0.99999154
0.006287575
0.99994874
7.537252e-05
6.2854844e-05
0.00010458147
0.024016967
9.4837815e-06
0.00023751454
7.976225e-08
0.99962646
1.0202754e-05
0.9890419
2.297761e-05
0.0032793835
0.24089016
0.0005738794
2.5034158e-06
1.1921555e-05
1.8083496e-08
6.2901127e-06
1.0
0.00013343222
2.735181e-05
2.6946006e-07
3.4495417e-06
0.9675314
3.36343e-05
2.3206974e-06
4.796114e-06
2.3206974e-06
2.906639e-07
0.026103377
7.79728e-09
0.98986274
0.00020297767
0.99998397
8.3879975e-05
1.1036755e-05
0.0009420405
3.732534e-05
7.70642e-05
0.0005191928
0.6444252
7.871587e-06
0.45420906
0.24089016
1.3083964e-05
6.580587e-09
0.004321045
2.2999839e-05
0.0028640644
1.438042e-05
0.7999101
0.000898586
3.051993e-08
0.008386979
3.6381643e-05
1.10798915e-07
1.3417018e-07
0.00044141657
1.8749173e-05
6.744114e-06
0.0020392304
3.613968e-06
0.45105138
0.0008511575
3.4134516e-07
5.5723735e-06
0.00068217807
1.0937152e-05
0.00075624906
5.535558e-09
2.6838674e-07
0.9687941
0.9881074
0.013422785
0.9706636
0.68907005
0.00067737204
0.00023781027
0.6105887
0.000110092085
4.056129e-06
2.2018403e-05
0.0006549422
0.9950922
2.4404899e-06
0.97592664
3.051993e-08
4.5654465e-07
1.6631218e-05
1.999216e-05
0.46958876
0.29012772
0.033665728
0.00012231249
0.48773462
0.0009799724
0.9987015
1.0440364e-06
1.9804373e-05
5.5355684e-09
1.2299198e-08
0.36388806
4.575978e-07
0.9998974
0.00011879046
