0.14002895
4.94407e-05
0.010773525
0.0018528724
1.6203985e-05
3.6110217e-07
0.0010437096
0.00048250397
1.4494756e-06
0.0005996316
4.345806e-08
4.1416206e-05
0.0012132117
9.0477064e-05
6.1160387e-07
4.531488e-09
7.092063e-07
6.653894e-07
1.3620617e-06
0.040946417
0.000100374025
0.5739339
3.0396257e-07
0.9999277
0.00039785737
0.0012320329
1.33502535e-05
3.318478e-05
0.0004138008
2.6723024e-08
0.0592266
5.53258e-06
1.1371693e-07
0.00030258947
0.0003306208
7.4437686e-08
0.9982446
4.143837e-05
6.653894e-07
9.951362e-05
8.597486e-08
5.0143866e-05
8.731211e-06
5.21804e-06
9.381186e-08
0.00010917525
0.00040272146
0.9988308
6.435537e-05
6.657931e-08
0.00046252157
0.0022558866
4.7835405e-05
8.638111e-05
5.2799143e-05
0.0027231807
0.99380344
0.99544
6.7942738e-06
2.7618703e-06
5.1598203e-05
2.1130502e-08
6.5308114e-07
0.0007727076
3.908948e-05
3.0528652e-05
0.0001070327
1.9176443e-05
0.00010786858
0.9747694
0.78178835
8.566222e-08
1.865154e-07
0.019053359
2.837401e-06
0.99835265
4.3057757e-06
4.866436e-06
0.99981993
0.0001593653
2.802136e-06
2.0028207e-05
4.692869e-07
1.7253932e-06
9.764232e-07
0.0002979218
1.0846244e-08
0.00047081566
0.0006370358
0.0021643825
0.00033675449
5.21804e-06
2.8918937e-05
2.512791e-08
0.00019196155
6.1352043e-06
4.8701645e-06
0.0060135177
1.4496426e-05
0.033553306
1.3910226e-07
3.4347897e-05
0.0019098851
2.846149e-06
0.94714975
4.3474688e-07
7.218505e-07
0.0011641002
0.0008478848
3.9158873e-05
0.0051866216
1.8242666e-06
1.6651768e-08
0.019053355
0.00010615996
0.00025706209
0.0006036041
0.0019089773
2.347439e-07
0.5495397
0.99969244
1.5428894e-05
4.3474688e-07
0.004594535
6.239685e-05
6.435537e-05
5.190484e-09
0.0005801177
4.3411383e-05
5.810446e-05
7.3086994e-06
0.3943719
3.8510484e-06
0.976308
0.9996913
7.4437686e-08
0.689279
4.0586098e-08
0.0052266642
0.032359038
2.4923003e-07
0.26702192
0.0002117783
0.21180096
2.5237932e-05
8.986776e-05
1.0607957e-05
2.0565314e-07
0.9903034
0.0019026126
1.0814548e-05
2.9932135e-08
4.1527655e-05
1.0009769e-05
0.0002880053
3.5900444e-05
2.7648641e-06
6.0728075e-06
6.7224944e-05
5.716899e-09
0.019096633
1.0088352e-08
0.00022048733
9.1532335e-08
0.2574756
0.0007132456
0.99995285
0.78178835
3.508386e-05
2.7187795e-07
2.2117997e-06
0.0013584463
8.242153e-06
2.1119611e-05
4.1416206e-05
0.0029957201
2.7403792e-05
2.017349e-05
0.009460791
0.00014563854
1.0
0.0003095212
5.512991e-07
1.9938511e-06
1.7206692e-07
0.00330224
1.3602686e-07
0.00071316265
0.27199936
3.6461486e-07
0.0059248647
0.0018281257
6.5308114e-07
7.0187425e-06
1.0
2.90494e-06
0.99308395
2.8263386e-05
1.3208263e-07
5.65694e-07
8.851486e-06
0.0029762634
5.362867e-05
1.664963e-06
0.00097421743
0.026435237
0.0002519894
2.9410532e-07
2.604188e-07
4.4739412e-08
0.99969244
5.971279e-06
0.000113307826
0.002016097
3.5309913e-06
1.1339675e-06
4.5810015e-05
1.0
1.5436547e-06
1.3853481e-05
0.22288446
2.7714668e-07
7.181863e-06
0.00021298723
0.9999996
0.93412995
0.1200175
1.0665569e-06
0.99745536
0.0024881212
7.980486e-08
0.0003905955
1.926211e-05
0.9999993
0.050623924
0.16695054
2.5320364e-06
4.9384965e-07
0.9369259
0.00052884774
0.009550261
0.0040054526
7.456717e-06
0.023154221
2.6545533e-06
5.6834153e-08
0.0025890344
2.6215587e-06
0.96172374
0.32749104
1.1666009e-06
1.3602686e-07
7.6490054e-05
0.9999993
3.3070673e-08
2.4910076e-07
3.5264245e-06
2.3156143e-05
0.0004024062
1.2347378e-05
0.00043212698
1.33502535e-05
6.5066124e-06
0.999999
3.0370049e-05
1.0762719e-06
0.90481716
0.03395866
4.866436e-06
0.00016810175
0.78178835
6.7291708e-06
2.4144916e-05
8.784277e-07
0.000111195564
5.1598203e-05
2.017349e-05
7.63414e-05
0.00019568198
2.542179e-07
0.3943719
0.0007278992
1.3687123e-05
2.3219764e-05
5.158714e-06
1.939016e-06
4.9622663e-06
0.00055224047
3.3040335e-06
4.2861336e-07
0.9117996
9.004893e-05
0.0036615368
1.762396e-06
0.9999277
4.1053895e-06
2.1130502e-08
9.1532335e-08
0.0009256358
4.383096e-07
