1.0
0.99827677
1.321884e-05
1.5673219e-05
1.2800011e-06
4.953987e-08
1.340597e-06
0.04593732
9.1908777e-07
0.00045915556
5.645801e-06
6.128678e-06
1.0472893e-06
4.600645e-05
4.4645934e-05
1.5374694e-06
2.1975195e-06
1.2225825e-05
8.275636e-06
0.24643615
0.780096
3.4095974e-06
5.0728147e-05
5.0705123e-05
0.9993634
2.8939134e-05
4.303031e-08
1.0931685e-06
0.9960793
2.4092751e-05
0.006484238
0.9523347
0.0020801935
5.2537867e-05
0.00010511516
2.3131161e-09
0.000857053
0.0038446654
4.48914e-07
1.8582557e-05
8.275636e-06
0.0008602872
5.6254823e-05
0.0016960623
1.3447711e-05
0.54819936
0.00023033403
8.482134e-08
5.3118526e-07
0.00016262394
1.859891e-07
0.878621
5.2920677e-05
0.22258562
2.4814246e-05
0.25558892
0.00012622218
1.7337808e-07
4.9641723e-05
0.4808034
0.00010993054
4.907173e-07
2.6255888e-05
0.09951264
0.016032081
0.00039834448
0.039058026
8.8896236e-08
1.3424033e-05
0.020268554
0.00083661545
2.6501672e-07
3.962955e-06
1.0349368e-05
0.0012012835
0.00076510705
0.14829713
0.00058986654
8.7643475e-06
0.03080311
0.99127287
0.9817756
3.371713e-06
0.0014918013
0.0016510417
3.4774447e-07
0.00016364966
8.628964e-06
0.046556633
7.240126e-05
0.00062495796
5.4041766e-06
1.5430624e-08
4.1363546e-07
8.242739e-08
0.000111931746
3.7775825e-07
0.00011157667
0.22258562
0.09951264
0.000104874176
1.4160568e-05
1.3129486e-05
4.9134196e-06
0.00062495796
0.0060926112
0.001810161
2.77426e-05
3.8480765e-09
0.09797748
0.5628927
0.00030997302
0.0002685512
0.99999994
0.5104574
2.9634466e-06
0.0006524685
8.810994e-06
0.9991065
1.8176884e-06
0.0010244396
1.3113195e-05
5.458717e-07
0.8658279
1.9627503e-08
0.99971795
9.217592e-05
2.7376452e-06
2.680583e-07
0.00018100375
0.9986287
0.00031614833
2.3131161e-09
8.6221905e-07
1.2098497e-05
0.9999955
6.018169e-06
0.002578914
0.99613637
2.7555026e-05
0.92143756
1.6271404e-07
0.001810161
2.4699027e-06
5.374544e-07
2.5051916e-08
6.656318e-05
4.124451e-07
0.005268049
0.00015691173
6.3973916e-06
0.04006439
1.4414417e-06
3.6265998e-08
1.965097e-06
3.3515119e-07
8.482706e-05
0.0030336413
3.1480337e-07
3.085037e-06
3.3726865e-05
2.5000087e-05
0.0005655592
1.2703339e-05
1.0
2.809465e-06
3.371713e-06
0.00010810068
1.6271404e-07
0.0008976506
3.751218e-05
1.0924446e-05
1.0
3.468532e-05
0.00016064734
1.6425437e-08
3.4319896e-06
8.089169e-06
3.2541932e-06
9.091477e-05
2.3243292e-07
5.2279385e-05
0.9999717
2.6227865e-06
1.4279108e-08
0.9923123
0.99393857
0.28649205
7.6190855e-07
3.3613327e-05
5.0648483e-05
1.9303688e-07
0.035075128
1.0472893e-06
1.2137707e-06
3.2941688e-07
0.0047080084
3.747914e-05
0.99301565
3.4514866e-05
0.9557581
0.7109764
1.1612258e-05
2.0815316e-09
0.7888128
0.0013620005
3.747914e-05
0.045571383
0.98886156
2.809465e-06
5.9481126e-06
0.9159085
0.9902079
0.99884033
0.023345817
3.1496835e-05
0.9159085
0.0053787767
0.7867473
0.15265606
0.0002775701
5.2393872e-05
1.4796357e-05
7.354229e-06
0.5628927
0.7932956
0.0069948765
0.9949938
0.0020403343
4.1724877e-07
0.0004557017
0.030662915
5.562641e-05
0.018912202
6.60781e-05
0.3253159
0.046133712
0.16863163
0.9952851
8.461577e-07
1.2288373e-05
1.4279108e-08
2.502145e-08
4.4472057e-07
3.5033124e-06
0.25750133
0.980304
0.0013150728
0.9758262
4.1200175e-05
1.1491671e-05
0.0048797964
0.000116523224
8.461577e-07
0.19292302
0.0036256213
0.6333698
0.058677763
1.9440708e-06
5.1957145e-06
0.76184803
7.247536e-06
5.6320704e-07
0.08882338
0.0007578232
9.938597e-05
0.7506276
2.6227865e-06
5.6254823e-05
4.9656606e-08
1.5572698e-05
5.2090774e-05
8.896142e-07
1.446654e-05
0.00045915556
6.639873e-08
0.00016644728
1.8063074e-06
5.2393872e-05
1.5929882e-06
0.0336356
9.8558965e-09
0.93859565
0.005268049
2.12184e-06
0.000107425134
0.0060926112
0.00015743102
0.016689086
9.2061055e-06
2.8845002e-06
5.0375267e-05
0.002259828
1.9903777e-05
0.00075924356
5.4360135e-05
0.16863163
9.361364e-08
0.22258562
0.041970205
