0.35926306
1.0
1.0
0.9999999
1.0
0.9975678
1.8617786e-05
2.9862855e-07
0.020570295
0.055991102
6.112791e-10
1.8163423e-07
1.3888914e-06
5.3858525e-07
2.3833957e-08
3.582975e-07
1.9277475e-05
0.486557
4.0176047e-07
7.5756634e-07
5.393907e-07
8.31757e-06
0.97042125
5.3545733e-05
0.0010255665
5.2249936e-07
2.1001115e-05
4.48045e-06
0.9992576
6.196735e-05
0.00029637953
0.002072619
6.72826e-05
2.868744e-05
4.161222e-07
5.929002e-05
1.3064955e-07
2.1837344e-07
0.018035073
0.0008930175
0.0031050413
0.0024441984
2.2521147e-07
0.00019659742
1.562934e-06
2.5355887e-06
2.074875e-06
3.4214604e-06
2.5095533e-08
2.6484204e-10
9.106596e-07
0.0002493231
5.222189e-07
1.4276515e-06
5.6932396e-07
3.2627153e-08
2.45064e-06
1.0452758e-08
2.1400101e-08
5.324492e-07
3.842502e-05
1.5132391e-09
1.562934e-06
6.631715e-07
2.0888427e-08
3.804883e-10
2.5379592e-07
2.321104e-05
9.467238e-11
9.2048104e-08
6.847993e-08
2.855524e-07
1.0466723e-08
1.2859136e-05
0.102861464
4.3534303e-05
1.6803148e-09
0.000104850675
0.3343475
5.9318097e-07
5.6063694e-08
1.28778765e-05
6.280315e-10
3.8090622e-08
0.9994378
4.2225253e-07
3.3585638e-07
0.00361849
9.847656e-05
2.5291573e-09
0.0006921976
4.493236e-06
2.625156e-07
8.0724925e-07
1.616542e-08
1.5663032e-06
2.9556473e-05
1.5550818e-08
1.0564031e-09
0.0011940042
2.1646166e-08
1.0005015e-06
2.5291573e-09
3.1333812e-07
1.9299137e-06
0.04120993
8.757653e-07
5.0011533e-07
7.188974e-05
1.2688386e-05
2.47234e-05
1.2000902e-05
1.2349037e-07
1.02104645e-08
2.116289e-08
2.5379592e-07
2.4389956e-07
2.1665154e-09
7.5327625e-07
2.6918939e-05
4.8756014e-08
1.2395431e-07
0.000114208495
2.625156e-07
0.7938929
1.0632457e-09
3.764255e-07
0.34502676
2.1491489e-07
0.96897507
1.31651195e-05
0.0100390725
0.017306224
1.907023e-05
4.4076274e-05
0.89169586
5.695222e-07
7.476232e-10
9.780479e-06
1.1973025e-07
2.1137474e-08
0.019387258
0.0060182055
1.3941882e-05
0.12743904
2.1606915e-05
3.647536e-08
2.81619e-08
8.950154e-07
0.2921701
6.3341915e-08
9.990355e-08
3.8390542e-08
0.00031232566
6.6466697e-07
2.0562088e-06
3.1245087e-05
0.0123034
0.99827266
3.730234e-07
0.00032569593
1.0231898e-05
1.033577e-06
7.988975e-06
3.9368526e-09
0.022901371
1.9955949e-05
0.84559333
0.00016504152
0.00056790863
0.86631376
3.7936409e-06
3.5697522e-07
3.3130398e-08
8.78728e-08
1.11558926e-07
3.394629e-08
4.8577464e-10
1.732809e-05
0.00020168492
4.187754e-06
1.2472805e-09
2.2430885e-07
5.4330687e-09
0.9999946
0.3822029
4.480825e-07
1.3941882e-05
1.0094627e-08
2.4352702e-09
1.0001256e-06
0.007501835
4.092302e-06
2.8960176e-09
4.48045e-06
7.16889e-07
0.000112925234
3.5116818e-06
4.267732e-06
0.00013671436
0.00013904998
1.2529027e-07
5.2508085e-08
7.213063e-05
7.009451e-07
1.5755598e-08
7.2799025e-07
2.1491489e-07
5.4706464e-07
8.395026e-08
0.0011590928
4.4076274e-05
1.108936e-08
1.32982745e-08
0.00087571004
1.8437383e-08
0.9999984
5.292542e-07
0.000104850675
3.1396965e-09
1.8042242e-06
5.600809e-09
1.891446e-09
3.197846e-07
2.5860422e-07
3.6756933e-09
0.00012951827
2.7565366e-07
2.1335463e-08
4.5715184e-05
1.1282352e-06
1.2494717e-08
6.8952877e-10
6.341085e-06
0.000120508106
0.000102976155
1.5889992e-06
1.4289101e-06
1.4276515e-06
7.515955e-09
3.868482e-05
2.6471764e-07
8.8484985e-06
5.4117527e-06
4.48045e-06
8.3705e-08
1.43890135e-08
0.0123034
5.9349727e-06
0.07223032
0.0034975752
1.0184619e-07
2.1375788e-08
1.8617786e-05
2.4502869e-09
0.16974334
3.2968748e-07
0.96128637
1.1794338e-09
2.6484204e-10
0.0012596636
0.00079053617
6.456018e-08
5.8563153e-08
1.02285576e-07
3.4126879e-06
0.83061004
4.8349635e-09
2.7297427e-08
0.83854365
4.981567e-09
1.2410648e-10
5.596188e-05
5.596188e-05
5.467491e-07
7.427469e-06
1.5635434e-05
6.2576713e-09
1.4708924e-06
5.2979903e-08
7.405081e-08
7.9655433e-07
7.834097e-06
3.2677602e-07
1.6878598e-06
1.0563794e-08
1.7524873e-06
1.3691233e-08
4.000892e-07
5.8837234e-08
0.041944202
0.018035073
9.480699e-05
8.526711e-05
4.46954e-08
4.563467e-06
9.115579e-09
1.1327013e-07
0.014828653
0.9366436
