0.9999844
9.844107e-07
4.09016e-05
6.1224696e-08
2.0202599e-07
0.9709875
0.00012444126
1.1097885e-06
9.311621e-06
0.8472526
2.101769e-06
0.99999905
0.0009746528
5.312124e-06
1.0170405e-06
7.14939e-06
3.210881e-06
0.00019988079
1.0
8.6828817e-07
0.007201291
0.9977412
1.74989e-08
0.00023617364
3.8392645e-09
9.87562e-06
5.593719e-06
2.7643608e-07
1.6478443e-05
3.2007185e-06
0.23159021
1.8173856e-05
2.496987e-07
1.3434727e-05
2.1038239e-05
3.344226e-07
2.8086055e-07
6.3464606e-05
7.7944286e-08
9.517195e-06
3.267232e-06
2.6041128e-08
4.4077704e-05
2.0007628e-05
5.5934147e-06
0.056519497
0.007355339
1.1654662e-09
2.6574485e-06
9.245756e-08
3.646209e-05
0.99353564
1.5293793e-07
9.132307e-05
7.890527e-06
6.567647e-09
7.14939e-06
2.911477e-08
4.8541533e-06
1.3722595e-05
0.0009746528
6.568864e-07
4.4658755e-05
1.8288878e-08
0.9760374
1.8355178e-07
6.4733636e-06
0.0002578382
3.934056e-05
5.7466455e-05
0.040889088
0.0001293413
0.0009191162
0.0011042409
0.9999028
5.521732e-06
0.00011959037
1.3236046e-06
1.0335867e-06
8.6509937e-07
1.0854526e-07
9.586558e-07
2.525495e-08
4.0635476e-10
1.928961e-05
5.3145253e-09
0.0002974229
0.00024065733
9.308833e-06
1.1362083e-06
2.1639576e-06
7.11059e-09
1.4770634e-06
0.00340428
0.004460509
1.2957648e-07
3.455979e-05
0.00017303754
0.72105706
2.4373568e-09
0.0003477056
0.99653566
1.7567227e-07
5.4185434e-06
0.00027909223
0.010508728
0.6795091
2.8601009e-05
0.0001365118
0.00013333937
0.9881496
2.5413758e-05
0.040994413
5.3635095e-08
3.6283166e-06
0.9998151
0.8809072
1.6262561e-07
5.4156353e-06
3.515181e-05
1.1707337e-08
0.000642259
0.2678321
0.22415419
1.6479322e-07
2.9652558e-06
5.3357454e-08
0.00034000544
0.004408964
1.1700231e-05
5.385683e-08
0.00041361112
1.772426e-05
5.593719e-06
0.0002578382
3.118107e-07
2.858657e-06
4.8294496e-06
0.99938947
1.0955399e-08
6.285474e-08
0.0005182459
0.9999482
9.743046e-08
0.00072553067
0.8409755
0.001620809
0.0001575546
5.75403e-07
0.0002018142
0.0038908399
0.012398822
1.6177211e-05
4.910811e-05
4.1509878e-07
1.3257649e-06
0.00022074544
0.00022212941
0.06969896
0.017010901
3.009673e-07
8.793489e-07
0.99992836
0.0010472913
0.99983317
9.197998e-07
0.0014159812
0.0004837045
9.444529e-06
0.14007708
2.8568787e-05
0.00022402877
0.0005712803
0.00016906172
1.6275193e-05
0.0008069644
0.99994576
0.40240228
6.0732725e-07
0.0005182459
7.772872e-08
0.00088355585
8.371509e-06
0.0664376
0.005162583
4.3182095e-07
1.0862159e-09
1.506259e-06
0.2678321
0.49282685
0.00040103483
0.00028625524
0.0014906909
0.0024766864
6.748514e-07
5.1594612e-05
3.9151346e-06
0.99999994
3.924919e-07
1.9034081e-06
0.0021671362
0.00010752927
0.000642259
0.001620809
0.040889088
2.9205293e-07
0.100864656
0.00040848445
0.1275029
0.00481408
1.7264108e-05
2.338948e-06
0.007201291
0.99928623
1.51743325e-05
0.0017089181
5.3145253e-09
0.0012745933
0.8452723
0.004408964
0.024031851
1.2854656e-06
0.00014930671
1.0880685e-07
0.00011266688
0.00010141908
0.0011964178
0.32302442
8.625048e-05
0.9807144
0.9999906
7.390364e-08
0.0001189951
4.4066678e-07
2.53179e-07
0.00071582943
0.0005119213
0.0036843293
0.018746851
4.5132037e-08
3.6365925e-06
2.63958e-10
7.926872e-07
2.0891454e-08
3.1953782e-06
0.00021506545
0.9807648
1.7522181e-05
0.0129109295
6.0291968e-05
0.003212608
0.0001801963
0.002373148
1.2841618e-06
0.0009262242
4.552109e-06
4.1804604e-05
1.6458512e-06
0.0002711094
0.013557837
2.1291072e-08
0.014155667
6.6477687e-06
0.8809072
0.0024632004
5.9041377e-06
9.3363434e-07
0.0001019731
8.449172e-06
5.36353e-08
0.041141473
5.4885936e-06
0.9755773
0.041827377
7.5495655e-06
3.7826658e-07
9.521194e-09
0.9874231
9.073549e-06
9.175559e-05
0.72028977
0.99985814
0.001220672
0.00046223574
6.4162387e-10
3.455979e-05
1.1888848e-07
2.7643608e-07
1.9034081e-06
1.4468328e-08
0.124716654
7.5005432e-06
1.0814194e-06
1.7522181e-05
0.99944293
0.90984106
0.00024696265
0.006618834
0.01642481
0.00014574453
