0.9723063
0.7305101
0.99893814
0.5948609
0.5012533
0.00014960355
0.0007962681
2.513299e-08
0.00012301956
0.99995935
0.10476194
0.084136814
0.00029065923
0.0008984456
0.79033506
2.5258012e-05
0.003508238
0.00026860062
5.276634e-06
0.00018344667
0.9972677
0.022719108
3.9247762e-08
0.013657227
2.5335088e-05
1.6003723e-05
6.770881e-09
0.00014292299
6.918414e-06
6.72382e-07
3.8692786e-05
0.9999148
0.25490934
0.9961667
0.00028501343
6.319056e-05
6.319056e-05
1.1530136e-05
1.6052263e-06
3.320077e-05
3.938184e-08
0.00012684101
0.8269359
0.57507646
0.042303424
0.97169703
0.022367496
1.5381675e-05
3.091254e-06
6.7281567e-06
0.004436296
2.830018e-06
0.1374679
0.45393294
0.082344696
9.7561745e-08
0.000120352495
0.9999248
0.63413566
9.6106184e-08
0.9999869
0.74237686
0.9899048
0.0009214029
0.9999937
0.3332933
7.677307e-06
5.108036e-06
0.15845545
9.810453e-07
5.0960683e-05
2.924291e-05
1.4617343e-06
8.007061e-08
0.9991206
5.0435785e-05
0.0026953123
2.4781466e-06
0.0019120041
4.1649496e-08
5.8390494e-08
0.0008855129
0.053295683
0.43111566
0.9957585
2.7432005e-05
0.0012001238
0.3332933
1.6411131e-07
0.00037878376
7.185622e-05
0.9961667
4.3344e-05
0.99999624
2.6858832e-05
2.8147617e-06
4.4578035e-05
5.792521e-05
0.00051596307
0.002913886
0.00090680155
0.997996
0.0012844787
1.4051719e-09
0.43111566
7.569591e-08
0.008604347
4.5876855e-05
0.010239446
3.134375e-05
0.43783322
7.8799906e-07
1.984336e-06
0.01131232
1.9503294e-05
0.99991757
0.99989384
2.9860912e-06
1.7784342e-07
0.0029655064
0.015161641
9.5655145e-05
4.203891e-05
1.436411e-06
1.3499471e-06
0.00043728773
3.0237634e-06
5.4319075e-06
3.317308e-08
0.3376054
0.22351862
0.99993193
3.7843037e-07
0.21093129
0.00048220053
0.001025889
0.00030066108
0.00039018277
4.450014e-05
1.1057624e-06
0.96561414
1.0189939e-06
0.0054946006
0.9999993
0.007177555
6.803707e-07
0.0040841093
0.0018441245
0.0222775
0.2925558
0.022277506
0.0008984456
0.0049484884
0.028130412
0.96497625
5.0435785e-05
5.0697676e-05
1.0
0.000148288
0.0011617126
0.94016016
0.00019406581
0.91215706
1.1170499e-07
7.7574896e-07
1.4869495e-07
6.120973e-05
0.7532222
4.565445e-05
0.99999875
0.00038220175
1.5238149e-07
0.067066416
0.52454007
6.427685e-07
0.02615362
2.2302336e-06
2.5126387e-06
6.71451e-06
0.00042263718
0.0024931675
1.7661735e-07
0.0003926803
2.2160941e-06
0.0067709694
0.0011654245
1.2072954e-06
1.1950452e-06
8.381281e-05
0.50376
0.24124505
0.02615362
4.785925e-07
1.1121518e-07
0.001329876
0.005512912
0.00047362808
2.8449875e-08
1.9503294e-05
0.00015028514
5.2292403e-08
5.77584e-07
0.00019002211
2.0555303e-06
0.00012221909
0.0060553206
5.7453008e-08
4.286573e-06
2.1182906e-05
0.0016517359
0.9999931
0.9998386
6.7111825e-05
0.00042263718
0.34527296
0.008577802
0.082344696
0.83304954
0.97730017
1.0
1.1950452e-06
0.63318163
0.00022123237
0.020901028
0.915248
0.005280232
0.0025189214
0.00011310391
0.9999837
6.752777e-06
2.604049e-06
0.292133
1.6049033e-06
1.3552472e-07
2.0388774e-05
0.0036314686
0.037030473
0.0009451655
9.4049483e-07
0.00023705146
7.5948647e-06
0.00016320398
2.482863e-07
0.0020330807
1.1902388e-06
7.6332505e-09
0.9802319
0.00435424
1.8061366e-08
1.00459465e-05
0.12505864
0.00092485646
0.018062506
0.0020642038
0.0077089127
0.013465577
0.095528185
5.124089e-07
4.1797357e-08
2.6886048e-05
0.007233685
0.0023954385
0.00088028866
0.0013337561
0.0008984456
0.0013327472
1.32425985e-05
5.8259535e-05
0.01499989
2.2160941e-06
0.9910232
6.3671505e-05
0.00014960355
1.1161624e-05
1.1600149e-05
3.5552821e-07
1.108162e-05
0.21818957
2.0777481e-06
0.03177344
0.0015914895
7.005114e-07
7.846515e-07
0.9855374
0.000148288
0.30743718
0.0013971865
0.0011191511
0.9996946
0.005384744
0.19313093
0.0021715744
1.8460961e-06
0.0015304798
0.915248
6.0338098e-05
6.958181e-07
5.7453008e-08
0.0020054986
0.027686061
