0.9983206
0.00041155354
1.8829536e-05
0.0024275894
4.5160976e-07
0.9616158
0.003785821
0.0075764023
0.00013450785
0.0019861308
1.2540635e-05
1.4356008e-08
0.999873
8.3030835e-05
3.2368033e-07
0.0003563151
9.154364e-06
2.1193807e-06
0.0012417902
4.66384e-05
7.4157373e-07
0.0055096657
0.9998725
1.4665195e-06
2.7552542e-07
0.00014618742
0.00018880016
0.00027692012
0.00017819992
0.06355963
1.0091643e-06
2.1193807e-06
7.8240083e-07
0.35190368
4.7536645e-08
1.4665195e-06
0.00021856441
0.08112049
0.00013281302
0.00028990756
0.99965274
0.00043171007
2.6862213e-05
0.85870856
6.516343e-06
7.790654e-05
0.004312337
0.024067448
1.0
0.019267615
5.53251e-07
4.782175e-07
2.3755298e-05
0.0002990504
0.00019950891
2.4943552e-05
2.6347865e-05
0.0024954693
7.864908e-06
9.420622e-07
2.8405137e-05
6.600152e-05
0.51676553
0.0068269414
0.069718964
4.4158432e-07
0.0010273884
6.7682106e-07
8.430692e-06
0.00013857704
7.0607486e-05
5.762241e-05
0.00058873306
4.562688e-06
2.7762073e-07
3.4382501e-06
0.000254898
2.7861535e-07
0.96544933
2.3331393e-07
0.99998564
0.007028788
5.6727754e-06
0.0026051744
0.0012138751
7.5289227e-06
0.0014311253
0.99999994
1.9896722e-06
0.0008852994
0.000111602734
3.7783604e-05
7.2443095e-06
5.378648e-06
0.00027393026
0.001459412
0.00470686
0.00042335127
1.4724344e-05
2.2892047e-05
0.00488817
0.0018310595
0.0014720564
1.2153913e-05
0.9917807
6.806713e-06
0.00046794344
2.566221e-07
0.64791155
7.366043e-05
0.9999809
0.97790325
0.0010522407
0.7170334
1.6901181e-06
7.8116245e-05
0.00017510427
0.098851606
0.9995295
0.9561567
0.00012645154
9.74754e-07
1.0
9.501886e-05
0.0009277513
0.008608078
0.99551874
0.014864006
4.2292095e-06
0.00033869338
0.9285757
6.1824035e-06
0.0003349386
2.7673939e-06
0.4304773
4.912932e-08
5.1341744e-05
0.0008382801
0.98712844
0.003902389
0.98453027
0.00027393026
0.0068885544
0.026913041
0.056690305
1.9391066e-06
2.652893e-06
0.00015010395
0.9998708
0.00031301784
9.716421e-07
3.7487177e-07
3.64754e-06
1.6273375e-06
1.1423696e-05
9.8959186e-05
5.980734e-07
0.0024275894
0.5283748
1.426122e-05
2.5902406e-07
0.16383107
6.659119e-05
0.0005720472
2.6701513e-05
0.0010726557
0.00064096996
0.0013408668
1.0418472e-06
0.9979319
3.2200496e-06
7.3555435e-07
3.4959718e-05
0.96333516
0.005717969
7.2194666e-06
4.9293394e-06
0.0016331404
2.6244872e-05
0.0005720472
2.2342508e-06
0.86342824
3.1592806e-06
1.5871312e-05
2.883027e-07
0.0026051744
0.9967325
0.9335116
3.4959685e-05
0.00021474947
0.27810678
0.00036044963
1.4475002e-06
0.0014387586
0.00020088538
0.42563286
0.33589888
4.7345047e-06
0.00055456185
2.4154383e-07
0.004859232
1.565979e-07
0.00488817
2.9680414e-05
0.00045755683
7.366043e-05
0.00022429723
2.4219291e-05
3.2513388e-05
1.5307972e-08
0.0003349386
0.0052955966
8.178163e-07
1.0
0.0007480051
0.06350539
1.4444427e-07
1.9368833e-06
6.557054e-05
3.6710194e-06
7.9103806e-08
2.1530461e-08
0.05180245
4.9542495e-09
0.09401993
8.617132e-05
0.00056028285
7.126445e-05
5.850208e-08
0.0016700767
0.9610075
3.0516254e-05
0.00022135158
0.20122778
2.1692265e-06
7.297671e-05
2.0403224e-08
0.9999705
5.1548875e-05
0.0002990504
2.4387496e-06
2.0246084e-06
6.8212296e-07
1.6738159e-05
3.64754e-06
2.7269378e-05
4.8988267e-07
0.002488495
4.5421773e-05
0.00013120634
7.827067e-05
0.9965518
5.9716094e-06
1.2977005e-06
7.722753e-06
0.9999798
0.00017434756
4.176009e-06
0.01810384
3.6673762e-07
2.7269378e-05
0.0012417902
5.861886e-07
4.8441777e-08
6.9686655e-05
2.0343385e-05
6.520191e-06
0.00010593102
0.07160565
0.0002745523
0.00029806385
0.9997734
0.017630087
1.4852787e-06
6.926885e-05
7.07423e-07
0.002741604
0.0006209651
0.0067736153
0.0052955966
8.062783e-07
0.0004122171
7.1038808e-06
0.99866027
0.0059308945
0.002977176
0.0006351256
0.003132055
5.626974e-05
1.2171984e-06
7.457209e-05
3.6327478e-07
3.2710778e-07
2.7673939e-06
0.0002234219
0.00037032462
3.2200496e-06
0.017630087
0.00035046012
1.0305454e-08
