1.0
0.00032715235
0.0003031884
2.819463e-08
1.6893317e-06
0.0014576314
6.1182206e-08
0.9988968
8.0138045e-05
0.00016424511
3.037566e-09
0.0010797422
0.01574449
1.1818894e-07
0.00065533083
0.00042867483
7.543992e-07
6.235751e-08
2.5690695e-05
9.738807e-07
1.627221e-07
3.994003e-08
0.0047578095
1.8251547e-09
2.6567416e-06
0.0020918427
0.042710997
1.1341465e-07
7.942068e-08
0.94109243
0.00014583573
1.1500072e-06
1.1066719e-05
6.0265357e-09
1.5304556e-08
1.1099596e-09
0.50488234
0.0010485542
2.90746e-07
0.01034629
0.00031086736
3.2693782e-07
0.00065895834
1.0968685e-06
5.668605e-08
2.8810507e-07
3.0387213e-07
1.0468324e-07
6.050681e-05
3.7477598e-06
4.0445915e-08
6.0148053e-05
6.0050127e-07
2.0504463e-05
1.4384151e-05
7.660354e-06
0.014783866
0.037203304
7.403724e-07
6.6772105e-07
2.8936263e-05
1.4171007e-09
0.0005123644
0.00020424735
2.3626207e-08
8.771171e-08
3.2941668e-06
2.0111186e-06
7.3967767e-06
9.4095485e-06
1.7848854e-06
2.7646698e-09
2.7279032e-06
0.99999994
2.4770838e-05
8.712613e-06
2.5540717e-07
0.0010975536
3.337563e-10
4.881939e-06
3.4927e-07
3.428504e-08
0.6834833
5.2339387e-06
3.8511406e-08
3.0830205e-07
1.0897541e-09
0.00026765553
3.6123237e-07
3.1314457e-07
0.663501
0.95668167
5.090925e-05
0.05886463
1.1719378e-06
2.000194e-09
8.71158e-07
1.706415e-05
9.634089e-07
1.1430674e-10
1.8254829e-08
2.8936263e-05
1.0244201e-05
8.8328994e-07
1.4942949e-06
0.70592344
0.0014576314
3.3852388e-09
9.664791e-08
8.794078e-06
2.5374703e-07
6.387334e-05
5.437249e-07
7.868104e-06
0.00068068213
4.366761e-08
0.00015057229
5.628184e-06
0.4457812
7.2119554e-05
2.8976405e-10
0.00014231022
2.1018172e-06
2.4399954e-08
1.0951633e-09
3.6344159e-09
1.2769372e-06
0.99967444
0.017356021
0.07516285
6.457915e-08
2.7803226e-09
0.48343277
0.0003987179
1.5439359e-06
0.006673788
1.31075185e-05
0.00031787012
1.8060008e-06
2.7106083e-08
8.070575e-06
0.99836594
4.4010203e-06
2.1656715e-05
1.1637224e-07
8.269758e-09
0.00043414911
5.972071e-08
4.5569304e-06
9.527425e-07
0.00012698756
1.2407048e-06
7.23139e-08
2.4424756e-07
3.5139477e-05
2.6262956e-07
1.2770398e-08
3.330097e-05
0.0040228874
2.8911018e-06
4.256178e-08
2.5702784e-10
9.7833254e-05
1.2581676e-05
5.1903476e-07
4.90181e-09
1.3070246e-05
0.60572696
0.054529615
0.00018074954
8.7810675e-11
1.7862132e-05
7.85146e-05
7.215594e-05
0.1524677
0.00016323419
6.3201537e-09
5.7011558e-08
5.3542544e-07
0.0029098128
2.4735914e-07
0.21466431
0.00050758314
1.0256977e-05
0.4200808
1.1341465e-07
1.0256977e-05
1.7990388e-06
0.9998072
3.1314457e-07
1.0981067e-06
0.01824265
3.867051e-07
0.00014588886
1.9080595e-07
1.2087954e-06
1.1030777e-05
0.00026608995
5.4309767e-05
0.0001607658
8.070575e-06
0.050853495
0.6434601
0.00013334841
0.000495509
7.023973e-08
2.9090128e-07
0.0040025683
1.0132745e-08
0.0018707624
4.985861e-06
0.50616187
3.5785058e-06
1.3443687e-06
0.96578884
0.00057329744
4.2370795e-07
4.7764593e-06
0.000558829
0.97757745
0.594364
1.5958925e-06
1.1505871e-05
1.896648e-07
0.039484516
0.000495509
0.1524677
5.426202e-06
0.11141482
6.502346e-05
1.3116672e-05
7.3780657e-09
1.255296e-07
4.366761e-08
9.889653e-06
9.515305e-05
4.3769725e-07
9.424889e-09
2.6591945e-08
0.014520424
5.679878e-06
0.50616187
2.8652291e-08
0.6057902
2.3041878e-07
1.306771e-07
1.6614052e-06
4.2758894e-10
1.4680112e-06
1.0468324e-07
0.97757745
0.03053621
4.1038634e-10
0.00024371895
1.9080595e-07
0.00065895834
0.0027214824
0.03710607
7.9631825e-08
8.780527e-06
4.5544653e-05
2.1449793e-08
8.780527e-06
7.950577e-06
0.07815414
0.0067294245
2.4424756e-07
0.5575622
0.5730067
1.5009311e-08
7.773339e-06
1.9288947e-05
3.7791967e-06
0.99995995
0.00011289487
1.601697e-07
5.821316e-05
6.653044e-05
0.0003376828
2.8852018e-08
1.2805029e-06
0.8073514
0.00013752986
5.1246417e-07
6.5698543e-07
4.8564175e-06
1.3404818e-05
9.6110945e-08
0.0027214824
1.1505871e-05
1.3585187e-06
5.972071e-08
0.885024
3.344476e-05
0.01574449
2.1925565e-08
1.8313198e-05
0.04886434
3.828817e-07
0.8878299
