0.9996233
0.017323425
0.645719
0.6682009
1.0
1.0
4.149787e-06
1.7002489e-05
1.9146875e-05
0.955763
0.99991536
0.013901823
0.3080401
7.6148e-05
0.0092284465
0.037892662
0.6895677
0.93852836
0.16402893
0.44057748
0.00041548623
0.00016003624
0.0040195733
0.9993966
0.00012493444
0.00028800117
0.14706784
0.0002737535
0.00017556235
9.790508e-07
5.0302202e-05
0.0008538886
0.8216429
0.48643705
2.1901477e-07
7.3138867e-06
0.041414484
7.0252315e-07
0.00239901
7.821755e-05
6.0252214e-06
0.99727523
2.9090153e-05
0.020451186
0.019259453
0.018312521
0.0027245784
0.0006296377
0.4529619
3.425182e-06
0.0025043208
0.00191648
1.6861062e-06
0.017726516
0.015219393
0.03947575
0.038306847
0.9995411
3.4479268e-05
0.04004492
0.048672743
3.4464276e-05
0.013088173
0.2631529
0.94629335
3.117829e-06
1.3198294e-05
0.0019121451
0.000728789
0.036619455
8.7515355e-06
7.3801334e-06
0.019820655
2.6071973e-07
0.6682653
3.1900843e-05
0.00014222096
1.9452007e-05
1.3546152e-05
0.010068586
4.3757514e-06
0.0040163407
7.6148e-05
0.0074607143
3.4199245e-05
3.3968747e-06
0.00023121593
0.08807381
0.9980359
0.00022728508
2.9601464e-05
6.862662e-05
0.026439918
4.3455e-05
0.088317275
0.79045755
0.00072160474
0.00011095937
0.018348997
1.0
0.016177079
0.0965171
1.3542277e-05
6.5183444e-06
1.9856239e-07
0.0005802512
0.013889526
0.0004930468
6.9150036e-07
0.0002633593
0.00010624624
0.00063583447
0.08001025
0.00035456242
0.0026354978
0.9568782
0.00010925908
0.60823035
0.99999917
0.0065152175
3.3049807e-07
0.9999996
0.029207427
2.818447e-05
1.0048093e-05
0.9999932
0.9931009
0.001019363
4.5586497e-05
0.639771
0.007451966
6.1723176e-06
0.037892662
0.99842095
9.62632e-05
0.000113881375
0.54699737
5.6568388e-06
4.6375194e-06
1.8900411e-07
5.4565958e-06
1.637855e-05
1.2599787e-06
0.00041822277
1.0
6.9131174e-06
0.0014860887
0.04948911
3.323699e-07
0.30174148
0.0014882456
7.864663e-05
0.9884685
4.5223483e-06
0.79045755
0.0049806293
0.001421625
0.5948044
8.644589e-06
0.02939182
0.0017794949
0.9278832
4.6622747e-05
1.14052526e-07
0.00432561
0.9999082
6.844728e-06
0.19947048
9.0175505e-05
3.65007e-06
1.0
0.00033630343
1.0
1.2435039e-06
5.5415303e-06
6.979764e-05
3.1394695e-05
0.90958166
0.000345335
0.0002022613
6.282313e-06
4.239668e-06
2.6371026e-06
0.0006389341
8.767589e-05
0.41970026
1.4520778e-05
0.00091491523
0.0014882456
0.52065945
0.99274087
0.000107620355
0.36365908
0.023833476
0.11442966
0.019255944
0.0005832671
0.00058888795
4.6533823e-05
0.99999785
0.928961
0.017935058
0.9999932
0.9919046
0.009036755
0.00024438233
3.633576e-07
2.3221453e-06
3.5515786e-05
0.00011702721
0.00051268504
0.005350288
0.0011608459
1.5621365e-05
9.4445195e-06
0.023839252
0.9349369
2.3221453e-06
0.004996452
0.0004013829
0.32183316
0.00019290078
0.0003044783
0.994586
0.00011559328
0.00030502887
0.0003877176
0.9969832
8.191837e-06
0.0007025091
0.955763
0.0010748294
0.0010031583
0.4126026
1.7942652e-06
0.00016320648
0.28809506
0.94476944
0.9884685
0.000109856555
0.9392715
3.539395e-08
3.6324614e-05
0.0024285861
0.00063573965
3.919151e-08
2.2631239e-06
2.8329554e-05
0.0029525245
0.9278832
2.5117757e-05
0.99998343
0.9999765
3.919151e-08
0.0024452345
4.4519256e-06
3.6363992e-05
1.8836582e-06
2.9601464e-05
0.0005956755
0.88720244
0.9999126
0.98074436
1.452992e-05
0.003177106
0.99991536
0.98627585
0.00089124055
0.0021844816
6.4051696e-05
0.0035555386
2.27377e-05
1.0
0.0002288346
1.2079265e-06
5.7370503e-06
0.0366131
0.95824224
0.9997658
9.004777e-06
3.280766e-05
0.000117019175
0.057234444
0.0007165536
1.9540935e-06
3.9661958e-05
0.443127
0.99348456
0.0060241073
5.2771395e-07
0.00082006026
0.86495465
3.0725996e-08
0.10202563
0.9888347
0.016444758
0.00011495946
0.04948911
3.4350538e-07
0.04876713
