0.999915
2.0407679e-06
0.00012378891
0.020628342
0.007335535
0.38395977
2.2603786e-05
4.8525042e-05
7.6106255e-05
0.00039787084
0.00020281691
0.33138427
1.2229312e-05
0.07488459
8.129056e-06
5.4283686e-07
1.267322e-05
0.0015816453
0.00024868848
0.7521834
0.024156094
1.0385158e-05
0.0054931026
0.58967924
0.011224459
0.0034488512
1.480429e-05
0.0007578156
1.2665344e-05
0.99277264
4.305205e-05
1.0282129e-06
3.827729e-06
4.002039e-05
0.00018390358
1.7009625e-05
3.1156866e-08
0.023773566
2.7775717e-05
0.017220628
0.99449855
1.7566371e-06
1.6362546e-05
0.96228635
0.00035775302
2.4021125e-07
6.955202e-06
0.0002855743
3.5376623e-05
9.642517e-05
1.6963206e-07
0.00035775302
0.00019648891
0.9903316
0.1093467
0.032790586
0.006533725
0.037177045
2.6739957e-07
5.380136e-06
8.0884834e-05
1.9255456e-06
2.3817245e-06
1.7602726e-05
0.89823675
0.23842697
2.6909442e-05
0.0014255599
0.13338515
0.11696859
0.0006571997
5.1877037e-06
3.720293e-08
0.9696799
3.8852446e-05
1.38205305e-05
4.2563347e-06
0.0011324536
0.0028328516
0.006366478
4.9874966e-06
2.8894121e-06
0.0010698559
1.4101299e-05
0.03413586
0.53440344
0.0028328516
0.00019648891
0.042494673
0.00019761737
6.173536e-06
0.96228635
0.85622203
0.66151637
3.7525704e-05
1.565786e-05
0.010310032
1.1554153e-05
0.00020125079
1.1032312e-06
0.00044718242
4.0944545e-07
7.6106255e-05
0.013269859
0.003722545
4.712023e-06
0.9999994
0.00018428416
0.809552
4.5049746e-06
0.97954315
0.0006571997
0.00029784144
2.7839224e-06
0.9999999
2.013812e-07
2.3313407e-06
0.2239273
1.9575778e-06
0.0058232606
3.5034395e-06
0.0044034296
0.00032550222
1.0
0.5724193
0.032423314
0.83884406
3.6478325e-06
0.99976784
0.0014022659
0.999921
0.80166537
0.9986595
0.00014383928
0.34843075
0.9994122
7.6106255e-05
0.5991775
0.00020754957
8.902522e-05
0.15490603
1.9255456e-06
0.000104013874
0.013448953
0.999429
1.4101299e-05
0.0028328516
2.611963e-05
0.25997186
0.015942581
7.415235e-07
0.011331198
0.000119720666
1.4101299e-05
0.00035461463
8.619486e-07
0.04352292
0.0073800916
0.006811434
0.0001256484
0.00014656372
2.1951255e-06
0.978287
0.0005872306
0.0012544552
0.00045227082
5.573548e-06
0.01038681
7.45804e-05
0.9770616
0.0016728052
0.0005007748
0.90947497
1.7202473e-06
0.99992484
0.97954315
0.00076418574
0.6068687
0.002745459
0.9993525
0.33138427
6.529997e-05
3.7498228e-07
4.6002187e-06
0.00022791006
0.01844209
0.085975476
0.033685453
3.7452767e-07
5.931524e-05
0.31961784
1.3315783e-05
0.004245075
0.99999344
0.0005480282
0.41884387
0.9993867
0.6068687
0.9999983
0.011945881
0.0107336035
0.00025183952
0.98151535
1.5461977e-05
0.71881
0.0005088244
0.124003075
0.00016386514
0.0021776233
7.415228e-07
0.3523723
9.23087e-06
0.08556165
0.9971402
0.97195125
5.232986e-05
0.25812724
0.00093355746
0.013545452
0.58798605
0.99213004
0.05022501
0.41884387
0.00074717234
0.010157699
0.044261187
8.306227e-06
3.175927e-05
0.0001240186
0.07138291
4.0917922e-07
0.000104250204
6.9029784e-06
0.34843075
0.00469385
0.9994827
0.57751316
0.0019347508
0.63628954
1.0
2.764313e-06
0.00013746784
5.482424e-07
0.14357492
0.12991047
0.00011725854
0.039250236
0.022769727
0.00021342104
0.8437306
0.9966673
0.019329254
0.007485171
0.0006678543
0.999921
0.00032451938
5.9629874e-06
4.518709e-05
9.604745e-05
0.3575172
0.88246584
0.030257624
0.9995303
0.0005007748
0.00013498016
0.9999834
0.00041229118
0.9959035
1.002121e-06
6.464726e-06
1.0224105e-05
0.000443161
5.225734e-06
0.00095295504
0.0013779354
0.8939037
1.5887067e-06
4.9307687e-06
0.9998096
0.99449855
0.00045227082
0.02073147
0.008529466
0.62322956
0.014981513
0.0011324536
1.4393276e-05
4.8769593e-08
0.0007481363
0.00032550222
0.99999875
8.206694e-06
0.08228658
0.001011976
0.00017105226
0.37798277
7.635906e-06
0.017221628
0.0005318125
0.0107336035
