1.0
0.9999965
1.5197255e-06
0.96962047
0.0016843339
0.999992
0.0001351994
0.0021651427
7.3983244e-07
0.0009765732
0.0005129261
7.0589703e-09
0.5552512
4.2364677e-06
5.1468614e-06
6.6229945e-06
0.00020098692
0.00011667744
0.018911649
5.769224e-05
0.8276899
0.0015320458
0.010376448
0.00030237663
2.4584558e-06
0.0041343784
7.387034e-06
1.2480027e-07
5.8306887e-05
0.00013805187
9.731211e-09
3.355797e-08
4.647422e-05
0.0001511794
0.028523795
0.0002464346
6.843866e-07
2.1319238e-05
0.000342535
0.00011130654
0.9001941
9.2357243e-07
1.4916614e-05
0.9996984
1.2429285e-07
9.804318e-07
0.9996196
2.7638255e-06
0.000342535
0.0013942397
8.9684924e-08
2.1564325e-05
0.0033129232
8.900013e-06
6.960622e-05
0.00087724923
3.95814e-07
0.009102658
2.9067556e-07
7.276995e-08
2.1430866e-07
0.001031534
6.1639057e-06
0.00079393067
2.983126e-07
4.3245735e-05
2.272144e-06
0.004822892
0.95035297
1.2667036e-07
2.0597243e-05
8.065635e-06
0.0022640852
1.1547169e-05
0.17669809
0.06720316
0.0032930155
0.9874573
5.4030967e-05
0.021742385
8.620288e-05
0.00019489155
1.8164496e-07
5.066855e-06
0.0005456494
1.5081539e-05
0.0030851336
5.4722973e-06
2.0130603e-06
0.0019241405
0.00012011609
0.00038210573
8.750999e-07
1.0
8.20599e-06
3.0232826e-07
0.12341101
0.00035859866
0.001915901
0.00083588396
0.9874573
2.6851168e-07
1.5140825e-05
0.0017442444
0.9957005
1.7758744e-08
2.2140358e-07
2.2140358e-07
0.009533186
6.2620176e-09
7.688495e-06
0.24933188
6.7598003e-06
2.4996991e-06
5.5865314e-07
2.329253e-05
0.0067362897
0.00021662087
0.23480164
2.700667e-05
0.078704454
1.3236172e-06
0.027974673
0.96499115
0.0063876584
1.9933707e-07
0.89289916
0.8761471
0.9957005
0.00245574
0.12229698
0.99878854
0.051799845
6.059977e-07
5.1120725e-05
0.9999152
0.24498853
1.143405e-05
5.80461e-06
0.00013219695
4.6398367e-07
4.6372622e-07
1.0327168e-06
0.001855793
0.758139
0.008237594
0.12777823
0.001804706
0.006198698
0.00095077936
5.6619614e-05
0.00018596262
0.9999884
8.1724943e-07
0.99997616
0.19508764
1.6305765e-06
1.0
2.0706862e-05
0.0009637751
4.7603333e-08
4.914423e-05
0.0004910308
0.4345689
0.8761471
1.3259849e-05
0.96962047
0.0013265655
2.2813547e-05
0.0006558907
2.7146887e-06
0.0005863123
1.993424e-07
0.9915233
5.6183624e-05
2.9837612e-09
0.0005863123
0.008237594
9.973882e-07
0.00026488386
0.005630572
6.653515e-06
0.00085584034
0.009271447
1.39788135e-05
0.0018324876
0.0933465
0.00010491809
1.4493387e-06
2.3501457e-06
0.9999068
0.0002095196
0.006428264
0.003808995
3.169526e-06
3.9074024e-08
1.0550132e-06
3.6715228e-05
2.0263374e-06
0.000119023134
0.00020909849
1.4319385e-06
1.276343e-06
0.9559042
1.28489855e-05
4.4834582e-07
2.5691008e-06
0.31372485
0.002814558
0.0054853945
2.3224524e-05
0.17633712
0.9777813
9.731211e-09
0.008431455
2.5514523e-06
0.9897679
2.8861547e-07
1.3915342e-05
0.9973277
0.00026324636
0.008666145
4.8444406e-05
2.5708907e-05
0.9642572
1.9729987e-05
0.0002621821
6.411693e-07
0.00033378977
1.9633137e-05
1.779243e-06
7.1915423e-07
0.009271447
8.447338e-07
0.9999998
0.80024666
1.0150251e-06
9.362468e-07
0.009355409
0.00046171984
0.006256417
2.106396e-06
0.000108115106
0.0001451861
0.0006558907
3.3229022e-05
2.407704e-05
1.0150251e-06
0.99999994
5.012287e-06
1.993424e-07
4.022914e-06
3.8602156e-08
8.4076515e-07
3.3229022e-05
0.9999984
0.029603178
6.5178824e-08
3.579078e-05
6.1003734e-06
9.6402735e-05
0.0050221174
1.025325e-05
0.00011667744
9.861471e-07
0.86992395
0.00017526028
2.398725e-06
0.0011185857
3.851189e-05
4.6182504e-06
2.6462072e-07
1.276343e-06
7.501005e-07
0.052265167
0.998328
2.0263374e-06
0.00076901994
0.94146013
3.239683e-06
0.005816021
0.009353133
1.1715031e-06
0.0070637013
0.013350562
0.00072129874
5.3882937e-05
0.0017697394
3.630182e-06
0.036879413
0.0044162497
1.288534e-06
1.4218333e-06
0.0036361024
0.9999689
0.0044162497
0.0003393521
5.9516555e-05
0.001379647
0.00089143374
