0.0008881797
4.4928146e-07
1.4824944e-08
0.002350561
2.4966468e-05
2.4732339e-05
0.9488372
3.5035558e-07
0.00025666924
0.0011484869
0.00030905972
3.8963736e-07
0.0017242482
0.20777881
8.731312e-05
0.2803394
0.007738778
0.005381027
5.118637e-06
3.544595e-05
5.3967375e-07
0.16237974
3.6527926e-08
7.501215e-05
0.98182297
3.8808864e-08
0.00030497886
0.5913236
4.054119e-05
4.4264434e-05
0.99664927
0.00051415863
7.359824e-07
4.7932055e-08
4.3852684e-05
8.6209126e-05
8.4221094e-05
6.7972964e-05
0.9505735
0.99247485
1.5016418e-07
0.00013679756
0.0022141961
0.9999149
1.186186e-07
4.75542e-06
1.09596876e-07
0.010988311
0.0035108826
4.7388997e-07
5.796223e-05
0.7878959
0.0002622058
0.00087563327
4.385143e-05
0.00030288936
0.00051415863
9.4621936e-07
0.99664927
0.99772084
3.6772486e-05
0.0018419061
1.0896734e-06
8.072117e-05
1.9229221e-05
1.7468507e-06
5.7441142e-05
0.9973143
0.0010109773
7.5154196e-05
1.2284285e-06
5.9899467e-05
0.00010810397
0.00033918925
0.01853577
0.00013452016
0.94950676
4.24147e-07
0.99995875
0.0010939284
0.65033543
0.0029015779
0.9999969
0.14734027
3.8129823e-05
0.0021369206
7.3595265e-06
1.20185505e-05
0.00022194415
0.056315143
5.796223e-05
0.0005527189
0.97438383
0.118197896
0.09342664
9.8097626e-05
2.5661598e-06
3.1575117e-05
4.0279697e-06
0.00046895773
0.9972066
3.867674e-08
1.7523067e-05
0.000120441124
0.9956961
0.0092947865
3.247963e-07
2.6555268e-05
4.3893827e-08
0.0010858115
0.00026469323
0.0006916506
2.446735e-07
7.208078e-05
9.386908e-06
2.9072928e-06
2.489049e-05
0.012706116
0.00056665717
0.03855806
0.9644775
0.0014421236
3.220732e-05
0.00021843857
8.320521e-06
1.915321e-07
7.522178e-09
2.0905798e-05
0.00030717734
1.0
2.226661e-06
2.3242576e-08
1.8110775e-05
0.5714908
1.7789257e-06
4.451079e-08
8.072117e-05
1.0920394e-05
2.6114851e-06
2.8655467e-07
0.9945714
0.007386193
0.0634075
0.00014600842
0.006288615
0.00014084361
0.99955904
0.2085021
1.1100067e-08
0.27358836
1.0368288e-06
0.000111377885
4.9280234e-06
1.3754905e-05
0.00032178394
8.320521e-06
0.19658566
3.3725044e-06
1.0105521e-05
0.29341632
0.0005618982
1.4105236e-06
0.03849986
1.0
0.99955904
1.3754905e-05
7.5656017e-06
1.0
2.4420872e-06
1.5644684e-07
9.4959155e-08
4.4928146e-07
0.9056526
0.00020858356
0.004246345
0.9170842
4.795958e-08
0.00023360334
6.625981e-07
0.0024823605
0.00013452016
0.99892247
0.0002622058
1.3721029e-06
0.985327
5.504658e-05
0.9542972
9.8762435e-08
0.003578816
7.489897e-07
0.020603176
5.3601012e-05
0.09342664
0.0004667397
0.65941536
0.0015683695
0.050303724
0.052676268
0.9991076
0.004876836
0.0018894973
0.00015835195
2.1260765e-07
5.243251e-06
1.19751435e-08
8.000085e-08
9.0807345e-07
0.007908055
6.970707e-06
0.0043690703
0.104830295
0.0008936193
1.8555929e-07
1.1007956e-07
0.19085717
5.694961e-07
0.9747587
0.0014421236
0.97068524
0.97782326
5.026705e-06
6.7754314e-08
0.0006211424
1.0961504e-05
3.061655e-07
2.7622523e-06
4.520933e-05
1.8308658e-05
0.12195217
3.155306e-06
1.4172997e-05
0.002477549
0.99991167
1.7054861e-05
2.9442012e-06
0.0011481948
1.5818702e-06
4.3112814e-05
0.20777881
0.005967741
0.2521354
0.00022824146
0.001623256
0.2099854
1.0
3.0978857e-08
7.73234e-07
0.00015835195
3.0978857e-08
3.7872058e-05
0.6139735
0.003773493
0.00097429816
1.865317e-06
4.7380496e-08
3.6527926e-08
1.2284285e-06
0.9995774
0.00014809865
5.5127428e-05
1.7234317e-05
6.770599e-07
0.000103200975
0.2253486
3.0740237e-06
0.000463489
0.00010710989
1.1638496e-08
2.1326875e-06
0.9022269
4.5998587e-07
0.98625696
2.4097715e-05
0.10069606
4.7968274e-06
1.0319596e-06
0.83286643
7.547622e-06
5.220399e-06
9.5107396e-07
3.5567612e-06
1.2033871e-06
0.27358836
0.033090632
0.00071032066
3.0438898e-07
3.0424257e-05
0.0003711131
4.7380496e-08
0.0011667385
0.0010633093
0.14277408
0.11040086
0.9995242
0.0010633093
0.0006046402
0.00010565924
0.008509002
1.2724959e-07
0.10494146
