1.0
1.0
0.026959859
0.9904847
4.409451e-07
3.5970214e-05
0.00020235698
4.4174094e-08
0.0014588325
0.00020515747
2.8310971e-05
1.7450358e-06
0.92384714
9.4275325e-09
2.483375e-06
0.000119968885
0.9972051
0.0006356936
5.8296046e-05
8.889282e-07
0.0003416644
2.0163294e-07
5.0255746e-08
0.0002119678
0.92891824
8.1139384e-05
6.441357e-08
0.005356628
0.00062467565
9.686124e-08
4.8628685e-06
0.0002910097
0.00017051634
0.00027859033
0.006337156
1.3522468e-07
2.9856867e-06
0.00043967692
1.7019913e-05
0.9977351
0.042307615
0.00028352227
0.00010358993
0.0031263907
0.0009435325
0.016207092
1.4448257e-05
0.99998266
7.37473e-06
2.6048736e-05
0.0006480307
0.0001576616
0.995077
1.6101526e-06
5.5930163e-09
1.269197e-07
0.00012998571
3.0977258e-06
1.0281839e-07
0.98750526
1.42365755e-08
3.2845006e-07
4.2947195e-06
0.0009857697
0.98112017
3.5573137e-07
6.6539263e-10
4.5324687e-06
4.250194e-06
3.486689e-08
6.1263404e-06
2.0040356e-09
1.842849e-06
3.850421e-07
7.222717e-06
0.9986404
1.8184512e-06
0.048719823
0.99996406
8.653798e-09
0.0015006241
5.45418e-07
1.5648833e-07
0.00036783263
0.0009191324
3.2643005e-05
1.8244929e-06
0.6663198
5.0616853e-09
0.9995774
1.3046785e-08
3.0595456e-05
0.00048060363
0.00010358993
2.0328318e-07
3.342091e-06
0.99992627
0.00011837909
0.00062467565
9.425723e-06
0.00027263974
2.8087632e-06
4.791716e-06
0.035805635
2.8884595e-05
0.3744472
0.51560926
2.5960423e-07
0.0006376165
0.00051967154
0.0031100062
0.0006393812
0.0014572511
0.2590145
3.1637098e-06
0.0013367465
0.0002375569
2.5523832e-05
3.643136e-05
1.8886965e-08
1.0
0.99341434
3.8587513e-07
5.5812652e-05
1.6319786e-05
0.9977756
0.00012995745
3.1292782e-07
0.9455368
0.06974348
0.26291612
0.00015456826
6.877011e-06
4.409451e-07
5.030215e-06
0.015714193
4.409451e-07
1.6403495e-05
0.0001558658
0.00020749358
0.98112017
8.473983e-08
2.2760827e-05
2.8144477e-06
0.00015456826
0.0059872107
0.0013750625
0.98112017
5.146626e-06
0.00015364954
0.00039271358
9.883366e-05
7.172994e-08
0.0027504915
4.292727e-08
4.7798832e-05
1.2552715e-08
0.0020883577
0.8761266
0.05335059
5.811111e-05
0.0049010413
2.5208348e-07
2.8900078e-07
5.575297e-06
0.99996114
5.996292e-07
0.0024574273
4.5887e-06
0.9998122
0.06570815
6.8292684e-06
0.93009263
1.7771566e-05
4.372214e-06
0.23569217
0.00015364954
2.3251649e-05
3.845166e-06
1.3673972e-05
2.1012452e-09
2.8473546e-06
9.859864e-07
0.00015996606
0.0020018865
8.514925e-08
2.062655e-05
1.3653046e-05
8.654711e-06
6.702229e-05
1.1605919e-06
0.9522043
0.0004396765
2.144751e-07
0.06853287
4.7490605e-08
3.3379075e-07
6.3671296e-06
0.99576986
0.0002119678
0.9995369
0.9940608
9.427319e-05
3.8759005e-08
2.2760827e-05
2.1479728e-07
1.2189578e-07
0.00010358993
2.8732745e-07
6.811011e-08
2.6741394e-05
0.0016328294
0.012628432
4.115156e-05
3.845166e-06
9.1837e-05
0.00043292996
8.526141e-06
4.7148592e-07
4.4903516e-07
6.0475863e-06
1.227639e-05
2.453014e-05
6.0687566e-05
1.7170989e-07
0.0007308212
0.99576986
5.0555504e-06
3.0701862e-08
0.0006259767
0.2167046
1.71557e-07
9.8421544e-05
0.0020916737
1.0
0.0031263907
0.800992
0.17063265
0.00042048137
2.9270923e-05
4.556307e-05
0.010659192
2.6377858e-05
0.0012281546
1.5764901e-05
0.00033990544
4.036337e-06
0.51560926
0.0014572497
0.00015941971
0.99998266
0.00097580865
0.0002534464
1.7975288e-05
1.41605305e-08
0.00061816256
7.003484e-06
4.2198144e-06
2.5943866e-06
2.4079221e-05
3.0595456e-05
0.3603602
0.0001209669
0.0067147664
3.643136e-05
1.7756867e-06
0.78088623
0.879704
0.9995215
0.0008840106
0.0026674084
0.00038648248
0.6488111
3.285158e-05
2.1746908e-05
1.2232545e-08
0.00036232264
0.00017210422
2.3367248e-09
4.110903e-07
2.9617635e-07
2.0466292e-07
4.115249e-08
2.1261758e-07
0.0007887269
1.0402822e-05
0.05353948
5.7671357e-09
0.00020520012
0.99909306
0.96754473
0.0011412454
0.8501277
4.409026e-07
0.9999981
0.9848344
1.3189424e-05
2.9307321e-08
5.202899e-06
0.015618205
