0.9999931
2.8520375e-07
1.1113009e-05
1.3109288e-09
8.697868e-08
7.93477e-08
0.02398213
2.680544e-10
1.7299094e-06
2.5698776e-06
0.0004860003
0.011042002
1.5221609e-06
3.341682e-07
6.263561e-05
1.101667e-05
3.9023478e-05
0.0001453637
0.0002996675
2.4687014e-07
5.540406e-09
8.8970506e-07
5.178844e-05
1.2018005e-07
2.4231103e-06
0.99991965
8.326364e-06
1.9191198e-08
3.4499422e-07
0.0002996675
0.0019354195
0.97893065
0.98862976
1.4858773e-05
1.2674624e-07
0.0001564577
0.14324331
0.00022175505
0.00010922554
0.8918237
2.0365354e-08
1.8905632e-05
0.008103479
0.0005468412
6.7108114e-05
2.0448068e-05
5.2037676e-06
0.011871425
6.039016e-06
0.0143196555
2.6768363e-05
6.0889994e-05
1.3588129e-06
4.720676e-08
0.038549416
7.93477e-08
5.492922e-08
4.6123128e-06
4.4395904e-08
0.0011499528
5.846625e-09
0.013557187
3.0473655e-06
4.9755776e-08
0.40123564
9.432156e-07
2.149607e-06
0.00037390273
4.0350865e-06
0.063099995
1.7595781e-07
1.2567361e-06
0.00074908015
2.2571864e-08
2.477629e-09
0.40215164
2.0448435e-06
1.0841362e-06
7.056293e-05
0.00018890064
0.57915026
0.054695595
0.09407055
1.1027421e-06
0.46401972
1.7969757e-08
3.6373794e-07
5.7320844e-06
0.002130506
4.2753996e-05
0.00015191319
4.2023003e-05
3.0911394e-08
1.0
8.315114e-07
4.503403e-05
1.207809e-06
1.7698486e-08
9.209548e-06
1.3179951e-07
6.8426e-06
5.2967778e-08
1.1903801e-07
2.149607e-06
0.000120325414
1.7312423e-08
1.9762716e-05
6.224937e-08
1.2337465e-09
3.1591547e-08
3.8560984e-06
7.186878e-06
0.00033199097
0.9439951
1.1027421e-06
9.928575e-07
0.0143196555
0.025922466
1.6184988e-05
7.263257e-05
0.0013485702
3.571302e-06
0.999803
1.569003e-05
0.016076589
0.05363751
0.0049942834
0.0015487721
2.134649e-06
0.9271214
1.5362573e-05
4.4846854e-07
7.193491e-08
1.7093657e-07
1.4256134e-06
5.2967778e-08
1.2075339e-05
8.455834e-07
2.6459033e-05
2.2907524e-07
3.0020876e-05
0.009382928
7.220555e-06
0.006860775
5.667228e-05
7.8318486e-08
0.00042227714
0.00011860688
1.8434498e-08
1.3015696e-07
2.3878494e-05
3.955532e-10
1.4994532e-05
5.4859406e-06
3.0446902e-06
2.0282862e-08
4.2225647e-08
5.828593e-05
3.9343337e-05
0.0005303672
1.0081076e-09
4.0836734e-09
1.0237589e-05
0.9840467
1.8684493e-07
2.149607e-06
7.8097706e-05
0.00046373537
1.15169705e-05
5.050641e-07
3.1198148e-11
3.3838896e-09
0.000109082735
2.568787e-06
2.0656075e-06
0.99973464
8.919075e-05
1.0211399e-08
4.689739e-05
0.009257581
2.8208131e-08
1.3050604e-10
0.039289534
7.6418524e-05
0.00019398035
0.003703799
7.296369e-08
6.868769e-11
5.2021176e-05
6.613357e-06
0.9998204
1.569003e-05
7.0044925e-06
0.065773465
0.43170828
2.4575345e-06
0.038549416
0.072724506
0.035752714
0.9976176
1.4763255e-06
1.2091011e-05
3.1591547e-08
2.9229948e-08
0.9888314
1.9509134e-05
9.978581e-07
7.465917e-06
0.9036065
1.8915935e-06
0.9636394
3.51942e-09
2.0199747e-07
0.002122043
5.499988e-05
0.9995371
0.9999903
1.5627642e-06
0.0007235614
0.000119579876
0.0001599859
2.0794063e-07
1.3884787e-08
3.2310174e-07
3.5709647e-06
2.8838244e-07
5.9765895e-05
2.443479e-08
1.5121609e-08
0.016076589
1.181268e-06
0.00047909055
0.004160673
3.4146346e-06
2.3473605e-07
9.489716e-05
0.9755476
6.176494e-08
2.8767342e-06
9.457818e-07
2.7198874e-09
1.7843811e-05
2.7078158e-05
1.569003e-05
0.00031161067
4.0123584e-08
7.056293e-05
0.0072763464
4.0961437e-05
1.4256134e-06
3.4751934e-05
0.7242171
3.3974207e-05
2.8140963e-07
1.7595781e-07
0.99447703
0.00033199097
0.019123258
0.14368497
0.0002717066
5.87895e-06
2.4663517e-05
5.2828997e-10
0.96729535
2.5751425e-09
0.44272023
0.106894165
2.7611686e-05
2.5353602e-08
1.348705e-07
0.9999104
1.27137945e-08
5.0896406e-06
2.8043974e-08
1.3884787e-08
0.98862976
0.0015171242
3.2027285e-05
3.1871714e-05
2.8487668e-06
0.9936203
0.2774272
6.8252746e-09
0.006860775
1.9462492e-05
0.000294062
1.6887144e-08
0.0083354
0.7242171
7.811634e-08
4.2097254e-06
0.00314125
3.7464026e-05
0.059488248
0.999803
5.0240986e-05
0.0001453637
0.00064554525
0.0001535514
1.6059353e-06
