0.0019480388
0.373673
0.9878019
0.009099253
6.4969577e-06
0.009120224
1.6569114e-05
3.4369226e-05
0.00013619286
0.0004551816
4.475821e-06
1.2843057e-05
0.8869185
0.0025320952
0.0055846265
1.2389522e-07
3.5056768e-05
6.45016e-05
2.640724e-07
0.00091303163
6.4367296e-06
1.1353185e-07
0.001351937
4.8437385e-05
4.3479698e-08
0.0002852657
0.0006088812
3.2930344e-05
0.0057143914
0.0002643142
0.0024951594
0.50279874
4.286904e-06
1.1007384e-06
6.62861e-07
3.3376983e-09
1.539111e-05
0.00016205461
0.0007971959
0.038088918
0.000101909616
0.9240172
6.617647e-05
5.8012617e-08
2.514405e-07
3.110067e-05
2.1159892e-09
2.7093165e-07
6.6721674e-05
2.0443622e-05
0.024978776
0.30786705
0.026389904
0.008591868
1.3162559e-05
0.0021259876
1.0707825e-08
1.2972504e-05
6.7212823e-06
0.010902276
0.0010074462
3.9737378e-07
0.0002540728
3.5655845e-05
4.095841e-07
4.2914486e-05
7.4637576e-08
0.9999409
0.5136923
0.00091303163
4.0238115e-06
0.0003551839
0.0002592754
0.00074043113
8.952527e-07
6.43875e-09
2.7687984e-06
0.00015124601
5.721806e-06
0.0003551839
1.2746793e-08
6.488116e-06
0.00036514382
0.0038724542
3.5450844e-07
2.7687984e-06
7.191732e-09
1.7304393e-09
0.00025880145
5.1624447e-06
0.018333104
0.015698947
0.89979064
0.00025587564
0.0012774689
0.0024951594
7.6375346e-07
3.0801933e-05
6.244981e-07
3.1257005e-05
2.1054805e-06
3.664244e-06
8.584829e-06
0.00012763364
4.598404e-05
1.2893057e-07
0.023574365
0.00016714277
1.0345433e-06
0.00032248138
6.821399e-06
2.5800357e-08
0.00012324465
1.0129469e-05
0.2029115
3.2945234e-05
1.552634e-05
6.8208734e-05
9.182685e-06
1.6935486e-09
0.037783884
0.6750656
0.00030334684
0.00077074365
0.034259584
1.7184055e-08
0.9974405
3.9761375e-07
2.2751797e-06
1.0113524e-05
1.3580921e-05
6.8584103e-07
0.52540517
9.558732e-07
1.8962834e-05
0.94315326
8.396035e-08
1.1007384e-06
0.0001399117
7.3599344e-09
6.2669905e-08
0.00048190553
2.3085806e-05
3.6665933e-06
1.0
7.159665e-06
1.2393766e-05
1.634729e-07
4.997721e-05
0.00039559594
3.5830297e-07
0.00053981476
8.747113e-08
0.00038457426
3.0891658e-07
7.353017e-05
2.945797e-07
0.9952317
0.99397415
0.00012842033
3.2248757e-08
1.1151802e-06
3.4120607e-05
1.1116889e-06
3.290366e-05
1.1950843e-05
3.7141628e-05
0.99997115
2.1393518e-07
7.980538e-06
0.0006945007
1.2150257e-07
0.0006266811
5.6172814e-07
0.9999267
3.3180444e-05
0.9972728
5.3423214e-06
1.941048e-05
6.451501e-08
0.00054993393
7.582306e-07
8.255891e-07
0.00074043113
0.0019703917
0.00042136174
0.00088152674
2.1760952e-06
0.1567894
6.9366746e-05
5.9591503e-06
0.88994926
0.0002579764
1.3780015e-06
1.8245694e-06
0.15655331
9.707871e-09
2.8819486e-06
3.434696e-08
1.2411946e-05
2.7900197e-07
5.6919e-06
3.9737378e-07
0.002851337
5.0881413e-06
0.0034448889
1.3137551e-06
0.9999688
7.638538e-05
1.8011094e-07
5.3745052e-06
2.2087426e-05
9.912041e-05
3.7141628e-05
7.341996e-05
0.0019654788
0.058693368
0.011672155
1.37632505e-05
9.912041e-05
1.2410147e-05
3.7232112e-06
5.965189e-06
0.0073123765
0.019520137
2.4990816e-09
2.2673314e-07
0.99966264
1.7760051e-06
0.0025320952
0.00055887
0.9966049
5.721806e-06
1.0797654e-08
3.1756633e-07
0.9305565
0.9993373
3.4487112e-08
4.6998157e-06
1.1190357e-05
1.0
1.2762055e-06
1.923586e-05
0.00042602647
9.890634e-06
7.975556e-08
0.00059112324
6.092269e-05
0.5136923
6.8499e-06
0.000310324
0.9999564
0.010902276
1.9785292e-08
0.6488887
0.0006945007
5.30007e-06
0.00039559594
0.006104305
1.8794286e-05
0.00012449277
0.041220658
7.4152564e-07
1.238644e-05
0.7770731
5.2603038e-05
0.030453399
1.01151386e-07
4.0238115e-06
0.00019543883
1.6921254e-05
0.08063063
1.7069937e-06
0.0017528238
0.001921868
0.0050883344
0.9992726
1.844189e-05
0.0051099537
0.0060429466
0.00021262848
2.853225e-05
5.131634e-05
0.0024951594
4.254283e-05
0.21123856
0.0003599452
0.05758347
5.433649e-09
0.37555096
0.9450657
1.4275234e-06
0.99998105
1.3050231e-05
4.6466066e-05
0.03320191
5.06993e-07
0.0005681179
1.2068259e-05
1.6565258e-05
