0.9999884
0.9999971
0.0035898925
5.880627e-08
1.7310944e-07
5.039811e-07
7.149969e-05
1.3461724e-05
0.000100500256
2.3527326e-07
1.9505338e-05
0.003482964
2.7469891e-08
7.239836e-07
0.00010991177
0.00046884958
0.9924513
1.5074287e-09
1.9677075e-06
2.3225193e-09
1.6002679e-06
3.4639e-08
9.482099e-06
0.00021597907
1.1875223e-08
0.99988276
3.616846e-08
0.032243136
0.00012691105
0.00027229634
3.2544474e-05
0.00047586928
0.057169937
3.2413582e-06
0.3774069
1.705241e-08
2.093625e-06
0.9999993
2.1728158e-07
1.2521052e-06
1.3461724e-05
1.6804829e-07
1.5465568e-08
9.650411e-07
9.1602544e-08
3.8621457e-07
3.3272783e-05
4.5007905e-08
2.8855547e-07
3.4361358e-06
7.102972e-09
2.1320233e-05
0.21129012
4.3001005e-06
8.5045416e-05
2.7817376e-10
7.2882176e-07
1.0981506e-06
8.832225e-07
0.032023232
6.6173147e-09
3.5997477e-06
2.1365747e-07
9.9913166e-05
0.8814409
6.565407e-07
1.0647013e-08
6.316899e-05
2.739664e-07
1.838881e-08
0.0403126
0.00052320835
0.002654459
8.945171e-06
1.0164495e-07
2.5436236e-08
4.1146527e-07
0.93441266
0.00020848731
0.0021945303
1.75211e-09
3.4374174e-05
2.578716e-09
1.1294017e-07
0.00014225405
0.013136394
0.12272534
0.00046884958
1.6972931e-06
0.95517933
0.00023048738
2.3234959e-07
2.6242526e-06
0.016697735
0.0005259755
0.0006085015
0.0001005642
1.0146534e-06
3.1784768e-06
0.818556
0.0001005642
1.3340146e-07
0.46155387
8.77132e-05
9.62428e-09
8.302596e-10
0.23826408
1.6676788e-06
6.763712e-05
5.917304e-05
3.2052434e-05
6.6276e-06
9.391692e-09
3.1414825e-06
0.00025475392
1.0995129e-06
2.9152222e-08
1.6658905e-06
7.502833e-06
2.7368333e-06
0.11939052
1.9906496e-08
0.0030348226
4.7502017e-05
0.0050379294
0.00455356
7.1288957e-09
3.4868137e-09
1.4332036e-06
0.15536247
0.1935252
9.123289e-08
1.3620612e-05
2.0021014e-06
1.0845222e-05
3.7160703e-07
2.8235752e-07
3.4361358e-06
0.996518
2.5638052e-05
1.2753794e-06
0.0005462541
8.44743e-05
9.1610985e-07
0.00017453384
7.4523164e-06
1.5160273e-05
3.4407808e-08
0.028297327
0.00011782647
0.98674726
2.0903924e-05
1.2753794e-06
0.10127614
1.2753262e-08
8.31328e-06
0.00031140397
0.00010258334
5.917304e-05
9.790811e-08
2.0092964e-05
4.5914344e-08
1.1417524e-08
8.019182e-08
0.09734363
5.102857e-05
9.75903e-06
2.5672303e-05
1.1857975e-06
0.9476467
3.440033e-08
0.00079043786
7.4532827e-06
0.41359308
3.7986586e-06
2.0665793e-08
1.8339938e-07
6.537529e-08
2.3386188e-05
2.4819333e-09
0.010815765
0.0019428402
5.8279038e-05
6.9960146e-07
0.9704642
1.6730678e-06
9.053549e-06
1.6331693e-06
0.9999997
0.12272534
0.0004455453
1.4612841e-06
2.0408594e-08
5.8603824e-08
5.485977e-06
4.3782393e-06
1.148107e-06
6.656845e-07
1.9294025e-07
2.2158337e-09
2.84491e-09
0.047243673
7.283785e-08
0.08633662
0.00022220671
1.0090815e-06
2.4087373e-07
6.617382e-06
0.99488395
0.6609617
0.023374602
3.7593324e-08
2.6738727e-08
2.7931772e-05
5.0322274e-07
4.6428417e-05
8.77132e-05
9.790811e-08
1.1509362e-05
3.4503544e-06
2.7517144e-06
3.179188e-05
0.8814409
5.4353342e-05
7.7095143e-07
3.7107939e-06
0.8704051
5.0763738e-08
1.5074287e-09
8.6625696e-05
2.6361922e-06
9.546834e-07
2.1807717e-05
3.845826e-08
1.9505338e-05
3.179188e-05
0.9999997
2.924066e-07
9.851179e-07
0.9838664
0.0003029015
8.832225e-07
0.9704642
0.9970772
4.719948e-05
2.91211e-08
1.2521052e-06
0.9999993
5.0322274e-07
1.3723463e-06
2.3066761e-08
2.4744228e-05
0.0001005642
5.6436922e-05
7.283785e-08
5.485977e-06
9.724541e-07
1.0
2.6361922e-06
0.9995416
4.7249463e-07
0.00042234117
0.029321253
2.0635698e-05
2.0408594e-08
4.9043933e-08
0.0096927285
5.3539813e-09
3.554e-08
0.96708107
4.95853e-07
4.3582823e-08
0.0030348226
3.6535803e-07
0.008980844
0.00032310118
4.7631286e-09
1.4659441e-08
5.7714624e-07
5.070781e-07
4.387824e-06
3.4675257e-10
0.033596594
1.2027319e-06
5.0713222e-08
4.800983e-07
3.6034717e-09
5.527858e-07
6.617382e-06
2.8671903e-09
5.0872495e-07
2.636247e-08
1.0600327e-08
2.0323297e-07
0.0020523993
0.00044330128
0.016697735
9.402683e-08
0.10047318
3.318701e-07
