0.0019997957
6.424941e-05
3.5632388e-07
3.0774427e-09
0.00021374525
7.2855464e-06
0.0010135996
9.1159485e-08
7.299456e-06
4.3416826e-06
0.85150266
4.0903134e-07
7.6547735e-08
2.6723131e-07
0.7193684
0.9999675
2.4907987e-07
7.5817866e-08
4.3284093e-08
1.2124484e-06
0.0003819273
4.9557482e-05
3.129116e-08
6.647298e-05
1.7218492e-06
0.00025303522
1.1212626e-09
6.744332e-07
0.011156274
1.3759891e-05
0.00010127885
4.0203286e-06
1.6829335e-07
1.5413523e-05
0.022170609
4.579966e-05
8.755007e-05
0.26933828
0.0040293457
0.001115197
1.0558678e-08
0.027861672
0.045310464
6.4021166e-05
9.440902e-09
0.00047191783
0.9999984
1.8605572e-08
1.3882298e-05
3.3622343e-06
3.0231665e-06
0.000578054
2.920304e-07
0.0036375488
1.5193995e-06
0.00010443159
1.3310628e-05
0.0010044804
0.9995586
0.0016373581
7.657762e-06
0.000114062444
0.99210185
0.00507709
7.3044583e-07
0.00010750937
9.2437197e-10
7.0905216e-08
3.158083e-07
6.670437e-05
5.1322857e-08
0.00016460085
2.9758285e-06
0.0006497366
8.507543e-05
0.9974552
6.3894163e-06
0.007416208
0.024252458
5.27679e-06
0.09823166
1.1495034e-07
0.99998397
0.0031422132
0.7518742
0.0007781431
0.99990183
0.17493998
4.3611093e-05
3.1418745e-05
0.10281702
5.517114e-08
7.709891e-06
4.3072767e-08
0.00069128454
6.504569e-08
2.7915574e-08
0.005185938
0.0036375488
0.009830765
5.327599e-05
0.00019337426
7.7105733e-07
0.00082329905
0.02303052
5.927009e-07
0.0002973044
1.1006788e-05
4.813407e-06
0.011465705
0.00015756242
8.881603e-09
1.3218974e-07
1.1834786e-07
0.99993265
4.996186e-07
2.2090846e-06
2.624437e-08
0.75071657
1.5633988e-05
0.15990391
2.9758285e-06
2.6709197e-06
1.4358385e-06
1.9322497e-09
0.0017341749
7.2105377e-07
2.3575112e-05
6.847678e-05
0.09823166
0.99913245
8.557531e-09
1.0
1.7218492e-06
8.7878456e-05
0.00019946726
0.00095923495
1.2034573e-05
0.00042258803
0.0005106618
2.3514944e-07
1.4988063e-06
0.92704004
0.9958396
8.357007e-06
2.9812936e-06
4.620467e-09
0.00016931936
3.0599775e-05
2.5525962e-06
0.0010714169
0.9113301
0.9832392
2.694927e-07
1.246944e-05
0.000118045995
0.003459933
2.4961897e-05
0.0006858854
0.0001227091
1.0391433e-06
0.0031422132
0.00018726279
2.9104447e-07
2.6709197e-06
0.0007579222
0.00059650216
0.9647694
0.97174567
1.9281444e-07
4.0364566e-06
1.07755195e-05
0.5160998
0.004176136
6.4021166e-05
1.7709275e-05
0.00050370704
0.0008326485
4.6804654e-08
4.6213245e-07
9.674234e-08
3.1135867e-05
0.0008013201
1.8320405e-08
2.9856024e-05
0.053346556
0.009462905
0.00084410934
4.778883e-06
0.0015607332
9.0821895e-06
1.8452335e-08
0.0036375488
0.0018104643
0.00084410934
0.004507537
0.19063532
8.87331e-08
2.5341807e-08
0.03582496
5.3698767e-07
2.0184094e-05
1.2572527e-06
9.1315715e-06
0.0014325714
6.0861436e-07
0.024690753
5.8669364e-08
0.0031058532
5.552094e-06
0.0977972
1.4761787e-07
0.0001615626
3.5765293e-05
0.00789483
0.008768841
3.0043788e-05
0.02463958
3.9481947e-05
2.153863e-06
0.036952008
0.00036478526
5.1883976e-08
3.1091142e-06
3.9481947e-05
7.510464e-06
5.9772734e-05
0.0015974987
3.2182277e-07
4.4219615e-08
0.00034871043
0.5160998
8.356972e-08
0.96800435
5.310508e-06
0.002016482
0.0063540107
3.3293378e-05
0.00057896046
2.8587846e-10
0.0008970402
1.2145698e-05
0.01833406
6.0222093e-05
0.00015756242
9.4753864e-07
4.1541415e-09
0.2521673
2.1789776e-05
0.004694514
0.9998698
5.5111786e-06
0.96800435
1.7348462e-05
0.9877291
8.435782e-05
1.5731026e-09
0.00021704075
6.4021166e-05
6.1248875e-07
5.4161418e-09
7.152957e-05
0.0004105958
0.000578054
1.5566016e-07
1.1418312e-07
0.324365
1.45609365e-05
0.017028203
1.5651668e-07
2.5506872e-05
2.9348107e-07
0.06229159
0.00024109324
0.78285146
0.00039289784
0.00018034996
5.5111786e-06
2.775988e-09
1.5633988e-05
4.4985012e-05
0.0008177988
7.271486e-07
0.0023713636
2.6817332e-08
0.9785268
1.420512e-05
0.88040626
4.4985012e-05
7.6363555e-08
2.251772e-06
2.876139e-06
0.011814808
0.009117996
3.352449e-05
0.9647694
0.022170609
0.012028162
0.012749011
4.1541415e-09
