0.053848162
0.060691662
8.226903e-06
5.5556546e-09
0.9965714
2.6606767e-06
0.00060770713
3.2632233e-05
0.0011438444
1.4541456e-06
0.0005422493
0.00017116091
0.9999342
0.00042139165
1.70308e-07
1.1822723e-08
0.96586424
0.00060770713
1.2972126e-07
6.3235865e-07
0.6494804
9.8513934e-05
7.286809e-05
7.348202e-05
1.4038112e-06
6.3235865e-07
0.005607664
0.0018511958
7.46803e-08
0.90010685
0.24535379
0.00025403016
0.68194467
2.8384315e-05
9.519583e-06
0.00024277851
0.0033959327
0.3416566
0.0018672016
0.0005602428
7.727261e-07
0.0015685884
0.07364918
3.4660155e-07
0.0015994635
6.2930585e-06
0.00013027806
1.1503217e-05
4.328185e-06
0.00021604786
1.2972126e-07
4.3148022e-05
0.9375553
5.485505e-07
5.6215634e-07
3.3231095e-07
0.00025403016
3.818854e-08
1.1585787e-05
0.90177256
1.851135e-05
0.99813694
5.3293978e-05
1.2240625e-07
5.127247e-07
8.430357e-07
0.0050021564
0.0032183423
0.008934636
0.01804314
2.6768994e-06
0.999616
7.748803e-08
0.11676645
1.7560588e-08
8.904113e-07
0.00026018245
3.7928015e-07
4.4998997e-05
0.031014994
4.752494e-05
0.005286281
1.2491113e-05
0.0038386434
0.0008982007
0.0011556532
2.2542607e-05
0.9999997
0.001968908
0.99999994
0.005286281
3.6765683e-05
0.39901498
0.11926204
0.0015864674
2.1581256e-05
8.0889775e-05
7.037993e-05
0.9823271
0.0085804425
2.7420445e-05
9.146373e-05
5.7371108e-06
0.95294666
0.7978025
0.0078656245
0.00021141637
0.00045907588
0.017559864
0.0019338654
5.962631e-05
1.3831664e-07
0.00065773167
0.9606827
0.001609689
6.593848e-05
1.6978273e-06
0.00074927794
0.0037441486
2.0256192e-07
0.0046308874
0.00039202403
0.0004899169
2.8661842e-09
1.13888755e-05
0.0008278977
1.4223989e-06
0.0036274355
5.1651918e-05
2.6768994e-06
9.947121e-05
7.0016476e-06
7.4325806e-05
1.3299678e-05
1.2491113e-05
4.4641106e-06
0.9942095
0.00014473328
0.2710468
6.350368e-06
0.35238138
0.06777399
0.20707932
0.00022119124
0.0012356091
8.8219724e-07
0.044110883
8.684157e-07
5.1651918e-05
0.2807415
0.019934084
9.383066e-08
4.115392e-05
0.03130512
0.9979341
0.0041724234
2.019343e-07
0.00038985914
8.279661e-06
4.8331267e-06
5.0439394e-05
0.00052676746
0.008906752
2.4322508e-06
0.00075277477
1.9636846e-05
1.749188e-05
0.99719113
2.0266755e-06
4.2523396e-08
2.7669175e-05
0.0040389867
4.1622414e-05
7.4404143e-06
0.0030117792
0.00012252202
0.13010566
9.246009e-05
7.426279e-06
0.001364102
0.12089156
3.0547913e-06
0.032710228
2.724918e-05
3.222896e-07
0.005286281
0.0017015905
0.704033
7.421653e-08
3.4938495e-07
0.43664157
9.348369e-06
0.26825088
3.7941714e-05
5.485505e-07
0.00042283544
0.000868335
0.9999109
1.8520972e-06
4.5328992e-08
0.0037091202
7.0244744e-07
2.4693983e-07
0.13862492
0.0010212025
0.0003197701
0.9105229
2.397284e-05
0.004734879
0.00430561
6.2457855e-07
1.5264042e-05
7.312084e-08
3.2632233e-05
4.07837e-05
5.1606472e-05
0.00029036507
2.2700106e-06
2.7631586e-06
0.00022532501
0.33185625
1.1812684e-05
0.0008383863
2.3570408e-06
0.00014923212
0.0016533682
0.0044289664
1.2972126e-07
0.6920894
4.308544e-05
0.0002617028
0.9947019
2.5338255e-05
1.4341448e-08
0.00052026304
0.004660816
1.5360814e-06
0.00015842021
7.286809e-05
0.2807415
7.894057e-06
1.5945719e-06
0.47028804
0.008370046
0.002525139
4.1375148e-07
2.606924e-06
1.3352877e-06
0.9942095
4.4241472e-07
6.8760926e-07
0.00768572
0.00016240297
0.3539333
1.4673925e-06
0.0019320236
1.1938336e-05
2.9726189e-05
0.3621724
0.020127885
1.1549224e-08
0.21827248
0.00038439303
1.7560588e-08
0.15238781
2.2097531e-08
0.79668224
0.06983664
0.0005423615
0.999616
4.1407358e-07
1.5042439e-05
0.999994
0.00016194124
8.531395e-06
0.08940655
0.00010428391
4.5738907e-05
8.825355e-07
0.0015685884
1.8570388e-06
0.003843734
7.7360573e-07
0.00025903844
0.0009720761
1.8078645e-05
1.16792286e-07
3.440914e-05
4.7919902e-06
6.976099e-05
0.0004370056
8.337663e-06
1.6834369e-05
0.00051722664
3.5742355e-06
5.2325213e-06
1.1237337e-05
3.487178e-05
7.469167e-09
0.99999106
