0.9999999
0.5004323
0.00484854
0.0008754301
0.0049470444
3.9811375e-06
0.10426092
3.5158195e-07
2.06572e-08
0.0018448401
1.0524724e-05
8.136828e-09
2.06572e-08
2.8504795e-07
0.35103768
7.1183064e-07
0.94284004
1.585055e-06
5.3601216e-05
0.0064869206
0.00016224572
0.082013056
2.4452995e-05
0.23565969
9.0394515e-06
6.7452197e-07
0.019352641
6.562227e-07
7.9057485e-05
2.9518378e-07
0.93326837
4.036985e-07
7.3575643e-07
9.075816e-05
0.0024418554
8.7117485e-08
0.0048752627
4.5788394e-05
0.10232376
0.00023050541
2.2401422e-05
2.7516299e-08
0.0029781684
0.03792427
1.9621893e-07
0.0009657403
8.6754983e-07
0.0006268991
0.003564971
0.99999994
0.0037589674
1.6732542e-05
1.1102194e-05
0.9999321
0.0004409365
1.1151595e-07
0.00019174862
3.7982296e-05
7.9387803e-07
0.073293425
0.0014949057
0.4993123
4.1293002e-05
1.2897959e-05
3.0683987e-05
0.8462558
1.8963376e-05
1.4386703e-06
0.6278949
1.2225138e-05
2.3512381e-08
0.0005346006
3.2000088e-07
2.2447914e-08
2.0540904e-08
0.9999562
9.356148e-09
0.22305577
0.9968889
2.1699734e-06
0.01900452
2.7033746e-08
0.028992105
1.6100394e-05
3.1367172e-08
1.361028e-06
3.4374814e-08
2.2074273e-06
1.2795857e-07
1.1069453e-08
7.9345955e-06
0.00073445385
0.00016095967
2.1643253e-05
8.3208255e-07
1.9950605e-06
5.771865e-05
1.3136533e-07
1.3814897e-06
2.9518378e-07
0.9993597
0.002248242
0.00043213193
8.18253e-06
5.691204e-05
3.1334184e-05
1.4912526e-06
0.31281272
0.00018024528
7.5754065e-06
1.642297e-05
0.0017699795
0.70288426
6.398563e-06
1.0597678e-06
2.5469476e-06
0.23731335
0.0057818824
2.6899027e-09
7.600386e-06
2.143002e-06
2.159635e-08
0.0012190186
0.097304486
0.9998815
0.002909322
7.0716663e-07
0.0023106337
0.00012861971
0.00016095967
0.00024388795
0.0015558368
0.00021495023
6.372824e-07
0.97141284
0.00065270544
0.99999976
8.040174e-05
1.3515957e-05
0.0019190146
8.149448e-06
0.12130985
5.240092e-06
6.678269e-06
9.326581e-07
0.0003101767
0.00023544316
0.00011728202
0.00019888442
3.398127e-05
0.0006402206
1.7018516e-05
7.137359e-06
0.5240708
1.1318518e-05
0.00013263078
4.1979783e-06
6.1038605e-07
4.039753e-06
2.2896597e-08
0.00023508201
4.5066068e-07
0.0007044342
4.3840863e-08
1.0496375e-07
0.3368708
0.00065195694
0.1160059
3.978086e-06
0.076170035
3.7061466e-07
4.4782675e-09
1.0797123e-07
3.3874174e-05
1.3136533e-07
7.180728e-07
0.9999657
1.4299311e-05
2.5949953e-06
2.7423808e-09
7.5878035e-07
7.078629e-06
0.88598514
0.0022271771
2.8682296e-05
0.0001780632
1.6326368e-05
0.00028955535
2.6980466e-05
7.4152005e-05
0.06876158
0.00046696066
0.0005576621
0.015665207
3.0683987e-05
1.2151304e-06
0.00026206038
0.01923318
4.366278e-08
1.2046768e-05
0.0005694472
0.00026004482
0.0015610423
4.113808e-06
0.0005415133
6.117065e-07
0.9952628
3.0870322e-06
3.7447765e-07
0.00046640928
0.0010825136
1.4214577e-07
2.2447914e-08
0.0003101767
1.2151304e-06
4.522633e-06
0.95057184
0.008167837
0.00016088234
0.93326837
1.6356508e-07
1.812864e-07
0.9992012
0.00041578856
0.99429464
2.7516299e-08
7.622879e-07
0.104451984
8.421984e-07
0.0015779571
1.0002888e-05
0.0003008142
0.0004074187
0.0019852086
5.481744e-08
1.4299311e-05
0.00015532738
5.4496168e-06
5.212544e-06
0.0002699374
1.7799355e-06
2.2879498e-05
8.0059607e-07
9.089899e-05
0.001945529
2.02674e-05
0.00013269682
4.5788394e-05
0.0011603831
3.4441499e-07
8.7980186e-07
0.007942753
0.9996457
0.3368708
9.513792e-06
1.1102194e-05
6.071516e-06
2.886421e-06
2.873976e-07
4.21795e-05
1.7065998e-06
7.9387803e-07
0.001878522
3.137261e-06
0.0007264235
0.22946279
0.00084590766
2.3104109e-05
3.9734416e-05
0.9996224
4.6443296e-05
0.00044156198
0.00027493786
3.4014305e-05
1.152827e-06
8.7980186e-07
9.688822e-08
0.9992291
0.4993123
0.0016995465
7.765752e-06
7.0716663e-07
0.00023378382
2.5950449e-06
3.464231e-07
4.9606723e-07
0.0010352209
0.9996981
1.1746861e-08
4.6400797e-05
0.5624663
0.99814534
5.4080974e-05
0.00014943788
5.500792e-06
0.019352641
0.9693081
8.014264e-06
0.8839261
8.19505e-05
