0.9998477
0.00019224914
0.9673325
0.0012367083
1.5447944e-07
3.9755377e-10
0.011338594
8.0237623e-07
1.6505524e-05
0.0001130914
4.392685e-06
2.6986694e-05
5.177848e-06
4.812636e-06
0.7950176
2.6899559e-06
4.5925123e-07
0.16287433
0.00018886497
6.6800766e-07
9.774018e-08
0.001121686
0.0016059934
0.00010326821
2.536105e-08
4.0868702e-08
0.003867932
0.0007814357
0.93266106
0.0023265358
1.8125279e-08
0.9996651
0.99988925
1.2354882e-05
4.5087054e-05
0.64168334
2.436475e-05
3.0117797e-05
0.034071866
0.0015765168
8.544675e-06
0.99995416
3.2151984e-06
0.0001651577
0.0027631263
0.10277951
0.008586735
1.2826932e-06
0.28537104
2.81799e-05
0.0009342333
0.18316026
1.0358156e-05
7.637112e-07
6.337087e-05
2.7371849e-05
0.4410794
3.8095166e-06
6.472098e-06
6.997679e-05
1.2902757e-05
5.905815e-05
9.0604956e-08
4.8189697e-05
3.052512e-07
0.0057365964
2.2246404e-06
0.8852954
1.4674244e-07
2.1148875e-05
0.0019184612
0.0025668119
0.9382682
0.002019156
3.2267337e-08
8.809951e-06
0.08639842
0.10333334
6.5589506e-06
1.2035259e-06
5.9429563e-09
0.13841955
4.611072e-06
2.1148875e-05
0.0014793031
0.0012367083
0.00054900016
0.00016865501
0.0035699713
0.016542383
0.0018070732
2.0770953e-07
5.4740094e-06
0.0022081526
7.811373e-06
1.9533537e-08
0.98396075
4.611072e-06
1.1296725e-05
1.3761811e-09
0.00015670389
1.0400617e-07
2.0065947e-05
0.9607657
5.905815e-05
5.392076e-08
0.00033615693
8.756718e-07
6.254047e-05
1.4020201e-05
0.0004421365
0.00035102255
0.00020558984
3.6028968e-07
3.125787e-05
5.99632e-07
0.00044860778
2.8369843e-06
3.3480482e-08
0.0047027785
0.00054900016
0.8709243
9.8094235e-09
2.1823902e-05
0.00072834187
7.5332724e-07
0.95652765
0.9999685
0.89309514
0.0011259763
0.05780995
0.0008880782
6.2490662e-06
0.00013523291
0.0003902951
3.554635e-06
0.0010097596
2.6401449e-06
0.95733494
0.033210926
2.9971157e-05
0.98479545
9.740174e-06
1.5620992e-05
0.018329509
0.24701102
0.0012761494
5.6185193e-08
2.463483e-09
0.00022414244
0.7020095
1.3979293e-05
1.1938868e-06
1.5317894e-06
0.00014849174
4.495675e-09
0.0002343632
7.306396e-08
1.0814266e-06
2.1655588e-07
1.0724768e-06
0.027848411
4.729008e-07
0.004307066
8.544675e-06
0.037893176
1.2050939e-08
1.2608497e-05
1.936071e-06
5.3862124e-07
0.060487755
0.8336319
0.8509154
0.0007112578
6.706935e-05
2.4463934e-05
0.001713934
0.00020110501
7.770598e-05
3.2421925e-05
0.10765478
1.9913992e-05
9.563016e-05
5.9102e-08
1.0
0.05197211
4.664336e-06
0.17142487
6.659632e-05
0.00045533828
7.551868e-08
0.9769472
3.3809692e-07
1.2050939e-08
5.8985417e-09
1.7112707e-06
0.00010360811
4.701568e-10
1.590761e-06
4.219299e-06
2.2093347e-05
0.010703306
0.06899868
0.10333334
3.4083002e-06
0.00015144864
0.92939836
6.8723233e-07
8.156601e-06
6.665465e-05
0.0007112578
0.0017609013
0.00081076426
2.0059888e-06
3.0133715e-05
6.908702e-06
0.012511213
1.6387672e-07
0.006625673
0.2772489
0.99969804
5.7520054e-07
2.1315793e-06
8.266501e-06
2.821763e-05
1.9935128e-06
8.4366974e-08
0.8509154
6.254047e-05
5.4740094e-06
0.000111609654
3.4418458e-06
1.1250195e-06
0.8974416
0.0006860874
0.99947613
0.00045748317
8.8909495e-05
1.9908186e-06
0.99947613
2.953472e-05
0.004307066
0.0005204764
9.269192e-05
0.0016995894
6.2961626e-05
0.00017921088
1.5179697e-07
1.18351e-05
1.7553412e-09
0.99999094
0.005694821
0.00042028844
1.8700941e-06
4.3986861e-07
0.9769472
0.86572033
4.611072e-06
2.0619771e-07
0.0047618975
0.2895145
0.00042023955
0.00045533868
1.2826932e-06
1.0136267e-07
0.19700667
0.31061178
9.2212055e-08
0.00020558984
0.0021674526
5.9131693e-05
5.581132e-05
8.6441805e-09
0.028231071
0.0009829389
0.0007112578
0.9999656
0.00021949332
7.5631965e-07
9.545665e-06
4.134677e-06
0.0003624164
0.0017808793
0.36559066
1.18351e-05
0.00012547958
1.366614e-07
9.1298825e-06
0.006625673
0.000106088715
3.3834917e-07
2.068891e-07
0.9898536
0.00022222367
2.670797e-07
2.4439527e-07
9.266465e-08
0.999206
0.0011146007
0.007663568
