0.9999999
1.0
1.0
1.0
1.0
6.992576e-05
0.9999948
3.4230023e-08
7.768946e-05
2.0645108e-05
0.68513715
0.0004928908
0.00025835793
2.2568074e-05
6.829399e-05
4.0661835e-06
4.411307e-06
0.9819316
0.99976027
0.000738455
6.896412e-08
3.440873e-08
1.4338078e-06
1.15286724e-07
1.2568999e-05
0.0010896096
0.0014974102
0.0018936286
1.2783945e-06
1.1690372e-07
2.1409678e-05
3.8812905e-07
2.6448853e-07
6.3735206e-06
2.3577422e-06
0.007738152
0.000105775776
5.948807e-05
0.19812594
1.4504004e-05
9.803432e-05
0.99368364
0.00014886119
0.00022460581
0.16235195
0.99885905
0.0059854654
1.9186629e-07
7.5576884e-07
0.0001723535
1.7686725e-05
0.0006752798
5.7801222e-05
7.710424e-09
1.9566394e-07
8.5139976e-07
2.207736e-05
0.17796993
2.720771e-08
3.8325616e-06
5.037714e-06
0.67635095
2.9636905e-07
0.5676545
1.761025e-05
2.1269252e-06
1.8906838e-05
1.3006662e-07
7.661291e-05
0.00010768225
0.03378733
0.00023884074
1.2270874e-07
5.3268115e-05
0.069947034
6.2704257e-06
1.8625369e-06
7.603581e-07
2.1477817e-05
6.730795e-05
9.505008e-09
1.0357247e-05
4.3992204e-06
1.07794676e-07
1.9583233e-07
0.00014576233
0.9561272
0.9999976
3.1939842e-05
0.23784617
7.881585e-08
5.8242706e-05
3.3541205e-08
2.4513935e-10
0.00014758085
5.2651597e-08
0.00013351496
3.816639e-05
4.4205117e-07
0.90131104
0.95987844
1.0641657e-05
0.00010768225
1.7822096e-08
6.864012e-08
0.000108561086
0.9999998
1.1455978e-05
2.0446726e-07
5.7652354e-08
0.0022711556
4.3814327e-07
1.4999986e-07
9.499967e-06
0.8856498
3.8159233e-06
0.0112475725
5.9320195e-07
0.03378733
1.1657025e-08
1.80478e-06
2.0989248e-06
3.1634644e-09
1.0188695e-08
2.1246882e-09
6.5691252e-09
1.6273882e-08
0.9984772
8.1502694e-05
8.0644195e-06
0.9543123
3.1370103e-08
1.8075427e-08
2.867442e-05
0.00052792
4.6226655e-06
0.00022888478
2.660956e-06
2.932592e-07
5.8738173e-05
7.2822813e-06
8.811313e-08
2.4459796e-06
0.0018936286
3.7074014e-07
2.2110341e-06
0.8171646
0.12306146
0.007611954
6.7892984e-07
0.097471625
0.9987439
2.660956e-06
5.030004e-06
5.0369557e-08
0.9999995
1.06174146e-10
4.5916096e-08
1.643464e-07
4.710244e-06
7.863898e-05
1.5162199e-10
2.1465569e-06
1.6587408e-06
2.6304615e-06
2.0237069e-06
0.9920682
0.28169018
2.3853137e-05
3.1881664e-09
0.999952
3.487528e-07
3.15148e-09
4.675888e-08
0.96822226
0.013913542
2.575641e-06
0.0018936286
0.0015151124
5.8196424e-06
1.06174146e-10
4.868344e-08
0.01544677
0.00035262026
0.00035262026
0.007925889
0.00042935126
0.99986565
6.2513694e-10
5.1019992e-06
7.901544e-08
0.012542275
1.0239659e-05
5.3268115e-05
3.116462e-10
3.6669535e-06
0.94204867
0.006891161
0.00053665094
5.0789214e-07
2.4836761e-05
2.01697e-05
1.0082293e-06
0.00010790387
3.7879644e-08
2.1269252e-06
1.2665034e-06
0.0007399589
0.0005591953
7.086108e-10
1.211407e-06
6.67203e-08
0.6177277
1.1630656e-07
9.8028895e-06
6.2203316e-07
5.828982e-05
0.7133862
1.1746899e-07
2.0872155e-06
7.03816e-06
0.999708
0.0006067158
1.3641828e-07
2.5748262e-05
1.0673287e-05
1.6587408e-06
4.547111e-06
1.6276528e-05
4.5888934e-05
1.1298655e-06
0.0005070311
2.2358929e-05
9.807359e-06
0.00026059532
0.9999995
1.3618937e-07
6.83527e-08
1.4110336e-06
1.0
0.00013836566
3.465695e-07
5.2540876e-05
1.3876514e-05
8.385971e-06
4.4596025e-08
1.2739647e-08
0.005487112
1.4829498e-08
0.07045633
8.370833e-07
4.9782074e-07
1.9056886e-05
0.7133862
0.36609727
0.98860055
0.00017598167
2.729986e-09
2.5721502e-07
4.189504e-05
0.036676712
6.6653147e-06
0.8267899
1.9560778e-07
4.947358e-08
0.1667104
1.4310553e-05
0.9241622
5.686427e-09
4.5066297e-09
6.043326e-06
0.0039536026
0.00026160953
0.9920682
8.613144e-08
1.6460019e-06
0.93181896
1.860597e-07
0.00011154944
2.7973358e-05
4.547111e-06
3.284319e-07
1.0797201e-08
4.046969e-05
0.09249661
0.001148022
0.00012452184
1.8625369e-06
1.5878206e-06
2.373076e-08
0.073774084
1.4310553e-05
2.243204e-07
4.2174062e-07
1.1298655e-06
0.23003525
7.871016e-06
0.0623885
0.63896084
4.503418e-08
