0.99999565
0.00014138155
0.54792696
9.927186e-06
5.3774675e-05
3.4058762e-06
2.061292e-06
7.5084785e-08
7.4420323e-06
2.2114727e-06
4.9701765e-07
7.853014e-06
4.1339696e-05
1.351746e-08
2.0123225e-05
8.052595e-08
0.00044792666
0.9863014
0.9999997
0.008259864
4.442858e-06
3.4242404e-07
0.00016897437
0.043454863
8.206866e-06
2.4523677e-06
0.0013402298
0.9999968
1.3816133e-07
0.0011492053
1.1428869e-07
3.816902e-08
8.651096e-06
0.12115185
5.2640685e-06
2.3154877e-08
2.3333622e-09
4.987179e-07
0.03685085
2.2579685e-07
4.430413e-05
2.5540012e-06
7.974256e-05
0.00012573288
7.379997e-08
4.3012636e-07
0.0006139773
0.99998343
8.468408e-05
0.8221458
1.0
2.4508083e-06
4.2754355e-06
0.7361219
3.6804938e-08
9.109552e-08
8.199451e-05
1.1443444e-06
2.3017592e-05
5.55851e-06
2.587836e-07
1.355392e-07
3.8310663e-08
1.4042534e-05
9.0605107e-07
6.9114895e-07
0.00022219401
5.937226e-08
3.4059735e-06
4.6849727e-06
0.71757704
1.2742515e-08
2.1659677e-07
0.0007030603
2.2211442e-09
2.688938e-05
0.005229544
0.99745834
0.00016629277
2.5100422e-05
1.080337e-06
0.00020547872
8.503145e-06
0.022093952
2.5225487e-08
8.667081e-05
6.7722276e-06
8.052595e-08
0.0013714241
2.2267364e-05
2.5366493e-05
8.205637e-09
9.300542e-10
6.7427116e-08
1.0238908e-06
0.0022983798
0.0010228471
3.888907e-05
0.12115185
1.2082676e-06
5.930396e-07
0.9863014
0.00031376208
2.153171e-06
3.8349307e-07
0.95772547
7.1504694e-08
3.2292954e-07
1.3841951e-05
0.00077343395
8.65736e-06
0.0012720495
1.41322635e-05
0.0012720489
7.153252e-08
3.4059735e-06
1.9162933e-05
0.9886579
5.216599e-07
0.99995095
2.5225487e-08
0.74400306
4.682924e-05
1.07545424e-10
0.0015756291
2.403378e-06
1.215053e-08
8.418962e-05
0.081887625
0.9988636
8.683646e-08
0.0022983798
4.3971906e-09
7.283062e-07
6.7370365e-06
0.003369335
3.2310192e-05
0.9985277
4.53788e-09
9.93769e-06
2.1156996e-08
0.9998286
5.17955e-05
2.8479877e-07
3.8469747e-07
0.9999997
3.9094718e-07
0.2068878
0.99991643
1.5569522e-06
0.20688787
7.6272435e-08
2.8280587e-05
1.7069206e-07
4.366243e-09
2.432227e-07
5.8814006e-08
2.480892e-09
1.8798892e-05
0.013108496
1.8966607e-07
2.6346768e-07
2.8147724e-05
0.20178585
2.403378e-06
5.7158118e-06
0.02137236
5.3977717e-05
0.00027724533
4.1339696e-05
0.080363035
2.1105729e-08
1.3823316e-09
1.8540198e-06
3.725495e-07
3.7731677e-08
5.4597898e-08
0.00086390576
0.0006460869
5.8338755e-05
2.3154877e-08
0.00084598345
1.5209971e-06
2.6323664e-06
2.2312175e-05
1.4769062e-08
6.2697145e-06
1.5576873e-09
1.134731e-05
0.5902211
3.626515e-05
3.011857e-06
0.002111813
2.0685694e-07
0.9999955
1.2742515e-08
1.8051473e-09
9.701721e-06
0.008378504
3.273755e-08
0.00012675904
0.0012532998
0.32371694
5.716051e-08
0.0016311513
0.9013913
0.9829818
8.511885e-09
7.6386124e-07
2.587836e-07
0.9999909
0.00080355856
8.206866e-06
0.59022117
0.6975652
7.5190036e-07
0.000626564
5.216599e-07
0.00031376208
3.9915347e-05
8.168816e-06
0.0010435699
0.95666504
1.2105686e-06
7.963902e-06
3.626515e-05
5.146037e-06
0.00044792666
0.021556608
0.0059872046
0.9968452
1.858169e-05
1.4913073e-05
1.215053e-08
2.5125034e-08
3.411804e-08
1.3565548e-06
1.9377615e-07
0.0008145471
0.00038047312
0.00083264534
0.0017984727
0.001258571
8.8783185e-07
0.89550847
0.025516046
0.9621882
9.0390834e-10
0.74400306
3.9092733e-06
0.17830677
0.11669449
0.7200211
8.794271e-06
1.5071599e-06
1.2640359e-06
0.00031515164
0.00010212792
8.052595e-08
1.9738234e-06
1.3730258e-06
1.2447114e-07
2.9394494e-07
0.00042429427
1.4129186e-07
0.00030165853
2.5389109e-09
1.5209971e-06
3.2662905e-05
0.9651882
5.752183e-05
0.0002605829
0.97803503
0.4525093
2.5328469e-05
0.00017019504
2.710477e-06
1.618539e-05
4.1826386e-08
6.2941115e-07
0.00084598345
0.0051806956
2.3530618e-05
0.00018755047
0.99475074
6.253543e-09
5.2640685e-06
0.0003643552
2.5943842e-07
1.190026e-07
5.1682935e-07
4.9231573e-07
3.5647812e-08
2.349707e-05
0.998924
3.9004813e-06
3.0074484e-06
3.0064795e-05
2.2378648e-09
0.99945253
