0.33286083
0.00035113117
6.320228e-07
0.004170294
6.353812e-05
5.276812e-07
0.002126003
1.8712126e-05
0.0721303
0.00089455897
0.99999964
0.103789866
0.99612695
0.98946506
0.006514619
0.99999875
0.00014067287
0.0003459169
0.9998691
1.0
0.9999971
0.99956644
0.00011953268
0.02934143
0.010338589
3.1003066e-05
2.6500814e-07
0.0040607858
0.99822104
0.9981051
0.99999946
1.0
0.99999946
0.97685987
0.99999577
0.999988
1.06184225e-05
0.99960613
0.0002493901
1.7755357e-05
0.011938713
5.0834682e-05
1.8978838e-07
4.410203e-08
0.0017313714
7.723777e-06
0.03201675
1.0510614e-06
1.1720871e-07
0.00051189645
9.91637e-05
4.7389083e-05
0.00042533237
1.5943917e-05
0.0070173554
0.0019324817
0.99998385
5.0490402e-05
0.000121304416
0.03787901
0.9441633
5.838339e-05
0.002918231
0.7143311
0.2828784
1.9437873e-06
0.4135735
1.8725943e-05
2.0152484e-06
0.00033345324
1.1258851e-07
3.7345802e-07
4.4095446e-05
0.26875016
1.4216098e-05
0.00015366933
3.6277243e-07
0.08572897
4.6239744e-05
1.0
8.402491e-08
8.917765e-05
1.3780928e-05
0.022894716
0.0001897802
0.997381
3.3463388e-05
0.00013894979
0.009870103
1.11728805e-05
0.9999931
3.574579e-05
4.968968e-07
1.4987118e-07
0.00025806448
1.0
1.6001306e-07
1.7866668e-06
0.2118308
0.0016566709
0.9187819
2.4401956e-05
0.012991965
5.1646276e-07
0.00042533237
0.00070740434
0.000107566186
0.0024476468
1.4216098e-05
7.0530834e-05
0.6554428
0.67578465
0.9961967
0.0011401838
1.2122125e-06
0.0031831204
2.4964377e-06
0.00042997426
5.580318e-05
0.0010787274
0.0026197233
0.18994528
8.256091e-05
0.8663163
0.0061124484
3.7449553e-07
0.001624046
0.00034790655
1.2119501e-06
6.2730896e-07
5.8930105e-05
8.235432e-08
0.99672365
0.0025911322
0.00020623539
5.141279e-06
0.00077660964
0.0025536232
2.567632e-05
1.7281503e-05
0.00011391613
1.9752417e-07
0.26875016
0.0029368696
5.0732207e-05
3.3907145e-07
0.0021855203
4.2347005e-05
0.00019962862
0.00012892854
0.004341908
0.3622723
0.0011010356
0.0020206333
0.21374854
0.0029888945
5.035841e-06
0.001744707
0.007841656
3.1684962e-08
0.0031831204
0.0012047328
2.2478757e-06
1.4068403e-05
8.687473e-06
2.2293964e-08
1.6700687e-08
5.4822627e-05
1.4033775e-06
3.3126312e-06
3.7828675e-06
2.3981118e-05
2.0503447e-05
1.02674585e-05
0.011400799
0.0033549087
2.567632e-05
0.08572897
2.2317633e-06
0.00021310688
6.1412035e-09
0.9783067
0.99866986
2.2293964e-08
2.0513497e-08
0.00052004267
0.00035334242
0.4135735
8.235432e-08
0.0015053536
7.738036e-06
0.0020206333
0.00016075905
0.00026426304
0.46112394
0.9999155
3.0988227e-05
0.00019595346
1.44364685e-05
3.0476824e-06
0.12056715
3.2524862e-05
0.18449534
0.26875016
6.701198e-06
0.98784804
0.0011755538
8.614059e-05
7.013223e-07
0.00950463
2.4104936e-06
1.4280763e-06
4.3652868e-05
0.0013403817
0.00016449478
0.0022226647
0.0006702592
7.332905e-09
0.00070516963
0.21147582
0.00063897244
4.7347072e-08
1.4280763e-06
9.6866415e-08
0.0031214398
0.0017125533
4.2343145e-06
0.00028130846
2.2317633e-06
0.021556228
5.2353066e-06
0.00027670636
7.7453365e-07
0.9982975
1.5089015e-06
1.3339309e-05
0.00097420486
2.5518757e-06
0.04176039
4.4894303e-08
3.7625963e-08
4.146521e-05
0.028587963
4.704708e-07
0.54225725
0.9998541
8.182266e-07
0.00010821505
0.00024465093
1.3091852e-05
1.169191e-05
6.260101e-06
1.8738812e-07
0.0026798053
7.2370312e-06
0.9986871
2.4329505e-05
2.2047252e-05
0.9500968
4.320477e-06
0.83132535
0.00010821505
7.0530834e-05
0.00064383284
0.99903476
0.02106289
0.0033091262
9.8002975e-09
4.5094366e-06
1.6277348e-06
6.398131e-05
5.8215346e-07
0.7407788
0.0006816763
0.55051804
0.0055378266
0.00038194403
9.612759e-09
0.00063529116
0.00013170863
3.2274285e-05
2.5505875e-05
0.99993837
0.024878198
6.545292e-06
0.0016040603
0.60495245
3.8142392e-07
3.3969459e-06
0.5399757
0.001353448
0.99033177
0.00031969635
3.0097121e-06
9.94758e-06
0.9999998
0.00014736052
0.0044518355
2.8610352e-06
0.0002928
