0.99452543
0.0442684
1.0
2.294285e-08
4.1471932e-05
3.6361416e-06
2.7319308e-07
7.927319e-06
0.004948223
0.0004244488
0.7176337
0.0011005244
0.0029268279
1.6024342e-05
5.9228253e-09
0.0013601383
1.1886518e-06
2.4442785e-05
1.6274835e-06
2.5595085e-08
9.082041e-05
0.00020390585
0.00021316642
0.53640443
2.495902e-06
3.202857e-08
3.520426e-07
1.778956e-08
2.0487162e-06
2.2932136e-07
3.477449e-06
6.006278e-06
1.02974545e-05
6.6330114e-07
1.0943662e-08
4.8846974e-05
0.051561687
3.6626997e-07
2.5847945e-07
1.7161346e-07
7.361187e-08
0.01085004
0.111325674
3.401927e-05
1.1427807e-06
2.5333964e-06
6.0028933e-06
2.6856833e-05
6.395165e-06
0.0014775688
3.2761042e-07
3.397764e-08
0.003948605
7.694278e-09
9.019199e-06
0.97045934
3.6651382e-08
7.487051e-06
0.7432566
8.1552635e-06
1.3067753e-05
8.068475e-07
1.9333442e-07
0.06651213
0.000171149
0.13541669
0.015682658
4.4033045e-06
1.2445986e-07
4.399506e-05
0.00025480884
6.454494e-06
1.6544925e-07
9.87217e-07
0.0004907084
2.0728915e-08
6.0194822e-09
0.0011609304
5.568193e-05
1.2423288e-07
0.00038637657
7.781075e-08
0.00044317028
7.0265315e-07
1.7728165e-05
0.023421504
0.0019717875
1.2204111e-06
2.3819806e-07
0.9999998
4.2181646e-06
0.00035312824
1.285084e-07
0.00077782804
0.71080554
0.00012023848
0.00022430385
0.000797213
5.1817125e-07
0.00029128618
6.8540686e-07
0.006895761
4.6770655e-08
0.00037559072
6.7248203e-07
0.71080554
5.1891684e-06
6.9360794e-07
1.7008432e-06
0.003948605
1.385819e-07
2.6853351e-05
0.9961673
2.6588352e-06
0.040903553
2.2550537e-06
3.1230636e-06
0.0062040696
0.00045063763
0.9958006
4.3308995e-07
1.6024342e-05
3.1566918e-07
0.0091094915
3.6651382e-08
0.0023431748
5.2553554e-05
0.06651213
0.9603205
0.0002033366
0.00032057904
3.5165052e-05
7.83533e-08
0.97863
4.156244e-08
6.313587e-09
1.5284306e-05
1.7258264e-05
8.811196e-06
2.6163186e-06
0.0002534909
0.62014073
2.1109745e-05
9.0104294e-07
3.041383e-07
0.9999999
0.0006507133
2.6118487e-06
0.00037340098
0.001882779
2.974136e-09
1.012776e-06
2.9976984e-08
0.0005692426
2.9262978e-07
9.5047335e-06
0.094737515
0.0001700591
4.6770655e-08
4.511854e-06
8.87864e-07
3.4227655e-06
1.3546502e-07
1.5074119e-05
2.7374651e-06
0.00016728116
6.416159e-08
0.001234328
1.1612015e-09
0.000468364
0.00013256933
9.880935e-05
0.07893199
2.559906e-05
4.940314e-06
8.812534e-05
1.2481931e-07
3.474428e-07
5.0148114e-06
5.8309024e-07
0.0071168514
0.07534705
0.054135114
5.954305e-08
5.5991397e-05
4.957456e-08
4.0580403e-06
4.2731567e-06
0.0007505893
1.1206045e-05
1.7148535e-07
1.23751415e-05
3.0783607e-07
2.3844881e-05
0.71080554
0.75649846
0.00019300364
1.5276217e-05
1.3472845e-05
5.3811866e-05
1.4807951e-07
0.16507652
1.4735778e-05
0.9999985
0.00030652847
8.2611757e-07
1.1069378e-05
1.00576125e-08
7.217941e-05
5.967483e-05
1.7036906e-06
0.00029128618
3.1842784e-08
2.9146663e-06
1.0111277e-06
1.7457348e-06
2.1019134e-06
0.031540398
8.812534e-05
9.082041e-05
0.00017543082
0.017125115
2.734902e-08
0.00012335423
0.9099804
1.079706e-05
0.019585442
4.5097593e-05
1.5201838e-05
0.0037558635
0.00022923203
0.92548686
1.0577641e-05
1.2989841e-07
5.549808e-05
4.5957204e-06
2.7517453e-08
3.9847614e-06
9.4562365e-06
0.99996746
0.07879869
0.0009173786
0.0018030797
5.4319083e-09
4.3654895e-06
2.1419505e-07
1.385819e-07
8.0574555e-06
5.5997697e-07
0.00030935745
0.0004695155
4.7296267e-06
3.1188556e-08
0.00010186376
2.1458854e-06
2.7764665e-06
7.2430805e-05
0.0743639
2.6586526e-06
1.5068996e-07
7.217095e-05
3.3008357e-07
5.884986e-06
1.3033036e-07
0.00014747493
0.00010064277
8.068475e-07
1.0493593e-07
0.9999329
2.3660452e-05
0.991534
0.006895761
9.121876e-06
0.9993977
1.1054261e-05
8.297815e-10
7.8690954e-10
4.1687117e-06
9.382275e-07
1.5042247e-07
2.6401112e-05
2.7035403e-05
2.3657965e-06
0.0005939844
0.039155304
0.009499504
2.4855925e-07
1.6648598e-07
1.7672619e-07
0.0021211426
7.442888e-08
8.5808416e-08
5.767265e-06
1.907499e-07
8.232699e-08
0.051561665
0.00036228102
1.4540512e-06
0.99903125
0.99990624
