0.00031931803
0.99979836
0.0002756644
3.8919876e-07
0.00012822992
9.76227e-06
0.004666777
0.37926412
6.370181e-05
0.0014011867
5.1738593e-06
0.9992497
0.0057278997
8.842282e-05
1.030731e-05
1.0820322e-06
0.6523058
0.13198483
0.00045876222
0.0009249688
0.98337436
9.3727596e-07
0.0009177239
1.6925094e-05
0.997465
0.0018068607
4.5618926e-09
0.999236
0.99347943
0.58879054
4.162361e-07
7.677833e-08
1.2088e-06
3.94471e-05
4.151996e-06
2.4233545e-05
0.0008878671
9.1151485e-08
6.367594e-07
0.006023953
0.0005656228
6.937316e-05
7.3729157e-06
1.1415931e-05
0.1232558
0.9578797
0.21786918
3.7002346e-07
0.0050037564
3.5450856e-05
2.9847084e-07
0.019907998
2.0275327e-05
0.00039784465
0.11224247
4.288185e-08
2.0286961e-06
0.00062905374
0.00029086546
0.99749774
0.0077203237
0.00053412543
8.857684e-06
2.569385e-06
0.6258372
0.0018067542
0.9999862
0.0077408105
0.00017320822
4.008935e-06
0.9952791
9.3623585e-06
5.376774e-07
0.00023103149
0.0148178525
0.0007819229
1.0193073e-07
0.001921504
0.00046517825
6.9375585e-09
3.6291672e-07
0.008823791
9.540353e-09
5.1360636e-09
0.9992497
2.7029859e-07
0.9716002
0.12323172
0.00032418914
0.99772185
1.8903287e-05
0.00096597214
2.36328e-06
5.853551e-06
0.0004869145
0.39094067
0.0013295411
0.00076276297
1.245845e-08
0.000100382254
2.1296094e-07
0.59962356
0.21360321
1.0656047e-05
7.9673134e-07
0.035011828
0.9924243
0.986595
0.00033247145
0.9999862
7.013396e-07
0.00062905374
8.752383e-09
2.119766e-05
7.733275e-05
0.0005978643
0.0776491
0.00016237696
4.7876135e-08
0.00013499123
0.00039902705
0.99984396
0.003309793
6.159676e-07
9.305177e-06
0.13098305
5.8554383e-06
0.034356017
0.00046318007
0.9989741
4.4744564e-05
2.909942e-05
0.0022103535
0.0018330485
7.6670176e-07
9.3796535e-07
0.99992067
4.621153e-05
0.9970168
3.1278e-06
7.788737e-05
0.6258372
5.0765095e-08
0.99917763
0.00016634811
1.4993939e-06
0.99969435
0.8318268
0.00010128068
0.07020017
7.830979e-05
0.0010026013
4.3269658e-05
0.0018067542
9.3292435e-08
0.00025142447
0.00240109
7.148599e-05
1.4566396e-07
0.001921504
0.0077408105
3.0598025e-05
1.3264453e-05
1.6587011e-05
0.00011061993
0.91365
0.23869509
0.95454234
0.004163076
6.8208e-08
2.264253e-06
4.621153e-05
0.030114122
0.00039902705
5.306483e-06
3.363353e-05
1.7045673e-05
0.012029863
6.367594e-07
7.7211547e-07
0.0002756644
1.3090053e-06
0.06135365
2.2457487e-05
0.00027541642
7.3729157e-06
0.0005421568
5.058357e-06
9.3727596e-07
4.0446686e-08
0.8457981
9.946321e-08
0.9995882
6.7103673e-07
0.0001385106
4.0478362e-06
0.00027541642
5.2147134e-05
0.009091956
8.794422e-08
0.00035736425
0.22675855
0.00045063547
0.0010914141
2.5401386e-07
1.5767914e-06
0.00046916743
0.95324695
9.476043e-06
0.00067696645
0.087909386
2.7928866e-06
1.6174477e-06
3.7523805e-06
4.6496305e-07
1.2618397e-05
1.2204949e-06
0.9115729
1.3973495e-05
0.0006427134
0.99993676
1.0
7.422382e-10
2.5493355e-08
1.7802512e-06
0.019907998
7.6670176e-07
1.1705839e-06
1.502773e-08
0.0007894811
1.8733748e-05
7.422382e-10
0.00047919512
0.00053412543
0.034356017
0.028877899
0.0001223546
5.4196105e-05
0.0052306377
2.4233545e-05
4.0929267e-06
2.4813334e-08
0.00037085652
2.7989682e-08
0.99999994
6.757594e-05
0.0015830895
0.00018160466
2.2423741e-07
2.099402e-07
2.4602755e-07
7.88778e-07
8.895325e-05
0.9686444
7.456041e-06
1.9755002e-09
0.00039784465
0.11224247
1.7672024e-05
0.012523202
4.2430236e-07
0.0001385106
5.4271127e-06
2.1296094e-07
0.008066366
0.14333731
0.00013886661
2.4233545e-05
5.753998e-06
9.946321e-08
0.9983543
7.733275e-05
0.20889957
0.06957816
3.8136426e-07
1.5840676e-05
0.00024339688
0.38086486
1.2070559e-06
0.02484703
1.4490289e-05
4.64947e-05
0.0011825045
0.129014
0.0014164209
0.00066142034
0.00029955152
2.5694739e-05
1.6174477e-06
0.0001942328
0.00042076188
0.00034457303
0.00045876222
1.325713e-05
3.8429793e-09
2.5032818e-05
0.12373077
2.787227e-06
0.00023760491
0.94773924
