0.6435012
1.0361693e-05
0.9998867
5.335379e-08
2.4899773e-06
3.2551989e-06
9.307738e-05
0.16248621
7.2507396e-07
4.223388e-05
0.03488554
0.0018011738
2.973919e-06
2.1465037e-06
0.00011969042
8.558644e-08
5.906594e-08
8.065312e-06
0.4569206
8.77413e-05
0.45376682
0.0012066616
0.9997978
7.182649e-05
0.30166954
1.1259403e-05
6.2711856e-06
1.3624626e-05
0.00014071821
0.037635475
0.9999998
5.594571e-05
1.3526879e-07
1.443753e-06
6.3592342e-06
0.0007184774
0.5066367
5.047115e-05
0.042200286
0.00013700277
5.5383778e-05
3.669626e-05
0.00044499905
1.2111898e-06
2.2041135e-05
1.8763589e-05
0.0025496436
4.5916463e-06
0.0036052489
0.0060563856
0.0013300539
3.6669076e-07
3.1188015e-06
0.06265177
0.0064167595
0.005003464
0.0059247725
0.0024870904
3.4208868e-05
3.0157747e-05
6.9390937e-09
0.9948776
5.8563123e-09
5.906594e-08
0.11492922
0.00087346416
5.2529526e-07
0.0011145624
1.363682e-05
5.529915e-07
8.09308e-06
3.3379183e-05
1.668563e-05
2.7943438e-06
1.8130092e-07
0.012662827
0.0006466426
0.07136091
0.005476443
1.1994788e-06
9.222059e-05
0.03488554
0.9999737
0.00023409342
2.7338594e-06
0.0012636436
0.0017365267
0.0009039449
0.8313783
8.818539e-09
1.5117159e-06
0.0012062272
0.0015809151
4.4331068e-09
0.0063458695
0.0007852771
0.3764445
0.99023205
6.965883e-08
2.3297818e-05
0.013138188
0.0030420234
0.0003484657
2.4059557e-06
6.3078456e-05
0.55671746
0.006275003
4.4559293e-08
1.3860015e-06
3.827325e-05
0.008498826
0.93193763
0.0047452673
0.017890465
0.00027574063
2.7073977e-06
6.163061e-05
0.0003484657
1.181846e-06
0.10404358
0.00593261
8.816633e-06
0.99345136
3.8711833e-06
0.0022552107
0.08145737
0.99986756
0.018498585
0.10404358
0.0012368178
0.000168265
1.2817008e-05
6.0981398e-05
6.4638733e-10
6.8001333e-07
0.0018151962
1.181846e-06
3.721608e-05
0.3373487
5.8257225e-08
0.10421155
0.7862885
5.4336692e-06
0.95846987
1.443753e-06
1.8421057e-06
0.0028962381
1.8260409e-05
6.3331618e-06
2.9358457e-06
1.740047e-06
6.558136e-08
1.0
0.99994415
0.4569206
1.8665536e-05
0.0012023012
2.6969165e-08
2.8767565e-07
0.0011515685
2.7054308e-05
1.2610289e-05
0.00079504057
0.0007852771
0.00010571759
0.1235673
1.06352e-06
1.4904009e-06
0.04338617
0.9963755
0.0001010035
0.0065461514
1.31953875e-05
7.587225e-07
0.03353661
0.16692707
0.009973749
1.4458982e-05
2.4865058e-06
0.9998863
8.8848066e-07
7.096413e-07
0.00848544
4.0642455e-05
0.0024875056
1.4327457e-05
0.008136241
1.1679211e-06
6.694363e-06
2.4202188e-06
0.99999994
3.8288567e-06
0.00015882586
3.2681564e-05
0.0012636436
6.313388e-05
0.0021583727
0.002594527
0.0039002318
0.00054954074
0.00071952405
0.10572802
0.006693596
0.4105445
0.99065423
0.007984769
5.168558e-06
0.00617227
1.0
0.9999872
1.8064163e-07
0.00039941524
6.3592342e-06
0.0002687812
2.5561715e-08
0.0077157007
2.2379954e-06
0.00045789173
0.00051074964
0.732806
0.013138188
0.00017661644
0.017890455
0.117198795
9.821856e-07
7.765035e-05
8.77413e-05
0.0014594404
3.107624e-05
0.0013918483
0.8131883
0.99065423
0.007304493
0.005725261
5.3394588e-06
0.09419864
0.0011921751
0.0012636436
0.593279
0.99473894
0.0001724837
4.308257e-06
5.9599024e-05
7.386758e-05
1.3860015e-06
0.0013804698
3.107624e-05
0.001533731
0.0009940957
7.406026e-07
0.99999124
0.9671631
0.026901472
0.8939904
2.903683e-07
5.255678e-07
2.812245e-05
7.744537e-05
0.07435015
0.00032695872
0.99945515
1.480796e-08
0.45376682
2.993254e-05
0.0022531934
1.6506092e-05
8.77413e-05
0.0024870904
0.00010803112
0.0008662583
0.079667784
5.4338796e-07
5.8219456e-08
0.012886929
0.00097075815
0.27051255
2.499022e-06
0.007872642
9.450557e-06
0.0011794217
1.692929e-05
8.120928e-06
2.0394195e-06
6.707741e-05
0.00017661644
0.5452053
1.5103676e-05
1.4547351e-06
0.0011382945
0.00011846186
6.806492e-08
0.08145737
0.011153161
0.00039941524
0.00021164185
0.012886929
1.3039169e-06
0.00010399097
4.984835e-07
5.0201474e-05
