0.0021302123
1.0
1.0
5.202122e-07
2.665497e-07
2.0911234e-07
1.0421801e-06
0.9994764
2.1086486e-05
0.9997422
5.1663864e-07
2.8712961e-08
8.304249e-07
2.6735722e-07
0.9870813
3.2805627e-05
0.0029815529
0.9705583
2.359703e-07
0.00023970834
0.004724392
1.9683894e-07
2.9827794e-05
4.1707553e-06
0.94722295
1.1597362e-07
0.00017415182
0.0001558126
0.014147671
4.1633728e-05
0.043401737
2.2635915e-07
0.83826995
1.2133833e-08
9.956491e-09
4.851562e-07
0.008579553
0.9999995
8.0656747e-07
0.8854395
0.99949133
5.0712936e-07
0.0005720213
4.4762905e-06
0.16496345
3.9913965e-09
0.83826995
0.0008793724
0.00036913133
1.2074712e-07
0.00066623924
0.00023819694
1.2706489e-05
0.98779875
0.00011416897
4.983794e-07
1.704973e-06
0.025335738
1.4293542e-09
0.000110535264
0.44788003
4.234684e-05
1.3854238e-07
5.483895e-06
4.0040673e-06
0.8296737
0.3155075
1.4625233e-07
4.0291656e-07
3.6780868e-08
1.7432361e-05
7.588499e-08
4.573623e-06
0.00034151555
2.4103001e-05
0.00043166667
0.00016936907
3.137154e-08
2.4879148e-05
0.36604965
0.000114649214
2.0001542e-05
0.33984333
0.00033620163
0.00044623134
5.563706e-07
1.25916575e-08
0.65329844
1.1907089e-08
3.45274e-07
1.1921587e-08
0.0011762443
3.0204662e-06
0.00024925772
0.017631045
0.0011120818
0.01628784
0.979375
6.380582e-09
0.830489
1.7432361e-05
0.9999979
0.9999887
1.3410803e-06
7.913465e-07
0.0010836673
6.96878e-07
0.002054152
0.04433272
3.0012347e-07
0.0007104669
9.466486e-06
0.91725427
7.4142175e-05
0.009069137
0.008579553
9.363936e-08
4.9780795e-07
0.0040538297
1.633202e-06
2.817716e-06
0.99999994
0.0011739234
0.00093638763
4.8571263e-07
6.884321e-06
0.00026230933
4.9158007e-07
7.588499e-08
0.00040737793
0.0017286291
5.765819e-06
1.1377749e-05
4.7535442e-09
1.2912605e-05
0.0062127663
0.9976421
8.884521e-08
0.99992394
0.75693274
0.20785022
0.0010257844
6.6450536e-07
0.00030878818
0.0017053303
0.0014409648
7.798421e-06
0.3155075
8.757029e-06
0.9981243
0.0134433545
3.8066403e-06
7.24127e-09
0.00030878818
0.00022740928
0.0012260783
7.7431594e-08
6.5399305e-05
5.2316238e-05
1.6839143e-06
1.1428788e-06
3.5183453e-07
0.030540954
0.830489
1.7258092e-08
0.99350387
0.013443348
6.397575e-06
4.851562e-07
9.437209e-06
2.891234e-08
0.0048694964
0.95948976
1.8424348e-07
7.912007e-09
0.848057
6.1599116e-05
0.0062127663
2.6202062e-07
2.0761736e-06
3.4379387e-05
1.6184695e-05
5.433543e-07
0.00035885687
4.9780795e-07
6.1086473e-07
2.359703e-07
9.274107e-05
5.8598735e-06
2.6779711e-08
1.3013702e-06
2.0992672e-08
4.326611e-05
1.6637725e-06
0.95948976
6.5740055e-06
0.0015453759
2.2789236e-05
0.000108170796
3.9469265e-05
4.2410008e-07
0.90241873
4.600815e-07
3.167688e-05
0.00026028644
5.021579e-08
2.6254716e-07
0.00051902403
6.8306363e-06
0.3650107
1.7719704e-07
0.77501273
8.788436e-08
1.4385042e-05
7.24127e-09
0.00041635276
4.851562e-07
3.97553e-06
0.00051479833
4.0291656e-07
3.765235e-06
0.96459
0.251609
2.8908592e-06
1.4040306e-09
2.5184316e-05
0.00048330767
0.002214089
4.513858e-08
0.10968757
0.013499762
0.00014334924
1.6671429e-06
0.99992394
3.061565e-05
0.00051479833
0.00018618474
0.00018211307
5.818e-06
0.0013599007
7.247391e-06
2.6801638e-07
7.636877e-09
0.018953169
0.00062513934
0.011045287
2.5809413e-08
1.7835746e-05
1.2338459e-06
3.9225085e-08
0.010940805
3.1597516e-08
0.002054152
3.6257356e-07
7.907451e-09
0.0012289025
1.3197908e-08
6.38597e-05
1.2508019e-06
9.507272e-06
1.9548266e-07
0.00013896583
3.0101322e-07
8.1832395e-06
8.927448e-05
4.1140825e-06
4.0291656e-07
0.52418894
0.0036905415
0.00069869764
6.243796e-07
8.5553614e-07
2.6127103e-05
0.014898978
0.059356373
6.0255843e-07
0.78622425
0.006139218
8.612817e-06
1.3513392e-05
0.92272764
0.3799667
3.4997095e-06
1.4095169e-05
1.4980702e-07
1.951535e-05
0.99999994
1.5807778e-05
0.00022740928
1.9814143e-08
4.483158e-08
0.00022670202
7.572075e-08
0.9999
0.010032378
5.0712936e-07
3.760265e-05
0.009855192
1.1978506e-07
2.362386e-05
