1.0
2.607413e-08
5.0329123e-05
8.374942e-06
1.5578891e-05
5.014057e-07
7.190088e-07
0.0006385746
3.3951733e-07
3.1002528e-06
3.074356e-07
2.5587617e-08
6.8441266e-05
0.9665914
0.0011551991
3.074356e-07
5.0203334e-06
2.0844795e-09
6.3589373e-06
6.4825376e-06
2.7459052e-06
0.0019322056
4.934739e-05
4.6119023e-08
4.786747e-07
0.982371
1.6126534e-05
0.9999066
0.0006744453
0.87828714
2.0844795e-09
1.5444938e-07
0.000589801
0.93828267
4.28558e-06
0.9956062
0.99999994
3.7554299e-10
4.2892248e-07
1.1692713e-05
5.960475e-07
1.4059136e-05
8.764388e-05
1.5855518e-05
0.9360979
1.0525099e-08
0.9632441
8.8377357e-07
2.5002128e-08
3.765181e-05
0.00101332
2.2912077e-06
2.9320485e-05
8.9323834e-07
1.453735e-05
6.6356435e-08
2.6021503e-09
2.9691879e-05
0.0024691948
7.0901706e-08
6.8304675e-05
1.957449e-08
0.00093503966
1.7768962e-06
0.99993914
8.4931963e-07
0.02865892
8.808608e-08
0.026188686
3.3787808e-07
5.669812e-06
1.2084047e-06
0.002314165
3.9667477e-05
3.9065984e-07
0.999603
1.337787e-07
3.6541833e-06
1.4811061e-06
2.0464412e-08
1.1235558e-05
3.765181e-05
1.8879983e-07
0.0012133158
0.007344057
0.0009386623
0.0043628314
0.23380215
3.8438134e-06
8.764388e-05
3.4191846e-05
4.3819009e-07
0.98188174
1.07252845e-05
7.3700235e-08
7.522683e-07
2.3647866e-05
0.018850347
0.018356908
0.027188899
2.7001468e-05
6.7010046e-07
2.621316e-06
3.0333e-05
0.0077430415
4.948463e-07
0.00091501506
0.1815071
0.00029392354
4.2612264e-05
8.8572786e-05
2.6956159e-06
0.00026793792
3.8061537e-06
4.732956e-07
6.9544136e-08
0.0017133475
4.01692e-05
3.8253935e-07
0.9693059
0.0019435568
0.011260434
4.7523777e-06
8.558033e-06
1.2184674e-07
0.5092477
8.355777e-05
1.2820027e-05
0.00044942167
0.069862895
0.99016804
0.0009386623
2.073248e-07
0.0029015308
0.99974525
5.0329123e-05
2.735132e-06
9.619274e-08
8.217015e-06
0.0007171534
0.22610056
0.9328049
5.6640998e-05
2.7459052e-06
0.9925424
0.00020193122
0.62567747
0.89870644
9.4367184e-05
0.99984795
0.000101304635
3.765181e-05
0.15754163
5.822212e-08
0.9693059
1.2706975e-09
0.18273067
0.99998593
1.6966078e-05
4.1664072e-05
0.99999434
0.0006695275
3.765181e-05
0.97682184
3.2880827e-05
0.0008795861
7.977935e-07
0.052835684
0.020599654
0.0018310202
0.9998432
4.6740656e-06
9.976907e-09
0.03630015
0.0006706042
5.822212e-08
0.058536302
0.00023945411
3.2217469e-07
0.0014953726
4.0899064e-05
1.932223e-06
0.00096014293
7.21113e-05
0.07312488
0.9999066
8.2207714e-07
0.00030394088
1.2896896e-06
8.941419e-06
3.235905e-07
4.6740656e-06
5.1572695e-08
6.0631955e-06
8.4041465e-05
1.19041825e-08
2.5661816e-07
9.13361e-07
0.024149051
3.1800657e-06
0.014543559
2.5986681e-05
2.5986435e-09
0.9781572
0.0044840276
2.040041e-09
0.09952211
3.465552e-08
0.00021293282
7.7730635e-07
3.3951733e-07
3.9065944e-07
0.00092828844
7.008558e-05
0.06940981
1.8375207e-08
4.789642e-07
3.7695754e-06
1.7768962e-06
0.9632441
0.00021293282
7.775216e-05
0.0014793426
0.0002993471
4.8470615e-06
6.0465375e-08
0.00092828803
2.9830485e-06
0.00053604797
0.00035923714
1.4951337e-05
0.98985267
0.00041783485
0.00020368627
0.0043811216
0.9997676
0.001435848
9.115932e-05
0.9556643
0.006875492
0.00012722646
0.0011551991
0.014543559
0.00030394088
2.1893151e-05
4.0646555e-06
0.4102832
0.0013800438
0.0020066546
2.711343e-07
1.1345511e-07
1.2448004e-07
0.92004025
0.000111135356
6.636208e-05
2.1467973e-07
0.00023945411
0.0022336333
5.4031894e-05
0.00082884013
0.9999974
1.7241792e-06
4.474034e-05
0.006052629
0.00012275742
3.5101284e-09
0.97682184
0.98985267
5.253251e-05
0.64426506
1.0550625e-06
4.3161015e-07
3.8835515e-05
0.00040949153
3.3352835e-06
0.0011480963
1.004221e-06
0.23613784
0.00023411664
5.1246458e-05
1.1276512e-06
4.7040444e-06
3.0322832e-07
1.84354e-05
2.9552348e-07
4.351749e-05
0.000439818
1.0807197e-05
0.00012891735
2.0344665e-05
4.1749543e-05
3.238602e-06
0.00022843022
2.2639446e-05
0.9693059
4.653255e-06
9.237267e-05
0.0006706042
0.001625542
1.181402e-06
