0.9969981
0.99724865
0.9999681
0.9999745
0.9999985
0.9998506
0.9998685
1.2949151e-06
0.877021
2.3060075e-08
4.0743396e-07
4.9401206e-06
5.494148e-08
1.0191523e-06
9.272507e-09
0.9999987
1.5235084e-07
5.629967e-06
4.9359255e-07
2.0502179e-07
1.0916416e-05
0.9998856
3.4559616e-07
1.24538415e-08
4.3879393e-07
1.0779488e-07
9.3192904e-07
1.7556222e-05
9.398955e-05
2.5801055e-06
4.077639e-05
0.0033396452
0.00011700399
0.9990218
0.11867615
3.409573e-08
5.969691e-07
0.0005572158
4.2852237e-09
0.8710722
8.0720014e-08
0.00014866743
3.83942e-08
1.4144331e-05
2.0350308e-06
6.3083775e-07
3.8868131e-07
2.1586362e-05
6.881656e-08
1.4144331e-05
5.969691e-07
1.2547769e-06
0.0058197887
2.036549e-06
1.33627545e-08
0.00061696366
5.26052e-06
6.045232e-09
6.916606e-08
0.0022676392
1.443633e-05
0.0028570245
0.00023038544
0.00013445476
9.277637e-09
1.0191523e-06
9.758768e-07
1.0794359e-08
5.7038314e-08
0.9084228
0.28355554
2.614166e-06
9.2546186e-05
2.5651925e-08
3.8656682e-07
6.654503e-07
0.85847116
8.842628e-06
2.570925e-05
0.00053273025
1.7340473e-05
3.8076863e-07
0.21218356
0.018231027
6.1876184e-05
0.99999946
6.3223327e-10
6.032277e-08
2.760804e-06
1.15966605e-08
1.0864974e-05
0.13068359
0.8532806
1.41204515e-08
1.1463392e-08
1.7556222e-05
2.8236446e-08
0.12392188
0.000250068
0.9991833
3.713263e-05
1.6408502e-07
2.9455662e-06
1.2777506e-09
1.09226415e-08
1.1679803e-10
3.943276e-06
2.4480005e-06
3.5577102e-08
0.0021789044
0.018365012
2.4012721e-05
2.413019e-06
5.5264454e-08
0.000693662
1.4379933e-08
0.0050595663
0.00036716682
0.013252669
0.018231027
2.984706e-09
2.1315532e-08
4.2796582e-05
1.1661115e-06
0.0020176587
8.5052005e-07
0.072787896
1.1245959e-08
0.08763172
1.5373695e-07
5.0057233e-06
0.0012649448
0.99056464
0.00011604741
1.5658262e-08
0.82422566
0.7490372
7.122042e-05
1.3047157e-05
0.0020176587
0.9861498
2.3334914e-09
0.7992552
1.7200131e-05
3.3009596e-06
1.7933043e-09
9.1585334e-10
0.09124374
1.6192364e-07
4.680239e-06
5.400709e-09
0.00016999668
8.678559e-09
0.5642324
0.76997393
0.8224001
0.9758894
6.745271e-07
1.5982579e-06
2.3334914e-09
0.029408244
0.00012824338
6.299816e-08
2.225884e-06
1.262314e-05
1.6225098e-08
4.000413e-09
0.00037778122
4.8612117e-05
2.880034e-07
2.6940893e-07
3.3305463e-07
0.99091923
1.5387764e-09
0.00010091685
3.2732592e-07
3.9794027e-06
5.6216424e-05
2.3839584e-06
1.0869925e-10
7.5484394e-07
4.4466606e-06
5.5020653e-05
1.0731178e-07
0.0029207475
0.00023640996
1.0472398e-07
0.9934313
3.2704294e-05
6.958698e-07
1.4277196e-05
1.0794359e-08
2.415129e-10
5.032059e-07
1.7089613e-06
1.9303867e-08
2.7323445e-05
0.03436516
0.2320235
2.294794e-06
1.7340473e-05
4.5618083e-07
0.00016233331
1.8146503e-06
0.0022893918
7.153216e-05
6.0650276e-09
2.3782635e-05
0.006719532
2.6486678e-05
4.814463e-07
2.2408328e-07
2.6371522e-08
1.4144331e-05
5.467065e-05
0.32478887
6.529441e-07
4.3385353e-05
8.09105e-09
0.00090504414
1.612785e-07
8.0720014e-08
1.928203e-06
3.0233712e-06
0.8818313
1.04610386e-07
9.443127e-07
0.00011254908
0.9994517
0.0015723993
0.021264782
4.0314524e-07
0.9991833
2.6591406e-05
1.2912875e-08
2.084528e-06
2.495457e-09
2.2746338e-08
1.42625365e-11
7.258794e-08
3.1670534e-05
3.838166e-05
2.084528e-06
2.7703284e-09
8.300567e-05
8.0359746e-09
7.693459e-07
1.7340473e-05
3.2242813e-05
5.1121015e-07
5.242323e-08
4.1977417e-09
4.077639e-05
0.55453265
3.116108e-06
0.00037151255
2.6940893e-07
2.6514212e-07
8.5052005e-07
0.00076507794
1.0864974e-05
6.2119494e-07
1.2325177e-07
9.163308e-06
1.9751828e-06
0.00046852746
1.9437799e-08
5.794328e-08
1.1245959e-08
3.9787885e-08
8.63667e-05
1.7966898e-06
0.022156602
0.99999505
2.225884e-06
2.0501215e-08
0.24332799
0.00010519257
0.99489117
3.985972e-09
0.9657522
0.0088340845
4.6947625e-07
2.255853e-11
1.9454049e-07
1.3047157e-05
8.338788e-08
2.898047e-08
6.2083484e-07
1.5796255e-06
0.0008621591
5.528022e-07
4.7385198e-05
8.918884e-06
0.38259134
1.9508646e-10
3.5275744e-07
3.1856455e-08
1.6118318e-07
1.0
