1.0
1.0895427e-05
5.3388254e-07
0.65974396
6.0655434e-06
8.1223925e-06
1.5093453e-05
0.008660956
0.15802965
1.4820902e-05
0.0005483036
1.0908693e-08
2.4736887e-06
0.24136503
0.37352738
4.6197212e-05
6.6360753e-06
0.0015188269
6.0532925e-06
0.0001465844
1.7859226e-07
2.327422e-06
5.0909926e-05
0.000118688564
0.9279746
1.5611107e-06
9.170163e-07
1.0363347e-06
1.6302052e-05
0.6469094
0.006273674
0.00080887217
2.6449168e-05
6.0532925e-06
7.202687e-06
1.2587425e-07
0.00053452625
0.000973005
0.00034088906
0.013558283
0.00034460737
3.7333208e-09
0.03428684
0.09551286
0.87828606
3.1532907e-06
7.854511e-07
0.00041399986
1.600638e-05
0.0013690112
5.9359806e-08
0.646088
4.905452e-05
0.022692775
0.0072720214
1.5160687e-07
5.740262e-07
0.03625117
0.99416333
0.0014711126
0.000111547735
1.1007427e-08
1.8660945e-08
1.05070114e-07
4.659496e-09
0.9043332
0.9561628
0.00034088906
6.305791e-07
2.9024559e-08
5.4018452e-05
0.00084672624
0.03759724
1.1498852e-05
7.0229476e-07
2.2419375e-05
4.5822316e-07
0.00066634564
9.731169e-06
4.3339784e-05
0.00030061006
0.010976585
0.0004915033
0.0010175165
0.008696434
9.288402e-06
3.1141055e-06
9.30051e-06
0.5633271
4.4479452e-06
0.9786307
6.179923e-07
2.6834714e-05
0.00028003633
0.0012614653
0.00016771718
1.2289159e-05
0.000565183
0.0011496679
3.0010106e-06
0.43462497
0.10830407
1.3783705e-07
1.8651267e-06
0.3416411
0.00028003633
0.06916309
0.0006339804
6.243363e-05
0.9394753
8.37085e-05
0.5392412
7.94689e-05
0.02000228
0.000599361
5.189295e-05
0.0006002114
4.2504857e-06
6.573213e-07
9.308573e-05
0.99977297
0.0011305345
1.4678778e-07
1.312235e-06
0.0006108336
3.0847528e-07
6.087304e-08
0.00017248947
0.0034036394
8.483992e-05
0.000565183
0.0035123709
0.00034789476
1.7256269e-06
0.9994328
0.38716915
0.00071748806
0.00042941901
0.00025851539
6.383043e-07
0.00093256356
4.145253e-09
5.1761805e-07
0.0019032347
0.00018252248
2.2350976e-05
3.0942742e-06
3.7669447e-06
5.7257677e-07
1.1211542e-08
0.0495698
6.463263e-08
0.00048021393
0.0039495765
0.9998907
6.243363e-05
0.0033281313
4.4056986e-05
1.8230776e-09
2.9121602e-06
5.5147225e-06
2.3864484e-07
0.00011877223
0.9974667
0.0005153192
0.94033504
1.0787117e-05
0.051958285
3.3712242e-09
0.00093256356
0.021177694
5.9598966e-05
0.013558283
3.4753423e-08
0.00035349993
0.000111547735
0.00010747616
2.6860107e-07
7.0797476e-05
3.756767e-05
0.0072720214
7.399179e-08
4.622259e-07
1.17889595e-05
1.0181749e-05
1.9825693e-06
0.38716915
0.487515
0.45082417
6.1364567e-06
0.07410168
0.00011987649
7.0229544e-07
0.49954113
8.134501e-06
0.011409531
0.003262347
1.358666e-05
7.735277e-06
2.9745013e-07
0.0002124684
0.9749797
0.0014355943
0.9521911
5.707173e-06
0.1086652
4.0153293e-07
1.3093997e-06
0.00018252248
4.9720484e-08
0.012814722
5.0777285e-06
0.99978507
4.510467e-08
0.013141118
2.2055901e-06
0.0004567106
0.0034004333
0.0016982792
5.408229e-06
0.057591416
0.0040811156
2.0023981e-07
1.5387559e-05
0.00027036548
2.168763e-06
0.00013078164
0.7114241
8.978161e-06
0.020193601
0.00034088906
1.5774856e-05
9.30051e-06
2.94239e-05
8.8820605e-05
5.5716613e-05
0.09122668
3.8929997e-05
0.00076993176
8.529455e-07
0.00011954431
0.0026189587
0.9969334
1.8435625e-08
8.698881e-06
0.99995756
0.0009389065
0.018160222
0.0038628608
0.00010203983
0.00020315095
0.00079239905
1.611033e-05
0.0015407227
3.4042925e-05
8.859626e-07
0.0015094582
5.1761805e-07
0.99377245
0.0027698209
0.0003674163
0.9890131
5.7330412e-06
0.020619791
8.490224e-07
3.8752432e-07
0.9941772
0.85860085
0.0027643654
0.00066634564
1.1449754e-06
1.7591314e-05
0.0013874315
9.503644e-05
8.762055e-07
0.00063605205
8.0434904e-07
1.3093997e-06
0.6360589
3.392739e-05
3.13298e-08
4.029838e-07
2.735312e-07
1.8651267e-06
0.81158763
1.7146609e-05
1.9825693e-06
1.2227703e-06
0.00081292266
0.00034959218
1.5046625e-06
2.2322092e-05
1.6781361e-05
0.00011797769
2.131137e-05
0.99851745
9.4139665e-09
2.1249505e-06
4.8967663e-06
7.608673e-07
