0.9948382
2.8075583e-05
0.0035918853
0.0021947213
6.0186466e-07
1.6189728e-05
0.0024698044
0.31056428
4.8257803e-05
1.5513436e-06
0.949875
0.00036522213
3.3875564e-05
1.1378519e-05
0.77279353
0.0002876351
8.1842404e-07
8.3888035e-06
0.014368614
0.0013701962
2.648828e-06
4.7355655e-07
4.2611693e-05
0.0005521952
9.867276e-09
0.30455244
0.03725335
3.8912268e-07
0.50329643
0.0077348943
1.4700435e-05
0.28956667
2.868711e-05
0.013064389
4.641819e-08
0.0002445019
4.0188515e-05
2.8630426e-05
8.8935616e-05
0.0023468183
0.0004697324
3.257341e-05
2.1710769e-06
0.003122173
0.0021280006
0.7214726
6.1582655e-06
6.26349e-05
2.4644096e-05
1.4766053e-07
0.013064389
0.00037291952
0.9996514
7.701943e-09
0.9708155
0.0077348943
9.073567e-06
0.9954182
1.0919965e-06
4.1924872e-07
5.893894e-06
0.011441081
0.0026456974
2.4657443e-06
0.0001150439
0.9999056
4.903122e-07
0.057411887
1.1825585e-06
3.4636332e-07
0.93629116
1.2583012e-06
0.0014519487
0.0838512
2.5311327e-05
0.00012986305
0.9998788
0.9043983
0.9632993
8.411309e-07
7.0096526e-08
6.787739e-06
1.1403573e-06
1.3322794e-05
0.1415895
7.065382e-05
2.4322503e-07
0.0870311
0.0022201668
1.8173267e-05
3.2601216e-07
3.7940088e-05
5.324724e-05
6.846399e-05
0.00010514785
0.0030701377
0.00030152942
1.9819025e-07
2.7457341e-05
7.625157e-06
5.560838e-05
0.00034400585
0.0014009292
0.07502765
1.4476891e-05
0.9999899
6.658045e-07
8.987616e-05
0.98085463
7.04747e-07
4.2633115e-08
0.00019429614
0.0009955533
0.01490712
0.00028721752
0.8853007
0.003965987
0.31849682
0.00012278541
0.00078694685
0.0034631798
0.009923555
1.3620707e-06
2.2167953e-05
3.7187755e-07
0.0062931636
0.9009546
0.26592663
0.000107767104
0.9999043
9.609875e-05
2.745048e-05
9.114515e-05
0.0023468183
1.9819025e-07
0.044552736
0.00053752353
0.024939911
2.997947e-06
0.960937
3.3875564e-05
5.1389898e-06
0.9905327
3.3624357e-05
0.0006865132
0.97169435
0.001290289
4.8546763e-06
0.996058
0.0023618923
7.656557e-06
1.782019e-05
0.002537285
7.0366707e-07
0.0068224035
0.00040452392
2.5614034e-08
6.1883924e-07
1.1378899e-05
0.34215495
7.811961e-08
2.169723e-06
3.974329e-07
0.00037025101
9.777634e-06
0.0005825923
3.63099e-05
6.1805714e-08
0.0035953054
0.00012694833
0.0003993783
4.080149e-07
1.0
2.2982588e-06
2.0240795e-06
2.2016586e-08
7.663534e-05
0.19755605
0.0014715868
0.7997123
0.21675678
6.095391e-07
4.6317473e-06
0.7567695
0.9968822
0.51395303
0.9999979
0.9999957
0.033085734
0.02218868
0.009120762
3.625568e-05
0.0005925165
1.4902603e-06
8.257319e-05
0.13196653
5.893894e-06
0.00066732307
0.0019990688
3.4713845e-05
0.6848709
0.033085726
2.56421e-06
0.00042243476
0.26592663
0.011815621
0.00027714594
0.020598745
1.0370323e-05
2.1710769e-06
0.882673
6.9957207e-07
0.9999998
0.99755025
5.9078047e-06
5.3620286e-05
0.0021947213
0.00013433801
3.7604804e-07
0.13781308
1.0423399e-05
0.004786257
3.531762e-07
0.0010024208
2.0240795e-06
0.00037391216
8.8871116e-07
0.00027111635
0.00026338996
0.00014423647
1.1187167e-05
2.531135e-05
3.6961542e-06
0.014548925
5.317243e-06
0.9995474
2.4004498e-07
0.99729484
6.506343e-07
2.0842734e-05
2.1985586e-05
0.03649457
1.8932153e-05
0.0006596162
0.027943738
1.1775954e-06
3.556144e-05
0.0038163897
8.441285e-08
4.8686994e-05
0.007988372
0.00065241475
0.01956922
1.1505318e-08
0.002922245
1.4582799e-06
5.1226914e-05
2.2473318e-05
0.0001735074
1.3616781e-07
5.0005292e-05
3.832482e-05
0.00021512472
0.0016753194
0.0005037553
7.710992e-07
0.00066732307
0.0016616264
0.0005521952
7.1059236e-05
0.002597552
2.5614034e-08
0.9765518
1.3925998e-06
1.0606485e-06
0.0031641105
0.9999964
0.005976708
0.00895012
0.08468616
3.1022497e-05
1.4362781e-06
1.0535683e-06
1.0
2.7838532e-06
5.4521206e-07
0.00018153733
0.014368614
0.06449441
0.0247286
0.00012565895
0.00032207643
0.000962765
2.7045382e-05
2.066122e-08
0.00028227374
1.6894011e-06
2.0288324e-05
1.2547167e-05
5.9078047e-06
