0.9999939
0.9200586
0.96444046
2.4207675e-05
0.99999994
0.9938491
0.07536815
0.00016486537
7.601885e-05
0.8620313
0.00090422534
1.6656935e-06
0.0001347921
0.00033447272
0.031099001
4.157711e-05
0.00027156156
0.042962395
0.016711142
0.9999711
0.92070735
1.6774928e-05
0.000106953936
0.00779748
9.067486e-06
8.056606e-05
1.5616077e-05
0.0065944493
2.2501798e-08
2.5764817e-05
0.3635584
4.299551e-05
6.447946e-05
0.009328352
0.13999486
0.00047836953
0.56683564
0.00029970406
0.074741796
0.00021074335
0.7476455
0.0004932673
7.781796e-05
5.9964677e-05
0.9965524
2.1894657e-06
0.00010438718
0.0064672786
3.3051429e-06
1.0639588e-05
0.00026077527
0.00020336686
0.7476455
0.0048710196
0.00010999272
9.861544e-05
7.4634972e-06
0.0090748435
0.017642174
7.868651e-07
3.6620468e-06
0.2944513
0.9999789
2.5764817e-05
2.20019e-07
0.00061703124
0.0016210892
7.439946e-06
0.26432922
0.84764546
2.3229072e-06
9.633859e-05
3.2784732e-07
4.2747362e-07
0.0012457839
1.16372685e-05
9.805788e-06
0.9999262
0.030044433
0.00031643358
1.0
4.583526e-06
3.9183096e-06
0.91281617
0.29178804
7.049997e-06
0.00012391481
0.99906445
9.177948e-06
2.1617002e-07
0.7568413
0.99989635
2.1294054e-06
0.26432922
2.039424e-05
0.06609725
0.0020596352
4.30898e-06
4.301327e-06
0.46529934
0.005085718
0.0037663083
0.000299217
0.0048591904
0.025561305
4.30898e-06
0.99504966
0.9999387
0.00047354275
0.090742804
0.018579032
0.00013116532
0.9859715
0.0015194628
2.1633205e-05
0.030542081
0.00029967548
0.0007152004
3.7268028e-06
0.015014134
5.5305018e-06
5.7519967e-05
0.00062369584
0.02360935
0.002216237
0.99996173
0.0009063006
0.9307304
8.34245e-06
8.6194554e-08
1.1155611e-06
0.00022940345
0.999544
0.00082230446
0.00014866317
0.0023900615
6.6873276e-05
0.023203801
0.2509079
3.4194913e-05
0.011234916
8.619918e-05
0.81747675
0.06873314
2.0650089e-06
0.008957833
0.00047836953
0.98456067
0.0119966585
0.9999977
0.007432125
9.432764e-06
2.0196715e-06
4.686264e-06
0.006185171
0.9898849
0.00018625436
0.0119726565
0.0011566828
2.431684e-05
3.572078e-05
0.0045004943
1.970449e-05
5.9964677e-05
0.0024553686
0.74953264
0.0013568269
0.06053451
0.007198251
0.028949844
0.010271622
0.00040628156
8.116097e-05
0.0007152004
0.94634247
0.00048520855
0.00017158707
0.037940446
1.7455268e-05
0.99999994
9.177948e-06
0.003921542
3.0167816e-05
1.4338967e-05
0.5957418
0.031581845
1.4625038e-05
0.00015505111
0.022798365
0.43558887
0.00012217692
7.943298e-05
0.0034268622
0.0013426917
3.091485e-05
2.7577462e-07
0.9971923
3.7070163e-06
0.033512138
0.9979796
8.297494e-06
2.0253462e-06
4.968968e-07
5.0148974e-06
0.009066777
0.0005328648
1.1655555e-06
4.0095542e-06
6.952769e-08
0.003680077
7.917201e-05
3.9794144e-05
0.2944513
0.9998655
0.015708728
0.00037353896
0.99884
0.004589507
2.2652962e-06
3.1015538e-06
0.005133787
0.04871128
0.05730036
0.0010175597
0.99817866
0.9965356
0.006061327
7.219566e-08
0.0027810996
2.0798426e-07
2.267992e-05
0.017400058
0.999964
0.9940719
0.0064672786
0.00738918
0.0029735507
7.5621625e-05
0.0032513896
2.2398048e-05
0.0023436542
0.8527618
3.0006443e-06
3.599789e-06
0.9084072
0.0049349004
1.1155611e-06
0.0009919349
0.114044756
0.00012384333
0.00076885143
1.2384113e-05
2.0508626e-06
5.6885017e-07
0.0025929394
1.336248e-07
0.14233251
9.677238e-07
0.00021074335
5.442019e-06
1.0088401e-05
0.13563354
0.9943919
0.013844398
0.9999955
0.02522271
5.20644e-07
0.00013968628
0.13677655
0.00040855672
0.0019199483
0.0024516108
0.007853748
0.000653151
0.0024039862
0.000976096
0.0010327278
6.393476e-06
0.0023575064
0.9995439
9.0999514e-05
0.00019816852
5.7659806e-09
0.8590797
0.00011405254
0.00032061356
0.0060142563
0.0051656137
3.2666423e-05
0.00090422534
6.745993e-06
1.553262e-07
4.4272465e-06
4.301327e-06
3.7268028e-06
0.115211196
4.2747362e-07
0.021774705
0.037940446
2.0940797e-05
