1.0
1.0
1.4130724e-06
1.0854379e-05
0.00022927925
0.009312652
1.3001238e-05
0.0003602502
3.8692534e-07
5.3982353e-07
0.0002563369
0.0076056714
0.002298148
0.00020763944
0.00010349416
0.03681165
0.00018041515
0.1607335
0.000105933344
2.7314769e-05
8.225279e-06
1.2467911e-08
1.4568187e-05
6.0750884e-09
0.009214959
0.4289663
1.1373032e-06
0.00080354937
0.00022866884
1.3246429e-08
0.9999875
2.7746719e-06
0.3382028
8.2843135e-06
0.030389434
2.1227324e-06
0.39789823
2.4471296e-09
1.8381945e-07
0.00089269975
0.9984444
9.193445e-06
6.858025e-06
0.0009497744
3.3094966e-05
3.7408213e-08
0.98594177
1.0710668e-05
0.00058291893
1.7391544e-06
7.875852e-06
4.874809e-05
0.0013835521
0.98594177
1.3838084e-05
0.00019186092
0.62189335
1.1224249e-05
4.0534346e-07
1.9484367e-05
0.0076368595
0.7958618
1.6569367e-05
2.32019e-05
0.16016765
1.434188e-06
8.4537035e-09
0.36733034
5.599348e-07
7.3917894e-05
0.00017539671
9.05892e-06
0.0061503886
0.3219141
0.9960182
0.00018468998
1.2551667e-05
1.8814297e-05
1.5109006e-05
5.4606302e-05
0.0007409962
3.522337e-07
0.99995166
3.0374629e-06
0.00073148176
4.3691794e-06
5.1241085e-07
3.554577e-07
0.00046892912
3.061216e-06
1.3748497e-06
0.000839988
2.7958582e-05
1.4715893e-05
0.5698742
3.2203392e-08
0.000114726536
0.00017360802
0.11632661
0.0002563369
0.00010194082
0.000110205845
2.0416653e-06
1.6172141e-08
0.008637847
1.3368546e-07
0.99838984
0.9814954
8.76224e-05
0.0004023646
0.005999215
1.076311e-06
6.100292e-06
0.28159836
1.7235334e-07
2.3044977e-07
0.00019186092
0.9294839
0.00010349416
0.00019582383
2.8192695e-05
0.03843511
3.274946e-09
8.568822e-06
1.7070427e-07
0.00014026569
1.2507432e-05
0.00067511096
2.3562288e-07
0.0013807537
0.027533462
3.8046317e-05
0.87076116
7.125158e-06
1.23111995e-05
6.8901534e-07
3.9566828e-08
3.274946e-09
0.00024566255
8.8205044e-05
0.8923844
0.9187133
1.6362e-05
0.0019354343
0.0045644473
0.00037365436
0.0009497744
1.538194e-05
9.31573e-05
0.000109856235
0.0020449774
2.6439066e-06
0.022153625
1.0983591e-06
0.000848679
0.00051557296
8.45148e-07
0.00032232032
9.70391e-09
1.0689173e-06
0.00033228163
0.0004980528
3.1634363e-07
1.7181355e-06
0.00011794462
0.21990791
2.5120014e-06
0.00017360802
7.143666e-07
3.0318372e-08
6.253498e-08
2.9607336e-05
0.0072985375
1.6930857e-05
0.000110205845
8.5636634e-07
2.3792863e-06
7.719453e-05
5.956685e-07
0.0023033526
0.045260984
2.6234346e-09
1.7471239e-06
0.0025964417
1.6805598e-06
4.060844e-07
1.263867e-06
0.99952006
0.99364483
2.4017893e-07
9.087663e-05
0.0057769287
6.3335875e-08
1.4941136e-07
2.5528057e-06
0.19051473
0.0058941804
4.2382877e-07
1.0726416e-06
6.3104716e-07
4.087414e-09
6.7855644e-06
2.7305737e-07
2.8400161e-06
0.28003594
2.3894393e-06
1.8183128e-07
4.044507e-07
3.878289e-06
0.00012749425
0.0046357405
3.3597466e-05
0.86780155
0.0006752319
1.2910979e-05
1.0983591e-06
1.7565485e-07
0.050949883
2.3333527e-05
0.0002527483
5.5733262e-09
0.92242455
9.835015e-09
4.2953693e-07
3.2203392e-08
5.595179e-07
0.1506566
0.0030824596
0.0005656783
0.000118763506
0.0015451213
0.0010452181
4.817761e-06
4.817991e-07
1.3329327e-05
0.9008115
0.00073148176
0.0022250568
0.9042653
1.0573874e-08
6.30437e-06
8.978317e-08
3.3597466e-05
0.99993306
0.00032830026
7.120453e-05
4.044507e-07
9.547826e-07
2.904919e-09
0.9990925
8.778758e-05
0.000643936
5.4900996e-05
2.6289184e-05
0.0026800702
0.97327137
0.9997412
0.9907568
6.7087254e-05
7.82651e-06
0.004929958
2.1227324e-06
0.09812865
8.044273e-07
0.0072985375
0.00010325698
0.15065661
0.73696774
0.00027907707
0.0045644473
8.931669e-06
2.3721206e-05
0.0012047603
0.00043118387
0.9042653
3.3044496e-06
0.0001582487
3.9566828e-08
1.1817222e-08
8.516093e-07
8.536401e-06
0.0013518127
0.000108403336
0.000558204
0.03947095
0.00082660886
0.000108403336
1.8826493e-07
7.780638e-10
1.2204844e-05
1.8789464e-05
4.1382016e-05
4.994586e-05
0.005808741
5.8043383e-08
1.3001238e-05
8.923344e-08
0.0005514982
4.3029555e-05
0.9245846
