0.9559214
0.53982204
0.9999999
2.4839053e-07
0.0006194244
5.001095e-06
0.99786735
3.7449023e-05
1.1365812e-08
0.177718
1.4859765e-08
0.94964844
2.0904039e-09
5.1177796e-07
5.3529497e-05
4.9180517e-07
1.1003481e-08
0.08489856
0.04633496
0.0034028161
0.00014787004
0.008130948
1.351599e-08
0.00022590367
0.0032412494
2.2315282e-07
1.3986503e-06
0.03841492
0.0012288849
0.99977416
8.486934e-06
1.1727712e-05
2.3576088e-07
0.039990038
0.00012558467
5.8450743e-05
2.7069045e-06
1.1003481e-08
5.942715e-06
0.001281017
0.00067200017
0.0016080928
0.00036598928
0.9999834
0.8775023
5.4323567e-07
5.2019834e-07
0.012345707
0.6205181
1.4214049e-06
0.99291074
1.4561827e-07
0.00011457424
5.8217825e-05
6.3423755e-07
2.9357423e-06
5.1098973e-06
0.0019794332
0.01628034
0.033763908
0.0043498017
6.906654e-08
1.4524949e-06
2.2488855e-06
1.0818024e-05
4.2589254e-06
1.5625302e-06
9.579445e-05
2.5587295e-05
0.07948572
4.7431673e-05
4.0250484e-07
2.3700488e-06
1.0818024e-05
4.501483e-06
0.008872714
0.99999994
0.00038983754
0.0007311493
7.1324257e-06
0.00020411886
3.4362102e-07
1.4474614e-09
2.3700488e-06
0.0020488766
1.0496851e-06
2.071431e-06
0.041387964
0.04946727
3.2118794e-06
0.00029059328
1.8968212e-06
0.00708594
3.9312677e-06
1.707518e-06
1.9525982e-07
2.3054561e-07
0.00067200017
0.00018362867
0.99478
2.979038e-07
6.37528e-08
0.048624795
1.4474614e-09
0.0012635472
5.47513e-07
0.087117605
1.733852e-07
1.0223919e-05
0.00037477113
0.669864
3.850101e-06
0.0001430854
1.5983386e-06
0.04946727
0.06623068
1.9897083e-08
0.9997811
0.9999901
6.2547025e-07
0.9311051
5.427123e-06
2.524234e-07
0.0013504081
4.624472e-08
1.2478289e-07
7.1768104e-06
0.08914383
3.0894043e-07
1.0314842e-05
2.3700488e-06
8.893573e-06
0.0028686884
0.0038120376
7.104547e-08
1.29882255e-05
0.0031179788
0.00029398463
1.0852992e-05
0.022119693
0.00040963132
4.5990342e-07
0.09469201
0.86773527
0.0012750912
1.1896985e-06
0.99732023
0.0012368683
0.044050615
9.272376e-07
1.3238946e-07
1.0429735e-06
0.00052425446
2.0639714e-08
0.01079103
0.99955434
3.882738e-07
4.899405e-06
0.00036598928
2.1528178e-06
0.83363354
7.292442e-06
0.0010242907
1.2911266e-07
1.0382257e-05
6.5936246e-07
2.0639714e-08
0.46909446
9.331225e-07
8.2036513e-07
0.00020291246
0.00012348026
1.3480107e-05
0.053051773
1.0363468e-07
1.8044967e-09
0.25052464
0.00030795118
0.9994809
1.3986503e-06
0.0015179414
0.00018168867
0.00037477113
7.8304134e-07
0.00015399819
0.0014396858
2.23387e-08
0.99977416
5.7574296e-05
0.0153170815
0.99982
9.479698e-07
1.4681101e-05
1.9067584e-06
1.1360076e-05
0.048624795
0.3962066
4.8340666e-05
1.8827554e-07
2.191803e-09
5.9421996e-07
7.465576e-05
0.005244364
2.8855823e-07
0.055522166
0.27734613
0.005586194
0.99996555
4.077864e-06
1.5625302e-06
0.0049593123
7.4885253e-07
0.99946165
0.0006447865
7.9027115e-05
0.00023983957
4.2469827e-07
5.8217825e-05
3.300053e-06
8.122276e-06
1.8599328e-08
1.2338764e-06
0.000568716
0.041387964
9.409046e-06
0.61446613
4.8326933e-07
0.044050604
0.1334402
0.0015179414
2.2405422e-07
2.1969956e-06
1.0901163e-06
6.8790813e-09
3.8559628e-07
0.9999848
0.0005567714
1.7659997e-06
1.9755253e-05
2.2618798e-08
0.0019462467
3.2456762e-06
5.6892395e-07
2.1063412e-05
0.0005567714
1.0989176e-06
9.812493e-07
0.008773422
1.1928711e-07
0.005202411
0.78802013
0.000113923954
0.00022262045
1.0812516e-05
1.4937819e-09
0.06834642
1.4850132e-08
0.11493012
2.2662634e-07
0.016998714
2.7079216e-07
6.0156715e-09
0.00055168115
2.1204391e-07
0.17781524
0.0035440437
0.12635197
6.991042e-05
1.0587274e-08
0.0008023042
1.4681101e-05
0.00065293664
1.2461085e-06
3.114361e-06
1.9041827e-05
0.00076310977
7.9130353e-07
2.5904012e-06
1.4871852e-06
0.99999815
1.2874241e-05
0.00016348419
0.0003267842
0.999556
7.465576e-05
1.7819569e-07
0.0003545489
1.3851352e-08
0.00017786365
0.83900845
0.00035538967
8.552802e-05
1.820657e-07
3.216557e-06
3.94544e-05
0.86773527
3.6881156e-06
1.5066044e-08
0.0025235647
2.7366184e-05
