0.99991673
0.34712163
0.9998711
0.9961914
0.0008421671
2.0878426e-06
0.00026141104
7.969748e-05
7.966157e-09
1.584876e-05
0.4106434
0.8516211
0.00011916781
6.4064034e-06
1.6044924e-05
8.022636e-09
8.1304745e-05
0.13809417
0.99990606
9.810708e-05
0.99941
0.0010795426
0.043218043
2.0418216e-05
0.89827174
1.66154e-06
2.0418216e-05
1.3577826e-05
0.0040255017
0.2836229
3.028555e-07
0.8738037
2.7208385e-05
1.7864006e-05
1.3407923e-07
0.032342527
0.8496874
0.0010494532
0.0033238744
4.9645244e-08
0.0040255017
0.014533885
0.00020589979
7.288832e-05
0.99969983
2.4202234e-06
0.001237941
4.6175845e-07
1.7346872e-07
0.0016397934
7.1324052e-06
0.076560624
5.7880984e-06
5.290983e-05
3.4147063e-06
0.0031712612
1.4622849e-07
2.8604217e-07
0.6042292
2.0735439e-05
1.786501e-05
2.2682353e-07
3.467431e-05
0.026346091
3.6335788e-08
0.0002865321
0.1409831
4.430354e-05
0.014533885
0.023900596
0.0010084867
0.022187216
0.0004336166
3.644655e-05
0.2665976
0.0020003594
7.946279e-07
0.12415461
2.0893023e-05
2.1968145e-07
0.23015076
3.8982453e-05
0.00035763948
8.982254e-07
0.023660606
0.0012630365
1.584876e-05
7.969748e-05
0.94285655
2.2415082e-07
0.0014767091
1.8339869e-09
0.043218043
0.00021399504
1.8850887e-06
0.00012312965
3.0688057e-05
4.8014695e-05
1.1216701e-07
4.9479713e-06
0.00014895547
0.032272074
8.083246e-06
0.17014426
6.7958648e-09
0.00041515642
0.00075072376
2.692964e-07
4.2967844e-05
0.9999994
0.99644166
3.5760724e-05
0.00032288994
1.9577383e-05
6.5581503e-06
1.5479284e-06
4.0427255e-07
0.00026679566
0.00037212472
3.601214e-06
2.785324e-08
3.816644e-06
5.6174038e-05
4.32572e-05
2.9656667e-07
2.3537599e-08
7.1551895e-08
0.39933628
0.00010766511
2.4167061e-06
1.7346872e-07
3.2045334e-06
6.1114256e-06
8.279322e-09
1.0570043e-08
0.026346091
0.0005748415
1.0570043e-08
0.015181611
0.045594554
8.114669e-08
0.79680073
1.0737739e-05
4.607947e-05
4.1196392e-07
4.7062113e-07
0.9904596
0.016323114
0.002105631
1.1756902e-06
1.1327751e-05
1.2867396e-07
2.7661708e-05
0.0040606367
1.3739513e-05
0.73664063
2.4795716e-07
0.0066907653
2.5783891e-05
0.000958379
1.0720504e-06
7.542127e-05
0.00012555416
0.91545224
0.0022938696
1.3372132e-06
1.3384385e-08
2.203087e-08
4.531116e-06
1.5728776e-09
5.4870393e-06
0.006060655
0.9998213
0.0583689
0.0006103035
6.511247e-07
6.989733e-08
6.616341e-05
2.0893023e-05
1.2339976e-06
0.00022531385
0.68860346
8.08896e-06
1.6044924e-05
0.00069395156
1.422487e-06
4.2302745e-06
6.3753446e-06
0.0004336166
1.6615384e-06
5.4000398e-06
0.9968963
6.5595596e-09
1.02273825e-08
0.036296654
4.531116e-06
4.105872e-08
4.806939e-07
8.488172e-06
0.00022902625
0.8909077
9.4943774e-05
0.999976
1.04288645e-07
8.114669e-08
0.0002961999
0.00051421864
4.3226766e-05
1.5627518e-05
5.8670535e-06
1.5701644e-05
0.0015750651
0.00095751835
2.2312176e-07
3.3395537e-07
0.00078186847
7.690856e-05
4.437572e-07
1.705107e-05
4.32572e-05
8.54765e-06
1.6063045e-07
1.595477e-07
2.4096467e-08
0.0014651135
4.1994557e-05
1.5728806e-09
2.817012e-06
5.77945e-06
0.73155665
0.00020589979
2.2551e-07
6.335218e-08
0.0012819824
0.00035250094
4.4714648e-06
0.00041515642
0.00026742826
5.479617e-07
0.0076089874
3.704503e-08
0.0002653732
1.1231686e-07
0.0003504929
0.99884546
0.032342527
0.00019060206
8.508148e-10
0.011424213
0.8454909
0.99976075
1.6827683e-07
1.5141637e-08
6.224806e-08
0.00021835591
0.9126042
0.97318166
0.002442535
3.3707295e-06
0.06397911
0.0013188268
1.3885873e-08
1.0609996e-06
6.98303e-07
0.0002843924
3.707971e-06
3.310813e-05
0.0023478633
0.00013383527
4.802714e-06
3.716285e-05
8.083246e-06
0.004185438
0.9590127
0.0018646013
0.00016319932
0.0015206134
1.8131062e-05
1.3251569e-06
1.9621531e-10
1.1258766e-07
0.9994641
0.99999887
3.928431e-06
0.00036376275
3.9726746e-09
3.535425e-07
9.686965e-06
0.04251033
0.00011575973
3.6377965e-05
4.0625866e-05
0.8435043
1.2611709e-07
1.4272185e-06
0.00016319932
2.023816e-05
0.00043721977
6.616341e-05
0.9997784
