1.0
0.9999985
0.00035681055
1.1505762e-05
0.0017277003
7.0101197e-07
0.89892143
0.0037108227
5.5760676e-05
0.7930118
0.05364361
1.0577974e-05
1.3593076e-05
1.7165174e-06
5.5760676e-05
4.7096034e-09
1.137405e-05
0.9999985
0.001995853
3.1703755e-06
0.0007273843
0.6807374
0.00035537203
5.421498e-08
0.9464475
0.00084492896
0.00023882571
0.0006186857
0.0005835965
3.5432527e-07
0.0021509677
5.06959e-06
2.6196092e-06
0.99996096
0.001697281
2.6346565e-06
0.19578493
3.2052284e-07
0.018603632
7.0246133e-09
0.00014477098
0.001604404
0.00086238916
6.4000375e-08
0.15418492
0.023439113
0.00631804
1.329937e-07
2.912213e-05
0.010575486
1.2567285e-05
2.1386368e-06
0.11735795
0.0014162712
0.012995194
0.9999976
2.2464812e-05
1.5662941e-07
0.0031861633
0.0005035256
1.1990393e-07
0.9481992
0.02043429
0.010048336
5.2203955e-05
0.00035681055
0.19140206
8.280082e-07
2.7208105e-07
5.807467e-06
0.020813307
6.8648757e-07
0.6646713
2.6785065e-05
0.0018377729
0.003353184
0.09622806
0.00010740567
0.10049012
0.004077642
0.94344145
0.9999153
0.0118697705
8.996865e-08
0.0003233526
7.520802e-09
0.002028715
1.5814899e-07
0.00038720475
4.4940416e-06
0.00023596859
0.9999916
8.803382e-07
1.0394118e-06
0.0529923
0.29567888
9.14747e-06
0.0013312097
1.0652278e-05
3.5713356e-07
2.1439298e-06
0.0013257797
1.7419012e-08
5.848384e-07
0.9999999
3.9427243e-05
0.5908442
1.2220475e-05
0.00011228195
2.312457e-06
3.2255276e-08
0.00023627972
0.3893559
1.7165191e-06
2.6547002e-06
0.013113395
0.9980302
0.0001641889
5.498223e-06
2.381942e-07
4.873554e-05
0.0002228853
2.2079294e-07
7.283219e-11
2.4055328e-07
0.946127
0.25141746
0.5765868
4.3708438e-05
2.120595e-09
1.706599e-05
1.6173458e-07
1.9735822e-05
1.706599e-05
7.030205e-07
1.9287218e-07
0.8717354
0.0011337019
0.0077562486
7.5961965e-05
1.7598145e-06
2.157472e-07
5.4455104e-08
0.9999849
9.0095355e-06
0.061359387
5.028786e-06
8.94797e-06
0.00011987569
0.070920944
8.7872424e-05
0.06042103
9.456976e-06
6.9559514e-06
4.911377e-06
2.3663267e-09
0.00066251174
8.233388e-07
2.0264848e-07
0.056688216
0.10574489
0.0012246701
3.5836723e-07
1.08139815e-07
5.6024624e-07
0.002253338
0.9999441
0.6343241
0.9886908
3.7849957e-05
0.009039416
1.1671361e-06
0.38935593
0.006378776
0.0032776291
0.0664673
4.661649e-08
4.15275e-07
4.3078682e-08
3.5292944e-06
0.0053522447
1.1756161e-06
7.0527005e-07
4.1451052e-08
0.011188719
4.946552e-07
0.0018377729
0.22253184
0.00042158354
1.8362041e-05
9.138158e-09
0.0025817219
0.043371923
1.0
4.2735196e-06
1.4821121e-06
1.3236892e-06
0.92873114
2.354104e-07
7.946776e-05
1.9520188e-05
1.7082835e-06
0.13959074
0.0015150381
0.0057966374
3.2069154e-05
0.0005288979
0.0005835965
0.75594705
0.00019904587
0.0017277003
2.4055328e-07
0.5888795
7.418496e-07
4.332399e-07
0.13442133
2.7764614e-07
0.074787855
2.3548486e-05
0.986883
0.94344145
0.9985073
4.3113616e-08
1.3715821e-07
0.0002736267
0.006683974
1.364231e-07
0.023455257
0.9606521
2.2921738e-06
0.0037164295
1.6653759e-06
9.474661e-05
3.443297e-05
0.02929689
0.10704569
1.3244379e-05
0.068233676
0.54910475
0.19140206
1.7977367e-08
0.0034015535
5.3152274e-08
0.0049055736
3.4914472e-05
0.0001140434
0.99998397
0.007909162
1.5092013e-05
5.770577e-06
0.04669037
0.0017304082
0.99999905
0.00038737198
4.7096034e-09
1.02421055e-07
6.3545034e-05
0.00023596859
0.14136781
5.2395914e-09
9.632287e-09
6.03824e-07
0.0019133714
3.7197012e-07
3.4204888e-05
0.29757267
6.03824e-07
2.265528e-08
1.1756161e-06
0.00011241222
1.1834319e-08
8.280082e-07
4.5254847e-06
7.1978844e-05
0.00017858179
6.983549e-06
0.00011904742
0.9987543
2.3338531e-08
0.00020879885
0.0001251604
4.1451052e-08
0.00027815055
0.0003017569
0.030497631
0.0049503413
0.0039009156
0.0002228853
0.9999612
1.3712155e-05
0.024684701
2.1308952e-05
0.74210227
2.6453293e-07
1.0853964e-05
4.469082e-06
2.9945668e-06
1.1756161e-06
0.0037528207
0.11479734
