3.2012008e-06
0.00044191233
0.040262423
6.5636224e-05
3.0358871e-05
0.00095582026
0.14370224
4.836714e-07
0.9993669
1.1262346e-05
0.00051822496
1.7231251e-08
0.0704952
1.00593816e-07
0.015101354
0.032992944
1.14426e-07
0.0070742243
2.2808608e-06
1.5626636e-08
1.6339327e-07
1.2538259e-06
8.403499e-07
1.8489064e-06
0.00016143802
6.690888e-05
0.00054608803
0.00015859901
8.364834e-08
1.4854513e-07
5.5285227e-07
9.1911206e-05
0.00068595796
6.401527e-07
8.844675e-07
1.1749183e-05
6.1827268e-09
5.173978e-06
0.003297101
3.744119e-08
6.4744067e-06
0.9919982
6.53652e-05
2.0384111e-07
0.95757705
0.00076950487
6.7024316e-06
2.210869e-05
1.6339327e-07
4.348893e-06
1.1234508e-05
1.3034596e-05
1.0294499e-05
0.0017035274
3.030039e-06
2.9308774e-06
0.032857876
2.3096037e-08
0.084884964
0.0003874115
0.0060043074
0.00011112699
9.626421e-05
8.680996e-08
4.9624795e-08
5.7224745e-05
0.11439519
8.867479e-07
0.38841006
7.6532444e-05
0.9999999
0.00015706425
4.0023033e-06
6.486716e-08
4.9893106e-07
9.9128716e-05
0.017843623
9.2359176e-07
0.00040669966
1.02752165e-05
0.00065893854
1.477875e-06
1.6111612e-08
1.212748e-05
0.00027577797
2.2345037e-09
4.3993484e-08
7.2922034e-05
0.003873146
4.9224337e-08
8.767095e-07
4.8937363e-06
0.9934571
3.7331214e-09
9.4434334e-05
4.259031e-06
1.3813651e-08
0.9719362
6.677362e-05
3.2956456e-07
7.715517e-08
4.619262e-08
0.9999604
9.759307e-07
0.0029544102
1.405088e-05
3.3737223e-07
7.1423514e-05
0.0018613109
0.3099978
1.7746576e-07
0.048424356
0.018512467
3.73952e-07
0.00010269139
8.844675e-07
1.9751356e-05
6.151398e-06
0.0010146792
2.2115142e-05
4.5300382e-08
1.6224253e-06
0.0054973476
4.59825e-06
1.6330028e-09
1.3036582e-06
0.031031199
6.9775444e-07
4.619262e-08
1.8237557e-05
0.00010706414
7.0713565e-07
0.008088885
0.007779263
0.00035857575
0.8351507
4.836714e-07
9.174138e-08
0.00044417856
4.071339e-09
7.637277e-05
0.99920696
2.3469369e-08
9.4434334e-05
2.2842785e-06
1.93133e-05
9.641179e-06
3.674056e-06
3.2193777e-05
2.2340078e-06
2.4637698e-06
0.01691087
0.00010763575
1.3034596e-05
0.0008685018
0.0005089066
1.1219434e-05
0.0007904627
0.006227546
2.0754122e-07
0.95757705
8.157246e-09
3.5549572e-05
3.8938995e-07
0.22443257
0.00042690703
1.9751356e-05
1.7434357e-05
6.028539e-07
5.1844936e-06
0.00036210852
0.0005895607
5.283289e-05
0.99686295
4.2743114e-08
1.2994817e-05
0.006258531
5.5810703e-09
4.640456e-08
3.6052515e-06
1.6726797e-05
1.3620668e-06
1.3627329e-05
3.7331214e-09
0.11041971
0.020310072
1.1184228e-07
2.9451954e-08
3.0150912e-07
0.08532693
0.21108493
0.0015625197
0.00014413171
1.6896814e-07
0.99999994
0.00020273686
2.9629056e-05
0.999739
2.6924397e-08
0.00031228576
0.00029469008
4.5300382e-08
3.2346231e-06
0.0035652963
2.0432822e-08
0.9697612
0.12066203
0.0010923867
0.11166498
3.173323e-07
9.2011945e-08
0.00015224337
0.001066507
0.3427334
1.3873867e-05
6.697743e-05
1.0157939e-06
0.99602
1.6284926e-06
0.001394219
0.0003048678
1.1228618e-06
0.08532693
6.5636224e-05
1.026959e-07
0.22090188
8.882325e-06
0.00019831123
1.3613936e-05
0.043070886
8.7174996e-08
0.02439001
5.3358883e-07
3.841735e-08
3.0358871e-05
0.9986836
4.9624795e-08
0.3163222
0.0001536075
8.022138e-05
0.003962515
2.6168502e-07
2.7213368e-05
1.7525641e-05
1.6242631e-05
0.66696936
0.00035637288
8.505513e-06
0.265105
0.12066203
5.638466e-07
7.1396485e-08
8.465827e-06
1.9751356e-05
8.8958146e-08
0.00068595796
0.0035390009
3.2336702e-05
5.473365e-07
0.021602096
0.15331498
1.5917807e-07
1.5139939e-07
0.00016638095
0.0064363093
0.2675538
3.132724e-07
0.00850436
0.00039600686
8.20577e-06
6.0992754e-08
0.94836986
6.690888e-05
0.997746
0.88139963
3.8411392e-05
1.4023411e-05
2.4127332e-05
4.293884e-06
0.0012657673
0.9861102
0.63592935
4.0936655e-08
0.76600456
1.0523017e-05
0.0010923867
2.6086596e-05
3.0648327e-08
0.006227546
4.241114e-07
3.507841e-08
0.043070886
5.2602995e-06
3.9816733e-08
2.1765685e-05
0.27709368
2.9244027e-05
4.895562e-07
0.9912655
8.882317e-06
