1.0
1.0
3.243832e-06
0.96871185
5.02559e-07
1.392536e-06
0.5334537
0.0012128887
5.7009216e-05
6.1136944e-08
0.85744023
2.1242235e-08
5.9814124e-06
9.243018e-06
0.0012831319
1.3262108e-07
8.136462e-05
3.5625628e-06
5.6220742e-06
0.023430875
4.5633914e-08
0.00039612385
1.7994555e-08
6.301965e-09
1.2983779e-08
0.9688974
2.3797427e-05
0.065093994
2.2651052e-07
0.0033436727
2.4630708e-08
0.007908294
2.2625002e-06
2.0787747e-05
0.9623911
0.99788356
0.094857424
0.0017572405
0.025461646
1.834728e-06
0.6026732
2.2274194e-06
9.924433e-08
0.061244376
4.5540805e-06
0.0013085963
6.301965e-09
2.3238277e-08
2.2817078e-08
0.00017924506
0.00048227864
0.00065918633
1.3829975e-07
0.014082536
0.00026503895
1.045667e-07
0.96823335
0.065761864
6.1284314e-05
0.9996188
4.3632733e-07
0.011556782
0.011325313
2.858821e-07
8.885432e-05
0.026314802
0.00035416934
1.9568573e-05
0.08043783
0.0051115993
0.99227065
8.069107e-08
4.471919e-08
0.9719635
5.138867e-05
0.0069370214
0.5334537
5.828368e-07
0.0028375792
4.639484e-06
1.5582705e-08
0.0024689753
5.980278e-08
6.6658096e-08
6.640317e-06
8.699799e-07
6.13058e-08
0.9919667
2.215027e-06
0.0028050747
8.716003e-08
5.4408e-05
0.0045910995
8.699799e-07
1.8154639e-06
0.99390286
5.3193426e-06
0.0005256976
0.0033120888
6.2221595e-08
3.803006e-09
0.0009218525
2.3833774e-08
3.1043487e-07
5.665315e-06
0.5067482
7.4885185e-07
0.9999941
0.00039962243
0.04566896
6.4281875e-07
0.00911337
0.010323738
1.9206578e-08
3.0203971e-06
0.997437
1.2361209e-09
1.7868453e-08
5.123249e-07
0.00026787867
2.422171e-08
8.959209e-08
7.8254474e-05
1.3932931e-06
1.2291768e-07
0.007183157
0.34752345
2.0950145e-05
7.3214824e-07
8.136462e-05
0.00028482112
5.3160533e-05
0.12925802
0.32309523
1.1194531e-05
6.794989e-05
1.20393375e-08
0.99981487
8.9107886e-09
2.4630708e-08
0.99845374
0.013500206
0.0019933737
0.007908294
3.2240212e-07
2.5799037e-07
1.2361209e-09
3.3848257e-06
0.9998215
0.0016327283
2.0746286e-07
0.93457687
3.1043487e-07
2.1705535e-08
8.985461e-08
0.023430875
0.00017820587
4.4820132e-07
1.1847825e-08
4.485106e-06
3.740901e-05
6.724097e-05
1.3024643e-05
0.025965111
0.00012812334
4.8640406e-05
3.64339e-05
0.9999178
7.637841e-08
3.0607558e-07
0.000110458976
0.0039039238
0.0010577282
1.6506092e-07
0.0003263477
0.0004097247
1.16119146e-07
3.7236207e-09
0.000111334986
0.0052828873
0.9999993
2.4360017e-07
4.5627794e-06
0.9999537
2.547251e-07
0.00021509743
0.00056252815
0.0004499929
1.8807023e-07
7.0827184e-05
0.98732406
1.0903014e-08
0.010716917
8.699799e-07
9.545196e-07
1.3439699e-05
5.980278e-08
1.0772941e-05
9.6478e-10
6.6610187e-06
0.2218558
0.00015023399
6.21573e-07
2.0018094e-08
0.11633471
9.036917e-07
0.42905483
3.377537e-05
0.02235294
6.87001e-08
7.676019e-05
1.1341479e-05
0.98355436
0.99845374
6.9315836e-05
2.5251193e-08
0.8355242
8.0811964e-07
9.755994e-07
0.0022785955
2.5799037e-07
6.79041e-05
0.0008205668
0.00010973102
0.0021649997
3.003038e-05
0.15615535
8.3724316e-08
0.9998215
3.64339e-05
0.21516527
0.2547267
0.9994851
3.6625107e-08
0.0016327283
1.1473711e-05
7.759771e-06
0.3297897
1.9735847e-07
2.99431e-08
6.4064034e-06
1.9976335e-07
0.08684575
0.72836185
6.990619e-06
0.11340136
3.5953294e-09
1.1990221e-07
2.858821e-07
3.9579206e-08
4.3303297e-07
0.00027926365
2.6659403e-05
0.00067304046
0.0011848712
0.00024932713
4.9387033e-08
2.3518458e-05
0.00031498523
0.9467125
0.011199301
0.00095568504
0.00032578723
2.6989783e-05
2.6989783e-05
0.9909866
0.22765654
2.2341826e-06
0.9999359
6.6574376e-06
8.0005566e-07
6.372205e-08
1.8456845e-05
1.360618e-06
4.5372548e-05
0.0017341815
2.8195603e-07
0.00042991666
4.2991164e-06
0.8355242
0.00028482112
2.4630708e-08
6.2255046e-09
6.7250203e-06
0.63104564
0.7327384
0.0034695214
4.5627794e-06
2.256786e-08
2.4630708e-08
8.3227616e-07
0.9670282
4.9045764e-07
9.6670985e-05
1.7773823e-08
3.6548665e-06
7.4885185e-07
2.8629823e-09
0.009233693
1.8955235e-09
