0.8656542
0.9999497
0.95982176
0.2796068
0.002165146
0.00011194433
0.011385407
9.557383e-07
3.2920897e-07
1.0225947e-05
0.7045258
0.00025306322
1.7831534e-06
0.0035876334
0.99986774
1.9110698e-07
0.9995216
0.000658662
2.2877424e-05
2.3953051e-05
0.00025306322
0.01891118
0.11951425
4.196879e-08
2.153463e-05
0.015584306
0.99999994
1.3322947e-06
3.180037e-05
2.9289129e-05
7.954587e-09
7.403027e-05
3.2071326e-05
0.9427446
6.400028e-05
3.536215e-09
5.134248e-05
1.5065963e-07
1.0263613e-08
2.0379138e-09
0.00017702242
0.0011727811
1.3737108e-06
5.2610365e-05
0.00065086334
0.00010695292
0.00042134448
5.873357e-06
0.0007546944
8.678811e-06
5.134248e-05
0.8322156
1.2592022e-07
4.797826e-05
0.001046503
2.4413303e-06
0.46828353
0.00026054762
0.015182402
7.259049e-07
1.3334336e-06
0.00014949475
1.1881968e-07
0.006319447
4.285356e-08
1.434281e-06
0.9995216
0.9928273
1.1777354e-07
2.2770472e-08
0.0001503555
9.330519e-06
0.00011085108
3.8848263e-08
0.00025575416
1.2078956e-05
1.2964626e-05
2.2431623e-06
0.9954182
0.002468738
0.0013163422
9.084242e-06
6.1672356e-05
0.0015327411
0.22959538
1.4755688e-08
6.8086057e-09
1.0588238e-05
5.289456e-06
0.99979514
1.0561785e-05
0.13991891
0.005082674
1.2393152e-06
3.618485e-07
2.3408993e-05
1.9532793e-08
8.5818e-06
0.64575833
7.3892073e-07
1.3625895e-08
1.2602611e-06
0.00713507
0.002407371
1.8455577e-05
0.0033933967
0.57860297
3.952094e-05
1.3412454e-06
1.5678754e-06
0.069813766
8.581928e-05
0.83858734
0.9999976
0.0002847212
0.023833476
1.4146233e-05
6.925002e-08
0.0010523434
0.0013312015
5.6472454e-05
0.0005550732
4.2533222e-07
0.006461705
1.2354615e-08
0.007855109
1.6423025e-08
0.0004490378
7.098363e-07
1.068774e-05
0.21808642
0.6320724
3.2931572e-07
1.2592022e-07
2.0584557e-05
1.0660896e-07
0.9984438
2.7850774e-06
5.5281307e-05
0.9532425
3.162592e-07
0.68156385
1.320634e-05
0.46350488
0.81551874
0.6957276
0.022063736
1.712827e-07
0.0008582698
0.58743745
7.16803e-08
0.00010222321
9.084242e-06
0.001070695
0.7067288
3.290021e-05
0.24878974
0.83396095
1.56366e-06
4.969499e-07
2.5646877e-05
1.3810614e-09
1.9049739e-07
3.407623e-07
5.2959695e-08
1.3343607e-07
0.000877406
7.4145134e-07
1.2792975e-05
1.2806019e-06
4.6496975e-06
0.0040020985
3.7644022e-06
2.0590444e-06
8.3304265e-08
2.6488091e-05
0.6853166
0.0032444228
0.4381129
0.00018298932
0.0001871712
1.4175712e-06
0.0699283
0.015257553
1.8727808e-07
0.00019963166
2.3598884e-06
1.234585e-06
1.5636615e-06
1.4271723e-06
1.02580984e-07
0.9928273
3.421456e-07
0.24878974
1.3334336e-06
0.00041098348
8.2536553e-07
3.7617138e-08
0.0031418994
0.010364028
2.5058042e-05
0.0003998385
3.923051e-06
1.4492292e-05
0.0013312015
0.0004415582
2.5839446e-09
0.00038416314
4.8216216e-06
2.3733142e-07
8.555021e-08
4.8089566e-07
9.557383e-07
1.1151568e-05
6.5103677e-06
2.8864679e-06
0.003646316
2.0836635e-06
0.9999532
1.1844043e-05
0.00046874478
0.18541506
7.870706e-09
7.259049e-07
1.285723e-06
5.4046996e-05
6.525171e-08
0.000101329955
8.235903e-08
0.0027428872
2.0753244e-08
2.5105164e-06
3.0830476e-09
3.7617138e-08
6.395136e-05
0.13420273
0.8385874
0.28124553
0.00025607672
0.007855109
1.2804158e-07
1.3688471e-07
7.868314e-06
0.0073722433
1.7317733e-09
3.916775e-07
3.5920345e-07
9.3400095e-06
0.00010695292
5.098459e-07
1.3810614e-09
0.00034830178
1.6704194e-05
0.09001059
2.2957856e-06
8.560469e-09
1.0
7.5223493e-06
0.1783366
0.18452828
2.2957856e-06
0.000536992
6.1672356e-05
0.042098034
0.0060003637
8.080689e-08
0.6957276
8.924363e-06
8.899547e-06
0.99996895
0.0011024899
2.8844206e-06
0.045817114
0.00038416314
2.2364422e-06
3.936149e-08
6.898738e-09
6.9687794e-06
0.003333778
6.395136e-05
1.1883144e-05
0.00044196748
4.091584e-05
0.008111826
0.00046669724
1.320634e-05
3.1817843e-05
2.7859733e-05
0.008965667
0.002328703
5.289456e-06
0.9999719
0.0033933967
0.003564297
0.6287474
0.00037375963
4.01608e-07
0.00081234385
0.00105289
1.5180986e-07
