0.9998992
0.9998992
5.438331e-05
0.98206604
0.0018990899
8.690603e-07
3.1510766e-07
1.820587e-08
5.49029e-06
0.9997443
5.9355504e-08
1.7017957e-06
0.7544327
7.761073e-06
0.9400967
2.8647142e-05
0.21105684
1.2424701e-05
6.1093557e-09
2.5358197e-08
4.2782863e-06
8.93395e-09
0.00010900132
1.30313765e-05
3.4752143e-06
5.267477e-05
2.792064e-05
0.00027170507
9.2033975e-10
4.5947745e-05
1.2150598e-06
4.683205e-05
3.0606e-06
0.10239351
5.531086e-07
0.0022053702
0.52556765
1.9936095e-08
1.3190854e-09
0.0004056685
1.2008285e-08
1.3045596e-07
0.71257186
0.00039399997
0.17594329
3.4952518e-05
3.0070822e-07
0.97625226
3.4451332e-05
8.2990556e-07
1.265122e-07
0.0006415347
3.226441e-05
0.016419796
0.03010388
0.8515781
0.0002965446
1.0752937e-07
1.7833422e-06
0.00092357124
3.226441e-05
6.558617e-05
3.9493802e-06
5.8519177e-05
4.308329e-07
0.552077
2.7347878e-06
0.0065324036
8.095991e-06
5.0711893e-05
4.497905e-05
1.2640896e-05
0.0020790247
0.013930458
3.0255274e-09
3.108854e-08
9.013728e-09
0.0022053702
4.6399913e-05
0.9674444
2.1966713e-08
2.1072088e-07
2.2735927e-08
0.0004101215
9.0720704e-07
8.788972e-06
2.961351e-07
0.1603265
4.1868716e-06
0.010059375
2.4321502e-05
5.0565668e-05
0.0004679608
0.00025228199
0.9915821
9.228441e-06
5.2795053e-07
0.9954047
2.0784289e-07
0.0006568803
0.0005373281
0.0001902168
0.00023175402
1.2706037e-08
8.988995e-05
5.9346503e-06
0.00016525979
2.4117249e-08
1.7005871e-07
1.9446148e-07
4.255645e-06
4.3281622e-07
0.00017792199
1.3545067e-05
0.00017098979
0.00017723133
0.0031901456
2.8049222e-05
0.18055432
0.99997264
6.499085e-09
0.00076032896
2.0841724e-06
6.982117e-06
0.0039525563
0.00016558204
0.28151494
2.7311058e-09
6.460872e-07
0.016353462
0.999833
1.5636466e-06
1.0156084e-07
0.00086176244
0.00013340704
3.5938817e-07
0.00012789558
0.0008639198
0.0008794265
5.749527e-06
0.00046007385
0.94428277
2.5358197e-08
6.665313e-07
0.9995518
0.98763925
1.6947512e-05
9.772564e-08
0.18374379
1.2926437e-06
1.0397355e-09
0.5695285
4.6047964e-07
2.825627e-05
1.191077e-05
3.21203e-05
0.000107535525
0.00019221322
0.0251646
5.0611084e-07
3.7460518e-06
0.00011817157
0.825761
1.7453972e-07
0.00038122162
4.3281622e-07
2.800416e-05
3.656216e-05
7.1527866e-05
0.0012483947
1.296712e-06
1.2385712e-08
0.0004679608
0.0013682487
2.170046e-06
2.1791251e-05
1.2248117e-08
8.38252e-05
0.00010830972
3.656216e-05
0.011030313
0.0027338124
9.663185e-07
0.99991304
0.00015617732
3.042194e-06
0.9549154
4.9039166e-08
6.510672e-06
0.1500416
7.2921455e-07
0.11577417
0.005914651
0.00012050753
0.0003006559
7.4098415e-07
0.00762055
0.08553289
2.5319061e-06
8.802326e-08
0.7503815
0.00065729994
3.121343e-05
9.663185e-07
0.00032572728
0.99773735
1.6585241e-06
0.9218525
0.016438212
0.6811177
2.4558872e-07
0.00011552077
2.2809165e-07
0.043171555
4.3281622e-07
2.8992832e-05
8.196271e-08
7.3089574e-09
2.7347878e-06
0.7189319
0.0093878005
1.6219197e-05
1.4856407e-05
0.043420747
0.00012882813
6.7969568e-06
1.6955145e-08
2.7898998e-06
0.0013682487
4.846045e-07
0.0005078734
2.0400646e-09
0.0001528422
1.5102375e-09
3.4603843e-07
0.8278468
0.18374379
0.096779965
0.00042927393
0.00025366183
3.4293805e-08
1.427156e-05
0.00013257009
0.09088509
2.026376e-08
0.0038420365
0.0013413037
0.93200547
0.00010467705
0.00010698291
9.047671e-07
3.3081997e-05
1.2926437e-06
0.4175434
0.89988667
0.016419796
7.2790742e-09
7.2287125e-06
3.3362444e-06
0.9833003
0.18339403
0.0002216259
0.6968642
8.92113e-06
7.095486e-07
4.6047964e-07
0.00030606796
3.398459e-06
1.287021e-06
0.00023977006
4.283684e-05
3.568588e-05
9.4674465e-07
0.0034942015
4.300429e-05
0.71257186
2.7825635e-07
0.9986036
0.0037490893
9.900977e-06
7.2921455e-07
0.009833291
8.3145366e-08
0.00061980676
0.9999987
1.9962421e-05
4.015528e-06
0.00016999863
1.4374839e-05
1.7005871e-07
2.3911736e-07
0.9999987
1.4374839e-05
9.3066075e-07
0.005302091
0.13895947
4.4715063e-07
2.0916454e-08
8.8263424e-10
0.11577417
