1.0
6.310854e-05
0.00020476212
0.015229873
0.023287682
0.002073785
0.00020620118
0.02377153
0.00032226136
4.0911473e-06
0.00051474536
8.4906525e-05
7.1908985e-08
8.020855e-06
3.4602494e-05
9.321074e-06
1.0600994e-06
2.5100376e-06
6.8199683e-06
2.988614e-09
4.2048174e-05
3.4616855e-06
3.4127659e-06
0.0003067714
4.165442e-08
0.008789505
0.5373341
9.349976e-05
1.0600994e-06
0.0004312957
0.00025384568
0.0039536343
0.043981604
0.0009937055
0.00011049437
0.92232186
0.000116980904
0.20611566
2.3107273e-08
7.1908985e-08
0.014276457
0.03406032
3.6161737e-07
2.5263995e-09
7.682183e-07
0.47713903
7.464568e-07
4.068914e-06
2.4128672e-06
5.00453e-06
0.98039585
6.0372145e-08
2.3422821e-07
0.0020254066
2.2152785e-06
0.99992126
0.99999803
3.179891e-07
1.3219983e-07
6.310854e-05
6.888994e-05
5.5661432e-05
3.8722504e-08
1.0435108e-06
1.932067e-05
1.156867e-08
0.009539672
0.99943227
1.2000097e-06
0.00013682547
0.3013936
2.0583222e-05
0.0072531165
0.010016587
0.0004765209
0.8510391
7.0688344e-07
0.08345135
1.7535639e-06
0.001842862
0.9999991
0.00036512868
6.7875895e-08
0.00020620118
4.0484974e-07
0.0038236154
0.0002622388
1.4932891e-06
0.76512206
1.1923957e-07
4.21009e-05
0.00054038514
1.5503791e-07
6.725384e-07
1.8438145e-07
1.0120373e-05
0.9615907
0.05445819
0.00013801923
1.5425112e-06
2.0165528e-05
0.00084174995
2.1071088e-05
0.0153534785
0.05608929
2.4791106e-07
0.000106365456
2.7785813e-05
0.00014892154
4.2821524e-05
0.0038597852
3.01047e-08
3.4306308e-07
0.99999994
8.039714e-05
5.984783e-09
0.0008584927
0.20874244
9.0562346e-05
0.009334881
7.4974076e-07
1.0088395e-07
0.95168424
7.786219e-06
0.060400557
0.00022296734
8.621837e-07
0.12006446
7.7642915e-07
7.7642915e-07
0.0069392095
1.151436e-06
9.6236676e-05
4.5564768e-08
2.3402119e-05
1.3158731e-05
1.1148038e-06
1.098683e-05
3.153605e-07
0.12090902
1.5238993e-07
1.8485029e-05
0.15745868
0.15969837
0.7439412
2.0583222e-05
4.687739e-06
3.0884428e-06
0.000265752
0.00016588022
0.92307156
1.587331e-05
0.1066045
0.00010379114
2.1061845e-05
2.042606e-06
0.0004830516
0.9999973
0.0026330536
0.0072531165
1.41932e-07
3.288217e-08
3.7047706e-05
0.0004529499
0.99991965
0.0008534058
0.0004677557
2.782858e-07
3.294583e-05
1.954403e-05
1.2613056e-07
2.342618e-06
7.1464065e-08
9.6871226e-08
7.6410215e-05
2.6784724e-07
9.2385795e-05
1.64992e-07
0.04275388
0.5378405
0.016572656
0.10501229
0.9374341
1.20231824e-08
1.915701e-07
2.0672729e-05
0.036548533
0.89754564
0.00010092994
0.01296991
9.519235e-05
3.3232013e-07
5.5160267e-06
8.951247e-07
5.7924826e-08
0.0002841322
7.1650084e-07
0.008967578
4.1545745e-06
0.0024376682
2.4536272e-05
0.7957783
4.0410338e-05
0.0031720917
4.301942e-06
0.76512206
0.033030003
3.1193488e-06
0.2783686
1.2695019e-05
6.16e-08
3.6460729e-06
1.376261e-07
7.939734e-07
0.0004312957
4.6903428e-05
1.156867e-08
5.943503e-08
0.9066536
3.4809261e-06
8.0170096e-08
0.01627998
6.7281053e-06
5.3802232e-06
1.1427781e-05
2.1199103e-06
4.4946788e-07
0.10604412
0.015406517
6.833431e-07
0.99999726
2.4626277e-07
0.29397818
2.5263995e-09
0.99606943
0.0061901677
0.00014085192
2.7113456e-05
2.2333037e-05
0.99959064
7.0190175e-08
6.949804e-05
0.0006369696
3.1591432e-07
0.0039361827
0.0016945944
9.88644e-05
0.33784518
1.3000962e-06
0.069379196
0.3013936
7.1464065e-08
8.827438e-05
0.00041304156
4.3714886e-06
7.6246835e-08
0.00145308
0.99959064
0.007910876
4.0812034e-07
6.602894e-08
0.105206676
0.0016967941
0.99964035
0.061081566
0.120064445
0.002881752
0.99187136
0.0010818482
3.5339795e-06
9.88644e-05
5.8274003e-07
5.7557973e-08
0.60662985
0.9999996
5.329643e-07
2.4519508e-07
0.0002496554
5.0042436e-06
0.002674256
0.9826201
0.9018459
0.02835326
0.048315622
0.0069327396
0.027428033
1.5650721e-10
8.9235144e-08
3.817674e-08
0.00014892154
0.027562115
0.0012346584
0.00017759249
1.988746e-05
2.2778893e-05
0.11170504
0.005270258
5.506958e-08
0.0029798793
6.022264e-07
