1.0
1.3142853e-05
8.750601e-08
1.0458186e-07
0.0011210414
0.9998954
3.763494e-06
0.29933602
6.389894e-05
0.0014006963
0.007154885
4.3276923e-05
0.9374967
2.0312905e-08
0.02120322
0.998461
0.0006692022
0.9788989
1.3809739e-05
2.0382575e-05
5.148139e-07
1.6521022e-05
0.0012842788
0.005215025
0.003383095
0.0006304739
0.003973276
0.002674509
0.00025162232
0.43795973
0.0030094448
0.00044630194
0.8368737
0.002754303
0.000914023
0.96126777
0.94067305
9.711263e-05
0.0151494
2.5999e-05
3.9726655e-07
0.0070216027
8.1762676e-07
0.76005214
3.763494e-06
0.16075206
0.8491558
0.00022334309
0.00016506764
5.6510585e-06
0.00047171634
9.997637e-08
4.886103e-07
0.18805626
1.854814e-06
5.17157e-09
0.123074874
0.0120389
0.011268028
7.953468e-08
0.0014004649
3.6045778e-06
2.351037e-07
7.608905e-07
0.014556673
1.5795662e-05
1.871227e-06
0.006285612
1.4398616e-05
5.5712044e-06
1.3212508e-07
0.087126635
0.028703768
2.610075e-08
0.41535315
2.842035e-07
0.00199396
0.9975669
6.529336e-07
4.230127e-07
0.01111882
0.000112455324
6.83744e-05
4.749901e-09
0.00014046833
0.003930937
4.020142e-07
0.08290557
1.6262794e-06
0.846144
0.00026781022
8.938016e-06
0.006850733
0.0005190292
1.8693184e-08
6.009779e-08
0.98869646
0.0003545477
1.6775328e-05
0.99881476
9.0235204e-05
1.1250168e-07
2.4038267e-05
0.00010284799
0.00043247436
6.6786256e-06
0.00037779997
8.105388e-08
4.4852386e-06
2.2458835e-05
0.99290526
0.005584314
0.00036904833
7.715825e-07
4.0053314e-06
0.0014917218
0.0005006961
8.650345e-06
3.8242297e-06
0.6159668
0.0011004123
0.99998015
1.0844406e-05
0.9999972
5.241593e-07
0.21369681
0.003920724
3.1023294e-05
0.99999964
1.8711503e-06
0.0031749683
2.3719301e-06
6.4821793e-06
0.0593888
4.351861e-08
0.9999975
0.00087674824
3.4397297e-05
0.0069221538
0.999987
0.9999999
3.871508e-05
0.10153736
2.2235397e-06
4.40304e-05
1.4776635e-06
0.5374178
0.00023942557
0.0002220881
3.951766e-05
4.4852386e-06
2.8809576e-05
1.1522203e-06
1.7242193e-05
4.2911603e-07
0.0026925437
0.00012473077
3.1666136e-06
0.002250362
1.1678371e-07
0.0002886428
0.9999918
7.047268e-06
0.9999821
4.7324775e-07
1.0999453e-05
3.9389083e-06
5.642554e-07
4.6108468e-08
4.5358487e-05
2.5046002e-06
4.877557e-05
0.99999887
0.0032852588
0.00028758412
0.018637743
0.00084977824
0.010262395
0.004468132
3.790339e-07
0.15572864
1.166626e-07
3.7185146e-05
8.802735e-07
0.4798597
8.700454e-07
3.339418e-05
6.7328733e-07
0.10564569
3.6001666e-06
5.5111657e-05
0.00084977824
0.000852325
4.102286e-06
0.29980955
2.5952182e-05
8.166451e-05
4.803154e-06
6.430581e-05
0.0051859966
9.096516e-05
0.9607218
0.13630174
0.00011715103
0.00014451375
0.0007392118
0.061393958
3.9440891e-07
1.0289098e-07
3.5368863e-05
0.0011004123
5.592656e-07
2.0781724e-06
0.00018537875
0.0006881364
1.2364065e-06
2.2080034e-05
0.0015853883
0.064497285
0.0002252915
2.1779451e-05
0.0006597224
0.1644998
0.0010960419
1.7397038e-05
0.9999999
0.0016211678
3.0175755e-05
6.0951e-08
0.0007553394
8.613654e-06
0.0009809391
3.6619979e-06
0.0010580971
0.0001671058
7.66697e-05
2.4092342e-06
0.99995047
7.852812e-06
0.015026614
1.871227e-06
0.17022483
0.8763821
1.7993762e-05
0.0011913498
0.00026781022
0.0023699203
0.9607218
0.6330782
3.153057e-08
5.706998e-07
4.6520118e-08
0.00021603137
3.6001666e-06
0.9999833
1.1945286e-07
0.0041804593
0.00054789666
6.1468854e-05
1.1849858e-06
4.40647e-08
0.009932629
0.9761161
0.00031334686
0.9999821
6.8078525e-09
0.005215025
0.9987555
0.065073885
1.10987585e-07
9.267582e-05
1.48584895e-05
0.002761387
9.203832e-06
9.702544e-08
0.99996376
0.49188578
0.0037030883
0.00022334309
0.9607218
0.3445709
4.878799e-09
1.0
0.83492947
6.864023e-05
2.764859e-06
0.9998213
0.0013985037
0.9963814
0.003920724
7.719204e-06
0.9878041
0.96983856
0.0013101053
2.8899058e-07
0.061375454
0.002761387
0.00075546687
0.9346452
4.4820132e-07
