0.99998254
5.45828e-07
1.8532709e-09
1.0965359e-06
1.565247e-08
6.8263516e-06
5.10059e-05
3.813937e-06
2.9332039e-06
2.3824978e-10
7.082753e-11
1.7030939e-10
3.4936687e-10
0.0029433835
3.2424456e-09
3.0431345e-08
1.0286307e-08
0.98022324
1.5705086e-10
1.4076424e-07
4.2048578e-05
0.058129296
1.4516459e-07
0.00039237007
2.4747453e-07
1.771122e-06
5.624183e-11
6.107923e-05
1.23130235e-08
3.575381e-13
3.5986625e-07
2.342869e-10
3.52635e-07
8.575802e-08
2.0300568e-10
1.5766914e-10
8.56523e-11
0.06643503
4.5059596e-09
1.1515987e-08
3.259831e-06
1.936316e-12
6.5574796e-10
2.7955647e-07
3.9678996e-11
0.87279767
3.4530717e-10
0.88963753
1.0318868e-08
7.47441e-09
0.24157488
6.552347e-08
2.9805671e-05
1.7156682e-07
5.030247e-11
4.3721707e-07
9.9134185e-09
9.473859e-09
1.8204195e-05
4.4186717e-09
0.9547375
1.0560913e-06
2.56032e-06
0.0017477757
1.3667808e-07
2.7745234e-08
3.0888415e-07
0.9990473
1.6231102e-08
6.546376e-05
1.674627e-08
0.00035309052
1.8060849e-08
3.0390048e-08
2.6561011e-09
2.1274404e-06
1.8528548e-08
5.210086e-05
0.110529035
2.4068453e-07
7.1184334e-09
1.3913776e-10
1.4300898e-10
1.3724718e-09
0.00023360713
1.0377334e-11
9.9372194e-08
0.9985258
3.8503398e-08
7.7152226e-12
1.9692925e-07
0.0001294595
1.0989846e-06
3.0018188e-07
0.00013480548
1.5923365e-07
2.5913863e-10
1.2059099e-06
1.435277e-09
4.1301966e-12
0.0028180399
1.16262755e-11
1.1987386e-07
6.2813006e-06
1.08142e-09
3.445547e-09
4.327435e-08
4.6992726e-10
8.174005e-06
1.8002897e-08
2.2650203e-10
7.673189e-09
1.0643165e-06
1.2492093e-06
2.4514753e-05
2.4734667e-11
2.8272631e-10
2.5913863e-10
5.10059e-05
1.3634726e-05
1.2199026e-05
1.435277e-09
9.69275e-06
4.981978e-08
4.511351e-05
1.1327521e-09
1.8532709e-09
6.5398986e-08
3.99105e-11
2.7224722e-09
0.00012440258
4.790975e-08
6.9047275e-09
7.743254e-07
3.419354e-05
9.9372194e-08
4.2804228e-07
8.9626565e-13
4.337445e-06
1.6359892e-06
8.525632e-09
1.0044872e-10
1.8414123e-07
3.52635e-07
2.4146511e-06
1.5798545e-06
6.042739e-10
8.576142e-09
5.20642e-07
1.30654865e-08
7.530487e-10
2.6888781e-08
7.617181e-05
3.433214e-09
7.813554e-05
0.00013253496
2.465234e-06
1.5773269e-09
2.2397659e-12
8.763408e-09
1.4828168e-08
2.4966305e-06
6.8436417e-09
3.8563555e-10
2.4146511e-06
7.1184334e-09
1.1469591e-10
0.39117107
0.00036601475
1.8782478e-10
1.0689815e-10
4.038063e-07
3.2424456e-09
4.325428e-09
7.743254e-07
2.856065e-10
1.4998544e-06
0.0043560886
3.5751546e-10
6.6139076e-09
0.993797
3.899488e-08
2.3313444e-07
3.135292e-09
7.5304724e-10
1.5773269e-09
1.5632948e-09
2.4017932e-10
5.4862576e-10
1.5399316e-07
2.7023564e-10
6.0547763e-06
1.5977381e-06
3.4210819e-09
8.476655e-11
2.724406e-08
1.2158007e-10
9.0636504e-10
5.7879877e-08
6.2996786e-10
3.338136e-10
5.7815357e-11
1.6661226e-06
6.31275e-06
0.05737718
1.9738064e-08
4.6881117e-09
5.2135127e-09
1.6801225e-09
3.7772868e-08
2.2689464e-10
5.719781e-08
6.529205e-07
1.5684536e-08
0.002106104
0.029090151
8.485852e-09
3.4900324e-05
2.4124666e-11
5.5669386e-07
5.2805488e-05
1.3958644e-10
3.4317718e-10
6.049548e-08
2.4017932e-10
6.406046e-08
1.8060884e-08
0.081769004
1.668008e-07
4.082118e-08
0.0009232752
5.1967444e-09
2.856065e-10
7.900058e-06
4.3828554e-09
1.5399316e-07
1.8197233e-07
3.5473886e-09
0.023471639
0.00027752618
2.4356733e-10
2.6585173e-10
2.0525157e-12
2.7745234e-08
2.1167056e-05
3.140114e-10
2.172901e-09
0.0041676606
7.5800656e-08
1.1850547e-06
1.0284463e-08
4.445225e-08
3.4729778e-11
0.00093179086
3.2891774e-05
1.9692925e-07
0.0046877367
1.9392231e-10
1.5896586e-09
3.0222036e-10
9.6500365e-08
0.95926565
1.1417038e-07
0.5942902
6.5285826e-07
1.8583945e-07
9.81992e-10
0.00027752618
1.0732795e-07
7.4706045e-13
8.6304525e-10
5.877787e-09
5.1971534e-07
2.2146475e-08
9.694035e-08
2.0617304e-06
5.4120497e-10
6.403581e-06
1.5745914e-07
5.272725e-09
8.517258e-06
4.397681e-11
2.7745234e-08
4.1301966e-12
1.2187119e-05
7.4266165e-10
2.1274425e-06
9.252182e-11
0.003419807
9.675e-10
8.525632e-09
5.7815357e-11
8.225193e-09
2.580615e-09
5.49056e-10
1.2445511e-07
0.001592393
2.3517852e-05
1.2010948e-07
6.802936e-06
