1.0
0.00013192871
0.91936797
0.0057149935
0.9992413
0.02488469
0.00016547581
0.00048889057
6.682587e-07
0.0013136582
3.0748215e-08
0.0010670404
0.0003553407
9.62041e-05
3.6050797e-06
1.1446654e-06
8.04786e-05
3.6606432e-06
1.3677365e-07
0.0016911292
3.3283188e-05
2.6903228e-06
0.97958815
3.8512182e-05
6.942926e-11
1.3959799e-06
6.06481e-07
2.159676e-08
0.99700546
3.8780337e-05
0.00030736014
0.95804423
0.00023850396
0.063526034
0.091802575
3.3939166e-05
2.8644155e-07
3.3276e-07
1.1988076e-06
7.883968e-06
1.3801236e-05
4.6616762e-07
1.4128635e-06
0.007689496
8.9558915e-07
1.9631452e-05
0.755452
9.369653e-08
6.734832e-07
3.7505237e-07
1.28388565e-05
1.858281e-07
0.0005462819
0.13014276
0.11249146
6.634911e-06
3.0531566e-05
2.6457696e-05
4.767803e-07
8.527458e-06
0.97937196
0.97958815
0.009396087
6.654319e-05
0.9332443
0.755452
0.53280485
9.1186784e-08
3.9587175e-07
0.0015332571
1.0037701e-06
0.0047405697
4.1803887e-05
1.813651e-05
0.02604775
0.9998353
0.9999509
3.4162295e-07
0.0008991692
1.2113299e-08
8.054808e-05
4.1803887e-05
1.0186383e-06
8.676483e-05
0.0032580597
0.00196715
7.0226056e-06
0.00022524233
1.0
0.0015319117
0.036319494
0.00030547183
0.15348259
2.5936865e-07
2.497214e-06
0.9999883
0.00031896145
1.8608165e-05
1.3573804e-06
0.1587537
0.00049486425
0.37804136
0.00035639002
7.69194e-07
0.32319224
0.018993018
7.867804e-06
0.000330559
0.048687924
0.38076758
1.1990168e-06
0.003253846
0.05064174
0.0004450406
3.3480808e-07
0.03364278
0.008144661
0.0016175429
2.5115583e-06
2.7997107e-06
2.8644155e-07
0.034923315
6.5631934e-06
0.00841815
1.2698277e-07
0.0009488061
1.1430177e-07
0.00016547581
0.002579596
9.1186784e-08
3.714486e-08
0.0011554027
0.1221589
0.99999845
0.8284867
4.505164e-06
8.406926e-06
0.20888577
0.019793391
0.17850761
2.3122219e-08
2.8120196e-05
0.0010707368
1.3801236e-05
0.43296614
0.0006011709
2.1136375e-05
1.3478062e-07
2.776658e-05
0.00028204537
6.6572597e-06
1.2179748e-07
0.9971254
0.10025963
0.2321313
0.0042840606
4.052494e-06
2.5499492e-06
0.000119313234
2.654861e-05
4.649333e-08
0.10025963
0.9999848
0.99899375
4.1666335e-05
1.6353247e-06
0.99505126
0.33479118
6.5827007e-06
0.0013888287
0.036320973
0.287662
0.00010703637
0.000115734016
0.6295632
0.010086353
0.005517604
8.6438683e-07
3.0531566e-05
0.0018002816
1.2729892e-06
0.0012567221
1.3677365e-07
0.00038986764
3.0554682e-07
0.002881159
0.06164167
0.00011210745
3.1263714e-06
3.608156e-05
2.3124101e-05
4.681904e-06
0.000103032144
0.0007916839
3.597416e-05
5.1442803e-05
9.0659064e-08
0.00010238788
0.000111865374
0.0051356335
6.646735e-06
2.3390275e-07
1.3253334e-07
3.1263685e-06
0.1866469
0.00025448762
2.103911e-06
1.3098794e-06
1.7504128e-05
7.1804e-08
4.1666335e-05
9.159464e-06
2.1136375e-05
2.6908107e-05
0.0036942954
0.016180351
1.3844617e-08
2.4934086e-05
0.9962311
0.00026084567
1.6814944e-07
0.0009894553
0.0032580597
0.0031249672
0.0003964777
1.4773874e-06
1.3743514e-07
7.243715e-06
0.95804423
0.000330559
0.09214633
1.5057597e-05
0.0018898372
0.45175463
5.7475122e-09
1.394866e-06
8.529898e-06
3.4177492e-06
0.00012115356
1.4266755e-07
6.325157e-05
7.3303313e-06
4.4438433e-08
1.0154578e-05
0.99999845
5.1681997e-08
2.5385623e-06
0.00016345676
0.0014752306
0.8335891
1.1907806e-05
1.438688e-05
7.3419066e-08
0.13390711
0.16796573
7.922555e-05
0.011451872
0.00090651563
3.3939166e-05
6.657266e-06
1.3074977e-07
0.09214633
0.53280485
0.00012055557
0.00013192871
0.99994135
1.8629638e-07
9.805402e-07
5.0668845e-08
9.182256e-09
0.72193843
4.681904e-06
0.9922945
0.70433897
1.6448784e-06
1.0993915e-08
0.00045688456
0.9734985
1.1649505e-05
1.1404464e-06
0.00019613552
0.0007426512
0.27451482
0.9972962
0.00061956875
0.99692667
0.00558909
2.516096e-07
3.928202e-06
4.03657e-05
7.0899e-08
0.18491516
0.9721327
0.00023998161
0.95804423
4.8559593e-07
0.0003082493
1.0397846e-06
8.164213e-06
2.5617462e-06
