1.0
1.0
0.0027346537
0.0047434117
0.28612396
5.134331e-06
4.3625118e-07
0.00030438427
0.5312939
1.9356688e-07
0.0098697385
0.9923022
8.876787e-06
4.3311264e-08
0.00042180924
1.6573557e-07
8.99611e-08
0.00012970144
2.643841e-07
5.001267e-08
5.0750564e-06
2.8515453e-07
1.47862e-08
0.032777324
8.697188e-08
1.920303e-07
1.4807556e-07
1.8615732e-07
0.99987656
8.608613e-06
4.3617797e-07
2.481571e-06
4.4325698e-06
0.0010764652
5.4047614e-05
6.4043874e-05
0.0012255149
7.309738e-09
0.00023143296
1.5660358e-07
2.5558872e-06
1.3177262e-07
2.367584e-06
7.7603164e-07
0.004940791
1.8652001e-07
1.2449563e-06
0.0001527558
4.0807322e-08
8.981451e-12
0.9773087
2.219989e-08
1.9752456e-07
0.00050505897
3.087743e-05
0.00033766203
0.99999475
5.6185405e-07
8.435957e-08
0.22451657
6.251709e-07
0.0010501163
1.63923e-05
0.00041874038
0.002406098
1.7277193e-08
0.9999999
0.033084728
5.120756e-06
6.2013777e-07
0.05122454
0.00013864103
5.114353e-06
0.0034477583
9.148294e-08
2.9373469e-08
5.016849e-06
2.2007073e-06
0.089895986
0.14742474
5.1088556e-08
4.671324e-08
0.0245219
2.4638467e-07
2.20613e-05
0.097690135
1.8276992e-07
1.8611307e-06
0.0009865124
5.120756e-06
0.00016817614
0.99658686
0.27997205
1.6731366e-07
2.2268833e-07
1.3136223e-06
0.523059
0.0018535851
0.2855203
4.2773896e-05
0.00085506955
0.008696006
0.00035518102
5.001267e-08
0.00017967456
0.0015776618
0.00039949463
0.00010616046
5.491562e-06
0.001123619
2.6972714e-08
0.0032598148
0.0009821446
0.022149531
2.266169e-06
2.6855446e-07
2.2025879e-05
1.13221e-09
0.0004112694
0.22416212
0.18764588
4.4869306e-08
0.99998176
8.5779345e-07
1.5718724e-05
4.4212535e-07
8.443075e-06
1.7645703e-05
0.98424727
5.098285e-05
3.1841424e-07
0.99754775
3.955072e-06
0.497427
6.976852e-06
3.9806486e-07
0.0007982731
0.0051450217
4.456049e-07
2.098111e-07
6.126512e-08
0.0005167198
7.135346e-07
0.00045514884
0.95872825
0.00013371154
1.9478975e-06
2.106608e-07
3.4234022e-06
5.693664e-06
3.1515416e-08
1.3246198e-05
6.715256e-09
0.0070018624
5.2449864e-06
5.0892572e-06
2.3228422e-05
0.04307619
8.6598504e-07
4.671324e-08
6.0101856e-06
1.950249e-08
5.0015337e-06
0.0069670836
0.0003940092
4.3454875e-05
0.0018535851
3.087743e-05
1.3863723e-05
4.663588e-07
6.451304e-07
0.001123619
0.00270014
0.0017105751
0.99988943
4.4325698e-06
8.778683e-07
7.1145187e-06
0.019608438
0.007915911
5.0948438e-05
1.0172132e-08
0.00042180924
0.9151165
2.8534762e-08
0.0058890805
3.9473252e-07
2.0135232e-08
5.270008e-07
0.00019179618
1.8961326e-07
6.2120715e-05
5.6881106e-07
1.4982145e-07
1.4140875e-06
0.018790858
5.2018127e-06
1.47862e-08
3.4238514e-08
0.9995469
0.028362319
8.596974e-05
0.99813086
1.8778755e-06
3.683454e-05
0.9897246
5.8714482e-05
0.093365975
3.7107548e-06
5.491562e-06
4.7282795e-09
3.3722234e-05
3.4168725e-06
2.43381e-06
0.00038773404
6.17908e-05
6.803996e-05
9.1207665e-05
4.906158e-07
0.00029986183
2.4919063e-06
0.0014791384
0.00032259576
3.1941816e-08
0.0032598148
0.00081622775
0.98438585
1.0053556e-05
1.9752456e-07
1.5172593e-06
0.9999998
5.9126673e-05
2.296446e-07
1.8455642e-08
0.0019381866
6.045732e-05
3.5808512e-06
6.603237e-05
2.0536973e-07
6.09995e-08
0.0012385844
0.9581037
1.7986195e-05
9.772255e-06
0.00021363808
1.1585478e-07
7.253269e-05
0.0006918141
2.4550081e-05
1.1732086e-05
1.07596e-06
4.94766e-06
1.6731366e-07
0.0014942709
2.6463626e-05
1.2450299e-06
3.122987e-08
1.5070104e-06
7.583711e-05
1.8835253e-06
0.0033686082
0.99121267
3.4341267e-07
1.9478975e-06
0.8186001
0.0011391747
4.3495217e-07
0.0013752406
1.2120694e-08
3.770636e-07
5.0892572e-06
2.7342767e-06
0.039769914
2.4101752e-08
0.00040850844
0.016930938
3.3031388e-06
0.00011129126
0.46175388
3.633934e-05
3.3885743e-07
0.04666457
6.437945e-06
9.444721e-09
3.0061187e-07
1.9171168e-06
1.8621016e-05
1.7131681e-06
6.219917e-08
0.005726539
0.9659796
0.9999099
0.0010014275
0.5322843
0.0006796126
0.00020440496
2.8700097e-06
0.0046593985
1.1796054e-08
7.864253e-09
