0.5104861
0.73143333
1.0
4.3782975e-06
9.611935e-07
1.1141598e-05
0.9999968
6.3896454e-07
8.470678e-05
1.6682288e-05
0.00023038984
0.00049830525
7.707854e-08
2.7567832e-08
3.0571186e-09
0.00083422294
0.0015534342
0.016227433
2.9769935e-05
1.9783788e-07
0.00023653825
0.15322834
4.8862537e-05
0.17940882
3.5577552e-06
7.9878715e-05
3.1839733e-09
6.1427977e-06
4.5303727e-06
5.8619474e-07
0.99020123
0.016227433
1.6743688e-07
1.4169618e-05
0.0033315003
0.6976197
3.4570203e-05
0.01488431
0.0055175936
3.853834e-07
0.025996955
1.1039158e-07
1.0684363e-06
2.076312e-06
3.787025e-05
3.334124e-08
5.3902767e-07
4.770696e-06
1.3000486e-07
4.1037874e-05
0.0039169644
0.00010657196
0.78547806
1.6939248e-07
4.0398852e-05
0.8669411
9.4996845e-05
0.62156314
0.00011772494
0.0002561495
4.0827953e-08
3.1839733e-09
0.06797339
0.26794827
6.3160707e-07
0.573872
1.442202e-07
1.3473671e-06
3.0021557e-08
1.4069475e-06
0.058952596
0.01919751
5.1870306e-06
0.00011571878
0.07930393
2.9163052e-09
1.1529391e-06
1.6830909e-07
0.0059954347
5.193715e-07
2.188163e-05
0.10034406
1.1919483e-06
0.000984255
2.8890187e-07
2.7131871e-05
0.458849
2.7946103e-06
0.00021423983
0.009938304
0.9979845
1.9221939e-07
6.2023e-07
0.0037895527
2.9333326e-06
0.08932275
2.5517192e-08
4.3782975e-06
4.5543706e-07
0.00504926
7.707854e-08
1.5914468e-07
1.8254411e-08
5.1079583e-06
4.042343e-06
1.3984653e-05
6.367017e-08
0.0023468381
0.00095012825
6.030372e-06
1.1942674e-05
3.191898e-08
0.0031473523
0.0033300505
1.2231446e-06
5.224413e-09
1.437525e-05
0.021846626
1.5909141e-07
0.007106542
8.234743e-05
9.825332e-05
0.01627233
0.0060182395
0.007119713
0.05121425
8.355013e-05
4.155787e-06
0.99987924
0.00011883057
5.0920876e-06
0.00046385167
1.3798982e-08
6.406107e-07
0.0067212796
0.0009225611
3.744223e-06
1.3100565e-07
0.008089157
4.0537543e-06
1.1571908e-09
1.7663568e-06
0.00016795755
2.0394625e-06
5.355447e-06
4.5188077e-07
0.9999907
1.5662922e-08
4.1193553e-06
0.75472975
1.8035043e-05
1.6065533e-05
0.3303753
4.599004e-06
0.8087497
1.3798982e-08
1.1919483e-06
9.691896e-07
6.248753e-05
8.237188e-09
0.0004692269
6.894242e-06
1.7820124e-08
2.1747894e-07
0.0004796421
8.3581436e-10
5.243856e-05
5.9074165e-07
1.7318672e-07
6.3618216e-07
1.6882592e-07
0.0004651867
1.3468002e-07
1.6683533e-07
2.3714838e-07
1.147253e-05
0.0006928625
0.17940882
1.00166735e-05
2.8554292e-09
3.9200426e-05
0.68881303
2.56626e-07
0.9999821
7.226123e-05
2.9164346e-08
0.0015489395
2.0384707e-08
4.4462772e-07
0.96877563
1.719448e-08
4.9495666e-06
1.9626759e-07
0.99999905
8.853708e-10
2.3161692e-06
0.13102649
6.5836906e-07
8.6002205e-05
8.294118e-07
2.9769935e-05
0.00051619724
3.2369175e-07
1.443611e-05
3.08559e-06
6.9541136e-05
3.051249e-07
1.0705276e-05
0.0002836807
0.00028771796
0.008039905
0.00504926
0.0060182395
4.0684768e-07
1.3881676e-05
0.0010082572
4.5868055e-06
6.234538e-08
0.002506809
0.0005131278
7.9878715e-05
0.00010281406
0.0018944065
0.00017471501
0.49768746
0.011099197
0.046554875
0.023410883
3.241451e-06
3.9919534e-05
8.699685e-06
0.49768746
6.3160707e-07
1.4791772e-05
0.0073097674
0.00095012825
2.2760187e-07
1.1339481e-08
0.0002618593
2.709761e-06
3.4598437e-05
8.032714e-08
5.247618e-06
0.03520451
0.0003780154
9.4996845e-05
1.752298e-08
1.5317688e-07
0.000113346294
6.103597e-06
0.11483519
1.0262006e-05
3.8955972e-07
0.0010082572
8.58446e-06
1.0402537e-06
7.3712044e-08
1.6015643e-09
0.00034791997
1.4335782e-06
6.206608e-08
7.707854e-08
0.19129817
1.5078498e-07
0.0017797921
5.980375e-07
0.0002618593
2.4471728e-05
5.4188206e-07
7.9525606e-05
4.516219e-05
0.00017471501
0.9772147
0.11483519
0.0006112972
5.95656e-07
0.00020428494
0.008889158
5.9505296e-06
2.3015765e-07
4.2183325e-05
8.904489e-08
1.4635191e-08
0.00020562395
0.013512087
1.272426e-06
8.789987e-10
6.337923e-09
0.62156314
0.00014247614
2.1239688e-07
3.334124e-08
2.6533235e-07
4.7664892e-07
0.99991643
4.0827953e-08
0.00075937674
6.748932e-05
2.3471165e-07
0.00049001427
