0.99999446
6.2894054e-05
3.0271276e-06
3.6365398e-07
0.036242716
0.24903464
7.823704e-06
4.3713982e-05
8.671999e-05
0.0001961101
9.510489e-08
0.00056872494
0.00072874874
1.3267653e-06
1.1333673e-05
7.865681e-06
0.0019725396
0.000100784426
7.0513415e-05
1.8890853e-05
0.00018499911
0.9627797
0.101539105
1.8363441e-07
0.005482074
0.0004149438
0.0014933136
1.0694948e-05
0.33986908
1.1495587e-06
0.01726765
4.278045e-09
0.056219876
1.3070942e-06
7.6808e-06
3.0139631e-06
1.548798e-05
0.054311745
0.0006054894
9.225811e-09
0.00629475
1.3899975e-07
0.023205955
0.0010046996
1.2122382e-08
8.4960746e-08
0.08011477
1.0019416e-05
0.01590578
0.0028105327
0.52364016
3.3953962e-05
6.476554e-08
7.440646e-08
7.871894e-07
0.9930103
1.1592253e-07
0.0017118158
0.999175
1.4833968e-05
0.037664454
7.128702e-05
3.4751803e-05
4.2219664e-05
0.96961606
0.00048442153
1.407823e-08
1.6616303e-06
1.2857137e-05
1.3067057e-08
1.8080898e-07
1.997922e-05
0.00010821773
4.073857e-05
4.0615794e-10
8.988801e-06
0.004855141
0.00029945615
0.0002671971
6.6745924e-05
4.0791605e-08
1.7292284e-09
5.5912546e-06
1.920843e-06
0.00023557564
1.3969557e-07
9.00916e-08
5.4661423e-06
9.836187e-07
1.3070942e-06
0.017332584
5.690411e-07
0.0023291092
1.7352447e-06
8.665362e-05
0.0018668994
7.113151e-05
0.001173616
1.3885576e-06
4.1277413e-05
0.8695868
1.0762617e-06
0.0016836773
0.0005982279
0.00038608015
0.0003376918
6.6304244e-07
0.0702054
7.90357e-05
0.0027054737
0.001100427
6.3762894e-07
0.006244756
0.037664447
2.9626787e-07
6.6390466e-09
1.0778683e-08
1.8068346e-06
1.5219612e-08
6.159941e-08
0.0001187497
1.2952759e-06
2.5739072e-07
4.2439746e-07
0.0018233289
0.00051634904
6.708367e-05
1.9637295e-05
0.9998943
0.9999563
1.513017e-06
7.379814e-08
5.7080983e-06
3.2036105e-06
0.0002671971
0.011347448
0.9998943
2.1966796e-08
2.2253603e-08
3.215896e-07
0.13588184
0.000590597
6.789328e-05
5.054278e-06
8.495698e-09
1.8556313e-05
0.00012334574
0.7968802
2.7307841e-08
1.4731267e-05
0.23550238
0.8145288
4.890951e-08
0.97542304
1.2655878e-05
1.23093205e-05
1.7046231e-08
1.2754626e-05
0.99999875
0.00071346044
1.1592253e-07
1.3072515e-05
6.733779e-07
1.5907307e-07
4.945141e-06
0.00072874874
0.054018244
0.7436042
0.000100399484
0.00022509397
6.9043876e-06
0.00010214662
8.545255e-06
0.0012457459
1.8025925e-07
7.6808e-06
0.0005204791
0.30975625
7.6808e-06
1.0019416e-05
4.019881e-08
0.0022089835
9.216946e-09
2.7048866e-06
3.7767145e-07
0.0036400831
2.909587e-05
0.9999999
9.821556e-07
9.529447e-06
5.0972048e-08
0.01061425
0.99999994
0.12894043
2.0100238e-08
4.205371e-05
0.00011359689
0.99987257
0.0006944821
0.0010598374
6.2894054e-05
0.00012153621
6.689117e-08
0.0029186155
7.381063e-06
0.023628507
0.0048235995
5.0107956e-06
0.84334564
0.9999982
0.0014502655
4.2103634e-06
2.096282e-06
0.99803257
0.00040033413
0.0031983107
0.00033555191
7.157483e-08
1.3267653e-06
0.06527619
6.7473693e-06
0.0011131858
1.6542795e-05
7.419483e-06
0.90959513
2.5603052e-07
9.603922e-06
4.4870353e-06
3.2652775e-07
2.3745639e-07
1.7990766e-06
0.0029186155
0.002845559
0.0008015793
8.141136e-06
8.83238e-08
5.6600285e-05
0.00014813225
0.05438149
0.008741834
7.761445e-05
0.999938
4.508499e-05
4.665632e-09
4.814909e-05
3.4918802e-08
0.0058718426
0.0070838165
2.7107123e-07
1.06677916e-07
0.27427614
1.6235753e-06
0.00030598394
0.07996258
1.8556313e-05
4.890951e-08
3.8661918e-07
8.257671e-07
1.3899975e-07
7.6808e-06
1.2363618e-06
0.26121587
4.7453934e-08
0.011418194
5.686414e-06
0.0012059497
6.028158e-06
0.12894043
3.50727e-07
0.22726145
0.0210009
2.4404097e-05
2.3332814e-05
2.06134e-07
0.0003458737
1.0224925e-06
1.3267653e-06
0.01061425
4.4625983e-07
2.6741848e-11
5.1515317e-06
0.99987257
2.554033e-06
1.6302744e-08
0.00017146164
1.3657657e-07
4.278045e-09
0.987858
4.1775974e-09
2.9602114e-05
0.9999974
1.06677916e-07
7.865681e-06
0.2924841
3.0394227e-07
2.9412938e-06
3.908457e-06
0.061089568
1.9363279e-07
6.742082e-06
