0.018028716
0.00040835424
0.99998134
0.014872666
0.0005821239
4.1560774e-08
6.678928e-05
2.3013767e-07
1.905266e-06
9.048266e-06
0.0033078052
2.3886214e-06
0.9976691
6.6021653e-06
3.6181485e-05
0.00014412319
0.08767385
4.7921635e-08
9.214469e-07
3.7773304e-07
2.2695552e-07
0.00010031805
1.5936392e-05
5.784114e-07
7.955496e-05
1.3681929e-05
4.2815354e-06
5.401928e-07
0.9004034
0.99999166
8.511373e-05
6.1602e-05
7.967366e-06
0.0024907805
0.0003092277
1.3458361e-05
5.809566e-08
3.6028182e-06
0.0008818056
0.0008746568
0.82447904
0.0011868582
0.0026164227
6.912183e-05
4.4544468e-05
7.956615e-07
1.5155647e-05
4.422932e-07
3.3936422e-07
6.1216056e-08
2.7908284e-06
2.179915e-06
0.9377534
0.0046948614
1.0825349e-08
0.00011088533
0.9190703
4.8153175e-05
0.058334
2.5109998e-07
0.032746892
9.676375e-08
0.12210197
0.00017642337
1.0385618e-06
5.8987293e-06
0.0006942499
0.99997735
0.8283673
0.09567642
1.5841764e-05
0.00043571612
0.9107368
1.8172411e-06
0.9202159
0.031950615
0.99677837
7.076299e-05
0.00018109716
0.050968897
0.9820693
9.842259e-09
0.00013780672
0.0002258985
3.130856e-06
5.3537055e-06
2.2504216e-06
0.0021322616
0.0010887868
1.5724044e-08
1.1232115e-07
0.037467446
9.102207e-05
5.3612053e-05
0.00013306922
1.0403846e-06
0.000615517
0.0016931889
7.218324e-06
0.026772369
2.951702e-08
0.0005141652
0.00041746974
0.94953305
0.22933348
0.0014611426
3.5963576e-06
6.4945607e-06
0.0030445796
7.144462e-05
2.5377527e-05
0.99982756
0.0032539836
0.019753147
2.8175548e-06
0.56664103
4.7538993e-05
0.08761027
0.00044621943
0.015742391
8.08014e-06
0.0078600235
8.882086e-05
2.266205e-07
0.0011127468
2.4430952e-07
0.010698081
2.507958e-07
7.442917e-08
1.3516656e-06
6.766611e-06
0.0023759357
0.00011175502
0.00263943
0.0055427817
0.0019508853
2.9739624e-07
0.00022683607
3.809854e-08
0.7453901
0.007442403
0.02123063
0.0014901324
6.717765e-05
0.00043571612
0.27409443
0.03502816
4.066765e-05
0.005514883
4.3333748e-05
7.336178e-06
0.02363499
0.030743996
0.00011088533
8.0387133e-07
0.999996
0.0004458223
0.0038084215
4.8712236e-06
6.3784355e-05
7.5365475e-05
5.5835917e-05
0.0010465134
0.0042536194
0.0013549473
5.850091e-07
0.0024039575
0.0010567094
0.99998397
0.019866489
0.9984193
0.022179708
6.717765e-05
0.00063193025
8.730096e-05
9.676375e-08
0.0011374111
1.771821e-05
4.4542256e-05
0.0008219762
7.745649e-06
1.1297922e-06
0.010865188
1.2007335e-05
0.001000004
4.3536716e-07
0.0002531687
0.00048738395
0.09553354
0.029566653
4.373123e-06
9.1064305e-07
0.0031214904
2.5284544e-08
0.39690912
0.0028212147
8.0799575e-05
0.00029065093
0.0015387888
0.015983237
8.553255e-09
0.008762411
3.2815136e-05
0.2058925
5.720911e-06
0.00015465805
0.24423285
1.8350696e-05
2.8435336e-08
0.00908111
7.904723e-05
5.8526693e-06
0.09500282
3.2810442e-07
6.3844705e-06
5.3537055e-06
7.5257616e-05
4.3336076e-06
8.246464e-07
2.4301817e-05
0.0003092277
0.00045398172
1.0387846e-06
0.0005141652
0.9999938
0.2058925
3.2020985e-06
0.99978226
1.780567e-06
3.771074e-08
0.48575267
0.000100869314
4.4542256e-05
2.4858087e-05
0.9983715
0.9290886
2.9046687e-05
7.295433e-06
0.0027667563
7.592272e-06
0.004923704
5.7739408e-06
1.3830564e-05
9.420034e-06
0.69642425
0.00044792923
5.110887e-06
0.0007751904
0.00017503215
1.8093639e-08
1.6778176e-05
0.9999616
3.9303173e-05
0.010865188
0.00014412319
0.8301415
0.9988394
4.269736e-05
0.9930417
7.956615e-07
9.689607e-06
1.3458361e-05
1.8222292e-05
0.00908111
1.6351392e-07
1.9318673e-08
0.00080753095
0.99997735
0.0011308392
0.0005149905
5.811737e-05
0.012375692
0.02363499
1.8955286e-07
0.001789229
5.3612053e-05
3.2615442e-06
0.0006824388
8.266139e-06
0.00029196125
0.00013306922
7.2690425e-05
0.9983193
2.9504317e-05
0.0055663153
0.007898506
1.3838097e-05
0.99999917
0.004409301
0.043802768
4.4306453e-05
0.001060507
0.0002004153
4.422932e-07
0.6269057
0.4933713
8.275731e-06
0.00080753095
0.0047694696
1.5476846e-07
