0.9999978
0.99782234
0.95682645
0.99785745
9.788271e-05
9.7686425e-05
1.0
0.00017332353
0.6781533
1.9529236e-05
0.025274487
0.99990535
0.07279319
0.00017058513
0.0047290334
0.5132235
0.38901588
0.0012058567
9.555232e-07
6.706167e-05
0.99785745
0.9967702
3.403452e-05
0.44334453
0.17294544
3.0113495e-07
3.892258e-06
0.95201
0.011404309
0.44334453
7.460303e-05
1.6413635e-07
0.8878795
8.793688e-05
5.2339287e-06
6.993866e-06
0.999984
1.5875194e-06
0.0004301893
0.6200107
0.041529752
0.04520853
0.09635235
0.00012430345
3.942148e-06
0.0022670138
0.8174342
0.0044430993
0.5828792
0.23007716
1.9880663e-07
0.74115473
4.285956e-05
0.010126047
0.0015422264
3.3824013e-05
9.67658e-05
0.030070025
0.0031969915
1.3649635e-05
0.3079794
0.00015857164
0.001241833
0.82469445
1.0937588e-06
0.78288114
1.2329813e-06
5.5451346e-07
0.9571463
0.0001483389
1.460292e-05
0.0023847362
6.325797e-05
3.1149075e-06
0.21117616
1.8652375e-07
9.5076564e-07
0.0068321167
1.2248951e-07
5.689804e-08
0.001693463
5.3226636e-08
2.0954654e-07
0.28719282
1.5804342e-05
0.99999595
4.6769014e-06
0.050512616
0.013199343
3.7964965e-06
0.99916047
0.058184996
3.6748513e-06
0.0023409952
0.00026970173
0.0001060064
4.21907e-06
9.075072e-06
0.0011944165
1.6654658e-08
1.3138505e-05
0.051432025
4.2218777e-05
5.5844488e-05
0.999994
1.2305659e-05
0.001926818
0.0005564306
0.0016985298
2.2472224e-05
7.212367e-07
6.556785e-07
0.9703509
2.7156722e-05
0.99999666
0.0009956578
1.5653803e-06
7.2395437e-06
0.0016383219
0.0021630402
0.0006889652
0.48635685
4.8837643e-07
0.00031754875
1.9235033e-07
0.0009904098
0.9666071
0.9839527
0.986115
0.10222565
0.40874726
0.015133158
0.11881549
1.7280446e-07
4.713129e-06
0.00017058513
1.4338502e-05
0.051432025
0.61832035
0.00032924998
1.2676557e-05
0.00022196322
0.033720374
0.001674098
0.94287235
0.9999995
5.0537034e-05
0.3320752
0.70747197
0.0006863356
0.44334453
0.0023847371
0.88261473
2.468492e-07
0.58666945
0.016010055
0.0047915094
0.0023892496
0.00017529304
0.0062740184
2.2626864e-05
0.0018786356
1.431055e-07
0.00010633878
2.7916326e-07
0.8784454
0.95848113
1.0410302e-07
0.000121607736
0.00067018444
0.0046923133
6.717969e-06
0.3405729
0.6462997
6.7279643e-06
0.0005242257
6.706167e-05
6.587059e-06
0.0028159905
0.49055088
0.014591489
2.5905026e-06
0.021077992
0.99998665
0.00040246683
6.344469e-08
2.0790205e-05
2.9721528e-08
0.9889108
0.000688404
2.0352721e-07
0.05695182
0.8221767
0.009739589
3.738747e-05
0.28949732
8.106893e-06
0.052258164
1.4338502e-05
0.12465634
2.3957435e-05
7.762405e-06
8.0043117e-07
0.026888726
6.759302e-05
7.2183584e-06
0.051432025
2.8574956e-08
0.00043004044
9.904991e-05
0.0005142591
0.99543965
2.0896573e-06
5.047409e-06
4.5753933e-07
3.443691e-05
3.501792e-07
0.0005713149
0.036441818
7.885057e-07
1.0927822e-05
0.94287235
0.0050794734
0.0001982942
0.48635685
0.0028038237
0.00017332353
0.6012438
0.0006988984
0.00021218092
5.3515003e-05
0.123219036
3.5235684e-05
0.00010455494
9.477046e-05
1.460292e-05
3.8894003e-05
0.0040196576
2.2465798e-05
0.0001483389
0.8370243
0.0014511703
0.001693463
0.00011577794
0.002759271
6.1480576e-05
0.0001558028
0.0013740597
2.2950202e-08
1.7469458e-05
4.232256e-06
0.0040196576
0.8072901
1.6073496e-07
0.9995649
8.115133e-08
0.005456337
0.00051845866
3.6418777e-07
1.0429477e-06
0.0068321167
0.99998665
7.2968277e-07
1.0819057e-07
0.0008043825
1.790504e-05
0.8221767
0.0030287046
4.7435124e-06
0.99886125
1.4338502e-05
4.3335212e-06
3.1893653e-06
9.706113e-07
0.81331253
0.3794263
7.5464817e-07
3.0156882e-06
2.2179083e-06
8.291779e-08
1.04102855e-05
9.861704e-05
0.0001060064
0.77375627
0.00499744
3.5760972e-06
0.00044709185
0.99999744
5.4693287e-06
6.96199e-05
0.17764868
0.042063586
9.828052e-06
0.004904163
1.2764824e-05
3.1893653e-06
8.6472755e-05
0.0027866408
1.491141e-05
2.2170454e-06
