0.96268797
0.6566465
0.15791254
5.351347e-06
0.017726408
0.00037452026
3.4447675e-07
1.5114511e-05
8.344662e-06
1.7514245e-05
1.909753e-05
0.09771443
0.6852337
2.8659346e-07
0.00013487338
0.00035759225
1.9057843e-07
0.0008695944
0.9615993
0.031320885
0.22818327
0.9242663
2.0135635e-06
0.00046101815
0.00012055994
4.02085e-06
0.00015554718
1.116355e-05
0.008568225
0.27132857
0.028236972
4.6272694e-07
1.1911614e-07
0.85432076
1.9234644e-06
0.008719653
5.354849e-05
6.536889e-06
0.0036024475
0.87166524
9.177022e-07
4.8672205e-06
0.96268797
0.99959826
0.9999877
0.74207145
0.010759274
1.0057722e-09
2.888434e-06
0.0019495237
0.99863845
0.00058170006
6.2096274e-07
5.003496e-05
3.393179e-05
0.8455472
4.249584e-07
1.550573e-05
8.1100424e-08
0.00025676176
0.8416067
0.00035758322
4.6341065e-06
4.378974e-06
0.008719653
0.9999202
0.008719653
6.7551054e-09
0.00087111036
0.98300743
0.01596791
0.94054615
0.00065510574
3.037405e-06
0.00019760776
4.369136e-07
0.9993149
0.46917853
0.9521748
0.010091077
0.16145301
0.0026405966
0.0021353157
3.6650374e-05
0.8205782
0.6428942
0.018202463
6.483166e-07
0.00029449855
7.500928e-05
0.33331126
1.0447024e-05
0.99725527
0.001255875
0.0017421774
0.00061812875
4.933158e-05
0.33615133
7.996393e-08
0.004620656
0.13227734
1.5931614e-06
0.0001542389
2.2369273e-05
7.537877e-09
0.00065510574
0.8214287
0.037834648
0.018845037
0.04320851
7.6627634e-07
0.0030961465
0.98706406
3.4652792e-06
7.434446e-08
1.3228474e-06
8.830233e-05
0.0002701547
0.050945155
0.94054615
0.006434498
0.00063377985
0.006512888
4.5973152e-07
0.00023803393
1.0057722e-09
0.99833626
1.0057722e-09
3.8713606e-06
3.393179e-05
0.73759043
0.0019724832
0.46873963
0.00052147004
0.86327744
0.9669759
0.06393837
1.8521872e-05
3.6819513e-06
0.99455404
0.0057121897
0.0005751043
6.483166e-07
1.2009121e-05
0.15294905
0.013615269
0.18479061
0.0002197647
0.0022160006
4.2722257e-07
0.00013283543
1.7770012e-06
0.43677783
0.00040273528
0.99798775
0.79213756
0.82023436
0.7397906
0.004152405
0.15624891
0.005128505
0.0021802648
0.011819773
1.5547188e-05
2.224559e-05
8.426628e-07
0.0028472699
0.34071884
1.614888e-05
0.0072213165
2.3333597e-07
0.0005686515
0.000960605
2.2330535e-06
4.591768e-07
1.4802955e-06
2.365814e-07
0.012896061
5.853536e-05
0.00013108003
0.0003866321
2.2212485e-06
0.042936973
0.5743654
2.3822743e-06
0.0034425457
6.6385696e-06
0.00039100996
1.6018406e-07
0.026562957
0.0004047318
0.1338191
4.0059313e-06
0.0013308249
0.06105178
0.33128676
6.7551054e-09
0.49507296
0.30706155
0.99999285
1.6799044e-06
0.0010650469
0.0076886406
0.002592043
5.2296236e-05
0.9103657
1.6514028e-05
0.010091077
0.94166183
3.698883e-07
0.21681257
0.0075982427
0.084676996
0.08029948
1.3872922e-06
0.99938434
3.870113e-06
2.9281568e-07
4.5714576e-05
6.0602433e-05
1.7438465e-07
5.10234e-06
0.7184307
0.02670689
0.98706406
2.4522672e-06
0.0005455769
1.3204073e-05
0.00060324004
4.157124e-08
1.031881e-06
0.00037371155
0.017221693
0.0020149373
2.1131274e-07
4.7673848e-07
0.9889995
0.01596791
1.7438465e-07
1.5686501e-06
5.993632e-06
0.05416931
7.498945e-07
0.005128505
0.002350711
3.810912e-06
0.006434498
0.019116838
0.99380296
1.9847103e-05
0.46873963
0.00035332658
3.367056e-07
4.8998965e-07
1.12353655e-05
0.26246613
0.0094223665
0.99916476
0.0020770887
0.03947941
0.001682844
3.7448872e-06
0.00017760231
0.61289847
0.000111683854
0.94054615
1.771127e-06
0.999998
0.0053866594
8.691472e-05
0.0043008374
0.006434498
0.33331126
4.5973152e-07
6.753761e-05
1.4184718e-06
8.140928e-07
1.550573e-05
0.9999992
0.0013144147
0.98664653
5.9320473e-06
0.09129428
0.0006852768
4.3899963e-06
0.011592804
0.9734853
5.2296236e-05
0.001140174
0.9988691
0.024873814
6.286528e-05
2.199645e-05
0.9991893
3.5463332e-09
0.00012055994
5.3548596e-05
4.591768e-07
2.4292549e-05
0.006911767
