0.99999815
1.0
4.9841447e-06
6.6891033e-07
0.0041157827
1.884701e-09
0.51018214
5.4377388e-06
0.9999988
0.006209747
0.00022675823
0.62914455
0.7815287
2.1981336e-06
0.003086715
0.0057428773
3.453976e-06
0.3858794
7.3835025e-08
7.4232626e-06
0.0005688811
0.000671376
0.0010034904
0.7246569
1.5151091e-06
7.734078e-09
0.9044652
1.6744679e-07
4.1364018e-08
0.006816855
0.0020441532
0.9999972
4.510998e-05
2.4099232e-05
1.2737732e-07
0.013301058
3.1018437e-06
2.594535e-06
0.005693417
1.1919804e-05
4.9841447e-06
5.9920432e-05
0.00012519419
0.062156886
0.00037984256
4.8473103e-05
4.2109917e-07
1.4225509e-05
7.356159e-05
1.3082155e-05
1.9845196e-08
0.9999749
0.64604074
1.7754144e-07
9.7811986e-05
4.4995593e-07
0.0013418173
8.940242e-06
7.974597e-08
0.04161101
0.022801382
0.98719376
3.4421577e-05
2.483671e-07
0.0014016017
0.00024992402
0.0035729138
0.92453676
0.0005521278
1.21287285e-05
2.5022722e-05
0.0011466646
0.027119668
1.1919804e-05
0.49189714
4.6337744e-05
0.00022497424
0.006816855
0.06620476
1.3049472e-05
0.001893078
1.74571e-05
0.00016091624
0.813531
0.00051184546
6.0474737e-05
0.0041335756
0.00015060531
1.0444033e-07
4.863267e-08
0.0006917518
1.1038902e-05
1.1026392e-05
7.3235262e-09
0.32590085
5.063832e-07
1.3082155e-05
5.719235e-07
1.6571597e-06
0.6996163
0.0019189671
0.0004417249
0.00020358007
0.604858
3.861097e-09
6.45725e-08
1.7488176e-06
6.8167293e-07
0.0012555406
0.9967452
0.0005455059
0.012549517
9.536523e-11
0.004139777
3.2566096e-08
0.018630238
8.8461275e-06
4.902734e-07
9.135457e-06
2.6819332e-06
0.022801382
0.0062723365
0.00014118312
5.77687e-07
4.8473103e-05
6.051163e-06
0.000119486416
0.6425431
0.999996
0.74575216
0.0011451773
0.0504898
0.0014016017
6.870318e-07
0.68751675
1.6972259e-05
1.0444033e-07
0.0019700488
1.5151091e-06
1.2900555e-05
6.0329444e-07
0.033152845
0.41651943
0.0011417958
0.006505475
0.006463217
6.323424e-07
0.012764619
0.019722594
0.9999124
0.9245367
0.010003366
0.00068572524
7.619753e-05
1.2938865e-07
4.6546123e-08
0.8587565
9.467103e-09
0.000916188
8.523664e-09
2.0575822e-05
0.00030597256
0.00018338895
0.00021870909
1.3796003e-06
9.292194e-06
6.677635e-05
6.3060346e-05
2.7375687e-05
0.00017882034
0.0009322895
0.00020721757
1.0614256e-06
0.0013160526
0.0016442358
8.836609e-08
1.8669025e-05
6.152395e-06
1.4307536e-06
9.135457e-06
9.879209e-06
1.9076822e-08
0.00096369337
0.49189717
0.9999999
2.5641505e-08
5.575583e-07
4.0143107e-08
2.002982e-08
9.0542735e-06
0.006463217
5.2438626e-08
1.552181e-07
6.116865e-05
4.48451e-07
0.019327987
0.001798917
3.6338674e-06
0.6996163
2.4383773e-11
0.00060343667
1.1439276e-06
5.6282324e-06
0.000916188
0.00043030534
0.00024364183
0.07791854
0.044500496
0.007431738
0.28962898
6.879658e-05
0.00068851816
0.0010838453
1.4122294e-05
4.391303e-06
6.6648165e-05
4.3007363e-05
6.2829207e-07
7.911737e-05
7.3835025e-08
0.99979
2.5179232e-09
6.0536203e-09
1.1843779e-06
0.9841485
4.8548426e-08
0.9999972
1.8196014e-06
0.0003028019
0.649628
1.2682182e-07
2.2802496e-05
0.00027504851
1.07229935e-05
0.0006505896
7.010409e-05
1.5457597e-05
3.6872916e-05
0.0006259254
0.012079097
0.051503096
1.0995719e-05
0.0024674982
0.005693417
1.8320341e-05
3.0960022e-05
0.0004537654
0.0033867578
0.0011414019
0.00023348177
4.4381008e-07
0.00221288
0.0005455059
0.059864838
1.6912647e-07
0.07187372
0.00013927996
0.91825247
3.4451461e-06
0.96181583
0.99563366
0.41651943
1.1439276e-06
2.1162654e-07
0.028272647
1.3902223e-05
0.0028597494
0.98934263
1.1914813e-08
0.00021184211
0.22716267
2.29218e-05
6.45725e-08
7.3235262e-09
4.3903565e-05
3.073835e-09
0.99988407
0.00663128
0.00011995492
0.51018214
3.9311908e-05
2.9594774e-05
2.4208184e-05
0.00014118312
1.6777317e-06
3.8875317e-08
3.6202389e-06
1.884701e-09
0.0005686824
1.1629946e-05
7.2567555e-06
0.98934263
0.99999696
1.1143728e-07
7.389017e-07
1.3082155e-05
0.033477437
6.3820657e-06
0.18619719
9.343232e-10
