0.86126024
0.097253546
0.005034322
0.024021024
4.5273704e-05
0.25485042
8.036888e-06
1.8751433e-07
8.2327443e-07
0.0013272263
0.03675206
0.0021486138
1.2216898e-05
0.82020074
0.00067625
4.540557e-08
0.019566141
0.26314592
4.965064e-06
4.8519676e-05
9.355648e-05
0.013961939
2.3950379e-06
0.92852616
5.486635e-05
7.1001773e-07
0.0021618344
1.0269272e-06
0.0004958237
1.6429719e-06
0.0007205544
0.0080193
1.1844977e-06
0.96309006
3.2051476e-06
5.8350416e-08
1.0676051e-06
0.02214362
2.9175306e-05
1.0085663e-07
0.007119844
2.429668e-06
0.98644435
6.342044e-05
1.6301273e-06
0.00078060885
4.3570626e-06
2.879463e-07
0.14438638
1.0085663e-07
0.94393754
1.6011143e-05
5.2638644e-08
0.0010599778
0.0019051606
1.1844977e-06
0.002278024
0.72156805
5.9606464e-05
1.6449928e-07
0.0057010963
0.063416965
0.65717524
6.1306025e-07
0.0015638489
3.3138622e-07
0.9986113
0.84639955
0.0012852516
0.99347097
0.4268943
0.0005933591
0.99845105
0.9717258
9.637139e-05
2.737384e-07
0.00013318841
4.1816922e-05
0.008539041
4.0994615e-05
0.75009453
4.3276833e-07
0.89411026
0.000412381
2.1147463e-05
9.826062e-05
9.340013e-05
1.9627808e-07
0.9942523
0.004205815
3.583911e-08
0.00019734057
9.355648e-05
3.6462322e-07
7.659399e-05
0.00086245406
1.2414385e-05
4.9659448e-06
6.9137045e-06
0.0012719453
0.028049817
6.8603455e-05
2.5306642e-08
0.004248745
4.5485926e-08
0.0009323628
0.24993259
0.0024952628
0.75009453
3.7887516e-05
5.9376758e-05
1.530386e-07
1.0442992e-06
4.0097917e-10
0.0017052329
0.00090257137
3.8681274e-06
0.03198187
1.304636e-05
3.2452797e-05
0.0003224457
0.0077034216
0.90536785
4.540557e-08
0.00039185814
0.00014422933
0.002853724
3.974071e-05
0.007911763
0.12988023
0.00048805715
4.0097917e-10
0.97149044
3.7486677e-06
6.932039e-07
0.004541434
2.1147463e-05
0.0068287845
4.52277e-05
0.00017801329
0.002434169
2.7781838e-05
0.99744457
6.4136657e-06
4.514626e-05
0.84358263
0.00045512174
2.8444985e-05
2.8661966e-06
8.355668e-06
1.3836083e-07
0.004781721
8.770752e-06
2.1147463e-05
5.5520635e-05
2.8291167e-06
4.304257e-06
6.5470585e-06
0.4268943
0.02767374
4.1979484e-07
0.0018652865
3.255233e-06
0.0019164153
0.28088233
6.9137045e-06
3.251917e-08
0.0014817944
1.9351203e-06
4.014632e-06
1.860467e-06
0.7060429
4.5556855e-05
0.99989724
1.8855814e-06
0.00023051024
1.1653172e-05
5.9869486e-05
9.225964e-05
0.000501806
0.00022828413
3.7238183e-07
2.192069e-06
0.00018707487
0.01824383
0.0001896449
0.75009453
4.889815e-05
5.759494e-05
2.5442614e-05
0.00014205722
3.7087916e-06
1.8711984e-05
4.936905e-07
0.0028886169
7.886561e-07
3.5990564e-05
0.24562888
0.011980629
7.802617e-06
0.34671763
2.4446038e-06
0.00065704784
1.1843126e-08
0.35846514
0.051561736
0.00814066
1.4417783e-07
0.0022728473
7.659399e-05
0.00011883737
0.001737538
0.001223855
0.99928427
0.000443412
0.0019386525
1.3422651e-06
0.00045815323
1.9377338e-05
1.4223649e-06
2.5366455e-06
0.27927527
0.0014773696
0.0029021502
5.870575e-05
9.524205e-06
7.297785e-06
0.0020471974
2.2547847e-06
2.0599973e-05
0.00012811956
2.2863467e-05
0.023525473
1.860467e-06
1.0036007e-05
1.1960356e-07
0.9999603
1.8798089e-06
8.9558404e-07
0.9969243
0.24993259
0.9908383
2.4148676e-06
0.84358263
0.0021486138
1.739216e-07
4.2891594e-07
4.505946e-06
0.00025064757
3.7543134e-07
2.7150534e-07
0.019707978
4.046485e-06
2.2048658e-07
0.0028534525
0.00517112
5.3324237e-07
0.0057010963
0.00010132145
0.016628556
0.001737538
2.5848e-05
0.010824824
0.0005583179
4.0024483e-06
0.63242275
8.60874e-07
0.04488859
9.0304906e-07
0.00012442429
7.482216e-08
7.890429e-05
0.005331032
0.00016121035
8.770752e-06
0.0015638489
4.37041e-05
0.00041643772
0.98644435
1.2924431e-08
1.0
4.5485926e-08
4.4072785e-06
5.8350693e-06
5.984271e-06
0.25198743
0.27893668
0.039505698
2.477282e-06
0.10800601
9.586984e-05
0.0016827623
0.99999696
4.2357547e-05
1.2863735e-08
0.529975
5.7276475e-06
0.99932086
0.00024752627
7.054261e-06
