0.99988806
0.9989304
0.9999302
0.0072712298
0.020205883
0.018409146
0.0020630585
2.1721205e-06
0.0031285656
5.8684527e-06
0.9253794
0.43816793
3.2282907e-05
5.871974e-07
0.00080713705
9.321222e-05
7.903383e-08
5.811639e-07
0.0007303245
0.9830144
4.5400384e-07
2.1348944e-07
1.7782572e-08
6.596981e-05
1.4123166e-06
6.35154e-08
1.8710111e-06
1.9831987e-05
0.9999999
3.8397357e-06
0.017382545
6.534819e-05
6.875358e-07
1.2194606e-05
0.9912708
1.6808804e-07
1.4408877e-05
7.194826e-06
1.2423409e-05
0.3821778
0.024598004
1.2860014e-06
4.288235e-07
0.0015569112
0.004890476
0.73305833
1.2160338e-08
0.0076183723
1.5211086e-07
4.4123905e-08
0.056030873
6.019163e-08
5.5828885e-05
4.1245806e-07
1.13551124e-07
0.00080713705
4.8108333e-05
1.0027138e-05
0.99090886
1.351356e-05
0.0007518765
0.0005047731
0.00025453686
5.701889e-05
2.2955294e-06
0.013090125
8.026042e-06
0.0015501805
0.0068051396
0.012858796
1.5231744e-06
0.0005625201
0.009983532
3.0466797e-06
0.0017648704
0.99999624
0.07910942
0.020154724
1.0027138e-05
0.0013066342
0.9997484
1.5504412e-07
2.7586972e-05
1.8953582e-08
1.18735514e-07
5.4361267e-09
0.03368989
0.10908121
0.000530306
3.1590337e-06
2.4730358e-05
3.6624762e-05
0.5879488
9.995498e-06
0.00020023673
4.7665485e-06
2.9679608e-08
0.11410841
4.645997e-06
0.11022133
3.6611908e-07
0.9999924
0.0010401485
7.49717e-09
0.15695223
0.00045509438
1.4748872e-06
0.7114054
1.3266932e-06
3.966589e-05
0.005664698
0.013551602
0.00021556184
0.018026268
5.5828885e-05
0.023771646
7.1056843e-07
0.00045980202
0.00898182
0.5445515
1.5608173e-07
9.1982045e-05
7.0109218e-06
1.2959039e-05
8.354433e-06
0.004377762
0.006430713
1.17773625e-05
0.0001767984
1.58029e-06
0.45945188
1.26407995e-05
0.00068139186
1.01997675e-05
1.4548079e-08
0.0030956152
0.025326356
0.30439743
0.9932838
1.6549627e-07
9.946321e-08
0.8568055
0.00029517993
0.8568055
0.1757853
8.083541e-08
0.00019776213
7.375004e-05
1.1802184e-06
0.006430713
0.00010428371
0.3588427
0.00020971426
2.9513474e-06
2.3500745e-05
0.008481232
0.85102504
5.6372e-05
0.000111817484
1.0303547e-08
0.00022711568
4.885898e-06
2.6960352e-05
0.99305105
1.2936072e-08
0.017413676
0.009983532
3.2114137e-06
1.7084412e-08
4.1483087e-05
0.00062585564
1.4025052e-06
4.881031e-07
0.00049569615
0.0020177306
0.027350472
6.3788804e-08
0.0015361141
0.0062701968
1.1964905e-05
0.012409845
8.515674e-06
0.0031293049
2.7522447e-06
0.0009153347
2.1761504e-07
1.1638034e-05
0.00029695226
0.07529332
0.082407005
0.73512864
2.3339115e-07
0.011715525
6.191431e-05
0.00037796606
0.00059791154
0.9999979
5.197312e-07
8.526076e-05
7.150276e-05
0.00026008574
1.2278319e-07
0.00032952824
0.00018197855
0.07331736
1.03876914e-07
0.18504265
0.00103317
0.0027197383
5.886838e-05
9.705754e-05
2.8611921e-05
1.4025052e-06
1.084091e-05
4.7202803e-07
5.5739198e-05
0.000338316
0.99996626
0.00038251703
1.6783746e-08
0.00011647245
2.1877158e-07
0.079691984
4.6705935e-08
1.3896741e-07
0.00026929373
0.99994856
1.327341e-05
5.553127e-06
1.3266197e-05
0.00016511834
0.00086909364
3.3752156e-05
4.1633054e-08
0.00019776213
1.7077402e-05
6.7095493e-06
6.875358e-07
6.733035e-08
9.655435e-05
0.23107955
0.999906
0.6126091
0.003447406
2.8859595e-05
0.0074484395
0.00019133076
7.409871e-08
4.885898e-06
0.08240702
3.7155303e-05
6.324256e-08
0.005231489
8.868325e-05
1.3799728e-06
2.1721205e-06
0.0001805549
1.3528879e-05
1.9707159e-05
0.42286146
1.5752328e-06
0.02173702
8.3106505e-07
0.07061068
0.0046064793
0.9999953
5.0956398e-08
0.00017316264
2.742489e-05
4.4788267e-06
0.8026378
1.6808804e-07
1.252099e-05
1.8146122e-06
1.3685962e-05
1.6114496e-05
1.050857e-06
0.0006064776
1.01093136e-07
0.0011477459
0.09487067
0.87240744
0.05737116
0.0031285656
0.0010644129
8.868325e-05
1.6178966e-06
0.0006722682
8.5436e-06
0.00025931594
3.1123539e-06
0.00025931594
6.212675e-05
3.9733357e-05
0.0036924812
3.0356734e-08
0.39955163
3.0513652e-07
1.8844115e-07
0.032159723
