0.9999996
3.711795e-08
0.00033819344
5.4691927e-06
1.8404411e-06
0.9979973
2.403602e-05
2.4474448e-06
3.7075113e-06
3.8833898e-07
2.868023e-08
3.2247648e-08
0.41066796
8.394671e-09
7.890843e-06
1.4999918e-06
4.4485336e-07
3.7365788e-07
1.2898057e-08
3.4037591e-06
0.000943283
0.0050982316
1.1921724e-08
3.6086296e-06
1.0236325e-07
2.8896518e-06
8.580956e-08
3.5330704e-05
3.8833898e-07
3.6951637e-06
1.1107288e-08
1.437824e-05
0.9999208
3.1164177e-08
4.8991765e-06
2.5371294e-09
1.0336794e-06
0.0029185086
1.2555454e-06
6.321932e-06
2.7352463e-08
1.1371016e-08
0.018032456
1.8718765e-08
0.0008174291
1.7829839e-09
4.9490575e-07
8.11887e-07
1.0003698e-06
1.8573385e-07
0.010624209
0.0055168243
3.634459e-08
2.2494289e-05
0.0005178538
2.4844958e-05
0.9998927
5.629639e-06
8.069706e-07
7.801538e-08
7.5723146e-06
2.2704826e-06
0.00012576011
0.29321203
1.771717e-07
4.508357e-06
1.16748964e-07
7.340555e-07
1.9564448e-08
0.00021822749
1.1604668e-06
4.971726e-08
3.6968308e-07
6.9453193e-07
0.8759908
3.817703e-08
9.632457e-08
3.634459e-08
4.874244e-06
0.8800507
0.016137231
1.0568995e-08
2.9170021e-08
1.417775e-07
1.9213687e-08
0.0005491993
9.57433e-05
1.1921724e-08
0.07241795
0.002414949
8.8299936e-07
2.0834915e-07
1.5756365e-05
0.00013378871
1.2374446e-06
0.0005454908
5.6688923e-06
2.17661e-05
2.2693815e-08
2.722552e-06
7.288298e-06
8.182813e-05
2.8434686e-08
0.15222284
9.6893e-07
2.5346375e-05
1.9280469e-07
6.248157e-08
3.3031654e-08
0.0016322838
9.367968e-05
0.5421294
1.6605295e-09
1.179115e-08
4.336872e-07
2.6401173e-07
7.031532e-07
4.0334368e-07
0.016421491
0.55143225
7.60719e-09
2.4044366e-05
2.1849968e-07
1.0789748e-06
0.06567198
2.8834424e-05
0.35453087
4.8224216e-08
0.0005746361
1.13219585e-07
4.9490575e-07
0.00024316399
0.00370748
1.9245375e-08
1.8650235e-05
4.3414406e-05
0.07724008
1.1371016e-08
0.0011173722
1.2389724e-05
1.9240476e-06
5.8130468e-08
3.7469592e-06
0.0015645066
0.00013245245
8.9288434e-08
8.182813e-05
9.685136e-06
1.1662188e-05
0.00057514186
2.0229391e-08
1.7645556e-07
1.4475954e-06
1.3719327e-07
0.20104769
1.8573385e-07
0.00035261724
5.790754e-06
0.00024928077
4.1404855e-06
6.082812e-06
7.0176256e-08
0.00018517842
0.9999933
0.0005879026
9.786759e-05
1.3719327e-07
0.0007544725
0.1684842
1.5773584e-06
3.961387e-06
0.005389731
0.24741572
2.0678252e-08
0.0200719
1.8530173e-08
2.868023e-08
0.00022293205
1.6476337e-05
3.2247648e-08
2.9243693e-05
0.004405884
0.00019191836
0.004298645
0.0016998912
5.967943e-06
7.635206e-06
0.14593942
2.0678252e-08
0.005921894
0.7113362
3.3753246e-08
0.018082265
5.011121e-08
6.879016e-05
2.7423875e-08
0.9981892
1.4774758e-07
0.16767497
0.00022491356
0.9990766
4.1348172e-05
3.9078345e-06
9.606853e-06
0.994868
7.3902646e-07
0.00056280644
7.670953e-08
5.2319283e-05
9.074453e-08
3.320318e-10
1.1615674e-06
6.0759185e-06
1.94204e-06
0.99784416
5.04355e-06
5.967943e-06
3.967745e-09
3.1164177e-08
4.9490575e-07
1.9305432e-06
1.4371241e-08
2.1849968e-07
4.7247931e-07
4.8224216e-08
0.011548021
0.00038418715
0.0029185086
8.011001e-07
0.00020678513
0.9981892
2.6385414e-06
0.0006820688
0.9999895
3.5133446e-05
1.860047e-07
3.6968308e-07
2.8557302e-08
6.469204e-06
5.1454285e-06
2.0378244e-09
0.082120016
0.0004052851
0.026635867
0.0010538669
9.988731e-07
0.00989158
5.7083653e-06
8.603223e-05
0.9911894
7.325342e-06
4.3414406e-05
1.8400851e-05
1.8571964e-05
8.580956e-08
3.1522143e-06
3.2247648e-08
6.6678556e-05
1.6605295e-09
5.4372213e-05
0.99899405
0.99972194
0.008131052
2.5562592e-08
0.9998915
1.1439318e-05
1.437824e-05
2.1223003e-07
0.00070060795
2.8434686e-08
3.7469592e-06
9.62311e-08
0.00017023415
2.1367205e-06
1.7263973e-06
1.7527581e-06
4.2352094e-05
0.0023956958
3.7034997e-08
1.18568805e-05
2.0834915e-07
0.0010269578
6.2708165e-07
0.00041881306
2.0282056e-07
2.985704e-06
0.99747235
6.6082806e-10
0.21760413
3.634459e-08
1.9280469e-07
0.022580253
2.0713264e-08
5.44032e-07
0.00034118036
7.546177e-09
0.0037887048
0.9985554
1.6090044e-06
0.00014576317
