0.99999994
2.9989771e-05
1.0
0.9999968
0.0028645042
0.0019515017
6.0566384e-05
2.269474e-06
0.78304464
5.462415e-07
0.009601223
0.00021936778
0.034998637
2.2895637e-08
5.5198404e-07
2.8658507e-05
1.4226471e-06
0.8237261
0.0061390665
3.912186e-06
2.9047795e-05
0.000105917185
0.012608815
3.9989638e-05
1.1143133e-07
0.006805546
2.2995278e-05
1.1179595e-06
5.4598753e-05
0.020097004
0.00064186315
1.7509903e-05
1.3890495e-05
7.729481e-08
2.0392815e-06
2.398257e-08
1.0812761e-06
2.5097552e-06
7.5083925e-08
1.4293421e-05
4.430894e-08
8.398566e-08
0.058117706
2.5408111e-05
2.4404004e-05
0.00073224196
3.6619418e-05
0.04697208
0.001680676
1.2280408e-06
0.78698057
0.000822362
1.4224493e-05
0.03978761
0.002576548
1.7129276e-08
0.76107544
2.2197315e-07
8.335765e-07
0.0029128485
4.000064e-08
2.5097552e-06
0.0002221097
7.0295073e-07
0.0009142364
0.0035607119
0.002936836
0.0012787641
0.0019900885
0.0028203805
2.3579343e-08
0.00078331376
4.1951182e-08
1.0103614e-05
1.363854e-06
6.599469e-08
0.03355052
0.8113675
0.00035856446
7.3186413e-07
0.0074723824
0.999344
4.781903e-05
1.4031758e-05
9.089336e-05
8.575672e-06
0.76107544
4.689813e-07
0.09512779
4.7479833e-07
2.8242377e-07
6.284656e-09
1.4097922e-06
2.2895637e-08
0.011670999
7.0397584e-07
1.2566459e-09
1.7441442e-05
1.06737346e-07
0.007456397
7.113373e-07
0.00085864775
2.2487382e-05
2.1537511e-07
0.9391269
0.00046205203
0.22808535
1.5126958e-10
1.718682e-05
4.6088653e-06
0.05943295
0.011692337
2.137283e-06
3.3939798e-09
0.98922944
2.365598e-06
0.16916463
2.1454849e-05
1.14173245e-05
2.8695695e-07
0.0029128485
1.8816586e-07
0.000735996
5.7399964e-05
0.036433335
2.059007e-06
0.99992496
0.000242228
2.6110642e-06
0.99820185
0.00013295721
0.020563742
0.07628948
1.4181055e-05
1.7490045e-05
0.00034400864
0.00017839017
7.442387e-06
2.1454849e-05
0.011692337
6.3767334e-07
0.0005967714
0.002048906
1.0242535e-07
0.00036413607
0.0003544588
5.065937e-06
0.00043928207
0.010670437
4.2081952e-05
4.6335053e-06
0.00014773221
9.115641e-07
5.674663e-07
1.5425268e-08
8.599669e-06
1.6525607e-06
6.5611886e-08
0.00010016979
0.0028203805
3.0541532e-06
0.0062671104
1.7509903e-05
7.958293e-08
2.7781882e-06
0.003191799
0.33835775
8.158775e-08
3.218632e-08
0.99999976
5.759998e-07
0.0008116517
1.5308226e-06
0.0015565887
0.007121223
0.017171437
0.99999744
0.07396295
5.0348426e-08
0.0003122804
2.70517e-07
1.1385447e-06
3.0840838e-06
0.0004959232
0.0011434327
0.7895679
0.00012657895
5.462415e-07
0.000110670146
0.9999265
0.03530333
3.3534438e-05
0.00014178657
4.303614e-08
9.4247196e-07
3.665457e-05
1.0030275e-06
0.009480795
7.300259e-07
1.6836445e-06
7.598507e-05
0.000735996
6.749898e-05
0.7462579
0.0015277584
1.9031218e-07
0.06879263
0.00020584719
4.5120505e-08
0.00069465593
2.6383202e-07
9.063034e-06
1.1774814e-05
4.090044e-08
0.1216945
1.5665464e-05
5.0262217e-05
1.6525607e-06
1.0378225e-07
0.13391401
0.0002057526
0.984707
5.3755916e-06
3.3418967e-06
0.67519814
9.089336e-05
2.9976076e-07
5.9121336e-10
9.079003e-07
7.3209657e-07
0.9963185
6.8634485e-08
0.7250732
0.0013726956
1.0812761e-06
2.628606e-06
2.732235e-05
0.112756714
0.97891486
0.00014786469
8.773345e-06
0.00011837649
8.018475e-05
0.16681854
2.509391e-07
2.7718923e-07
7.8261294e-08
0.044115268
2.7970048e-06
0.9963302
5.61326e-08
5.963086e-05
5.9698386e-06
1.0379175e-07
0.9993309
0.014680096
3.7071135e-05
0.0017568307
0.0938483
2.0100728e-05
1.8286042e-05
1.448156e-06
7.664226e-08
0.84437877
1.278822e-07
0.001482805
7.244796e-08
0.013128398
4.2081952e-05
9.262838e-06
0.008470493
0.9060514
7.380449e-05
8.230271e-07
1.0897774e-06
0.17062967
3.6562506e-06
0.00069465593
3.152196e-06
0.99999624
0.0028494827
1.14173245e-05
0.0059731514
0.86398005
0.032605458
1.9322549e-07
5.0640803e-09
0.99997133
0.11166777
2.82267e-08
0.26628307
0.9971929
9.589859e-07
0.00032650362
0.80674994
0.9963185
3.607537e-05
1.4097534e-05
0.00017019585
0.0077665714
