0.9997483
1.0002901e-07
4.4669173e-06
4.0266645e-08
0.9999989
0.0016311636
0.006680727
0.00011037306
6.4098135e-06
0.00039766112
6.246335e-05
2.450785e-06
2.1079499e-08
5.074969e-06
4.597709e-08
8.4095444e-07
2.6170568e-05
0.99946517
0.0021940293
1.5971416e-05
1.6739424e-06
0.0031453962
3.7722075e-05
0.71446335
0.11249442
5.6334346e-07
4.776411e-05
6.93907e-08
3.675913e-07
0.99999714
0.9877517
0.00012908428
5.7589386e-06
6.168116e-06
2.7565032e-09
0.00017157858
3.1806245e-08
1.6845054e-06
7.508635e-07
0.00045705424
9.3142235e-06
0.9999049
3.6368654e-08
0.0033523634
3.3927006e-07
6.926237e-06
0.0084243985
3.4899493e-08
3.801599e-09
0.9908072
4.3182813e-06
3.997621e-09
6.542264e-05
9.307561e-05
5.4888802e-05
0.3214665
1.3315577e-07
1.1657779e-06
0.018481268
0.04167453
2.3921635e-07
5.3285856e-07
0.17728896
7.29925e-07
0.0065927315
0.0032036358
7.040537e-07
0.00029696643
3.4616e-09
7.929162e-05
0.9834516
3.1806245e-08
6.7269443e-06
0.28339037
0.000394491
1.290117e-05
0.84150594
1.4249868e-05
5.902562e-08
3.5262822e-08
1.7616232e-07
0.9997735
0.021622898
0.00032423798
0.002037691
1.4404233e-05
6.555935e-08
2.6667377e-07
0.00014230722
3.882841e-08
1.5673102e-07
0.0047242665
2.8264196e-05
0.07291911
2.1753743e-07
0.09759187
4.4072367e-06
0.18192744
0.00079007004
0.9997548
6.413262e-06
9.731574e-05
0.7207979
3.180367e-07
1.0852891e-07
1.4529049e-09
4.1673798e-06
0.9176848
0.0022549198
0.0016919916
5.072205e-05
0.0042184717
2.0430545e-05
0.028038172
1.1265225e-06
1.7105061e-05
0.90580183
0.9876815
0.0018757624
0.5935623
2.3888623e-07
0.000100142286
0.0010970001
5.9700953e-05
6.295816e-07
3.1231798e-06
7.376912e-09
2.0914545e-07
5.113328e-09
2.3830303e-07
0.9999926
0.9996469
5.5762695e-05
2.7116972e-05
0.23877268
0.0025391853
4.5311186e-08
5.211853e-06
1.9232043e-07
3.2683747e-05
0.00016712109
1.00203615e-05
0.043555424
0.0005839933
0.0004367903
0.00023320477
0.043806743
3.2564312e-05
0.0005890648
7.768974e-08
2.452505e-07
3.1977286e-06
0.024186252
8.965702e-05
0.0010970001
3.1806245e-08
4.5589196e-08
2.4642276e-07
0.034815952
0.09759187
9.13179e-07
0.00048007522
4.767262e-07
0.99775815
0.0016885655
1.0056318e-05
9.1009525e-07
0.00035726037
0.9998962
7.471145e-06
0.0049533015
3.247387e-07
6.2995796e-06
0.00019135229
2.6667377e-07
1.5137248e-08
0.008922883
2.1035457e-06
0.002023627
0.46314698
1.3670987e-05
0.001916709
3.2345472e-08
0.0076908497
4.18615e-08
0.0062174583
0.04167453
0.07344806
8.261457e-06
1.699811e-05
0.007336667
0.00072634284
8.0224845e-07
1.7429003e-05
0.9817677
7.478719e-07
0.6537378
0.0021326847
0.0016885655
1.6409718e-08
0.0014414225
1.9431629e-05
0.0038573768
9.348074e-06
9.1509344e-07
0.81260556
1.4546359e-08
2.851892e-05
0.0011408508
1.2024831e-06
2.1110882e-08
1.7580762e-08
4.776411e-05
6.1926664e-07
2.4839431e-07
7.827742e-08
7.9940754e-08
1.3781776e-06
2.0218668e-08
0.0004408804
7.452797e-10
0.00014788979
1.8196662e-05
1.1887188e-08
1.0085432e-07
0.9999999
8.3762154e-07
0.0002853163
0.000394491
6.5629806e-06
3.0861473e-05
6.673784e-05
8.34536e-08
3.5075213e-06
2.8602058e-06
6.537854e-05
1.500313e-08
1.2576349e-05
0.009923798
0.0062177205
7.072179e-07
2.8174904e-06
1.8146261e-06
4.683129e-05
0.33964202
3.6932482e-09
1.9626947e-07
0.1400703
0.034815952
0.31393746
0.0008956933
5.5498322e-08
8.656015e-06
2.4484823e-05
0.00010973458
2.1267984e-07
6.4098135e-06
0.038571045
2.6087766e-05
1.00203615e-05
0.0003287544
6.102247e-06
0.98684084
4.387008e-06
0.38250753
5.994462e-08
0.0003216168
0.0005125927
0.9877903
1.4529049e-09
5.67357e-07
4.0860442e-07
1.0863432e-07
0.028038166
5.011799e-06
1.2857321e-05
4.5951156e-06
0.0018973064
0.0024858094
8.824338e-06
0.00010290313
0.00064749486
9.392086e-09
1.1544483e-07
1.9900543e-07
0.0030855164
0.09262112
1.25267405e-08
0.00015217646
0.7521108
0.0024858094
0.0032036358
3.7800935e-05
5.5981843e-07
1.644836e-07
6.4387893e-07
0.00014280964
9.863423e-08
7.0263284e-09
3.461265e-08
