4.7170946e-05
5.504322e-05
0.00073661417
1.3037005e-06
0.43441993
0.0107463095
2.2114318e-07
0.0005175166
0.1021556
1.0513802e-06
0.99724334
5.488765e-05
0.781905
0.9999886
0.047936924
0.9999998
2.0328627e-05
2.9157395e-06
2.0477632e-05
0.0051608616
1.6807548e-05
0.00033047897
8.3246924e-08
0.9990284
0.99839216
1.8762394e-06
0.999952
1.1304828e-05
4.4962453e-05
7.333809e-05
2.2114318e-07
1.9328503e-05
0.005391035
2.1653968e-05
0.29256654
0.017441062
2.9746168e-06
4.4441e-06
0.0005484374
2.0673202e-05
3.0257537e-05
3.348382e-05
3.989502e-05
0.23885477
0.14143626
0.00047729575
0.0048342203
8.310688e-05
0.49717042
0.024598405
0.0080638295
0.11120656
7.88651e-06
1.11508506e-07
3.9215217e-07
0.9993561
0.1602275
0.050029702
5.724747e-07
0.14346267
0.0013289106
2.1839603e-06
0.0055412916
0.022373838
1.2821037e-06
2.5638295e-05
0.4147537
0.99661785
5.033003e-06
3.158334e-05
0.00016653126
4.2764162e-07
4.5598416e-08
0.00047173884
0.0020297668
0.0051608616
0.0018231954
2.4370187e-05
6.560118e-07
3.2772275e-06
0.030566543
1.0
1.4871766e-06
0.637184
0.010933356
0.7108534
0.0056119733
4.9027567e-06
6.242901e-09
0.057858977
1.2754329e-06
0.005615242
0.9980398
0.17315745
1.0383475e-05
0.011397629
3.8048148e-07
3.8908292e-06
0.00064115814
0.105974846
1.8342264e-05
2.0346718e-06
0.0057438025
0.007346466
2.4283818e-07
6.6117843e-07
0.7825211
0.0079237
0.29054365
3.0998654e-06
0.00014083568
0.30688784
0.004752256
0.008714156
0.000114736264
2.8120921e-06
0.9723169
3.4839502e-08
2.0328627e-05
8.310688e-05
5.9485687e-05
0.0006333496
4.7634654e-05
0.000806851
0.23166686
0.000101464735
2.1839603e-06
0.5549848
0.8467484
0.05975932
0.05617799
0.0004389813
0.9523994
0.43441993
1.3464343e-05
0.0047764843
5.7118537e-05
0.00014363478
1.3912874e-05
0.0003370831
0.00547723
0.06599626
0.0035483963
0.009726703
0.8886184
1.0
0.00012464801
0.98627776
0.000116062576
0.0027441254
0.0005042302
0.19686379
7.5392076e-05
0.03223772
0.0050471784
3.5349874e-06
3.2565335e-09
8.03251e-05
0.00037220988
0.9999954
1.6047335e-06
0.009322129
0.9534456
0.0055412916
0.0017006366
0.0016311124
0.0001359067
0.034968432
1.1287782e-07
0.0009736356
9.176451e-06
0.00057128683
0.0075624785
0.0019108996
0.023031233
0.0012148723
0.005076298
0.0027441254
0.9999951
0.9999733
5.7464098e-05
1.1098543e-05
0.16739823
0.73923945
2.5012915e-07
3.1832922e-05
1.4424661e-05
3.8989703e-05
0.000114736155
0.62092733
1.8885615e-06
6.1974742e-06
1.1414168e-05
2.8120921e-06
0.0001288366
0.013623168
1.7479106e-05
7.711936e-06
0.009333078
0.009333078
0.058890406
0.00016107298
0.00026863854
0.00010347225
1.11508506e-07
0.0066774273
0.0014813824
0.0008359505
4.124569e-07
0.9999946
2.0477632e-05
2.1564333e-07
0.021815691
0.9999995
0.03137369
5.4097272e-05
0.0001250751
0.00044434902
0.10208748
2.358251e-05
0.9810254
2.7029106e-08
3.4402072e-07
2.0526375e-05
6.620892e-06
5.994112e-06
4.2848993e-07
0.08305577
0.0003370831
0.77045125
2.2814025e-05
0.9691889
0.99998647
0.99991363
1.6031274e-07
0.2548768
0.00012512997
0.9999712
1.3912874e-05
0.18993214
7.3971755e-08
2.2637396e-05
6.2726285e-05
2.1476749e-06
0.63865536
2.856887e-05
1.3648755e-06
0.010313434
4.1686494e-07
0.99909633
2.690217e-08
4.9389865e-07
0.00012512997
0.0006161093
0.9999886
0.004145015
0.028035404
0.27812684
2.7997618e-07
2.1687136e-05
1.0439415e-05
8.170307e-05
0.990803
7.6998236e-05
0.00040731463
0.00024642074
0.00015742847
0.0021646267
0.00014254557
5.7537886e-07
3.9109027e-06
2.2327042e-06
0.014085887
0.9404985
0.00013121586
6.158056e-05
8.5511054e-08
0.034540027
0.9999868
0.041587092
0.00053152104
0.32316864
0.000107410386
0.9999509
7.961119e-05
8.967071e-06
0.8339711
0.00087050797
0.9723169
4.496335e-05
0.002193381
0.022098733
0.04726489
0.002775126
0.31602535
0.006050157
0.53595895
2.9799305e-05
1.4330054e-05
0.9820042
