0.9999999
0.9864541
1.0863469e-06
2.8955387e-06
1.3644522e-07
0.025452029
0.9891734
2.0112356e-08
0.040519636
0.00020767962
7.364294e-05
0.00066318706
6.3857674e-06
0.54386014
0.0006637701
0.27135244
3.6884708e-06
1.0001237e-08
7.956635e-09
1.1171735e-07
2.827841e-07
1.8022714e-05
5.785124e-06
0.0014053682
9.139186e-06
1.5560508e-05
2.3211775e-09
0.2690095
0.0002645416
0.000582629
9.927716e-06
1.5560508e-05
0.00066800107
0.9999796
0.017204534
0.67188567
1.1191563e-05
1.1976696e-08
1.7957188e-07
1.5606995e-05
0.8430932
0.09029563
0.0003168526
1.2086317e-06
6.4869e-05
0.042055894
3.6884708e-06
0.004023651
6.458284e-08
1.08830925e-07
4.841568e-05
7.687938e-06
0.0030905718
0.04403551
0.06349504
1.3823233e-05
5.7768812e-08
4.2250595e-05
0.0080397595
4.554432e-06
8.411796e-05
0.0022687712
0.0041303774
1.0994691e-05
0.5449235
3.4269666e-05
0.9999262
7.5295156e-07
1.7392807e-05
0.016919529
0.00051817455
3.497716e-05
0.4574659
4.6301302e-05
1.3323333e-08
0.7918939
1.06802105e-07
7.158136e-05
0.99698424
5.668183e-07
0.00014528305
0.006589272
7.251581e-05
6.2789227e-06
6.458284e-08
8.297447e-06
2.843289e-05
2.6351998e-09
0.00913714
3.880169e-07
1.5544789e-06
0.99999994
4.1629273e-06
0.09713054
1.4323277e-05
7.445897e-07
0.0002181476
1.5593371e-06
0.9993837
1.2744285e-06
9.617693e-07
0.03179504
2.5418169e-05
1.752865e-06
2.8698619e-06
1.458668e-06
0.0148350075
0.0022278521
0.0031951624
0.7073251
0.022921193
1.4103962e-05
0.10250102
7.27311e-08
0.19263044
4.5142887e-08
0.9999996
8.297447e-06
2.4114587e-07
0.9886326
1.4493634e-05
1.9483794e-07
4.60276e-06
0.3303337
0.0041294005
2.141701e-05
0.077536516
1.792133e-07
0.009806455
0.000379209
5.6461175e-08
0.98617107
5.185311e-07
3.8534217e-06
0.054247316
2.5412533e-06
2.7405491e-05
1.098027e-06
7.27311e-08
6.8187466e-05
5.988334e-09
0.023679702
0.0016203453
0.07272078
9.188112e-08
0.21983895
0.19085182
1.6414106e-05
1.044216e-07
2.2354428e-08
0.9551873
1.3216075e-07
0.001249926
8.427948e-08
4.5611073e-10
7.624282e-05
5.917554e-06
6.7990404e-05
0.045982227
0.005093633
0.0016853693
3.4141192e-07
0.999999
1.8843073e-07
8.395792e-05
0.00015969205
4.7026548e-05
0.0070027243
0.00012152578
7.116766e-07
4.9439812e-08
0.0010019275
0.00024042133
9.821447e-08
4.361632e-06
2.6295277e-08
5.9696163e-06
1.2010312e-05
5.7325813e-08
9.093442e-08
4.3922746e-06
2.3788056e-05
1.8361587e-05
2.3470084e-05
6.0136932e-05
0.00068313116
0.002281763
0.008478931
2.153824e-06
7.9879326e-05
3.2561053e-05
9.191418e-05
1.1852616e-06
0.0008825958
0.9998865
3.0587237e-06
1.4783092e-06
0.00035076213
0.9976766
0.09117786
2.1003893e-07
5.4082857e-06
0.06349504
0.0070634773
0.56797004
1.830783e-08
5.6048684e-06
2.6063694e-07
2.0838499e-05
0.2627609
9.7310076e-05
0.006589272
0.0002333082
8.418439e-06
3.175654e-08
5.457345e-05
1.09074485e-07
7.918522e-05
1.6135682e-06
0.43152434
0.0006683341
3.3132094e-06
3.7128804e-05
3.2063278e-06
8.619252e-05
0.00011308633
0.00028739445
0.0020960304
9.100241e-07
3.484173e-05
1.2086317e-06
0.0016853693
6.2976937e-06
1.8577366e-05
1.3216075e-07
1.7874672e-05
0.42366627
0.0002769109
0.25613597
0.9891734
0.968612
4.361632e-06
2.141701e-05
0.00012388054
0.001411846
0.25725836
0.0016012815
0.012848897
5.971866e-08
5.2409418e-05
0.0020960304
1.2909424e-06
1.5899928e-05
0.009102134
1.7460114e-05
0.091057055
2.8681545e-06
0.0007734107
0.90533835
9.384249e-05
0.0011516836
5.006264e-05
8.62545e-06
0.9999997
0.00067175523
0.9999951
1.4323277e-05
4.162681e-06
1.301798e-07
0.0001321512
0.00020211923
0.004023651
0.27135244
6.2229346e-06
1.4438424e-05
9.5349424e-07
5.5878963e-06
0.00979961
1.5337407e-07
0.00015372942
0.6174524
1.9142758e-08
4.744191e-06
0.00051160157
0.009584574
1.044216e-07
4.3922746e-06
0.015411089
3.1322714e-05
1.6111806e-05
3.1953996e-06
2.2251616e-05
0.0002645416
0.00020774736
1.6039325e-05
8.786407e-06
3.961844e-06
0.000136482
8.985028e-05
3.7128804e-05
