0.0015889731
0.0006691977
0.023995448
0.99992675
5.878294e-05
0.06429076
6.7776805e-06
5.410486e-08
1.3419823e-06
6.0718015e-05
3.3636898e-05
0.012561341
0.2322424
5.083554e-08
0.0024218296
0.028192911
4.6912464e-05
3.826004e-05
0.007667805
0.00056653464
0.004098775
1.9027551e-07
8.0412335e-09
0.00021565106
0.00017877259
1.634486e-06
0.020994581
0.20659453
1.1760781e-06
0.14418648
7.853778e-06
4.4525073e-06
0.21364005
1.19181934e-07
3.1725546e-07
2.3187875e-05
1.08542135e-05
0.008663699
0.00027913693
0.0022901946
4.9871946e-05
0.7811648
0.543975
2.3187875e-05
0.350036
0.34272236
4.5097968e-07
9.378443e-06
1.0596768e-06
0.00046048936
3.9863672e-09
0.00082588603
0.0011807004
0.13154119
9.477534e-05
0.0031112246
3.293066e-05
2.5817255e-05
0.0021627129
1.917267e-06
0.074904375
0.18643367
0.6110487
0.02717856
0.35386443
6.108908e-06
0.05438698
0.0001206913
0.001371957
0.014164614
0.0013450871
0.18504685
8.805024e-05
6.3551543e-06
4.5525425e-07
0.90574604
0.12762761
0.9999997
0.9999993
1.1885169e-06
0.009169199
2.9312687e-06
0.000121160374
0.011478217
0.9925519
0.00014774546
1.5877721e-07
2.2124775e-08
4.445032e-06
0.18177024
5.101387e-07
0.0017665664
2.345127e-05
9.872406e-07
1.9691868e-06
3.7702117e-07
0.00017537379
6.795018e-07
1.3584679e-07
0.99929464
9.858705e-05
0.98066545
2.4071467e-06
0.0021041657
0.008539218
1.6435033e-05
9.960479e-07
1.2108759e-05
0.9867882
1.8878646e-06
0.019738946
2.9218666e-07
0.7449689
0.0006152121
0.3242091
0.95443803
1.0759358e-07
9.129098e-09
3.6882843e-06
0.0145335505
2.1050717e-07
0.99995613
0.075160146
3.6174671e-07
1.0
3.6174671e-07
5.401966e-06
4.0900443e-07
7.7585595e-05
0.26499677
0.9098485
0.00017340982
0.008539218
3.0291074e-09
0.064789146
2.237333e-07
8.4810845e-06
0.0024553125
0.0044729006
2.064733e-06
4.277503e-06
1.2510978e-06
3.8864724e-07
0.005292217
5.682934e-06
0.014161312
0.9999787
0.80854785
0.0004207691
2.4401525e-06
3.8864724e-07
7.5908965e-06
0.0020796312
0.00012861297
0.00018984464
1.1477816e-05
2.6084335e-06
0.0005972047
0.9795608
0.0002550711
0.92630464
3.7702117e-07
0.00042708125
2.0137735e-07
2.7192047e-07
0.00017122459
0.0077816113
1.7966488e-06
7.461426e-06
2.9612165e-05
7.911851e-07
3.0709634e-05
8.805024e-05
0.075160146
2.5739957e-06
0.00026618157
1.9142879e-05
0.0007654338
0.00025796902
0.9907326
0.28222707
0.0013907439
0.005562864
0.033207558
0.48133346
7.5908965e-06
0.117054164
1.0742928e-08
0.96316344
9.019555e-05
0.024051247
2.6600424e-06
0.017427031
8.2403756e-05
0.00074133946
9.576434e-07
0.00034110964
4.5286406e-06
7.2803235e-09
0.002795206
0.26599014
0.9310998
0.9998579
2.8019329e-06
0.033207558
0.004311039
0.079054825
0.19020365
0.00060513057
0.0005095993
0.00026092873
1.3238469e-05
0.0020772812
0.01084587
0.008136426
0.011042522
0.18643367
0.00018729117
2.140615e-07
0.0020536587
2.3187875e-05
6.743477e-05
5.1981107e-05
0.42992127
0.99998945
6.069138e-05
5.9238137e-05
4.5811106e-05
0.047344297
0.030840615
0.00024793466
2.6142307e-05
1.0759358e-07
9.66445e-06
0.0015556427
0.0008854606
0.99995077
5.313312e-07
1.5109784e-05
0.0006452402
0.0005972047
0.9511232
1.1824435e-06
0.005562864
0.02350525
0.9655045
7.532992e-07
0.00021304553
0.20784365
0.67349344
1.1782713e-07
0.00026899658
7.744223e-08
0.95443803
0.55636203
0.99998987
0.90856886
0.48133346
0.0013124608
0.99867386
1.73543e-06
1.8997127e-07
0.71804094
4.0319494e-05
9.828455e-08
0.99999917
9.378443e-06
0.074015126
2.1751637e-05
6.0251044e-05
3.293066e-05
0.99999934
0.64637995
0.0001067528
0.0015003155
4.14766e-05
2.6876583e-06
0.9930544
3.8238046e-05
0.025038624
9.702932e-05
7.9683923e-07
6.18851e-07
2.3130982e-05
2.0494653e-07
0.0106633715
1.3542704e-07
5.730742e-05
0.00042087378
4.0319494e-05
0.0013484412
9.771637e-07
6.953113e-06
3.791853e-05
7.2186784e-05
6.527773e-07
0.00065127626
0.0006844554
0.00014774546
0.007223929
