1.0
0.0008036933
3.9617685e-06
0.0003446657
3.89333e-05
0.9999705
2.4649054e-05
0.028130185
0.012798157
0.0014495102
2.8230095e-06
9.415999e-05
5.3972594e-06
0.9815949
0.98971725
2.6266404e-08
0.00049444934
0.22797698
2.5986954e-05
2.9974905e-07
0.949331
3.2158762e-06
0.7702838
7.653634e-07
0.06708051
9.437389e-06
0.08505306
0.00071914395
0.016325526
6.2203056e-09
0.0005649129
0.00077707384
0.009323247
3.401648e-05
0.0077551333
2.7724764e-06
1.4802487e-07
1.2388285e-06
1.9212478e-06
5.348536e-06
1.3532041e-05
0.19039603
0.99498147
0.6324713
0.9999458
3.9553328e-05
4.8093963e-08
1.8357681e-05
4.5154182e-05
7.120752e-05
0.9995157
0.75310344
0.005968779
1.3267998e-08
6.375176e-05
0.22224994
8.835799e-06
0.00036798068
0.00029589506
0.64915085
0.00012667167
1.4146759e-05
9.231575e-06
0.024164058
0.041285347
8.435565e-05
0.100815825
7.120752e-05
0.9815949
1.2041287e-06
0.00024376661
0.9422401
0.05544258
0.0018959111
0.00016731881
0.9999996
0.20660275
0.00027541642
0.21208788
0.8777093
4.0676845e-05
8.2645465e-06
0.09644278
7.2323e-07
0.001263436
1.0087409e-06
0.94508356
0.017339244
1.0360955e-06
0.0015963918
0.22892623
1.9666604e-05
1.5979829e-08
0.0049934117
8.059448e-08
5.229953e-05
0.0042134505
0.00014760817
1.8839709e-06
0.00046395778
0.13894981
7.355373e-06
0.017339244
4.7147557e-07
7.526314e-07
4.4444025e-08
1.1484968e-06
0.04196327
0.35445508
4.598812e-05
2.2258536e-07
0.014321985
0.0016551708
3.3977933e-05
0.9911126
1.0989911e-05
9.774943e-05
1.948611e-06
1.6686079e-07
3.184528e-05
2.5256759e-05
1.763805e-06
8.515009e-06
0.0058899294
0.99991894
2.396523e-06
0.90495336
0.0007725872
0.011539245
0.00058355957
0.0040444457
1.4712614e-06
4.0691473e-05
2.7767905e-05
0.00097306387
0.9999642
3.6555565e-07
0.1451979
0.20042197
1.041545e-05
0.9995157
4.245731e-05
0.00013712459
0.00039982802
1.9807301e-05
0.0044755465
5.1255506e-07
6.072137e-05
0.013436305
0.0020204363
0.0015012037
1.4343588e-07
0.98642826
0.00018424286
1.3819364e-06
7.653242e-06
0.0039728
3.9753028e-05
0.0012765476
0.008718032
0.0010048677
0.749757
0.00016229384
0.00012667167
0.000692575
2.1065487e-06
2.6377606e-05
4.5940806e-07
2.9974905e-07
9.539972e-05
2.702638e-06
8.740951e-06
0.033886004
0.0021286255
8.608053e-08
0.64153105
0.9998631
0.22797698
7.8369405e-05
0.99491197
9.837415e-07
5.951837e-05
0.1192545
1.5290863e-06
0.0009828729
0.00021004606
6.309316e-07
0.0012955237
1.1923252e-07
3.0300187e-06
7.118674e-05
0.014384667
7.082452e-07
7.653634e-07
0.0005722247
0.00021563585
7.244952e-06
0.9997875
0.011857931
7.1242002e-06
1.0
8.5425205e-07
0.00021541514
8.290003e-06
4.2786054e-05
0.9954257
0.02519313
5.951837e-05
1.362468e-07
0.7668681
9.458096e-05
0.005464709
8.7512344e-05
0.00019545411
5.405656e-09
0.0016667735
7.933324e-06
0.99975336
6.618415e-07
0.0003052395
5.574801e-07
0.028136881
0.021788234
0.42877516
0.00033581996
9.2951e-06
0.00049444934
0.99993926
0.7365591
0.99999857
0.010786837
5.0323465e-08
0.026876701
1.3101742e-06
0.0007697605
0.51501995
8.709824e-05
2.7168793e-05
1.7308534e-07
7.1940667e-07
0.00017670267
0.0002582678
7.5264717e-07
9.761678e-05
0.20074457
3.8472797e-05
4.2741655e-07
4.0131257e-05
4.718575e-06
1.6316156e-07
1.4983511e-08
0.0036386878
2.6127555e-07
0.0011587142
1.4127272e-07
4.1810024e-05
0.5969739
2.2180535e-05
4.412233e-06
0.026876701
4.7897416e-08
0.2735759
5.2242144e-06
9.641648e-06
1.3118255e-07
0.00028205666
0.6874803
1.5869516e-07
0.0002831376
0.001124066
0.03124301
2.1983133e-05
0.0011315369
0.00018462693
2.63664e-07
1.5319267e-06
1.8839709e-06
0.0032599338
2.3871626e-08
0.90495336
0.9842993
4.5957117e-06
5.8786753e-08
1.4791169e-07
7.201667e-05
0.008760407
0.0067879064
0.0702444
1.2340234e-05
0.010363515
8.835799e-06
0.96959275
0.00043713558
8.166855e-08
1.4332514e-05
1.4332514e-05
0.90495336
2.3490431e-06
0.949331
5.1879525e-08
