1.0
1.0
1.0
0.54603016
1.0
1.0
1.0
1.0
0.9788268
1.0
1.0
1.0
1.0
1.0
1.0
0.99999654
0.8418076
0.9999717
0.00037097037
0.0009052158
0.1431102
0.0026466853
6.6116375e-09
0.0023373298
0.86319035
0.008272388
4.811764e-07
0.45090052
0.87719285
0.9999967
9.250364e-06
0.0034032091
8.0525933e-07
0.001000409
0.038808685
2.6468271e-05
0.010230759
0.00014303984
0.9752177
0.0015649088
1.0173267e-06
0.29183128
0.122748524
9.3129376e-07
2.9355322e-06
1.5420022e-05
0.06420304
0.0016156029
0.8109668
1.2220894e-05
0.01264889
0.00016210547
5.067513e-07
6.278869e-06
0.012844519
2.2662066e-08
0.9257351
8.3392956e-07
0.99999934
0.0053077047
0.87719285
2.22349e-07
0.0058455747
0.025842853
0.0007438056
0.919677
0.0026065698
5.133314e-07
1.1714209e-05
3.084731e-06
0.0031953813
0.08716244
6.5036234e-05
0.7766931
1.5882199e-08
0.005306471
5.092084e-07
3.5790305e-05
0.9999996
0.00020112246
1.0545439e-07
0.011434632
1.4757168e-05
1.5295441e-07
1.9931244e-05
0.065683834
0.9999318
1.6526552e-05
0.045654707
0.00042072497
2.5877348e-06
0.011703605
4.485972e-08
0.00014508564
8.055062e-05
6.496445e-05
7.970325e-08
0.015118745
0.8877828
0.04328288
0.0006687795
6.6354283e-07
0.90963495
2.0605179e-05
0.0021253638
0.00051226566
0.0037617397
0.0009353769
3.3975484e-06
6.8454265e-06
1.1148527e-05
7.030219e-08
0.9646338
0.000475806
7.7075216e-05
1.998968e-05
0.0012824459
0.006783452
3.243931e-06
9.091028e-06
0.010076032
0.0002296871
1.9931244e-05
7.0813976e-06
0.0007754328
0.055250935
0.023324044
0.00061914994
0.0026065698
5.6820113e-07
0.9996293
0.00014508564
0.00013663422
9.244587e-06
2.2433576e-05
1.5149142e-06
0.00022718044
3.1542677e-05
0.0011313305
0.003699357
8.727781e-08
0.98100406
8.021109e-08
3.9911315e-06
7.2607772e-06
1.5121976e-06
2.4072722e-07
9.443889e-06
8.0525933e-07
0.11196398
5.659008e-06
0.013312628
0.00012691469
0.5394174
0.009447537
1.9028612e-05
0.0006411637
0.0001600448
0.00014508564
3.4796307e-05
0.017878521
0.0025548525
0.00020527154
0.5625027
0.9998976
6.141931e-06
0.99995726
6.893308e-07
0.00077120983
1.8221975e-06
3.697007e-07
0.992372
6.0593646e-07
0.43901065
4.8201873e-06
0.0009353769
3.633216e-06
2.0186048e-06
0.0015429793
0.87719285
0.56298447
0.003477596
0.46762082
0.0011884012
0.6170789
0.0006149008
0.0025281755
1.0558239e-07
1.5420022e-05
5.1561283e-08
1.3347704e-07
7.716173e-06
0.010199797
1.4358671e-05
2.2847176e-07
7.559488e-05
4.777448e-06
2.792852e-06
5.9889353e-06
2.6954696e-05
1.0688705e-06
0.0003402123
4.3868114e-09
1.1431208e-06
0.00032901936
0.001000409
4.6749145e-05
0.26599565
0.011703605
4.2312855e-05
0.9971561
0.00014303984
1.4015211e-06
0.0009695247
0.94090205
1.9937579e-08
9.122784e-05
1.7579274e-05
9.970786e-08
1.4358671e-05
0.04339016
3.5442303e-05
0.9999186
0.00020620666
3.1393502e-06
9.424822e-08
4.0399664e-05
0.43592653
0.003289405
0.7766931
0.15869279
0.0011120802
2.4609353e-06
0.00046113902
0.00018767444
3.596468e-09
1.177509e-06
2.4609353e-06
2.2543445e-05
6.175481e-08
2.2076307e-05
3.4516265e-08
0.00040016492
0.99970436
0.00012278436
6.459307e-07
7.372599e-05
0.5503048
4.346246e-05
0.00035207171
0.028316515
0.0001300472
3.8046296e-06
1.0286312e-07
0.30442563
2.8284853e-06
0.0001417521
1.3238807e-07
0.037584223
0.0026944818
0.01623737
0.0002448535
0.9999838
0.0033723868
8.9311385e-09
1.7579274e-05
0.29183128
0.66497314
0.021135798
5.067513e-07
0.017075831
1.9575684e-06
0.9718752
3.3501294e-06
0.0983029
0.36571947
0.26599565
0.0011177699
0.82199216
0.00092987786
8.817081e-05
0.016207797
0.14822288
0.0051730415
0.06941658
0.99999994
4.03997e-05
4.346246e-05
0.039615184
3.0351694e-06
3.0351694e-06
0.0021891773
0.008260985
0.0020762398
3.9599297e-05
0.003336428
4.5544784e-05
0.008401966
2.4435292e-06
0.00018767444
