0.9999966
1.9117902e-05
0.0019171158
0.006057361
0.0019506476
0.00029068417
3.1582164e-05
3.8538997e-06
4.1971457e-06
0.00013402874
4.4390886e-06
0.82176024
0.52142805
0.0964996
6.268162e-07
0.8952618
0.963473
9.852356e-06
4.626224e-05
6.9642934e-05
6.935391e-07
0.0012577352
0.31862617
0.0015357777
0.0029327478
0.006057361
1.9063843e-07
0.9812886
0.029921027
0.0061837146
2.085719e-05
0.9835419
1.1164188e-05
4.4390886e-06
0.9751322
0.09397373
0.9998384
0.000110750276
0.00038593297
0.9835419
2.5934814e-05
4.300843e-06
7.721362e-08
1.6020468e-06
0.00026388213
2.904142e-06
5.5380948e-08
0.99999744
2.185106e-05
3.0427916e-06
0.00015441696
0.010811572
0.0030614776
6.0008493e-05
0.00026388213
0.00011277813
4.8104676e-09
0.001733348
2.0844982e-06
0.99584925
0.0006353662
0.00020787834
1.7338007e-07
0.00057116925
3.031617e-06
0.0038239679
0.00010668228
6.6536904e-07
0.00012216969
0.024781162
2.0473064e-05
0.0005217087
1.3829064e-07
0.78731936
0.016084006
7.734421e-08
2.5556645e-08
6.979262e-08
0.99478215
0.116798684
0.097265765
0.0020338537
1.6344624e-07
0.0010727257
1.5103268e-06
0.6197771
5.2878302e-05
0.00010240497
1.8200428e-05
7.97856e-06
0.0015357777
0.90197587
0.9962776
0.00086788833
1.2586807e-08
1.4517261e-05
1.8289268e-07
0.30561376
2.7319615e-05
0.9348844
2.8311493e-07
0.00012216969
1.2709688e-05
0.0020327982
1.1770413e-05
0.015567013
1.3053032e-05
3.2291493e-06
0.00083234074
2.1167602e-05
3.134612e-08
1.4343563e-05
8.1153155e-09
4.2459938e-08
0.00028049483
1.0667991e-06
8.2065014e-08
7.6726496e-07
1.7275472e-05
1.3973528e-07
0.000889687
0.0009902786
0.99919456
8.497926e-05
0.001143443
0.036950827
1.5380905e-08
8.497926e-05
8.002579e-06
0.999944
4.713856e-08
7.056575e-06
0.004241011
5.9593945e-06
3.837883e-08
6.662072e-08
5.6868917e-06
0.90557694
5.883252e-05
6.9393604e-06
0.9999799
0.0003185606
8.114342e-06
4.0334675e-07
1.42966655e-05
3.6445363e-06
3.424217e-08
8.230035e-06
0.9998933
0.000550836
0.00069792033
0.008881474
0.021783112
0.117254525
3.2041712e-07
6.511123e-08
0.37396127
1.3528598e-06
2.656084e-05
0.11732515
0.7531918
1.2480027e-07
0.0016582095
0.18326722
1.7902162e-06
0.0041780476
0.0017910132
0.009332068
0.00011679165
0.057384167
0.009473884
0.0010770936
3.4478742e-06
6.1619976e-05
3.4340985e-05
2.3202409e-07
0.0005130727
8.478043e-06
3.1589664e-09
0.0001238111
0.00067325245
0.0019506476
0.0024520212
1.5634691e-06
0.94141614
0.032120388
0.000982561
0.9999997
0.00071625627
6.659238e-05
3.6952164e-07
6.0425114e-09
5.665563e-06
6.473355e-08
0.016084006
1.0530806e-07
5.6996663e-07
0.00014381076
0.9999991
2.476148e-06
3.7884623e-05
1.5235524e-05
0.025019193
2.6689486e-07
7.1220466e-06
0.9999957
0.23928782
2.7389586e-07
0.0019309556
4.7821082e-05
7.5884124e-08
1.2709688e-05
0.0044682124
1.8491533e-06
2.2589091e-08
4.0334675e-07
0.0007141471
3.822301e-07
0.09270819
2.8531387e-08
0.0021917329
0.2525961
9.372624e-05
0.00028319296
6.1151405e-07
0.00032496735
0.025508223
9.572395e-05
1.2115977e-06
0.45352104
0.5510834
0.0009792098
3.0227111e-05
0.39038318
0.7335594
0.008148715
0.02140148
1.5765863e-05
0.0005036682
0.6674787
0.04976346
0.99919456
1.6541864e-07
0.00025932683
0.012147519
7.1994134e-07
0.00014887936
0.49531105
0.00020299839
0.00013117731
1.096027e-05
0.9367737
4.2792638e-07
0.9894173
2.4860528e-06
0.00010952174
0.0017851117
0.00013988849
0.00064869836
0.0052413396
0.000103941995
2.5801003e-07
1.840187e-07
0.0041780476
9.357575e-05
2.2390884e-06
6.626374e-05
6.49835e-07
2.1622624e-05
1.3165022e-08
1.9538664e-05
6.361342e-05
1.2684096e-06
8.484531e-06
1.9117902e-05
5.8239227e-08
3.339216e-07
3.7016216e-07
1.0617632e-07
0.012954891
0.006318106
0.0030401582
0.036950827
0.028842758
0.3053518
0.8155389
0.008881474
0.9944223
2.5566173e-05
0.99478215
0.013087163
8.27607e-06
2.9131328e-07
4.713856e-08
2.6348048e-06
1.5599528e-06
9.4614535e-07
2.008741e-05
3.163737e-06
2.9464167e-05
