0.9999849
0.996889
1.9006038e-06
0.025412742
0.013846279
0.0014194517
0.0051300526
0.047355656
3.6106564e-07
0.00073902024
0.0007703758
0.004149393
1.7327146e-06
4.2959114e-06
0.9999947
0.00016710357
4.75478e-06
9.0496564e-05
0.00046861052
0.0029553415
3.4796915e-06
0.038141094
7.2748408e-06
0.028662696
3.6221206e-07
2.1900739e-08
0.00085725106
0.0017170567
0.9999885
0.79639816
2.4509106e-07
7.399794e-05
0.09222801
1.2538746e-05
0.00023818287
1.06824515e-07
2.7699023e-06
0.00019777459
0.0015392797
0.70235395
3.5856863e-06
0.9566738
1.039824e-05
0.16433999
1.4674289e-06
1.2293157e-06
1.4674289e-06
1.802546e-07
1.5075406e-07
3.3377305e-06
0.0013615924
0.9999992
0.0020474186
0.02910788
0.9949174
0.16452646
0.006720073
0.39896345
0.99988496
1.6933263e-05
0.00044821453
0.26463532
0.05067417
0.0010840322
2.84843e-08
1.0371062e-07
4.5753695e-05
0.00350349
0.0048642033
0.0042122863
0.16433999
0.00013845897
0.01982458
0.001578362
0.0002265417
2.4570866e-07
0.00010860758
3.483588e-05
3.3481397e-06
4.759721e-07
6.963956e-07
0.014438425
0.0005679798
3.3481397e-06
0.99999946
0.027349241
0.011494141
0.0004092217
0.477741
3.9474193e-07
0.00010448906
1.4532486e-06
0.0070088543
0.00015263744
0.41833967
2.0302956e-05
0.33032715
1.7307e-05
0.04028566
8.260892e-07
2.6933678e-05
0.00014455675
0.00028800394
0.9105827
1.7619957e-05
3.98608e-06
0.00022257864
0.013644238
0.00012882112
0.00018334943
2.5588722e-07
7.6359186e-08
0.99098426
0.025128132
0.007277197
0.0004092217
0.5259366
7.4629133e-06
0.0012077856
2.6657826e-05
0.00029689
0.0026060469
0.0041720844
0.0037581336
1.7466458e-05
0.00012632018
3.5012752e-06
1.4692336e-07
7.2748408e-06
9.467183e-05
0.60578513
0.00044821453
0.0015032364
7.5377884e-06
0.013644238
0.9999988
0.00064470415
0.9999989
7.75021e-05
0.17150234
0.0039699366
0.00016485609
0.02910788
0.9997173
3.2009943e-08
0.07670981
6.7240144e-05
3.5856863e-06
0.0006160552
0.0067553604
0.0004872135
0.14019276
6.9689454e-06
8.4291196e-07
1.6359246e-08
0.3500008
0.86433214
1.9749134e-05
6.288316e-07
2.9326613e-06
1.0408102e-05
0.18761444
1.3238848e-06
8.035362e-09
0.12813674
0.64297354
0.017415276
0.009732427
0.0025166424
0.0006972622
3.6529357e-07
0.0006160552
0.72334117
4.32113e-07
8.013003e-07
0.002831455
0.00037593354
0.076526776
5.9356153e-05
8.6776745e-05
0.17150234
0.0011855859
0.00018201223
0.017512199
8.56275e-05
0.00020723318
0.0020117299
0.00011047856
3.6519843e-08
0.00036833622
8.689625e-07
0.0013969922
2.9091566e-08
0.0073584104
0.029345836
0.111639865
4.145438e-05
0.07523113
0.0061599505
1.3488761e-05
3.6853976e-06
0.04735376
0.8744184
0.006103616
0.026252162
0.058170665
0.0797326
0.9999335
1.8231957e-07
0.9996026
1.7454221e-07
0.046307713
1.1400506e-06
0.5287777
1.5038567e-05
2.3413538e-06
0.006103616
0.02479024
0.00046410953
0.12316086
1.8145347e-07
0.3145787
0.0007203724
2.2733847e-08
0.00039807378
1.6642613e-06
5.7325046e-08
0.0015032364
0.00077774393
0.0011855859
5.1885476e-05
0.0004699942
0.0051214057
5.7284014e-06
1.2970982e-05
9.0496564e-05
1.6169242e-08
0.00014879236
5.745706e-07
0.5317374
0.013260366
0.000406514
0.8974006
6.1200926e-06
4.4373405e-06
5.0991213e-05
0.0019312974
2.1494861e-06
6.9905525e-07
0.638073
1.6616857e-06
0.0021330412
0.7834494
2.5671757e-06
0.09222801
0.00016023825
4.917296e-06
0.9681884
1.536464e-05
0.8311278
1.1812037e-06
1.678961e-06
0.0024490955
0.00012289188
2.823742e-07
0.0017401353
0.60578513
1.06824515e-07
0.99781895
3.690912e-08
0.11763557
1.3907945e-09
5.45022e-05
0.0014194517
6.46843e-05
1.985958e-05
6.6549746e-06
0.002702893
0.8033982
1.8043816e-05
3.3481397e-06
0.9999947
3.6507634e-05
2.9246496e-09
0.0010932351
1.0652268e-05
0.0947643
0.4301456
8.046699e-08
2.2018021e-07
0.0001147471
3.368162e-06
3.4208492e-07
2.6888838e-06
0.38458544
0.00036833622
1.4034782e-05
8.131136e-07
0.0004872135
0.9354471
