1.0
3.3057481e-06
1.5080043e-05
2.6280043e-06
0.00031829375
7.113252e-08
2.0373228e-07
4.2681283e-08
0.9961213
0.008950834
0.029468441
0.9961213
0.015431238
0.44981402
2.8582359e-05
1.0837955e-07
3.9921895e-05
5.2091714e-08
0.99993336
1.6418177e-05
0.00032541784
0.019045126
0.0058091213
7.868561e-07
2.5603275e-09
4.2666263e-05
0.0024703224
6.6766996e-05
0.042818736
0.0007980582
0.0020525497
1.160467e-08
0.023475574
1.5306166e-07
0.0008918823
1.2970929e-06
5.3679e-07
5.79343e-09
0.15495898
1.10914364e-07
0.0019491675
3.1042593e-05
0.26723754
0.00031088988
7.273029e-05
1.0743358e-06
0.0059981574
1.0095918e-06
2.5466973e-06
6.807797e-06
0.0033688706
2.7302406e-06
4.0534e-07
0.001361022
1.3867261e-06
0.12759842
3.467315e-05
3.726657e-07
1.1623411e-08
0.0010750705
0.010728911
2.6491918e-07
0.0018710553
7.2956423e-09
6.7656947e-06
0.010099426
0.00034915173
9.030834e-09
0.00046931795
1.0837955e-07
2.671564e-07
5.182551e-06
0.0073498017
0.007508001
0.00027152273
2.6639444e-07
2.3321844e-08
4.7920817e-06
0.049403902
4.2262935e-09
0.033458725
9.8059745e-06
0.0027558173
0.0001769944
0.0006072753
0.0004096567
2.29754e-06
0.010656934
4.2666263e-05
6.242713e-08
1.76433e-07
0.05176625
0.4633229
0.00078084134
0.00012569802
9.07373e-05
0.26723754
0.006198739
8.581494e-07
3.5081705e-06
0.0001982598
0.049403902
0.74528354
2.6193515e-05
4.0953e-05
2.9209214e-06
0.05057307
3.222595e-07
2.086116e-07
6.5889753e-06
0.00017913076
0.00010518495
0.0053406563
0.00011998742
1.0257077e-06
6.691567e-08
0.30955788
1.4326529e-06
0.48528096
2.746298e-07
1.0095918e-06
0.21095428
9.9999714e-05
0.00012647688
2.5603275e-09
3.4719108e-07
1.3377401e-06
0.0037627423
4.0365258e-06
1.2721841e-07
2.2686068e-08
0.0038412646
0.0020525497
0.0012387827
0.0021015753
0.00011037243
0.006198739
8.614297e-05
0.9682794
1.2653561e-05
0.015972959
0.00081828755
2.3530379e-07
0.0027128998
5.9449063e-09
9.85381e-07
0.00054446433
0.6006307
1.9475861e-07
0.99999523
0.00081412034
0.00013974716
0.0073941476
0.999979
8.938673e-06
0.027735805
0.801484
8.27543e-06
0.99986005
0.00010946369
0.010193657
2.735528e-08
0.999998
3.1966414e-07
0.010310903
5.833083e-08
0.0010961655
0.79870963
0.20104797
0.9030204
0.0004746323
0.0119218
0.08389115
3.976543e-08
2.4720237e-06
3.467315e-05
0.19979827
4.434564e-07
7.672549e-06
3.4943034e-06
0.00024081478
0.00050021376
1.4632264e-05
0.17415988
2.5466015e-05
6.9527086e-06
1.3437407e-06
0.034501947
2.0811481e-07
0.0005444646
3.5026244e-06
1.0939841e-06
1.1194003e-07
1.7885108e-05
0.0018502111
6.768435e-05
6.3184325e-07
5.652541e-06
0.018712567
1.4823305e-05
0.00032541784
0.9999977
3.976543e-08
0.00011197796
2.671564e-07
0.12570944
2.956696e-05
0.010149738
8.154797e-06
0.57651675
7.249896e-08
0.0001509213
7.3563643e-07
1.6272676e-07
0.0002137432
8.943926e-06
0.0001624609
0.00021289465
1.781367e-06
0.0018710553
6.40288e-05
1.1717366e-06
2.2575668e-06
0.9246104
2.0731326e-05
1.0689116e-05
0.00034915173
1.7182983e-05
0.0611621
0.061715003
2.2245972e-07
0.00069599214
4.8052335e-08
0.0006312266
1.7617677e-07
3.0967134e-05
0.00037003015
0.01982577
0.00017855114
0.00017855114
5.401217e-07
0.010370529
0.24605957
3.300612e-07
0.027341506
0.0015775957
4.5550397e-07
0.0020542226
2.5124754e-07
0.0002054852
1.3610654e-07
6.8566315e-08
1.3159521e-06
1.9027475e-08
3.338826e-05
0.00024623377
0.0005512801
0.013432715
2.543746e-06
0.9999867
0.0010750705
6.4924215e-08
4.4355325e-05
0.02378396
0.4989286
2.3716388e-05
0.81710124
0.0013740753
0.99109614
0.96208036
0.99992275
0.00015827978
0.004263997
8.046368e-07
0.00068070285
5.601981e-05
9.7961616e-05
0.00024142952
2.1957216e-05
0.0016711265
6.3131656e-06
0.00017997703
0.00011509086
1.9602718e-05
8.159099e-06
0.015431238
0.97409075
7.546722e-06
1.4326529e-06
0.03129319
0.0002657596
1.3947434e-07
0.00043708476
9.07373e-05
2.3084793e-05
1.0939841e-06
0.0002137432
0.0016872719
0.0018461997
9.030834e-09
