0.014373694
0.99975866
0.0008284114
1.05579375e-05
0.99995273
0.00045697624
0.9699648
0.96712977
1.5748572e-07
0.0032327473
2.4088271e-05
1.6549531e-05
5.36572e-07
0.0005224862
2.9846053e-08
7.877399e-06
0.7186224
0.0004959527
0.08894061
0.0004959527
2.9404713e-05
0.5099416
3.856635e-06
0.00059488125
0.999972
0.00013213417
2.0781663e-06
8.7413235e-07
0.12022101
0.004178961
3.0770752e-07
0.2932479
0.016366545
1.0359018e-06
8.136426e-07
0.042675674
0.00014302893
0.014010792
4.392283e-05
1.28187185e-05
0.0003164686
2.6812575e-08
0.008865747
2.3144706e-07
1.0401076e-05
4.3225214e-06
0.0027314683
0.21120115
0.10923989
0.11902061
0.9981643
6.1428623e-06
4.1016065e-07
4.9551536e-06
1.286609e-08
1.9460562e-05
8.715097e-06
2.7562681e-08
0.69186604
5.0285603e-06
2.658858e-07
0.9864051
0.00029763082
0.00893271
0.00013817211
0.0014139762
0.12022101
2.7673095e-06
0.00013325702
4.3294723e-09
0.0005708073
0.002985604
6.369998e-05
0.0012245319
3.282509e-07
1.0510599e-07
5.654019e-05
0.07963832
1.5755287e-06
0.6918208
1.250489e-07
0.44584107
2.089466e-06
1.4599064e-07
2.5320622e-05
0.7394463
5.8704934e-09
6.597837e-05
1.8384644e-07
3.4860614e-07
0.9713679
2.2405795e-06
0.0073106913
0.019698253
0.015975552
1.4605541e-06
0.00018770003
2.4762697e-08
2.3714595e-09
2.6281094e-07
1.5269281e-06
2.604953e-07
3.1530801e-06
4.7644667e-07
0.0007461477
4.2503884e-06
0.00010576649
1.2302727e-06
0.9998013
0.00059488125
0.9488856
0.08138372
4.3664994e-07
0.56369305
0.23844318
4.191522e-06
6.0434726e-05
9.409781e-06
9.543069e-08
7.993144e-06
2.053405e-08
0.49256226
0.99999994
1.5748572e-07
2.1075978e-06
0.001814951
0.012876858
0.33227634
3.373066e-07
8.0221724e-10
4.8369464e-09
2.0339701e-07
4.3612197e-11
2.4213719e-08
0.00021122111
3.2578946e-06
0.001814951
5.5467067e-06
5.935598e-05
4.6650733e-08
1.2344047e-05
0.0015516742
1.2482171e-05
2.5498105e-07
2.1834033e-07
0.99999344
0.585573
1.6559161e-05
1.4800793e-07
0.982367
0.0030435522
0.27673334
9.04447e-06
8.7779124e-05
1.7729964e-07
5.7901735e-07
1.065011e-06
8.6102045e-06
1.186526e-06
2.0999881e-08
0.17674372
4.191522e-06
0.0001266881
6.349823e-06
0.00016137953
0.207127
6.798108e-09
3.3642318e-05
2.2069898e-08
7.519692e-07
0.042200506
0.008604095
0.0010631618
9.798914e-09
0.9972491
0.0002233218
1.5748572e-07
3.393949e-05
0.0003111449
0.00017306987
0.008678619
0.020854458
0.118492864
0.00020839431
0.11932319
6.5120066e-06
0.00024597943
9.634971e-07
1.0359018e-06
1.0751804e-06
4.191522e-06
1.0676239e-07
3.125972e-06
6.6373414e-06
4.0833484e-08
1.3700082e-06
2.1106923e-07
3.274408e-07
5.695113e-08
3.5633173e-06
9.7297025e-06
0.00018927512
0.99991095
9.694932e-06
9.461495e-06
3.4131706e-05
6.349823e-06
1.7999504e-07
6.710299e-05
0.004763299
3.1366e-05
0.0073013227
0.00024814752
3.8036467e-07
0.99897534
0.00011323826
9.04447e-06
9.8219715e-08
0.090471506
0.0099905105
1.4947082e-06
2.360258e-05
5.3106265e-05
4.0047776e-06
0.00010149202
0.012047007
0.32264462
0.00032790957
2.9927003e-05
2.3711905e-06
0.0003344083
1.4893049e-08
8.6190527e-10
0.00014056802
3.3365308e-05
7.993144e-06
0.0007356044
0.023973446
3.05904e-07
0.99915874
4.041137e-08
0.9999957
0.0002601485
7.519692e-07
1.2725358e-05
0.00079367205
1.4858356e-06
1.2482171e-05
3.8314076e-05
0.7857521
0.0012430412
3.0938759e-06
0.70768017
0.0008484861
6.5056133e-06
4.0338523e-07
8.987269e-10
0.0005646411
0.00027985589
0.0002233218
0.121483445
0.08138372
9.3876326e-05
3.2917267e-06
0.73944616
0.009749772
0.000779329
0.0003584317
2.0219439e-08
0.0005071418
0.0028939382
0.00030035622
8.277138e-05
0.00026375332
5.778028e-06
3.1174054e-07
0.003350226
0.03591507
4.849022e-06
5.772134e-07
3.6580782e-06
0.9999904
6.192259e-07
1.5689011e-05
0.000779329
0.000304011
6.582598e-07
2.3144706e-07
1.5376011e-07
4.183088e-05
0.5535917
5.5426783e-09
3.85515e-05
8.5409994e-08
1.4479392e-06
5.614509e-06
8.374878e-06
1.7536442e-05
0.002643817
2.6129599e-06
