0.93592596
4.460159e-05
1.0166089e-05
0.93592596
1.0395585e-06
1.7342472e-07
2.2943934e-05
3.680354e-07
0.00010938459
4.1337285e-07
1.2870283e-06
0.0022770932
0.41671085
2.5511665e-05
0.11375205
1.192812e-07
0.00026038772
1.2093604e-06
2.4073963e-05
9.597063e-08
1.8241101e-06
0.0001479115
0.00010985456
4.9058717e-06
0.00019529279
0.0010897705
1.5510493e-06
1.6631806e-05
9.597063e-08
9.142581e-10
0.0040042396
9.978886e-09
0.99999857
0.0016045652
0.60802495
0.99982905
1.2385776e-07
2.915656e-06
0.06438534
2.4013153e-07
2.1941103e-06
2.4013153e-07
2.2393331e-07
0.10402727
0.0013380857
1.3894179e-05
0.9999999
1.7526681e-09
0.71910566
1.0
0.30427048
0.00027655365
1.1858388e-07
0.99998015
0.00914545
1.1275345e-07
1.8227523e-07
1.6732993e-07
0.00014893233
7.262765e-05
1.0045285e-06
0.021646863
1.1025922e-07
6.868992e-05
2.665898e-08
0.031643424
2.5511665e-05
1.4544854e-06
0.021440122
0.00019739741
0.0028202771
7.389461e-07
6.804895e-07
1.1084648e-07
0.003781985
3.5828518e-05
4.9447166e-08
1.7148126e-06
5.5919586e-06
2.6773077e-07
0.0010960079
6.1310866e-06
6.8419477e-06
0.002746509
2.103071e-07
7.022258e-08
0.07804378
8.9644965e-07
6.750361e-07
6.365487e-08
2.2947428e-07
5.2593685e-07
6.697875e-08
3.2324676e-06
3.680354e-07
2.8856954e-05
0.001001897
0.009719852
0.5891025
0.99999213
4.518424e-07
3.1870317e-05
0.000781362
1.2628478e-06
7.1397495e-05
0.0041127037
2.5581624e-06
0.00014893233
0.005277893
0.0022770932
5.829051e-07
1.01002315e-05
0.00018808611
1.2801131e-07
9.8394514e-05
0.99982506
1.919876e-06
7.1729305e-06
0.0010616159
4.4660212e-07
0.0022983765
8.74271e-06
1.8417285e-07
9.457286e-07
3.2456046e-05
2.6095645e-10
0.0034551977
0.00824499
0.99883956
9.704283e-05
1.7399209e-06
1.094028e-06
0.0002648573
2.649121e-07
4.7681195e-05
1.2713194e-07
0.030439086
0.99999213
4.171766e-06
0.00012053511
0.50162435
5.829051e-07
9.646371e-07
0.0006167555
8.504929e-06
1.9123746e-08
0.013604317
4.3305133e-09
0.99999726
0.14527325
1.4749444e-05
0.016212625
3.3390585e-05
9.160809e-09
5.883639e-06
1.2801107e-07
0.00029117207
1.7399209e-06
0.99999124
0.001323354
2.1122348e-07
0.17260371
0.9999566
0.009719852
7.5603944e-06
4.4202385e-05
1.1946737e-06
4.4202385e-05
0.00063491764
1.2604835e-06
0.00037344298
4.4202385e-05
1.1579557e-07
2.3810586e-07
0.9999877
1.7342472e-07
0.8475661
0.010158029
0.001323354
8.970817e-06
0.03095416
1.0
5.218992e-05
2.7707805e-05
0.0003413686
1.6874343e-05
1.0986432e-05
0.95889276
4.5442803e-06
2.3542648e-10
0.62096
0.00026038772
7.238966e-07
0.010551774
0.96001697
0.0015828499
0.39832088
0.005445198
1.3764331e-06
0.0013683739
1.962399e-07
1.9746665e-05
0.006304332
3.2204866e-08
5.009277e-08
2.9233543e-06
2.2487473e-07
2.4663063e-06
1.4668034e-06
0.0064191706
0.008774338
1.1070803e-06
1.4878857e-07
0.0026348173
1.6701071e-05
0.011506234
0.0066736806
8.736109e-08
0.14060944
0.06578591
1.2385789e-07
9.781044e-09
0.0027104989
0.9079247
7.657425e-06
1.5126335e-05
4.8991485e-08
0.4245124
0.00014784129
0.9999878
0.006359173
0.00054762827
3.7800942e-06
1.1858388e-07
0.0016361059
0.002258736
0.00017733833
4.7187054e-06
1.8562335e-07
2.293912e-05
5.2011137e-06
0.0001476038
0.00018934262
0.002822331
1.911246e-06
0.8666161
6.7148314e-05
5.829051e-07
0.013947969
7.4420626e-05
0.37551945
5.6683075e-07
7.275981e-07
0.0015194019
1.1025922e-07
0.0014074624
0.00060865784
0.0007806639
7.1397495e-05
5.6738133e-07
1.937977e-06
0.0014306088
2.1677458e-06
0.010862923
4.382933e-07
0.044752937
2.2245229e-05
4.2008137e-06
0.0033782593
1.2473579e-05
0.006304332
0.30379298
1.1989913e-07
0.0066736806
2.6507196e-05
1.1356775e-06
0.00017222963
1.1317468e-07
1.1861461e-05
4.632855e-05
9.048735e-08
0.00035161906
1.42653e-06
9.781044e-09
1.0629117e-08
2.930844e-06
1.3495078e-07
3.56334e-08
1.7831486e-07
8.3002425e-07
1.4938254e-05
0.0013357087
0.00042318425
0.0009006998
0.01982362
1.2870283e-06
0.0026348173
2.6582e-05
0.009078373
2.7105907e-06
