0.9662438
5.0639985e-05
0.9660375
0.0010571601
0.0008665662
0.99978054
0.6635718
7.078965e-05
0.021406144
6.588657e-05
4.40671e-07
0.4006516
4.096175e-05
0.0003049928
0.0014784653
0.00038212579
2.201559e-05
2.794669e-06
1.0
0.003201132
6.769831e-07
0.9507953
0.012073522
0.00082894677
4.2427987e-06
0.0017045058
0.003479135
0.053343654
0.026971819
8.710419e-08
0.0007934565
0.02934162
0.20460844
0.5080438
6.9633184e-06
0.00013185426
0.006007541
0.5760625
0.00010764026
0.033280663
0.0004444187
4.4874894e-05
0.0017635116
0.0013443372
0.9992101
1.5919174e-07
0.9999906
4.7545985e-08
0.9999655
0.02507787
2.3238061e-07
4.2748871e-07
0.0019986094
6.5685505e-05
0.98469996
0.58333135
8.572876e-06
5.228102e-06
3.3105076e-07
0.91963613
2.5178577e-05
6.041189e-07
7.379268e-06
0.0027451224
7.2146768e-06
4.6134815e-10
1.265233e-07
1.0390086e-06
0.07193265
0.11576416
0.003354569
0.46094328
0.46094328
0.09573952
5.852485e-06
4.1819953e-06
0.0001100161
0.6880408
0.00031096782
0.00011285688
0.0009840896
0.00020269801
2.3096932e-06
0.00010138901
0.013955861
0.2823846
0.03213714
0.9982353
7.401571e-07
0.044923272
1.2014574e-05
4.5105637e-05
0.0012078966
0.9999974
0.031283993
0.0030207813
1.1193912e-06
6.568601e-07
0.0025038538
1.265233e-07
7.0208254e-05
7.893131e-05
0.0002361768
4.7166268e-05
0.0023279174
0.9999107
0.0003297064
2.2208453e-05
0.95959955
0.07032505
0.00026264443
0.00488529
4.4960652e-05
0.9583824
1.16041434e-07
0.99999917
0.00034745823
1.857214e-05
2.659034e-05
0.98290896
2.1470155e-06
0.11573132
1.7514667e-07
0.019684723
8.862204e-05
2.272361e-05
0.19587791
1.5316713e-05
0.9987899
0.012431422
9.218436e-05
0.2482128
0.09304191
5.228102e-06
0.026971819
0.00013737651
2.6680642e-05
0.0010484323
0.019084282
1.5403106e-07
0.09959526
0.0059280586
0.094997555
0.0029525217
0.6880408
5.729636e-06
2.1136588e-08
0.00029584597
0.00029249032
6.319911e-05
0.0271832
0.93181956
0.0042204065
3.3129837e-07
2.2208453e-05
4.9792425e-07
1.2454275e-05
0.0027451224
0.83625096
0.041184925
0.0006423214
0.00020582402
0.0014849881
0.9595913
0.0011279387
0.29122603
7.970102e-06
0.2970489
1.545017e-05
0.00081553654
1.5316713e-05
0.0019584638
2.8212328e-08
0.994616
2.2178038e-07
7.532744e-06
1.7376062e-05
5.8073216e-05
0.0062227077
3.106311e-06
2.2102808e-05
2.9116658e-08
0.002133313
1.154696e-05
0.99991995
2.1767448e-06
0.00010614842
8.977338e-06
9.314641e-06
0.0001820537
0.00023170674
3.255053e-06
2.229465e-05
0.0053679887
0.0014784653
0.00014582627
0.1004038
3.9649403e-05
2.1974733e-06
2.449724e-06
4.2427987e-06
0.05890879
4.7775684e-05
2.3561845e-06
5.334004e-05
0.009354807
0.49140397
4.7567396e-06
4.1819953e-06
0.0036847058
8.4120926e-05
0.101430535
5.764026e-08
0.9998429
0.0011965842
8.723427e-07
0.008642948
5.4295528e-05
3.4095974e-06
0.003281643
0.0009158105
0.92917013
0.0019584638
1.9376332e-06
5.293249e-05
5.1863164e-05
0.0015248633
0.9999959
0.6458343
2.5440528e-05
0.016446987
0.008182994
0.00013185426
0.009010549
2.3868537e-07
0.006257256
0.0027543814
0.4589688
0.0001916649
3.8455698e-07
1.6365104e-06
0.00020269801
0.99879277
1.1529674e-05
1.9040617e-06
0.0843721
0.06017947
1.265233e-07
6.5431064e-05
0.020879293
1.160161e-05
0.015859896
2.8903003e-05
6.0396123e-05
0.0060054115
1.5492766e-07
5.712575e-06
6.259423e-07
0.0025959602
2.225504e-06
0.00013202612
0.003095284
9.765106e-09
0.00047443734
2.2214574e-07
9.228789e-08
0.00488529
0.0022298745
4.952286e-06
0.74276537
2.423944e-07
2.9762725e-05
0.00060357846
0.9998899
3.5271478e-06
0.016446987
0.00034745823
1.6666354e-05
9.228789e-08
0.00010746049
0.005511775
2.348628e-07
0.096453935
0.00068263133
2.4443274e-05
0.8290287
0.06360335
0.00027746905
7.8427576e-05
7.8942367e-07
2.7954686e-06
0.02507787
0.9141171
2.3698974e-06
2.644532e-07
2.3527012e-07
0.016030276
0.0016994162
0.99500066
0.9878843
