0.99935865
0.9999998
0.97443146
0.00014261913
0.9898719
6.177578e-07
0.0026524602
4.7768302e-05
7.554576e-08
0.0020407457
1.9118895e-06
4.9743274e-05
0.16841082
4.474786e-08
2.6409282e-07
0.42277724
0.00022865771
0.07736526
2.3717582e-06
2.1776004e-06
0.0067204293
0.0009389615
1.4419793e-06
0.00028994074
0.0045413002
0.06380215
0.0007649081
0.99997413
0.99842834
1.3329708e-05
2.6086771e-05
0.17725487
0.22196567
0.9990415
1.7434557e-05
0.99999964
0.27601123
8.484024e-07
0.9999969
0.1395381
1.0
0.0018278604
1.3494615e-07
9.220124e-05
5.619027e-05
5.7757527e-05
0.00028645672
2.4685118e-05
8.408231e-08
0.0044759377
0.9999995
1.5002276e-07
1.1753778e-05
0.001151721
1.50576825e-05
0.0003789026
0.015033942
0.0043446957
0.00081537844
0.0137421265
3.9840248e-07
4.3170708e-06
6.395764e-05
0.26576293
0.9160064
5.565777e-05
8.684645e-05
6.199951e-06
0.00029319193
0.0004376931
0.0024592048
0.9999713
0.00026125458
0.0049617575
3.653309e-05
0.0016780044
6.766159e-08
0.0015109278
0.08985058
0.42473775
7.539931e-06
0.16841082
0.016788961
0.0005768893
0.00024813093
3.7045127e-05
0.017585557
0.9743691
0.0002824248
0.0042863153
9.937425e-06
4.307098e-05
1.322921e-08
1.8935611e-07
0.9999939
0.9999927
0.00017631237
7.0081813e-07
0.00089817593
1.1437474e-05
0.00015002282
0.70812184
0.0056191487
0.00026929475
2.1157557e-06
0.04018766
0.009535853
1.7434557e-05
3.0630684e-07
2.5834688e-06
0.0002890586
0.063623145
0.0046073105
8.1649254e-05
8.233783e-08
2.3717582e-06
1.7639918e-07
6.9383685e-07
2.586605e-05
0.00043505788
9.108454e-06
5.4056894e-08
0.0500126
0.0051406473
1.0751009e-05
0.07695415
0.003992691
4.9743274e-05
0.00041040737
3.7045127e-05
1.9087043e-05
0.370162
0.26019487
2.46996e-05
4.9155665e-07
0.00043131047
0.20307536
0.99808425
0.0013108441
1.1787085e-07
6.250184e-05
3.3401568e-05
0.003992691
2.2221213e-06
0.5381824
4.2165897e-07
0.9292021
1.732933e-05
0.0006797165
6.013785e-05
6.013785e-05
1.6854696e-06
1.3119637e-05
7.809739e-09
0.1857451
1.9118895e-06
0.25246873
3.31449e-05
8.899673e-07
0.60967386
1.3329708e-05
2.4974588e-07
0.99999243
0.9340991
2.3813293e-06
0.0043786597
0.99997187
2.5084717e-08
0.00090565317
8.730195e-06
0.00018689799
1.9441974e-05
1.6417795e-08
5.2782013e-07
1.8373881e-05
0.9989236
0.0040561887
9.565752e-05
9.649992e-06
3.6341933e-06
8.376939e-06
8.783891e-05
0.0010251172
2.9930658e-07
0.16176794
0.9160064
1.2212948e-06
1.8335176e-06
0.8004626
6.013785e-05
6.159777e-08
0.00048864435
8.005525e-06
0.00043358747
1.0303336e-07
0.0008499556
7.460954e-08
1.1760169e-05
0.0007649081
0.0013573723
4.174397e-05
6.2345894e-06
3.5454462e-07
0.9990415
6.599406e-07
2.0192178e-07
0.002153449
1.2853141e-05
0.060851123
9.572122e-05
0.24924682
9.655753e-06
1.8429773e-06
1.21042785e-05
1.8390357e-06
0.12551264
8.878796e-08
8.022308e-06
1.0521405e-06
1.1194062e-06
0.0023847986
0.003981247
2.3813293e-06
0.45283452
0.03224662
0.00016314145
4.287869e-06
3.5454462e-07
0.007798041
0.00025341913
3.5300647e-07
1.0837397e-07
0.99969566
0.03222461
0.008827486
3.7109353e-06
6.179768e-06
0.26032618
0.99659425
0.0018383153
0.0024592048
0.00024813093
1.6164062e-08
3.552917e-05
0.00022938332
6.760972e-05
0.0030213932
2.9718734e-05
0.22196567
0.0013108441
8.364336e-09
0.00016287861
3.9517087e-10
0.021379635
0.84164745
3.0595388e-07
0.00040518388
0.00041668094
0.002438662
5.6436005e-05
0.99999964
0.00066646026
0.026545566
0.002224412
0.0013187074
0.0022297918
1.9558e-07
7.0330475e-06
5.522398e-05
0.0002704887
3.381838e-06
9.801186e-07
0.00019198426
2.1313629e-07
0.9999903
0.0001393808
1.9200708e-05
2.5052118e-06
4.8961965e-06
0.0023952401
0.0045413002
2.0599557e-06
0.89659554
5.3192537e-08
0.37015426
4.9545264e-07
0.00019198426
7.535226e-05
3.6999276e-07
0.0045413002
2.0561383e-06
0.00043505788
0.054981373
0.0038643805
4.2270298e-07
0.8444928
1.054174e-05
0.0004444907
2.803291e-05
0.0022586593
