0.9999998
0.9999996
0.9734937
0.99999475
0.99999946
0.9959765
0.99982274
0.00023541444
0.77758497
5.574824e-06
3.910071e-06
0.33120048
0.9299218
0.0010636669
0.08485123
7.6477285e-05
0.0008923719
0.0005050898
8.823853e-05
0.0001762097
0.06150929
0.00662852
1.4758462e-05
0.68896085
1.9601128e-08
0.8682873
0.10457864
0.00023541444
6.356491e-05
0.010354466
0.07988478
2.923608e-08
6.143842e-07
0.0055165077
0.003432405
0.012275224
0.015265114
0.0008790683
0.072756894
0.00027272242
0.99993235
0.0005296301
0.21387854
1.2092116e-06
4.626228e-07
8.635105e-06
0.00016142878
1.655796e-05
6.401893e-07
0.9938033
0.0037168215
2.5130577e-05
0.00012121573
0.93097323
0.966615
0.12395477
0.020285504
0.002545605
0.002811626
7.49244e-07
0.017714936
2.5930833e-05
0.030448107
0.0011576661
0.4611715
0.048865702
0.9299218
0.9934769
0.020721225
9.681318e-09
0.15030096
1.9295678e-06
1.1855211e-09
0.00052070414
0.00041802926
2.9818972e-07
0.2111324
0.99998665
0.2786401
0.000105252075
0.00022760646
0.0005757364
5.803087e-07
0.00017681357
1.5143335e-06
0.07830108
0.0028933245
0.0071204915
0.0001712543
0.0004952819
9.178685e-07
0.0034574477
1.0902579e-05
0.00012362424
1.6374502e-06
2.8764764e-06
0.004657972
0.00028265806
0.6380933
1.2088975e-07
0.007162663
6.015908e-06
0.9987513
0.00020150923
0.016196253
1.481175e-07
7.34129e-07
0.13856421
0.035093408
0.1660907
2.2784033e-07
3.855871e-05
1.5981916e-05
0.015125158
0.007161487
1.9340594e-06
0.0022912377
7.482059e-08
0.025780289
0.00011200862
0.00084680284
4.0233167e-06
5.535117e-07
0.99996525
6.5820706e-07
0.14129514
2.0298658e-07
0.007341558
0.4480251
0.9865034
0.783659
0.00019212489
0.16662039
0.072756894
1.8089312e-06
0.9999907
0.99999756
0.878339
4.4023513e-05
1.0902579e-05
0.028072389
0.0012433538
0.0003656186
0.00024579986
0.003790395
1.5481173e-06
1.9747607e-05
0.2284929
1.2972987e-05
0.0005343775
0.00017689113
9.681318e-09
5.803087e-07
0.98915225
8.113119e-07
4.809934e-07
0.0004744708
1.7893331e-05
0.6380857
0.00016260472
0.00037869858
0.9795791
7.482059e-08
0.0045643216
0.999526
0.97231436
5.6399964e-05
2.6699188e-06
1.0
3.6452661e-06
1.8962182e-05
5.1619327e-06
1.10486335e-05
0.0019916622
0.00044613052
0.88185215
0.9915586
3.916531e-06
0.98030734
1.47232195e-05
0.01714904
3.4330787e-07
0.015930938
0.015092816
0.00019645688
0.012749749
0.00052612415
0.9999429
0.9733072
0.0001518428
0.99993885
6.401893e-07
0.99999815
0.11351782
8.635105e-06
0.06929429
4.5141696e-06
1.3322006e-05
0.005737216
0.25735158
2.3715064e-07
6.094727e-06
4.3823748e-06
3.749616e-05
5.198666e-05
4.7884605e-05
0.0010468983
2.6307978e-06
5.6571145e-05
2.0928631e-07
5.803087e-07
0.6201812
0.50277984
0.9997374
0.09082117
6.2914382e-06
9.565089e-07
0.00025650536
0.99999654
4.9975097e-06
2.2070778e-06
0.0002264212
2.923608e-08
0.11854235
0.073125705
0.9629801
6.3374195e-05
0.0001769873
3.6639053e-06
0.0001603477
0.7878913
0.00020150923
0.00011146862
0.00034021036
0.9987261
0.013128362
0.0010636669
5.6571145e-05
0.0007751672
0.0026193697
0.006820646
4.1419128e-07
0.9996474
3.9358194e-05
4.539615e-06
0.0001853063
0.017812848
1.8962182e-05
0.6320525
0.9999999
0.00011112795
0.0078125615
0.9986553
0.029590031
3.6639053e-06
0.004519162
0.11612486
0.99398977
3.4974198e-07
0.0013443994
1.7251712e-07
0.0020562587
0.0039869463
2.2383061e-07
0.9934769
3.5279998e-05
4.474903e-06
0.99861264
6.991719e-06
3.3441698e-05
2.416989e-05
0.21570209
3.4881894e-05
0.9671117
0.00046393523
5.7188217e-06
1.3140008e-06
5.557752e-06
6.6663824e-06
0.5335211
0.0005343775
1.1184308e-05
3.4311917e-05
0.20007125
0.9999799
1.4679393e-05
1.3140008e-06
3.2362925e-05
0.9999688
0.00014329239
0.99947554
0.0008666818
1.1083079e-05
0.07861651
0.016037557
3.56434e-05
0.00085456256
0.0005370536
4.1220705e-06
3.631229e-05
