0.99937195
3.999872e-05
0.9959411
0.00041778883
2.0279244e-06
3.9322126e-06
0.67793995
0.13988325
1.2753538e-06
1.1926887e-08
6.9869035e-05
1.9733432e-05
0.00022123406
0.006716576
3.0235528e-06
4.8690403e-08
1.7404785e-05
9.943993e-07
2.1959172e-08
6.119326e-05
2.472707e-07
0.011489569
3.4637002e-09
0.9999764
8.256529e-07
7.8539884e-08
6.1622086e-07
5.4835743e-07
7.34908e-08
3.7152836e-07
2.866608e-05
3.0618365e-05
3.9206254e-05
0.00017383744
8.739805e-09
2.442703e-05
0.1258095
0.38034055
0.66165054
2.4365133e-06
4.1560304e-07
0.99811965
0.0076310984
0.9997872
0.057064522
3.2245762e-06
1.3876124e-06
0.00071377255
1.5111859e-05
0.0002826807
0.0012740775
6.443101e-08
1.9532606e-06
0.20670003
6.2303676e-05
7.554014e-08
0.9998844
0.0025248397
0.0057598148
0.5313003
6.858566e-05
0.0007609247
0.1573656
0.00027796734
2.6435326e-05
0.0037173617
1.5699232e-08
5.5504995e-07
0.09546296
3.6114734e-06
0.42773098
8.277021e-08
4.5092733e-05
3.7641615e-07
0.00063998357
2.9426876e-05
4.1188844e-08
0.002133039
0.9922491
0.9956943
0.00021778973
0.00014205262
0.0012840818
0.00015062845
0.95763946
0.0002249262
0.024217805
4.8450834e-06
0.5605288
0.0026543417
0.008868329
0.8867852
4.7395208e-09
1.1959528e-06
0.016078807
3.1607212e-06
9.83893e-06
0.000755587
1.058262e-06
8.25975e-07
7.578391e-05
0.66769195
2.6057176e-08
0.0005005243
0.9995541
9.075125e-07
0.98816717
2.221091e-05
9.0087883e-07
0.96429193
5.0412996e-06
6.3951927e-07
0.0017055236
1.4306554e-06
5.7719477e-05
0.00021411423
5.670227e-08
0.00015148157
0.09620237
0.00014337561
3.84476e-05
0.00039309566
9.114384e-08
2.39698e-06
9.152836e-06
1.4216166e-05
0.021869278
0.0008326005
0.99999905
4.6285186e-05
0.99981034
0.9998754
0.000111296235
7.261874e-07
1.3675576e-05
2.8405907e-07
0.00013836975
3.7910658e-07
0.6637048
2.6435326e-05
0.8561973
0.21049745
6.431966e-05
4.0334363e-08
1.5667436e-05
1.1837796e-08
0.99979216
6.2984022e-06
0.0029526087
0.99441916
1.0379871e-05
1.3281043e-07
7.855103e-07
3.2328145e-07
2.0350792e-06
0.97497547
0.027710639
0.9505382
3.1580709e-07
1.8839757e-05
0.0009781063
3.684413e-08
6.866728e-07
0.99981034
0.0009050632
2.193696e-06
0.016909214
0.9958629
3.5971568e-06
0.00012274842
8.981757e-07
3.3123897e-07
4.3950422e-07
1.0667299e-06
3.1346563e-06
3.0235528e-06
2.6347598e-07
0.0008429294
0.00011022118
0.050355848
0.0023032913
9.06608e-08
7.869732e-07
2.4619478e-05
1.6637105e-05
3.9467072e-06
1.8865772e-05
2.1857186e-05
0.00047382517
0.019354243
7.5861344e-06
1.0532287e-06
0.00021023459
0.2124448
0.9999998
0.0002424239
1.1820557e-06
0.046153452
2.1200084e-07
8.9114736e-05
0.0050836196
0.00049308676
9.796078e-08
1.4085104e-05
4.235843e-07
0.99713004
1.2246118e-06
1.973972e-08
0.0006208905
1.064484e-06
3.906933e-08
9.0280963e-07
0.0057598148
0.0004165435
9.3381243e-07
2.3644246e-07
1.5715251e-06
0.0007609247
0.00082395866
0.026166024
9.83893e-06
3.3168799e-06
8.729581e-05
0.82541096
2.1255696e-07
1.8205629e-06
1.7187785e-05
6.0809734e-06
0.8452468
0.0033084042
0.3171421
4.7384574e-06
0.008355083
0.0049960227
1.7301993e-08
0.00047358836
0.00028089734
9.943993e-07
0.0020584292
3.872361e-08
3.3123897e-07
0.00037218683
3.523154e-06
1.8291257e-05
1.141663e-06
0.72679406
0.19587393
0.93014926
0.005189565
8.043073e-05
0.99999785
1.3732519e-05
0.0127539635
9.0280963e-07
0.9999965
0.7225028
0.036635086
0.0037245438
1.1227246e-05
0.00042864808
0.0031118356
4.0658e-08
0.0007173075
0.008891435
0.001098549
0.9545543
8.974739e-08
0.5492994
2.9704255e-05
1.0
2.17957e-05
7.972672e-07
0.0026543417
9.943993e-07
0.00084124436
0.0025013958
0.0020348597
0.0032948377
0.79831815
1.9733432e-05
0.9250464
0.2219695
1.0747647e-07
3.6603112e-07
1.0996579e-05
3.5471948e-07
0.0753309
1.212778e-05
0.0008622412
4.4619273e-06
2.435428e-07
1.0364345e-06
2.980229e-05
6.866728e-07
0.9999507
4.6892696e-05
0.01054392
2.5727243e-07
2.221091e-05
0.9833516
