0.59261405
1.0
1.0
1.0
0.9963864
1.0
0.99947006
0.9973927
0.9987142
1.0
1.0
0.0045489003
1.0
0.9994105
0.73230875
1.0
0.9958627
1.0
1.0
1.0
0.00016257308
0.99999994
1.0
1.0
0.00014377716
6.529772e-10
4.918708e-08
1.3870155e-07
1.05878285e-10
8.803536e-08
2.4607123e-09
0.34383354
2.3192608e-05
3.3146932e-07
0.9994392
9.7665754e-05
1.3679669e-08
0.3377775
6.8273994e-07
0.9987402
2.1052095e-08
1.9505604e-09
0.00190897
0.6891028
1.2576673e-07
5.7650384e-05
9.36811e-06
0.030578868
2.5040248e-09
0.00015759758
1.556842e-05
4.0211494e-06
0.79987097
2.164903e-06
3.59097e-06
1.1421596e-06
3.1123545e-08
1.4991795e-06
3.748329e-05
3.457719e-05
5.0905008e-08
5.0073623e-07
0.00084172585
1.2579426e-10
5.000457e-07
7.4232304e-07
3.748329e-05
2.891811e-05
5.773687e-08
1.7609042e-07
8.025011e-08
1.0341978e-05
7.338084e-07
4.3095616e-07
0.004094732
0.0002505687
2.8916807e-06
0.8668902
0.0051638493
1.4878561e-09
1.014368e-06
0.64536226
2.3962041e-08
2.9209278e-07
0.0029609378
0.9021663
0.01822777
2.2391043e-05
2.6396137e-07
1.027785e-09
5.77719e-07
3.7254952e-06
1.9051762e-05
5.834285e-06
4.7308614e-08
1.1030757e-08
5.9711992e-06
0.9999481
2.5040248e-09
1.2569963e-06
7.476688e-10
4.1710788e-08
8.031945e-09
8.5719685e-06
1.5282173e-07
6.463438e-06
7.346632e-05
4.878127e-07
0.00056352786
6.158209e-05
8.040576e-07
0.8598993
1.3158445e-08
0.0005670802
4.3666613e-08
1.1688231e-05
2.6581688e-09
9.917413e-08
1.2203886e-07
1.4878561e-09
1.9992394e-10
0.9999737
1.3755708e-07
7.66761e-07
2.2926722e-06
1.3359613e-09
1.5049667e-09
0.98462945
1.1462581e-06
0.0008171168
0.00096745783
6.3161974e-07
2.2415343e-09
6.0682472e-05
5.955174e-10
0.9994162
5.6950803e-12
5.641594e-09
0.0031186845
5.1285184e-08
7.6380735e-07
9.1984536e-09
0.68622583
7.157904e-06
1.874828e-08
9.565243e-09
0.03006655
6.283963e-08
1.4806228e-07
1.47318975e-08
8.024996e-08
1.4931878e-07
2.0039057e-09
0.24821614
0.049774576
3.524996e-09
0.99938416
0.0042979796
6.1270344e-05
0.0014054164
3.212446e-06
0.00012135787
9.746573e-09
3.0909443e-06
3.6953047e-06
3.6250714e-08
0.9991659
2.2965673e-06
3.412422e-05
5.0436123e-05
1.7058059e-07
0.58084774
0.997841
1.5177463e-08
0.19725491
5.2702117e-06
3.2938036e-08
4.9515493e-06
0.13697834
2.8058264e-05
0.00047792902
0.0010232526
6.1270344e-05
0.00038926216
1.5049667e-09
0.00033653417
0.99286133
0.0011585767
0.00011578147
3.8829485e-06
2.2991796e-06
0.0026261616
2.2927727e-06
8.780076e-08
4.824887e-08
7.522654e-07
0.00020139053
4.0521513e-07
0.9999886
1.3586338e-09
1.1060198e-05
7.3156895e-07
0.0069393213
4.8933507e-05
0.9999992
5.5750192e-08
1.511795e-07
6.972973e-05
0.0010827812
0.00015373646
2.06394e-08
1.7199008e-08
0.00033653417
4.2964032e-09
0.03703528
4.3429395e-07
0.053134333
0.0002141606
0.00016678743
6.2658313e-07
2.3287741e-06
7.8842e-07
4.8033368e-08
1.0009979e-05
8.289089e-07
0.000115781586
6.9898256e-06
1.5320524e-06
4.6814168e-07
0.00010125017
3.2860523e-09
5.1260918e-06
1.4887145e-07
0.99785274
0.0072193956
0.00056855555
2.3988551e-09
0.0008668569
1.4248847e-09
3.9400933e-05
6.794141e-05
1.03735346e-07
0.016029794
8.780076e-08
1.9282271e-07
3.502237e-06
1.493512e-08
3.9096844e-07
0.0002141606
1.2644413e-08
1.6418567e-06
5.018481e-06
0.99653715
5.000457e-07
1.05489555e-08
4.3087994e-06
9.585446e-08
3.2503173e-08
8.80905e-07
2.1052095e-08
0.005194848
7.295047e-08
1.0437374e-05
1.7728715e-09
0.00088528974
2.268317e-08
2.5378302e-05
0.99999887
6.296306e-09
1.899281e-08
2.365449e-06
0.9977961
0.3039263
1.1477963e-08
2.507724e-09
7.114472e-07
0.0042742877
0.00010496932
0.0004941414
1.7058059e-07
2.2415343e-09
4.3871507e-05
0.0005930705
9.1044456e-08
3.0874915e-06
0.70901984
0.9991566
0.00023961694
1.3212383e-09
2.3820355e-09
0.0002141606
9.585446e-08
1.2579426e-10
1.2455497e-07
0.000119471486
0.0010890436
4.1709118e-08
1.491773e-07
2.2904473e-05
2.397686e-07
