0.01162959
5.971046e-07
0.002806182
0.58807147
0.0027009824
0.049104065
0.0015357251
2.3576484e-05
9.237091e-05
3.767214e-05
0.70672244
0.04922006
0.09828314
6.3416684e-07
0.0039024223
0.014682034
1.3316278e-06
7.669398e-05
1.0862021e-05
0.31543383
1.4106464e-05
6.819668e-07
6.450719e-07
0.051368926
0.0004984128
0.07742421
4.4480705e-05
9.823795e-05
0.23421834
4.9283663e-05
0.010600663
4.8186706e-07
0.5466457
0.97508013
9.154086e-07
0.005476017
0.041459486
2.225828e-05
0.29541945
0.9905755
0.0024667846
0.0001624753
4.4726335e-06
3.1926382e-07
4.1805214e-07
0.03653087
0.0014715799
2.6370717e-08
3.97517e-05
5.1135936e-05
0.034435105
0.5240863
0.00015714996
1.2005489e-06
0.00044259022
1.0297602e-05
2.6246873e-08
8.830086e-07
0.003947615
0.9996491
0.70672244
0.000104794104
0.0017633699
0.2561278
0.041459486
9.97656e-05
0.010584782
0.00055984885
1.5025751e-05
0.0020863723
0.00021814927
0.00011910692
9.206133e-07
0.0039139106
3.0243575e-06
0.010982384
5.2449313e-06
0.8409597
0.000117508374
3.847282e-06
0.0004914037
5.2675387e-06
0.0009198214
1.0927808e-06
3.196132e-05
0.00023480985
0.058388613
3.8355083e-06
2.88447e-06
6.7633635e-05
0.09836966
0.0003442327
1.2719419e-06
0.9874539
0.00168666
0.0012905839
1.0
9.280845e-08
0.04416383
0.9999998
0.0007848473
0.0058524846
0.015220336
0.31071898
0.00016902915
0.014392472
0.8305282
0.22730629
0.0006068248
0.0014062397
1.4509498e-06
1.3573942e-05
0.9856735
1.7183733e-07
0.8708557
3.319883e-06
0.03232844
0.99966705
0.00011432715
0.0001624753
0.42135093
0.9965337
4.416333e-06
3.8551643e-06
5.2738153e-05
0.034241524
0.002591815
8.446723e-06
0.00039904492
1.1927624e-06
4.3252594e-06
3.8259918e-07
0.99987864
1.2508712e-06
7.454009e-05
0.9512688
0.00035257317
0.8925362
0.00012435822
0.0027009824
1.0683813e-06
0.00013558645
0.021840727
3.793091e-07
0.00086229714
2.9073402e-05
0.9939637
0.00024244263
0.060357865
0.0021479127
0.053188533
2.6370717e-08
3.958302e-06
5.9526716e-05
1.1233287e-05
0.9999947
2.9417657e-07
0.1861668
0.36248532
0.54243225
4.060941e-07
0.99315375
0.9989779
0.15418503
0.0016592788
0.27329424
0.056529213
2.5329677e-05
2.434756e-05
0.0037456038
1.2794305e-05
4.7314035e-05
1.1426986e-05
0.20367813
1.2719419e-06
0.0044317115
0.00060568395
1.436496e-06
0.0008583896
2.2111205e-06
1.5908855e-06
0.001624807
0.2561278
0.13140975
0.00010531542
0.2344002
1.2719419e-06
2.7435885e-06
0.004637028
0.9999993
0.059319515
0.8328414
1.439322e-05
6.819668e-07
3.649735e-08
3.9394916e-07
0.003947615
2.3008066e-05
0.017934687
0.548886
3.9394916e-07
0.071400926
1.885766e-05
3.94836e-06
7.4162504e-06
0.9999909
0.013961682
0.0011123228
0.022482818
7.998489e-06
0.0036796276
1.436496e-06
0.00017310683
5.5424906e-08
1.1927624e-06
0.08306243
1.6512297e-07
0.03837825
0.3372972
3.6697554e-07
6.6351376e-08
1.0
0.99999994
0.000892559
0.9999995
5.2449313e-06
0.99961954
1.5469957e-06
9.4325434e-05
0.0003371599
0.00011683621
6.2823096e-07
1.8277182e-06
0.9999998
0.0029753041
0.0003649625
3.1772092e-09
0.005662815
2.9543633e-06
0.01568098
0.0032367755
0.9856735
0.006877472
0.00013740546
5.870798e-07
2.8230798e-07
5.9526716e-05
1.4443215e-07
0.0011118132
0.00034461558
1.7048551e-05
0.00016902915
7.2100434e-08
8.960018e-07
3.868253e-05
1.0378644e-05
0.00086229714
1.7048551e-05
6.6461314e-07
3.3194164e-07
0.9987459
3.99005e-05
1.3095655e-07
8.7514996e-07
0.003967788
9.504583e-07
0.00015599397
0.9999379
0.63294494
0.008642364
0.002160369
0.15917592
8.255235e-06
0.0061158356
1.19057084e-07
0.0037985116
0.9999995
0.0066815084
0.001533374
0.03147714
0.00010531542
0.004545887
0.98216486
0.060357865
3.4908992e-06
0.0011936357
0.00065769
3.819874e-07
0.048870567
1.5202896e-05
8.960018e-07
3.2287273e-05
7.3555624e-05
0.07222632
0.0019267896
0.99313176
0.0047170147
0.0019267896
0.00062554935
7.836851e-05
