0.9999605
0.9999315
0.9998602
0.022061616
0.026034096
0.99939716
0.0025943012
0.000483339
0.9754706
0.85240895
4.0341918e-05
0.008388592
0.8067881
2.256463e-05
2.7708915e-05
0.0023510845
0.0005428093
0.0025060389
0.0014362097
0.00811991
4.0725286e-06
0.015683778
8.863759e-05
0.48480812
0.9026183
0.004003298
8.341097e-05
0.0007972012
0.002879265
0.99882865
0.032911774
0.9999495
0.12932272
0.9998131
0.0048319455
0.032303568
3.9868934e-05
0.99550325
0.0017466913
0.9999705
5.91762e-05
5.6576914e-06
0.9680278
0.73861754
0.0028904302
0.83564126
0.9421694
0.99999946
0.8213051
0.6319017
0.020092657
0.9357727
0.00490772
1.0
1.0
0.0978373
8.259953e-06
0.9940758
0.883855
9.81359e-06
0.7084415
1.8099932e-05
0.014495009
0.6978375
0.99999994
0.0009457245
3.5940227e-06
0.0053136363
0.9997294
0.0347658
0.0022835482
0.99199873
0.9339881
0.9948637
0.0003376633
3.7361344e-05
0.15127845
0.66204566
1.4858093e-05
0.058570452
0.26230413
0.46448085
5.0100418e-05
1.2516274e-05
0.76948476
0.9999999
8.686003e-05
0.014495009
0.001586811
0.9999589
0.008318303
3.0814201e-06
0.67486566
0.00050165673
0.13349836
4.906247e-05
0.058105547
0.0002794533
1.0
0.19254686
0.008322836
0.22040313
0.79012364
0.824892
0.007666433
0.0038673405
0.44204313
1.0
0.0013117078
3.4858429e-06
0.93147784
2.256463e-05
0.76417494
0.0019774898
9.755327e-06
0.008085955
1.2516274e-05
5.4739517e-06
0.0029554372
0.25025588
0.26230413
1.0254561e-05
0.41818178
0.9205843
0.21049254
0.103670485
0.08697437
0.9922587
0.21955675
0.00017752749
0.045812882
0.0023510845
4.375573e-05
0.781216
0.68191874
3.0963707e-05
0.79012364
0.037204277
0.007130531
0.99221313
0.9999724
2.4948191e-05
0.9655652
0.006717782
0.70468557
6.29159e-05
0.00025218408
0.999544
0.8067881
0.08555187
0.34030655
0.473159
0.80261797
3.347718e-05
0.07276719
0.24390249
0.55548155
0.003008016
3.0814201e-06
0.893955
0.999544
0.0001019137
0.00034778536
1.0
0.46482685
0.000111939
0.04605181
0.998974
0.00021849149
0.0017970983
0.27570683
0.00089741807
1.643572e-05
0.34954035
0.98474497
0.9538997
0.0003255342
0.0001455032
2.2295542e-05
0.00010175998
0.0008726739
0.9977664
0.9999605
0.15127845
0.9999638
0.02062789
0.02887905
0.0011595158
1.8906423e-05
0.74895006
1.0105116e-05
0.0010904466
0.003008016
1.0
0.9984802
0.9980236
0.0031759238
0.99724644
0.6874074
0.1020406
0.021859111
8.6826076e-05
0.07957435
0.98843986
0.08665984
0.017957244
2.0590014e-05
0.35626516
0.9677467
0.004373433
0.012256564
0.33191952
0.0009491701
0.0022013455
0.0007368185
0.91978174
0.00036313906
0.00039281842
0.004662845
3.550681e-05
0.0013932349
0.000936588
3.790038e-05
0.0016606443
8.686003e-05
8.2427215e-07
0.0038958825
0.10199551
0.0018786758
0.00076077174
0.0019764456
0.9999992
0.0004122688
0.9743841
1.668059e-06
0.00013497501
0.19683398
3.106356e-05
0.96000725
0.017571894
0.15756176
0.019227413
0.8328109
9.075626e-05
3.6447036e-05
0.005793154
7.411407e-06
0.95191497
1.7335923e-06
0.16483152
0.024971664
0.99761856
0.10435911
0.00029072462
0.0018240632
0.99998987
0.5348289
0.11628902
0.12300113
0.99948967
0.10383605
0.0019292047
0.0004933002
2.1313606e-05
0.00052624906
0.6319017
0.00025218408
0.9357727
0.5463644
0.11007985
0.9999982
0.2964678
0.0004078901
0.0013106812
0.3315535
0.8798106
0.074386775
0.9977666
0.0038958844
0.9476975
0.0022870535
0.21049254
1.0
0.8395879
0.000639129
8.9872985e-05
0.05278085
4.340722e-06
0.004289845
0.00039281842
0.315276
0.0014697396
0.9999724
0.002915883
1.2516274e-05
0.0047202194
0.004289845
0.115574084
0.06313803
0.090158604
