0.99346435
0.026535735
0.90378904
0.99446136
0.023396181
0.9999876
0.12612045
0.6939049
0.68464756
0.9619404
0.19895771
0.86148167
0.28502998
0.03929123
0.66627437
0.98314893
0.9882489
0.88077927
0.97525996
1.0
0.017531933
0.99965537
0.23190702
0.9970035
0.2758335
0.00066527544
0.013918802
0.9997967
0.0001626849
0.77335244
0.99278283
0.18255636
0.01245591
0.8253147
0.56969583
0.0004958813
0.99830395
0.0021219803
0.99989694
0.08528381
0.00097654347
0.00014352443
0.011285052
0.5205757
0.00075190514
0.99740684
0.008164268
0.9738131
0.99999934
0.08419314
0.08524462
0.00052882306
0.9859014
0.99982405
0.004263076
1.0
0.16750544
0.22288547
0.10755752
0.0025591126
8.838244e-05
0.99999714
0.9276401
0.99962384
0.020641785
0.9996151
0.00675602
0.88489026
0.99946725
1.0
0.0077822665
0.7480267
0.20905282
0.00015342262
0.023396181
0.011153923
0.99767447
0.0063333553
0.88489026
0.0843063
0.99970305
0.73482597
0.005501426
0.014313209
0.67999583
0.0843063
0.15801466
0.7082039
0.1090674
0.93863714
0.0035891184
0.2693038
0.998575
0.35574818
0.97302616
0.9999999
0.0029351888
0.9842865
0.00033022827
0.0025199784
0.011643695
0.04911604
0.017717076
1.0
0.15179774
0.99999994
0.9983448
0.09349736
0.008037813
0.49512476
0.25560045
0.107837506
0.5373706
0.011285046
0.953553
0.00095815625
0.06685628
0.004916736
0.008990857
0.0035281912
0.03392222
0.2689587
0.8103876
0.008164268
0.9688577
0.99997336
0.81568795
0.9999952
0.010140554
0.04911604
0.96600163
0.018271377
0.002570296
0.21550538
0.70731854
0.03444446
0.00922489
0.85970265
0.044554465
0.9966572
0.9996086
0.9998157
4.7576093e-05
0.47271118
0.36400685
0.112126224
0.99999994
0.99991983
0.0036891461
0.99997026
0.8755768
1.0
0.99187493
1.0
0.4484062
0.8970037
0.99067205
7.4922077e-06
0.054270588
0.8059449
0.23737313
0.047455784
0.9158548
0.43582937
0.9775187
0.99999756
0.2092757
0.99999946
0.004129577
0.99814963
0.9775955
0.9998916
0.029539507
0.9650202
0.982975
0.044993725
0.009956987
0.004762341
0.9938464
0.00900911
0.99747926
0.005545618
0.17979352
0.9651947
0.004659336
0.97302616
0.9883868
0.09375061
0.9997347
0.019767098
0.9999764
4.0834682e-05
0.99893975
0.051464908
0.9995957
8.605816e-05
0.9999999
0.9901417
0.66431546
0.9999996
0.580162
0.9999956
0.11677503
0.93366754
0.99297214
0.8925304
0.022298262
0.00016999345
0.9785296
0.9997347
0.99995255
0.011392387
0.13052955
0.99215144
0.000864628
0.00046581277
0.9918549
0.61517894
0.71439517
0.99078935
0.9996516
0.19774643
0.2945524
1.0
0.9991041
1.0
0.9856629
0.38203675
0.08407259
0.17823705
0.6865991
0.5864945
0.017717076
0.99999976
0.93229467
0.20614621
0.15824088
0.014313209
0.0013153509
1.0
0.0005688407
0.03422067
0.0548272
0.00776792
0.006990811
0.99999386
0.0015188538
0.9483886
1.0
0.0009075527
0.20886208
0.0005213741
0.9738131
0.00024513426
0.99999714
0.9999812
0.9785296
0.017531933
0.019095328
0.5436415
0.9998232
0.0088721765
0.95584816
0.93669176
0.7448272
0.96722823
0.9999996
0.43031347
0.8388759
0.00025320516
0.96948946
0.3397317
0.0006779737
0.9717793
0.8585826
8.605816e-05
0.0043261996
0.00017015691
0.112126224
0.0085279625
0.99941796
0.029287359
0.007690558
0.32874975
0.0008746018
0.07800673
0.99998766
0.009757128
0.0033012107
0.83491194
0.17979352
0.61753196
0.10037786
0.19125699
0.9619404
0.00090274814
0.95996034
0.0006222086
0.65331465
0.2693038
