1.0
1.0
1.0
6.6319484e-07
1.2496385e-08
5.934155e-05
4.44683e-06
8.244563e-08
9.9871784e-11
7.108864e-10
1.1770032e-05
1.2671494e-07
3.1925742e-07
6.2601244e-11
1.2759118e-07
0.9438599
8.1299517e-10
2.0228233e-08
3.0121918e-09
1.247908e-10
0.00012217715
0.067399256
0.0034102837
7.166547e-10
0.0005412945
1.0470181e-11
0.2204596
1.16167776e-07
3.774951e-09
7.655006e-07
2.3153508e-08
1.8958977e-11
0.060796652
2.8367086e-07
1.9606107e-07
0.018738765
2.7628642e-11
5.7172667e-10
7.51375e-12
2.0188859e-06
0.00020409415
1.879554e-05
1.9889993e-07
0.0032681825
4.0193324e-10
7.2732176e-09
1.1455943e-11
2.504951e-05
0.0016266567
0.003374745
0.001133311
0.9931624
2.1184422e-11
1.5713228e-11
5.8446318e-08
1.5614472e-09
1.1509838e-08
2.5176652e-08
1.3374719e-07
3.7244285e-10
1.5419134e-10
3.297333e-10
9.117636e-05
8.6683556e-08
5.478107e-08
9.839063e-10
5.840698e-08
7.166547e-10
1.18791695e-11
1.0645389e-08
1.796818e-08
6.1282623e-09
0.00026524067
5.4806254e-08
1.7154946e-06
4.1106887e-09
8.8959246e-10
1.7399624e-06
1.877954e-10
1.8958977e-11
4.2906035e-07
1.7974598e-11
0.00012409454
2.1929079e-08
9.855863e-08
4.435054e-08
0.031523086
2.8565623e-09
6.9975337e-09
3.2708896e-12
0.000264722
6.041195e-10
4.418962e-06
7.8001996e-08
1.1784162e-07
1.1021044e-07
3.3959949e-12
0.16339171
2.2960347e-09
5.182419e-07
6.1872925e-09
0.00017274673
6.9047036e-07
9.364334e-07
2.2876239e-07
2.0832612e-11
7.4825374e-10
9.395956e-09
1.8239988e-06
5.9630536e-09
2.213177e-09
2.2475724e-07
1.6265029e-09
2.214078e-05
1.0356874e-06
4.655809e-09
6.707508e-10
2.8960965e-08
2.6886048e-05
9.872222e-10
4.986013e-10
1.0989385e-06
5.204916e-07
0.0009501052
1.6820022e-05
2.9552735e-08
1.617558e-10
1.0594146e-07
2.727853e-12
3.2837139e-10
4.5312653e-08
5.7259673e-09
7.885845e-11
8.521307e-09
5.463422e-06
2.159954e-10
7.9794095e-11
3.3564446e-11
0.08782525
1.5343626e-09
1.3374719e-07
6.0538205e-05
0.0011348494
0.00019246482
0.00020291672
9.438782e-08
5.6918943e-06
4.247646e-08
1.3596097e-07
8.920213e-08
0.00040860425
6.6576356e-13
2.2451812e-05
4.710513e-07
0.062785394
4.8354614e-09
1.6618848e-10
5.22061e-08
4.247646e-08
1.2978901e-12
1.3718621e-09
5.0659688e-11
0.031523086
1.3455036e-07
1.0645389e-08
0.035739943
3.088606e-07
2.4125335e-09
6.460148e-11
6.8897172e-09
1.1050149e-06
4.2537818e-09
3.661597e-11
3.4591544e-06
3.327823e-11
5.3293978e-05
8.009826e-08
4.410474e-06
0.00055305555
3.9035854e-07
0.86136514
5.68931e-10
0.009860758
7.628898e-09
0.0004103589
1.1660653e-11
2.4034003e-07
4.2332135e-10
1.3376729e-08
1.2305186e-07
9.302582e-10
9.927094e-10
5.3348477e-09
0.47372234
5.609835e-08
1.4197981e-06
7.070241e-11
2.3214e-08
3.2696873e-05
0.00012217715
6.707508e-10
2.517425e-08
0.00026524067
6.0456673e-10
1.2818117e-10
8.315282e-08
1.079076e-05
9.2880925e-11
0.00015545006
9.106943e-07
8.807776e-10
2.4193719e-06
9.7701264e-11
7.936288e-11
9.810341e-07
1.382178e-10
1.8712035e-10
5.9861187e-09
1.877954e-10
5.3783557e-11
2.714996e-08
2.104506e-09
1.0739016e-08
1.0312778e-10
3.2279345e-07
0.00028899964
9.106943e-07
9.3716544e-08
1.7174535e-10
4.0193324e-10
0.0007700693
0.99882716
0.06734793
1.658408e-10
4.435054e-08
0.9037347
2.2960347e-09
0.00033177453
7.496476e-11
3.752711e-09
2.6027058e-07
9.927094e-10
1.8659546e-07
0.00010261759
1.6369968e-10
2.2876239e-07
6.276644e-12
2.1623147e-07
0.0006459176
5.1599927e-05
3.1062758e-08
0.99177146
1.963865e-09
2.446548e-07
0.00017212325
2.2863222e-11
5.9621236e-08
0.000264722
6.1872925e-09
1.5669696e-06
1.0354794e-11
1.9858027e-05
7.13534e-10
8.01567e-06
5.9630536e-09
9.6949455e-11
6.19872e-11
1.8841061e-07
2.1260461e-05
0.00018086316
2.0401635e-11
2.2142525e-10
5.930187e-07
1.2109576e-06
3.1337212e-08
0.0006459176
1.992779e-06
2.1990448e-07
1.8843414e-07
5.6108456e-05
2.214078e-05
1.2353175e-06
0.00019246482
0.00082269555
0.006991304
8.4573355e-12
3.3953265e-06
2.2451812e-05
3.3641132e-05
3.3409037e-08
1.4595098e-06
4.425864e-10
3.2279345e-07
2.6027058e-07
2.6947657e-09
2.2451812e-05
5.3348477e-09
2.1559039e-10
3.7227685e-09
2.8410424e-10
