0.99992806
1.1438995e-08
9.273785e-08
7.259358e-09
0.00046003613
4.416813e-05
2.0353996e-06
7.4249913e-09
3.8248767e-05
0.27487984
4.480632e-10
7.712766e-08
1.9220348e-05
0.000103906415
0.00040637376
1.0146718e-05
4.1267653e-05
0.99949175
1.4378267e-05
0.44268775
1.076118e-08
6.8302256e-07
1.7016795e-05
0.00041317882
3.178101e-06
2.8393226e-08
3.3892185e-09
7.706155e-07
3.07992e-05
2.4092637e-05
0.0045925337
6.2723535e-05
0.02149405
3.5243233e-06
3.3475042e-06
1.2326485e-06
1.18299454e-07
0.582853
2.1584725e-09
0.7007004
7.340987e-05
0.44268775
4.059477e-08
0.04692672
0.0020878112
0.00020903611
1.47885285e-05
2.3898488e-07
2.2171782e-09
7.84823e-06
1.0146718e-05
2.7003475e-07
3.980219e-06
0.018207883
1.02245394e-07
0.0014489375
1.3622149e-06
0.93617886
0.4766291
1.6973951e-06
5.4678145e-07
2.1125813e-07
2.8806628e-06
0.0017883009
1.1821661e-06
1.3094606e-07
0.011798595
0.0002419231
1.02455054e-07
7.259358e-09
2.7046383e-08
1.6365088e-07
1.9507699e-08
4.7252528e-05
0.00014439349
0.08005863
0.9999938
0.9340166
1.3255837e-07
3.305332e-06
0.23005861
4.7559593e-07
0.0020392798
0.99998075
4.492846e-06
9.990707e-05
3.9098537e-05
4.8983555e-05
1.1142639e-06
3.375296e-07
0.0010748913
0.999996
0.0014370319
4.105165e-09
3.178101e-06
1.6953464e-08
0.056071404
4.735683e-05
8.706076e-06
1.13132806e-07
0.117767364
0.98286134
9.4372765e-05
4.668082e-08
3.8465532e-05
3.491145e-07
0.00031990703
0.9115955
0.18145071
3.8926665e-08
0.17211433
8.298484e-09
3.634447e-05
2.1186088e-06
0.0016976149
3.16407e-07
5.869673e-07
0.0016730783
0.00038868922
8.803175e-10
5.821246e-07
2.8897013e-08
0.0001975392
1.669743e-09
8.893753e-10
2.4443916e-06
0.01306619
5.624415e-05
5.312825e-07
2.466464e-09
0.0043456694
2.8806628e-06
0.0013328139
9.865319e-09
0.00021271245
2.3699426e-06
1.1387007e-05
4.757728e-08
0.99998677
0.6976367
1.060909e-05
2.8777197e-07
0.041837886
2.0147219e-08
0.99815243
2.3741188e-05
3.6965102e-06
0.00012283812
2.8393226e-08
0.01306619
0.0018741748
1.0080466e-08
0.00013208958
1.18299454e-07
1.13132806e-07
5.3928062e-08
8.254536e-09
6.316478e-05
5.198996e-06
4.7788467e-06
0.0005907161
7.6040305e-05
2.611012e-06
0.000115807976
7.1970266e-05
0.55462146
4.609106e-08
1.7799137e-07
2.5201525e-09
8.325054e-09
9.4372765e-05
1.7651497e-07
3.3990215e-08
0.00028745638
0.02162096
2.2590122e-05
0.00031296146
0.30910608
2.1546725e-06
4.256538e-06
0.0010743149
3.3892185e-09
0.04692672
3.3475042e-06
0.9441773
0.00011674533
0.0015409332
1.7553555e-08
4.987337e-05
7.223034e-06
0.00036687346
6.265813e-07
2.5070137e-06
0.00017872965
0.86967677
5.7495733e-09
9.865319e-09
9.702654e-06
7.821876e-06
0.9643331
5.328655e-06
5.255398e-07
7.205906e-05
3.6074454e-07
1.6411053e-06
1.5613825e-08
0.99713594
3.3803047e-08
8.3570315e-09
0.00017872965
0.999516
0.0002400386
0.9995306
0.99998677
2.665177e-06
3.307011e-08
4.83073e-05
0.0034488298
1.2587352e-05
3.7474486e-08
1.47885285e-05
0.0001058565
9.46727e-08
0.19122393
0.0009160867
0.0061323238
0.00012593724
0.00012128822
3.3990215e-08
6.4144308e-09
1.0413436e-08
0.06378165
0.0001667483
0.00040637376
2.2831546e-05
0.00015516143
3.0959036e-06
9.46727e-08
2.361807e-05
1.1170504e-06
0.002343072
0.8850717
0.0028882872
2.2524443e-06
0.41329744
0.0007054432
8.380682e-05
4.432974e-07
7.670011e-06
0.0034488298
3.8452992e-05
2.9611526e-06
0.17211433
0.019526709
0.9747952
0.15171131
0.00031082646
0.0054006265
0.00065345736
0.0011954883
9.268175e-06
0.008922821
3.86967e-06
3.1414106e-06
0.75205827
0.00088707265
0.9979468
3.980219e-06
1.3080371e-05
0.68339777
1.262385e-05
0.0033488872
8.4313865e-07
6.318981e-07
8.571805e-06
0.15171131
0.00026046566
0.0032302593
9.139293e-05
1.1641309e-07
0.0024604404
0.0019390354
4.7056105e-06
9.373168e-06
0.99926823
0.15171131
9.1319414e-08
3.72328e-09
0.011350017
7.6657756e-08
9.261522e-05
4.0254744e-08
2.4525689e-06
1.5967906e-06
5.7495733e-09
2.193921e-07
1.3314195e-06
2.931208e-07
6.788263e-08
4.2764725e-08
