1.0
1.0
0.9999855
1.0
1.0
0.99886835
1.0
1.0
1.0
0.00336536
5.7212383e-06
0.00011868687
0.00022673314
0.001007557
0.21542767
0.02882399
0.6481335
0.557443
3.2272143e-07
1.3913047e-08
0.00020505342
4.6221453e-06
0.0001264536
1.9478402e-05
2.880776e-07
8.10837e-07
3.20436e-05
9.199884e-07
2.4007024e-06
0.07116839
8.70056e-05
1.5368184e-07
0.9998339
2.2686454e-05
0.000102453516
4.48695e-06
3.39481e-05
3.6013273e-06
0.00017794846
2.3208233e-09
0.10631799
2.8879967e-05
0.00018122101
0.45438242
4.0707153e-05
0.00019232028
6.856689e-05
3.1399443e-07
0.015849661
0.0030830372
2.4517195e-07
0.0026571506
0.46830422
5.9652857e-06
0.0014296814
0.9972517
0.5750695
0.0003973936
0.061548024
0.0026571506
0.003909591
0.0039229314
5.3954922e-05
7.32364e-07
0.00016671269
0.00013331116
0.00012892818
8.044428e-08
0.0008576497
6.644275e-05
0.0013446087
0.715096
1.4749688e-06
0.36753675
1.0232616e-07
8.138317e-05
0.0006300207
0.46830422
0.062115896
4.5474044e-05
0.002587444
0.0012971517
0.013335898
1.391767e-07
3.1095353e-06
0.78582245
0.000108324384
0.0002666052
1.0
3.7806421e-06
0.041238528
0.00010602318
9.474839e-08
0.18276732
0.013409934
4.4023454e-07
6.110883e-05
0.012063641
0.3318302
0.008523843
5.6121107e-06
0.26680285
1.6258906e-05
0.0002482661
2.9919406e-06
0.0003746038
0.007632824
0.0011481325
3.3180427e-07
5.1479134e-07
2.6643586e-06
0.17834723
6.3926194e-07
4.4980548e-06
4.651741e-05
1.6068714e-07
0.83095753
5.5248736e-05
0.99930066
0.001543617
5.6380745e-06
0.000978957
2.2419003e-06
5.816028e-05
0.0006205373
0.891455
0.99998915
7.5407894e-05
0.004562253
1.8528126e-06
0.999981
9.342489e-07
2.1644573e-05
0.00017725938
1.7221815e-05
0.0044747526
1.4500424e-06
1.2844913e-06
9.558975e-06
7.600196e-05
5.743402e-05
0.9990678
0.9998555
1.0226086e-06
1.1436397e-06
5.2121663e-06
0.9859929
5.444973e-05
1.4520406e-06
0.0061215363
0.98069024
0.0006607232
2.6981718e-08
6.880737e-06
0.0022068815
1.7775381e-05
2.0006796e-08
0.010767249
2.7380024e-08
5.976236e-10
8.696624e-08
1.0550571e-05
0.00023392496
3.010224e-07
0.93383825
0.016522931
7.287671e-05
0.19694695
0.0025659646
0.13804525
0.00026945246
2.2419003e-06
0.99876964
3.1153115e-06
0.00010635024
0.001408175
0.00013015911
0.00016565798
0.0009960771
5.594155e-05
0.99993265
0.022893386
3.6201732e-06
5.0522743e-07
0.22661333
0.07659708
9.904406e-05
2.3173816e-05
6.2978805e-05
0.0010561807
1.1151595e-07
0.7025743
0.06546146
1.4500424e-06
1.7775381e-05
2.5638785e-05
0.9999997
0.30762258
0.00012963664
3.024272e-07
0.21811521
0.00072723255
0.003909591
0.031850487
6.9173264e-05
1.9444347e-05
0.0022068815
2.6643586e-06
1.0582196e-06
2.6659896e-08
9.915274e-06
0.0005009362
2.2176452e-07
1.02800195e-05
5.80657e-06
2.5497984e-06
0.02085181
0.0071282694
0.5124266
8.508647e-05
4.2476228e-07
1.1105149e-05
2.0013831e-05
4.305394e-06
0.00018889307
0.6379951
0.0066614114
0.99749154
0.0017459033
0.00015935863
0.022562366
2.8828804e-06
8.08981e-05
0.99454594
0.0039536534
0.03941723
0.004502195
5.743402e-05
0.0007840359
9.342489e-07
5.0401848e-08
0.00024119945
0.001543617
4.3482603e-05
9.376287e-06
2.6207255e-05
0.002597741
1.2668569e-05
0.002597741
5.0401848e-08
8.696624e-08
2.341971e-05
0.10919125
6.789691e-05
5.3132715e-07
0.00017725938
7.9468414e-08
0.0010884901
1.9444347e-05
4.7119957e-07
9.334329e-06
0.872107
0.02712199
0.04269161
0.03017298
0.08186917
6.0956756e-07
0.040869165
5.338586e-07
2.7771603e-06
9.334329e-06
0.004080139
1.4651729e-05
0.0026904908
0.016522931
0.0014370565
2.3357178e-09
0.0066692564
0.74631584
0.008473293
2.0006796e-08
0.0016330284
2.8879967e-05
0.9996551
1.3371342e-06
0.0012236283
0.0111674415
4.80908e-06
2.1069927e-06
1.0304243e-05
0.00010793443
0.0014529183
8.734535e-05
7.4398395e-06
0.99928796
1.7456732e-06
0.24994086
1.3427604e-07
2.8631492e-05
0.99940586
