1.0
1.0
2.106621e-06
0.948475
1.1331414e-05
5.0049316e-08
0.0004947753
0.04921244
7.563543e-07
2.9086408e-05
2.2334609e-08
3.8517948e-07
0.1120004
0.90400666
2.8118426e-05
0.00062611216
0.089198224
0.00040332542
8.609028e-07
0.00067290897
0.00037679932
8.988698e-06
9.274551e-07
0.99997306
0.000104742154
5.8180385e-06
4.631385e-06
6.6168376e-08
9.224706e-08
0.9685422
0.085485086
4.0743396e-07
0.8079912
0.0020191658
0.007329912
7.933635e-08
1.3696345e-07
4.1837933e-09
0.0032114873
4.1530785e-07
0.00024909427
0.00010654127
5.3278063e-06
1.4327101e-07
7.439804e-06
1.3376314e-07
1.8815808e-08
0.14564468
3.4630923e-06
1.3027096e-07
0.9085496
0.00043868346
0.076512836
1.3861225e-05
0.00038718444
3.400385e-06
4.1593435e-06
0.124144986
0.99999994
2.2271184e-08
1.3696358e-07
0.948475
0.00062747626
0.00040332542
0.6525327
4.0296677e-06
0.05940261
0.0029275112
7.569781e-05
0.50582224
1.0276894e-06
1.2690806e-05
0.08721463
0.99671614
1.7345004e-05
1.2497284e-07
4.1837853e-09
0.037772685
2.3104241e-05
2.8147429e-06
3.1656874e-08
0.0010112228
1.070713e-08
5.5295627e-06
1.7492079e-06
3.3385553e-05
0.0007600138
0.08477443
0.004491699
1.2497296e-07
0.0006692439
1.3121274e-06
9.3487637e-07
2.545265e-06
3.5909296e-09
0.064723216
0.00062747626
3.1525299e-06
3.7609465e-05
8.277265e-05
0.00014225568
6.821374e-05
8.694104e-06
5.898848e-07
0.0017180346
0.121082224
0.834046
1.2622581e-08
0.00013887337
2.0055068e-06
9.355432e-06
3.203095e-08
0.99973637
0.00029521427
0.005955192
7.953391e-07
4.3970587e-07
0.0030188852
0.13126273
0.0001868228
0.890276
0.00010636911
0.0024200643
1.581113e-06
1.2628221e-05
0.0006256009
0.2789899
8.626067e-08
0.0001629872
0.00010544968
0.0011260369
0.9786131
0.008862278
0.9998948
1.853387e-06
0.0030247937
7.5324235e-05
4.1127564e-06
3.1206393e-09
0.8492755
0.011104055
6.520668e-08
1.581113e-06
5.566069e-06
0.2892815
9.779557e-05
2.3104241e-05
1.7120542e-06
0.0031620357
0.012501391
2.2547215e-07
0.9473762
0.00018521337
3.764772e-07
0.022109123
0.002327012
1.5063313e-05
1.6297029e-06
0.00011217707
1.653043e-05
0.000107327665
0.0016287109
0.9999618
2.5331368e-05
2.5886527e-07
0.000122003454
1.06040425e-05
1.5427038e-07
0.0007600138
0.0039298767
0.95824724
0.02889553
0.00023629775
1.5063313e-05
7.6889635e-05
3.108742e-07
0.4623841
0.008354949
0.03716589
9.820582e-05
0.0051042233
7.386953e-07
0.00037679932
8.7218217e-07
0.788263
0.013785714
2.9048095e-08
0.033626348
3.1650768e-06
0.0018020407
0.004590679
8.304441e-08
2.100701e-06
9.3290896e-07
6.6417226e-05
2.5220079e-05
0.0029670915
1.4796237e-06
0.014932574
1.504577e-08
7.811984e-06
1.0628736e-05
4.1530785e-07
0.9999787
0.00012589271
0.022500662
1.8699252e-07
0.99997306
0.96782595
0.10911491
0.9997823
0.5413992
1.48379295e-05
5.0326387e-05
0.119534425
0.00039469037
2.3307182e-06
0.999882
2.6032742e-05
8.274089e-06
5.5295627e-06
0.00031507295
0.023006156
5.3660037e-06
6.3001567e-06
9.811475e-06
3.087671e-06
1.0005473e-06
0.0016287109
3.6463922e-07
0.0007388153
0.0033324456
1.7158318e-07
0.050931532
1.7942414e-06
2.6116444e-07
8.622794e-06
0.99999666
6.10009e-08
3.0087145e-07
0.00223139
0.0011795437
3.7958304e-07
3.764772e-07
0.08477443
0.8411878
3.8064165e-09
1.7896326e-07
3.0062527e-06
0.1120004
2.1521487e-06
0.9999989
2.6116444e-07
8.6687855e-08
2.422957e-05
2.5938274e-07
0.69982785
4.9693558e-08
7.5324235e-05
2.7650826e-08
5.9657864e-08
2.8260022e-06
0.0003650749
0.00022465829
8.6229025e-05
1.2265449e-05
3.5963576e-06
0.010542239
3.8207594e-07
4.8265992e-08
9.644728e-06
0.017002627
0.0011260369
3.037296e-07
0.0284262
1.23441405e-05
9.274551e-07
9.096683e-06
0.002350361
1.7772622e-06
0.99993485
0.952342
1.109121e-06
7.2784214e-06
5.6003626e-07
0.99999774
2.3272545e-05
0.00025113337
0.00013085661
0.0011255409
9.259102e-06
7.1239624e-06
9.659855e-05
0.000114375136
0.00012255054
0.00039993494
5.2337746e-05
1.3772197e-06
0.008754603
0.99830997
