0.9778229
0.017556211
0.99998397
0.38060203
0.8297407
0.9841876
0.92896307
0.028269164
0.999983
0.9999992
0.0041744327
0.98594344
1.0920581e-05
2.4521455e-06
6.650316e-08
0.015034421
2.0028871e-07
1.5316463e-06
4.8360034e-06
0.98381346
1.694773e-06
0.003923159
0.07024662
0.9997968
0.00038347105
3.179726e-06
1.2110249e-08
0.0005139883
0.0010268218
0.49895585
0.0013135956
3.7389736e-08
0.018104298
3.1948337e-05
0.0081887385
1.0113996e-06
0.0018826294
0.047125302
2.9569159e-05
0.00040213892
0.40101424
1.926314e-05
5.3019558e-06
0.003746757
1.2723938e-05
0.047165543
0.00057500915
2.4521455e-06
4.4308692e-07
1.575067e-08
0.00077296316
1.0995009e-07
0.99995625
4.010857e-05
8.536408e-05
0.999984
1.1135915e-06
2.9732867e-06
3.0787717e-07
0.0002470922
0.0001935687
0.00022482673
6.182741e-07
8.8289073e-07
1.3131163e-06
0.9992815
8.940956e-09
0.99988705
0.007391061
0.0011331777
3.969264e-06
2.7659587e-06
1.0618746e-05
7.822929e-06
1.8308465e-05
6.6320767e-06
4.847889e-07
1.3131163e-06
1.8971408e-05
4.433667e-08
0.00012416365
2.0445666e-06
0.042794585
9.484548e-08
4.8531245e-05
5.6484143e-05
1.7452134e-08
8.227578e-09
0.1806459
9.2839934e-07
1.0694031e-07
0.00037269204
5.7347904e-08
0.0005792166
9.3437455e-07
2.6788843e-05
3.2232464e-07
0.8019568
0.013672864
2.3939097e-05
2.2520868e-07
1.8455754e-05
2.1459884e-05
0.00026934457
0.0038194438
2.80875e-05
3.441245e-06
0.44216028
2.6654243e-05
3.5245453e-06
4.981104e-08
0.04217827
9.9749705e-08
0.67272115
0.99999833
0.9999099
0.22750942
1.4075363e-07
0.004443357
6.9188495e-08
9.844553e-08
0.0037283977
3.5066245e-07
1.8350049e-07
0.006765626
2.1488222e-06
9.436516e-06
0.14131173
2.1518654e-06
0.16596696
1.3252858e-05
4.2223633e-08
0.00011898999
0.85950434
2.894537e-05
0.048445575
0.0005120375
5.6484143e-05
0.37698257
6.0058526e-05
0.0001899185
0.037446663
0.99949884
2.4273882e-05
0.27893028
0.9999986
0.99995184
0.8238544
4.0375344e-06
0.0021991187
0.0007307839
0.98754627
0.86469245
0.013481524
0.00050581247
1.2110249e-08
0.016055023
0.00042613372
0.008890788
4.9800537e-06
1.4813936e-05
0.0015166908
6.454654e-06
5.8204838e-05
2.1373512e-07
0.00561969
7.760726e-06
0.009094208
0.00037216
0.005218551
0.5971613
0.9433537
0.0030203564
8.778465e-07
0.9999196
0.999792
5.7780937e-05
0.98372
0.9997968
1.5332522e-07
0.49953932
2.4188384e-07
0.13679679
2.378057e-05
0.006301838
0.95889163
0.01913626
1.67391e-05
2.0418483e-06
1.8369641e-05
0.00011908205
0.5549259
0.013043661
6.7913847e-06
0.6828877
0.00011912327
0.0012036671
0.06893004
5.0635246e-11
0.060613424
0.000119215314
0.00022280074
0.99785435
5.749834e-06
9.947378e-05
2.4594665e-06
2.9325798e-05
3.0868975e-08
0.99999994
7.4674135e-05
0.20241483
9.369333e-06
0.00047420722
0.0012235951
0.351085
0.010143273
3.0277752e-07
0.109685145
0.035982613
1.4195463e-06
0.0021526397
0.09744591
8.449844e-07
7.690533e-10
0.011579992
0.14984348
8.985307e-08
1.7468919e-08
0.0003170898
2.8445746e-05
2.5186093e-05
3.1396862e-08
6.62967e-09
3.0120216e-07
1.6060557e-08
0.99999905
3.5120664e-07
2.6953973e-07
4.8551947e-06
0.001314175
0.00086231186
0.0013500648
0.00042739976
2.1518654e-06
0.0001358787
0.0006379757
6.680078e-06
0.14928235
1.1285945e-05
0.00038567808
0.9999968
7.5187745e-05
1.7775279e-05
0.45848137
5.8270057e-06
5.3019558e-06
0.00237341
0.011852339
4.6130517e-05
1.129191e-05
0.0013500648
3.909619e-05
0.0011036068
6.3596226e-06
4.6130517e-05
0.00045406265
0.00076279277
0.9978926
0.0010132621
1.5978006e-07
1.0245623e-07
0.9999968
0.9999981
0.013043661
8.173243e-07
9.421759e-06
8.348128e-07
0.014513193
8.792489e-05
0.18929791
5.6602985e-05
2.492586e-06
0.00012226329
0.9978926
0.00020791104
9.977584e-06
1.0509582e-06
0.760692
0.013007554
4.3901262e-05
0.95553124
0.0021991187
5.0635246e-11
6.83334e-08
5.354494e-08
3.5245453e-06
3.3952376e-05
5.7317948e-06
0.5971613
6.109327e-05
