0.93973404
0.0089935
0.9999956
0.0015078484
0.5069851
0.07836959
0.040290106
5.8018536e-06
7.30751e-07
1.0215411e-05
0.025004296
0.0018270479
0.0023116441
0.00019660736
0.99410856
0.68053496
0.00013548524
6.924012e-05
1.9319325e-05
4.2170786e-06
0.9996729
5.244136e-06
0.0064815627
0.00012881635
5.1025458e-05
0.00029351635
1.178579e-05
0.0066595813
4.838767e-07
0.28597203
9.499115e-06
0.011866118
3.0710652e-07
0.9997137
0.001395685
0.006113587
1.0784361e-05
0.0037035898
0.010950691
5.711714e-06
0.053299006
0.00027137678
2.5386531e-05
4.143677e-06
3.261497e-05
9.71419e-05
1.6536722e-05
6.924012e-05
0.9898019
0.000695835
0.0016808152
0.91544485
0.0004244763
3.6125562e-05
2.8107808e-08
0.0018506654
0.88672066
1.1783711e-05
0.0007335935
1.2528538e-07
0.0007785073
0.0037425586
2.3331257e-05
0.23668383
0.00026376842
0.00014890805
5.9618687e-05
0.0010074399
0.6673084
1.7717015e-06
4.5022865e-05
0.0012930126
0.00039279147
0.0027379703
0.0052838046
0.13154685
0.016349312
0.011687986
0.6363504
2.1118349e-06
2.4745094e-07
0.0005166752
0.0010517265
0.046932027
0.9385574
0.00018271628
2.6392135e-07
7.9325594e-07
1.1662205e-06
5.929208e-06
0.0021782387
0.0049076034
1.0
5.2836606e-07
0.00015770913
9.2759933e-07
0.0047160406
0.99999595
1.1931617e-06
4.5345645e-05
0.0090681305
0.022660185
0.9746879
0.04495561
5.050375e-06
2.3294351e-05
0.0013240625
8.802175e-06
2.7543596e-05
1.8518058e-05
3.3729568e-05
0.0001420789
0.03746999
2.5126567e-08
0.99994665
0.95935816
0.039830677
0.14098297
0.22929473
2.7663227e-06
0.9819833
0.0007598625
0.0015219419
0.9957693
0.004481714
9.528038e-06
0.9755259
1.5119211e-05
9.2739305e-05
6.799569e-07
0.0066595813
4.8216816e-07
0.002455817
0.969332
9.528038e-06
4.011689e-06
0.0012936064
0.0043906
6.59332e-05
1.5014178e-05
1.6284056e-06
0.0047160406
0.00034339
0.000106995554
1.3874073e-06
5.177769e-06
8.414869e-05
0.00094857434
1.1716942e-06
0.97558624
0.0041139503
0.000316123
0.0001374765
0.0010517265
0.9980812
0.19202432
0.0006659675
0.7488581
0.0010697641
0.063541785
0.0049004923
0.000443914
3.6577498e-07
0.118571356
0.0001374765
0.05518938
0.002317525
0.011010159
0.0008358657
0.15971905
0.0035096584
3.1387574e-06
0.012186278
3.0560517e-05
4.456984e-07
5.0873383e-05
0.000100523066
0.0032467628
1.4392342e-07
1.0
2.1834637e-07
0.8528417
1.552541e-06
2.1118349e-06
3.6344013e-06
6.134389e-05
1.6296251e-07
0.9643623
5.053227e-06
3.592169e-06
1.4202601e-05
0.0010763735
9.812055e-06
0.0005469064
0.00016176529
1.112043e-06
1.1972822e-06
5.177769e-06
0.9999996
2.1382156e-07
4.793494e-07
0.08571731
0.00010713317
0.002497551
0.00427753
0.09532512
0.9968019
0.0932121
1.0591965e-05
3.7555958e-05
1.2655653e-06
1.9611075e-08
2.3331257e-05
1.6851128e-06
6.2861486e-06
0.024089668
0.003609952
7.118457e-05
1.1249733e-05
0.99999803
4.2184943e-06
0.031696223
1.7505142e-08
0.1888689
0.18046385
0.0022515107
1.0340745e-05
8.144196e-06
0.04132657
0.3181494
0.98462856
5.177769e-06
0.16720334
0.5859713
0.00012994542
3.0674116e-08
4.8889382e-05
5.1390253e-07
1.209465e-07
0.00435418
2.7663227e-06
0.0018030428
0.00078895915
0.004549708
0.0006811678
0.00065262895
1.8052879e-06
0.019073885
0.00018898422
1.7477756e-05
0.0061302986
0.00055048254
0.00039215843
0.6363504
0.0011169683
0.00030076085
0.9988597
3.1439401e-06
3.879403e-07
0.00039279147
1.6284056e-06
0.00019006143
0.7372875
0.0009119961
0.99878556
0.00062892877
9.034602e-05
0.9993468
3.375751e-06
7.730365e-08
0.00014193942
5.403458e-07
0.34686646
3.096288e-05
0.0018872774
3.861644e-06
0.28597203
0.0015852224
4.456984e-07
0.014270271
0.00070445496
0.3181494
0.00023033381
0.7747182
0.0001420017
1.9836167e-05
2.1351992e-08
0.00014601217
0.004527716
0.022660185
0.0005353206
2.3818518e-05
0.0071067773
0.00059461023
1.1662205e-06
0.00011697689
4.5748348e-07
0.0055084145
5.041977e-05
7.7749195e-05
