0.99987745
3.572943e-05
3.5726777e-07
0.38960904
0.0051688394
9.519887e-07
1.3928866e-06
7.8323716e-08
0.9260236
0.99548084
0.008705654
8.169902e-05
0.00013383961
5.272273e-06
3.1490257e-05
0.99975616
1.3919842e-05
0.005096452
0.8408886
0.38377005
2.5931547e-07
1.2098841e-06
0.9073804
7.123747e-08
4.2318684e-06
1.4600775e-07
0.017657379
0.9794017
0.00031378455
1.27650885e-08
1.161007e-06
0.99999994
0.0008971885
2.9361937e-07
0.008143822
0.9339169
0.005594966
0.6494692
0.18021826
0.0032177258
3.06802e-08
0.99999833
0.0012530294
0.011674498
9.373633e-06
0.00019337352
2.5879595e-05
0.0033295155
0.004992933
0.00032929613
0.8960747
0.049974144
0.008167691
4.2270265e-05
1.3285239e-05
0.002142295
1.0470133e-05
1.4244289e-08
0.006485498
0.9761401
0.00019357017
0.00015222275
0.6232393
0.1887379
0.0013326375
0.10893727
0.07518648
2.834988e-08
0.0001982167
4.965396e-07
0.10893727
0.005416507
4.4343356e-05
3.6087895e-05
2.9361937e-07
1.3275461e-06
5.660217e-06
0.99100614
0.00024408523
0.0010986673
0.4977602
0.07815231
1.161007e-06
2.5879595e-05
0.9724383
0.013371218
0.00072196824
1.7678816e-05
6.508767e-05
0.001043997
0.074062005
0.006759617
0.0013209827
8.106684e-05
0.00019478044
0.99311256
0.10471616
0.000263401
0.00037998596
0.035024147
4.9625865e-05
0.0009945438
0.03390671
1.03896355e-05
0.093343444
4.1418377e-07
0.9339169
1.6176193e-05
2.123497e-05
5.533312e-07
4.3913196e-06
0.2547532
0.00024389724
2.5931521e-07
1.3413681e-06
0.6494692
2.9494135e-05
0.036862835
0.04903699
0.000118789554
0.0014329172
0.07822004
1.4480262e-06
1.3928866e-06
2.5952576e-07
0.021961626
0.0011969757
0.08624863
5.2518935e-05
0.0004570845
0.81411344
1.8405572e-05
1.4036281e-05
1.1807615e-05
0.0011969757
0.99999493
0.14448038
0.9931841
2.1141805e-06
0.0036775584
0.9172317
0.0014206182
3.6087895e-05
0.044693656
0.41520205
0.0021440072
4.7024025e-07
2.4951356e-05
0.9126021
0.0032054454
5.5786364e-05
0.0018849972
1.7678816e-05
0.008237727
0.0010862155
1.6659616e-05
0.9981034
0.89629185
0.00015902893
0.99999624
2.1095495e-05
0.07343528
3.934078e-07
7.949508e-07
0.99854565
0.0043507353
0.99967414
6.193994e-05
0.006485498
8.2713195e-06
1.8087655e-06
1.9416294e-07
4.4343356e-05
0.23120382
9.1931885e-05
0.5889123
0.0056439796
0.009669102
2.4997705e-06
0.22597335
0.005096452
3.1703534e-05
0.9704288
0.0009305395
1.882753e-06
1.0241563e-05
0.042239323
0.9999999
0.00020586367
0.00015222275
0.0056439796
0.0075860387
0.033848934
0.00034045288
0.0007995425
0.00045310127
0.951236
9.084068e-05
0.99921304
1.24892185e-05
0.9911173
0.9997789
0.000118789554
0.0025451535
3.8525516e-07
0.023030879
9.507533e-05
1.3285239e-05
0.72051585
3.495742e-05
2.280243e-06
0.9468008
2.239097e-06
0.0009875331
9.746991e-05
9.06478e-06
0.99999976
6.989752e-07
0.021961626
4.3913196e-06
7.996719e-06
4.1418377e-07
0.6353979
0.23120382
0.028562179
0.013558973
0.00023957514
0.9724383
0.000263401
0.9454189
9.180294e-06
0.1328554
1.0
0.5603917
0.99967223
0.9999935
2.797298e-06
0.76106524
0.0017239756
0.9928888
0.0012355149
0.0016448582
0.00070635375
0.04009971
9.180294e-06
0.0010304742
0.028562179
0.001237229
3.6812492e-06
4.2527645e-06
0.88034344
0.012355107
0.00023484747
1.4954246e-05
7.691023e-07
0.00025483847
5.415731e-07
0.9980923
0.45672733
1.0453502e-05
3.8471175e-08
0.00021632448
7.0343026e-07
6.687579e-07
0.89607465
0.0008971881
0.97534454
0.0010709374
0.3954693
2.1095495e-05
2.3338645e-05
0.9911173
1.3261417e-05
0.027343787
0.89629185
1.8505964e-06
8.5237707e-07
0.98139125
0.023931965
2.0970854e-05
6.766474e-05
0.001937695
0.12838821
0.05205161
3.1205986e-05
0.9339169
1.3167664e-07
2.132885e-06
0.0003541837
2.1231222e-05
0.0050646337
1.6713104e-06
2.158134e-05
0.14026935
0.009479985
7.691023e-07
1.2672097e-05
0.15811427
0.89682853
0.005756228
