0.99994206
0.0070867655
4.732856e-05
6.558811e-07
3.0983824e-08
0.00012447638
4.2636773e-05
1.5778513e-05
1.6261325e-05
4.0999814e-05
0.00035708875
0.0001620407
3.0384532e-05
0.0002046979
1.585632e-05
0.06938968
0.5540984
0.55336756
1.9382103e-05
6.808844e-05
0.0005212277
1.1207007e-06
0.02121249
1.8660501e-06
0.014890582
1.86352e-07
0.0003298941
0.0038301323
0.39652318
0.043824542
3.5919456e-07
0.00078620476
0.0033299348
2.0728164e-08
1.8647103e-08
0.0068270094
0.9995894
5.1873735e-07
3.019228e-05
5.0637823e-06
0.000297988
2.1980084e-08
0.0038657868
3.7382503e-07
0.00020438411
6.890031e-05
4.3501e-09
0.0007171838
0.009486645
4.6723053e-06
0.0005632484
0.9999405
0.0006622968
6.9653254e-08
3.1537546e-08
1.1477323e-05
0.042780075
4.297981e-06
0.000104633735
4.3021064e-06
3.1776537e-05
0.00011828701
0.21726368
2.21223e-06
0.00155488
9.359948e-06
2.3568999e-05
0.007912538
0.0011403598
6.001326e-07
0.25280568
4.6723053e-06
1.1504697e-05
3.4000985e-07
2.2062823e-06
4.297977e-06
0.100167684
0.0015320509
0.95873314
1.8141192e-06
2.3830462e-07
0.08299039
0.37717664
0.00024191456
6.536419e-07
0.0001626866
1.9935767e-05
0.063452005
1.1408936e-06
1.0988882e-06
2.721729e-06
0.0013515417
0.0020661063
2.5354074e-09
1.8292652e-05
1.7432074e-08
0.0056037195
0.00047345067
1.1833866e-06
6.743972e-08
0.02011382
3.93266e-07
1.2003767e-07
1.4939664e-05
5.18137e-06
1.3612274e-05
0.783413
0.0014849585
9.66976e-06
3.181177e-07
0.40533733
5.92191e-09
0.9999204
0.021994866
1.9284147e-07
1.1357855e-05
3.126261e-05
0.088418245
5.152544e-06
0.0009886492
0.0029262435
5.7716056e-07
6.6598336e-09
0.21763182
0.00020942332
5.535314e-06
9.98167e-08
0.0030983002
2.0592593e-07
0.8763428
1.3439211e-05
2.3821585e-06
0.002816873
2.5059499e-05
0.9986943
0.00010208294
0.0004297165
0.015989697
0.009317352
0.0003644641
0.9313937
0.72005343
0.0038310348
0.9883339
5.8396454e-06
1.22612855e-05
9.27364e-09
3.6456063e-07
0.0002534027
0.92142236
1.3654336e-07
5.121265e-07
0.9986943
3.4183023e-07
5.3155212e-08
1.3485201e-06
1.2651871e-07
1.701025e-06
7.472475e-08
0.00023663323
5.4870393e-06
0.00012365253
3.2171044e-07
0.0032644828
5.1276675e-08
0.00024226934
0.25280568
0.003523457
1.3707611e-06
1.348758e-06
1.3439211e-05
0.0005797891
0.0011003788
6.1740484e-06
2.3721681e-05
3.9436415e-07
0.09070506
0.9999983
2.624658e-07
4.34869e-06
7.340391e-06
8.519669e-08
0.000297988
2.2694198e-06
1.9122255e-07
2.8005703e-08
0.7791716
0.00015170127
2.25033e-05
0.00010645942
0.00026407337
0.100167684
0.0034754567
3.2166054e-09
1.9820968e-06
5.2185293e-08
0.0005149232
1.0
1.8656248e-05
0.99995804
0.0001915509
5.4870393e-06
3.1620386e-06
1.5042247e-07
0.00013471476
5.0929092e-08
2.6401374e-06
0.0005272841
4.656575e-08
1.7750107e-08
0.00015991741
0.0022241983
0.97637457
0.00019613701
0.0007231378
3.0627402e-06
0.14338869
1.2070912e-07
6.5627904e-07
9.27364e-09
2.4059968e-06
1.6253398e-06
0.00023715566
0.011407547
3.6177622e-05
6.9042034e-07
1.5876185e-05
5.5950527e-06
0.99065536
0.16907695
0.032158002
0.99999994
0.34950647
0.00603553
0.13938777
0.088418245
9.023133e-05
1.2262175e-05
0.00010454478
0.9203612
0.00023715566
4.941332e-08
6.997362e-06
3.8296637e-08
0.44291738
7.193792e-07
0.0011458128
2.0767695e-05
5.3565984e-08
1.5042247e-07
4.399044e-06
0.00058808195
0.00034496567
1.2243338e-05
0.0018520427
2.0592593e-07
0.0012011492
5.4870393e-06
0.0007053703
1.0015611e-06
0.007743664
4.1342746e-06
0.0010645239
0.00014820784
4.8089106e-07
0.0014759536
4.169846e-08
3.2410521e-06
2.721729e-06
1.8814392e-06
4.808067e-07
7.684543e-08
0.92197764
8.146744e-06
0.0042201686
0.9995894
1.8141192e-06
0.9863053
3.85984e-06
0.1682676
0.00076663203
0.0014088033
0.0014381545
2.152314e-09
1.2495795e-05
1.1401664e-07
0.0008346507
0.20715852
6.2012514e-05
0.0023337267
0.9999735
2.446935e-08
0.0056037195
0.99999875
3.029718e-05
0.00461833
1.1645689e-06
0.40676332
0.0006072133
0.0029797321
