0.9999998
0.999999
0.9998703
0.99999434
0.99998593
0.99999976
0.61553127
0.9999766
0.99999946
0.9999926
0.9999999
0.99966013
0.99998957
0.999996
0.9999959
0.9999999
0.99999964
0.99999493
0.9999998
1.0
1.0
0.99999976
0.99988663
0.9844115
0.99651337
0.9999818
0.9999988
0.99999964
0.9828807
0.9999993
8.4611835e-05
8.207791e-07
0.0004987455
4.0979543e-08
1.9912198e-07
0.99999994
1.4783288e-06
0.99984694
0.0041482956
0.00026959635
1.01046105e-07
0.0011398819
0.0008343037
0.01444638
1.8878939e-07
7.766039e-07
0.0027934627
0.000108540386
1.6098169e-05
3.9215116e-05
2.173393e-05
0.0001376646
7.5989414e-07
1.186938e-08
2.2201634e-07
0.0033064364
0.0005820514
1.2324792e-06
5.251212e-05
3.8577687e-07
1.3704447e-06
1.9571829e-09
0.0022203254
0.00025254692
6.3640844e-05
6.8465038e-06
1.2404125e-06
0.00028849803
2.7523444e-07
0.0033964426
6.335883e-07
1.2719395e-06
1.1278801e-05
0.56933683
9.015767e-06
6.580027e-06
3.482944e-05
0.3258792
0.9999863
6.3297347e-07
1.1082401e-06
0.0018078432
2.173393e-05
1.6592038e-08
0.0005119362
2.2388267e-05
0.00010291833
0.00022042615
8.3688053e-07
0.9999826
4.208069e-08
9.024068e-07
7.828829e-05
2.5543495e-06
3.2060165e-05
9.273116e-05
0.00047334057
2.5477784e-06
2.5756879e-09
3.4939794e-07
5.8858333e-08
0.089486614
2.4724786e-06
0.22123241
1.3951812e-06
6.4366628e-09
5.6053e-08
0.025239762
0.0001496839
0.04971543
0.9358705
0.44956562
3.743178e-05
0.6630629
0.9999989
4.5684064e-05
0.9976394
0.027100503
8.8004435e-07
2.518374e-05
0.9796992
2.7142303e-06
5.3079307e-06
0.56933683
0.9999238
3.714476e-06
0.44375813
3.4903567e-06
0.99998534
0.13020067
0.99996823
2.4177482e-06
1.02536184e-07
5.9207554e-07
0.99610764
1.8783972e-07
0.0020124575
1.001759e-05
0.00043842406
2.9769696e-08
6.999658e-07
2.1439014e-06
1.0274307e-06
1.9787235e-06
3.8490634e-05
0.00016434882
0.00505151
1.9787235e-06
1.381276e-07
0.0032563752
8.5344305e-05
4.346691e-09
0.0895692
9.981185e-05
0.025245793
0.0037709754
0.00015213265
0.001985547
0.00038910948
0.000164333
1.9842486e-05
2.1913867e-07
2.7523444e-07
0.26137066
9.493377e-07
0.13191123
2.889591e-06
1.3340785e-06
7.3133815e-05
2.683753e-05
1.0922371e-08
0.0010423741
0.00062299985
6.37882e-07
0.00011730372
5.3244705e-05
1.9771407e-05
0.010126984
0.0019143533
0.0001376646
0.009184577
0.0035753013
4.9805883e-05
0.7143831
1.8844955e-06
0.99999946
8.0378995e-06
2.5615785e-05
6.673288e-05
1.2378112e-07
1.2522235e-06
1.1216706e-06
0.00017917193
0.7416927
0.014265684
2.127762e-05
2.780404e-06
9.896721e-05
0.00034073196
0.88201207
0.008463399
0.14401475
5.7504703e-06
4.8610277e-06
0.0010123801
0.03904176
7.670465e-05
1.2430306e-05
0.9999999
1.1216706e-06
2.7638123e-06
8.315285e-06
0.99990827
1.10394385e-05
0.0008689542
0.021672077
0.0006713709
1.2188463e-07
2.876888e-06
1.6592038e-08
7.766039e-07
0.10689686
0.0005919461
0.0037676718
5.4777516e-08
2.152787e-06
0.32762784
0.0010157804
1.9128698e-05
0.00096911605
0.01831859
3.3676246e-05
6.244467e-06
9.021447e-05
6.122446e-08
1.0644048e-08
1.9560307e-08
8.315285e-06
0.002659803
3.6402227e-05
0.00030043098
0.9999995
0.00017722778
0.12784776
0.8652413
4.9805883e-05
9.317547e-06
0.12552035
0.0002912301
2.4386136e-05
2.4802248e-06
5.451837e-05
2.7225386e-05
0.9984117
0.0018957774
0.00278973
2.9554698e-05
0.9998595
2.6289784e-10
0.0002984432
0.99439347
0.019536352
2.127762e-05
9.831445e-06
2.9869352e-05
2.0756963e-06
2.5050418e-05
5.89853e-09
1.3704447e-06
2.9542873e-06
0.019240327
0.99999744
1.259744e-07
5.871817e-07
9.3143004e-05
0.0008467569
0.009099799
2.0189072e-08
3.4961528e-07
0.0004573981
0.2681213
0.0011149942
0.0014336755
4.5222573e-06
0.9999985
0.00062299985
0.0043112603
0.09961861
2.2388267e-05
0.059294283
0.9885195
0.0008343037
4.0394538e-05
0.20387769
9.98002e-06
9.497339e-06
4.9710155e-07
0.0017430915
0.9999989
0.38678166
