1.0
0.9999995
1.2425695e-09
0.00029529957
0.005827549
0.00016116702
1.4364671e-05
1.0172229e-06
4.8476533e-08
0.0001009437
4.886836e-05
0.0015324041
0.018994771
9.8867786e-05
8.271699e-09
0.010035003
0.027542062
0.00016817967
0.6806197
0.9999431
7.513943e-05
0.0026192178
3.103544e-09
6.25765e-08
0.00072895497
2.3695435e-08
9.753658e-09
0.010016492
0.9985734
2.0955062e-05
0.2344191
0.00016078664
0.9946594
4.2807433e-06
1.9835336e-10
5.1015817e-08
0.0007042677
2.7698654e-06
0.00011973882
0.9891064
3.0313666e-07
6.627384e-08
0.0006972602
0.00053174124
2.4762783e-05
6.7238466e-06
0.02278645
0.00033711846
1.1842247e-05
9.448346e-08
1.9106692e-05
9.125673e-05
5.4997013e-06
0.00010390156
0.49272615
0.024279125
0.00060796266
0.0015324041
1.456891e-05
1.7988295e-06
6.354061e-05
0.87623656
0.00027605525
0.9995594
0.95063895
9.627479e-08
5.7304446e-06
0.99964833
0.6105614
0.011415482
1.1355177e-07
8.4202816e-07
0.00012032771
4.5121194e-08
3.7782483e-10
0.002068105
9.627479e-08
4.4611377e-05
0.26098847
0.00011810375
0.0013657887
0.9928655
0.002346481
0.00048314556
6.944677e-06
1.2314014e-07
0.019516042
2.688976e-06
9.529111e-06
9.301557e-06
1.1337701e-07
0.0011529427
6.96207e-06
0.0030379998
0.0010359002
7.1484083e-06
6.901013e-05
1.1262277e-07
5.7460755e-05
7.170641e-07
6.5012223e-06
0.020911984
0.000286675
0.00011894972
0.0006093195
5.6251352e-08
7.225876e-08
2.0320971e-05
0.0002526305
0.00016650601
0.00086392224
3.4517856e-05
2.5932529e-08
1.6358271e-09
5.643009e-05
0.020582117
0.9302382
0.99999976
0.015618316
0.00012157006
0.00017133204
8.833114e-05
3.6664005e-05
0.0009772694
5.9994545e-07
0.10308003
0.00032793084
2.6455814e-07
1.84309e-05
0.0038318117
1.1541026e-07
0.007782009
0.0029934307
0.0019007518
0.000112914146
0.01419306
1.0659408e-08
0.0036393828
2.4997896e-06
0.0025040146
0.00021329777
2.0632243e-07
0.02278645
0.9998354
0.8728645
3.5853923e-06
6.1413157e-06
2.9891172e-08
4.8184916e-06
0.0006105563
0.9998723
9.906259e-08
0.027788717
0.06394285
0.0008559161
0.44892132
9.475381e-08
0.00041986455
2.3996356e-06
1.9623272e-05
8.466576e-05
1.2683515e-06
0.55346805
4.624191e-06
0.0035893775
9.9391144e-08
2.0632243e-07
1.2266842e-06
3.482572e-05
3.9571734e-08
8.684176e-08
0.000286675
1.1724699e-06
2.139409e-07
6.6813612e-09
4.094751e-08
6.285336e-07
1.911505e-06
1.4074713e-08
0.009297601
0.54517025
0.000110287205
0.99999774
2.1511608e-09
1.4316613e-06
0.0006048872
3.2216032e-09
1.07399e-05
0.00029390588
1.9433855e-07
5.9857382e-05
0.010379768
1.8334337e-06
1.5095392e-06
2.3914424e-07
0.06394285
3.1889194e-05
0.00011640384
9.760394e-05
6.8314607e-09
2.264002e-09
0.96010983
6.1413157e-06
5.081271e-07
0.00037012892
3.0496762e-05
0.00025184048
4.2050582e-05
5.5413522e-05
1.0980921e-06
0.0025380938
0.0014183917
0.0023618618
0.014197551
5.7107536e-05
3.9571734e-08
9.582005e-09
1.8846914e-06
9.517202e-05
0.9319188
9.320899e-07
5.628728e-09
5.9857382e-05
0.00038912782
0.00056450034
0.0011529427
0.99999887
0.9998121
0.9837734
0.03358046
0.00021615047
1.8760717e-07
0.003968802
7.6815505e-09
0.010251494
0.020582117
0.0027978946
0.002204058
3.172794e-05
3.0313666e-07
2.0265325e-06
2.1511608e-09
9.475381e-08
1.498965e-09
1.5114137e-05
5.801089e-05
9.427454e-05
1.6281448e-09
4.931061e-07
1.6507321e-06
0.00030691444
0.0006570093
0.013418025
9.301557e-06
0.488912
0.043245487
0.9980473
0.00016797261
4.8273634e-08
0.7169753
1.7043012e-08
1.2883171e-05
0.9999289
0.20024556
1.2825212e-05
7.398491e-06
0.0006097642
0.00011544204
1.45254035e-05
0.00028623338
2.0387222e-07
0.64543885
4.94615e-06
8.701337e-06
3.2675734e-07
4.945113e-06
0.0100849345
0.9999924
4.122728e-08
2.803128e-05
0.0010431797
0.0019564265
4.8752395e-07
1.3645818e-08
6.094448e-06
1.2765284e-08
0.0057242215
0.0004963594
0.018619528
0.00030826137
2.443119e-06
1.3512516e-07
0.0023618618
1.3316697e-05
4.438788e-06
2.4011374e-06
0.00055255054
0.00019559504
0.06394285
8.701337e-06
