1.0
1.0
0.00036733784
0.86518425
9.589365e-07
1.8136285e-05
1.2599254e-05
0.0003707865
2.4308909e-05
1.3874748e-06
6.008203e-06
3.5170436e-07
5.5457477e-08
1.047554e-06
1.6959836e-08
0.0011353921
2.9182576e-07
1.052253e-06
0.03910618
5.7227e-07
0.99997175
0.0011321284
0.76848775
1.2175688e-06
1.0116764e-05
0.0006247423
3.4139964e-06
4.715957e-05
0.00027169936
0.043708976
0.032728985
1.1738493e-06
5.946531e-07
3.196062e-05
2.8697718e-07
0.99999994
0.007288398
0.02668467
1.0571212e-06
2.1788541e-07
0.9999996
8.4270505e-06
7.7999616e-08
0.99675596
0.0058889356
0.0009800666
0.0001524184
7.637431e-05
1.3999666e-08
8.032084e-07
1.4876604e-06
0.9999334
6.6084243e-07
2.7655105e-07
4.0308572e-05
0.010324931
0.0011535008
1.7131732e-07
3.840325e-06
0.0001552594
0.0007713377
0.12915578
0.7758599
2.8178183e-06
0.00027169936
3.3328606e-06
0.0003394202
6.1525196e-07
0.9240017
0.99277407
1.4097287e-07
1.0053263e-07
1.047554e-06
0.00044212386
0.99999833
0.06738716
1.565037e-06
9.396176e-05
2.7471704e-06
0.00032543304
0.9999997
9.260475e-08
2.1525922e-05
0.00038338482
0.0025990806
0.005152608
1.2316027e-06
2.0908836e-08
3.594726e-09
1.0
0.0006013535
2.1935617e-05
4.5012334e-07
1.1850638e-06
0.005050084
7.678852e-06
4.3793852e-10
4.475757e-09
7.0404436e-05
0.000109436034
5.298069e-06
1.0116764e-05
0.12556566
0.03910618
4.2902958e-08
0.0002569685
1.6605463e-05
0.0012191463
0.00016588291
4.7494844e-09
1.7501624e-06
0.9040568
7.228919e-06
0.86149615
0.027245156
3.2290661e-06
9.0168675e-07
0.88516307
0.9839345
0.0135013815
0.0036248667
3.1075142e-08
0.97946453
7.088574e-07
0.99999887
0.0014796349
0.021819009
1.4240703e-08
0.007782583
4.6558238e-05
2.1228814e-05
3.3240176e-05
2.2761324e-06
0.9598452
3.216567e-05
0.00016738518
0.0061565856
0.0076350966
0.00010063183
8.101127e-06
1.09053235e-05
1.4901279e-07
0.0006517501
1.659334e-05
0.000109534274
8.768944e-05
0.9952012
0.87355417
1.9320205e-06
2.1804265e-06
1.2955727e-05
0.09755543
0.00014666395
0.00028547875
2.804545e-06
6.1791025e-06
0.02977965
0.002177105
6.74578e-05
1.7394497e-06
1.7517586e-05
0.012254584
5.339388e-06
2.578335e-05
3.637717e-05
0.023224523
0.35600814
0.0006115629
8.223091e-05
0.0025420056
0.0023662678
3.477302e-05
0.40162405
0.86518425
0.00022258628
4.4173055e-05
0.0015381647
6.4988294e-06
0.09032116
0.99995923
0.016426684
0.99997175
1.0587824e-05
2.6910232e-07
2.3006132e-07
2.7576095e-07
1.29197e-05
2.1525922e-05
0.03384476
0.9151063
1.0859139e-06
0.99992263
1.1808866e-05
2.897931e-06
0.0022842751
0.008364546
0.0012557852
0.0013408547
0.00048712015
5.7227e-07
1.0918103e-05
0.1646153
0.00551481
4.5462247e-08
8.046576e-08
0.00095591584
7.150924e-05
0.00047081252
9.069035e-06
0.008421168
0.0009203956
6.0639606e-05
1.8144739e-06
0.010918397
6.4803125e-06
4.7810937e-07
0.84832644
0.22214541
0.001192539
1.5083009e-08
0.00014094141
1.1837019e-05
0.007401739
1.0734493e-05
0.0031875113
0.0020907102
1.9187867e-08
6.086317e-05
1.2316027e-06
0.99990135
4.190371e-06
5.368415e-06
0.7594584
0.99909693
0.0014494398
0.7840324
0.99978477
1.5251103e-07
0.92242366
0.007040159
0.5172322
0.00036178416
2.1421338e-08
6.188734e-05
0.030817864
0.040205266
3.0128195e-08
1.7935617e-08
9.904378e-05
7.0201013e-06
1.5447842e-05
1.4003801e-06
0.016426684
0.0006486755
1.142264e-05
0.09074056
6.12567e-07
0.0038394057
2.7471704e-06
0.0008974437
2.4865622e-07
6.092234e-06
0.00026642554
2.3584012e-06
1.4313089e-07
2.6932496e-05
0.99300855
4.5912293e-07
2.1788541e-07
8.486956e-08
0.08340117
1.6811016e-06
0.9598452
2.0821897e-06
6.086317e-05
5.946531e-07
2.4998011e-05
0.02435822
0.35600814
2.989174e-06
3.4739543e-07
0.00015248818
0.0001777765
0.9998407
0.00012394955
5.9096756e-06
1.8144739e-06
0.14173535
0.0086873695
0.004195475
3.723195e-05
2.1442806e-07
0.99997425
4.3793852e-10
0.0012732537
0.010549603
0.957541
0.013197095
0.9531294
5.1990173e-07
