0.9999808
3.7095765e-06
3.0715387e-06
1.1880319e-06
1.8643495e-06
5.4777935e-08
0.0023785129
0.9975822
9.541565e-05
0.47817028
2.3905905e-06
0.62170404
0.030768326
1.1732512e-07
0.0028055254
0.26524982
0.9101376
6.5986274e-06
3.1091535e-05
0.99999744
2.8507173e-05
0.11222807
9.015174e-06
5.8805483e-07
0.9759523
5.163655e-05
7.704223e-05
1.5383948e-05
7.558385e-05
1.0785983e-06
0.0021618179
0.39147094
0.18286286
3.6832332e-06
0.00011510744
7.344218e-08
0.2092458
1.4515505e-06
0.008426139
0.0045949714
0.00032117768
0.9980949
8.071384e-07
0.981582
0.7821438
0.0052841855
0.17166804
1.232858e-08
0.00057586096
3.972864e-09
4.600535e-06
0.024979746
0.23961836
0.0112759145
2.496497e-06
2.8093234e-07
0.11389173
0.029319504
0.009431201
8.467972e-05
1.0674386e-05
2.506483e-06
6.611976e-05
0.0067233425
0.9999742
0.013193301
0.00035667128
0.99482447
0.009062982
0.6043538
0.00014708396
0.48648295
8.056265e-07
4.2624137e-07
2.6749142e-06
1.0674386e-05
1.3957647e-05
0.0063785096
6.7124772e-09
2.2756318e-08
4.6650428e-07
0.9836739
0.36748147
2.879474e-07
0.009431201
0.00594179
0.0007780464
3.6136743e-07
3.4162915e-07
0.0073877177
0.0020644541
0.10061122
0.000107559004
0.0011374003
3.8915196e-06
0.9999114
2.4939294e-05
2.8918297e-08
0.0035419716
1.5170146e-07
0.00034342275
0.863058
2.6130147e-07
2.738567e-06
0.042130146
9.117545e-07
2.2985218e-06
5.89675e-06
0.00092998374
1.5347766e-07
1.534381e-08
0.9998669
0.0026784725
0.9999996
2.8693512e-05
4.6632323e-07
0.7601113
2.801308e-07
9.023999e-07
9.352821e-05
0.0016007617
0.004682409
4.3064654e-05
2.738567e-06
0.0012438158
6.670044e-07
4.014046e-06
0.016401924
0.9999981
0.000174845
0.00071130524
0.9998669
5.3375476e-07
3.65094e-07
1.4023062e-05
0.022725128
7.521801e-07
0.21845807
0.0069250753
0.07360108
0.0028344751
0.0016007617
9.048328e-05
0.9680352
3.725584e-07
1.4666632e-07
3.3687897e-08
1.969923e-05
4.789916e-07
1.726475e-05
0.24078092
3.3242486e-06
0.9962991
1.135701e-05
0.00019752128
1.8522349e-05
1.2178429e-05
0.00645996
0.31495586
0.13330103
0.005864582
0.9981923
0.0038552757
1.8805172e-06
0.0006527338
0.013193301
6.104955e-08
0.113744624
1.609543e-07
0.0012720186
7.206551e-08
0.9981856
0.953174
0.43130758
0.009031334
6.9761214e-08
4.459798e-05
0.98278826
0.0004932217
0.0069250753
2.1935219e-05
2.0783179e-07
8.068343e-06
0.00016514322
6.251468e-09
0.0010261368
1.1316338e-05
4.8214057e-05
0.82231873
2.8077693e-08
1.6522173e-07
1.3957647e-05
6.6442425e-07
0.7763617
1.1732512e-07
1.5182812e-06
0.0018043899
0.0022097046
1.2203089e-08
0.0013025779
1.8807339e-05
4.7593035e-06
0.00023760968
1.1712623e-05
7.079358e-06
1.2500145e-09
0.99999994
0.7240164
0.0017340858
5.045918e-07
4.5634257e-05
0.00033421104
0.11134789
0.05572557
0.002074936
0.0010122418
7.365499e-08
1.12559355e-05
7.036631e-08
0.15068303
0.0048014903
5.7096866e-05
0.39147094
0.0029213727
2.5933946e-07
1.2203089e-08
6.7139605e-05
0.0038877586
6.333926e-08
1.9136965e-05
0.11114356
0.0013262162
0.00047488394
2.1396534e-05
0.013266632
5.679731e-07
1.9088197e-06
0.00013513006
3.3666578e-07
0.0029213727
0.117645696
8.182023e-09
0.00028236583
0.037243206
5.3312837e-05
0.0012438158
6.819683e-05
4.7566475e-05
0.001187884
0.4978467
3.8195914e-05
0.039585795
0.0010910337
3.7137002e-07
0.011610082
1.6350268e-06
0.0074877674
0.0008513307
0.99642205
2.1364474e-06
0.00542437
2.7577371e-05
0.0039701276
4.971025e-07
1.087867e-05
1.5218296e-07
0.00044932938
1.2720676e-07
3.0547037e-06
7.480062e-08
1.969923e-05
0.017642058
0.553611
0.00048576618
2.0252504e-05
0.0010116498
0.0029567808
2.928011e-06
0.00022274551
0.01733083
2.5944362e-06
7.0758085e-07
0.0014702057
0.9994264
0.003347476
9.031059e-07
2.5933946e-07
0.008319837
1.5895426e-05
2.8093234e-07
0.06870667
0.9990547
9.6510536e-05
9.83719e-07
0.00018844765
5.045918e-07
4.8214057e-05
0.00020848097
0.113744624
0.0025570712
