0.99994725
0.9999973
0.999302
0.002797703
0.0003705971
0.9999998
0.62039614
0.13061544
1.1075619e-05
0.9999996
0.30590466
0.066050045
0.009457431
0.1566296
0.97748965
0.0013458444
0.0012147786
0.0010882486
4.4156084e-05
0.9996269
0.025240583
0.9999984
0.9961134
0.00020215932
0.07272366
0.07635413
1.2256235e-05
0.2730602
0.9999781
0.0014052605
0.015777398
0.15744267
1.24955095e-05
0.0169974
5.9297763e-05
0.9999968
2.4820707e-05
0.64820856
0.54638773
0.017589716
0.87511224
3.767595e-05
0.012766782
0.00043927704
3.1064803e-05
0.86057067
1.2510605e-05
0.93291664
0.009640629
0.0026687076
0.060793057
3.591191e-05
0.9999997
0.9978561
0.99996805
0.12513961
0.000359201
0.7014544
0.15921658
0.02028791
2.4067744e-05
0.9999999
0.0011912748
0.9993477
2.2153581e-05
0.08881555
0.017829422
3.3777862e-06
0.00026397622
4.683942e-05
0.0056498456
2.721573e-05
0.00928328
0.9980357
0.99630576
1.1015302e-06
0.011391114
0.00092916447
0.015382708
3.2834591e-06
0.15086882
0.9999999
0.0011983606
0.7668785
0.002956456
0.0013183332
0.8078497
0.028300598
0.9999996
0.00017418938
0.9993436
0.9267639
0.0013553327
0.29418194
0.75099474
0.026389591
0.6091531
0.9918403
7.799061e-06
0.00023714457
0.9999049
0.0003359913
0.009210745
0.0007748566
2.5850639e-05
0.0002020963
2.2631222e-05
0.38841993
0.00056883227
6.044372e-05
4.5968078e-05
1.0466283e-06
0.00026786103
0.0002237822
0.6739574
1.0018278e-05
0.00011760097
0.004976368
0.0003996912
6.3136114e-09
0.00053398265
0.15199396
0.032515734
0.0006205708
0.0028501467
3.154033e-05
1.0557877e-05
0.29714763
0.02007591
0.9906499
9.262229e-05
0.019476034
1.190264e-05
0.07386327
0.00023924257
0.0011983606
0.00014818
0.16372311
0.90225834
1.9934418e-05
0.999271
0.99995315
0.49188802
0.27417555
0.0027683119
0.00018245792
7.630806e-05
0.0009735479
0.0011604003
0.003490048
0.999989
0.7466493
1.2427936e-05
1.0
0.000637228
0.061335634
0.8486904
0.22412045
0.9992934
1.0
1.25921315e-05
0.17893101
0.045339677
0.00030191315
0.017589716
0.08638642
0.02426611
0.010898898
0.8734821
0.67046034
0.007828938
0.99999994
0.0014052605
0.9871321
9.0095484e-05
0.006004808
0.0013222949
0.003845522
0.0031687974
1.7549994e-05
0.015777398
0.24235107
0.13061544
0.75099474
3.7751295e-05
0.8500023
0.95629376
0.8078497
0.98703104
0.10518158
0.9468838
0.9564778
0.004499843
0.011068151
2.419212e-07
0.63992244
0.02024645
0.99951863
0.9942139
0.0006167259
1.6719237e-05
0.9999259
0.026632931
0.0027775483
0.80192965
0.99830556
4.2878368e-05
0.000119152246
9.454307e-06
0.98340034
0.002117731
0.9936087
0.80936694
0.0007171052
1.45430895e-05
0.924114
3.6232625e-05
0.075562984
0.00018874723
0.02007591
0.0007171052
0.44157398
5.18622e-06
0.09608043
0.0023599695
0.015247397
4.5314304e-05
0.00029181346
0.002956456
0.07564912
0.0024413862
0.000104080355
0.7834719
0.00022731173
0.9999757
0.00038942508
0.7971703
0.68691295
9.997385e-07
1.2774907e-05
0.9999999
0.22913426
0.22877601
0.011545829
0.052699532
0.012395991
3.4104505e-05
0.033796303
6.1239974e-05
0.0007748566
3.755488e-05
0.00012528732
0.1177113
0.2581046
0.91920483
0.0019177318
0.8314211
0.33573472
0.006437505
0.6757976
1.0
0.46580088
0.0008744414
3.838715e-05
0.99576133
0.9942138
0.00015051817
0.0019436651
0.041209392
0.9997098
0.006015157
0.073729984
0.9999973
0.003890533
3.7343489e-06
5.6653794e-06
0.7432072
0.0006205708
0.00013576497
0.02612202
0.99977165
0.0007339162
0.86057067
0.80936694
0.023372235
0.5609618
0.9920108
1.8020944e-05
0.0033759256
0.00010534154
0.5761438
7.968385e-06
0.00071495917
0.0008041756
0.8965297
1.9139501e-05
0.00023182828
0.29660252
0.0012669808
2.0406613e-05
