1.0
1.0
1.0
1.0
1.0
0.21130319
9.523587e-06
1.32121595e-05
0.00023035689
0.000533846
2.286011e-06
6.217367e-08
2.0850173e-06
6.747407e-07
0.8956033
8.606376e-07
0.015120641
2.8767929e-05
0.0040731775
4.1445346e-06
0.9727347
0.999999
1.0482415e-06
0.00022730329
0.004932171
0.0039758123
0.0013202305
7.112342e-07
0.9492187
0.035710342
7.466862e-08
0.19008024
0.9856494
0.0035768035
6.7081025e-08
0.0002454308
1.0673775e-07
0.0024013733
0.99805814
6.87587e-07
9.582448e-08
8.6701056e-07
0.0007506901
4.4947108e-05
1.0
0.009711301
2.0077296e-05
0.005681676
0.060525022
1.260018e-07
3.126738e-05
1.9593633e-06
7.701535e-08
1.0377833e-05
2.5790033e-07
0.00532426
1.0032284e-05
0.29228574
0.06485462
2.8308974e-05
4.3412996e-07
1.9618614e-05
0.99805814
0.08879404
1.2115568e-07
1.8803652e-07
0.36920998
0.00064591144
0.19181769
0.5008758
0.8167672
2.6414872e-07
0.20278458
5.566122e-06
3.3964923e-06
2.7804147e-06
9.461161e-06
1.336837e-05
6.727009e-05
3.9668043e-06
8.5669475e-05
0.009965413
0.0011778976
0.35168192
3.5318306e-05
0.0015752068
0.0010902887
0.064908996
4.6259115e-06
4.4028067e-08
0.017485948
0.064908996
1.8698266e-06
1.1661243e-05
0.99699473
2.9092232e-06
0.0006505356
4.9552245e-06
0.9986366
2.8397202e-05
1.5270241e-07
0.0018419044
3.7437803e-06
0.7372128
0.9986366
0.00010454099
1.5615962e-06
0.9971125
1.4137422e-07
0.00012783741
0.9999977
0.99735606
1.085301e-06
0.0021969655
1.1914088e-05
3.7797807e-07
0.0007343482
0.8688693
5.778975e-08
2.8318212e-08
1.2959422e-05
0.0005586817
0.8999727
0.8316543
1.5270241e-07
0.00019849095
0.9972762
0.011232268
3.4709938e-05
1.970032e-05
0.9999589
1.0459486e-05
0.16177602
1.9904688e-05
0.00026734438
0.0127888145
1.3227566e-06
2.314817e-07
0.8688693
0.022880638
0.002638027
1.6724648e-06
1.2388406e-08
4.7571193e-05
0.46823534
0.29041854
7.2209154e-08
2.603376e-05
2.0674258e-09
0.0022931537
0.00020917944
1.7803072e-06
3.122495e-05
1.672903e-05
3.0523538e-06
1.1359266e-08
0.00034344487
4.971793e-07
0.00017720717
0.00015027352
0.9999995
2.6982239e-06
3.0175754e-06
1.0482415e-06
1.9241015e-05
4.9421986e-05
5.3325697e-05
7.1821028e-06
3.0493027e-07
1.4053286e-07
1.5775398e-05
2.2406084e-07
2.5173301e-06
0.9658966
0.0005925992
7.725286e-05
0.0007343482
0.05236908
3.828453e-05
0.45902815
4.4553352e-07
2.9266179e-05
1.7110075e-08
5.2855757e-08
0.33803007
2.7804147e-06
0.00016007287
0.00066829077
5.0637762e-05
0.0025171535
0.00067310006
2.4628594e-08
6.6398476e-05
1.3085734e-06
0.23081739
5.2611067e-05
0.10394557
0.00010543319
1.8548422e-05
0.00015336528
0.0006031834
6.23957e-08
1.0
0.007746449
0.009798864
9.868662e-06
1.9906402e-06
8.04649e-06
3.5478723e-05
6.230779e-09
0.13831365
0.9999988
5.6687627e-06
4.2458691e-07
6.1351575e-06
0.00012411523
0.21291634
0.29041854
1.3075314e-07
0.999987
0.037115254
0.99799603
0.00037766312
5.962158e-07
0.00023022953
1.1359266e-08
1.6356164e-07
0.00026026584
2.8349119e-05
0.027533667
1.0385217e-05
2.0671132e-05
2.3477075e-07
9.838888e-05
6.692753e-07
0.0006336316
0.99985164
0.62623596
0.002221247
0.003659071
5.546972e-05
0.0007274366
1.51562535e-05
1.858449e-05
0.9999996
3.7565773e-05
0.00013668048
4.745643e-06
1.436752e-07
0.003110197
3.6559847e-08
0.20278458
0.0075632557
0.9999995
0.009711301
0.016760005
4.2237818e-07
6.799223e-09
0.0035870657
3.4817987e-07
0.00090990256
0.15642317
1.5834634e-05
1.0032284e-05
0.8416464
0.0003778367
0.99999905
4.966244e-07
0.003777882
0.0003380645
0.0010902887
0.00047776755
0.00014114166
0.0018205313
4.342842e-06
0.02983089
0.0012088082
0.0052461997
0.0017966981
0.9999896
0.0062415316
1.3659104e-07
0.7512321
0.9999589
1.3396295e-06
0.0013119839
4.1464576e-05
0.14731196
0.00034646492
1.184466e-06
0.9984963
0.21130319
6.6398476e-05
1.784279e-05
9.274461e-05
0.0008289594
0.0001394873
0.21908967
0.18832396
0.017226286
