0.03194355
0.86914515
0.95758224
0.00044191274
1.0375173e-06
0.05844566
0.0002642507
9.983165e-05
0.03730728
0.00044002282
5.15141e-08
0.9115184
0.00018813202
1.0727699e-07
0.81913656
0.99999595
0.9272306
4.977505e-07
1.1430553e-06
6.281702e-06
0.00027188592
0.0012267581
0.99984974
5.0206495e-06
0.9999999
0.006102818
0.0021298262
9.473655e-10
0.000114510345
0.118099734
1.3901662e-06
5.430471e-07
0.00068301073
0.0011706589
8.762476e-06
1.7604003e-05
0.0027447778
9.1042566e-05
0.010901834
0.96420664
7.327102e-06
1.1877793e-06
0.015294846
4.4368778e-07
0.0011102469
0.9784058
0.0002264756
0.0004756874
0.056155823
0.0011809444
0.009880182
0.08808033
0.015294846
9.074959e-05
1.3811485e-06
0.00012994406
0.00048486202
0.00015331601
0.00037333745
0.013760092
0.016131237
0.44741538
0.00042256244
0.971413
1.1198984e-05
6.086625e-05
0.13730682
0.066992775
2.9330162e-05
0.08175609
1.7359696e-06
0.042322602
1.5164012e-07
4.457013e-05
4.32746e-08
0.99575025
0.011252951
0.99998826
3.6180058e-06
0.0047686235
0.748007
0.26071784
0.0031368244
1.6328049e-06
0.9999996
0.9668197
0.03965814
8.499719e-07
5.030431e-06
0.056554306
0.99999994
4.659667e-07
0.09122173
0.009518825
0.00015353576
0.02090483
0.0052600936
0.044934448
0.024894318
0.9999764
0.00010649374
0.06070107
0.07562596
6.824991e-06
0.0022924927
0.95410526
0.0005497393
0.0007302872
0.9999975
2.3828781e-07
0.003443609
0.0018318049
0.002241378
1.4223557e-05
0.9999996
5.3272115e-06
0.0053243563
4.4302777e-07
2.6723956e-05
0.90769094
4.5124393e-06
0.040874906
0.0034863087
0.0015962602
3.448827e-07
5.2067135e-05
0.9999993
0.00040366565
2.5472463e-07
0.0031262452
3.6097947e-05
4.7428834e-06
0.0051280744
4.249365e-07
0.000105322455
0.4404848
0.00017945473
3.4223358e-05
0.0022000368
0.0066072755
3.5402067e-05
0.00028096617
5.9177102e-05
5.1512234e-07
5.9931403e-06
0.003725742
0.00046611813
1.6634267e-06
4.7094665e-07
0.15978535
5.90246e-06
8.3488146e-08
0.18645471
0.00044191274
3.6276763e-06
0.063007
7.989822e-08
2.738311e-06
6.768895e-07
4.15437e-05
8.411026e-05
2.4223074e-10
0.062191226
0.003134027
0.062191226
2.9359746e-06
3.9788715e-06
0.9999994
4.7999305e-07
0.0019033226
0.00019184372
1.5164012e-07
5.379082e-07
0.0018188218
1.6724884e-05
0.0003340814
0.8097403
3.1715196e-08
8.107465e-06
0.03555567
0.032032717
2.335512e-05
0.06327334
0.31716955
1.0507091e-07
4.182482e-06
1.7539419e-06
0.99700505
0.056155797
9.879239e-05
0.9382962
5.5388045e-06
0.0010029007
0.010961045
4.5542012e-07
1.4298875e-05
2.150901e-06
0.99601954
3.6949487e-07
0.000118399636
9.04906e-07
1.5440668e-07
2.008236e-06
0.0053928173
0.99993896
0.044761926
7.831487e-05
2.319488e-08
0.99943
9.204666e-06
0.00066169427
4.183216e-06
5.0275917e-06
0.0015010565
2.3974437e-07
1.0500991e-09
2.382329e-05
0.00042258078
0.99913985
0.000107627435
0.08269054
1.2598562e-06
1.0507091e-07
5.0206495e-06
1.0130397e-05
2.0721838e-05
4.464055e-06
6.9141197e-07
0.045027137
7.725619e-06
0.00209428
0.0009532479
0.007455232
0.003746081
1.6941832e-06
0.018328946
0.6371433
0.95226634
2.1543458e-06
0.9512046
0.0027447778
1.1005747e-06
0.00010651293
0.0031300888
0.0004418767
1.1763602e-05
0.0031615729
0.006252946
0.9576341
0.4061564
0.000111488174
0.02188973
0.9972261
5.370503e-05
0.9053945
4.041988e-06
0.99955875
0.20603782
0.99922353
0.09071177
0.6249098
1.6633775e-06
1.0645839e-05
1.6296004e-05
0.9999962
0.00016240173
0.0053243563
2.8483368e-05
1.2405403e-06
2.1285719e-07
4.8383517e-06
0.991118
0.0002317211
0.00078497035
0.666304
0.044934448
0.0002503934
0.748007
0.00049590407
1.1839661e-05
0.06581453
0.00018094474
4.660817e-05
0.91187173
3.6073427e-06
3.8817343e-06
0.0010469881
0.0005391841
6.111507e-05
3.6097947e-05
0.0001343517
9.767783e-06
0.010974742
8.0004804e-07
2.3191444e-06
3.712491e-05
0.0010649444
4.5124393e-06
1.8207022e-07
0.26071784
