0.9999998
0.9999996
0.9734937
0.99999475
0.99999946
0.9959765
0.99982274
1.7692664e-05
0.99999636
0.015387231
0.1911655
0.00011748687
0.049698956
5.1619327e-06
0.9999961
3.4881894e-05
5.0690113e-07
0.00016877372
1.0
3.47256e-07
6.795614e-07
0.00020597597
0.99025446
0.09087944
0.9733072
1.8962182e-05
0.00013667461
4.7998657e-08
7.9177975e-05
9.998627e-05
0.89188707
0.00028692003
4.633108e-06
0.0004744708
0.0019778062
0.0009527317
5.5090977e-06
1.1869416e-05
7.750422e-06
0.013308783
6.739286e-05
1.3264554e-06
0.00011200862
2.3926836e-07
0.040181704
0.99525
0.0070474297
0.0039065727
0.0004952819
3.8571434e-05
1.2795068e-06
0.0013098401
0.9999998
0.85663897
2.7387516e-05
4.0693335e-06
0.00016855323
0.010171545
0.9999961
5.3175904e-07
0.6758339
2.0432644e-06
0.029832862
1.2676992e-05
5.8390408e-05
0.0052868733
0.00014571843
5.0584154e-06
3.5361566e-07
1.459624e-06
0.00021029855
6.875382e-05
0.0003008572
0.9999999
0.00024005874
9.476151e-06
0.00012522234
0.00012119342
0.061263036
0.0008484158
0.9901718
0.9993606
0.0015346726
0.00052875496
0.0009932285
1.1590009e-05
4.2017953e-05
0.0022237783
0.77656597
0.9870438
0.36759236
5.7815938e-05
5.7066707e-05
0.020285504
0.020721225
0.0005108078
5.532107e-05
0.0006204895
8.825775e-09
1.3140782e-09
0.9606208
0.005017216
0.3929353
0.3073079
0.25167355
0.010021885
0.8713588
0.003234278
3.6452661e-06
0.0008707909
0.40306464
1.0596066e-07
0.023691026
0.0012252966
0.1660907
0.0022269525
4.633108e-06
0.007161487
0.0070474297
0.9999623
0.0021975657
0.1319411
0.00011112795
0.87920254
0.0024244208
1.2411498e-06
2.2753077e-06
0.02076106
0.008184778
2.9818972e-07
0.011504315
0.0001507556
0.00013326107
0.0016402166
0.099405974
0.9999983
7.141193e-05
3.4330787e-07
0.06200157
0.7128765
0.03461022
8.49794e-06
0.23358774
5.8933597e-07
0.0008128754
0.00017258011
0.999335
1.2239509e-05
4.4332704e-05
0.020062992
4.5396196e-06
0.006432694
0.00025816634
0.0005370536
1.0513907e-07
3.0612613e-05
1.7929091e-07
3.3441698e-05
4.626228e-07
9.685341e-05
5.0580775e-06
0.023691032
1.0590262e-06
0.6855267
0.00017553086
0.011883278
4.2929096e-06
0.9752318
0.00028995564
0.99760526
0.0039531984
0.07988478
4.0089088e-08
1.1099854e-06
0.049137715
4.0693335e-06
0.006745558
8.027229e-07
6.795614e-07
0.29886886
1.1952162e-06
0.00016407356
0.09087944
0.011271419
0.000120839155
0.00010019883
0.031333424
0.016037557
3.0825913e-07
2.3317098e-06
2.896691e-05
7.4052296e-05
0.05779852
0.99995124
0.012921896
0.0011368672
0.00023203171
9.274242e-07
0.0038144833
5.8324073e-05
0.00028995564
0.00016929029
0.11612486
0.13651079
0.020062992
0.88455397
4.517201e-05
1.8539227e-05
0.0004744708
1.8703688e-05
0.012333271
2.1739734e-05
5.0580775e-06
0.6107649
1.3030295e-05
1.9322216e-07
4.4649765e-05
0.00012920299
6.5820706e-07
0.00046715655
1.5981916e-05
0.00046715655
0.000492371
0.89872557
5.172105e-07
5.2338887e-06
0.00014591447
8.074827e-05
2.8738972e-05
0.40036553
0.9795791
0.00034021036
0.073125705
0.0001762097
0.005024863
0.99519885
0.9752318
0.010354466
1.272571e-05
0.004641952
2.7608777e-07
8.113119e-07
1.1436275e-05
0.96298355
0.00017553086
0.22859102
2.3317098e-06
0.00495887
0.89188707
0.9878863
0.0011925936
3.434937e-05
5.7777737e-07
0.0007126979
0.00013705555
4.9779672e-05
1.5690299e-05
4.613037e-08
2.9811923e-05
0.0070262724
0.08470787
0.783659
9.103244e-07
1.7150029e-05
0.00055057695
9.80002e-05
0.001820878
0.00017354745
0.0040413965
0.00012279805
0.001464513
0.6320525
0.99999136
1.8031182e-06
0.7692483
0.9577872
1.7692664e-05
0.9538514
0.11576582
0.9997578
2.6599047e-08
0.8207052
1.377242e-06
0.00044613052
0.0047015464
2.7325088e-05
0.0027895628
6.4501437e-06
0.0011925936
0.017159812
4.556608e-07
0.9818958
0.032724813
0.9984591
9.614505e-08
0.0054947855
6.0376755e-07
2.9403739e-06
0.01528791
6.399387e-06
