0.9999832
0.99999875
0.30027428
0.00044536253
0.0008191422
0.0003945196
3.5899177e-08
4.4205623e-07
1.359305e-07
0.0004289066
4.126238e-05
2.311804e-06
3.4327852e-06
2.7468377e-07
1.2662663e-05
4.3122012e-07
1.2534764e-09
0.41943213
2.0218713e-05
4.2740052e-05
6.3162634e-07
0.8450819
0.00018653729
0.18224235
0.37827408
0.0010174987
1.51384575e-05
2.6322174e-05
5.256671e-07
3.791941e-07
0.0002182483
1.6377893e-05
0.0034525127
1.5566207e-05
5.9677836e-06
0.19611977
2.9562747e-07
4.127972e-06
0.0010232034
0.998777
0.007243814
5.9391594e-05
0.00018381682
0.00054352795
1.1880563e-07
2.8118484e-07
1.0310121e-05
0.0016164468
0.8329955
0.06533028
4.552481e-08
6.5983068e-06
9.680512e-05
0.0001288005
5.777967e-05
1.2081945e-07
0.0307588
2.75549e-08
0.0008191422
4.8943343e-07
7.856837e-05
0.00032792927
8.122153e-07
0.00017838948
5.636229e-07
3.0702224e-05
3.889783e-06
3.2331955e-05
5.147873e-06
0.00013175886
9.746516e-05
7.303024e-08
0.41855174
9.284877e-06
5.2191313e-05
0.00011149413
0.006208787
0.001955077
3.085294e-07
2.880801e-05
0.0011726695
4.3900105e-08
2.675006e-06
8.7607265e-07
0.008263798
6.391708e-06
9.028079e-06
8.205844e-08
4.015404e-05
0.0007332468
3.064382e-06
1.0310121e-05
2.1192393e-06
3.1418185e-08
2.7491465e-06
3.3681154e-08
0.0469074
0.0005577371
0.0050380155
8.9354165e-07
0.0012100507
0.88509446
5.4878556e-06
1.9011071e-05
9.001171e-06
0.0019847758
1.909976e-08
0.97291315
1.5503335e-06
1.3627316e-05
4.0798714e-05
0.00081496476
0.12274362
1.1882497e-05
2.986018e-07
1.8991792e-05
1.7326403e-06
7.944203e-07
0.20558712
0.00033481314
1.4932272e-08
2.986018e-07
0.25486153
2.0944066e-07
2.1413722e-05
1.817212e-07
0.0005622952
1.1879594e-06
3.4790464e-05
0.8229037
0.012600542
2.2353972e-06
9.2782403e-07
2.5836367e-05
0.8758099
0.39958474
0.0008731559
0.004556213
4.1190946e-05
0.9964428
1.07686176e-07
2.3789323e-06
5.770566e-06
0.12573805
0.9999992
0.0005566945
9.258303e-08
2.9725043e-06
8.584603e-09
0.0036034267
5.777967e-05
2.7935153e-06
0.1298253
0.020150797
7.094048e-05
7.4285317e-06
0.0005622952
0.00046062435
1.3101494e-05
1.6129856e-05
6.723199e-06
9.258303e-08
9.0316615e-07
0.03243018
0.0024183954
1.8245611e-05
0.90604293
2.8810643e-07
1.8740004e-06
0.001214977
0.02324703
0.33969826
3.1418185e-08
0.0028745022
0.00065079326
4.4523272e-08
1.7169313e-08
2.1192393e-06
9.028079e-06
2.8832213e-08
9.284877e-06
4.0468956e-05
0.00081496476
4.0798714e-05
1.5691436e-05
0.0059091523
0.08582515
4.875806e-08
2.4651617e-05
4.3638892e-07
7.961002e-06
1.5985695e-05
2.880801e-05
0.0006572624
2.0218713e-05
0.23784699
0.920523
0.006840349
8.457562e-05
4.075963e-05
0.00014881861
0.99999803
0.9939357
0.00036660317
0.0008350202
8.132632e-06
0.06571111
0.69823503
6.7699264e-05
0.016977668
1.6989158e-06
0.9435513
0.014332018
0.99837816
1.7627357e-07
9.145186e-05
7.272649e-06
3.1898653e-05
1.1879594e-06
7.3985735e-05
0.0019657903
0.2619243
1.6181948e-05
2.9835749e-06
3.1345917e-07
0.0005885367
1.4852341e-08
6.566923e-08
0.00036660317
4.3478476e-06
4.1760546e-07
3.6438e-05
4.667747e-05
0.45320645
1.0281335e-06
1.8956252e-05
0.0021623012
0.007243814
0.18824723
1.7436636e-05
1.37953515e-08
0.999286
0.0059105423
0.03683725
1.8956252e-05
4.3050938e-11
9.737462e-06
0.53951883
3.2960692e-05
0.000117891206
2.4514193e-05
0.99997425
0.9189174
2.6416635e-06
1.6386562e-05
0.00036340574
0.00096361025
0.00095252023
4.234125e-06
0.9999989
5.4764528e-06
2.6298396e-06
0.31506667
3.0411435e-05
0.99997693
4.126238e-05
0.0001614765
8.205844e-08
1.1092827e-06
9.204597e-07
0.04794724
0.0008350202
9.680512e-05
0.0007872037
1.1336734e-06
4.32978e-08
0.0008508494
1.3458542e-06
2.6416635e-06
5.1299603e-06
0.99915504
0.00065079326
2.744224e-08
0.25486153
0.009183544
2.5919482e-07
0.00013452298
0.99997693
2.5484312e-08
0.17747734
0.991153
0.0010795698
0.9418519
0.00024923965
7.856837e-05
5.777967e-05
2.7034578e-06
8.483123e-06
0.00053135236
6.995811e-05
