0.7998981
0.4044052
0.0064629144
7.472449e-06
0.3834573
0.00010573705
0.85249555
0.99976265
2.330473e-07
1.0957699e-05
1.9401838e-05
9.4871176e-08
6.871452e-07
0.99957496
0.00017268513
2.405818e-06
2.4166318e-05
0.94761735
6.507969e-07
5.6994264e-05
4.6354136e-05
0.8596462
2.3742304e-08
0.000113182774
6.112447e-08
8.260445e-08
0.99978507
0.96510935
7.894967e-06
1.13515525e-05
3.8077257e-08
6.6030634e-07
2.0179205e-09
1.8555513e-10
3.3679657e-09
7.430956e-09
0.9474994
0.00049871317
2.0992021e-09
6.474539e-05
1.0567708e-07
0.23007931
2.946617e-08
3.377025e-05
0.00014422671
2.0787809e-10
8.898419e-10
1.3209366e-08
6.792123e-08
2.919708e-07
9.06032e-06
3.8280027e-06
1.0286537e-09
0.00013689595
2.2718458e-08
0.035170257
0.0009005471
0.0057894858
6.1287e-05
1.6327659e-06
2.1715035e-05
9.72167e-06
1.2526124e-07
0.15214741
1.4734709e-05
0.101457044
0.0055932766
8.117548e-08
1.913615e-08
0.99996686
0.0009005471
6.663369e-08
0.00011225433
1.1378673e-06
1.2558203e-07
0.00084927556
1.3415055e-08
2.1347448e-06
2.766495e-09
7.1059985e-05
0.027583774
0.013175942
5.5717837e-06
4.6354136e-05
1.3361131e-05
1.434463e-06
2.9434375e-06
2.0478944e-07
9.011288e-09
0.00035556045
4.801822e-05
0.057370037
0.99868006
3.4619068e-06
1.434463e-06
1.6007112e-05
1.6327659e-06
0.00038948152
8.260445e-08
0.00111668
0.000109876884
4.003688e-05
2.5707215e-05
0.0002751655
1.0313614e-06
6.112447e-08
1.3979373e-05
0.0037607714
1.111054e-05
0.00032293797
6.3753385e-09
1.3406716e-08
1.07638085e-08
3.258074e-05
4.801822e-05
2.8890712e-05
3.1176423e-08
0.96597934
1.4208682e-06
0.00014006361
0.00012085943
5.5147048e-08
0.9999953
6.645992e-08
6.4948246e-08
2.1973058e-06
0.0036140056
0.00012534253
8.537809e-05
5.2585158e-08
6.8015474e-06
0.72606045
0.005508772
2.9794375e-10
0.64140093
0.36618426
0.048651867
3.2750029e-06
9.778261e-05
7.267341e-08
3.8296766e-09
1.5770665e-06
2.6602383e-09
0.0023287171
1.5423032e-08
7.176604e-09
3.3519639e-06
1.0995318e-06
9.456961e-07
0.00019638534
1.4615295e-06
1.2361969e-08
0.00032741256
2.25307e-08
6.306601e-06
1.1676917e-06
0.008357597
0.00039532714
6.38653e-05
5.4936263e-06
8.369529e-06
0.00019440008
2.8064044e-06
1.1471791e-08
0.00068764505
7.535622e-07
0.0009005471
2.0992021e-09
1.5054346e-06
1.1422898e-09
2.7538618e-07
8.085938e-05
1.6736695e-07
5.3202785e-07
5.18191e-08
8.0633534e-08
2.2948047e-05
6.663369e-08
6.335639e-06
1.3599262e-07
9.713737e-06
2.712324e-09
8.920534e-07
3.1494025e-08
3.6289566e-06
0.00111668
0.00013766068
0.96377647
6.3254656e-06
0.00011799343
0.0005550002
4.3025555e-08
0.00037416766
0.01743072
1.46417e-05
6.137303e-05
0.0011809613
1.0446877e-06
4.5013544e-06
0.0001333854
1.5225744e-07
0.00018036905
6.068645e-06
4.039183e-06
6.3254056e-06
2.446608e-05
5.1696e-07
4.3486857e-06
3.444811e-09
4.6450876e-07
0.018394573
2.4825688e-08
0.0005217062
1.1358172e-06
4.7718654e-06
6.885861e-05
7.3217896e-05
0.058319595
0.8131471
5.7824128e-09
1.2321245e-08
1.7862286e-08
6.7992056e-07
6.7378005e-07
6.600994e-06
4.8209873e-05
1.6135266e-07
9.1913597e-07
0.0001062432
0.96597934
0.9960262
1.7711791e-08
4.7717855e-05
1.5225744e-07
9.862069e-08
3.4695906e-05
0.0001113798
1.0179978e-07
9.456961e-07
0.00020607263
0.00073392596
0.0037569767
0.3713596
1.4706602e-08
0.007230032
0.99917215
1.0641048e-05
0.004613396
7.339974e-07
0.002064744
0.00026158607
0.002020872
0.9279865
9.288443e-08
0.0007588031
1.0631185e-06
1.2820374e-09
0.014649277
2.0787809e-10
3.287929e-07
1.4407353e-06
0.45097974
3.0594706e-06
3.411189e-10
2.4825688e-08
6.382407e-06
2.7275033e-09
9.054628e-07
6.301583e-07
2.9520697e-05
0.99957496
2.4702544e-05
0.00027675094
2.8890712e-05
0.008357597
5.7731093e-05
3.239521e-07
5.042656e-08
0.07661705
5.4936263e-06
0.00053138554
9.663461e-07
0.99996173
0.5430013
2.9682133e-07
2.4825688e-08
0.00015429496
6.11071e-08
7.075648e-08
6.885861e-05
6.076888e-07
0.00018036905
1.05439504e-07
0.3157685
0.99998164
0.19240595
2.5019778e-08
2.2726406e-05
1.9199793e-09
0.0008508494
