0.9999586
0.9999929
0.9982285
0.9999987
0.99983984
0.95806855
0.99996686
0.99985766
0.9999869
1.0
2.1509328e-07
2.0340005e-06
3.6784064e-07
3.1359657e-05
0.14834729
0.08842315
0.001677027
4.3188848e-07
0.0011510508
0.08053201
3.0607098e-05
0.0120396605
1.5545692e-07
2.5584195e-05
4.6088252e-07
0.0045235143
0.9784085
1.388933e-05
4.2315638e-05
8.1957455e-07
0.46166137
0.053827517
0.4288866
5.1523534e-07
5.302517e-06
7.331061e-07
0.9125046
7.3455376e-06
0.00041015045
1.0
1.1711116e-07
2.6034133e-06
0.0060694055
0.0034985575
0.000181994
1.2373041e-05
5.430785e-05
0.0047745607
0.000181994
7.600038e-06
2.2624965e-05
3.4689222e-07
0.0021150734
0.00019838953
6.0563845e-05
2.2260283e-06
0.30265722
7.8249485e-07
0.92953616
0.113261744
0.8292964
5.3118526e-07
0.00010464332
0.00037734897
0.27451512
2.5875077e-06
0.0005015143
0.026117956
4.8013826e-05
3.214061e-06
0.88158804
0.00046606595
1.6655109e-07
0.0022049053
5.3352366e-08
3.7632493e-08
2.0019295e-06
0.99996877
3.787141e-08
0.00014652821
0.60677844
9.433997e-06
2.3050898e-06
0.9964929
0.99997413
0.17955011
0.00027073768
0.994601
0.14911011
0.11422111
1.621174e-07
3.8708954e-06
0.00013172782
0.003601508
5.1671523e-05
1.5134517e-05
0.023548279
9.052271e-06
0.00030798465
0.00026692642
0.047665738
0.95649385
0.14911011
2.8752286e-06
0.99116594
1.1540855e-06
0.13427263
0.0054894905
4.9428207e-05
3.606238e-07
4.054204e-05
0.00011288099
1.3713333e-05
1.0
1.5545692e-07
0.01984533
5.910604e-05
0.9999987
0.08855643
0.0005533377
3.206126e-06
2.3059837e-07
5.388335e-05
0.0018098389
0.0028294928
9.178247e-07
0.14911011
0.03398892
0.0012304392
0.02201114
0.00061297836
0.0003833974
4.422178e-05
8.8863175e-08
0.00016211536
0.9869233
0.16440427
0.00026020652
0.020676961
1.2359537e-05
0.18906811
0.04409181
0.000121790275
0.017867723
1.0591333e-06
0.06725971
4.68891e-07
0.92212754
0.007578873
0.0024403054
1.7975368e-07
2.0347983e-05
0.00028398703
6.552378e-05
0.99999326
0.00080022734
1.517494e-05
0.0010066062
0.030881345
0.00080022734
1.8258736e-07
3.0131594e-07
0.00035724536
1.7057028e-08
1.9872941e-06
6.0334555e-06
0.0013686318
0.059838686
4.7330778e-07
4.0905616e-05
9.9467135e-05
0.059898928
2.5201663e-05
0.008052738
2.9406542e-06
0.99343175
0.0031057973
0.053844444
0.9999435
9.9414805e-09
1.4847859e-06
5.849797e-05
2.4276174e-05
9.594592e-08
0.0004846742
0.004729994
1.388933e-05
7.968288e-08
9.581074e-09
0.0025414315
0.008179434
0.99998254
0.11526601
7.825933e-05
0.00032161924
0.005090783
6.911353e-05
0.0030901032
0.5570817
3.6014328e-08
1.8855993e-06
2.2630807e-06
6.079959e-07
0.22885546
2.926333e-05
0.004174621
1.1043872e-05
5.3352366e-08
0.014852028
0.00012204663
1.6210553e-05
3.116561e-07
0.0020466782
0.16277102
0.004174621
0.0003750258
0.16440427
2.8133688e-06
6.5737146e-07
0.0006566512
1.1546057e-07
0.38840514
1.985513e-05
4.0907646e-05
0.87268203
0.00011387367
1.1711127e-07
1.0050564e-06
0.00035724536
2.3548037e-05
4.8051055e-07
0.04468311
0.92953616
5.388335e-05
8.439349e-09
3.5151934e-06
1.9506173e-08
3.2493615e-05
0.0013773516
0.0045295563
0.07845392
1.0936628e-06
1.5957912e-05
0.0018098389
0.9239107
5.3118526e-07
4.0286495e-06
7.3069805e-07
0.99997324
0.001248145
0.9387142
2.5263223e-06
0.009618796
0.0007549148
0.0021823696
0.0001033684
0.00029295275
0.00029295275
1.1546057e-07
0.46166137
1.6558799e-05
6.6563565e-08
0.0009740026
0.13764834
7.9727175e-07
3.0610056e-06
2.922371e-07
2.1514677e-05
0.9999994
0.75404066
0.029691782
3.194316e-05
2.0090627e-05
5.9643016e-06
0.18906811
0.9999909
3.279336e-08
0.5751897
0.0008810548
1.5466076e-05
2.5609647e-06
3.3715717e-06
4.2754396e-06
8.41638e-07
4.5109162e-05
5.849797e-05
7.314839e-05
0.45478213
0.00010464332
0.0029188346
3.4872394e-09
0.00021015803
6.921247e-05
4.1837294e-09
0.00010183268
0.57228374
1.5466076e-05
0.5559346
1.9564187e-08
0.9239107
