1.0
1.6790278e-05
0.00010421869
2.705547e-07
3.354012e-07
0.05448184
2.6808336e-06
0.02846478
0.0015833344
0.0015833344
0.9989077
1.7487588e-08
0.99995804
2.0259913e-06
7.524148e-08
0.0057833134
7.081344e-07
4.909912e-05
1.1420469e-07
0.0027777504
0.0012096668
0.000199349
3.6144115e-08
0.00047907454
0.0014149285
1.6975626e-05
0.9999986
3.3446662e-07
2.871155e-05
0.6733662
0.00010923679
0.07160613
7.8219955e-08
0.0002498902
3.5916823e-06
1.1350608e-07
7.887864e-06
1.6975626e-05
0.0015970332
6.570721e-06
3.655372e-06
2.9811754e-05
0.00013601067
8.93511e-07
0.9997428
0.9935524
6.620719e-07
0.9995554
2.8220404e-06
0.00055233994
1.0949256e-06
3.05757e-07
0.00051672664
7.453414e-07
1.294439e-05
3.3319586e-05
0.999961
0.00030689253
0.000459524
2.7223881e-05
3.05757e-07
0.00067529496
9.814141e-05
0.02422033
1.26488185e-05
0.00011600858
0.995505
1.111036e-06
0.00030998807
2.540157e-08
2.2300691e-07
3.2655421e-07
4.089904e-07
0.00040868254
0.9998898
3.7654758e-07
0.0017900366
0.16333346
5.9634544e-07
0.00027018765
4.9516343e-06
0.018130679
0.9942004
0.5062445
0.35683495
1.9907793e-07
2.3917921e-06
4.9074815e-06
1.4859855e-07
0.9970557
2.3721263e-07
0.8829345
0.9076536
5.8735877e-05
0.9998775
0.0015970332
0.2634205
0.00040269134
0.00036422806
8.738248e-07
0.006593503
4.0329752e-07
0.00022545825
1.5123303e-06
0.006278539
1.2309857e-07
3.8243186e-05
9.769612e-05
1.2317514e-07
7.960508e-06
0.8561585
1.4991629e-05
1.5880183e-05
2.756471e-06
2.7253654e-06
0.012692473
3.2428732e-06
0.9999931
0.050754093
1.6998396e-07
6.1900096e-08
0.00018399849
0.0005633292
4.1345796e-08
0.0002057522
2.7453047e-05
0.0020831344
4.0891902e-07
3.7579415e-08
0.22345363
5.6450757e-05
2.4006147e-07
6.1415983e-07
0.00035249823
0.004302116
2.8676568e-06
0.99777895
1.8700763e-06
0.00031692995
7.400676e-05
4.2641204e-05
0.0003931142
1.4494877e-05
4.604396e-08
7.230712e-06
0.99951726
1.4080256e-05
2.269918e-05
9.907639e-08
2.7618164e-05
0.995505
0.005900845
6.9909192e-06
1.4859855e-07
0.99951726
5.0551116e-06
1.4859855e-07
0.00015589225
0.00035691174
3.604111e-09
0.018643247
1.8884049e-06
0.015322548
0.99607813
0.0006079389
5.3618704e-05
3.708602e-05
3.658884e-06
0.9042734
0.00030689253
6.4967634e-07
6.977722e-05
0.005578666
0.15683512
4.33144e-08
8.6591655e-07
2.909606e-06
0.74304986
3.6555535e-05
0.0025970764
0.9998293
1.9301087e-06
4.4699883e-07
1.072148e-05
8.187177e-05
2.4708781e-06
0.012692473
0.00011605096
0.22058162
0.0007660048
0.048136182
0.9999958
1.3502482e-05
0.071826726
4.5005392e-05
0.12107397
5.5796854e-06
4.2975532e-07
0.00013442207
1.8305096e-09
3.7287118e-06
0.89909554
0.96601796
0.0010297578
1.0266735e-10
1.0266735e-10
0.008079711
0.0002245994
2.4317865e-07
1.4484709e-06
1.5859072e-08
7.179455e-08
1.2670292e-08
0.08603898
6.6388925e-06
0.00012007188
0.000121594865
0.0006718744
0.9970557
4.4599258e-08
1.9301087e-06
1.635203e-06
0.0005624469
4.3422273e-07
0.00014011383
1.4399782e-07
0.0004424818
0.9999537
1.8700763e-06
3.082861e-08
0.99127156
0.22701316
4.6300946e-07
0.0044979104
6.1865203e-06
0.49015474
0.00044848296
0.9839364
0.03147826
3.8227168e-07
0.0005633292
0.014528341
0.999998
0.0065314197
9.273534e-07
2.5678179e-05
0.99999905
6.776555e-07
0.015322548
1.1468967e-06
0.000115582916
3.3546564e-06
2.7453047e-05
0.0011958196
6.1415983e-07
1.18313e-07
0.05011076
0.2019457
1.0118723e-06
9.5815274e-05
0.8862212
0.99997413
2.9714315e-09
2.9597568e-05
1.9707855e-08
2.6419044e-05
0.033500083
0.14552872
0.00012007188
5.8537466e-08
0.01683934
6.3783517e-07
4.104416e-07
1.0488346e-08
2.5678179e-05
0.0004609652
4.758518e-06
0.0012555532
0.0013622228
0.0004179376
0.986311
5.722345e-07
0.0005362603
0.000114575116
9.907639e-08
1.7390885e-05
0.64295864
0.9942004
0.04344023
6.323158e-08
0.00283347
1.601251e-07
1.1833475e-05
0.15683512
2.691819e-06
0.74304986
1.0412798e-05
8.976045e-05
1.3502482e-05
0.9995554
