1.0
0.00072047266
0.00016694081
0.00474113
9.130249e-07
0.0017657139
2.4547237e-06
8.776624e-07
0.00048641488
1.0842523e-05
1.8938237e-05
8.6272985e-07
2.5532586e-06
0.9998335
0.00044469288
0.02788038
0.00029730893
0.00436703
5.598435e-05
1.4007886e-09
9.5123476e-05
7.8717385e-05
0.99999976
0.422803
0.7521269
1.2014372e-07
0.037287954
0.37827063
7.2914963e-06
2.1088412e-07
1.7675713e-08
0.22716697
0.15829726
2.400871e-07
0.00014553539
1.3093523e-06
1.2154707e-07
4.3362932e-05
0.99985987
1.7521395e-05
3.558151e-08
5.530737e-08
8.2671046e-05
5.0187307e-05
7.538467e-05
0.00067950995
8.604082e-06
0.0012725942
0.00035165646
2.3923862e-08
4.4735742e-08
1.0632041e-07
3.5239676e-09
3.7487617e-09
3.3821914e-05
0.003421351
5.1532356e-09
9.566621e-07
3.1416323e-06
0.0054366137
6.126456e-05
7.4561586e-07
1.6841634e-07
8.623577e-05
0.95417804
1.5192963e-07
1.1630723e-09
0.07052464
0.9999853
1.3156668e-07
0.0054366137
3.472891e-07
0.008323713
0.99956864
2.5971783e-08
0.13107817
1.5523884e-07
0.0003405605
0.10372564
0.0003628214
0.9999966
5.8811987e-05
7.8717385e-05
8.23209e-06
5.95141e-07
0.8643394
8.0857774e-08
1.1988678e-07
0.00078968273
0.979457
7.4561586e-07
2.475249e-05
0.001001481
0.05452079
0.99955964
0.000824285
2.0913488e-07
0.004831996
3.6678234e-08
0.32213885
3.5083679e-06
0.0001122569
0.02150034
0.00058228645
0.6215543
1.765402e-06
1.3771935e-06
1.0052703e-08
0.9437292
1.0064011e-06
1.9443823e-06
1.3671263e-07
0.000702563
8.537442e-05
0.0003405605
0.0052300147
0.007719038
0.0058772336
0.025514552
0.00027442013
1.44985e-05
2.1894127e-07
6.3049774e-05
1.1495683e-05
0.00018608359
2.4149016e-05
0.00037900338
1.615341e-05
0.9999263
0.91744643
0.000101239646
6.2424424e-06
6.5646745e-05
0.00012310605
4.785557e-05
1.6153224e-05
5.598435e-05
4.4077497e-06
1.0636808e-05
3.1869222e-05
4.2238353e-05
0.043017507
3.219933e-06
3.1898472e-07
8.638794e-08
0.7625435
1.0842523e-05
0.0034202195
3.7267282e-07
3.5339256e-06
0.00032496394
2.5971783e-08
2.8314923e-07
9.262785e-09
0.98604107
3.190413e-07
3.8149046e-06
1.4626986e-08
4.1205195e-07
3.0901086e-07
8.0857774e-08
1.3911189e-08
0.0006998039
8.5105576e-08
4.9469427e-06
6.5826905e-05
0.13107817
0.00013831699
1.0047431e-08
2.650956e-07
0.99999475
7.538467e-05
0.07052464
0.11276225
7.609864e-08
4.2741084e-07
0.0001336923
1.5514485e-07
0.9945033
0.0004415405
0.00010132879
3.8882519e-07
0.13451724
2.4851064e-07
2.4210592e-06
8.604082e-06
3.7717903e-06
0.00025283193
3.1898472e-07
0.99608386
0.99840325
2.0489008e-09
7.9616186e-08
4.9153135e-07
3.273978e-09
0.0001122569
5.2585966e-07
2.5161798e-05
0.03517809
4.73125e-07
6.3049774e-05
0.000119362056
1.5514485e-07
0.001001481
5.028374e-08
0.9071987
0.94455564
0.002165965
2.6657395e-05
0.00014369917
0.033850357
1.1052099e-06
0.033512283
1.5203648e-06
3.5515484e-06
5.1479074e-06
0.0057070814
9.330273e-07
0.00046896355
1.3094536e-05
7.479632e-07
0.018102178
2.8672414e-07
1.2806156e-08
8.50397e-08
1.6723703e-05
0.0002131654
0.99998885
3.3640255e-08
0.01169754
0.004831996
0.1356058
6.3058513e-07
2.8314923e-07
8.711275e-10
2.5993546e-07
0.5701313
0.006579248
2.0161433e-05
3.5030436e-05
4.531681e-05
1.2342201e-06
1.0286601e-06
0.000127849
3.3398286e-05
0.00022324685
0.8237932
4.0876916e-05
1.1499438e-08
0.00052701554
1.8558866e-07
0.0002605064
0.00020646755
0.98897415
1.1988678e-07
5.4926055e-09
0.00014659223
4.9442075e-08
0.9982665
6.652257e-07
0.00011547991
4.0876916e-05
3.653814e-06
9.000294e-09
4.0842187e-09
3.1711436e-06
0.000127849
1.3894324e-08
6.663737e-05
1.4645293e-06
0.9999996
2.4227631e-07
0.11492215
2.264504e-05
1.5952482e-08
0.024289954
7.6623684e-07
0.99930745
0.0021699737
1.4006312e-06
8.10605e-05
0.09763068
1.5497599e-05
3.5339256e-06
2.9558316e-06
0.00020646755
0.8183219
6.726242e-09
1.4206013e-06
3.653814e-06
1.2114043e-07
0.00037077503
1.9118412e-05
0.003480542
0.00015933932
0.11276225
1.4059736e-06
6.597682e-08
2.175519e-08
2.467911e-06
