0.28000504
7.9062767e-07
0.9999509
6.4772255e-05
0.26991582
3.279954e-06
2.1107869e-07
0.37996414
0.012225212
3.042671e-07
0.0002845833
5.0465576e-10
0.6428021
8.745712e-05
0.0022006305
0.00049431453
0.8936042
7.3101837e-06
0.017408814
4.607384e-06
3.3894383e-09
0.79977083
2.4412266e-05
0.0057122386
6.0811306e-07
0.102122985
0.032085035
2.5959807e-05
0.1129223
3.8071596e-07
0.020663572
0.0017752673
0.093203954
4.887188e-06
0.003754001
1.409568e-05
9.916143e-05
0.0027624667
3.621091e-08
0.0061787083
2.1256953e-07
0.015819216
4.887188e-06
8.788016e-06
0.00066458853
3.7197562e-05
0.9990656
3.4009343e-05
2.3039637e-07
0.033356022
0.79977083
0.00030098515
0.0077148317
0.17527065
2.1107869e-07
0.9999915
1.460591e-08
2.1539929e-05
0.014370357
7.2874954e-08
0.0006190095
0.022035254
0.0028743274
5.1646126e-08
7.850042e-06
2.3920813e-07
3.7303046e-08
0.00010119978
0.0014354918
1.1046778e-06
6.0445536e-06
1.0
0.060465377
4.973784e-06
0.00017137811
5.8318732e-05
1.5603631e-05
6.5863305e-06
0.99289435
1.2290565e-05
0.0022118946
5.1726343e-05
1.5627791e-06
0.0010784139
9.636734e-09
0.9976195
1.0
9.562438e-08
0.9174867
0.9991996
5.638489e-06
5.6678546e-06
2.7800963e-06
2.7841555e-08
0.015822913
0.0004540328
9.1074675e-08
0.0010585004
0.005926949
1.1707833e-07
1.0814063e-05
0.0025560376
0.00043690563
0.00027351663
0.0019327722
0.55433595
0.042917304
0.8319559
2.5946096e-05
0.0017939849
0.9996874
2.3039637e-07
0.0008450924
6.791044e-05
0.0071622394
0.98268527
0.0071622394
0.17169225
0.0002624044
3.4056728e-05
0.0061787083
5.0465576e-10
1.4115168e-06
5.1230535e-07
1.8508964e-06
5.061855e-05
0.00650688
0.016830532
2.1481337e-06
0.0011808752
0.8596207
9.282283e-06
0.0010246832
2.3039637e-07
4.281805e-06
6.928543e-05
0.00085518573
5.01819e-07
0.0028743274
0.93651015
0.036156625
0.00010857009
0.00032734516
0.0014908698
0.011874659
3.6959427e-06
0.010156706
0.005625958
0.6456745
2.1124351e-06
0.000759015
9.8223616e-05
1.3396256e-05
1.5547441e-07
0.0001439098
1.035333e-06
1.0253507e-06
0.9999921
2.5106143e-05
0.0009037834
7.427529e-07
1.9297866e-08
1.3184327e-07
0.0017877963
2.140947e-06
7.34465e-05
5.046265e-07
0.90300316
0.95029217
0.0038269823
7.80101e-06
0.9987777
3.6636745e-06
0.007923011
6.301677e-05
3.5946637e-06
6.054085e-08
0.00017821963
0.0038269823
0.042917304
0.00014586883
0.00076047855
1.50293e-06
1.5357416e-05
0.008699225
0.95029217
0.73650575
2.317755e-07
3.6636745e-06
0.006878254
1.1953302e-06
0.005425806
8.061768e-07
0.0038388988
0.006878254
5.1352716e-05
6.5863305e-06
0.00063054176
1.5451084e-06
0.9974649
0.0019102269
3.6984528e-07
0.7463551
6.3624226e-05
1.776644e-07
0.31504878
0.000988506
0.00056788506
0.0029422124
6.200087e-05
0.0019357291
0.00020956554
9.958571e-06
4.2754477e-06
0.99868155
1.1124589e-05
2.3039637e-07
0.00021151395
8.8868063e-07
0.537657
4.0670645e-07
0.4576573
0.008572106
4.815069e-06
3.727009e-06
6.960875e-07
2.3387472e-06
0.00029195845
0.000354194
2.1694355e-05
0.001311749
2.9371531e-05
0.0025857438
4.5900822e-07
0.008527409
0.5716903
5.289136e-07
0.019053493
1.2843143e-05
0.9898088
0.00016531763
0.00013504608
0.00063054176
2.0858726e-08
6.197084e-06
0.00028540444
1.7792939e-06
0.978313
1.8790328e-06
0.00010885226
0.0002472496
2.1886527e-07
0.9690582
0.04749932
0.0017519338
0.9933384
0.0050888825
0.015822913
9.474314e-08
2.799065e-07
4.3018517e-05
0.0007658128
0.0015218831
1.0186596e-06
9.651175e-07
0.99999475
0.114416614
1.111795e-05
0.9999991
0.016234323
6.928543e-05
0.004165168
6.995284e-05
6.628429e-05
0.99999154
0.008787295
0.17306016
0.31388783
6.628429e-05
0.0025560376
8.093528e-06
0.0245521
0.17299423
4.641018e-05
0.3051847
0.00026343265
0.0047726985
2.0858726e-08
0.973735
0.44272217
0.04799073
1.3871433e-05
0.00053468114
0.00085387594
0.030121358
8.6869095e-06
0.99999857
4.4369626e-05
9.042117e-05
0.94851214
