1.0
1.0
1.0
3.112242e-08
0.9999973
7.264991e-07
5.416913e-05
3.2190248e-05
0.0003312584
1.1349006e-07
0.031527482
1.5856219e-07
4.958418e-09
2.9263528e-08
2.3488273e-07
0.00014985498
1.9066061e-07
0.0009893498
9.080924e-06
2.1996597e-05
0.00024423093
0.6926778
0.00020403344
0.00014483683
2.8652716e-05
0.30668303
0.5471903
0.00025359096
1.3509127e-05
7.730489e-07
0.99990094
8.096501e-07
5.5082077e-05
1.8992665e-08
5.1167643e-08
0.00064445933
1.0719272e-07
7.759273e-07
0.97579026
1.9533752e-09
2.2055927e-08
0.004824893
1.6623716e-08
0.999934
0.016105995
3.015393e-07
0.0030984255
3.5440337e-06
0.99803185
2.2931901e-05
1.6625905e-05
1.3464071e-07
5.2987057e-06
3.4183588e-06
3.3941237e-08
1.5030402e-07
1.4442155e-07
0.012273501
5.989933e-09
0.010600208
0.0012002004
4.672313e-08
3.2038224e-05
2.34791e-06
7.3050105e-05
0.00984855
0.029532783
7.012977e-05
0.0006933322
3.1861032e-06
4.5842764e-08
0.20011893
1.6623716e-08
0.0011249861
0.000305236
3.2579501e-09
1.805084e-05
5.927851e-06
6.383399e-06
0.31247666
0.017547956
1.94038e-07
0.0001907959
2.9304024e-06
4.920632e-07
5.7338717e-08
0.00031239862
0.06114118
2.7456765e-05
0.9994561
0.45594582
8.306532e-08
2.3444275e-07
0.0006440479
0.0021623538
0.000277165
4.46515e-09
3.112242e-08
4.7954824e-08
2.6525112e-07
0.94972384
2.0896055e-06
1.0712691e-05
0.71943516
8.927521e-07
0.00013379406
4.6033827e-07
3.8468504e-05
0.9999939
0.053133328
2.6738223e-07
3.0339252e-06
5.332031e-05
6.4254536e-08
0.000428286
2.1122972e-07
0.024684835
0.5483781
2.6387076e-07
0.0008820292
8.452141e-07
4.958418e-09
0.0002239679
5.355516e-07
7.264991e-07
2.0896055e-06
0.00066941266
0.0007502854
1.7112791e-07
0.00020403344
1.0841698e-07
2.016319e-06
0.00021797628
7.4926696e-08
7.239816e-10
0.00042968008
3.5222074e-05
2.229154e-08
2.9649168e-08
0.0002648159
1.2989947e-05
2.4954832e-06
1.5016664e-06
0.23354256
8.306532e-08
0.00014366409
4.5361617e-06
8.169222e-07
1.5330842e-06
0.97008175
9.268347e-10
2.3636716e-07
1.3992591e-05
3.628127e-05
7.839396e-08
2.9892995e-08
2.043432e-06
4.5060136e-07
3.9115932e-08
9.699287e-05
0.5855839
2.1365297e-05
0.10963193
8.8375325e-09
0.0037672173
0.0005091852
5.764661e-09
0.007472701
2.0713223e-05
0.0001858848
0.99999577
0.0042952825
1.1723334e-06
0.016038913
0.0005849403
0.0018431839
0.0002265417
4.7451226e-06
8.306532e-08
0.2118721
0.118004955
4.25938e-06
0.00867009
6.167622e-06
0.001965909
0.02385331
8.170794e-09
0.00060470996
0.00075724855
4.751317e-07
7.4921363e-06
2.393802e-07
6.326431e-06
8.709508e-05
0.00021207212
0.51094675
7.0874107e-06
1.7911029e-09
1.4366329e-06
0.9917403
0.003594921
0.056879424
3.000773e-06
8.894743e-07
1.3509127e-05
0.9819657
1.5800067e-06
8.295943e-06
4.7003803e-07
1.1576125e-05
2.48936e-06
2.1355918e-06
1.9572231e-05
2.2220296e-07
0.0029137156
4.0990594e-06
1.384265e-05
8.023802e-08
8.1753186e-08
2.4281994e-06
6.5743166e-07
2.320038e-06
0.00013379406
2.006139e-09
1.2570018e-05
0.0014020395
3.4269306e-05
0.943235
2.2158899e-08
0.00085190317
6.368572e-08
0.0038973375
0.9929385
0.0067214607
2.822732e-06
3.8588883e-09
1.2216932e-05
4.856443e-09
5.991849e-06
0.00092602964
0.00049795076
5.1536103e-06
0.0001307996
0.00025078095
3.5236337e-07
0.005901749
1.1433062e-08
3.304998e-06
0.017853195
4.92272e-06
0.99908173
5.95985e-08
0.00044399803
3.259863e-10
0.00026119678
0.0001326667
0.023316177
0.010820653
1.1579001e-08
3.649944e-08
8.481557e-05
5.416913e-05
6.0068505e-06
6.351026e-05
4.576877e-07
0.97707725
1.1913085e-06
1.581205e-07
0.07451696
1.1773554e-08
0.00017222339
2.7784638e-06
1.64852e-05
2.7374877e-05
4.194665e-06
8.151993e-08
0.024067756
2.6371077e-07
2.9127797e-05
4.2084207e-06
3.1302767e-05
0.9997476
4.224108e-07
2.982727e-06
0.99954283
1.3056791e-05
1.0607572e-05
0.0020718637
0.99999046
3.747356e-07
4.0501115e-07
0.0011933299
3.649944e-08
0.981715
7.604046e-08
8.169222e-07
1.2870387e-05
0.0002464017
6.8075565e-08
3.2038224e-05
