5.406715e-05
0.027856585
0.9996251
0.2704159
0.9922125
3.4764435e-05
1.43214465e-05
2.992009e-06
4.1742414e-06
1.3219725e-08
0.004458671
1.1424058e-06
0.03847606
7.0316723e-06
0.02187216
0.96210873
7.3537312e-06
0.99998736
0.0019963223
0.69750065
1.5504236e-07
1.0874295e-07
1.0756091e-06
0.9963372
2.8307086e-08
2.6791678e-05
8.161187e-08
1.3759409e-07
0.00016306616
3.425293e-06
0.00037363474
0.999996
0.0016661714
3.376348e-08
5.0609087e-05
0.00018824542
0.0008870177
0.008917425
0.8221237
4.2908636e-05
3.6253e-07
0.0006734055
0.9999999
0.0058396286
5.4939824e-06
0.00046166067
0.99999994
4.1916632e-08
0.004170551
0.012710927
0.9995837
0.015976377
0.80229086
4.7829406e-08
5.5700516e-06
1.575082e-08
0.00035675085
0.10841971
6.6162145e-05
5.096815e-06
5.2299227e-05
0.008276579
0.033909623
0.011200157
1.2002043e-06
0.0012476102
1.1785362e-05
1.1968427e-06
0.05215542
9.851501e-06
2.9961214e-07
4.6521372e-06
0.015976377
0.7482608
2.3832307e-09
8.9546816e-08
0.05112999
2.1635929e-08
7.118871e-08
0.00022163078
0.001012046
0.0006977129
6.868674e-08
5.8557345e-07
0.00010551224
1.2790396e-06
9.640853e-05
0.0005527913
0.02187216
5.434253e-07
1.1973793e-06
0.22675952
4.6030974e-07
5.478647e-06
1.8460963e-05
7.773156e-05
5.699454e-07
0.44286457
1.0208895e-05
0.16089033
9.882206e-06
0.0016518806
0.15088727
0.00047712857
0.0030123205
1.9618838e-06
6.631242e-05
0.9997928
7.092114e-05
0.00019197584
8.670455e-08
6.036909e-06
0.014714822
0.0010168861
4.5712743e-05
0.000281901
3.7691684e-08
2.6800816e-08
4.5096862e-05
2.0041314e-05
0.9936043
4.677057e-07
0.19762851
1.8042866e-07
2.1713237e-08
1.1925524e-05
3.1034624e-06
0.0001401558
2.3267732e-07
0.00041088025
2.551567e-09
0.00047712857
0.019581208
0.15219946
2.3613493e-06
1.1424058e-06
0.99174714
0.9999995
0.076151155
1.8547595e-07
1.9331722e-08
0.0014761961
3.056665e-06
0.0018592577
3.7529238e-10
1.2651919e-05
0.020094234
0.075093366
0.00036777832
0.00042014624
1.7622175e-05
1.8805135e-06
1.4088941e-07
5.909701e-09
0.006355619
1.001121e-05
2.5232659e-08
1.047239e-05
3.4870563e-06
7.070419e-07
1.653625e-07
0.999251
0.17954879
3.2796865e-07
9.0482516e-08
0.0004639129
0.00016265124
0.0003206004
4.0149977e-09
0.00019219781
0.0041059633
3.2265184e-08
0.030526288
0.7482608
0.7272977
4.414392e-09
0.0018319042
6.6162145e-05
3.952947e-09
0.00074057834
2.3693053e-06
0.0004639129
0.00084537506
0.0005974803
0.04251363
0.00016306616
6.107587e-08
0.022845063
9.32257e-07
4.2665172e-07
1.3028118e-06
0.016036542
2.3693053e-06
0.9997535
0.6639875
1.9577794e-06
4.0962016e-09
1.6546782e-08
0.0012763743
0.23242192
0.0013402017
2.696228e-05
0.014714822
9.438483e-05
2.3783056e-07
0.001918327
9.3896324e-07
0.002180881
0.11510408
0.0010286772
0.99997014
3.5181063e-08
0.0011401523
0.0016661714
7.721573e-05
0.18821706
0.00038491667
3.1432926e-06
0.0050675827
0.006032587
1.2686398e-08
0.000979375
8.161187e-08
0.030526288
0.0006417395
3.2165456e-08
0.00063428475
2.3655573e-06
0.015148816
3.988484e-07
0.00418858
7.070532e-05
1.370669e-05
6.1345187e-09
0.018902037
1.7199553e-06
0.00043063753
0.9999598
4.9120805e-05
2.2745193e-07
1.2651919e-05
8.150311e-09
6.38353e-07
2.2172765e-08
0.021480327
0.22178407
0.38445836
0.99163127
0.98375046
0.90560615
5.8179754e-05
0.0007938982
0.5007661
1.8805135e-06
1.3881543e-05
6.126558e-07
2.587325e-06
9.468092e-10
4.8912682e-08
3.5887927e-06
3.1373744e-05
0.0010845249
0.00023660119
6.2346135e-06
2.8825506e-08
7.8808625e-07
0.0057690633
7.1902506e-09
0.00012098604
5.91765e-06
0.0024427036
0.98948175
3.2349917e-07
0.9938187
7.006874e-05
4.4499857e-06
0.9963372
1.3219725e-08
2.1941115e-07
0.034867965
7.1902506e-09
1.0943161e-08
0.98435426
0.0016661714
0.0003582257
0.9123229
9.779786e-07
3.408945e-05
2.1423977e-05
4.449021e-05
9.0482516e-08
0.5651795
6.4673472e-06
5.109021e-07
0.00035675085
9.5936e-09
0.0006114953
0.37688926
0.00010873763
3.6692512e-05
