1.0
5.8659964e-08
0.36224458
0.11558644
2.5622041e-05
0.070776865
0.00037001973
1.8468781e-05
5.3373005e-06
0.16745454
8.332552e-09
0.022327544
0.0014389819
2.3263701e-06
0.0021382987
5.4593234e-05
0.0017036524
3.42248e-08
0.0035697457
2.523593e-08
0.0058099474
0.4053496
2.171491e-06
0.9955752
1.7705526e-05
1.4849967e-07
0.0050593405
0.0040506893
4.4679084e-07
0.23445322
2.3587761e-07
0.052581053
6.6567496e-05
0.00019612897
0.00012145534
0.9999654
0.00015715206
4.755741e-08
2.1899837e-06
0.058527265
0.0074840905
0.9999359
0.29762924
1.92414e-05
5.3424233e-06
0.19213709
6.1776935e-09
2.2360556e-09
0.00056819286
1.9181602e-05
5.8659964e-08
0.9942004
0.010447305
0.00084299163
1.1929867e-08
2.3309175e-07
4.1797162e-07
0.93620145
1.0384799e-07
0.00065806333
8.448278e-06
4.734997e-06
0.99542147
4.3431073e-06
3.691997e-06
2.421241e-07
1.7156287e-06
4.2223e-07
0.8135801
9.117853e-05
8.077968e-07
0.007579795
0.00029191838
0.0012864481
0.00012676533
0.05258103
2.987806e-06
0.3001191
0.002212427
0.001110662
2.8464776e-06
0.0096397875
9.924714e-05
3.8277958e-05
3.831016e-07
6.5120666e-08
0.14542891
0.8979653
9.931959e-06
0.45988962
1.11806185e-05
6.283926e-05
0.031406775
2.0819243e-07
0.00064594834
0.14542891
1.8468781e-05
1.5365797e-05
0.89291364
7.294295e-08
3.600808e-07
4.1969095e-05
3.314332e-05
7.84377e-06
1.3177593e-05
0.0018044164
0.02279191
8.4796004e-05
5.331294e-05
0.97792214
5.698209e-05
0.06866933
0.009598232
0.002611527
0.00035775884
0.00076773856
0.085914366
5.4627967e-06
8.967515e-07
0.00024355474
1.225931e-06
2.2585564e-07
1.4989863e-07
0.7138665
0.017704105
0.587022
0.9999996
1.0945876e-05
0.0013661042
4.5271798e-07
0.000822183
0.09895326
3.0212624e-07
1.5131927e-07
1.9231054e-05
3.9186234e-06
1.340405e-05
7.1655327e-06
1.797097e-05
6.066187e-08
9.267998e-06
1.1517234e-05
0.00042684152
2.4069745e-06
1.5593427e-05
2.729524e-08
2.5854545e-08
2.321777e-07
0.32827502
7.181235e-07
4.4925593e-05
1.3686229e-06
9.850822e-07
1.2710039e-05
1.1959337e-05
1.4695491e-06
0.34834707
0.26979667
0.99951386
0.0032841128
0.8824533
3.001163e-07
0.0016232467
0.002176076
3.1503805e-05
0.004751918
1.9426278e-05
8.454393e-05
1.4517374e-06
4.3528325e-05
5.153335e-06
4.734997e-06
2.5854545e-08
9.662966e-08
0.014397823
0.00044803877
2.6475112e-05
0.09895326
9.544372e-06
0.0017685858
0.0005312628
9.033074e-06
0.0016220649
0.00034973604
4.999341e-07
4.541614e-08
2.786954e-09
0.02317043
0.00028868075
0.07151907
0.002176076
1.5517431e-05
6.359674e-07
5.5699866e-07
0.0005012442
0.10103123
6.620044e-08
6.591167e-08
0.03360049
0.20896842
0.02716907
2.3309175e-07
0.9891587
0.006735036
7.752292e-08
0.0847472
4.492555e-05
5.5718312e-05
0.000822183
9.594053e-06
1.1994024e-08
6.270075e-08
0.0019302095
2.3500872e-06
0.57738096
0.008463919
5.0185054e-08
1.3540524e-06
3.8706257e-05
7.254481e-07
0.10750073
4.791731e-05
1.1959337e-05
1.213912e-05
0.000647187
0.0008062811
2.6599716e-07
0.16745454
0.000308676
6.501369e-08
6.4794103e-06
0.00028868075
0.0004525574
4.885702e-06
8.4261137e-07
0.99936193
0.0828236
0.0619552
0.06481627
0.00014959728
0.00026341857
1.2758952e-06
0.00018387676
0.92862374
7.611003e-05
0.0017036524
0.009246296
0.070176184
9.704543e-08
3.477796e-08
0.0015948496
0.0040506893
0.00027716788
9.694346e-07
4.541614e-08
0.0003454835
3.8277958e-05
1.2210433e-05
8.1497836e-07
0.007077457
0.99957263
0.587022
1.3182239e-07
1.340405e-05
9.8702735e-08
0.002212427
9.267998e-06
7.364631e-05
6.2274826e-06
0.0028964255
0.00043662335
0.014397823
7.678917e-08
9.2785974e-08
7.251608e-06
2.4781934e-07
0.9940056
1.017908e-06
1.69039e-05
5.6187632e-09
6.571225e-05
0.014127108
0.032681618
9.840393e-06
3.8476237e-08
3.3157032e-06
4.5271798e-07
0.99999994
3.762328e-05
3.600808e-07
6.359674e-07
0.0014389819
9.554272e-06
0.23445322
0.014127108
8.332552e-09
1.9318215e-06
2.0041945e-05
0.014753282
0.047931463
