0.9970336
1.0
1.0
0.9948168
0.999878
0.9999998
4.8551934e-05
1.8844684e-08
5.732133e-07
0.00012418497
0.0010137752
0.99957484
1.3595725e-06
1.7408573e-09
8.858976e-07
2.28125e-06
1.0869247e-09
2.69506e-08
1.5327522e-07
1.9711465e-06
0.001149553
1.561517e-07
1.1864505e-05
7.4316665e-07
0.03425868
1.5755177e-08
0.00010488328
0.002895116
2.4291856e-07
1.5000073e-07
2.3839628e-09
0.00036517216
0.00014329102
0.7747357
6.4329095e-07
1.218956e-06
6.872487e-08
0.9466665
0.9868919
3.6829347e-06
9.490661e-09
0.00048483914
3.3760891e-06
0.12385485
8.051909e-06
2.4002373e-09
2.7991069e-08
1.9915579e-07
0.00020246602
6.779384e-09
4.4460982e-08
3.282202e-08
4.2759552e-07
0.33559525
6.306733e-06
2.8112183e-07
7.7979894e-05
1.23862085e-08
6.2753634e-07
5.6503273e-09
0.00042967024
0.2391418
1.3573032e-08
3.3760891e-06
2.0356079e-07
0.2554726
0.87381256
4.553912e-09
1.2253325e-06
1.0707124e-09
3.6829347e-06
9.015922e-06
7.4143776e-09
1.3212642e-08
9.115889e-05
1.7482591e-07
8.297344e-09
6.5628404e-07
0.12560023
6.128297e-05
0.00010137808
0.99915
0.00038026282
4.332605e-08
0.0005779609
0.014132462
0.0063738544
2.7010196e-07
8.255011e-08
0.00031280963
8.457981e-08
0.0015370314
0.64175016
2.217197e-05
3.1864175e-07
0.0018941117
0.9979389
0.15699816
5.990021e-06
1.8866402e-05
8.076798e-05
4.8983447e-06
0.4739556
2.6048665e-09
5.7268688e-05
1.8068849e-07
0.00036334438
2.8758875e-05
0.00025198868
0.00015341252
7.339427e-05
6.779384e-09
0.00044811715
4.1022552e-08
0.06546983
5.736613e-06
2.8866256e-05
0.030110028
9.702739e-10
0.0003062028
0.999888
0.99923843
6.362213e-06
6.334652e-05
3.6423895e-09
0.00085572124
3.268115e-08
2.5230575e-09
4.6321835e-05
4.227274e-06
3.430753e-05
0.90140057
2.5483388e-08
4.5264073e-07
0.47127464
2.3775158e-08
8.521523e-06
6.3163e-08
8.950767e-09
1.2443187e-05
1.2341329e-06
0.0021408317
0.351055
0.0040629325
7.70967e-10
1.7494998e-06
2.4845004e-09
3.1408987e-10
0.00062226853
2.5302517e-05
0.00036171262
0.8620807
9.015922e-06
9.912757e-09
0.99777883
2.6643357e-07
8.165101e-06
2.0498733e-06
0.00013454094
9.438094e-09
0.007163497
1.6335354e-06
1.6465154e-05
4.0748677e-08
4.7730504e-09
1.9882809e-09
4.8995133e-07
8.7286056e-10
3.6539706e-07
2.201966e-07
1.218956e-06
2.7736396e-08
2.1039693e-08
6.813469e-05
2.5828755e-09
1.7300673e-08
0.97282887
0.7723145
2.9512487e-06
0.007457145
0.030347649
3.9797072e-07
0.0020876403
2.7528726e-09
0.10844276
0.00095992064
1.23862085e-08
0.002894241
1.2991471e-05
0.0029341565
5.7363194e-09
7.6078163e-07
0.32904533
1.1413207e-09
0.0011345629
3.5698206e-06
9.062449e-08
4.751063e-08
1.3777444e-08
6.110183e-05
0.0016099649
7.70967e-10
0.00021743949
0.0014445598
0.005478407
0.30006033
0.0015370314
1.9456556e-09
0.00013987701
2.906811e-07
1.097395e-05
8.457997e-08
2.6886403e-07
1.5802855e-06
0.8659842
0.47476113
0.00019982019
0.64356846
5.2631616e-08
5.8694436e-08
8.042909e-08
3.7205397e-09
7.75359e-09
3.6233068e-09
3.767573e-08
2.2727516e-08
9.925414e-05
0.00035672076
6.168841e-07
0.0003567206
8.789794e-08
3.3327826e-08
5.431676e-05
5.39149e-08
0.00070708554
1.2477505e-05
2.4635838e-07
0.001591179
9.510707e-08
6.657065e-09
2.365308e-08
2.7374459e-05
1.5039222e-09
9.8250785e-05
2.8691284e-06
0.1447975
1.7368028e-07
7.9778744e-07
6.9735473e-10
4.7872575e-08
7.180454e-07
3.0720138e-08
4.0735035e-06
8.39544e-05
0.00036517216
3.0159185e-08
1.4874539e-05
2.6374476e-09
5.7395175e-07
2.462348e-07
2.509377e-06
2.1682796e-05
6.7411616e-05
4.772188e-07
0.99923843
1.6581255e-07
0.00062226853
2.5521913e-08
5.963222e-05
7.2381525e-08
9.51253e-10
0.00011377827
7.399331e-06
0.052523013
0.00070708554
8.165101e-06
1.2567861e-07
0.00069069024
0.35614303
3.6014538e-07
0.9859768
5.2965534e-06
2.4415303e-09
4.7288233e-07
0.015337462
0.011282477
0.03243572
7.9624236e-08
2.7528726e-09
3.1801825e-05
1.1406032e-08
0.9611282
3.083741e-05
1.6725463e-07
9.68029e-05
3.6423895e-09
0.053981014
0.735895
4.8834943e-07
8.941488e-05
