0.97526443
1.3238801e-08
0.483717
0.0129284905
0.0077806683
0.13086224
0.28040305
8.147529e-06
2.1604732e-05
0.21918625
3.2375335e-06
1.00422625e-07
0.8668685
6.889956e-07
1.7384201e-07
1.9978286e-05
5.147285e-07
0.6781267
0.0052566766
1.0171442e-05
0.000118747426
3.595946e-06
1.420615e-05
4.8569174e-08
0.23674099
3.4295383e-07
2.132241e-05
0.00042683317
0.6949209
7.55209e-07
4.7850573e-08
0.0028226464
0.8820846
0.0004696462
0.39128616
1.8711543e-07
0.26681626
2.2301529e-06
6.010048e-06
0.99130374
3.5683053e-05
0.00014907312
0.13423613
8.592073e-05
0.18391317
0.99999815
1.10499195e-05
1.1891805e-05
0.03014751
0.0005638707
1.0272503e-05
0.0030600955
2.8385975e-07
0.0014984059
0.007991082
5.514915e-08
0.00033393042
1.6280952e-05
0.00053922593
1.0133508e-05
0.13423613
2.2387212e-06
1.6670539e-06
1.2495211e-05
3.1886307e-07
2.5473483e-07
0.09243653
0.00029046863
7.4989465e-08
0.0011186837
0.0018226018
9.2417594e-07
0.10614438
2.1043743e-06
0.99216473
0.00012021898
1.1468387e-06
0.002017723
0.027041977
1.2457022e-06
7.333817e-08
1.1565067e-05
0.015272469
2.6148143e-07
5.3631105e-08
1.7628377e-05
6.206612e-06
0.9964825
4.1104718e-07
5.1325696e-07
4.5635488e-07
0.012375716
0.38052607
1.5579248e-05
0.99999416
3.1540793e-08
0.022590443
0.7843016
5.795798e-08
2.4545445e-05
0.0058031124
4.3399826e-08
0.9999543
0.32078007
0.70349705
0.9735867
0.0012655491
0.023521386
0.00090808293
9.305893e-05
0.0011795779
8.777176e-05
0.00046316462
0.04102106
3.3771678e-06
0.09276867
4.167472e-05
0.00010921201
7.8511905e-05
1.8542023e-07
0.0004487549
3.882686e-07
0.0017231322
6.587221e-08
0.055876408
2.9466844e-06
0.072395295
2.2661864e-06
5.147285e-07
7.38914e-05
0.00017291152
1.6930348e-06
9.937841e-06
0.0028736112
0.000713336
3.5804132e-07
7.38914e-05
2.4545445e-05
0.5071272
0.9999827
1.5413349e-06
3.0364488e-05
2.6253258e-05
0.012992601
0.99294287
7.531067e-07
0.00021577119
0.0001457426
0.15127988
8.9173724e-08
0.00023463507
0.00069224276
3.0131185e-05
0.001014438
0.0014861637
5.6075887e-08
1.1382318e-05
5.092928e-06
3.9870233e-08
2.7856382e-07
0.9999991
0.6781267
0.00011736437
3.3944903e-07
1.03518516e-07
1.00422625e-07
4.8581158e-05
0.0058287894
3.96945e-08
0.0003024182
0.39317542
0.072395295
9.807236e-07
0.006238013
3.3486538e-06
5.0408858e-06
0.032128684
2.6505356e-08
1.5944777e-06
4.058288e-06
0.014957536
3.836256e-09
3.3134115e-06
1.3028021e-05
6.68247e-05
0.022030938
6.9415584e-08
0.0010373396
1.2495199e-05
0.014026913
1.345469e-05
3.571328e-08
0.23673497
0.003715847
0.0123674655
0.00028352768
0.32078007
0.00013789741
9.777222e-07
1.7590979e-05
1.3028021e-05
0.9982544
6.5112096e-07
3.830296e-06
1.4628486e-06
0.00013224359
3.3991576e-08
1.4976588e-07
0.9995241
1.12485374e-07
5.092928e-06
0.10425264
1.4907606e-06
0.8668685
0.0050637424
1.2637128e-06
2.1092958e-07
5.8184913e-05
2.4113484e-05
6.6389475e-07
2.5433372e-05
0.0001512016
4.9865856e-05
0.00010921201
0.004044532
3.3134115e-06
0.99741596
4.1019388e-07
0.5369751
1.2495211e-05
9.321284e-05
4.7987964e-05
0.0012993842
5.4377157e-08
1.0
0.0028591063
2.0880836e-06
0.9970262
0.99996424
2.6644586e-05
0.99637634
0.0024936325
0.010905419
5.1432e-09
5.7195845e-08
0.019458555
3.6619207e-07
0.00010677927
0.0056582633
6.055302e-06
0.5065757
0.0077650095
0.99995846
0.0034076984
0.00014183173
0.09276867
3.306487e-08
0.93483835
0.078838006
0.99999994
0.0003418496
6.54955e-06
7.9413246e-07
0.055099066
0.90887874
1.063557e-07
0.9051335
4.9865856e-05
3.817643e-05
3.0131185e-05
7.38914e-05
1.0999264e-05
0.97673064
5.514915e-08
0.014788241
2.0034174e-06
3.4597113e-07
4.6692218e-08
0.00014935712
0.00022649548
0.3475557
0.5065757
1.6466424e-06
0.0008759404
0.008931394
8.9173724e-08
0.0026247792
0.0028736112
0.87063533
1.6931059e-06
0.00011327509
0.0008847244
0.0009748924
2.0666954e-05
0.00032080925
1.4837255e-07
8.115222e-09
0.3924879
0.00029946584
3.2636966e-05
