0.9936235
0.9994424
2.846768e-06
0.8859343
0.0012858222
0.9998541
1.571216e-05
4.404714e-07
7.556701e-07
0.0009632344
0.00027798113
7.2133896e-11
7.045259e-05
0.02553042
0.038100842
5.5389503e-08
3.8620865e-07
1.082217e-06
0.000114451504
5.5389503e-08
1.082217e-06
2.209527e-06
3.0290278e-06
4.6442815e-07
2.197775e-06
2.7060062e-07
0.0053539076
0.12653144
3.0295834e-07
0.047738083
6.773919e-07
0.0035538378
5.5912906e-08
2.1467124e-06
0.00085952115
6.9103953e-06
7.713515e-07
5.2151445e-06
0.001757233
0.00017017897
0.003972034
3.5489718e-06
0.011973632
0.9998427
1.3268574e-09
1.6598278e-05
9.818531e-07
8.84186e-06
1.2359775e-06
0.4069779
0.0002816893
1.89385e-07
1.3803884e-07
0.012493523
6.990589e-05
8.382648e-05
2.7383371e-06
7.950677e-08
7.3638234e-06
0.0009275162
0.0009437559
1.2823263e-06
2.5201826e-08
0.0060413918
1.9998033e-05
2.6196089e-05
3.8562857e-06
2.4722265e-06
0.00034111823
6.5127333e-06
1.2535206e-05
1.1756746e-08
3.9749733e-07
0.0025369725
1.121439e-07
1.6793216e-09
0.0026077465
0.43122146
8.379956e-08
9.75796e-06
0.0012274659
1.0764869e-05
1.1380605e-06
0.00041057135
0.884454
3.9607076e-07
0.014508038
0.0012582594
0.001360825
8.475154e-05
0.0010961159
5.4249604e-06
2.400898e-08
0.016023824
3.14084e-07
3.922364e-09
6.478442e-05
0.9501316
0.97526395
0.0042080265
1.291421e-07
0.00012056523
9.944658e-06
1.4408823e-05
3.8937844e-07
0.00026631076
9.812523e-05
0.00066223845
2.4146667e-07
1.7860044e-07
2.973566e-05
5.3027372e-05
0.00033415528
0.9990622
0.40818265
8.276606e-06
0.0022080608
0.0009275162
0.0061585754
8.3051833e-07
0.705516
0.7878199
0.024686849
0.0005698112
0.000867575
0.12520002
0.0008431286
0.003067974
4.5302768e-05
1.4327144e-05
6.0843145e-06
9.944658e-06
0.6902442
1.0361515e-05
0.03415907
0.00021105664
0.9991991
3.22785e-05
6.990612e-07
0.00015709242
1.0723403e-05
5.2151445e-06
0.0005018672
7.067184e-10
3.393779e-06
0.99942917
4.577083e-06
8.136526e-06
3.076647e-07
8.8223845e-07
0.11179668
1.1967936e-06
1.1756746e-08
1.2367366e-05
3.467635e-08
9.634772e-08
5.0959984e-06
0.17456026
0.047062848
3.3208842e-05
9.167504e-09
0.90260035
0.00013538284
0.056663662
2.4480303e-07
0.003955161
0.8803366
0.009518389
6.6911916e-06
3.6604507e-07
9.75796e-06
2.3141178e-09
0.012493523
7.462146e-05
1.0760158e-05
8.1166385e-05
7.0310236e-08
0.0010605281
7.1482445e-06
0.00010048434
1.15727126e-07
1.0917955e-08
0.76744306
0.6925072
0.9917361
0.63790476
9.765194e-06
7.838153e-07
0.00070763455
0.9998459
0.00016466253
4.11309e-06
0.0014717072
8.980035e-07
4.572994e-07
0.1818904
0.0008512808
0.00030618004
0.056553297
7.374955e-06
4.8207202e-08
1.4613315e-06
3.48995e-07
1.0682085e-05
0.00041267337
4.3217956e-06
0.014579297
0.6925072
3.128758e-08
0.000120333105
6.633834e-07
0.0003895931
4.248497e-08
0.81736904
0.00018430066
5.981219e-05
0.0032568676
2.7060062e-07
3.304802e-09
1.3467591e-07
0.004790864
1.2782214e-06
2.034852e-06
2.400898e-08
9.808294e-05
0.00016466253
3.2693973e-05
0.0009275162
5.5394866e-09
0.0009780844
8.1166385e-05
6.932706e-06
0.118165545
7.899826e-08
0.99995995
0.044447765
0.0009423282
6.722558e-06
0.0022501796
2.235503e-07
2.7228012e-07
7.051584e-05
0.00083852775
0.12350031
3.936873e-06
3.5804266e-08
0.01769549
0.00051452464
7.7431577e-07
3.084284e-08
2.112901e-08
0.0026077465
0.037838712
0.00080214744
6.5724635e-06
0.00023664226
0.86077476
2.0286054e-06
0.09037258
2.801262e-10
9.817024e-05
0.00024350085
0.00023654594
9.079228e-07
0.039451726
2.9556236e-07
2.8976856e-07
5.396302e-06
0.0010605281
3.4771325e-08
0.016023824
0.00018974763
3.3520712e-07
0.054574326
2.6125736e-06
0.00033137182
4.7200065e-05
0.31796682
0.06565247
0.6702406
5.984522e-05
0.0001597708
0.0003136398
0.9898974
0.00023664226
5.6874384e-08
0.04595167
7.6969236e-08
1.4255805e-09
3.14084e-07
6.0981584e-08
0.05533384
0.0003214724
0.99603426
5.059612e-07
1.5264814e-05
0.00032328945
0.00041305594
3.412139e-05
0.9997793
