0.99278885
0.0043182042
8.0891226e-07
3.0548058e-06
9.115041e-07
2.0606463e-07
4.7264603e-08
0.0041490584
1.6627571e-05
0.0014492763
0.19038424
0.008438394
0.116912685
0.0005003128
8.6998404e-07
6.8755685e-06
0.0014660534
1.9753636e-06
0.00071041135
2.2250448e-07
0.00027225996
0.10820205
1.2006794e-06
3.348018e-05
0.0021595766
9.106109e-09
1.44549e-05
0.0005464135
6.739098e-07
0.000745545
2.8756318e-07
0.002903968
0.0697443
1.07913775e-05
0.09091076
9.310029e-05
0.00036830775
0.99999654
0.8081305
0.00019854376
7.4687516e-05
0.021855889
0.0029655516
5.7069606e-06
6.1874186e-07
0.9297038
0.00047658675
1.2167586e-05
3.3038477e-06
8.62274e-09
2.887415e-08
9.120814e-09
0.93998975
0.01894048
3.348018e-05
7.665308e-08
1.249724e-06
2.7490947e-09
0.9950466
1.728663e-05
1.9822876e-06
0.0006695007
4.8009735e-08
9.0354695e-07
2.491692e-07
0.99999833
4.262473e-06
8.231619e-05
5.2424426e-08
1.592544e-05
1.1000747e-09
6.020718e-06
1.4028535e-08
0.9673815
0.09773701
2.4106473e-07
0.0018375419
0.0003565003
0.004204094
0.0013046383
1.3014375e-08
0.04442772
3.6597146e-06
1.0544237e-06
0.99997866
3.7299404e-05
1.2665211e-05
0.99990153
1.2341424e-06
9.0354695e-07
8.6842397e-07
6.518749e-05
0.04480174
2.3404475e-06
0.0023050406
1.6981069e-08
1.13201665e-07
3.3415524e-06
1.8475563e-06
1.1980985e-07
1.5382175e-05
2.156157e-05
4.3881442e-07
0.76885426
4.354043e-06
4.786004e-05
0.03177789
0.0021637545
0.000745545
1.6038782e-06
3.1236625e-05
0.00058154983
1.3714512e-07
6.733843e-07
3.7500984e-05
1.0310583e-05
0.00018407551
0.9992315
0.9962219
0.9058718
2.3940204e-08
0.0045640855
4.5147808e-05
1.5986724e-07
0.0007551019
0.0002174594
7.7045974e-05
7.435522e-05
3.2454983e-07
0.06094483
6.739098e-07
0.01131816
0.00024237514
0.026445339
0.002524184
4.2607062e-05
0.00071041135
5.432434e-07
0.0002647303
0.0045640855
0.00023012748
0.9886808
0.0015309346
8.4850595e-05
0.9944905
1.3732864e-06
0.00020468951
1.4662577e-07
8.022609e-08
0.033122167
0.0007368845
0.85252535
0.00029148953
0.0029773277
0.049801737
2.3138487e-09
0.09859153
8.231619e-05
6.472755e-05
9.302893e-05
5.767875e-07
0.008438394
3.2454983e-07
0.009372482
0.8081305
0.00015903014
0.019313052
0.0014430218
0.45666718
0.000115162
0.00011201289
1.1462447e-05
1.0210293e-07
1.4134501e-05
1.05129445e-07
0.0006817501
9.8693905e-05
0.06009082
0.0067547914
8.765476e-06
7.703474e-08
9.8951505e-09
2.2167404e-05
1.3855938e-05
2.9317217e-08
0.7560218
1.699484e-08
0.00021104398
0.087517224
0.0004153797
0.0014687965
0.0013480617
7.0193e-05
1.7959807e-06
2.0947894e-06
0.99985915
6.0764698e-05
0.99992555
0.0012945696
3.5261826e-06
0.9999614
0.00010811108
1.9213068e-07
0.0016508908
6.1055347e-09
0.012989642
4.9539017e-06
0.00012833561
0.00078769185
6.613204e-08
0.030869884
2.507841e-07
0.2228762
0.0010192752
0.00028606752
3.9586837e-07
0.001921665
0.0011558777
7.570142e-05
5.7161056e-08
1.7571496e-05
1.3759868e-07
8.3591e-10
3.263064e-07
3.2639045e-07
1.51891e-05
3.5242994e-07
1.511411e-08
1.0609657e-05
5.2208075e-06
0.007416902
1.535968e-08
0.00067877304
1.0749283e-06
0.010346016
1.4034367e-05
0.00026487475
0.00010976022
0.00014011303
6.918029e-09
6.105304e-08
0.00029532882
0.9999943
0.9999633
2.3632665e-06
0.7885497
8.354196e-09
3.758929e-09
0.75690514
2.9101673e-07
8.4747935e-06
0.0010304565
8.231619e-05
4.5460666e-09
0.007416902
5.2908814e-07
0.87742954
1.3814488e-06
0.040284872
0.067039706
5.682093e-08
5.9621635e-07
2.3201103e-05
0.005163183
8.7549246e-08
6.2014944e-05
0.02532309
2.7517159e-05
0.0004454621
0.008280838
0.09843506
0.71129155
0.021934818
0.45666718
9.194534e-07
0.66189045
0.04442772
6.752144e-05
0.0002868519
5.524292e-06
1.3547664e-07
2.5049583e-05
0.0005570079
0.9950583
1.1446193e-05
1.0756628e-05
6.0610404e-07
5.6128744e-07
0.9944905
0.09085441
1.7972637e-08
0.43862402
1.1446193e-05
2.2437449e-05
0.018759167
0.00019854376
0.0015491623
3.748821e-08
1.068017e-07
0.17341062
