1.0
0.00017424519
1.38997e-06
6.592889e-07
0.0005092992
7.547919e-05
1.8936486e-05
0.0014393753
8.968849e-05
0.00016235559
0.008051489
0.967281
4.649245e-06
0.0002427586
3.087104e-05
4.8863258e-06
6.267803e-07
0.40884373
0.019414028
2.3807731e-06
1.1485873e-07
1.631854e-05
0.9977841
6.150689e-07
0.9959583
0.0030251762
0.00014413282
9.878485e-08
0.00015871202
0.00086572027
0.015765283
2.3882342e-06
0.0013122051
0.0016654751
0.01068449
7.8375115e-06
0.0013466553
0.0002778002
2.8058213e-07
2.6459775e-06
0.00057555863
0.9999989
0.0014386573
5.3662365e-07
1.027223e-06
0.9999295
0.04804306
0.1236923
2.0530093e-08
6.185517e-06
2.5881176e-05
2.7321627e-07
4.633845e-05
1.3230291e-05
0.00042703768
0.020431755
8.2337865e-06
2.5813893e-08
6.69201e-05
0.77672756
0.00683455
7.235411e-05
1.0980046e-07
0.006899001
2.7078417e-07
2.3591732e-05
1.3919794e-07
0.0059445286
2.207821e-06
0.0024052924
7.3307405e-08
2.8502334e-05
5.1110574e-06
4.7958547e-05
1.1597877e-08
0.059510276
2.4317615e-06
0.110025644
1.5480444e-08
8.5010505e-08
0.019487912
0.06484621
0.4361383
0.0066375337
2.8324104e-07
8.474658e-09
1.7149283e-08
2.4078875e-07
0.00022731737
0.0017409058
0.003270877
0.00014649064
0.96165997
0.00330419
0.00021225214
0.00018094026
0.83113027
2.8553754e-05
3.5357054e-06
0.24494748
6.910712e-06
0.17537816
0.9969172
1.816512e-07
2.2140255e-05
0.009428547
0.019138325
3.1866246e-05
0.0066875117
6.242853e-09
3.97171e-06
0.0018035149
0.023016749
2.3509294e-07
2.3245286e-05
0.99780387
7.4150314e-08
1.9704792e-05
5.663952e-07
0.0950955
4.7958547e-05
0.99995965
1.1656618e-05
0.00017629305
1.1806159e-06
1.0801382e-06
0.24494748
0.0016002236
0.0051548476
8.129452e-06
1.2247613e-06
4.1854773e-09
0.14771695
0.0010076578
3.1022148e-07
4.8181462e-08
0.9968932
1.8936486e-05
0.0065233335
1.3230291e-05
0.05329069
0.04971622
0.0045893677
0.050699156
0.021777585
5.747449e-07
5.3582103e-09
6.8446234e-08
2.979328e-05
0.08653447
0.0033722217
0.00033160692
0.0030251762
0.0024709466
1.2080315e-05
0.03318283
4.68073e-06
9.466793e-06
0.9627114
0.0006631479
0.0001587105
0.007066224
2.9045303e-05
0.00031583442
1.2887168e-07
0.00014649064
0.0010736821
0.002602195
0.0028093995
0.9999987
0.80250156
0.0041520167
1.0517273e-08
9.5453506e-05
1.5563329e-07
7.783835e-07
1.2741206e-07
0.9999552
6.150689e-07
0.9968333
0.00019696986
0.04967868
2.092782e-05
1.08239696e-07
2.5820597e-07
0.015649423
0.1403326
0.003268591
9.21565e-08
7.164671e-05
0.0009878615
0.0014480767
0.10423353
0.84744567
2.4636858e-05
1.2928643e-06
1.6569998e-05
1.8475302e-07
6.247811e-07
0.05097774
2.4801634e-09
0.0048650573
1.1736385e-07
2.1514672e-06
0.040994987
0.87704265
0.06610093
0.999967
1.2043747e-05
1.6711394e-05
0.0004229834
6.247811e-07
0.99971366
0.9999059
0.0003441274
0.99998814
3.9355788e-07
1.1044108e-07
2.1557888e-05
0.00037807506
2.1029771e-09
9.878485e-08
0.6450611
0.0018181932
0.00020359152
0.0018341525
2.3804212e-05
2.8500268e-05
0.0012934166
0.882342
1.3959657e-05
1.5254859e-06
1.1300169e-07
6.335971e-06
5.839172e-07
3.9459582e-08
0.0036254798
0.00031699732
0.9999829
5.6271565e-05
0.0008367502
6.229955e-07
1.4054854e-07
3.2194974e-05
0.0006655827
6.887145e-06
0.99990475
9.978967e-05
2.8687234e-06
2.8665573e-08
2.067272e-09
0.43827963
0.0033365565
0.0006092257
1.079716e-06
0.00017329263
0.5620462
8.363077e-07
5.655235e-07
0.0043527763
0.00022373078
0.9999371
0.007066224
0.00016153826
2.175645e-05
9.893225e-07
0.0018035149
2.5602807e-07
2.0682905e-05
0.9716277
0.057707414
0.94569296
0.9985045
0.8567075
0.027029999
0.30804473
0.0009948375
0.0102313105
0.004710905
0.000522486
3.7797763e-05
0.9999295
0.9954498
4.649245e-06
8.8019715e-07
0.008940042
0.00018606939
6.132137e-05
0.0003183566
0.027029999
2.677277e-06
0.71987474
1.0425975e-06
0.0014103
3.1866246e-05
0.0012488688
0.020751826
0.0011414314
0.088074006
1.816512e-07
