0.99999666
1.9597837e-06
3.441615e-07
0.015083356
6.532053e-05
0.37231308
0.0005777051
1.3812592e-06
2.157079e-07
6.4825447e-09
2.3232167e-07
0.0028201712
6.2288245e-06
4.66676e-10
0.0009749296
0.00013045469
0.9460598
5.4895816e-07
6.2748725e-08
0.030905431
3.520924e-09
1.0471639e-07
5.661916e-07
0.97881067
0.00013911484
0.05489324
1.4010574e-06
0.004231736
0.009557765
0.99976677
3.6838692e-06
0.0048852456
0.00019652114
0.3842939
1.5003592e-07
0.00021186273
4.7822676e-05
1.0916708e-05
5.5382196e-05
0.9492814
4.625223e-06
0.020914165
0.00032513132
3.6155343e-05
8.6917154e-08
1.3664248e-05
0.00037517239
7.80409e-06
0.70584804
0.19634725
7.142834e-06
1.7841386e-07
2.0255045e-06
0.0010787577
0.0037992387
5.5694195e-06
0.6483966
0.0042834687
4.86616e-09
7.770561e-05
2.7020194e-06
2.188275e-07
9.78472e-09
0.004466688
0.00016721226
3.1070485e-06
3.959491e-06
2.4683864e-06
0.8611239
0.00011607752
6.028286e-08
2.1695145e-08
8.934046e-06
3.671751e-06
0.0003476373
0.6493029
0.99890834
3.4298654e-07
0.00034757983
0.0002202371
6.755462e-07
0.9999368
0.004096109
0.002235413
0.0036029064
0.00010052192
0.00010275506
3.789237e-07
0.95591944
0.00034085414
3.9213995e-05
6.739954e-05
6.0278744e-05
7.160423e-05
6.209604e-07
0.0024041394
0.00013107028
2.9565589e-08
1.1601338e-06
2.56328e-08
0.9952366
0.00064976414
0.67613494
0.029289637
0.15186387
0.006018528
1.1892019e-08
2.63144e-06
1.8311539e-05
0.7233265
3.8713472e-09
6.6236536e-09
1.2681468e-07
0.09508842
1.7045613e-08
4.254364e-10
2.2159927e-06
1.1239723e-07
2.8365188e-08
0.007558164
5.138122e-06
1.5943931e-05
0.00016364451
0.001603938
3.9125094e-05
0.654934
0.9991119
2.5543019e-05
2.055776e-05
0.030425394
5.0232647e-05
5.1294464e-06
2.718834e-06
0.6383835
3.3144104e-06
0.98690116
2.9615652e-08
6.434385e-06
0.020333769
1.4149224e-07
4.7228287e-08
0.0013903434
1.4635823e-07
7.913036e-06
4.1809957e-07
0.9995832
0.0036029064
5.59882e-10
1.6071181e-06
4.1811778e-05
6.239584e-05
0.7463312
0.93786556
1.049545e-06
0.00015032927
0.76031846
0.00082073687
1.0219567e-07
0.0004727476
2.1964576e-08
2.9285807e-06
2.3415272e-07
6.434385e-06
2.3536079e-07
2.0803816e-08
0.011980833
0.99996394
0.0001929179
6.492901e-06
5.833834e-06
5.8437236e-06
2.6553775e-05
0.7699309
0.005598328
2.8609892e-07
6.2748725e-08
0.9999976
0.00041270052
6.3218045e-05
1.8075206e-06
0.00010052192
5.3744776e-07
2.9185776e-07
7.3204533e-06
0.00032455282
8.884352e-08
4.4558274e-08
3.246314e-06
0.97382474
0.054581963
1.0170492e-05
0.93755776
0.00026735355
1.48998955e-08
4.1939405e-05
0.00045288322
1.0461022e-05
1.417375e-07
0.5388575
6.739954e-05
8.780904e-06
0.15340067
6.6410765e-05
2.5233868e-07
0.009636228
0.0025819282
7.910191e-06
3.654925e-08
5.8806717e-07
8.687266e-06
1.0225154e-09
1.1454057e-06
0.8231151
1.2794144e-08
0.00027675202
1.0479587e-06
2.6103872e-09
0.99994946
3.5305632e-07
6.4245005e-06
7.817294e-09
0.0017072813
0.00093605986
3.055059e-06
0.0007632541
0.004761112
0.28451896
0.9999994
1.8191402e-07
4.7244152e-06
1.2763658e-07
3.816964e-06
0.24114393
0.00019652114
0.048431028
0.9999888
3.6635382e-07
8.9258265e-07
1.1608288e-06
2.7020194e-06
0.0011115078
1.2681468e-07
0.011672478
0.6818965
2.9866949e-06
5.538158e-07
1.2763658e-07
6.677746e-08
2.5772091e-05
2.223658e-09
0.00010990182
8.7971905e-08
5.5701722e-08
4.0371956e-06
1.1350406e-05
7.913036e-06
0.99964964
1.884807e-07
2.1880448e-08
0.00024799898
0.9999496
6.209604e-07
0.00097268063
2.2325212e-06
3.5133453e-08
1.2786074e-07
6.167712e-08
2.1446701e-06
0.999995
0.07912241
0.0003309292
1.9469394e-06
0.00063558936
1.398841e-06
7.2627513e-09
0.00074668473
0.011672478
3.9206835e-08
5.704201e-07
6.8548593e-07
3.2944103e-05
1.8049658e-08
0.013636418
4.7411682e-05
0.00016671747
0.00077975425
2.9142548e-08
3.0064765e-08
0.00018936844
0.00022317494
3.4425582e-06
4.448314e-06
0.006653512
0.005598328
2.8365188e-08
3.427184e-07
4.1169568e-07
0.0039843037
0.0024848355
9.8107e-08
