1.0
1.0
0.8880942
0.039283525
0.0019662797
0.9999993
1.8019372e-06
3.382065e-08
4.935059e-05
1.2841998e-06
0.94644374
2.1666159e-08
5.436226e-05
0.040419776
0.00023068613
0.0012492905
4.4806285e-07
0.12764265
1.5344548e-06
0.02243962
1.078755e-05
2.7169601e-06
0.99999976
2.0283326e-06
6.205495e-08
0.004213303
0.042424746
7.013142e-06
0.99992204
0.8288343
0.00017890561
4.4043965e-05
0.99782896
1.0138458e-05
7.587657e-09
3.6435948e-05
0.999959
6.142403e-05
0.0005580157
4.441217e-07
0.017987449
3.4142525e-07
2.5452796e-06
0.00017086545
0.02412332
5.014478e-07
0.00796791
4.995405e-07
8.533527e-05
0.9995319
5.3459832e-08
1.2714612e-07
1.1769782e-08
2.2468432e-05
6.101991e-06
0.9997181
3.2815262e-07
7.352225e-05
7.72405e-06
0.0003329596
6.568617e-11
1.0
0.12362793
2.3941426e-05
0.9999907
1.9904826e-06
1.0423018e-07
3.7612408e-05
0.0500538
3.7363722e-07
3.6900707e-05
9.600295e-06
0.7419706
8.1141266e-08
3.4000866e-06
6.6906216e-07
0.0698476
2.079211e-05
0.9999926
7.650194e-05
4.4103467e-07
0.00058618485
3.8320362e-05
0.59478295
1.410572e-06
0.00018530559
0.00032155486
4.5578672e-05
0.0015603409
0.00019026452
0.00095171377
0.016808964
0.09691228
2.26396e-08
0.087613605
0.00016106438
1.2031572e-07
8.020503e-07
3.108614e-05
0.9653677
1.2433095e-06
0.99362975
0.0002709228
0.0006944848
0.00045429126
0.14211714
1.12658145e-05
0.0018450947
5.3527582e-08
1.0401209e-08
2.8593058e-06
0.003914619
7.827152e-06
0.51898754
1.0526203e-06
0.16036215
0.11244843
7.790906e-05
0.00017086545
0.035041492
0.0014929937
3.4632837e-06
0.0010897404
0.0034940057
1.0067507e-05
0.0011583307
0.00048198822
3.4034718e-05
0.015995234
7.971967e-05
0.00016289258
4.552265e-06
0.9059848
0.81748325
1.2770744e-07
0.999744
0.00016106438
0.0013140498
0.84007806
4.5489446e-07
3.3547352e-07
1.7297328e-06
0.0002709228
0.9453307
0.21728128
0.0019662797
3.1905213e-06
4.5966635e-09
0.00021494858
4.7927715e-06
1.3016069e-07
0.00026969428
5.436226e-05
0.00017010531
6.7932625e-08
0.9999888
0.0052893534
3.4160887e-08
1.3733724e-05
0.010717615
3.1815853e-06
0.00093615975
6.360705e-07
0.12764265
1.8127083e-07
1.6300715e-05
0.0025918102
0.27463508
0.8204675
0.012716552
2.8134576e-07
3.4965828e-07
1.2770744e-07
7.3660453e-07
1.0148198e-05
3.410716e-06
0.9215856
0.005083359
1.8363174e-06
0.0014681504
9.0338006e-08
2.3625814e-06
8.290293e-08
6.1853007e-07
3.132863e-05
0.00093615975
0.0003492263
4.224499e-07
0.0016901192
3.548318e-07
2.8885532e-05
0.9969621
0.00060548447
4.053097e-06
0.007672882
5.3081556e-05
0.009442403
0.021188041
0.0025156238
0.0016623067
0.9999748
4.4381195e-06
0.000451732
0.00024678587
0.9705913
0.004385825
0.0028744421
0.027681941
0.003914619
0.0015606306
1.223651e-06
1.2429158e-06
1.2639256e-05
3.6577676e-05
4.6400353e-05
0.0052893534
0.0036820164
3.7697444e-07
1.2751418e-07
0.00016059924
0.00133163
0.0030688245
2.3654582e-06
2.4609102e-05
0.010399448
0.034428764
0.00058894965
2.4678072e-06
1.3872747e-07
0.023861403
0.00032307405
7.4659883e-06
1.3968679e-07
8.4870425e-07
1.9320283e-05
0.95575905
2.8315705e-07
4.8987575e-05
0.0024642432
5.559523e-05
0.0004469657
0.0067592366
0.00029079395
0.00039514308
2.8922717e-05
1.1334235e-05
0.9999833
2.2468432e-05
0.99996746
2.582385e-07
0.0012976268
0.04137418
6.205495e-08
1.3083496e-07
2.8492233e-08
8.8156106e-05
3.9547365e-07
3.9096263e-05
8.599632e-07
0.99852633
0.0048312806
1.3967419e-05
0.0011139011
2.1238007e-05
0.07199117
8.8181616e-07
2.5689942e-10
5.3274467e-05
0.9845051
7.662764e-08
0.0011183408
5.52162e-07
4.5966635e-09
0.011057786
0.002599271
7.1217706e-05
0.00024752086
0.0003329596
0.0036820164
3.905196e-05
1.1207804e-07
0.071991146
0.0008666678
0.0013776368
0.9363597
1.3078183e-07
6.360705e-07
2.545742e-05
3.413633e-05
0.01655396
0.0001667499
0.014121405
0.00045414316
7.587657e-09
0.5038271
0.01237666
2.0834392e-08
1.2366776e-05
0.00021494858
7.4355057e-06
