1.0
1.0
1.0
0.94885683
6.0338407e-06
3.627361e-07
0.004521597
7.861623e-07
0.042483926
4.1604503e-06
0.00045756754
1.9012003e-06
0.0017373511
1.1592479e-06
5.1643667e-07
5.101563e-05
0.7111584
0.00047483505
1.2431553e-06
0.0004145419
5.598051e-05
6.580451e-07
0.9177472
0.0010447999
4.314015e-07
4.549361e-07
5.880195e-07
0.0011732148
0.000114422146
0.00025345222
0.0028770235
1.6977036e-05
2.6689497e-05
0.009460433
0.00021169352
0.99306506
0.014075977
0.0018884077
2.3175252e-07
4.4840217e-08
0.9999606
0.0004999287
0.3103974
0.0022841676
2.2966567e-05
0.0028770235
1.3557891e-06
5.598051e-05
0.0038726823
0.07080704
0.9177472
0.084112875
0.024215192
0.99862266
0.0051988447
0.22440791
3.284149e-08
0.0016083623
1.8758815e-06
0.076223254
0.0013357074
5.5511414e-06
3.746277e-07
3.820138e-05
1.783738e-05
0.00064114656
0.0008695927
7.214085e-06
1.2696678e-05
0.9999922
1.2495119e-06
6.10227e-06
0.15671769
0.0020908366
0.004713262
0.9306901
0.00028949903
0.0002030611
7.1126938e-06
4.2708438e-05
2.942418e-05
0.00015218968
0.00010607516
5.894231e-07
4.064087e-07
6.6484006e-07
5.7563644e-05
1.67971e-08
3.9407917e-07
1.5405576e-05
0.012797518
2.1824071e-06
2.054886e-05
0.14540854
2.0516252e-06
1.5405576e-05
0.0013632604
0.14230338
4.674464e-05
0.00029940018
3.3910695e-05
0.1098049
6.423263e-06
5.1651128e-05
0.012251305
0.9999999
0.0002676808
0.9093248
2.9033203e-07
0.042405803
0.0018881713
1.7250871e-06
1.9885707e-07
0.0015560531
1.0914251e-05
0.94239336
7.548396e-07
7.358249e-06
0.076223254
0.004681756
5.530579e-08
0.8218476
0.000119821634
0.020491647
4.0430062e-10
7.0986806e-07
0.03076615
2.305285e-05
6.409859e-08
0.00047411368
0.007582317
0.020613637
0.0008695927
0.99997175
0.1587595
2.3040673e-05
5.0061913e-06
0.00066248747
0.89869416
2.3175252e-07
0.004681756
2.597635e-05
0.9999815
1.1927335e-07
1.3950692e-07
0.007627419
0.92586875
2.6431578e-06
0.97569096
5.807205e-05
0.0012749479
0.07357992
2.142083e-05
0.0011650282
0.16543435
3.278854e-08
0.99306506
0.020491647
1.1452703e-06
2.6431578e-06
0.004521597
0.99896663
3.1048007e-08
1.8953818e-06
1.8934942e-07
5.0331614e-06
0.71282053
2.0459599e-07
0.0002676808
0.9265934
0.012956561
0.00059021066
7.170101e-07
0.007011742
1.8024751e-06
1.1686119e-06
7.955791e-05
1.4605524e-05
0.9306901
0.074487336
2.9448638e-06
2.8561652e-05
1.1927335e-07
0.05689232
3.7966774e-06
9.9074474e-05
0.9979868
0.0005934163
0.91997564
0.10568859
0.9825787
1.2059428e-07
0.00012054224
2.9416999e-05
0.0112380525
0.00029713832
1.6980377e-06
0.06383149
1.5405576e-05
0.03744631
2.43549e-05
9.031972e-07
0.42641595
0.010596403
4.0800037e-06
1.345673e-07
0.99994105
1.8934942e-07
1.0010302e-06
0.0020877994
0.99306506
2.9782453e-07
0.0015612772
3.215589e-08
0.00012531398
0.99987435
0.017984567
6.302088e-08
0.37549537
0.9997545
4.523641e-07
0.99009836
1.9293308e-05
1.07853075e-05
0.8214142
0.99999976
0.00021169311
0.00022013087
0.38325524
4.543275e-06
0.029188385
0.9980525
0.00044708373
0.00028303667
2.1075514e-06
5.5028215e-07
5.857322e-05
0.99994034
1.5348908e-07
0.999122
0.07657408
0.00052390277
4.9555354e-05
0.01960579
0.0001972341
4.1271825e-05
0.0012794439
0.0010925251
0.99801487
0.027896604
8.74768e-06
0.0013382069
0.00033823826
0.00058648834
0.0017373511
0.9999995
9.801113e-06
0.18218054
0.05618039
0.26375836
0.029536173
0.3412893
0.0054906076
0.00484329
4.9303173e-05
2.0067797e-07
2.942418e-05
1.4588249e-05
0.00013429165
3.6501853e-05
0.0006217243
0.002296854
0.002657286
0.7800743
1.317748e-05
0.4797439
1.4367301e-05
0.0019930825
0.24444953
1.165085e-05
2.603046e-06
0.0005860933
0.99999833
0.8948888
0.0026482393
2.0210357e-06
1.1592479e-06
0.0014120452
0.008485476
2.4222547e-05
2.8980912e-06
0.0014120452
0.08836816
2.0768468e-06
0.0025158813
6.968208e-07
0.0012824684
0.89209145
3.303225e-05
0.2825517
