0.00073730876
0.00023391537
1.3453393e-07
3.202039e-07
8.808218e-09
8.618465e-09
0.06441232
1.6942009e-06
6.454049e-08
6.838536e-06
1.3940454e-06
3.0143197e-05
6.68912e-05
2.047056e-10
0.08289469
1.0948629e-06
1.3921535e-06
7.859286e-10
0.0033069518
0.084817186
0.00014882401
8.187424e-06
1.5265869e-08
1.8016904e-09
4.8809147e-06
2.9660381e-05
6.3125727e-10
9.036002e-09
3.03546e-07
0.00016895277
0.0033153773
2.436518e-06
5.2807387e-08
2.7212072e-06
0.00021377316
5.401513e-09
2.0796415e-06
1.834826e-06
0.4148955
0.97138745
0.00072479085
4.9574937e-06
8.17343e-07
1.2494412e-07
1.2740746e-07
0.058609955
0.0005385895
5.9317875e-07
0.9998509
9.764642e-07
0.9999662
3.4407135e-09
4.4833463e-08
2.5349373e-05
7.6491254e-08
4.836035e-05
2.9604523e-06
2.1514559e-07
0.001335556
0.0014025264
1.1132017e-06
4.2459703e-07
5.7898952e-09
2.8489626e-06
1.5451673e-05
8.002037e-05
3.5224084e-09
2.062394e-07
1.757921e-07
2.047056e-10
6.5298457e-07
6.822635e-08
3.9412498e-08
1.9024372e-06
1.3852911e-08
3.4818981e-07
7.6491254e-08
0.6920161
0.00096737436
0.0003020508
5.2739662e-05
0.970287
0.011213308
3.2505962e-08
2.2035351e-07
3.5786854e-08
2.9993166e-06
5.928335e-05
9.784837e-05
0.0002799373
1.5243698e-08
2.981363e-05
2.781808e-09
8.2857224e-07
2.1896532e-05
1.0232221e-08
8.9442336e-05
9.0182034e-08
4.467478e-07
8.34787e-06
0.05905964
7.7139134e-08
4.2459703e-07
3.0308772e-08
8.5260254e-08
5.401513e-09
4.3675213e-06
0.0007493286
4.1185813e-06
4.7133268e-05
1.00965956e-07
1.364652e-08
0.0005566457
5.0333544e-08
0.09259703
3.675496e-05
9.995459e-09
5.429529e-07
8.3363076e-08
0.013201988
4.945429e-10
9.261726e-07
2.86031e-07
4.8389442e-11
1.4851368e-07
5.5837518e-06
0.89175314
9.368558e-05
2.7893122e-05
0.00010838555
0.016766684
0.23494908
1.6691077e-07
0.9999997
0.0011514139
1.092149e-09
5.975079e-08
1.4603184e-05
0.0069246944
0.00093115674
2.2664458e-06
1.3723658e-11
4.1085375e-05
1.891278e-07
8.737723e-07
9.7753976e-08
5.834062e-08
6.7425967e-06
7.4564156e-08
0.00037968543
0.037344538
1.2660771e-06
0.000104786806
2.8558555e-08
6.6387196e-07
8.5286374e-05
0.10537953
0.00017701667
1.1590124e-06
4.8520013e-07
0.00037038518
7.756824e-07
0.998385
0.9987242
1.4966938e-06
3.2487142e-06
6.6288635e-08
0.0009058927
7.696367e-06
0.00014763308
9.036002e-09
2.2577112e-06
1.4255004e-07
4.1763812e-07
3.1288114e-06
0.0002815121
0.9422743
0.9999776
6.96824e-05
1.4388952e-05
1.7439045e-06
0.9784648
7.7388023e-07
1.147236e-08
0.00082326564
4.3049194e-08
0.0020863533
4.135229e-06
0.4203027
0.05905964
0.0057460526
1.391904e-06
5.079248e-09
0.00096737436
0.3420553
0.0002338351
7.0970407e-09
1.8424309e-05
2.120978e-06
0.0030851832
5.526738e-09
1.04668425e-08
1.6851267e-05
2.0541812e-07
5.5192075e-05
7.918559e-09
0.9059373
4.1463707e-07
2.4237943e-06
2.6206226e-10
0.44618994
0.00012113519
1.5243698e-08
0.00043701642
9.575798e-08
0.9784648
1.962914e-09
1.4315425e-06
1.1484805e-06
1.1162832e-07
0.00040182009
0.0057460526
2.1185507e-08
2.7893122e-05
2.9213616e-05
5.672342e-10
8.88428e-09
1.282199e-06
7.6586395e-05
2.6206226e-10
1.3697152e-05
1.834826e-06
0.0001961374
1.2381064e-11
1.9248313e-08
1.921985e-07
9.2488483e-07
0.9981965
6.648135e-05
1.1998674e-07
9.008728e-07
0.00020387436
0.0028044877
1.5099034e-06
0.0014279534
2.021551e-07
2.639798e-09
3.8881998e-07
8.6916705e-05
0.0025522304
8.4336864e-07
2.0841104e-05
0.07231353
2.3102897e-09
0.00443201
0.0051452094
1.3239463e-07
2.5800068e-07
0.9963999
0.00017823273
0.9989243
1.2639322e-06
8.4210415e-06
0.00021089653
7.971419e-08
0.0035000325
1.30482e-06
5.3909243e-08
0.0047013927
0.68634284
0.002130662
0.8423009
0.047215078
1.5316931e-05
1.5585788e-06
0.00032669483
1.2759751e-09
0.22804241
7.489092e-05
7.734257e-07
0.0036896316
2.34108e-08
3.0082088e-08
5.945852e-05
7.666913e-09
2.2035003e-06
3.2326952e-09
0.009810623
0.00011249361
1.186104e-06
0.991886
0.57138646
3.538981e-06
0.99591404
0.00014833297
1.3210979e-08
0.00010925689
3.8861085e-08
9.494088e-05
0.003172897
