0.24872352
0.0015810394
0.0012890729
1.1017426e-05
0.0009766393
2.2264267e-07
8.833186e-07
8.2142535e-08
0.030813707
1.1875335e-06
0.020531662
0.007103242
0.9999631
0.00012486559
0.017103657
1.2341377e-06
1.4883568e-07
0.0021494187
4.096058e-05
7.720896e-05
1.4035559e-05
0.97895426
0.010045329
0.9926049
0.30589092
0.00020590273
0.0056570107
0.026489386
7.579981e-06
3.8776312e-07
0.001327253
1.4170128e-07
0.0026864954
9.225717e-05
0.13345487
0.11944994
1.0385488e-06
0.99987525
0.0077009145
0.9109488
0.2285785
3.4251446e-08
0.28150818
3.5848452e-06
2.613214e-07
6.156335e-08
0.0034713983
0.056683574
7.3866426e-07
0.0012008025
0.013070907
0.0025607443
0.6988169
0.0070595057
0.84637433
0.99999136
0.00025211868
0.00033917825
6.650671e-07
1.0
0.0007681853
5.3778163e-05
2.4195288e-06
9.609781e-07
0.026155794
0.0069662062
1.0385488e-06
0.0011194614
4.6641337e-05
2.278878e-05
5.1001913e-05
2.9618717e-05
0.0025085863
1.4111518e-07
0.9461872
8.459546e-08
0.0023307255
0.9957469
0.0051915646
0.7906417
0.99303585
3.4332336e-06
0.91781163
0.13174888
6.121282e-05
0.0030523662
2.9798753e-06
0.0028046
2.1921189e-05
9.877231e-06
0.0011012765
0.10990928
2.9618717e-05
0.501468
0.0021494187
0.9724637
0.010397936
0.00010843952
9.647636e-06
0.0014019728
0.343648
2.3003448e-08
9.284973e-05
0.029008634
5.1955117e-06
0.02469127
0.85729617
0.00017387375
0.30279458
0.00010424901
4.4426674e-06
0.021717925
0.0020876364
5.073653e-06
5.040027e-07
1.0552949e-06
0.0005973906
7.3866426e-07
0.097796164
0.00023843552
1.0126876e-07
9.628156e-05
0.11182282
0.9957469
7.363278e-07
1.4134134e-06
3.1279462e-05
0.01196903
0.0064306525
6.719994e-06
1.4815377e-05
3.9854523e-05
0.23855044
0.000109908426
0.048529483
6.304751e-07
0.122439645
2.9509258e-07
5.5341033e-08
0.0032287932
3.829087e-06
2.2351671e-06
0.022374537
0.0007377839
0.99999976
0.2111373
0.1294207
2.6488635e-07
7.2165925e-08
1.0994377e-05
0.37663648
6.8308186e-06
0.99999964
0.00021390406
0.77255756
1.2121351e-06
0.0013265895
0.9972384
1.1664584e-06
0.04372963
0.0051424303
1.5968553e-05
8.14815e-06
0.026155794
0.18348673
0.92603993
0.9999631
0.8970257
7.726988e-07
0.00050849986
0.102733545
0.00061034126
0.0006199905
0.009593563
0.9999795
0.3144319
0.00045007677
0.769153
0.0012375277
0.9999947
3.1964066e-07
0.0008343863
0.0018945246
0.9854338
0.00040185495
0.020531662
0.00020980147
5.9150698e-05
0.99321467
0.038225457
4.7464117e-05
2.4195288e-06
0.00039336403
7.304161e-05
0.035925277
0.0003608901
0.00056115026
2.1972873e-08
0.3568005
0.00016839549
0.00012486559
1.1870798e-05
0.004065237
4.577042e-08
8.483814e-05
0.0152514
0.00015096045
0.00039814762
0.0013195844
0.00036979935
0.06744682
0.9999999
0.0069363057
0.85510343
0.00016097349
0.0026735654
0.00037916526
0.0014019728
1.8224951e-07
0.0018101585
0.00021904006
7.495942e-07
0.00028414358
9.837144e-05
7.912039e-07
3.7190326e-05
0.9437103
1.6772663e-06
1.6943561e-06
3.6765368e-08
2.120136e-05
3.960821e-07
0.8264268
1.1875335e-06
1.3079333e-06
2.9618717e-05
5.2898673e-07
0.99855965
0.343648
0.00024212293
2.5572795e-06
8.249504e-05
0.0016376715
0.036098655
0.0011099534
0.32584924
0.020833526
1.3284327e-05
5.71919e-05
0.9109488
0.22983034
9.877231e-06
2.733609e-07
0.4057885
3.8943193e-07
0.99921596
0.00035500564
3.392092e-05
1.4883568e-07
0.0004245682
0.0001583308
9.3039846e-05
4.577425e-05
3.2106911e-06
0.9721256
2.7730954e-07
0.16866562
9.292341e-08
3.833904e-05
0.0855842
0.0021494187
0.6221966
2.0485268e-06
1.0329368e-07
0.00026707334
5.162136e-07
0.005459541
0.06742594
0.0002236764
6.019071e-08
9.293351e-08
0.01877645
5.825617e-06
0.9709812
1.6534972e-05
0.021103619
8.3544995e-07
8.2543323e-07
0.010986424
1.3733988e-07
0.00060004555
0.005459541
0.9988937
0.02912926
0.13691598
1.83063e-05
0.9998788
0.07951273
0.9994981
4.787303e-08
