0.99991024
0.9999987
4.745502e-08
1.7103276e-06
0.9979634
4.721865e-08
0.36317235
0.00063373183
0.2786789
0.0002120153
3.901177e-08
1.5749187e-07
2.231392e-05
6.62837e-07
0.7431342
0.9309504
0.00019327067
0.7527922
2.8020718e-06
1.385706e-08
0.00062013854
0.020097265
3.753243e-06
2.096832e-06
7.058701e-05
0.9650812
0.9159967
0.00011652223
1.0022472e-06
1.58987e-05
0.26411548
2.0198256e-06
0.0040867673
3.1406344e-05
0.9784417
1.4970199e-05
1.4483182e-08
0.011443664
3.4013016e-07
5.7046583e-07
0.0009565235
0.0015134558
2.6850099e-05
0.0013704168
1.0824936e-06
0.0005078016
4.4502303e-05
5.153177e-05
1.2835106e-06
1.1728373e-07
0.028041512
4.721865e-08
6.142143e-08
1.6707273e-07
0.26590547
0.0001024884
2.0547484e-06
5.801073e-07
8.495315e-06
1.809426e-08
2.9460794e-05
0.07495992
3.8725643e-06
0.06584967
1.2835106e-06
3.4146476e-06
3.675545e-05
2.4746258e-05
0.012613649
1.4532707e-09
0.0002555806
8.38272e-05
0.9993216
3.2372122e-06
0.997213
3.403652e-06
4.469881e-08
3.4578252e-06
8.276441e-06
2.195005e-07
0.0012530456
1.4557605e-07
0.1765184
6.5999506e-05
0.0006466635
1.365566e-08
4.538306e-08
8.582131e-09
6.62837e-07
4.2867622e-08
1.6809364e-06
0.40108395
1.7107595e-08
1.0999922e-06
7.273945e-05
0.003876442
8.36209e-08
5.9182656e-07
0.034649838
2.0772141e-07
0.0010621278
1.7787191e-07
1.2259476e-08
9.1886164e-07
5.796185e-08
1.14355435e-05
1.0882798e-06
1.5775458e-05
0.0059561147
4.1681833e-05
0.016106054
5.0549093e-06
0.0029188388
1.7263199e-06
0.1206319
1.9527558e-06
2.5067504e-07
1.1151638e-07
7.884247e-08
3.9304523e-05
0.99662536
7.2946435e-08
0.0002591407
7.066865e-05
1.0961106e-05
2.6257646e-07
0.0010887774
2.8012861e-08
5.6869154e-09
0.00046522572
6.3571215e-10
1.4632725e-07
0.9999998
2.2207316e-06
2.902871e-06
0.27189103
0.017882222
0.000117596705
1.09803814e-07
0.029150277
1.6809364e-06
0.007020556
0.14886151
0.00068567233
5.42724e-07
1.3487413e-06
2.2776733e-07
5.6869154e-09
0.008174863
8.978434e-06
0.00030063873
2.5878728e-07
3.461877e-06
0.0001981742
3.7575336e-07
0.019828508
0.00039217185
2.4878911e-05
7.321511e-10
5.1566574e-05
0.00014022838
0.00020576928
0.009051299
0.019425634
0.101246715
0.00013172884
0.022231584
3.40348e-06
3.1546201e-06
3.4626003e-06
0.0042225155
6.300886e-08
1.1309872e-07
0.0002120153
6.7431036e-05
0.07367027
1.6903406e-06
3.2625117e-06
0.0015439903
2.2085278e-05
0.1526257
1.2439178e-06
9.512118e-07
1.6519809e-06
9.394988e-09
3.190994e-05
3.7351074e-07
0.0331402
1.8145226e-07
3.901177e-08
0.0001396209
0.0003032942
0.019834397
8.620524e-08
0.0012511702
9.743655e-09
0.012739789
0.00042750326
3.4559955e-06
4.034288e-05
0.099147834
6.5693655e-07
1.8993771e-06
5.2998275e-06
1.9178434e-07
0.2100792
1.7315397e-08
1.58987e-05
2.9086243e-05
1.9422924e-07
0.00012218916
8.616491e-05
0.00013876297
0.6879264
0.9591764
1.4919169e-06
0.0038229832
1.3183893e-08
8.676152e-07
0.87731117
0.000107375876
1.3183893e-08
3.1546201e-06
0.0022263285
9.369399e-09
0.00021487789
1.1825384e-08
1.9390677e-06
1.8192133e-05
3.7476995e-05
1.1160824e-06
3.6238823e-08
1.3885031e-07
3.4137403e-05
3.6331398e-06
5.432035e-08
1.0530747e-05
2.9460794e-05
0.5002733
0.14886151
0.00013172884
2.8399353e-07
8.189269e-07
0.0012644412
0.94397634
0.04279362
0.26411548
0.0013165842
8.2682476e-05
5.682873e-07
3.4578252e-06
0.693733
0.011113661
0.9989613
1.7391258e-08
4.7071003e-06
1.0580819e-05
3.158751e-08
1.5839684e-07
0.00018173146
3.3732313e-06
0.0010128827
4.8360175e-07
0.18674335
0.00054321927
3.1737947e-08
2.189012e-09
7.898025e-06
2.770256e-08
7.212725e-07
2.9013902e-10
2.2001055e-08
0.07495992
5.5742646e-07
6.828126e-09
0.001380684
5.8144414e-09
1.7584115e-08
0.9999906
2.227807e-05
0.9999326
0.0010682127
0.0021548532
0.00019192787
1.6229175e-09
0.99986833
5.172912e-06
0.16874255
1.1862047e-08
0.8321124
2.3776804e-06
0.0012644412
0.028983837
0.0006063516
1.2835106e-06
2.5276155e-08
0.00023919351
0.00013974383
3.330516e-05
8.587503e-07
