2.8401833e-05
0.9995753
0.0076573845
1.2172576e-06
1.9016754e-06
0.0021067525
6.2616855e-05
1.04923515e-07
0.15442404
1.4992106e-07
0.0035804098
0.0001633938
0.028144268
0.00014360137
3.0663261e-06
1.0336388e-05
0.038858697
0.0007547106
0.12775983
2.6332417e-08
0.0004376697
1.1512427e-06
3.037405e-06
1.2607395e-06
0.3544604
0.013149798
1.230697e-07
0.014750288
1.3928712e-05
7.032806e-06
0.0008960612
0.22834364
0.042066317
0.999994
4.709907e-06
0.014430251
1.3697586e-07
7.302662e-08
1.2172576e-06
0.030859593
0.0010852567
0.0014303882
0.5290382
3.282938e-07
2.0333107e-07
1.0
0.040867224
0.038012244
0.018992357
1.498717e-08
1.2283031e-05
0.0123799825
7.781566e-05
8.714294e-05
0.6649007
0.008252613
0.00045059875
0.000265314
0.9999963
5.3203144e-07
0.0068128146
2.1558875e-05
0.0040000333
1.9895774e-06
6.883901e-06
7.478705e-07
0.99840677
9.1654496e-05
0.018901423
0.9999689
0.00041775178
3.307228e-05
0.00013964326
0.9521232
3.416387e-06
0.0076743527
0.028334698
4.2412535e-06
0.9999994
0.03752782
0.20897402
1.0643805e-08
7.032806e-06
0.00021496868
0.022222465
2.1558875e-05
0.012015137
0.11733981
2.3315508e-05
9.607549e-06
4.2996744e-05
8.103291e-05
0.08202534
0.92492974
9.2463975e-05
5.25715e-09
4.791722e-05
0.00011026976
8.22407e-05
0.26609007
0.0001142073
0.021992851
0.0002056765
1.6623495e-05
0.0006817166
9.195558e-06
1.8941868e-05
0.006963937
9.368003e-06
0.010444456
0.98128074
3.860742e-06
0.6549881
8.0458805e-05
2.2063005e-05
1.4086526e-06
2.887556e-07
6.646336e-06
3.5474627e-06
0.014430251
0.99999326
0.00024230698
3.277248e-07
0.92601424
0.00026516835
0.99999994
2.0673202e-05
2.0673202e-05
8.0458805e-05
2.9208942e-07
4.149757e-05
0.24097744
4.2086494e-06
0.9996798
0.003896149
1.4381435e-06
2.4149736e-06
0.056548223
5.9992417e-05
0.0006655675
4.637772e-06
0.00011026976
3.4517296e-05
6.4258056e-06
0.0033302389
0.0035804098
9.3262e-05
0.22665852
3.1031735e-07
3.5133613e-05
7.873508e-06
0.56385463
1.484919e-06
1.6764932e-05
0.00022704164
1.4498212e-06
0.024261927
0.26183072
0.0031950958
0.69936323
2.4529812e-05
0.30062535
0.9975265
0.0036709078
0.9999426
0.00072390493
0.0006171124
1.4838255e-05
2.6171197e-06
0.0003554503
9.385282e-07
0.010444456
2.465107e-06
0.00049228047
5.2261776e-06
0.93389153
0.99277097
0.93389153
8.186888e-05
1.0227615e-05
1.0034738e-07
3.010491e-07
0.9467125
1.4838255e-05
1.5720432e-05
0.00015390747
1.03043384e-07
0.9845644
1.215444e-07
0.025658062
2.0652394e-08
0.00028718135
0.0006786253
1.4639357e-06
0.15446591
0.00029904928
7.995058e-06
0.24097744
1.8856662e-07
0.09992764
3.037405e-06
7.260992e-05
6.790924e-07
0.99912745
0.94106555
0.36441255
3.1511937e-07
8.665462e-08
4.149757e-05
4.792582e-09
1.3549317e-05
0.0031950958
4.858709e-05
0.0064880885
0.64415914
0.0072711576
0.0018403778
1.0296934e-05
0.0076573845
0.99999404
0.0004376697
1.4381435e-06
1.3396458e-07
3.1511937e-07
0.0021317962
1.0054937e-05
1.34184775e-05
5.036101e-07
0.00026516835
0.9975265
0.64415914
2.0361475e-05
4.0236795e-05
0.9388751
6.985241e-06
4.3022604e-07
3.2180571e-06
2.3435692e-07
0.00067463174
0.0032863612
0.9996798
1.3697598e-07
0.00018218013
3.936727e-08
1.9930825e-05
5.2259684e-06
0.9196914
4.0811633e-06
0.00061766204
1.1325364e-05
2.7098488e-07
0.19397923
0.0039022407
9.91011e-07
0.1337089
0.024935158
1.6192301e-07
0.260071
0.000647955
2.3906108e-05
3.5381614e-05
0.009121753
0.9999981
0.0015688923
3.899648e-06
3.2732436e-07
2.4569928e-07
0.0068128146
3.7915828e-07
7.2479175e-05
5.4412463e-05
1.0
3.2719174e-05
1.1984874e-06
0.32368413
6.646336e-06
1.498717e-08
1.0
0.0006200286
0.002548623
0.0023426109
0.009385822
2.6569087e-06
1.1023778e-07
0.22665852
4.1447797e-06
0.0029912882
0.4642374
4.943251e-07
5.7092517e-08
0.9999996
0.0003973375
3.670613e-05
2.873669e-07
9.3629325e-07
1.0100136e-05
6.4956566e-06
0.56385463
0.0014282961
9.602098e-05
