1.0
8.363804e-05
5.5182927e-08
0.9999674
1.9845083e-06
0.00030864807
0.0004421938
0.00043275335
0.15712549
2.0982831e-07
6.8221404e-08
0.00062742666
0.20061328
1.8009051e-07
0.0014694359
0.98943615
6.830408e-08
0.021082195
2.0246182e-08
1.1788293e-06
1.574653e-06
0.034639683
2.4289096e-05
0.0004889777
6.2878236e-08
1.6563065e-07
7.1908134e-06
0.011892498
0.00040837235
0.008937938
0.15183982
0.00067877077
2.3177793e-07
0.9463672
0.000711433
6.9701355e-07
6.761992e-06
1.5706321e-06
1.4886728e-05
0.27142957
0.96220344
1.8067725e-06
4.2099956e-08
0.000121311474
0.9997098
4.8616073e-08
0.1808052
5.5852263e-07
0.00055094104
0.09605846
0.0208081
1.6807724e-05
5.967966e-07
5.644139e-05
0.0001326247
0.00023807501
6.870335e-05
8.5165476e-07
0.00028012524
5.980591e-06
2.4289096e-05
1.5570142e-05
0.99148417
0.00013929562
1.9664512e-07
0.0022138413
9.546858e-06
0.006642541
0.0001945924
6.408612e-08
0.00018472502
0.00016396455
1.6156963e-07
0.006301823
6.5027206e-07
3.5985625e-08
8.564523e-08
0.9999657
0.077879936
0.0005706539
7.3951503e-07
0.00023492718
0.08080247
1.4241663e-05
0.0254749
4.4478966e-08
3.9252493e-05
0.37682748
0.0208081
0.0007679266
2.167291e-06
0.00010606515
4.2244712e-05
0.018523153
3.441245e-06
0.99999034
5.4524815e-05
0.00012972827
0.0015133303
2.1851645e-06
0.00060531974
9.670356e-07
2.03093e-06
1.4267355e-05
3.196364e-05
0.8863445
0.00085054134
0.46813527
0.0008663491
1.7959242e-06
6.2231247e-06
0.23281491
2.9447051e-09
0.13948537
0.0004421938
4.057826e-09
0.0013242074
0.700004
2.7186343e-07
2.3417729e-07
0.99998283
0.014398778
0.8032168
9.0831804e-08
2.4891393e-05
5.901964e-05
6.4008795e-08
0.008937938
7.993953e-08
0.6348011
0.0033275604
0.89488965
7.745323e-06
1.9338752e-07
4.675728e-07
5.20944e-07
1.9756274e-06
1.02053285e-07
8.9901064e-08
0.00028012524
3.419981e-08
5.8778795e-07
6.870335e-05
0.0024568816
1.1895783e-06
7.1183764e-05
6.7822134e-06
1.4694312e-07
7.585684e-07
2.3181972e-05
1.5189071e-05
0.01230468
0.00016571817
4.550111e-05
4.801679e-06
3.0454055e-07
0.0008796942
1.3651524e-07
3.9161055e-06
3.9489933e-07
0.0020355044
6.366264e-08
0.9992156
8.001762e-07
5.2111838e-05
1.2327201e-05
4.9920003e-05
0.00023773499
0.0017138125
0.0012361618
0.024762023
0.0024321019
9.282336e-05
9.298007e-05
2.3881281e-08
3.4146021e-06
0.015958149
9.512659e-06
3.6267593e-07
1.8803394e-05
1.4267355e-05
6.450381e-08
0.020318044
0.005475166
1.3818257e-06
0.0005706539
0.0006244004
1.3250722e-06
2.535221e-06
0.99999994
0.9999097
5.9297963e-07
0.5790252
0.025991667
1.1699277e-06
2.4891393e-05
3.073254e-07
0.4418592
0.00020735653
0.001417333
0.0048981025
4.943251e-07
0.88967514
0.89488965
1.7959242e-06
2.1643572e-07
0.99670446
1.1825056e-06
0.9999979
2.171488e-07
0.9998417
0.9571827
7.6643124e-07
0.20061328
0.010552978
9.800392e-07
1.1746653e-07
2.8379514e-09
5.9238786e-08
1.4384355e-07
0.0045637325
0.00033267593
6.230203e-06
2.3916934e-07
0.9999993
3.234135e-11
0.035654508
0.00019133149
0.1808052
0.001479356
1.5172449e-06
1.0771729e-05
4.799666e-05
0.011639569
9.0831804e-08
3.973388e-06
5.6735267e-08
0.049768172
3.7728512e-08
4.0769645e-09
1.1299156e-07
0.0048618084
0.51040983
0.0019204591
0.00018164466
0.054946948
1.800978e-05
0.024596443
1.4240644e-05
6.9701355e-07
4.816346e-07
0.0007234004
0.00014916925
1.947159e-07
4.2666575e-06
0.0001761865
0.15833141
0.00762947
2.5275747e-05
5.558166e-05
1.5608723e-05
5.0644427e-05
0.00016750765
0.02516483
2.8717758e-07
4.5654364e-05
2.662225e-06
5.1562072e-08
0.03415767
3.1183138e-06
0.0021642311
3.066341e-06
2.5122477e-05
0.077879936
3.040201e-05
1.7215851e-07
1.6894623e-07
3.580031e-05
1.9845083e-06
2.7551032e-05
0.18991578
4.8019718e-08
0.0009987387
6.1095257e-06
0.011747855
4.5675196e-07
0.9999693
0.00015841598
3.8892753e-07
6.164513e-08
9.205666e-06
0.049345408
0.038471475
5.7778045e-09
2.232954e-08
0.0021609706
1.2156486e-05
0.00046650242
1.5189056e-05
6.0272328e-06
