0.94470227
3.531358e-07
0.0005043504
1.4305168e-08
0.021354752
0.0012036545
0.70211416
3.316513e-06
1.4732293e-05
0.58172214
6.5770257e-07
0.99965465
2.2596394e-05
1.8732952e-07
0.04362161
1.4064605e-06
0.99999857
0.10920384
0.00025721063
0.03838886
3.8203875e-06
0.11679524
0.99962825
1.0828343e-06
1.6285547e-06
2.9889527e-05
0.06841884
1.553791e-05
1.4155082e-06
1.0764346e-07
0.0162129
0.0024645727
0.00895432
0.0033091716
9.703802e-05
9.070444e-06
2.3246093e-06
0.9594806
0.089015074
0.00054394826
0.3271669
1.0292067e-06
2.5750703e-08
5.152344e-07
0.68837136
8.622169e-06
1.5850398e-07
0.9618213
0.4183477
0.05480536
0.57619905
0.019201733
8.3483684e-08
2.2596394e-05
0.9999999
6.711065e-07
1.4688037e-06
0.0016910543
1.8848154e-06
1.4967001e-05
1.1928174e-05
0.52606046
1.0834947e-05
0.0007979643
1.14199025e-07
0.0016274266
0.0015891213
0.9950409
0.41712123
3.7997307e-08
1.0
0.00010470101
6.6055264e-08
0.5105363
0.0039492445
0.030540373
0.009408224
0.013758292
0.96914464
0.009794747
0.00016627295
2.6106256e-05
6.800886e-08
0.00015930318
7.9286885e-08
6.5496315e-06
0.0006140367
0.31799692
0.003158875
0.00023882391
0.0010339977
0.0027835246
2.1835895e-06
0.0062951706
0.011942719
0.0002437508
0.010407793
2.1766038e-05
0.0014678814
2.9110112e-07
1.8848154e-06
0.93671906
4.990324e-07
1.2537909e-07
5.595585e-07
0.96660304
1.1236791e-06
5.514859e-06
1.7274887e-08
9.16295e-05
5.6412733e-07
0.8826608
3.130047e-06
0.18916984
1.6897839e-05
0.1620165
0.0017432376
0.99995464
0.010407793
0.07777039
2.1514006e-07
4.8765408e-08
0.00017543903
2.845281e-07
6.723577e-08
4.921787e-07
6.8586456e-07
0.026963864
0.9067574
0.00014514873
6.277722e-08
6.9808457e-06
6.2427844e-08
0.00010833121
0.00012564157
0.5406637
8.582771e-07
3.6723563e-05
0.0011288228
3.143091e-05
0.99984187
0.8269152
0.32049122
0.020009981
1.7996912e-07
0.08770708
1.4155082e-06
0.16322362
2.2242408e-05
6.137794e-05
1.855888e-06
7.3909763e-07
0.0015969481
1.539525e-06
2.4835688e-07
0.022356614
0.011359931
4.314441e-06
0.30255586
8.4313506e-05
0.041926634
0.40642244
1.2134514e-05
3.947137e-05
0.0059862826
1.2794397e-06
1.16859354e-07
1.0
3.6810274e-08
0.5105363
0.035638377
0.9953427
6.8317045e-06
1.094053e-06
0.0027753157
0.00012158153
1.0918163e-06
0.000103770464
0.00019249436
0.017802438
1.7996912e-07
1.1749476e-07
3.4859424e-06
0.0007679917
0.9994821
4.921847e-06
0.004596483
0.0001701991
0.00085854466
2.6139864e-05
1.1819819e-07
0.03838886
0.0035195514
0.9067574
0.99980736
4.3224986e-07
1.5327321e-05
4.26102e-07
0.003093788
0.9371869
4.2256816e-06
0.8520504
0.32049122
7.831856e-06
0.00834537
0.0001616942
2.2177424e-07
1.6402495e-05
0.00019260067
0.0037300312
0.05871694
5.730346e-07
0.9976041
0.0027871325
0.13022333
0.99993145
0.00025566202
0.0441772
0.00014149417
0.0003390292
0.008541613
0.0026016529
6.727406e-06
0.16557878
0.00025479766
1.0181846e-05
1.8791525e-05
0.9999992
8.8099296e-05
4.5760913e-07
0.00021760873
7.175662e-07
0.024010036
0.99843174
7.554326e-06
0.47854787
0.00023810362
3.531358e-07
1.421725e-05
0.00042316612
0.0043945117
6.644839e-05
0.9675619
6.438998e-08
0.0001338349
0.031219441
6.66474e-05
3.7137393e-06
0.008132225
0.03348287
0.0005649689
0.010336569
2.0752058e-08
1.0828343e-06
2.8459095e-05
2.4268313e-06
8.744836e-06
9.326892e-07
0.00074460637
1.2431032e-06
1.7050876e-05
0.13716066
0.99984187
0.9860809
4.1567438e-07
2.58144e-05
0.00025345947
0.03305359
0.0033262053
3.3768575e-07
8.8670305e-07
4.685995e-08
1.13651765e-07
4.0345863e-06
1.4653402e-08
1.1161426e-07
0.8927962
2.5841885e-06
0.00020849408
0.00021760873
0.00052791403
0.08346048
0.011353897
0.9967438
0.9647239
2.6732182e-06
0.99999875
4.142895e-06
2.340795e-07
0.00022673314
1.063727e-08
4.07673e-07
0.00034677243
6.5496315e-06
0.0014678814
0.003328913
0.7093274
0.99847215
0.0061128335
0.5386463
