1.0
0.99999994
1.0
0.9998413
1.0
0.9999691
0.9999749
1.0
0.9999999
0.9999921
0.0024692721
3.451684e-06
2.4193535e-06
0.055638
4.469643e-07
0.9999684
0.00051583815
2.5538867e-07
9.475779e-08
0.031107701
0.9584899
2.4652195e-07
0.026112864
1.5866324e-06
0.96796566
0.99849856
0.00067505526
1.1861504e-06
0.99997675
1.6918051e-07
0.0020372034
4.2476327e-06
0.00021604539
0.0002795596
0.0006547387
0.0005344325
4.936424e-06
0.002236611
8.282173e-06
0.95463204
0.00016032033
0.0010876158
0.00014503501
1.1218171e-06
0.015289201
0.00014163739
1.735556e-05
0.00025952517
4.8367088e-08
0.00033673027
0.0017803174
1.0386024e-06
0.021373395
0.00034616992
0.99999946
0.91022
1.8360394e-07
0.7591743
0.00072941574
0.00016764298
3.1696267e-08
1.4697685e-08
2.2250873e-07
5.5779296e-06
0.004513671
0.9997182
2.2809116e-08
0.9998972
5.359733e-05
0.8039195
0.0005344325
2.120595e-05
0.49537528
0.99999964
6.7086205e-07
0.001745885
0.07557666
1.0444925e-06
0.024535308
4.520622e-07
0.005436366
0.7591743
1.9266483e-05
2.9951272e-07
1.721782e-07
1.3111667e-06
4.936424e-06
0.15550888
0.00034616992
0.00053656194
1.5230329e-08
6.807195e-05
0.0025577669
4.4906355e-06
0.0037526246
4.755651e-06
3.94547e-07
0.00067505526
3.166575e-08
0.06727668
1.258026e-05
1.7095032e-05
1.9079716e-06
1.767826e-05
2.3734915e-06
0.00014810485
0.35075274
0.00067402126
5.2057203e-05
0.009022454
1.1006231e-05
0.009465837
1.2322453e-05
8.59109e-05
1.8996127e-06
0.00039016566
0.9999999
2.7591247e-07
0.0027480533
0.0013306449
0.001958478
2.9423682e-06
0.00023756007
1.7340817e-06
0.4002976
1.1581718e-08
0.0015835766
5.237939e-05
6.1602645e-05
3.3899007e-06
1.8590025e-07
0.038262486
0.999956
0.0009824983
3.857091e-06
1.8085123e-07
0.002524949
0.0008235626
1.2194386e-06
3.916388e-05
0.1683087
0.9999999
0.00018261456
1.9800525e-06
2.70228e-05
0.0020230284
0.00079888984
0.0067846086
1.6953614e-06
3.24411e-05
0.00021628715
0.0020279207
3.7031253e-08
0.027334075
2.2458964e-05
0.004288554
7.5469146e-08
0.00214656
0.00078031584
6.7035758e-06
3.4237917e-05
1.5585282e-07
5.5779296e-06
0.41620052
1.1788802e-05
0.00016202588
1.6222746e-08
0.015332955
0.95365936
0.002524949
0.0005672213
2.213862e-08
1.2270418e-07
0.0016193945
1.721782e-07
3.721051e-05
0.033060122
3.622604e-07
5.6009824e-08
2.2799453e-05
0.00014163388
0.11842103
0.004779841
6.1929853e-07
1.0947702e-05
0.0051382654
0.1649811
0.99982625
0.0020418435
4.87516e-07
0.008106071
5.2057203e-05
0.6455919
0.0040158415
4.4208127e-06
7.277199e-05
0.917356
8.3679936e-08
1.6039654e-07
3.0951844e-07
0.0048532384
3.4237917e-05
0.93769443
1.2241691e-05
0.0052639497
0.023353968
0.002181836
0.013688776
0.999888
1.6658858e-07
5.8185155e-06
0.0048532384
0.0052606077
0.0004888254
5.612282e-06
2.453001e-07
4.0394116e-05
0.00040668302
0.99981695
0.001028061
0.99898607
6.3625436e-07
0.99999166
0.0025580102
0.15053158
0.0011920701
4.424008e-07
1.9079698e-06
6.152367e-08
0.0024124174
0.039847486
0.99999946
0.068322614
0.00015952252
0.26632968
0.00052092306
5.747356e-06
0.6664518
6.902461e-05
0.00053656194
0.9999993
0.999994
1.2768952e-05
8.6513074e-07
0.16984388
0.0011872833
0.99350435
0.14978622
0.9992394
1.1006231e-05
0.0026014314
0.100988634
0.0017858945
0.0038141208
1.3722561e-06
7.562731e-06
1.9266869e-05
0.00013641486
0.99214226
0.00017457096
0.001255149
1.44649675e-05
0.025494697
0.0020183742
0.033060122
0.0013089048
0.020616092
5.3625763e-06
0.99999964
0.17197229
0.002052282
0.0020541814
4.469643e-07
0.0061236895
0.024535308
0.046486747
4.1591542e-05
0.0016786706
0.0018586596
3.0951844e-07
0.0035036784
0.25741774
5.0608895e-05
0.012642264
7.616942e-07
6.308943e-07
0.0012117784
1.3722561e-06
0.0010968486
9.566932e-07
0.9769178
1.4548023e-08
8.244186e-08
0.008416797
6.1954534e-06
0.8923562
4.8751554e-07
0.00026337488
1.9396116e-06
0.14978622
