0.9764242
2.9750737e-08
0.0035207793
3.1399622e-07
8.670075e-08
0.9999956
4.5942647e-07
0.00014468568
0.98504925
0.00017986327
0.033545744
3.6047772e-06
1.304552e-07
2.7607356e-07
6.7390865e-05
0.99217767
5.6757615e-10
4.5914788e-07
0.00047539346
7.8196965e-05
1.1290058e-05
0.02354835
9.514008e-05
0.003758862
0.00023038412
0.0006604062
1.0444433e-05
1.638639e-07
0.4576814
0.8830955
0.07229425
1.4510667e-08
2.0411533e-06
1.0654747e-05
3.4010172e-09
1.0510661e-05
0.008013237
1.4589544e-07
0.00041463773
0.999995
0.0036018023
5.04879e-05
0.0051737037
0.0015755728
3.542854e-07
0.0014472689
4.567773e-06
0.22742213
2.5360687e-05
0.041603707
6.241262e-05
3.9443556e-08
0.0038079205
0.0065068123
0.46447954
3.0776508e-05
0.70416725
1.8628815e-06
6.429816e-09
0.0026560705
1.0855372e-05
0.9981359
0.2771304
1.1714623e-05
4.1923752e-07
0.70416725
3.9443556e-08
0.0002523106
0.00017485383
1.4824779e-07
1.6161586e-06
0.9999925
0.0002523106
6.932694e-08
2.5326319e-05
0.039961856
1.1045768e-05
5.964159e-08
0.00046365405
0.0003551898
1.2241319e-06
0.42161947
0.00029379802
4.83954e-09
0.9788539
0.18356036
2.1143281e-08
1.5486667e-06
0.010471309
0.017335085
9.198738e-08
1.653975e-05
0.00013268694
1.2241319e-06
4.8234477e-05
1.1029177e-06
0.00019981085
0.8170043
1.1835108e-06
0.0005438451
0.0034415952
0.0020083217
2.3929732e-07
0.00016886274
0.0051737037
0.99996066
1.8762577e-07
9.955773e-08
3.721109e-08
0.012694278
1.7613071e-06
5.38604e-06
0.004800875
1.8617699e-06
3.6750293e-08
5.193233e-06
0.25512108
0.005048034
0.9999021
0.0001079858
7.693752e-07
0.0024355217
0.11741253
0.98983645
1.2345567e-06
0.9999994
0.8990255
0.0005368021
0.00074787973
5.95171e-06
3.8752056e-05
3.0089606e-05
1.5810763e-05
0.044362366
4.5758034e-07
7.6863024e-08
1.01308215e-05
0.006387516
2.2688916e-06
0.00014351185
0.008378211
9.408131e-06
2.3659595e-05
3.671029e-08
1.3770602e-05
0.0004329413
0.010661933
0.057501808
0.0014701945
0.6505906
1.160285e-05
0.13768385
0.0010039916
2.0338161e-06
0.00020569729
1.3980863e-06
3.5574532e-05
0.030602505
5.328239e-05
1.5107891e-07
0.060530256
7.4311856e-08
0.19149706
0.033858
0.0006041022
0.8832959
1.1930972e-05
0.82936937
3.4591597e-08
0.011235584
0.0005482767
0.99999833
0.09603641
3.186582e-05
1.3297088e-07
9.983269e-08
0.000389887
0.0013297785
1.0036877e-08
8.856892e-08
1.1298298e-05
7.318851e-05
2.3562242e-07
0.00010370953
1.4023739e-09
4.1411706e-05
0.005233512
1.6756303e-05
0.9325964
0.0003551898
1.3028404e-06
2.2521255e-07
3.6328904e-06
0.10489009
0.07611197
0.033934906
4.834684e-05
0.99296284
3.326115e-08
1.3970278e-07
2.5186864e-07
6.7418505e-06
0.009226054
1.9353236e-05
0.00042515525
0.99997157
0.00058444066
9.37994e-07
1.2087127e-08
5.035996e-07
7.7763126e-08
0.0032047995
3.8749877e-06
0.000239859
1.4444029e-05
0.9309124
2.501325e-06
1.7572921e-06
3.4115565e-05
0.7409212
0.060195714
1.4924954e-05
0.00023292656
2.21568e-06
0.0290328
5.743539e-05
0.0009802544
0.00024618403
0.0035207793
2.480575e-06
0.97049254
1.3568469e-05
0.29772443
0.008297278
0.0002820771
1.2805792e-05
1.3499816e-07
0.07191445
3.6382228e-06
2.0129425e-09
1.0432388e-05
0.00022240638
1.5477394e-06
7.663685e-08
0.0002820771
6.3216234e-05
0.00024462387
9.145107e-07
0.0017213008
9.597275e-06
0.99913794
0.99994594
0.35756728
0.00012864817
1.8876563e-07
0.002438566
0.9999751
9.8835175e-05
0.00037945836
1.233988e-05
1.3970278e-07
0.0009974166
8.825036e-06
7.407531e-07
0.67888224
5.511967e-06
0.008349163
2.1506673e-06
1.0343918e-07
0.0072825733
0.31505722
0.00046098235
1.0343918e-07
0.00057308597
4.3309224e-06
1.2112511e-06
0.0029800523
0.00029955723
6.932694e-08
0.00022771391
0.00057308597
0.00018605875
0.19105113
1.653975e-05
2.0908397e-08
5.9345143e-06
5.9328988e-05
0.00032360057
0.94963706
7.192578e-07
0.10283906
9.529274e-06
0.00037945836
3.10787e-08
0.005916406
2.1820199e-05
0.00030086035
0.00015626625
1.244821e-06
0.6823576
