0.009006871
6.564161e-05
0.87848353
0.0017219958
0.9675253
0.93879986
0.14318886
1.5286693e-06
0.3094882
0.0010891976
6.232366e-06
2.2971851e-06
1.8015265e-06
0.25036597
3.372752e-06
0.00035670784
0.00012758619
4.0915725e-06
0.42292094
2.204933e-07
0.030125337
1.4040817e-06
1.5662016e-07
1.2099426e-07
0.99996364
3.7668116e-05
3.3214487e-08
1.6931293e-05
0.9999342
1.1562934e-08
7.711978e-05
1.4807542e-07
0.99988246
1.970498e-05
3.151217e-08
0.98989844
1.276648e-05
7.779636e-08
0.20431595
0.0008521297
0.0007630065
0.9182691
6.438384e-08
0.26445693
0.002203106
3.3328484e-05
4.018872e-06
4.4315243e-07
1.0488166e-06
0.00037947463
0.9931438
0.01514112
1.1236865e-05
3.9978178e-07
0.00012960426
1.3958339e-05
0.00012874647
0.0014973184
1.492817e-08
8.482394e-06
2.960701e-08
0.00039643593
0.01642055
2.7301442e-07
2.1154995e-06
4.018872e-06
1.0237862e-05
2.3515631e-05
1.6124319e-05
0.0253629
0.7901852
1.7711102e-06
0.0018251732
2.1635801e-06
0.0006485624
0.00030590896
1.5511507e-08
1.48857495e-08
0.92327076
0.00015016967
0.99295795
0.022106495
6.174945e-05
2.1409043e-08
0.012367641
4.84843e-08
1.6021324e-06
0.064585224
9.2051584e-07
1.6922093e-05
4.6743127e-05
1.9543587e-07
0.00014207105
0.00043691188
0.0036181305
4.559415e-05
7.1738876e-05
7.677921e-08
0.3587406
0.23651993
2.5537454e-07
0.98879033
0.30450374
1.716283e-08
0.000116300325
0.01488659
1.6531425e-07
0.849851
4.4701745e-05
0.0015366707
7.419565e-05
1.3868623e-06
0.005580449
0.9926718
4.4752498e-05
5.5789087e-06
2.1887602e-06
1.7246596e-07
0.00014699325
1.4272376e-06
6.0620046e-06
0.99990714
0.009470868
0.0056118825
0.0007954722
0.06066609
4.443744e-06
5.4032953e-06
6.017705e-07
1.4848438e-07
3.6496596e-05
0.1456559
1.0331756e-05
0.009647187
4.7394235e-05
0.014896032
0.019180505
0.5640508
1.3681593e-07
0.9999996
0.033438638
2.0018838e-06
2.176304e-07
2.532635e-07
4.2405336e-06
0.0013375469
9.124791e-07
0.20548387
1.6082886e-05
1.0656749e-05
4.6799394e-07
0.0003293269
0.0018556736
0.010544537
0.00010183618
1.0278816e-06
0.9998596
0.0023115517
6.910859e-05
0.00035917343
3.5591395e-07
0.99999887
0.0006893234
0.023363866
6.017705e-07
0.054920286
5.8059482e-05
6.462279e-06
0.0013631365
1.18714226e-07
0.040662028
2.3626658e-08
2.0757141e-05
1.829363e-05
6.499906e-08
5.739222e-08
1.716283e-08
8.3530196e-08
8.823455e-06
5.0028693e-06
0.03423597
0.0013613694
0.027547345
0.1324164
4.32779e-08
0.008774355
0.0021382612
0.00033652375
0.0013603767
0.99509484
6.456733e-05
3.8249736e-06
0.00034639955
0.000418572
0.000110845154
9.4821246e-08
1.9603189e-07
4.4123047e-09
1.5701358e-05
8.3530196e-08
0.07774717
0.44875363
0.06143616
5.738248e-08
0.99997455
8.2961594e-07
0.0034013304
0.020925177
0.0034013304
2.6933803e-06
0.0026301073
2.6458705e-05
0.0016661206
0.019500244
5.257132e-08
1.5007759e-06
1.103585e-05
0.0005052562
1.4272376e-06
0.004360707
0.0007887002
5.781442e-09
0.9580221
7.1980035e-09
1.7400074e-05
0.00029325287
2.2386559e-05
2.082563e-06
0.00013301897
9.06007e-05
2.7301442e-07
0.99997455
8.482863e-06
0.00012563427
3.3768836e-05
0.09875758
0.0062034116
0.018253107
0.004360707
2.7489132e-06
1.4171413e-06
1.3899175e-05
2.7551124e-07
1.6922093e-05
0.975706
0.12687786
5.261245e-07
0.98989844
4.6818564e-05
0.018253107
3.8913367e-05
0.00054269115
0.00021518009
0.029491417
0.00029437055
7.156497e-09
0.00026961358
5.3648373e-06
0.019500244
0.0006325262
0.0048143542
0.00018914846
3.1436186e-05
1.0223608e-06
0.9719093
5.1449096e-08
0.00078056275
1.7602694e-06
6.2354417e-07
0.0016188896
3.7668116e-05
0.42715284
0.008664273
0.0012337198
0.011871968
2.7963893e-09
3.504485e-07
9.2113794e-08
0.0015133547
0.00077348336
3.771927e-05
1.716283e-08
0.99990994
3.7958122e-07
0.0036181305
0.0056118825
5.7726076e-08
8.7700977e-07
1.9551449e-06
7.1980035e-09
0.0062298123
1.1686165e-08
0.0006893234
2.129059e-05
6.9342247e-09
1.9589559e-06
4.358324e-08
5.9804083e-06
0.00021280292
2.400132e-09
