3.4563578e-05
0.7706089
0.99673575
0.0072322846
0.018536907
0.00027182375
0.0007867834
0.99708086
0.010180886
1.8965424e-10
1.8646008e-07
2.9188943e-06
5.332559e-09
6.937905e-06
0.027943814
1.107769e-05
3.023152e-05
4.032752e-07
1.6456356e-08
0.0012223776
4.260099e-09
0.09726543
3.4098395e-08
8.110527e-05
0.00013085874
2.7195244e-09
3.924647e-09
1.10318545e-07
3.7643386e-09
1.4088417e-07
0.0009884689
8.814101e-07
0.0010891944
1.1649265e-06
3.841534e-06
5.021584e-05
1.3655394e-06
3.7796295e-07
0.0014421261
7.7847275e-05
7.031304e-05
3.968129e-05
1.7782927e-10
1.2594708e-08
0.73068887
7.490906e-05
0.00017011019
6.585142e-10
1.4010886e-08
1.124319e-05
2.5571696e-06
5.1688306e-07
3.609256e-06
1.1443167e-07
0.027943814
5.871173e-06
1.1522535e-08
0.0011020615
6.1883213e-07
6.457321e-09
1.144006e-05
2.7507673e-07
1.5398282e-08
2.3296153e-07
5.20509e-07
7.382364e-05
4.52196e-06
1.1538166e-05
0.00012640381
1.1996484e-05
2.8331743e-10
4.778199e-07
0.99869096
2.9419115e-07
1.221143e-07
1.27271145e-08
0.41244772
0.005160264
2.0191785e-06
2.8066664e-08
0.9967568
7.9187705e-09
3.3513372e-06
2.1328728e-10
8.0023665e-10
0.99997497
1.546079e-08
8.376293e-09
8.430247e-08
2.1133927e-08
3.4098118e-06
1.0568536e-05
0.9987581
3.265019e-07
1.9178528e-09
4.368913e-06
1.6704342e-09
4.8193557e-05
2.238688e-05
0.00051324273
2.2067475e-06
1.7179588e-07
0.9999042
3.4568947e-07
1.986127e-06
3.841534e-06
0.0029720496
3.7308294e-09
0.9990931
1.8325148e-09
0.9895194
1.8484108e-08
0.0044498118
1.6276495e-07
0.9989661
0.99429065
0.97178084
0.007035327
1.0135953e-08
1.26298785e-08
2.2830275e-07
2.3868973e-09
5.502758e-08
4.742951e-06
5.600192e-08
1.915083e-08
1.513967e-05
6.020357e-08
6.99076e-08
0.0015854118
1.00006075e-08
1.0568536e-05
1.03014736e-10
5.332559e-09
9.197852e-10
0.00012314926
0.0029720496
0.697569
0.00046444076
1.4648652e-08
2.0933497e-08
3.55554e-07
1.236155e-07
0.0023234633
5.960282e-08
4.6306063e-08
0.00035547133
8.430247e-08
0.9967568
4.763113e-07
1.0809111e-08
0.0060962504
0.00030980608
0.00014706391
1.631048e-09
0.0006948542
1.124319e-05
0.006766789
1.5128178e-09
0.00038637806
5.211013e-06
2.8576944e-10
2.3616282e-09
0.053016044
4.2082755e-09
0.004836758
2.984867e-08
1.7155032e-09
4.092013e-06
2.1216832e-05
4.619695e-06
0.0005934988
0.38762042
5.7180885e-05
1.8147764e-08
3.2318443e-09
0.08959302
1.3603322e-09
2.1870324e-06
0.00026019834
1.7365857e-05
6.124079e-09
2.6186667e-08
4.3528844e-06
5.871173e-06
1.0135953e-08
3.9869547e-06
7.3935333e-09
2.1681303e-06
0.04480909
2.8442821e-08
0.03419608
1.4364773e-08
1.2942507e-09
1.3136633e-07
1.1953742e-07
6.511853e-09
8.932502e-09
4.6617148e-05
1.8395062e-07
6.9298835e-06
6.351922e-05
2.0191785e-06
2.4999608e-07
0.00032462954
0.9988976
4.808498e-07
1.0177062e-06
7.382478e-11
4.3876607e-06
1.4679944e-06
1.7023478e-09
1.9828441e-07
0.9775212
2.4789764e-09
3.3484812e-06
2.8674584e-05
0.00729755
5.7441197e-05
7.496483e-09
3.2802053e-08
0.0064744735
0.9824093
0.9975207
1.0956448e-07
1.9877213e-07
1.7812953e-08
2.280207e-08
1.0724462e-08
1.332008e-08
1.2600096e-07
1.8811672e-09
1.2372136e-08
0.0019006667
1.077932e-08
5.9803522e-05
2.7024106e-08
1.6794369e-09
0.9758401
0.008811097
1.33556405e-05
6.520925e-05
2.2372699e-06
9.2751514e-05
1.4040907e-07
0.9999969
1.7698992e-08
3.9217946e-07
0.8622568
0.00020937581
1.4217952e-09
1.3152695e-06
2.2140118e-10
3.0832132e-06
9.286348e-09
4.2082755e-09
0.6860239
0.00047300817
1.468165e-09
1.6409692e-07
0.70176333
1.6162221e-05
2.855439e-06
4.042613e-10
0.0008355328
0.00061135663
5.941992e-05
0.0019604866
1.3405635e-09
1.0760504e-06
0.996192
7.508144e-06
3.9217946e-07
9.692694e-10
2.5597901e-06
1.6276634e-06
3.1359642e-07
3.0932124e-10
0.0007916387
0.9796548
2.2543574e-05
0.0004469742
0.02969071
9.23836e-05
2.4789764e-09
6.827998e-07
0.00089586823
1.7155032e-09
1.6982069e-05
1.3084065e-08
0.00013469883
2.9699682e-10
1.7918767e-07
9.208871e-11
0.027943814
6.782074e-09
7.8254916e-11
5.9677217e-07
2.5378236e-07
1.884461e-05
