0.99996233
5.3550535e-05
9.900078e-07
2.936008e-06
8.533375e-09
2.5379228e-07
0.9050099
0.0007558089
9.5030906e-08
8.0153026e-05
2.3943818e-07
0.20426948
7.415426e-07
4.4088958e-07
0.008666153
8.898867e-06
0.85296345
0.00046743028
1.5736152e-05
9.774418e-06
6.284131e-08
1.0088247e-06
2.0779146e-06
1.5351148e-07
0.91418463
9.455143e-08
2.9768512e-07
0.0018077553
1.3749276e-08
0.99993116
0.00021871284
5.0013534e-07
0.037805412
4.7790923e-08
0.6052333
1.5891424e-05
0.010715987
1.0361139e-05
0.99999994
9.895872e-08
0.17079654
0.999885
0.00094458804
4.0249833e-07
1.3749276e-08
0.00018830773
0.00043970562
0.99998665
0.00084198295
0.9739283
2.5784746e-07
0.16714115
0.00037893472
0.010194677
7.615774e-08
0.99997395
4.999046e-05
0.008127077
4.3507803e-06
0.039779175
2.3870996e-07
2.0668944e-05
0.0031401436
1.1174633e-07
5.6459452e-08
2.9530197e-08
0.00045982262
6.463022e-05
0.0014736138
0.00053360284
4.6835e-09
7.0536565e-08
3.4155725e-09
0.99775666
4.8855316e-05
3.601309e-08
1.2967685e-07
0.0007862284
7.06304e-08
0.0011673071
9.927224e-06
2.3777388e-07
0.28878498
2.5476425e-09
0.30023167
0.93018633
0.03438249
0.0018478262
0.23875493
0.8902387
0.0057411534
0.996114
0.8880473
3.3476383e-06
0.012156581
0.019201912
0.99970263
2.5255387e-05
5.466127e-05
0.99992627
0.037805412
0.007598757
1.7160477e-06
9.268793e-06
0.00020606595
0.00041100717
1.17087936e-07
4.0859426e-08
6.030586e-07
4.0260198e-07
0.0019196249
0.942242
1.5049695e-06
3.1118798e-08
3.4085235e-07
5.6749604e-07
0.0001539838
0.99983853
8.608902e-05
3.7080772e-06
0.7550611
2.2979125e-06
0.00824744
2.0524985e-05
0.96087265
1.9507925e-05
6.030586e-07
8.935247e-06
0.99947727
0.011819384
6.526292e-07
1.867152e-06
4.849124e-06
0.041972168
0.037805412
2.172999e-06
0.0035796086
0.3189057
0.50276524
0.8121774
0.0012208493
5.835545e-05
0.0007080667
0.98500395
2.1652399e-05
0.0011449875
0.00010258568
0.037281062
0.00078075094
6.700896e-07
2.0154674e-08
2.9768512e-07
0.00021307112
3.0988497e-07
0.0013174139
1.3304613e-06
0.9813286
8.878996e-07
0.010229408
0.98824817
4.5680468e-07
1.1852864e-06
1.0346171e-05
0.0009875424
0.99997026
5.5689252e-05
0.012224221
0.00041845048
1.5750584e-07
0.9999719
4.3807245e-06
2.0524985e-05
0.00028592927
0.650696
0.02371565
0.0013578145
0.00062482065
4.234585e-06
0.7926288
1.7228332e-07
0.0005270055
0.0008256984
0.0005445391
8.761779e-07
0.15491912
2.8051361e-05
3.9403627e-08
1.0923164e-05
2.7113198e-05
1.5496637e-07
2.4713402e-06
1.1347876e-08
1.9355875e-05
0.02648754
0.010757127
0.006072749
0.0005107888
0.028390296
0.123397
4.0260198e-07
5.459787e-05
0.99552876
3.8530074e-05
0.10974059
1.6976728e-05
0.9322021
0.006419359
0.9996771
0.10584282
0.0013174139
0.053780217
6.4593684e-07
3.636297e-07
0.00018145547
0.07235934
1.1852864e-06
5.4276875e-06
0.039779175
0.009359316
0.00025991048
0.00041100717
2.8861266e-06
3.864109e-05
1.4810354e-06
0.010229408
0.9996771
0.00027542928
0.9999719
7.2865504e-08
8.990624e-05
7.7944285e-05
4.5680468e-07
0.00017953517
1.3749276e-08
0.796024
0.00021307112
4.1311978e-08
0.0016568288
0.00033905508
0.0026104853
0.0023657356
0.071690254
0.9999986
7.680345e-06
0.0018282527
5.9703347e-05
0.999828
0.032139428
0.00012438229
1.1930452e-07
1.9643925e-05
4.0456567e-07
0.7230383
5.909636e-07
1.0
1.8388112e-06
0.00035952733
1.0636134e-08
0.89516973
8.656981e-06
9.491373e-06
0.0024659329
0.00019615609
2.4795978e-07
1.5496637e-07
7.429328e-07
0.0019475698
2.3870996e-07
0.999924
0.9999662
0.0011709527
4.0260198e-07
0.99999696
1.0424425e-06
6.1146505e-07
0.30263186
2.936008e-06
0.0030820172
0.0009747587
0.10109716
3.5470865e-07
2.3071e-06
7.2198475e-07
1.6916825e-07
0.029877383
0.10980725
0.00013538568
0.039779175
2.5353143e-05
5.175799e-06
0.00074319274
1.7364897e-07
3.991261e-06
1.8404098e-05
0.85328025
0.00062482065
0.9999772
0.9869625
0.8385883
1.9894496e-05
