0.988787
1.110257e-07
0.0002197735
2.9337278e-07
0.0017618956
0.0019706637
0.00013541977
8.606809e-05
0.9999581
2.7171905e-07
9.541174e-07
0.003231168
0.022598779
0.6959807
1.3416738e-05
0.00024176629
0.0068687885
1.5627863e-07
4.1338412e-06
2.0329693e-05
0.012831768
8.0688e-08
0.022004474
2.9294831e-06
0.7878044
0.00052132685
2.5560907e-05
0.9999821
4.4106255e-05
1.6489038e-06
1.4086745e-08
0.9706768
8.1409047e-07
0.00026026112
0.9978359
1.2015695e-06
0.00055166567
0.0005213263
8.3434525e-06
0.09673883
0.013936196
6.142792e-06
0.17873263
1.8219441e-07
4.6531754e-06
0.00033154813
0.0025483076
0.0012635172
0.014712541
0.00027112698
3.8136677e-06
1.3153098e-05
0.9998382
0.99999964
0.007354448
0.049936507
6.052226e-08
3.7847647e-05
0.0023151538
0.009129863
5.110961e-05
0.0061216005
0.90468067
1.3157366e-08
1.6405138e-06
0.92130095
4.565909e-06
1.1944842e-07
0.21978875
0.0017469407
4.3689006e-06
0.002761579
2.488254e-06
0.00069124595
1.867939e-05
0.002372851
0.00021028733
0.00015886675
8.0753274e-08
0.9381601
0.00022024928
1.4564854e-05
0.011329798
4.5056441e-07
0.92716604
0.99469435
0.02048842
7.9309e-05
0.48407286
1.8106537e-06
0.13998927
2.538295e-05
0.35023037
0.0046865977
0.0003086925
0.52771515
0.0017093892
2.512037e-07
0.000101911166
7.2387587e-07
1.4232647e-05
2.0688527e-05
3.058293e-07
0.99993074
0.005561875
9.813952e-09
1.01546895e-07
8.634899e-05
0.0035326805
0.025866782
0.7661107
6.052226e-08
4.3713946e-08
6.6249654e-06
1.1839624e-06
0.11760979
2.4793144e-06
9.1466514e-05
6.7123386e-07
0.008529987
0.49776822
0.0018317542
0.00037148106
0.9999821
0.32196477
0.12509218
0.0040749535
0.006940945
0.021759598
0.84470665
0.00022024928
2.9294831e-06
0.0011607491
0.010783794
3.795682e-07
0.99247867
0.0032356926
0.0003001879
1.4402818e-05
0.9999992
0.9714408
1.0493608e-06
4.0972196e-08
0.9826437
0.0007250033
7.9309e-05
0.0020944052
5.6089166e-06
4.206649e-07
5.041131e-05
1.0572603e-06
0.00079333445
9.4472796e-07
0.12509218
0.98146987
0.003317382
2.3800657e-08
0.0007657388
1.1918926e-06
0.9999914
6.455778e-05
6.8340836e-05
9.484486e-06
0.9975963
2.6405806e-07
1.9722465e-06
0.9998102
0.00040802194
0.006928053
0.00014883564
8.333251e-06
0.00015267951
0.0005208595
0.99999595
0.0017674143
0.00021989444
8.634899e-05
0.17961872
5.1076513e-06
0.00020082544
7.707831e-05
0.23300216
0.04309827
1.817668e-05
0.00033745126
0.00072564854
1.1309908e-05
0.0012566551
3.382354e-06
0.71835935
1.2845685e-06
0.0008538194
0.055312246
0.00016178844
1.1309834e-06
0.010281961
0.0062026475
0.0007657388
6.279002e-05
0.99989164
0.0044817417
0.99999976
0.7695466
0.0030470686
0.003412891
6.668281e-05
1.7353308e-05
1.0
7.707831e-05
0.00067072944
3.9034358e-06
0.007791219
4.7968333e-05
1.7196843e-08
0.08402754
0.0005139158
0.004021286
0.9734757
0.0014412325
0.5172454
1.7612265e-06
6.5166455e-07
8.533812e-06
1.9319837e-06
0.9975963
7.7782545e-07
6.5672415e-05
0.025812464
0.0056453175
0.028650759
0.00035960376
4.5095872e-05
0.9182675
3.595948e-05
4.906611e-06
8.5596054e-07
6.3069856e-06
0.0010020116
0.12751102
0.7056091
3.7847647e-05
0.34158358
4.543139e-08
0.9997332
9.546379e-09
1.020986e-06
1.4631888e-07
0.00016863827
0.9095555
3.843652e-06
0.0825501
3.2872013e-08
0.029249486
0.7284742
0.00042899084
0.9689862
0.00034624533
2.820593e-06
0.9095555
6.689244e-07
3.612568e-07
0.00062890153
0.022534767
0.20734882
2.0255014e-07
0.010281961
0.00018817258
0.00075520406
0.00038199846
7.962467e-06
1.0121021e-06
0.00015906592
2.8799843e-06
0.01702743
0.35023037
1.0414111e-06
0.00020778361
6.0177663e-05
1.0414111e-06
0.0005139158
0.05319415
0.0030120714
0.19938688
2.55655e-07
4.359014e-05
1.3798209e-05
1.0515447e-06
4.331133e-06
0.9622877
0.0027532983
3.6512222e-07
0.916034
0.85297734
6.0238865e-05
5.880627e-07
2.8314055e-06
0.0014017446
2.0428014e-07
0.96064264
0.021321807
