2.8401833e-05
4.338858e-05
8.913378e-05
0.00093353033
2.0774559e-07
0.99496424
0.9990672
0.16146453
1.0477938e-06
0.97791713
0.66142213
0.036687393
1.4081129e-05
7.289748e-08
0.003108806
0.000728379
0.00017165909
0.0015688923
5.3218406e-05
6.026001e-05
0.99870133
0.0002442328
0.0018804345
1.34147285e-05
0.80622596
0.006803741
0.000341155
0.00015471262
0.010444456
1.3549317e-05
0.9369173
2.9642622e-05
0.0031851334
1.2012516e-07
2.6569087e-06
1.6739106e-07
0.00040351137
0.0046107885
0.0036504518
0.0051341234
5.436544e-07
0.0042575775
0.00023373903
4.875923e-07
1.1918517e-06
0.009391769
0.016423741
0.011118495
0.0017384827
0.0062800865
0.9993508
0.00040351154
4.2996744e-05
0.9998659
1.34147285e-05
7.7300385e-05
0.00017844459
1.8708719e-05
8.8744324e-05
0.27093434
6.0453663e-06
3.0997987e-07
0.0007547106
3.222919e-06
0.00093945325
0.5290382
7.0163886e-05
0.99998367
0.00037362837
0.00021381333
0.87123615
0.013072999
2.0222338e-05
2.887556e-07
0.47675222
0.0006746311
1.5939212e-06
0.0003874342
0.032426815
7.238082e-05
0.34000552
2.7098488e-07
0.0007558589
1.8690991e-05
0.3709329
6.7134235e-05
0.0006786253
8.186888e-05
0.99636394
0.047273394
0.0010749599
0.0004376697
1.7173137e-05
0.069207765
0.5440425
0.0002587938
8.8744324e-05
2.8421132e-06
0.9542479
8.561058e-07
2.2076707e-05
2.8030395e-06
1.9355395e-05
0.6547091
0.54207003
2.7618058e-05
0.15253863
0.0762437
0.988053
0.7940741
0.00219862
9.095625e-06
0.10820685
0.02706458
0.99998367
7.2341604e-06
5.2259684e-06
2.6332417e-08
0.5446023
5.25715e-09
1.7140114e-06
6.2101526e-06
7.268363e-05
0.0012105106
9.791293e-07
0.00019952052
6.0274465e-07
0.1641639
0.19413777
4.2086494e-06
0.0008091944
0.99981314
0.004375418
0.01209038
4.4812268e-07
0.0002519793
9.1657563e-07
0.99955404
0.9467125
0.93130106
0.0052998285
0.0021079679
0.048111696
7.873501e-06
0.0011176388
0.00020716463
1.3413423e-07
0.39687037
0.0006289686
4.921739e-06
0.1195752
0.95017624
0.0064695375
0.0007085466
1.7140114e-06
0.07901319
0.566675
0.002558531
0.0002587938
0.99412256
4.8087735e-05
0.041081525
0.26609007
0.23919077
0.017199108
0.00053958787
0.009385822
0.0054195
0.0004627952
2.3906108e-05
0.00010812088
3.5499095e-05
9.5693096e-05
0.94695383
0.9754244
0.003896149
1.184159e-08
2.5860375e-06
0.13607779
3.5697623e-05
8.42981e-07
0.000110136505
1.7853266e-07
0.99998516
0.0015241709
0.7862415
0.2015848
0.00071169477
1.2661653e-06
0.0017342377
0.22875766
9.658175e-06
0.99527955
4.4114877e-05
3.137448e-07
7.926056e-07
0.003715328
0.07898904
0.5741458
0.0029495922
0.00021410342
0.0012069334
0.00012862842
0.0037328834
0.00018780655
0.020199172
4.599648e-07
3.500005e-05
0.0030731864
4.2136966e-05
5.6301516e-05
5.7780606e-05
5.614541e-06
2.9915552e-06
0.0030673193
4.0811633e-06
0.0036321245
1.8314978e-07
0.0003003339
3.10544e-06
0.00061818794
7.1650747e-06
0.0041151163
0.11443846
7.920306e-06
1.1227954e-06
1.8708309e-06
0.11355974
6.571476e-05
0.00017906466
0.01225635
0.05962468
1.1129193e-06
0.999339
0.27093434
0.0002657421
0.00011783187
0.9857784
0.04428118
0.038012244
2.4999922e-09
5.6787126e-08
0.002061832
1.1814426e-06
0.959214
4.9842123e-07
0.99840677
6.0532664e-05
1.8804383e-06
1.1918517e-06
0.024439506
0.0004963656
3.1278953e-05
2.3147376e-07
0.011588855
0.05240479
0.006259833
1.2877744e-07
0.06348669
0.6711816
0.00014360137
0.002861697
0.0002056765
0.08755009
0.0003232916
0.00014269748
0.00089133816
0.0022464949
0.0004376697
0.9976196
8.427412e-05
0.9999865
0.8677817
0.9999981
0.0021071094
1.6112437e-05
0.0008428567
0.31729364
2.8085546e-07
1.3697598e-07
0.00011737757
3.033448e-06
0.069207765
0.9987347
3.222919e-06
0.03913953
0.11663761
0.008773011
0.0013838994
0.0013163559
7.442858e-05
9.539399e-05
1.1444021e-05
1.863235e-05
8.043078e-08
4.5755417e-07
0.0021071094
7.9133286e-05
1.8235935e-06
0.0023697577
