0.0061928434
1.0
1.0
0.42789584
0.007771839
3.4829286e-06
0.30592838
2.2558522e-08
1.8890786e-06
6.816977e-06
5.3399376e-06
8.397431e-06
7.166991e-08
0.0020897854
1.0041617e-05
2.1070666e-05
2.4598367e-07
1.53568e-07
0.0020305687
0.0012135404
0.0030468672
1.5570516e-06
0.05050605
1.2582408e-05
0.0008095476
0.00094458036
1.1712785e-06
0.017915852
1.1029078e-07
0.9985531
0.9999987
0.00045936063
2.8818176e-05
0.0010690327
0.00056443096
0.0012912927
0.0008651241
0.57513946
0.00032475212
0.0006589219
0.99997294
5.1357023e-05
0.5919441
2.3899474e-05
1.2793146e-05
1.1619636e-09
9.6980664e-05
0.22423075
2.5234084e-07
0.009380242
9.1421325e-06
0.008476678
5.784511e-07
1.3184452e-07
9.020437e-07
0.01616833
8.712829e-06
1.558274e-07
1.8920497e-08
0.000921377
7.003534e-05
0.00047048906
0.16762754
4.1350137e-07
0.00016009179
1.9518775e-05
0.9054581
4.20254e-09
0.0038682057
0.35458288
0.0019524009
3.6798872e-06
0.9994907
0.022145906
0.57635826
0.023653392
1.1647844e-06
0.0016638427
4.3503405e-06
0.13674748
1.1934613e-05
0.00032628456
1.6019483e-05
0.0008050696
0.99992603
4.586242e-09
1.3319618e-05
2.5244937e-05
1.5461093e-06
9.032178e-09
2.3212833e-07
0.0038682057
6.670515e-07
1.6124391e-06
1.8175206e-07
1.9518775e-05
4.2441314e-08
0.0008077052
4.637652e-06
1.2001519e-05
9.713617e-08
0.027191952
8.5743767e-07
0.0008485483
0.00016009179
3.8411345e-06
5.56108e-10
0.0036771095
0.009723341
0.00048020293
0.014385243
2.358305e-05
5.7280245e-06
0.69548374
6.6400257e-06
0.9994907
0.008476678
7.361454e-08
2.1235282e-06
7.2705156e-08
0.0016399355
0.15185507
0.0017064281
0.000101710015
3.6798872e-06
5.0413615e-05
0.84220576
1.2765959e-07
0.047554214
0.9999797
0.000105389765
6.1716186e-08
1.1094441e-07
0.00018623126
7.8243147e-07
8.8948174e-05
5.560736e-07
8.180886e-05
0.30592838
0.99997294
1.1550753e-06
5.359125e-06
6.964927e-08
3.715131e-08
7.285274e-05
0.00093360955
9.0284575e-06
0.9999063
0.87657845
0.9025255
0.002478941
0.0020897854
1.7621724e-06
0.0049982513
0.00034630677
0.9998593
0.89284647
0.9999789
0.99995446
2.7334156e-05
9.741072e-05
0.00019819062
0.00022573552
2.768772e-06
7.436449e-06
7.4512514e-05
0.9337669
0.98397
0.10822827
2.8519066e-06
4.7505736e-08
0.11196403
0.00014918916
5.517521e-06
4.232171e-06
3.419954e-05
1.3322195e-07
1.9262092e-05
0.0023274247
9.313646e-06
0.8217439
0.7241267
1.1647844e-06
2.190388e-07
2.1347162e-06
1.39117465e-05
1.1558573e-07
0.71680814
1.7713501e-06
1.0591319e-05
3.6381228e-11
2.932151e-09
0.1542221
6.6909917e-07
6.6400257e-06
0.00081369065
0.99993294
0.0018721438
2.7180766e-05
2.6342974e-07
8.7477474e-08
5.118458e-05
6.612106e-07
4.0669747e-05
0.01104796
6.6217547e-07
0.0018279195
0.0003204641
4.7006762e-07
8.228904e-06
1.7379277e-07
0.0061641033
5.0035187e-08
2.8903078e-06
2.36073e-06
8.089045e-06
1.1234231e-06
1.5770816e-07
0.99992025
0.0006197193
2.1070666e-05
0.01255421
2.1070666e-05
2.061475e-05
0.00011906376
1.9367467e-06
0.00076819817
0.00780487
1.5418935e-05
8.001121e-07
0.16386198
1.7784554e-05
0.0006534362
5.570482e-05
2.2251327e-06
5.417978e-07
4.4941338e-08
0.0007681985
0.0318742
1.6181157e-07
8.101854e-05
0.00072823354
0.00010884822
0.0038530643
0.00010752188
2.5323745e-06
0.30485865
0.0002015175
8.556294e-05
8.549671e-05
1.5623631e-07
0.9999413
0.020424299
2.6112883e-07
4.4660553e-07
7.042176e-08
2.7133114e-05
9.161037e-07
3.6997648e-08
0.07599284
0.0749658
3.7615206e-05
5.1534134e-06
0.99448603
0.0020007058
0.032989066
0.00070795935
0.9960963
8.4988113e-07
0.0017064281
0.002451261
7.47584e-08
6.4240298e-09
0.021515844
1.3379888e-05
0.4119152
3.8411345e-06
0.00016009179
0.000101903985
0.0006653275
0.20906131
0.019367162
1.4995247e-05
0.00010975174
2.2827683e-07
0.0026807396
0.0013903619
1.1029078e-07
0.0037699258
0.94663
2.9647076e-08
1.708636e-05
0.0023274247
0.0002937434
0.16546825
0.00022469042
0.0018721438
0.99437994
0.0147622265
2.8260583e-05
