0.99998605
0.0029201866
1.7228977e-05
0.8864015
5.0600687e-05
0.008310794
0.6525981
0.0043160277
0.019213162
6.790882e-05
0.004259525
0.9999967
0.0018009552
0.2747067
0.15959151
0.016882561
0.0011647058
0.0005371868
0.00041680486
0.058887273
0.121670224
0.0024561607
0.69996446
3.5307392e-05
0.00035561706
9.884863e-06
0.03900348
0.004259525
0.0060658734
5.9777292e-05
2.6589368e-07
0.007611443
0.033335183
0.35528362
8.2141094e-05
0.99997157
0.9810218
0.98044103
0.013713559
0.97760135
8.6456435e-05
0.4071592
0.9997321
5.4021234e-07
0.89527553
0.00019639565
0.00061902456
0.020074157
0.060065296
0.00010991387
6.789959e-07
4.026376e-06
2.8453138e-07
7.6840086e-05
0.21598126
6.885569e-06
1.5105168e-07
0.9999357
3.0051062e-08
1.265373e-07
1.7933244e-06
1.0768429e-06
2.2830138e-08
4.026376e-06
0.9999357
0.9109219
0.98534733
0.058887273
1.7192665e-06
0.00013127693
6.340501e-07
3.6712504e-06
1.4368644e-05
0.9994439
0.4706218
0.0009989557
0.9593892
1.4481299e-06
1.2530229e-08
9.72854e-07
0.0014087061
3.70546e-10
5.218972e-05
0.0005698465
0.0003100076
5.8747077e-08
0.80573475
6.626512e-07
0.0045836465
0.9963687
0.00022279266
4.5259193e-07
1.4481299e-06
0.91259396
5.846098e-06
0.8723783
0.025739906
4.850954e-05
2.9471284e-08
0.00407507
1.5036053e-06
1.781296e-07
0.9950868
8.277903e-07
6.0058414e-05
6.1478027e-06
3.06235e-07
0.0010678652
2.1356944e-05
1.4916814e-05
2.0002005e-06
2.6486614e-06
9.274301e-06
3.6784865e-08
1.0
0.99997985
3.427306e-06
0.9998793
2.3086516e-06
1.8650063e-07
2.1039337e-07
0.00048018372
2.7581526e-05
1.5897032e-05
0.9751989
3.4848722e-06
2.4797333e-05
1.3750095e-07
0.00080467155
0.004259525
1.0
1.4189047e-06
0.999999
1.5105168e-07
0.021451108
0.00014622715
2.2239658e-06
0.16926253
0.031558406
0.001791779
0.997746
6.5060203e-07
0.0037340913
0.0069877994
5.360475e-06
0.89048594
1.001437e-06
0.00030717443
0.015759276
0.0015710614
1.1636658e-05
9.084581e-06
1.7755684e-07
0.4071592
1.3133494e-05
0.00012324829
8.3255344e-08
0.00022262067
9.003128e-07
8.99073e-07
0.51027673
0.9394676
4.4447693e-06
4.124202e-06
0.011741612
0.98500776
0.9998315
3.0633e-05
0.04891436
0.07775399
0.0003833011
3.953839e-07
0.01145238
1.6072147e-07
3.3259075e-05
5.218972e-05
3.6002627e-06
0.0641269
0.00014622715
1.8004283e-05
0.011081415
1.4109528e-06
1.2707374e-05
0.91965836
0.0007028215
0.0018358303
0.00010981895
4.16954e-07
6.506213e-07
0.43851453
2.0365806e-05
8.2661274e-05
0.00073654397
0.00014431862
0.0074151754
0.8781116
2.1240376e-07
0.004746362
0.00022287
0.45803648
0.0149312625
0.0021182126
1.3750095e-07
0.9679212
0.07626495
0.00015394739
0.019155547
7.2052654e-07
3.2407675e-05
2.3904991e-05
0.00048484007
4.5408913e-07
3.9775778e-06
8.038281e-05
0.03204832
5.6857683e-05
1.8004283e-05
0.99243814
0.99783444
0.00061902456
0.9018753
0.40524197
0.48570538
0.19834486
0.0002453379
9.489865e-07
0.0002525185
0.021451108
0.01096756
6.039357e-08
0.00019402271
1.6812555e-07
0.015804352
0.80573475
0.0169916
0.004399647
0.000117128235
1.4067433e-07
0.99243814
6.912979e-06
0.045353107
2.711007e-06
0.99996936
8.540887e-06
0.002091136
0.00023493593
2.1853416e-06
2.6589368e-07
0.0001460577
2.4254285e-05
3.7772577e-05
0.27238327
1.8669043e-05
2.832937e-06
0.0001861109
3.0342783e-06
3.7357663e-07
0.0035505025
1.1899507e-05
0.001730802
1.7906681e-05
0.0044219266
1.0018864e-07
0.00023160646
0.9999999
0.00015593537
2.2452639e-06
3.2862232e-08
0.0012266174
0.1217786
0.9999997
3.2862232e-08
0.21105364
0.99243814
2.7889446e-06
0.000411862
0.001121553
0.99832404
0.031874523
0.118619345
0.012585097
0.0423522
0.008310794
0.00014505383
0.001609053
0.00036212822
0.000411862
0.9968869
0.0031541698
1.8225472e-07
0.95969665
0.709022
0.055693872
0.13130204
0.008357169
4.124202e-06
0.1916808
0.989886
1.438983e-09
0.00048484007
