0.0061928434
1.0
1.0
0.42789584
0.028356269
3.446809e-05
6.863828e-07
5.8601813e-07
0.0018721438
2.00412e-05
1.1449907e-06
2.9009616e-06
1.7671218e-06
0.0005187231
0.9999832
0.00028896824
3.1434665e-06
6.884078e-07
6.816977e-06
1.647021e-05
0.9998593
2.6565414e-07
1.0113094e-07
0.0840423
0.41764793
0.24369135
0.98397
1.0682957e-06
0.028356269
0.00010975174
1.4359015e-06
0.9391685
0.9960963
0.011855567
0.9994912
4.6929273e-07
0.00049740286
0.9827512
0.99997294
0.0007379822
5.0472755e-07
1.5989424e-06
0.0032077194
1.45047925e-05
0.0059646354
0.0035923736
0.00036248224
2.4983495e-07
0.0026948752
8.621697e-07
4.1678025e-08
0.006992486
0.0020444917
0.9319176
0.001305455
0.0002394612
0.9885573
0.0006184799
9.100278e-08
0.00024007224
0.99283195
1.1516125e-05
4.7630357e-07
4.04808e-08
0.0044288933
8.108934e-06
2.932151e-09
0.055639077
8.980077e-09
1.4958505e-06
1.647021e-05
0.9999971
0.8718776
2.9947723e-06
0.779217
2.6440327e-06
0.055639077
8.688498e-07
0.00063750223
3.3145057e-05
5.1161592e-08
0.008900963
1.6405811e-05
0.9957934
0.0029039667
1.0199399e-06
0.41905615
0.97394806
6.596726e-08
0.05050004
1.1647844e-06
0.9995379
0.00067687867
1.0
2.6092769e-06
3.127221e-05
0.000102642734
0.01031283
0.8140008
3.8411345e-06
0.021515844
0.00023733458
0.00024724158
0.023463499
5.36543e-05
0.00048678432
0.99999976
9.313646e-06
0.9999197
6.2397758e-06
3.7615206e-05
0.0012912927
0.8005853
9.503682e-06
0.99971724
0.9014157
2.8000635e-05
4.122778e-06
0.0007681985
9.172313e-06
0.0005977776
2.190388e-07
0.00033104816
1.7518609e-07
1.3160675e-06
3.5089502e-09
5.570482e-05
5.6153604e-06
0.12088049
3.5789107e-08
0.0005613565
0.103574686
3.7884058e-07
0.00025158515
0.0018781404
6.5519243e-06
1.8920497e-08
2.222414e-06
2.0705816e-06
1.8580684e-07
0.0012029256
0.88762
5.1534134e-06
0.06521383
0.24501508
0.9946976
0.01588458
0.079730324
2.8043712e-07
0.052855186
0.0003037161
7.765627e-06
0.0018398279
0.3247923
0.99999815
3.6742626e-06
5.37085e-07
0.0016617465
3.73341e-05
1.31985835e-05
0.00038928998
0.7706683
0.0003037161
3.7946058e-05
7.736111e-06
3.446809e-05
0.0036771095
0.9999679
0.0032257114
1.9305105e-07
0.0008637695
3.058229e-07
1.2771546e-05
5.3399376e-06
4.828847e-07
1.3444736e-05
0.0010900098
0.99242264
5.620756e-06
0.00032628456
0.001971999
0.00013908619
0.0010370115
2.579294e-05
2.3412556e-06
9.639179e-09
0.061389305
1.2551374e-08
0.00010232639
1.7505964e-06
4.2209114e-05
1.1221767e-05
0.09241729
3.480965e-05
5.6091707e-05
3.8411345e-06
0.07350604
4.135162e-06
0.027769282
0.015136585
0.00892288
0.0012318265
1.7200278e-05
0.0015138391
0.00019353804
3.4445155e-05
4.579599e-05
0.0014413162
1.8732052e-08
0.001835839
2.8818176e-05
3.178666e-07
0.00024007224
0.00040735444
4.586242e-09
7.522267e-07
0.0004309673
1.1551227e-06
0.0003847701
4.1127538e-07
0.2201559
0.00023779257
2.8120233e-09
0.9945284
0.0005263185
8.001121e-07
1.0925834e-07
1.1373488e-06
0.00031510598
2.0180918e-05
0.0147622265
5.6153604e-06
8.766651e-09
1.4896433e-07
0.07247028
0.0029191927
0.0003742169
0.006154885
1.7436768e-07
1.9247824e-05
0.0070834444
3.5612993e-06
0.00019353804
0.0003838295
1.7782489e-06
0.00015819272
1.0
3.419954e-05
0.0006726483
1.1934613e-05
0.40484247
3.0793006e-05
1.7839582e-07
2.4315202e-06
0.0024896956
0.00015764266
0.00961272
9.398789e-07
0.99999523
3.0162694e-06
1.2618898e-08
2.9009616e-06
5.016515e-07
0.2661349
1.60108e-07
0.008347399
0.9853972
2.1347162e-06
0.9999413
4.9816827e-06
0.000101903985
5.37085e-07
0.0001610816
5.5586743e-06
0.015345811
0.00014781267
0.19889835
2.0321437e-05
0.0001472202
0.05055469
1.8732052e-08
0.039930448
0.0006808823
2.6991813e-07
0.9827512
0.0061107944
0.0008050696
1.9152875e-08
1.3065722e-05
0.00027359644
0.12070178
6.359644e-05
0.0005273452
3.4523876e-07
5.0432227e-06
1.3381726e-06
0.94663
0.009329697
0.00015819272
4.619241e-05
