0.0019596098
2.9219439e-06
9.944068e-07
3.6521735e-05
0.0019596098
0.21952012
0.999913
2.6642807e-05
2.7310243e-06
1.4951194e-05
8.024841e-06
4.2626772e-05
0.0012743663
0.2929812
1.8660161e-08
0.0014442598
3.9698436e-05
3.5168583e-08
0.81715727
2.6642807e-05
0.033340644
3.5991567e-07
0.0007764817
0.000111521986
0.85871136
0.048674233
0.897455
9.782764e-06
0.0064785667
0.01980842
0.007018478
0.9910799
3.4549725e-08
8.9281115e-05
1.3080356e-06
8.108988e-07
1.6772007e-07
2.1258697e-07
1.3688742e-05
4.2626772e-05
0.8028746
0.0017932123
0.00093637116
0.011446303
0.13261269
7.71403e-07
7.127655e-05
0.00059069635
5.6711355e-07
0.029937176
0.016087916
0.991965
1.4239124e-05
2.6614737e-07
2.6746826e-05
3.5822708e-05
1.1703691e-07
2.3378809e-05
4.6789145e-11
0.02380631
0.00020715436
4.4686813e-06
3.4067781e-07
0.3671774
0.010875299
1.682903e-06
0.5043527
2.6285199e-05
0.0007968666
3.7709786e-09
0.06696342
3.61267e-05
0.06409042
0.0023665742
0.007123115
0.0008738222
8.534353e-07
0.022923715
9.330023e-09
0.0054775965
0.039099853
0.0036262516
4.4101614e-07
7.137143e-08
0.0005463934
0.0021388156
2.860681e-07
0.0021388156
9.812009e-06
1.4268332e-07
7.221794e-06
0.99999976
0.040303
5.784682e-05
2.429506e-06
0.0010409009
0.8194621
0.99998873
6.9728744e-06
0.0054775965
0.99997896
0.9477299
8.164987e-05
2.4335378e-07
0.03617495
9.902706e-05
5.5019677e-06
7.459631e-08
0.0955423
2.860681e-07
1.2835474e-06
8.92473e-06
0.00024020298
7.543148e-05
0.7752422
0.9873246
0.9918043
0.00035435442
0.9969548
6.045448e-07
7.213731e-05
0.002609954
0.0032555058
1.2835474e-06
2.1632106e-06
1.8448998e-07
0.0037511808
0.1351804
0.010875299
0.9999766
0.81209594
1.291219e-07
0.02380631
2.6035026e-05
0.00032181706
0.0023907006
0.0062549496
1.1731264e-06
3.336811e-05
1.273817e-07
0.20130286
0.0012003754
9.8122055e-06
0.042854887
0.0021567487
0.8028746
0.00032353518
0.0009460525
0.00088989513
0.9997994
2.0602252e-05
7.0334245e-08
0.0041215993
0.0002627694
3.4956352e-05
0.01831516
0.996962
0.006819732
9.2102724e-08
7.3509926e-07
0.00060539134
1.5253387e-07
1.8130416e-06
0.15602662
0.040303
1.4051504e-07
8.261813e-09
3.8723647e-05
0.0003518392
0.6500637
7.213731e-05
0.9996039
0.0001399831
0.000307945
2.3035444e-05
0.9707686
2.0367295e-06
1.3183198e-06
1.8299293e-10
0.0031152053
0.0019237871
0.07869597
0.9146476
0.99992716
5.7437006e-07
1.0434219e-05
2.6792164e-05
3.1354843e-06
0.08203593
0.20130286
0.6489476
0.0049681677
1.07997585e-05
0.0016782903
0.0054775965
3.8723647e-05
0.0014647892
3.8791586e-06
2.9660578e-05
2.3896254e-07
6.040757e-07
1.3080356e-06
2.1157914e-05
0.00040701305
0.01985896
0.0013744399
0.00025353004
9.9392135e-05
4.6451092e-05
5.2372096e-05
9.7168e-07
0.0049071405
3.256695e-05
4.0871433e-07
7.808035e-07
0.04935061
1.8299293e-10
0.961173
0.0008754981
9.9871895e-06
2.52752e-07
0.00030873076
0.00012099712
0.008966579
1.3438711e-05
1.2222467e-05
8.809061e-06
0.0054775965
0.9967261
0.003773425
3.2568353e-06
0.00093531096
2.4219366e-06
6.0907304e-08
8.657682e-06
0.0023496198
0.89329535
0.0012528886
0.005473089
0.1949816
0.52907
2.5139977e-06
0.00013451156
1.0428717e-05
0.01980842
7.3509926e-07
0.0020324208
4.0427435e-06
0.95919853
2.2581444e-05
4.0026853e-06
2.860681e-07
1.3924635e-05
0.9999969
2.4772467e-05
2.860681e-07
1.8448998e-07
0.8442604
4.0566792e-05
0.003530358
0.00024020298
7.425517e-07
1.0091095e-05
1.1205361e-05
6.49119e-07
2.0040659e-07
0.009973028
0.00034390175
0.00011736772
1.6228904e-08
0.2420275
4.2179113e-06
3.1271259e-06
0.99696445
0.9216264
0.029130325
8.1116957e-07
3.1271259e-06
0.11669405
0.01282224
1.7053933e-05
1.3140894e-07
0.99999976
2.8079787e-05
5.5948817e-06
1.5467684e-05
0.0015601671
2.490668e-07
0.9954463
0.00044363778
1.7479158e-07
0.014109791
1.1611306e-05
0.0012144767
6.483504e-05
0.99964064
9.350461e-08
0.99999934
0.9580032
0.2517689
