0.9726698
6.993163e-05
0.99158984
1.0436386e-07
0.0017308835
0.0012340483
0.0034384648
1.0098373e-05
0.0068483166
0.0007815549
0.0018541013
0.0003078816
2.5210318e-05
0.9999462
6.250387e-05
3.0633342e-07
0.006151625
1.48625995e-05
0.0036327853
0.002330384
2.7676579e-06
6.41774e-06
5.4276616e-06
0.6506424
9.322289e-08
5.604623e-06
1.4296691e-07
0.00036312002
2.352545e-06
1.045765e-05
1.4720317e-09
2.583316e-07
0.0009430049
0.0005352966
5.8977903e-08
0.12957843
0.50923234
0.00019599644
4.2802508e-08
0.00033621493
0.9999755
0.43191892
5.849405e-07
1.726549e-05
0.012080048
1.4510051e-06
6.7671715e-07
0.8984235
0.99079084
6.810622e-08
0.0005366443
1.9358013e-06
0.004671985
0.00025876248
1.6455891e-07
2.5306981e-05
0.00012963603
0.0003858079
1.3303915e-06
0.0013985749
0.00014157176
0.00019446925
0.0025274085
0.93772763
3.6924655e-06
5.8539473e-07
0.81229854
1.6315784e-06
6.395612e-05
0.09290479
0.007333382
0.011060565
1.1101368e-05
4.8208403e-06
5.6621233e-05
8.23433e-07
1.7029946e-05
0.00028373292
3.200512e-05
0.052488416
2.9138525e-07
5.844286e-07
2.144188e-05
6.810622e-08
0.0020120007
0.99987376
2.3452155e-06
0.0007519037
0.0033573187
0.0005979454
0.0015614035
3.0320518e-07
0.009252723
6.6500324e-06
1.497771e-05
0.0009986626
8.8086246e-08
2.9156615e-06
1.7324803e-05
0.00070281076
0.053076167
0.008331594
3.7562293e-07
0.062120065
0.5148934
0.00031339168
0.053076167
0.0005708819
0.0011042168
0.02400464
7.260454e-07
0.017153027
0.0018845433
0.9976453
0.00010658964
1.4450147e-06
8.490826e-08
0.0010707644
0.99573773
5.1448005e-06
2.2305749e-05
4.087276e-07
0.00031339168
0.0023116474
0.092796646
0.07531619
0.1164011
0.00026229784
8.558825e-06
0.49630553
5.703102e-05
1.6315784e-06
0.07639355
0.29830799
2.4119101e-06
1.6974283e-05
1.6514233e-06
1.571481e-08
0.0001378819
5.273359e-06
9.109662e-07
0.90119445
8.9670046e-08
0.020346396
8.541537e-08
9.1023935e-07
0.00018578433
5.1342527e-06
1.494424e-08
3.4702094e-07
0.025425004
0.0003849585
0.00011733639
0.000111099755
0.0007531228
0.00026467277
0.00013348159
6.27814e-05
0.9999634
0.0006989833
1.4394372e-07
1.5497717e-05
6.076753e-06
1.006107e-07
0.039386213
0.910302
0.035327043
0.99994236
0.0001468029
0.014389922
0.7088873
1.7879503e-06
0.20707348
6.580309e-06
8.769899e-08
0.0010131191
0.010534433
1.3191659e-09
0.9988378
0.001968167
0.14697799
0.78476685
0.00012050753
0.019074997
4.9294238e-05
6.914681e-08
7.0755377e-06
0.0003935482
9.1096706e-07
0.5935744
1.1248104e-08
0.074651115
0.00015565193
2.1643118e-07
0.00046427897
0.002315145
0.00013389782
0.00540669
1.697514e-05
0.058538195
1.7029946e-05
0.1459915
5.1286543e-06
9.8380205e-08
2.0331168e-05
2.1379832e-07
0.000828424
6.985058e-05
0.039386213
4.6148597e-07
0.6288415
1.8088975e-05
0.0004212531
1.3303915e-06
0.1459915
4.924312e-08
0.0026883064
0.0015335799
0.00010254422
0.025308384
0.00013003158
0.01108774
8.673714e-08
0.99979156
0.00047912434
0.007908062
3.729512e-06
5.6046174e-06
2.0065151e-08
0.00019936079
0.9910718
1.1674156e-06
1.7719647e-10
0.012737079
1.1422618e-05
0.8511486
0.9505602
0.1283505
5.76346e-06
0.04629131
2.2293078e-07
0.0004581821
0.8071345
0.99989927
3.914679e-06
0.99999994
0.0023159678
2.5132014e-05
0.18231873
0.34292978
5.9421427e-07
0.91867983
0.20707348
0.00082852744
3.958525e-07
9.771445e-06
0.00012406863
8.215162e-08
3.9812935e-08
0.00042432908
4.4842015e-08
2.2302995e-06
3.0633342e-07
3.3789707e-05
2.577164e-07
2.4246676e-05
0.564007
3.0420412e-07
0.0014029358
0.0047938405
7.405957e-05
4.2936714e-05
1.0671541e-06
9.183031e-08
2.6240017e-05
1.0483045e-06
0.012421118
0.66842216
8.443541e-06
1.0674386e-05
0.78476685
0.9999995
8.547801e-07
0.035299964
0.2487271
0.98194426
2.8586612e-05
5.2518833e-05
3.1688202e-07
0.053076167
2.2698443e-05
7.786272e-05
0.00035235312
0.9818402
1.9020962e-06
0.0003849585
0.70442915
0.00043352402
3.0633342e-07
0.039386213
