0.1898938
0.36506212
0.0010114918
2.891993e-05
0.22753245
0.1898938
0.29595336
0.0010114918
0.22753245
4.4393582e-07
0.0009951309
0.003471055
0.103067
0.000157068
2.7866585e-07
4.3810593e-05
7.1045004e-05
8.600784e-06
0.9999577
0.034152955
6.338768e-05
0.0008656275
6.877149e-07
3.227479e-07
0.6344242
6.992639e-06
0.036116738
0.0006144263
0.020731572
0.9942465
4.190958e-05
0.0008926623
1.9227366e-07
2.9831264e-05
0.00014291017
0.00034753644
2.6510014e-07
3.601076e-07
2.6202888e-06
4.99907e-05
0.0012669088
0.22393374
3.018963e-05
0.046137396
0.0051459493
0.114428915
9.632877e-05
0.00013796976
0.3187505
0.0004118055
0.006508039
2.0893295e-07
1.4158961e-05
1.3803972e-05
0.0001654679
0.00026627444
0.004444289
2.4950239e-06
1.0
8.600784e-06
0.019999977
0.0003384952
4.9667026e-08
0.0031942194
6.327137e-06
1.3783313e-06
1.0763895e-07
0.0040021385
1.5138957e-07
5.205214e-05
5.076431e-06
0.22393374
0.00041769346
0.00037219902
3.9729116e-07
3.061625e-08
0.0065435413
0.00037274425
0.003414646
0.86531067
0.00409101
0.011393449
1.8062986e-08
3.37932e-06
5.3780974e-07
0.9307196
3.632323e-05
1.5318159e-05
0.016664274
9.969907e-07
0.00012954422
0.00025118346
0.974292
2.8707376e-08
5.3780974e-07
0.0010588968
0.9999998
3.767911e-05
0.915082
0.003159115
0.17682773
0.94783366
0.0765505
8.0101905e-05
0.99925774
5.062183e-05
4.794467e-08
5.504789e-05
0.00029839313
2.2844083e-07
1.0742993e-05
3.0615118e-07
0.084516995
0.9942129
8.0101905e-05
0.0054286965
5.6819745e-06
2.8367347e-05
3.8124134e-07
0.0018152689
0.00028276857
0.60602754
0.0005418892
0.002210016
0.002361291
5.345482e-05
0.0007047873
0.03592733
1.4539263e-05
0.29507568
0.11356034
2.2796286e-08
0.0005772139
0.00025118346
0.00074521254
8.207445e-05
4.0402588e-07
1.0068994e-06
0.9999994
9.718667e-06
0.98636377
2.867504e-07
2.1995842e-05
2.8616943e-05
0.00062569155
6.043931e-06
0.0007838009
1.3940747e-06
0.00017073711
5.579328e-05
7.7129334e-05
0.86013126
5.062183e-05
5.6945373e-07
8.3696046e-05
9.341577e-06
9.193209e-06
0.049811326
0.0031712598
4.9242648e-05
0.004002519
5.390212e-06
3.9775663e-05
7.955218e-06
5.393419e-05
0.0050903335
0.002210016
8.794245e-06
0.9993694
0.0008656275
0.00013461306
0.0014737675
6.1180735e-06
5.2637824e-06
0.8855518
0.00021766186
0.002079458
3.8124134e-07
0.034826837
0.0013333237
0.25530696
0.9998714
0.9985155
0.9904174
0.000705046
3.4381158e-06
0.0003108973
0.00011245779
2.8367347e-05
2.0545544e-06
0.002083508
0.2390877
0.0016989382
0.037221447
6.3306245e-05
0.7873494
2.190897e-08
3.5192028e-05
2.3392367e-08
0.00081602944
4.264573e-07
2.1454318e-05
0.115529194
3.6251033e-06
0.00012514979
0.00010266221
0.0019653824
3.9775663e-05
4.096683e-05
0.009188162
0.99999356
0.24281873
0.00083298184
0.99999994
4.3643095e-07
0.028905923
0.9222188
0.02069039
9.939759e-08
1.2320351e-06
4.043277e-07
0.00077966845
9.718667e-06
3.6010726e-07
0.88335395
8.207445e-05
1.06304995e-07
0.0010132018
0.915082
4.9667026e-08
1.4092266e-05
0.015813908
0.95932114
0.0022297874
7.370856e-05
0.0017851202
0.99999946
2.4155373e-05
2.647689e-06
8.600784e-06
6.3968684e-05
0.01353204
0.00032449246
0.010844612
0.945633
0.001860373
3.0190235e-05
0.99732155
2.6369568e-07
0.7394429
0.0023928008
0.99005085
1.8855828e-05
1.2182331e-05
0.010590536
1.884925e-08
0.0003384952
0.002172968
5.3648673e-05
0.0040350216
0.028905923
0.0033944645
6.259864e-05
1.6366852e-06
2.4155373e-05
2.748127e-07
1.7154593e-05
3.7094776e-06
0.00063319935
1.5441346e-07
2.2889844e-06
0.9162958
5.3780974e-07
0.072483614
0.00024266604
0.04066171
0.9999944
0.0007022039
0.9958999
1.3803972e-05
0.002079458
4.3826054e-05
8.801921e-07
4.9242648e-05
0.68997145
0.008028117
0.0002591548
2.2064689e-05
0.8649656
0.0004607475
0.9993694
0.0011187525
3.3908998e-06
0.007758154
0.00010666254
1.2494595e-06
5.217216e-07
6.1824227e-07
0.0023928008
6.5793597e-07
