1.0
1.0
1.0
1.0
0.004055014
5.0860723e-05
0.8785728
0.0006950317
0.0011557152
6.558367e-05
0.0020486582
0.09034356
5.0595827e-06
0.11380427
6.2181704e-09
0.0031546135
1.031755e-06
5.757609e-08
1.569527e-07
0.99999124
0.9926553
0.0009647691
0.99999994
2.3097132e-06
3.8417937e-08
0.26904002
5.180352e-06
0.8958471
0.00028717917
1.1100893e-05
0.9988189
0.00015717588
3.9385743e-08
1.2103286e-05
3.9433477e-08
1.4993007e-07
0.99995667
2.4444608e-07
1.2512266e-06
3.5614623e-06
4.2096803e-05
2.8589257e-05
1.0645363e-05
9.1463204e-05
0.0098035475
0.009810762
0.0012622032
0.0002465044
1.1335934e-06
1.259091e-06
0.006816145
0.92830426
6.9952935e-06
8.127647e-07
0.034761388
7.6675766e-05
0.0015092202
0.0008745397
0.97794324
0.0035975266
0.9999995
3.2239106e-07
5.977843e-07
5.966378e-06
2.2636272e-05
9.844455e-07
0.005980792
9.263581e-07
0.6919297
3.5589114e-08
1.9442643e-07
5.6938315e-08
0.00030687702
6.476205e-09
2.1568016e-09
3.877524e-07
7.512575e-05
5.837039e-07
2.8540284e-10
0.00032953042
0.0013775909
6.3867847e-06
1.3073543e-07
0.18800804
1.5216964e-06
9.586755e-05
2.263965e-07
0.00087713054
0.0012012596
1.1415634e-07
0.0012487171
0.13338172
5.607832e-09
0.00023133303
2.3958285e-06
0.0005297801
0.0006231742
0.00012567523
2.0872689e-05
0.99994063
2.0938114e-07
0.30430523
6.8667873e-06
0.34773037
1.4431719e-09
0.010034097
2.7726255e-05
0.37525302
2.3958285e-06
2.9397122e-06
2.4693494e-09
3.2359173e-07
2.4878743e-06
4.9851717e-08
0.0015433583
0.0019237797
8.015142e-05
0.0027381736
1.4586593e-05
0.00015589464
0.9036731
0.00010343181
4.5655845e-05
0.99984777
0.0005124198
3.941829e-07
0.0040037637
6.867704e-07
3.7231804e-09
0.006977563
0.9998486
1.447068e-07
0.039124273
3.7115512e-06
7.1391236e-07
5.807946e-09
0.015258764
3.7117654e-05
0.9999992
0.00034955403
0.00014506973
4.857467e-05
4.3617132e-07
3.2754475e-08
0.0020486582
0.00024441007
0.0004730758
2.410585e-07
5.436383e-10
0.009634694
7.923638e-07
1.8856856e-06
0.0028126102
0.00095394335
0.95728695
0.014323533
7.525767e-09
0.00021062604
0.99991125
0.8231844
0.67324406
1.2073618e-09
0.00014225079
5.7592074e-06
4.1062913e-07
3.522616e-07
0.00037829045
2.2798422e-07
0.99943614
9.664825e-07
0.00035530564
8.119302e-05
7.138579e-05
4.6335585e-06
6.751193e-06
0.001250603
4.5219927e-08
0.025584798
1.6579389e-07
0.0008057142
1.6384126e-09
1.5215289e-08
0.9999506
0.9998436
0.026464252
0.0012310804
0.00027071033
7.2890515e-07
6.0583596e-05
0.014328259
0.95986646
0.014142491
0.9926553
0.002335955
0.00016449242
3.8775204e-07
2.1746991e-05
9.69503e-07
0.0449715
6.9956536e-06
0.67294514
0.023239989
0.00018959084
7.1321694e-05
8.018264e-08
1.8926421e-07
4.1462517e-08
4.015375e-08
0.00015764327
6.106376e-08
2.7405395e-06
1.1043724e-08
5.700689e-06
9.829539e-09
5.4356437e-06
0.00093894947
0.9889548
7.64507e-08
6.476205e-09
6.035015e-08
0.9924038
6.523243e-08
0.0014117957
3.38818e-07
0.8104735
1.5906011e-05
3.7294657e-07
1.06460426e-07
0.0005273035
0.08415496
3.668254e-05
0.039502345
8.119148e-06
0.08949348
6.066343e-10
3.1795878e-07
0.57394433
1.78749e-06
0.03607333
5.4962186e-07
0.99503076
5.6822187e-06
7.6499344e-07
5.9280154e-07
0.004055014
1.2512266e-06
7.235004e-07
0.99975556
0.03217641
0.0031455008
1.8008451e-09
5.5184602e-05
2.8818909e-06
4.1462517e-08
6.218788e-06
8.346746e-05
7.9730315e-05
0.99991125
0.004809974
0.00034888485
1.3383601e-05
6.945903e-08
8.948791e-08
3.5153005e-06
1.2113858e-07
4.5749925e-06
1.3594865e-07
1.8277129e-06
2.6994027e-07
1.082178e-05
0.08813515
6.958274e-06
5.368163e-05
9.192489e-06
0.0002465044
0.014756526
0.999974
3.6301014e-08
0.99890286
0.99999636
0.004761909
0.010778211
5.6822187e-06
3.9920764e-07
0.0014055516
1.4301e-07
0.00047177842
2.8846598e-06
0.0008617747
1.08138765e-05
0.038552813
0.9999995
3.4199875e-08
7.2375833e-06
0.015172253
7.0182405e-06
1.1242504e-05
3.9155343e-06
1.4743669e-06
0.0001315225
