0.9997715
5.4268984e-08
0.94202507
0.9693193
0.008398725
0.12947935
3.5808202e-06
6.8246004e-06
1.9719913e-07
1.0016748e-06
0.005227986
5.802999e-06
0.007652603
2.3125363e-06
0.0018925627
7.1929804e-09
0.022336394
0.000860375
0.07034441
2.842439e-07
1.7324039e-06
0.08814243
0.36224034
0.9982862
0.03477757
2.2938157e-05
0.031993885
0.4617866
0.00046108232
0.0058162306
0.06921006
0.017905258
0.9936173
6.6713864e-07
4.8363218e-06
1.6927976e-07
0.0006440673
0.007237264
4.7506919e-07
2.7221963e-06
0.071892224
0.00056184013
4.8152115e-06
6.345525e-06
1.0913293e-05
0.9982967
3.4422956e-06
0.72084856
7.444724e-05
0.033379506
0.00015964668
0.0063851196
0.0032555554
0.07296105
1.3454767e-05
0.0029145028
7.428931e-05
0.0015308209
0.00016823548
0.005464919
0.0016034525
0.004491066
6.215114e-07
5.3356107e-06
0.0027832135
0.99983835
0.0005987367
0.00021544597
0.9999995
1.1502134e-06
0.15747105
0.0021399232
7.7031866e-05
0.044493787
2.9710716e-05
8.461154e-06
0.99999934
0.00031676743
0.036665205
2.2521397e-10
0.9805624
0.99997294
0.022721082
1.777705e-07
2.9484918e-06
0.7982646
3.545758e-05
0.00016059267
0.00034711952
0.999987
0.15301527
0.66606677
6.222257e-05
3.926884e-06
1.176482e-06
0.0029145028
0.011964858
0.99999934
0.00033150232
3.7568168e-06
0.06867174
0.5548931
5.8404084e-06
0.15237197
0.29135752
7.500571e-05
5.282379e-06
0.0032395488
0.95080805
0.01140738
1.1081513e-06
4.2412353e-07
0.5256952
5.6821907e-05
0.00012491443
0.7220307
7.500571e-05
0.05537139
1.778347e-05
5.964046e-07
5.007219e-05
0.9727075
6.03583e-05
8.727874e-05
0.04191007
0.00051113946
0.94000816
0.39570978
0.89339024
0.0040313443
0.011477747
5.583965e-06
0.03811285
4.0991026e-06
0.96694684
7.9519836e-05
8.611125e-06
0.002303606
0.00963266
0.98941445
8.581797e-05
0.061475243
0.55104774
0.00012759933
0.004550955
0.56709474
0.106751874
1.6838759e-07
0.97841966
7.444724e-05
9.934447e-05
8.4370535e-05
3.557752e-05
0.0010378383
0.057030186
6.8246004e-06
0.19096723
0.90583986
5.261062e-06
0.99999976
0.00019576708
0.99999267
0.00070333434
0.14913952
0.0058929846
0.15747105
0.03811285
6.415696e-06
2.766862e-05
0.28867644
6.85344e-05
0.00091065286
0.0016555199
0.041196734
0.00012894734
0.010444041
0.0011963551
1.740752e-08
0.000119139404
1.6855628e-06
0.007652603
0.00072930765
0.0038729582
2.3777577e-05
0.0018156153
0.64148533
1.5620847e-06
2.2998059e-07
0.0041049654
3.4422956e-06
6.764146e-08
0.005464919
0.00020548832
9.5441486e-05
0.16930388
0.00031783467
2.5255442e-06
0.9916775
0.0007904955
0.94884413
4.333404e-05
7.9519836e-05
0.0049445806
0.01620215
9.763313e-10
0.0003341365
3.3436278e-05
0.0001019482
4.6744e-06
0.99998844
0.009149071
0.0001019482
0.04177014
9.792407e-05
0.017216431
0.7217828
0.0009228222
3.121864e-05
0.06357423
1.4709696e-06
0.9995254
0.99991775
0.98869324
0.07296105
0.03921921
6.24817e-05
0.90697837
0.0009228218
0.00024413712
8.179949e-07
3.1244429e-06
2.4950928e-06
3.5382927e-06
0.99999994
2.381556e-07
0.00068889064
7.150604e-06
8.727874e-05
0.9976118
0.00013092563
1.1712523e-07
0.9993621
3.888663e-06
0.00055316446
7.0405767e-06
0.95080805
0.00010841491
0.041748654
0.17435992
0.00016918476
0.11615737
5.378484e-06
0.9508036
0.00039288885
0.0012768462
0.25675568
0.00029259603
4.6666428e-05
0.8158119
1.6164854e-06
1.663008e-07
0.0017698505
3.5182808e-08
3.2915148e-05
5.967016e-08
8.571761e-05
0.037402935
0.0047695423
0.60582644
2.9579022e-07
0.00011703133
2.842439e-07
1.1086346e-05
0.98681664
0.0006471222
1.52035345e-05
4.2564378e-05
1.7891829e-05
0.0007298656
0.0049565034
7.182891e-06
0.7064344
0.9999997
1.2925044e-06
5.8828537e-05
0.0009026836
0.005676528
0.0003197811
0.00014597
0.9958083
2.1509057e-05
0.0049332385
0.0042124367
1.5607888e-05
0.99998206
9.646307e-07
0.9999905
0.057030186
0.99997264
4.4908948e-08
