1.0
1.0
0.0023267483
0.00047715814
3.8298688e-07
8.809694e-05
8.216616e-09
6.631255e-05
0.0004990722
5.639176e-07
1.516635e-08
2.7114925e-08
0.002363405
0.0025727274
6.9483135e-06
4.908876e-08
0.00010285623
1.0955648e-06
0.0037565003
8.14646e-08
1.8390164e-06
0.0020448607
0.00029950868
0.38702282
1.7703686e-08
0.007290651
0.0001687837
0.20356397
0.15780315
6.8723953e-06
0.036850296
1.8542745e-06
0.0024372938
0.6574546
1.3565919e-05
5.051291e-08
0.00017452652
0.0003176626
0.0037565003
3.854462e-08
0.0005339106
4.6597146e-05
0.003009286
1.3722516e-05
0.047126353
4.9325088e-08
3.255683e-05
0.8647471
0.48825407
0.00047417515
1.7894156e-06
7.134476e-08
0.9999616
7.5691237e-06
0.0038585109
0.9867126
0.0001256484
6.165406e-08
0.89498353
0.00026530895
0.0017484315
0.08885024
4.8909556e-06
0.0011945456
4.0693382e-07
2.1530303e-07
3.3911585e-09
0.00117177
5.7181946e-06
1.0700601e-07
0.00225504
6.043206e-07
0.00023657526
6.074825e-07
0.008385123
6.337901e-08
0.00042138685
6.337913e-08
0.00046907197
0.0060372865
4.522546e-05
0.001689869
0.0006975822
0.0040854593
0.87339324
0.00042561447
0.0002712159
0.00020553966
0.00034481505
0.9999995
0.0011830961
2.0316081e-06
0.0017056633
0.0007920012
9.345979e-06
6.0326995e-05
9.191407e-08
2.3602927e-07
5.322004e-07
4.3316577e-06
7.803874e-05
1.0982685e-07
3.2323746e-09
1.9257408e-05
1.5252746e-07
5.48233e-07
1.8934e-08
2.7102726e-07
1.4593442e-06
1.0568677e-05
8.411522e-06
8.0698834e-07
1.93572e-06
0.00017452652
1.2812206e-05
0.20391494
3.9133543e-08
3.8774644e-05
0.0044909674
0.08899298
6.132565e-09
3.5531983e-05
0.054788668
1.12843814e-07
8.893775e-09
8.6384155e-08
3.7816044e-05
8.012727e-05
1.760832e-07
0.0002447235
8.9159094e-08
0.82104003
0.8477179
0.00024019244
4.6493685e-08
1.4169116e-06
2.0239812e-08
9.600539e-07
0.1735698
0.0005186781
0.8517098
2.8530788e-08
6.132565e-09
1.4973911e-05
0.85449594
0.044164628
0.00043598286
0.0020714474
0.0001454405
6.2682375e-06
0.028478589
8.330927e-10
0.0208362
0.99990493
0.0037489077
2.9864937e-05
0.6408003
1.0896963e-06
2.3978557e-05
0.00022890682
1.8934e-08
4.662886e-06
3.805401e-05
0.010864907
7.6670324e-07
0.022308316
6.3999556e-05
2.9143527e-07
0.007427726
4.8874632e-08
0.00076861994
6.7112323e-06
0.13355243
0.00012614107
2.1698163e-06
0.00026377648
0.00018061137
3.953304e-05
0.8656707
0.00017258209
0.005989328
0.0061178007
1.156284e-05
5.3250096e-07
7.2344665e-05
0.0014109268
9.119148e-08
7.7701134e-07
0.908562
0.16763237
0.0055603404
1.5409114e-05
0.37696388
7.337138e-05
0.7386095
1.3769281e-06
1.0319734e-06
0.00018876416
0.9998982
0.9999994
1.27542735e-05
0.0003838668
0.1735698
0.02181301
0.011617603
0.009557405
0.0010324799
2.1698163e-06
0.5288573
0.0008842726
1.2454645e-06
0.0006477806
0.105739705
7.224662e-07
2.3354428e-08
1.3519415e-06
7.224662e-07
2.4553068e-09
1.1274026e-05
4.7766866e-07
2.0031703e-05
0.0010674268
0.0018908763
0.00076861994
0.0014737843
2.037085e-06
1.6490894e-07
8.9159094e-08
3.6314177e-07
5.4530434e-09
2.4534025e-05
0.9999544
0.0060372865
2.1107135e-06
6.1956376e-07
1.1053401e-07
4.6670053e-07
3.6507796e-08
1.3497744e-05
7.80613e-06
0.008385123
0.86153567
0.0001676075
2.1755952e-05
0.0001037392
4.8874632e-08
3.9133543e-08
0.00014553845
5.803734e-05
0.017284796
6.984579e-05
0.000106257794
0.00028923064
1.0955648e-06
0.0035279617
0.9999932
0.00017258209
0.120021224
0.005257674
0.99998105
9.401349e-06
2.911699e-06
1.23382e-06
0.00042636777
1.054274e-06
0.008195135
0.7132589
0.013414137
0.13102299
8.582255e-07
2.1258332e-07
3.1702082e-05
2.19356e-06
4.2110905e-06
0.5288573
3.424583e-08
0.000328771
1.3657395e-05
0.97045356
9.633427e-07
0.047126353
0.16380134
0.00022588386
1.2292323e-05
0.0051623504
0.00082930824
2.9828323e-06
4.015327e-05
1.0226134e-08
0.00069878186
0.99998105
0.016631221
0.11892844
9.20874e-06
0.0029921758
0.00056680606
2.578845e-08
4.0880398e-08
0.00023845099
0.9999761
