0.9979557
0.958877
0.99999917
0.99375546
0.010836298
0.008596874
0.02620829
1.3051145e-07
0.0035394598
0.9999766
1.3235225e-06
0.2576046
0.0024508457
0.7336239
2.9088494e-07
0.00023508113
0.0011374117
0.23988234
2.3596143e-05
8.580119e-05
0.60193634
0.329521
0.004902141
7.4257725e-05
5.9323105e-05
6.226774e-05
2.8173667e-06
4.115681e-07
0.0033861992
0.00027502858
7.712818e-06
0.9995916
0.0045893216
0.09725635
0.0049155625
0.003614993
0.00063111924
0.89686847
7.894847e-05
0.9999915
0.0010606783
0.533997
2.4797333e-05
0.0004423108
0.00014639611
0.02382543
2.7013086e-05
5.9323105e-05
1.971073e-05
0.8927522
6.226774e-05
0.9798349
1.835015e-06
8.340176e-06
0.00017781057
0.0003206811
0.22527207
1.841012e-07
3.092234e-07
0.29574245
0.22174291
0.00010316742
0.03654588
2.8931958e-05
2.7532724e-05
0.99505705
0.00089338346
9.383707e-07
6.392362e-05
0.0013686911
2.3434873e-06
1.3505262e-05
6.6470902e-06
0.0008622174
0.9590863
0.0016930003
0.887776
6.9854207e-07
2.965652e-08
0.9808796
2.904087e-05
0.000104281025
4.508929e-06
1.19040815e-05
0.0018521723
0.00026149108
0.00011138936
0.01978982
0.2869455
0.0037686923
0.00016441669
0.0003206811
1.0821294e-05
0.00011372782
1.9075542e-05
1.0464484e-05
0.020885346
1.4627622e-06
1.5439904e-05
0.0065629743
2.9184546e-06
8.039817e-07
0.004236085
0.0032974302
1.8421288e-05
0.040762424
0.05200132
0.00085692236
0.00082721474
3.8866872e-07
7.42733e-05
0.01610654
0.9808796
0.0007317941
0.00010407172
0.00036040222
0.00013764518
0.33726603
0.98654455
0.00055031624
6.187299e-06
0.051540725
0.0024556173
0.074294865
8.012368e-06
0.9999962
6.18102e-08
6.23905e-06
0.9888897
0.013018578
0.0004786797
0.9998948
0.0012813208
0.99388707
1.6250065e-07
0.99995154
1.2695527e-05
0.00095336733
6.300499e-05
1.3084336e-06
8.5760615e-07
3.87521e-07
1.3629647e-06
0.33726603
0.009072915
0.010781221
0.99823123
3.3057816e-07
0.004802363
1.013549e-06
0.8203146
0.008921809
2.91816e-07
0.00011597949
0.043787714
6.4418615e-05
0.001474209
9.438874e-06
0.9696254
0.0018619994
0.00043381713
1.8789195e-05
0.0005827614
0.9743872
1.5648221e-06
7.661258e-07
3.0443072e-08
6.300499e-05
0.9992916
9.2125214e-05
0.00020145027
2.3596143e-05
0.023274
1.3637127e-08
0.03210731
0.0039402796
0.9999962
0.045678634
3.8944046e-07
0.034115985
1.3024121e-05
0.004980556
1.2237303e-05
2.0901784e-07
1.3965818e-06
0.99999964
3.1175116e-08
0.8508591
0.002522859
0.21100716
1.9849285e-06
0.000113677954
0.00032845052
0.010780886
0.0017706831
7.947966e-05
1.4218769e-05
6.153007e-07
0.000558477
0.0017141511
7.300532e-05
6.226774e-05
0.99039423
0.0003210375
3.8568675e-07
0.8923313
0.27124774
4.9070322e-06
0.99999994
0.10200875
0.9976052
4.59e-06
0.0023236577
4.9070322e-06
4.816778e-07
1.2728059e-06
0.11791231
0.99997926
1.165261e-06
0.13190213
0.00037020797
0.000545599
0.009052881
1.8102797e-05
0.00012955656
5.468993e-07
0.00083152263
0.16960406
0.0010784674
0.9999737
0.0014637558
8.6303785e-08
0.0018039698
0.9999946
3.6738663e-07
0.99999756
1.4188967e-06
0.0022189165
0.9880522
0.0009537807
0.6148171
0.006006462
7.690241e-06
0.9999875
0.955892
0.00019994502
0.00019343714
1.324376e-05
0.0024148582
6.223985e-09
0.0029995306
2.2128328e-05
0.98729837
0.0011120336
0.15449975
0.9999875
0.0006374269
6.133034e-06
0.24148603
1.9075542e-05
0.0009977092
0.9400574
0.75077915
8.82153e-05
0.00011010343
0.94134676
6.0105685e-05
0.96533
0.9128448
0.97760385
0.99999714
0.0062683932
1.8655785e-05
3.80988e-06
3.138955e-06
0.020125333
0.00047845254
0.0021939487
0.0015137728
0.15449975
9.686198e-08
4.6168147e-06
0.16996408
8.3467904e-07
0.0003210375
3.9729675e-06
0.50897723
0.0036470196
4.7608315e-05
4.488883e-07
0.30263022
0.00014557452
0.0006319511
2.7500158e-05
0.99673396
3.6316163e-05
2.226264e-06
0.00013242858
0.001413892
2.977391e-05
