0.0030875748
5.949102e-05
0.00011247452
0.010836629
4.5449415e-05
5.476025e-06
0.9322189
0.9613846
1.7009828e-06
2.9898934e-05
0.0055176956
0.00013982714
0.29843232
0.014760965
7.224283e-07
0.92973495
7.4077184e-06
0.0022863508
0.9290452
0.019571828
5.9081696e-05
0.0013722589
0.848136
1.0284875e-06
0.00017222537
9.3827225e-07
4.0206583e-06
6.643115e-07
0.06056682
0.027986402
0.00020438703
2.0693172e-07
6.0759135e-08
1.8002533e-05
0.00092847156
7.5141503e-07
2.2140403e-05
0.78791076
0.00092847156
8.865602e-05
0.005466889
0.00013982714
0.9101689
1.9521438e-07
0.0021088137
2.7570283e-07
2.7056967e-05
3.029805e-06
9.366101e-05
7.660456e-06
1.116009e-05
0.5969914
0.0006121248
0.5615387
2.0704299e-08
2.3235778e-05
7.880608e-08
0.016800007
0.89916784
0.040905725
5.8433666e-06
0.9952941
0.0007251263
0.008040505
4.8253526e-07
0.00010683549
0.013199163
2.279654e-05
6.983923e-08
0.9510027
2.0607338e-06
2.4685265e-08
4.6442633e-08
0.0013722589
0.00096228404
1.0
0.13169485
0.00094660703
0.0011289207
4.0206583e-06
0.9951522
0.0010467836
6.6799253e-06
4.4068624e-05
0.016947422
1.9461191e-05
0.0010617732
0.00013685237
0.9999991
0.78223914
0.02032806
4.861079e-07
1.5171164e-05
0.00094512454
0.5969914
0.0005352614
0.00047558406
1.4442886e-05
2.2083466e-05
0.07092585
0.028510045
0.025491586
2.2657744e-08
0.0011289207
0.0013722589
7.416317e-07
0.00016325177
0.030053278
0.49354544
9.87325e-05
0.83795935
0.0053270715
0.22257794
1.716164e-07
1.8194247e-07
1.6804573e-07
1.244574e-06
3.0687582e-07
7.9167506e-08
4.1864535e-08
2.7711178e-06
0.9926231
0.00017626515
4.207997e-07
0.40050966
0.99999815
8.6446455e-08
0.23320976
4.14556e-07
0.50639004
2.953651e-07
2.8122879e-05
1.6022516e-06
1.4510589e-05
0.0029921588
0.00019428243
1.8088228e-07
0.0012870021
1.1124848e-07
1.2817015e-06
0.0021575103
0.00031620258
6.234094e-05
0.007538011
1.9198086e-07
1.6804573e-07
8.211751e-06
0.99999815
2.4341363e-05
1.2063954e-06
0.9914012
1.26477415e-08
1.2119825e-05
0.061068017
6.082719e-06
4.831808e-05
0.000499461
2.431933e-06
0.02230687
7.497259e-08
5.3445257e-07
0.00012184464
0.9391257
3.6983122e-06
0.0057442277
1.9198086e-07
0.15510902
1.5710665e-06
0.1107942
0.81121254
6.563579e-07
4.598742e-09
4.6814175e-06
8.762349e-05
4.0039414e-08
0.009879766
3.0480303e-05
7.460854e-08
0.00078686996
0.11723541
1.3259621e-05
0.0008797533
2.6875712e-06
0.0026457352
0.009127173
0.5319874
0.0032850136
1.4459754e-07
1.5145403e-05
0.000103565246
0.00034480292
4.4503704e-05
0.9999286
1.6274523e-06
0.051805165
7.999145e-06
0.9707733
0.0008678983
8.3519825e-07
2.3669028e-05
0.010284044
0.96619517
0.00094660703
1.0399648e-05
0.1173864
0.9914012
0.9930709
0.00093128363
0.00072099775
0.99959904
8.191458e-08
0.022409981
9.377051e-07
0.00346345
9.732087e-06
7.261562e-07
0.0006868142
0.6328314
2.691742e-07
0.00028381785
0.7760603
8.191458e-08
5.910707e-06
6.101752e-06
2.1204432e-05
0.9999387
0.9995777
6.643121e-07
6.303973e-09
6.2680406e-06
0.00016325177
5.018618e-09
2.8933e-06
2.4349129e-06
3.300587e-07
0.0016021248
7.416317e-07
1.175185e-05
1.0179197e-06
0.011034298
3.1542922e-06
1.7520246e-07
0.00027094554
1.0037031e-05
0.008498311
0.86704713
2.0044316e-05
0.9926231
2.1559616e-05
0.99948514
8.975454e-05
2.2140382e-05
0.00035066582
0.9997416
0.00094660703
1.4578154e-07
0.034774672
0.9999463
0.0001767748
0.33051637
0.00015206014
0.019571828
1.1391562e-06
8.4787025e-05
0.0017163801
0.8340107
3.9523766e-05
7.484928e-08
8.826939e-06
2.3968903e-07
0.000117657495
0.00033606705
2.6662438e-08
9.039238e-05
0.00973194
0.00059241627
0.0008853585
1.1631067e-05
1.4689186e-06
1.3842933e-07
9.21142e-07
1.7530974e-05
0.22535495
0.00015003227
6.020062e-05
9.489145e-05
0.0022368068
4.1161336e-05
0.042301897
5.77773e-08
1.6649677e-06
1.1903909e-06
0.32087648
0.014599171
0.0029481875
8.348841e-06
0.00021687114
0.9407571
0.18664293
0.034159765
