1.0
0.033778355
2.0581847e-08
7.742883e-05
2.3436854e-07
1.2957358e-05
3.9519273e-06
0.0012476803
2.700832e-05
0.02804536
3.9305075e-07
0.8667287
3.848766e-05
0.0016035746
0.033778355
0.45298532
3.3288444e-07
0.5809525
0.9999187
5.975381e-05
0.9920741
0.0023228123
0.14840236
2.1257763e-07
0.00082192064
0.00096960046
3.3285914e-06
0.35244334
3.5701675e-07
9.757719e-08
6.260139e-05
3.3206875e-06
0.000100910016
9.248143e-05
0.02733499
0.44329536
0.99997795
1.86539e-05
8.303489e-07
0.9764658
2.7919413e-07
0.9998837
7.3942106e-09
1.108921e-06
1.9286685e-05
4.4923863e-07
2.3508375e-07
0.00014342375
3.9831164e-08
0.00076656305
1.0540331e-07
0.30126804
1.3753007e-07
1.7372948e-05
0.80771995
1.9212937e-06
6.9116955e-05
9.67416e-08
3.0336529e-05
0.00038931074
0.0053727543
0.7033352
0.0006297421
3.284713e-08
6.260139e-05
1.6928605e-06
7.35891e-05
2.493656e-06
1.1713484e-07
8.765877e-06
5.732313e-07
5.7230638e-05
8.315596e-09
0.00020130261
4.910394e-07
1.8569945e-05
2.1508442e-05
3.2514006e-05
0.4677622
0.9999249
2.9886533e-05
2.5013087e-09
1.6329248e-05
0.0071159624
0.010523162
2.4078602e-07
2.0933282e-07
3.9400884e-06
1.5214815e-07
4.3571974e-05
4.1652543e-06
6.900451e-07
0.23335744
0.001377537
0.115973525
0.0016321252
4.1652543e-06
7.8388235e-05
0.49398935
7.477266e-08
7.121092e-05
0.0030553276
0.20130254
8.7551064e-07
0.99967116
7.404968e-05
1.7117774e-05
5.7101183e-06
0.00050191407
7.724699e-06
1.4545671e-07
0.005637341
5.9325398e-08
0.7489957
1.11415135e-08
0.99098444
0.00029026184
1.1131709e-06
3.6205319e-07
0.37922558
0.009602452
0.9999986
0.00020569102
0.71934813
0.608088
0.3635078
0.014794968
1.5656401e-06
3.0378115e-07
0.99990195
3.6205319e-07
6.3457974e-06
0.764401
1.0123429e-09
0.998954
9.421715e-06
1.2326462e-06
0.014703599
0.010132812
0.98921716
6.415969e-07
1.4755091e-06
0.44329536
0.0007871006
4.4229464e-06
0.052553102
2.056517e-08
0.02996313
3.5701675e-07
5.2912825e-09
0.00015299881
0.037154913
4.5600683e-07
9.212043e-09
2.5762409e-05
0.00029544797
0.07278415
0.9915623
0.00023916273
2.0293084e-05
7.2047824e-06
1.8072417e-07
0.032872487
3.3285914e-06
0.0002807308
8.189456e-07
0.02733499
9.894294e-06
0.99996847
3.972082e-07
0.00017798053
1.6780417e-05
4.7508905e-08
1.0442714e-08
0.789596
0.29533944
0.5044333
7.2696116e-06
5.303632e-08
0.006678465
0.00082668365
0.0005015042
8.897489e-05
2.3446296e-06
0.0006616663
0.7354888
0.00013177407
1.977745e-07
0.99986875
0.0058837538
3.2299286e-06
5.1621296e-06
4.962016e-07
1.6915001e-07
0.06956991
3.0336529e-05
1.1637318e-06
0.00032330575
1.24867665e-05
2.3391153e-06
0.00014126376
0.0006134649
7.398529e-07
8.526142e-05
1.982466e-07
9.594287e-07
0.99997795
3.972082e-07
0.00013292376
2.2561248e-06
0.0026728485
2.97552e-07
1.3709477e-07
6.027814e-07
2.4005727e-08
1.528996e-05
0.99999917
0.0025360784
0.0016273089
0.0010417596
0.022913918
0.0015673797
1.2153984e-08
9.594287e-07
0.0001785062
0.0007053034
0.00025255824
3.291885e-05
0.99967116
2.5315822e-07
0.002234626
0.069482125
0.9992703
6.359092e-08
0.9832392
0.0053029032
1.429567e-06
1.8394938e-05
3.1366193e-07
0.13817921
0.10802608
0.9901665
2.775794e-06
0.999991
0.4015116
2.7622311e-06
0.03184927
1.0442714e-08
1.3117858e-06
9.2627315e-06
3.3984008e-06
0.01779937
0.02118536
8.900938e-06
1.6668007e-05
0.45067737
1.5072842e-10
0.00023663865
1.1637318e-06
2.2132717e-07
2.3266288e-05
0.0013995023
0.00082668365
1.982466e-07
0.005224867
1.7282005e-08
5.132854e-07
4.3287153e-07
5.6144847e-05
0.026442084
2.74447e-08
0.0009774985
0.999998
0.00013064442
4.181235e-07
0.048181415
3.5505042e-08
0.00014975085
0.0005998828
0.071862504
4.3010523e-06
0.9992557
0.8884325
2.2361213e-07
1.5889991e-07
4.6436433e-08
8.472268e-07
3.0624784e-07
3.291885e-05
5.226548e-08
0.37922558
7.35891e-05
3.676712e-08
0.003433733
1.6407125e-07
1.0226747e-05
3.9400884e-06
0.9847305
0.9994671
0.98196584
