0.00029049357
6.991876e-05
0.0888426
0.0011833012
0.002194876
0.9999761
0.013898111
2.6129279e-09
0.0029143472
4.4586292e-07
0.015498343
6.332995e-07
2.3662276e-06
0.9998323
0.012118617
6.185135e-07
0.98888737
0.9431467
0.0006523491
3.4142646e-05
1.0035308e-05
2.1327444e-06
0.07258666
0.028310401
0.8419842
4.728011e-08
1.7879366e-06
0.0003831906
0.0003145819
8.088376e-05
0.0008497034
1.3043997e-05
2.772725e-07
0.010580208
1.0022443e-06
0.00014304843
2.5078125e-06
2.528166e-06
0.000116282026
4.4610083e-06
5.3902e-05
5.5274127e-09
1.2208523e-05
0.6177438
6.271355e-07
0.3391967
0.010120222
0.0007561082
0.999996
0.009021371
0.00054910954
0.0069809267
3.5500584e-06
1.2208523e-05
1.4205097e-10
4.023901e-07
0.00047058615
0.018895367
7.349206e-08
0.00015643248
0.013053038
0.007431147
0.00034195196
9.2945054e-05
0.0093647735
0.30266592
0.0015113228
3.788293e-05
0.8359362
3.443635e-06
0.4172428
1.5597638e-07
0.99743927
2.9600938e-06
0.99058264
0.00027509415
0.060744014
4.0602048e-05
0.0005264678
0.99999994
0.20878595
6.356285e-05
2.2207309e-05
4.5617744e-06
0.8561088
8.383468e-06
9.746962e-05
0.010488819
0.107180715
0.99992174
0.0032926132
8.377637e-07
2.9272782e-09
0.00054727035
0.0016992189
0.006523065
0.00041554088
1.360829e-05
2.5902633e-05
5.3310537e-06
4.077674e-05
2.2142379e-08
0.00033672
0.001824883
4.2102503e-05
8.545008e-05
0.00018811446
4.124371e-06
0.006977206
2.8837715e-06
0.00066430354
0.020390993
3.1726998e-07
5.1076377e-08
0.99993896
0.80010206
0.7571138
8.377637e-07
3.4513968e-07
0.0027426537
7.189678e-08
0.00034774124
1.7189097e-05
0.00033049757
0.10577619
0.00034195196
8.87363e-06
0.00076222525
8.829517e-05
0.0006027699
7.53854e-07
0.9998425
1.100625e-06
5.14483e-06
2.5078125e-06
0.93907326
0.00011911419
1.5023281e-06
6.4887176e-09
0.00010299069
9.6183385e-08
7.0508186e-08
1.3511614e-07
4.1797307e-06
0.00041554088
0.00033672
4.7635672e-07
2.0147343e-05
1.2008886e-07
0.0093647735
2.0070297e-06
8.088376e-05
0.0019360146
0.9240996
0.0009878277
2.3568048e-06
5.827545e-08
6.60029e-05
0.0015113228
1.5393298e-05
0.0019360146
2.8385695e-05
7.810949e-08
2.1674907e-07
0.00027509415
2.1593898e-05
0.00017796984
0.00025581417
1.0464052e-07
5.9881194e-07
5.7512737e-09
0.010026664
0.99429137
1.541354e-06
0.0012891472
0.00016235327
1.002491e-05
0.007958384
0.8251106
0.0025289706
1.1089274e-05
1.1584079e-06
0.00066430354
0.00022746914
0.37784213
6.902053e-05
0.03428909
0.2304119
0.00071793055
4.4929875e-06
0.00024683058
6.0737584e-08
4.4866482e-08
5.852347e-05
0.023425356
0.027724339
0.000113495335
6.340961e-08
2.6029664e-07
5.8650126e-05
0.99136627
0.00011425349
0.99992174
5.764158e-07
0.9012675
2.0523008e-05
2.1867437e-07
0.00047533205
4.3979576e-06
2.182665e-05
1.0907656e-07
0.00031993113
5.7633333e-08
0.00034774124
6.768844e-06
1.3845943e-07
1.9840295e-06
4.7251448e-05
0.07258666
9.4932716e-08
2.4684834e-05
0.061428633
0.9999196
1.4970299e-05
9.506329e-06
0.035232592
1.2876533e-06
0.0009550947
5.978436e-05
0.00031993113
6.4887176e-09
2.3373605e-06
1.0568974e-08
2.8044087e-05
8.167269e-05
1.3359476e-06
0.0038617912
0.6612594
1.599283e-05
2.885499e-06
0.002648953
1.4665712e-06
9.6819334e-05
7.2547857e-07
0.99621075
7.6168717e-06
9.286739e-07
0.9980782
0.5988773
4.7635672e-07
3.6379967e-07
0.0010128253
0.20974107
0.99999917
6.340961e-08
7.833365e-06
0.86664194
1.962021e-07
1.0367225e-07
0.061293382
2.6049381e-06
3.431291e-08
8.906581e-05
0.08391414
1.3138779e-06
0.000269547
0.99621075
0.0002121882
0.024308652
1.9437635e-05
0.0006364423
1.3349961e-05
4.227431e-06
2.959775e-08
2.6819684e-08
0.00047117975
0.8160071
8.776021e-07
0.0007988997
1.7407758e-07
0.0003093094
7.807441e-06
4.1447027e-05
0.0003056973
1.6355087e-06
0.00010521444
5.5083415e-06
1.40789e-05
0.0274908
6.0587286e-07
3.4420787e-05
1.7879366e-06
0.9005606
6.3368475e-09
0.0003757648
0.006349512
0.99999976
4.4348894e-07
1.28251995e-05
0.81440943
