0.9990457
0.99999887
4.7951585e-07
1.9434208e-07
8.6193376e-07
0.038420733
5.112384e-08
0.99998933
6.768883e-06
0.003379868
6.2315753e-09
0.0026644305
0.78101546
0.542741
0.00013845752
5.543453e-07
1.1402137e-06
1.1786786e-06
0.0009249265
6.6362634e-07
0.0067792446
0.55973333
8.5672247e-07
0.0016286916
8.138198e-08
1.5247588e-05
4.3181106e-07
8.6508386e-05
1.4442169e-05
4.0606384e-08
1.8101619e-07
0.0042969473
1.1303375e-06
2.7230892e-05
6.768883e-06
0.0002861788
9.293989e-08
0.00019468185
3.9156486e-05
7.544425e-08
0.9249583
0.14625694
0.00037171433
1.1603661e-06
0.99405044
1.2077159e-05
0.014345085
0.100515336
0.0046881726
2.8629662e-05
2.4049044e-07
2.6760705e-05
3.5507321e-06
0.9994867
4.092188e-09
0.013165716
0.26424435
0.00018734012
7.982236e-05
2.4154907e-08
3.2071975e-07
1.7719806e-07
3.0012309e-06
1.1822768e-08
0.00011115497
5.5003447e-08
0.063530676
9.5227515e-06
6.454861e-08
0.00011191285
1.8182518e-06
0.0704808
0.0011239933
0.9865529
0.027676435
2.3939397e-06
3.0224372e-05
0.042068645
5.1558756e-05
0.000735494
3.7620873e-06
0.012634487
0.0006613056
0.121542715
2.17257e-06
0.0006613056
0.0033042151
5.2273855e-08
3.875043e-06
1.2201716e-08
0.0024928143
1.7525224e-06
0.00016982511
0.9944121
0.11433255
2.8369874e-07
0.01567989
7.3834735e-07
0.00062405586
0.012634487
2.885356e-06
0.003159761
0.99839187
0.05699618
0.64780873
0.00014789234
0.00033640923
0.21883212
1.8422095e-05
1.1646517e-05
2.8629662e-05
0.00090022624
0.9834264
0.0005638019
9.4325886e-05
2.3786351e-06
3.6068886e-06
0.00015825564
0.001346284
8.6263564e-05
2.7230892e-05
0.04248375
5.1558756e-05
0.0046958867
0.044299774
0.02803788
0.99996144
0.0033348
9.907692e-06
0.0007134485
1.221863e-07
0.0022565618
7.3360396e-05
1.4539887e-05
6.3821176e-07
0.0040757433
6.0359713e-07
1.5705287e-07
0.00022677422
1.7280028e-08
7.0008866e-07
4.4664444e-06
0.30601653
1.0977366e-07
0.00013148112
0.0023967891
2.0162683e-05
7.252648e-07
0.0075226114
0.0037126583
0.9999995
1.7382708e-05
3.5186815e-06
0.024187794
3.6299614e-05
0.55973333
1.30972735e-08
9.342967e-06
5.730152e-05
6.768883e-06
1.915496e-06
0.00033266167
0.99405044
0.005812581
0.00012141158
5.711114e-07
5.735105e-05
0.9999801
0.003283092
2.0866133e-07
0.019445676
5.0479585e-08
0.029010836
0.00071500277
8.4180977e-07
0.03839137
0.00011191285
0.03705979
0.1003993
0.78467536
0.00057725207
0.03217261
1.5598708e-07
0.0037291152
0.00294887
0.0025254572
9.429058e-06
0.99955356
1.4390969e-05
0.016888103
0.00185564
2.8133982e-08
0.07524244
7.252648e-07
0.1003993
3.0945962e-08
0.00071500277
1.2421892e-05
1.812439e-05
6.87041e-06
2.6401767e-05
0.011482801
0.00028035155
0.00021289587
0.014221643
8.2460474e-07
0.9286389
0.0674678
2.1228712e-07
1.8521077e-05
0.0003765264
4.313062e-05
0.027676422
8.99736e-07
1.3030843e-05
4.503549e-05
3.342319e-07
1.8268021e-05
0.0003066948
0.99999017
1.033558e-05
0.9230493
6.8525005e-06
0.005785343
8.6193376e-07
0.99721307
0.99999803
1.6115366e-07
3.3118737e-05
1.4110012e-07
4.6846835e-05
1.0
0.26380584
4.6729647e-06
0.0040757433
0.014682772
0.00045598482
0.01147514
0.9998101
0.0075226114
0.0144416075
4.183974e-05
2.938952e-05
0.0037291152
8.1456536e-05
4.9433138e-11
3.6556645e-07
6.4718057e-07
0.0010547186
0.00012085505
0.01567989
1.0661343e-05
0.041218314
0.7872428
0.00020483066
0.086271815
1.3169289e-05
0.0078464765
0.8449025
3.3078682e-05
1.3030843e-05
0.30601653
3.8633134e-05
0.003283092
0.003985814
0.0005638019
0.0013555081
7.6299e-06
1.37150855e-05
1.3873118e-07
0.0015257508
2.631415e-07
0.006958808
3.2043357e-05
0.6139355
1.916158e-05
0.012085318
0.00016177192
7.6299e-06
3.3945452e-07
0.00043962704
1.9933796e-06
0.99999666
0.95416385
2.7611686e-05
0.00033999668
0.0017537385
5.999568e-05
0.9811835
9.730733e-08
2.8183555e-05
0.64780873
5.999568e-05
1.3248978e-05
0.0067792446
1.8074412e-06
3.927221e-06
5.9751017e-07
0.00012549575
4.0691625e-06
