1.0
5.3165126e-09
0.30381224
0.0010228134
6.845589e-07
1.238264e-06
0.00033283932
0.00030878553
2.4760013e-07
3.740565e-07
0.02465013
5.750914e-08
6.5225477e-06
0.0009842446
2.493889e-06
0.50160706
7.90881e-07
6.976454e-08
1.3330483e-06
2.0237283e-06
1.2899627e-06
6.552034e-07
4.8383645e-05
2.4356112e-07
0.18866464
4.553504e-09
4.274787e-06
1.8891348e-07
4.7201544e-07
1.702089e-08
3.4620618e-06
0.002382202
0.002706242
8.2119506e-08
3.371998e-05
4.4703306e-06
6.6712275e-08
2.1613828e-07
2.9116864e-09
9.512487e-06
1.8647431e-07
4.2938595e-06
4.464166e-06
2.7508486e-07
3.725951e-09
1.1926864e-08
0.99874103
0.0044973977
0.0028724049
0.9999971
0.060962483
8.163583e-07
1.00368815e-07
5.77078e-08
3.3383353e-06
2.7956396e-05
1.2110751e-09
4.2040575e-08
2.6076648e-06
5.5448872e-06
0.104669675
1.5128508e-07
6.480829e-07
0.0033994624
0.0010326983
6.715849e-06
0.010502062
8.0978754e-07
0.62196606
4.2040575e-08
2.8087552e-06
4.3707464e-06
1.3643211e-06
0.00054950855
5.747429e-05
4.4084222e-06
8.1383105e-06
5.5938253e-06
0.24772519
0.011329072
5.0843028e-11
0.00011194903
0.017198892
0.0061850566
6.356182e-05
5.833728e-06
2.3041946e-05
0.0008568982
0.001616753
0.12566032
2.3315242e-05
1.0330195e-07
0.09470967
6.6712275e-08
6.243463e-07
0.0012092602
2.9532316e-07
1.7313916e-07
0.024958633
0.0016147163
4.5462007e-06
5.77415e-06
8.3481757e-07
6.7926153e-06
1.7812833e-10
0.010974877
1.6180482e-05
6.173789e-06
4.141362e-06
2.1580595e-06
7.427628e-07
6.5307496e-08
1.3049721e-08
0.7888099
9.290245e-06
1.0
2.759389e-05
8.9357425e-05
1.8794383e-07
1.8082887e-05
6.8816627e-07
1.6737637e-07
0.745181
0.0039455453
0.00019946192
0.0021212273
0.5283559
2.9273799e-05
3.2371197e-06
0.00021372772
2.409973e-08
0.021909963
6.6749055e-07
9.317451e-07
6.246808e-06
0.0789367
1.8698284e-08
1.7975536e-06
1.1862816e-06
0.00031434387
0.9768632
0.12292368
4.0727186e-06
4.099727e-09
0.00058999355
0.007676241
0.0031191513
1.1228688e-07
8.362792e-05
6.7975725e-06
7.427621e-07
7.965401e-08
0.0005414849
2.615458e-06
0.00021251013
9.04042e-08
0.00040465235
2.4558474e-07
2.6056712e-06
0.124727614
7.971e-06
0.0031552839
6.715849e-06
0.00040465235
0.0018187871
5.4099335e-05
8.068608e-05
0.4913284
9.723512e-07
5.0999415e-06
4.675929e-06
1.4715152e-09
0.013801152
1.1308184e-06
0.000104337625
1.7812833e-10
0.99993455
8.0536395e-08
1.3643211e-06
3.4147826e-10
2.31041e-08
1.9895337e-08
6.5510744e-06
1.5720557e-06
2.2801938e-08
7.0575166e-05
0.02443171
0.5322173
0.11915036
8.884593e-05
1.1534869e-06
6.6749055e-07
9.9911995e-06
0.9999478
0.9999734
1.1111685e-05
0.00013324278
8.285033e-06
0.0032597976
6.126605e-08
0.0027704753
0.4636872
0.60371494
9.847746e-08
0.0052698883
2.9421935e-05
6.686764e-06
0.0027802452
1.1311738e-09
0.8648436
0.9997094
1.4397159e-07
0.999931
1.1945461e-06
0.70251644
7.652149e-05
0.0022776849
0.44933015
2.3315242e-05
3.0926232e-05
2.1403474e-05
0.00037948875
1.7033835e-06
0.74904865
0.024397228
3.7008306e-08
2.6119282e-05
9.478031e-06
1.5314338e-08
0.0021351369
0.70247215
0.9999972
3.371998e-05
3.4143286e-06
1.5741285e-05
1.5241366e-05
0.0022636726
1.9612497e-08
2.5185594e-07
0.00034699577
2.4760013e-07
3.4143286e-06
2.7070826e-06
2.7529953e-07
2.9273799e-05
0.0002591039
0.99999875
0.3392453
0.048585128
0.9879609
0.00022320982
0.012662505
2.7584341e-05
1.45004915e-05
0.0067902016
2.9532316e-07
0.00016935956
5.646361e-06
0.00024777162
8.559097e-09
7.547475e-07
2.4823927e-05
0.5862598
2.4760013e-07
3.7581978e-09
2.4938938e-06
1.1747515e-07
5.5448872e-06
0.0050085494
0.114246875
0.9988938
0.006676545
0.0002943332
5.243051e-05
0.00015042907
2.2701737e-08
1.2402118e-08
4.9049135e-07
0.020962033
5.051824e-05
0.00059255294
2.196818e-08
0.99912333
2.7481713e-06
0.0067902016
0.8238837
1.1376639e-07
5.724248e-05
0.00027861475
2.5466722e-08
0.00028607133
1.1288385e-07
1.85167e-05
2.1392192e-07
2.2701737e-08
0.9999916
3.1472467e-08
1.8425963e-07
8.406758e-06
4.5785097e-07
