0.99999994
1.0
1.0
4.261479e-07
0.00011118857
0.03948999
0.56012946
3.1887347e-11
2.6606456e-08
0.30889806
0.75092083
0.00046591272
0.0021282437
4.079503e-07
0.09100894
9.996823e-06
7.4797124e-10
0.35725954
1.7840186e-05
6.8862187e-07
0.95390004
0.9998328
0.00035499752
4.0242514e-05
1.5243166e-06
0.0008388458
8.339858e-06
0.0014247843
0.9952599
7.064898e-06
0.00021382922
0.812071
9.996823e-06
4.193613e-05
0.39704987
7.8192943e-07
0.0018168896
4.0618627e-07
0.0004507515
6.8367035e-07
0.9741145
1.339227e-05
3.1181294e-06
7.0913564e-05
1.3995187e-07
7.7748595e-08
0.0024413979
9.691326e-06
0.05945944
7.7920137e-10
0.00066254905
8.060551e-09
0.12786627
0.7931952
0.21018758
0.005495929
3.6658354e-09
0.00019364383
0.42382565
4.7651934e-08
5.633951e-08
0.00019364383
0.00037302866
8.5854475e-07
3.8117153e-06
8.162604e-08
4.5937643e-08
1.9077191e-07
0.9997054
2.4164965e-06
0.00013613963
7.91822e-05
8.488605e-07
0.00019865774
5.420556e-05
0.041713722
1.2040015e-05
0.9998693
0.0014715559
6.882181e-08
0.9999996
1.0825702e-05
0.99999994
3.0072607e-09
0.75226146
0.016583603
2.234809e-06
0.24667318
6.258199e-07
0.12025817
1.63583e-06
1.0746279e-06
0.9999813
9.54104e-10
0.00043424492
0.108207494
0.9688833
2.1641375e-05
0.01111636
1.4757272e-06
3.1147803e-05
3.2825137e-06
0.059578575
5.284303e-09
0.9997054
6.2996696e-06
0.9992751
8.006191e-08
2.0252235e-05
5.7020593e-06
8.336852e-06
0.002532041
6.160587e-07
8.679763e-10
1.2442261e-05
0.00010700596
0.0022174222
1.0121744e-05
0.21018758
0.99999094
0.0014017405
3.4557546e-05
8.280975e-05
0.00087034376
0.039703365
4.775758e-06
0.000104273764
2.5273607e-07
0.0010114859
0.0003688756
0.018614475
5.3135016e-09
1.7675838e-07
0.99841535
6.258199e-07
0.7954745
2.75853e-07
0.7836769
0.118764296
1.8239714e-09
5.1808207e-09
0.012950891
2.021055e-10
0.00018732279
0.21467076
0.95722693
3.101641e-07
1.3771146e-06
0.62987643
1.4137537e-08
6.3693706e-06
3.0780048e-10
0.9998693
0.9849391
0.0021866704
0.85384434
2.6908828e-09
0.00047036575
0.00040005049
0.00014955435
0.00076523505
2.5292948e-06
1.1025624e-05
5.5322653e-05
1.5140648e-06
5.050062e-06
1.5598465e-08
1.0968831e-06
5.571118e-08
7.269958e-05
0.781388
0.0062007783
1.5288267e-06
9.765409e-08
0.25448343
2.5770584e-07
0.113532215
0.68996227
7.772955e-06
7.716695e-06
0.9927496
0.99815184
9.94856e-08
0.99999654
2.0537541e-07
1.07624984e-07
0.00047036575
9.737886e-05
1.2711051e-06
7.741621e-09
6.2277184e-05
1.0
0.10375661
4.4960993e-06
8.974615e-05
0.13701408
3.0741994e-06
0.778625
0.9999813
0.022053808
7.5657647e-07
1.7046609e-06
0.0016399714
0.99760425
0.9999999
4.6652787e-07
1.06578835e-08
1.7631255e-06
0.99999595
3.1242314e-06
0.00013132475
0.00013140704
3.57728e-05
0.059026062
1.3245516e-06
0.37985516
4.5110883e-06
0.011336017
6.932746e-08
2.0015707e-06
0.0010662143
0.00060674356
1.2072697e-07
1.02071235e-05
0.9999585
0.6119951
7.974345e-06
0.1890504
0.053701155
8.905573e-07
3.8117153e-06
1.6390078e-06
0.9406118
1.3245516e-06
9.895721e-05
1.4158855e-08
4.6282315e-07
9.053465e-08
4.1223404e-05
2.33724e-06
9.94856e-08
0.019442307
0.0029377774
0.98174155
6.8189416e-05
1.5499341e-05
4.0335215e-07
5.4060993e-06
1.8208617e-06
0.00019364383
0.019682636
0.05945944
2.234809e-06
2.3730443e-08
8.3655714e-11
0.99998236
0.0014971108
3.469302e-08
0.35917383
7.270637e-05
0.00010797756
3.5759836e-05
0.29373476
4.261479e-07
0.0004136967
0.0063605565
0.00013613963
0.63412035
3.1287814e-06
4.316381e-08
7.930806e-08
0.8371585
9.15241e-05
0.97022694
0.00026690098
8.336852e-06
1.0202054e-08
5.8319147e-06
1.0
1.183613e-07
0.00021766394
0.00015616958
8.679126e-06
6.474411e-10
0.0014773421
4.3020736e-06
0.9999998
4.079503e-07
1.4945143e-09
1.3245516e-06
0.027678873
6.8233352e-09
0.0001079613
0.00012619773
0.00013107991
6.79517e-05
4.1066583e-06
0.00010446963
0.00011732856
3.469302e-08
