1.0
0.053272016
2.6145676e-07
0.4113197
1.1204848e-05
3.1217355e-06
1.5272034e-06
6.1424403e-06
0.03891787
2.1018452e-06
0.0153635815
6.232445e-08
4.8626305e-05
0.10577872
0.05755871
2.1778827e-05
0.9943959
0.03891787
0.77482605
0.018709539
0.00015918883
9.463149e-09
3.8591074e-06
1.3715116e-06
0.37127984
9.3702425e-08
8.9269534e-08
6.387101e-06
0.58991367
1.0239513e-10
0.0075804982
0.0004547906
0.99842936
8.0987966e-10
0.002736605
4.1530748e-07
2.64187e-07
2.3922615e-07
0.71538913
3.5293084e-09
1.3784851e-06
9.44015e-08
0.007743606
9.02092e-06
2.8921274e-06
3.031571e-08
3.590135e-09
0.000142616
6.936086e-05
0.99999994
0.00015918883
0.00029093758
0.30121633
0.00027823568
0.036821567
0.000532381
7.242915e-05
0.000783814
5.6322637e-07
9.9173914e-05
4.5286733e-08
4.548137e-05
1.471254e-07
8.250424e-05
1.536864e-09
1.6152855e-05
0.00030886
0.0013645334
7.515252e-09
5.447632e-06
0.0030192195
0.9978278
3.4168888e-06
0.98751056
3.6503385e-05
0.0084653245
4.7440326e-06
6.612226e-07
0.999994
0.00034261536
0.0091112945
0.00013586652
0.013915963
7.9053115e-07
0.9681366
0.00037405977
1.0565815e-05
0.9999963
0.0075804982
8.8336606e-08
0.9489217
0.001804328
0.03521735
3.8001298e-07
0.00046932756
1.4488537e-06
9.425417e-06
1.2044545e-07
0.9999619
3.958098e-06
0.0076025985
7.103273e-08
0.0006177353
0.999994
0.0016509333
5.916894e-10
5.7995134e-08
1.4173236e-07
2.4627689e-06
0.06641094
1.6016282e-06
0.78920853
1.8854555e-06
5.0117666e-10
2.2663758e-07
5.008556e-05
7.021427e-07
0.004373491
0.01791988
0.99872965
0.0018502736
0.0006351516
9.186286e-07
0.05904745
1.8854555e-06
0.8623206
0.98449546
0.00020274808
3.327249e-06
4.325969e-06
1.036386e-06
4.2093852e-08
8.751085e-08
4.244606e-05
7.0413967e-07
6.435978e-07
0.044370513
3.468683e-10
1.6476386e-09
3.921736e-09
0.99936485
2.419812e-07
0.999931
0.005186085
0.0011196337
1.28566215e-08
3.3810888e-05
7.0689697e-07
5.476394e-07
1.3677692e-11
1.4355372e-06
0.09698987
1.0588788e-06
3.5942833e-06
5.4833763e-05
0.0006938451
0.067328736
0.39536074
2.5017283e-05
2.1018452e-06
0.98067313
1.7602324e-06
0.34350368
3.921736e-09
0.1191853
3.5786013e-06
0.0007751679
1.1663917e-06
2.0745732e-07
3.000301e-06
2.4637586e-05
1.3770051e-05
0.00020405736
0.99555534
2.348166e-05
7.164904e-06
0.00013781119
1.3770051e-05
3.4479465e-06
1.6876055e-06
0.12235716
1.9044522e-06
0.1780149
0.688943
0.30121633
0.9999961
5.191338e-07
5.1566378e-05
0.04286588
0.001029545
1.8928457e-06
0.99465054
4.8503124e-10
0.0006351516
0.008273245
8.526108e-06
0.39536074
8.751085e-08
0.01629384
0.0006351516
0.058086313
1.5444955e-06
1.6915178e-06
0.017745573
8.9269534e-08
5.4889632e-08
1.0732811e-08
0.2826744
0.9976756
0.58991367
0.9746411
0.00051402015
1.2537789e-05
2.2177848e-05
1.0950383e-06
4.4115554e-06
0.007743606
4.4960394e-05
0.0009908208
0.0001949514
0.0012894056
0.00012743553
3.054246e-05
0.023774067
3.6218735e-05
2.03815e-06
3.3718632e-05
0.99986076
0.00032203068
0.0014917942
6.239752e-06
0.17659733
1.6079983e-09
0.99999964
4.1613046e-05
0.671128
1.8907119e-07
0.34350368
2.193926e-06
0.0002448119
1.0
0.6045206
2.4648436e-06
1.28566215e-08
0.0005437987
0.019449553
2.9541903e-05
5.277904e-07
0.9999821
6.7294266e-08
0.99986076
0.00027187375
1.06236484e-07
0.0002838647
2.7718008e-05
0.9536697
0.0636628
9.9173914e-05
2.503688e-06
1.1004908e-08
3.4479465e-06
0.0007947444
3.7380338e-05
0.003789855
1.9479276e-05
0.07103637
0.0003308437
0.008172111
0.9999999
5.1714313e-05
8.260938e-06
2.898501e-07
1.8170748e-06
0.005331444
0.00022106052
3.1915874e-08
3.2150307e-08
0.0066140047
7.103273e-08
1.4912455e-06
2.288358e-06
0.0030755687
0.041156013
4.025209e-10
4.8894957e-08
0.8585436
1.5135516e-08
4.739393e-06
3.7547466e-07
1.17700285e-08
0.0010152512
9.141958e-06
6.884148e-05
1.3784851e-06
0.99999595
1.2868541e-06
3.2474592e-05
1.2940881e-06
2.193926e-06
1.3308798e-07
