0.0030296391
0.9468495
0.00657994
0.0005841987
4.4337397e-05
1.2994817e-05
0.85318404
8.9015657e-07
0.00014975814
0.9999996
8.5009255e-05
0.9771377
0.943094
0.0018126139
0.99508876
4.469056e-06
0.13178642
0.9999843
1.0195289e-07
0.2161714
7.5012586e-06
1.3229669e-07
2.0587855e-08
9.0590065e-06
2.4310937e-06
2.437226e-07
1.17019724e-07
7.5012586e-06
4.5727243e-06
0.98190004
0.029788015
7.4336904e-06
6.2945736e-07
6.0300823e-05
0.9401845
3.1357996e-07
0.0025470257
5.047038e-05
1.0475376e-05
2.9078058e-06
0.00091770204
3.370912e-05
9.824723e-05
0.9999567
0.0032398384
0.24357317
0.9999683
0.99848837
3.0191538e-07
8.756528e-06
0.0126288375
0.9896312
0.19370717
0.07914011
0.9904154
9.852518e-08
0.037768222
3.8324224e-06
1.7381615e-05
0.00010577144
9.890367e-07
3.5274106e-09
0.88123184
0.059957918
0.0007450876
4.1431926e-07
0.018555136
0.48395148
2.7276608e-05
0.0075483806
6.476976e-06
0.00045205097
0.4473632
5.863242e-09
2.4920157e-06
3.019965e-06
0.0002955415
0.17809433
8.355856e-05
0.85545987
0.59728724
1.0
0.87529427
0.005286324
2.8334156e-07
2.1846051e-07
0.0014337404
1.6791884e-06
2.9078058e-06
1.9030269e-06
4.0275277e-06
0.4591742
5.581606e-05
7.141479e-05
4.8076902e-08
2.5499003e-07
0.7829008
4.5454117e-06
1.8930984e-06
0.8975525
0.0022371535
4.623089e-06
9.3007824e-05
0.00013257869
4.997349e-07
3.7233e-06
0.0006242626
0.00028241778
2.5606706e-08
6.192525e-08
0.006416914
2.042698e-05
0.999949
0.012213458
0.2767647
8.132453e-09
0.38337705
1.1914334e-06
0.99999845
0.000111394234
0.00042994064
0.00094290834
0.0013807932
0.0021106617
4.0038438e-11
2.7276608e-05
4.3404407e-06
0.9999999
1.0
0.00014975814
5.388696e-06
0.99991006
0.0032522054
2.3847825e-08
0.13979538
1.0710014e-05
8.01074e-09
0.6542615
6.5875406e-07
0.00597693
6.879743e-05
0.00036139743
1.15763775e-07
6.426859e-05
2.4185345e-06
4.5361962e-06
4.2189146e-07
0.97448474
1.4888896e-06
1.555361e-07
0.0009630352
0.14535931
0.03849834
4.551319e-06
4.0844883e-05
0.0009116816
0.99996996
3.050599e-06
0.13328293
0.0001399029
0.00077349436
0.0007194977
0.037768222
1.8013885e-05
3.6715164e-06
0.0030296391
7.5012586e-06
3.8457124e-06
0.00046105025
0.00024300592
0.009497692
4.997349e-07
0.00040414618
0.99762535
0.0014246602
0.99994075
0.017825749
0.17149548
1.0922258e-05
0.0004970986
2.8153927e-06
8.9015657e-07
0.5051118
3.6745845e-05
0.00022073239
0.99762535
1.7833476e-07
2.2293076e-05
1.3310932e-06
0.00040414618
1.0262243e-06
0.03849834
5.2713904e-07
3.5107452e-05
0.0010784946
0.99785024
4.0631676e-06
1.1719684e-05
7.238674e-06
0.87529427
2.9895276e-08
7.154594e-05
0.99594235
1.555361e-07
0.88228315
0.00036167554
0.0002190526
3.0978183e-05
0.0048824092
0.00020114623
0.00035498265
2.3144603e-06
0.99999833
1.0666449e-07
2.6931724e-05
0.11829386
0.00015094144
0.0010757118
3.3453496e-05
0.9995894
1.0216531e-05
2.3851829e-08
0.045878816
2.2986509e-05
0.000103389015
0.50359845
4.063171e-06
2.1846051e-07
0.008694255
0.9999877
0.8442012
3.1662694e-06
0.013286958
5.8460835e-05
0.99842936
7.2000566e-06
3.077046e-07
0.0030477147
8.01074e-09
5.6862726e-05
0.99999994
0.42067805
4.3000968e-05
9.983964e-05
1.1641687e-05
9.134224e-08
0.018555136
0.00034637444
1.1779392e-06
0.00024573377
9.59765e-06
1.355922e-07
3.584579e-09
1.121967e-06
0.000120683006
2.5834039e-08
0.00040361637
0.00019377773
0.004262161
0.003106655
0.0017848109
4.997349e-07
0.9771377
0.97586876
2.013598e-06
4.2189106e-07
6.4152315e-05
2.8846995e-05
3.4199914e-07
0.006416914
0.0013617085
0.0026213212
0.0012741588
0.0001701673
5.829418e-06
0.26449507
0.0003557754
0.9992774
1.5774455e-07
4.8183488e-06
7.973354e-11
1.7381615e-05
0.9791013
0.12120062
1.394846e-06
7.2000566e-06
3.4983383e-09
2.633533e-05
0.25389627
2.303679e-06
0.000281822
0.002051798
9.0590065e-06
3.584579e-09
1.365948e-05
8.146617e-05
0.14263423
2.240029e-05
2.2440638e-05
0.00018899323
