1.0
0.99999994
1.0
1.0
1.0
1.0
1.0
1.0
1.0
1.0
1.0
1.0
1.0
1.0
1.0
1.0
0.01594238
0.99998486
2.0102882e-06
1.6998104e-06
0.99976605
8.474277e-06
0.0015378249
1.0951281e-06
9.4692744e-08
4.703689e-08
7.697474e-05
7.0968694e-05
6.591761e-11
0.9999508
2.4562214e-08
4.803154e-07
0.046199404
0.8871996
0.00011746602
1.1550407e-07
1.7542363e-06
2.0688317e-07
0.23181613
6.4483453e-07
1.6160909e-09
0.046199404
1.9166121e-10
2.4591895e-07
1.5256985e-05
0.6139906
0.0052001416
7.790979e-07
0.00019646963
4.9447175e-07
4.929292e-05
1.0665213e-06
3.9600354e-07
1.8348995e-06
0.0022288118
0.045032796
9.97181e-06
4.5664823e-08
0.0029186627
9.9553245e-06
0.08966196
1.965245e-08
1.3051059e-07
8.972468e-06
2.9403688e-07
5.0622953e-06
0.0006522938
0.00039363996
0.003545125
0.37729764
0.9999898
1.0876012e-08
0.0015378249
9.562835e-07
3.837338e-07
0.01613605
0.61348194
0.98987585
0.0025500245
4.3444637e-05
5.698052e-07
1.27811485e-11
6.437022e-05
1.6375283e-06
0.43080777
1.3253845e-10
0.0011330044
0.00026209984
0.93740225
0.9439366
2.457416e-05
2.654333e-06
1.8583196e-05
0.99956447
2.9034359e-06
0.0017033556
6.3880304e-07
1.2601677e-08
6.5096426e-09
0.00016024009
0.00017173964
0.004991976
1.1050845e-06
5.5513726e-07
3.422409e-07
0.0012439105
7.1738814e-06
0.15123142
2.457416e-05
8.8645465e-06
0.99112266
8.462554e-07
0.99423176
2.4402146e-07
0.00064981496
5.7982685e-05
1.3512673e-06
7.985418e-07
0.001907682
7.685598e-08
2.32372e-09
0.0011043967
4.9447175e-07
0.00022401747
1.4778116e-06
4.8227395e-07
2.2823187e-06
0.99991715
1.2962059e-11
1.0559378e-05
0.00047953922
3.0869118e-10
0.003411725
0.56799906
0.008716179
1.1050845e-06
1.5123937e-06
3.958521e-07
1.1277125e-06
0.8915273
0.0131056085
1.5986352e-08
8.494864e-05
0.00047953922
0.04916114
2.836916e-05
0.031965364
5.2888913e-06
3.3786033e-05
1.0794874e-06
1.942487e-07
0.10449376
3.580372e-08
0.9984995
0.15123142
6.1155254e-07
8.228259e-05
0.011078035
9.1910533e-07
1.9070857e-08
0.005223811
1.5041601e-07
0.007522071
3.0869118e-10
3.9381055e-07
7.983187e-07
3.200628e-05
0.000118038
2.4591895e-07
0.0007077988
4.8578718e-06
4.6519228e-05
0.0035300928
2.731701e-08
9.1910533e-07
0.028129455
1.581194e-05
1.4778116e-06
5.7389265e-08
1.0297687e-09
1.0238322e-06
0.104474664
0.9999512
0.19990206
1.864864e-07
0.0001552988
0.039669964
8.733393e-06
3.343798e-08
0.4767031
0.96201885
7.724514e-08
0.99656796
7.638263e-07
1.6529564e-06
3.1526437e-05
1.3624471e-11
4.5337904e-07
0.0053634103
0.003545125
8.831873e-06
2.3272902e-05
1.0
2.7141676e-08
0.00011746602
2.3272902e-05
0.00018706595
3.4174118e-08
8.349513e-07
4.267825e-09
1.055528e-05
3.6097063e-07
3.301839e-05
4.3362456e-06
2.4053806e-08
2.0595885e-10
0.8322768
1.7179822e-05
1.0951281e-06
4.5694978e-07
0.00011746602
1.1967533e-07
0.46697122
4.7301587e-06
8.857361e-09
7.5525827e-06
5.875643e-06
3.5876667e-06
0.027188344
5.513424e-11
1.1035933e-05
0.947777
4.1462124e-05
0.12385825
2.6856961e-11
0.40873855
0.20794256
7.579945e-06
0.015269616
6.1952365e-10
1.6906462e-10
0.006846442
1.1969249e-06
0.012102279
5.4541403e-11
0.9402907
2.499317e-07
7.53739e-07
0.00020504913
1.3611626e-05
6.977921e-05
9.2907163e-07
1.8417998e-10
0.10339772
6.9650587e-06
5.607e-07
2.0688317e-07
0.0022186423
0.99309623
7.197512e-08
2.936011e-10
0.10888822
2.139251e-08
7.4097294e-08
2.5265317e-07
3.0523256e-07
1.790612e-08
0.8915273
0.0019879728
0.99991715
3.9253337e-06
2.1887084e-08
0.0018446223
0.9999997
1.2349194e-06
0.43080777
0.99998045
2.904284e-07
0.00029528915
0.00063146546
0.00039363996
0.017441537
0.02296509
1.5213203e-07
9.97181e-06
0.002979222
1.2300387e-07
1.0082009e-07
0.104474664
8.100447e-06
0.035079308
5.783284e-09
0.7634854
4.4325336e-08
3.5365142e-07
8.948618e-07
7.453611e-05
4.4784233e-08
0.11311004
0.0034852917
