1.0
0.9997736
5.4361324e-05
1.2723474e-08
0.9997862
6.497315e-08
1.6774278e-07
0.999978
4.315019e-07
4.249904e-05
0.049740206
0.00031751787
4.133595e-05
3.2483827e-06
2.8677288e-11
3.7171638e-05
0.007108743
1.8086232e-05
0.0020251994
0.00014890775
0.0010243357
0.42472404
9.16035e-10
0.000246957
1.2457089e-07
3.1870073e-07
1.1601145e-07
1.3429488e-05
1.8086232e-05
1.3446825e-07
0.013312791
1.5962153e-09
1.264481e-10
7.2369207e-06
2.507155e-06
0.00046538273
1.3151744e-05
0.00043633126
5.4628214e-07
5.853451e-06
5.8874278e-08
4.503884e-05
0.00085240504
3.328753e-09
1.2748414e-07
0.041308165
0.05037651
1.7259644e-07
0.0024992872
7.351601e-05
0.00047740928
1.0310023e-05
0.20581612
1.6533946e-05
0.23898436
6.3040716e-07
1.9847246e-07
0.11844923
0.111607686
9.900257e-07
0.021849621
3.1169613e-05
3.5291162e-06
0.14961392
3.912011e-08
0.58779746
3.6747177e-05
2.5701027e-07
0.0123777855
2.5796421e-08
0.0006461768
0.99960667
0.0034705552
0.00093313376
0.0032695946
2.1046274e-08
0.24417275
1.0
0.00035312856
4.572419e-06
3.6200325e-09
1.6164499e-07
0.00022621406
7.783699e-09
0.0075882142
1.621253e-05
0.9999686
0.06094993
0.00015771482
1.264481e-10
0.9999995
5.2136725e-06
2.8698658e-05
0.00036753647
1.6570126e-05
5.9597477e-07
0.00030135555
4.3322096e-05
2.6622242e-08
8.4179504e-05
0.00059133937
4.0624357e-08
7.5914095e-08
0.001667198
0.00020716838
2.495721e-06
0.0025133684
7.099412e-07
7.4609386e-07
0.000571818
2.546639e-06
0.0005563083
3.77594e-06
0.09423078
3.8439193e-08
0.18074507
0.07287905
0.036621682
4.3979053e-08
0.15527761
0.04875179
2.0778789e-05
0.00036044844
1.1856504e-06
4.1013718e-07
1.4076281e-05
1.3656076e-08
2.6748561e-05
3.0558751e-06
2.4201853e-08
1.4893588e-08
6.10099e-06
0.0020286485
6.011871e-06
2.4211047e-07
0.042152308
2.9382852e-10
4.503884e-05
2.9888926e-07
0.00087173854
0.58779746
1.7994103e-05
0.99770343
0.97953564
0.0006557172
4.249904e-05
0.00039972836
7.529155e-09
2.7564382e-05
1.0871605e-06
8.235224e-09
0.3338843
0.0018617813
0.9999424
0.99998975
0.9999996
0.0006140247
4.037837e-09
1.854752e-06
0.0012713567
0.20584951
9.200542e-07
2.6842188e-05
5.210561e-06
0.036621682
0.24417275
2.0778789e-05
2.1505103e-07
0.9808841
0.9999976
0.0037288477
7.147366e-05
2.8617653e-05
7.783699e-09
0.001826961
8.8868063e-07
0.0004402133
7.040779e-07
3.984199e-06
0.000709546
0.99973184
1.4357508e-06
1.695756e-06
3.2130078e-08
0.9999863
8.872261e-08
2.5817596e-06
0.99932396
2.025184e-06
1.0791172e-05
5.8674285e-08
0.15400717
0.00023077412
3.336046e-07
2.5796421e-08
5.6042913e-06
9.722511e-07
0.999999
0.0020286485
1.1245281e-05
2.8711112e-05
0.00013164445
8.838447e-08
2.0539225e-07
0.26787105
7.4609386e-07
5.7578564e-10
0.00010462116
2.168084e-07
4.086951e-06
0.014643316
0.10117569
0.0019105396
9.017275e-08
1.0791172e-05
0.9739593
2.7863372e-05
0.00861091
8.125785e-09
0.04659068
4.619241e-05
1.6164885e-06
4.076021e-06
1.4642883e-10
0.3577605
3.0868658e-05
8.523148e-08
0.23898436
7.2658986e-07
6.225996e-05
1.2234183e-07
0.0003427699
0.00023891749
0.98803145
0.0037146502
0.0005889935
0.0110810865
0.00024095304
0.3577605
0.9825374
5.6945546e-06
1.2353081e-06
2.295595e-06
0.014292631
2.0952048e-06
1.0310023e-05
0.0001774757
4.319585e-07
0.00012316229
0.00022076059
0.98531836
4.425263e-06
6.957651e-08
0.011311333
1.0375718e-06
0.0068747303
1.6714127e-09
3.2929003e-11
0.0020584047
0.105813675
1.49091065e-05
8.209237e-06
1.4418927e-06
7.8486e-05
1.7840346e-06
3.5123896e-05
3.0028036e-07
2.0778789e-05
4.897621e-06
0.9999995
0.20393246
1.6803851e-07
4.2653957e-11
4.7392887e-06
4.227327e-08
0.00041545197
0.74324673
1.9847246e-07
0.001570941
0.003727073
2.572577e-07
1.1019263e-06
7.8786906e-07
1.9675667e-08
0.00017442903
0.99995357
3.779575e-06
0.00043633126
7.3858536e-07
5.853451e-06
0.013970692
4.835404e-07
0.8698539
3.1986558e-06
0.00012879312
0.9999976
3.5328278e-05
2.65846e-07
6.531708e-07
5.6945546e-06
