1.0
1.2959414e-07
0.1776958
0.8333709
0.99954206
3.309522e-08
1.1504789e-06
0.00011226322
7.182262e-07
0.80922717
0.00011792044
1.4033999e-07
5.661394e-06
0.99999845
9.3732245e-07
0.00024154535
4.521404e-09
0.0003874041
0.9999959
0.1018551
4.7452313e-06
1.9317004e-05
0.9999979
0.0016100178
0.07561169
0.0014226021
8.121671e-05
2.2742948e-05
0.00024349692
2.139176e-05
2.3784081e-09
0.14310421
9.94371e-06
6.972051e-08
7.766961e-05
0.9851176
4.50348e-06
0.99999875
6.6247253e-06
3.8564367e-06
3.3351723e-06
0.058510844
0.4895832
0.14310421
0.012400451
0.99987173
2.5414121e-05
4.506161e-05
7.820009e-05
0.07630686
8.3054665e-06
2.650214e-05
6.42643e-05
0.99997675
8.650977e-07
1.9168596e-07
0.00011540384
7.1591273e-07
0.0710545
0.99219763
1.9763698e-10
0.004290941
1.6596248e-08
0.999964
0.0021023762
2.2735403e-05
5.909991e-06
0.9999486
0.002686931
0.9822188
0.024573298
0.003935497
3.0822026e-08
0.07383163
0.0710545
5.882326e-06
0.7983679
1.1386159e-09
0.99999785
5.1747516e-11
0.115478486
3.2796725e-06
2.9913099e-06
0.0147310775
2.9708619e-05
1.9973135e-07
0.999964
0.0007423218
9.53803e-06
0.9942048
9.0535515e-08
0.0028820182
0.0013749563
4.3236414e-05
0.00010273723
0.0008993123
0.00013692155
4.664623e-05
0.0021374116
4.067828e-06
0.000103248916
1.446196e-07
0.00019507503
0.0007959108
0.00042652874
0.99998564
1.2637159e-05
0.00020622043
0.7983679
1.6235863e-09
1.0094839e-08
8.5456435e-08
0.023681162
0.9999999
0.00070334575
0.45570928
2.1905717e-07
0.0004476249
0.000140795
1.374839e-07
1.0516751e-06
0.10242213
3.7613987e-05
5.1252668e-05
0.011730253
0.0021023762
0.000171237
0.3087571
0.049203057
0.99342424
6.4344276e-06
2.1905717e-07
0.0015275591
0.9206875
0.009081934
0.0042941347
5.363752e-05
0.17358634
0.002176577
1.0849078e-06
3.927723e-06
0.9810948
0.15128307
0.0040969225
0.0005776021
0.008231869
0.9888718
0.9999905
0.0002956097
0.00022923597
1.8490917e-05
0.2756115
0.0021689208
1.6401488e-08
0.0008637716
1.4130082e-10
8.291176e-05
0.0040217373
6.6247253e-06
0.0028182273
1.4012845e-06
3.672623e-06
0.00071509887
3.9213846e-09
0.16668
0.9992074
5.1252668e-05
6.8905845e-09
0.96497333
0.03344088
2.3518362e-06
3.5749978e-10
8.183185e-06
0.008508056
0.03986308
1.4557648e-06
1.0157862e-08
1.1037502e-05
1.565252e-09
2.3064196e-05
4.3236414e-05
0.12490943
0.00026868898
0.00017751478
0.00056988205
3.0345721e-09
1.7544873e-05
7.264583e-08
1.0232104e-06
4.506161e-05
4.052851e-07
0.14513715
0.9974583
3.367069e-05
5.86278e-06
4.158022e-11
1.1612617e-06
1.684438e-06
1.6596248e-08
8.0204495e-07
0.99925137
4.2232017e-07
1.5836906e-06
3.876045e-06
1.3400166e-05
0.00014944887
0.00019424687
0.83572024
0.004826954
0.00014081903
8.4424523e-10
2.6408214e-05
0.001007179
0.9941515
5.5369305e-09
0.9999999
5.717643e-07
7.0371198e-06
0.21878245
8.522235e-07
0.9650406
0.983016
9.9751705e-05
0.11564638
0.0031811541
0.99993014
1.0196151e-06
0.00094835425
1.993547e-06
0.99972385
0.10081908
2.6347473e-07
0.0027137166
2.2990655e-06
0.009848154
0.00070334575
0.9999988
7.0288165e-06
0.00086797355
0.0018270522
4.6262408e-10
0.9999665
1.9742977e-06
0.00018064186
1.4492157e-06
0.9987843
4.0739073e-06
1.8864243e-05
0.000146352
0.051154707
2.824744e-06
7.820009e-05
0.0001231287
2.5548857e-06
6.522927e-05
9.901381e-07
6.1689043e-06
1.8130575e-07
6.372648e-07
0.44502398
1.5147007e-05
5.4726206e-06
0.0067866207
1.7099962e-08
0.042784333
5.8687493e-07
1.2520595e-05
1.4257505e-07
3.611873e-06
1.5236103e-06
1.7206329e-06
7.1591273e-07
4.6328834e-09
5.348452e-07
1.3731424e-06
0.35162616
1.5445822e-07
4.8121587e-06
0.0006938828
0.05535724
0.008893116
0.00087634864
0.99636084
0.008443327
0.0023280594
0.023623731
0.03864936
0.0147310775
0.10502811
0.9984636
1.7609158e-05
0.0034222158
4.136653e-06
1.684438e-06
0.99997526
0.0001170233
1.176413e-07
0.90973127
9.0535515e-08
1.4309583e-06
