0.99486226
0.9999998
0.858674
0.55063766
0.0019661693
2.0437037e-07
0.00071531866
6.7740484e-07
0.00027163822
3.8795154e-09
1.2735801e-09
5.0239555e-07
1.4656449e-08
0.9993766
0.06990691
0.018558016
0.9945423
0.00022879598
0.0001548252
0.0004001716
2.2185315e-05
0.9964856
3.4250123e-09
0.00042110615
0.00011126451
1.5739379e-05
4.4685206e-05
7.3535352e-06
1.9999057e-07
1.9183387e-06
1.9172932e-05
0.37183082
1.3247537e-05
0.0022431712
0.12022138
0.083790526
0.064691246
0.9387752
0.18291733
0.030629244
2.9623747e-05
0.02860578
0.00015052492
4.348725e-05
0.0003035858
0.02860578
0.022462932
0.0038169282
0.000376848
6.26914e-09
0.9999896
0.0038169282
0.0014357652
0.000694789
0.026651418
0.00049760204
0.0061073056
6.84636e-06
3.2499955e-07
0.10048017
0.04622264
5.471932e-06
0.00064931164
6.4744686e-06
1.0
3.8899384e-10
0.003049396
0.9554749
1.4644482e-06
0.00042586407
9.363468e-07
1.5065726e-05
0.0014117325
1.9079582e-05
0.9962436
7.269715e-05
0.0032575766
5.7491434e-06
0.0013563656
4.0185078e-06
5.0453973e-06
0.1587486
1.05876266e-10
0.95448655
1.0490433e-05
0.40082344
0.00022821927
2.5017187e-05
0.0030604561
0.16743354
1.2397773e-05
0.002698847
2.063055e-07
0.005940123
7.295584e-05
7.0781025e-06
0.059381288
0.9709661
1.4656449e-08
1.3010156e-08
3.2029024e-10
0.66614723
0.9959312
3.2499955e-07
7.312708e-06
0.00081337825
0.18291733
0.05707993
0.99907523
0.06518639
5.0253682e-05
0.001002012
0.15874861
0.0007127693
0.98960584
0.0002137917
1.3353982e-09
2.8353887e-07
0.0009856076
0.089788914
2.5804009e-06
2.7257995e-06
4.007643e-06
0.83770525
0.00035195492
0.030783217
1.7708838e-06
0.3034138
2.5418348e-07
2.468805e-07
0.009923499
0.99110734
1.2383036e-07
0.0063215736
0.23904489
3.7312278e-09
0.00076405425
1.0
0.0049251528
1.07953895e-08
0.0038267714
0.109565966
1.35435175e-05
8.649875e-06
6.184179e-05
0.99305016
9.52563e-08
0.09575771
0.5403258
3.2386095e-07
1.07953895e-08
5.3509723e-07
5.4881225e-06
0.001557092
0.00032202885
1.4635631e-06
2.2071505e-07
0.00050991296
0.00014351636
9.4350806e-05
0.0011029037
5.471932e-06
0.00016043289
0.0027097925
5.4122274e-06
0.99957466
0.0079518175
0.95448655
0.005940123
5.197778e-08
0.0020755017
9.079539e-06
6.503576e-08
4.191146e-06
3.0423912e-06
8.458919e-06
0.06644775
5.0566632e-05
5.951512e-08
1.2779265e-06
0.7027269
0.0041266875
0.15303499
0.4653254
0.063859254
7.642556e-10
0.0032776166
1.7943768e-07
0.99999654
0.9908256
0.99908155
0.2374384
5.0239555e-07
2.2115084e-06
1.4043907e-07
0.9833241
0.9957584
1.0529954e-05
3.214809e-06
1.8427453e-06
0.9993452
0.7744825
2.1868465e-05
9.5817646e-05
0.4885755
1.3448071e-05
0.16115364
1.1716109e-07
5.8999056e-08
2.468805e-07
0.9993766
3.88278e-09
0.016726177
0.9615195
0.005631146
1.9155843e-05
0.00045287283
1.2843756e-05
4.697324e-07
0.05891659
5.435131e-06
0.96628994
1.2447216e-08
0.31004936
0.155705
0.015001398
1.6139797e-05
1.4656449e-08
0.9977144
0.0074353656
8.2235556e-07
5.353422e-07
1.9772408e-06
3.4283455e-06
0.09575771
0.9997968
0.00012105483
6.9101844e-07
1.6490579e-07
7.463812e-09
0.0022176122
0.029046835
0.14389595
0.79432553
4.0154898e-08
0.014570935
0.0009533119
4.072408e-05
0.0010041283
0.00015422831
5.3770367e-05
0.00015076567
3.2499955e-07
0.0036906728
1.5269474e-05
0.00063829473
1.5443306e-05
1.362547e-05
0.70026296
0.052665707
3.1073245e-08
0.96014506
0.0036336416
1.0742273e-06
0.99999744
0.009365021
5.888837e-05
0.000664681
0.00035009297
0.014849476
0.0016385051
0.98770535
1.0049223e-05
0.010966463
0.0005742378
0.99953383
0.99788713
0.004772635
3.4434677e-05
4.7517147e-05
0.9827157
0.80178183
6.409116e-05
0.0074353656
2.874042e-07
1.1955529e-05
2.5529224e-07
0.037277427
0.0010507551
1.0616519e-05
0.00050936884
0.0001548252
2.7601268e-10
2.9301907e-07
0.7547751
0.874868
1.800765e-05
0.023072382
9.52563e-08
7.269722e-05
