0.82720536
3.366465e-07
1.100197e-08
0.015146668
0.00036537816
3.8105523e-07
0.0013394807
6.6136704e-07
0.0021357748
3.867893e-09
0.22890316
3.8568012e-07
0.015663626
0.00017037349
5.459936e-07
2.2137571e-07
8.747543e-09
0.00022397238
3.9946767e-06
3.336368e-09
0.0027049682
8.184332e-09
0.00053415244
1.3488955e-07
0.94086134
3.4155628e-06
4.2948177e-06
7.035313e-09
0.8349836
0.0006720918
8.37676e-08
1.3010646e-09
4.4039118e-07
0.99989635
3.9926095e-07
2.070325e-06
9.817551e-08
1.097845e-08
1.080738e-08
6.699367e-09
6.8243794e-06
0.01221774
1.0429054e-09
4.2523e-07
0.0062106354
0.99991125
1.0613902e-06
0.0038445704
9.021693e-07
2.3892497e-07
1.5143869e-06
3.195442e-06
7.051826e-06
0.00010349327
6.5057725e-07
0.001893204
0.033330124
1.0691732e-10
4.138622e-06
8.276721e-08
0.0057676737
0.9993449
0.0016808832
2.2531103e-06
1.7974791e-05
6.9047303e-07
0.00078363926
3.6267465e-11
1.3690445e-06
0.0015806224
5.6097273e-05
1.4572301e-05
1.7425947e-07
4.70414e-11
1.1474828e-05
0.0027049682
1.7495829e-08
1.4494159e-05
0.62675226
3.2081215e-07
8.045222e-09
0.0026943702
0.00017886126
0.28448302
1.0452662e-07
2.99527e-05
3.8965445e-07
5.2594487e-07
8.7630774e-08
0.00016513598
0.050086457
8.639364e-06
5.0389295e-05
1.5477555e-07
0.00037812965
0.0029995393
1.171996e-08
3.907736e-09
7.124249e-07
4.492516e-06
2.070325e-06
1.5700565e-05
0.00015302945
1.5945568e-09
2.61462e-07
0.82026094
2.7507613e-10
1.0665834e-06
1.0717943e-05
0.00021327581
1.0660388e-05
0.13346393
0.0024795178
4.0943003e-05
0.000634633
7.6461386e-11
1.407938e-06
6.881367e-07
3.1426106e-07
2.0302757e-08
2.0776909e-06
0.0012512202
5.8758003e-05
0.00012477895
4.4382787e-07
2.4258546e-09
3.4515656e-06
1.1680542e-05
0.00036537816
1.5521589e-07
7.2363136e-06
0.00020827532
0.78287387
9.660308e-09
0.09320943
2.2369359e-05
0.0015806224
1.909327e-05
4.4124224e-09
0.1281501
9.72457e-07
4.3406823e-10
0.9985706
0.00044590372
0.00036438956
1.2041324e-05
9.32967e-05
2.7536046e-07
0.0021817426
0.99991536
0.00065394264
1.854031e-09
0.0009898193
0.0043533347
9.081582e-05
0.001378159
7.923018e-07
4.882046e-07
6.3674697e-06
0.99999106
0.00066910393
0.006421007
1.8328974e-07
0.0031708889
0.0017208813
0.0571604
4.70414e-11
0.2590098
0.35442802
0.0009782047
1.2416147e-09
1.7852493e-10
0.00010526562
6.913834e-09
0.3739047
0.9999834
6.6265893e-06
1.2071798e-07
0.00014545604
6.7327396e-06
0.007942832
0.6835205
0.08677427
0.02483801
9.806207e-07
1.1337492e-08
0.99836665
1.7835514e-06
1.407938e-06
1.2612454e-05
0.9760976
5.734126e-05
2.4079592e-09
1.803424e-08
0.019829893
0.00010028658
4.600832e-08
0.0041852477
1.1474828e-05
0.97856474
0.00033048465
0.028402867
0.00032239626
1.3754543e-06
0.0033341139
6.1527544e-07
2.1763539e-11
3.718922e-09
0.9999108
4.9810224e-06
0.032852117
8.371248e-07
0.000118303025
4.1980485e-07
5.401881e-10
0.30638933
3.05988e-07
8.306974e-07
8.90405e-05
7.965404e-11
1.9550907e-08
3.8296278e-07
4.2870884e-06
0.013191115
0.88307375
3.5619944e-08
8.1072855e-09
5.823567e-08
1.562846e-07
0.0051190206
5.518972e-07
0.9860328
0.0001381393
0.0024795167
5.5395738e-08
0.069936424
0.061593816
4.294857e-07
0.016576769
0.00018290104
8.7764924e-08
5.655647e-06
0.47567365
0.9995686
0.0036591163
2.1773947e-05
3.5572532e-06
0.8962557
4.0256793e-05
8.644819e-10
7.9138596e-10
0.00015062901
6.389267e-08
1.5759143e-08
1.2108794e-08
2.4699405e-06
1.1634261e-07
0.005441001
0.8194109
0.00017924677
1.3690445e-06
0.906283
1.01168125e-05
0.0012765992
1.10569075e-10
0.001893205
5.4442462e-05
1.4077592e-07
4.877927e-06
1.9629118e-07
9.907048e-07
5.0660943e-05
0.00017097627
1.0988426e-07
2.8617234e-07
4.2948177e-06
0.0026267748
8.074277e-09
1.4132824e-07
0.14818709
0.0006045282
3.6262224e-10
0.002299991
9.254927e-09
1.01168125e-05
3.5280453e-07
2.0697287e-06
3.239307e-08
3.1772412e-08
0.0006502722
4.9758597e-05
0.99985635
4.351963e-06
7.2947776e-05
0.00076364336
0.012531915
2.3450492e-07
0.001893204
0.6839513
1.5493771e-11
