1.0
1.0
1.0
3.6010938e-06
0.8774551
0.11524323
0.9797791
0.4893333
1.3499996e-07
0.09734553
0.0017170208
0.0022531783
0.995759
0.99999905
0.21446447
0.06500039
0.2469747
4.5911015e-08
0.0005626013
2.160372e-05
0.9887908
2.0852805e-07
0.057134353
3.7513823e-07
0.0001013027
3.6596448e-06
1.4828593e-08
1.3845378e-06
8.70929e-06
4.601198e-05
0.99484706
2.3980065e-05
0.89518946
0.013589851
0.0038142875
0.10485052
3.794987e-07
0.00011924806
0.0045564426
0.00060555054
9.246356e-08
1.1558171e-08
7.9308575e-06
0.0010782655
0.42816797
0.81019175
0.026219288
0.00019835548
8.736707e-07
0.9946414
2.5219867e-07
4.6475194e-05
0.00075250363
3.6596448e-06
0.007848025
1.3858567e-05
0.00061485625
6.1308565e-05
0.31024745
0.72477186
8.787084e-07
1.0798687e-05
5.229478e-06
8.2021023e-07
0.00022429423
0.00018044544
0.05295672
6.2962345e-06
1.0
9.186096e-08
7.5377216e-08
3.305494e-05
0.01000125
4.9394184e-05
0.00010317549
1.589526e-08
0.00068206165
1.9665893e-06
0.016603801
0.98840344
0.00022872334
0.0034466067
0.45254356
0.323223
0.9999141
0.98928434
8.279054e-06
0.9797791
0.0025360254
3.8624512e-05
5.167399e-09
0.99985373
0.0005835763
0.025732499
0.00039274804
3.6596448e-06
2.0147628e-07
0.0007738671
0.00020087505
0.63581234
0.2469747
0.5853635
3.8624512e-05
9.930133e-08
0.00015671585
0.00051005854
2.1834687e-06
0.004025962
0.48163474
0.00020651639
0.00072774
2.7202184e-05
0.0026392618
6.7912165e-06
0.41379493
1.03065396e-07
0.05128587
6.498978e-06
2.4995607e-06
3.150483e-06
5.602179e-08
2.1834687e-06
2.9558249e-05
1.9497512e-07
2.8674802e-05
0.99961877
3.0444635e-06
0.0013137432
1.5604364e-06
3.6528036e-06
0.006823011
1.0730068e-06
0.26019868
2.9335644e-05
0.7489972
2.0852805e-07
0.019530723
0.2552807
0.011534786
1.1488454e-08
0.12705235
0.00025421288
0.99484706
0.0003361215
0.0019000934
5.510656e-05
1.4951479e-05
0.00051005854
2.2152362e-06
1.9497512e-07
0.00087386335
0.9924559
0.0009983757
0.0005398997
3.1972297e-05
1.0538955e-09
0.0003058967
2.160372e-05
0.00040369623
8.974076e-05
0.00019539597
1.7778839e-05
0.7489972
0.0212196
0.99998635
0.0002902624
1.2981526e-05
2.4808167e-05
0.0010928228
0.9974287
0.013092048
8.099814e-05
0.00011400057
0.001407884
0.95632386
1.1730986e-08
0.00018857275
0.95420134
0.99999374
4.9410628e-05
8.455239e-05
0.9985512
2.6426906e-05
8.317348e-05
0.001407884
0.4194979
0.021272296
9.5267365e-05
3.0490614e-07
9.3931754e-05
0.00029219518
1.858144e-05
0.11896014
0.29126844
9.519623e-07
9.797674e-06
8.09302e-05
0.010327938
2.3626812e-05
0.8631017
0.9992697
0.9992697
0.0029149405
1.3216936e-06
0.00155234
0.99484706
0.6353272
0.05041165
1.3979507e-05
0.0011334459
0.9973243
0.1727376
0.03170636
0.0019531741
2.3626812e-05
1.8342283e-09
0.00060555054
0.9921553
0.99999857
3.1628258e-06
0.067316376
3.7513823e-07
0.10029121
2.063993e-10
1.4828593e-08
1.0051087e-09
9.871643e-07
7.2486073e-06
0.8465723
1.8258436e-06
0.9999998
0.9618621
6.385637e-07
1.3094761e-05
1.6521904e-05
0.999939
0.006473725
0.9596095
0.2736436
0.00040203618
0.0002393742
1.4392946e-05
5.439943e-06
0.0018747528
0.0006195693
8.394594e-08
0.002771892
0.018217769
0.0002283146
0.00012448968
0.00064115936
1.5972475e-06
2.6054542e-08
3.5634283e-08
0.95632386
6.593e-09
4.234023e-09
4.0112642e-08
0.03421264
0.999982
2.0079258e-06
0.9994891
6.361312e-07
0.19588411
1.832866e-05
5.3341046e-06
2.8674802e-05
0.99979186
2.6772338e-07
0.80289936
0.0006030877
6.331296e-06
0.99998343
0.70449704
0.9170299
0.00020015692
0.7631541
2.8155998e-07
0.00022318258
0.0025884765
0.9960439
2.207515e-09
0.0019947174
3.3532254e-07
0.4071744
4.9426602e-05
0.0017170208
0.037721377
2.7455455e-05
2.4179712e-05
0.0013946008
0.5587462
0.5179688
3.966052e-05
7.824585e-06
1.4809994e-05
2.2468352e-07
3.7382863e-06
0.23671003
0.00022318258
