0.9770165
1.7464243e-05
0.0050645443
0.0024151686
0.7267849
0.9999998
0.027058875
0.00035388718
3.62432e-05
0.75327367
0.99982154
0.99994284
5.6416393e-08
4.5333575e-08
3.7931557e-08
0.043332033
0.0014770847
0.0012560138
2.945069e-06
1.9342147e-07
0.0008365721
0.0039242026
0.9991447
0.0014002755
0.0010386622
0.034105547
0.232115
0.8975635
0.05911446
0.97652125
7.714295e-07
0.014534486
0.997987
7.03545e-05
0.9880259
3.427731e-06
1.1018454e-06
0.9603642
1.839008e-05
0.99999815
1.0971397e-05
1.8834642e-06
0.0007249922
0.8804148
0.0084384065
0.0034815262
0.0011775033
0.0009014777
0.94394463
0.8998425
0.00016408498
4.693891e-05
8.228292e-06
9.241401e-08
4.3527266e-06
1.3158066e-05
0.98840594
1.7715574e-05
2.0418659e-06
6.6568134e-07
5.7545425e-05
0.07391528
0.0058249226
1.1703444e-05
0.00013282063
4.728895e-05
0.9999952
0.1684007
3.4734715e-06
0.76209766
1.2409122e-08
0.17644946
2.010113e-05
0.99747527
0.018853411
5.0256695e-06
0.9999983
0.00038660885
1.6181452e-09
0.0039242026
2.2014032e-07
0.97652125
0.00022261048
1.1762591e-05
0.0011775033
4.384198e-05
0.0031462784
0.99790627
0.037700225
4.7999405e-05
1.9439638e-05
4.975395e-05
0.9999982
1.0665397e-06
0.014506722
0.0025654864
0.99998695
0.00021221935
0.6274295
9.690741e-07
3.1488467e-10
0.9999772
0.08857356
0.99996054
0.99990547
6.135668e-07
7.5427215e-06
0.011804112
0.99999994
0.9977938
0.14954759
0.61416334
0.7826547
0.0042601298
0.0008365721
0.39492363
0.22074038
2.4708848e-07
0.0009014777
1.0
7.186294e-05
0.5843778
8.4023134e-07
0.00095732085
0.999994
0.0011775033
0.99818975
2.3127055e-05
0.0011199404
0.0066059297
5.814416e-07
2.3119646e-05
4.755651e-07
0.018379517
4.5576694e-06
0.32924587
0.00038164883
5.832777e-06
1.0089074e-06
1.9486299e-05
3.4329918e-05
0.01496606
7.714295e-07
0.043332033
0.99975526
0.021793438
0.013320365
0.0013155106
0.00012262582
1.2218272e-06
0.9698674
0.37728164
0.9992303
0.0004903189
0.00038660885
0.001511484
2.8141176e-05
0.999999
0.99999976
2.7096655e-07
7.790297e-06
0.91082335
7.03545e-05
5.5881134e-08
8.106676e-06
0.0004395445
0.79189867
0.00011138022
2.3119646e-05
0.3594767
5.763615e-05
0.0002104217
0.0040377784
1.7498187e-05
0.00018623713
5.5073747e-06
0.00042947225
0.0007465727
0.00012359087
0.00604549
5.6242715e-07
4.975395e-05
0.025155673
0.15807435
0.009341975
0.008316286
1.4301288e-06
0.13768587
3.1734144e-05
9.036221e-05
0.9975318
0.19305143
0.0005091873
0.014872561
0.12597474
0.9999988
1.6321887e-05
1.0859266e-05
0.15256847
0.62740743
2.3119646e-05
0.0037436506
0.69153905
2.0146506e-06
4.08118e-07
2.0421275e-07
0.0025942149
2.2114445e-07
1.6096174e-05
0.64283055
1.1547682e-08
3.3410106e-06
2.4490779e-05
0.0010386622
4.975395e-05
2.698265e-06
5.832777e-06
0.0004934954
0.037700225
0.007561509
1.494158e-06
0.00042947225
0.99999374
1.4798848e-06
4.541116e-05
0.018569088
0.3172811
0.00026119454
0.022616088
0.023120023
0.2855223
0.8741854
0.56997126
0.8998425
0.008109789
0.14955087
0.004399121
0.99999994
0.00036034777
0.0005756247
1.0
5.2417065e-05
0.0003190673
0.06980178
5.4925928e-05
9.8652505e-05
1.7022963e-05
2.9791348e-05
0.0037770693
4.3365267e-06
0.97652125
0.0014515477
0.002925576
0.40296194
0.093219995
8.60564e-08
0.11688154
0.062197246
0.7624473
1.1717382e-05
0.00032856577
1.5955798e-08
3.4329918e-05
0.1686603
2.3127055e-05
0.0002885624
6.9708135e-06
5.7854218e-06
0.9874238
0.042123374
0.056319993
0.010694212
0.9862351
0.033374455
6.082017e-06
0.00949032
8.602528e-07
0.94147134
0.12286939
1.0
9.02853e-08
2.8561979e-05
0.2395144
5.0303737e-05
6.425444e-05
0.0038636057
3.7877244e-09
0.007828537
0.0003308358
0.99999887
2.0235842e-05
0.9998664
4.9129394e-09
0.004155354
0.052253675
9.147784e-06
4.530506e-05
0.20609775
0.98210645
1.0711869e-08
