0.9999997
0.96957815
0.99782276
9.537061e-09
0.91489094
5.550457e-07
6.571985e-08
1.1155845e-05
1.8848098e-08
1.795989e-08
9.528293e-06
2.7964128e-05
1.3840216e-06
1.2763414e-07
5.9819948e-05
3.208088e-07
4.1455587e-06
1.5464588e-05
5.6001596e-07
4.6552508e-05
0.97244185
6.906001e-06
0.17943533
9.5739466e-05
1.1418471e-06
4.4335717e-09
2.4222738e-06
0.999997
3.6029837e-09
1.6865115e-06
3.1824457e-05
9.078873e-06
0.00025556283
2.411183e-11
0.00019373524
0.0005217703
0.9952861
2.4273885e-07
2.0392327e-12
1.6750571e-06
7.344979e-05
7.563901e-05
3.0490364e-05
2.9804332e-07
2.2766043e-08
0.0003532892
0.0026223687
0.99997044
3.7745068e-08
0.99721843
4.4420813e-05
2.4041728e-07
1.2701264e-08
5.6952324e-08
3.1966545e-09
1.4800724e-09
0.99899113
2.8117947e-07
2.3297346e-08
2.133193e-07
4.0022005e-08
3.0741047e-09
1.3296662e-10
0.0009218165
1.16446515e-07
0.99999696
1.198162e-05
0.9159914
0.8070328
2.7765566e-07
9.767361e-07
0.00020598542
6.1346907e-07
0.30052665
1.124497e-05
2.3957844e-07
1.795989e-08
0.89289457
3.835329e-08
2.969369e-05
2.3838531e-07
9.728107e-10
1.4570538e-06
5.196787e-07
3.5929397e-06
9.437468e-08
1.270678e-05
0.037695248
0.99992895
5.243676e-05
6.5276424e-07
8.886883e-07
9.11638e-06
2.159276e-06
0.9710616
3.8959203e-07
1.4070343e-07
1.5118687e-09
9.516986e-06
0.9849532
3.7464387e-09
0.0028657685
3.511081e-08
4.649547e-06
7.331926e-09
0.0001417444
2.2283547e-08
0.35704985
3.77525e-11
0.00013858697
1.3621729e-05
5.5356497e-10
3.6058568e-06
2.419718e-09
0.26919365
4.7547803e-07
6.083619e-07
0.00025556283
1.6491506e-07
0.00011332144
3.451265e-07
0.99941653
4.0666023e-06
6.872383e-08
0.66569215
5.5841737e-11
1.6969793e-09
1.5157725e-06
4.3458704e-06
4.8972815e-05
3.5988896e-06
1.231037e-08
2.0035137e-07
4.8762828e-05
0.00042056138
1.660958e-08
7.3462417e-07
3.8959203e-07
5.8513887e-09
1.9142362e-07
4.7044447e-05
2.8343173e-05
0.99796
0.014595426
0.0004818683
7.1546616e-05
3.60585e-06
2.9195943e-09
4.612764e-12
3.637445e-07
1.608472e-07
3.282828e-08
0.9997238
4.7119508e-07
0.009985894
1.6513792e-06
3.5988896e-06
6.107564e-08
2.4376493e-07
3.3170872e-07
0.30790976
3.187477e-06
0.0007327271
9.423769e-05
5.605353e-05
1.2800312e-07
4.7261092e-05
0.15662317
3.9834467e-06
0.005710059
1.9898153e-11
4.6778197e-07
0.00031089789
7.747516e-07
2.2915287e-05
0.9624632
0.99597824
2.5933294e-10
0.010051324
3.6029837e-09
0.0003663108
0.07934117
0.0008626106
8.939747e-06
6.473046e-07
0.051541496
2.2881235e-07
6.496457e-05
0.007678454
2.5184701e-05
1.8497315e-10
0.99992895
3.9523616e-07
1.954509e-08
1.0888648e-09
0.0022789554
4.5181224e-07
1.6810005e-06
0.09766845
7.853807e-07
0.0003216956
5.277577e-07
0.0055164006
5.3498794e-12
2.2100708e-06
0.009985894
1.5451791e-06
4.0768805e-06
0.0018830084
5.3687367e-05
6.571985e-07
0.99999106
0.0021698393
6.5243316e-10
1.16446515e-07
1.4670452e-07
1.5157725e-06
2.006975e-07
3.959265e-05
0.0038312278
0.00014277548
0.9159914
6.7610215e-09
0.9506085
8.404673e-06
6.585604e-05
5.2579544e-08
0.10666501
1.6513792e-06
4.3014992e-05
1.8270089e-06
0.0019423326
0.7020486
1.707137e-06
0.0005172054
1.3994233e-05
2.6102649e-07
4.211962e-06
0.9983518
5.506356e-06
1.6469953e-08
0.0001780087
2.4376493e-07
1.3049789e-09
0.02467567
0.9997532
1.7745917e-07
2.5137267e-06
5.0340254e-06
2.5137267e-06
6.718903e-07
2.0012902e-08
2.2253937e-06
0.00053266116
2.4695053e-05
1.9336558e-07
7.014708e-08
4.707178e-09
3.8824077e-05
0.0055164006
4.3191314e-08
5.8813726e-10
1.2924904e-11
3.376703e-05
2.1710635e-07
1.333744e-06
1.6810005e-06
1.7906066e-05
0.0025315364
8.566546e-09
9.123846e-05
7.720637e-09
1.1574767e-05
1.7334767e-07
0.0032085686
0.0047698184
2.0259256e-06
0.00011703546
7.622559e-05
0.0008528197
0.000103314305
3.9970743e-08
5.769534e-09
2.80413e-08
3.6759375e-05
1.6362623e-07
3.0741047e-09
2.7964128e-05
0.010665846
1.9823765e-06
0.9996871
1.779056e-05
0.0235085
5.4582904e-07
3.5880934e-10
9.400922e-09
0.36420223
0.0033470748
2.9774521e-06
0.00019856855
