0.0010810477
1.0
1.0
1.0
1.0
1.0
0.9981836
0.0005454201
0.0010861601
0.93212664
3.5336634e-05
1.0
1.0
0.9999997
1.0
1.0
0.134701
0.0003239395
1.0
1.0
0.99999994
1.0
1.0
1.0
1.0
1.0
0.0006473282
1.0
1.0
1.0
1.0
1.0
1.0
1.0
1.0
1.0
1.0
1.0
1.0
0.98686236
0.0024996246
0.1856198
1.0
8.1292266e-05
2.9779237e-08
0.023064217
3.7160697e-10
1.0749963e-05
3.6041786e-07
0.00013225064
5.0613593e-08
9.276845e-08
0.28892076
0.12076617
0.0028917196
0.95513797
0.7126707
1.5801393e-06
0.003257301
6.8417257e-06
9.345498e-06
0.9767081
0.0009810663
2.815009e-07
0.9999966
6.9054413e-06
1.0010283e-08
9.958865e-07
4.8744045e-05
0.026510445
2.5025396e-05
0.27623248
2.7103424e-05
0.0026168397
0.00082355243
0.99999493
0.00053215824
9.958865e-07
0.11186739
0.0009039238
0.00075635535
3.632025e-05
1.9551246e-05
7.7067874e-05
4.7354033e-06
3.7121742e-06
1.0448272e-06
2.3541616e-05
1.0
0.004368386
0.056749593
0.00065130426
0.0009267887
0.0006816107
0.0026715065
6.721186e-05
2.4819308e-06
0.0063463505
0.995197
1.529031e-05
0.9096948
3.6671383e-07
0.33435053
8.821452e-06
2.813203e-07
0.084059045
0.0012507734
0.24197976
2.724887e-06
1.30313265e-05
8.461694e-06
0.0007535406
0.008043659
7.22957e-08
0.99893516
0.00015616631
3.7121742e-06
0.00017322606
3.6725454e-05
0.00011513257
0.00015588378
3.76868e-05
0.9996306
0.9990215
4.2761618e-05
0.0022126148
0.94745404
0.9999759
0.0029140813
0.0011117534
0.00034938945
3.722732e-06
1.8919554e-05
0.13329712
1.2907142e-07
3.812013e-08
0.0101305405
7.0662995e-06
2.959979e-07
0.03908275
9.601325e-07
0.00010436837
0.00010539177
0.00021520452
0.0058601554
0.00034938945
0.9999738
9.285806e-05
8.1913466e-05
5.4792845e-06
0.092039295
0.13035055
0.04636001
3.9266442e-06
0.029745543
0.0002887226
1.0002744e-08
0.9999738
2.2548326e-08
0.12214172
0.0016464861
6.277973e-08
0.008916801
0.0067990837
7.681122e-06
0.95644855
0.6283542
1.3945233e-05
0.0020541775
0.99924535
7.185003e-08
9.185006e-06
0.0007535406
0.9711081
1.2916132e-07
1.07627656e-07
0.99898005
2.477579e-07
0.96977764
2.6384086e-09
0.007675566
2.575865e-05
0.6435112
0.0009802731
0.031686846
5.7893735e-06
0.018462494
8.531119e-05
5.4036533e-05
0.2788857
1.0862826e-06
2.2548326e-08
7.636469e-05
4.638348e-09
2.9519177e-05
4.6891424e-07
0.0021954984
0.98106074
1.025248e-06
3.5578023e-07
0.046896018
0.00012517293
0.00063947565
0.0002438568
0.0017002076
2.2455188e-06
1.1060198e-05
3.0217743e-06
0.99832624
0.8451116
0.9999913
1.0775469e-05
2.4599756e-09
0.9151754
0.38476646
8.4575454e-08
1.8919554e-05
2.1049746e-06
0.2788857
1.1982178e-06
0.00013822442
2.8800594e-05
0.99094653
6.1665987e-06
0.2491197
0.9885686
0.084213145
1.1060198e-05
9.601325e-07
0.07620702
9.3724054e-08
0.009705296
0.00010539177
0.043617323
0.24197976
0.00019145651
1.186741e-06
0.00011413849
2.0013061e-07
0.0030229564
1.6558879e-06
6.771627e-06
1.14264085e-05
0.0042186957
0.0992493
0.92941695
1.917128e-06
1.0002744e-08
1.2388602e-05
0.0064153094
0.00025121123
0.2788857
2.4423293e-06
0.26235542
0.7790234
0.00010539177
0.0025821405
3.0520212e-05
0.0010298343
0.99999934
1.8064598e-05
0.00028094955
4.5265506e-06
4.322818e-06
6.3184206e-07
0.49237624
0.9264951
2.9019776e-07
8.821452e-06
8.942885e-06
0.04546139
0.00011945269
0.9856445
0.0886736
0.99986595
0.99975115
7.279711e-05
0.24277338
0.45264325
1.1034732e-06
1.6067978e-07
9.606679e-06
2.5056368e-05
0.00010574996
4.856709e-06
8.461694e-06
2.1279182e-05
0.6433039
6.399565e-05
0.052594975
0.54990834
5.0224453e-06
0.0013038793
9.942428e-09
3.9623394e-08
2.2433366e-07
0.023212034
1.1193277e-07
2.2811284e-05
0.93499184
