0.9999235
2.0536719e-07
1.0904824e-05
6.0561993e-05
0.3221715
0.06360562
1.0373475e-07
7.770864e-06
0.010854933
1.0475834e-07
4.301056e-05
0.0007772686
3.088558e-08
7.0241345e-05
1.2467382e-09
3.806524e-06
0.0011830499
0.9978913
3.151374e-07
0.50613093
9.522219e-11
1.2654458e-06
0.00024976966
0.9882896
2.7300115e-07
0.799291
0.0002236201
0.000639961
1.3509516e-06
1.6570348e-07
9.7402175e-05
9.519682e-10
4.9556076e-10
5.9545546e-06
6.4332997e-09
3.4912389e-06
2.5227305e-09
0.02827667
1.2750462e-06
0.9999292
4.989429e-10
6.4332997e-09
1.3669724e-09
5.2275486e-06
8.9621375e-05
8.784364e-08
1.8103705e-06
0.00013550412
5.0334015e-06
6.595786e-05
5.037887e-06
1.7875833e-10
1.4475449e-08
3.7881275e-06
1.2611372e-07
2.4067024e-08
1.9749464e-09
3.601694e-08
1.2090994e-09
0.00020914197
1.5212626e-06
3.823537e-07
2.7300115e-07
9.085941e-07
2.035679e-06
2.0614554e-05
0.05929536
3.6126046e-05
0.00018312335
0.0013718591
0.98717904
7.2474186e-06
5.1860434e-07
4.1967294e-05
2.176907e-06
1.3958307e-06
2.8885536e-09
6.953087e-08
0.0029897813
2.6887093e-07
7.272829e-06
2.282495e-05
1.8278684e-05
8.333577e-06
8.354788e-08
2.6537775e-05
7.652901e-05
0.91171986
2.4368097e-05
1.948554e-07
9.0040896e-07
2.4363124e-05
9.9751e-09
0.999978
1.3581686e-07
5.599722e-07
2.221377e-05
1.0191785e-06
4.4457744e-09
1.9565085e-05
2.4363124e-05
6.508252e-05
5.373078e-07
4.6403366e-05
0.9996831
1.3450187e-05
4.1080515e-05
0.9795444
0.94093484
0.0023125657
7.783731e-07
0.8776982
1.1843373e-06
0.9965639
0.0005330086
7.638031e-08
0.00051286985
4.4519027e-08
0.99997723
7.34908e-08
6.953087e-08
3.835962e-06
4.3418086e-10
0.27487442
0.011639657
4.252513e-06
9.122197e-11
0.0236141
3.5114024e-08
0.00029624847
1.2098149e-06
3.155625e-06
0.0020565346
3.090928e-07
1.4464354e-08
0.088833995
9.249025e-05
3.9677732e-05
1.8305719e-06
0.00016597484
3.200871e-06
0.0003092
1.0
7.0189634e-07
0.9898207
4.1261687e-06
1.06708295e-10
1.5077512e-05
1.39855745e-08
3.525204e-06
6.208556e-07
7.784956e-06
1.8185923e-05
8.989364e-05
0.799291
6.508252e-05
8.254647e-07
7.6691236e-07
2.2139834e-09
1.4007103e-05
0.08247804
1.7424318e-07
3.631928e-05
1.4007103e-05
0.018400356
7.101831e-10
2.9433183e-09
0.29471356
8.435002e-05
3.2122286e-06
1.0578105e-09
0.45964223
1.550914e-08
1.7500817e-10
5.13319e-06
3.3405933e-05
4.963795e-08
4.985362e-08
0.010878423
8.650634e-06
0.010580887
0.0023264098
0.00016879321
2.9526873e-06
1.3337691e-07
0.00038617497
1.550914e-08
4.1693556e-06
0.86791456
0.15549314
9.3003466e-10
0.9369495
9.555546e-08
4.5600842e-05
0.0011380061
1.2467382e-09
1.636989e-08
0.00031228518
0.015839115
2.0614554e-05
1.5618505e-05
5.6138036e-09
0.9985889
6.43778e-09
3.9884513e-09
3.2883893e-10
6.9615315e-05
0.00084021216
4.2834096e-09
0.89285004
0.99503124
0.09324834
2.9530824e-07
5.672185e-08
3.8240232e-05
0.28714278
8.672165e-05
2.8890441e-09
1.4753408e-08
5.4143676e-08
1.443121e-07
3.841578e-06
0.003539322
0.005379935
1.3337691e-07
6.521252e-07
1.9803932e-09
9.3652425e-06
7.921742e-06
0.009152331
8.939322e-12
1.1996535e-07
0.010558127
0.000340103
1.6503118e-06
7.552594e-07
1.6570348e-07
0.818267
1.1149256e-07
0.27487442
0.010516351
0.0033084862
1.2473712e-06
0.0024476026
3.8240232e-05
0.00020955116
4.7808952e-09
5.4302326e-08
0.00045200143
0.0010610729
0.9951964
1.7875833e-10
2.2462653e-07
1.8555255e-07
3.4144046e-05
2.6029516e-05
2.2771486e-05
0.00061455043
6.58727e-07
2.5227305e-09
0.034429453
1.0334423e-09
6.4736905e-06
1.2473712e-06
8.994974e-09
7.611133e-05
0.0032711676
0.92601514
1.1266459e-05
1.011591e-07
1.7276723e-09
5.4131544e-07
4.4798373e-10
0.04017879
0.99206895
0.00026479343
0.0009312552
0.9999133
0.019304466
1.7695076e-08
0.00018319496
1.8784899e-06
0.18577655
0.09766864
0.9994737
6.338651e-07
8.435002e-05
3.088558e-08
2.990514e-06
6.449495e-07
4.3723873e-07
1.1149256e-07
3.9235335e-08
0.0018889694
1.3493908e-05
4.7855867e-08
4.2205605e-07
3.841578e-06
3.155625e-06
6.0302176e-07
