1.0
1.0
1.0
1.753218e-11
1.3563992e-07
2.2112765e-06
1.8442754e-09
1.16515275e-05
0.26273736
0.94902176
1.5512468e-10
2.3791126e-08
0.06793557
1.4372029e-05
2.942444e-06
5.1879856e-06
1.2591062e-11
3.766183e-05
1.1116152e-07
1.7977213e-10
2.0434543e-07
0.0001465904
4.7831054e-07
8.978334e-08
2.5289779e-05
3.070126e-05
0.0005245969
4.1662684e-08
0.8711812
2.5836244e-09
0.0005367691
3.1829714e-09
2.2341602e-07
0.0024408915
0.00033710833
0.000956293
3.653956e-08
5.3210897e-05
3.4552887e-08
0.00030333528
3.6504423e-07
4.7831054e-07
0.0045895963
0.90297985
0.9992676
0.0012625013
1.8871837e-05
0.20809716
0.0009018823
2.0811235e-06
2.2341938e-08
0.0022772667
1.8707262e-09
3.2069614e-10
8.884085e-05
3.3273272e-07
0.4389468
1.3969094e-06
0.08079005
8.201992e-05
2.2335152e-09
0.014256112
0.9988879
0.22389603
7.3956805e-08
0.10502091
2.6310804e-10
6.733407e-08
1.7641737e-11
3.7681477e-08
0.0006566763
4.5388537e-11
7.068893e-05
1.7074898e-08
1.230356e-06
3.8513903e-08
0.0007209362
1.8051174e-06
5.670401e-06
4.2193586e-09
0.010858344
7.591536e-09
0.004468781
7.47327e-09
1.5395486e-05
0.0021018882
5.3380744e-09
2.1748301e-08
0.00013646793
4.5714366e-10
5.469269e-10
5.2213867e-08
0.00073841517
6.2737956e-05
2.2335152e-09
0.010226144
7.2154353e-07
2.2341938e-08
0.067205414
9.695764e-06
1.38219525e-08
7.086682e-08
6.9184907e-09
3.0765827e-11
0.0018822397
1.1502627e-06
0.012266393
1.1643397e-05
4.3142244e-08
6.5135782e-06
1.8126316e-08
2.141776e-06
1.4785045e-05
4.3497366e-08
8.218906e-07
1.3536397e-08
0.9999956
1.52555585e-05
1.986881e-06
0.018675933
5.8518657e-10
0.9998879
2.6310804e-10
5.3210897e-05
0.26312354
5.0131857e-06
1.8963098e-07
4.4054283e-07
0.6893612
0.11123555
1.610906e-08
0.013995682
0.0025312703
7.992291e-05
6.032012e-07
0.010226144
3.717726e-07
2.2965605e-05
6.080806e-08
4.3808748e-09
4.635689e-06
1.3377335e-09
0.99913
0.0012416578
0.98088455
2.6372413e-09
7.3339424e-07
0.7392627
1.35184655e-08
7.947948e-08
1.3445198e-05
7.180926e-07
6.5924382e-06
6.4204253e-10
4.4029628e-07
6.5135782e-06
1.9379825e-06
3.197144e-08
7.040296e-05
0.11123555
0.0050356095
1.930382e-09
0.00016239367
0.58297336
1.0694602e-07
1.8212315e-06
1.1023942e-08
0.00036065225
7.251348e-07
1.535639e-05
4.973694e-10
6.9184907e-09
3.5093249e-06
2.9457246e-11
4.7219547e-08
8.32099e-09
4.7507367e-08
0.013566245
1.8114866e-09
1.7238358e-07
1.4396569e-07
0.0002214052
4.878776e-11
0.00066895445
1.8871837e-05
0.4550168
1.357607e-06
0.18554097
3.8400763e-06
1.5772179e-05
0.9828264
0.00019336541
3.042594e-05
5.042585e-07
1.0828553e-07
0.013352961
0.88584787
0.8040559
0.0013259338
7.1880706e-09
0.00014780999
3.8385544e-09
8.5410136e-07
0.88280463
0.9992676
1.0382675e-12
0.49762556
9.001053e-08
4.680511e-06
0.00012608431
3.441959e-10
6.609118e-08
6.74446e-07
3.448226e-05
0.000110136505
0.26273736
0.35470065
2.3846483e-10
1.1109332e-06
2.3676525e-05
0.9973909
0.057587277
0.00024329942
1.0725935e-06
5.452229e-10
3.225969e-09
0.9139982
0.00010051559
1.740555e-05
0.35470065
2.3956238e-08
1.3812878e-07
1.4898432e-05
5.670401e-06
4.3142244e-08
8.394077e-06
5.505136e-10
3.9869738e-10
0.11532945
8.978334e-08
1.6763646e-09
5.8895253e-09
3.6963185e-05
1.5122926e-07
0.9999083
7.36032e-05
0.04872292
3.0629797e-06
7.800629e-07
0.99973077
0.0063570645
2.2871456e-08
0.076974526
0.0001949185
0.0006309713
0.00013646793
3.2469387e-09
1.2298211e-06
7.656936e-06
2.2117927e-09
0.9998927
0.0007209362
5.248255e-12
0.6898928
0.01472012
0.00010523331
0.5547985
3.6722379e-06
5.670401e-06
2.4307643e-09
2.4050182e-08
0.9895352
6.0779363e-05
8.812957e-09
8.845766e-08
0.016777512
1.1643397e-05
1.9693314e-08
0.0008841252
3.4058166e-07
0.9994839
4.4180672e-07
0.00023333689
6.4267188e-06
2.8719396e-10
0.95689636
1.5122926e-07
9.256692e-06
5.616042e-09
1.5433382e-09
3.5713015e-07
2.293358e-07
0.0006566763
5.1443383e-09
0.046694785
1.3706837e-07
8.92925e-06
2.0434543e-07
1.0907428e-11
0.0004962852
