1.0
0.99659026
0.67690986
2.9580424e-06
6.390233e-06
2.910794e-08
1.2260347e-07
0.09351712
0.006565599
9.261513e-09
2.0534459e-10
3.552327e-07
4.6271025e-06
1.7823488e-05
0.16460966
1.8328854e-09
4.6062332e-06
0.9977518
5.4800672e-05
1.3398147e-05
6.084809e-08
2.774228e-11
0.99657655
3.111954e-05
0.13416809
0.010384609
2.3807095e-06
0.003833039
0.00010337777
9.898116e-06
4.30814e-07
4.378285e-09
5.925551e-08
0.5870884
2.1348874e-06
0.9977518
0.00018646722
1.1953446e-07
6.1858906e-08
1.1656979e-06
7.876144e-07
1.33742795e-08
0.00011252086
0.7633395
0.07943176
0.0009918687
0.0002700316
1.7383158e-09
8.270818e-08
2.7370648e-05
0.00017447761
8.458041e-13
0.0023157892
6.269687e-10
3.6113852e-05
2.6776045e-11
0.17478375
1.4309446e-06
1.549578e-11
6.4316286e-05
0.001381172
1.0892621e-08
8.210823e-08
2.7675208e-07
6.172787e-11
0.9996738
0.9975711
0.0004931526
3.3068892e-09
0.0010086851
2.2113517e-07
0.09377699
1.1516222e-07
6.9186754e-09
0.4942585
2.0950701e-09
1.4777283e-09
5.0588113e-08
0.0022543406
2.2775748e-10
7.9396145e-08
0.9992925
3.774273e-07
6.4075585e-09
2.864874e-06
3.8373526e-07
3.5911785e-07
2.380376e-05
5.197054e-08
1.651406e-05
1.8389013e-09
0.00011650978
8.300374e-06
4.3474476e-08
9.63616e-06
0.12142878
0.0018304365
7.470708e-08
0.99879426
1.1033644e-07
0.00082470174
5.8795726e-05
0.08661496
2.6694806e-07
7.884503e-08
1.4677123e-08
2.3989653e-06
0.0015926356
9.261513e-09
3.1395169e-09
0.00025702163
0.006961636
3.6322701e-06
0.013045318
3.3003255e-07
3.0187962e-08
0.114520214
5.391094e-07
1.808831e-06
1.2975491e-07
5.003137e-08
6.732091e-10
0.9999388
1.114401e-06
0.99940515
1.16300015e-07
0.0008065312
0.0025550541
0.00013345372
0.9999984
1.2361845e-07
4.0511776e-07
0.00028602607
0.00041061224
2.1392756e-08
3.221482e-08
4.0160412e-08
0.9993344
0.036179412
1.3073186e-06
0.0052220374
9.788719e-08
1.51247e-07
1.5800429e-06
2.022577e-05
2.6979865e-08
1.4373818e-08
0.0055390876
1.573077e-06
2.710795e-07
1.1662389e-07
4.0511856e-07
0.0044516246
0.9999999
1.0036183e-09
0.00023341588
4.691728e-07
0.19814397
6.409737e-08
0.99999994
0.006565599
0.74373794
0.009960484
5.0588113e-08
6.784276e-08
0.00059402286
0.114520214
3.9768573e-05
5.5494037e-10
0.66657466
0.93296677
1.8162116e-10
2.7814012e-06
4.816649e-06
1.6866933e-06
0.00056702294
0.071517415
0.0010870192
0.9296719
8.2530744e-12
0.99931103
7.038504e-10
8.158282e-06
0.0039747627
7.057324e-10
0.19231059
5.057605e-06
6.671393e-08
1.8485666e-07
0.13178296
0.0055390876
0.00025118585
0.0001241871
8.991286e-09
0.0011606949
2.922415e-08
7.612212e-09
0.00427843
2.366936e-06
1.1152653e-05
1.0925141e-06
0.022954505
0.0026486535
7.2720966e-12
0.1346482
0.99859434
0.0018304365
1.7318898e-08
0.9977811
4.173213e-11
1.5455011e-08
0.0033094706
0.9995163
6.503504e-06
1.0036183e-09
2.42098e-05
6.1928185e-06
6.3584245e-08
2.791536e-08
1.719442e-06
9.716359e-08
1.6894752e-07
2.7315942e-05
0.0010431539
2.3802304e-06
0.9993344
0.19102508
1.651409e-05
0.9998694
1.5908354e-06
5.2881755e-06
1.5918378e-05
1.391032e-07
1.18898315e-05
0.9999984
2.9111881e-08
0.9669692
2.864874e-06
0.99806243
7.679353e-09
4.6322602e-11
6.036268e-09
0.9185481
5.937175e-10
2.4393973e-10
1.7480592e-07
6.8890995e-09
9.2737006e-11
0.0025550541
3.2583866e-08
1.2242022e-08
8.274621e-08
6.4075585e-09
1.1397658e-06
9.149838e-10
1.0821498e-10
2.79664e-09
4.6271025e-06
0.0004461671
0.0046954276
4.972985e-05
8.300374e-06
0.0022954273
0.0008438299
1.4562793e-08
1.2126647e-05
3.937767e-06
1.4309446e-06
0.0026486535
9.94745e-10
1.0106235e-05
5.115552e-09
0.008624215
1.9339377e-06
1.857501e-06
2.3311398e-07
9.149838e-10
1.2363876e-05
2.7258405e-08
5.4126276e-10
0.97215277
0.0005300134
0.9999417
6.270727e-10
0.9242612
0.06282736
1.03931214e-07
5.531919e-07
3.5112055e-07
1.487925e-05
6.791857e-10
0.0001241871
0.016969664
2.5711628e-05
5.6498784e-06
0.92215204
1.8322367e-05
0.048840772
6.1994854e-08
0.0011606949
