0.032968927
1.0
0.99999994
1.058853e-07
0.05320228
1.0825183e-06
2.1471142e-05
9.273107e-06
0.99999845
0.0025138776
2.1752604e-09
1.35506e-06
0.0037799338
0.0023933973
0.001028351
0.00027432782
2.5530442e-06
0.95981795
4.7655457e-09
5.142766e-07
6.1232615e-09
3.4678976e-06
1.058853e-07
1.22267e-06
0.9999622
0.99999696
2.6032495e-07
0.33976594
0.00057312805
4.8991954e-08
0.0008011555
3.010872e-06
0.98847836
9.726554e-09
0.9999997
0.80128586
7.738743e-07
0.0039248327
2.4486704e-09
0.0039769304
0.0027830838
0.0004232601
0.0012509181
4.8465383e-05
3.3840854e-05
1.0338766e-06
4.830569e-05
0.99998236
0.9999794
0.0018938088
7.069466e-05
3.9332854e-06
0.06788281
6.700679e-07
0.84193593
1.4028984e-06
0.9567363
1.0825183e-06
4.7655457e-09
0.00045225615
8.9312365e-05
1.1820326e-07
3.443466e-08
7.949963e-07
6.7137833e-09
6.0930186e-05
0.99999326
0.0114321
3.1062043e-06
4.2658412e-05
1.736023e-09
0.00042578205
1.8991888e-06
0.999991
1.8835972e-06
6.316637e-07
0.0015947843
2.616431e-07
4.5786757e-07
1.2390202e-08
3.559415e-05
0.011256177
0.00035184223
1.7914195e-05
5.428062e-05
0.07325424
0.008543499
8.2552924e-07
0.0009849566
9.998005e-06
4.109693e-09
3.367516e-09
2.2494396e-05
2.1742388e-05
2.785848e-07
0.21152313
3.1415415e-09
0.011014095
0.019794697
0.8431653
1.9280812e-10
3.506366e-10
0.002466144
6.6176094e-06
1.2247603e-08
3.147594e-06
1.1273295e-05
8.511192e-06
0.080879994
0.00013662392
0.00058853056
1.4048086e-07
0.001028351
0.001051504
1.35506e-06
1.9890736e-09
2.0345347e-07
2.960871e-07
0.0008105202
0.0045042643
4.279723e-06
0.0003997032
0.00026279394
3.2352802e-06
0.008236402
2.2355466e-06
6.0220284e-10
0.00054752885
3.881208e-10
0.9999755
1.9041602e-07
0.00040356177
0.9921183
0.9999737
0.63542706
9.837322e-07
4.109693e-09
0.010928959
8.85732e-07
1.3704461e-06
0.09046711
0.00023280067
0.00041674607
0.0021581869
1.782172e-05
0.00084179605
1.535134e-06
3.9123287e-07
8.402622e-06
0.010681577
6.718852e-07
0.84234995
1.847415e-10
0.00040356177
4.0785686e-05
3.449369e-08
0.645706
0.0008991041
0.9979105
0.9999862
0.98582304
0.43320045
0.9873803
3.239096e-06
0.26958987
6.4801105e-05
2.0242058e-05
0.40569437
1.877897e-06
1.860483e-05
1.753987e-06
0.0057836915
2.3835138e-08
7.2899393e-09
2.0885553e-05
0.23022997
6.2151057e-06
0.5766571
3.0408364e-06
9.113268e-07
6.065111e-08
0.8431653
0.06557731
3.8164857e-05
0.4863069
0.9973626
0.0052551706
2.7571724e-08
4.0541954e-06
0.0002523
0.021462196
5.3811928e-06
0.00012835128
0.00026238963
8.125995e-06
0.32857484
2.1290858e-09
0.0022160523
4.2498748e-08
0.023083538
3.4149593e-07
0.013407809
1.5169219e-07
0.0039041317
9.166857e-06
4.3778058e-05
8.454951e-06
0.00085341925
5.4739893e-09
0.0046309796
0.019262902
1.4189297e-08
0.000549508
0.00013590266
2.4235578e-05
0.0045835264
1.5969194e-08
2.5821093e-06
0.00060937816
0.00010909168
0.8423498
0.0016730066
0.024001608
0.026854193
4.7862172e-06
0.05114178
1.1081038e-06
0.005145844
4.0953734e-09
1.46875145e-05
0.7577186
0.00018778577
1.736023e-09
0.00015951779
6.05885e-10
5.4758664e-07
1.389088e-08
2.3453707e-05
4.1331134e-07
4.9182864e-07
8.4358015e-07
0.009817638
1.2217859e-07
3.32112e-07
8.297868e-07
0.0005603114
0.9999755
2.4209177e-07
0.015227871
0.0018899344
8.543086e-05
0.00010862177
0.9921183
0.00070944254
4.706778e-05
3.0408364e-06
5.0573242e-05
8.340526e-06
8.509442e-05
0.000119670556
0.00023280067
2.0913707e-07
0.008896522
0.080093645
2.740113e-08
3.2952497e-07
0.00044001403
1.0338766e-06
2.4171625e-06
4.0540017e-06
0.9998928
1.3339068e-06
0.0013287314
0.347094
3.8831113e-06
0.016225744
6.2622626e-06
1.7249855e-05
3.8831113e-06
0.02163116
5.732111e-07
0.12516059
7.179718e-05
2.4379307e-07
0.99900556
6.238505e-10
4.3795987e-07
7.179718e-05
5.2955e-07
1.0735779e-06
0.011014095
2.6735362e-08
4.161027e-08
0.0006402145
0.00018025388
0.00018526177
3.5161342e-08
0.9998928
3.587351e-05
0.06165023
