0.9999996
0.041496154
3.0333062e-08
6.042779e-08
5.701048e-06
0.00044830982
1.2524835e-05
0.0020115029
1.3762867e-08
5.2366165e-08
0.10572113
0.014055325
1.0957114e-05
0.0003035725
0.00030732263
1.1678478e-08
1.3334031e-05
0.0002957983
6.7402243e-06
0.18637961
5.6461175e-07
2.5269792e-08
1.8102289e-06
0.0014957921
0.9584054
2.571234e-05
1.0063868e-08
1.2725704e-06
6.4143353e-07
6.9530734e-06
0.7939241
0.43489048
2.2477893e-09
6.835941e-10
1.3397228e-06
0.0005173003
0.0011742008
0.0012296472
8.812198e-05
0.00585607
0.0050744344
1.6513646e-08
0.08138445
4.192847e-07
1.3275509e-07
0.0017316384
2.5266838e-06
1.8627856e-06
0.9999967
0.002095822
8.28336e-07
3.3154852e-06
0.00010419694
6.0664115e-06
0.00048213618
6.111867e-11
3.1033125e-07
2.0481575e-06
3.6799182e-08
2.1918882e-07
0.9465141
1.365223e-06
4.226779e-08
1.0808373e-07
3.7590286e-05
0.00012325792
1.3203295e-08
7.9610857e-07
4.707762e-09
0.00013127981
6.275794e-05
1.3901262e-09
0.00067376276
0.004823952
1.9758554e-08
3.955129e-05
6.0094186e-07
1.2867331e-05
2.0175835e-07
1.7774317e-06
1.3884726e-07
3.3498098e-05
0.999997
0.80830413
1.4095674e-07
3.6799182e-08
0.9950126
1.3898929e-09
0.013808501
1.0128885e-07
8.1068e-05
0.99716383
0.99996924
2.434837e-10
0.9998591
0.9994519
4.3718953e-07
1.29833635e-11
4.154326e-08
1.8295828e-11
0.99912506
1.6820342e-05
0.034968752
5.819376e-06
7.5736915e-07
0.0007014514
6.031903e-10
4.8932327e-07
5.5530368e-06
8.337321e-06
4.3013488e-12
0.06214006
3.83934e-08
6.4459776e-08
0.031649634
1.4209371e-07
0.8575999
0.0015126489
4.485724e-08
2.3551496e-05
0.021816434
0.00051998196
0.0018026102
8.370295e-06
0.001159264
0.018421274
7.008785e-05
1.4924008e-09
0.0005588039
2.8622511e-05
0.021656433
0.0016132448
4.485724e-08
0.9988616
0.00013522325
9.301166e-06
2.5853714e-07
1.1478768e-05
0.0003868059
6.3509615e-06
4.8932327e-07
6.068235e-08
4.3256252e-05
2.7707162e-07
9.113972e-07
0.029574865
2.3335056e-12
1.8343576e-07
0.713546
1.7711797e-07
2.8461653e-08
8.370303e-06
0.0023095796
0.00027334457
2.0481575e-06
3.0837026e-07
8.0055244e-05
0.99985284
0.0014957921
0.00024684402
8.643327e-08
2.3892353e-08
0.076561876
1.7600917e-07
0.047588542
1.1179697e-09
0.99999994
0.019500664
3.5237976e-10
4.475055e-10
3.172181e-06
0.9701005
1.4162413e-09
8.175814e-09
3.6671315e-07
0.92507267
2.232848e-05
2.7679954e-08
1.10333275e-07
7.177856e-05
3.2140677e-05
0.0050744344
9.02368e-06
1.5698111e-05
1.9422869e-07
0.7006146
2.719355e-06
0.9759662
5.418438e-08
0.001995459
0.04603745
5.3373617e-09
1.5938846e-07
1.0339453e-05
1.7342861e-12
1.0
0.0001309511
2.3664104e-06
0.9999711
5.917825e-07
3.6626755e-06
0.00442485
0.013522565
1.7390319e-07
0.0015766677
4.7424436e-08
0.00014880188
0.00012325792
4.7997353e-09
1.3850976e-09
0.0011409249
0.00017707779
1.8055168e-06
1.6121117e-11
8.121115e-06
0.00014880188
7.1236377e-07
9.8816884e-08
0.00017423587
7.711082e-10
0.0016710924
0.102755725
7.994821e-07
8.219877e-06
5.4077776e-10
0.000720104
6.658521e-05
0.00015146047
0.16056815
0.0032833416
0.00011471679
0.9999411
8.0986786e-07
1.0474671e-06
0.059497528
1.7023941e-08
5.6102657e-11
0.06214006
4.760206e-08
0.80037785
0.0043874034
4.8674988e-08
4.181759e-09
2.5853714e-07
4.1963432e-07
0.7490554
2.584309e-07
4.5461555e-05
2.5062702e-06
9.006716e-09
0.00063385564
4.1482534e-05
0.99963814
2.9141633e-05
0.0011409249
2.141686e-06
0.00012884472
3.3154852e-06
7.723041e-06
5.817855e-10
1.7248522e-07
3.142298e-08
1.1438317e-06
8.794888e-09
0.000720104
2.8794685e-07
5.5003133e-05
1.3953887e-09
2.8461708e-08
1.8457581e-06
8.38227e-06
8.175814e-09
5.103489e-07
0.26008582
8.6775195e-08
0.99936545
2.1035657e-06
3.622521e-08
4.241315e-12
3.275902e-09
0.99763256
0.8855338
1.3334031e-05
0.00033331147
2.6464638e-08
9.3758736e-08
2.6525973e-07
1.8750244e-12
0.987813
0.96860677
1.8076777e-07
0.007084249
4.3281183e-09
1.9066264e-09
1.3396273e-10
0.00021655232
1.0490467e-06
3.7414602e-06
7.9025355e-09
4.977844e-05
