2.8513861e-05
7.877182e-05
0.9787904
0.0010311616
3.2025946e-07
0.00093643984
5.250346e-06
1.5204895e-06
0.9553776
1.8079782e-05
0.06977936
2.1465978e-06
0.007359873
0.019022664
0.99855524
2.5364082e-07
0.93217736
6.276273e-05
2.2410682e-09
0.0025073194
4.6777167e-08
0.00011731983
0.024737278
0.0020468603
1.7207202e-09
0.000621185
0.38457382
0.41652194
0.00011731983
0.0010974936
1.7320225e-07
0.00038384195
7.2662915e-06
0.019365834
1.2497434e-08
0.00010378748
0.9999706
4.08752e-06
0.68727416
3.2174972e-07
1.3239025e-05
0.017139109
0.00063107867
6.0136955e-07
0.8774742
0.0005025058
9.343092e-06
0.00044396246
2.8661023e-05
1.2049295e-05
1.2439602e-11
6.5163554e-06
0.00040868117
7.025754e-06
7.698266e-07
0.99625105
9.019761e-05
4.3050654e-06
0.0230828
0.20103242
9.9710284e-09
4.0498094e-06
6.120298e-08
1.0791405e-06
0.4591362
0.99928236
4.107366e-05
0.99604595
8.929888e-06
0.00016607378
0.003979183
0.007359873
1.3183891e-05
3.8466457e-09
5.6683024e-08
9.630322e-07
0.7121614
2.6066405e-06
8.6923e-05
3.567836e-05
5.9627694e-09
5.181129e-07
0.040580783
0.025971044
8.043951e-07
8.168203e-05
0.8848391
9.959168e-07
1.3236311e-06
0.7710553
0.012344806
1.9115887e-06
0.0032067439
0.99966925
7.3475037e-10
0.003225304
3.246575e-08
3.8788643e-09
4.56196e-10
5.5289584e-05
0.9999581
0.7160126
7.1812325e-09
3.4913347e-07
1.9062602e-06
0.07964046
0.26812384
0.99995667
2.707648e-06
1.1074984e-06
0.997689
4.114576e-05
0.00016284522
0.93217736
1.5285848e-09
1.5564933e-06
1.2059411e-05
0.9679945
0.5905303
3.2689338e-06
4.2709485e-06
1.868672e-07
0.99994624
0.014840828
4.134576e-07
0.013264372
0.0008222535
1.771968e-05
3.982922e-05
0.040516894
5.1982045e-07
1.238331e-05
3.1483663e-10
0.9290514
0.005506923
0.9975685
3.564401e-05
2.7182247e-07
0.00049863994
0.00019142492
1.308175e-07
1.4623325e-06
0.0004268627
7.858741e-05
0.004379454
0.00032289483
1.8531537e-06
0.00033608594
1.3562599e-06
0.0026247045
1.5817353e-08
0.9943383
0.9965785
7.3586702e-06
4.244701e-06
1.7973602e-07
0.00018689799
0.93978727
0.058235735
1.3198819e-07
1.1634628e-07
9.343092e-06
7.0878843e-07
4.045914e-06
0.017414762
7.5306175e-06
0.014840828
0.0068170005
0.9290514
1.5348455e-06
4.057584e-10
5.67494e-06
0.9999235
3.399694e-09
9.133698e-07
1.8536592e-06
6.420652e-08
0.00059606007
0.09509541
6.0049947e-06
1.7195667e-07
1.36332e-08
5.8534005e-07
0.00024238393
7.617864e-05
1.820514e-08
0.0004842138
0.44054955
1.5082704e-05
3.2855447e-09
0.058235735
8.408002e-05
0.021690406
4.429125e-05
1.8144842e-06
1.1047158e-05
1.238331e-05
0.6763347
0.00076711294
9.792331e-06
0.9561091
2.3497229e-08
0.033638544
0.3796251
5.5189663e-08
4.1754515e-06
1.2621287e-07
2.1311646e-06
1.2966032e-06
1.5800564e-06
0.0080608865
4.954525e-06
6.752215e-05
0.00063173426
0.012672273
3.6091276e-08
6.594361e-08
6.224165e-07
0.99999785
3.5539066e-05
0.09509541
3.8466457e-09
0.9679945
0.007983666
0.00024727013
0.05205601
3.7854075e-05
0.2719714
0.9965785
1.4389652e-05
6.725089e-07
7.560157e-05
1.0704639e-08
0.9999495
0.997114
0.99965316
4.351131e-05
0.0007129146
0.0036986594
0.00015736572
0.00018319706
0.99744487
0.69568276
0.93978727
0.006899053
0.0036986594
3.192288e-05
3.567836e-05
1.2325498e-06
0.0005146222
3.7631502e-11
3.480634e-06
3.5802287e-07
1.3980076e-06
3.1358431e-06
0.17367262
3.5667516e-09
0.7795907
0.004044849
1.1430794e-08
0.003258738
0.99999964
0.9469976
0.005503493
4.6284256e-07
3.8883136e-05
0.00039439023
0.013251048
1.0550408e-07
8.522075e-08
0.0027671575
9.792331e-06
1.0162978e-06
0.00042829599
1.51388e-09
4.980677e-07
0.2990704
0.049756087
1.0891003e-05
4.9032596e-09
3.9380197e-05
0.69568276
2.6297986e-08
0.015673872
5.0454015e-05
5.90465e-06
0.8782501
2.3075769e-05
1.7103411e-09
2.9864502e-08
8.379731e-05
0.62165576
0.99998724
1.3073935e-05
2.9277604e-07
3.567836e-05
2.674159e-06
1.4623325e-06
9.969355e-09
3.3095668e-07
