0.99999994
1.0
0.99999714
6.858162e-08
3.984902e-06
9.07335e-06
0.00022463837
0.00013120196
0.00034846202
2.1048432e-05
0.7731329
0.0008748919
1.3444608e-05
6.010848e-11
9.387018e-07
1.3811721e-09
6.1373066e-07
1.3164391e-06
1.4550304e-05
1.2209594e-05
5.3038496e-10
8.986746e-08
0.0001524344
1.0645434e-05
8.740275e-06
0.00010527336
4.919008e-06
5.051626e-09
1.1582379e-06
3.0557853e-08
5.313056e-06
2.798248e-07
1.055141e-06
1.765437e-05
0.00033624587
3.067344e-06
6.9305686e-11
1.3997192e-06
0.9970575
0.0012646846
3.1076652e-10
7.444791e-08
1.5306827e-05
6.716319e-09
4.563844e-08
9.1819014e-10
2.9896987e-06
0.98229784
2.158459e-06
5.147636e-09
0.0808446
0.98088014
0.00036784037
0.00013120196
0.9647863
0.019819595
0.0032092475
3.7813176e-11
0.5079564
0.00037967763
0.8075715
0.00028688362
1.4712122e-09
1.986469e-09
1.5851926e-09
1.3997178e-06
0.4292798
0.0003494181
7.450658e-08
1.908898e-08
0.0013799466
0.0001524344
0.9981711
8.2083176e-08
2.183677e-05
8.5501904e-07
1.562902e-08
3.486201e-07
0.151849
0.26692876
6.272743e-08
0.94084346
2.1638412e-07
6.988177e-11
0.0010411345
0.9970187
3.331717e-05
2.7132552e-09
1.0935919e-06
0.0004408541
1.4727041e-07
1.2896986e-10
2.2331998e-09
8.844138e-10
3.7504375e-08
2.1638412e-07
0.00024986637
8.126455e-08
0.0017422687
0.0015708251
8.6832815e-06
2.8664057e-05
3.62513e-10
0.037252314
0.99779737
3.275067e-07
0.002229652
0.075890295
6.604282e-05
5.84111e-08
4.828411e-09
2.6466846e-09
1.0643373e-05
7.2440255e-11
1.8288345e-09
5.981268e-09
2.2911443e-06
0.066678844
5.8951666e-13
3.220479e-09
1.807754e-05
1.6892399e-06
1.5306827e-05
2.107406e-09
0.9999803
1.1379299e-09
0.00012634043
0.9324483
2.2960452e-07
2.099067e-06
1.4252312e-07
2.9940765e-07
1.0283644e-07
7.434267e-05
2.4130626e-09
8.9342836e-07
0.0020004697
0.9879675
0.0005892914
2.8941898e-09
2.2675974e-07
6.9620967e-07
4.4306114e-05
8.414213e-07
6.602214e-08
0.29732546
0.00058790937
1.5128827e-06
1.121446e-10
2.2838863e-06
2.7706033e-09
7.434267e-05
8.062105e-09
0.0019224919
2.699243e-07
1.8032477e-09
1.007816e-08
1.6966824e-08
4.11965e-06
3.621177e-10
4.58669e-08
1.5517371e-07
6.1476794e-06
0.00036342477
1.6842645e-06
2.739206e-05
3.3435066e-05
3.9363943e-09
4.7913957e-08
2.1815023e-08
1.3501257e-07
0.0006215797
9.3059595e-07
0.0016997011
7.5141664e-08
4.4302313e-05
0.0102044195
1.66299e-08
0.0032850103
5.1509557e-09
0.67182505
0.12815559
4.430713e-05
1.3066253e-09
8.23997e-07
0.15697679
0.0047369534
2.7739466e-08
4.553984e-07
0.9923102
1.1009233e-08
5.073569e-05
0.0031429303
5.9089316e-06
2.0962082e-06
1.6111755e-06
0.0028911147
1.5242249e-07
0.00011910726
3.0699223e-06
5.479675e-07
0.00074760464
1.2492739e-08
5.412984e-07
0.24045248
1.7520026e-05
0.99792975
0.00015331923
6.52351e-10
0.00037897518
1.3811721e-09
0.0018401195
1.793622e-06
2.3992829e-11
1.4185167e-05
2.996787e-05
1.078862e-05
7.1915565e-08
0.027936911
1.0
2.2362789e-05
6.10875e-09
2.043777e-08
1.2717964e-06
1.2733109e-06
3.813102e-09
0.9995461
5.4494643e-07
3.8475703e-09
2.4718143e-05
0.00026235136
0.30906302
3.62513e-10
7.8565864e-07
2.2634567e-05
0.6862244
6.4734755e-09
0.016848864
5.263435e-05
1.441706e-12
0.00010527336
0.020618845
0.0023086073
3.4032088e-10
9.529866e-06
0.00017514802
1.41663925e-08
1.2508738e-08
6.903137e-08
3.0262793e-08
8.043905e-07
4.1817408e-10
9.7191005e-05
9.860259e-09
4.168574e-07
2.0231307e-07
5.546425e-08
2.0447175e-07
1.7634967e-08
0.95079637
3.1991683e-06
2.0115854e-07
7.827291e-09
2.637454e-08
1.0461922e-10
1.0260363e-08
7.281518e-09
8.4872026e-11
5.138083e-06
4.8300528e-08
4.563844e-08
1.44116675e-05
1.4861239e-05
3.9363943e-09
1.5335392e-05
3.421311e-05
4.0717214e-08
1.8288345e-09
0.99115443
0.002179771
1.6242396e-07
6.685572e-06
0.00010527336
2.3825334e-05
5.541291e-10
1.0260383e-08
2.9496533e-08
1.5404892e-08
8.342544e-05
0.00011825904
1.4573178e-06
2.3634918e-06
0.9994701
0.10494656
2.8257752e-10
4.6259233e-10
2.1934266e-08
4.737508e-07
5.541291e-10
6.3319806e-07
