1.0
0.0004051557
0.97705114
0.15150476
1.4743725e-06
0.99997646
0.050500996
0.011773991
0.31473753
3.026966e-06
0.0011250597
2.585473e-09
0.35164
0.8483205
2.1302532e-05
0.001525793
4.839376e-06
0.0040921387
7.409948e-05
6.4829705e-06
0.0102517465
5.6038778e-05
0.113556355
0.99796104
1.8560065e-06
0.99999446
0.9430529
0.99695706
0.025165811
0.9995737
5.2073665e-06
0.38712698
1.6412354e-05
1.27413e-08
0.0015118107
4.440471e-08
0.00070659304
9.060582e-08
7.158575e-08
0.00024397772
0.023216564
3.2209664e-07
3.7007416e-05
4.2997092e-07
0.96157885
6.444085e-08
8.042194e-06
0.010508936
9.231944e-06
0.007108399
8.622861e-05
0.0032612388
0.9996103
2.8220566e-06
2.9819591e-06
2.9323057e-05
0.99998605
0.00026259484
7.979604e-05
6.4050782e-09
0.008928111
6.5305317e-10
7.695499e-07
0.99998605
9.5978785e-06
0.5815084
0.0050960165
1.8466174e-06
2.4925337e-06
0.9613204
4.4279128e-05
1.0190497e-09
8.806875e-07
0.001383879
0.027294701
3.9737256e-06
9.231944e-06
4.761469e-06
5.967169e-06
5.510443e-06
0.7272987
4.3343002e-07
0.01804478
0.021939902
0.051809262
9.353042e-06
0.97705114
0.0005317415
4.0288675e-09
2.6233017e-06
1.9427734e-10
1.2400976e-07
6.0804927e-05
1.5704403e-06
0.018167721
5.1336417e-07
0.97919285
1.1908382e-06
1.9218835e-10
0.80733323
3.6476994e-10
4.0768583e-07
5.6331235e-08
2.5127558e-05
3.3349306e-06
0.016868763
7.2899695e-07
3.758107e-06
0.05522839
0.0056514614
4.0474013e-05
1.4530739e-09
5.419205e-06
4.3287642e-08
3.3367013e-07
0.97878224
8.170377e-08
3.720728e-05
1.7023174e-05
0.38712698
1.0952295e-06
0.9635711
0.03533208
1.0890338e-05
1.6704738e-06
5.74234e-09
8.2053724e-05
2.172738e-05
0.98891985
0.06397632
0.05886782
0.95917857
5.967169e-06
0.00023704805
0.0011053255
0.1042286
0.46911055
3.5178044e-08
2.8860716e-06
8.655039e-08
2.5658108e-05
1.2619343e-10
0.0050269943
2.9539267e-06
0.998833
0.025028523
9.677731e-06
6.924962e-08
1.229681e-07
7.8800746e-05
0.013798517
5.9397685e-06
0.0020978474
3.1210813e-08
8.0657594e-07
0.0005470148
2.5965549e-06
9.341919e-05
0.0466234
0.6871216
0.1295521
2.2629445e-09
1.3761898e-05
9.71002e-07
0.0054658414
1.6307526e-05
1.711848e-10
0.022161536
0.00022386243
0.0006919591
0.00014608556
3.7418113e-09
5.6063977e-06
1.422589e-05
3.7319467e-05
0.00037893292
0.99992937
0.9980487
3.148292e-07
0.51972973
1.4496647e-05
0.00034709173
0.015090584
0.012228955
2.5492952e-09
6.120893e-07
9.751704e-05
0.023991683
0.0047674063
1.1312133e-08
2.175673e-07
0.0006048999
0.018086456
6.4165774e-06
0.9898141
1.8174982e-05
4.1681993e-05
0.012228955
0.0004704774
0.9838429
9.646881e-06
0.004136574
0.0003323789
0.44292805
9.331655e-10
3.4391542e-07
3.0544154e-06
3.8390542e-08
0.0002661227
1.0306461e-07
3.8405048e-07
0.0016416212
1.6286494e-07
3.8037952e-06
4.4279128e-05
8.775837e-07
1.1911682e-07
0.20615035
3.384624e-05
0.011481172
7.927702e-05
0.0024278506
1.4328236e-06
1.4947872e-10
1.4530739e-09
0.933215
0.0022275797
0.00018292372
3.3186898e-06
3.2994736e-09
2.7434396e-06
8.5008935e-05
3.7446551e-07
3.323545e-06
1.8689781e-06
1.770556e-05
6.9025045e-06
6.351043e-07
0.021981172
6.097461e-08
0.99993795
0.00020269628
0.45693877
0.9987129
3.072394e-06
7.0467568e-06
0.24360473
1.10366955e-07
5.1336417e-07
0.025028523
1.616696e-08
1.9171835e-05
3.077331e-05
0.0010914926
0.973452
1.7224095e-07
2.6226959e-05
0.40182537
5.6331235e-08
4.29416e-08
6.0911596e-05
0.0013514638
1.8879385e-06
0.005899231
0.008928111
0.8909701
1.2413982e-05
6.871856e-05
4.1149065e-06
1.6568604e-08
8.2002254e-05
0.9995737
5.0328694e-05
1.0686487e-07
0.0035650623
1.1941744e-07
6.742319e-05
0.96941537
5.5263277e-05
0.0042782067
0.000771588
0.0010246187
0.13738741
0.0018771332
0.0026656536
7.13408e-05
0.004684977
0.00021971946
1.935475e-05
1.1195364e-06
9.187231e-09
0.9999699
0.9998547
0.78243995
1.0493007e-06
5.481442e-05
1.2316789e-05
0.056756858
0.00010978042
0.0018470559
