0.98821086
0.0014833834
0.0048652655
0.97631687
0.043190617
5.2760956e-06
0.0003025514
0.7110239
0.00055682054
0.0012188752
2.1456015e-05
1.5375266e-06
3.4302644e-07
0.004783728
0.010414101
5.9064798e-05
3.0698684e-09
0.87002355
0.0002241324
0.03994501
7.6030033e-06
0.019179357
0.035043057
0.9998026
0.016691033
3.1495279e-06
0.9135306
1.0
0.72518015
0.99997246
1.5429893e-07
0.00033211094
2.961819e-06
0.006515539
0.0001503697
0.9989966
0.011344272
0.21008173
1.0
0.0010377784
0.003517358
0.00049575826
0.013044178
0.9997406
0.027514292
1.4612284e-09
3.6751974e-08
9.474668e-06
0.8426768
0.00344402
0.1573921
0.39355218
0.122842595
0.08380345
0.96959955
7.778071e-05
0.0803741
0.0016085483
0.99304706
5.5469445e-06
0.048712354
0.9878337
1.7275604e-05
4.0146475e-08
0.086983986
0.00020637033
1.391207e-07
0.9018668
1.6866736e-08
0.370819
0.49304757
1.7980371e-06
0.9987484
0.9999179
5.863815e-07
0.001992115
0.9997835
0.972395
0.0027214538
4.2261027e-07
1.4509e-06
0.09889176
0.9943154
0.23121753
0.9577581
1.3289675e-05
0.99999964
0.0004258259
0.9906753
0.35695073
1.4831591e-05
8.290669e-09
0.14884657
0.0054646106
1.637608e-07
0.0013891113
1.7519258e-05
0.030156309
0.00014167628
1.5241887e-06
0.00013560739
1.7962465e-07
0.99969965
0.00022698645
2.2719905e-05
0.014785762
0.0009867215
0.0002365624
3.8287913e-06
2.9188672e-07
0.97242635
0.039628442
0.9999974
5.9109415e-09
3.690983e-07
2.1673232e-07
0.16407387
0.01208221
1.9471918e-06
0.0040287436
8.456005e-05
0.10348871
0.01712237
5.7509325e-05
2.4890347e-05
0.0006063785
6.888853e-07
0.99446625
2.4991647e-07
0.5758378
3.2107843e-07
0.00042591157
2.674623e-07
0.00039618716
0.0084908735
0.084431656
0.9978447
0.00020858992
0.99576247
2.1094959e-06
0.0035804624
2.4118039e-05
0.0354934
3.0236824e-05
2.8572602e-05
0.023330975
3.2691053e-06
0.75297445
0.07646222
1.859073e-06
4.8786064e-06
0.011380857
1.487261e-05
0.93918437
0.0011096342
0.9901283
0.9994627
0.9994498
2.381425e-05
0.9969185
0.001551104
0.0004430759
0.00023126621
1.8418317e-06
1.12212795e-07
0.12258972
1.9148438e-06
3.1026573e-06
2.674623e-07
0.0013891113
0.00013817
0.00025727932
0.00018978563
0.4281683
0.003517358
7.802387e-08
0.029492699
3.0698684e-09
3.0996762e-06
0.00046006462
2.3200669e-06
0.7660114
8.7274246e-05
0.00067629
0.99999124
0.0005676048
0.12724467
0.99999964
0.014529187
2.4118039e-05
0.22209239
0.0004200195
3.20661e-05
8.56439e-07
0.00019216134
0.9999973
0.99984723
0.002058158
2.614822e-06
0.0002846422
1.4640098e-06
0.8722216
1.4354044e-05
0.84373456
0.0006552322
0.00043748535
1.7389722e-05
0.0040433393
3.6981422e-08
0.8195484
8.456005e-05
0.0073555163
0.010296485
0.5875329
2.1415275e-05
0.3052633
0.00785136
0.0018988142
2.922178e-10
2.1344118e-05
4.763165e-09
0.0006459702
0.0020748253
0.46940294
0.00019567096
7.4690805e-09
2.4424258e-05
1.5735446e-05
1.5494095e-07
0.010413221
0.24710509
0.008472115
0.9873388
0.0007409553
0.9208405
2.6063994e-06
0.5564833
0.00013817
1.563363e-05
0.0001239746
6.0421335e-08
5.515756e-05
0.01187265
0.9999692
7.1005564e-07
0.7775419
7.0057285e-06
3.128522e-05
0.9999959
7.870649e-08
0.8425018
2.7027153e-07
1.0
0.0045153233
1.4505512e-09
0.46940294
1.8032704e-05
0.0005853865
2.5629446e-05
3.0944836e-06
3.550868e-09
3.650156e-10
1.10962355e-05
0.16301396
1.727562e-05
0.00049749867
7.0057285e-06
1.7080545e-05
0.0001503697
1.7519258e-05
1.2866218e-07
6.41062e-05
0.0055840253
2.1237206e-06
0.006515539
0.5253259
0.00032738165
0.948703
0.027323708
7.110784e-05
1.9944933e-05
6.8738636e-08
1.7803687e-07
7.076443e-07
0.14884657
0.00014167628
0.0008544115
0.00022648078
8.644169e-06
0.0004976272
2.5619378e-05
4.0234354e-06
0.010296485
0.00013560739
0.0012960914
0.00020404646
0.0016830524
6.60074e-07
4.7972577e-07
0.024272855
