0.003799293
0.43484977
0.9757234
2.8464008e-05
4.7798196e-05
5.842656e-09
0.0058783093
2.6535554e-08
0.08312296
1.5965014e-06
0.9708985
1.3709781e-06
0.008371154
0.00025025883
0.9923332
0.05414442
1.13239345e-07
7.331383e-07
2.4225164e-06
1.8283026e-05
5.8051023e-07
3.8925726e-05
0.0014264216
0.000773748
0.97148985
5.103402e-05
0.006192321
0.00056030526
4.0066155e-08
1.356372e-05
0.60662127
0.56077546
3.404087e-06
1.0
1.7087056e-07
0.0006899961
9.802628e-06
0.0001432111
0.0050363047
0.011748597
0.00015919551
0.0012394234
2.8336532e-07
0.9993265
2.820426e-05
3.80026e-06
0.00016353361
3.6146641e-06
3.803384e-05
0.99919945
4.3223542e-07
5.449991e-06
0.0046544163
0.011748597
8.109143e-07
1.8071861e-06
0.23395863
0.7791304
0.0056180595
3.7494483e-09
0.63674945
0.9656511
7.748419e-08
0.0018418543
4.466933e-07
1.9277833e-10
0.0006422186
2.965119e-05
0.99999744
0.01778109
0.9989222
0.03442092
1.9922356e-06
2.3716839e-05
0.039102238
0.0010243743
7.008763e-07
7.2667024e-07
0.0030358054
8.8425274e-08
0.99842733
1.8283026e-05
9.411754e-10
0.1941808
0.15647821
1.2471152e-05
7.498439e-05
0.7791304
3.652326e-07
8.126529e-05
0.0007212637
2.363576e-05
8.109143e-07
0.01691577
0.8940187
0.01778109
0.9999436
0.001605051
0.00012656422
5.76268e-06
0.9867122
7.415076e-06
6.938891e-05
2.787107e-10
3.4614104e-08
3.979604e-06
0.00068214064
0.055381455
0.0012969039
5.6493167e-07
1.8884295e-05
5.6595087e-07
1.2820771e-08
0.0027361508
5.6459022e-08
0.00082580186
1.0396353e-07
3.002431e-05
0.9999989
0.02877908
0.0059094187
8.063952e-07
0.0020032418
0.9963687
1.8756113e-08
1.425826e-08
0.052453022
2.3517725e-07
3.9704005e-07
0.99999976
5.3454274e-10
0.032845996
0.00062466523
0.60514665
9.376422e-06
0.6064496
1.4706745e-05
8.880138e-05
9.401565e-06
0.99999994
0.01382914
5.3667194e-05
5.9302597e-06
0.668336
0.2056828
0.00039641227
2.865623e-07
0.98527205
0.99999046
4.5129986e-05
0.15976578
0.733301
0.00076599675
1.1123358e-06
0.00013547066
3.1539006e-05
3.6439527e-05
3.3753197e-06
1.5211607e-07
0.052453022
5.813025e-06
1.8283026e-05
0.0037806935
6.174544e-05
0.035773367
5.76743e-06
0.12791932
0.60514665
1.2820771e-08
1.0636788e-05
0.009957283
0.999999
2.012404e-06
6.8912156e-09
0.7964494
9.253919e-06
0.000665696
2.9909563e-06
3.416286e-06
0.26374522
0.00025120066
0.003935953
0.007907096
0.00020610406
0.00054312864
0.999997
0.0003243629
0.00038386663
0.9781758
2.497835e-07
3.2579444e-06
0.051643226
0.040673107
1.5793086e-05
0.00020385998
0.00025183975
0.9923332
2.4521556e-05
1.6990373e-06
0.08312296
2.0007858e-05
0.00019660211
0.02956567
0.0056180595
7.758651e-07
1.3323282e-08
2.1022875e-05
2.6915752e-06
0.01656435
2.6461566e-06
0.0176373
0.053450376
0.8251202
0.013361307
2.3879018e-05
1.3111046e-08
9.513293e-06
0.0014608538
5.155096e-08
9.0851643e-10
0.016396856
6.032136e-09
0.81741166
7.2570833e-07
2.4544454e-06
3.2392196e-05
0.96459156
0.024996556
1.304898e-07
0.0045357267
4.3148578e-08
6.174544e-05
0.0010031655
7.659472e-05
0.0009883022
0.00013440847
9.877456e-06
3.2501484e-09
1.212951e-07
0.0013379105
0.99842733
9.345201e-08
7.391196e-08
0.9731719
0.99998635
8.3474464e-05
2.8652182e-06
0.9999996
2.1818826e-06
6.907641e-07
3.851658e-06
1.3918767e-05
6.174544e-05
0.00082370586
0.8902394
3.8925726e-05
0.080414854
8.063952e-07
0.031506
1.4836628e-05
0.9988082
5.8357534e-07
0.023461511
0.0012969039
3.3726587e-06
0.59467167
7.1831124e-08
0.0032523877
2.2902618e-06
1.1696957e-06
0.050436262
1.25829e-05
0.00031077935
0.00080385845
8.452909e-05
0.00010377838
0.0008459899
1.3362622e-06
3.7208913e-05
3.593406e-11
0.00017673452
0.10747072
0.12847671
0.095739976
5.344378e-07
0.99753314
3.6942063e-09
0.9999595
0.0003807694
1.0109001e-06
0.0011185665
4.4252442e-07
0.00079308386
0.87850016
5.0954757e-05
0.03468878
7.0180395e-06
2.044317e-06
0.007373315
0.0072736708
