0.9999981
0.99999994
0.99999875
0.75294775
0.9999592
0.99742633
0.99998164
1.0
0.9999237
0.88301474
0.9999981
0.99999994
0.99999875
0.75294775
0.9999592
0.99742633
0.99998164
1.0
0.9999237
0.88301474
0.0005050265
0.045323234
0.32684493
1.6084143e-05
1.0394175e-05
0.0008941908
0.3373507
0.9998741
1.0
0.9460948
0.00013329883
0.00049977703
0.6932033
0.09957685
0.9999571
0.89952546
0.04635965
0.0016976633
0.7870736
0.011213129
0.106200114
0.14271362
0.99999976
0.1477137
0.44365433
0.99831444
0.0029485659
0.014765694
5.637732e-05
0.9748542
1.0
0.39018187
0.0034789662
0.12648067
0.9944742
0.005672312
0.0003388473
1.2072001e-05
0.9761736
0.99122095
0.9900687
0.0026219299
0.0037693635
1.2392361e-06
0.030904973
1.2134456e-05
0.048614442
0.28374398
0.99999857
0.002361881
0.0006971858
0.00090231164
0.0015418328
0.5377846
8.6008995e-06
0.05193252
0.1477137
9.644577e-07
0.0016376957
0.94767255
0.0016376957
0.942431
0.9999999
1.304503e-05
0.9999999
0.9999323
0.05193252
0.0040116343
5.78822e-06
0.99979454
0.0014090288
0.6449687
0.8151233
0.0007379586
1.0
0.0026945355
0.9990528
0.9998379
0.9707635
0.0047242823
0.3653218
0.9999999
0.85943204
0.58207387
1.47535e-06
0.78259665
4.643361e-06
0.99061114
0.9999995
0.00014919456
0.04100065
0.0003399299
0.9978878
0.0026219299
0.0013132797
0.6985955
3.0698742e-05
1.47535e-06
3.844005e-05
0.00011906172
9.83388e-05
0.9576915
8.4336025e-06
0.9999806
0.0025269194
0.8504674
1.0
0.08926513
0.016997224
0.99999946
0.0017195605
0.0063714385
0.89952546
0.9999074
1.8491164e-05
0.38507992
0.0018732072
0.0071772216
4.1901108e-06
3.2920564e-06
0.07082858
0.00023161221
1.5459942e-06
0.94906396
0.000645203
0.008861014
0.0050774445
0.9785992
0.05051153
0.99992895
0.1771361
0.41038713
0.00020702186
0.031278655
0.99561
0.00037878953
0.040033575
1.3471637e-05
0.016952278
0.86364436
0.00037861537
0.004881015
0.009223103
0.00014750475
0.16080885
5.637732e-05
0.96801597
0.9998598
0.9336091
0.0039619785
7.284323e-05
0.00037328267
0.99973565
0.00011117182
0.8645966
0.7653767
0.000126549
2.8612644e-06
0.4779989
1.0
1.0
0.060100548
0.021603538
0.0005909886
0.042900696
0.0007617173
0.9984834
0.57725227
0.00037328267
0.0012562518
0.062495485
4.462361e-06
0.044805374
0.0005469512
7.861953e-06
0.0002015225
0.0021148317
0.00018886317
0.0001305534
0.005169254
0.0136896195
1.2274529e-05
0.2022209
0.7747333
0.006778214
0.1855001
0.99996614
0.5407204
1.0
0.10951932
0.044805374
0.99991965
9.79576e-05
0.0041271755
0.0051506874
9.3609764e-05
0.14345452
0.0017082179
5.879141e-05
5.5454634e-06
0.99947184
3.3675387e-06
0.12473803
1.9127012e-06
0.8270515
4.82377e-06
9.401169e-05
0.91384196
0.004326656
0.0002015225
0.010601369
0.6810574
0.0005960527
0.20840323
0.91352594
0.86364436
0.76248413
0.3044552
0.9999996
1.3946217e-05
0.05339071
0.84317374
0.027577845
0.8504674
0.96227455
0.9411667
0.057810012
0.0010356782
0.012945619
1.1114048e-05
1.3814969e-05
0.00014750475
1.1861857e-05
0.014160046
0.9576915
0.9990528
0.0056236084
0.6810574
0.0006406579
4.3094953e-08
0.2027649
1.3946217e-05
0.0004580762
0.00017851812
4.3088795e-07
0.9431964
4.5798192e-08
1.4377074e-05
0.1593808
0.14191644
0.0001355911
0.76319635
0.0007305702
0.043362882
0.04899065
0.27333564
1.5415582e-05
0.009696491
1.643027e-05
0.19841959
0.99048966
0.0021439511
0.0026219299
0.0615309
0.9918792
0.015099594
0.00052333175
0.40785295
0.9999374
3.948021e-06
0.0012010913
0.0013934061
6.847887e-05
8.3639636e-05
0.0132353585
0.97201735
0.9405308
0.27745616
0.0049826386
0.082834594
