0.99546456
0.99999905
1.5438947e-06
0.0017557732
6.102801e-07
1.8158705e-08
0.005769093
1.3545313e-05
1.0975102e-05
1.5894759e-05
0.050991423
3.8934006e-05
0.0007803801
0.0033048857
2.501528e-06
1.232492e-05
0.01550846
0.0009402269
4.3352877e-10
0.020739943
2.5066122e-06
0.0002020859
1.7330156e-05
0.5532057
0.98543465
5.717632e-07
0.06323976
2.8858624e-06
0.00015543257
0.06975262
0.51855314
5.7613115e-06
0.043853853
1.542462e-08
0.0012177924
1.0
5.5048135e-09
0.5106571
2.1741267e-05
0.9981888
6.383883e-08
0.00010102276
1.5986785e-07
0.014721917
0.9675575
3.543777e-06
1.5252911e-05
0.0024381948
0.00035556417
0.9703028
0.32297006
0.15603004
0.010634705
0.06975262
0.0011325232
0.03477129
0.0007680229
0.003529013
4.6448433e-05
1.0499038e-07
0.045656282
0.9365329
1.5986785e-07
8.6894994e-05
0.9999997
3.2239524e-05
0.0007861426
9.0804003e-10
1.8589435e-05
2.7454391e-06
0.99740416
0.00042590284
4.413628e-08
4.3504676e-07
0.23771238
1.6822787e-06
5.342301e-06
0.012313903
2.6571242e-06
2.5073102e-06
1.2052581e-06
7.02173e-05
0.68460083
0.99740416
0.0009533364
3.1656154e-07
1.2293824e-05
3.7629622e-08
1.6409693e-11
2.2079507e-11
6.387988e-08
3.9307542e-06
0.999999
5.8018086e-05
0.005769093
4.0453368e-05
0.20465237
0.97917515
7.544164e-07
5.456544e-05
0.00025083785
1.4768955e-07
0.0001591304
0.014721917
8.5375155e-05
5.3371577e-06
5.454128e-07
0.002317028
0.005769093
1.7382491e-06
0.08441923
2.9563036e-09
0.00011093376
0.8792506
3.0159359e-05
1.1845147e-10
3.174665e-09
6.740301e-06
4.3504676e-07
8.497552e-06
0.9999809
2.5040697e-07
0.9801768
6.2163e-08
0.0038953444
0.99837416
1.821922e-05
0.9972622
4.2564337e-05
4.2827086e-08
0.06975262
0.62817574
4.3341326e-09
0.99150276
3.8934006e-05
8.056002e-09
1.2047175e-07
0.005242478
0.0013429718
1.3105695e-08
1.1472272e-08
0.0004990627
4.3257433e-08
0.00024653165
6.211428e-07
4.640112e-06
1.8764107e-05
5.5620203e-06
1.8558756e-06
0.00026175496
1.542462e-08
9.22421e-09
0.5580488
6.170607e-08
9.1837315e-08
1.7407823e-06
1.5253687e-10
0.99998444
0.00047080172
6.5290136e-05
8.3216925e-08
8.1788116e-08
0.13200933
1.945218e-09
4.1531573e-10
1.0034781e-06
0.9477284
5.0907143e-08
1.0494408e-06
9.1190583e-07
2.8560632e-07
1.9090237e-06
5.2577636e-08
0.2170686
4.0948e-05
0.00066277385
0.954672
1.2767424e-06
0.0007665353
3.7629622e-08
5.4332368e-08
1.8438393e-09
1.715786e-07
8.7535806e-10
1.715786e-07
0.15603004
0.00025831064
3.703905e-05
0.014131705
6.0079037e-05
9.815398e-08
0.013348113
1.0034781e-06
3.5049968e-06
7.837616e-06
4.68808e-05
0.00034642694
0.8320182
0.9042801
0.06827071
4.5040804e-07
0.70624423
3.283824e-07
0.00792463
0.00023021328
0.00047384418
0.06511375
4.3452845e-05
0.0007932176
0.999995
0.00019754333
0.9999983
0.66839004
0.019596744
0.007247203
0.0012318322
6.1834896e-07
0.007003948
0.7621685
8.28901e-05
1.5575357e-06
5.8127123e-05
0.043853853
4.0564086e-05
3.706402e-09
0.045656282
6.2549448e-06
9.144225e-09
1.990665e-06
5.845418e-06
0.07659856
0.00033975267
0.14393708
1.9006642e-07
6.367369e-08
1.8377787e-06
0.9703028
0.7887551
0.0090806605
1.232492e-05
0.040356603
4.0581726e-05
3.862153e-07
6.441501e-06
1.5967129e-07
0.06460973
5.1416023e-06
0.00013690666
0.017406499
1.7407823e-06
6.21721e-05
0.9534871
4.776737e-07
3.014999e-07
0.0010420816
3.7940088e-05
1.6520486e-05
0.017881569
0.20623875
1.5081232e-06
0.08267696
1.9290342e-06
8.186425e-09
0.011047408
4.775086e-05
1.6049422e-05
1.14265916e-07
2.7832937e-05
3.877472e-06
9.52236e-08
3.1823785e-07
3.6461006e-06
1.235295e-05
4.8160125e-09
8.388398e-07
1.9215393e-06
0.9999255
7.7215225e-07
0.0042942963
0.97624993
1.7650232e-06
0.0900441
0.0017199517
3.250345e-10
0.002317028
1.8558756e-06
0.0009533364
8.2972214e-08
5.1940126e-05
0.68091565
0.0030652757
0.0018112254
2.9689968e-06
3.2146863e-06
0.0032635243
4.9924576e-05
0.9995361
4.4846445e-05
2.286314e-05
0.0009604636
