1.0
1.0
1.0
0.99999887
1.0
0.99999994
1.0
1.0
1.0
1.0
1.0
0.0027729361
0.0014081346
0.9500272
0.0011176474
1.2944699e-05
0.5963853
9.660045e-06
0.053895738
0.34680712
0.9995009
1.3805421e-05
3.365047e-05
0.00012188996
1.6426413e-06
0.0007401021
0.18676059
0.016628072
1.1053798e-05
0.002464826
4.055208e-06
3.393185e-08
0.9989408
0.0055014994
0.69588363
2.6503847e-07
0.0012536019
8.992682e-05
0.0019034168
0.0057392293
0.03799564
0.0042701946
2.6332518e-05
0.056734093
0.002804192
7.3340045e-05
7.412811e-05
0.019664694
0.00016190758
0.9990919
2.9105582e-05
0.009175556
0.99999946
0.0025525994
0.9999462
0.00032294224
2.5606415e-08
0.99894065
8.176721e-05
0.0064355168
7.888849e-06
0.37905318
0.015592494
0.33159325
4.3550375e-05
9.627314e-06
0.007234928
0.00014432329
0.0002673352
0.9976886
0.0010819894
0.14276181
0.004261627
0.018760158
0.017312162
0.000120576726
0.01140223
0.99800634
0.00061146385
9.409353e-07
0.009948491
0.00014641398
0.013436874
4.4689852e-05
4.2926376e-07
2.8775885e-05
0.00012424205
2.3943117e-06
0.31864625
4.7649305e-06
0.033293225
0.9999196
0.0004781908
0.15381616
9.632371e-05
9.730018e-06
0.9999964
0.007862976
1.0
2.137611e-06
0.38600016
0.9397576
3.587303e-05
0.8890621
0.00027056117
0.24026015
0.9953103
0.98926514
0.9987065
0.99999994
1.3110569e-05
2.7186522e-06
9.666598e-08
0.00023840142
0.9999999
7.3340045e-05
9.729412e-05
0.020346468
0.0040977937
0.9999995
0.030681305
0.00031987287
0.0064355168
0.07117221
7.4224874e-05
0.008071591
0.59158885
3.591183e-09
4.2973153e-07
1.1468472e-05
1.6447199e-05
0.004604119
0.0065318528
6.059868e-05
5.581233e-07
1.3593702e-06
1.8217984e-09
0.00033703313
0.0499028
0.9778948
7.414744e-06
7.9028774e-05
1.8339448e-05
0.18576933
0.77647895
0.18387038
0.010320318
8.214391e-05
2.627824e-06
9.283062e-05
0.9999975
0.12296378
0.9998598
0.97943926
0.000120576726
0.2309917
2.6332518e-05
0.027467977
0.00028696406
4.5187004e-05
0.98138803
7.9028774e-05
0.0010125348
0.00041309214
6.5687766e-07
0.021652514
0.00020906341
0.001579285
0.032419026
0.00038997232
0.080609426
0.01644122
3.7778558e-05
2.0310896e-05
6.338598e-05
0.9999991
0.741394
0.01402036
9.057435e-07
1.5489059e-06
2.6004258e-05
0.9999992
6.134919e-07
0.99998516
0.99999934
0.6726857
1.3358328e-05
2.806597e-06
0.7970195
0.00018413994
0.93909967
0.0023022054
0.00014924309
0.003622942
0.00061845256
9.2695376e-07
0.84944355
0.00010673611
7.4224874e-05
0.99888635
0.015687753
0.100943886
0.00024343355
0.99955404
0.84671026
9.030691e-05
0.072669044
1.4584635e-09
0.010392315
0.9999751
0.23726965
0.0035051985
4.4456705e-05
0.00016190758
8.3049935e-07
1.0097044e-05
1.3489279e-06
0.109021306
0.99528146
6.221296e-05
0.0009250429
2.7203978e-06
0.9922735
0.0020857141
0.00010855995
8.406158e-09
0.0011176462
0.0026278708
0.00453104
0.85172695
0.008946973
0.34680712
1.0
3.6959003e-07
0.0017198658
0.00036175107
0.035664503
0.00018280742
9.660045e-06
0.001508216
0.010882143
0.068540856
0.9937504
0.031450856
0.9991693
0.00031373667
0.004604119
0.00022534802
2.8778433e-07
0.9979645
1.0484046e-06
0.010188596
0.00054075615
0.03386862
0.8713949
5.601495e-07
0.00012807644
0.99999297
2.9266264e-06
0.040298287
0.0029815882
0.83576244
0.99267864
0.013436874
3.0606425e-05
0.99729824
0.017209744
0.00028696406
0.99994695
0.000100776255
0.4989128
0.00035222247
0.46404907
0.00019049869
2.4451292e-05
3.1843142e-06
5.212804e-05
0.027262362
0.52593446
0.0025525994
5.2928703e-05
0.9999927
0.28506488
0.22048415
0.82918
0.00018065271
1.544441e-05
0.00019049869
1.6315957e-05
8.5410495e-05
0.6868171
6.153827e-06
0.9530854
4.6421865e-05
0.48247644
2.5606415e-08
0.00097273156
0.001809453
4.666276e-06
1.5335727e-06
