0.99999964
6.260563e-05
0.99912494
1.7590932e-11
2.6093738e-05
0.0002647185
1.4109473e-07
0.00057392864
0.00011590431
1.4593713e-08
0.004735097
4.0018016e-09
3.1498732e-06
0.055674218
2.4907884e-08
3.751858e-06
3.8526508e-07
2.673983e-07
0.00010149938
1.1352724e-06
0.04331966
0.00048319343
0.001536125
0.9985652
8.622218e-06
0.007966882
7.203198e-08
0.9997596
0.8335398
1.1276177e-05
0.0005536254
0.022914318
5.3533194e-12
3.1161293e-05
0.022914318
0.9998822
0.008559338
5.933654e-06
0.020990007
2.534711e-09
3.2031746e-08
1.4293571e-06
0.12453292
0.0012123754
0.6032442
0.0003078681
2.4936773e-05
7.496451e-10
0.12453292
4.085891e-05
4.8425153e-07
0.00276648
0.99919784
0.99982536
0.0005994659
3.6415764e-05
2.5393613e-06
3.5033143e-05
1.0197701e-07
5.834235e-10
3.228538e-07
1.3724375e-05
5.9230365e-06
0.00043223327
8.8470796e-07
1.0630323e-06
1.7350693e-07
5.5921384e-10
2.78303e-08
6.8609747e-06
0.1405412
3.5944984e-07
4.3730397e-06
0.92510086
0.9989503
8.431128e-09
5.0755436e-05
2.7802485e-09
0.99765545
0.0018895306
0.002162964
3.780509e-07
1.5715246e-05
7.6562195e-08
1.8814972e-09
1.949824e-09
0.12883846
0.77334976
3.228538e-07
0.89488167
6.725795e-08
4.0144638e-08
2.379807e-08
2.974858e-06
0.99912494
0.0005536254
1.3143325e-07
1.4530185e-09
0.025522063
1.6224331e-11
1.4600009e-05
7.2720245e-06
5.7389657e-06
0.85302615
6.990052e-07
0.9997104
1.3766821e-05
0.0065695127
4.0018016e-09
0.0037607336
4.3377503e-11
3.9654924e-07
5.8968457e-08
6.8366444e-07
1.0283639e-08
0.0003078681
3.2292385e-06
6.481697e-06
1.7193817e-05
0.30121014
3.3134977e-05
2.821432e-05
0.00021645654
6.377874e-11
5.271973e-07
0.000105367755
0.8444474
2.1196497e-06
4.962669e-08
1.4397008e-07
0.00016327108
7.500233e-07
3.450881e-06
0.9054706
0.011821239
0.9999867
8.211407e-06
8.690792e-05
1.776872e-05
3.458955e-08
0.043069806
0.00012068808
2.5069683e-06
0.00013253065
4.8748944e-08
0.010505545
1.3724375e-05
1.6778965e-06
2.5476496e-07
0.1405412
5.243621e-05
0.533256
0.999436
9.142639e-07
2.360464e-11
0.00032269175
0.11122004
5.579508e-08
1.7193817e-05
0.0006463474
0.9901693
5.3428003e-06
1.0662661e-08
2.997613e-08
1.9550375e-09
0.00020452603
3.882889e-10
4.7107733e-08
3.3762824e-06
0.0005053749
2.3277817e-06
0.362206
0.00071168394
8.5736247e-07
0.0007476916
0.0006845747
0.012030605
5.1924158e-06
7.6666447e-07
0.0001229042
0.00048319343
8.1230445e-07
2.2912025e-07
1.5651292e-05
8.422736e-06
0.8893793
1.3566023e-07
1.0271729e-05
9.732642e-07
2.5393638e-06
0.22255048
1.32993355e-05
3.1696259e-06
3.9654924e-07
8.585671e-08
0.00017980002
0.6086935
8.503941e-05
2.2410267e-08
0.4902308
1.2811846e-06
2.306008e-07
8.0272424e-05
7.704114e-06
7.2067137e-06
7.15602e-06
0.00017757117
5.7129528e-09
7.372487e-11
0.35311076
8.790364e-06
0.999999
2.997613e-08
4.0936476e-09
0.11122004
1.8974273e-06
8.697167e-09
0.0012123754
1.9614927e-06
0.53784996
6.689344e-05
1.633043e-07
4.5815822e-09
6.0212415e-08
1.7198417e-08
3.022662e-06
0.9999727
3.4280333e-08
0.0005617823
1.7308519e-09
1.6195468e-06
2.288801e-06
0.99999946
2.796923e-09
4.1859694e-05
0.9998318
0.0007476916
0.92510086
0.00065444363
8.220597e-05
2.3430765e-12
9.274062e-06
4.2702086e-10
0.8827093
6.298939e-08
5.9140957e-06
1.0431572e-05
9.635958e-10
3.8789367e-06
9.980452e-05
0.1405412
6.65247e-09
0.06919147
0.00031164603
0.695246
7.1871094e-05
2.1019006e-05
2.0086682e-05
0.004735097
1.6195468e-06
2.6158114e-08
1.3970425e-09
3.0426323e-10
0.6729584
9.325397e-09
6.440473e-05
8.064645e-08
3.4249933e-05
0.065679215
7.017572e-08
1.4231453e-05
9.695921e-08
8.1713274e-08
8.407905e-06
1.4471087e-08
1.7756412e-07
0.20536827
0.020580456
7.898515e-08
3.3754837e-09
0.016841283
0.00024278084
1.41154e-05
1.1006922e-06
2.0269637e-08
0.0009179539
0.009805779
2.2862916e-11
4.377062e-06
2.2211193e-06
0.0005994659
7.0487334e-07
0.0020873682
4.016346e-05
5.4302465e-05
2.0312871e-05
0.20804393
0.00071168394
1.4488397e-07
2.5359705e-07
