0.14481214
0.00015679326
0.022741817
6.0632463e-09
0.0032632623
0.009237599
0.99996734
3.796051e-06
0.004710194
3.796051e-06
0.99996734
1.5344805e-08
0.15868498
0.0003312985
0.013573752
4.035299e-07
0.00016834748
6.490983e-09
5.5950245e-08
1.2168788e-07
4.204337e-06
3.552553e-10
1.8914287e-05
0.080984995
0.0017814568
0.00642217
0.00024203522
5.6314394e-11
1.56572e-10
0.00013560895
0.0003581398
0.010553755
2.1239803e-08
0.99999785
0.004795786
5.8533e-07
7.882939e-08
2.115506e-08
5.311665e-10
1.8365772e-05
9.9273375e-06
2.5369093e-06
0.00019262235
1.4483879e-05
2.2382558e-06
2.5346165e-07
5.2238398e-11
1.8203004e-10
1.0151165e-07
1.6829321e-09
7.825634e-05
2.2876065e-07
7.1611154e-08
0.00060140615
8.9698244e-07
6.827097e-09
2.4823265e-05
7.192025e-05
4.172726e-08
7.317693e-08
3.4541422e-08
2.2458657e-06
1.4273573e-06
0.0009357067
0.091561936
3.0082523e-07
7.882939e-08
0.9567765
0.000106088315
0.00017526462
2.458634e-06
1.7669294e-05
0.0020214135
1.9762084e-07
3.2177365e-07
1.026374e-06
1.5352233e-09
2.4899489e-06
8.456293e-07
5.8759343e-07
4.999251e-07
0.00011554038
8.0949203e-10
0.001530289
2.5684287e-08
0.8901447
1.7559403e-06
0.00011408474
0.0002909617
5.9215037e-09
0.00096753245
6.148332e-08
3.2469904e-07
2.7561226e-05
0.07109606
9.2745955e-07
0.00020807127
0.00012582586
5.372342e-05
0.99257237
2.2696327e-08
2.1463663e-06
8.301685e-08
6.2058425e-05
5.1513066e-10
1.4112757e-07
1.381562e-09
2.3634135e-05
3.4541422e-08
0.0002028962
1.1690601e-08
1.1273534e-08
4.788212e-10
0.04744572
3.808546e-12
2.7477677e-07
1.627485e-06
3.9699647e-05
0.2789015
1.647464e-07
0.002908268
0.00010863565
3.5047722e-07
3.312805e-06
0.010568918
5.432263e-07
0.0019142212
7.216947e-09
9.378371e-06
2.050372e-05
1.3730402e-06
0.028125564
2.9251196e-06
0.0006596042
8.242441e-08
0.9992971
0.99999666
4.214832e-08
0.0031728307
1.0
0.87288535
1.9991625e-05
2.8677167e-08
0.0008568039
4.7088247e-06
5.311665e-10
4.4029203e-10
1.411059e-09
1.40245e-07
3.7355028e-07
0.0015964168
6.416856e-08
2.4961326e-05
0.019222973
0.6760491
0.003044749
5.5950245e-08
0.000577954
2.100036e-08
3.0985561e-06
5.6926996e-09
2.2882261e-07
6.132841e-06
0.011914898
4.763801e-09
0.007923041
3.7991075e-08
2.353159e-07
1.5878957e-08
0.000859341
0.0010021462
1.1393145e-05
5.7135004e-08
0.00012352524
0.00034168636
3.5213135e-09
0.00091442897
0.019222973
5.3236892e-08
1.6498218e-08
3.8361415e-07
1.951326e-06
0.00010913788
6.626506e-10
0.0020443809
0.00084657414
9.932477e-09
2.1167982e-07
0.00011973254
0.003121339
0.00022354633
0.973336
7.048989e-07
5.968011e-06
0.0019779906
5.320923e-07
9.333154e-06
9.2428e-05
0.958765
0.001172741
2.4451492e-06
0.0009147749
7.9199447e-10
0.0006596042
0.17621918
0.0015299582
1.8625618e-06
3.9407873e-06
0.001339579
0.00047369715
0.00027212244
5.7556434e-07
1.385256e-09
7.307825e-05
0.0008629444
0.032773644
1.627485e-06
1.672524e-11
3.970336e-07
0.9996268
9.204518e-07
0.8043979
0.00027212244
0.014670436
0.18640202
2.3478256e-05
2.556343e-07
2.9353643e-08
6.3957785e-08
0.91610146
0.9997965
5.1744116e-09
0.00013214703
1.894672e-07
9.701776e-06
1.3158595e-08
0.00013854218
0.016762542
0.6991861
0.47103044
0.0019450457
1.7090316e-07
0.15868498
5.6215385e-06
3.4840372e-07
4.0479544e-09
0.0013795083
1.7559403e-06
9.288581e-07
2.019869e-05
1.4379843e-07
0.003121342
5.084327e-09
1.4232647e-05
5.5568198e-05
8.414159e-10
0.99312913
2.210771e-10
0.0008848044
1.2088104e-06
0.000109002154
4.4001645e-06
0.0018561524
0.023736784
4.443759e-07
7.936314e-08
2.9927118e-05
4.6971427e-09
3.2463132e-09
7.067565e-09
1.3214172e-09
1.3321305e-07
7.781138e-11
6.110091e-06
0.0075755347
1.1267729e-06
3.316747e-06
0.000577954
8.928869e-05
4.592662e-06
7.466146e-05
0.0027294375
0.7936673
8.8059816e-05
8.335675e-06
0.0022612228
3.6783675e-08
3.0170058e-06
4.3405836e-07
3.0500829e-09
0.0002185694
0.9990199
0.99901193
1.647696e-08
1.8135016e-06
3.393774e-08
8.414159e-10
1.7874603e-05
5.17862e-08
3.1225873e-06
