0.78622824
0.78605884
2.5694412e-06
0.96178937
2.9688636e-06
0.7901437
4.020571e-08
0.004122602
1.2543653e-06
0.29446086
7.486293e-05
0.0012603819
1.0455484e-09
3.6688214e-06
0.2097048
8.004479e-05
0.0014898515
0.99714
2.9385426e-05
2.06337e-11
0.0016064506
0.00042454936
0.57524854
0.9915679
7.707853e-07
0.999884
0.0007102174
5.6370574e-08
4.508739e-07
0.7514319
2.1376093e-10
8.133073e-09
2.273827e-08
1.6242493e-05
8.240053e-05
0.0035998435
0.1022491
1.3707192e-06
0.00036926827
0.9366311
0.010354485
0.7285016
0.07595277
3.6088733e-07
4.61047e-06
0.0029954538
0.07102974
1.2738587e-06
4.9611528e-05
1.06499826e-07
0.99643457
6.403117e-05
5.9291574e-07
0.016877307
3.2932232e-07
0.0036525615
1.7500041e-07
1.2688285e-08
0.99939805
1.2374244e-05
2.6024866e-10
1.24809085e-05
2.909262e-06
5.4150183e-07
7.816418e-08
0.0032424573
7.5531105e-05
5.3121664e-07
0.7824456
0.00066797266
3.034337e-07
2.0235014e-09
0.97864896
0.00018363673
2.4161554e-06
0.057353623
0.00012445763
2.1955148e-06
4.58856e-06
1.4894169e-10
0.9915679
0.93996257
0.012428421
2.8968519e-09
9.97189e-05
8.027139e-08
8.903992e-09
0.1022491
5.0550113e-08
5.3348986e-06
4.1924446e-09
6.611161e-08
9.622345e-07
2.0690104e-06
7.936745e-06
0.09302743
2.7972317e-05
0.19134645
0.0021152827
6.5259824e-06
1.8388886e-05
1.9395062e-08
0.44113386
1.6770294e-06
0.023418505
1.0938115e-07
2.0729587e-08
2.6470394e-08
0.99853265
0.00033344625
2.3108346e-06
0.026803616
0.9999999
0.09213482
0.86164844
0.059231743
1.7913464e-08
1.9837831e-05
3.0675585e-07
1.6315223e-06
0.9999714
2.0880672e-05
1.6849725e-08
0.00053647347
0.00013945643
0.7847297
2.9988714e-05
0.75481296
0.016877307
3.348181e-06
1.4367875e-07
0.00037747325
0.0014626747
0.039419465
4.364705e-07
0.000110649366
5.3348986e-06
0.0009946025
0.0020690418
0.95143557
9.229895e-07
1.5140205e-05
1.7893474e-06
6.191833e-05
0.011391737
0.0036525615
0.30080405
0.024927652
1.0784979e-07
0.00828221
2.179092e-05
0.4974997
1.0293648e-08
5.1487757e-05
1.0129653e-08
3.0096949e-06
2.8748073e-05
0.0002801319
0.00828221
0.00021512964
6.278727e-05
0.74926096
0.9995274
4.9583645e-07
0.00021512964
0.9963654
0.0038955444
1.06499826e-07
6.606336e-05
0.37798163
0.0006381393
5.4221928e-06
0.99912846
1.2617788e-06
0.008021075
0.0012503696
3.2471763e-07
4.8147104e-08
0.77572465
0.2999737
0.0021152827
2.1146576e-05
0.00043295103
5.794156e-05
0.004122602
0.9701037
7.284468e-05
0.00029660398
9.49664e-08
5.664282e-07
2.872918e-07
7.631399e-06
0.9719328
0.008790959
3.0339405e-07
2.9392356e-06
5.554701e-09
0.28166613
8.128677e-06
0.0038512582
1.4069042e-07
1.4168375e-05
5.832393e-06
0.09820691
0.0021562295
0.00029406705
2.9988714e-05
1.8028864e-07
0.8543732
0.9968094
0.9896683
8.1679207e-07
0.99773645
1.4425287e-08
7.758949e-08
4.018159e-06
2.6394475e-06
0.9892785
0.0061963163
0.00015228563
1.149799e-08
2.8522578e-07
0.0038512582
8.099566e-06
2.8218147e-07
2.8777642e-05
1.3909027e-05
0.007243334
2.6208486e-06
0.040374003
0.08223064
0.0021617212
9.266444e-07
0.05757061
8.748948e-08
0.0005919171
0.00013948476
0.017510755
3.0673966e-06
0.0011960992
7.362646e-07
0.99999976
3.1527043e-06
0.0033041649
2.666644e-06
0.00013065264
0.024764396
5.9291574e-07
0.00019409043
0.08647987
0.40093946
3.43494e-06
0.07254057
0.0023499015
2.1533396e-10
2.0235014e-09
5.486159e-05
0.006479942
1.3346241e-07
0.025565106
0.000110649366
1.0938115e-07
7.486293e-05
0.013681567
0.004582709
0.9982581
1.2374244e-05
0.02790047
0.92287034
0.7143311
0.00085331843
1.7893474e-06
0.0048949006
0.3825816
1.5939113e-05
0.004433376
0.008021075
2.5626748e-06
3.405743e-06
7.677202e-07
2.0795303e-06
3.792229e-05
7.707853e-07
4.020571e-08
6.2722856e-06
0.9999264
3.6552217e-07
2.5817644e-06
0.000110649366
1.4275758e-08
0.057353612
0.00043794975
0.02103339
0.0012405254
0.00256062
4.5239124e-10
3.982866e-08
1.5140205e-05
2.3188834e-06
3.214423e-05
