1.0
0.8406395
3.494019e-08
0.00029601777
9.322858e-08
4.4281904e-08
1.0689907e-06
0.0029520527
0.0016794908
9.992638e-09
0.6482833
2.9911703e-06
0.00029830154
0.9619563
0.0002665203
1.230629e-11
0.99999404
0.9894613
4.4167354e-08
0.11546207
0.00013095909
0.0001798614
1.7967954e-05
2.4121374e-07
0.00013581742
6.96235e-08
1.2063645e-05
2.9781224e-06
1.7387116e-06
2.7265978e-07
0.11546207
4.5335323e-06
0.0335667
0.5377856
2.6668134e-08
2.6541729e-08
1.5744037e-07
1.4177827e-08
2.135491e-07
3.1247095e-07
5.3629956e-06
2.1985687e-07
8.960266e-06
3.435574e-08
3.741636e-05
3.5323963e-05
2.522876e-08
0.00020546559
1.4374648e-06
2.0503525e-05
3.519796e-09
0.97333956
0.93456167
0.002900921
2.814987e-05
8.689731e-05
3.369911e-10
1.9489792e-06
8.216388e-11
0.9999776
1.3101829e-06
4.308559e-07
0.014792028
3.7832572e-07
0.00016982268
2.1257014e-07
3.3497824e-10
1.1970181e-07
1.4059385e-07
0.9995988
3.19644e-05
0.99994123
1.4059385e-07
0.041362375
0.0005783122
0.0036830134
0.00092700776
1.2873279e-06
1.8422308e-07
0.99979997
1.5745044e-09
7.429018e-08
3.322864e-05
2.0634833e-08
0.9999996
0.39641827
0.003726627
0.0063613914
0.0020182463
0.00017919157
6.3428933e-09
0.0009787132
3.0775552e-06
1.0395675e-06
0.024378808
0.06108555
3.3024598e-08
0.0003266188
0.9999928
0.0011424507
0.053016353
2.0506445e-09
0.012150976
3.1247095e-07
6.890732e-06
0.0010732777
1.6543536e-05
0.0030070464
6.96235e-08
7.410576e-07
2.1751845e-05
0.00020374125
0.00030305024
0.9999996
0.084242746
0.00039060574
2.0444031e-05
2.456117e-06
1.6941375e-08
0.011713564
1.7491595e-06
5.8750885e-08
0.00014599727
0.0067037963
0.0024022143
5.2617847e-06
0.53957
5.9221984e-05
0.00024213054
1.5675957e-07
0.9998784
0.99972653
9.945657e-08
5.988017e-07
3.5346125e-07
2.1760061e-05
0.0003972932
3.9660213e-06
0.0011424507
0.2510609
1.3442467e-05
2.1971532e-08
0.24515079
0.9999999
0.24695571
5.5882094e-08
0.0004073337
0.00069413614
0.010096552
0.00026800894
1.435665e-10
1.960698e-06
0.35323733
0.9392802
0.748917
0.9999774
0.94514245
0.006844585
5.8943433e-06
7.644836e-07
2.522876e-08
0.34213448
3.3880893e-05
9.112929e-07
6.237009e-09
1.4473351e-08
0.05773557
0.05737771
0.99747497
7.358201e-05
0.17784008
2.054245e-06
0.23935042
1.3015815e-05
5.7498193e-05
4.7408795e-07
1.6543536e-05
6.866105e-05
0.00085471076
2.0512457e-06
0.95143515
0.034871537
2.768941e-06
0.9807326
5.4934044e-05
0.85739666
0.0016148716
5.0500194e-08
4.4857199e-10
3.647049e-08
0.0048687365
3.1946695e-07
0.0003266188
0.6745525
1.0
2.4555722e-05
0.05911596
2.6755563e-08
3.4903253e-05
6.354348e-06
5.781032e-06
0.000683477
8.84101e-08
0.99956685
0.99978197
3.2939374e-06
9.706724e-07
5.471759e-05
1.1963033e-05
4.870729e-05
0.027657842
0.00028086736
4.18201e-11
1.2033847e-06
0.00030753718
0.0068101822
0.023866335
0.20264079
0.05737771
5.2202715e-08
6.323572e-06
9.0003294e-07
2.2141618e-08
0.0016794908
2.3228451e-06
0.0003163594
0.001076391
2.2021112e-09
4.8018806e-06
0.037261054
1.8787855e-06
8.171114e-06
0.999621
4.1668325e-05
5.2471974e-06
3.0063718e-09
2.2179576e-08
0.0067037963
7.524563e-07
2.5291188e-06
4.970806e-06
1.2513749e-08
7.362479e-08
1.1435504e-08
0.011866616
3.966041e-07
1.4374648e-06
0.66787875
0.9999996
2.5016901e-05
0.8676026
4.2802426e-08
2.6067376e-06
0.6008983
6.1767e-05
4.2306675e-07
4.0113826e-10
0.9998666
0.0025272197
0.5566268
0.9999989
4.646648e-06
2.4068345e-06
0.0002579287
1.2057375e-06
2.7836946e-11
0.030868463
0.011307717
3.2667429e-06
4.665421e-07
7.856131e-08
4.046722e-05
0.0030650396
0.9998264
0.00032992556
0.43717846
0.20260783
1.255612e-07
5.1685333e-06
5.4242497e-07
1.3389134e-08
2.4035586e-05
6.826319e-06
1.3527287e-08
3.7849957e-05
1.7351867e-06
5.1927327e-06
0.1164033
0.999993
0.53957
0.00055316446
0.974118
0.2510609
3.3024598e-08
1.5113193e-07
1.3030569e-05
0.9807326
7.799875e-11
7.702415e-07
5.315367e-06
