0.99995834
0.14854404
0.8751007
4.126954e-05
0.014818646
1.982861e-07
0.9595673
0.00039499826
5.3787386e-07
0.003260907
0.17529747
0.0012112407
1.2068119e-06
0.0058259247
0.0011315682
1.208247e-08
5.5328596e-06
6.298975e-07
0.0003180978
0.95024705
9.589777e-07
0.41970962
2.2863328e-07
1.928234e-06
3.726196e-05
0.030320583
0.02057997
2.9805972e-06
1.0586385e-08
1.6195143e-07
0.00014617766
1.1708034e-07
0.99999666
0.0004012859
0.0018974582
0.9720895
0.0021007403
0.890046
0.013378957
4.6221405e-05
2.9096615e-08
9.774633e-08
3.8227413e-10
5.8679436e-08
1.8129626e-09
0.00014278092
1.2128233e-08
0.99999696
0.00034154276
1.6065962e-05
0.000539355
3.6473107e-06
1.1264504e-05
2.1971e-05
0.9951436
0.9628861
8.3604453e-07
3.622314e-07
1.4688636e-05
0.01531465
0.0007221902
0.00019971086
2.907909e-07
4.8842903e-06
0.06239161
6.9487774e-06
0.00018025491
3.6737683e-07
1.5115055e-06
0.0016097687
4.171763e-08
0.64623916
1.0820851e-05
0.00022343872
2.9940587e-08
3.4872927e-09
4.5234865e-05
0.07140143
5.8580707e-05
5.321734e-05
0.1102456
0.00041890767
0.99999976
0.99993736
0.00079710246
2.815036e-07
7.199569e-06
1.2348544e-05
0.00034331245
1.7721346e-09
0.0003912441
0.53701544
3.925833e-05
7.225445e-09
3.3492765e-06
0.0016859631
9.747326e-07
0.29550293
4.5869685e-05
1.7784521e-05
7.655724e-06
3.1833864e-05
0.019723685
2.5212435e-07
3.8227413e-10
0.0008955162
0.0007168961
0.0063724834
0.0035793637
6.2071706e-07
5.588124e-08
0.047035538
0.00028412166
7.6382134e-10
0.9999999
7.8135696e-07
1.2346128e-07
0.030297944
0.0021900805
0.038115554
5.736669e-05
9.856691e-08
1.4876752e-05
0.0007055434
9.20533e-05
0.9999838
0.00044500647
1.3162378e-07
0.9997271
0.00048807156
0.27340618
0.00018324493
4.6390575e-08
1.704791e-06
5.292292e-06
0.00054661813
8.300881e-06
0.016449796
3.0650963e-07
0.67740434
0.0016640216
0.99995834
9.289526e-05
8.803667e-07
0.00015775845
0.99987364
1.2623685e-06
1.44925e-05
1.827654e-05
1.1728042e-06
2.30255e-06
5.5328596e-06
0.004175081
2.2638708e-06
4.9770984e-05
1.4168959e-08
0.99995565
8.3766867e-07
0.0018240702
0.00041890767
0.00038513105
1.2623685e-06
0.95024705
0.72432363
0.0009962005
0.002919984
1.5616192e-10
0.001887634
4.126954e-05
0.0008823427
2.6972873e-06
8.047708e-09
0.0030150942
5.0123595e-05
4.0390195e-11
0.0101524405
0.46517208
9.217861e-07
5.518834e-05
2.9778846e-07
0.12257998
8.513514e-06
0.00011125603
0.04501617
0.999962
0.0007555892
7.255144e-05
1.1321563e-05
0.97100216
5.306483e-06
0.9999965
0.00029107908
0.00019068313
9.9610315e-06
0.0035806666
8.6208056e-05
1.7236569e-05
0.14854404
0.0019881357
5.488775e-08
2.9096615e-08
6.9487774e-06
0.0026279269
1.629706e-11
2.1862168e-05
1.0350671e-05
3.0455316e-05
9.774633e-08
0.14355515
4.7230365e-06
0.041718718
1.02780746e-07
2.6703006e-07
2.3678515e-10
0.99952394
0.0038062658
2.9701113e-09
0.99999547
5.710232e-08
0.0009065623
7.183255e-07
1.7651107e-06
2.147192e-05
2.1050239e-05
0.07369469
9.394272e-07
7.849131e-05
1.3561826e-08
1.1347321e-05
0.00046508602
0.0017157495
3.561812e-06
7.106146e-08
9.838152e-08
0.0013183596
2.1779671e-07
0.0021829635
1.9481056e-06
3.6114332e-05
3.451739e-07
3.2525984e-06
5.5328596e-06
0.00030662725
7.80578e-06
4.916827e-10
1.8194056e-07
0.67740434
9.96467e-07
0.019521553
0.0003180978
0.00091375917
0.49884748
2.4880499e-06
0.9951259
3.0735177e-07
5.1753595e-06
0.00022904437
0.99919444
0.9999965
0.00017985317
1.9357869e-05
0.9886542
7.276596e-06
1.44925e-05
1.5254351e-05
9.7353556e-08
0.0022401495
1.0
0.00087579514
8.911097e-06
3.4929174e-06
2.4902505e-05
0.78985375
7.614262e-05
1.6937359e-09
0.9766967
1.0429099e-08
0.11295809
0.9884936
6.1534747e-06
0.26892298
0.0005992725
0.009777411
0.49884748
1.1630733e-07
0.14355515
2.629496e-06
0.6064239
0.0001885598
0.9988472
9.249519e-05
2.5212435e-07
0.00022378327
5.699269e-05
1.6174275e-07
4.0222737e-08
3.2557262e-05
1.1945963e-06
3.7234535e-11
0.00034331245
