0.99784726
0.9999958
0.9999998
4.5470355e-05
2.59453e-07
3.0050487e-06
2.7607393e-05
0.00066335616
6.7106375e-06
0.0049784277
0.044241697
0.00018091852
0.99991274
1.0011038e-05
0.0010163496
0.019305523
2.7751457e-07
0.00025796067
0.0030546787
0.9999672
2.3457203e-07
0.99799335
0.0003808086
2.4197428e-07
0.0002445096
0.0007983807
0.0053549516
0.00030580515
0.00015471557
0.23757382
2.2112403e-09
0.9227397
4.5171408e-05
8.680827e-09
0.00044716834
0.99999577
0.25211382
0.00053326774
0.018996827
0.77988976
3.2939425e-07
0.21212545
0.00013646104
0.0012396224
1.6870885e-05
0.0004074156
1.0329963e-05
0.9994718
0.40879837
0.00032710805
0.38188222
3.7585265e-05
0.08220101
0.00015638236
0.00015964637
8.875915e-06
8.415534e-06
5.2347488e-08
2.697187e-06
2.2524143e-06
6.7106375e-06
5.3888143e-06
3.3599857e-08
0.0009271795
4.0496507e-06
0.00022569226
2.0701511e-05
0.0005669665
0.006827989
0.049504276
6.057677e-08
0.13384213
0.9993978
0.15911183
0.9999889
2.5448633e-05
0.21094052
8.982433e-06
0.4045198
0.28805113
5.875313e-05
1.6217616e-07
0.01641453
0.99999917
6.7527703e-06
6.7762976e-06
3.142441e-05
0.61991566
0.00013250664
1.1728966e-07
0.99999994
1.457722e-05
0.03451731
0.47746864
0.9999603
0.07120801
0.00019905802
3.484952e-06
1.1911767e-06
0.00022068797
0.0005669665
0.9769064
0.99992424
0.00022569226
1.6089399e-07
0.9932249
0.00013939437
2.0364791e-06
0.99355185
0.9769064
8.385311e-07
0.99980944
4.0801438e-06
0.0012254057
7.437382e-08
0.016273186
0.013417621
0.033325832
0.9976731
4.0326107e-05
9.65317e-05
0.098618574
7.0645874e-05
0.07753443
8.964129e-07
1.230458e-05
0.001517739
3.0577507e-07
1.2754682e-06
0.987937
0.99045604
0.0028825717
0.09686336
1.8892257e-05
0.0002425735
7.165733e-08
0.0006284
0.0005364405
3.142441e-05
0.9999284
0.00011503512
2.1478289e-05
9.471596e-10
5.875313e-05
1.0
4.220294e-08
0.10707928
2.3887194e-06
0.00018486334
0.00020947485
4.215411e-08
3.8560943e-06
0.00021086998
2.7653098e-07
2.0658705e-07
0.99991554
0.004917006
8.3405505e-09
0.00014496285
7.43957e-06
0.026858162
0.113664255
0.0052973325
0.10276012
0.0020017875
0.0033469764
0.001845612
2.267353e-07
4.1986328e-07
0.5850238
1.66874e-07
9.827181e-08
1.5291272e-09
0.001078324
0.9869542
0.0019079953
2.1613396e-07
0.033604935
2.0692374e-05
0.9988267
8.0351696e-05
0.008350498
2.7751457e-07
0.00061370496
0.01731315
4.538865e-05
6.874818e-05
1.6488173e-06
3.3745076e-07
3.0080482e-08
8.6459244e-05
9.758758e-07
0.00040604576
0.07448869
0.0018625107
0.032668613
0.051259927
0.0005648413
9.392727e-05
0.9999902
0.99999136
0.0042480268
2.6083915e-09
0.00031389762
0.0004633797
3.1963762e-07
0.0014487926
0.003051516
3.4887048e-08
0.051259927
0.00016476572
7.337984e-09
0.2336016
0.9999995
9.489014e-07
2.6331061e-05
1.10327555e-05
8.400405e-05
0.00018486334
0.00032720412
0.00016930014
0.017602071
0.9999603
7.765604e-06
9.910746e-06
1.0865875e-05
0.9999843
0.10707928
0.99999225
0.008461342
1.39982514e-08
0.025262386
0.016494062
1.3124204e-05
0.9999554
0.33138642
0.044071082
8.409045e-05
9.784117e-06
3.3496595e-05
2.33504e-05
0.00022793614
0.02039345
0.00036988518
0.99922425
6.3775274e-06
2.8733534e-06
0.0013732578
8.712037e-07
2.6809303e-08
0.32134002
1.9812422e-05
1.4191227e-06
0.0003136338
0.0014487926
1.165704e-05
1.10327555e-05
2.706148e-05
0.79926455
2.59453e-07
0.0036451158
1.7966653e-05
0.0062750056
0.03280121
0.6324039
1.3361157e-06
0.0053549516
0.6874445
0.05204561
2.898979e-05
0.9999708
0.036547095
0.76328886
2.4681034e-07
0.00020947485
0.00046014469
0.001418077
0.35078475
1.6552343e-06
0.9994974
0.00018345717
0.4349016
0.022465141
0.14950584
4.5139656e-10
0.00016506104
2.1099034e-07
0.0072372127
0.9998433
0.0005364405
0.00097378495
0.9217241
2.3438373e-07
0.036895644
0.971999
6.4157816e-06
0.03451731
1.257447e-06
0.00018486334
4.4979347e-06
