0.0020047734
0.10546781
1.0
1.0
1.0
0.0013907916
6.5294284e-07
0.27534032
5.9318354e-05
0.99978083
4.0701332e-05
8.970732e-06
9.230422e-06
0.9268768
0.0006238638
3.341204e-07
2.5235698e-07
2.7097508e-06
0.0044762013
6.735044e-07
0.0004880504
2.7621415e-06
6.7143824e-06
0.9831492
1.5826723e-05
0.9988007
1.089888e-07
0.0005464291
7.7703805e-07
0.943932
5.125569e-06
0.99999714
0.9998097
5.6123652e-05
0.0053243684
6.249636e-05
0.26667988
7.259406e-11
4.108852e-06
6.0492707e-06
4.2454602e-07
0.0030172938
1.6122105e-05
2.5456532e-06
0.88344663
3.6655688e-06
8.8003543e-10
0.0026836926
0.013650323
0.99225616
1.6176162e-05
0.80123305
1.5517357e-06
0.0033401435
0.0011595456
8.133671e-06
4.5856388e-05
0.001149208
0.0029007182
4.8222475e-05
1.761959e-06
5.3175194e-07
6.4601173e-09
0.0024054823
3.412051e-05
0.99983937
0.9979464
2.5090992e-07
0.001465523
4.176596e-07
1.089888e-07
0.92798746
0.9836362
0.00032594195
0.0011065702
0.057935014
1.7022252e-08
8.919138e-07
6.5294284e-07
8.8003543e-10
2.948763e-09
0.2966132
3.0696733e-06
0.7162161
3.417509e-05
0.0011227288
0.9995575
3.346824e-05
0.00011140433
0.011546378
1.7901052e-06
0.0028928912
1.677664e-08
0.0002277632
0.018089226
0.0006045858
0.7598739
3.417509e-05
1.257045e-05
1.8537141e-05
0.97765255
3.1879786e-06
0.9451277
0.0009336647
4.956581e-06
3.0492894e-05
0.002624335
2.4062585e-06
8.532127e-05
8.1048444e-07
6.3380803e-09
2.4284118e-05
1.6443821e-10
0.9994824
0.0018678113
9.6554075e-05
7.979253e-05
2.0810085e-06
1.666693e-06
0.0004937165
1.6122105e-05
6.306005e-06
2.9676946e-06
0.2528308
1.761734e-07
0.01410133
5.622207e-08
0.006185476
1.3925158e-07
4.583918e-08
5.332134e-08
0.13868979
3.2310695e-08
4.0035175e-06
0.9999209
0.002560251
0.0664671
0.33260635
0.05990671
0.9981262
3.293889e-05
0.056574598
0.07078132
1.2542931e-07
3.3492572e-06
5.5481203e-05
8.393319e-05
0.84534997
7.73986e-06
1.2462424e-07
0.014321217
9.655399e-05
7.150488e-06
0.9999275
1.07736305e-07
0.07536389
0.91658753
0.004791366
2.982612e-09
0.00037911054
1.6477767e-05
0.031036992
0.9999995
0.00023834778
0.9967981
1.1461398e-05
1.6796044e-08
2.2033695e-05
4.1971197e-07
0.0013128314
0.013506921
6.641291e-08
0.0044762013
0.9999979
7.259406e-11
8.319421e-07
6.5697976e-05
0.0035380288
2.0833358e-08
0.0039410545
1.2438882e-06
0.0006045858
5.7862106e-08
0.5413802
0.9999754
2.434738e-07
3.402265e-07
0.00034215022
0.00028628905
0.00094081473
0.0024446307
0.034760825
0.40039054
0.7355952
0.0035380288
0.0009336647
6.2784916e-06
0.00017398353
0.04555214
8.300637e-09
0.0008560833
0.000100375364
3.5758414e-06
0.00015627444
7.887849e-05
0.9999898
0.45148116
0.00083888695
1.8830312e-08
1.8974581e-06
0.033629946
6.5207917e-07
2.2305132e-05
1.2187561e-05
2.4601e-06
7.24579e-07
8.80807e-06
0.010152584
0.0011205556
0.9367971
0.88344663
0.0020971408
0.6486933
0.99147487
0.00037183892
2.2471618e-06
9.0236746e-08
1.2133583e-07
0.081662096
5.1828854e-05
2.4860397e-10
0.00032031964
0.9999275
0.001737055
9.347221e-05
0.99910414
0.00041541376
0.973056
0.0017798523
4.8463997e-05
1.0776873e-06
3.5289338e-07
0.0037953318
2.0352546e-07
3.890947e-05
1.8578641e-05
0.01600591
0.00082588685
1.4588265e-06
2.4322893e-05
0.033059523
0.32547703
3.7957832e-07
1.895698e-08
8.636916e-06
0.0020971408
0.040937107
0.99693274
2.1456322e-05
0.0004522346
3.281764e-07
1.9478046e-10
0.04741814
0.9999894
2.1893627e-09
7.340311e-08
0.0009536808
2.5235698e-07
0.01587625
0.0012818841
1.761959e-06
0.028239707
0.030041257
0.0001447413
9.493292e-06
1.0
0.00011534928
5.273956e-05
5.273956e-05
0.9995962
0.99997383
0.00032594195
3.473355e-07
0.010209252
0.14304803
6.5697976e-05
4.39088e-06
0.0014218132
1.8182951e-06
0.00035795517
4.875813e-09
2.3996947e-11
0.80705374
4.324459e-06
0.5850834
0.9996379
0.984678
0.9999783
9.493292e-06
7.005044e-05
