0.012653692
0.23417674
1.2066116e-06
0.99962986
3.4913443e-05
1.091315e-07
3.899108e-05
1.6117605e-08
8.273071e-09
0.9999996
1.2462525e-10
9.2821817e-10
8.7158764e-07
6.949123e-07
0.99974346
1.7719346e-06
9.5019817e-07
2.9806515e-08
0.0009717428
0.07592983
8.738576e-05
3.406997e-06
0.0044784755
3.695801e-08
0.0005537537
2.8169675e-09
9.047837e-08
6.3458974e-05
2.1065628e-06
0.0001321241
1.1854335e-08
1.2540252e-07
0.0037795603
0.062117383
5.16749e-08
0.0044486797
0.00019928857
8.233779e-09
4.9122013e-06
0.015598078
0.9999269
9.224592e-10
3.524e-07
4.8061867e-08
3.424617e-06
1.6676147e-08
0.99998695
1.1463314e-10
2.8242373e-06
0.84099084
0.00075789215
0.5139652
0.0001879391
0.0022278714
1.1991963e-06
0.0001610151
0.00015915361
0.00019858597
5.1432294e-09
1.6806608e-07
7.165733e-08
0.00016723252
4.269573e-05
6.6944654e-06
0.00621236
6.563116e-08
0.1185094
0.03663643
0.02807687
0.00016846824
5.2306546e-09
0.016925462
2.4273376e-07
0.939515
5.9020216e-08
0.0067165345
2.7343341e-07
0.06260428
6.683777e-05
1.4825885e-06
2.1496279e-08
0.99949867
0.09379244
7.340731e-08
2.9323728e-05
0.9873435
4.3348765e-09
1.1252694e-05
0.99870175
0.45337403
0.38305163
7.789388e-09
1.1430358e-06
1.0230099e-07
1.2547693e-07
9.460907e-10
2.2654707e-09
0.39022332
0.01893683
4.795318e-06
5.400547e-07
2.1994978e-07
1.3610072e-06
5.5148206e-08
0.003993143
0.99746454
9.047837e-08
0.99999934
0.00973845
0.001375323
3.5891412e-07
0.014212549
0.9996062
5.369795e-07
0.08065321
2.6629183e-07
0.99999934
1.9583666e-09
2.6983373e-05
7.5895406e-07
5.1733724e-07
0.9994583
1.7064235e-10
0.0003023827
2.7209064e-06
2.3962771e-08
0.890409
3.1618719e-09
1.18422445e-08
1.3561186e-07
9.1949806e-07
0.2698676
0.10757533
0.011352574
0.018448764
2.0951804e-05
3.1629895e-08
1.8526171e-09
1.9619174e-06
0.26428962
8.894614e-11
1.813932e-08
0.9996868
4.7723956e-05
0.9936639
9.8635546e-08
6.272198e-05
0.00037654437
5.307718e-09
3.8767066e-08
2.367544e-05
5.385488e-07
2.3781243e-07
4.193761e-05
8.502871e-05
0.08681019
0.9998369
0.6092934
9.4357065e-06
0.038740996
1.0
2.648174e-07
5.0061925e-07
0.6167548
5.2368813e-07
1.38497e-10
6.3458974e-05
0.9666534
1.229758e-08
5.077817e-08
0.92876303
0.7596302
0.00011140784
1.8369251e-08
2.4681581e-09
0.039084442
0.3707181
6.0335415e-06
0.84099084
0.00074291835
0.00033258364
7.434064e-08
2.3346439e-07
6.509918e-08
0.99997663
0.013806514
3.7394662e-07
0.02702719
0.00022336013
1.0460982e-05
0.00035301078
0.0021233156
1.1624646e-05
0.9994583
0.19343501
6.428129e-06
0.00077751046
0.00621236
2.1566279e-05
3.634085e-08
3.513538e-09
1.2371839e-06
1.9256785e-09
2.225552e-05
8.663958e-06
2.190225e-07
1.4089713e-05
0.9950741
0.13174318
1.16808216e-07
0.00012269821
3.2668077e-11
0.018831931
0.50852966
5.8289066e-07
0.011352574
8.233779e-09
4.0391026e-08
2.1359796e-05
0.011352574
0.9728707
0.0029154117
6.4330567e-07
3.0138176e-07
6.291409e-05
1.9256785e-09
8.224588e-05
1.8125753e-09
0.9999996
0.014577256
2.869893e-09
0.001083451
3.7115547e-06
9.141429e-05
8.7163185e-12
1.8488028e-07
0.008850844
1.3062215e-07
1.7822096e-08
2.4255783e-08
5.4087883e-05
6.3305592e-06
7.847848e-06
0.00018595411
1.3375346e-05
2.6395885e-06
7.4770396e-05
2.8784354e-08
2.7126593e-05
0.815138
0.0073760375
0.6092934
1.1011542e-06
6.180513e-07
0.031544056
2.5940974e-05
0.7952073
0.9994379
1.1796334e-06
3.446485e-10
0.00042920173
4.1313203e-07
0.00020892831
7.421118e-06
0.00024276253
0.46954572
3.072753e-07
0.003362345
0.008047172
6.987004e-05
0.9998923
0.106995486
1.3128216e-07
0.9324552
0.11559942
3.110351e-06
3.2430415e-07
8.418389e-08
0.29873443
1.9491934e-07
3.868792e-05
5.9020216e-08
0.012875451
8.230339e-05
0.009246199
0.00042471592
0.011352574
0.9993524
1.8762794e-09
5.977416e-07
5.8504986e-07
0.00016221184
2.1200127e-05
1.6806608e-07
8.420094e-06
0.0034953556
2.3223802e-06
4.863532e-07
4.526213e-07
0.00051146507
