0.013199349
1.0
1.0
1.0
1.0
1.0
1.0
1.0
1.0
1.0
1.0
0.9999891
1.0
1.0
0.99999917
0.9976901
1.0
1.0
1.0
1.0
0.0001738323
1.0
1.0
0.0051423325
1.8518045e-09
2.04437e-05
0.004151993
0.0026248817
0.72777086
0.10570299
8.9254604e-07
0.00063199416
0.0002683178
1.8365053e-07
4.427335e-06
0.00020761132
0.7079395
1.9130086e-05
0.0011887635
0.000340899
0.000409498
4.805862e-07
0.00018809328
0.6890223
0.0018937322
0.012140088
3.1043723e-07
2.3864607e-06
7.661823e-06
4.5957984e-07
2.795157e-07
0.009984437
0.11831012
1.9653444e-05
1.17551235e-05
0.000409498
1.0096611e-06
6.206507e-07
0.9997963
5.8646177e-09
0.00052441965
0.0036373707
4.2710198e-07
0.99990135
1.693802e-07
1.813516e-09
1.9130068e-05
0.014039184
6.4753527e-09
8.0550155e-05
8.128692e-05
2.2597253e-06
8.352327e-05
0.03559553
0.00080426753
3.4271463e-05
8.3913267e-07
0.99999595
0.99921376
2.276089e-06
0.0013794367
5.900187e-07
1.00101305e-08
0.0005159636
4.4488766e-05
0.018445915
4.880957e-07
9.521038e-11
3.7208116e-07
3.1888421e-06
0.00036657523
0.99999577
0.9990795
6.8743425e-06
5.8518935e-08
0.0029662354
8.502669e-09
0.0004080231
4.837147e-10
0.719032
2.0671032e-06
0.000114948285
0.01970196
0.012993568
8.5187104e-08
0.0007558881
1.5888947e-09
1.4595856e-08
0.99926084
9.1846246e-08
0.70793945
5.4936766e-07
8.7622806e-07
0.9947681
2.1310491e-08
0.023373943
0.7500774
2.2657412e-06
0.00035115427
0.9999605
5.1080556e-06
1.026237e-06
0.0023501252
1.2409711e-06
7.2273614e-09
0.9999713
2.5215197e-05
1.2122194e-06
0.99985015
0.10025684
0.7568616
2.689417e-07
0.03860926
2.5195675e-08
0.99089223
7.336647e-06
0.0018386898
2.9771922e-05
2.258452e-06
0.00017266703
2.8989183e-05
0.99981856
0.00026218258
3.7035166e-05
1.4894276e-06
0.051470365
0.0034093698
0.8762851
0.0037130502
1.4483948e-07
0.00045260115
3.4846778e-10
1.226082e-10
1.3914783e-10
0.3101949
8.39981e-06
0.018154236
0.0017401072
4.6135974e-05
1.3979186e-05
0.0037130502
0.9999284
4.595777e-06
2.8933248e-06
0.0028385643
1.4187153e-06
0.00014518638
0.0011305948
1.5635543e-09
0.9950179
6.0803877e-06
3.6034734e-08
1.8788587e-05
6.4755405e-08
0.99682087
1.08032204e-07
5.8646177e-09
0.9983039
3.1043723e-07
0.0010600314
0.9999806
1.6000848e-06
0.00019424612
1.4535376e-08
2.423438e-07
7.654029e-08
4.587528e-09
9.356344e-09
1.9608287e-06
9.2166076e-05
0.9999996
0.9999978
0.00010893845
0.0036373707
0.0429237
0.00079965644
8.1570095e-10
0.99432594
1.1680052e-05
2.4467761e-05
0.0006586325
1.1713561e-05
0.9997971
6.862505e-05
7.4209015e-07
0.0701052
6.070701e-08
0.9999713
2.1790462e-05
6.5417016e-10
7.9048306e-08
3.7962033e-07
0.000952896
3.476169e-06
0.43664503
3.7283528e-06
0.0033321765
0.064195074
0.00023668919
0.0003086116
3.1656466e-05
7.363332e-06
6.2855514e-07
8.5265e-05
0.0033600032
0.99999654
1.6000863e-06
0.00012520373
0.7686365
1.0805342e-05
1.33480125e-05
0.022923876
1.817122e-07
2.8709842e-06
3.6905994e-06
5.109772e-05
8.1431097e-07
9.29836e-10
9.1846246e-08
4.785721e-05
0.011681036
2.3008818e-06
0.99996716
6.9094463e-06
0.0034105773
2.1855699e-07
0.024441218
1.5434383e-06
0.0014563695
8.5265e-05
2.054835e-05
0.0055608754
5.1260144e-05
7.0360745e-10
0.0012434899
0.0011763324
0.024441218
0.025562303
1.8409361e-06
0.0014757856
6.158625e-07
0.11831012
1.6269475e-08
0.75028247
5.431784e-09
4.3023626e-10
0.98898804
0.000114948285
0.096330896
4.5285888e-06
1.1547985e-05
5.1313265e-08
3.4770064e-08
0.99989504
0.9998274
5.267593e-05
3.471885e-06
3.523723e-05
5.21805e-06
4.6898953e-05
1.7022577e-08
0.6855878
0.7568616
0.00040431574
0.0009950802
7.61442e-09
2.2434147e-06
3.5889255e-07
2.5914096e-05
1.2889113e-06
0.99999994
0.29363003
1.2935177e-09
0.003920901
2.3631963e-09
0.99995524
0.32021064
1.9060994e-05
3.1785297e-05
3.208616e-06
