1.0
8.462088e-10
1.0
0.0029993097
0.99999976
0.0021070202
0.0028254595
0.0014416381
9.881828e-06
0.93253917
0.99836385
0.00030568623
7.745196e-07
1.9389905e-05
0.033948362
4.239482e-06
1.6696134e-05
5.201586e-07
1.0864396e-09
1.8136978e-05
0.00010671545
1.1932416e-08
0.004478539
0.9980708
8.97602e-06
3.7922482e-06
0.0011373574
0.0014394815
4.6600144e-06
0.9227267
1.4869518e-08
0.99981797
0.048198663
0.3293174
0.15281299
0.860034
0.99999994
0.9984342
0.99933565
0.9992903
0.00915323
0.0031199905
6.082906e-07
0.005975601
3.1535576e-05
0.8851263
0.005975601
2.1016942e-05
1.2311293e-05
0.022991205
0.024010608
8.11387e-06
0.078999996
0.01612299
0.010682997
0.06752393
1.1669475e-05
0.020167658
1.3916191e-05
0.00020588722
0.027887722
0.63247997
1.0642672e-07
3.5404798e-06
5.0730807e-05
1.4188046e-06
0.19463362
0.43824804
0.042566285
1.6696134e-05
8.97602e-06
8.495545e-05
0.04241076
0.00035195157
0.97644037
1.5377654e-07
0.9992903
0.0013310994
3.2382636e-07
0.5703794
0.99992144
0.005193254
0.0020367322
0.0006570272
0.05208915
0.9999923
4.7693857e-07
1.847558e-06
0.005749862
0.03226077
0.0063672652
0.9999989
3.871796e-05
0.684372
0.9999104
0.002569064
0.9957649
0.028013064
8.469138e-06
0.010418348
0.024544096
9.454526e-07
2.050143e-06
0.033720545
0.00014061386
0.00013741267
0.99999994
0.68439245
5.583965e-06
2.6295635e-07
0.012066767
0.116357304
0.53938866
1.04872015e-05
0.97812796
2.7074054e-06
7.838264e-05
0.0015732658
0.0007959912
1.4056696e-05
1.9464701e-07
0.1971058
5.0395695e-08
5.9683083e-05
0.27189174
5.1832423e-09
0.009162455
0.0012323644
0.0015157113
0.8048742
0.0020520692
3.5704948e-06
0.00010220157
0.719246
0.00022548104
7.8265606e-07
0.21623163
9.71244e-06
0.0054717446
9.542825e-06
0.55301726
4.2260508e-05
0.003834512
4.577166e-06
0.00020361578
1.8203599e-06
1.6980475e-06
0.8184681
0.01011814
2.3094487e-06
0.0005783874
0.008486471
7.4869973e-07
0.6251968
0.6003996
1.1077128e-06
0.0013657868
1.240254e-06
0.01708663
0.4709295
0.005826684
0.95285094
0.021007258
0.99534345
0.99030304
5.3782406e-07
3.8483402e-05
1.3676678e-06
0.0004108127
0.9999973
0.77810585
0.99999887
0.16551407
0.00018739799
0.002733295
0.039760545
0.0001423356
0.69857
3.6992567e-08
0.007997197
3.0354173e-09
1.5287571e-05
0.5312371
6.1498667e-06
1.4896933e-09
0.00011459763
0.99925464
8.603311e-06
0.012361258
8.8247114e-05
4.8186064e-07
2.6226114e-06
2.5375592e-05
0.0008739662
0.08046526
0.666026
0.5524769
0.89385
0.0015263887
0.015662238
0.00051497284
0.805177
0.9985691
0.66514397
1.7758253e-05
0.0029316018
1.240254e-06
4.086242e-05
3.94527e-06
8.244614e-06
0.09490699
0.0077710226
0.21623163
0.0001515522
0.9689437
0.0001163529
0.99925464
0.99837327
1.8908153e-05
0.0010769607
0.0001332138
0.00010482369
0.9045807
0.0010506526
0.36616105
2.6463133e-06
4.754144e-05
0.0003721609
1.0031241e-05
8.4556605e-06
0.5184705
1.8026523e-06
8.695401e-05
7.989167e-08
0.9998541
0.022372242
0.00357505
1.3673685e-05
0.9999966
0.9998963
0.45665026
1.4793732e-08
0.006794921
0.20484078
0.99999857
9.7115226e-05
0.008182854
0.99999845
0.9972648
0.00035486592
0.7469966
8.715582e-05
0.00072772993
0.50328714
0.00010653863
0.0007515971
0.00027826327
0.013728278
0.99994695
0.041649304
2.0873245e-05
0.3102861
0.008553327
0.86522835
0.004283552
0.00025814766
2.4237821e-05
2.6186626e-06
0.99893373
0.00010128087
0.9999717
3.1816626e-07
5.2178028e-05
0.000302911
0.2672677
3.2953652e-05
0.005826684
0.033948362
3.2382636e-07
2.7303367e-06
0.00058896653
7.116862e-05
0.010839487
2.7646452e-06
0.0031077599
0.16551407
0.00018609033
6.7245324e-05
2.3406922e-07
2.5074863e-08
0.54388297
0.998649
0.9998963
1.7988845e-06
1.7192174e-06
1.4188046e-06
1.0015568e-09
0.0026339453
0.98604804
2.020711e-05
