0.9999756
0.9719054
0.009478656
0.9558679
0.9999985
0.9997127
0.00091682724
6.705839e-06
0.005369672
0.9999744
0.0009943856
0.00061263813
0.010895187
7.1627e-08
0.00029523735
0.8114237
3.661666e-05
0.0005472933
0.4027441
7.80141e-07
1.1950498e-06
1.2163979e-08
6.6725814e-05
0.00029860172
1.786513e-05
0.042275026
0.06787886
0.022969203
5.809417e-06
6.6725814e-05
0.011155632
0.0005493378
0.9999926
2.8361835e-06
0.10615949
0.99979264
1.5943004e-05
0.042784456
0.0003330777
0.5171553
5.087041e-10
6.3888103e-07
1.0
9.0028625e-06
0.00030350478
4.563454e-06
5.539072e-07
0.008191574
0.00029860172
0.042554412
0.36559492
0.4237066
2.0063255e-06
0.0010392705
6.2182717e-06
0.11858121
0.12112533
5.9855893e-06
0.17714381
0.9982567
1.8789054e-08
0.0911141
0.9956244
0.00014139396
0.0040779347
0.0182437
4.805472e-07
0.00050905946
0.0064798347
2.6691777e-07
1.9003712e-05
0.7835007
0.9101578
7.760185e-06
0.004328472
0.07966447
1.0
0.45066446
0.00021102001
6.6725814e-05
0.016510382
0.011489666
0.99999404
0.028484039
4.651515e-08
0.05790097
3.199444e-05
0.9975672
0.0043044654
0.015071249
0.9791279
1.0
0.24638516
0.0028815002
0.00029523735
4.2857002e-07
0.99135673
4.121163e-06
0.99999976
0.8664942
0.00029860172
0.98320913
0.9791279
9.350386e-05
6.7174466e-09
1.128437e-07
0.0003684651
0.0006263151
2.3957618e-05
0.99849504
0.00018410747
0.11714296
1.5907665e-08
0.00010663336
3.207586e-07
0.9719054
2.9649055e-08
4.8479683e-07
0.21361677
8.2017104e-05
3.222621e-06
0.99996185
2.9755645e-06
0.003997655
0.19961257
0.9999999
5.810224e-05
0.009417531
0.010781333
8.0563834e-05
0.00012465658
0.016596774
3.6216177e-05
4.121163e-06
0.18188387
0.9996888
0.00034402503
8.440901e-06
0.6246787
1.511912e-06
1.3170255e-05
2.0196236e-08
1.5907665e-08
3.2540655e-05
4.2931413e-07
0.050844796
0.9463739
0.010185452
0.042554412
3.2131593e-09
5.428778e-07
0.051745668
0.99999976
0.00086076284
3.1877428e-07
3.1425852e-06
0.00050905946
0.50221485
0.999941
0.0031821372
2.8639724e-06
7.3029796e-09
6.215837e-07
5.3139804e-08
0.000101005615
0.04392049
3.917641e-08
0.53642356
0.0100472635
0.9583599
5.823004e-05
0.15790881
9.428605e-05
1.4223869e-05
0.0014911522
1.3441021e-06
0.00028187464
1.9340487e-05
7.2057787e-06
3.1456882e-05
0.011921513
0.99985546
0.00012436794
0.0027889288
7.2057787e-06
6.6725814e-05
1.06215815e-07
0.005454715
0.0012596642
0.122955605
0.018056134
7.13964e-06
0.99999976
1.4042022e-06
2.540211e-07
0.9728972
1.2247636e-05
0.0030636427
0.8545645
3.5280773e-05
8.992716e-05
8.687146e-05
0.0015140481
0.0013904301
0.913197
0.0019153266
3.6783888e-07
2.8486907e-08
0.017416125
0.75733596
3.110293e-07
0.0019512835
2.4412383e-08
0.00018410747
0.5823623
0.007299498
5.368745e-10
0.0622597
2.411468e-05
0.002928721
0.0001594185
0.00086076284
1.0527293e-05
0.03715367
1.3209568e-08
2.0998158e-08
0.0026891322
2.134016e-06
0.00086076284
1.421375e-06
0.9999541
1.3935488e-05
0.00082801684
0.0043303096
0.5171553
0.99994063
3.2900272e-05
1.4108492e-06
5.222699e-09
7.662421e-06
3.9813156e-05
0.012411476
0.9952622
0.03547509
8.0168707e-07
2.8361835e-06
0.9395366
0.0050093955
7.41168e-05
0.0002975239
2.3704086e-05
0.9999541
0.0002083669
4.932852e-05
0.12112533
0.000753593
0.0011166736
5.3244094e-05
0.00029321318
9.444829e-07
0.014673607
0.1188648
0.05417656
1.1902651e-05
0.99860364
3.1557658e-05
0.0015787558
4.932852e-05
2.2789052e-07
2.2694665e-07
0.3255701
5.7799625e-06
0.15102184
0.15630613
0.004607975
6.0970398e-09
1.3767556e-05
1.0263581e-05
1.3485867e-05
0.00044409052
1.0
1.3613702e-05
0.88252014
4.2947604e-06
3.7165362e-05
9.772112e-07
0.99998796
3.0686915e-05
1.559838e-05
9.212113e-06
0.000615554
2.9808105e-06
3.5206751e-06
1.9546622e-05
1.6817398e-07
3.9339014e-07
0.99999154
3.9938463e-06
2.5651346e-07
3.977771e-06
