0.903961
0.9999998
1.0
1.6307806e-05
5.275162e-07
5.977222e-08
1.4118674e-08
0.26238444
0.00033409856
8.658491e-06
0.07455278
0.30697367
0.9993066
0.0018507536
0.43749744
8.315201e-07
1.413722e-07
0.0005900003
0.0012816369
5.7862767e-08
0.9822671
1.1770298e-08
0.005642216
0.9148576
2.9112189e-06
0.9467589
8.274953e-12
1.0884067e-05
8.658491e-06
3.227348e-06
4.810571e-07
5.543444e-06
0.09072648
7.9636003e-10
5.9539815e-07
1.4118674e-08
3.6455026e-06
9.739738e-06
1.0140594e-08
5.8198177e-05
0.9955509
9.676676e-07
0.00015685323
0.9997705
4.4354283e-06
1.1562603e-08
6.581674e-05
1.1235742e-06
0.06386464
8.14227e-06
0.002740951
2.0904489e-08
8.863412e-07
9.9666025e-08
3.7164726e-05
2.5615336e-07
2.2404112e-08
0.0033550826
0.008608171
3.0879278e-08
5.543444e-06
2.8709326e-07
0.002740951
0.052135646
0.00071101484
0.99999994
0.00038187177
2.8477457e-06
0.3566715
4.289092e-06
0.9999998
0.42816857
9.265047e-09
0.0005758099
0.9804262
0.002139399
0.80546194
0.99223864
0.21850899
6.441948e-05
6.382858e-09
4.882402e-09
2.1130759e-06
5.562146e-08
1.3832022e-06
1.81716e-07
2.3457896e-07
4.799802e-07
6.350432e-10
2.0824857e-08
2.2337623e-09
0.072396114
6.0778495e-07
9.676676e-07
1.02860325e-08
0.00038698185
0.00011054158
0.98848456
6.3025363e-06
0.0004882884
0.012519193
4.5636097e-07
2.8766022e-08
7.3572535e-09
1.0701699e-06
0.072396114
1.2895326e-08
0.012394386
1.5449331e-06
3.2507994e-09
1.4419778e-09
5.3897675e-10
4.131243e-09
0.02472503
6.178374e-10
2.434856e-05
9.056915e-09
5.562365e-06
0.00019831142
5.9539815e-07
1.1776252e-05
0.00048463815
0.0063710404
0.07030254
3.3178449e-06
6.350432e-10
2.2232398e-07
0.00020555024
9.6635006e-08
5.7769425e-06
0.9645451
2.4458443e-06
0.86339325
1.7579227e-07
2.3199748e-08
1.1166595e-06
2.8766022e-08
0.59050655
0.9798649
0.0008258829
0.009200229
0.9997705
1.4844185e-05
0.99944955
3.768421e-08
7.915828e-07
0.11998098
6.17842e-05
1.6629112e-07
2.0493278e-06
0.0140267415
1.4244515e-05
8.418369e-09
9.550421e-05
2.189968e-07
0.0018577715
7.0954716e-06
9.629559e-07
3.3973402e-07
3.5335757e-05
1.6546077e-06
0.00039332054
0.00012360184
1.3877176e-05
1.8104765e-05
0.00013196797
0.99581665
9.88462e-10
0.00020555024
3.3692213e-05
5.3300675e-09
2.4610223e-09
4.0749924e-07
4.121148e-08
0.052135646
1.6820849e-09
2.390083e-08
0.2861039
6.078067e-09
7.8602824e-08
0.91855276
3.0269474e-09
0.02726355
0.013275262
0.029896455
1.0521807e-06
0.0005311506
8.14227e-06
0.0018577715
0.00040456653
0.59050655
1.7886594e-08
3.4967935e-11
0.118600756
0.00030664247
3.7450302e-06
0.00081218046
0.0023572014
4.121148e-08
0.0015070345
0.0038198666
1.0555299e-07
0.9866305
0.11766369
1.3830998e-08
0.903646
0.00012596787
0.001561533
1.3633616e-08
0.00013719939
1.1598452e-08
0.015137025
1.1853354e-05
0.99990666
6.206235e-07
0.001561533
0.0017349089
0.95756006
3.361277e-10
1.1354857e-06
8.9053356e-07
1.2756333e-07
0.0013297702
0.17108415
9.791847e-05
1.0648394e-08
9.5309545e-08
4.515004e-07
3.5302106e-09
8.1912294e-05
1.8998577e-07
7.179928e-10
9.0986665e-05
4.0289782e-05
0.9244272
6.490282e-06
2.1178048e-06
2.1925721e-09
1.00230546e-10
7.599884e-08
1.0364252e-05
0.0026883804
1.8082605e-07
3.5128742e-06
0.001336299
5.7762045e-06
1.7633209e-09
6.1484796e-05
1.38608e-10
5.526779e-06
0.0002065268
0.9993041
5.227364e-06
3.1474465e-05
1.7462196e-07
7.993798e-09
8.396608e-09
1.4108088e-09
1.0049964e-11
0.99849766
0.09461646
6.441948e-05
0.00025813436
0.0007069137
1.368659e-07
0.00020097179
0.86339325
9.791847e-05
2.0090968e-07
1.2545056e-08
0.07305223
7.9503735e-08
0.81138307
2.882578e-08
0.027125413
2.4618966e-08
0.26238444
0.01393906
1.7493566e-07
0.9988629
0.0018577715
0.9890368
0.0007723008
4.1455587e-06
0.0017665656
0.99557704
1.7683791e-05
0.000160232
0.85846174
0.7783104
0.00043106408
1.6786084e-05
0.03033279
2.4013729e-09
0.99849766
9.372008e-09
1.3877176e-05
0.0012505054
0.0018577715
3.3178449e-06
