0.9999992
4.7471685e-06
5.2915126e-05
0.97785914
7.642213e-08
8.219645e-08
2.351845e-06
0.2427598
1.6987094e-08
0.00017058855
0.0030139564
3.386429e-05
0.27810672
3.7421953e-06
1.8119792e-05
0.0021891044
0.9503276
7.527139e-05
1.6945427e-05
0.0024995748
1.4580224e-11
0.0006846184
5.1658395e-07
1.3241281e-07
0.00012196227
2.0747525e-06
4.881455e-07
4.2828506e-06
1.1128329e-07
3.2063712e-05
1.4063658e-08
1.2453526e-05
8.555804e-08
3.611702e-05
2.276979e-06
0.3077387
0.19120881
1.5822685e-06
1.2853586e-07
0.97785914
1.2321901e-06
8.891784e-06
1.1128329e-07
0.00015370581
6.777163e-08
0.00078765134
4.0967898e-08
0.59771377
5.3563867e-06
8.1430035e-10
5.4751585e-09
2.7293783e-08
2.0370715e-08
1.1699651e-05
4.787698e-11
3.5264726e-05
4.9229407e-06
5.4524085e-06
1.5120772e-08
1.2542923e-06
0.00010627026
3.255948e-10
6.6782015e-09
4.0973247e-10
2.9288196e-09
3.850227e-05
0.0013492177
0.00042200994
8.809784e-08
5.2690557e-06
1.818873e-07
0.0003648936
0.0117497705
5.085702e-10
3.7181733e-11
9.927716e-06
3.1447303e-07
0.012875772
5.5462895e-11
0.9789101
1.5761793e-07
9.103226e-09
0.00012196227
0.99959284
0.9834159
0.0008337791
6.534377e-06
0.00042509343
7.419084e-10
0.9967645
0.99916786
4.9787207e-07
0.001463328
9.166603e-06
3.7599532e-06
0.7824422
7.54796e-06
3.8052067e-07
7.527139e-05
1.3400938e-08
7.06903e-07
0.024021449
5.004358e-06
5.1060942e-05
1.4182028e-05
2.4899002e-08
0.00014774462
0.07515698
4.399283e-06
4.8766805e-07
8.6069485e-05
1.1168662e-08
0.97433865
4.4635843e-05
3.0591792e-08
4.178608e-07
7.322785e-06
1.2209135e-07
1.8112154e-07
6.460471e-07
1.488591e-07
2.7428603e-05
2.6082542e-05
1.4106545e-05
0.83014214
4.680056e-06
0.8615039
1.7168794e-07
0.0009185541
0.0036860805
6.6782015e-09
6.481539e-05
0.000106034306
0.9689831
3.3123893e-08
1.8668127e-09
3.2840224e-09
1.266212e-09
2.0063288e-05
2.5721553e-07
1.81632e-09
1.8074015e-06
8.070825e-05
1.3163114e-08
5.760825e-09
0.004999366
0.0017863009
7.711655e-10
6.470269e-08
1.6387547e-05
2.4372906e-05
2.9216068e-05
0.0025021262
0.0078068934
9.754326e-05
1.3332619e-05
7.942587e-05
0.9936926
0.00010204255
3.654194e-05
0.036673054
8.912661e-06
7.109635e-06
2.4097898e-07
5.7684915e-08
3.9810693e-06
1.2584068e-06
1.1743313e-05
4.903749e-07
3.2840224e-09
8.4345215e-09
0.015608503
0.0004974119
6.3185626e-09
0.63844395
0.027520774
0.9996169
0.00010576771
0.010931006
0.0011018818
0.00043416544
0.00041105814
1.4010293e-06
3.597073e-05
6.980051e-11
1.7787326e-07
7.942587e-05
1.1043677e-09
0.9999674
1.1492898e-09
0.0015185601
0.013462094
5.7279168e-11
0.99966925
6.571296e-08
0.98737293
0.000105758736
7.1011987e-06
9.698489e-07
4.9229407e-06
4.4635843e-05
5.6479355e-09
0.0024971291
2.1958511e-11
1.02055365e-05
7.507537e-11
7.083964e-06
0.0013492177
0.9748347
0.0055751647
7.2587036e-10
0.08762586
0.015608503
2.1566964e-07
3.1193716e-09
0.014215454
2.1865435e-07
2.9720859e-05
2.098047e-07
0.011234926
0.0158833
7.143863e-05
0.0062898486
2.5215457e-10
2.5351728e-06
5.6439774e-05
0.00015559806
1.7529959e-09
7.095973e-07
6.420511e-07
3.3130636e-09
1.6041253e-05
0.01500108
1.9654155e-06
7.46068e-09
2.575194e-07
1.5813748e-10
1.9482393e-10
4.35199e-10
0.0062898486
0.9965074
2.5354835e-10
1.4916068e-06
4.1417796e-11
0.68903625
9.4087824e-08
2.2242195e-05
1.6953608e-10
2.322749e-05
2.387164e-06
6.496637e-05
0.00035959415
4.370319e-08
7.54796e-06
0.0009980976
8.940225e-06
0.9843267
1.5116626e-06
4.2580727e-06
0.000226067
1.3997283e-07
0.7573172
9.089519e-09
4.747238e-09
0.68903625
0.012454597
0.0012644797
2.4175677e-07
1.9843593e-07
5.205278e-07
0.15694414
2.3367043e-07
1.02055365e-05
0.99876535
0.00014774462
1.4184107e-07
0.00010341149
4.9719535e-08
0.97054815
8.77107e-08
0.00019914268
0.999365
2.3635492e-08
0.0017829447
0.9963943
9.477167e-09
0.064206645
2.5118836e-05
2.9542693e-05
0.93332034
0.99998015
1.7609781e-07
0.0051962677
1.5472406e-09
0.007373224
2.0528651e-07
4.552761e-11
5.085702e-10
1.2001729e-07
3.480634e-06
