1.0
1.0
5.2190453e-06
1.0
1.2322489e-06
1.3619599e-05
1.2773083e-07
0.0346576
0.017095802
4.0148294e-09
2.6945701e-05
0.00048460744
7.077396e-10
2.4178473e-06
0.9992527
0.8667796
0.000100319674
4.2300059e-07
0.04337949
0.16327825
0.00080644974
6.3936222e-06
2.400528e-05
0.12784354
6.749235e-08
1.286013e-05
0.02156029
0.00013375476
0.16519368
0.99999994
0.95364034
6.0772513e-06
0.0002262272
0.0016575418
5.312035e-07
0.041784998
0.7997269
0.006293748
2.3033259e-08
0.0018873897
4.1897074e-06
2.8606205e-06
2.720232e-07
2.035173e-07
2.4478388e-07
0.00024065778
2.8252746e-06
0.2487736
0.0020224834
5.324347e-06
0.012477038
0.16719778
0.0004598257
0.069004655
0.0021757227
0.9698164
0.0012775424
1.2727883e-05
6.448428e-06
0.99998456
1.0441842e-07
0.00012703626
6.9014914e-07
0.0014002095
0.4914843
0.003807394
6.83035e-05
5.162643e-07
0.0036573366
7.265497e-07
2.073426e-07
0.9997991
8.5590176e-07
0.0004399226
4.202959e-08
0.024737755
1.3916258e-05
6.8277644e-05
0.008446162
9.5354066e-05
5.0885123e-05
6.890594e-06
1.0
2.7662922e-05
7.934126e-06
0.7898232
0.8154545
1.0
0.94968206
6.7034847e-07
8.7082907e-07
0.51273966
9.305289e-05
0.016486404
3.1240795e-06
3.6630354e-06
2.1136415e-05
0.00046496946
2.949346e-05
0.9999849
0.00019386607
5.322895e-06
6.0006164e-07
0.007600318
2.1417154e-05
0.038132947
5.016417e-09
3.358608e-08
1.2807823e-07
0.9880323
0.002012581
8.578125e-08
0.014974555
1.7027144e-06
0.00024146958
0.00048460744
0.99996394
0.00042717005
5.5662284e-05
0.08323387
0.0025301797
7.545565e-05
0.9997356
9.418999e-08
2.1249991e-06
5.708387e-06
3.4817218e-05
1.25447505e-05
0.9752956
0.01042032
0.9919031
7.716283e-06
6.417275e-05
1.3672251e-05
0.7862627
0.007909275
1.638689e-07
8.295192e-09
0.98359746
4.0902887e-05
1.0486525e-08
0.00011880462
4.4707867e-06
0.08388753
0.002088978
0.0037375023
1.3524922e-06
0.6733817
5.1572675e-05
0.014922252
4.106585e-07
0.000106347296
0.0007540118
0.04734819
2.3105017e-06
0.010421529
0.57945395
3.223289e-08
2.3736432e-06
0.06355517
0.99997336
3.06416e-06
1.5852423e-07
0.0030658469
0.010681617
0.99571335
2.035173e-07
0.0017891949
0.00042717005
0.9999658
1.3743837e-05
1.5150395e-07
0.91860723
2.8355186e-07
0.0005366489
0.6201383
4.0016203e-06
0.0003580169
8.4830615e-05
0.0029041986
0.02156029
1.6662814e-06
0.00088113756
1.496381e-07
0.2932777
0.0008539577
2.0073025e-09
0.5658509
0.0021423623
0.13073744
0.0017343797
6.470524e-06
0.98088706
0.17727032
4.2155298e-05
0.66249216
0.0002834012
7.581612e-07
0.023746056
0.99998975
3.2632865e-06
7.5445874e-05
0.9999845
0.0001087226
0.13624395
5.3604822e-08
0.0071682534
0.010550788
0.0043466208
0.004442703
0.995182
0.0007349566
9.439781e-10
0.052760664
0.13073744
8.086964e-05
8.193583e-08
3.047017e-06
1.5649445e-06
0.98895067
0.0002980562
2.1417154e-05
7.63185e-06
0.82492524
0.99999857
0.047698908
5.5652023e-08
1.32150835e-05
1.1084669e-07
1.1632386e-05
0.0005697767
0.9798109
3.341873e-07
0.0019535255
1.0339877e-05
1.4713441e-06
0.018416075
0.9998575
9.2198125e-09
1.17407035e-05
8.9171e-08
0.009185506
1.2067935e-06
1.5399053e-06
0.47144338
0.0036356586
0.99882406
1.2639932e-05
0.87393653
0.07728209
2.3897195e-05
5.0898107e-06
7.3653755e-06
5.3802476e-05
4.5983334e-06
3.102519e-05
1.3619599e-05
5.123644e-05
3.1020424e-08
0.0014420163
0.15082768
1.4025791e-05
1.695473e-07
0.0002727271
6.5649374e-07
0.05009299
7.448654e-08
0.004486067
6.9293884e-07
1.16211995e-05
0.9999992
1.5885658e-07
0.6067142
0.19883989
0.99910897
1.1300874e-05
0.82492524
0.00052947644
0.029939482
2.3881657e-05
0.99999994
0.00013375476
0.95215315
0.00054275576
4.0347554e-06
0.006059104
1.0688643e-06
0.010421529
0.00015879466
4.9749804e-07
9.8887405e-08
0.22388916
5.8976443e-06
0.026429445
0.9999469
0.0023581726
6.185364e-05
5.2062614e-07
7.265497e-07
1.6228168e-07
