1.0
1.926891e-05
3.322199e-05
0.0012221466
4.429092e-09
0.0012527801
2.3791019e-07
0.18815862
0.0018416501
0.96324605
4.990171e-10
1.7923023e-07
8.876154e-08
4.841305e-12
2.477185e-09
8.687274e-06
1.3278349e-06
0.0028954563
5.8797854e-12
3.0591792e-08
0.032290276
2.0551093e-08
1.239034e-06
6.3670445e-06
1.6654713e-09
1.33535e-05
2.2349093e-06
2.8840032e-07
0.0024885247
1.607802e-09
2.496935e-11
6.42729e-09
0.0015947341
2.0551093e-08
0.0019789096
1.5709356e-08
2.689133e-05
2.3592359e-06
0.9985068
0.095056914
7.706413e-08
0.00035526973
0.002838559
0.0021487572
0.00023015228
2.1368556e-05
6.8249717e-10
0.004715643
0.99943686
0.0012221466
3.3304044e-09
2.1203632e-06
0.0010882517
2.6641732e-07
7.711391e-06
9.541041e-06
4.5253023e-07
3.761755e-09
2.4273602e-08
7.370209e-05
2.5262814e-06
2.0185036e-11
5.5357025e-10
5.512107e-05
0.0010877387
0.0015943889
4.841305e-12
1.40927385e-08
7.2317685e-05
2.002246e-05
0.020165708
8.684723e-06
0.07387338
2.105066e-05
7.266841e-07
1.1743017e-06
0.0071638334
2.3315674e-06
1.0748446e-07
0.107742436
1.9411252e-06
2.7002216e-05
5.2050996e-07
8.651854e-08
2.5197722e-05
1.6401759e-06
2.3011095e-05
0.1899353
0.998579
2.4035194e-07
2.5949755e-06
6.8483973e-06
5.8797854e-12
0.00014438509
3.9964416e-08
0.99996513
1.6317628e-10
5.689072e-06
0.99958235
6.0178977e-09
5.982651e-07
4.7873762e-08
7.886322e-05
0.00022778667
1.5931355e-06
2.1967694e-06
2.5542464e-08
6.8249717e-10
3.2161124e-06
0.9999986
0.09557916
0.6665788
0.0002857336
1.3883204e-07
1.3983308e-08
1.500001e-05
7.819456e-09
2.3531493e-08
0.0014717234
8.4638474e-10
0.05406257
6.5904443e-10
0.00014689138
3.4834093e-07
1.0444985e-08
3.379407e-06
7.671122e-10
1.9791676e-07
5.8068135e-06
1.023923e-08
0.0015422477
7.009278e-08
4.588646e-10
4.5145125e-08
0.0017725095
0.01897329
4.756017e-05
3.169912e-11
5.048484e-07
9.2962375e-07
1.6701458e-11
6.030471e-08
0.000120271274
0.0033062196
0.00023831007
3.6526046e-07
0.002061251
2.3315674e-06
0.9985068
0.9958735
2.0953103e-05
5.460847e-07
1.7985468e-07
0.00038123486
3.7454414e-05
0.9715811
0.00018243791
0.17449866
0.0012221466
3.969192e-12
1.6003587e-12
1.4163793e-06
2.0552286e-06
6.4912106e-06
2.5139089e-11
7.525133e-06
1.5521457e-05
0.9999992
1.2145427e-09
4.0342908e-07
2.9790543e-08
0.08459063
9.97607e-07
0.97006667
0.0024325761
0.0071461378
5.0657145e-06
0.00012084008
6.897136e-08
0.11735545
7.6826895e-10
0.004979658
9.688227e-07
0.044455208
1.239034e-06
1.50564765e-05
1.4832977e-05
1.2304369e-05
0.023678362
0.014615464
6.365784e-05
2.9282967e-07
0.008375759
0.80035096
6.3670445e-06
2.1910532e-06
2.2047347e-08
8.9179253e-10
0.0012221466
0.018021937
0.00019397479
0.008713226
9.9038786e-08
4.3816767e-06
0.017457241
7.525133e-06
9.4608396e-07
3.5130586e-11
0.0028954563
2.002246e-05
2.4863607e-07
9.259548e-10
1.9762983e-06
5.000027e-08
7.849913e-07
0.9997875
7.377448e-07
1.0575558e-06
0.99996865
0.0002857339
7.983828e-10
0.0056809755
1.0464667e-08
8.118963e-06
1.1989722e-06
1.0191669e-06
1.3974269e-08
3.256304e-05
1.4403457e-08
3.5462673e-08
0.9715811
0.46219254
1.1288981e-05
0.30229852
3.945371e-06
1.4171683e-06
4.639978e-05
0.0046968763
8.131777e-05
3.6148103e-05
0.0003384434
0.9540475
0.00886786
2.7122617e-09
0.00014287366
5.185588e-07
1.2642477e-09
0.020017575
0.7370146
4.325027e-05
1.3647399e-07
5.492189e-07
0.0070952796
3.9578904e-06
2.8350204e-08
3.8722987e-07
0.00045198377
5.954487e-08
2.5891936e-06
3.2179714e-06
1.235295e-05
3.612362e-06
4.2881605e-12
0.0025341879
0.8771319
1.6829746e-08
2.8081527e-07
2.0529389e-05
9.7056166e-08
0.0046439925
0.99966305
1.3896359e-06
0.0087851435
0.0008929111
0.00011321732
2.0185036e-11
0.9987665
3.9498747e-05
9.665802e-07
2.5197722e-05
0.0007114384
2.256451e-07
2.6891305e-05
1.8232766e-08
0.0016856036
0.9992364
0.99996305
3.8335223e-08
0.94229656
4.446353e-08
4.3044084e-09
0.08453493
0.9945975
0.9670018
7.2317685e-05
3.0443853e-10
0.0002638001
0.48133537
0.03235579
0.0028954563
