1.0
0.9969075
1.3864219e-06
0.00031230185
2.9937357e-06
5.052806e-11
9.067616e-06
5.1062835e-07
0.5230366
7.7378445e-08
0.04154944
2.1215052e-05
1.3067193e-10
0.0176984
2.8134932e-09
2.025746e-06
2.0237194e-05
1.1248681e-05
0.99985266
6.4837096e-08
2.0661801e-09
0.00019203479
3.2193864e-06
1.4665513e-05
1.24325e-05
1.5870667e-07
0.0005917394
1.4898735e-07
4.8258214e-10
0.0012849357
0.99083227
3.28451e-05
0.00016794921
0.0004571067
2.47324e-07
9.126343e-05
1.3881379e-06
0.9999328
2.6987876e-05
0.0005759274
0.019525314
0.00016479056
3.6817755e-07
8.7198174e-07
9.434181e-05
0.2555609
0.01757377
0.038121216
0.00028960727
0.5473433
0.00014014322
1.2972015e-07
0.9928587
7.4315076e-06
3.4162753e-07
0.03465483
7.100624e-07
0.0027197085
0.0003436566
2.47324e-07
0.99999857
0.0001316496
1.693388e-08
0.32686943
3.0403018e-09
8.682707e-05
0.443452
1.3894954e-06
0.00019326035
0.0426471
0.23562638
0.00030176583
2.7005099e-06
9.659608e-09
1.5605625e-05
3.7950147e-05
3.5703108e-06
0.35817963
5.7776634e-07
0.99940294
5.2693264e-05
2.557401e-07
0.08208546
5.33896e-06
1.1894331e-06
1.1445385e-05
0.005534438
0.0022387805
2.4690014e-05
0.11499961
4.3041148e-08
1.075589e-05
1.494954e-05
1.5270243e-06
1.3857238e-09
4.302911e-06
3.681208e-09
2.0044502e-07
0.73757046
8.87717e-08
1.4665513e-05
1.1479206e-05
0.9997643
0.00048542413
2.3883184e-05
0.0069296313
5.390266e-12
1.26824825e-05
0.741964
0.00030098142
5.713543e-05
1.1757323e-09
9.935338e-07
0.043806233
5.6243254e-10
0.0004427799
0.007551846
1.6419914e-07
1.4824525e-07
0.9999988
4.444619e-05
2.2626082e-06
1.0
8.9514174e-07
0.99952644
2.1753411e-07
0.9955273
1.841753e-07
0.00022605105
6.268879e-08
0.00010098153
0.00018760593
0.0052635926
2.1753411e-07
1.7330115e-10
4.399088e-08
0.011644232
0.9998433
5.5171352e-08
4.1807818e-11
1.1662978e-09
0.9997075
1.0409233e-05
0.00018724242
9.3413295e-09
0.0041163866
5.390266e-12
0.0003790995
4.6630485e-05
7.096746e-08
0.02773146
4.017053e-07
3.1748215e-07
1.0409233e-05
0.2022967
0.00048411087
6.4258586e-07
0.0023696893
0.9975858
2.53693e-05
2.544776e-05
1.7850756e-05
0.027073272
0.99973047
1.1250076e-05
1.3163612e-06
0.074549064
0.00035757042
1.5205052e-07
0.06576822
1.6900215e-06
4.151237e-08
1.34991405e-08
0.10553047
7.807104e-05
7.3629594e-06
4.0331856e-06
4.3041148e-08
1.6120199e-05
0.94025034
0.08121845
1.5790608e-09
0.9999971
0.00012066449
0.00015379422
6.860516e-05
0.0001814174
2.47324e-07
7.732854e-09
5.5377566e-08
1.9261297e-06
1.6419914e-07
2.4634736e-09
0.00043907127
4.2216385e-08
2.2626082e-06
1.0544891e-06
0.011073069
0.0007500623
4.1069453e-07
1.8707435e-06
0.022385146
0.0014145748
1.5064263e-08
1.4679123e-10
4.543035e-05
7.0294806e-07
3.1746248e-07
0.0001810091
2.2420272e-08
1.9965555e-07
1.2164065e-07
0.020025874
0.18786223
0.0003780021
0.9470063
2.3825167e-07
9.907494e-06
0.0011941225
0.9999997
1.4679123e-10
1.9710036e-08
2.2060992e-06
0.08564365
9.2680114e-10
0.443452
1.0885916e-07
2.1503135e-07
3.0013139e-06
4.054118e-06
0.0026102208
0.00027671928
0.34604117
1.1860384e-10
0.0003780021
0.00030101388
0.00048411087
1.0
2.1052676e-06
9.638803e-05
1.7990818e-06
0.08564365
0.443452
9.067616e-06
8.853784e-08
4.2045832e-07
5.2693264e-05
6.4141304e-06
3.3238841e-06
1.1661432e-07
1.4718561e-11
0.00010356297
0.999988
0.000248542
0.47713497
0.00013797003
1.7143013e-05
0.022013932
1.0774983e-08
3.2072865e-07
0.004425228
0.0010978678
0.43894356
0.043923356
1.070256e-05
0.0010349606
6.6113775e-05
1.1339825e-05
0.9999745
0.1208083
1.7513096e-07
0.01621373
5.9210997e-08
6.156159e-07
0.99993587
0.014958414
0.9999875
9.262555e-06
0.43894356
0.9981024
1.494954e-05
6.972476e-08
0.00023764162
2.0878965e-06
1.03137566e-07
4.0051384e-09
0.00040004743
7.248209e-07
0.00035757042
1.0481485e-06
1.7985668e-08
2.2060992e-06
0.00023464803
5.2449013e-05
0.99998605
1.1924602e-05
2.6976572e-08
1.9015594e-06
3.080026e-05
2.4251956e-06
