0.007554034
0.3731638
4.099182e-07
0.08896519
0.004329678
0.026162446
0.0029967427
2.2355524e-09
2.7630704e-05
3.9106417e-06
8.276579e-08
2.1750828e-05
0.0010846665
2.5195291e-08
0.0027421818
2.7864191e-06
3.3320435e-09
1.942542e-08
0.0006102645
9.23146e-06
3.9004703e-06
3.2780827e-05
1.16770345e-07
0.0020183625
0.99986714
2.9206547e-07
1.3423023e-06
3.8559736e-07
0.35598126
9.854576e-10
8.9872236e-07
4.0612817e-05
4.1087864e-07
2.483013e-05
0.8330258
0.00016098992
3.6202355e-06
6.4484584e-06
6.013567e-05
3.8332805e-12
1.9787127e-07
1.9710853e-09
2.168923e-08
8.4662686e-05
0.0001884331
2.363785e-06
2.675567e-07
2.3341964e-07
3.4542986e-06
4.0180643e-07
0.051358994
2.113718e-05
1.9838044e-08
0.047676817
1.2293961e-09
3.7826652e-08
7.6111573e-06
3.976274e-07
6.246265e-11
3.5140673e-09
2.385866e-07
0.07585432
2.3516657e-06
5.633311e-07
6.9795654e-09
0.00026146387
3.0119355e-07
7.669498e-10
7.0372887e-12
0.000101982136
8.052962e-07
0.41778165
9.966709e-05
0.0031510317
0.011849769
0.9997928
0.9996663
0.9990576
0.0023432507
3.9408096e-10
0.009222793
1.7558432e-05
4.6229204e-07
6.601596e-07
1.1229492e-09
1.2265028e-05
1.7588482e-07
5.6134686e-10
6.4306428e-06
1.18658996e-07
6.0613533e-05
0.0019115856
0.85013103
0.9982155
0.99999595
1.1203483e-08
1.5279058e-05
1.720687e-06
1.279419e-06
0.030706769
1.3920054e-08
0.00025700277
8.080643e-12
8.6194805e-06
2.8482545e-09
6.3129995e-08
0.0034648785
0.9957526
0.9790158
0.0001884331
0.013818641
0.9957274
0.6715779
1.3303826e-06
0.005011449
4.099182e-07
0.97365606
6.46383e-07
3.8687773e-05
5.773528e-06
0.008962258
3.6202355e-06
0.99999595
3.3493094e-10
0.9921955
8.6194805e-06
0.96590984
4.5697504e-07
0.99999994
2.1327945e-11
1.9045962e-07
1.4391765e-05
0.0027421818
1.0678272e-06
7.109337e-06
1.7830227e-07
6.7093075e-05
0.0010408197
0.0008317449
0.012420416
1.4398458e-08
0.9995991
0.8381296
0.9999104
6.6430874e-09
0.0018321851
0.99070704
0.0006784655
0.2414981
0.013818641
9.3613164e-07
0.00016901047
0.015755402
7.426991e-12
3.8359413e-09
4.502334e-05
7.477929e-10
0.008363933
4.9336282e-05
0.008363933
1.0958512e-06
0.08852951
3.6202355e-06
9.447721e-05
8.549656e-06
2.6802949e-05
0.89086777
7.849389e-07
0.00021407974
5.5960918e-05
0.12519597
7.660686e-09
0.000150749
5.6134686e-10
3.3493094e-10
0.85013103
0.9999813
9.266038e-07
4.321142e-08
1.0128793e-05
6.9795654e-09
1.0058457e-05
4.9990217e-07
2.9206547e-07
2.4431534e-07
2.2808644e-07
0.9997797
8.524738e-07
4.3779534e-07
0.007909064
4.0180643e-07
2.1772125e-08
6.146132e-06
0.1527915
5.728565e-06
5.939036e-09
9.188888e-07
0.00014233275
2.1874203e-05
0.0006642431
4.1637745e-07
2.0918137e-07
0.001210649
3.8039318e-05
0.0025873908
8.316959e-06
0.09827498
5.701134e-08
1.5210058e-09
1.0741744e-07
0.9040314
1.328578e-07
0.9838346
4.506391e-08
1.268668e-05
1.7519028e-09
8.280368e-08
1.0741232e-05
0.0019029224
2.6988571e-05
0.99250406
3.0226332e-05
0.042762328
3.0600193e-06
0.0006322695
0.99999833
3.9426263e-07
0.0012230544
0.99984795
0.99565685
3.6767382e-09
6.4306428e-06
1.0772057e-05
0.9995887
0.99725085
0.0032737681
5.5027794e-08
2.1772125e-08
2.0208941e-09
0.91356194
0.9999142
3.0133234e-07
0.00010335609
2.0976295e-05
1.6641454e-06
0.0017935495
0.00014460085
4.720658e-08
1.7319316e-07
0.8306064
1.0029241e-06
4.3027013e-09
0.008599593
0.024893988
0.00017382501
0.9790158
0.41749734
0.0039777826
1.8594008e-08
0.00041330958
8.108887e-05
8.000518e-06
2.5787234e-05
4.4450065e-11
8.809658e-10
1.3383588e-05
0.09827498
1.0439039e-10
0.97426045
5.72525e-06
1.4752937e-06
5.4941114e-07
4.3297194e-05
3.8900987e-07
1.905435e-06
6.225317e-08
1.4848085e-06
0.015532692
3.00548e-11
0.9993816
1.8124594e-07
2.216588e-07
7.629495e-09
4.1998646e-06
1.6076592e-07
0.04592383
7.51005e-09
1.6028552e-07
0.0039472026
4.0612817e-05
0.073452994
2.9648475e-09
1.1702089e-06
0.0060227197
3.518905e-08
0.00056812196
0.016022809
1.7232817e-06
0.00020931153
0.0220223
