1.0
1.0
0.022409976
0.9997661
0.00026287767
2.2984843e-05
8.715866e-09
0.9998111
0.117428765
0.00063236983
0.15659465
3.1504616e-05
6.4958874e-09
2.1067298e-10
0.0003505268
0.008579132
0.010679854
5.216295e-05
4.0738105e-05
0.00070606096
8.9488225e-07
1.8527631e-05
3.6594563e-06
7.922004e-05
0.022381652
0.9963084
8.090572e-09
2.948925e-06
0.01971627
0.21779712
0.081484646
0.081484646
0.9998111
4.3249727e-07
6.7457734e-08
4.6489254e-07
5.477522e-07
0.010549479
0.00041528352
3.6594563e-06
2.6626152e-08
1.242828e-05
0.6274984
0.019566955
0.0003391165
0.00036258486
0.01455233
0.0134046115
2.9495879e-05
0.0026095815
5.4151706e-06
0.022941472
8.261575e-06
0.00037031597
0.645096
4.7690673e-06
0.9960085
0.0004027255
6.4923806e-06
8.533999e-06
2.3470286e-05
3.3510517e-07
2.269618e-07
0.0025914402
3.5065816e-06
0.0005975839
7.922004e-05
3.135041e-09
2.8529612e-05
6.75476e-07
0.0003182264
4.1709872e-10
0.00046888957
4.6489254e-07
2.1893718e-06
4.0873784e-11
4.849591e-06
0.011810332
0.00036258486
0.0011935874
1.0191702e-09
0.0005896439
0.0016801584
1.9891453e-07
0.00014580821
1.0270692e-06
6.394693e-08
0.97886217
1.5143602e-08
0.0027098982
0.00012225896
3.439424e-11
9.002942e-08
0.0034742695
0.019566955
0.0002001829
2.7225697e-05
0.9999844
9.994582e-07
0.00080069265
4.3818403e-05
7.1033796e-06
0.0028037813
7.9669945e-07
4.0873784e-11
1.7366801e-07
1.12929346e-10
1.7330832e-07
4.5787368e-07
0.014035317
0.0809993
0.75005716
3.680013e-05
0.9999993
0.00039860298
0.003319019
1.756476e-05
2.5668223e-08
0.9999684
1.1049202e-08
0.0002853261
3.818785e-06
6.618681e-08
0.01598095
0.00011623868
7.091334e-08
1.4390338e-07
1.4585299e-05
1.209251e-05
7.5457433e-06
0.4874169
1.1313046e-05
1.0894304e-06
0.00483384
0.0007458865
5.5316727e-06
0.9999993
0.0014411776
0.0042576827
0.99926317
1.8179158e-07
5.477522e-07
0.9999665
2.7201668e-06
6.254989e-07
1.9469863e-07
1.1534826e-08
2.0941436e-05
1.7198727e-10
1.4687249e-05
1.0544112e-07
3.0166664e-06
6.2137326e-07
0.37049118
0.030352734
7.5765234e-07
0.9997503
0.0004961986
2.2537797e-07
2.5788606e-07
7.754642e-07
0.25000495
0.68521667
0.30954683
1.7320408e-05
0.99999994
1.8517551e-09
0.66933835
0.99999994
0.976349
0.0014848468
0.2557376
0.014035317
7.820012e-08
0.00083921634
5.1636607e-06
0.47515965
0.99999034
5.315428e-06
0.99998367
1.4574609e-07
3.3252985e-05
1.6525182e-06
5.097817e-07
0.00037211867
0.9659453
0.002934617
0.45291224
0.00066049624
0.9915484
5.216295e-05
1.7320408e-05
2.0954989e-08
0.06332686
0.0020462226
1.4832317e-07
8.173471e-10
2.5173638e-06
0.078943655
0.00034776411
0.0002940561
0.76549524
2.948925e-06
0.000957423
2.5206357e-06
0.00031334747
0.9997008
7.810411e-05
0.00042275764
5.5284355e-09
0.009334613
0.0013656346
5.766753e-08
7.6853627e-07
9.5250266e-07
1.0729269e-06
0.00022375405
1.5051203e-06
0.00019662912
0.9999664
8.221538e-09
0.9915484
0.99999964
4.0626914e-05
1.5233896e-05
5.0718544e-08
0.9999684
2.8529612e-05
8.589046e-06
0.92595154
6.786668e-09
3.0288775e-05
0.9997661
4.6743744e-11
0.5293283
6.131778e-07
4.7899067e-07
2.5935157e-07
0.9864571
8.424378e-07
0.99986184
0.017090075
0.99819654
0.013525861
5.837649e-05
4.3010868e-08
5.713429e-07
3.642225e-07
1.7156703e-05
0.1513442
1.07559934e-07
0.008287408
0.007958361
8.424378e-07
0.0014848468
6.3550175e-08
0.29147848
1.8940722e-07
0.81690955
3.313684e-05
5.6463975e-08
1.7706056e-07
4.3118166e-06
2.2961225e-05
0.4860538
0.0072825938
0.71088356
7.9358733e-07
0.99999964
0.6341347
1.7296635e-06
3.8428052e-08
0.0036635902
0.00016515928
0.14018187
0.9999999
2.8948524e-09
2.5935157e-07
6.5288066e-07
0.286816
0.00018281578
1.7156703e-05
0.0014262844
3.188288e-09
1.0656684e-06
2.5788606e-07
0.0009768775
0.0007458865
2.6672438e-07
0.0053865495
0.5117269
9.390089e-07
0.07848244
0.0134046115
2.8917525e-06
0.000111409645
0.9792623
0.10038479
0.0004961986
3.617663e-10
