0.9999782
2.720953e-06
9.801853e-08
0.999998
0.22617203
8.09052e-05
1.720648e-09
0.00031351633
0.58088666
2.7686976e-08
0.0002267872
4.673531e-06
0.9768722
0.0032674852
0.99917614
0.00034598436
2.4386707e-06
0.0010785819
6.4507153e-06
1.8362707e-05
0.006083874
0.99995756
0.0006836854
0.9939629
0.99987465
7.874747e-07
0.000104842475
0.12877582
4.141763e-05
4.432222e-05
0.64497125
0.12944847
0.08202318
0.0006107672
0.9680603
0.0092036985
5.2705354e-07
0.83529943
4.2440516e-07
0.96252745
9.699907e-05
7.030466e-07
7.993923e-08
0.00026923674
7.866609e-09
1.0
0.9999959
0.032383088
0.0037222814
0.9400644
0.9992479
0.9998705
1.3739513e-05
0.91686225
0.00046417012
0.996375
0.28173286
1.4866449e-06
9.918246e-08
4.086581e-05
2.7314567e-07
5.0453766e-09
0.05845159
0.97564673
1.2628642e-07
3.1107433e-05
0.0017517287
5.3662648e-06
0.9999538
0.8515759
0.005350524
0.00030621767
5.3662648e-06
0.008270225
0.0018738956
0.41903368
0.50363064
9.098236e-06
6.013154e-05
5.022297e-06
0.9708335
3.3795197e-06
0.17469737
2.5058303e-05
0.00069894735
0.0006869392
0.19311008
0.00021099628
0.0026682967
4.278425e-06
0.0003944395
0.19371876
0.97166485
0.8952701
1.4189415e-05
0.006620013
0.009133514
3.7719342e-06
2.6415653e-06
0.000873992
8.6140426e-05
1.111107e-05
1.0
0.000104842475
0.9930052
1.2747549e-05
8.0998666e-09
0.0044595096
0.00091709977
2.0177318e-07
7.030466e-07
1.0814908e-05
0.9999901
0.00032948802
5.686295e-06
6.332158e-05
0.0011050954
0.00084070384
1.0
0.801545
0.0032659015
0.007977361
0.020109396
7.874747e-07
0.9978196
1.21161e-07
1.080197e-06
2.347239e-05
1.8777266e-05
0.03868691
0.00041120785
0.99972117
0.003964657
2.6881506e-07
2.2561312e-06
0.0016035929
0.99697995
0.00041120785
9.0514775e-05
0.048768833
0.0033740331
6.87693e-05
0.0026377286
4.1024083e-07
0.07516402
0.0006288925
0.6600572
5.2635758e-05
0.86143976
2.6415653e-06
0.08990937
0.7008443
8.385933e-09
0.0008945487
2.2391569e-06
0.008270225
5.335898e-08
0.034968376
0.019398035
0.0023107491
1.7876411e-05
0.9708335
4.6699967e-08
0.000104842475
9.905823e-05
0.99997854
1.4742523e-08
5.1066054e-05
1.1067668e-05
6.284986e-06
0.99999976
0.068955705
0.031503692
0.48600778
0.0003977415
0.00081771304
3.179065e-06
6.133012e-07
0.012805942
7.639191e-06
3.7777045e-05
2.2858452e-05
1.5963178e-05
6.691349e-08
1.0
7.030466e-07
0.98590595
0.0010231151
0.00024455393
0.00021099608
0.864016
0.0003204629
2.0177318e-07
0.0010795823
0.29060274
0.000529289
0.043848827
0.0024326735
5.7395623e-06
4.086581e-05
8.6427553e-07
0.24201787
4.9406717e-05
0.11703732
0.0010231151
2.1496626e-06
0.019680541
0.0008332708
1.7497919e-06
1.7415163e-05
1.688099e-05
0.0005199671
0.22165044
6.213908e-05
8.385933e-09
5.8170593e-09
0.96534264
5.620894e-10
3.1432328e-06
0.97564673
0.012434133
7.5517564e-05
0.5157977
0.06898643
0.12632926
0.6206957
0.027108235
3.7294387e-05
0.9902902
6.032875e-08
2.2391569e-06
0.9975216
0.046174593
0.00079051993
5.3172958e-08
9.604361e-06
0.011200167
6.058781e-07
1.1913712e-05
6.6802054e-06
0.9951849
0.35012373
7.7527193e-07
1.9953944e-07
6.9863105e-05
0.00050490495
0.0023911304
0.0006988069
0.01600163
3.0233828e-06
0.00038969656
0.33052033
0.1159354
5.335898e-08
8.2717255e-05
0.9711599
0.88682526
3.4208395e-07
0.06418899
8.520561e-07
0.31910285
0.00119547
2.422059e-06
0.19371876
3.7719342e-06
2.8349993e-07
1.779314e-05
0.8817291
0.14946924
0.649814
2.5238637e-06
0.0003678628
0.28893375
0.00392089
0.056258813
0.00091370085
1.3283921e-05
0.5122513
1.14999375e-05
0.024490707
8.505148e-06
3.0516815e-06
8.435637e-05
0.014400577
0.9998705
0.0006449567
0.42889193
4.7376023e-05
0.822115
0.00010522668
4.037308e-08
0.5082848
0.010422291
0.9676261
0.00070430257
1.4816158e-07
2.5019692e-06
2.24592e-05
0.83691174
0.0010599272
