0.9993223
0.0071037025
0.999378
0.99972594
0.00016646775
4.641877e-07
6.026699e-08
0.00060145685
3.863354e-07
9.42607e-05
6.8457857e-06
0.9853168
5.936518e-06
3.1294454e-07
0.0002708562
0.037950914
0.0008462229
5.1204584e-06
5.20479e-06
2.066627e-07
0.0021192662
5.605653e-07
0.033479825
0.0002853299
0.00069065695
0.99561816
6.966791e-05
2.0757351e-09
2.3227907e-08
0.8191479
3.7067377e-11
6.4680626e-06
0.0022129568
6.81387e-06
0.00023622205
1.5622243e-05
0.004402894
7.8942367e-07
5.4932312e-05
0.003789243
1.101816e-06
0.81013024
0.10806089
5.248804e-05
0.00031918593
0.97408605
5.0614057e-05
2.7034455e-09
0.995104
2.2922131e-06
4.746127e-06
2.7030452e-05
3.2900832e-10
0.0021539181
0.01979205
5.2024245e-07
3.6989986e-05
3.2618289e-07
2.054451e-05
0.30184212
0.50566256
0.0023767347
0.9406252
8.430159e-10
2.8584212e-05
2.2922131e-06
6.086294e-05
5.2883636e-10
3.527298e-08
0.017950661
0.021667387
0.790779
0.014572442
6.9175826e-06
0.0004518386
0.9974989
0.0002853299
3.3371002e-06
0.0006169972
1.312041e-06
2.964516e-07
0.0030230628
6.9175826e-06
9.5022486e-05
0.094518706
0.00017944582
4.471469e-06
8.142827e-05
9.9163135e-06
0.021298341
0.061175436
0.0010839568
2.4277633e-05
4.2475738e-05
1.7457398e-06
5.5080154e-06
0.012938626
1.3138004e-05
2.9723313e-10
0.026048973
0.00023091037
1.3411341e-06
0.0011015172
0.0022301134
0.00022277865
0.00092523673
0.0030015977
1.177526e-08
0.0049071424
0.81013024
0.045467816
8.662864e-09
3.4695113e-05
0.01544432
1.177526e-08
2.5694144e-06
1.8194492e-05
0.0004858815
2.254214e-07
0.11925332
1.644597e-08
0.016830642
3.2900832e-10
6.5723987e-07
9.189438e-05
7.711431e-11
0.4452163
0.99918604
1.4716219e-09
0.056406237
8.398229e-08
0.33980677
0.99500924
3.2790487e-07
0.9948895
1.0772273e-05
2.3687726e-05
0.00018242208
3.2829202e-09
0.0005758434
9.164008e-05
8.970577e-07
8.874036e-06
4.8400266e-06
5.4932312e-05
0.33845
6.02208e-08
0.0002853299
0.004812248
1.611777e-05
1.6122469e-07
6.966791e-05
3.3342371e-06
1.7833555e-08
1.5379255e-05
0.00382087
6.086294e-05
6.672103e-09
0.9999554
4.0572663e-06
4.886327e-07
0.99857616
1.6101633e-07
0.0044393656
1.050314e-08
0.5059379
0.9988271
0.021803819
0.00016646775
3.3371002e-06
4.5901558e-08
2.168544e-05
0.7905855
5.0862877e-06
6.9175826e-06
1.5871984e-06
0.99996895
2.2922131e-06
0.99500924
0.009558207
1.6141514e-07
0.9999829
1.03822595e-08
1.5517281e-07
0.00049295847
0.04683425
5.5833567e-07
0.0033732746
0.0001390675
0.0001239363
0.0047962256
2.8676115e-05
2.8676115e-05
1.896559e-06
0.00020033107
0.028979959
0.01784812
3.6060453e-07
0.00031918593
0.038321912
4.0734534e-08
1.5002557e-08
0.99996406
1.715919e-05
3.9164007e-08
0.00017464739
1.9739575e-07
8.263616e-06
0.004136124
0.006408717
4.954751e-05
0.99857616
5.152121e-06
4.746127e-06
2.0190967e-11
2.2537076e-06
4.0996273e-08
0.0023767347
0.01872528
7.332083e-08
1.8201088e-05
0.000105843574
6.4680626e-06
0.9999999
4.6402766e-09
0.0039605205
7.252411e-05
0.0003629653
6.502284e-05
0.027713249
0.7234242
9.5022486e-05
0.042265933
0.2086726
0.9999618
4.6905127e-05
1.2567014e-06
1.3537043e-08
2.325848e-05
0.00071367936
9.673381e-09
0.07474139
0.001060601
0.00060145685
0.003928436
2.678436e-08
2.0343423e-05
0.0001390675
0.9150444
5.5841076e-07
3.8923798e-05
3.7094655e-05
2.3482114e-07
0.9150444
0.00010836241
0.99918604
0.04683425
6.936813e-06
8.550255e-07
8.398229e-08
3.1730253e-06
0.07740175
0.04849708
4.6791424e-09
9.897069e-06
0.0010655001
1.1865498e-06
6.142436e-08
0.030928476
2.0522035e-07
0.0017080584
1.4288649e-07
5.0369263e-06
6.086294e-05
1.9080753e-08
4.0088802e-05
0.010107314
5.1360705e-10
0.99998206
6.02208e-08
5.6579756e-07
3.0306803e-05
0.005278251
1.805081e-10
1.9183054e-10
1.1468e-07
0.61213636
3.1929565e-06
2.678436e-08
1.050314e-08
7.192994e-09
2.78366e-05
7.213524e-05
0.9999947
0.23759912
2.4790712e-05
1.1617236e-06
1.0610972e-05
3.3754634e-07
8.9758515e-08
