0.9231648
0.3088984
6.071344e-07
2.0463144e-06
4.1256547e-07
0.8519698
6.3785985e-09
3.4694684e-05
4.461574e-09
1.2359845e-06
0.00013820519
7.272679e-08
0.0017789317
1.6041643e-06
2.126551e-07
0.0008035322
4.5541118e-09
2.7292194e-10
9.794737e-11
1.5540206e-07
0.0071024047
4.547483e-07
5.380016e-07
2.1471342e-06
3.1817326e-05
1.775214e-05
6.900261e-10
6.168933e-09
0.027197413
0.59517777
3.8201342e-05
2.7377308e-08
3.9761407e-08
4.323846e-08
3.707626e-05
0.00010979759
3.1173265e-06
9.176898e-06
6.553441e-10
1.8489087e-07
0.00026420233
0.9469176
0.0024140682
0.97761333
5.2583154e-08
3.8667e-08
1.1000941e-06
8.608936e-09
1.6489668e-07
0.00075402437
0.9973085
1.648778e-05
4.960824e-07
1.6489668e-07
4.2534554e-10
7.0749786e-07
2.5438829e-05
0.013167241
1.7036646e-06
0.0030734844
9.885002e-09
2.147896e-06
1.9657193e-06
0.06872522
1.7003553e-09
1.1543371e-07
9.188018e-05
4.6113304e-12
0.0013421151
0.22900686
1.6453599e-06
1.6396098e-07
1.2283531e-09
2.5630365e-07
1.0993056e-05
0.00026694578
7.063444e-08
7.660163e-08
3.8192868e-10
1.320157e-10
1.3408091e-05
1.2152476e-05
4.928277e-06
0.04943255
0.0017789317
0.0012327853
1.4809549e-06
0.8857482
3.690061e-06
6.6628068e-09
0.9997181
0.00086253544
0.00025228463
1.0127142e-05
1.426636e-09
0.001221272
3.9136833e-07
4.2337802e-13
2.0433893e-06
0.9964543
1.992188e-08
0.99997145
1.6563823e-07
2.0246954e-08
1.261569e-07
6.225279e-09
3.6329984e-05
0.0009763545
9.6458325e-06
1.0173975e-08
1.1664914e-07
6.638568e-07
4.140886e-07
1.9672532e-05
1.7172673e-06
0.00054165575
2.357952e-05
8.493382e-05
0.020825025
0.00023355213
0.18276255
0.56058043
0.99942297
7.5264154e-08
0.9991066
2.0586049e-05
3.9761407e-08
2.6596822e-06
2.1987452e-09
9.401169e-05
0.000100921374
8.371617e-08
6.071344e-07
0.0005644929
7.385474e-08
0.011568657
2.0785402e-09
4.3861186e-12
1.6908953e-06
1.7574733e-07
9.596085e-06
5.752434e-06
2.2028994e-06
5.9177574e-07
1.7390403e-07
0.57698095
8.990061e-06
0.00023637616
0.0059346915
1.4725224e-10
7.5565376e-06
7.881131e-09
1.7110919e-05
9.794737e-11
9.810588e-08
6.038584e-06
9.971221e-06
2.6200807e-08
4.2337802e-13
0.98990935
4.827069e-05
3.8404163e-08
4.1246606e-09
7.404993e-09
0.007981422
1.3556262e-06
2.9865412e-06
7.5565376e-06
0.00092857063
0.11083586
0.0045605493
0.020401867
0.0012545956
5.5119776e-06
1.1297357e-09
6.0309766e-08
2.589658e-09
0.0001884286
1.3390621e-07
1.2324207e-08
5.543259e-06
0.0028328598
0.022729775
0.9926987
7.1142745e-06
7.1142745e-06
0.00027383314
7.154752e-07
5.1437505e-06
7.292863e-08
0.99999994
0.048804335
9.0737994e-05
0.07157612
8.9558074e-05
0.00090859184
0.00025096894
1.8227155e-06
0.0011230236
0.023863148
1.7435149e-10
2.3798954e-10
6.562755e-06
0.8650582
1.8117626e-06
9.52341e-09
1.3786119e-08
2.0221566e-07
5.5948807e-05
1.5447326e-11
0.0065949806
2.844467e-07
4.6608943e-06
0.00020706272
1.0173975e-08
7.749897e-08
3.8667e-08
1.09466306e-07
2.627267e-05
0.0005461349
2.7923514e-07
1.0608806e-05
1.2008581e-12
5.7397364e-07
4.2669477e-08
1.6563823e-07
0.00072200544
4.925373e-08
5.9091068e-08
0.8955447
3.0055393e-05
0.000272705
0.0011230236
7.87773e-06
6.0309766e-08
0.015208662
0.0010746281
1.6255743e-05
0.00075251586
7.250875e-06
1.1013582e-05
0.024274867
1.1664914e-07
0.9987276
0.0008035322
0.0763675
1.948597e-09
3.9598063e-09
1.0127142e-05
0.0018735799
0.99926233
3.061463e-05
9.52341e-09
6.2639134e-05
1.4751777e-08
2.589658e-09
4.827069e-05
2.428055e-05
4.387171e-09
1.2143438e-06
0.3187009
1.7710984e-06
0.9996836
0.00027725272
0.9936924
9.043075e-08
8.093118e-09
0.41538957
0.0135467965
1.5850777e-06
0.4846694
2.8649286e-08
0.98990935
0.87735957
4.8235047e-09
1.5176037e-09
5.9177574e-07
3.1858344e-05
0.20729636
0.9999364
6.1280283e-09
3.111114e-05
5.943982e-11
0.98811346
2.0425676e-07
9.144627e-07
9.133767e-07
0.56058043
0.00011961272
0.0006284821
0.00038976825
7.292863e-08
1.6569873e-05
0.9999972
0.023719719
1.232584e-10
5.9091068e-08
1.6841563e-05
2.4726827e-08
0.00043664165
