6.797711e-05
2.6932546e-05
0.94621545
7.8129975e-10
1.3529407e-07
2.4674966e-06
3.741315e-11
1.0828673e-08
0.981066
6.6749797e-09
4.6508408e-08
3.8685184e-06
1.1305851e-09
1.7194276e-09
1.2736656e-06
1.8432761e-06
1.8365386e-05
2.637485e-07
2.646898e-08
6.6229715e-09
0.00030824105
1.0464546e-06
1.01063315e-05
6.719474e-08
1.0
0.002065362
4.8927633e-11
0.000112266105
4.7251262e-08
3.6760848e-05
4.095938e-08
0.00038336506
0.00012706447
6.9555512e-09
1.2104704e-06
1.975096e-10
0.00018997717
0.7854836
5.8160856e-07
4.7251262e-08
1.6531347e-09
7.183439e-06
0.9980729
5.0266555e-09
3.4384107e-06
0.001125423
1.6446666e-05
1.5806638e-06
1.0296492e-05
0.068411335
0.019571722
1.0239542e-05
4.8700717e-06
5.0253725e-06
1.0323529e-09
1.3667808e-07
1.2108124e-08
0.010956012
0.00016644808
0.03528404
2.397626e-08
0.0012898914
0.00013339533
2.3209625e-11
0.00061098614
2.9579022e-07
3.2134726e-06
0.9998116
5.9487203e-08
1.0109618e-08
0.07610287
0.0008871445
7.4805456e-07
3.0577243e-07
2.1393369e-08
1.4022516e-08
1.1696216e-09
0.06080909
8.81938e-09
6.140655e-07
7.183439e-06
2.4364638e-07
0.00016187361
0.488035
0.9447168
0.00024136301
0.00011867
2.3818674e-09
1.00192805e-08
2.5196545e-05
0.00012003971
8.81938e-09
6.299732e-08
1.2108124e-08
6.1709335e-09
0.99995583
1.5615693e-06
3.8256925e-07
1.16103315e-07
2.0281584e-06
1.2480723e-10
2.191016e-10
6.21181e-11
0.25381383
1.8377442e-09
0.999991
5.8160856e-07
1.1733224e-08
2.9575292e-08
1.6852136e-08
3.679424e-07
4.177648e-07
8.75594e-09
0.017209165
1.4677659e-07
0.488035
2.3661789e-08
0.5845605
3.2693666e-09
0.0008803034
0.0016623558
6.7207657e-09
3.8314616e-07
5.0606836e-08
2.3195912e-06
0.9999734
1.0270849e-06
1.6531347e-09
0.9835045
0.0018758399
0.00016781251
2.4622147e-09
2.1948377e-07
0.018312799
4.848652e-08
3.7505818e-11
2.8334203e-08
1.7006648e-06
2.008965e-05
8.594938e-06
1.5206809e-09
6.3829243e-06
2.2704973e-09
2.105306e-08
0.9276768
1.1337145e-06
4.0237232e-06
0.00015098146
2.646898e-08
0.4310084
0.001767278
0.94621545
4.919841e-09
0.0039861584
2.7298572e-08
6.8134254e-09
0.9881186
3.218687e-05
0.001355851
8.761235e-09
0.0020697452
5.189046e-07
5.500135e-07
2.9538985e-08
0.86680526
1.731157e-06
1.8150346e-06
1.911823e-09
2.9579022e-07
0.9723703
5.887737e-07
6.56209e-12
2.8154598e-06
9.1106136e-05
0.002847749
4.4965323e-05
5.594203e-05
1.33708945e-05
6.2928366e-06
0.0028406843
0.0011276776
0.99999654
0.9981994
1.1305851e-09
9.314891e-09
6.6749797e-09
5.6252105e-07
0.046475016
2.9049743e-09
5.008503e-08
9.222305e-05
5.9594633e-08
2.0295081e-09
0.00024136301
3.014547e-05
0.98075795
7.738483e-05
0.00030824105
4.070704e-08
6.327432e-05
6.2936256e-10
6.59189e-10
4.399365e-08
4.7601323e-05
1.7304757e-09
9.2282846e-07
3.563707e-08
0.36289173
1.1305336e-05
1.1460423e-07
0.00068332977
0.0015803801
1.2926186e-07
1.0848036e-05
0.99998164
8.293269e-06
0.019571722
2.2070193e-08
6.217708e-09
0.030217508
0.8915092
8.75594e-09
5.2320424e-06
9.113932e-08
4.4370598e-05
1.5751182e-05
9.9682715e-09
3.8744057e-09
6.506898e-05
0.0020066078
8.765853e-08
7.910281e-05
6.8481847e-13
9.329914e-06
0.998153
1.2245938e-07
6.7398574e-08
0.023843529
0.0009642228
3.7670844e-08
0.9979702
5.494934e-08
0.2194036
7.163738e-08
2.3556955e-08
1.8330145e-07
1.122706e-07
5.806365e-07
1.96694e-08
0.93683445
0.9990098
0.0028860003
1.7126015e-07
0.07264223
2.174752e-07
0.39250842
0.9998928
9.0066663e-07
1.4645489e-06
0.009929694
8.410184e-09
0.00014022477
0.0010225071
4.7951686e-05
2.2676006e-05
0.99995446
1.34230405e-08
0.004949444
1.4888922e-09
0.4993149
2.924029e-05
0.004232307
2.5093714e-08
1.33988936e-08
1.0464546e-06
0.0032834683
3.8256925e-07
1.5665242e-06
2.4622147e-09
1.9080637e-05
0.48947293
0.0152219515
2.5402514e-05
9.749021e-06
3.5277037e-05
0.00040718538
0.999998
0.0013885987
9.2699565e-10
1.5437571e-08
3.9105338e-08
5.0266555e-09
0.0004096276
2.0033761e-07
0.44174019
1.2254298e-10
7.9464124e-05
3.1753876e-07
3.746402e-06
7.924923e-06
