7.3244755e-06
0.9999866
0.00039820303
1.9021807e-05
0.28297597
0.99937165
6.5594555e-05
3.2622302e-07
0.008392108
0.0002366833
0.047008947
1.9558106e-08
0.9986457
4.966341e-05
0.9013628
1.54267e-05
8.216138e-06
7.966853e-05
1.10271e-07
0.90199935
0.13743865
0.1732502
0.08516158
0.30541283
1.5205231e-05
0.039311994
0.5860093
4.7029903e-06
1.0
1.2893187e-05
1.3083434e-07
0.0005430699
2.960007e-07
0.00045317857
4.7391484e-07
0.99999714
0.1364801
1.4813363e-06
0.0002998904
0.012494305
5.4347574e-06
0.8308293
0.0043062214
4.3889898e-07
0.9999412
0.0016334219
9.45135e-06
0.059676826
8.6988115e-07
0.0011691366
8.76722e-09
0.9999803
9.924941e-05
0.0072730025
6.6972585e-05
0.06548216
3.281323e-05
0.9999448
0.02086769
1.45064805e-05
0.32344565
2.1123922e-05
0.99999994
9.73175e-07
0.00013022937
0.005438009
0.9999934
0.006705905
0.19029145
0.7132761
0.088097215
0.011091893
1.0879747e-08
0.9975049
0.00022034842
0.00010221756
0.00019319623
2.7644603e-08
0.9999952
0.00021414751
0.0041368944
0.0014054625
0.00017962659
3.0280322e-07
0.00037384106
0.9426245
0.77515095
0.0027128484
0.033848044
6.257268e-08
0.04902953
3.99964e-06
0.0030596417
0.057366874
0.040252455
1.8228302e-06
0.9999938
9.615688e-06
0.99986327
0.0077683902
0.00013925618
3.7740584e-09
0.00014311718
0.50939345
0.001027636
1.5686648e-05
0.649938
0.031659752
0.0013838646
0.3248909
0.0002829023
0.9999412
0.9999856
1.7707762e-09
0.0003272759
1.1275765e-09
1.45064805e-05
1.9975447e-05
0.0030596417
0.017744035
4.9120793e-08
0.99937165
0.0038182284
0.0020055617
0.9992246
0.99073315
0.05467542
0.99999
0.27964392
0.00012118417
0.92906755
0.99999994
0.31738243
0.00014461699
1.5865334e-08
0.13473822
0.15643658
0.00086632185
1.3655755e-05
0.0014999891
0.00042354365
6.9055575e-09
0.00019305848
3.5794342e-06
0.0041100755
0.00012818458
0.20010516
0.005486948
0.0042679487
0.9988766
0.99998766
0.9982823
0.99183637
0.5348146
4.340817e-09
0.0041368944
4.620356e-06
0.9983599
0.00017054887
0.00035559435
4.966341e-05
0.9547481
0.0012125936
0.027909985
0.09820235
7.6236447e-06
1.9975447e-05
0.026850075
0.011091893
1.9851059e-05
0.99294543
6.066955e-06
9.0728745e-06
6.9555936e-06
1.2674955e-06
0.99599314
2.330581e-10
0.02835933
0.00021207414
1.446893e-06
5.3167614e-06
0.00012483107
0.8147368
2.5870144e-05
4.1146058e-07
0.001884415
0.0011535644
0.9090165
7.816462e-06
4.455464e-06
3.0412297e-09
0.005343028
0.106608704
0.0041368944
1.9558106e-08
0.99674803
0.93969643
0.6439096
0.00013925618
0.0002447102
0.99958557
1.2551159e-08
0.013040672
0.99998546
0.5348146
0.38308728
9.512423e-06
2.6125636e-07
4.697872e-05
3.050444e-05
7.9159705e-05
4.8330758e-06
7.992977e-05
0.027909985
0.05467542
2.2171082e-05
0.999954
0.0008462048
0.5836497
0.06422412
2.330581e-10
3.2618175e-09
1.8673408e-06
7.911556e-05
5.7825144e-07
7.848253e-08
0.00015998498
2.5278592e-05
6.25004e-08
0.99999994
0.016896946
0.71193165
0.0002561053
0.38894057
1.1869945e-06
0.00013073352
0.9995225
0.99999
0.00502033
6.9209477e-06
0.0076132193
0.022158239
1.3924202e-07
0.00015998498
1.5151248e-07
6.9533385e-06
9.2444304e-07
3.0831015e-06
8.898788e-05
0.2067477
5.8542882e-06
0.00013022937
4.9583637e-06
0.0006019108
5.4073647e-05
3.5156452e-07
7.755376e-06
0.0063065817
0.6016654
0.116563104
0.022158239
0.1732502
4.981731e-08
0.9999148
2.3361258e-06
1.664155e-06
1.3838063e-07
0.19262902
0.99662846
0.00023878246
3.1470714e-05
5.9073696e-05
1.1030335e-05
1.9290126e-05
2.0722805e-06
6.5594555e-05
3.0300878e-05
4.388872e-08
0.0005867251
0.9999894
5.820264e-06
0.00019319623
0.010804771
1.237179e-05
0.0069231964
8.361418e-07
3.475124e-07
7.165843e-08
0.00017054887
0.0008403907
1.15375705e-07
2.535696e-10
0.4643249
0.00031553707
0.0030698895
2.894804e-06
0.50939345
5.0920306e-07
0.024637775
2.1040794e-06
