1.0
1.0
2.6528628e-06
0.022587927
4.285062e-08
3.4385812e-06
1.10254135e-08
0.40759104
0.0010531031
3.468622e-06
1.3221853e-05
1.1233947e-09
0.027401118
0.08048112
0.00066774647
1.6043301e-05
1.0730932e-07
0.049591627
1.3221853e-05
0.00089984376
2.0262794e-08
0.2624269
0.00411762
9.7783355e-05
0.67823833
0.99996614
1.5935732e-11
6.463299e-05
6.17339e-05
0.00039317246
3.6995935e-09
0.94625723
3.8526464e-06
1.9683254e-07
0.99372995
0.00093274796
0.9555616
0.0017376445
0.0004946997
2.632639e-05
1.0783432e-06
1.9572753e-05
8.093474e-06
0.0061569973
1.0530587e-05
1.5789552e-06
1.481234e-05
0.0034274305
0.00015028728
0.018040767
1.1887618e-06
0.82906115
0.016385376
0.00020742613
1.2573868e-09
2.1137797e-08
0.00018160397
2.802505e-06
3.099842e-08
5.8938713e-06
1.2806183e-05
9.42447e-05
4.0413256e-10
2.0508235e-06
3.7206627e-07
0.058868058
3.599357e-09
1.7634228e-08
0.0025060533
6.727393e-10
8.146108e-07
2.579136e-07
0.0002290874
8.0538854e-08
0.00050442584
0.0002508517
9.6847216e-05
0.00039612234
2.0371395e-10
1.0939343e-05
0.9981951
2.4758033e-06
1.1996141e-05
9.664437e-07
2.4292742e-06
0.00040879849
5.8150427e-08
1.28217e-08
5.807871e-07
2.5180743e-06
0.9999847
9.210392e-07
0.7280311
0.0041042906
1.7909128e-06
0.0150672635
5.5272117e-06
7.5082153e-06
8.225165e-08
0.00066774647
5.197971e-10
0.020614773
1.0742195e-05
0.9965848
0.87947804
0.0003973254
2.773566e-07
2.5206785e-07
0.009029048
0.0041042906
0.0042048325
0.9999925
0.16148317
0.010330707
0.027618077
0.07517718
2.179332e-07
1.617281e-06
4.0332016e-10
0.00080945424
0.9998894
0.9993881
1.5585843e-05
0.0011150945
0.31941003
3.8526464e-06
0.7039311
8.32941e-08
0.00018333424
6.032012e-07
1.8638037e-08
0.98600096
1.2771226e-08
0.00040714364
0.0051088315
7.6385955e-09
0.73790044
0.9648229
0.13383204
2.802505e-06
0.0001918386
0.08006312
0.00051596505
0.72485536
4.1405307e-05
0.21794835
0.00020742613
4.874504e-08
1.9791974e-06
7.660333e-05
1.3951858e-05
0.0037041898
0.02081667
2.4758033e-06
0.75561154
8.5536647e-07
0.99999666
1.0374856e-06
2.8521585e-05
0.0002163645
0.00033826986
1.4979111e-08
2.8551406e-09
5.345818e-09
0.9866631
0.025104424
3.3813402e-07
0.00010122024
1.2758173e-06
6.2345002e-06
0.0059654387
1.7116206e-05
0.00056866615
0.00063869235
9.933664e-06
5.542499e-09
4.8441966e-06
3.2519997e-06
2.1874077e-05
0.0071597444
2.3744495e-05
0.00015829307
0.00018160397
0.9963
1.4965939e-06
0.99994344
5.163567e-06
0.9533866
2.3458283e-06
0.00044284976
0.9999629
0.2121288
4.3576594e-07
9.435839e-10
0.042689
0.027618077
2.5972179e-08
3.9521424e-06
0.021731151
0.015147791
0.0008722009
4.1543435e-11
0.6618621
2.5155081e-05
2.7587208e-05
0.9997293
3.840165e-05
7.8235324e-08
0.00435295
0.00020582166
8.965685e-07
2.4936745e-07
3.824596e-05
4.4749857e-05
6.9591497e-06
0.26015577
1.2295779e-07
1.0742195e-05
1.6513084e-07
2.8229883e-07
1.8342662e-06
4.219781e-05
4.5044594e-06
0.000719643
3.718484e-08
2.179332e-07
0.0015019529
0.0011977347
6.8601425e-05
0.00014099249
7.97344e-07
4.3448385e-06
0.0040230323
1.6905018e-06
0.00021618922
0.00023773681
0.10397562
2.5006594e-07
9.3819675e-05
3.4385812e-06
0.00032791862
0.3534175
0.09978965
1.4111402e-05
2.6458313e-06
8.04961e-05
3.2042288e-05
0.0012019732
0.0017016577
0.00043050127
6.193014e-05
2.6458313e-06
0.0017837766
0.0023150183
4.94367e-08
1.0333525e-07
0.7437071
2.373978e-06
9.5568685e-06
0.000770324
0.9997293
0.2426736
2.1910254e-09
0.995299
0.97603226
0.010144307
0.00030771754
1.916624e-09
4.2899915e-09
0.033097103
0.00463472
1.7578657e-07
0.8274377
5.9265227e-07
9.624716e-06
0.030720033
0.6633805
1.5525009e-07
0.9999997
3.97696e-08
1.6589986e-05
1.8826728e-07
3.139936e-09
0.40759104
5.2989406e-05
1.6880434e-06
1.2951992e-06
7.3344324e-08
0.9908681
0.99994344
2.2468748e-06
3.9521424e-06
1.0334842e-08
1.0334842e-08
2.9560928e-05
1.7140409e-06
0.00032415419
0.0037846342
9.113689e-05
8.218999e-09
