0.99561703
0.013992688
0.012512616
4.0070972e-07
0.0043955804
0.012448264
0.2717401
6.4344954e-06
1.875715e-08
3.7827643e-09
2.7376995e-08
0.97723037
2.5061674e-06
0.99799657
2.0690094e-07
1.5001976e-07
0.008924769
0.0005240131
7.430157e-05
7.315536e-07
0.00010166463
0.9958985
1.903344e-05
4.543537e-12
8.257559e-09
6.2351916e-07
2.6104488e-05
2.6149067e-07
4.5058496e-08
0.23568203
0.014159341
0.2718097
2.2211786e-06
1.7868112e-08
7.499905e-08
0.00013853134
0.99888176
2.2631566e-05
0.9997836
8.778482e-05
0.99927735
1.4875708e-11
0.0012327578
0.0006016209
4.101268e-05
2.6684498e-07
0.012448264
3.136186e-11
2.0532508e-07
0.00034215773
0.99989164
3.136186e-11
0.99996287
0.0036478685
7.352898e-05
0.0007961372
1.6931124e-06
0.0015670022
2.2267028e-07
4.7719876e-08
2.805805e-07
6.614115e-05
2.392475e-10
0.000324915
1.5359201e-07
4.675943e-06
6.266408e-11
7.562948e-05
2.3848742e-07
1.4386714e-07
6.321627e-08
0.9996498
1.2095242e-06
0.06774628
0.01713948
1.372075e-05
0.000237696
0.19740917
3.7648329e-07
0.0007946649
4.4867196e-05
8.392465e-08
1.9544143e-05
0.00055018935
0.608092
1.1523342e-05
0.976489
5.9821945e-05
5.9140113e-08
1.6191318e-05
1.2450275e-06
6.602359e-10
0.0001115756
1.8422836e-07
2.3886292e-08
1.5714681e-06
9.41481e-09
1.1494984e-06
1.2363638e-09
4.599165e-08
2.5913477e-07
2.6523165e-07
2.1302004e-07
3.600296e-10
0.99422777
1.0356513e-07
0.0001544258
0.0012324924
9.789315e-06
0.94132584
9.370439e-08
0.00039833802
0.028101534
1.3269416e-08
0.97606826
1.0827187e-06
0.13033547
0.0063905306
0.0012743342
0.08689017
8.926663e-12
1.1462054e-05
2.9342307e-06
0.27119383
0.012424575
0.026869094
0.004878748
2.7991448e-06
0.00069012697
1.300497e-08
0.00016757331
1.3808125e-07
2.5830984e-08
1.0
2.1141465e-08
1.8098324e-09
0.0012353873
1.9521563e-06
0.3650033
7.7070894e-08
1.2463506e-07
2.1416417e-05
4.732076e-07
3.3436137e-07
2.231839e-07
4.487151e-06
5.774898e-07
8.6419595e-06
2.7113693e-11
2.6584726e-07
7.502802e-05
2.8924364e-06
7.546105e-05
0.99911034
3.9150486e-06
3.0987045e-05
0.97606826
0.0036557869
4.6496563e-05
3.059547e-08
1.3267561e-07
5.493462e-10
7.5179365e-08
0.99999547
0.0026079896
5.792057e-05
3.8364316e-09
1.7031152e-08
0.9987734
5.5536765e-07
4.870611e-07
6.321627e-08
1.1336118e-06
0.006350279
5.7089856e-06
0.022775123
0.026216172
0.2195964
1.0
4.415339e-05
2.9922037e-05
0.8468641
3.1736456e-06
6.0941693e-05
1.12943724e-07
1.1217599e-07
8.7446256e-07
9.083007e-08
5.550356e-07
1.25472095e-08
2.9818668e-09
0.9585676
5.966635e-05
0.52652615
7.647787e-11
3.600296e-10
1.43950465e-05
8.327516e-09
1.2869765e-09
5.7741605e-08
0.005544795
0.056860894
1.1411814e-07
5.3017106e-05
1.7584255e-06
2.3856606e-08
2.1340068e-07
0.98612726
2.3886292e-08
0.0032895287
1.903344e-05
4.0043922e-08
0.0007961372
9.6217335e-08
0.99387884
3.988697e-07
0.035808172
4.4687773e-10
0.0007536922
4.2440192e-07
4.8527356e-05
2.2918652e-05
1.8385164e-08
1.1889852e-06
3.7625646e-06
7.604619e-10
2.0631849e-07
2.241872e-09
3.220882e-06
0.14058232
2.7180174e-06
0.08534644
4.8991954e-08
1.3267561e-07
0.2004149
2.043058e-06
4.789194e-07
3.578703e-07
1.5232327e-05
0.94930285
0.74075574
1.9142201e-09
4.415339e-05
2.6149067e-07
0.2195964
3.9163206e-05
0.005178455
1.2997353e-06
0.2195964
0.17200366
1.1363682e-09
2.2285765e-07
1.9731022e-05
1.8186018e-08
1.4095384e-05
0.0008072182
1.33015e-07
3.7325663e-09
2.5789829e-08
5.9140113e-08
7.947463e-08
3.1298873e-11
7.831512e-06
1.1411814e-07
6.1994973e-07
2.9756451e-05
0.99989164
3.3858912e-06
1.8871049e-08
5.685399e-08
0.0012327578
4.0337764e-11
0.9999774
2.187857e-08
2.4430642e-08
4.0635442e-07
2.6729913e-06
3.7033788e-05
5.6917333e-09
2.6804688e-05
0.99995214
0.015539023
5.893169e-08
0.43305555
0.6504845
1.5629637e-07
0.00016757331
1.3461961e-08
2.231839e-07
3.6294193e-10
0.004187291
0.0016470616
3.8637143e-08
0.0019593914
0.0005282913
6.957651e-08
2.8665902e-08
0.0017901899
4.4127358e-08
0.00051358796
