1.0
1.0
1.0
1.0258005e-10
1.23782495e-08
2.2833417e-05
3.6856534e-05
0.68914264
0.1768989
0.004053071
0.002386872
2.2925686e-07
5.5454514e-08
1.2580487e-07
3.8213025e-07
3.345572e-07
0.0022915537
1.6779713e-05
7.721052e-08
0.9146488
5.411799e-06
2.0407644e-05
0.18546775
0.014745896
0.0032931406
3.2601247e-07
1.9691066e-07
6.361876e-07
4.2449575e-08
4.363015e-08
1.4546545e-09
4.3385062e-05
0.0005004594
1.8179654e-10
3.6820929e-09
0.0001102174
5.258014e-12
8.320103e-07
9.661544e-07
1.0757281e-08
1.6394388e-08
6.035148e-07
9.423015e-05
2.873467e-05
0.99994487
8.796398e-09
2.4383997e-05
1.7359515e-07
4.328203e-08
4.363015e-08
0.00067749957
0.003927201
0.008117088
1.4592885e-06
2.5538617e-08
0.038791113
1.5145123e-07
7.274181e-05
4.7553147e-08
0.00027603653
4.1421814e-07
1.1088302e-08
6.3062756e-11
8.9129907e-07
0.9959082
1.4190209e-07
0.0007853018
0.038791113
3.3187156e-05
1.9456313e-07
5.22939e-08
0.99986815
2.1871742e-06
3.671864e-11
0.00036974592
1.9577906e-06
0.09662764
8.959813e-06
2.3780161e-05
0.00015238964
0.00024304741
7.519093e-06
0.00025117505
2.5554215e-07
9.1939886e-11
2.1792053e-07
0.008117088
5.6079304e-12
0.055197842
0.00044173838
1.73382e-08
0.0029343015
5.2399986e-07
4.896201e-10
2.5131658e-06
2.2295812e-10
9.311197e-07
1.2729382e-06
2.4960185e-09
0.9999997
1.1413405e-05
4.0743616e-06
1.8588536e-07
0.92956233
5.202876e-08
1.8808523e-08
8.447031e-09
3.3187156e-05
3.3879928e-07
7.252551e-07
7.835984e-09
4.8658233e-10
0.00036974592
0.0032186008
9.741927e-07
1.4153196e-05
1.9169248e-08
2.0407644e-05
6.0026764e-08
1.3381276e-11
7.9903543e-07
2.7304715e-05
0.00027603653
8.613139e-05
1.1775859e-05
4.0068635e-06
2.1900865e-08
3.4619383e-08
8.796398e-09
2.1578335e-05
5.2437863e-06
4.3385062e-05
4.363912e-09
8.3768304e-05
8.948831e-07
0.004053071
0.000109980334
1.2454634e-06
0.21164766
0.00037178004
6.6721304e-07
0.99999994
0.0005460177
8.417552e-07
2.6735572e-07
1.2729382e-06
8.417552e-07
7.4036293e-06
0.00041334188
0.99479735
0.0026811361
1.430901e-05
0.9885896
0.9873589
6.78638e-06
1.0725807e-09
0.0039577377
5.5454514e-08
0.6984125
2.61376e-07
1.1182858e-05
2.2539103e-05
1.8196914e-08
0.0062535387
0.18104468
4.108784e-09
0.016451463
4.0350142e-07
3.8659554e-08
1.8037818e-08
0.6250449
2.3023779e-07
2.6145227e-07
3.944424e-07
1.411302e-08
0.23707668
9.311197e-07
2.7661417e-05
4.9291466e-06
2.112914e-05
2.5174184e-05
8.94385e-05
3.059458e-05
3.537085e-06
9.526338e-12
1.5897419e-07
3.8290105e-07
0.00733054
9.1939886e-11
2.5131658e-06
2.3546406e-07
0.9762749
0.31829792
0.3366234
1.10817936e-07
1.4658019e-07
0.0054221763
4.9319915e-08
1.5524638e-07
8.260338e-06
0.033756737
0.001197883
5.1869387e-07
0.0002588264
0.006822556
1.4303477e-08
4.4547228e-08
3.7694633e-08
3.2857443e-07
0.98380953
0.7613713
0.0012095505
5.794654e-06
9.653535e-06
4.832679e-12
0.028247055
4.5696947e-06
3.3187156e-05
0.9999972
4.328203e-08
0.028515045
1.4856584e-09
1.0966144e-06
0.00020244847
1.623018e-06
4.288672e-10
1.38778815e-11
0.99971896
7.4036293e-06
0.00083818584
2.711232e-06
0.0011557896
7.8204204e-07
9.447045e-05
6.0068564e-06
4.1163835e-07
0.9964356
2.0698678e-07
0.999188
0.5704334
5.3746837e-05
1.306829e-10
1.3307632e-06
4.584623e-06
7.567598e-07
3.6315944e-07
3.1691552e-08
4.1189557e-07
0.8108111
2.0190889e-11
1.4309024e-05
1.9636775e-07
0.10847642
4.964446e-09
8.932495e-06
0.98390687
0.0090352995
4.1078223e-08
1.9647184e-06
5.732368e-10
2.5380102e-06
0.9999754
4.2059628e-07
1.4398568e-08
8.241729e-09
8.104011e-08
9.599631e-07
1.0558819e-08
6.447509e-10
0.04419066
7.204638e-06
2.2925686e-07
0.7158536
0.0014154002
7.2059985e-09
6.5545555e-06
1.73382e-08
0.98578924
0.9386155
2.968088e-06
8.655584e-08
0.0023471352
0.99925375
0.006822556
0.99520415
0.08168292
2.9735003e-07
0.124837264
3.5950844e-08
3.9334694e-08
6.618537e-05
0.99997294
9.710881e-07
5.009865e-05
0.0005413672
2.0190889e-11
8.947014e-06
1.4233475e-05
0.00011439171
0.0031091664
