0.9999982
0.9999686
0.99903136
1.4784735e-05
0.013948875
0.9693399
0.0027922913
6.1256003e-07
5.070025e-06
2.9261184e-06
4.0941326e-05
3.079423e-08
7.065262e-06
0.0038030525
0.00027023378
0.0022333274
0.17806706
0.00070230186
0.06644772
3.8197827e-06
0.9999483
6.341466e-09
1.0
0.0037656105
8.379217e-09
0.005524453
0.0010941457
4.7324144e-07
0.99999225
3.9215397e-06
8.925728e-05
0.004027272
0.9709489
0.001189033
7.831945e-06
0.98261887
0.00028681144
1.0
5.4331124e-08
0.042382408
5.4347265e-06
1.2823583e-08
0.9623246
0.02759631
0.99897826
5.630798e-10
0.07812932
1.3374505e-06
0.9999605
2.1952362e-06
6.1840124e-09
0.9300459
4.048145e-06
0.14050898
8.521551e-09
0.032581553
0.86448115
0.9872015
7.683657e-06
9.666192e-08
6.1367646e-05
4.3079195e-05
3.5300573e-08
0.9910182
0.15750733
1.0
0.99999017
0.002029284
0.0013489184
0.9165488
0.00011766345
3.9215397e-06
0.0013945372
0.9999882
4.5854595e-05
2.9459165e-05
0.9984275
6.0888254e-07
1.5413185e-07
0.11848088
0.99999875
6.818082e-08
3.179511e-10
2.9050289e-05
0.9834536
1.4854559e-06
0.99978554
0.00015655931
5.4473203e-06
2.212377e-05
0.115584224
0.77217656
0.08366207
0.008821985
0.0031750754
2.4589117e-05
0.023727372
1.5717304e-06
0.19839312
0.0008156718
5.0222545e-05
0.2625289
8.062813e-06
9.734823e-07
0.00044131032
0.002234201
0.0018198505
1.5190604e-06
6.212303e-06
0.077205844
6.388114e-05
0.00010590172
0.00067302247
0.9092766
3.495506e-07
0.9953374
6.1840124e-09
9.37222e-06
0.10377537
1.0100679e-07
2.8844424e-06
0.0010305704
0.8533305
1.1524397e-05
2.2319735e-09
0.0054959506
0.00012816416
0.0041405335
0.0077472995
0.0094167255
0.01858105
0.0057432526
0.9645473
0.0062202783
0.00014542276
2.0752985e-05
2.4373938e-09
9.2004893e-07
0.0004884746
0.00016488171
4.3042487e-06
0.47116414
0.0004846788
1.9542152e-07
7.7927325e-07
0.00018845736
0.026758675
0.024175484
0.99978554
0.0018849093
0.99999845
0.99998945
6.1508785e-05
0.008821985
0.03942167
8.949777e-09
0.28989112
0.042197492
2.2956188e-05
6.6152743e-06
9.657375e-10
1.585334e-05
0.9993121
7.8817575e-06
0.822461
1.15616325e-08
0.005524453
0.0077472995
3.7562259e-06
0.00041710815
5.1966686e-05
0.018395834
0.002680774
0.004478084
9.446952e-06
0.00011662916
2.1250082e-05
3.8211238e-06
0.00013399783
1.694273e-05
7.1258735e-05
7.013291e-05
1.2677251e-06
1.1003629e-05
4.646784e-10
1.6381312e-06
2.3918103e-06
0.07272287
0.9851387
2.7567312e-06
0.00015979914
0.00041424128
0.08054731
0.0031838226
0.81262344
2.802243e-06
1.1574888e-05
2.941188e-07
0.0053529
5.6007902e-08
4.951851e-05
2.2717895e-08
8.320137e-08
0.08054731
4.1366884e-06
0.9999755
6.8432723e-06
2.0701343e-07
0.0033036435
0.00016488171
1.4272337e-05
0.0134118395
0.49582812
7.935418e-09
0.015853528
0.005934219
4.6292073e-05
0.27585787
0.999987
0.00013766802
9.734823e-07
0.0013384758
2.7258775e-06
5.2145595e-07
9.787356e-08
0.71653026
0.013411846
1.2455059e-05
1.4784735e-05
0.013948875
7.470661e-05
0.0008954732
0.007210242
0.031902876
6.0956745e-06
0.99872553
0.02759631
3.0592867e-06
1.713585e-07
5.6846076e-08
1.743635e-06
0.00012620074
1.0
8.059623e-06
0.4351283
4.3807704e-06
0.026758675
0.55688727
0.00010892339
0.8770391
1.4640153e-06
0.86583316
0.8531258
3.4828688e-06
0.050640393
0.99997854
1.204487e-06
6.2740946e-05
1.0087756e-05
1.1608417e-05
0.859866
7.737266e-09
0.0038326345
2.0566442e-06
0.008397192
0.043471616
4.7948885e-07
0.010387863
3.7773555e-06
0.819327
1.5029937e-05
0.978948
0.13007529
0.00014567784
3.319079e-06
7.541959e-06
4.762197e-11
0.99998945
0.00034934081
2.7258775e-06
0.9898649
0.72132
7.862007e-08
1.694273e-05
4.902238e-06
3.9215397e-06
0.9999999
0.00028468156
0.92605865
0.9999569
0.9993121
1.9768973e-05
7.935418e-09
0.9990459
0.0010305704
0.00036740475
0.99682105
4.464487e-05
3.0934693e-08
0.00016488171
