0.99999994
0.9999992
0.8865877
0.99999577
1.9031007e-05
0.0006387186
5.8956985e-08
0.9947535
0.99542475
0.77841884
2.0152433e-07
0.9721741
0.0019780546
4.129303e-10
0.94343805
4.2813692e-08
9.019069e-07
1.2471045e-05
0.22565791
0.00041752428
2.0000818e-05
1.613401e-05
2.1283607e-07
0.4876528
1.930199e-06
0.00052415824
1.6054239e-06
4.9241477e-05
1.4583507e-07
1.3691134e-07
1.7591847e-10
0.0049077505
1.2430282e-05
0.05800049
2.1825684e-07
9.893736e-09
1.4745581e-06
4.05866e-05
0.9999981
1.9280212e-07
2.910884e-11
2.2889661e-07
0.0003626993
0.9563972
2.596327e-07
2.4707953e-07
3.942494e-06
4.6378856e-05
5.5494587e-05
9.577342e-06
3.8104428e-08
5.5255236e-07
5.214021e-06
0.99542475
3.278479e-08
0.016987396
8.963505e-07
2.5634385e-05
1.5285885e-08
1.0509852e-06
3.6652123e-06
0.00010708089
8.360306e-06
0.099296235
0.98958
1.0585094e-08
0.12447112
0.00025028005
8.2586255e-10
0.0003876217
3.198376e-08
0.00021615541
0.99781746
2.9791108e-06
1.4638659e-06
6.951203e-07
1.6225955e-06
1.6801546e-09
1.7715984e-06
8.761204e-05
1.3937515e-07
0.099296235
2.4068208e-06
1.12085145e-05
1.713092e-05
0.00052882126
3.598959e-09
0.9364056
6.108775e-07
0.025808806
3.786108e-08
0.4504279
3.8027868e-06
2.9025445e-08
0.001120847
3.916709e-05
0.999892
1.1028504e-06
3.282675e-07
2.1589429e-08
0.0050749877
7.805825e-08
4.5830234e-06
3.4452673e-11
0.28849164
0.30534542
0.9524557
0.007911504
0.00049775525
3.7950593e-07
3.150302e-09
0.035368536
3.8725643e-06
2.704894e-07
0.00034937414
0.009029248
0.16435294
0.00022542171
5.0400866e-09
7.393762e-08
0.9999521
0.00048019146
0.0012438121
6.2014585e-09
5.5915738e-05
2.5127418e-09
0.99999976
1.7734846e-08
3.676712e-08
1.5745118e-07
8.0936466e-08
0.006166543
0.10130331
0.00015352388
8.051777e-09
1.613401e-05
1.6225955e-06
0.99999964
0.014370532
0.0021940866
0.0059261234
0.00036202362
0.00030688345
1.3871705e-06
0.0036821738
0.003018008
3.598959e-09
1.6477924e-07
3.1943025e-06
1.4843902e-05
2.0561054e-05
4.0759794e-08
1.6354619e-06
0.024208663
3.660353e-07
1.3521294e-05
6.6616667e-06
0.0012438121
2.1332876e-06
6.70598e-06
2.495764e-06
2.9075867e-08
0.0280979
1.6917187e-05
0.017540617
0.0004867778
0.003604485
3.693345e-05
0.0011417026
3.6492208e-06
2.9226296e-06
1.613401e-05
0.00012413904
4.810094e-07
2.172854e-05
0.9699037
0.021279624
9.687229e-07
0.00016641807
0.0011954539
0.00034937414
0.0029290998
0.0120369205
0.9495468
0.0063437205
1.7778013e-06
6.8472845e-09
0.90728027
0.07078154
2.0000818e-05
0.0016880181
0.00033737003
3.813999e-07
0.06723286
7.290248e-08
0.8663633
6.214643e-05
7.262737e-05
6.504352e-07
0.0082478225
1.9907118e-05
0.44591507
0.5444624
0.029028002
0.70855147
0.00097611273
1.0449276e-05
0.058237083
2.0561054e-05
4.2813692e-08
1.9145142e-05
1.3409727e-05
0.9999353
0.001738923
0.00025028005
0.00048019146
0.000542881
4.6423108e-07
0.024231844
2.634568e-08
3.1941504e-06
0.9999603
1.1336107e-06
0.17945684
1.0499531e-05
9.649904e-09
8.069966e-09
3.361089e-05
2.991387e-06
5.6121833e-05
5.5255236e-07
1.3509952e-05
8.458721e-07
1.5745118e-07
0.00029608016
0.18089233
0.001023896
6.8413738e-06
2.4330373e-06
2.7402459e-05
2.9503744e-07
0.0006682691
0.00085042306
0.00023881457
1.9208453e-07
0.0031015673
1.2725118e-09
3.9452218e-05
0.16435294
0.9900177
0.00980426
0.9999817
0.7603998
0.00052882126
0.9900177
1.2965058e-10
0.001052174
1.9466702e-06
0.9996726
0.00092183973
6.3554424e-08
6.4753855e-05
4.727498e-06
0.98104006
0.95644474
0.13940653
7.772232e-09
1.1336107e-06
1.0568378e-06
0.0009904145
0.9900291
0.07078154
3.361089e-05
7.680705e-06
0.1340852
0.9999914
6.551897e-05
0.00030688345
0.7851722
0.0003467197
0.28849164
1.4658801e-05
6.5378964e-07
7.786249e-06
0.999955
4.7107287e-07
2.3656978e-05
5.7289967e-06
0.038722474
9.1031254e-08
0.0002330605
0.068566255
0.0009658442
7.870647e-07
0.99830127
3.278479e-08
2.5134823e-06
4.851018e-09
0.9999979
0.0019700676
