0.9999999
0.9999948
0.007496767
1.0
0.22731708
0.99999976
1.0
1.0
6.691985e-05
7.4746085e-06
9.3677465e-07
4.6002878e-08
1.6421403e-05
4.818339e-08
0.000107211046
5.3976864e-06
0.019002328
0.0009172291
4.9354257e-06
1.364947e-06
1.45100305e-08
0.9971919
8.084695e-09
0.000113861184
0.00209338
2.3135144e-08
2.1062887e-07
0.00019866627
1.2336586e-05
7.670163e-08
1.5428863e-05
4.6650803e-09
4.988135e-10
0.00036469224
1.5559901e-07
0.3367022
0.00017655145
3.6226936e-08
7.045159e-08
1.9475939e-09
8.0155804e-10
3.8802764e-07
0.0011157495
0.026655536
2.5447744e-07
2.5510204e-05
0.0009496495
5.162602e-06
3.8802764e-07
2.3930463e-07
0.00021017647
0.0010939873
0.99990183
9.414868e-08
8.220747e-06
9.24524e-09
2.3016621e-07
0.95748985
1.555965e-06
0.0009780155
1.7519993e-06
1.6240847e-07
4.796219e-10
1.2370442e-07
9.956039e-08
0.0010285068
4.0932985e-08
7.4004487e-07
2.6764756e-06
0.00014338805
2.7843364e-06
9.318907e-09
0.0011239467
1.2286501e-10
2.595733e-06
7.704972e-07
1.9079807e-06
9.956039e-08
0.0022582856
3.982053e-08
1.9248296e-06
9.6262305e-08
5.3630367e-09
5.686039e-08
0.07180279
0.010086568
0.99999166
1.031319e-05
0.9997275
0.9999804
2.3157893e-06
0.9938624
9.631747e-05
0.99999964
0.9998444
1.3062919e-05
0.00032693782
2.557451e-05
2.072417e-08
0.7848162
1.3555073e-06
4.0732706e-10
0.9999998
2.5510204e-05
8.028531e-07
0.0032177398
3.30862e-07
2.6022963e-06
3.9506385e-06
0.00022915337
5.9358166e-07
1.45100305e-08
2.1765209e-05
6.844702e-08
1.7268693e-08
0.00023933382
0.0002981122
1.25714805e-05
3.6629652e-07
1.726753e-07
0.9994981
2.0482396e-06
5.3323867e-05
1.7183645e-10
2.3741951e-11
4.988135e-10
0.006131106
5.06079e-07
0.16660777
0.1852778
1.8482256e-10
0.0023430567
7.0454266e-06
0.36418325
1.8027236e-05
3.9663882e-06
0.00020294536
3.2405246e-08
1.6283506e-08
1.7596886e-06
0.00014252479
0.0012236509
3.3977995e-10
5.396426e-09
1.1948796e-07
0.05739071
7.6001515e-07
8.38276e-05
1.5732465e-06
0.014457218
4.7275703e-06
0.000909776
5.161501e-07
1.05202666e-07
0.85325927
1.1093717e-05
0.8055769
1.1926012e-05
1.3625115e-08
0.005567564
0.014492488
1.2123034e-07
4.0130473e-08
0.99968225
0.08793371
1.0195683e-06
0.067125194
0.0002847804
7.2227584e-09
0.9999771
0.00023933382
3.8181383e-09
2.737056e-09
4.8851433e-07
3.1358552e-06
1.9271881e-06
6.274322e-07
0.00030592064
0.00074719294
1.1686878e-08
9.800637e-06
3.8686002e-07
1.8042389e-05
2.838733e-07
7.131407e-05
2.233464e-09
4.588139e-07
4.968493e-06
3.773709e-11
2.830639e-07
0.0001660885
3.3754404e-08
0.999875
0.9993097
3.6551217e-11
1.6157517e-07
0.00012096505
1.34227785e-05
1.3062919e-05
0.067504756
0.93155354
0.0012655075
2.4222484e-09
0.9996883
5.6221637e-07
5.4525465e-08
0.4634951
0.00034600613
2.3445259e-07
0.004245841
1.036734e-06
0.8449303
0.00016225809
3.1643265e-07
5.923178e-08
0.28657183
4.6028865e-07
0.00014338805
6.241121e-06
7.935003e-07
8.299469e-08
0.00017377397
0.0021964659
0.99996555
0.00013558412
5.4804374e-08
6.691978e-05
7.4309435e-07
2.2903897e-07
3.6866348e-07
5.5278142e-05
1.7570892e-05
3.1610622e-10
0.99749726
0.002353047
3.066411e-06
0.05152911
0.02721151
3.91125e-08
9.469177e-06
9.327278e-10
3.282193e-05
1.8731005e-07
6.681657e-07
6.5001906e-08
0.00076653453
2.3624224e-08
6.747169e-07
1.8813769e-07
1.2623971e-07
0.989415
0.9393709
0.4079744
0.839079
6.9348e-11
6.610822e-06
1.3706748e-06
0.00013780699
3.2990727e-08
3.9880504e-07
1.1093717e-05
1.0
1.8264501e-09
2.0605579e-07
0.29852635
1.8207732e-06
0.024608675
0.9999839
6.8818897e-09
2.8383538e-06
2.6107628e-07
1.29714035e-05
1.6676942e-05
3.259622e-05
0.0033149992
0.0057953983
3.491294e-05
5.9482995e-06
6.8818897e-09
0.0020445173
0.9985322
8.144094e-09
1.1521387e-05
1.3706748e-06
9.454893e-06
5.0149076e-08
7.982951e-06
1.170195e-07
1.0598123e-08
0.9996883
5.0673043e-06
0.9996006
0.0001212073
1.1384752e-06
0.002050118
0.99127173
0.2957174
0.0004187182
3.6056993e-09
9.79713e-07
