0.9965947
0.0010875139
4.7840545e-06
0.9965947
0.9999995
8.083464e-08
0.9999999
7.281344e-06
2.2318007e-07
0.0070793605
8.4336166e-10
0.00043581144
0.574868
1.6473101e-05
0.17206255
1.0
5.8567355e-05
3.056775e-05
1.2888069e-06
0.25623828
3.3809243e-05
0.99990165
4.011217e-05
4.4939134e-05
4.0029988e-07
1.4521631e-08
2.4759072e-06
1.6881158e-06
0.99998885
0.00025183568
0.00043581144
9.54094e-08
3.0492447e-07
1.441542e-05
0.07251798
0.8884453
0.00021365844
1.0
0.0023176034
1.6403021e-08
1.7065388e-05
0.008400854
1.4448837e-05
0.00010411569
0.32966393
0.0001379616
1.0201996e-06
2.5959263e-05
3.6140782e-06
0.33657923
0.00027984974
0.86520004
1.8647407e-06
0.9999996
0.77820516
0.0007604032
6.0561683e-06
0.37131205
5.323791e-07
5.497615e-06
0.042144746
6.498329e-05
0.027098302
0.00027984974
4.6013734e-05
1.9377818e-05
0.99329025
0.0012214663
0.68946743
0.13484739
0.04263226
9.570414e-05
0.011860539
0.99630934
2.0769457e-05
2.2225777e-08
3.2569317e-06
5.358295e-07
0.9888457
0.9996781
2.276594e-07
1.4411253e-07
0.00027984974
9.569341e-07
0.12734094
1.6849948e-05
0.8702096
0.21241122
1.6095784e-06
0.033553418
0.039674595
5.4556283e-05
0.3309553
0.00013133639
3.3942322e-06
1.3213483e-05
4.4025655e-06
0.024730504
0.009483872
1.38497676e-08
0.9995328
4.009446e-05
2.0546666e-05
0.9981597
1.3427991e-06
0.0011079479
0.5435654
0.00040851795
7.8014625e-07
1.7810355e-05
4.2882984e-05
7.4584595e-06
0.00027984948
0.06862903
0.000116294446
0.011603737
0.012920656
1.0288485e-06
0.009514511
1.0215245e-05
8.5812435e-06
5.371344e-06
0.00017018903
1.6306514e-05
0.004373823
7.1026343e-06
2.2225777e-08
8.57746e-07
0.0003279571
0.060561977
0.0017292389
0.00042753483
0.0013586022
0.99337554
1.8480744e-06
3.4687964e-05
1.616135e-08
5.4484995e-06
0.3309553
0.14707433
0.13369055
0.00015939541
0.004551885
0.4596856
0.99998885
0.34446153
8.852787e-06
2.6791926e-07
0.99991703
0.0007727138
0.996492
7.4584595e-06
0.37796974
0.4416806
0.08200685
1.7075448e-05
3.0798847e-07
1.4280587e-05
7.439948e-05
0.15881342
2.1466449e-06
3.2791252e-06
1.0
3.007936e-06
5.377348e-07
1.7179259e-06
0.9340329
0.0010939039
1.36996605e-05
0.0022516951
0.9999978
0.022194961
1.6820666e-08
5.608808e-08
0.012754372
5.377348e-07
6.0676507e-07
3.4014406e-08
0.00023600706
2.0546666e-05
7.313475e-06
0.0030301318
3.1416636e-07
1.3427991e-06
0.0064650886
0.37131205
0.0082362695
4.168982e-06
0.9999978
1.0670417e-05
4.161729e-05
0.10884032
0.031058365
2.6105634e-05
0.99999976
2.5895812e-07
0.0035700323
0.99937075
5.1948046e-08
3.4590062e-09
0.99999994
0.012342999
1.4054077e-09
4.1128496e-05
2.0708147e-05
2.0015987e-05
1.3189259e-06
0.14707433
0.0017292389
4.782403e-07
0.0003856395
0.0019489365
0.00018198534
1.1124906e-06
0.00086610724
0.0005898696
0.00038392318
1.6095784e-06
0.53614485
0.0020873405
0.06312653
0.00041521562
0.0017832002
0.9554982
0.381434
3.0790627e-05
1.6150523e-06
0.001885165
4.5416147e-07
0.00011761218
1.5521324e-05
2.6389232e-08
1.6849948e-05
2.258741e-05
0.9340329
6.598346e-05
8.84941e-06
0.8171686
1.272541e-09
0.000107088235
1.3310932e-06
1.6881158e-06
3.8389495e-05
0.6468969
1.9541828e-06
0.9975098
0.3861009
0.12913024
2.0069296e-05
0.00071502867
0.0015187843
0.19809988
4.755086e-09
4.4051944e-06
7.0560905e-05
0.026535524
0.03301148
0.005352263
1.752805e-07
0.99998814
0.8129242
0.04781775
0.00027984974
0.7446726
0.99989367
0.28398174
9.545201e-06
0.009955623
1.6173498e-08
1.6160292e-06
0.0010817364
0.0005643834
6.786325e-05
9.693019e-05
0.10443263
1.173784e-07
0.00082348887
0.00031873316
1.3427991e-06
3.4590062e-09
6.237678e-08
1.8909351e-06
2.4481576e-05
0.39087746
0.0042211963
1.0
2.0380554e-05
2.141507e-05
0.021422587
0.0004058161
0.0035700323
0.79121923
0.02521611
0.00022250926
1.7903709e-05
5.5454915e-05
2.438374e-10
0.0022516951
2.485932e-05
0.1397976
