0.9999983
1.0
0.99852973
2.2408884e-07
1.414538e-06
9.89065e-11
0.00019290134
6.665651e-06
0.9859388
0.00039763725
0.0029662848
0.4321117
0.9999996
0.004830694
2.6736387e-07
2.0072395e-05
6.320309e-05
1.1317989e-05
0.00020302278
6.320309e-05
4.1404473e-07
0.0009947143
1.5717495e-05
1.302288e-05
0.0002529132
1.3038111e-06
0.148117
4.9729874e-06
3.515115e-08
4.944419e-05
1.3704498e-09
0.00014231972
0.88661563
2.0187945e-05
0.9843674
1.19310625e-05
3.612068e-08
5.0858707e-06
9.16969e-06
7.254834e-07
0.00071633473
6.1038536e-06
9.336613e-08
0.003112695
0.0003541869
4.945679e-07
0.9984773
1.0308521e-06
4.148138e-10
0.1723525
3.0928953e-09
0.9995601
6.724384e-07
4.561791e-07
0.0106993485
0.019899609
2.046818e-06
1.06154e-06
1.5587065e-07
0.2527613
0.00010925585
5.761213e-06
0.00023865978
1.7075909e-08
0.0004866064
0.90109587
0.9901282
0.00019321521
3.033954e-06
5.8070447e-05
0.99757504
0.9011934
0.99617296
8.0788865e-05
0.86875635
0.0118688755
0.00020302278
0.13177767
1.1655522e-06
0.0024235547
3.205655e-06
9.930225e-06
9.336613e-08
3.014136e-05
1.343984e-05
2.0868012e-05
7.146842e-08
5.3359985e-05
0.24762887
3.445608e-08
0.0006504618
0.000478669
0.054880105
1.2631039e-05
2.3813068e-06
0.040174734
7.2121686e-05
4.089232e-06
0.00019349156
1.3704498e-09
0.5649852
1.076681e-07
1.6903441e-09
0.003984114
0.05073475
1.4684031e-09
4.0226805e-08
0.004830694
0.0009036319
0.023317972
2.046818e-06
5.6214753e-09
5.304831e-05
2.1646717e-06
8.646988e-06
0.0011596186
2.57323e-06
0.0001551002
0.00030897604
0.1036552
0.97689
1.0352586e-05
4.3067494e-06
0.9997829
1.06154e-06
6.047287e-08
9.084589e-06
0.9997829
1.0880411e-06
4.3882526e-08
0.0005343617
0.00017131702
4.8164694e-10
4.9403516e-06
0.4998818
6.1530054e-06
2.7635542e-07
5.7037123e-06
0.31087202
3.4963296e-07
0.0351766
1.9192955e-08
0.0018062339
1.0
6.247281e-10
4.2604975e-06
6.5711447e-07
1.2509928e-06
8.39022e-06
1.0578387e-09
0.00028237066
0.023669364
0.00014134907
0.000106456166
7.7410405e-06
0.00015988997
0.00035629442
0.9999884
0.9806702
1.0508109e-06
0.0014506702
0.9999402
1.6677027e-06
0.053969346
1.6411585e-06
2.54987e-05
7.244496e-06
2.122594e-07
9.257108e-05
6.697184e-07
1.5782636e-08
1.6068621e-07
9.648385e-05
0.0001610971
1.3850216e-08
0.98888236
0.00017827675
1.7911059e-06
0.84117806
2.2156732e-09
0.022024766
0.000192454
6.697184e-07
1.07229525e-07
7.931041e-10
0.9999843
0.000112432375
1.3850216e-08
0.80477685
4.243509e-05
3.3050717e-05
0.006784969
0.0024375082
4.1792366e-05
0.00446992
1.833324e-05
0.97682464
0.048358712
0.002834494
0.0013961656
9.138663e-06
1.0093598e-05
1.884093e-06
0.13581976
0.99617296
1.0991796e-06
0.0004440596
0.06077056
3.9304365e-07
0.4720141
2.7494048e-05
0.0013961656
3.1518888e-05
4.2476004e-06
3.1593521e-09
0.003000489
0.60470074
0.3494161
0.009451848
9.3486744e-07
4.7099018e-08
0.99989724
6.8558993e-06
3.8815855e-05
0.07663486
3.033954e-06
0.988862
0.9992433
0.0006751511
0.043682437
0.97789586
0.0018719515
0.0036622675
4.301928e-07
0.0075318986
0.57866144
0.9995657
1.9441904e-09
9.62195e-07
4.3655227e-06
0.00037657327
0.00064686604
0.0003056125
0.00024448443
0.00012183465
0.99977696
5.495972e-05
0.006273017
0.11569331
0.9097892
1.3327102e-06
2.1939957e-08
0.044125706
9.990974e-05
3.5456058e-05
0.06610893
7.5104115e-05
0.0019967193
7.164781e-06
0.15020868
0.97682464
0.0004406088
4.6316003e-05
0.0023752418
0.0034852123
9.5912355e-06
3.0195677e-05
0.57866144
0.0012375985
0.0015350408
8.39022e-06
0.73207754
0.00032695936
9.9926424e-08
0.0002030948
0.085803695
1.7321333e-09
9.906198e-07
1.2829264e-07
0.00010427536
1.8876094e-07
0.32609463
0.31742302
0.00013911432
0.0009067286
7.797403e-06
0.0015350408
0.4540174
0.14526074
1.460919e-09
4.535814e-05
0.8319803
0.00035629442
0.21177718
7.617006e-09
0.9999833
0.99986863
0.0009947143
5.5428266e-09
6.525868e-08
