0.00064685027
0.9713414
1.931663e-06
0.00026515117
1.0
5.2090574e-05
2.9103028e-05
0.82549083
0.03918028
0.001583486
0.9947385
0.00031288774
4.0221514e-07
8.991542e-05
0.99449486
0.6624255
1.7018061e-05
4.6966616e-06
1.2567824e-05
0.057054758
0.00056218344
0.012729227
1.7447142e-08
0.1808976
4.626277e-05
0.0036203368
0.00011748552
3.8821927e-05
0.74300116
0.087458484
0.00057684537
0.0021982559
0.9999994
0.0050597466
0.1784174
0.00015709347
0.9758228
0.8264345
0.00016733159
0.06284232
7.607577e-07
0.001583486
2.952695e-05
0.9080916
6.5472566e-05
0.00031440082
0.60526824
0.00036945698
1.023511e-06
1.350151e-08
2.6486615e-07
0.0005174441
3.6698148e-05
0.9923569
1.1311515e-05
0.00011748552
0.01271271
0.895787
1.8406025e-06
0.9361563
2.500805e-05
7.297399e-08
0.0010737972
8.991542e-05
0.08894784
8.6899054e-05
7.684574e-06
1.3313218e-05
1.0
5.23413e-07
0.0025939015
4.0431307e-05
0.0017812668
5.2013434e-05
0.00015484824
4.4608234e-10
0.0015118683
5.8566254e-09
0.9957182
0.6644759
0.00026515117
1.9230065e-05
0.95973754
1.4838779e-05
0.032174382
0.043036927
0.43138355
3.8018792e-05
0.00018375933
0.12363111
0.63558877
0.009925476
0.48892352
1.366614e-07
0.99999815
2.3565553e-06
6.3599077e-06
0.12462343
0.014764181
0.9999748
1.9105653e-05
0.0021902816
0.001319078
0.34937343
0.00016885098
3.799505e-05
0.0041232985
3.3715924e-08
7.0461792e-06
0.057054758
8.121578e-05
7.6823e-07
0.5749201
0.33535826
8.1195435e-07
2.1313426e-07
0.0044233925
0.004372175
3.791731e-06
0.0028517789
0.00025926105
0.062372796
0.09211247
0.0038502906
0.000102609854
0.021947548
5.4825966e-07
0.9809479
0.09929996
0.9038482
2.6294376e-05
2.0257287e-06
0.9999968
0.00024864057
6.286799e-10
3.5684727e-06
1.2986162e-07
9.612869e-09
0.99999446
6.3599077e-06
0.9997368
1.0
4.0090083e-07
0.0028671094
9.1278975e-09
6.109398e-06
0.9575639
0.00066455436
0.00040980728
6.482115e-07
0.6644759
0.00038716267
8.183021e-06
0.26568073
0.92941284
2.08243e-08
6.656864e-07
0.43138355
0.0022623881
0.0031612513
0.000488639
0.029504588
0.018010411
4.6966616e-06
0.14587204
0.058893792
0.052909434
7.362955e-07
1.2351664e-09
0.00055416184
0.99999726
0.00027738442
5.0351347e-05
1.02289905e-05
0.0008039618
0.0001813216
2.677645e-06
8.74703e-06
0.0010110495
1.3027075e-06
0.00024864057
0.0013121227
1.1051309e-06
0.8910713
0.0008636712
0.26568073
5.0351347e-05
2.862764e-05
0.48892352
0.20680913
0.16332291
0.4865612
1.5292644e-05
0.22601773
8.39259e-05
0.98739856
1.7835237e-05
0.00081036653
8.0419875e-07
0.68755233
3.4794127e-06
0.0070327697
0.47946963
0.9875831
7.218162e-05
0.23692514
0.6644759
4.491426e-08
6.36373e-06
4.3133667e-05
0.009286613
0.015205406
0.79061025
0.000148561
1.1976678e-07
2.8485107e-05
5.9346756e-05
0.00018068268
6.1833546e-08
0.00027738442
0.9999919
0.86747843
0.98739856
3.0091844e-05
0.14584503
2.8620423e-06
6.96418e-09
0.00056218344
0.14108802
0.0004105232
0.00030617332
0.0017396582
0.01680694
0.94968027
0.9999985
0.9999274
2.1026574e-08
0.00024325072
0.008251646
7.989974e-05
6.651534e-07
2.7888385e-07
2.4620136e-05
0.981006
0.10078948
0.0010191178
0.09211247
0.5547682
0.0008229676
2.529097e-06
0.0002436402
3.9900058e-07
7.6823e-07
0.00066459045
5.164672e-07
1.7891529e-06
0.99978775
0.052909434
0.09740657
0.47088036
0.92103714
0.0050284355
0.00029614568
0.7069947
2.0612765e-08
0.012757194
9.99428e-05
0.003079876
0.010050851
0.9749594
8.2546416e-05
0.00052034884
0.0006661371
0.95399547
0.00017811074
1.5400477e-06
0.23334554
4.7143156e-05
0.32378745
2.5188352e-05
0.9968046
0.17967993
7.166115e-07
0.9576303
4.1623764e-05
6.0073424e-05
0.013167959
8.239811e-06
0.0021902816
0.004354546
0.0029220006
7.85423e-05
1.7891529e-06
1.7994713e-06
5.8385172e-05
6.743352e-09
2.434849e-05
1.3246906e-05
0.9986916
0.42628816
