1.0
1.6214554e-07
0.006641003
3.7289047e-11
0.99965453
0.028419454
2.4763869e-05
1.5874044e-09
9.430069e-07
6.1400676e-09
0.00020050649
9.0790796e-05
5.0930835e-06
1.4437722e-06
0.0016096629
0.049053725
1.238149e-07
2.3198872e-11
5.1699525e-09
0.84962124
0.9926323
1.9353804e-06
0.99959075
9.576698e-07
1.2113111e-06
4.379405e-05
1.5415553e-06
1.4635386e-08
4.236529e-08
2.4231815e-07
0.0007167199
0.13421644
0.22267817
0.15091679
1.7697845e-08
0.043687735
1.7480705e-06
3.2446426e-06
0.00031731027
2.6433116e-07
4.027067e-06
3.1645968e-06
1.6401431e-05
0.85775906
5.7437505e-06
5.970909e-08
0.0013092664
3.2199514e-06
9.364611e-07
9.396736e-07
2.5345964e-08
3.6322814e-05
7.1088834e-07
7.85052e-06
0.00020552595
2.6513088e-05
1.1353505e-08
8.124267e-06
5.484725e-08
6.532419e-08
3.7927994e-09
0.9999526
1.8506508e-08
0.09435001
2.3446729e-08
0.7483162
4.733136e-08
6.8208594e-10
2.1779866e-05
9.699339e-07
0.9999969
1.2309471e-07
1.3033042e-05
3.2164786e-07
1.9107001e-05
7.076861e-07
2.7851598e-07
2.2171969e-07
1.9360915e-07
3.936907e-08
1.09414495e-08
2.1178403e-11
1.4101525e-06
9.3698463e-07
0.02958314
0.9999224
0.00069262093
0.9885787
4.5772976e-11
0.9988455
1.462654e-08
3.644488e-05
5.7978045e-10
5.37397e-07
0.589824
0.9997588
4.407041e-08
0.0012183964
3.6322814e-05
1.8933625e-07
2.5345778e-07
0.19404216
4.379405e-05
0.8060656
1.306663e-06
0.35807273
0.8368164
1.2113111e-06
1.3627474e-07
0.0015853989
2.8178718e-05
3.8528283e-09
0.00060335506
4.1205127e-05
4.733136e-08
1.9161358e-07
6.432456e-08
2.3628293e-06
0.0015853989
0.0006269846
2.6241625e-07
2.9710673e-06
0.0044599203
6.8337282e-09
3.516845e-08
1.5422818e-06
4.1885464e-08
7.3973666e-10
3.8741377e-06
2.5787958e-08
0.8308564
4.751811e-07
2.2854201e-06
3.961409e-06
3.4228797e-11
1.3668836e-05
4.2421475e-06
3.1645968e-06
0.00027515422
8.779194e-07
0.00027037552
7.9616504e-05
5.944243e-11
0.0022676599
0.9734898
8.1737886e-07
2.0848641e-10
0.99005944
2.9848444e-08
3.5654457e-09
3.1250096e-05
2.5402527e-09
9.5197e-10
1.5788824e-05
0.4875698
4.209685e-06
0.0011005638
2.6513088e-05
0.063046634
3.2194792e-05
0.0103593245
0.17658776
6.3412724e-09
7.125144e-09
0.5727727
1.8317908e-06
3.5495254e-10
7.6719865e-05
3.9895262e-08
1.2496025e-06
0.17658776
0.9519121
0.32967642
7.9520745e-05
3.3508797e-05
0.0010572034
1.0581035e-12
6.4566215e-05
0.0008286467
0.999407
1.2390183e-07
2.2854201e-06
3.978832e-09
1.1999643e-05
0.0072960504
0.0029486893
2.2831647e-07
5.468544e-08
3.2837672e-08
1.9161358e-07
1.9004751e-06
1.5102376e-06
3.4285375e-07
5.1141187e-06
2.6242914e-12
2.3642825e-07
2.282704e-06
0.0018804058
2.0220498e-06
1.9538149e-09
9.023193e-08
0.053555273
8.394693e-06
7.9071964e-07
3.644488e-05
2.7043887e-05
3.1250125e-05
3.7778413e-08
1.0
2.1574529e-08
0.0031021012
0.12244706
7.265705e-07
7.106498e-08
8.250534e-05
0.0034453508
1.3372933e-07
4.8645102e-08
1.9628494e-06
0.0044709113
0.0035848746
5.8962324e-10
2.5580988e-07
0.00068000425
1.3574138e-09
0.99774325
9.245293e-09
0.9989603
0.002801938
0.05493422
0.06277663
1.8938333e-06
0.0033474728
0.002801938
2.7524637e-05
1.3617145e-07
0.9988455
1.7881123e-06
2.7954106e-11
0.9991555
2.0621612e-05
0.00013874153
4.105713e-09
1.5762846e-07
8.7961e-06
0.6246244
2.0456459e-07
5.0537636e-07
3.631639e-08
0.00015061638
6.152644e-05
4.1698395e-11
4.6944018e-09
3.7522062e-11
3.5995044e-11
9.106019e-05
0.2504965
7.9616504e-05
1.4486519e-06
4.3462043e-07
0.9999358
1.3387354e-05
9.724443e-08
0.9985667
4.1684547e-07
4.1218664e-06
0.009392692
1.5260197e-07
6.8208594e-10
1.6887787e-08
4.0700368e-07
0.2087567
1.6941331e-06
0.16154757
0.00417727
2.6083067e-06
1.8744132e-08
0.0031103638
9.357629e-09
4.5660165e-10
5.307579e-05
5.1152128e-08
1.5894775e-08
5.347633e-09
7.3679125e-09
1.8088947e-08
0.9519121
5.1946834e-09
0.99999994
3.5504647e-06
3.5185808e-06
2.4464787e-06
1.8088947e-08
0.00055528065
7.7749195e-05
7.029119e-08
8.173202e-11
7.1088834e-07
3.7522062e-11
0.00026812957
