0.9964895
4.0591094e-05
9.394268e-05
2.5845091e-05
1.0612914e-07
1.6907259e-07
9.156556e-06
9.360235e-05
0.9999998
3.6177968e-05
0.014371268
0.82358867
3.726977e-06
1.1155755e-09
0.00076284003
0.9999252
2.1177991e-08
0.00010011564
0.043151263
9.3355067e-07
2.4745852e-06
3.2471865e-09
0.0003075102
1.0190157e-07
3.1207146e-05
0.0050547314
0.00059655163
0.5629914
0.0013186672
5.5372884e-06
1.34209995e-05
0.008508986
0.00024762616
0.05483071
1.7279507e-07
0.15835094
1.1147847e-05
3.306464e-06
4.2880165e-06
8.912706e-05
1.9912288e-06
0.9422704
0.005847604
4.759919e-05
0.95961684
0.00063170295
1.3842638e-05
0.08918961
0.97099984
2.3617117e-06
1.3975709e-08
0.0019125192
0.10293688
3.7641294e-05
0.9999989
7.005829e-07
1.20552495e-05
1.2119254e-07
3.2820192e-06
0.06292123
1.8353703e-06
5.146052e-06
3.964456e-08
0.9998073
4.716698e-08
0.016227145
0.00087564747
0.0008782922
2.0118041e-07
9.904641e-06
5.049705e-05
0.97290903
0.99952996
2.8766112e-07
0.00054365594
5.706743e-06
0.7620836
0.9993194
1.7813241e-05
0.015512113
0.0019916072
4.2217625e-06
0.031009097
3.4761052e-07
0.0012263989
4.0957104e-05
0.00013404537
5.6970683e-05
0.05749266
2.005482e-08
0.9999989
0.053713344
1.7753715e-05
0.0046972865
3.928416e-06
6.8032983e-07
4.919084e-07
0.02375904
7.026016e-05
0.05749266
1.1822575e-06
3.8248754e-07
2.4282539e-08
3.1207146e-05
1.2457623e-07
0.99349636
2.05535e-06
0.008443375
9.044516e-10
4.7295267e-05
3.1404586e-08
0.0005936629
2.1643716e-07
6.462563e-11
1.6159613e-06
0.12239959
1.979735e-05
0.01766297
0.00010269198
0.0076621906
8.562072e-05
0.00011766423
0.0006657328
5.5999567e-07
0.004662318
8.950566e-08
0.43225208
0.0008677668
0.34832546
4.276873e-07
2.3970283e-06
6.834956e-07
3.7893515e-05
1.0253775e-07
9.3355067e-07
0.0023088942
0.99090505
0.014542917
0.15508711
0.99999493
0.9711954
4.0607965e-06
6.981386e-10
0.24205145
8.111605e-08
1.1431551e-09
0.81614196
1.2539223e-07
0.9653953
9.796414e-08
1.0280368e-07
6.888974e-11
0.0010860127
0.016808895
0.9422704
2.1104924e-08
0.0034535055
1.0164576e-05
0.011951185
0.41822582
9.246867e-08
0.9892201
2.6079806e-05
4.551892e-06
0.9989547
6.1911905e-08
0.7539153
0.86924857
0.00682678
2.3550552e-05
4.1799353e-07
0.00011053273
1.6064669e-06
0.003786808
0.00010513652
9.413201e-06
0.00017208749
2.9697953e-06
0.0002017155
0.00020313392
0.35434026
0.0007907596
1.8282984e-08
5.8008576e-10
4.47856e-08
0.027736088
0.4424569
3.5766327e-06
8.039408e-05
0.0012767494
0.007824553
0.99470633
7.666887e-08
0.1008487
1.6472472e-05
4.638621e-06
0.00010056391
9.699482e-06
0.00016213962
1.8209925e-05
0.000105123785
1.7247041e-07
0.99996614
0.99999774
0.9993194
1.8558753e-08
9.673074e-05
2.0228058e-06
0.0010014476
4.382893e-06
1.7881703e-06
3.9791295e-05
0.0004574367
0.0014912907
0.37107116
0.0011954779
0.051967703
0.99982715
0.999943
2.5596057e-05
6.997292e-05
0.9999979
7.9790993e-07
2.3400133e-05
3.090668e-08
0.39746562
0.00017863118
9.904651e-06
5.36927e-09
2.3916713e-05
1.940032e-07
0.016710311
1.07874675e-05
5.5898727e-07
4.306866e-08
1.4184177e-06
0.64302635
9.796414e-08
0.5023817
5.8715204e-06
9.472291e-08
5.7966217e-06
0.00012197821
0.9999903
0.0018661958
0.0011068105
4.36552e-05
0.0978057
6.882086e-05
2.8038366e-07
1.0022186e-08
3.410386e-08
0.99967116
0.005816826
1.979735e-05
9.796414e-08
0.0028781728
0.0028891661
0.33429924
0.99999774
0.00095786963
1.9402776e-06
0.0028244052
7.776217e-06
3.090668e-08
5.8008576e-10
0.00030760875
0.60409427
3.895484e-05
0.0029544958
3.6902078e-05
0.4424569
6.0882907e-05
6.5990156e-07
0.0056321207
2.709074e-06
0.033682376
0.9892201
0.00094514753
0.0037480246
0.008283807
0.9999903
0.0024199937
0.99999994
9.393112e-05
7.929751e-05
0.0006922566
3.862134e-06
0.8618119
2.2130275e-06
0.0004914585
0.07446676
6.981386e-10
1.2119254e-07
0.0030075384
6.955726e-06
0.9999979
0.014542917
0.99995077
1.1748568e-07
