0.99993736
0.0028369075
0.0035839959
4.6894347e-05
3.1131323e-05
0.11382149
0.27686387
2.1128839e-05
8.239331e-05
2.2418149e-06
0.0012775041
0.015133577
0.017984744
0.003618521
2.1116308e-05
3.1196538e-07
3.6880196e-05
2.3022535e-06
2.2962959e-06
0.010452107
0.9969751
0.00066996476
0.055819836
8.093158e-06
0.0012019542
1.696819e-07
0.0004579692
0.0034880124
2.8734657e-08
0.008366021
7.301242e-05
0.9999971
0.26521623
0.00011523165
6.4420474e-06
5.3261856e-06
6.36491e-05
3.1764088e-05
0.12132021
0.01551612
0.31239316
7.232949e-05
9.067892e-05
0.97581047
0.0011260299
0.0022874582
0.0010027766
0.9999
0.106128894
0.013661435
0.079096295
0.00029019517
0.00034995584
0.0002330243
0.87259835
0.00057338324
0.045446802
0.99936944
0.00016981296
3.3707358e-06
4.344623e-06
6.22338e-06
2.9052813e-07
0.757482
0.0035573028
0.028830687
0.16120856
0.0001417375
0.33826354
2.5464497e-06
0.0018700155
0.095587984
0.9450663
0.00036876625
0.0016589509
6.277493e-05
0.0001263873
0.77182084
1.5791269e-06
0.0001222206
0.27179143
0.954821
2.1212877e-06
2.344409e-05
0.24839261
0.00015298714
3.4954454e-08
0.0042730463
1.4768887e-06
0.27566773
0.99933916
5.8035855e-08
0.74630743
0.011898484
0.0020657876
0.0035573028
0.8413478
0.00044428825
0.014261166
0.0011942727
0.9999989
0.27686387
5.933776e-05
4.120821e-06
0.0044979444
0.47037083
8.701552e-06
0.62321925
0.2489456
0.0017976717
0.000115919895
6.3581188e-06
2.3326365e-07
0.008370058
0.4213974
2.0516238e-05
0.003373369
0.42891455
1.9696807e-05
0.0065231947
1.8376475e-05
0.73083013
0.9972717
0.0036303785
1.9987088e-05
3.659787e-08
0.009090005
6.6805624e-06
0.0041572014
1.0570234e-06
0.9999998
0.00020501824
0.00012879533
0.01071433
0.00011523165
3.067486e-05
0.9999968
3.1131323e-05
0.99999547
0.9851051
0.0030723128
0.2489456
0.9999497
0.02221761
0.0014566906
4.1420904e-07
0.00025837173
2.0311167e-05
4.505357e-06
0.0014566906
1.3078899e-05
0.00023406283
0.9969751
0.8881174
0.42940456
3.434098e-06
0.034855142
0.67874086
0.00035784018
2.1995193e-05
0.9998757
0.99999803
0.1628127
9.938411e-06
0.00039539233
0.4330415
0.0008618478
0.012343446
0.00010383104
0.0046627875
0.36353716
0.0009565363
2.28354e-05
0.5596989
8.815299e-05
7.565142e-09
0.0015389557
0.9999706
0.053050887
1.0299871e-05
0.0018114297
0.29582947
2.4370564e-07
0.20840226
0.00057634636
0.00045694705
0.9993926
4.4839348e-05
0.99999845
0.96679
0.28629807
1.28634165e-05
0.75476974
0.16965774
5.1952605e-07
0.14742495
0.0022107079
0.00024635543
1.9594193e-06
0.15169697
1.3078899e-05
1.379928e-06
0.032475166
9.296095e-09
0.98717266
0.002290682
4.955772e-05
0.003985163
0.99991655
0.0028369075
6.9611343e-07
9.6019976e-05
5.170816e-06
0.77182084
0.6435929
0.00029019517
0.9944328
8.565627e-06
8.390315e-06
0.00023147356
3.8696844e-06
0.0035573028
0.056990918
0.99999994
0.029165268
0.85411185
0.00049077504
2.9609482e-05
0.988598
0.00022552641
0.8457925
6.627259e-05
0.0009767332
0.9988784
0.33826354
3.2516232e-07
0.9780955
0.9994758
1.3690978e-07
0.0055750697
0.9998828
7.591944e-07
0.9296285
1.4768887e-06
9.581637e-05
7.128844e-08
0.0011300725
4.5812503e-05
0.008437593
0.017939895
0.99080557
6.5280115e-06
1.4768887e-06
0.76370543
2.4223687e-06
0.5075856
0.9981244
1.5630397e-07
0.001275079
0.19736679
0.0044979444
0.16022006
0.0013340267
0.20057121
0.0128575
0.87732714
0.00048826003
0.5508952
0.00025837173
0.000103870254
0.026920453
0.18825369
5.9165046e-07
0.00013139237
0.00051785755
0.18404385
3.213378e-05
2.1938718e-06
0.003601294
0.0006246072
1.5848283e-06
0.007534451
0.5406486
3.9850424e-06
0.94672936
0.00028445368
1.0
0.31152546
0.98846656
1.202431e-07
0.0105103245
0.9944668
1.7005083e-05
6.9611343e-07
0.00051360583
0.8881174
3.28855e-05
2.7845788e-05
1.1531349e-06
1.3311542e-05
