0.9999996
0.0022854926
0.99985284
1.5346144e-05
1.0023681e-07
2.4753547e-06
3.1864538e-08
1.7248522e-07
1.1905407e-06
6.926389e-06
0.00014388852
8.9029434e-08
5.2765886e-06
1.0367462e-07
8.9447383e-10
1.5731504e-07
0.0021297873
2.1070042e-05
4.0617e-05
7.711082e-10
2.3844934e-10
3.8393324e-08
0.9993246
1.7330331e-08
0.8720003
6.7871726e-05
0.001159264
0.9958772
0.9992577
2.1901644e-07
8.1225546e-05
0.016867768
1.0810904e-06
5.382253e-08
0.6851367
0.058322813
1.5731504e-07
5.6569534e-11
4.6114155e-06
5.698688e-07
0.9997316
1.8076777e-07
0.96153814
2.3892353e-08
9.7866284e-08
0.1765974
0.9948754
0.014439558
8.7650465e-09
2.3717682e-08
0.9989068
0.00032859805
4.4649475e-08
3.345629e-08
3.6901665e-07
1.2524835e-05
0.64609486
3.811726e-06
1.9490558e-07
6.751241e-09
3.7459088e-06
6.165158e-06
2.4699475e-06
6.0553157e-05
1.6301771e-09
8.2293825e-09
5.0898746e-10
0.00018258131
0.92507267
0.007758682
0.00045933327
0.009070313
3.7391276e-06
0.00037158641
9.0649e-09
0.00096756103
1.2076388e-08
0.3018888
3.1040838e-06
4.969517e-06
8.798382e-06
9.550486e-07
2.6525973e-07
2.8141983e-07
3.169603e-07
0.999993
7.723041e-06
0.00018585342
0.16740486
5.6461175e-07
8.1068e-05
4.821438e-05
0.9992502
9.681725e-07
0.0050744344
1.9422869e-07
1.3713165e-07
2.5853714e-07
3.4447454e-09
0.00027856216
2.2170194e-11
0.0053941244
0.00027334457
2.0861639e-11
2.5206573e-06
3.129917e-07
1.985396e-06
2.3973607e-08
6.4718884e-06
2.0861639e-11
2.4953755e-07
1.2302172e-09
4.0439723e-09
0.01950066
0.0021613734
6.1667515e-06
0.50141805
2.2319178e-07
0.0002157292
5.0406655e-08
0.6388646
8.769059e-09
8.812198e-05
0.017337475
0.000105215644
0.0002453873
4.1149456e-06
0.00027334457
0.0073071625
2.1105949e-10
2.5781918e-07
0.9999997
4.2872352e-06
0.0005739158
8.6519614e-10
3.2024032e-09
0.0021121025
0.9659877
3.3799377e-05
6.658515e-05
1.7342861e-12
0.0065310732
0.013822495
3.8058796e-09
0.0001226906
0.0027456733
0.009602824
0.010349903
0.005646608
0.1840276
8.382278e-06
6.0889647e-07
4.241315e-12
0.0001226906
5.224071e-05
0.99978924
1.2225931e-10
0.0029093327
0.00024940723
4.760206e-08
4.063232e-09
0.0029093327
0.0018264037
1.0257515e-05
4.7483454e-06
0.00055666955
0.004584306
3.3773244e-07
8.473818e-09
1.5039707e-07
3.131689e-05
0.20074344
8.6775195e-08
0.0010898773
0.00084764813
6.535123e-08
3.8169008e-05
5.3628496e-10
0.9996597
8.838135e-05
4.9039966e-07
1.7476123e-05
4.9091855e-06
0.0017395489
0.0014957921
1.3470437e-08
3.0955216e-09
1.9577925e-08
0.9961909
1.2076388e-08
2.2028607e-07
7.7884533e-07
0.0036749803
0.00025246458
6.1230935e-06
5.162336e-06
1.3901262e-09
1.6561438e-07
6.150035e-11
3.3735592e-09
3.344532e-07
4.2188543e-07
0.02273379
6.1667515e-06
5.489625e-06
0.00017322457
4.3718953e-07
1.6798851e-06
6.7398705e-06
3.7043267e-07
0.00010438638
0.0016132448
3.8393324e-08
0.00095600967
0.00055666955
8.0986786e-07
1.4076974e-11
1.0490467e-06
4.485724e-08
0.0001306605
3.1746004e-07
0.0033258055
4.5113422e-05
2.6882484e-05
0.0035237984
1.0854133e-07
2.529695e-07
4.531931e-08
8.6519614e-10
2.2336063e-07
0.0005173003
0.0051193214
8.643917e-09
1.9667843e-05
0.99968076
1.9191335e-09
3.68993e-05
5.279782e-07
0.00077092845
1.4315752e-06
0.00019173289
3.3799377e-05
2.8764657e-07
3.0499746e-07
0.10219861
2.5266838e-06
8.4321306e-05
0.01967702
0.00035031734
3.095317e-05
8.514354e-09
0.09933437
5.234537e-09
0.011606505
4.0843912e-05
2.5062702e-06
0.002200558
4.8184496e-08
1.0
3.1733472e-07
2.3806028e-06
0.8720003
5.6196623e-06
1.7023941e-08
1.4209371e-07
0.12938672
7.710468e-09
4.7188937e-08
0.20074344
1.0314209e-07
1.9066264e-09
8.384081e-08
2.717929e-07
2.6880787e-06
2.2272175e-06
0.001159264
0.005087924
6.7188726e-06
5.9544186e-07
5.3822196e-06
9.8008524e-05
3.4994891e-06
5.849812e-06
6.417713e-08
0.0065310732
0.99998444
1.2960271e-06
0.0012561358
4.778309e-07
2.6944232e-07
1.93017e-07
0.43489048
0.02672607
8.147295e-06
6.658515e-05
8.7610215e-06
5.046841e-06
3.6663668e-09
3.3476444e-09
5.2659633e-08
