0.99999964
0.98216695
2.2142639e-07
4.0416428e-05
2.3454086e-10
8.819178e-09
5.294384e-07
3.4804018e-06
3.368822e-08
4.8207667e-06
6.1703045e-06
0.0005654638
1.4355988e-05
1.0
8.1392665e-07
0.0007538976
0.9999998
0.000181728
8.925571e-07
1.6614079e-08
0.00065482146
0.0041673006
0.0020628052
0.0022117726
0.7080794
0.00048611267
8.455174e-05
2.7718983e-09
0.041937143
9.619439e-08
0.99437916
0.010403041
0.003028385
0.042861007
0.004890912
1.4565564e-06
0.14249188
1.1647888e-06
9.663132e-06
0.0072045675
0.01181895
4.4288666e-07
4.966874e-07
1.1139558e-05
5.5005966e-08
2.3452512e-06
7.0776505e-06
0.00453605
1.6851883e-06
0.92610854
3.4840573e-07
0.9999933
1.2413075e-08
8.869889e-07
0.999968
9.2715885e-07
4.966874e-07
5.999511e-06
5.0753856e-06
1.0979502e-07
3.100469e-08
1.5393677e-07
8.407657e-11
1.1139558e-05
2.9653077e-07
2.4226713e-06
7.2711887e-10
0.00085175224
2.7692537e-05
0.03166
2.7642604e-06
1.7132662e-06
1.7516168e-05
9.8439145e-08
0.00011737723
0.00020087294
0.0017053084
1.0234855e-05
0.02052082
1.174878e-05
0.00027352158
1.0
0.2560033
1.5393677e-07
0.0025627778
0.48728707
2.0443937e-07
1.4015826e-06
1.2922731e-05
2.6187674e-06
0.010526027
1.7092955e-06
5.4920283e-06
1.0158443e-06
0.026341591
3.5432652e-08
3.024895e-07
0.006018628
0.033986624
2.7485146e-07
2.928107e-11
1.1779421e-07
1.9524895e-08
0.99319434
0.039557036
1.1535513e-07
0.40580443
8.680421e-11
0.99996644
1.2189722e-06
5.653324e-09
3.7216528e-06
0.9999998
1.7211138e-06
9.415569e-08
2.0919038e-09
0.0008804808
1.9127823e-05
9.471347e-09
0.9727069
8.023593e-06
0.9995164
0.0151028
4.6553328e-06
1.4225121e-08
0.042861007
4.0415994e-08
0.90872556
0.9995164
8.5625956e-08
0.16593459
0.00015530264
0.9149348
1.0939719e-05
0.967284
0.015990641
1.8251559e-06
0.0017614614
5.327996e-07
0.00083394436
1.2471294e-07
2.4850786e-09
0.03271967
0.0001426617
0.9826798
0.00046670035
1.1517201e-05
0.00011814745
3.6196614e-08
5.392981e-07
0.0053292396
0.9997619
7.5645096e-07
1.4264335e-05
0.00045686256
9.926834e-09
8.999488e-07
0.00014222611
8.086116e-08
5.3667225e-08
8.782634e-09
1.0072587e-06
0.28429854
0.89801776
0.010181406
8.848634e-06
1.4362179e-06
1.298913e-08
0.0006526936
1.4235055e-08
0.0003701882
0.0016758043
1.1467216e-06
0.1867374
9.741389e-07
0.34481275
0.0004623309
0.060454123
0.99437916
5.867771e-05
0.948492
1.7473534e-10
0.00014386931
0.9987773
1.4647775e-05
2.6917317e-07
7.5654796e-05
0.00016820789
9.699019e-10
9.173487e-07
5.3268664e-06
1.2247064e-06
0.0536957
4.0740093e-07
0.030771084
8.959984e-06
3.92111e-08
3.5435406e-09
8.0883046e-07
9.898322e-07
0.026341591
7.726172e-06
0.51283383
0.95682144
0.9929965
0.49467272
0.0001565314
1.0786847e-06
0.00028907874
3.551169e-05
0.00010640543
0.007891611
7.8157397e-10
7.182279e-05
0.009009825
0.49136454
2.9639563e-07
0.9999933
0.010964272
0.009009825
1.1494085e-06
3.0167132e-07
0.9987773
0.0007110989
0.0003608469
3.1909852e-07
1.7435556e-09
0.028729318
0.00011814745
7.794801e-06
0.0151028
2.1548083e-06
1.9524895e-08
1.23362955e-08
3.972222e-08
1.3999393e-09
3.1388831e-06
0.9999993
0.9904207
2.1270112e-05
4.8437247e-05
0.0002527112
0.0341288
0.0012788227
1.9701221e-05
7.4982586e-07
1.3646126e-06
0.00080018083
5.352667e-07
0.17734596
4.90664e-05
6.1987646e-07
3.8528162e-07
0.683314
0.9646948
1.08992126e-07
3.8360213e-05
0.00068546453
2.6994124e-08
1.5418435e-09
3.9719495e-07
1.7516168e-05
0.0040249852
5.167963e-08
3.13411e-08
1.0587748e-06
0.9999997
0.0003195227
0.0003340629
0.016572012
1.2007168e-07
8.30699e-07
9.321201e-09
4.966874e-07
1.9709789e-05
9.321201e-09
3.8528162e-07
0.80805135
1.8251559e-06
8.494343e-06
1.842677e-05
0.0038834435
1.01273245e-05
8.2564795e-11
0.0005661675
4.541017e-07
1.2922731e-05
2.9253038e-06
0.00069564075
1.4835528e-07
0.023690645
8.2584755e-08
6.612518e-06
2.9081969e-08
1.2893937e-05
1.5785992e-10
7.896631e-07
0.00023533027
2.0613656e-07
0.0001037481
