3.8664606e-05
1.0
0.9999908
1.0
1.0
1.0
1.0
1.0
1.0
1.0
4.890858e-08
5.8551665e-05
0.00070512295
0.017890364
0.0010544725
1.4914389e-09
9.999017e-06
6.3960806e-09
2.6615476e-09
0.98030424
3.7833994e-09
0.0001599377
3.1785924e-12
4.061827e-06
0.9995652
1.05204066e-07
5.9913873e-07
1.7118423e-09
1.3903854e-05
2.935038e-09
0.0024219884
2.9105163e-08
3.0222167e-09
0.9999534
4.1695998e-07
0.00016253899
0.4835352
1.1191228e-07
1.6232713e-08
1.6898283e-09
9.84915e-07
2.002875e-08
9.45096e-08
4.6825397e-05
6.8627414e-06
0.0062978226
2.1227315e-07
0.99960494
1.229801e-05
2.4485175e-08
0.4835352
0.9532703
6.581556e-08
2.1798187e-11
4.7224603e-06
0.99999756
3.4769299e-10
2.2889e-08
6.277446e-08
1.4966436e-07
1.0336282e-06
5.579843e-10
8.601911e-09
4.8042783e-09
4.772559e-09
7.498024e-05
0.68233186
4.363225e-06
4.6457478e-07
2.8184777e-09
0.0059615206
0.00071834016
2.5601305e-05
2.6378488e-10
2.3748888e-05
2.4324154e-09
4.9571014e-10
2.1597378e-05
8.6794735e-06
6.269561e-07
0.000108106964
6.839077e-05
0.0001249703
0.00011722053
9.7341255e-09
0.06974657
1.8676577e-08
0.98061943
1.486379e-08
4.6488316e-05
0.44254893
9.520028e-06
2.0479867e-09
1.2894384e-09
2.884514e-08
3.136884e-06
3.5231005e-09
1.6281291e-07
4.044605e-09
1.8819237e-06
0.0018000313
0.040500388
1.1947218e-08
0.016811747
1.4845593e-06
1.6636521e-09
4.890858e-08
3.2030528e-07
6.884032e-08
2.1227315e-07
6.935557e-05
2.2033586e-07
0.01766369
0.0030210572
1.5340157e-07
1.3961823e-06
2.836739e-09
1.961779e-05
3.152337e-05
5.669978e-07
0.0015826464
4.5657785e-06
0.00041565183
9.170565e-06
5.39104e-06
2.9084742e-06
0.00012340139
0.9665646
5.4300825e-10
4.727008e-09
0.00018225292
0.0001373418
3.6419094e-06
5.870899e-08
2.0479867e-09
9.636238e-07
4.044605e-09
9.1184666e-07
2.74933e-06
1.2117324e-07
0.02601076
1.2909007e-12
6.935557e-05
0.7321802
0.9999548
0.01361931
1.7802119e-08
0.99999976
0.94265896
0.0020169492
6.185392e-13
0.03924245
0.0025381974
3.7957868e-06
1.3613495e-05
0.06973259
6.50469e-09
0.09412298
1.0007248e-06
3.139826e-05
6.4918645e-08
1.5592861e-05
0.4393748
2.8554716e-06
6.512597e-05
1.871166e-12
3.212289e-09
0.99715817
6.128662e-08
0.03427887
4.269087e-09
0.00078595045
0.00021867176
2.0036938e-05
0.050336342
3.152337e-05
0.95858526
0.023115193
1.277603e-07
1.6456294e-08
4.6850207e-08
4.1670182e-06
1.1143372e-10
2.9159437e-09
7.1089357e-09
2.4703363e-06
1.6573754e-12
6.4370526e-10
9.587162e-07
2.130503e-05
6.3067565e-11
4.0917243e-05
5.446848e-09
0.7654709
6.1450182e-06
0.00043890555
2.291179e-05
2.7952023e-05
0.040500388
7.1089357e-09
1.6573754e-12
5.7922396e-08
0.15842824
4.6647003e-07
1.31245566e-08
1.6921964e-05
1.8057304e-06
0.02308542
5.669978e-07
0.15405633
2.0424034e-06
0.037846636
0.00082494697
0.5299949
2.6757666e-11
5.470232e-09
1.1319748e-05
1.3561418e-11
0.8915151
2.5250384e-07
0.0014257779
3.1785924e-12
2.5352296e-08
1.2054938e-05
2.6378488e-10
2.3183917e-07
0.007043353
7.0729885e-07
0.048876904
2.0479867e-09
0.00023288192
9.170565e-06
0.012758778
1.3335786e-06
7.503539e-08
6.982535e-09
6.93038e-05
0.002286839
0.034459926
8.016819e-10
0.9999564
0.0006377894
2.0568718e-06
0.00056933536
5.300323e-09
0.0011210857
0.3699955
3.090568e-05
2.5447152e-05
4.9707404e-07
0.09732193
7.1173076e-06
0.04543299
4.6850207e-08
1.2750324e-07
2.1851545e-08
6.354067e-05
0.0041706506
1.3568145e-07
2.4504285e-08
0.0016480326
7.934716e-06
6.277446e-08
0.6648701
3.3892425e-10
6.0259726e-09
4.634026e-07
8.195222e-07
0.050336342
1.3369506e-06
2.1991086e-06
0.0032971497
2.366843e-07
0.0016233736
2.4078581e-09
4.5956815e-05
7.014707e-06
1.2054938e-05
9.1956815e-09
1.2052542e-09
0.30262455
3.136884e-06
1.0319424e-07
0.0005934247
0.10777618
2.4485175e-08
0.04458986
4.7347704e-08
1.3820956e-07
0.90608996
5.610702e-08
4.2735406e-05
2.547204e-10
0.00016387155
4.5415966e-08
8.40408e-06
1.2492569e-06
1.672374e-07
3.9350752e-08
3.4616792e-09
