1.0
0.0040886737
5.318686e-07
2.9887637e-08
0.06354361
8.515751e-07
0.995236
5.1778295e-07
1.3445108e-05
2.5688263e-07
6.226315e-08
2.3285733e-05
0.9926366
3.4572533e-08
2.5898224e-08
0.00033916952
0.00039984498
2.0413465e-05
0.0004943933
0.0045092255
8.0077986e-11
0.99965805
1.0
1.9454415e-08
3.851741e-09
7.328202e-05
3.7420897e-09
3.69943e-07
5.773037e-07
9.578562e-07
0.032842666
0.017456284
5.9496165e-07
0.06385503
0.41181377
0.00021101299
0.9793119
1.8113604e-07
1.7083918e-05
0.0017465731
1.0432849e-06
1.5401065e-09
6.3571514e-07
4.9837006e-11
0.005084681
4.974823e-06
5.3296986e-07
1.6094372e-06
0.0097915195
0.0001082036
0.00026117364
0.00075845973
6.079913e-07
0.07176753
3.6577754e-09
0.020393267
0.99736
4.5979814e-07
2.9663068e-05
7.343447e-08
0.004270809
0.001982761
8.014897e-05
0.0040886737
6.263292e-07
0.0043300423
0.3040807
0.00018209468
4.5047548e-07
0.0065175546
0.9774149
9.291363e-07
0.0042117503
9.813777e-06
2.8694076e-06
1.862679e-06
0.9958637
0.00040698898
0.07153538
7.1420993e-07
0.00054703094
1.3750346e-06
6.960624e-08
9.546375e-06
1.1137752e-06
0.024074875
0.002530873
0.9999489
2.9599203e-09
0.0126468185
5.9254693e-05
2.7879391e-08
0.0039536813
2.524781e-09
3.4507386e-07
8.1802864e-10
5.2526966e-10
0.5479641
2.3664717e-05
3.358872e-05
0.00017988592
0.28119045
0.27766126
6.3186314e-07
0.031704415
6.652295e-08
7.2580866e-07
0.0021334228
1.8204001e-07
2.6239952e-09
0.0002054513
3.1083093e-07
0.00010985949
0.98512083
2.0138658e-11
0.14249954
1.9105573e-06
6.614488e-09
0.24209283
1.787341e-05
6.477554e-08
0.0021334228
0.058112983
2.0236587e-06
1.3573697e-07
0.00014056775
2.0258125e-05
0.061789032
0.9999925
0.028668923
0.029637415
0.008704568
1.2725432e-07
3.3810447e-06
0.00038164575
0.99736
4.5979814e-07
1.5454945e-09
6.9279587e-09
0.0007355718
7.484281e-06
1.3905147e-07
0.99997985
1.5454945e-09
6.7021183e-06
0.0010964292
0.016363582
2.5877437e-08
0.00047237554
0.9178469
4.5946496e-08
0.99546593
3.4271383e-07
0.00661444
0.00018946
1.1912153e-06
1.2044675e-06
0.6264117
0.11230096
3.2681695e-09
1.6107792e-06
4.119765e-07
0.036655437
0.0011813613
5.911964e-06
0.0003948375
0.0037147808
9.268992e-08
0.00017314711
0.0009905645
1.1643441e-07
5.911964e-06
0.99935216
0.6026082
3.4636796e-05
0.2964767
0.9956903
0.0002502464
2.6735973e-08
2.633599e-06
1.0774288e-07
9.212738e-07
1.4737397e-07
0.07885956
0.0033643013
9.635599e-08
0.9487441
1.1467151e-06
2.4370116e-05
0.009163269
2.4842091e-05
8.963461e-09
1.567123e-08
3.647715e-09
0.008245911
6.8246976e-07
2.303881e-06
4.623661e-07
0.00011185172
0.011076087
1.0755579e-08
3.060528e-07
7.710633e-08
0.013066941
2.303881e-06
0.00697455
0.020393267
5.436282e-09
7.785986e-09
0.00055209495
3.2116834e-06
4.093671e-09
0.00037558321
7.0305796e-06
0.00010177531
0.9956903
3.4695483e-06
2.5688263e-07
2.0672185e-07
4.0470073e-07
3.2182552e-07
1.4791552e-06
2.560674e-06
0.00012857128
0.00050069945
0.007677382
3.3732872e-10
0.03325867
0.9981367
0.0019580342
2.0798862e-07
0.00040608234
7.4330984e-07
0.00571737
4.085112e-05
0.8754358
0.00074594293
3.3177704e-07
1.9380888e-09
0.01663403
4.406022e-05
3.6983438e-06
0.014068355
0.999919
3.200737e-06
0.0026871942
1.0942179e-06
0.00010480789
2.1714375e-10
1.8483563e-06
9.7885135e-08
2.375436e-07
0.44254804
0.00015086547
4.6594693e-09
0.9960018
0.029637415
1.0304491e-08
1.0182071e-06
7.861871e-06
8.1802864e-10
6.477554e-08
2.4743065e-07
3.7566198e-07
2.4370116e-05
0.8043764
7.861871e-06
2.3079309e-07
2.4922841e-05
0.0018481666
3.4507386e-07
2.3079309e-07
4.938985e-05
0.0017186644
0.001442754
1.7628461e-05
1.1322709e-06
1.0201442e-06
2.6044563e-06
2.4255604e-07
1.599737e-07
1.7473676e-09
0.9973935
1.7900758e-08
0.12937742
0.111473545
3.26536e-06
3.362862e-05
6.7368887e-06
3.417419e-07
0.0018391231
0.00023826941
7.861871e-06
6.1431274e-07
3.366028e-08
5.04231e-07
1.2068282e-08
0.000119472854
0.6261381
0.028668923
