1.0
1.0
1.0
1.0
1.0
1.0
1.0
1.0
1.0
1.0
1.0
1.0
1.0
0.99999994
1.0
1.0
0.021506641
0.007152196
0.015286173
2.0214945e-06
2.4007115e-06
3.115229e-08
3.626071e-07
0.012515986
0.0057195094
1.807072e-10
0.88019013
1.1876122e-07
0.00035775558
0.024300354
7.218878e-05
8.539096e-06
2.474609e-06
0.00062637235
6.3431958e-06
0.0014708744
7.821436e-06
0.014188611
1.6212003e-06
0.00016317365
0.0012046765
0.00050085766
2.1490475e-06
6.3431958e-06
7.4956705e-07
2.446636e-05
0.048560224
6.375448e-09
6.825538e-06
0.000390063
0.9907983
5.50925e-06
0.0034183885
8.034237e-07
0.14048067
7.343669e-05
0.0014301867
4.7561928e-09
4.831421e-10
0.0011203747
5.2040232e-05
0.00021844816
3.3568924e-07
0.007870002
0.21896158
0.9907983
1.4429821e-06
2.6506424e-07
0.015286173
0.16022308
1.6672129e-06
0.945329
1.2199534e-07
1.0442152e-09
7.027454e-09
0.047649525
3.475188e-09
1.0
0.0006017215
0.09010351
2.2126576e-05
0.0001584879
4.1464286e-06
2.2126576e-05
0.9999999
9.380501e-05
7.969839e-05
0.0015943121
0.00014810909
0.10574859
0.9743616
0.01026886
0.05779021
4.4185194e-06
3.0877802e-06
0.9995985
0.60443753
7.046354e-05
1.915573e-07
0.0012046765
0.0034046036
0.12124127
0.028562948
2.4651915e-06
0.6741071
0.013300656
0.0002905567
0.3444738
1.0235036e-07
0.15934803
0.98165894
9.562763e-07
9.380501e-05
4.8705107e-05
0.00037987478
1.4764687e-07
0.00012192565
0.48208815
1.008687e-06
0.6455571
0.1071361
2.4427334e-05
0.9764958
0.14665586
0.11890543
6.600715e-07
8.8522556e-10
0.00032769924
8.50672e-10
0.005415045
0.98238605
5.208544e-06
2.6454545e-08
3.7363858e-08
1.0552405e-06
0.00039223168
0.0003278636
8.534154e-05
1.0837149e-07
0.003035035
1.0799364e-06
2.0700327e-06
6.299816e-08
1.5920063e-05
0.79628307
2.4204496e-06
3.006614e-08
1.8376862e-07
0.93332255
2.913508e-07
0.010805332
0.05825679
4.435029e-07
6.467891e-11
2.0771818e-08
0.00061909296
0.99876803
0.0014708744
3.250119e-08
4.507862e-07
8.364087e-06
5.4520863e-09
0.00030955806
0.000390063
1.9001374e-05
1.3748875e-07
0.999927
0.9988558
2.913508e-07
0.7583981
0.0012894345
0.0006923902
5.9719457e-07
0.9927834
6.315532e-06
3.096663e-08
0.85752606
0.0011559778
0.00024318486
0.0024056265
5.3050586e-05
8.270298e-08
2.830412e-06
6.526393e-06
8.446001e-07
5.5933774e-06
0.043839417
7.0157915e-07
2.8576324e-07
0.73673743
0.7609454
2.551949e-06
0.000245775
1.476103e-06
7.027454e-09
0.21134926
3.500853e-05
8.50672e-10
0.98531926
2.9446617e-06
0.008265181
0.033248004
0.0025805875
6.8465726e-11
1.2512266e-06
0.0073946514
0.0020671112
0.0026974678
4.3192986e-06
0.9990177
0.99949384
0.8276163
0.0011271572
0.00087503984
4.435029e-07
0.00181096
0.31446463
0.040348947
0.0026297271
8.582443e-05
0.0009067895
1.3934851e-08
0.0013824503
0.002909903
0.17884801
0.096297905
0.00019787342
0.014110383
0.079339325
0.99981076
1.4764687e-07
3.2959958e-06
0.27457523
8.287537e-06
1.3966302e-08
0.00039823246
3.8142243e-06
0.0005502092
0.35020253
5.367959e-06
2.5238995e-07
5.3437356e-07
4.3463056e-06
6.391734e-05
0.09487311
6.3348017e-07
1.6334077e-06
0.9882108
0.98724854
0.09272339
0.07573531
1.556037e-08
0.9968168
2.997967e-06
0.03248568
1.15704575e-08
0.00035542386
9.712356e-05
3.6366924e-07
0.9999889
0.0005502092
0.019512242
0.0017472825
0.06052169
6.625444e-07
0.029038897
0.117918424
4.6698965e-09
0.98762596
0.0014624462
0.0012238526
0.29683417
0.002419637
0.0018788081
0.021995394
1.7711876e-05
1.0386681e-07
4.471327e-07
0.00010328535
3.1064649e-06
4.292005e-06
0.99999577
0.00020062659
3.475188e-09
0.00073394243
0.41550812
2.449759e-06
0.009930322
3.7661682e-10
2.9661482e-09
0.99851066
0.2355296
2.0700327e-06
0.059668742
3.0507501e-06
0.9999998
0.18281747
0.8799637
0.99999344
3.5278777e-06
