0.9998142
0.9962449
0.825079
3.987586e-06
6.6206517e-06
1.1089698e-08
0.99823743
6.776193e-07
2.3761525e-06
0.5698051
2.8958457e-05
5.7321117e-06
4.153003e-08
0.00016402695
0.0012729894
2.060217e-06
0.012485096
1.9950949e-06
4.1216525e-05
3.3741788e-08
0.004956212
2.059958e-05
1.1889654e-09
0.0709113
0.016421307
0.00019728339
0.99627924
6.091885e-06
0.0002133956
2.9145868e-09
0.054483462
0.0013657198
3.71471e-06
4.79401e-08
0.059043106
3.044035e-07
0.32642847
0.9998731
3.8502206e-09
0.9940441
3.633716e-05
0.11399521
0.0020915722
0.00025835595
0.00091146363
1.3047627e-06
9.2914014e-08
0.00043508917
0.00041929822
0.00015958276
2.2013258e-09
0.00041929822
0.99999434
0.07135434
1.0987626e-05
5.5113287e-05
0.0011920484
0.0003879119
0.16927376
0.0021731663
0.0002337789
2.8958457e-05
3.831918e-06
0.9998512
0.30415356
0.015335374
0.00432188
0.9999796
3.3449208e-08
7.2308635e-09
7.779903e-08
5.026911e-06
0.019488102
0.019220594
0.00066038297
3.5542627e-09
0.000114519185
7.3369265e-06
3.8767513e-07
2.3761525e-06
3.59791e-05
2.885976e-05
1.5913816e-06
0.017236847
0.0008623707
0.004391665
0.0002810061
5.6474814e-06
4.8722315e-10
0.9999992
3.5057324e-06
0.99988043
5.998265e-07
2.364701e-05
0.99999577
0.16004446
3.081423e-06
0.0015381061
1.7541713e-07
2.932908e-07
1.3304394e-07
2.4430025e-09
1.3328819e-05
0.99937356
0.0015018615
0.00126551
0.00011469755
8.92392e-07
0.15804414
0.00010780205
2.0877273e-08
2.2765608e-08
0.9999671
0.026008995
2.024313e-06
0.0005623094
2.6241025e-06
1.6847047e-06
0.9999978
0.37258205
0.0019407452
0.004243263
2.4717785e-06
0.0012994101
0.07091894
5.241443e-07
0.0028696803
6.153686e-06
1.5858307e-09
0.94465196
0.15480714
0.0021731663
1.0808042e-05
0.99999905
9.150419e-06
3.164962e-06
0.19222578
1.1869042e-05
0.9998426
0.0023500388
7.6243573e-06
0.39377478
1.3047627e-06
1.7665055e-09
3.5454675e-09
1.0536634e-05
3.6871757e-08
0.0020633177
0.24689509
0.1639703
2.3746215e-05
0.00010978188
0.1304365
0.99999577
1.0983279e-05
3.8825937e-07
0.015110654
1.0
2.0701098e-06
0.00020243051
0.00014404819
2.802989e-05
0.99998426
0.99999225
0.9988214
1.108395e-07
1.6075059e-07
1.6017245e-07
2.0773321e-05
5.5158093e-08
0.0012994101
0.00016854086
0.00035773852
7.6734047e-10
0.98702246
0.8979012
0.00019216264
0.0002196985
0.99999434
0.000368227
0.9999152
0.03489781
7.0915763e-07
0.00020657624
6.9830962e-06
9.4947893e-07
0.00011432999
0.000117920776
7.9621046e-08
6.7459027e-06
2.5902917e-08
9.150419e-06
0.999178
0.9992208
3.857599e-06
3.3449208e-08
0.00023322323
7.9991376e-05
0.32642847
2.7992596e-06
0.7760859
2.079901e-05
0.9925427
1.6973134e-05
0.00069846463
1.0633506e-06
8.55057e-06
5.9699237e-06
0.0033810763
2.4033689e-06
0.068257235
0.879146
0.00011432999
0.0015710868
0.99627924
0.00013584916
0.015531096
0.00019216264
1.6847047e-06
3.3215737e-09
2.8604677e-06
0.00028915616
6.265079e-05
7.0568835e-09
2.5598991e-08
0.044052012
2.881616e-08
0.10665024
0.025151936
7.6243573e-06
0.99949515
6.449138e-07
1.0740883e-05
4.917179e-05
0.17647916
0.99964166
0.5558615
3.549605e-05
0.00040422476
2.060217e-06
0.99998164
1.5685604e-06
0.9999684
0.008636646
0.97731626
6.8439964e-05
0.9999995
3.6715898e-07
2.1857012e-07
2.5451823e-07
5.3646427e-06
0.00088337914
0.9709563
2.5334533e-05
0.0005229007
0.35132945
6.332446e-10
1.7226906e-05
0.0068056425
6.9092025e-06
2.2032245e-05
1.0080706e-06
2.8604677e-06
3.740918e-06
4.0145307e-05
0.91276157
8.92392e-07
6.6805496e-06
2.7596195e-06
0.014108075
1.5648394e-10
6.388029e-05
7.72492e-06
8.4273175e-09
9.78312e-08
0.83297133
0.00016851997
9.169017e-06
1.0652578e-08
6.0742223e-05
6.339009e-05
2.6290195e-06
5.579737e-10
0.0004919146
5.2072573e-06
0.0010117963
5.6973795e-06
0.00047494075
2.4570375e-07
0.24301466
0.0014337697
0.9999152
0.0048950613
1.4410773e-07
1.6967017e-05
1.1858336e-06
3.0033984e-06
0.07721353
7.0568835e-09
0.007204987
