0.99999845
0.9999998
1.0
0.0089216065
0.0048083584
1.9623951e-07
6.0922575e-05
0.99999845
0.015445262
1.6402979e-06
0.999578
2.5245486e-10
2.6223457e-05
0.0014882244
2.1155654e-05
6.495296e-08
1.2021508e-08
2.7810884e-07
0.00057485903
0.9898987
0.039795123
5.7879297e-09
0.0023897227
3.690596e-07
2.3990133e-06
0.0010974205
0.00015691592
2.2617867e-05
0.049895193
5.987026e-11
0.002372315
5.819942e-10
2.5808535e-07
0.99999195
2.1706838e-10
4.4235157e-06
1.0457647e-07
0.2520613
0.9999576
0.99963725
2.7294882e-07
8.960591e-05
0.00018479266
0.9987205
3.2784486e-05
1.0612971e-06
0.99639004
2.6041384e-05
7.850071e-06
0.001169659
0.0003339747
1.9032655e-09
0.0008264317
0.000116559124
3.4650013e-05
0.022623312
0.22144741
1.5455977e-06
1.1809642e-05
0.0003339747
0.12982506
1.9078028e-07
5.0634203e-06
0.00499375
2.6057705e-07
1.0098422e-05
6.4036003e-09
0.99999076
0.99974185
9.303216e-11
0.04452856
0.0018661337
0.84840965
5.199756e-10
2.4013252e-06
0.66632885
6.3987187e-07
2.9221036e-07
1.4229155e-07
1.9856659e-09
4.8742254e-06
1.1574567e-07
5.232171e-09
1.4237716e-08
1.2728179e-06
2.5168836e-06
0.0017553244
0.004795406
0.05716436
6.64726e-05
0.9207162
0.99882287
0.01399345
6.0433325e-07
0.00020175532
1.4947773e-05
0.068007894
0.048737332
0.0014776405
5.5525707e-06
3.3125224e-07
1.0612971e-06
1.2900817e-07
2.811553e-06
0.42070326
0.00015481208
3.6581993e-10
2.7010432e-05
1.9486704e-10
3.987617e-07
0.00011276479
5.819942e-10
3.8233875e-07
3.4050037e-05
0.2644849
1.841948e-07
0.00028716933
0.000110828885
1.538226e-07
2.1471024e-07
6.325426e-07
1.0
0.0021505828
1.0988211e-06
6.836117e-05
9.495745e-05
0.03218577
5.1542436e-05
0.9904885
2.6653884e-09
0.0037262586
0.03218577
0.0031173504
0.00028716933
7.335887e-07
8.4900944e-07
1.7054095e-05
0.10054113
3.1131792e-06
4.7547957e-09
0.0077219238
0.14137386
0.16633198
0.016995838
0.9967926
0.0005093764
0.025657414
2.2700135e-08
0.9999487
1.0619141e-09
0.00080503855
0.0001727235
5.994965e-07
0.0667435
0.0025401793
1.6591538e-07
1.2123813e-06
0.0008081194
8.1831335e-05
1.9298493e-06
2.7049915e-10
0.03218577
0.00013317901
1.0787653e-05
5.4122997e-06
0.626633
0.104575604
0.99280536
1.6994642e-05
0.0006651195
2.0043163e-07
2.7794232e-07
5.232171e-09
4.596868e-07
0.013816679
8.6715224e-10
0.9986873
9.108637e-06
0.6590341
1.7363583e-08
2.9377727e-06
0.00021916583
9.5325964e-07
0.014817073
0.54942435
0.015058584
0.0016304541
0.00017844238
2.0710851e-05
0.99998885
1.0167768e-06
3.6210959e-09
0.00015660022
5.819942e-10
0.00018849186
3.0822562e-07
0.0031173504
2.0169871e-07
0.00026329354
0.0005581024
0.99999195
1.4237716e-08
0.021231398
0.47203887
9.100813e-07
0.000740615
1.8705684e-10
2.1073056e-05
9.229173e-07
2.1473852e-09
0.00018338826
0.18861341
2.4550278e-07
9.6564756e-05
0.9997321
0.00060410023
5.670796e-05
7.798026e-07
0.99966353
8.710868e-06
0.00020991551
2.761424e-05
4.7402375e-07
9.77261e-06
8.329066e-07
0.11081227
7.0916153e-06
0.0048344773
7.177086e-08
0.99992687
0.0030906748
0.070266224
0.9518153
1.7512943e-05
0.9647435
0.003858053
1.9070985e-06
0.0006510454
1.7942995e-06
0.0055727675
0.0030906748
0.99976104
1.68919e-06
5.232171e-09
0.00020502646
0.0005477544
0.99509853
0.0003902021
1.01961064e-07
3.299973e-07
0.00018028825
0.00019332208
0.0012146895
6.0246217e-05
1.3357322e-06
3.299973e-07
0.00065815996
0.022011567
0.0033267555
2.4983203e-08
2.9198247e-07
6.320578e-08
0.000258001
1.7428903e-06
0.9999995
0.00052336126
4.052775e-09
1.14883445e-08
8.902842e-08
2.7553645e-07
6.255812e-08
0.94248
2.58103e-08
0.00018479266
1.0873557e-05
0.056203682
0.0056080977
6.0433325e-07
0.012684886
2.811553e-06
0.002169025
0.9666378
4.0416284e-09
1.6470995e-05
1.5406778e-07
0.0006766601
0.9999892
0.0008081194
0.037951097
3.9591555e-07
0.00013317901
3.4682143e-05
1.5406778e-07
1.4610019e-10
0.030356202
0.00019640014
6.8065305e-07
2.2890497e-05
0.00012326475
4.9669204e-08
