0.9998727
0.13155617
0.00020160263
0.00058188615
2.6163452e-08
1.6252422e-07
7.551146e-07
1.4585441e-06
1.4768084e-06
1.5160327e-06
5.4319366e-07
0.0006118416
0.0005836116
0.00016414224
1.5751442e-09
4.1236104e-05
1.6313934e-05
0.9999766
0.9931479
1.1617269e-06
0.010232396
9.058687e-05
0.99980825
3.5301233e-05
0.000121082994
1.5065908e-06
2.6681414e-08
1.7881106e-06
0.001751577
0.06468375
2.4845574e-05
0.120050356
3.4928868e-07
1.5968591e-07
3.440715e-08
1.3834091e-07
3.5019582e-08
0.00013488135
1.000203e-05
8.35651e-05
0.006139998
1.0
1.037741e-06
2.4034278e-05
6.2298227e-06
3.0166996e-09
1.0
2.315149e-06
0.00024611008
0.022525784
0.041106217
0.0037746262
1.2965714e-05
2.8352048e-07
0.026316557
5.8914097e-06
5.95629e-09
0.030487264
0.8957977
8.557555e-11
0.5526665
0.6500098
0.99960566
7.0719364e-07
1.1337835e-05
0.00038331666
0.00017782972
1.2586116e-05
5.4383977e-09
1.6779457e-05
0.041106217
0.9704861
0.0004917418
3.8804603e-05
0.9892741
1.1319448e-06
0.00888212
9.446815e-08
0.9999995
4.0174164e-10
0.99201524
0.0003402366
0.052824613
7.0818837e-06
0.030487264
5.754403e-08
3.921432e-07
0.99994624
1.526168e-07
3.414997e-05
0.9974424
1.1264947e-06
1.1337835e-05
0.67190486
4.5072343e-07
0.0017945888
0.008280728
3.6418223e-07
3.832002e-06
0.001002876
1.0803508e-05
2.4758164e-08
1.4346422e-06
4.981708e-07
2.2582549e-07
2.8258947e-07
1.7548908e-07
1.309655e-08
0.00044864157
6.288219e-05
1.6726399e-05
0.0176983
6.0391343e-05
0.36765268
0.011446275
0.00020314843
3.925635e-09
1.0098228e-08
6.2194104e-06
0.00022565051
3.5235793e-08
1.6252422e-07
2.8352048e-07
2.5821908e-05
2.2067263e-06
2.5566476e-07
1.0110244e-06
1.2140671e-06
0.0121613685
0.9510784
4.1958823e-10
2.6373886e-08
1.6949492e-06
0.99999964
4.74885e-09
0.004006775
1.2969554e-07
1.9634185e-06
2.55132e-08
0.004344362
0.647503
1.4825768e-07
0.0001740914
2.9400228e-05
0.00020434319
0.011936126
0.0023370564
6.783187e-09
4.3996167e-08
2.388487e-06
1.149878e-08
2.9194734e-08
1.5150821e-05
0.00013221585
0.00018333616
4.3164184e-07
0.00024219496
8.7127454e-08
2.9400228e-05
5.376959e-07
0.0006054395
0.20737888
3.0470207e-07
0.00020160263
2.3284388e-06
8.276845e-07
0.043922033
5.95629e-09
1.0502179e-08
0.0003170774
2.0361009e-05
3.0156827e-05
0.99868506
1.9684938e-08
0.0005938321
0.018632062
3.6386744e-05
0.00019471305
2.0524972e-11
0.000168692
0.9944851
0.010079462
0.00016226721
0.0089751
0.99201524
0.00024611008
0.99685633
0.0018292415
0.0014270078
3.5301233e-05
7.297732e-07
6.063746e-07
0.9999075
0.9999766
7.5272896e-05
9.8062366e-05
2.558177e-07
1.7599235e-05
0.9510784
0.0006118416
2.8251156e-06
3.4208667e-06
0.9999995
8.6791147e-07
1.82163e-05
1.5537986e-06
0.00071185554
2.353281e-06
2.6284823e-05
0.0003846722
0.0014703906
4.4365514e-08
0.43125275
9.566329e-07
0.97513765
3.3381266e-08
4.155083e-05
4.3098178e-05
7.0719364e-07
0.9917835
0.0002720301
0.00037153557
0.006726206
2.8679628e-08
0.0001432641
1.3105e-07
0.000110279216
8.426668e-07
0.00040825267
0.78184235
0.00023685263
0.00010372753
0.004166778
1.5088267e-06
1.0803508e-05
6.0003295e-08
0.5326483
6.0405324e-07
0.01542028
7.806486e-05
0.95625174
0.02254956
0.99467367
1.3415869e-06
0.00015877059
0.0007595667
0.97282726
3.2799932e-07
8.333418e-06
2.5217702e-07
0.0076805647
3.486624e-11
3.1363966e-06
0.0029078228
3.925635e-09
1.8265128e-09
3.164046e-07
1.3439012e-10
0.9654856
9.885987e-08
1.7987612e-07
0.00027906135
2.2765993e-05
7.298151e-08
0.0040277005
2.4720939e-07
0.99939376
3.384787e-09
0.75066584
0.0003108069
9.0085074e-08
3.1887154e-08
6.046756e-06
0.9982015
1.6726399e-05
3.7692948e-06
0.0017566552
2.1258727e-06
4.1958823e-10
0.10606899
1.1617269e-06
7.468766e-05
0.00082828035
8.617957e-07
0.011446275
0.9999155
1.243632e-06
7.289539e-08
0.9931479
1.0
0.00020034921
0.005826408
1.2299808e-08
0.92236817
2.0195628e-05
4.0668892e-06
0.00014405024
0.080250934
0.030188799
4.055921e-07
