0.0005267157
2.5363953e-08
8.428835e-06
0.9968155
0.24559484
2.3462297e-05
0.9999941
0.01650282
2.3701612e-07
0.8152121
0.00024351827
2.965353e-07
1.1578403e-06
0.00052833534
0.0007395888
1.6519195e-07
1.29942955e-05
4.533221e-06
2.5162714e-07
1.8320614e-08
1.2568655e-06
4.2462983e-07
0.00013535458
0.00040675647
0.9989077
0.009403906
0.0013494124
1.6876152e-06
1.4139284e-06
4.799042e-08
0.0022095027
3.463398e-08
3.355795e-05
1.7373608e-06
5.2792866e-06
1.7397052e-06
1.1822001e-08
4.4743764e-08
7.889579e-05
0.9999874
0.04704007
2.1106832e-06
0.99380326
2.0403436e-06
3.142538e-08
1.379463e-05
8.9288435e-05
5.8493508e-05
0.0002700965
1.0993269e-07
0.00011046972
2.491267e-09
8.877034e-08
7.384558e-07
0.0013414596
8.721504e-09
2.2309788e-08
5.062996e-10
3.3809447e-06
1.1578403e-06
0.994824
2.9454557e-05
9.448295e-06
0.99872124
1.810936e-05
0.9950922
0.000712791
0.00013316619
2.8179957e-06
0.00012877224
0.00013645584
0.03643158
0.0063401894
0.07422936
0.9932909
0.99999875
0.64807135
4.5704303e-07
0.00776412
0.16026296
0.040381216
1.1513833e-06
0.9999982
1.3827624e-05
1.8055295e-09
0.005287901
0.99888194
4.375309e-06
3.0905505e-07
0.04065743
3.5314184e-07
0.005755546
7.750662e-09
0.05657549
0.99999493
0.0028124417
4.498321e-05
0.006077963
0.00022697952
3.4806988e-10
1.3656423e-06
4.946622e-06
9.125251e-06
2.065893e-06
1.3199272e-07
0.00022960213
3.0733273e-07
0.99990577
1.3517143e-05
0.556629
0.0004515135
0.38384536
6.42255e-07
0.99985415
0.9976445
7.3821707e-07
0.00013645584
0.049280744
0.005627401
1.6600369e-07
0.04172838
6.3451586e-07
1.593947e-07
0.6232626
2.9209827e-08
0.0003268163
0.9995455
0.24559484
0.7132307
3.3198772e-05
0.03472815
0.37639683
0.4485281
6.471577e-08
2.7619219e-05
2.368436e-05
0.0019141829
2.0860094e-05
0.00012218497
3.8089023e-08
1.8462472e-08
0.00017032702
1.830359e-06
3.37939e-05
0.0011794841
2.73166e-07
1.8647319e-05
4.533221e-06
6.56667e-09
1.6600369e-07
0.027389392
8.7002745e-06
0.00029363728
3.184686e-05
1.3834127e-05
6.135606e-05
0.009786251
2.5877669e-06
9.877388e-09
0.00042970668
1.2068398e-08
1.5742011e-06
1.3128806e-09
2.368649e-08
0.027389392
0.9971923
1.8079403e-05
0.0030505443
7.041504e-05
8.5905005e-05
0.00053539383
1.020874e-06
0.027331464
1.6085574e-08
7.919013e-05
1.3664407e-09
8.539204e-09
0.016602214
4.5732013e-05
0.0006644435
1.908444e-05
9.4912255e-12
0.030140957
0.05657549
0.4172985
2.2236843e-08
0.048304178
6.694749e-05
0.01082394
0.95638895
0.009403906
0.0002751191
0.0002487468
0.025871962
0.0031093261
0.65371
7.37195e-08
0.65371
8.877034e-08
3.545514e-07
0.99987966
1.2485074e-07
9.5634176e-05
0.009446538
1.698748e-05
0.080853
0.9966538
5.74109e-06
2.0630728e-07
0.0109101925
0.9063798
6.42255e-07
1.7927992e-08
5.6891317e-06
0.00304909
3.682825e-08
0.00031563215
0.049782064
0.0018405592
1.0979121e-05
3.2586684e-06
0.99993384
0.0060667824
2.8482607e-05
9.235234e-08
0.9999892
0.04443135
5.4282584e-05
0.7424319
0.041566703
0.98065
0.95963645
3.5276855e-07
4.471866e-06
1.4483312e-07
0.00051966135
0.00057100866
9.8144994e-08
0.0010483974
0.0060667824
4.363473e-07
4.3457626e-06
1.8143011e-07
9.933842e-05
5.5076516e-08
0.7412535
0.049546693
1.000189e-07
0.054135885
1.3713557e-07
6.010282e-05
5.769927e-07
3.7600714e-07
3.596072e-05
1.2301474e-08
3.805089e-05
0.01082394
0.00015662232
4.898859e-08
1.5355468e-05
0.2609041
0.99380326
0.5114394
0.009697883
5.491537e-09
7.874905e-06
0.0004408302
0.0052096816
0.5861064
6.550722e-08
0.0016591082
0.9998862
0.00023921223
0.020410622
3.2887679e-06
2.7631832e-09
0.040381216
0.088054575
8.428835e-06
4.9381943e-05
4.794455e-05
4.898859e-08
3.3209616e-07
0.8453005
4.5732013e-05
1.8483053e-06
3.4777656e-10
0.009824135
6.393721e-05
7.3318556e-06
3.545514e-07
6.851118e-11
1.8494124e-08
0.0006858648
0.0031093261
1.7444137e-05
4.730235e-07
1.1512073e-05
0.07888372
0.09532783
