0.99993294
7.353557e-05
1.1578299e-07
0.7795175
0.99948746
1.0
3.4847685e-07
3.244203e-05
3.0399786e-08
0.8276715
1.3180622e-05
2.5214242e-06
1.9259753e-06
2.4699382e-06
0.015010545
0.0061894227
0.9995622
0.011458941
0.96798444
0.9999599
0.06921617
1.5154545e-06
0.00067407393
0.0012014769
3.4679523e-08
9.733378e-06
0.0061894227
1.0641998e-06
0.9999451
5.003663e-05
0.0008283964
6.4798894e-07
2.117819e-06
0.9935504
1.3320334e-08
0.048435066
7.248445e-08
8.436844e-05
0.9999897
3.4612565e-06
1.6266862e-05
0.00042406097
0.0014218308
0.009981402
0.9673228
0.7575685
1.0954073e-05
1.7708127e-05
0.8482412
5.626094e-05
0.0008770135
2.7873861e-08
3.3719575e-06
0.0001711074
4.507842e-09
0.9879936
0.17615083
2.7856406e-06
0.0026482202
0.014575796
3.375545e-06
8.441119e-06
0.8223082
0.99988705
0.7386222
1.5154545e-06
0.39060947
0.99999994
0.03434072
9.1925926e-05
5.841608e-05
0.7743577
0.0006797243
0.9977494
0.03034971
8.67554e-05
0.74428725
0.030900003
9.5169305e-08
1.810944e-07
0.03625525
0.0013180452
0.0017777178
0.00077822246
8.6459234e-10
1.5920337e-05
1.162327e-05
2.5795492e-07
0.0003116074
0.00031631172
1.2113354e-06
7.353557e-05
1.1247887e-05
1.2017009e-07
0.9861884
0.0049880366
0.0025282898
3.4847685e-07
0.0005401426
5.4270195e-06
0.0292491
0.21522833
0.052622862
1.3164492e-05
4.6173945e-08
0.00035596747
8.085836e-06
0.0005133748
0.99999976
2.664052e-05
0.06568986
1.19022425e-05
0.0012062588
0.99999994
4.158023e-06
8.2334474e-05
0.0015651726
9.37449e-06
5.48216e-09
1.956014e-05
8.4710585e-08
0.009981402
6.330389e-05
1.627153e-05
6.8573904e-06
2.450373e-07
0.0052348147
0.005088136
2.3085869e-07
0.99979186
2.548799e-06
8.697835e-06
0.01786687
0.00012338576
0.00076705334
7.993099e-08
0.97272384
8.118911e-08
1.7838298e-05
3.964573e-06
0.003891923
0.7743577
1.1981716e-07
0.95744574
0.0029642321
0.00052127516
6.371937e-08
3.062492e-06
1.2494417e-06
2.1446911e-05
0.00013950458
0.92956555
0.91315746
9.211326e-08
1.0001515e-05
0.5382517
2.5835798e-06
3.979586e-07
8.852042e-07
4.7067765e-08
5.4083994e-06
0.9360473
2.525606e-05
6.7944264e-09
3.6908137e-08
5.4339417e-08
5.1954635e-10
4.8184367e-05
0.9995153
0.11458689
0.020279791
0.00018754743
0.00036218448
3.6679843e-08
0.18990892
0.99887353
0.9995519
9.332869e-06
0.0006583808
0.0068763588
7.6731254e-07
0.0012027238
0.0019381755
0.99997723
0.14435884
0.00040567238
0.0003829253
0.013927307
1.6222508e-05
1.241313e-05
1.3164492e-05
0.96798444
4.965462e-06
1.5664824e-06
0.965915
2.5214242e-06
0.9974297
0.99980724
0.10697433
3.6243982e-06
1.7955389e-06
3.2756606e-07
7.088669e-07
3.4656194e-05
3.0204317e-06
0.0008283964
2.6139668e-07
9.428021e-05
0.112478726
4.081825e-06
0.000174448
5.0095824e-08
1.1393232e-05
8.4555757e-07
6.684652e-07
0.8482412
0.3663934
3.071299e-08
9.758496e-09
1.0
2.7127007e-05
0.00012861738
0.00061227795
1.5275539e-08
0.0017576162
0.00072051695
0.00077822246
0.0013374909
0.00045049764
0.048435066
3.7939328e-05
0.0023616934
0.01689461
0.00011095239
0.33115432
0.0013863768
0.00011230144
0.2335636
0.39060947
2.5025587e-05
0.023104552
7.4035546e-07
0.057251416
3.0495983e-06
0.6458178
0.9999868
9.699695e-08
0.9999897
2.9430894e-06
8.807513e-07
0.00012328202
0.00012707259
0.9970198
0.00028333825
1.6366914e-06
1.6566645e-08
0.98548603
8.933545e-05
5.8410624e-05
5.2079497e-05
4.269087e-09
1.5127371e-06
6.579368e-06
5.542129e-05
0.05590614
1.3112664e-09
0.9999758
0.11458689
0.0026501943
8.690199e-10
6.2823455e-07
0.9999846
3.4527696e-07
6.654211e-05
0.062186193
1.3228576e-05
3.2526692e-05
0.00022205974
1.9359766e-06
0.973896
0.9995622
0.9444709
0.0009739696
1.7396854e-07
2.7127007e-05
0.09568623
5.4083994e-06
0.9967576
1.3180622e-05
4.2134407e-06
0.01586787
2.0971953e-05
0.0068763588
2.2163174e-07
3.0204317e-06
0.6458178
0.6631553
0.040445503
0.0017863017
4.8945485e-06
