0.98990935
0.0003274048
1.11117595e-08
0.9999902
0.14821374
4.0590157e-06
1.374419e-08
0.0006502957
0.9999936
0.9999398
0.99993044
3.496255e-05
0.0002484501
0.03076917
3.2123087e-05
1.6179706e-07
0.00018135825
0.16507685
0.99981743
0.61401236
3.9485338e-05
1.3873756e-06
0.9995755
8.0679965e-06
0.062580206
0.00011749885
0.0008096718
0.06852311
0.00077631074
0.96765244
5.5429564e-07
0.00036144187
0.80200356
1.1792313e-07
3.8171066e-07
1.544304e-06
2.212206e-07
4.105144e-07
0.10294985
1.0
0.06170014
1.6529768e-05
0.87133807
1.0
0.55491745
0.461783
0.99878186
9.11412e-07
0.9910362
0.12269038
3.0515039e-06
1.0552513e-05
0.033694226
0.99820226
0.99416304
5.53762e-07
8.0087695e-05
4.0468647e-05
0.00013572848
2.6875097e-07
2.6388802e-10
1.3343595e-09
4.439182e-09
0.0003255581
2.2513201e-07
5.4975288e-05
0.0034812582
1.9850748e-07
8.966423e-08
6.840212e-07
0.0007382509
0.00011612678
0.0002617657
4.94615e-06
7.911473e-06
3.0442011e-09
1.723744e-05
0.99995595
1.6844332e-07
0.9842913
0.0033786702
0.99994797
5.736103e-08
5.6616103e-05
2.1525533e-08
0.007999853
4.1488256e-06
1.0
0.9876895
2.5635998e-05
4.0468647e-05
0.025385534
3.0863553e-06
1.1482469e-05
0.99996424
1.13582455e-05
7.8152385e-07
6.565781e-09
0.33597293
0.63058823
0.20285527
0.031026365
0.036181185
0.1095526
8.135727e-06
0.00079242664
0.00023741674
2.4339673e-07
3.109066e-09
9.909731e-07
0.9689908
0.3427759
8.656856e-06
0.0047186846
1.9365214e-06
0.0679694
8.588236e-06
0.99992955
2.7414409e-08
2.929117e-06
0.00019304671
4.200876e-07
0.9998275
0.0679694
0.070771314
0.0043607773
0.0017748625
0.9999779
6.514572e-05
0.98805404
3.496255e-05
0.80743784
0.012088433
0.06534642
0.76486826
7.2574366e-08
4.431241e-07
0.99999464
0.14803074
8.0998063e-07
0.00025066527
0.058832005
0.99256873
3.109066e-09
2.1331412e-06
1.3103381e-05
0.000154146
8.69124e-05
1.0301131e-08
2.4687048e-05
0.015860911
2.610902e-05
8.472561e-08
5.528349e-07
8.65684e-06
0.023449786
1.6285392e-06
0.00012589271
0.9988958
6.3309247e-10
0.00189017
0.8505616
0.5455044
5.491052e-10
0.0003313674
3.4931392e-05
2.308295e-06
2.7044174e-11
6.41666e-07
3.7686442e-07
8.1592344e-10
3.9028178e-10
0.019229015
0.00015398674
0.024057562
1.705596e-07
0.0001531728
0.0007247553
6.521056e-11
0.001268202
0.00314481
0.002619463
0.74359155
0.9830019
0.21762139
1.8953818e-06
0.0011317045
0.9622864
1.0667706e-08
9.1166146e-07
0.99914056
0.00048728083
9.7203054e-05
9.720824e-05
5.2881468e-08
0.9330274
4.9547005e-10
1.27042595e-05
5.9918716e-06
1.4811427e-09
0.02700474
6.840212e-07
0.0011449292
0.55491745
0.0027248815
0.2433902
0.03256229
1.5968561e-06
0.016735464
5.491052e-10
3.178557e-05
0.032310307
0.22243129
0.0074479217
0.0010477633
3.7274426e-06
0.19837424
3.925286e-07
6.54468e-06
0.80776304
0.0003338948
0.999281
4.7800382e-05
4.050408e-06
5.544246e-08
0.014695864
0.675135
3.7274426e-06
0.9999902
6.047488e-06
0.123230375
0.9970678
0.3583556
0.000959527
4.7818437e-05
0.0022044585
7.611635e-05
0.0063529694
0.0003255581
4.3892387e-06
1.705596e-07
3.0737703e-09
0.12269038
6.9730606e-07
3.3212623e-07
0.07278489
9.895766e-06
4.8315553e-07
3.6355254e-05
0.00041790455
1.2786944e-06
1.8372459e-06
1.774388e-08
9.1278494e-08
0.001885445
0.99987555
0.9910362
1.0
3.0889507e-05
0.9999733
3.312489e-06
0.015925495
0.12019281
0.18820232
4.200876e-07
1.2092681e-06
0.00022129799
1.109787e-07
3.2123087e-05
2.4996223e-07
0.99999815
7.484859e-06
8.925767e-07
1.2008354e-08
3.0722993e-05
0.033877403
5.7288003e-06
3.420898e-07
0.0002910924
4.7647194e-05
0.9999784
0.51922834
0.00092573627
9.819132e-06
0.03256229
0.054589875
0.00013576835
0.00039895403
0.982322
0.9999999
0.86182517
0.88389796
3.1550026e-10
0.0076609
2.2027514e-07
0.99999523
0.005927955
7.567594e-05
0.1951937
0.36902675
