1.0
0.99541223
0.17697138
0.99990886
0.004925782
0.11720284
0.9902828
4.0356326e-06
6.110731e-05
1.0654554e-05
1.753786e-08
0.023282288
3.1370726e-06
0.97691536
1.4288083e-10
1.439322e-05
0.96029
0.0005475346
5.962954e-07
0.1469105
0.0008860598
3.162471e-07
0.9999964
1.9085674e-11
0.405325
1.07284315e-08
2.5435142e-05
0.00023200341
0.0042863963
1.4011734e-07
1.0721982e-09
6.539113e-08
2.9925463e-05
5.4525335e-05
0.15882511
0.000799632
4.3704114e-07
0.5656763
2.9153668e-06
3.1370726e-06
5.2141417e-08
0.00025925116
4.9247606e-09
5.5556893e-07
1.2376118e-07
0.09835866
3.524218e-08
0.0016399637
2.9925463e-05
1.4585663e-07
2.124132e-06
7.1295915e-07
0.0011335863
0.99999994
0.00059242675
1.5023946e-05
4.8977345e-05
1.2242038e-09
0.0011064649
0.2987575
0.0010444258
0.023100732
2.6618705e-05
0.004911587
0.9999976
0.0007427212
0.9999859
0.99999857
0.26453602
2.4072416e-10
2.7137512e-05
2.8739301e-05
0.18092586
0.9999998
0.119629554
7.238453e-09
5.52307e-06
1.5632007e-07
5.7951456e-07
2.0476107e-06
3.087749e-05
5.042257e-10
0.058700208
0.9999985
0.0020415073
1.9081117e-08
0.0062798425
4.1754147e-09
1.2425603e-06
0.00025891128
6.841295e-08
3.9421593e-06
6.3127074e-05
0.019486163
1.6556874e-06
7.1918373e-07
1.9917908e-10
0.36433676
2.6412504e-06
3.524218e-08
4.2380275e-06
4.675772e-08
0.7945903
0.49366528
0.0013820371
0.99844235
0.011252001
5.215927e-05
0.08021497
0.26615918
4.1147327e-05
4.0765653e-06
0.0028128775
5.384941e-06
0.024829246
2.24378e-09
1.6556874e-06
9.54952e-07
0.053482544
5.2160294e-09
5.186226e-07
0.73432714
0.0007707708
1.1897181e-05
3.8560618e-05
0.9999975
6.7260586e-10
0.00011988311
9.650912e-06
0.46581745
6.7425054e-07
0.00017953174
1.7430848e-06
1.618713e-07
1.1723604e-08
5.709339e-07
3.0946412e-05
0.71565306
4.9755134e-11
5.5556893e-07
1.6569553e-08
5.3203803e-07
0.00010234903
3.7606e-09
0.005593812
9.681693e-05
1.8593767e-07
7.393566e-05
0.096852385
0.9999318
0.79149455
5.160259e-06
0.00065477216
0.00021749298
8.2264405e-06
4.4308752e-09
0.00040510722
0.006192497
0.005128644
0.9961605
4.6019906e-08
0.99720716
0.0056927446
7.359769e-08
0.99999857
0.98513603
0.0003188891
0.00034446482
3.4580717e-07
1.1944869e-06
0.35684356
1.0063235e-06
0.00030038145
8.810098e-05
3.3935817e-06
0.4771007
0.00044930025
5.951214e-09
0.9626217
2.0957953e-07
2.2106094e-07
0.0071361912
1.349562e-05
0.005663538
0.0076656244
1.3454535e-09
3.6840618e-08
3.046155e-07
0.9969088
0.99999166
0.5227306
1.7171278e-08
0.017991964
6.6018084e-09
4.12167e-06
0.9999865
0.0311114
2.7624895e-07
1.4367329e-05
3.39286e-06
0.95974606
2.7580632e-05
6.810283e-07
3.5403922e-05
2.0957953e-07
1.7924199e-06
0.00048090974
2.8066938e-07
0.99630255
0.7945903
4.0933637e-06
0.023848202
0.0003188891
0.15882511
1.1042798e-08
0.014077968
3.3040094e-05
0.002171401
2.4484475e-08
0.012825832
0.0016514135
1.2142071e-06
0.03938164
0.9999976
1.0721982e-09
1.7312362e-06
1.1944869e-06
1.2616741e-06
0.00044930025
0.9477027
1.3776773e-10
0.0062798425
1.9314166e-05
1.7412858e-09
0.0006268895
0.08550546
0.99999994
4.586376e-07
1.6991977e-06
2.463132e-08
1.2852065e-07
6.2736035e-05
3.2697694e-06
3.3040094e-05
0.00013838056
0.98204255
1.3075115e-07
0.0001123625
2.718647e-05
9.0451525e-05
0.7618661
0.00027214424
0.96972525
1.5635032e-05
0.9999423
2.0156145e-05
0.99806166
8.166685e-05
0.0007484101
0.7400952
6.63147e-05
8.761039e-06
7.949235e-07
0.07280169
3.5642515e-07
0.00025098928
9.650276e-08
0.004433138
0.095309265
0.00059242675
0.07852953
0.00024649547
0.29353246
0.9963784
8.565946e-06
0.0006828051
2.0246548e-06
0.9999999
5.571454e-05
5.2252766e-05
0.32269156
0.03289763
7.433414e-06
4.7144427e-11
0.17956898
0.005663538
2.7137512e-05
0.00030154438
0.0042205127
8.467569e-08
0.07493637
0.20382391
1.7177359e-07
0.008026515
0.71627575
0.0014005543
0.011980725
8.571061e-06
3.3935817e-06
0.038054828
