1.0
1.991705e-05
0.87339896
1.8181448e-05
0.62286097
0.0020156787
0.020237487
3.7399026e-05
1.7912642e-05
5.679536e-05
0.060695443
4.292034e-05
0.0032284234
2.844245e-07
0.019091714
3.382138e-06
0.0027398225
0.0012076946
4.435407e-09
8.64842e-07
5.1712465e-07
1.0828265e-07
5.0375747e-05
0.0065688905
5.917695e-06
0.75079185
1.4750077e-05
0.00812442
0.4369101
5.1726838e-05
0.004911871
0.0011352019
1.9010382e-05
0.0001549373
0.0032721753
0.99285966
0.21404487
1.0895451e-07
0.99999946
1.9373161e-05
0.24914463
0.00034882667
1.9638943e-05
0.32733467
0.7034836
0.00015936363
0.9704071
1.385725e-07
0.000591063
0.005244468
0.0018181483
6.6642847e-06
0.009265291
0.010182193
4.2396783e-07
0.99966973
4.56401e-07
3.7399026e-05
0.065862276
0.0011394401
0.050612308
2.721467e-06
0.0062974556
0.99604666
7.06773e-08
0.9999996
3.622197e-06
0.0022573005
1.4035559e-05
2.304331e-05
0.012273327
6.939791e-05
1.760748e-07
4.7144386e-09
1.5022685e-05
0.79900616
0.018693322
0.99715984
0.00029775998
0.18968675
0.9999995
3.074258e-06
2.6104439e-05
0.99715984
0.004463631
1.6024304e-06
0.0002548312
1.3940578e-05
1.2752279e-05
7.374484e-06
2.6105238e-06
0.0016235714
0.00031126325
0.80654013
0.5586375
1.9667656e-05
0.011546127
0.38381997
0.0008993757
0.0009634198
0.19305563
2.6962123e-06
5.2395273e-05
0.00027959986
0.020237487
0.014090429
1.357428e-07
1.4064656e-07
5.2238374e-08
0.99999386
0.9983925
0.005501792
1.5022685e-05
0.00043834362
3.3711024e-06
0.1269323
0.99966
0.0004118987
0.9996549
5.6103877e-06
0.9999976
2.7027101e-05
1.6651358e-05
0.4245943
0.013140247
0.057528224
0.0022520574
5.6431436e-05
0.99966675
1.0
2.8994266e-06
1.1967126e-06
0.0006896806
0.00052645925
0.7034836
0.00089273934
0.0026300198
0.9831998
5.6431436e-05
0.0054371553
1.4024935e-05
0.14749247
1.1691888e-05
9.596785e-07
0.9997944
0.1258335
0.0013616489
0.99999756
0.0065056994
0.009356902
0.007840488
0.006680727
0.029279767
4.435407e-09
0.05865525
1.1394908e-06
0.9994845
8.578172e-05
0.0025441537
0.007677309
3.2608656e-05
0.0003340747
3.3699596e-08
0.123311356
2.8685196e-05
2.69198e-10
9.338632e-07
0.012273327
0.0013104684
0.162373
0.9999957
0.9990782
0.008851914
9.711671e-05
0.9661679
0.9506257
1.623924e-05
0.060994294
8.5516604e-08
0.99328965
0.015851697
0.3513815
4.220292e-05
0.023732765
0.001323311
4.5390525e-06
1.1057202e-06
0.993652
6.291303e-08
0.9999604
0.009429273
2.7471746e-05
6.72808e-06
1.4750077e-05
0.0014777966
0.00089273934
0.07538736
9.711671e-05
0.0004367349
0.05865525
0.06475654
0.0027233749
0.0055096243
1.9143233e-08
3.881945e-05
0.009265291
2.4085473e-06
0.00017085242
5.813454e-09
0.9340898
0.99999994
0.8427911
0.0055235988
3.771445e-05
5.4367824e-08
1.357428e-07
5.6103877e-06
6.3648345e-06
1.8670326e-05
0.00016975241
0.0017193976
0.10191361
7.285616e-06
0.00041072085
7.618985e-08
1.8469841e-07
0.00025103666
0.0040206905
0.9994845
0.004258463
0.9837914
2.5300658e-08
2.2143182e-08
4.696742e-06
0.00030839362
0.000113739974
0.00023946825
1.3294441e-05
0.014090429
0.064162284
0.0017586481
0.9999882
4.0039833e-10
2.4725547e-05
1.0343842e-05
7.540008e-08
0.0049008713
0.095174395
1.9500503e-05
0.94041514
0.0017127743
3.382138e-06
1.9315972e-05
0.00020829856
2.8057138e-06
0.9707331
1.4024935e-05
0.0061216466
0.21831548
1.1869873e-09
0.0016745413
9.649646e-05
4.435407e-09
3.797064e-05
2.3043332e-05
0.058655236
0.07646755
3.7903785e-08
0.040645048
0.2427101
0.001634998
0.0014766009
0.003138517
2.6104439e-05
3.247267e-05
0.92962706
0.95244324
0.9958863
7.730527e-08
3.4048792e-06
2.6104439e-05
0.65586996
0.33333313
1.0234758e-05
1.7912642e-05
5.1218416e-07
9.596785e-07
1.1111887e-08
0.117191
3.7798054e-05
0.4245943
6.044392e-06
3.7903785e-08
0.03435749
0.015278179
5.431735e-07
0.99285966
0.42238942
5.6431436e-05
0.00035812103
