0.0013136768
0.9873218
3.5629707e-06
0.0037586049
0.99995744
5.6109695e-08
4.05837e-08
6.9368866e-08
7.001876e-08
4.49747e-07
9.881222e-11
5.333858e-10
5.216892e-05
1.09149365e-08
1.352714e-06
3.3321708e-09
5.2362267e-08
0.00024484764
1.5037391e-05
0.9999433
0.00035006026
2.4499096e-08
8.385828e-06
0.9991472
1.4472081e-08
0.002884631
0.0009026939
0.0003140362
6.9342996e-06
3.463246e-08
0.39808333
1.5822307e-07
0.15622774
0.0025465714
0.0041475436
3.453554e-05
0.41390866
0.071935706
0.012828555
9.626696e-07
5.9418145e-08
0.00014251772
0.014582674
5.7218756e-07
0.9996609
1.0671251e-05
9.969937e-06
1.731025e-07
2.0239393e-11
0.9999837
9.448072e-09
4.68975e-08
0.0002032744
0.99846315
3.1971003e-06
1.7004493e-07
7.249536e-07
3.4064135e-05
1.3408793e-07
4.2885378e-07
6.399457e-07
3.1710783e-07
5.5745044e-05
7.293428e-05
0.0018969933
1.3551812e-05
1.7041511e-05
0.00014994876
0.00045028274
0.9411064
5.201337e-06
7.293428e-05
0.93668985
0.065358795
0.021681523
0.00012698126
2.9348346e-05
0.0012817675
4.3964565e-06
8.673284e-08
0.05366994
1.9253382e-06
1.3906055e-10
2.27889e-07
1.6205587e-07
0.002516014
1.2734545e-08
0.35801753
0.00012912072
0.00031997383
3.2225145e-08
1.7041511e-05
0.0011915228
0.4139087
0.030189196
0.0025465714
3.247603e-08
3.1957785e-05
4.6014815e-08
8.977732e-06
6.561914e-05
5.420754e-07
9.969937e-06
1.174238e-08
0.633948
1.5215747e-05
0.56583387
3.8550904e-10
6.235335e-07
2.4614821e-09
1.932188e-06
0.9314546
5.697042e-10
0.9998455
0.019131055
0.08119077
2.7316073e-08
0.98269266
0.0017471162
4.129828e-05
8.33236e-05
0.45990646
3.0825067e-09
0.0015633532
9.8077235e-06
3.384272e-08
0.0038800086
5.0802484e-08
6.9123726e-06
5.6109695e-08
0.96622825
8.0475766e-05
7.35965e-10
1.1043091e-06
0.0002573291
1.128262e-05
8.462835e-09
3.5083204e-07
1.3765012e-09
7.2798364e-05
1.2731676e-06
0.9968241
0.013746354
2.3263967e-06
5.921551e-06
2.8455932e-07
8.280549e-05
0.0039789407
4.6280195e-07
1.812643e-05
0.0003487299
0.00014231402
3.1652284e-08
8.673284e-08
3.311314e-06
0.3982148
0.017407281
3.3776007e-10
0.0082327295
6.74641e-05
3.0898646e-09
8.3248653e-07
3.3321708e-09
1.5220217e-05
1.8361165e-07
0.0009205649
6.4211906e-07
1.8900968e-06
7.001876e-08
1.0497278e-05
0.00010918222
2.100627e-06
2.0644517e-05
0.0026055907
0.012028911
1.7478305e-06
2.905458e-08
1.7551352e-07
5.019525e-05
0.00013631786
0.0021928363
2.718204e-06
9.0791445e-08
3.3081355e-06
0.00039901925
7.7901184e-08
5.6822078e-06
3.311314e-06
0.9999821
0.23620468
4.095501e-07
0.0021392645
3.9970462e-05
1.1446108e-06
0.00022552491
0.0034037363
6.056116e-06
0.0001381621
3.2262316e-05
1.8334353e-08
6.045159e-06
1.4783878e-07
0.9999836
0.887372
1.4164132e-05
0.00017300916
9.881222e-11
1.4472081e-08
0.000625212
1.4828868e-09
9.085446e-06
3.8813933e-10
4.086881e-06
0.79094523
8.888627e-05
2.974422e-07
0.055341545
0.00049676344
0.00084653904
2.8253873e-05
1.0907943e-08
3.0729028e-09
0.9808951
3.4849768e-10
0.0058935992
1.0432406e-07
0.0007266987
0.9852187
0.78034794
5.7797854e-07
1.9474135e-07
6.603193e-05
1.6771265e-08
1.3093373e-06
2.0239393e-11
0.4139087
0.9972068
6.1340943e-10
3.93433e-05
2.2244803e-05
1.6378219e-06
9.725107e-07
0.0027554908
6.154964e-11
0.9999045
0.0011636972
1.42245335e-05
1.421899e-08
3.650262e-05
9.624622e-05
1.0481746e-06
6.147467e-11
1.7045375e-07
4.2885378e-07
0.23858964
1.0907943e-08
0.9996149
6.4211906e-07
0.1889353
5.2595774e-06
2.9884586e-06
3.650262e-05
2.7523175e-08
1.7351803e-07
0.0081784045
2.2244825e-05
0.00029982522
7.293428e-05
2.975e-08
1.3018074e-05
0.0114035085
1.1957517e-09
3.6340762e-09
1.1888798e-08
0.91676384
0.99979556
3.5843224e-11
3.6111456e-07
2.591879e-06
2.6561676e-05
0.015166406
8.879003e-05
0.010993587
8.698329e-09
0.0029224476
3.8813933e-10
0.0059740236
3.7367536e-06
3.2793404e-09
1.5581448e-07
4.127465e-07
6.538013e-09
1.9524226e-08
3.0160106e-08
0.00013342738
9.72066e-08
6.213146e-08
1.3091721e-07
0.45990646
1.14923374e-07
