1.0
0.00072976405
0.0023344606
6.0264694e-07
4.7027005e-09
2.0895757e-06
4.1984002e-08
2.1629809e-07
0.18700346
7.704936e-05
6.931807e-07
1.6541928e-05
0.0004579155
0.0020979552
9.520789e-10
3.9006636e-06
7.349962e-07
7.944226e-07
0.9968825
7.799284e-05
9.172768e-09
6.4012734e-06
9.520789e-10
8.1638865e-07
0.00010310133
1.2683796e-10
9.4110755e-09
1.7345146e-08
0.76534086
1.0144487e-11
0.0009525411
2.9748184e-08
0.24301806
5.3259313e-09
2.1327407e-08
1.5212063e-05
1.2932047e-06
6.563112e-06
2.5587081e-08
1.121231e-05
2.4853648e-07
6.7134846e-07
6.931807e-07
4.5195748e-07
1.0445663e-08
4.719783e-09
2.803018e-06
4.2412285e-11
6.352412e-08
1.2662175e-08
2.8901624e-05
4.6398627e-12
5.0028467e-07
7.2260996e-11
2.0541727e-05
8.437623e-10
8.295391e-05
3.730316e-06
6.8210837e-09
1.7456188e-09
1.5633582e-08
2.020261e-10
9.708631e-07
0.11628417
4.909527e-10
1.6946649e-07
3.4394012e-09
3.9006636e-06
5.1295554e-08
0.9974665
2.319516e-06
0.0005291896
0.07744706
2.9660202e-07
3.9737106e-06
5.6576162e-05
3.0406397e-08
1.6833219e-07
0.2975489
0.2890116
1.7291852e-06
6.37026e-07
2.8560578e-07
0.04413702
1.5978387e-06
0.9897167
0.0001083901
6.987987e-08
3.7026348e-07
1.2114678e-07
0.00037985123
0.00084039225
0.00018290104
9.2653074e-10
5.0968442e-06
3.2064371e-09
0.00032630633
1.5709467e-09
3.0226303e-05
2.8216314e-06
9.708631e-07
4.1984002e-08
6.453753e-08
4.7554286e-07
1.1703184e-08
2.0024521e-05
3.1390154e-08
1.9247806e-05
2.0903818e-07
5.533296e-10
3.6577712e-05
1.2394725e-06
5.5224905e-06
3.1635263e-08
0.9997512
4.481758e-06
1.6028975e-08
0.0003927956
0.078521155
5.968381e-08
5.3372137e-11
0.00015832839
1.6743202e-08
3.2433674e-09
7.4359485e-07
4.7563342e-05
0.004076467
1.605064e-07
5.727704e-09
0.0015829931
0.040085718
0.38898486
0.0003897543
4.760134e-06
5.6894345e-07
0.9999366
0.0001642459
3.5411047e-06
1.0072979e-10
7.7492984e-10
1.4512154e-06
4.4596366e-08
0.9997266
4.3318696e-08
1.6028975e-08
0.9999808
5.482989e-07
9.53878e-07
0.00026578948
1.4748712e-05
6.817975e-09
6.911977e-07
2.1552614e-11
0.18700346
4.0768814e-08
9.455255e-11
1.4527726e-08
2.7096143e-09
9.832107e-07
1.1250238e-06
3.0226303e-05
0.00048659064
6.7113336e-07
5.9304805e-12
1.0959202e-08
1.6592581e-07
4.317668e-06
4.2747886e-10
8.813235e-07
0.09609331
2.9670764e-09
0.2504963
1.9719766e-09
1.1273351e-10
2.0790762e-06
3.6312437e-12
0.034564544
0.9464193
0.003975146
0.9794014
1.1123136e-05
0.0013331737
0.0005729637
6.8413146e-07
5.4707885e-05
1.7367379e-06
7.669036e-07
2.0131152e-09
3.962544e-07
0.0009795037
2.8417498e-06
3.959076e-08
3.5409935e-09
6.5456975e-06
3.2904902e-06
5.566516e-09
5.0326228e-09
4.6857276e-06
3.978716e-05
0.86027765
3.360319e-08
0.33763292
0.28939274
8.626376e-09
5.3803875e-11
0.00019160315
2.6147795e-06
0.19936252
6.735497e-13
8.914072e-06
3.354466e-08
8.767153e-09
1.0513869e-05
1.6018392e-09
1.41619e-07
2.1346837e-06
8.725035e-06
1.0841325e-07
1.3293933e-06
0.9623124
1.3464991e-08
0.004075639
2.3451111e-08
1.5072452e-05
4.2560743e-11
2.2517239e-07
0.0013035429
4.3923606e-07
4.779208e-13
0.113959305
4.6857276e-06
0.003975146
1.0843058e-06
2.0903818e-07
2.0182217e-06
2.7025968e-07
2.0403379e-08
5.253173e-07
5.501688e-07
2.092726e-05
8.6890776e-07
0.0010238845
3.3105246e-06
1.2562414e-12
0.00017691139
9.840268e-09
0.99973875
4.9296073e-10
0.021738783
0.77425224
2.7253467e-08
5.029338e-05
4.7408743e-05
0.70399433
1.38007e-07
1.9539655e-07
0.00023655518
3.0585433e-08
0.0014779128
1.121231e-05
1.2559295e-09
2.0286672e-10
1.7041222e-12
3.5409935e-09
1.1857925e-09
3.0377107e-09
1.26665755e-05
0.40479973
3.1979855e-08
1.111812e-08
3.5047287e-07
1.4192545e-08
1.0855127e-11
3.9903707e-08
5.3154786e-06
3.823181e-09
1.7217092e-08
1.1965091e-09
6.149895e-11
5.395121e-12
1.02343144e-07
3.546695e-11
0.18634133
2.0271073e-05
2.22363e-07
6.2811295e-10
9.554671e-08
2.3296042e-07
0.998015
1.6499658e-09
0.005203465
1.8582155e-07
0.5552132
0.00059991825
2.9800826e-06
2.5071358e-09
6.571403e-10
1.4512154e-06
2.7606276e-07
8.82798e-09
