0.9999998
0.90381616
0.00013679639
0.82093066
1.2343337e-11
2.744795e-07
6.905004e-09
1.7304853e-07
9.829776e-06
0.0010157819
4.6639357e-06
3.1796606e-07
3.058607e-06
6.6218093e-09
1.316818e-09
6.046587e-11
1.4642444e-06
5.7131734e-07
0.0011163821
0.0064940876
1.0023375e-07
9.1447525e-08
1.0082624e-07
1.773542e-08
0.97768927
0.7219044
8.381114e-05
3.9756154e-09
1.1836102e-06
0.7503649
2.353326e-06
2.7552542e-06
0.00862704
0.0017767661
7.1447616e-06
5.734555e-10
7.554767e-05
0.1927551
3.9437735e-05
6.1013466e-08
1.1379759e-08
1.1298272e-11
0.67780524
1.6063009e-08
9.30417e-08
2.552156e-09
2.883777e-08
4.7453753e-08
4.838974e-10
0.1684129
6.0519375e-07
7.375424e-08
0.0127820205
0.0026106762
0.30170372
2.8247305e-07
5.7690855e-08
4.8999347e-05
7.97078e-08
2.0951768e-06
2.8451888e-07
0.9747515
0.004783857
0.012864529
3.0293748e-08
0.0045872442
0.07331273
2.4049913e-07
0.99921924
0.000119214295
1.0357721e-05
5.214798e-07
0.019536242
0.011322958
0.0025636395
5.141197e-10
6.6346706e-06
2.1234989e-07
2.2728454e-07
1.9097246e-08
3.7760987e-07
4.0108822e-07
1.6791639e-05
0.016049601
0.004783857
1.7085291e-08
0.16936633
5.1538855e-06
0.011040669
7.758327e-08
7.939645e-08
2.1151902e-09
1.894975e-08
0.019536242
1.7709565e-06
4.9765054e-09
0.00013679639
1.5852273e-06
7.9545134e-07
0.00020681944
2.5725038e-11
0.00091993186
0.00014560453
2.7577668e-08
1.9519236e-08
3.3134368e-06
0.5363372
0.0010157819
0.03549865
5.8105774e-11
0.9992113
3.058607e-06
4.032236e-12
8.740405e-09
1.8151028e-05
2.5218353e-07
6.1728592e-06
5.0434137e-09
2.0942687e-07
4.596227e-08
1.0781355e-08
1.0500095e-06
7.944756e-06
0.0005310182
0.9835065
0.70310265
2.9316888e-07
3.6193798e-11
2.3376444e-08
0.00012249399
9.577566e-07
3.481868e-05
0.010942493
0.00060262805
0.82093066
0.7427522
6.135516e-08
1.8350207e-07
6.241034e-08
7.77278e-09
2.6675468e-06
0.009133773
6.4143206e-09
2.0113744e-07
0.898
0.00020587958
0.0011206191
1.0203577e-07
1.49242705e-05
0.0065252287
2.3737481e-10
2.8247334e-07
3.3646967e-07
0.99999964
0.011602797
0.00010060669
2.2728454e-07
2.6675468e-06
0.0003927673
1.6380141e-05
3.4985135e-08
0.00018818262
6.0519375e-07
6.152859e-06
9.9993535e-08
0.0083403485
0.0003927673
2.3832106e-05
7.7221695e-05
2.3012275e-07
0.0006925338
0.001084743
8.0165024e-05
0.0064940876
9.518284e-10
0.011863765
0.00028861195
1.733906e-08
0.0009766569
1.2764389e-07
5.531059e-10
0.0045872442
6.200027e-09
0.00012391055
0.998932
6.4079677e-06
2.4097437e-07
2.6675468e-06
3.248746e-10
4.2630276e-07
4.9322455e-08
0.47869936
1.4303346e-07
8.950172e-06
3.494032e-08
6.0378875e-06
8.731602e-06
0.007507816
5.3677877e-07
0.019536242
1.9097246e-08
2.0343464e-07
9.707884e-06
0.5420077
4.2809723e-05
3.4371583e-09
0.9941543
4.2809723e-05
0.54151297
0.42251012
0.008924622
1.5512118e-05
1.0544433e-07
3.7760987e-07
0.99981046
6.772466e-07
6.0577346e-12
5.5614423e-06
4.2841657e-06
4.988453e-06
0.0011942873
2.92081e-08
4.244844e-08
6.2342447e-06
0.99992764
1.2343337e-11
6.5597264e-06
7.4000815e-07
0.08643904
1.2764389e-07
6.358034e-09
2.5853e-06
9.1821144e-05
2.00468e-05
7.884923e-08
0.14511615
7.823709e-09
2.231605e-07
9.753529e-07
3.1365224e-10
2.3444418e-06
8.913682e-08
5.649077e-09
6.558417e-05
1.2352563e-06
3.736972e-05
2.6057283e-05
0.7394339
4.114467e-06
6.772466e-07
6.782954e-05
3.213326e-05
0.00025987308
6.241034e-08
4.629658e-06
0.00014719662
6.2129565e-08
1.0738937e-05
2.1688773e-08
0.9999992
0.05978003
7.521815e-07
1.5241335e-06
0.16936633
1.43169e-06
0.0017785744
0.003405932
3.4816765e-06
2.5956762e-05
1.8853872e-06
5.7690855e-08
1.9198436e-05
0.9999696
2.0536859e-09
4.366168e-06
0.0006405706
2.4021267e-06
5.3337026e-11
1.0734371e-07
7.6890146e-08
0.020610865
3.1846675e-08
0.95634276
0.97239286
0.00048153265
4.262608e-05
0.1538707
5.089279e-05
1.6533065e-07
1.4581526e-08
6.0368625e-06
6.0577346e-12
0.0127820205
7.926321e-06
0.43020275
0.0036065064
0.597205
2.823139e-07
1.6903003e-07
0.0015338399
