1.0
1.0
2.948349e-07
0.1217915
0.99233156
0.076853454
3.728732e-12
5.4569345e-09
7.874763e-06
2.781534e-07
0.02016697
0.00026374904
7.128298e-06
7.874763e-06
0.67497456
9.456139e-11
6.8201894e-06
0.00017988232
1.7925166e-05
0.40439913
0.004598624
0.009231909
1.4689523e-06
0.4679463
7.826679e-05
1.4505935e-08
1.3222662e-10
0.16625443
1.3790874e-06
7.127689e-08
1.8289736e-06
0.92497647
8.539621e-07
0.0020928283
0.02862846
8.19522e-06
4.4142592e-08
2.806953e-06
1.1334777e-06
0.00010770988
8.853242e-06
0.8960005
0.10070096
0.8960005
3.0798587e-05
5.1351645e-08
0.10070096
8.985707e-06
0.00021840566
1.9766356e-08
1.1804418e-05
8.591225e-06
8.1851984e-11
1.1571907e-07
0.00024661017
0.00020762894
2.0680801e-07
2.4182045e-09
1.794766e-05
0.00039246955
5.8680108e-08
0.7702739
1.916147e-11
0.09344651
0.0001688592
4.9408885e-05
1.535437e-07
2.2929145e-09
0.38135055
0.117512934
0.9999857
0.0012238433
5.8348412e-08
6.672156e-07
9.698936e-05
0.00079857354
0.0015469512
1.2577376e-08
0.08340296
7.740151e-05
0.8238936
2.900171e-07
1.5123956e-05
1.08325196e-07
0.0016845175
8.9317786e-07
1.2577376e-08
1.25645485e-08
3.0456653e-05
0.040897347
0.0007163498
0.00039246955
0.119728245
2.9582077e-05
5.5280147e-05
3.2371623e-09
6.046093e-06
0.09161986
0.0008248943
0.0038826799
1.2082251e-05
2.1059582e-06
0.008119155
0.0049921935
7.911859e-08
0.025246192
0.00014519082
2.043133e-09
0.0051598777
0.00011344448
0.9973902
0.00088812475
0.0028543794
2.4036504e-09
0.00047003585
0.20266193
0.72344834
0.9858673
5.793046e-07
0.99767405
0.0020779555
0.004235664
3.474395e-05
2.3423598e-05
7.9338906e-07
5.5496816e-09
4.8005266e-05
0.9050201
0.9228372
0.007669543
1.6935076e-08
3.446809e-06
1.3858903e-07
0.05926538
6.732926e-05
3.4874407e-08
0.00026463898
0.009853154
0.0003745338
4.2637816e-06
0.00010612777
8.933662e-06
6.557479e-07
6.0377215e-07
0.019023523
3.821488e-06
1.3662783e-10
5.684163e-07
1.153416e-07
0.10789672
0.315593
1.3256687e-05
3.808053e-07
8.918369e-05
0.0032104466
7.72214e-05
3.614802e-06
0.0020928283
2.25546e-06
1.936453e-08
1.7966824e-05
2.2904185e-09
1.8728713e-06
5.6176944e-08
9.720566e-12
7.581974e-08
3.4019174e-10
0.02862846
1.9656152e-09
0.0006357533
8.951774e-09
3.2976068e-08
1.3255057e-05
3.507988e-05
1.4587918e-06
1.0539844e-06
6.655402e-09
9.314945e-07
2.8770359e-08
2.0720996e-07
0.0033300568
0.00011824991
5.160177e-07
7.674752e-05
6.236679e-08
0.015452623
9.202451e-05
1.1571754e-05
5.980957e-07
9.814814e-07
0.17001386
0.00017428107
8.2625725e-08
9.5682975e-05
8.77766e-09
0.5408149
0.0015069133
6.660037e-09
1.7699062e-06
6.910035e-05
1.9489624e-08
0.019550191
4.058997e-08
2.4336138e-08
2.4111506e-07
0.045430135
1.8305943e-08
9.848338e-10
2.4081809e-08
9.134968e-09
0.9997048
8.539621e-07
4.9536095e-07
1.3790874e-06
4.521037e-06
0.00017988232
6.178474e-08
0.09700697
1.710068e-08
0.007928934
0.0038324853
2.2980634e-05
1.5901711e-09
0.41976774
5.8089736e-06
2.8387214e-08
7.347013e-10
8.538394e-08
0.5408149
0.004709895
6.850906e-08
6.617223e-10
0.0023461285
3.3747951e-06
0.99035037
2.2043075e-06
3.9607002e-07
0.99975824
9.210518e-12
1.3604638e-10
0.024409438
5.554789e-07
0.0002575655
2.800584e-06
6.672156e-07
0.9988439
0.00059872016
0.0023966397
5.43304e-08
0.9999928
1.0731628e-07
5.0659983e-05
0.0025004381
2.8866583e-07
5.1351645e-08
0.0145670185
2.081578e-06
6.7293496e-07
5.1368886e-08
1.8105013e-10
7.882725e-09
0.012519735
4.2285097e-05
2.3243522e-06
3.501822e-07
2.8467644e-05
0.01850039
1.4342673e-06
0.0002239978
0.00014951814
2.9259217e-09
1.4098596e-05
2.5304647e-07
8.656517e-10
1.4834647e-05
0.0024365205
8.081606e-05
0.99535596
3.4237353e-06
0.97374225
9.299682e-05
4.4051923e-08
1.6735241e-06
2.793518e-06
1.3313024e-07
5.543146e-07
1.0731628e-07
3.7842136e-07
3.881871e-06
5.8919494e-07
4.209281e-08
0.0007475249
0.010875463
2.372176e-07
1.553028e-07
0.0073612737
3.727842e-09
1.1571907e-07
3.8883172e-05
2.0633159e-10
