0.99817926
0.99932593
8.8838775e-08
0.21588697
0.9791693
0.31293443
1.3879426e-05
0.00011755455
9.1098445e-06
0.00020034691
0.00054764136
0.99026346
2.3518331e-07
0.027225165
5.692941e-08
0.0007167779
6.0684496e-10
2.8745442e-09
0.037960988
0.99810594
0.011193985
0.64410913
0.99562895
1.4359781e-06
0.6928412
0.013994715
0.00024656928
0.2046509
0.10353458
0.00039163875
1.8010775e-05
0.0781172
3.4195466e-05
9.153387e-06
2.5147145e-07
0.0015259933
6.4095198e-06
7.887464e-07
0.00040785043
0.003775139
4.6170868e-07
0.008210151
0.10353458
4.979261e-08
2.1155793e-07
1.8564404e-05
2.622249e-09
0.04330737
0.0039260536
5.18633e-07
1.5657029e-06
0.0032404005
0.073973075
0.787399
5.1840143e-06
0.00025655964
3.1712483e-05
3.6815896e-07
3.4880134e-07
9.268431e-05
0.0002175938
9.833433e-06
0.0003467643
0.19291501
1.6013809e-06
2.7314698e-07
6.112817e-05
0.58636874
4.264331e-06
0.15106846
3.394759e-07
0.00024123164
0.0001642484
0.0015393749
0.0023448195
3.2284534e-05
0.9998689
5.4191273e-06
1.5657029e-06
7.857819e-05
8.6978497e-07
0.00859611
0.00010299639
0.0009426937
0.055521976
5.9537197e-06
1.2050387e-05
0.00023583589
0.12612489
1.0
1.2294951e-06
0.99977803
0.00021058226
1.04760165e-05
0.9985066
2.845915e-05
0.00013544082
7.177685e-05
1.0362392e-09
7.2445514e-06
0.00015494291
0.99562895
1.0
5.1840143e-06
3.7308246e-07
3.0280805e-06
1.9545581e-07
3.194497e-09
4.734234e-06
1.8588341e-07
0.02578239
0.0023213662
2.72081e-05
0.015131297
0.014165193
7.173675e-05
1.4695026e-07
0.068736665
0.9998898
0.00010801948
0.9999933
0.00019229716
9.167609e-06
2.88746e-05
0.00011304557
0.70018935
3.6260196e-06
0.0015898129
1.3323671e-05
6.476309e-06
4.453924e-08
0.03258455
1.1492737e-06
0.014197491
0.00020034691
0.9999943
0.9994734
0.0012747088
2.1368356e-07
0.009000004
3.7470494e-05
0.9932786
0.9993912
5.3005175e-07
0.88865536
8.397757e-10
1.0362392e-09
5.225422e-08
0.00075477245
3.6806377e-05
0.08986591
2.1132052e-10
3.1951323e-08
4.791841e-05
0.000117802425
0.001946744
0.00013142271
1.778101e-05
6.473972e-08
7.177685e-05
0.79547924
0.0040340354
0.0017089514
0.5875377
0.07219757
0.8741557
4.6186997e-06
3.125848e-07
1.1313576e-05
7.293002e-08
1.8901602e-07
7.442503e-05
3.6402085e-05
0.013994715
0.02546768
6.6392386e-07
2.1276986e-08
0.99999803
0.9999993
0.0017089514
1.3494268e-05
0.9982681
0.00011854118
0.035776444
2.4254863e-05
2.4522026e-10
2.2750712e-06
1.2398152e-05
0.00054764084
3.5502987e-06
0.9186474
4.791841e-05
2.2912598e-05
0.0007167779
0.02361984
0.94058377
0.06264284
1.4341005e-06
0.00052377593
9.75077e-10
1.4679211e-05
4.6850664e-06
0.00025655964
0.007386417
5.174718e-06
0.00010408998
0.00075076165
9.609019e-09
1.549522e-06
4.8611375e-05
1.5420326e-08
0.99932677
1.6056109e-09
0.07499698
0.82385737
0.000139148
1.4255442e-05
3.4934903e-06
1.8753251e-08
0.0026812076
0.28423926
0.0018188381
8.625179e-06
8.438316e-05
0.19387957
1.1068397e-05
6.360826e-08
0.25598127
0.00021651536
0.0013529867
1.0
5.0732174e-06
0.45372277
0.00032243805
1.4679211e-05
7.1688356e-07
1.3211387e-07
2.1916318e-05
0.000116229814
0.0036581047
0.005986944
0.99977803
0.29963598
1.4629083e-05
2.9056415e-07
0.99270296
1.9153687e-05
0.9999616
2.9979848e-05
0.30806285
1.4255442e-05
5.501081e-06
8.6008134e-07
4.9569735e-06
1.2356956e-05
0.99616855
8.639009e-05
9.1098445e-06
0.0001945169
0.0013360726
0.9999864
0.99995244
0.0012549495
0.003170946
6.2545354e-07
6.5883028e-06
0.99879247
0.9996238
2.9782105e-10
6.579605e-10
0.007108615
0.9998467
0.10132958
0.0045542023
1.1432479e-05
0.99998593
0.99999875
0.00015923695
0.99909335
0.00020034691
0.3068645
0.008776615
3.4934903e-06
0.9991859
1.4140191e-05
2.2333421e-05
0.0019054916
1.1811159e-06
9.167609e-06
0.9729509
0.1282253
0.4524289
1.2051121e-06
0.0002594841
0.30240002
0.005005171
1.4523349e-08
0.0010131622
0.000115248564
0.00011755455
