0.58145916
0.00027958865
0.0012469218
9.2239625e-06
1.0287641e-08
1.8597344e-05
4.0357605e-08
6.2924523e-09
1.6861802e-06
0.70185655
0.99898833
0.9997017
4.564051e-09
0.00065504794
0.00029379578
1.7965494e-06
5.302135e-07
2.7144553e-05
6.571659e-08
6.4565356e-05
1.6172358e-08
2.9679917e-10
1.2758304e-07
7.7597315e-07
0.08196436
0.065627016
0.7398528
0.9804437
5.676828e-07
6.571659e-08
3.0911015e-05
0.0061478503
1.5473358e-08
1.2213655e-09
0.0003283591
4.6902224e-09
1.7872019e-06
0.00012695778
0.4560969
5.223282e-11
9.51331e-10
4.4277112e-06
3.0101575e-05
1.9394015e-09
0.08212201
1.4957349e-06
1.7258229e-07
0.99999714
0.001577797
1.7702773e-08
1.8286687e-07
0.005887724
0.55169845
1.4556224e-10
3.973192e-08
3.4433133e-06
3.5607105e-08
8.754557e-08
8.417573e-06
2.4588169e-06
0.00017102536
5.863496e-06
0.943548
0.00018830145
2.0744348e-07
2.6147812e-10
2.01389e-06
0.00022888194
2.6700712e-07
4.1236487e-07
0.13152368
1.2419487e-09
7.896684e-06
0.00036244528
8.7992686e-07
0.9613791
5.165774e-06
1.0287885e-05
0.0013981835
3.861998e-05
2.5706252e-06
9.566429e-07
0.008918622
7.760633e-09
3.167608e-08
1.0287641e-08
4.268515e-10
1.8804777e-06
3.1753834e-06
5.3900504e-07
5.60113e-09
0.39952898
0.00065504794
0.029836604
4.6508033e-09
1.377013e-05
0.001488196
5.1634555e-07
4.0130915e-05
1.1593182e-07
2.9264952e-10
2.5108877e-09
0.9978042
1.2806873e-06
0.40603495
1.0660591e-11
9.616101e-06
3.6488355e-09
3.7087924e-09
0.00017168134
5.7291683e-09
0.00033828212
4.656877e-08
1.8248518e-09
0.010658408
2.5381375e-08
0.99996835
0.9905283
1.593728e-07
0.99991435
0.492642
0.0018057913
6.4974515e-08
0.00033580026
4.7130206e-06
0.0023956548
2.4946645e-05
0.0028404412
4.25535e-08
0.05548532
1.6861802e-06
8.127584e-09
8.334587e-09
8.244367e-10
0.5969258
3.5564598e-09
1.1248511e-06
1.5107048e-12
4.153245e-05
2.8903905e-06
0.9775631
4.2161937e-06
8.843168e-08
8.605271e-10
2.6717458e-05
4.1794443e-10
9.440228e-05
2.783931e-09
5.1208553e-07
1.909181e-09
0.072385445
0.0008109049
1.9325826e-06
2.1360122e-05
2.0700072e-06
6.9032097e-10
1.9040025e-09
0.00014610298
0.0037777869
2.1360122e-05
0.0047828243
2.7712922e-06
1.8637458e-09
1.4040306e-09
1.1266656e-08
3.1497186e-07
1.9016947e-05
1.502478e-08
0.79111403
2.7660623e-09
0.0061265607
1.7258229e-07
6.726244e-08
1.0
1.6332784e-05
0.99717945
9.105449e-09
1.0579214e-09
1.02748166e-08
5.6673077e-08
2.6988831e-11
1.5950442e-05
3.8622666e-06
5.5750793e-06
0.9087952
8.2554027e-07
0.0033539443
7.4446694e-07
0.0015359005
0.010940346
3.2882298e-08
1.3977841e-08
4.8593567e-11
0.7548387
5.405432e-08
2.6752429e-07
1.053167e-07
7.934543e-08
6.457952e-07
2.017659e-09
2.0552504e-08
0.0023074711
2.5535666e-05
0.12247574
2.5765652e-05
4.111235e-06
0.6307686
0.0010237508
7.794764e-10
0.011752052
1.1332473e-05
4.3632815e-07
0.9949796
8.68069e-10
3.1601416e-05
0.00029734804
2.4868816e-08
0.35203496
8.944743e-09
0.022478811
0.011749682
0.24754284
1.6469937e-10
2.2177636e-07
0.06140396
2.5637114e-06
8.366572e-12
1.1683395e-07
1.9274496e-05
0.96117055
5.3407653e-08
6.4759197e-06
0.00045985068
3.2961164e-08
9.43525e-09
1.2519569e-09
1.0494579e-10
6.2293737e-10
2.4513809e-09
7.057948e-06
1.0579214e-09
1.9016947e-05
1.182699e-07
0.9971566
8.455215e-05
3.6002868e-06
4.0029932e-05
0.22240607
2.3718442e-06
4.7919396e-10
2.0626635e-07
3.9573173e-05
0.23467289
0.08841142
2.2183679e-08
4.07706e-08
7.337606e-09
1.6172358e-08
0.005887724
8.5277634e-07
6.2650846e-10
4.6642228e-05
0.79111403
1.9246604e-10
2.5031939e-09
0.9990226
3.951735e-06
0.0007393626
0.99821746
1.383941e-06
6.2924523e-09
5.209321e-07
0.00032074656
0.00036090368
1.5304995e-08
5.625028e-07
7.342103e-08
1.4556224e-10
3.722029e-06
2.0634495e-06
3.5128332e-07
3.6850137e-10
1.1031157e-05
1.5160851e-05
4.350594e-06
0.8782569
8.3962965e-05
5.8011504e-12
0.9988927
1.3130688e-06
5.7291683e-09
9.270067e-09
0.009272788
0.0005616195
7.709203e-09
0.0023726209
6.813246e-08
0.0045852195
0.014282377
4.1233573e-08
