1.0
0.9876978
0.9999611
0.00036889597
3.1181567e-05
0.001975398
4.5545305e-05
0.99824417
0.006515647
0.00023544407
0.00010156386
0.9994885
5.005179e-06
1.8586546e-06
0.60584515
6.0020684e-05
1.0614763e-06
3.887513e-05
5.3804877e-07
8.912371e-06
0.0013283569
1.98873e-07
0.21780388
0.9998893
1.2802611e-06
4.3820655e-06
7.510912e-07
0.5649364
1.2799855e-08
0.9999999
1.6130205e-06
3.5487215e-06
0.02554276
1.5900467e-06
0.014154269
0.000848812
1.1440147e-05
0.016260458
7.53262e-08
1.0263695e-07
3.6138943e-08
2.5642843e-05
0.8641808
0.7128045
0.014265933
3.1180713e-07
0.008801852
3.931688e-06
0.23659201
9.61177e-07
6.058868e-05
1.7833949e-06
0.0018348686
4.859007e-07
8.5779266e-07
1.1175358e-07
2.4471299e-06
5.2442614e-05
9.568832e-10
0.0004056604
0.19368581
6.5291054e-08
2.8412649e-06
0.99999887
3.931688e-06
0.6233731
0.01867592
1.4033775e-06
0.9995983
0.5536476
0.60584515
0.00011686161
1.8797587e-06
0.00488243
0.9999871
3.609813e-07
0.9817647
6.518835e-05
2.5720524e-06
8.70361e-08
0.9685192
0.9942415
0.047952693
0.9999186
0.00014755764
0.9562065
2.3120151e-07
3.7100083e-06
8.4179294e-07
5.087937e-06
0.0002825627
0.9991196
4.619031e-09
6.329907e-11
4.3743786e-09
0.042198986
4.3369457e-08
5.8172096e-05
9.457898e-05
3.7312625e-06
5.330105e-10
9.499423e-06
0.9817647
3.2670568e-11
7.044716e-08
5.7648514e-05
3.6178793e-05
0.00028967825
1.4104312e-05
2.8449977e-05
0.0009979692
3.320629e-07
0.0009121421
0.32936874
2.576304e-07
2.2570593e-10
1.4851935e-07
0.06883971
0.00014868387
5.6658056e-08
0.0014417212
9.0247653e-07
0.005177433
1.8391252e-06
5.8751275e-06
6.74612e-07
0.110207856
8.5779266e-07
0.0014962493
0.9999844
0.004581008
1.0465791e-05
1.6668087e-05
9.435926e-05
1.144666e-07
3.3154724e-06
0.0005528961
0.0007859576
1.6051207e-06
0.00017875011
1.3126806e-06
1.6799278e-08
2.9450457e-05
0.9999978
2.8247384e-06
0.65137124
3.667138e-08
4.9372808e-05
0.02187314
3.6562335e-05
3.0663584e-06
0.034811158
0.0014594947
8.436514e-05
0.001541176
3.617209e-06
1.5745103e-07
3.1181567e-05
3.832804e-05
3.1940178e-07
0.00066385104
0.06355276
0.879936
0.0003735778
2.96787e-06
7.539964e-07
0.9999998
1.3371111e-05
0.018299503
0.00043451594
0.6685765
5.6658056e-08
7.263515e-07
0.00025314867
1.0477969e-08
0.91748315
4.756694e-06
8.1894876e-05
9.1981235e-08
1.167425e-05
0.007975679
0.0003872649
0.090819575
0.00038211865
0.780578
8.912371e-06
0.118187584
2.5343765e-05
0.00014755764
3.6196727e-06
2.0334398e-06
0.0012117854
0.99911463
3.4818513e-05
1.2963341e-08
2.5534533e-07
0.9995983
0.99979687
2.9620621e-06
6.329907e-11
0.0017811279
6.323637e-05
0.010271573
0.85135126
0.94455177
1.1175358e-07
1.0
0.1277199
0.00049956003
7.510912e-07
1.18638624e-07
0.120051995
0.120051995
0.73071814
5.6658056e-08
6.3528455e-06
2.37478e-05
4.4410688e-05
9.733866e-05
0.041401803
4.4410688e-05
0.037754986
0.9968355
0.58793825
1.5681819e-07
0.75017214
1.2278029e-05
1.452366e-07
0.034014624
0.9928255
2.7685724e-05
7.5861686e-07
0.00034620045
0.9999773
0.8846533
6.4148437e-10
4.5344996e-07
9.100882e-06
1.3033126e-06
0.0007211091
5.985681e-05
0.001541176
0.00022839212
6.7938913e-06
0.03343788
0.008512852
3.521539e-05
0.120051995
0.0010170828
9.659377e-05
2.7663228e-07
5.688773e-08
9.4521674e-08
0.035157945
1.2609976e-07
1.3554863e-05
0.00508817
0.999953
0.0010399331
0.0027153858
0.11212241
0.6685765
0.9999611
0.99780345
3.0841368e-06
3.3439645e-07
8.081705e-07
6.635695e-05
0.04791756
6.329907e-11
6.399155e-06
7.6079136e-06
0.00038216967
1.22780175e-05
0.99999994
0.00011368879
2.5339847e-10
2.6251489e-11
2.334452e-05
0.29090223
2.2569237e-05
0.99999887
3.0381466e-06
5.285095e-06
0.83111924
0.00060344243
3.6181852e-06
0.06883971
0.0002825627
0.00048253755
3.521539e-05
0.00536324
0.00074403954
4.723198e-08
5.5418e-06
7.85473e-10
0.0011360088
7.387054e-05
0.9998718
0.031392984
