0.99990326
1.2279526e-07
8.097781e-09
1.7815909e-08
6.9765065e-06
9.3444164e-08
0.00014974785
3.0568049e-06
2.3374496e-06
6.3632837e-07
0.0008773667
0.37290362
6.116323e-06
1.5790577e-06
6.968474e-07
5.2268056e-06
0.00023421217
0.9908282
4.2029512e-08
0.9976644
0.025725888
4.3486298e-07
0.9929476
8.592855e-10
1.7728656e-08
5.669594e-10
1.6379156e-06
9.383777e-09
2.341789e-09
2.2998755e-08
0.9739265
2.8805727e-07
1.7929016e-08
9.819374e-07
0.0014321151
8.322992e-07
7.458695e-05
0.9948642
4.9157535e-08
3.0859314e-06
4.5451626e-10
5.108646e-07
0.99436885
2.5113968e-08
1.9062303e-05
1.1746032e-08
7.287534e-09
4.9091383e-08
0.99859035
5.7282858e-08
4.426225e-06
0.0007498965
3.8710914e-07
2.449335e-08
0.42974254
5.5674386e-06
1.8918063e-06
3.5532756e-07
6.256654e-05
3.440482e-10
2.0180725e-05
1.13137986e-07
1.2310856e-07
0.0029685956
6.0284688e-06
8.329469e-06
3.4283468e-12
6.651179e-08
3.013975e-08
4.9091383e-08
4.3389406e-07
0.9997467
6.3676725e-07
2.049534e-09
0.016693648
3.5608312e-09
4.842903e-06
0.0029733018
3.9072168e-07
0.7841307
5.6730154e-09
0.9986422
2.0619664e-06
3.8678287e-08
1.9796296e-06
0.00014079915
1.4691073e-05
0.00015299473
1.4903392e-08
4.9750275e-07
8.50252e-06
0.937109
0.0002802684
2.3731225e-06
9.821041e-07
7.4221984e-10
0.0013313676
0.07809474
6.651505e-13
3.4513896e-08
9.474383e-09
0.0040477663
2.0142998e-07
0.9989977
0.0007812529
5.7063886e-08
0.00020584425
0.9998289
7.0393864e-11
7.1351125e-09
2.3901384e-07
0.00015331281
3.5741635e-07
3.8133808e-07
1.8360062e-07
2.529594e-06
6.9044774e-09
5.6612157e-06
0.39468956
0.005395317
7.422134e-05
3.845856e-07
0.0008158833
0.000100986064
1.192054e-06
4.5065044e-06
0.0021996181
4.430641e-07
3.3493274e-05
3.7341703e-08
2.2253313e-05
8.650022e-08
2.4468004e-11
5.964e-08
5.184866e-08
3.082289e-09
0.6461518
4.759382e-11
2.9391822e-10
1.3600235e-09
0.070851855
4.3017593e-08
2.9210102e-12
3.89789e-07
6.6892962e-06
8.295857e-09
1.7288054e-10
1.5912323e-05
0.0007901841
7.804357e-07
0.00022307876
1.43061014e-11
0.0008408974
0.0015305309
7.5039395e-08
0.99007857
0.001067199
8.078738e-06
7.939872e-12
0.0007152202
2.9449467e-09
0.43453196
4.0234205e-10
1.6197801e-07
0.9999995
9.7742e-09
8.322992e-07
2.5314102e-05
0.0075937677
1.5840516e-11
0.9995551
9.123271e-12
3.152648e-08
2.1577963e-10
1.3531875e-06
4.767557e-08
0.050441563
2.874451e-05
8.044423e-05
1.0992237e-08
1.3806459e-08
0.99989957
0.9858268
0.9997042
2.8353016e-08
0.016768996
3.858795e-08
1.1170026e-08
1.6642403e-05
1.9368317e-06
0.22015685
1.3589512e-11
3.1199505e-08
3.2075757e-06
3.4283468e-12
2.2253313e-05
6.5361925e-09
8.293001e-11
0.99591064
3.1062801e-09
1.8132041e-06
4.1780783e-07
3.386816e-08
0.99904907
1.1245045e-05
4.8329646e-08
2.1910433e-08
3.1446845e-08
9.569604e-09
2.342449e-05
2.1861064e-05
0.00018253275
0.003066083
4.705861e-08
0.00025738333
4.6278693e-08
5.670768e-08
1.3400307e-05
5.8602234e-09
0.00047776368
2.899488e-13
0.005950959
8.403036e-08
0.00017660043
1.3499033e-06
4.8315293e-11
1.16015765e-11
0.0066501535
1.43061014e-11
1.655698e-08
1.404873e-07
0.00042557268
0.0013840239
4.1567995e-07
1.489909e-07
0.07467068
6.9336447e-06
1.2598886e-06
4.710883e-11
1.2855136e-10
1.9926436e-05
2.714018e-07
5.222622e-08
4.426225e-06
1.8905894e-11
0.99826676
0.9990029
5.785725e-07
1.2537048e-05
1.3021854e-11
6.957802e-05
6.801236e-12
2.197739e-05
6.651179e-08
1.7536547e-09
0.0014781584
2.1970197e-07
5.082775e-05
0.99969393
4.1843217e-12
1.3547939e-06
2.9391822e-10
1.6303614e-08
5.8799536e-12
3.2607916e-06
5.4491283e-11
6.92012e-11
1.0992237e-08
0.00038877115
1.0669853e-06
3.1366362e-10
0.16115192
2.1973083e-08
2.7344807e-11
1.8481117e-07
4.212758e-12
0.041620214
1.066825e-05
3.295483e-11
6.4446475e-09
0.00081766635
6.879501e-09
2.6947397e-05
0.8192205
6.5361925e-09
4.2789966e-06
7.186027e-13
0.0011631997
0.022465304
1.4691073e-05
0.00016869168
1.658521e-11
2.0762075e-08
0.0003460147
0.2671138
9.58712e-10
3.8710914e-07
1.0178944e-08
2.4748013e-08
7.78092e-10
