1.0
0.85159004
1.16551e-10
0.98493683
1.7619796e-09
4.1377152e-10
7.804187e-08
5.824328e-06
0.015240074
0.57077706
3.7357784e-09
8.955245e-08
9.86586e-10
1.9067261e-07
1.2703086e-07
7.255067e-09
1.4986854e-05
9.900545e-10
8.815017e-07
1.5660806e-11
0.012188138
5.7787133e-11
4.376536e-06
9.282842e-09
5.6136216e-09
5.6722175e-08
3.9405666e-05
0.94714636
0.9488214
7.976703e-07
0.9488214
0.0023431368
5.1357966e-07
0.8987602
4.166613e-06
0.00018137624
3.39889e-09
1.1702262e-05
1.13239885e-07
4.162531e-10
1.11760826e-07
0.3047489
0.0013251398
0.8137302
1.8228655e-05
3.79155e-08
1.1828254e-11
0.99991053
2.5051712e-09
4.371044e-05
7.5814033e-10
2.9192012e-07
4.4434008e-09
4.382283e-06
0.9844548
3.195766e-08
2.5094575e-08
1.0402958e-07
8.926119e-05
6.810842e-07
3.4098917e-08
0.94819653
0.49286643
1.1809288e-06
0.3047489
6.553413e-11
0.007987065
9.0576424e-07
4.6878188e-07
4.2711413e-08
0.0032768007
2.2751863e-06
0.0021595664
1.5560539e-07
1.1467162e-06
1.2275455e-06
2.6623826e-07
0.99968326
5.389814e-07
4.6878188e-07
0.29276875
1.2713175e-10
0.35119668
4.2984752e-07
1.0520547e-11
0.021536153
8.081943e-06
1.3281519e-08
1.5059667e-08
3.126808e-07
2.8402365e-09
2.380807e-06
6.758523e-08
0.0041306815
0.0014484884
5.22011e-09
2.0626885e-08
3.754428e-06
4.964202e-06
2.0727928e-08
8.390307e-06
0.0009810621
1.2623188e-05
8.130879e-06
1.4805677e-07
0.9998446
3.557878e-09
0.05547334
1.4889299e-05
1.907359e-07
1.0209412e-06
1.1186981e-07
0.0010943031
8.1306574e-08
4.4938773e-07
9.423337e-05
8.8017197e-07
5.3693437e-08
6.222062e-09
1.630087e-09
0.15756387
0.99984455
7.797686e-08
0.35696563
0.5160829
6.72628e-09
3.2936878e-05
7.274375e-05
1.5196542e-07
1.8203396e-05
3.754428e-06
6.811375e-06
0.23444374
2.1825429e-08
1.3388667e-07
3.534824e-10
6.0510805e-09
1.7940397e-07
2.6350605e-08
7.3483334e-06
1.04509674e-07
0.0001800893
4.6610626e-07
1.0005868e-09
7.688509e-05
9.425604e-10
1.1238111e-08
0.00028166268
0.00013861537
0.015185026
2.559561e-09
0.00014761167
6.4543904e-09
0.25401187
7.088912e-07
1.0402958e-07
0.41696382
5.824328e-06
3.33521e-09
0.97693056
0.0006923266
4.4345905e-11
8.130879e-06
1.8371064e-09
6.5169144e-05
7.162089e-05
4.5980396e-06
1.1109523e-05
0.00036780705
2.0503212e-05
5.911959e-08
1.8203396e-05
3.3565745e-10
7.5566303e-10
5.7061795e-09
0.01087652
0.47279662
5.2337306e-08
1.3282316e-10
0.07073491
0.051293045
9.116957e-08
0.03077885
9.268158e-09
0.015480615
3.7556313e-06
5.8123813e-08
3.051609e-08
5.8470456e-10
1.3429998e-07
4.6407923e-08
3.055511e-06
7.476407e-09
1.2294254e-07
8.322506e-11
0.0005501277
0.0013637149
1.5834641e-09
0.00030041896
1.0696886e-05
0.28809384
9.1235813e-07
2.942647e-11
4.4273463e-07
5.716878e-05
0.002717344
0.00021678286
7.162089e-05
2.823855e-07
2.823855e-07
1.9858107e-06
0.6966116
4.2740617e-06
0.05595603
5.242971e-06
4.7046132e-08
5.7566817e-06
2.1426404e-08
0.0011956346
9.423337e-05
0.0031806675
8.130879e-06
0.997235
4.593511e-07
6.8625714e-06
4.0058513e-08
7.777047e-10
0.00026583765
5.523818e-06
2.1121194e-08
5.0235766e-10
5.3177115e-05
0.0015838501
7.202476e-07
4.4109076e-09
1.4714098e-07
1.5820602e-07
1.2535246e-06
0.00021579854
6.56288e-06
0.994129
5.146145e-06
5.716878e-05
2.3293405e-06
3.516523e-08
2.4886313e-09
0.06837142
2.5768882e-08
0.99999833
1.11232525e-08
0.0023431368
3.9215956e-06
3.1241822e-07
1.1186981e-07
3.1660359e-09
1.2703086e-07
0.9999165
2.5947727e-05
6.1660063e-07
0.0048640673
7.285456e-06
3.963331e-11
4.3726084e-07
0.0016746329
0.042998716
7.300496e-07
1.0451251e-06
4.8048854e-08
0.0029803612
0.99999994
5.772855e-07
3.306544e-08
5.2337306e-08
1.3388667e-07
7.172625e-08
2.5560837e-08
0.0012644003
0.009118638
0.99985766
1.0598188e-07
0.005032046
4.9217745e-09
1.2703086e-07
3.8792004e-11
5.8946863e-08
9.890615e-06
9.813936e-06
2.7759035e-05
0.99999994
4.9995974e-06
6.818544e-10
6.1654397e-09
2.8163605e-09
9.251027e-07
4.8059354e-07
4.137533e-06
1.7721809e-10
0.9998446
4.8592965e-09
0.06837142
