0.99997586
1.0
1.0
0.5288313
1.0
1.0
0.99999964
0.9999961
0.00036923587
1.0
1.0
0.981018
1.0
1.0
1.0
0.7741373
0.9997985
1.0
0.009209274
1.0728148e-05
1.5010734e-07
0.040158216
0.0021263347
0.00080143614
1.2095457e-07
0.004436351
0.83466953
1.9414307e-08
7.879728e-06
1.4290856e-07
7.145389e-05
2.4111696e-06
0.004244269
4.228253e-09
9.0901125e-08
2.4593952e-08
0.00037082893
0.0014086632
0.9747821
1.55652e-06
5.7550693e-05
0.82984185
5.013654e-06
2.8955144e-05
1.2370528e-05
0.012779703
2.8284207e-06
0.50811833
5.949719e-07
1.03401535e-05
1.0613633e-09
6.1238745e-05
8.9741025e-06
0.0032176832
5.1081057e-05
1.9656318e-07
0.9999998
8.037353e-05
4.9903525e-07
3.2051852e-05
0.8766606
0.2136793
0.006413841
6.797621e-05
0.9997799
8.629187e-05
1.8003741e-06
0.0007506422
5.453901e-06
8.0653834e-08
2.271217e-05
0.054109924
0.9942077
0.016346008
2.6916239e-06
8.194659e-07
0.00015271358
0.00046662695
0.99999994
1.4785326e-08
0.7849383
0.015567644
0.08399548
0.0008132953
0.23581724
0.036251396
8.3675366e-07
0.99261147
0.0009978466
4.3990485e-06
1.5595599e-05
0.99971145
1.9607485e-06
0.003066188
8.6375025e-05
0.99998784
5.5128767e-06
4.7221267e-05
1.8625056e-09
0.47004664
1.0639603e-06
1.7476574e-07
2.0801413e-06
0.75481063
2.0280432e-07
0.9999991
1.411724e-06
0.99514717
0.9998483
0.0009287972
3.524152e-06
3.3518584e-06
9.111187e-05
0.059867438
0.85694075
2.271217e-05
0.013597971
5.355028e-06
2.3016051e-07
1.5260854e-09
0.032335367
0.058800355
2.7791687e-06
0.0007506422
0.0039340374
7.46915e-06
6.208157e-06
0.0014820357
0.058800355
0.0096861115
2.0617757e-05
2.2811544e-06
0.0015085061
6.991864e-09
6.2807277e-07
1.3723292e-07
3.9616899e-07
0.6640655
7.786835e-06
0.0002624249
2.0617757e-05
3.1902352e-06
0.9999984
6.673671e-07
0.08002113
1.9226025e-06
0.9992565
0.9891007
0.0056113875
0.0015286913
7.2278875e-05
1.1044751e-09
0.00010705118
1.8189636e-05
0.00039600136
0.0037643441
7.7256107e-07
2.0971427e-07
0.00021240317
0.2182164
3.1854713e-06
7.24116e-05
2.078637e-07
0.11024153
0.99999607
0.0010741814
0.006624009
0.0017482842
0.0036661986
0.9999996
0.38479227
0.99999833
0.010537341
3.1391467e-06
1.3812233e-07
0.00014554372
3.7404898e-06
1.1914394e-05
0.009430079
2.4111696e-06
3.1652176e-05
0.050552834
7.9844887e-07
0.9996474
1.5228958e-05
4.7128137e-07
0.9925436
0.0010887152
0.99161804
2.3867633e-06
0.008797519
5.2417727e-07
1.2058501e-06
0.024227882
3.715943e-06
0.972985
0.14124802
1.85933e-06
6.692001e-08
3.9948485e-08
1.1861506e-05
0.0066732126
1.2370528e-05
1.1843571e-07
0.10571689
8.037353e-05
5.424812e-05
1.1479753e-05
0.0029996578
1.9474853e-06
0.198435
0.0001855848
0.05785656
6.082331e-05
1.8848874e-06
0.0002512383
1.0276608e-05
1.5611241e-06
0.019112095
2.6653988e-05
0.00015211917
0.0024620173
0.000521304
0.00015193869
5.965417e-10
0.9966725
2.6439311e-08
2.8494571e-06
0.0018096475
2.4061897e-06
0.0002624249
6.5887633e-09
1.5126999e-05
0.44893053
2.919604e-05
1.0573778e-05
0.0056113875
3.2802708e-10
0.34498984
2.1151267e-08
0.058757752
0.0005912638
7.622379e-10
0.0001102585
0.054773528
3.0477224e-05
0.9303819
4.7953745e-05
5.284606e-06
4.169096e-09
0.17321125
3.1771893e-10
0.08725793
7.340072e-07
6.5809786e-07
3.2045823e-06
5.5041983e-06
2.1231124e-09
4.9951464e-06
0.00014146423
0.79885495
1.7386185e-08
0.11333983
0.054109924
2.8494571e-06
7.851296e-11
1.5826769e-05
0.99942267
2.8284207e-06
9.168614e-06
0.9999999
2.9429941e-06
1.9414307e-08
0.0009064193
1.0156651e-06
3.5580703e-07
0.00315213
9.212363e-08
2.0535249e-07
0.45431805
0.99998873
1.715413e-07
1.2714103e-09
1.1144775e-06
0.00034315896
3.553225e-05
4.477187e-06
3.143026e-10
2.0971427e-07
1.0613633e-09
0.14685996
0.99995404
1.9722127e-06
7.0897244e-08
0.07108604
0.04114396
0.08202807
0.03681476
0.25057873
2.9347006e-05
