0.63366544
0.00088120176
8.3544066e-05
4.886669e-09
7.092898e-05
1.0
1.9131937e-06
8.8386656e-08
0.0013817797
6.302867e-05
0.00037493356
0.016833516
4.1167404e-08
0.0004559207
0.7691013
0.034197435
0.01552189
0.93976474
1.1340221e-07
8.6937755e-05
2.820324e-06
4.0900236e-06
0.0034116064
0.18560912
0.00045316282
0.99992174
9.612478e-05
0.08571176
8.0931216e-08
0.99821967
0.0041474607
9.398143e-07
1.1565288e-05
0.94658375
6.4057226e-10
0.0070864432
4.6298615e-06
0.9969576
1.3273867e-05
0.1048003
0.33682868
0.9831638
0.9999856
0.0005228756
7.126701e-06
6.584849e-11
0.9999977
0.00010125828
0.98315424
2.6119332e-07
7.895013e-05
0.023673728
1.7141716e-06
6.2491694e-07
0.0014964752
0.04299749
2.6675552e-05
0.00012141505
7.641182e-11
5.5380156e-10
0.00253167
0.00041671054
0.9985126
0.9999816
9.746852e-07
0.99997663
0.41883725
0.18560912
4.4912395e-06
0.9976625
1.5515619e-08
2.7308739e-11
9.665252e-06
0.0056042243
0.0027514608
3.6365029e-09
1.4100748e-05
0.00026334127
1.0887275e-05
2.0016414e-06
0.9998371
1.1343634e-06
3.680417e-07
0.034197435
5.9684667e-06
0.06031102
0.93609136
3.995409e-07
0.00033460732
5.944892e-07
1.1469347e-05
0.72081894
6.656866e-06
2.838168e-09
0.0002544704
0.9995191
3.9149094e-05
0.0007679852
2.461328e-05
4.284178e-05
0.4432217
2.4284627e-05
8.834697e-05
0.9863715
1.2427424e-07
4.172809e-05
2.2860915e-05
0.9854324
0.00021072084
2.2243002e-07
3.3226468e-07
1.42658855e-05
1.134021e-07
1.9554618e-06
0.9996465
0.0010381186
1.6160892e-07
0.00035431658
0.001209573
2.0323137e-08
0.9863715
1.933508e-06
6.0867293e-05
7.753519e-08
0.0033015497
0.001766332
3.5462182e-09
6.7920446e-08
6.307704e-07
1.320257e-07
1.1298891e-06
0.00012712397
0.031571276
4.468735e-07
8.752337e-06
2.0323137e-08
0.00021072084
0.0005912393
0.016833516
5.944892e-07
0.00095727935
0.9973922
4.044064e-05
1.9131937e-06
0.95997256
0.00063253404
0.0014638285
7.773599e-08
0.8314466
1.08688205e-07
0.0009902446
1.6969962e-05
3.4728886e-09
9.838757e-05
0.006882131
0.16938666
1.8546228e-06
0.99993986
1.6540839e-06
0.074227475
1.1907662e-07
1.4937057e-05
0.0031590522
0.00059454085
0.7132172
0.2437973
6.671403e-09
0.03473776
2.5634765e-06
9.342068e-06
6.740969e-05
0.00095727935
0.98610663
1.0772044e-08
0.8519327
3.6051057e-05
0.8840451
0.0150630465
9.127549e-09
0.013909826
9.029563e-08
0.00019281235
4.805048e-09
0.025957556
0.00015235215
0.0009689028
0.005014622
1.9820607e-08
7.995942e-05
4.2049264e-06
0.00083702296
6.064058e-08
1.574183e-06
0.0005240951
1.9512037e-05
6.9031607e-09
1.1625444e-07
3.4786322e-07
2.0017674e-06
0.11050579
0.04214299
7.994775e-05
0.9999099
0.0004028547
5.8435927e-09
0.9961614
3.597965e-05
0.02221807
0.96795577
4.6236223e-06
7.988853e-06
0.99880105
2.5429272e-05
0.17928654
6.050564e-07
0.99882257
0.8848932
1.730861e-10
8.997652e-06
4.172809e-05
5.429945e-06
0.13762866
0.026570491
6.637645e-06
0.9976625
0.30741698
4.1167326e-08
1.55941e-06
4.685488e-05
7.092898e-05
6.856605e-08
1.1594785e-05
0.00045583202
6.656866e-06
1.0006676e-06
0.41883725
0.00078389805
9.442511e-06
0.4127562
1.1793802e-06
2.9074065e-06
3.6941055e-05
8.0931216e-08
5.8898316e-08
0.9302755
2.4577733e-07
0.9944632
6.5307827e-06
0.2437973
0.001142762
0.09142206
3.209651e-05
0.06799088
9.881979e-06
3.9585134e-06
2.1540047e-06
0.99968916
6.5782915e-05
4.3509503e-06
0.078973256
0.6251843
0.00972414
5.352743e-07
3.9750756e-07
0.99950826
1.0280182e-09
0.00077398063
0.00598559
0.99995476
2.9074065e-06
3.5942728e-06
0.00030403998
9.013076e-07
7.556045e-07
0.024590414
8.834697e-05
3.4671168e-05
1.3318196e-06
0.99994516
0.23386475
0.3712961
0.26263532
8.997652e-06
3.9149094e-05
0.035939433
6.9905596e-08
2.6704104e-06
9.665252e-06
0.024590414
0.000122069556
0.00027799598
0.00053715036
0.00011726257
0.9998292
0.03132035
0.7693914
3.2737862e-08
1.6516707e-07
1.5808477e-06
0.00041671054
