1.0
4.7288822e-06
0.9944753
8.056533e-06
1.0311006e-05
0.0013266033
7.281729e-08
0.9999932
0.003814032
1.7432959e-06
3.8349684e-05
0.23701853
0.9999912
0.999086
0.009874203
0.00012960203
1.8690866e-05
6.8825483e-07
7.6678816e-08
0.00014232597
6.6048165e-06
7.847142e-09
0.9633031
0.9995019
0.00026641157
0.0003867414
1.4217969e-05
0.0004710172
7.478445e-06
6.697861e-07
7.943193e-05
3.4119068e-06
0.00024234604
1.3008961e-06
0.0015825485
0.07555449
0.009862454
0.047535796
0.128193
0.0008920208
2.4669603e-06
0.0008950287
0.9998671
0.0011046018
0.12527236
0.00068966084
0.23425575
0.9999083
0.99893993
0.4212588
0.0015082734
5.7119738e-05
0.00015011069
4.3153377e-06
3.3407046e-05
0.99999285
7.41689e-07
0.96901786
0.001961023
2.2166332e-06
2.4291066e-05
0.8187817
1.0501944e-05
0.094099
0.0006221985
0.0016297371
3.006752e-05
5.443281e-05
6.18024e-06
0.4163646
0.00041938195
0.0032847605
1.0
5.519742e-06
0.0914776
0.008022502
6.1259125e-05
9.952861e-05
0.993217
3.1955167e-07
0.028720235
0.07266881
0.00031742192
0.0009748432
0.006488829
1.6198454e-05
0.003789621
2.9611543e-05
0.014885596
6.1259125e-05
0.10271507
0.020848535
8.9328634e-05
0.3293517
6.822544e-06
0.9970559
0.0032294025
0.02715534
0.0006221985
0.9518602
0.2874983
0.003670988
0.00019313232
2.4863277e-06
0.00017658915
0.8350678
0.47294477
9.342524e-09
7.2975396e-05
4.591927e-05
1.26553705e-05
0.00040305388
0.49110305
0.14606227
0.011277605
5.424684e-07
3.0719661e-06
0.99944526
2.5597683e-06
3.8033115e-05
0.9999996
0.028720235
0.54458237
2.351893e-08
0.0045441072
7.8339515e-05
7.4451005e-09
0.06814133
0.96901786
2.8084257e-06
0.9994658
0.0005372543
2.8033683e-06
2.3881976e-05
0.0013148923
3.399558e-06
2.8488694e-05
1.6389298e-05
1.2103471e-05
4.4047997e-06
7.0694934e-09
1.1670248e-06
2.1599321e-07
7.847142e-09
6.964028e-05
0.9766684
0.99986875
3.5830566e-05
0.9929033
0.00019125707
0.00033060502
0.34443164
0.0001930412
0.96793634
0.0017091051
0.0011713298
7.364603e-06
0.9997596
0.0031600327
0.009289536
0.018484132
1.1364919e-05
0.003814032
1.673602e-05
0.99957603
0.003814032
0.30262056
0.009644842
0.00044682043
0.0054554804
0.0017091051
0.9518602
0.0017974115
1.4988054e-05
1.9882104e-07
0.9866327
0.052192796
1.4238498e-06
0.049370565
0.00030987256
2.6181033e-06
2.6520484e-06
4.6818236e-06
0.9999798
0.99587804
4.591927e-05
9.7337115e-06
1.9882104e-07
3.2038926e-05
2.5210673e-08
1.7001493e-07
6.083149e-05
0.039293893
0.9999813
0.00044050632
1.1923332e-07
0.003789621
1.9701052e-05
1.0822297e-07
0.00013580537
0.0005290081
0.002050088
1.1492559e-05
2.3476814e-06
1.4217969e-05
6.406715e-06
2.2827759e-05
0.21273832
1.0
2.4012015e-06
1.10984365e-05
0.022678489
0.00043817607
0.99968266
3.0246458e-05
3.467292e-05
6.187836e-06
2.5210673e-08
1.3732786e-06
0.6912733
0.40117413
0.037279703
0.99999285
3.4925695e-05
0.9766684
0.00014123172
0.9317133
3.7195132e-06
1.2895224e-06
8.140619e-08
3.6820322e-06
5.594702e-09
1.0501944e-05
0.1875471
2.7372842e-05
0.7140878
4.594502e-06
1.4058587e-05
0.00015169288
5.431887e-06
3.0719661e-06
0.27029282
0.02264072
0.97575647
0.98706275
7.8339515e-05
0.0024598553
7.8339515e-05
7.6903706e-07
0.7677253
1.401071e-05
0.00048063614
0.0002121441
0.22536644
0.0051346202
0.0024924348
2.7681647e-06
1.5939252e-08
0.9413856
0.06936864
5.250186e-06
0.0007988316
0.9999857
0.0014568445
1.1496615e-05
2.7021817e-06
1.0
0.00615723
0.033230584
3.0246458e-05
8.475336e-06
0.025899773
0.0003306047
0.99844545
1.5939252e-08
0.9999991
2.0738166e-06
4.11287e-06
0.5758947
0.99999994
0.00068966084
0.00022937787
1.5656879e-06
0.03538206
0.00016837814
0.00034423533
2.2656202e-06
1.0057655e-07
0.014269399
0.0036126166
0.00014043806
0.9999869
0.0003867414
0.00026759098
3.6375325e-06
1.0
6.8695254e-06
0.00668255
1.5518362e-05
1.7549424e-05
