1.0
1.0
1.0
1.0
1.0
1.0
1.0
1.0
1.0
1.0
1.0
1.0
4.371622e-06
1.8360694e-09
0.00047101898
1.4327689e-09
8.649888e-07
3.2905165e-05
1.1314252e-07
4.933026e-05
0.005075176
0.999591
0.1000488
5.6847708e-05
0.00024796778
2.4415129e-05
9.640853e-07
9.749817e-11
0.30210593
4.840022e-07
3.0248968e-06
0.6122328
1.0458665e-07
1.8453572e-07
6.844637e-08
5.6460503e-09
1.0494408e-06
4.371622e-06
5.7967707e-08
1.0262517e-06
8.649888e-07
9.721788e-07
0.00022458825
6.886987e-06
0.8013486
0.0019488521
4.794518e-07
1.679199e-10
3.1170148e-05
2.0463144e-06
1.8403027e-05
0.0008802157
0.00015816257
0.8691095
4.759535e-06
0.096450195
0.23402977
1.4064923e-07
0.0001169722
6.6373144e-07
0.00094393664
0.141045
0.021302143
0.00043504604
0.0006319393
5.418694e-09
0.99592686
9.0253614e-08
4.261031e-05
0.0002121534
0.00025643443
0.00017770413
3.143365e-08
9.246126e-08
0.9837475
0.0027452921
4.1689304e-06
0.023587365
9.143109e-09
5.351041e-05
2.6713957e-07
0.04807404
2.0896984e-09
0.0061622104
5.713762e-08
2.1084676e-05
6.8165165e-05
0.0028766708
7.4893775e-05
2.689246e-09
6.322845e-08
0.41350377
0.000116392745
3.406849e-05
0.00018997936
0.99981475
1.4183453e-08
3.9319094e-08
4.9054037e-08
6.939315e-10
0.008558873
0.99998325
0.0023373286
0.00032027782
1.3721017e-06
1.9468227e-05
2.5921113e-07
1.8632724e-06
0.6161434
0.0003948665
4.354761e-06
5.368671e-06
0.9997009
0.99923867
4.4915352e-05
1.0033059e-06
3.739617e-05
1.8928902e-05
1.654017e-10
7.45504e-05
3.6341873e-05
3.1253407e-08
6.606056e-08
6.312027e-05
2.1947037e-07
0.016517546
2.6469038e-06
7.731206e-08
0.00017957111
2.233716e-06
0.0036067085
9.086296e-07
3.4405355e-07
8.461e-06
7.149356e-05
0.9999981
4.9759865e-07
0.00062917307
3.960288e-06
7.368221e-06
2.0887743e-05
0.98995787
0.011203447
0.007874993
4.055774e-05
1.5478574e-06
8.5790554e-05
0.99998474
2.3140313e-07
4.9528342e-08
1.8632724e-06
4.542671e-05
0.026086476
1.5387982e-07
2.020865e-05
5.6352757e-05
0.014640978
0.00021960426
0.016231379
4.081441e-07
0.36706337
1.3310679e-05
5.712112e-06
1.6867352e-07
0.26988456
5.412933e-07
3.7400406e-07
1.5523197e-08
1.1336362e-09
0.00033477068
0.16401312
8.461e-06
6.78176e-07
0.0036277303
1.6423518e-09
0.9999992
0.00026964003
1.4327689e-09
0.022933992
1.7913601e-08
3.1371636e-07
0.976852
1.4064923e-07
3.2068306e-07
0.075199515
1.9856712e-07
0.014432
0.000843858
3.796652e-07
2.5721727e-09
1.5845314e-08
1.6656365e-09
3.149889e-08
5.78273e-10
1.173339e-06
0.0018399714
1.6460364e-06
2.0226503e-07
0.00053078035
6.556741e-07
8.941574e-08
7.915308e-06
2.9972418e-07
1.9508592e-08
7.2032162e-06
3.2939467e-09
1.9573898e-07
3.739617e-05
1.5708029e-06
8.539763e-06
1.9115801e-07
0.033437572
0.0040058563
8.827404e-05
9.096067e-06
0.003786222
1.5493919e-07
4.055774e-05
4.6953285e-11
3.6535315e-07
0.00026681778
0.002994366
0.0029744357
0.00014728606
2.6434572e-08
3.6242045e-06
4.7945133e-07
3.7700402e-11
6.204837e-05
0.014885078
0.8247468
0.067983024
6.578304e-05
0.0017691575
0.7814005
0.002994366
8.5790554e-05
8.2724085e-09
4.9759865e-07
0.00010843921
2.9120267e-08
0.07928941
0.27990553
4.2378705e-08
2.345508e-09
0.09299058
0.0006968915
0.00017378789
0.99980253
7.459571e-09
0.0022658221
0.029716643
0.99987805
0.99999595
2.0482423e-11
6.8165165e-05
0.0008266096
0.006280414
1.02304935e-10
0.038547926
3.9910246e-05
0.0028611883
0.00014328978
1.9333823e-08
7.3228557e-09
5.083932e-07
6.915123e-10
1.1526359e-08
1.827858e-07
4.1204015e-07
7.226426e-07
2.9313163e-10
0.00089585804
9.094243e-05
2.0136586e-05
0.99592686
0.03314203
1.9304712e-08
2.9728054e-07
0.8372551
7.389078e-06
1.1616191e-05
1.4349294e-09
2.0380897e-08
3.4353576e-08
4.3144983e-06
0.00018278041
0.075199515
1.8031276e-05
0.00047101898
0.0057183076
3.0092815e-06
1.7676258e-06
0.0001169722
6.7744724e-05
4.5700013e-05
7.43246e-05
0.9799798
1.220211e-06
5.491885e-08
