0.9977794
0.00023144709
0.9997759
0.9955893
0.9013205
0.0007033622
3.2436834e-05
6.690534e-06
6.8014633e-06
2.6486224e-10
2.4385996e-05
0.34087417
1.2302598e-06
0.00015310083
0.0002636764
0.000107223525
2.1256901e-06
1.5017552e-06
3.8799075e-09
4.2801066e-06
0.99855953
4.14929e-07
0.26965526
1.0012297e-06
0.6478541
7.02735e-08
7.724411e-08
9.933657e-08
2.5464751e-05
0.044601824
3.296659e-06
7.657081e-08
1.7937291e-05
1.746316e-05
0.07137374
3.5882046e-09
2.6768535e-06
0.99991214
3.5882046e-09
9.2590625e-08
2.0331712e-11
0.9497123
0.9558542
0.9745571
0.0005085594
0.0004108881
1.775125e-09
1.9525274e-07
6.7193175e-09
9.111478e-06
0.00017245214
3.4663767e-09
0.48353946
0.9984218
1.1950339e-06
1.8340514e-05
0.00027810785
4.028588e-06
9.727968e-08
9.816968e-07
8.631137e-06
2.6430135e-08
0.9006847
0.99963075
0.0037392108
0.0032609475
2.6120078e-05
6.0629457e-09
0.00040367604
1.9620296e-05
0.052353147
4.5154356e-06
5.3093583e-09
1.977767e-06
3.157265e-05
0.9372254
2.6118683e-05
5.504732e-08
9.296764e-10
4.075999e-07
0.9745571
7.621498e-05
0.0006709673
0.017361155
2.7675736e-07
2.487072e-07
3.490395e-08
0.61332583
0.9999997
2.1276888e-05
2.0331712e-11
0.05013174
1.5818203e-07
5.0685367e-06
0.0004108881
0.006410497
0.011742526
0.9997741
2.7677405e-09
4.638686e-08
2.293348e-06
5.5868884e-05
0.99983
0.85802895
5.884262e-06
2.418989e-06
5.868671e-08
0.8250274
0.9999993
7.108721e-07
1.3666699e-05
0.9371162
6.358874e-07
0.9945152
0.00015310083
0.00032669358
0.0044775996
0.016932301
0.40896413
0.00012454407
0.9006985
0.00022352589
2.607406e-05
0.0044979337
2.3596679e-06
0.25240245
2.293348e-06
3.9745028e-06
0.00015231148
3.5628233e-08
4.934165e-08
9.357847e-08
8.681598e-05
0.033147037
2.6176488e-06
4.75245e-06
9.357847e-08
1.0266325e-06
1.4502306e-06
0.99999285
0.018459832
3.158679e-08
0.9946233
9.573726e-06
0.00019970458
1.5946562e-05
3.408363e-05
0.9395004
2.7510632e-08
0.017361155
0.0026268787
4.5275945e-05
3.9000756e-08
0.17898326
6.293721e-07
1.5392372e-06
1.0470442e-05
0.99193996
0.4488828
0.9968265
0.008886432
1.9258197e-05
3.3828364e-05
0.8761588
0.03621416
0.0008119139
1.0953811e-08
8.840925e-08
0.0005764093
0.00059974106
5.0352164e-06
9.290551e-08
0.99932075
0.944979
0.002153828
1.2993611e-06
0.0017777178
0.9614395
0.0007033622
6.3666346e-05
0.9857248
4.495096e-06
0.020888414
0.003750251
3.28388e-08
0.0005404155
1.2283231e-06
5.144694e-07
0.9999456
0.00023991482
0.0003994796
1.4753535e-10
2.9947389e-05
1.1597742e-06
0.60489047
0.8955647
1.8660733e-06
1.7562687e-07
0.9371162
3.8439168e-05
2.0850015e-08
0.00049912976
0.008529805
1.956664e-09
0.2509291
0.00095414155
3.0624893e-08
3.4663767e-09
0.034697443
7.5532205e-07
0.044663675
7.462116e-06
0.020655535
3.5437122e-07
0.00033111224
0.00015727557
0.00070719095
0.9216879
0.99999255
3.4838112e-07
0.6131958
1.2848459e-05
0.00012298413
3.157265e-05
1.7504395e-05
0.01550977
5.946867e-05
7.864525e-07
0.02433717
0.0001298035
1.4502306e-06
8.540447e-06
0.000120310266
3.9000756e-08
1.9557865e-05
0.0549328
4.638686e-08
0.10197416
1.0
0.0076889284
0.0001298035
0.0044775996
2.7675736e-07
2.3807936e-05
0.00017245214
9.882329e-08
0.9674325
0.00010027969
2.461159e-05
6.0832535e-05
3.5852063e-10
1.6196307e-05
7.657081e-08
1.0
0.03621416
7.9007515e-07
1.9011179e-05
0.9996003
6.0569273e-05
5.1167056e-08
2.4025928e-08
0.00015310083
0.75751376
4.124263e-05
0.99999946
9.791641e-06
0.9999535
0.944979
5.2034598e-06
0.00071985804
0.988925
3.7519726e-06
2.1741602e-10
0.06442765
2.0630583e-08
0.2795786
0.00027155847
1.441461e-06
0.26439434
5.5477963e-06
0.005112565
4.8514016e-11
0.99055165
2.2780414e-06
0.9999992
1.6099361e-07
0.00018160985
0.00024316354
0.028356927
4.4327007e-06
2.550912e-07
0.011825044
0.03638934
0.0023150954
2.0857976e-07
2.5440124e-07
1.7937291e-05
0.16522929
0.064113624
0.10562976
