1.0
0.99783415
0.99815756
0.9999912
0.99638665
0.99997026
0.9997717
0.9960145
0.9991681
0.9985911
0.9999978
0.9993519
0.9998401
1.0
0.99966747
0.8666545
0.9999972
0.9999919
0.99999905
0.99998856
1.0
1.0
0.99966717
0.9996436
0.8847176
0.99999994
1.0
0.6978365
0.999822
0.9999997
4.951923e-10
0.805666
1.0449129e-06
0.99841905
0.530756
0.5009874
8.47754e-08
1.2186759e-05
0.000121997284
4.5088808e-07
9.938787e-05
2.1091322e-08
3.7721318e-08
0.6603844
1.1276566e-06
5.2889238e-08
0.3292899
0.9999397
3.7485742e-10
5.0068008e-09
0.9931239
1.7680102e-06
0.9999595
3.0406045e-06
6.798383e-08
3.877701e-06
5.160082e-06
2.8011666e-05
0.00017351072
2.1091322e-08
2.7500748e-06
0.92116994
0.9998777
2.9695914e-06
9.2998853e-10
1.3254058e-05
6.117859e-07
0.0002793076
2.8936504e-06
7.0029034e-07
0.1768371
6.2041026e-06
6.117859e-07
0.0036087688
0.0001749534
0.9129374
0.12701394
2.9541295e-06
0.599659
1.4131762e-06
0.004556646
5.3413536e-09
3.911977e-10
1.6654947e-05
0.0080793295
4.629928e-06
0.9172771
1.1070835e-05
5.285231e-06
0.8266444
2.4131774e-05
7.67076e-09
6.126558e-08
2.8936504e-06
0.0050589233
9.378676e-05
2.3354615e-11
2.6497378e-07
2.8711543e-07
7.999902e-08
2.604098e-08
4.9164755e-06
7.67076e-09
1.9875772e-07
6.957417e-05
1.8001797e-08
1.2473144e-08
0.00011004716
2.144935e-07
2.856853e-07
1.441748e-07
3.4378307e-05
0.00016988779
1.9070027e-11
5.1867933e-06
6.8803765e-06
0.9941985
2.1098956e-09
7.4779955e-06
1.5598216e-05
9.151584e-10
1.5017445e-08
4.9921897e-07
0.9998207
0.9998482
7.5440784e-07
1.9265013e-05
8.144413e-11
0.0034226908
5.0917624e-06
3.4325984e-09
1.05696245e-05
0.00023972252
7.4225263e-06
2.497422e-10
0.99901444
0.03363709
2.7177737e-06
0.000103074206
0.0008078546
2.0978409e-07
3.658982e-05
5.3283824e-08
9.508457e-05
1.13531414e-07
0.0034226908
0.01750896
4.9766573e-09
0.00082679867
2.3094412e-07
0.9662623
3.4670933e-07
1.1197029e-05
5.37582e-08
0.007697413
2.111105e-07
6.8733e-07
1.0256246e-06
8.0568385e-11
1.770345e-08
0.06512284
0.0005799253
0.9999235
0.00073031016
0.944903
4.6820242e-07
9.045867e-06
2.7310712e-06
1.05696245e-05
1.1582116e-08
2.1778133e-07
0.0004227351
7.522973e-06
7.5119736e-08
6.180807e-07
4.5088808e-07
1.3084065e-08
6.7283116e-05
0.000114448674
5.37582e-08
4.2818763e-07
0.34480172
1.3814436e-06
0.0042416938
2.8167835e-10
2.8902727e-05
6.329429e-05
9.659831e-07
6.1871273e-09
1.6947142e-10
0.9999993
0.6990655
0.006382143
5.161176e-07
3.615024e-05
5.3620215e-07
1.0632162e-07
3.4670933e-07
1.0767508e-05
0.057511616
0.0002559781
1.868007e-06
1.1154658e-07
8.802864e-06
3.9035587e-08
0.9999938
0.001719576
8.113916e-06
4.8773894e-05
4.5913825e-07
5.3012177e-06
2.6039992e-05
1.0
1.9092686e-05
3.030513e-06
0.00079249305
0.57697326
5.8774646e-08
0.020089235
2.2472895e-07
2.3310865e-07
9.875655e-07
5.935389e-05
0.0042928853
0.9931239
5.4456017e-05
3.7983394e-08
9.914414e-06
2.3004386e-06
5.403553e-09
3.3397154e-10
0.005225549
9.94294e-07
4.951923e-10
8.731251e-07
1.3995502e-08
6.441444e-05
8.144413e-11
1.1276566e-06
7.094104e-09
4.009352e-08
2.3354615e-11
3.2734615e-08
2.4440289e-05
2.756408e-07
1.2027184e-05
9.378676e-05
2.2537406e-05
5.44239e-10
3.9673095e-11
0.9998777
0.0001151877
6.798383e-08
0.0002927791
3.5687926e-06
3.7900727e-09
0.00247327
0.0097208535
5.5727253e-11
1.1631233e-07
2.5491285e-05
3.9164923e-05
0.9999996
8.679457e-06
0.14388536
0.021810522
7.718355e-09
0.00045786097
0.0045804298
1.473027e-05
0.0047958246
0.004556646
7.094104e-09
0.00800566
2.1137019e-05
0.0007751468
9.840381e-07
4.9614295e-07
0.004432568
0.56461954
3.6394745e-08
6.745593e-08
0.00014126701
8.034304e-09
0.04448366
9.938787e-05
0.0027224764
2.3973385e-07
0.9999978
7.98315e-08
2.265769e-09
3.5687926e-06
1.7620262e-06
1.9920767e-09
4.8113606e-07
1.3298359e-06
0.50447536
2.74437e-05
0.00039215712
2.435398e-06
