0.99649775
0.017584344
6.12832e-05
4.30088e-06
1.3329607e-06
0.041609447
0.99938154
0.001556416
4.7372137e-05
0.0008228759
9.545396e-07
2.4472417e-09
0.2784072
1.154277e-06
0.10536378
0.0039970474
0.9949683
0.00071915693
9.077947e-07
0.9995385
2.985378e-09
3.4594806e-05
9.83046e-06
0.2628838
0.9999744
1.7702693e-06
3.1649813e-07
4.2211764e-07
0.06213218
2.64064e-05
0.0024645259
0.9993222
0.49319282
0.00022357021
4.0309806e-05
2.9430783e-08
0.9999998
2.3254333e-07
3.307957e-08
0.9999914
0.99918616
0.95419145
0.04200416
1.4414802e-06
6.7436386e-06
0.010107686
0.0036389246
7.24299e-06
3.89755e-05
2.3882705e-05
1.2225196e-06
0.0019897313
3.3129453e-08
3.876919e-09
0.9999863
0.26698673
0.7708729
0.00063923135
2.4146789e-06
5.4452274e-09
2.1622685e-05
9.507293e-07
0.037108604
0.0006851413
1.7046733e-10
0.00052959984
0.155531
2.3682984e-05
3.1812197e-05
1.0287669e-05
1.2136388e-05
0.99956876
3.930755e-07
3.6813204e-09
0.3294632
0.00020706134
0.00088450685
1.7807212e-08
1.4361464e-07
1.5130602e-09
0.00013923348
0.00023272455
6.259886e-06
0.9515087
1.7115999e-10
2.368605e-06
0.999896
2.8171304e-05
0.26036918
4.2437108e-08
1.722255e-07
3.1762357e-07
1.9506697e-05
1.5419964e-05
0.0003320698
3.0991065e-05
4.7554317e-05
0.27485576
0.0016480318
0.66535866
0.00086268503
0.00020142682
0.9989958
0.0017004423
0.9994786
0.65246105
0.007175428
5.4687494e-06
0.9961092
0.00025265676
8.1416e-05
1.8134764e-05
9.545378e-07
0.0032978142
4.8953e-08
1.2432766e-08
0.9982463
9.952818e-06
0.024617227
0.60642546
0.04257053
0.011939225
8.72194e-06
1.801094e-07
2.4624942e-06
0.17801453
0.00024359373
5.4690936e-06
1.4683789e-05
0.00033296467
0.0097293025
0.9770777
0.9009951
0.711361
3.097254e-05
6.856919e-08
0.0076724105
1.0
0.00035894683
0.47019497
4.0046368e-07
0.0010852824
5.6962424e-05
0.0006851413
0.94507796
6.029907e-07
6.9945374e-05
0.617376
0.0007023414
0.014389292
0.9993222
0.00025034137
2.3163697e-05
4.7554317e-05
0.22509739
0.9991432
0.9974996
4.2437108e-08
0.0006011245
0.00044595113
4.0085855e-05
4.1776068e-05
9.81184e-05
0.9194116
0.067041874
0.17969601
0.0011937278
3.5277399e-06
4.1852627e-06
0.4341934
1.0271314e-07
3.637948e-08
0.00025265676
0.00024533016
2.467007e-07
8.075317e-06
0.9998586
0.037108604
0.2628838
0.0001797078
5.451694e-08
0.012765604
3.1446012e-07
0.9999985
0.22064503
7.754285e-09
0.00017928472
1.2497154e-05
0.00039455682
8.5958135e-08
0.0006426472
0.99649775
2.1417168e-06
0.9801725
5.342576e-06
1.4254164e-05
0.0006242822
0.26411808
0.0062953318
0.02017959
2.1429814e-06
0.7030059
9.971191e-07
0.107307434
0.00023749076
3.0617542e-07
2.0876775e-10
0.9985916
0.9905175
0.0009965355
0.0014546632
4.3946835e-05
0.07754313
1.3424146e-07
0.23428501
0.00052959984
0.00048657393
2.3163697e-05
2.9695187e-07
0.51972175
2.0307545e-05
0.9999782
9.507293e-07
0.00025265676
2.5583574e-07
3.626529e-05
0.8789059
7.5123523e-07
0.08434647
0.9999903
0.043137934
4.5844704e-06
0.00013874721
3.8275716e-06
0.1251433
0.058237072
0.6560945
0.003989272
0.0014022652
0.07112422
1.3707412e-07
1.0
0.0037662045
0.79939055
2.0022301e-07
0.06484479
0.00011530979
1.4800873e-05
2.9695187e-07
3.5463854e-10
2.9430783e-08
5.6380745e-06
0.00023151374
1.2679598e-06
0.17969601
0.0004161379
0.0014185308
1.9309195e-05
0.9916512
0.95309216
0.617376
0.95405513
0.99552226
1.2348627e-05
2.2324504e-09
0.0009355534
2.719628e-09
7.461128e-11
1.0
0.12335737
8.918766e-06
2.7089212e-05
7.151137e-07
7.202801e-05
0.9999724
8.7687265e-05
0.999983
0.9978764
0.0015617448
0.0010686
0.99999994
5.0635976e-05
0.59048396
0.00065050705
7.257353e-07
0.0009674486
5.3675853e-06
0.0038852072
1.8556848e-07
3.5463854e-10
0.00011530979
0.99958265
6.368247e-06
0.0015714227
0.16871239
8.8620936e-07
0.9497249
0.0024087045
0.008969011
0.001022132
