0.81661016
3.1312521e-09
6.3561965e-06
1.5625492e-05
2.680828e-08
0.99991536
0.4620631
0.12578358
1.5685873e-06
6.136686e-08
2.8387292e-05
1.5630302e-08
1.2604297e-08
2.7242217e-05
1.0530826e-07
2.826528e-07
8.262068e-08
0.00031589766
0.0012490085
5.445407e-07
3.9921653e-09
5.5775672e-05
4.1933768e-06
0.00171428
0.9684648
1.5117073e-06
6.136686e-08
1.5285731e-06
2.2098422e-07
2.831638e-07
3.073708e-07
0.003631498
5.104919e-06
6.4039205e-07
0.014586965
0.050231785
0.00096565014
1.4264689e-05
3.2335723e-08
0.99997365
0.00021759068
0.00383779
6.797884e-10
0.0012743428
1.1708632e-08
0.961278
0.03154104
0.0009086204
0.0074649104
8.73204e-09
0.00021819191
1.5832978e-07
0.008796687
0.99999845
0.00014427802
5.725364e-10
3.397563e-08
0.9968701
0.0036526655
0.00017067364
2.0096634e-08
0.012900462
0.004422288
6.576575e-08
3.397563e-08
8.2333216e-05
1.6054845e-10
0.00049599406
4.479481e-09
2.715036e-09
0.005110007
3.030039e-06
6.366471e-08
0.99987423
2.4583536e-05
0.00018080988
0.001894558
0.12895939
0.9999555
7.9491835e-10
8.566384e-05
0.016171759
2.6631427e-05
0.22859064
0.9999998
0.00066946883
3.8038064e-07
8.2333216e-05
0.9995678
4.4259696e-08
0.004450627
9.528075e-06
0.93067795
4.19052e-08
4.1631662e-10
0.0022466402
0.00171428
0.86967963
0.0050380803
8.014767e-05
0.093572065
0.0016779132
2.0903578e-07
0.00096888846
0.015120265
3.7123453e-09
0.09705098
0.002044635
5.7239806e-05
6.662784e-08
3.2294057e-08
1.1047115e-06
1.6801671e-06
6.598705e-11
3.1631848e-06
7.084976e-09
0.47523198
1.3019724e-10
6.6148646e-06
0.00024527824
0.007968208
1.8906676e-05
0.014986228
3.8078186e-05
0.0001261815
7.9337985e-09
3.2289506e-07
2.6651642e-06
3.849977e-07
0.0020192272
1.2207475e-05
0.99917585
0.0007968586
0.9999983
0.000563609
9.105814e-06
1.6270907e-07
5.9118214e-05
8.709553e-07
2.0266853e-08
6.2476334e-05
0.00014632242
0.0054314234
0.0005701119
1.3512227e-08
6.8212044e-05
0.026438367
1.615479e-07
0.002764179
0.008773447
0.093572065
0.164958
1.06065455e-10
0.0012634192
0.00420128
0.8569908
0.00027621267
0.0023052085
9.1569666e-05
6.366471e-08
0.47807878
4.1631662e-10
4.4329532e-05
1.09590355e-08
0.0006710728
0.16579391
1.8625462e-07
0.03377419
1.8205161e-06
3.1385145e-05
0.0012788713
1.0333305e-06
8.3564277e-07
2.708758e-08
1.04866494e-07
5.5831238e-06
1.3852092e-08
5.021206e-07
0.9992439
1.042875e-06
0.8742775
2.6099912e-07
1.0759005e-08
1.3143391e-06
0.0006679202
1.7577668e-07
0.86967963
0.89425945
5.646473e-08
0.9983106
4.3987112e-07
6.8928347e-07
9.032057e-06
0.00017892983
1.3666208e-06
7.9221263e-07
9.800189e-08
1.1341065e-07
0.0020100754
1.09659815e-07
0.009100095
0.003715116
1.1021419e-05
5.1670695e-06
9.148971e-07
0.17023346
0.9991115
1.5174677e-06
9.4031854e-08
9.752332e-06
0.90613246
0.0020192272
6.136686e-08
1.840466e-07
3.865111e-06
0.8932577
6.2765366e-08
0.9996863
0.44898525
7.232411e-08
3.1469046e-08
0.0063234665
3.9181887e-05
6.720827e-06
1.1987195e-06
8.6382344e-05
0.9905169
0.9684648
2.7487323e-07
0.00975861
0.037262455
8.795358e-09
5.8367558e-08
0.025368877
2.8290124e-09
8.832995e-10
1.0311746e-08
0.961278
5.264005e-08
8.513449e-06
2.4650635e-08
0.04838964
0.0002635055
0.0001432197
0.00095044245
0.99704057
1.7803939e-06
1.1157421e-08
4.738646e-05
5.8186487e-07
0.00095044245
1.0646972e-06
0.9999907
0.012900462
0.33579874
8.262068e-08
0.28129327
0.007849722
7.9337985e-09
0.005335583
1.0379492e-07
0.013355173
0.012230309
0.3701828
0.61339754
0.007589428
0.00011554633
5.6850173e-09
1.9401305e-09
1.6720262e-06
0.0031362905
0.002732983
6.724987e-07
0.0008935461
0.0828914
1.1973967e-05
0.00044807803
0.0013371125
3.5677022e-10
0.00013599393
0.026438367
1.6725143e-07
2.103182e-05
0.0064232834
3.8474196e-11
6.6067644e-11
3.8228478e-07
0.020506514
7.692015e-05
5.021206e-07
0.06988003
7.814143e-05
9.340277e-06
9.3131544e-05
7.864721e-08
0.00095044245
4.946962e-07
8.786223e-06
0.0001825773
0.18804072
