1.0
0.9354894
2.194039e-06
5.595366e-07
0.00015080592
0.723947
0.0019321542
0.9855333
1.1540873e-09
0.450845
3.3381252e-06
0.00023047948
0.00018668534
0.012619672
8.960542e-08
7.786693e-07
7.441299e-08
3.7732868e-06
5.2758337e-06
0.0007195676
4.2855737e-07
1.5021998e-05
4.5816242e-07
0.09874288
0.0013762165
0.0031384798
3.7295077e-08
0.042104352
1.0434839e-10
3.090066e-06
1.48492545e-05
1.014845e-06
1.2338835e-06
0.9999999
0.00057533156
1.0176518e-06
1.0766919e-06
0.00032988968
1.1341876e-07
0.00034748475
2.7080716e-06
0.98750377
0.046193194
0.3547503
0.7516226
2.3162002e-06
1.27679405e-05
6.728423e-09
1.1341876e-07
0.0021330523
1.9331488e-05
0.0052584275
1.8976533e-10
0.020164011
1.9550926e-06
0.009113141
1.4947815e-10
0.000692312
0.3874985
0.74304503
2.2164255e-09
0.027581457
1.4020884e-08
2.1969353e-08
0.0026576107
0.9322517
1.126319e-09
6.196838e-08
3.090066e-06
0.98082685
0.99999994
0.016086843
1.030536e-07
0.013151141
8.9055804e-11
2.3181315e-06
0.4854065
4.255819e-09
2.0328493e-07
3.2591416e-10
1.236428e-08
0.99993837
0.023381444
0.012727093
1.2098853e-06
3.5608676e-07
1.6756532e-07
7.159447e-06
1.0176518e-06
0.046193194
0.9855333
6.0181792e-05
0.0031017282
9.5735885e-08
0.35600024
1.3390968e-05
7.177563e-06
1.0499755e-08
8.749831e-07
2.5722124e-05
6.5786217e-06
1.8668064e-08
0.19299929
0.6932315
0.07186393
0.000105459534
3.9903065e-07
8.9974804e-07
0.00020762003
1.1987515e-06
0.08880929
6.5786217e-06
2.5176087e-06
0.000838316
1.7509436e-06
0.00010027262
4.508064e-07
0.0100067
0.0036382314
0.00014743443
2.709048e-06
3.7271114e-08
0.13931698
2.3087303e-05
5.7271603e-07
0.00026203837
4.28624e-07
1.2686879e-06
1.6971717e-07
4.502628e-08
1.4925266e-05
0.00820748
0.0006805196
2.8659403e-07
7.827128e-07
0.36019465
4.255819e-09
2.0853254e-06
0.00029370503
1.2302851e-07
0.99416715
2.5035158e-07
3.3636422e-06
0.00029142897
0.19299929
0.94584596
1.5290891e-07
1.0557711e-08
3.1022356e-07
3.6944055e-08
0.3231883
0.154021
0.009788201
0.9999059
6.728423e-09
2.688889e-07
4.9754636e-08
3.6025938e-08
1.6817221e-06
1.4433962e-07
0.0016746878
0.10895854
1.3243428e-07
1.1205107e-08
0.016655462
1.0
0.02196385
8.671059e-06
1.9029399e-08
0.10012781
1.4372995e-08
0.0034915179
0.98554975
0.99920565
0.0026576107
0.002850987
0.20674433
4.1514115e-05
0.9771911
1.0
0.0012645201
1.5014315e-06
0.0020633796
1.3647297e-06
3.9109887e-06
2.0328493e-07
0.99999976
0.00024580827
0.0010582483
0.9726341
7.4540253e-07
0.00013662757
2.8652825e-05
1.503387e-07
2.5035158e-07
0.0032968645
1.0
0.5170687
0.0025116357
4.6303376e-05
6.3309817e-06
1.2290569e-08
0.0020633796
0.016755752
0.0007213651
0.5170687
0.12678048
2.0253674e-08
2.688889e-07
4.61622e-05
2.1969353e-08
0.000334415
1.3371546e-06
4.502628e-08
0.00016162593
4.8584632e-05
2.068971e-06
0.9354894
2.5369589e-05
2.8363858e-10
1.2181927e-08
5.382155e-10
0.0005411769
8.6225796e-08
0.00016096212
5.0733852e-05
4.4094207e-08
7.4540253e-07
1.5014315e-06
0.17621191
1.5154225e-07
5.0668434e-09
1.3784877e-06
0.9999995
6.4076376e-06
0.00032878542
0.9992511
0.006005964
1.1210685e-06
1.1010959e-07
0.95883626
3.7755396e-10
0.009113141
1.5077117e-07
0.0001344186
0.9962221
4.951437e-07
1.6413401e-06
0.31836614
1.2181927e-08
8.879054e-05
3.1689146e-05
0.0004620538
0.0017081
0.99872565
2.3087303e-05
0.009471494
3.214641e-05
2.3181315e-06
3.9892025e-06
0.038763497
2.6198066e-07
0.9999999
2.6183058e-09
9.075228e-05
0.5137784
0.00047848083
0.027581457
1.4884465e-06
1.9029399e-08
0.9896139
1.8976533e-10
5.6655417e-06
0.0031384798
0.0042439443
7.1957047e-06
7.416897e-07
1.3194138e-07
0.0025810343
0.9999982
1.0304766e-06
0.0019321542
0.00020762003
0.00046562834
0.00021636036
0.99997336
0.5018931
8.905184e-06
9.970287e-09
0.20581263
6.482968e-07
3.231457e-05
2.78328e-07
7.846876e-08
1.4002092e-06
3.149278e-05
3.352196e-07
8.387843e-06
0.9922049
0.00029564634
