1.0
3.81765e-09
0.0016090239
0.00067426474
5.792474e-11
1.3227014e-08
1.3351545e-08
0.47626957
0.011462241
1.4754786e-12
2.4130052e-06
9.888363e-08
2.7431917e-09
1.5559277e-07
0.0003514272
0.99991167
0.09118906
9.459937e-09
3.2486267e-11
5.0811303e-07
1.09357785e-07
6.0147024e-05
6.853742e-12
1.1207905e-05
1.4548002e-07
4.4243425e-11
0.00041489533
3.163699e-07
1.5933087e-07
6.509357e-09
9.4189496e-11
4.589202e-08
1.9760023e-08
4.6721193e-11
1.396465e-08
2.1573119e-09
0.16658072
0.010504157
0.9273317
5.431391e-05
1.4563738e-08
0.001619605
1.1779924e-05
4.1850164e-08
2.0614101e-05
8.4232954e-10
2.134526e-07
0.0006662437
0.0022252179
1.73715e-08
4.3886292e-08
0.013571786
2.1573119e-09
0.0001481105
7.784302e-07
1.8453484e-07
3.2926355e-08
0.016305858
3.6919195e-07
3.0067757e-11
0.0070154616
6.6739254e-08
1.5574895e-07
1.3992144e-07
3.2486267e-11
4.017405e-08
1.5397671e-11
0.00018501957
0.13504246
0.1187102
5.8997145e-08
9.750919e-10
0.9986405
3.4480937e-07
1.172248e-07
2.1348862e-07
1.3432317e-07
0.99540555
1.2404138e-06
0.11465604
7.505885e-07
0.0005969811
1.1340227e-10
0.9840584
2.081468e-09
7.890517e-09
2.441473e-10
0.0036768876
1.9302897e-05
2.2221792e-08
6.8217862e-09
2.673661e-10
4.2924822e-07
2.9169505e-09
3.6077767e-09
0.9683605
7.689154e-05
0.23739164
4.348872e-09
0.16836135
0.00042433533
6.2045366e-08
0.0038349475
1.4961258e-06
7.534312e-09
0.010059418
8.958641e-09
3.2770547e-11
0.23525308
6.248589e-06
5.017538e-06
0.97064984
3.5658995e-10
2.8595675e-08
0.21299633
1.4458259e-08
4.429049e-05
0.56409436
0.99795675
1.27818e-12
8.804681e-11
0.00017294152
0.44122043
1.6484787e-08
1.0405583e-10
6.2357785e-06
0.00012796414
0.99921316
3.290302e-06
1.7737355e-07
1.561232e-10
2.6564392e-10
1.2907532e-05
1.6311981e-08
6.957066e-07
1.887734e-09
0.99770695
4.684976e-08
1.7156543e-12
9.095883e-13
3.8082762e-05
8.141333e-08
1.3282148e-06
6.901604e-10
9.705057e-09
3.2799345e-09
0.013564433
1.9376638e-09
0.58086175
7.4127864e-11
4.5031687e-12
3.7033377e-07
2.134526e-07
1.8103158e-09
1.7156543e-12
1.0357603e-05
2.1379537e-12
1.454898e-10
0.017396975
2.115197e-06
1.016961e-08
0.9911409
8.265449e-10
5.828415e-11
0.9999907
1.4028047e-06
1.7036722e-10
1.756158e-06
9.966422e-10
0.0019956212
6.392281e-06
8.616218e-06
0.01570738
9.424261e-07
0.97816473
2.2974418e-12
1.496107e-07
0.030355956
1.15275025e-08
0.99207616
9.0367797e-07
8.1805575e-07
0.00022877655
2.039694e-06
1.7435937e-07
0.0025106894
6.5830728e-09
0.0002663171
1.5234097e-09
5.515754e-09
1.6062273e-08
0.06961503
6.2634836e-10
5.205316e-06
0.052449442
4.690593e-11
2.6180924e-08
3.4746434e-05
9.174514e-10
0.7106759
1.0937312e-09
1.4961258e-06
0.0012165868
2.9801097e-09
3.0636695e-08
1.2310562e-07
8.748114e-05
1.8722514e-05
1.1362018e-06
4.017405e-08
5.1557497e-10
1.8027265e-11
3.8991164e-08
1.5559277e-07
1.2074324e-06
0.24939044
0.080658704
3.4944588e-08
1.1278485e-11
9.255403e-06
0.0002391055
4.7522235e-06
2.4715126e-05
7.0711415e-08
5.3517247e-06
7.2405517e-09
7.0483097e-06
1.4558287e-09
0.99994385
4.882225e-09
8.141333e-08
1.3159165e-07
3.728304e-09
6.5314366e-06
1.73715e-08
6.957066e-07
0.0021635694
0.99825025
3.7216183e-09
4.4999885e-07
7.20971e-09
1.3723717e-10
1.3282148e-06
6.8358923e-09
8.6907335e-09
3.544068e-09
4.995609e-10
2.4274668e-08
8.783166e-10
5.2450353e-11
1.2738935e-09
2.3380292e-06
6.0147024e-05
0.9273317
2.1920189e-06
0.89034826
1.3350934e-08
3.9665738e-05
3.0738525e-09
7.2405517e-09
0.44122043
8.676829e-11
1.4389145e-06
1.3007352e-05
4.3927016e-06
1.1814477e-07
0.124144495
3.3065237e-06
7.068593e-08
4.8501075e-05
1.6135087e-05
1.6715513e-11
9.080084e-11
0.00065637036
4.6148685e-07
8.1074053e-10
8.573161e-10
9.2119725e-09
1.57623e-08
3.818608e-05
0.99062335
2.8377548e-05
3.5703684e-07
0.0067133894
3.537186e-06
9.313754e-09
3.7465604e-09
2.9564093e-10
5.3080592e-05
5.1179085e-11
2.7663088e-10
1.0798926e-09
1.3227014e-08
9.796224e-07
0.008372152
8.804681e-11
0.0064730323
1.8961176e-08
0.4364742
8.0024044e-08
