0.14241278
0.0006032855
1.0522932e-08
4.5168737e-05
0.0003123736
0.05656811
3.538025e-08
5.579955e-08
0.00034315928
8.288762e-06
0.004623881
0.29519844
0.0009280479
3.4470195e-06
0.9999642
4.3557334e-06
1.7604185e-08
1.1341881e-06
1.5597116e-07
9.802684e-05
3.9668266e-06
0.0012937937
0.00021453234
0.042660847
2.083613e-09
0.108354
0.0048291143
0.20917451
0.00021463688
7.6328506e-05
2.1955043e-06
0.004890067
5.5107612e-05
0.014797304
2.1401922e-05
0.000101392005
0.015989127
0.99999547
0.00035215664
1.3366905e-05
2.2605636e-06
0.048611354
0.0007276259
0.46935022
1.4708405e-06
0.013520136
1.6015779e-06
0.99992687
0.01598914
6.522062e-05
5.9328764e-09
2.3298545e-08
5.8404527e-08
8.169988e-05
0.0018356468
0.0007544848
0.01949358
5.317433e-07
2.3021723e-06
0.00055724604
4.9002183e-06
9.702799e-09
0.9998999
1.039607e-06
0.8208211
7.214869e-09
2.437243e-06
5.9949125e-06
0.0001356374
0.0058174604
0.9028838
7.9362974e-07
1.2050477e-06
1.086493e-10
4.2575382e-05
3.9108643e-05
0.99987346
2.6197165e-07
3.7559646e-05
0.0032379294
0.99969655
0.99999994
0.024698172
0.000106165426
0.00023008535
5.9191347e-08
0.9999964
1.428647e-06
0.00043465017
0.9935751
0.021361738
1.02630295e-07
0.9152802
1.3833235e-06
0.00031951233
3.923902e-11
0.045599826
0.94063324
0.09679234
2.5855493e-06
0.0044949516
0.072171286
1.1652577e-06
6.1984666e-09
6.522062e-05
2.45315e-08
7.1981157e-07
0.021361738
4.002085e-05
0.07635776
4.1135518e-05
2.055254e-06
0.9991885
2.5152107e-05
4.579342e-05
1.1459057e-07
7.802147e-07
0.60607475
2.0957805e-06
2.299184e-06
9.702799e-09
0.106321335
0.00038613132
0.00889162
3.228204e-06
4.417475e-09
0.002236881
9.802684e-05
0.13279203
5.331726e-05
0.0002717325
0.6271636
1.5878851e-10
0.030255007
0.031985965
0.7344724
1.383113e-08
7.028763e-06
0.0003176332
7.867377e-08
2.083613e-09
0.9648386
0.08321288
1.0
1.763623e-05
0.34048843
7.091751e-06
1.9329571e-05
3.6810076e-11
0.00357415
0.070708126
0.7267146
6.0110673e-05
0.8208211
2.6421271e-06
0.0004764591
0.0057041193
0.0005458195
7.6328506e-05
0.9151256
1.399143e-10
4.095501e-07
2.494062e-07
1.93095e-08
0.038061954
3.8171458e-10
5.009827e-07
3.2890205e-07
2.6421271e-06
1.937068e-06
1.5896077e-05
0.00022613555
0.0003176332
0.018038286
1.4077753e-07
3.3017152e-06
4.877064e-05
0.020550504
8.972852e-05
7.748787e-07
1.0643251e-05
9.802684e-05
1.925419e-06
1.6806287e-06
0.00020419963
0.006286732
0.0008238605
0.06340283
7.884705e-06
4.6933812e-09
0.15390438
1.2297085e-06
0.9346035
7.3895606e-08
0.9998222
5.1807947e-05
1.5593363e-10
0.0032158042
0.0007665375
4.3157202e-09
0.00020446791
1.5710675e-05
0.74960667
0.00023690864
7.2616153e-06
0.6459046
2.201345e-05
0.9985134
0.0033314482
0.02977713
1.5669752e-05
1.325456e-07
0.009403622
0.95578927
5.675188e-07
0.01719218
7.2616153e-06
3.178324e-05
1.2898012e-07
1.993216e-06
0.19245678
0.062977
0.14880063
0.00012511207
3.5566086e-06
8.493747e-07
0.0003431596
0.038618747
2.6421271e-06
1.869413e-06
1.6393996e-10
0.9999608
0.0013164349
0.0001811994
4.1135518e-05
4.1470535e-06
6.3542244e-10
2.5152107e-05
0.99999994
3.2717517e-07
0.99955964
0.14318034
0.6855178
0.0041690026
4.1038393e-06
3.480059e-05
0.00010913611
3.8171458e-10
0.000598397
1.35419755e-08
0.065212026
4.3986603e-08
2.2732458e-08
0.9886378
2.6197165e-07
0.00023161265
8.493747e-07
6.440707e-05
0.7165858
0.79774433
2.0820476e-09
2.7286495e-08
6.6862564e-09
3.904224e-05
5.321729e-05
3.1027048e-06
0.00031586454
5.8081366e-07
5.7896827e-06
2.7233077e-06
1.5092959e-06
0.7461587
0.003972521
0.0011048643
1.1944728e-07
9.292515e-07
2.2375984e-06
6.702395e-05
0.0011299165
3.1027048e-06
3.9108643e-05
2.823866e-07
0.042749822
0.99761367
3.6683977e-07
5.0981672e-08
0.019056398
0.0003845682
4.90963e-10
3.9283112e-08
0.02050753
0.22241645
3.451574e-08
0.99999976
0.014797304
1.3546811e-07
9.314812e-07
4.016386e-08
1.0
5.6348996e-05
