1.0
0.012776642
0.9972806
0.005307312
2.124849e-06
1.1713949e-08
8.457461e-09
4.7013394e-08
0.999988
0.409364
4.6241334e-05
1.0688831e-05
2.2636627e-07
8.076314e-08
0.00062718417
5.396459e-08
1.1383664e-05
0.00012052809
1.480748e-08
7.175789e-05
3.7090176e-06
0.31571093
3.4244505e-09
4.2229007e-05
6.282501e-07
0.28587246
0.9999868
1.709333e-06
0.010538679
9.9889455e-08
1.1570389e-06
5.6429228e-05
2.643604e-07
1.0874417e-05
1.2838514e-05
9.882085e-05
0.43086115
0.0007685207
0.020364026
1.8686446e-08
6.518288e-05
0.00015957211
5.8490366e-07
9.3248635e-09
0.0014893698
6.3611966e-05
4.379539e-05
6.105281e-07
1.9044545e-07
0.001926334
4.4907683e-06
1.709333e-06
0.9988012
2.6832295e-10
9.8214e-10
0.02984345
1.5239748e-07
0.992238
0.0021211111
0.01585963
2.5952767e-08
5.4207917e-06
0.99971074
0.007983703
6.306898e-08
0.99999267
1.9044545e-07
5.2689625e-10
4.0508794e-06
0.020836309
1.2768443e-09
7.363666e-10
2.6598076e-05
1.4391656e-05
0.9989199
0.00011397524
2.0002426e-06
0.006586208
7.0536546e-05
0.100796476
6.171776e-06
1.980409e-05
9.922616e-12
7.358645e-07
8.038452e-06
3.016253e-07
0.0010575368
5.7845165e-05
2.0002426e-06
0.0008010444
4.0003647e-06
1.7774182e-06
4.6173642e-07
0.01541734
2.2508746e-06
1.30274e-10
0.002370219
0.03298302
0.0025005834
1.9190888e-06
1.4968116e-08
1.8686446e-08
0.001027018
0.073525526
2.61288e-06
0.8292474
2.3458313e-05
1.0158453e-05
1.18918756e-07
0.33487135
1.2901189e-06
0.99745935
1.0156506e-08
1.2771716e-05
6.152674e-05
9.276509e-08
0.8300824
0.000118203345
2.29607e-05
1.3497531e-10
3.6127162e-07
3.3880086e-05
5.416175e-07
4.6948676e-09
4.1944763e-09
1.4891137e-06
0.00015657081
3.489062e-06
2.926375e-05
6.5893337e-06
9.841189e-07
0.2815407
5.6516255e-05
0.9996364
0.9801503
4.887799e-08
0.8940634
0.82685876
0.0024870394
5.3682174e-07
0.016595371
1.4266416e-06
1.0237414e-08
1.2657012e-05
0.00611299
0.04219334
0.00054158916
4.495083e-06
0.00090656924
0.47307172
3.245845e-07
0.007513141
0.010538679
5.1687e-05
0.9988012
0.9986637
9.2097247e-07
1.4687404e-07
5.5092062e-08
0.07831113
0.0002863393
0.00012660114
1.3887422e-10
0.00018754492
1.341371e-10
1.3317951e-07
2.1210036e-09
0.98468953
6.288169e-06
6.3954896e-05
5.1687e-05
0.68664527
1.5799976e-06
1.4745787e-05
1.7943522e-08
0.9997163
1.1570389e-06
0.018877687
2.2229854e-07
3.5381004e-11
4.4744155e-07
1.9539281e-07
0.025124447
0.8569919
4.431854e-05
1.4564564e-06
0.000101357786
0.00043379478
1.2195411e-08
5.6111044e-06
5.30321e-06
0.00010994846
6.810842e-07
0.005393715
2.5457018e-06
2.085601e-09
0.795188
2.0661257e-05
9.409162e-06
1.2836166e-07
0.00013064915
4.211921e-09
4.839752e-09
1.7472172e-06
0.0114561375
0.022437524
0.0005997133
0.8942389
0.00041717617
0.000118203345
8.9175725e-09
6.678803e-07
0.12400911
3.050909e-09
1.4110382e-08
2.5152472e-06
0.0025831638
0.0004989048
0.04397531
1.4486089e-05
3.9839746e-05
5.489429e-07
0.00012508273
0.00047980165
0.00090623845
0.00014612288
0.9999582
1.1570389e-06
3.058782e-06
0.91066146
8.886792e-08
0.00034333175
2.4414173e-10
9.508563e-07
0.00017568057
0.0024803272
2.223334e-06
0.010055909
0.04219334
8.80566e-10
0.011099018
1.3438275e-05
0.0048485976
0.00028597043
1.1773918e-07
6.3611966e-05
0.00018754492
1.9456944e-07
0.72754544
1.09373644e-07
1.0913452e-09
0.001994593
0.0015381882
7.4763484e-05
1.4249923e-05
2.4178284e-05
0.03186917
6.020621e-08
0.0012209121
5.6714666e-06
2.8587988e-06
1.47956225e-08
2.2511927e-05
4.0382678e-05
2.1769525e-05
4.4907642e-06
1.7774182e-06
0.4354925
0.00011397513
3.3414438e-09
1.8300414e-06
8.12988e-07
2.6848846e-05
0.99870574
1.9456944e-07
0.988904
0.988904
5.6702487e-07
0.83792126
8.436276e-09
0.90677387
0.77389413
1.06104046e-07
5.956134e-08
1.9044545e-07
5.043593e-05
0.00012508273
6.0151266e-05
4.9168135e-05
0.00033606414
0.9999325
0.00026375987
5.3086596e-06
0.9829446
0.01687161
0.0024803272
1.2657012e-05
0.9198013
2.5641573e-05
2.3042107e-06
