0.9984832
2.6411087e-08
3.4164935e-07
1.8254367e-09
6.138659e-07
0.9999982
0.0001079087
3.677582e-05
6.294151e-06
0.016758023
0.14410922
2.0699676e-05
2.7007107e-07
0.6214529
3.306616e-05
5.101416e-07
1.0357181e-08
2.2399927e-05
7.5928806e-06
4.3268752e-05
6.141624e-05
2.5922793e-07
2.6075231e-06
4.705123e-09
5.101416e-07
5.474191e-05
5.587293e-07
1.2077955e-08
3.100481e-08
1.6274091e-09
1.7230504e-05
1.8986226e-11
2.0164832e-07
8.590484e-05
9.1266826e-05
0.999996
0.9776349
2.9457516e-08
8.4663254e-05
0.008724513
9.329558e-06
0.13582939
3.5886106e-07
4.4971177e-08
2.56463e-08
8.8734415e-09
8.8774236e-08
2.1383373e-08
4.2673537e-06
1.4209568e-10
0.0143963685
3.306616e-05
5.278307e-07
5.513969e-07
5.84184e-06
3.140566e-06
4.827189e-06
1.2764842e-06
0.0050618327
0.267302
5.571798e-07
3.7101366e-09
0.0020293766
0.0038219846
8.764582e-06
7.188238e-08
0.00017383164
6.144025e-05
3.1479783e-06
0.0055706776
6.131835e-06
8.5205835e-11
2.2489183e-05
0.83286726
4.273593e-06
0.9900458
0.00016378111
1.1079505e-06
7.5645396e-08
0.94818956
0.9627148
3.014682e-05
1.1234788e-06
0.24860144
0.037725758
3.8984103e-07
4.6807918e-07
7.9370475e-06
4.91917e-11
9.548177e-10
7.0209586e-07
2.5526158e-06
5.53823e-05
2.1491141e-07
4.2549368e-07
1.7530155e-06
9.227957e-06
8.142596e-06
1.3157241e-08
2.0501077e-06
5.643469e-08
5.0561484e-06
3.872647e-09
1.0
3.4633895e-06
4.854202e-09
2.8183487e-09
3.6195568e-05
1.9028066e-05
4.8636384e-06
6.559126e-06
0.5606339
0.9997978
7.424393e-10
3.5043697e-05
8.724636e-12
0.14896652
5.283842e-08
5.6656003e-08
3.517279e-06
0.000588011
1.2613753e-11
4.076957e-09
0.8732318
2.2830606e-09
4.1484114e-08
2.742299e-07
9.514595e-07
0.00023231728
1.4695642e-05
0.0016820112
4.7020996e-09
0.0009034507
3.0285655e-05
0.0014615615
4.273593e-06
4.1411203e-09
0.0015315871
5.2097283e-07
3.677582e-05
3.6480838e-09
3.1725325e-10
0.9576487
1.501155e-07
1.3588595e-06
4.303641e-06
2.1572285e-05
1.077193e-06
0.9959355
0.006246786
3.392286e-08
5.534167e-07
1.6707856e-08
0.009463007
6.023757e-08
0.16368464
4.0172825e-08
4.4010755e-09
2.3877728e-08
6.144025e-05
7.332984e-05
2.997721e-12
1.589855e-05
6.563167e-08
8.881163e-05
7.300071e-07
1.0802149e-07
1.7969002e-08
2.075069e-06
0.9999438
1.2737023e-08
1.7947368e-05
0.9999971
0.95677036
0.009837423
1.455989e-10
2.221473e-06
2.1383373e-08
0.00037288645
0.0035733331
7.188238e-08
1.6138627e-05
2.006774e-07
0.99623454
3.6796203e-07
0.1376694
3.185403e-07
0.0007198903
0.0040885066
0.9249991
6.931352e-05
1.0085226e-05
5.833489e-06
7.7527096e-11
2.7536636e-05
0.0016236973
2.6106284e-06
1.0047738e-05
3.601557e-07
7.1390664e-11
0.009402112
9.98358e-06
0.004465859
3.2679347e-07
3.3179916e-08
0.64526165
3.6166426e-07
4.1881233e-07
1.3644386e-08
0.59107393
0.044533174
0.0064226505
1.4929082e-08
0.0012618817
0.608042
0.006464277
1.877817e-07
8.5737006e-10
3.1584136e-08
0.96636647
8.5737006e-10
0.74610627
5.53823e-05
7.330153e-08
3.1479783e-06
7.171014e-05
5.124908e-09
0.9496318
0.0031672737
5.6833455e-06
5.7286525e-06
7.2296085e-09
1.12625075e-05
2.7007107e-07
2.9044882e-08
2.5522895e-06
7.3817596e-06
5.6804867e-09
0.9981194
3.213822e-06
9.357115e-08
1.0874327e-09
4.530294e-07
1.4364026e-09
8.329114e-07
0.0003175627
1.4660301e-06
2.0425534e-06
1.5263835e-07
9.909838e-06
4.3855857e-06
3.5569922e-11
0.0035733331
1.130454e-08
0.005221047
0.00082211796
1.077193e-06
2.5664616e-05
4.0018935e-09
2.0216198e-08
4.4807456e-09
1.7199046e-07
2.0857021e-07
0.9999962
1.0
0.26245996
3.6166426e-07
0.9996869
8.1700855e-06
1.1328756e-05
4.660838e-09
8.550951e-05
0.0038219846
0.00085729227
4.854202e-09
0.999996
2.1772203e-06
0.0016107339
4.6983253e-09
7.116507e-06
0.7998597
4.2037887e-10
9.424452e-05
7.3817596e-06
5.579397e-05
6.993247e-10
0.7956624
0.00067453337
1.5613814e-05
0.5521506
2.210775e-06
5.7728937e-07
0.9999953
4.6405843e-05
1.8708903e-09
4.8393755e-08
0.00075388036
6.80016e-08
0.9999343
4.954015e-08
