0.9999983
0.9999817
0.9999867
0.083531566
0.9999999
0.8707913
4.5594206e-07
8.324228e-09
5.900439e-05
3.4064913e-05
0.18037859
3.8245995e-05
0.010761807
0.08168657
0.006107103
0.00023898129
1.8285937e-05
0.9397513
8.192034e-05
0.000249397
0.27624875
1.37951165e-05
0.14360198
0.00061233336
0.9996815
0.00083908404
1.2903699e-06
0.99996
0.0006133754
0.12849428
0.000249397
0.0006890919
6.1723467e-06
0.00047473368
9.0027985e-05
1.3666661e-07
0.2597284
0.9605029
0.0083853165
2.5132782e-05
0.002124306
0.00013005872
0.99987084
0.00011839839
2.4650577e-09
0.05845126
5.900439e-05
0.0036480764
0.9998717
0.00055216043
0.00061233336
0.06558647
0.99988294
0.00027033428
3.4188738e-06
0.0030657654
5.416516e-07
0.9774815
0.9993786
0.004838608
3.2251915e-05
0.0012801948
1.3269618e-08
0.99994856
0.999999
0.9999696
6.453064e-07
0.9999696
3.9517134e-05
0.016058264
9.198872e-05
0.0006463
0.0074360096
1.4525044e-07
0.9999895
0.016492087
4.5996316e-05
0.00033635774
4.19976e-05
0.02622562
0.017486751
4.7277564e-09
0.57448375
0.27271906
1.0325914e-05
2.9792233e-09
8.823564e-06
0.25849664
0.75232935
0.00015795548
0.0030319388
0.9944514
0.1259246
0.9787815
9.165363e-07
0.0010225198
0.0015247196
0.0008941771
0.01234619
0.0893753
0.9990542
9.3045885e-05
0.8940164
9.47911e-07
1.0
0.00056052103
0.00014163698
2.241914e-05
0.00027887733
3.7699347e-06
1.0
0.0006148217
0.005839515
0.9975882
0.99999887
0.0026716131
0.07540331
1.5467713e-05
0.00063378987
0.028782101
1.05023226e-07
3.6296395e-05
0.00015785293
0.95877385
0.12255241
0.049950253
0.00070835825
0.0002536432
0.5633208
3.849709e-07
1.05659055e-05
0.010561785
4.5120208e-07
0.0007182919
0.00045135946
0.26911843
0.55126
1.5467713e-05
0.0027419978
0.0045824586
7.681899e-05
9.308533e-09
2.942105e-07
7.1720756e-06
2.5020265e-05
0.0026716131
4.5663815e-05
0.007024137
0.00036785053
0.048765425
0.00021683867
9.037617e-05
3.608965e-05
0.00079610193
8.324228e-09
6.9930643e-09
5.1410876e-05
0.00066817616
0.0030831075
5.9902074e-09
5.8583427e-10
0.7816391
4.627115e-05
0.010561785
5.1835315e-07
1.3126057e-05
1.2492244e-07
0.9975882
0.002232692
1.1978442e-06
1.4509234e-07
0.008987845
0.095087945
0.0014901274
0.9996887
0.00053288566
2.3730381e-07
0.99719477
0.11727333
0.0020544913
0.0035770922
0.0054979054
0.00033628946
3.0195317e-09
4.868811e-05
0.0010097778
7.190441e-05
9.726511e-06
0.020654855
1.2826007e-05
0.0006463
0.9787815
0.0015941178
0.8371913
0.002946573
4.5566567e-06
0.00016274666
0.00461856
0.5581613
1.7890668e-05
0.00083908404
1.4359288e-05
1.531871e-07
0.9602296
4.146098e-05
2.241914e-05
0.03656258
0.039650857
0.00037804747
0.4835842
1.5416318e-06
0.9999998
5.5604335e-07
0.031934347
0.5133141
2.4619572e-05
2.447055e-09
6.240341e-09
0.036144968
0.4248419
1.6447748e-06
1.0
0.00022893694
0.0401869
0.0083853165
0.10312335
5.2340934e-06
3.0420339e-05
0.038737893
2.8408989e-08
0.033732954
0.0067343856
3.3161946e-08
1.1339302e-07
1.3277598e-07
8.789651e-06
4.2564705e-05
2.4891417e-06
6.1068335e-05
0.012984679
0.0014445164
0.03234803
0.00063001795
1.824543e-08
0.49283466
4.5663815e-05
3.2848593e-06
0.0011182853
0.009624395
0.0023619924
0.27624875
0.00016212308
0.0038249833
1.1071976e-05
1.2769585e-05
1.5377818e-05
0.99999845
0.050064016
0.5633291
8.6085965e-06
0.019866828
0.99974155
0.00393233
0.9999977
5.1675293e-08
0.07076193
0.2551459
2.8870607e-05
3.398529e-05
2.5752313e-05
0.066620186
0.9992577
0.025803652
1.527821e-06
0.00015920174
0.8058551
0.010942564
0.003197478
1.1028716e-05
0.9999807
0.0035369666
0.0028171355
0.00074722996
2.4918516e-09
0.99970025
0.004304188
0.0020544913
6.557867e-05
0.997676
1.5105721e-05
0.00027033428
1.527821e-06
1.0
2.346933e-07
7.691326e-06
8.292346e-05
0.5442204
0.0013888327
0.0072828354
7.327706e-07
