0.0001118306
0.00014307066
1.3179075e-06
2.3141858e-07
0.06768274
0.29168347
0.99999976
0.0015800506
1.6935484e-06
5.9017066e-07
1.3298165e-07
4.174007e-05
2.1510378e-09
1.33312205e-05
0.99979156
1.6959291e-06
5.4063185e-07
0.0002697668
9.177615e-05
0.00019799043
1.4256747e-05
1.0
0.8606263
4.227478e-05
0.0019291845
0.9996543
0.001120196
0.5864108
3.0459564e-06
0.74963427
5.119029e-08
0.9999788
1.0503227e-05
1.3645406e-07
1.8214838e-07
0.00018484853
1.2483014e-07
0.006139177
3.9982943e-08
0.0016128264
7.4322024e-06
2.5270792e-09
0.0031520233
7.3750846e-07
0.0030820405
0.9972476
2.2796125e-06
0.0032286658
0.91018796
0.0013920638
0.5321437
0.18947802
0.9825473
2.9414732e-08
3.4063733e-06
0.0013920638
0.006688763
0.13062239
3.957619e-07
0.99989676
0.00058596313
1.7829717e-07
0.08824236
0.98453265
0.5848178
5.317524e-10
0.003052288
0.21951552
0.86065215
0.6000959
0.14746171
1.8960833e-06
0.0074744904
4.5965166e-08
3.5919845e-09
1.8593198e-07
0.0036042314
4.898673e-05
0.9999032
9.326916e-06
7.5746984e-06
0.0011986078
1.2205438e-06
0.00035594607
0.027747033
7.362918e-05
0.007340849
0.09846198
0.23504192
2.5542824e-05
1.5242352e-06
0.058438703
0.00019010964
1.802483e-05
0.8389259
0.5436561
0.00030368482
2.449788e-05
1.8264377e-07
1.3831426e-07
0.0317285
0.99984586
1.0778333e-06
5.3109484e-06
0.7641691
0.00012250333
9.0145033e-07
7.3750846e-07
7.422877e-05
2.449788e-05
3.9982943e-08
7.5917575e-05
5.3583665e-07
4.9352846e-05
7.8970006e-05
0.0014482988
0.28577745
0.019050455
4.486944e-07
0.0025799002
0.0029763002
2.1494949e-05
0.006688763
1.3457802e-08
0.7708899
1.0771822e-07
0.95764506
0.9957903
0.8622319
0.92318666
0.891903
0.00039315224
0.3058787
0.99927306
0.010664297
0.9991751
2.6385103e-05
2.2042164e-09
0.7708899
0.984747
9.326916e-06
4.7939006e-06
0.0020919284
6.1500674e-07
1.9097857e-05
0.8951923
0.99999994
1.8192318e-06
0.09846198
4.6219075e-06
0.006299572
0.7367831
1.7439548e-09
3.0170448e-09
0.0007321234
1.5640701e-07
0.013906452
8.610002e-05
2.0463698e-07
0.00013610875
4.5858775e-07
4.174711e-06
0.010937817
4.5965166e-08
4.3695795e-06
0.9594873
0.0063234605
2.453624e-06
0.009017935
7.224132e-07
0.00013491222
9.119027e-05
0.0005775204
2.4896136e-07
1.8570281e-06
0.025186509
4.2671218e-06
1.6588087e-05
2.8393497e-08
0.9000188
0.99916255
3.0901367e-06
0.016278345
0.059382044
5.962322e-06
0.0015743664
0.018293649
0.9999999
0.007276105
0.00019764186
8.911877e-07
7.0944714e-07
1.2921861e-09
0.0072761015
1.3314817e-06
1.4995083e-09
6.5136135e-10
0.049946845
0.00032257612
0.9999869
0.008951088
0.00035594607
1.893828e-06
0.03178546
0.80891377
0.999416
0.00084024895
0.99699014
0.99895203
5.3181982e-05
0.8707984
0.9999825
0.0015026467
9.8575885e-09
2.0185837e-06
5.0916566e-07
0.000968178
0.8938822
1.1684309e-07
7.4263815e-05
8.304441e-08
0.031912785
0.0020228126
3.3040763e-07
3.944774e-05
0.911718
0.0521885
0.9672638
0.13107808
4.509368e-05
0.016161414
0.0019291845
0.00038887231
4.043539e-07
7.121512e-05
1.5471417e-06
4.0793266e-06
3.657635e-05
1.1937793e-07
0.004576657
1.4203913e-06
0.0130804395
0.005064453
0.00015810586
9.026323e-07
1.8889311e-07
3.6780057e-10
0.00013074523
0.00091138895
8.752579e-06
5.1561754e-05
1.0778333e-06
1.01206965e-07
3.8593616e-06
2.8260426e-06
0.8951923
6.2279933e-06
4.6114856e-05
1.7102713e-05
7.224132e-07
0.6995236
0.002329422
3.2682816e-09
0.9999999
0.91171795
1.4147124e-05
9.0946564e-08
0.21524648
0.99999994
2.1494949e-05
6.471987e-06
0.0007892073
0.0010748995
0.3207627
1.7664848e-06
1.1806884e-05
7.937423e-05
1.9302087e-07
7.793291e-06
0.9962945
0.00069182925
5.805069e-07
7.1841923e-06
0.95890266
0.13922243
0.0044308677
2.0067726e-05
4.0841897e-08
0.9270341
0.0006578038
0.98719996
0.3940687
0.020732999
1.4402585e-05
5.6016876e-08
0.05811857
0.99409956
6.2009495e-09
0.00080153235
1.8889311e-07
