0.99999994
0.9999983
1.0
1.4429305e-08
1.92236e-10
2.6472017e-07
0.9999634
2.6176538e-06
0.00027313226
8.143306e-08
2.6685577e-05
7.576875e-11
0.0040106685
5.374949e-07
0.24412613
1.7305464e-07
4.73631e-10
6.7475616e-05
4.843855e-07
3.7421233e-10
0.2564386
4.967781e-05
2.7629294e-06
0.006076906
0.994297
4.3194493e-07
5.092307e-08
1.2116175e-05
0.0031993296
1.2323502e-08
1.552828e-05
2.8692e-07
0.0027158456
0.9999021
9.199366e-07
0.19478558
6.57327e-10
0.00017176158
2.7843578e-06
0.0005153838
0.0004067179
2.509803e-07
4.095199e-06
2.2218748e-07
3.1728692e-07
1.6894462e-07
0.9697529
8.304061e-08
7.922408e-10
1.912176e-06
5.923328e-11
3.7365896e-06
3.206833e-05
4.3409233e-05
7.097612e-08
6.9170414e-06
5.030705e-12
6.923899e-07
0.99916625
0.0009272882
2.6155704e-09
2.6176538e-06
7.7267536e-08
0.9929693
1.4429305e-08
1.9972525e-07
6.864234e-07
2.146995e-06
1.2635425e-07
2.7821248e-10
1.2582144e-09
2.0156295e-07
9.7196564e-05
7.3102924e-10
0.63106596
2.6047609e-10
1.0803947e-10
0.061649695
0.00080899196
5.030705e-12
0.026949529
9.292341e-08
4.6913406e-09
0.99100566
0.8495193
3.415215e-05
5.3846327e-09
9.73175e-05
1.0107179e-05
3.313027e-05
1.9787612e-06
2.5400614e-06
1.0935686e-09
3.3486163e-12
5.1940027e-05
0.9573075
0.00036268964
2.6174183e-08
0.29243144
7.696887e-10
1.4371027e-07
0.2564386
2.502475e-07
0.999569
1.3730073e-07
0.003816943
5.1263264e-06
8.241727e-05
8.966611e-08
7.3434994e-06
3.3486163e-12
3.6581025e-06
0.00010290508
3.301589e-09
4.27799e-08
9.1519905e-07
0.0002023317
1.6648182e-05
4.097169e-07
1.6022486e-07
0.89900404
2.0403735e-07
2.6680689e-09
2.1846601e-05
2.2884757e-05
0.027813371
4.8887873e-08
3.279912e-07
0.000120922035
2.828224e-07
2.0168258e-05
1.2635425e-07
0.00035974092
3.9346176e-08
0.7857283
3.2799363e-08
4.336223e-05
1.11866605e-07
1.456955e-07
3.984602e-06
2.0011993e-07
8.936659e-09
0.013764641
0.058877617
3.7207474e-08
0.0005686252
1.0056926e-07
0.9983396
6.305969e-05
5.4244975e-08
6.593581e-08
9.490123e-05
0.99980456
7.831491e-06
0.000120922035
0.013835709
3.539964e-05
6.722083e-10
0.0008628223
6.623582e-05
0.00020255485
1.6494363e-10
1.0159092e-05
7.3102924e-10
5.2571297e-05
8.878961e-09
1.1988121e-06
1.5606698e-05
0.00011958535
0.18667963
3.0907174e-06
0.0075970097
6.582519e-06
1.0863275e-05
0.0060341433
1.739964e-06
0.0012302675
2.6414513e-08
1.7634856e-07
0.9986108
1.3892575e-08
4.7011514e-07
6.2188583e-09
5.6330515e-05
5.447606e-06
4.841402e-06
2.3408345e-08
0.00030541763
1.9413234e-08
1.3323307e-08
2.0300593e-05
0.0018233437
1.4444978e-11
2.3289e-07
0.049711216
8.650914e-06
3.3756385e-06
6.302013e-09
2.7121555e-11
5.533679e-05
1.6014513e-09
3.6164902e-10
1.9097483e-06
4.8754437e-06
4.9958634e-11
4.5011184e-06
2.4654568e-07
1.3724427e-05
0.00016726776
0.00027313226
5.332163e-05
3.875919e-06
2.9574867e-06
0.0015761234
6.3211237e-06
0.9997516
0.997192
0.0004067179
4.0692445e-05
0.027650347
5.025906e-07
0.89900404
1.0047249e-06
3.7407695e-09
0.00015609692
0.67327297
1.912176e-06
3.5662342e-06
0.029658776
1.1217165e-06
0.9651904
2.42562e-08
1.9413271e-08
1.2859336e-07
5.3730386e-05
0.0009196619
9.2655455e-08
0.0012741279
3.9346176e-08
5.8918626e-09
7.7267536e-08
8.207517e-07
7.9618025e-05
0.00942137
2.3445081e-07
0.00029709158
9.4573075e-08
0.016278027
6.438461e-06
5.420278e-08
7.799065e-09
0.003976039
6.516312e-05
5.3047124e-06
2.0894444e-08
2.6472017e-07
7.9982374e-07
0.02515572
1.2882261e-05
4.9081343e-09
6.125963e-08
1.5089217e-09
0.99999994
0.9508152
1.4444978e-11
0.06310593
5.979611e-07
3.4193352e-08
0.9999984
1.4390985e-06
0.0001235375
1.1114117e-11
0.0010500771
0.0035865884
6.3296443e-07
7.6162377e-07
6.841322e-05
0.24412613
0.9999991
5.118717e-07
8.698034e-06
4.672269e-07
1.971306e-10
0.000106764914
0.9997236
0.99685806
8.3738036e-05
7.4306004e-06
5.4685565e-06
1.2955003e-07
0.9573075
2.426951e-07
9.929079e-06
2.5157787e-08
1.09623215e-07
0.0010500771
9.402312e-07
2.4080254e-07
2.0412104e-07
0.0024320278
