1.0
1.0
0.0003101341
5.5046478e-08
1.4330683e-06
2.1242788e-05
8.946108e-09
3.201387e-06
7.801775e-07
0.0010066273
2.1212414e-10
3.825409e-11
0.55525964
4.9555234e-07
1.5822051e-06
4.9684724e-05
3.6531738e-09
7.859127e-07
3.809129e-11
4.1142537e-11
0.0052972296
2.7246956e-09
3.3828303e-07
3.8219146e-06
0.037377793
0.8814064
0.00014578039
1.1229883e-08
3.229418e-08
0.3267173
0.52429926
1.855922e-07
3.3450338e-09
1.1229245e-07
0.69832885
0.9985474
8.617743e-07
3.8826485e-08
1.0699719e-06
2.2628805e-05
6.9099865e-06
1.6715479e-06
2.2839784e-10
3.863309e-08
5.3205316e-05
0.0007976081
2.0183725e-07
0.008184309
5.036726e-07
4.061481e-09
1.5688174e-05
7.037624e-07
6.320132e-07
3.0269455e-05
2.7574115e-10
2.9450494e-08
0.00060172065
5.395646e-08
1.165694e-07
0.99999994
3.2129692e-09
0.00046422324
8.2731695e-08
9.142056e-05
1.0173354e-06
0.0017533788
0.09893634
7.903148e-05
1.2658381e-06
1.7461923e-08
0.0010406793
0.7587917
4.8508664e-05
1.2966362e-07
2.2900927e-07
1.9583656e-06
1.7160036e-07
0.9983143
2.5087827e-08
7.0645626e-08
3.047784e-06
0.999137
3.9948566e-07
4.6885337e-08
2.0756943e-05
7.686911e-06
3.617529e-07
2.4539912e-09
6.901452e-08
4.0981578e-07
0.32343975
3.5214575e-06
2.2123846e-08
1.0121021e-06
4.064092e-09
0.99896646
2.2152221e-08
5.2549044e-06
9.593338e-10
1.5728844e-08
4.8897404e-05
0.012459442
1.7333709e-07
7.359716e-11
7.665498e-08
4.6856644e-07
2.1725985e-09
7.846243e-05
3.863309e-08
3.239993e-08
3.5828384e-07
0.9999541
3.123908e-07
0.7457801
4.4266937e-09
0.0015882386
1.2911131e-07
0.9703808
2.3909888e-07
5.5837405e-05
0.0013770655
1.9720103e-09
0.011938612
6.064417e-07
9.469997e-08
1.0173354e-06
0.97898597
6.709318e-08
0.19195195
2.1672666e-05
1.0881806e-07
5.5034877e-10
5.4062514e-07
0.00033517627
1.2216438e-07
0.00015015219
2.1806704e-08
1.2012855e-05
0.16843815
3.2046639e-09
7.903148e-05
0.008742516
1.5110999e-08
1.4890293e-05
1.568289e-08
0.00016571944
0.0100210225
0.0006981718
1.8073706e-06
0.97980624
3.2419095e-08
7.569716e-05
0.9987675
0.9983143
1.0
4.6520126e-06
2.4054464e-06
4.3337215e-07
1.3869493e-07
0.013248018
1.2273642e-10
9.271465e-07
0.99632037
0.0100210225
3.9253053e-05
0.00050794025
0.010222632
2.7863446e-06
2.764619e-06
2.5531745e-12
7.8454046e-05
3.3097902e-05
6.272671e-05
0.5356394
1.1516317e-08
1.0173354e-06
4.3773467e-05
1.3591767e-05
1.4330683e-06
3.0289744e-09
0.9339515
3.12644e-05
6.6766376e-08
0.0001368923
0.00033517627
1.2317589e-06
0.0006749684
9.633945e-08
1.4255357e-07
5.486394e-07
1.3274801e-09
1.4579489e-06
0.00018502345
4.3470916e-07
0.097052194
1.4255357e-07
1.1202157e-08
6.208905e-08
1.7933537e-07
1.7879582e-05
0.22889794
0.1269685
3.3772513e-11
9.238065e-06
6.445339e-08
0.00050794025
0.0055519594
0.011475816
5.5034877e-10
0.012459442
0.00060172065
1.6260594e-09
0.9717765
0.0035334525
1.6928378e-06
0.022518005
1.4868519e-06
0.0017533788
8.282789e-06
3.0509324e-09
6.769822e-09
0.8349754
2.3196833e-07
2.4571305e-08
8.3668206e-10
0.9463539
4.1695307e-06
1.3591767e-05
2.445963e-09
1.4657162e-10
0.0033995786
1.2576236e-10
1.6657137e-05
5.6671734e-06
0.0003690279
2.7514204e-07
8.064813e-07
3.083353e-05
0.52429926
0.0035372558
2.539649e-07
2.1157296e-06
2.4375254e-08
2.4375254e-08
0.00240413
4.064092e-09
0.22036378
0.009583121
1.1807246e-07
9.65066e-07
3.4319046e-06
7.548862e-05
6.034014e-08
2.5819393e-06
1.8634294e-09
5.3070016e-05
7.3129486e-05
6.194089e-05
7.5396865e-06
8.52767e-06
1.6928378e-06
2.9318223e-06
0.8232283
0.022773935
2.0452127e-07
3.032971e-08
0.0002354225
8.2473234e-10
2.8369028e-08
3.5031321e-06
1.1904158e-06
0.96126693
0.99275744
6.0404803e-10
6.2610525e-07
4.0967454e-05
0.00043861655
1.4431534e-08
7.056992e-06
6.370557e-05
0.5670788
4.5240045e-06
6.796905e-08
0.9999945
0.00043361
0.00068712194
0.018015442
0.011979844
6.1758345e-07
0.008948225
1.7879582e-05
0.4278693
2.0165018e-08
4.234561e-06
5.144795e-05
1.5390523e-06
4.057251e-06
2.8561324e-05
5.7903726e-08
1.5228154e-07
