0.99986374
0.76316017
0.002466041
4.801694e-05
0.14213276
0.9937252
4.1665853e-06
0.7511797
0.024604423
0.0010094615
0.013949353
1.0847361e-08
0.0010123488
7.2963354e-05
0.9999999
0.010218218
0.00014329307
0.44231218
0.99949825
0.0022904093
0.0045447615
0.00032989914
0.8867851
0.00011105993
1.0
0.0019641323
0.00045832864
0.00095094787
1.0
0.012771091
0.00013439324
0.9999586
1.5243057e-08
0.049778208
0.014384411
1.4468143e-06
3.091211e-07
2.4853346e-06
3.9113715e-05
0.95054287
0.88980204
0.08022863
1.8248726e-07
0.016712397
0.0001929972
0.0015257174
1.6084184e-07
0.0034998495
1.2525145e-07
0.0013268485
8.151552e-05
0.014194989
4.6476613e-05
0.97868264
0.00012439
1.0921059e-08
0.013050624
0.00994944
5.3215972e-05
0.0027689752
0.8885532
4.4594408e-08
0.0014994122
2.7900408e-06
1.6232148e-05
0.0009416488
0.0046785194
0.025696123
0.007862105
0.00012321305
0.8730635
0.0076547326
0.99937785
0.00023717759
5.4970307e-05
0.016011242
0.9999984
0.9980001
0.0023065973
8.984317e-05
0.13046892
0.99894214
1.2338113e-07
0.99999946
0.000637966
2.0317302e-06
0.18712611
0.03408962
1.8716237e-07
8.984317e-05
0.3102455
6.907872e-07
0.00096996356
7.2042258e-06
0.99999917
0.0022211664
3.890911e-06
0.00010800238
0.005092981
0.0001157254
6.343029e-08
0.9986394
0.03969913
0.0064026774
0.0023874068
0.014109102
0.2141149
0.00023864384
7.661528e-07
5.5091114e-05
0.009897905
0.99999946
0.99999994
3.4683865e-07
0.9999482
0.9999987
0.00047887047
4.0135262e-07
0.0026900226
0.9332436
1.0609019e-05
2.3451037e-06
2.1031938e-09
0.77558386
0.011114112
0.17183043
0.00015865361
0.52465034
1.724321e-09
1.5448196e-06
0.15277281
0.61610246
0.3203133
0.0005219101
0.00011909511
0.0007952732
0.008970211
0.9999887
0.00024054974
0.9999955
0.006253788
0.0076547326
8.892688e-05
8.001854e-05
0.089911744
5.8220045e-05
0.0018965175
0.9999477
0.9996903
3.8558854e-05
0.75117975
0.0001545855
0.002789828
9.624174e-08
0.23932147
0.00015771513
1.889168e-05
8.5431175e-08
0.049659207
0.85451007
1.931575e-05
4.5261142e-05
0.9637171
0.7409455
0.0035147218
0.95285463
4.6183428e-05
0.0053098323
0.35271862
6.070752e-06
0.026361655
0.91331464
7.737059e-05
0.031294376
1.9011108e-05
1.373451e-05
0.18016787
0.00036406316
0.17004842
0.9999078
0.5803119
3.1679576e-06
0.99996924
2.536647e-08
0.00013745342
7.785626e-05
0.78583896
1.0
0.72038126
0.87612814
0.99999917
2.0317302e-06
1.2983433e-05
0.020396154
1.6084184e-07
0.014469895
0.001803235
0.003495711
0.39035448
1.8694701e-06
0.001173522
0.9995806
1.0
0.95635235
1.2878208e-05
0.004095226
0.00039251184
0.99016577
0.013251185
0.0030036748
6.638695e-05
0.00080359034
1.2315897e-05
0.46276855
0.00073370954
0.0018001769
0.98129374
0.990278
0.03370051
0.67155087
1.1675642e-05
0.0006422621
5.1860297e-05
0.9999864
0.1580972
0.29777172
0.0064026774
0.99999833
2.905148e-05
0.0030864743
0.99967766
6.824503e-06
1.0
6.9847016e-07
0.0033353183
0.000420365
0.9994088
0.9497822
0.0064985226
0.9713417
0.9999572
2.6976938e-06
1.8167239e-05
1.6140469e-07
0.28443936
0.00025512438
0.9999986
6.638695e-05
1.2941613e-05
0.00031706897
0.3042926
0.00994944
9.760753e-08
2.4807385e-05
0.022339726
0.00010984608
8.577403e-05
0.98298186
0.99999994
1.2603573e-06
2.0984123e-06
0.0001061879
0.99943745
3.579027e-05
0.31024548
0.00084256683
0.0020820869
4.3517866e-05
1.3411761e-05
0.00019655263
0.00085320213
7.053871e-06
0.032538973
0.03780786
1.5111917e-05
0.00017239393
0.99998605
0.013368777
0.05630155
0.0006735441
0.0029841948
0.97569525
0.9640416
0.9979961
6.94732e-06
0.55781853
2.3445678e-05
2.583989e-05
0.99998474
8.919028e-07
5.1040724e-06
5.896497e-06
3.1679576e-06
0.0054733953
0.1766622
0.0014659544
4.155927e-05
1.2878208e-05
0.19732913
0.019689674
