0.99999464
0.3391628
0.10725809
0.06834948
0.0045493
0.0028150987
0.0055964068
0.00047403097
0.0022214444
3.4091244e-08
0.9999987
0.5269881
1.4356536e-06
0.008888729
1.0499404e-06
0.35441697
0.0008244707
1.673847e-09
0.02142982
0.010259437
1.2371662e-06
0.00022834203
0.3490124
0.011717711
9.5138086e-05
0.0005697949
6.8957306e-05
2.7198823e-09
0.8523006
0.047583096
3.5459163e-07
0.00044443968
0.013687173
2.2586523e-06
3.4744812e-07
0.26484922
1.639319e-06
0.0117176995
3.3488273e-08
0.00600788
1.3617312e-05
9.876983e-07
8.5324325e-07
8.748629e-07
0.012189562
0.9226016
9.845135e-08
0.00017765873
8.0117803e-07
3.4862605e-05
0.0005552129
3.9080456e-05
0.99979687
0.99973434
0.9980772
0.024208454
1.6686965e-08
0.000809051
0.116404526
0.99951124
4.9249205e-09
0.9997136
0.95574963
0.99978846
3.4039854e-07
1.3046634e-05
0.053332627
4.026875e-06
4.2620295e-06
5.1332627e-09
2.397508e-05
0.011739548
4.3887285e-05
0.012189562
2.8265165e-05
0.00016765801
1.6048238e-06
1.287851e-06
0.00016176945
3.148093e-08
1.1997743e-05
1.3646139e-06
5.014669e-07
7.651898e-08
0.008530769
5.713059e-07
4.284637e-08
0.0013540838
4.031542e-09
2.1087611e-05
0.038986538
0.5269881
0.0003511556
0.582269
0.95394915
4.427824e-05
2.4155333e-06
9.9126474e-08
3.5017026e-06
6.6061707e-06
0.028386028
2.0193009e-05
3.2462267e-05
1.0643768e-07
3.135876e-06
7.394955e-05
2.8265165e-05
3.3264216e-05
0.010741029
9.751495e-06
1.1480059e-09
1.975454e-06
1.2450713e-05
6.6061707e-06
6.041212e-07
0.9950144
0.008530769
1.3008266e-06
0.040941883
2.4155333e-06
0.99999946
6.084634e-05
0.0012331401
5.0730347e-07
0.98011833
9.6606996e-08
2.0706985e-08
2.0647556e-07
2.6232237e-05
2.839962e-06
1.2932759e-09
9.282629e-09
0.9719563
7.4139564e-08
1.2824001e-05
0.01144278
1.8408173e-09
3.2462267e-05
0.029682567
0.008936536
0.00030975055
8.684329e-11
0.9989895
2.1393211e-07
0.0001247309
4.162813e-05
0.027658366
1.299238e-07
4.952532e-08
4.8009666e-11
0.034202456
0.011740893
0.61954606
0.014872163
0.083059385
1.9296965e-06
0.0021749476
0.040941883
2.3330125e-07
0.0002961064
1.6936431e-08
2.8265165e-05
0.0005277379
9.778149e-05
1.21086785e-08
0.9950144
4.0482697e-05
0.010545349
2.0875261e-06
1.9954887e-06
2.538666e-07
4.7959446e-07
0.25017217
0.045488164
5.916085e-05
0.99994093
3.4200257e-05
1.4551159e-08
0.003767074
0.01937115
5.2285422e-08
8.349577e-07
0.9815649
3.673943e-08
0.046991274
0.037012067
0.0059006684
0.31486857
3.2009087e-08
2.0493376e-06
0.0014987619
7.4795895e-07
2.839962e-06
1.186664e-06
9.778149e-05
0.0013030402
1.6048238e-06
2.623549e-05
4.719313e-05
7.923639e-08
0.002070407
0.00080106204
1.3646139e-06
0.03588105
0.99998903
1.6399381e-06
0.90503067
6.4887575e-07
0.09523128
3.2551975e-07
0.006729622
2.56466e-07
1.0546485e-07
2.839962e-06
3.5323763e-05
0.0020122153
3.6345078e-08
6.183219e-05
0.3490124
0.0013030402
1.6918372e-06
6.452719e-07
0.7398125
3.3094082e-05
0.006316672
0.99674517
0.33316436
0.00015184454
2.5259585e-06
2.1888294e-08
6.2637255e-09
4.3746215e-05
2.4840836e-05
0.0009324392
5.9495874e-06
9.923672e-07
0.999983
2.0776035e-06
0.0001331686
6.400293e-08
0.00046659782
2.6220812e-07
6.878393e-05
0.90503067
1.5833471e-08
5.5989958e-08
1.0238878e-08
3.539707e-05
0.0045493
4.3907473e-08
0.00045175332
2.1784587e-08
0.0011282493
0.00021098582
0.98518705
1.5611758e-05
2.1613562e-09
0.00028641
2.5360373e-08
0.024208454
2.0862062e-05
1.0807043e-05
0.9998518
3.221931e-07
2.1799966e-08
1.4034214e-07
0.00045175332
6.2443837e-06
0.04904006
0.00019227114
0.0008422911
0.026740327
0.926951
4.3960566e-07
1.512043e-07
1.3904929e-08
0.00027080814
1.4068149e-05
3.0251545e-07
0.0056247124
2.640787e-06
2.56466e-07
2.1812741e-07
0.049638588
0.0051902817
0.0009827651
0.0007746274
1.4034214e-07
1.0989365e-08
0.3815441
1.2570426e-11
5.8223895e-07
0.03078828
3.4899432e-07
0.004258105
3.912548e-08
1.1369622e-09
0.00021280636
1.1950851e-06
2.119668e-06
