0.99960977
1.0
1.0
1.0
1.0
1.3802874e-06
9.801946e-08
2.642585e-08
2.8152604e-12
0.00029196625
8.0119165e-09
8.129925e-06
1.4647422e-08
1.6181855e-05
0.0030431515
0.00025174493
3.9935844e-07
0.00855897
7.514528e-11
1.9876354e-06
1.199064e-08
2.0291297e-06
2.606683e-11
0.00233268
6.053236e-10
2.900447e-08
0.000927078
8.104707e-08
4.1129574e-08
0.99999326
2.99888e-05
1.0032485e-05
0.00042899392
0.004167378
7.3671623e-07
3.9376874e-12
4.2674845e-05
1.2241804e-07
1.0656196e-08
8.91426e-08
3.41441e-06
5.185133e-08
0.0002257676
9.6843884e-08
1.111356e-06
3.4793788e-07
2.5953744e-09
2.0291297e-06
8.397789e-10
2.5953744e-09
1.7457498e-05
0.00019812564
2.3780228e-06
1.387624e-07
6.5344004e-08
4.5313698e-07
0.0061483723
1.6608807e-05
1.1433974e-05
0.77204
4.706826e-10
1.6963265e-08
5.250738e-12
1.7236117e-08
1.9316265e-07
0.0016793214
7.996698e-12
7.0411493e-10
4.446985e-05
0.72684294
4.9004008e-08
0.6723554
1.5177585e-11
1.5054806e-06
4.879798e-07
0.0025027157
6.357909e-05
0.003028578
4.324528e-05
0.00034663308
0.99993455
2.4821938e-05
0.00011021046
1.681546e-09
0.0037945765
0.99999714
1.1378129e-05
0.9699569
0.0054259603
3.0078968e-07
1.1168875e-06
1.2014892e-06
1.6182777e-06
1.2783843e-07
5.630549e-05
5.3675383e-05
1.8390936e-06
3.8191286e-09
8.22082e-08
2.9067027e-05
0.006431639
5.758352e-05
9.32521e-11
4.5561028e-05
2.1275247e-07
5.4017547e-11
8.91426e-08
0.02206854
1.6562338e-06
2.2305107e-08
6.785441e-07
1.0388134e-06
9.861241e-08
8.972702e-08
3.1715084e-05
0.02847822
0.17338224
8.972702e-08
2.7431402e-05
3.9335745e-08
4.6927935e-06
1.8772424e-09
0.00010125509
1.6270676e-05
1.3762823e-06
0.99999994
3.6967708e-07
1.8106039e-07
0.509989
1.1544401e-08
9.86873e-08
0.0027281397
1.0928958e-05
0.9992966
1.05993055e-10
3.887391e-06
1.9655975e-08
0.00331631
4.0268108e-07
5.815259e-10
8.345869e-12
0.0004565071
1.1955407e-11
1.5219866e-09
8.591737e-05
2.6698652e-07
1.2804749e-06
8.1286565e-08
1.1073421e-06
6.781643e-07
7.871393e-05
2.3940204e-08
5.622582e-07
0.2626255
3.3066164e-10
1.1214016e-09
2.99888e-05
0.00016136613
0.13177599
2.1275247e-07
0.28812853
0.9981965
1.1378129e-05
0.002010278
8.680555e-07
0.0023275986
2.2271099e-08
5.4394826e-05
3.3204562e-06
2.6308328e-07
7.940187e-09
6.695241e-09
6.644966e-08
0.06161668
1.8354962e-08
0.004599451
1.355637e-08
2.1675144e-06
4.005131e-09
2.662588e-06
1.3676871e-09
3.4956759e-07
0.9998929
1.1544401e-08
7.1224895e-07
7.8255624e-08
2.5846545e-09
0.0013884451
2.7239491e-06
4.7765684e-07
1.2594833e-07
5.1806287e-06
1.3574119e-08
8.042219e-08
1.5946086e-09
0.62949604
6.5938516e-10
2.796112e-09
1.01797056e-07
3.3027973e-07
1.1572658e-09
4.345852e-05
0.97283506
0.00032924998
1.2709047e-07
2.1303062e-05
5.891393e-06
2.7392129e-09
0.0013624545
0.002268344
8.241843e-08
1.17422175e-07
2.978587e-09
3.872647e-09
0.0041675186
2.6226266e-11
3.0833926e-06
3.6898562e-08
0.65746564
1.75713e-09
0.04963987
5.914654e-06
3.6967708e-07
0.00024215155
2.3652443e-05
2.1440107e-07
1.7344009e-06
3.048563e-06
1.8011406e-09
2.0800195e-09
9.865472e-06
3.5881526e-06
0.00025174493
0.00019581469
3.6967708e-07
4.040212e-08
0.001911178
0.9999272
9.569054e-05
0.9981965
5.865493e-08
0.8035948
6.277279e-07
2.1360423e-08
0.99993455
2.0194412e-07
9.309455e-06
6.594547e-05
8.15333e-08
7.77447e-09
4.3110738e-08
0.13224888
1.2819932e-07
0.00030019076
0.9999113
9.361225e-05
0.00043700915
1.8034447e-08
2.980974e-09
8.401214e-05
5.806088e-08
4.219675e-07
1.1071395e-08
3.6359757e-09
0.9997926
2.331821e-06
4.0393527e-10
0.0028358435
1.3883569e-08
1.702562e-07
3.885832e-09
0.000765827
0.0012875157
2.3702759e-08
0.00073902484
1.1017889e-05
3.960201e-08
3.8339685e-08
0.9600735
1.4576618e-10
1.7014987e-07
0.5467743
5.9516116e-09
1.8358833e-06
5.758846e-05
1.7367463e-05
1.7224245e-05
6.245852e-05
0.9663
0.00024697254
0.9999401
0.0012149782
2.7919034e-08
4.219675e-07
2.5841233e-08
4.1859884e-09
0.07015182
1.6983587e-09
0.007374718
3.4801562e-09
