1.0
3.7050922e-05
0.9953169
0.9510938
5.3012656e-05
0.00043123853
0.0033281613
5.0765797e-05
0.008472884
0.9999991
4.899902e-05
0.0006573726
0.78452396
3.4262862e-06
0.99999744
1.0
0.9949337
1.0
0.9999179
0.0014150962
1.0
0.99999845
0.99891543
0.9999981
1.0
0.9999965
1.0
1.0
1.0
1.0
0.99999946
0.9999993
1.0
0.9999999
0.99999994
1.0
1.0
1.0
0.9912975
1.0
1.0
1.0
1.0
0.99999833
1.0
0.9999984
7.2974814e-07
1.0600088e-07
5.7420824e-05
0.00027088562
0.011869948
0.0005084213
2.4325374e-05
0.00037411202
0.99999994
0.017164173
0.00022728508
5.3926477e-05
0.008906155
3.8724133e-07
2.9392747e-06
2.2026405e-09
0.005752458
2.020661e-05
1.2231209e-07
1.368963e-05
2.402461e-05
0.9998929
0.018353885
2.4747673e-05
2.469091e-05
0.99999845
0.02462715
0.0002863999
0.98941934
2.3467614e-06
0.00010433265
4.6704386e-06
0.001315022
0.23659436
0.9999848
2.5293542e-05
6.327284e-07
0.00068967434
0.7219437
4.044695e-06
0.664487
1.93214e-06
5.976418e-07
0.0014425163
0.00034219064
6.1116305e-07
0.9999849
0.9999706
7.891129e-05
6.312726e-06
1.8449136e-05
0.98941934
1.447826e-06
1.8744116e-06
0.07284714
6.6778347e-07
1.2231209e-07
0.010452294
0.001015318
0.943903
8.935076e-06
0.01877196
2.5702238e-05
1.5474396e-07
1.2308419e-06
1.462819e-05
1.1493035e-08
1.3353641e-06
4.6704386e-06
0.99999994
0.84359294
2.6346265e-07
1.3449231e-08
5.2152904e-10
4.7288047e-08
1.551536e-05
9.322748e-07
1.3243141e-05
0.00053043955
2.821771e-05
1.9916163e-06
8.0468735e-06
0.9999998
0.010010134
0.0025166199
0.99997556
4.6806243e-09
0.018118693
2.7232686e-06
0.027363764
0.0010005854
0.09654777
3.760276e-07
0.035431355
0.08221882
0.99320537
9.283239e-06
0.9997217
7.8960824e-05
1.9291247e-07
2.1889095e-07
0.017164173
5.0778042e-05
2.7888916e-07
7.3790216e-06
4.1064623e-06
7.638491e-06
3.1717806e-05
2.875648e-06
4.6366354e-06
0.987991
1.18332515e-07
4.8648633e-07
0.08657292
0.9993147
3.77074e-06
0.02203657
0.66154385
0.049953792
0.00015679057
0.9999972
0.007393595
0.00066589203
0.9999794
3.2413576e-05
0.0033954745
3.7472023e-06
0.9999689
0.5471038
3.8008072e-06
0.0008489382
8.464196e-06
0.8871809
2.86707e-05
0.778281
0.52870995
2.149462e-05
2.2073435e-08
0.00315499
0.99999684
1.8715587e-05
1.4471695e-08
0.99791276
0.004117599
5.062849e-05
4.976453e-05
5.892741e-05
0.06979452
0.00043721477
4.729531e-05
2.8031627e-07
0.99999684
0.0023960082
2.1661049e-06
5.280606e-06
3.9375864e-06
0.00013146782
0.07491133
1.551536e-05
0.010456211
7.212512e-10
0.013368839
8.338818e-07
2.7888916e-07
1.0000322e-06
0.9475803
4.1709123e-07
1.08397124e-07
0.02548831
0.00214379
1.9460062e-07
2.100732e-09
2.0287163e-05
2.5817993e-05
0.00093698606
0.03404552
2.2902946e-06
3.8275804e-05
0.99990183
0.0021605408
2.8425684e-06
0.0021605417
4.999136e-07
2.555836e-06
2.5609459e-05
0.001562772
2.090835e-05
3.067875e-05
3.067875e-05
0.00023657367
1.6595145e-06
0.0006100441
5.976418e-07
2.6621285e-07
2.868174e-07
6.3096624e-05
2.4645072e-07
5.948385e-06
2.0764408e-05
5.503047e-07
0.0002789558
0.9113201
1.7559034e-06
5.481849e-07
0.9956692
3.937733e-08
9.955669e-10
1.8167698e-06
0.9751826
6.78112e-06
1.3788111e-06
0.16890256
3.923175e-07
1.3364521e-05
2.469091e-05
0.0003982019
8.328758e-08
0.99866253
9.6161726e-05
1.6381484e-05
1.8359214e-10
4.6926558e-05
0.9699768
0.0038100681
4.729531e-05
0.0010294734
2.7042597e-07
0.166428
3.426123e-06
1.7717365e-08
8.5337024e-07
1.737918e-09
0.000383979
0.0055705113
2.710521e-06
0.9956692
0.08937299
0.00049245433
1.0
1.0493263e-09
0.8012856
0.3400111
0.0010526518
1.8625173e-05
5.159294e-09
1.5484405e-07
9.7104085e-09
3.0423937e-05
9.461308e-09
0.9999998
0.0013335319
2.5702238e-05
0.011335184
0.0011709823
