0.99992895
0.99999994
0.99696064
0.9999717
0.9996489
1.0
0.99999154
1.0
0.99999994
0.9999999
0.70029926
0.99999267
0.0012207057
0.0008367143
0.99988914
5.272315e-08
6.3668932e-09
0.014127646
0.99996394
0.99999887
5.283819e-09
2.6234093e-06
3.7440277e-05
0.9997467
0.7907481
0.0014169578
2.0439545e-06
0.179951
4.411227e-05
1.678127e-06
0.43342382
8.8450484e-05
0.9997545
0.016820908
1.0945456e-06
2.1987336e-08
3.7440277e-05
1.5019075e-05
0.568253
0.99999934
0.014654935
8.912562e-05
2.3549293e-05
3.9932597e-06
0.568253
0.9777202
0.5035771
0.0066555925
0.00064343045
4.692902e-05
0.049439855
0.00025679605
0.89149576
0.017175077
2.519828e-06
0.9999523
9.146876e-06
1.5082661e-05
9.533079e-05
0.00021324489
0.23724775
0.9724581
0.99999464
0.005033481
0.0001999168
0.001290831
0.001771312
0.23575999
0.9994972
2.3478403e-06
0.00072025775
2.8640386e-07
2.1689907e-06
0.001434721
0.07078543
1.0715306e-07
2.993057e-05
3.1013715e-05
0.9962585
3.9104503e-05
0.00047326658
1.9247254e-07
0.1360205
4.6473422e-05
1.5728925e-06
1.441505e-06
1.3912388e-07
1.8041663e-09
1.9247254e-07
2.641195e-07
0.0056087705
2.3478403e-06
5.107033e-06
9.427607e-05
0.009646117
2.655774e-07
1.9688638e-05
0.22874421
5.023917e-07
3.290592e-05
2.7456356e-06
4.6067516e-06
0.010003989
0.000108216496
8.60441e-06
0.13942501
0.023643432
0.0003454748
0.8865831
1.4332391e-05
6.1116867e-09
6.3326166e-05
6.45749e-10
0.0005196446
2.624866e-09
0.0056438562
0.0051015457
0.005033481
8.162742e-07
0.9999989
0.0004427434
6.389136e-06
0.9999821
2.3549293e-05
1.35386955e-08
5.029616e-10
0.8786013
0.9976361
0.9967584
4.649059e-06
5.3544612e-05
1.0092702e-06
2.4287823e-05
0.9999523
0.89590365
0.0015285675
0.97993803
1.2011546e-06
0.9977221
1.6228338e-06
0.013632917
0.0028933343
0.00045186444
0.049439855
3.520008e-05
1.1952393e-08
5.664768e-07
0.003183393
0.0008422827
0.37587273
0.024678601
0.38180378
1.2384455e-09
0.0018365977
4.5213133e-06
0.9998734
3.760105e-09
0.34109107
5.272315e-08
0.0006763241
0.061115313
0.9837926
1.2058101e-05
0.0022679814
4.203799e-05
0.99999887
0.00019738838
0.4885994
7.529411e-06
0.9405402
0.00035896772
2.995372e-08
0.006471125
0.118618354
0.0007168462
8.22273e-05
5.0338144e-06
0.001434721
0.030636182
3.3333724e-06
0.5739869
0.9998678
0.0011572206
0.9999955
4.34168e-08
1.1831507e-06
5.6194943e-07
0.022305373
0.5923795
1.8417386e-06
6.5573186e-06
0.7546607
0.001159908
0.953814
9.837106e-05
0.0002553531
0.03298238
0.020616097
1.2011546e-06
0.15559535
0.15559535
0.00013403156
3.4820616e-06
1.8347228e-06
0.00048435642
0.00069008954
6.343133e-05
0.00034815058
7.091302e-05
3.7817313e-06
8.7752846e-07
8.354935e-06
0.9969343
2.4099567e-10
5.1999104e-05
2.8219325e-05
0.20645225
0.99999607
3.3514716e-06
6.325692e-08
1.177518e-06
0.763737
0.0004898216
1.3984716e-06
0.33886856
4.8236335e-09
0.013632917
4.139595e-05
2.0651112e-06
4.098801e-05
3.3978387e-05
0.6849902
0.0023885246
9.808301e-09
0.66075176
1.2704176e-07
0.000529399
0.00025148632
4.6035277e-07
2.1222002e-06
0.32948813
0.9999955
0.9999829
0.00013386743
0.1657524
0.9981321
0.0006572266
0.00020921954
4.098801e-05
0.99999624
0.020616097
5.62673e-06
0.0003802853
0.0024483849
0.23724775
7.416784e-07
0.41477314
5.3590586e-05
0.9279958
1.42345655e-08
2.0550977e-05
9.9237595e-06
3.4328412e-05
0.5276239
0.06281914
2.3634005e-08
7.7216555e-07
0.003721781
0.0015285675
4.765083e-05
0.043681648
2.624866e-09
0.99995977
0.9999963
0.00085138786
0.000780301
0.15887986
0.73083025
1.055505e-05
3.3514716e-06
0.0032637415
6.5418817e-07
4.0117753e-05
9.1293606e-07
0.000103865896
7.397626e-07
5.8109515e-07
3.1701306e-06
5.9771477e-10
0.0012207057
0.0068132565
7.6018565e-05
2.4211602e-07
6.8141184e-05
3.3189556e-06
0.9767479
0.08566337
9.499195e-08
3.543554e-06
9.547285e-06
