0.9999616
3.596433e-06
0.00067604834
0.00020348556
6.1317076e-07
0.040788207
1.8459049e-09
1.5545442e-09
1.3584874e-07
1.8924535e-05
3.4269333e-06
5.751512e-06
1.996349e-12
7.391928e-07
2.4856095e-09
0.0008766977
3.518997e-09
5.4983623e-08
9.4652115e-08
1.1318799e-05
1.0029385e-06
1.3703847e-06
4.5498593e-05
1.2378271e-06
8.294411e-07
3.166206e-06
0.27974057
7.4766743e-10
3.8355118e-08
0.0013684839
0.73024917
0.99999994
3.396319e-05
0.99986017
0.00017507955
9.655812e-05
1.4361027e-07
3.170748e-10
2.5539746e-06
1.4838382e-05
3.073846e-05
0.0007168476
1.0743174e-08
0.012406532
1.0682651e-08
0.00044388862
4.4274366e-06
1.32752636e-08
0.3001139
2.5615898e-07
1.1442814e-08
2.8521464e-07
5.973575e-08
0.8149409
1.7566249e-08
1.2199782e-06
3.93497e-08
1.2124024e-08
9.2200065e-07
0.0051277922
0.99970424
9.661193e-09
9.251912e-08
7.146091e-05
2.056243e-07
0.07552467
0.070462964
3.186664e-07
2.7495666e-09
0.00041303466
0.070462964
0.008131182
6.648008e-05
0.99628013
2.56631e-05
3.137118e-08
0.012110416
3.0423153e-05
3.6050323e-09
4.832089e-05
9.2698894e-05
0.0011994131
1.0703826e-05
0.0013049254
2.4666713e-05
1.045842e-06
4.234362e-09
4.7038875e-06
6.8246554e-11
1.7304987e-05
0.0019144635
0.959288
2.6996448e-05
0.011716855
0.99999976
0.17966323
2.1504497e-06
0.31163758
4.118702e-09
6.7148846e-09
1.3199015e-08
0.5974113
0.00062086654
8.9242385e-05
4.184248e-09
2.1713433e-09
4.6845295e-07
0.00016012814
0.00045312956
1.7304987e-05
0.00021381414
7.451834e-05
4.7324046e-12
0.05835831
4.0006536e-05
2.0259499e-09
0.6934281
0.0031963503
1.8312272e-05
0.0012625116
2.8682206e-07
4.5317373e-07
3.2135988e-05
6.328621e-05
0.0023068278
2.6740027e-10
3.9009393e-07
2.3427495e-09
1.689265e-05
2.0464822e-06
3.818781e-08
0.02051584
3.0243325e-07
0.9801921
1.1141512e-06
3.3569925e-09
2.2251851e-09
0.13675427
1.1375614e-06
6.277764e-07
0.28687498
0.946892
0.00025146164
0.0010995007
0.0026833378
4.714697e-10
0.024564236
0.9801921
4.585046e-08
0.00020039603
2.056245e-07
4.3411175e-05
7.531343e-06
0.046665993
9.390671e-07
1.007163e-07
2.5893592e-05
0.02051584
7.587466e-05
2.5297095e-07
3.2577827e-06
0.013631679
0.575323
0.060360193
0.00016276108
2.1712326e-08
0.41233596
9.241663e-07
2.0460848e-07
0.0008085793
0.10756608
4.5317373e-07
0.00043779198
2.6934367e-07
2.5294705e-07
0.21624197
0.89107573
4.7038875e-06
0.95300317
2.3024112e-09
4.2582105e-06
9.661193e-09
1.7571836e-09
7.41332e-05
0.00014953467
0.0005380202
1.1800458e-07
1.7104843e-06
1.156231e-07
3.2327097e-07
0.9999999
1.7104843e-06
2.8044677e-05
2.007202e-10
8.208997e-07
1.4301029e-05
0.0004761227
1.0432048e-07
0.0008933349
0.0029952016
5.798496e-07
3.2341028e-08
1.1074141e-08
2.3593205e-07
3.3688324e-05
2.5681628e-09
3.465087e-05
0.57072186
2.880661e-05
1.0227168e-06
3.5543133e-05
7.968189e-10
9.796321e-08
8.642896e-07
0.007975753
0.00012864634
0.0050166445
1.0950989e-06
1.3048158e-07
0.999994
0.0012068483
0.00013495777
9.694539e-11
0.006404783
2.2513925e-05
0.0004103088
0.00021271122
1.2447036e-10
4.2582105e-06
0.015564208
7.41332e-05
7.359881e-08
6.933424e-11
0.0017189966
1.8472713e-07
7.5402816e-08
5.4983623e-08
2.8858482e-10
0.00019582214
1.4617326e-07
0.0005373865
3.1772274e-09
0.0054383003
0.0019530441
9.667369e-07
2.5297095e-07
0.0001241581
2.6740027e-10
0.011287207
7.359881e-08
1.9778726e-08
0.00016743691
0.00031163174
3.2329808e-07
4.719119e-07
5.053227e-06
4.345547e-09
0.000109888504
6.45031e-06
2.36577e-05
0.057622686
1.7530856e-05
0.003946359
1.12386296e-07
9.796321e-08
1.0889815e-06
0.9999901
6.251327e-07
4.5020275e-07
5.915777e-07
8.038875e-08
1.0
9.610408e-06
0.18302955
1.0753138e-08
3.4929228e-05
0.99999154
1.8898898e-07
1.2044824e-06
4.1146857e-05
2.401671e-06
1.2260783e-06
1.2029392e-07
6.1069627e-06
0.00032443833
3.4168431e-06
0.04629965
4.2395088e-05
7.153817e-05
1.9855229e-08
4.5317373e-07
6.0866023e-10
0.00066617137
1.8661342e-07
1.7571836e-09
0.99927425
0.0020752707
1.1168662e-08
2.8814018e-06
5.088244e-07
