0.9999998
0.99948525
1.0
1.0
1.0
0.9999968
1.0
1.0
1.0
1.0
1.0
1.842006e-07
6.855455e-08
2.509456e-06
0.017261405
1.7398565e-05
0.00021971799
4.96421e-05
0.9999953
1.9533543e-07
2.6613086e-06
1.6638011e-06
4.5086194e-06
1.6732929e-07
0.00063004944
0.028793545
3.3442578e-07
1.47634455e-05
0.00032637262
2.7998018e-05
0.13594864
4.538255e-07
0.00036377038
3.933053e-06
0.0011735689
8.5925495e-07
5.528169e-10
0.00017533115
5.2438827e-07
0.00043663333
8.562564e-06
1.8328813e-06
0.00034664763
0.99999994
1.0
3.135386e-10
0.00029275674
1.4434562e-08
2.305795e-09
0.00013498183
8.534178e-06
3.3136612e-06
0.9931105
8.497133e-05
0.7613317
6.4535643e-06
4.5086194e-06
0.005895471
3.9500705e-05
1.4954383e-06
7.351608e-05
1.4473081e-05
3.2705957e-06
6.007533e-08
1.4077586e-08
9.0866774e-07
3.3455733e-06
2.609123e-09
0.00019075551
2.062883e-06
0.74894935
2.1693259e-06
1.2916267e-07
1.3623972e-08
0.0029519126
4.51701e-08
3.7904837e-07
2.9509026e-06
0.7157247
1.2045238e-06
1.6988261e-08
1.3729595e-08
7.360933e-07
0.00055822794
5.3614434e-07
8.898832e-07
0.00015139102
1.745066e-07
4.1675517e-05
7.325289e-08
3.854065e-08
4.656851e-06
4.1257423e-05
3.866361e-08
2.128986e-07
0.9968889
1.6467807e-06
0.3575329
0.9999907
5.809328e-10
4.0599293e-06
0.16466841
0.00015570121
0.00020388642
7.189677e-07
3.1642266e-08
3.854065e-08
0.8377545
5.103274e-06
7.196991e-08
1.0810843e-06
2.0100824e-05
8.581922e-08
6.8299e-08
0.00020528192
0.0006976131
6.3736515e-08
7.422381e-05
2.765788e-09
0.0022055903
0.9015134
5.1897437e-08
6.6441544e-08
4.8986813e-06
2.2338188e-08
2.8535493e-10
0.27568498
0.0002990111
1.6710028e-06
2.692122e-07
1.4954383e-06
1.4697509e-06
0.014516098
8.2309623e-07
0.0017793957
4.9635e-05
0.00032644699
3.4727984e-07
1.4541303e-06
0.00018976953
2.3140321e-06
1.592821e-07
1.6950836e-09
3.3623575e-08
0.8971192
0.2483145
0.9999362
1.477808e-08
2.2272336e-05
5.144526e-06
2.9659128e-07
0.0010473102
0.0003085189
0.0012360547
0.0007279137
1.6988261e-08
2.0784952e-05
0.005668419
2.704894e-07
1.0804082e-06
3.547715e-08
0.00038039623
1.0024369e-07
0.4513684
3.2886046e-06
6.855455e-08
3.383778e-10
2.6570182e-09
9.888794e-06
6.007533e-08
0.27293134
0.0003085189
7.3799005e-05
2.5014967e-07
0.0026837972
2.188275e-07
3.539964e-05
0.9156666
0.0014147856
0.74894935
1.325871e-05
0.00024246899
4.1007166e-05
7.13681e-10
8.667328e-07
4.712341e-10
5.758553e-07
0.17081636
2.933434e-07
0.12312973
0.0013117739
0.00055531104
0.005384315
3.720205e-06
3.861007e-06
0.0003085189
0.00017533115
1.0355532e-06
5.350796e-09
0.68431973
1.1940612e-08
0.0028907105
0.9991471
1.0156462e-09
0.0034669258
3.201513e-08
5.299312e-09
0.9999944
0.00032597178
1.7888273e-07
0.00031897513
0.07242304
0.9856136
2.545991e-09
1.5245723e-07
6.992279e-06
8.896496e-05
0.047855612
5.1032045e-09
0.72401273
2.896854e-07
7.151033e-06
0.83840567
0.2483145
5.2886826e-05
8.5946635e-07
2.1482466e-08
8.562564e-06
0.1355999
0.0034669258
0.00043663333
0.8971192
7.351608e-05
6.2424603e-09
4.0347294e-07
8.7068315e-08
1.0763648e-07
0.15665369
0.0009547608
0.0006307924
8.560536e-07
9.049094e-07
6.869248e-09
4.7893005e-05
1.2840479e-06
8.67891e-08
0.003979215
0.00050333363
0.00022420593
4.0347294e-07
1.1234531e-06
0.9979385
0.8232532
5.756963e-05
9.189613e-05
0.07004533
5.0901042e-05
0.30570748
8.5993195e-09
3.953471e-11
3.7364933e-07
7.170502e-09
1.7868235e-06
9.027621e-11
0.003979213
0.00022420593
7.968318e-08
0.00046781343
4.948732e-07
0.00012240103
4.6578016e-06
2.353524e-10
5.7251245e-06
3.539964e-05
5.6882277e-09
1.8116015e-08
0.10574356
6.4865985e-10
1.3401684e-07
3.7369254e-09
1.14177354e-07
4.0560718e-07
1.0638283e-06
0.0011268427
2.4610151e-06
0.1355999
4.7512083e-07
1.4175068e-08
1.5104169e-08
0.10023636
1.1198952e-06
0.001063447
4.5883333e-09
2.0173482e-06
1.2272692e-06
7.1999125e-06
7.329943e-07
2.1881205e-07
6.2325164e-08
0.0057091895
