0.010540384
0.9822446
0.9960536
0.99999803
2.121327e-07
2.9161097e-07
2.4363608e-10
0.00013247153
4.2672335e-07
4.383393e-07
0.5302942
1.1377221e-08
1.4853191e-05
0.9997561
6.285651e-09
0.006937084
7.982888e-09
4.4778815e-07
5.3183703e-05
1.5370442e-06
4.1530216e-06
1.9357813e-07
1.386878e-07
1.0753753e-06
1.4481409e-06
1.359225e-06
1.3128963e-08
6.285651e-09
0.05763073
0.00026020032
9.768217e-09
0.921453
0.00018743445
0.0023991468
6.787992e-06
3.880875e-05
2.761981e-07
0.0014024249
4.1124636e-07
0.0007742285
1.2215709e-05
1.0085111e-05
0.2742746
9.60219e-08
0.84247917
0.99999833
1.539315e-06
0.0015616674
1.3097521e-05
0.008288862
1.2660457e-06
0.1001635
0.006618621
2.2791387e-06
3.7709124e-05
0.0007972593
0.0006806513
5.9311367e-07
0.52718216
5.4861165e-08
4.3197847e-06
2.6694452e-06
3.1875409e-06
1.6216085e-06
0.99999964
6.229288e-06
0.0010341795
0.0010879382
0.00026760245
1.3031246e-07
3.966544e-05
0.01427427
0.99999833
0.118371665
0.2686152
9.4591076e-07
0.083707444
5.2571446e-05
9.075556e-09
2.9308241e-05
0.77065814
4.714882e-06
1.5094253e-07
0.00041912618
8.610657e-06
3.0380015e-06
6.285651e-09
2.580851e-07
0.99989307
0.07160807
0.0010260092
7.9673455e-08
4.4058226e-08
2.98885e-07
1.0893984e-05
0.00037448437
0.00020591923
1.2536832e-05
5.3056937e-09
0.00036024317
2.0300627e-06
0.0012604196
0.47478548
0.02844701
0.0061097117
0.00014568202
0.98882633
6.382459e-08
9.253842e-07
0.18728937
2.1534e-07
0.00046835063
0.9227112
0.003491619
4.5861924e-07
2.2240221e-05
3.7387756e-11
1.1348915e-06
0.7323324
1.551559e-08
2.7851966e-08
1.0715746e-09
6.706945e-10
0.05766847
1.992302e-08
1.5625432e-05
0.0007225822
6.596348e-07
0.01152445
0.0008943855
3.3347607e-07
2.1335463e-08
1.9343286e-06
4.202484e-09
0.0012451273
5.1493404e-05
9.3989496e-07
0.0014926611
0.015741875
1.5094253e-07
0.013034241
6.2779253e-07
0.99999833
0.982271
0.06231199
2.4320829e-05
0.07127984
0.00032668174
8.6156915e-06
6.229288e-06
0.0007742285
0.9977714
0.0025452466
6.151765e-05
8.9152294e-08
4.998096e-06
0.00010994092
7.161672e-09
4.3809104e-07
2.5247159e-11
6.397352e-08
8.415061e-05
1.5270257e-06
0.96993333
0.47478548
0.0049658488
0.0015492294
1.3638996e-06
1.4931895e-09
2.350339e-10
2.816233e-08
1.3050816e-08
0.00017311245
1.6184957e-05
0.0007455617
1.7747826e-06
3.9666798e-08
0.7018822
5.6614065e-09
6.7417403e-07
0.00014119402
1.2395269e-06
1.4743394e-08
0.00023544228
0.00044062053
0.00012943025
5.2894784e-08
2.6588427e-06
0.0007977183
3.761115e-06
0.017398069
3.7761347e-07
6.936178e-06
0.580217
0.00020591923
4.356487e-05
4.981282e-09
1.0455775e-05
1.5958979e-10
0.18212739
1.0753753e-06
0.11268927
2.7639176e-06
4.843042e-07
0.32826576
0.02301417
1.8315346e-05
7.4127655e-09
5.1669183e-08
0.060716897
0.9918627
1.0713753e-05
4.403468e-05
0.0029384394
0.008288862
1.4999639e-08
0.00014530217
2.810588e-06
1.0291958e-05
0.0004263708
0.9861408
4.906368e-07
0.0004000804
0.013556377
6.089766e-08
0.0015616674
2.3551855e-05
3.4304132e-05
9.041868e-08
0.9917433
0.9996498
0.9499055
4.4848667e-09
2.6410984e-05
8.582435e-05
0.00015056338
1.3298127e-07
3.680108e-07
5.912449e-06
3.6525319e-06
0.02270804
1.6337971e-06
0.63349205
1.539315e-06
7.923367e-08
1.8043383e-09
0.007626835
1.28031274e-08
2.692014e-06
0.00012994406
0.0001541692
0.99988943
1.8315346e-05
0.18728937
0.90286505
0.00033751206
3.5052308e-06
0.005756378
3.4033128e-05
0.9499055
2.78112e-06
0.0017208478
0.0006821153
6.9173264e-05
4.589981e-08
9.9476445e-09
2.238355e-05
0.009703495
0.0018558786
3.9126804e-09
2.4080443e-06
2.539429e-06
2.5036927e-06
0.0055060587
6.811375e-06
1.8025872e-07
0.02163882
2.3695402e-06
3.066646e-07
0.00017309612
0.0068187537
4.5852932e-05
0.9989962
1.4206595e-06
3.8053276e-09
6.7224963e-09
0.9922376
0.0004700616
0.0032335573
4.1162855e-07
1.0713753e-05
9.253842e-07
3.3593013e-05
5.197143e-07
3.929703e-09
4.998096e-06
0.9999992
5.37054e-06
0.15023926
0.580217
