0.99999845
2.1859258e-08
9.782858e-08
2.876619e-06
0.0001433286
0.00020348479
0.0014621768
2.4618174e-07
2.1336499e-10
1.5636467e-09
0.0005865929
1.01536436e-07
3.5400302e-07
2.7742485e-06
8.240299e-09
0.17824538
2.9918308e-09
1.856219e-05
6.0733464e-06
0.0019924415
0.9910925
1.8215464e-07
1.8074847e-07
2.05123e-06
1.3438596e-07
2.404643e-07
6.0639195e-08
0.0004939015
6.5501627e-06
1.241385e-07
1.079456e-09
3.5666359e-09
2.0499808e-08
1.6024229e-09
1.4836486e-08
8.212129e-07
5.4707316e-06
0.0018595797
0.9372906
1.7036735e-05
0.00015468695
1.4961279e-05
8.930714e-07
0.0026100434
0.002721371
0.002300408
1.7525435e-10
1.7036735e-05
0.00050024217
9.454782e-08
1.6350567e-05
1.138497e-08
0.015982201
7.842086e-07
1.4985889e-07
0.0016018288
8.86826e-10
0.000103352344
1.4368834e-07
0.0014217225
3.813957e-05
0.0026656028
0.00079202646
2.634617e-09
1.4243256e-08
7.364893e-07
1.5480258e-06
0.00020047056
2.2441112e-07
4.2188275e-09
0.9991745
2.4662993e-06
1.3992117e-07
2.0267476e-05
1.5785158e-09
9.771845e-06
0.70244205
0.3285108
0.009020672
5.9947524e-06
1.0341807e-07
4.6474997e-11
8.824429e-07
1.2164964e-05
3.1262076e-05
4.793014e-07
1.5635699e-08
3.5622372e-09
2.5960873e-09
0.00011881312
4.349768e-09
1.2895568e-06
2.3281628e-07
1.4103717e-06
0.008454609
1.7837262e-08
5.145123e-09
2.5031388e-06
2.963143e-05
0.00043680944
8.667628e-08
0.08623914
9.37551e-06
2.2451852e-08
0.06953493
0.0017262552
8.701648e-09
1.2732794e-06
3.5833645e-07
1.3424186e-05
3.780808e-07
0.012349376
9.731184e-05
2.9285584e-06
2.2311217e-05
2.6986409e-06
7.3913047e-06
0.07774851
0.012218614
5.403051e-07
5.510825e-07
0.017736342
5.3103713e-06
0.00018539502
0.483274
2.019739e-06
0.00016759888
8.04289e-09
3.6895887e-08
0.004867205
8.367303e-09
1.356977e-08
1.1348208e-05
0.025231786
0.011948201
2.0194992e-05
0.08787797
2.05123e-06
0.0022001413
7.849211e-08
0.0001352515
8.981431e-07
3.9635447e-06
0.98783493
1.7710156e-06
1.9860229e-08
8.534059e-09
0.0001352515
1.304348e-07
2.4260182e-05
0.008154011
0.0023224244
4.9146402e-11
0.18735361
1.0433497e-08
3.2614278e-07
1.2429108e-09
0.0004360585
5.3140006e-08
0.109851584
2.9285557e-06
0.0150226485
0.9998058
4.1890726e-05
8.8696186e-07
0.0034889537
0.900552
2.7675587e-05
0.9990523
0.92774355
2.3808616e-06
7.674195e-06
2.0337462e-10
0.002300408
1.8391953e-06
1.838045e-06
6.15657e-08
6.487904e-07
1.3719255e-08
8.594098e-07
3.7809877e-10
2.5316576e-09
1.7429571e-09
2.8179723e-09
2.98328e-05
4.829091e-06
0.015178625
0.99507356
3.4235665e-05
8.190814e-06
6.610606e-08
8.614722e-06
0.07939334
0.00016918137
1.6024229e-09
1.2041772e-08
2.5185422e-05
0.9999923
2.915332e-09
5.1554093e-06
0.014949613
5.470737e-06
3.9810203e-08
4.5575107e-05
5.294836e-09
8.143031e-06
0.001315738
5.2785134e-07
0.00067795423
3.582812e-11
1.776335e-05
0.00047531712
0.9998501
7.3913047e-06
8.143031e-06
7.139035e-07
0.00026791287
0.0010590663
2.761873e-07
0.7560629
0.08811645
8.5649475e-08
1.3302744e-07
0.08679998
2.5153833e-05
1.9371603e-06
0.40535894
0.00077105773
1.241385e-07
0.00015784001
7.839232e-08
1.4491472e-08
8.151026e-06
6.729825e-06
0.00044718178
0.002581108
1.7879158e-08
0.00023499058
9.454855e-08
4.5208031e-07
4.5589807e-08
7.9617035e-05
5.360725e-09
4.141844e-06
7.054626e-08
1.4243256e-08
8.865152e-09
1.9371166e-05
0.5165855
0.0013164876
3.105049e-06
0.92737216
8.989639e-09
0.00021103371
5.408791e-09
4.50177e-07
8.230799e-08
6.388878e-08
1.9860229e-08
1.2995522e-05
2.5295592e-05
3.0217657e-06
1.5701778e-05
3.4204106e-05
2.28481e-06
0.018219428
1.8912338e-05
1.0196534e-07
1.6579178e-10
0.0027100826
2.477413e-08
7.012327e-08
2.5809814e-07
1.838045e-06
3.939534e-09
9.339814e-06
0.0001052004
0.9746055
0.0028552618
2.8735081e-05
1.7989273e-06
6.2950574e-09
5.461308e-09
5.366392e-05
0.0006404119
0.9888387
1.4077206e-06
0.3992042
0.24586315
2.1356454e-05
0.0019203357
1.36282e-05
0.00015835979
0.03530659
0.019375825
0.015441971
2.297325e-05
6.480421e-07
0.6072709
6.9985504e-07
