0.99999964
0.09042255
0.0024436566
7.4227704e-05
0.01523885
1.265168e-07
0.1231224
1.9086706e-06
2.9403913e-07
0.66567415
3.234948e-08
0.023515288
0.7656753
1.2723333e-07
4.855813e-09
9.483116e-07
0.006055108
0.08693957
4.9086145e-07
0.9928643
0.0011091495
3.9153947e-05
0.001651827
1.0966052e-05
8.211379e-10
0.0073038666
1.6662925e-07
3.1226125e-07
1.3551929e-07
0.002055529
0.00023527307
6.8725116e-05
0.00089785934
8.707828e-08
2.1910697e-05
8.258117e-06
0.04277905
4.794522e-08
0.00014689867
0.00018807159
0.26577887
2.5374558e-07
0.000487093
1.3422447e-06
2.995692e-06
8.48072e-06
6.0332434e-07
0.98808914
1.9086706e-06
6.681263e-06
2.8644246e-05
0.101131484
2.9403913e-07
3.418527e-07
9.5303345e-05
0.000848185
0.0022148222
0.00010307686
4.553718e-05
5.5243625e-05
3.511109e-06
2.2344196e-08
0.3584195
4.969335e-05
1.8611911e-06
0.0012167889
1.1454503e-05
0.0015979809
0.2622859
3.65532e-05
0.25441274
0.007135587
0.0038289188
1.139884e-05
3.3733235e-05
2.2562573e-07
5.014831e-08
4.324515e-07
0.00056268554
5.9823655e-05
0.0025133924
0.00048527168
8.918786e-05
9.719674e-07
0.7694055
0.00010260975
0.012531507
0.011034037
3.3713744e-07
0.99999756
6.6016864e-06
0.3584195
2.2367398e-07
0.00025816733
0.0001525801
0.003011951
0.0022464627
0.22903924
1.5523633e-06
0.008565305
0.0013877691
9.8794535e-06
0.99931365
0.0013768662
0.004370284
7.228919e-06
0.0003065767
5.296528e-06
0.0011536705
3.0760764e-06
9.023551e-06
2.8001115e-05
8.254456e-06
0.009492921
3.3132978e-06
0.8218787
0.00018682351
1.5631858e-07
3.8581147e-05
1.8419109e-05
0.011728307
2.1219435e-08
0.6751197
5.156688e-06
0.99999756
1.8838343e-06
0.66724586
0.018480057
0.9840421
0.012028781
9.0231043e-07
0.05481722
0.0002025421
4.947659e-05
0.9999427
0.007760052
0.9161611
0.0031808352
0.25930002
5.210324e-07
0.00020917428
0.00018952884
0.001944308
0.0002856636
0.00031989577
0.0011496954
4.2219504e-05
0.8844784
3.65532e-05
2.5458101e-05
0.00013307823
3.2895678e-06
0.0015214614
0.99999934
0.042950045
2.4452633e-09
5.210324e-07
9.78278e-07
5.5837e-09
0.15950178
2.9628927e-06
0.00048946316
2.3077484e-05
0.015970232
1.687761e-05
0.04245222
0.2050498
1.3551929e-07
0.05754984
3.1226125e-07
1.0125045e-05
3.4840003e-05
1.4784287e-07
0.022212226
0.0007867695
4.4530363e-05
6.067865e-07
6.6751346e-07
0.94563085
0.0016758243
0.9999427
1.572216e-07
0.0020695718
6.681263e-06
2.0672461e-07
3.715351e-07
0.00026703664
2.099775e-05
0.0031808338
3.7574406e-05
0.004049037
2.2562573e-07
2.1757768e-07
2.7636106e-05
5.8656607e-08
0.0026245646
1.1526728e-05
0.0012339095
0.0029491154
2.9367978e-08
1.10272e-06
3.657028e-05
0.00035764626
8.211379e-10
0.99333006
0.024036923
0.9859245
8.536714e-07
9.9872304e-05
0.99994975
2.4701608e-08
1.3505417e-05
0.036586918
0.002219698
0.9996562
1.6802714e-07
0.051843636
6.3434766e-07
8.331331e-07
3.8329646e-05
3.1321625e-07
1.2896852e-05
2.5266188e-06
0.00034791467
0.056514718
9.8580094e-05
8.258117e-06
3.880738e-05
2.746822e-07
0.9963696
0.5370575
0.004869834
0.00045949905
1.2723333e-07
0.00042774438
5.283598e-06
0.42329282
1.0465135e-06
0.110315636
9.452768e-05
0.00049800676
7.2084867e-09
0.028449038
1.8891164e-06
4.794522e-08
2.1252028e-05
4.178228e-05
1.8011627e-07
0.011862133
0.78105
5.0057997e-06
1.7016896e-08
8.2350336e-05
4.452737e-06
1.7640755e-08
4.213177e-07
0.000748997
0.007983212
0.020800887
0.93895453
0.003662118
0.001651827
0.00050186244
0.9687312
2.8992199e-07
0.9461624
7.952558e-08
1.4784287e-07
3.0973187e-08
0.12298344
0.99907297
2.571561e-08
0.03941848
8.35706e-05
3.9931838e-10
0.00013403411
0.002589511
0.0071234014
0.027225183
2.746822e-07
0.0004906654
0.0036498657
7.137796e-07
0.99760014
2.7636106e-05
5.5706252e-05
2.9195014e-06
0.25441274
3.3033448e-05
0.07092726
3.5076653e-06
0.09697349
1.3666395e-08
3.1226125e-07
7.16043e-06
0.019598989
0.00010757859
0.9762791
1.0
0.0015959959
