1.0
0.00028977878
1.0
1.0
1.0
1.0
1.0
1.0144913e-07
1.0
2.2386515e-05
0.0004169567
8.412918e-06
0.045602795
5.367488e-06
8.782827e-05
3.1831937e-06
1.0094083e-09
2.1773668e-07
0.021801012
3.953914e-08
9.5419594e-08
5.84561e-09
2.96975e-06
1.1532357e-05
1.056791e-07
6.203448e-08
0.0006007359
4.7613325e-06
0.0001102462
0.00066153164
1.7899706e-07
0.8084081
7.495182e-09
0.00012905571
6.9993376e-07
0.0013034237
1.6141068e-06
1.3165078e-07
4.090671e-05
1.2882888e-05
5.269126e-09
1.0122739e-06
0.0001017954
0.001188262
0.00034506136
1.2205655e-07
1.0970291e-07
0.01628076
1.107526e-05
4.5354253e-07
1.2882888e-05
2.9713692e-09
0.0010292272
0.0013730119
4.1174392e-08
0.99964136
4.1174392e-08
2.0048777e-08
0.0032022735
0.0009603478
0.0039820694
0.039922893
0.0002394936
0.00011850559
0.14415322
3.4460205e-05
0.95118135
2.1773668e-07
0.045602795
3.8495873e-06
0.00061744836
6.937382e-05
0.9994492
1.4315573e-07
0.9996724
8.7731925e-05
2.459035e-06
5.8943595e-05
0.8795628
6.7137833e-09
4.5598916e-09
1.6107623e-07
0.000767042
6.655214e-07
3.0789832e-07
9.014695e-08
8.7731925e-05
0.9999991
4.4893966e-07
1.9188564e-08
0.9674252
8.882793e-08
0.0010292272
1.5697185e-07
3.6007872e-08
5.3293366e-05
2.5272261e-06
1.4941153e-06
1.44123815e-05
6.719961e-07
0.0036812082
1.7833043e-08
4.5281205e-08
0.00014799136
0.027697617
6.315505e-08
0.00011850559
3.989008e-05
5.468461e-08
0.00057435845
5.361137e-07
0.00017311146
0.00070650555
1.550923e-08
8.4463416e-08
3.9069237e-09
2.286711e-06
0.99956226
0.00015372297
1.8161151e-06
2.5987151e-06
0.008986724
2.6994078e-07
0.00014878938
0.89621127
1.2345358e-08
0.013157937
0.0017739073
3.8257144e-07
1.6108191e-06
3.6371013e-08
3.80765e-07
4.5598916e-09
4.9140475e-08
7.736155e-06
5.1187153e-06
6.511992e-08
0.004957477
4.4893966e-07
0.15742637
8.53618e-05
0.010470172
4.1952867e-07
2.2015788e-08
0.9999944
0.0002128092
0.7460747
0.00026989466
0.33312157
8.9803524e-07
1.8321965e-07
5.202509e-07
0.029372143
0.033640873
3.885232e-09
7.848252e-12
0.99956226
3.1864238e-05
3.9233408e-05
0.37160376
0.002267457
4.8733167e-05
1.7674163e-08
1.0917102e-08
0.0021937452
1.3805355e-05
0.00024223539
1.978633e-06
0.0017739073
9.895022e-05
1.1610642e-05
0.9997382
1.550923e-08
8.081929e-07
1.2664564e-06
5.9919174e-05
2.6717662e-05
5.170487e-08
3.0038174e-07
0.9977537
2.2528343e-07
0.0010939424
5.015568e-07
1.8265208e-08
1.6390949e-08
0.3468039
9.115183e-08
4.2800556e-07
3.261245e-09
0.00010437584
1.6614624e-07
9.616263e-07
0.07508413
4.355266e-05
2.086636e-05
0.00042285965
2.3163989e-06
1.1875675e-06
3.9122107e-05
0.05915849
3.953914e-08
0.0005339218
2.8532695e-06
8.045253e-09
1.0141717e-08
5.367488e-06
3.1542874e-07
7.9547334e-07
1.7672917e-05
4.6506317e-05
4.0139025e-09
3.3598428e-09
0.004979866
1.7195602e-07
1.8976806e-08
1.5364829e-09
6.586494e-06
3.4474401e-09
6.7638366e-06
1.6141068e-06
0.00014878938
0.8084081
9.59894e-05
5.0555398e-05
0.0658743
1.7894911e-09
1.2023806e-07
2.2386515e-05
0.8422641
0.07244793
2.3532248e-06
1.8451304e-09
0.007995362
0.0010292272
2.5513161e-06
0.00070639246
0.0011512702
0.0024440668
1.9593801e-06
1.3237813e-05
0.00011586376
4.7337144e-07
0.00012997008
0.1820273
0.0017630567
0.0034369424
0.0008523368
0.0003107337
0.0070014675
1.2201085e-06
0.0031166673
3.0111715e-07
0.0004712786
2.9072931e-05
3.0111715e-07
6.3707705e-07
0.00050804776
5.765268e-07
1.20270815e-05
7.384417e-07
9.174426e-10
0.9897853
2.0555717e-06
2.700896e-07
5.2732602e-08
0.03393189
2.2342412e-07
0.999591
7.583058e-07
0.0658743
4.2559102e-05
5.308237e-07
7.883871e-05
2.459035e-06
6.1895844e-07
0.0002394936
0.00020459702
0.00026989466
0.00022407385
1.8865383e-06
0.40017068
3.573943e-09
0.0006167685
4.162504e-07
3.8436048e-07
0.0012178133
1.3060247e-07
9.964548e-06
6.8735496e-08
5.361137e-07
4.1495906e-07
8.09742e-06
0.99735266
1.00239106e-07
1.4951936e-05
3.9829374e-06
2.0918422e-05
0.0008459766
0.0001640781
0.13458778
