1.0
0.9999962
3.052511e-06
2.8143484e-06
0.00023595622
0.00044922615
5.7177246e-10
2.2529519e-05
1.4581854e-06
3.2364405e-06
0.99999905
0.842981
9.482362e-05
5.3148313e-05
0.007490593
2.1091471e-05
0.0029973327
0.014380085
0.08452968
0.009018489
0.0002589547
0.009018489
2.2771204e-05
0.22510351
2.3398553e-07
2.8887817e-07
3.0115794e-07
1.843753e-07
0.47583616
0.05399543
4.9580233e-08
7.128891e-07
0.00035794714
4.871725e-08
0.99994826
6.939817e-06
0.9999874
9.188405e-06
0.016323918
0.00057118014
0.00021409322
0.011509261
0.00019537417
2.2161126e-09
8.751185e-08
0.0020033086
1.9433e-05
0.0023423398
1.6353029e-07
0.17830834
3.022466e-06
8.887705e-07
0.0001781544
3.1580275e-06
4.9004193e-06
1.6353029e-07
4.1665764e-09
9.4757816e-05
0.07746785
5.2576015e-06
0.58724946
4.597237e-06
3.368332e-06
2.160244e-06
5.7160246e-06
0.000525981
3.6439687e-08
0.00058584084
0.00030909476
0.11227471
6.913876e-07
0.80150324
4.1929988e-07
8.657574e-10
0.0003634213
1.4722813e-05
6.506033e-07
3.0085072e-05
0.23071595
9.888613e-07
1.4224543e-07
1.9562322e-06
0.0071941623
0.13772541
0.0020251956
0.2292483
3.8322837e-06
1.1345803e-07
0.0014127559
7.490836e-06
6.130129e-07
1.5028011e-06
0.36343578
5.251758e-06
0.538543
1.0146824e-06
0.0023242193
0.00014304624
0.26936764
5.146086e-06
9.1314014e-08
7.330443e-06
0.9999998
0.99751484
0.019726044
1.8769104e-08
2.5714937e-05
0.001079882
7.9300844e-05
1.8699413e-07
0.30153978
5.2494297e-06
0.00032718945
0.0001938132
0.00020127938
0.00057118014
0.0003638224
2.274373e-05
5.2312596e-05
0.00043552386
5.1183457e-07
0.058404315
1.8329448e-09
2.9014462e-05
4.4307046e-05
9.499422e-05
0.02763571
0.00020784147
1.240215e-06
3.8206224e-05
0.0011768171
0.7732303
2.2156792e-05
8.618354e-08
1.7023751e-06
0.15890738
0.15942986
5.177858e-06
3.22834e-05
3.2070562e-05
4.4871104e-08
9.440675e-06
0.00044922615
2.160244e-06
0.04585029
0.9998863
0.99991125
1.4325203e-06
1.5330265e-08
3.8588578e-07
1.7468409e-07
1.9052915e-06
0.00030123722
0.45903125
0.0007596565
0.0005245546
0.00033088567
6.896596e-07
6.5968953e-07
0.00020784147
4.2999818e-05
5.543215e-07
0.0001272159
0.0005580763
6.439038e-06
3.7783968e-07
4.1202675e-08
2.699382e-06
0.7452369
5.4618802e-05
6.132455e-06
0.00019325352
0.6278867
0.0038592499
7.1803275e-05
7.237778e-05
0.0038592499
2.1452905e-05
0.009886118
0.00031209408
4.3338627e-05
0.23071595
9.342507e-05
1.17312475e-05
9.613598e-10
1.147296e-06
1.1318164e-06
0.9999992
0.028975787
5.038623e-10
0.00031878392
1.1009274e-06
0.6581193
0.0027949587
0.0105722
3.4532997e-07
0.0009737961
5.460623e-07
0.004948979
4.1665764e-09
1.619626e-05
1.7769572e-06
2.4456424e-08
4.9821784e-07
0.0019902561
0.00059816544
0.0058923173
0.0010155631
0.00032718945
2.7501744e-07
1.5673372e-06
0.011004511
8.7145075e-08
4.7659755e-06
1.5413201e-05
0.0003576173
0.3360233
1.8953902e-05
0.006657591
0.011831983
0.32900694
0.0065654
2.231722e-07
1.1907275e-07
0.0003147649
4.4534363e-07
0.00036967578
0.9986583
3.8322837e-06
0.09750086
0.99994826
0.00051084894
1.0596773e-07
5.71204e-07
3.1941334e-05
2.6571835e-05
3.6577607e-05
1.1805589e-05
2.8143484e-06
0.0001379053
0.9989675
2.8887817e-07
4.5758184e-09
0.0009285078
2.8110007e-06
7.669885e-08
6.071454e-07
0.47583616
0.0019784227
1.0
3.842267e-06
0.501904
0.18209077
0.14092085
0.99990356
1.0231674e-06
0.502647
0.096218176
5.494999e-06
0.00031878392
0.99999094
3.7011887e-09
0.0002402197
1.8904032e-06
0.9999857
0.016668852
3.855253e-05
0.00027643424
5.0696953e-09
1.0321199e-05
0.011004511
6.651713e-06
1.9963645e-08
0.00031209408
0.022561371
2.1976237e-05
1.8769104e-08
7.490836e-06
0.0005004892
1.7340978e-08
0.98327684
1.7765654e-08
0.0012369127
0.8742047
0.0032005934
0.040238053
0.001895339
7.411298e-08
0.06829658
1.3942542e-06
3.4039523e-08
0.08452968
0.0003762503
0.99999905
0.7814019
3.8322837e-06
7.707781e-08
0.01062649
0.9990232
2.0452044e-08
