0.9976619
1.0
0.99999875
0.9999247
0.9999997
0.9936227
0.9996478
1.0
0.9999677
0.9250922
0.9976619
1.0
0.99999875
0.9999247
0.9999997
0.9936227
0.9996478
1.0
0.9999677
0.9250922
2.087302e-07
0.10102361
0.9995387
4.4323784e-05
0.34237924
0.98267996
0.00014660202
0.0003011924
1.6776128e-05
0.18117675
3.3849162e-06
0.0007404601
0.97875726
0.5420181
0.00025420365
2.1013895e-05
0.0005454131
0.016663555
2.4781227e-07
0.23419988
8.9705344e-07
0.000164969
1.7460712e-05
0.69922894
3.0744266e-07
0.00016730637
8.304121e-09
0.0028577838
0.00061832526
0.00018766531
0.99982226
0.004121568
0.046556078
0.00016790038
5.719301e-08
0.009249013
1.6128113e-06
1.4549015e-06
0.004461947
0.0012291753
0.27168658
0.013206114
1.0259513e-06
0.035108935
0.00011441495
0.28430814
1.1646084e-05
5.799485e-05
3.5353382e-09
0.00060798094
0.99996364
0.23817137
1.2481935e-06
2.6840013e-05
0.00013263508
2.7175323e-05
0.039959498
1.7151069e-06
2.2198796e-07
2.687074e-06
0.996282
0.0032903494
3.7871416e-07
0.0005151957
1.0750865e-05
1.4759644e-05
0.06523164
2.0324764e-08
3.0131014e-05
1.5214758e-06
5.534797e-06
0.42823267
9.952542e-06
0.030364588
5.216622e-06
0.0003687817
2.1187664e-06
7.3001337e-07
0.00031330923
2.0465181e-07
0.007921462
0.997669
0.99999946
6.198114e-08
6.2152736e-07
0.020184502
1.44059095e-05
1.2917437e-07
7.2543784e-08
0.00013737167
0.022908181
0.40040988
0.872462
6.772174e-05
9.80559e-07
1.4103355e-06
1.3755522e-05
0.0023337656
0.00085040723
0.0011376587
0.30643407
0.023737956
0.9999936
0.7689059
0.99999964
0.005436632
1.9889362e-06
1.3870753e-06
0.9202126
3.2269804e-07
0.00012232778
1.1855782e-08
0.0038462873
0.00055578206
0.02887207
0.0019436827
0.0033631567
1.7565162e-05
8.037679e-08
0.0023337656
3.62171e-06
1.9184341e-07
0.19933866
2.1027662e-07
1.562621e-06
0.0005071367
3.8096532e-05
1.4692727e-05
0.0013041229
0.06523164
1.907308e-07
0.0018354913
7.797595e-05
0.0013689519
4.9010938e-05
3.2554535e-06
1.940211e-06
1.5868194e-05
0.868666
0.9994541
0.0175401
1.5843523e-06
0.0001180988
0.99982226
0.0017147844
1.7408173e-07
0.008978722
0.00019790209
5.1565316e-08
5.4361222e-05
3.326499e-07
0.83227783
0.0013894228
0.30726442
0.001080073
0.0028590274
2.3089885e-06
2.7607683e-05
3.4971563e-07
0.99682575
0.001708879
0.010066195
0.0012585261
0.0034414483
0.19576445
0.99400043
0.00012428187
0.9999496
0.00039639586
0.00044907074
1.2212048e-09
4.8773432e-05
1.3834957e-05
1.2276039e-05
0.00014852361
0.998854
7.458094e-08
0.97423995
0.017343324
0.17758453
1.0209222e-07
6.34965e-08
0.4534146
3.6038148e-06
1.541592e-05
3.7871416e-07
0.010557341
7.443286e-08
1.1022659e-05
4.28645e-09
5.881361e-06
0.0004567757
1.2295149e-05
8.934312e-05
0.00010740813
5.0507566e-07
0.83295137
0.9795573
6.1920645e-08
0.9999276
6.0212e-06
3.5256372e-07
1.0113827e-07
0.014152433
0.9999998
0.000849471
0.00020245716
1.0720536e-08
5.8957717e-06
0.002269298
0.034575995
8.857355e-05
2.9342139e-06
0.99982226
0.011605027
1.7645705e-06
0.8536696
0.0023253253
3.6908107e-06
7.593922e-05
9.693323e-05
0.0004531272
0.99999964
2.972066e-05
0.9999691
3.475903e-05
1.8093391e-05
0.0001405758
0.030364588
0.99999964
0.00060798094
0.117760405
2.8685101e-06
0.5126964
1.0
9.927306e-07
0.009392346
0.00034986026
3.62171e-06
3.8096532e-05
1.3982102e-06
3.558675e-05
5.4718987e-07
0.99979764
0.99979216
6.123035e-06
1.0613132e-06
0.032680534
8.2844505e-05
0.000817574
4.420817e-06
0.98297554
2.8326588e-06
1.6539812e-05
0.042579636
0.05025463
4.574757e-06
5.6807712e-05
0.00054541335
0.0016642681
1.6539812e-05
0.0006196311
1.4608979e-05
4.28645e-09
7.390253e-05
0.20876421
0.0016361014
8.3353414e-11
0.00031212918
5.534797e-06
7.385217e-06
2.1027662e-07
0.0069814427
3.3230457e-08
6.3118556e-08
0.0026272722
0.0025377243
1.0
1.3373152e-05
9.0078e-07
