0.1378799
6.4774664e-05
4.7400652e-05
4.187684e-07
8.938221e-06
0.0061945166
6.311254e-08
8.795627e-07
0.86928177
0.00059313915
7.047704e-05
1.4546303e-08
0.0012558462
2.1819908e-06
2.7904645e-09
4.179218e-07
1.3269947e-08
2.8736342e-05
3.140311e-05
0.00036327826
7.2375167e-07
1.5979666e-07
3.8052574e-06
3.8111776e-07
2.845281e-07
0.78643286
0.59254754
1.4089067e-05
0.00038316956
0.98351914
9.189829e-08
8.714227e-05
4.5373244e-07
1.116716e-06
0.0025823726
8.212198e-09
0.99910694
0.9999997
0.00015130574
0.7401896
2.433549e-05
0.00046247506
0.04545085
0.00031052288
0.00034893875
8.889081e-08
1.1403073e-08
0.0007677752
2.326367e-05
0.00031569114
0.00022841868
1.2262444e-06
2.1416949e-05
0.83206743
1.7861373e-07
7.371258e-09
1.2813143e-08
1.887705e-09
0.0070935935
3.4561701e-06
2.0051798e-06
0.303748
6.866021e-07
1.2813143e-08
5.9614504e-09
3.5605137e-08
8.2771606e-07
2.202002e-09
8.016312e-06
0.1287661
6.999965e-07
1.442821e-05
6.4435344e-06
0.9921424
1.2737919e-06
8.677625e-07
0.005740378
7.2416015e-06
8.563637e-09
0.00060170284
4.1962094e-06
0.96455145
2.2792013e-09
0.0001960424
0.06408119
2.0896164e-07
0.9668104
0.00033083835
1.3937654e-10
5.624712e-10
0.0026921777
8.492267e-08
0.003311371
0.0023232212
8.2771606e-07
4.3033127e-05
6.429816e-09
8.506517e-08
4.333953e-07
0.00040569674
0.0007776294
1.915326e-06
7.860431e-07
4.5537154e-06
1.8264302e-08
4.0887727e-08
1.2672207e-07
0.00020764083
1.9630254e-05
0.00025515354
0.0035556601
1.00956195e-05
0.9999917
3.194967e-06
1.5439919e-06
0.99910694
1.985347e-06
3.8052574e-06
0.00015130574
1.0279128e-06
2.4594173e-09
1.1610475e-07
0.00608561
3.0558258e-08
0.9972114
8.4014e-07
0.98400235
1.1427065e-06
0.0005169267
3.4514437e-06
7.936099e-09
0.0014583659
2.53416e-09
0.0001840894
4.638739e-05
7.5089174e-06
1.4865094e-08
7.609617e-08
5.603857e-08
1.3120457e-07
3.0035937e-05
4.9764412e-06
2.335504e-09
6.8757913e-06
3.3854023e-05
4.2935076e-06
1.6263579e-08
3.826032e-06
9.788416e-09
0.0002278488
2.1492976e-06
1.4292827e-10
3.3771855e-08
8.531231e-08
0.26388702
0.11824219
0.0011591392
0.0004901946
0.13062803
1.4546303e-08
1.6187749e-09
0.00031175566
0.0058519463
0.0015321173
2.5952056e-07
4.1108025e-05
0.8973474
0.00034623413
3.2904118e-06
3.7658385e-06
7.336199e-06
2.0281784e-07
7.4780596e-06
0.000103799066
1.0515266e-06
6.873012e-08
0.0001812281
1.7636435e-06
3.1008915e-06
1.4865094e-08
2.0728842e-07
0.00031175566
0.060314007
1.4679311e-07
0.00014233628
6.492911e-07
0.00087128265
7.088273e-05
9.118139e-08
4.0887727e-08
0.7454947
1.4779714e-08
0.00030161193
3.7838092e-06
2.547041e-05
2.7001885e-09
0.0002293562
4.3033127e-05
3.5128092e-08
0.027843287
3.0586e-09
0.25768182
0.0017713642
5.206478e-06
1.3791689e-06
1.3530538e-08
1.116716e-06
3.9469574e-09
5.323333e-05
2.858041e-06
8.257267e-06
7.427111e-07
4.3019316e-08
0.0005169267
7.335349e-10
1.220505e-07
1.0113127e-06
0.0021932726
2.141264e-05
8.335604e-09
0.024204694
0.28534776
1.1700277e-09
0.43204984
4.9576497e-06
1.5979666e-07
5.846596e-05
6.513591e-05
3.3064563e-07
1.8904317e-10
6.522446e-08
0.3030877
3.8646633e-09
0.16439076
0.97518784
7.242955e-09
2.1686476e-05
0.0002394137
7.4528384e-07
0.00041949592
3.1102485e-07
4.9293214e-07
0.0012527949
3.6479228e-06
1.0279128e-06
1.3721435e-06
0.023807291
0.00013034316
4.638739e-05
3.5527373e-06
1.1502989e-06
3.1089254e-08
0.0010380978
4.799811e-06
0.00026304187
1.984928e-05
9.702211e-08
0.000115097224
3.7838092e-06
7.27466e-06
9.0266354e-08
5.1602456e-10
0.00022284918
0.027533015
0.002208948
2.7735867e-08
1.5754544e-08
1.4496885e-06
0.82263327
3.1403563e-06
0.00036056666
0.004052584
0.30020845
2.7767084e-09
5.9474837e-07
2.7791953e-06
2.7250943e-10
0.00021411484
1.8236494e-07
0.0006460435
5.206478e-06
2.6418653e-07
2.400972e-07
5.318426e-05
4.875597e-07
8.939374e-05
0.00014233628
1.3317977e-07
2.339583e-07
8.3696517e-07
0.0010380978
0.9516526
2.1326773e-06
3.8646633e-09
0.00044676295
0.0035777637
2.2342668e-07
1.1018623e-08
3.5187412e-07
0.015117148
