1.0
1.0353112e-06
1.0
0.9958391
3.5165714e-11
1.6232053e-06
2.4987883e-05
0.99999976
3.811097e-08
2.359751e-06
7.175674e-06
1.141373e-09
1.6409143e-06
6.2293646e-09
8.361308e-08
0.00031926355
0.73544985
2.2293257e-06
1.6202281e-06
5.4974925e-07
1.5955951e-08
4.915845e-09
1.4273926e-09
1.1214262e-07
2.014352e-09
1.8503442e-05
5.9796224e-07
0.018000955
0.0008864913
1.8013123e-09
3.7556322e-09
1.2713913e-06
1.7378877e-06
3.2057574e-07
4.5531626e-10
1.2551739e-05
3.5249552e-06
0.9999999
0.008267624
0.73544985
4.993917e-06
3.9130166e-09
0.0078981845
0.99999744
2.2258007e-09
9.235513e-07
0.99998116
2.2842497e-09
2.4876071e-12
3.8094604e-05
1.9765357e-06
4.058796e-07
6.6822664e-05
3.83152e-07
6.166836e-10
1.1958683e-06
0.98477215
0.004310343
9.0725233e-10
1.662951e-09
1.09388246e-07
4.014196e-07
0.005473281
1.8949957e-09
2.0345075e-07
0.0010677044
0.0022298659
3.4410374e-07
2.7940503e-08
1.5568598e-07
4.195925e-06
6.210504e-07
0.9989673
2.288774e-07
0.025085358
3.4603127e-09
0.0029175056
4.6912373e-05
1.2551739e-05
0.009378071
6.9381145e-09
3.1567996e-08
0.035519853
4.9515024e-06
5.4033906e-05
4.870076e-10
6.6520926e-08
0.7963002
2.4624327e-07
3.9885133e-05
1.4056001e-10
5.501877e-07
0.005473281
3.6819546e-07
2.791952e-07
0.0004142545
0.0036205638
3.6511944e-06
0.0009613004
0.98477215
0.9799229
1.179762e-05
0.0006144198
0.033088803
0.0644505
9.784272e-09
1.3152642e-07
3.8789107e-08
0.00015543228
0.00020977545
4.716546e-05
0.015812527
9.715618e-08
2.6771795e-08
0.00032989157
9.680625e-11
0.2631385
1.4190931e-05
0.0005899306
0.0008323217
5.439303e-07
2.736483e-08
4.3775794e-06
5.2280586e-07
1.3367023e-10
6.9381145e-09
0.0002526411
0.99999994
1.0808703e-07
8.548331e-07
4.642404e-07
2.375697e-09
6.065742e-10
4.2993688e-07
5.1161203e-07
0.0149190845
0.5721742
0.00024272944
5.1161203e-07
5.075829e-05
3.39241e-11
0.00055949675
0.00028288344
2.4101384e-08
6.365092e-05
1.0922852e-05
1.4352449e-08
0.059222274
2.2114236e-05
1.4950569e-08
0.00035705385
0.8232037
0.00010534857
8.403848e-06
1.4594353e-08
0.06983422
2.7540142e-07
0.00011240321
0.8973785
3.759426e-05
1.1956839e-05
0.013116554
1.6045371e-08
1.649561e-05
0.99137396
0.009500469
0.0061854934
1.7308995e-06
8.5334046e-05
6.271528e-07
0.0027029638
6.526784e-05
0.6285963
9.203856e-05
2.9263976e-08
0.00036817507
0.0003188824
6.9554066e-05
3.5382508e-10
0.9997866
1.4140147e-06
2.2553568e-06
0.02924945
0.9241349
1.5589025e-05
0.0065601273
0.9454651
0.00018212141
1.3102589e-09
3.2267577e-05
3.9301357e-10
2.9726983e-05
3.812166e-06
7.442888e-08
0.9241158
4.230363e-06
0.004310343
5.957486e-08
4.8729496e-05
0.99630916
6.6250183e-09
0.16954376
0.0001625638
8.175347e-07
4.230363e-06
6.619577e-08
4.7283628e-08
0.0001072405
3.4986175e-07
4.9241335e-06
0.0003769407
1.0493867e-12
5.4429943e-06
1.2713913e-06
1.10149294e-07
2.2252081e-05
1.638851e-08
1.2126075e-07
0.33226103
5.0784346e-09
9.525571e-09
5.0116464e-06
5.9439444e-06
0.0089484025
1.1545364e-09
0.00031833444
5.3750718e-08
0.00015717588
1.6582001e-09
1.190463e-07
0.014217613
2.6002303e-09
0.16631941
6.7731576e-06
2.5809379e-05
5.870829e-09
0.00014940242
1.3656081e-07
0.010363446
3.0676395e-06
0.0008349709
8.802061e-05
6.7731576e-06
3.2085313e-07
4.8672626e-07
0.25363323
0.00031286152
6.051708e-05
7.343116e-05
2.7599056e-10
1.2125247e-06
2.655389e-06
0.9954132
3.32779e-08
1.8183458e-07
5.051753e-06
1.043696e-08
8.27915e-07
4.9754256e-08
4.2783654e-08
1.9641078e-05
8.675416e-07
0.00010052431
9.102292e-08
0.00058849633
2.8464345e-07
0.54045266
1.57242e-06
2.7446764e-05
7.458854e-07
1.1969663e-08
0.0005679636
0.9023454
0.00014579402
0.8685937
2.1334272e-09
3.563945e-08
0.9954132
0.27256358
6.065742e-10
0.00030708805
4.6008063e-07
1.2927361e-06
0.0078981845
4.177049e-05
1.1249948e-06
1.4352449e-08
0.00013833308
3.5165714e-11
2.6907642e-06
0.6335157
0.18394111
8.9925817e-07
0.9998578
3.3123456e-07
2.3034762e-11
0.00030459385
4.209032e-08
3.6653412e-07
5.4287e-07
