0.9969237
0.99570197
0.9999535
0.97040516
1.1603668e-05
1.8201887e-05
0.96965694
4.8946936e-07
8.975111e-05
2.2065833e-06
1.8296561e-07
1.2608365e-05
0.00050385494
2.5388644e-07
0.36985892
7.063226e-05
5.098499e-05
0.0024835144
0.00020432196
0.0007582675
0.0004163839
3.7786886e-06
0.0066599883
2.1380158e-07
0.0034847453
0.00032220728
0.002722352
0.9775254
0.92882097
0.0010672845
0.0044757808
0.9999923
0.3024472
0.0008533884
2.761441e-06
0.003294797
0.045673467
0.4283041
4.087138e-06
1.7252404e-07
0.7694326
2.3633154e-07
0.6088462
1.5734382e-05
0.0003402371
0.012843237
9.431468e-06
5.809971e-06
0.13697976
0.045385603
0.9663868
0.47007847
0.002917106
2.9668641e-05
0.017027454
8.2933984e-05
0.26180092
1.3107643e-05
0.0031060171
3.9215693e-06
0.22438382
0.0072377096
0.0003324274
0.99742705
0.024049893
0.5480522
0.031249236
1.4241201e-05
0.0016886812
2.6570356e-07
0.00802801
0.93954796
0.00222056
0.67595285
8.7929095e-09
0.99999505
0.018497968
0.001083837
0.9522905
0.99999994
1.4241201e-05
6.5188647e-07
0.99854237
0.00010009617
0.007641711
0.0040345467
2.621266e-07
0.034699302
1.595855e-05
3.851108e-05
1.643279e-06
3.535493e-06
0.003518595
0.00012682348
1.1890743e-09
1.5733782e-05
2.8014043e-05
1.0035605e-05
0.19062053
0.012460228
0.00036429576
0.709384
8.824397e-06
9.2291415e-08
0.008006402
0.66002303
0.0008533884
0.0003324274
0.9999684
7.269448e-08
5.8771057e-06
8.075736e-05
0.05446507
2.0507161e-05
0.9983702
3.6335487e-06
2.1661075e-08
0.109806366
0.18173228
1.4657319e-05
0.00010009617
2.8614568e-05
1.00326325e-07
0.00033037062
1.4042585e-06
4.322685e-05
0.004116252
0.022204805
0.06574406
0.19307758
0.004052128
0.00018089058
0.9973269
0.4919703
3.4320094e-06
8.489179e-05
0.031242346
0.9983446
2.8789466e-07
5.798932e-05
0.011947885
1.8195153e-05
3.053862e-06
1.1211455e-06
0.038239587
0.1378538
0.939379
0.005064386
0.0007729189
0.0011447645
0.9993139
3.745873e-06
0.29621786
0.0029961187
3.9215693e-06
0.00015869946
0.005242478
0.9973269
0.0016536957
1.3571289e-05
0.00011844209
0.05862511
0.95115423
3.7279166e-05
7.328789e-05
5.798932e-05
0.99742705
8.516125e-07
0.00019807747
0.0052819303
0.0016350977
0.0030864156
2.2857668e-05
0.00011983785
0.12227576
0.0016925249
0.00706002
0.0072377096
0.004879313
0.00033037062
1.0519584e-07
1.5181671e-05
1.8296561e-07
0.00080479274
0.00032425372
4.7489156e-08
0.033099283
2.0952384e-05
1.023466e-05
0.42508727
0.25576264
0.9997772
0.23759149
0.014768608
6.715645e-05
3.7441347e-05
0.9994328
6.184133e-08
0.9628925
0.001767766
0.00018584616
0.95115423
0.00027377962
0.0001911218
0.0010626783
0.000111959605
0.9999126
1.0035605e-05
0.008233808
0.004886611
0.011556047
1.3107643e-05
2.2008248e-06
4.1506593e-07
0.0043092426
0.047340974
0.00011896991
0.9997772
1.9554115e-08
0.00019006542
0.0025928335
0.709384
0.9999684
1.0
0.050780565
5.0409835e-07
0.00032220728
0.0001268236
0.9973257
0.0040295105
0.030159578
2.793001e-07
2.0898128e-06
6.156492e-06
2.8756535e-06
0.8861389
1.4784113e-08
0.18178137
0.0005847603
2.3248296e-08
3.69081e-05
2.2908625e-06
0.6976516
0.00012682348
8.6598284e-08
0.9878447
4.7489156e-08
1.4784113e-08
0.00020193083
0.00020373231
1.52068405e-05
0.0006116953
0.99997294
0.00010844449
0.002024182
0.00011213622
0.99999994
0.0011030781
0.0018504858
0.0048800074
5.9003946e-06
0.0048800074
8.7838754e-07
2.5388644e-07
1.1190037e-06
0.0020264275
1.558611e-05
0.33716
4.2264863e-05
2.1825404e-06
0.999162
0.9812862
0.9763597
0.15945795
0.36940867
3.888222e-07
0.047047284
0.2695935
0.0020264275
0.000106712294
4.144428e-06
1.8892065e-06
0.0018292677
0.5867563
0.18178137
0.0007068423
0.013832041
0.008629227
0.710403
1.6483204e-06
0.0003402371
0.99982554
1.3313908e-08
0.000499164
2.2008248e-06
5.7625504e-09
3.119566e-05
1.5376028e-06
0.0073786946
0.06287053
