0.998024
0.98568916
1.0
1.977635e-06
0.00015042018
0.001047652
0.61959743
6.69185e-05
1.5202256e-06
2.0695254e-06
3.403822e-05
0.010827015
1.8291432e-05
0.0048170094
1.2516883e-05
0.00031998422
0.031486206
0.0007948054
0.5933192
0.01176718
0.019657375
0.0013125269
5.8772065e-07
3.3020995e-06
6.3814787e-07
7.864489e-10
3.2550686e-06
1.3158112e-07
0.00024385401
2.2223537e-07
0.00012850913
0.006305879
1.0
2.409965e-06
3.6077916e-05
0.0023227604
0.1492685
0.00012850913
1.9884183e-08
2.4094351e-08
0.0019498178
0.38765103
1.2559609e-06
0.00221352
0.63363165
0.23475567
4.1538548e-05
0.0001456598
2.125672e-06
0.0005938711
0.00073975057
7.4455106e-06
0.00221352
7.4455106e-06
0.0009854673
0.99937713
0.049125418
4.099161e-06
1.4676982e-08
1.7829905e-07
0.003009897
2.409965e-06
5.183101e-07
0.00092339044
1.0655992e-06
7.515021e-06
1.9606046e-05
1.4593818e-06
4.1051886e-09
0.011313178
1.5311533e-08
0.0014457233
2.9291485e-07
0.9950143
1.2357508e-07
0.009016905
0.0020641533
0.018584985
2.9133712e-06
0.0045157135
8.828379e-06
1.0
6.4637584e-06
0.0011746824
0.00038957453
0.99999946
0.00031389523
0.024033178
4.670648e-06
1.1250168e-07
2.613533e-06
0.99994403
0.012191997
0.033633165
1.4074212e-06
7.531971e-05
1.0691359e-05
3.2098706e-06
0.94898474
6.6914745e-09
1.762211e-06
0.0015137165
0.01592962
0.16908713
1.8964486e-06
2.0392105e-11
1.0549163e-05
0.99625087
0.0002604843
2.6531006e-06
2.2729598e-08
5.984203e-08
6.635727e-05
0.99937713
7.672109e-08
0.00027392793
1.0215198e-06
5.693925e-06
2.9904914e-08
3.1911004e-08
7.2651274e-06
5.87468e-05
1.1119561e-06
0.01862921
0.014284552
1.7760613e-07
0.02342132
0.027374774
0.28405485
0.00016113842
0.99976295
0.0021215747
1.8959999e-10
1.1479909e-06
0.0034942196
1.8301684e-08
0.00032706378
1.1444008e-07
0.99936676
0.16517358
0.5781779
3.2138254e-05
0.399399
0.000153933
0.9837829
8.940412e-06
0.9990104
3.4766365e-06
0.63198876
1.170973e-05
0.0031741085
2.9291456e-07
1.3704596e-10
3.9275823e-05
0.63642764
0.0025045422
6.3814787e-07
0.0074541
0.99994403
9.827056e-05
7.5850255e-07
0.0054621855
0.9950143
0.010729969
2.015853e-05
1.5583499e-06
0.0014250157
0.9999972
9.008339e-11
8.1791376e-07
0.26855928
0.00060408324
1.2863412e-06
3.458484e-07
3.9243238e-07
2.7014732e-07
0.010131941
1.3583827e-06
0.0014250157
2.9484588e-07
0.0009157429
2.7512526e-06
1.9103101e-09
3.9590002e-08
0.013905301
1.1133727e-06
0.012191997
0.75470585
0.963926
0.18198553
1.4766866e-08
5.762559e-06
0.0007744949
2.7827173e-06
1.624799e-06
2.7827173e-06
0.998151
2.4064086e-08
2.6071102e-05
0.9990104
6.0490585e-10
3.451572e-05
0.0008110776
4.2071218e-08
0.0007567307
0.00052554155
0.0001810407
0.00094949704
1.2574779e-07
7.6371975e-09
7.4588585e-05
1.9013204e-07
0.0103919525
2.7314184e-09
1.7644156e-06
3.827752e-05
0.6418739
6.3855055e-06
1.2754544e-09
0.9999997
0.002589358
0.00044325436
3.026474e-09
0.9989253
1.303827e-09
3.7275208e-06
0.010827015
0.037115034
2.008717e-08
1.0879331e-06
0.99999994
0.014815472
8.601363e-07
0.00027296174
0.031963713
0.011670438
6.60719e-08
6.489129e-08
0.00259253
1.8329813e-05
1.4577015e-06
1.7901618e-07
0.015545494
0.55180824
0.0044539412
3.1293036e-06
9.75596e-06
2.079144e-08
7.119426e-06
3.5140832e-07
6.6867196e-06
6.155008e-07
6.268078e-05
0.05380093
3.2388174e-09
0.7986821
2.0281495e-07
2.6233009e-08
1.7901618e-07
0.0014901494
0.0004232248
3.1831541e-06
0.8290011
1.4577015e-06
0.0019381609
3.9535257e-06
3.6701607e-08
0.7986821
1.0159276e-05
0.00041857216
9.4216484e-05
6.2017602e-06
3.117994e-07
0.9995524
0.00014441609
0.00014606118
0.10224285
4.4815195e-05
0.17786075
0.0079155285
1.0591353e-06
0.9999989
1.399789e-05
6.246631e-08
2.842408e-05
2.3691238e-07
2.9484588e-07
7.883141e-06
0.025745988
9.941757e-06
1.2303278e-05
0.0007302587
0.0009374486
4.099161e-06
1.0519465e-05
0.00017790504
2.635548e-05
0.049215756
0.0006400784
0.9993172
