1.0
7.167269e-06
1.7338918e-05
0.0002430671
1.5706884e-05
5.7837115e-06
0.0066171163
0.19233659
0.0016524524
1.1947672e-06
2.0436503e-06
1.0288627e-07
0.004387966
0.00024605682
0.9893803
2.804026e-06
3.755363e-05
5.429233e-10
1.2282219e-07
0.044728756
1.0143632e-06
0.8993954
0.00058386027
0.071496785
2.1515504e-07
1.2919128e-06
1.1079084e-06
0.00031018318
1.9145025e-06
8.042616e-07
0.000540533
9.697601e-07
0.99255073
0.00065155316
1.2690464e-08
0.0095513705
0.000121698795
3.2808998e-08
1.9707441e-08
1.1754204e-05
9.839437e-06
0.0007817821
8.801039e-07
0.68209225
0.00013812535
5.798667e-05
2.9426376e-06
0.0010956769
3.6686612e-09
0.00039009424
0.0015894437
7.2156494e-05
2.4005074e-05
1.2068904e-08
1.403097e-08
0.00015703835
6.0165e-08
6.6367576e-08
1.715673e-06
7.087141e-07
0.5816104
5.2590403e-06
2.6038899e-05
3.1079198e-06
1.4345669e-06
0.0859586
0.1811083
3.882926e-10
0.0011900868
2.3433048e-08
0.07739898
1.0288627e-07
0.0010718043
0.13319288
3.313007e-06
2.0140793e-05
2.9759542e-07
8.0012126e-07
0.13400556
1.1458679e-06
0.00051418337
0.9612111
9.1207016e-07
0.0020945328
5.3202628e-05
0.9344205
7.087141e-07
0.34394854
3.668982e-05
2.3499177e-05
1.8185013e-08
0.9999986
0.29801276
1.2041558e-07
4.061332e-05
0.00065671635
0.0064859465
5.486242e-07
7.4084846e-07
8.640805e-06
0.005965195
0.0011642893
0.8017904
6.096414e-07
5.439585e-06
0.002532383
8.801039e-07
2.7964472e-06
0.00014433608
0.0057243593
1.5868654e-06
7.865328e-06
9.892343e-05
0.9992146
6.2508263e-07
0.99270535
2.7964472e-06
0.9708108
0.008796878
1.0576903e-07
2.7737032e-08
1.2674232e-08
1.3507955e-07
4.0820896e-06
0.005255754
0.028065044
1.1641715e-08
0.000609413
3.38273e-08
0.99999833
6.1871884e-07
0.0011327487
7.513682e-11
7.0197934e-06
2.09864e-05
6.740641e-07
6.6086136e-07
2.946751e-05
0.97069377
5.659147e-07
1.937262e-06
0.9684471
1.8800167e-08
0.00027979398
0.00043876332
0.0009369762
3.437436e-07
0.69258034
0.0014213035
7.0509384e-05
0.00035929432
4.8667825e-05
0.00019256285
3.882926e-10
0.00244684
3.2770117e-06
3.38273e-08
0.12708308
9.754596e-05
3.3648706e-05
1.748204e-05
0.0072514894
0.016344773
1.0
0.066110514
6.29333e-05
1.9762008e-07
3.2473297e-06
3.5047794e-06
0.99999994
1.3629163e-09
0.00013469292
3.4086869e-09
0.966843
4.9389128e-11
4.8667778e-05
2.3636135e-06
2.6809813e-08
1.3709543e-07
4.963364e-06
1.4844298e-08
0.010840239
0.0013507181
3.1645216e-06
0.99918395
2.8666655e-05
1.9688168e-08
8.5309193e-07
7.052499e-07
4.2176365e-05
3.9439198e-07
0.40298888
0.0059288573
0.00061883166
3.8942806e-05
1.4811086e-07
0.29801276
9.36465e-08
6.885936e-07
2.3666619e-08
0.012689773
6.104175e-07
0.6857223
0.7918671
2.3396673e-05
3.6382095e-05
0.00011126769
0.07183667
0.0011900868
0.9708108
4.222779e-07
0.0034671365
2.504581e-06
0.0014099972
9.9265504e-05
0.9993638
2.7867009e-06
0.123132005
1.9740133e-08
7.275135e-08
0.0106279645
5.048973e-05
1.9191198e-08
0.0073696757
1.403097e-08
0.00013371013
1.0451661e-06
0.005359233
0.0013141837
1.2710815e-05
0.012188959
0.00023555498
5.3658246e-06
3.246117e-08
0.0014265303
0.00010254559
3.313007e-06
0.9232254
2.3499177e-05
0.00019256285
0.3959917
0.041127287
0.6497281
1.8997389e-05
1.2919128e-06
6.43747e-10
0.0024808438
0.99999994
5.0396698e-06
0.3139005
6.9469555e-05
0.00081753935
5.2439964e-06
7.918273e-05
0.020533936
4.1859453e-06
3.4387325e-05
7.046045e-05
8.5437995e-07
4.1325893e-07
1.0451661e-06
2.0071734e-06
0.0014903601
0.0032333406
1.392016e-08
0.00013197174
4.5035313e-06
1.5868654e-06
5.600587e-07
1.0351029e-06
1.9950862e-07
9.0217734e-05
0.48972303
1.8407803e-07
0.026755353
1.0651765e-06
0.9986868
0.0040686573
2.47873e-07
2.3713701e-08
0.6316187
0.17866153
2.5379063e-06
4.6899828e-08
1.1641715e-08
0.0017292439
0.00035929432
1.0641353e-07
0.0010485492
1.2804463e-07
1.1102511e-06
0.000116359784
7.682082e-05
5.726603e-07
1.3241133e-05
2.2671923e-08
1.8700407e-06
1.8923885e-05
0.99998
9.606949e-09
