0.9980549
0.0002734629
0.9999949
0.9440765
0.99999833
0.9999868
0.99859905
3.3656188e-06
0.87626576
0.3147814
0.9794551
7.275302e-08
2.4860433e-06
9.136488e-08
0.0025927322
6.04271e-07
0.0010937008
4.398113e-05
8.458769e-07
0.0013764146
0.0005820539
1.286805e-06
1.51872455e-05
0.8667943
1.945219e-08
3.600694e-05
0.00015921252
0.0014203307
1.7456529e-08
2.2542565e-08
0.00044708437
1.5494508e-07
7.744042e-05
0.00018801438
2.1046124e-05
1.3230673e-08
1.9017502e-07
0.020916885
4.2138704e-06
1.54812e-05
6.217477e-06
7.330318e-09
0.0017425257
0.00014322066
2.428213e-07
2.7749322e-05
2.0742312e-09
8.160991e-07
0.00023385783
6.95255e-10
0.00088289357
0.0003476206
1.8311765e-07
9.385753e-06
2.824965e-07
4.9937348e-09
0.00046092764
0.0014613422
2.5770567e-05
4.067886e-06
2.1331523e-07
6.801898e-08
2.90914e-06
0.97629267
1.974599e-06
8.5308934e-11
8.61418e-06
0.015221493
3.769385e-07
0.0013764146
1.4867505e-08
9.062449e-08
8.0055327e-07
0.9999925
7.4390977e-07
1.63339e-08
5.162927e-06
4.263413e-05
1.3689797e-08
7.076658e-06
1.4800962e-07
2.4628877e-08
0.025657954
3.96859e-06
0.00026949713
8.089423e-06
5.6148424e-09
2.318515e-08
1.339398e-07
0.00016625391
8.306157e-05
0.0009809531
1.6240113e-08
0.004584817
1.8594683e-05
1.2583515e-06
7.280294e-05
0.0024956167
5.7396005e-06
5.15312e-07
0.8649822
3.2901085e-10
3.0781848e-07
1.5345499e-06
7.1005757e-06
7.286345e-11
2.770099e-05
5.670135e-10
0.0001627909
9.0556064e-08
0.002072559
7.836485e-05
1.5345499e-06
2.7614398e-05
1.5692307e-06
0.9996835
9.079404e-08
1.4407084e-08
9.10719e-08
0.36867112
0.0016351241
0.9697046
8.937874e-08
2.671487e-08
1.4594485e-06
0.011033475
6.762727e-08
1.4093243e-06
2.2741506e-07
0.017489472
8.916387e-05
5.0970746e-05
3.0259212e-06
1.9389185e-05
5.2091666e-05
0.99999416
1.928624e-06
9.9185485e-08
9.643032e-05
7.5624275e-06
1.3280119e-07
0.0024266867
1.54812e-05
1.1689234e-05
2.5349395e-08
0.9993043
4.4759585e-05
1.1344305e-06
1.9389185e-05
6.5019412e-06
0.0011663762
2.3951336e-09
5.1404063e-06
7.700109e-07
1.1266542e-07
9.023671e-09
0.00088289357
0.00023567516
1.4679831e-06
2.3237744e-08
4.0515283e-06
1.911822e-10
1.3708526e-06
3.979244e-08
0.6217568
2.959548e-05
1.217455e-05
7.280294e-05
0.9913229
2.1226586e-07
6.260575e-07
3.0786575e-07
3.1264236e-07
1.7421627e-07
0.01212996
1.9233269e-06
4.3369606e-09
2.2243674e-08
0.6217568
1.1928195e-10
5.1068486e-07
0.00047425105
0.00016625391
2.5349395e-08
1.1928195e-10
1.2237374e-06
3.4994944e-08
1.796881e-05
4.303058e-05
4.165887e-08
1.3944734e-07
4.7226717e-06
1.2237374e-06
0.008433764
0.0016794476
4.3905533e-05
4.329319e-05
6.5505077e-09
0.00065170974
3.1294353e-10
0.99999994
0.009335358
1.150659e-08
0.000546105
2.1253142e-07
2.3975929e-06
3.9953036e-09
0.9999976
1.8544371e-05
2.697023e-09
2.968551e-05
1.2581508e-07
5.3550943e-06
3.166718e-05
5.839879e-06
0.00013818912
9.241362e-09
1.3827281e-05
0.8411593
0.9970332
1.3411044e-07
0.0024019456
3.1957757e-07
2.5662825e-09
2.139341e-08
0.32335216
7.5624207e-06
0.012184889
0.33108765
6.8585996e-07
2.994364e-10
3.4175753e-07
1.0657654e-09
2.1855261e-07
2.8516376e-07
1.9822475e-05
4.5972858e-05
3.445639e-06
4.2338277e-07
5.1032464e-05
0.02020643
0.00023385783
6.861708e-08
0.00019701457
0.9773686
0.00021394507
1.1293209e-07
1.1399436e-09
0.0024019456
0.009238222
1.9318453e-08
0.99991226
9.331415e-08
1.3828023e-07
2.3010491e-10
0.0007098341
4.9095277e-05
4.3905533e-05
0.0030971223
3.5325238e-06
5.176148e-05
9.76742e-08
2.6449254e-06
0.6206097
0.76295614
0.00030719812
0.0005679755
2.263965e-07
1.2740391e-05
1.51872455e-05
1.47188675e-05
1.25917055e-08
3.3594986e-08
0.005610486
0.03073264
9.062449e-08
1.4885125e-08
1.5853855e-05
6.09599e-10
2.1045812e-06
6.046405e-10
3.236737e-05
2.1754997e-06
1.4772274e-08
0.0005047962
2.492731e-09
5.209964e-09
0.00011131651
1.49179e-07
0.9661165
0.00096735917
4.297661e-05
7.6916393e-07
2.3379386e-08
0.045306254
0.9999999
2.1842934e-05
2.1563256e-08
6.8585996e-07
5.305213e-06
