0.9999995
0.9999995
2.969048e-08
0.969731
0.00030524476
6.3245067e-09
0.0009262776
3.7970644e-08
0.0001226043
2.210429e-06
7.358811e-05
0.75777733
0.00010458287
4.6523317e-07
4.1190565e-06
4.779357e-07
3.8716338e-05
1.6617399e-09
0.9685325
1.1038464e-07
3.599263e-07
0.02931014
0.0009920889
7.65099e-09
4.9346636e-06
9.255263e-07
0.96152395
1.8194147e-05
0.0052295187
3.5240914e-11
8.808588e-09
1.774647e-05
2.492922e-12
0.07748878
1.0510819e-07
1.274109e-06
5.375718e-07
8.551644e-05
0.0047537964
4.5788368e-10
1.9728208e-07
0.0065740575
0.5726969
3.2153898e-07
5.704351e-09
3.0868015e-09
0.0006654584
0.00011435921
9.851046e-05
0.051832635
8.2344246e-07
9.83033e-08
9.010661e-06
5.2123567e-05
5.418484e-05
0.9999886
0.00035624005
3.0533658e-09
2.3175069e-08
4.7384653e-08
7.563119e-10
1.5554826e-07
0.00069786643
0.0015871994
2.4573237e-06
3.8340822e-06
2.200787e-06
7.8175195e-05
1.85039e-05
0.000102327074
0.9999999
2.0204558e-08
2.672293e-06
0.6290948
0.0005691769
6.3460517e-09
0.0001914607
2.7656685e-07
8.024353e-08
5.4993587e-05
3.8770022e-08
2.492922e-12
0.9847931
0.92610645
1.1524381e-08
1.2292653e-06
9.185743e-07
8.366784e-06
0.001172245
9.194945e-09
2.9121212e-08
0.02931014
1.6058975e-05
0.00013402748
5.4948137e-05
0.96659565
1.0950443e-09
7.427403e-08
1.6236914e-06
1.9272255e-09
0.00012720692
3.2153898e-07
1.0684561e-09
8.157333e-06
7.8962187e-10
1.4388787e-09
0.92610645
1.1831695e-07
3.2126098e-07
0.9987328
9.0364977e-10
8.486764e-06
2.6610624e-06
3.1383434e-09
0.9880587
9.253479e-09
1.3325905e-07
5.6644955e-09
1.9562723e-09
4.6048423e-09
1.1460768e-08
6.34038e-08
0.999261
0.99862313
0.00015576446
0.9999888
0.00083675457
0.00026190947
1.4693502e-06
0.9999999
0.005484916
5.9202414e-08
4.5035821e-07
0.97956544
5.61052e-08
0.00031994577
1.7633124e-07
4.9860468e-08
1.1326555e-08
8.024353e-08
0.00035781696
8.808588e-09
2.2868437e-05
1.0285954e-08
8.6458965e-07
0.00011435921
5.2064277e-09
7.916086e-08
1.9339195e-05
8.379157e-08
1.842329e-05
6.29782e-05
2.854614e-06
1.9272255e-09
0.9999999
1.3472524e-07
1.0950443e-09
5.1068507e-11
3.2377434e-06
5.418484e-05
0.1055584
1.0467129e-05
0.00041129527
5.638548e-06
3.0400072e-06
1.0009463e-08
8.296855e-07
1.3558029e-05
1.2895474e-08
0.000120050136
3.3029162e-05
0.9999194
2.0293696e-06
0.008774297
2.134528e-07
1.4825779e-05
7.0408306e-09
5.119449e-07
2.4859196e-07
1.5201987e-10
0.051832635
0.00096280494
3.6631716e-06
1.3078626e-08
0.00041007382
0.0002030979
1.1352244e-09
0.16514726
1.5903948e-05
2.6424187e-08
9.433136e-07
0.00024955545
0.0005275785
2.5895366e-07
0.77654105
5.119449e-07
6.6663176e-08
3.717453e-06
7.458791e-08
3.0684063e-08
0.999261
2.0293696e-06
9.438251e-10
3.8459072e-07
0.0032152385
0.00031994577
0.010913208
2.9471115e-08
1.5907626e-06
5.6856706e-08
1.5201987e-10
0.9983161
1.1510711e-05
0.007563477
5.440304e-07
0.00013435581
0.003976201
5.7344185e-08
1.8606196e-06
2.6485634e-09
0.11606018
0.004384967
1.116706e-09
4.0557557e-11
1.1056369e-06
2.6873457e-07
4.936364e-07
0.0026623544
0.0003305968
1.9272255e-09
0.06583629
0.009520588
1.3093595e-09
0.0025791826
3.8755573e-07
2.1019909e-05
2.1074906e-05
3.0075946e-06
0.57947916
0.000107910964
0.39757678
0.99542296
1.7761393e-11
5.4948137e-05
1.1033429e-05
2.9471115e-08
2.6820355e-06
2.1828058e-07
3.355216e-05
1.4170105e-05
3.1489586e-07
9.2235365e-05
0.011047872
1.790141e-06
0.00041513983
0.6485892
0.99683106
1.3395583e-10
6.0787014e-10
0.020545188
9.373274e-06
0.74273425
2.6492726e-06
1.5497097e-06
4.0311755e-07
1.774647e-05
0.00011435921
1.7985843e-06
2.0632667e-12
0.005253366
1.1119036e-07
0.00036268256
6.9685676e-08
1.4527753e-08
0.0015880778
4.1859814e-05
3.0297674e-06
3.1651614e-06
1.3723594e-06
1.274109e-06
0.0058389087
9.745924e-07
4.3755904e-08
2.609898e-10
8.566612e-07
7.4747976e-07
1.7036479e-08
0.9834437
1.6736873e-09
4.7661375e-05
1.6617399e-09
1.4304451e-09
9.126418e-09
9.0118044e-07
1.8116027e-05
6.52058e-07
9.938537e-10
4.3586985e-07
0.008967358
6.369656e-06
