0.68012744
4.629058e-06
0.23659495
0.99998903
7.7593036e-08
2.3299842e-07
0.8574356
6.586454e-08
6.6965655e-10
1.741357e-07
8.731461e-08
0.41549686
9.709834e-09
2.0664126e-09
7.884259e-09
0.059211854
4.8214105e-07
0.17905073
5.351296e-06
8.246391e-06
0.94694513
1.785548e-07
4.496022e-06
2.0920314e-09
7.9340725e-07
8.38787e-05
0.0020685517
7.3816005e-07
0.003544283
3.2206306e-05
1.5241085e-07
5.091529e-06
1.6169988e-06
1.656117e-06
3.267366e-06
6.4159044e-06
0.00038299814
2.0815798e-05
0.0002854583
0.20329843
2.4049737e-06
6.210469e-08
2.2749033e-07
2.6400597e-09
5.6501444e-09
3.8329902e-11
0.90643543
2.1606231e-06
3.077479e-06
1.3420167e-05
4.9858544e-09
0.00014469396
4.4238324e-09
1.238749e-07
2.603329e-06
2.720701e-05
0.01053499
9.301075e-05
0.00036453118
0.90051025
0.0011368798
0.009356522
5.9989958e-05
0.0012731459
3.6322587e-10
0.00014286985
0.42172647
2.13899e-08
6.322748e-08
6.121906e-05
2.4496995e-08
2.085551e-07
4.0449963e-10
0.00056610495
5.3681782e-05
0.0006149037
0.6621777
2.6221585e-07
8.831821e-07
1.6194499e-05
2.0600875e-10
0.26774558
0.0032647748
0.0317208
3.8102796e-06
0.013685042
1.9301905e-09
7.0722194e-07
1.6099817e-08
0.049416933
1.1121682e-05
2.437273e-09
0.0017134853
6.272916e-07
2.190376e-05
2.3299842e-07
0.00016885936
3.8669288e-08
1.0112858e-08
8.205437e-08
3.4109569e-06
8.112237e-06
2.952587e-11
1.2255102e-05
1.3332047e-05
1.207604e-06
5.378015e-07
0.9999313
7.2048163e-09
0.90643543
0.0063347183
2.6782578e-07
9.197594e-09
5.5831657e-05
2.5788506e-07
0.0007802995
0.00015781261
0.012033858
1.6032283e-07
0.29230213
9.859798e-07
0.0016231787
7.909263e-05
0.0007977974
6.912566e-05
0.00052091706
0.00021335512
0.00019420427
5.809123e-08
9.0382907e-10
2.2749033e-07
5.674425e-08
2.524557e-06
0.00077139796
0.00091551605
0.0019205788
0.012771825
0.99427724
2.1944534e-06
0.9999928
8.914053e-09
9.549175e-07
0.98955953
3.1188898e-09
0.93178904
3.1581803e-05
1.0379175e-07
4.0480882e-07
0.0002866146
0.002309127
7.0759156e-06
8.631297e-09
1.0963886e-08
8.210537e-09
0.02761857
1.2107274e-07
0.026946127
0.0014262253
2.7407193e-08
1.1779048e-05
0.99985987
2.749182e-05
2.5702966e-06
1.2316907e-05
9.324333e-05
0.0010546282
2.6782578e-07
5.426562e-10
5.88333e-07
2.8113817e-07
0.98861986
1.6331897e-09
0.02761857
6.19536e-07
0.029764611
9.301075e-05
0.9999871
0.0013248596
1.257027e-09
1.9459632e-05
1.463405e-05
0.6683621
1.0931936e-06
0.00058502925
2.1489307e-06
7.718329e-08
1.0979255e-06
2.4550465e-07
2.0375067e-08
2.7211606e-06
7.726767e-07
0.99427724
3.1976444e-07
2.0920314e-09
0.04879723
6.456024e-07
8.707795e-08
7.443113e-09
3.3801934e-06
1.0
3.4684228e-07
0.0015995762
1.5906708e-10
0.10664607
0.92762166
1.2042872e-06
6.989839e-07
0.002320867
2.4550465e-07
0.9999449
4.470932e-06
0.00012666406
2.10354e-08
6.413329e-06
9.589346e-11
0.0017649997
2.0070834e-06
0.0018465671
0.5771538
2.9338642e-08
0.10664607
0.94694513
3.080533e-08
5.39376e-06
3.754345e-08
2.1605061e-05
0.11921815
5.516851e-07
5.7350396e-09
0.53082913
5.809123e-08
9.020952e-09
0.0006149037
0.00061444734
1.0760851e-06
5.9989958e-05
6.1932454e-08
0.99987686
1.814959e-09
0.00022779014
1.0
0.77234703
1.9734813e-07
3.8057294e-07
1.6099817e-08
7.7850686e-08
7.054504e-08
0.00036685105
5.0136446e-06
1.7152839e-09
3.358986e-08
2.6304365e-06
0.022265675
1.17356905e-07
0.92138743
8.057725e-06
9.320276e-09
0.9899969
5.654304e-06
1.9388792e-06
3.505309e-05
0.19784738
1.2102795e-07
2.2664567e-06
8.85728e-06
0.0012194047
1.8634186e-07
2.9338642e-08
0.010450154
1.9198878e-09
0.0062760822
1.9459632e-05
5.6811673e-06
1.5372142e-07
1.9878325e-06
7.45136e-07
2.6510014e-07
1.7868386e-08
3.2206306e-05
0.036341414
5.662188e-05
1.6798125e-05
5.0715427e-09
0.0013678792
0.97336763
0.9990582
3.9224897e-06
6.7346115e-09
4.3474853e-07
1.257027e-09
2.1981964e-06
0.00021451434
3.230349e-07
3.775889e-08
2.7681102e-09
5.2964447e-07
1.4251687e-07
1.3796003e-06
1.9676174e-06
3.0597682e-06
