0.99999976
1.0
1.0
1.0
1.0
0.99999976
1.0
1.0
3.635344e-06
0.0034943726
4.068495e-06
1.09746026e-07
0.0033604521
2.0422826e-06
5.0086805e-05
3.083306e-05
0.00021821084
3.5281295e-07
2.5525208e-06
0.053882524
7.776462e-05
0.00015780209
2.5837915e-07
5.517018e-05
0.016108913
0.22573699
0.00011630709
5.4449984e-06
3.3148634e-10
0.015216591
1.6254794e-06
3.314231e-10
3.754357e-05
4.864279e-07
5.9475376e-09
0.003978329
9.3410825e-05
7.7100805e-07
0.00015290869
0.053882524
0.99944305
0.00013396156
9.646816e-08
3.0005384e-10
0.08991332
0.00012872572
4.6025234e-05
3.717226e-07
0.00014321384
0.003978329
1.7685174e-05
0.9922958
8.279591e-09
4.5876375e-05
7.948546e-06
4.8810034e-07
2.4376009e-06
1.2373876e-09
2.200313e-10
1.0100068e-06
4.6507026e-05
0.00017705414
1.4014654e-08
1.0977539e-06
6.400782e-07
0.00044719627
3.7553518e-06
2.5258976e-05
0.0023322515
2.2293203e-05
1.2599559e-06
3.6679987e-05
0.0006172036
0.004813881
0.99930924
0.00064774667
1.3459967e-06
5.90625e-07
0.00091236026
3.754357e-05
3.8348497e-10
0.02018964
1.5900073e-06
6.6315505e-07
1.9926454e-05
4.8810034e-07
0.9105107
2.30233e-05
0.0002552015
6.2514704e-07
0.98541516
0.3285981
0.5999663
1.2539559e-05
2.2726642e-06
2.1468147e-06
0.00035453623
0.0009049838
0.00045143283
3.3286137e-06
1.4981381e-10
5.5077223e-09
0.0031198557
9.558349e-09
9.553182e-07
7.8309595e-06
0.99688435
7.268284e-08
0.045846537
1.1289151e-09
7.8309595e-06
0.00031466648
5.0086754e-05
1.1784759e-09
5.850772e-06
7.2326566e-06
0.028061014
6.054282e-05
0.001386075
0.9999457
8.973906e-06
0.0013193205
2.5783368e-07
0.0010139588
1.5559598e-08
0.00019037793
1.755845e-07
3.2605848e-07
1.0190987e-05
9.5174855e-06
6.784872e-08
1.3889819e-08
1.0480696e-06
1.7704586e-07
1.2373876e-09
1.9696487e-05
5.2113577e-08
1.2691086e-07
0.038309585
0.99996746
0.00035453623
2.718342e-09
4.4211583e-06
2.0300395e-06
8.7366396e-07
1.6788645e-08
9.5994245e-08
0.00081753853
3.3953784e-06
3.3286137e-06
5.663588e-09
0.9985081
1.2615625e-08
2.6876936e-08
5.6577406e-05
6.400782e-07
3.3543554e-05
0.059507057
1.5459278e-06
0.0002895018
1.8716862e-07
0.0009340695
6.828337e-07
6.6115535e-06
1.2044733e-06
2.0260504e-09
0.017604554
0.045846537
9.930242e-07
3.8348497e-10
6.3297202e-06
6.2392225e-09
0.9990221
7.539186e-05
3.234762e-06
1.0698841e-06
9.88858e-05
0.6085293
0.9713508
1.0237414e-06
0.24987361
2.685147e-08
0.001252356
5.468854e-06
1.4955366e-06
2.478891e-07
7.879893e-07
0.00569108
8.568748e-06
1.5970649e-06
2.6159983e-10
2.9393583e-05
7.9552717e-07
9.51523e-07
0.00020385844
0.014322886
3.338541e-07
0.0005705019
5.1176524e-08
5.0025114e-06
3.2358184e-08
0.0065612337
2.718342e-09
3.215852e-05
0.0023322515
8.142234e-08
0.1825705
2.299583e-06
7.268284e-08
7.2131493e-06
4.7628975e-05
9.1001226e-08
4.3519822e-07
0.037237003
8.5377666e-10
0.012839496
6.006107e-10
1.8376336e-07
1.1723554e-07
4.1576794e-05
6.006107e-10
0.0065486515
1.3889819e-08
2.60051e-07
2.289862e-06
0.9999999
1.0
1.24258495e-05
0.019149603
1.3033757e-07
0.00010142527
5.323394e-05
5.924087e-06
4.048976e-08
0.0005549759
1.4730975e-07
4.864279e-07
1.5970663e-06
7.543781e-05
0.028061014
6.1306073e-06
5.084126e-07
5.289648e-09
0.0032800415
5.8675295e-07
0.70356816
1.0774777e-06
3.1349133e-05
1.6398522e-05
5.46478e-07
2.8299298e-09
0.99999994
1.93389e-05
0.001252356
1.3881125e-07
1.5459278e-06
1.7593227e-05
0.13237634
6.784872e-08
0.096227586
2.4075615e-07
0.9245828
0.02488705
0.002288597
0.00032539552
1.0058303e-06
2.504705e-07
4.3481714e-06
0.00033153486
0.73673844
0.0019774484
1.8376336e-07
4.7681916e-09
0.0015043663
3.0742395e-09
0.0030044059
0.14847723
0.072228506
5.616287e-06
0.15693435
9.1290735e-07
0.87330174
3.7418456e-06
0.00036140587
0.014322886
9.7888544e-11
0.9946736
2.3981204e-07
6.9791466e-05
0.000279921
0.0017959868
2.0459268e-07
0.005155601
0.12803404
0.63519686
0.00021501048
5.4449984e-06
0.9786075
2.0538084e-05
0.0004882267
