1.0
1.0
0.9403112
1.0
1.0
0.9403112
2.5144004e-06
2.4197382e-07
0.9743346
6.321515e-05
4.579512e-05
1.9371664e-07
9.3880535e-06
3.4380065e-07
7.870971e-06
1.5480266e-08
4.6929602e-09
1.4986534e-06
5.7123234e-08
1.5500223e-10
0.00059154007
2.6737816e-06
2.4375255e-05
1.18317736e-07
4.9626877e-08
0.0023330308
1.0897485e-05
5.827865e-09
4.7947073e-11
6.117474e-08
3.5853998e-09
1.1267601e-08
6.6745747e-07
7.9247503e-10
0.00094479235
1.8656716e-07
1.4562077e-07
0.030179838
9.762084e-10
0.00041058092
0.9999988
4.0447073e-08
3.7645637e-07
0.00032851944
0.089907765
1.5154717e-07
7.919158e-06
3.1579181e-09
1.12257685e-05
9.148276e-08
2.1214039e-07
9.4570416e-05
5.3031464e-08
6.1421386e-05
4.7969506e-10
2.6736789e-08
1.6213936e-07
6.313722e-08
0.00018744338
0.28610188
5.3664535e-05
4.9086143e-06
6.345074e-08
0.00023440564
2.280971e-07
0.9998285
0.00025143934
0.0037687386
6.628928e-05
0.004444475
8.773303e-06
1.10305255e-05
6.4121123e-06
1.177743e-05
0.0005645402
0.00040891537
1.8251441e-07
3.9934155e-05
9.419157e-09
5.365318e-09
2.7273128e-07
0.00010075012
9.6182725e-05
0.6284146
1.9348161e-05
8.510099e-09
1.8259469e-05
1.887631e-07
0.00021169655
0.116856255
2.1867764e-08
0.9999998
0.000105620864
1.9944736e-07
5.0348187e-10
5.827865e-09
3.6839474e-09
0.00069900235
0.0006053711
2.9689402e-06
0.9977911
8.9050364e-11
4.391399e-09
3.08592e-08
1.8936419e-06
1.0160982e-06
1.06743045e-07
1.0358875e-09
1.0778583e-05
1.1977668e-05
1.1943258e-07
1.0968029e-05
6.713514e-09
0.008593696
0.00063706585
6.193733e-11
9.938882e-05
2.5741332e-07
4.1243933e-09
4.8627435e-06
0.0038385652
8.3007495e-07
4.922124e-08
1.4562077e-07
9.560488e-06
1.2523963e-09
3.7940797e-09
7.2786677e-10
1.54207e-05
1.6167027e-07
0.013054408
4.050534e-09
0.00017882955
4.2876373e-08
2.2612893e-07
8.284182e-05
0.00022682051
6.9834905e-10
3.733086e-09
4.212384e-06
0.0009885012
2.6736789e-08
2.9797486e-05
1.5809933e-08
7.356959e-09
2.9689402e-06
6.75079e-09
0.51949906
0.00040891577
7.4450845e-06
3.1680745e-05
2.5510775e-07
0.0015612794
1.0
1.3892183e-07
2.2612893e-07
6.251596e-10
0.91053337
1.0857982e-05
2.3757897e-11
0.0011076397
5.976326e-06
0.00010070709
0.004854984
0.00037271532
6.4222826e-05
8.3792934e-10
0.9999768
7.084817e-08
5.2934196e-10
3.6140795e-05
0.86220783
8.559133e-05
1.6613023e-06
0.00060970406
9.139312e-08
0.9999726
1.7070681e-10
4.650864e-06
0.0002432229
7.614156e-06
1.2981923e-05
1.5480266e-08
7.279601e-06
4.8200866e-07
0.035859276
2.1214039e-07
2.209682e-07
0.09272867
1.0427229e-06
9.9753514e-08
3.1671905e-06
2.1083848e-07
1.9290107e-07
2.4495966e-08
0.2690282
3.9491815e-07
7.300203e-07
0.00059739716
8.33752e-06
2.9915025e-11
0.9978387
4.83445e-07
4.377976e-09
8.74361e-08
2.350987e-08
8.3792934e-10
1.526423e-09
7.3683473e-06
1.0175042e-08
5.365318e-09
0.017380372
5.325888e-10
0.006006436
8.74361e-08
3.1720465e-05
0.00017870255
0.0019238914
3.547652e-06
5.2095415e-11
2.0216758e-06
9.1249945e-05
8.580618e-05
0.0025469372
0.999982
0.87731314
2.6636668e-08
2.8637953e-07
9.883412e-06
2.1262244e-05
1.8835186e-07
0.0042464333
3.1181834e-08
6.9256357e-06
5.278151e-07
2.2091015e-06
5.537361e-07
0.006461117
1.8432987e-08
2.0216758e-06
0.9847636
0.00027451722
0.7605647
1.5795728e-06
1.4540331e-05
2.0583082e-06
6.476628e-07
9.1117414e-08
0.0019238914
2.8326616e-07
1.896615e-06
3.6319753e-07
0.00043985466
1.5741995e-07
2.725251e-07
3.2190744e-08
7.895247e-08
1.3522184e-11
1.3766548e-07
1.7756782e-06
3.3792125e-07
0.00025575905
2.1502043e-05
1.1260516e-07
2.7768667e-07
1.7851062e-05
7.721052e-08
0.22606795
2.2702328e-07
1.7070681e-10
0.57046556
0.2779388
1.1267601e-08
8.5868805e-07
9.3323585e-08
3.892314e-06
1.5518985e-06
1.9371664e-07
1.0514444e-06
3.848549e-07
9.321768e-06
2.3176692e-09
7.279601e-06
3.5374384e-07
9.833275e-08
6.4472815e-08
2.2528621e-07
0.0009964819
4.7471863e-07
1.0857982e-05
2.734819e-07
2.559458e-07
2.2876879e-05
5.7832207e-05
6.4214596e-08
6.6333024e-07
2.2492341e-07
0.45514584
1.0839339e-05
4.7784365e-06
