1.0
1.0
1.0
1.0
1.0
1.0
1.0
1.0
1.0
0.7865999
0.0004618037
2.6946063e-09
0.0010306853
9.69031e-06
6.1010132e-06
5.3602367e-08
0.0010562239
1.0207182e-05
4.630825e-09
6.174822e-08
0.0024842045
8.414213e-07
2.808257e-05
1.0605331e-06
0.0002630494
4.2754447e-08
3.520743e-05
6.4276725e-07
3.5131422e-06
4.902449e-07
7.002759e-05
1.4441234e-06
6.696124e-07
1.1389585e-06
0.0077595008
0.00025460825
3.049084e-08
3.0912342e-05
4.4334982e-07
4.4465164e-06
0.980516
4.0502428e-07
3.3634223e-08
0.9854068
6.201417e-05
4.027251e-06
0.0002479777
0.002723186
7.958735e-05
0.011159378
1.905791e-08
4.1542076e-05
8.4098026e-08
0.9857075
4.4561673e-08
8.1923325e-08
2.1649817e-05
5.038353e-05
5.130935e-08
4.6222547e-07
4.2650285e-07
4.32336e-07
0.009005385
2.081481e-08
0.0022285848
1.0
4.2650285e-07
0.02283977
9.9858495e-05
0.04552151
0.84011
9.185776e-06
6.488646e-07
0.00021037315
4.027251e-06
2.191467e-06
5.5585047e-06
2.1524698e-07
3.6197314e-06
4.0748502e-09
4.9855807e-08
1.5700901e-09
7.4006725e-09
0.0005561517
0.0009733277
2.261499e-09
9.609427e-08
0.0026704688
0.9521079
1.0671842e-05
1.2493952e-06
7.612561e-09
0.006392517
1.001512e-07
0.99989575
3.80255e-05
1.0913127e-05
0.001888387
2.1127558e-08
2.162464e-06
1.373156e-08
4.472383e-05
0.99225354
1.1000102e-08
1.5201819e-07
1.6204078e-05
0.00013372021
6.441716e-06
1.338106e-09
0.9999751
0.010596453
0.00011633571
1.6908738e-08
0.92591685
1.11680706e-07
0.5209225
1.1978499e-06
5.1532476e-07
1.0893703e-05
0.014417589
1.7761795e-06
5.3929092e-08
2.0114966e-08
1.9987255e-07
5.929955e-07
5.447632e-06
0.0041610086
0.05265231
1.6450896e-08
0.032512654
3.7545246e-07
0.9999815
0.000202791
0.0008771059
2.344394e-07
8.072248e-08
1.8579209e-06
9.544919e-06
3.5429814e-08
3.3861818e-06
0.0065195
0.997547
0.7655899
2.4499337e-07
2.3935696e-05
1.23524e-08
4.470156e-06
2.2351023e-07
8.489921e-06
2.9682606e-06
1.6470492e-05
1.2732514e-06
0.0032975415
2.0979442e-06
1.678188e-07
5.9310917e-08
5.0320864e-06
0.3490189
3.2280688e-05
0.0032702007
7.644399e-07
1.7416709e-05
3.9860574e-06
1.40567655e-08
0.72875094
3.2838923e-08
1.9879974e-06
1.9641659e-08
4.949071e-06
0.94399434
0.997412
0.0055232216
0.0785422
5.7345287e-06
5.63523e-08
2.2293555e-06
1.1541864e-05
1.33936e-06
0.9857075
8.181478e-07
0.0007558503
2.2192213e-05
5.9196177e-09
5.947296e-07
1.0024548e-05
3.7460907e-08
0.026880229
6.695087e-05
1.20367085e-05
4.3662553e-06
8.760019e-06
1.1337175e-05
0.9638952
0.00013697913
0.24228285
0.005394828
1.9987255e-07
1.6378706e-05
4.4099802e-10
0.98035
8.068754e-05
1.277746e-06
0.9850233
6.162303e-08
4.0502428e-07
3.2439016e-07
1.4238155e-07
0.056226693
7.634653e-06
0.10414991
3.407512e-08
0.0010550614
0.001888387
0.058215562
3.091237e-05
0.8848358
3.5429814e-08
0.00046160232
5.750201e-07
0.9993008
5.6659564e-12
3.5709672e-05
0.00014242873
2.002853e-05
0.06768028
2.1127558e-08
8.76413e-06
0.0036881508
2.057728e-07
3.4956633e-06
0.00017861329
6.1511884e-10
1.992319e-06
0.0032702007
6.688591e-05
7.2440193e-06
1.001512e-07
0.42042312
6.1033006e-06
3.7460907e-08
0.00027575955
0.0013625738
1.0854728e-06
3.6808837e-05
0.0058290386
1.3830805e-07
4.8546112e-06
0.0012162055
3.325538e-07
3.5593328e-07
1.286178e-06
3.0519118e-08
4.5145654e-05
9.609427e-08
3.2476528e-08
0.99979854
7.3230294e-06
0.0001604843
0.92624533
1.3239403e-05
0.0479605
3.2119266e-07
5.5003762e-05
0.033287045
2.830447e-06
5.496517e-05
9.300262e-06
4.4833786e-09
0.0043683676
1.0635733e-05
0.0025312703
0.47951508
0.5489428
5.4271146e-05
2.7316964e-06
0.00011677249
1.0383488e-08
2.272581e-07
0.00049674406
0.07982385
1.2352491e-05
0.00010906547
0.008350636
1.7416709e-05
6.488646e-07
0.007525881
6.167895e-05
0.9997746
9.9858495e-05
0.33244124
9.328834e-08
0.0033084988
0.66570854
3.407512e-08
4.2891206e-05
8.723573e-05
0.00083812396
5.494882e-07
9.02457e-08
2.9706225e-06
