0.9952197
0.99632597
7.6976656e-05
0.00018497794
8.8506914e-07
0.00034222248
0.0020167774
1.3322552e-06
0.035510242
2.6393561e-08
0.3444695
0.24684267
0.268547
1.628491e-07
0.9104014
4.472524e-05
4.8514455e-08
1.2087643e-06
1.0
2.5640293e-06
1.6974171e-08
2.2064478e-05
9.4061056e-07
0.0012162171
0.000550966
0.9999481
0.0009676007
0.095855854
3.5135242e-06
2.7440041e-08
0.06367778
0.00022671542
0.00090744114
1.3559337e-07
0.0027721464
1.2176501e-05
0.0010753896
2.6070082e-05
3.993066e-08
0.00081638334
0.0005921329
0.12999596
3.290667e-05
1.7302145e-06
0.007924383
0.0003382004
0.014182537
4.8514455e-08
1.605181e-05
2.9959785e-05
0.00059567526
0.0020368553
0.74444366
1.3591612e-07
5.229887e-06
0.00010048243
0.0012194668
1.887551e-05
0.9610365
1.6285743e-08
1.0334212e-06
0.9317816
1.159271e-06
2.4731622e-07
0.003814646
6.9152475e-06
2.1399963e-05
4.0642804e-05
4.5537504e-06
0.56854486
0.0014683799
0.12684907
2.738721e-07
8.86142e-06
0.99999875
0.0024431136
8.79915e-09
3.320615e-05
4.779439e-07
0.004016528
0.00014901145
0.00036190837
1.5093158e-07
0.840322
0.017760165
0.9971974
0.000106957
0.0031867991
7.5540277e-07
9.073691e-08
7.1862614e-06
9.296457e-06
1.3559337e-07
0.00010725195
0.0008286068
0.0007564949
5.7211102e-05
5.200292e-10
5.8914156e-06
9.661566e-08
0.014131479
0.13707583
0.95020604
7.16349e-06
0.006016683
6.4842514e-09
1.687657e-06
0.07034875
0.14468619
2.4246222e-06
2.2766831e-07
0.5682275
5.7276366e-06
6.8850695e-06
0.96023756
3.6244634e-07
0.0006550545
0.99988157
3.968341e-07
5.229887e-06
4.9309616e-05
5.6077356e-09
1.0866707e-07
8.7882825e-07
0.9973129
1.9076485e-09
1.0104558e-06
9.335643e-10
4.779439e-07
1.3979627e-05
0.00029074293
4.8807862e-05
3.5361611e-09
0.086597286
4.726218e-06
3.993066e-08
0.00968785
1.10604615e-05
5.1562943e-06
4.847778e-06
0.0032109104
0.00037630324
0.00016351302
0.00026224906
4.6025147e-05
5.20947e-05
0.017305186
1.1162507e-06
0.92291635
9.573561e-10
2.8787852e-05
0.09322645
0.0132744685
9.233226e-08
0.008331932
0.17769769
0.1357689
1.7383054e-06
2.1507749e-07
0.0052277874
2.0175568e-05
1.9356942e-06
4.1621184e-05
0.009392133
0.00025983318
6.4122223e-06
4.779439e-07
6.867875e-07
0.78068817
0.00211075
7.2711887e-10
0.87654185
5.0293667e-05
0.9996772
0.9995827
0.0049887346
0.97503275
1.8841341e-08
9.4061056e-07
1.3844855e-08
4.9136917e-05
0.9999481
9.195874e-06
0.035169277
3.527953e-05
4.2867786e-08
4.436207e-06
1.5195248e-08
0.99992067
0.00027403396
0.0006689564
1.5608085e-06
5.3708627e-06
0.022133663
1.6408565e-07
1.7241267e-06
0.08420724
9.067256e-08
3.7710528e-08
2.6837574e-07
0.0079728495
0.03408803
0.994901
0.031888224
4.5802237e-05
0.0004745916
1.6846083e-06
4.693832e-06
5.20947e-05
3.319679e-07
1.7032164e-07
0.00089594466
3.826265e-06
0.028959604
0.9999032
3.743652e-07
9.565676e-06
1.4174711e-06
2.7992944e-06
6.8120216e-09
0.6571796
0.00029074293
0.31732765
6.556435e-08
8.5265135e-08
5.334542e-06
5.2762334e-07
1.0104558e-06
3.1448728e-06
1.1813022e-05
0.9104014
0.00022860104
0.9905751
4.8377282e-05
7.0991956e-07
0.24328393
4.9309616e-05
0.0007564949
7.285046e-06
0.00785418
0.00021401607
0.0016405539
0.00047187647
0.9913123
0.00015583073
0.11167572
0.14041631
0.00023232703
6.5694155e-07
0.008331932
0.009392133
2.5394456e-07
6.6290163e-06
0.00019727323
0.0019095797
4.328229e-05
5.2762334e-07
0.00012856344
1.8530035e-06
2.5044808e-06
0.9917929
3.6244634e-07
4.8539444e-08
7.765806e-05
0.0001558028
0.004016528
5.694761e-06
0.0058071525
5.0293667e-05
1.72058e-08
0.36247075
0.01394237
0.004016528
5.297551e-07
0.00012977813
2.8787852e-05
2.2620874e-07
2.5527788e-06
4.4052223e-07
0.0020167774
0.0086673405
6.910909e-06
1.0
3.7535438e-07
0.0014007777
0.00010826388
0.04569221
1.0688667e-05
2.8562485e-07
9.661566e-08
2.5044808e-06
1.0258837e-08
5.2508116e-05
1.413323e-07
0.00010604381
9.0223983e-07
8.672074e-07
2.0201533e-06
0.00013979795
0.0002392193
