0.028798921
2.3145471e-08
0.17088704
0.13392065
6.742564e-05
0.9313412
9.967074e-07
8.2960556e-05
0.011031363
0.0058256183
7.5922576e-06
0.00030069432
5.3567287e-06
1.0345226e-06
1.2223097e-06
3.5633067e-05
0.0066175177
0.17450736
0.996132
0.00037755063
7.4142736e-07
0.9757351
0.0013763254
1.2794195e-05
5.7229656e-05
2.1178684e-07
0.00041477688
3.4225643e-05
0.0010961243
2.9487464e-09
9.903575e-05
1.5130787e-07
0.0005971128
8.2201936e-08
8.871226e-05
1.4624186e-05
0.94930667
0.46771
0.0023755797
0.027082806
1.4727198e-09
0.018628364
0.62140286
0.04516004
0.9748768
2.473888e-10
1.570272e-05
2.741674e-06
0.00018529693
2.0790128e-06
5.34002e-05
3.0700573e-08
9.150821e-06
2.6004783e-09
2.3278739e-05
0.20869379
4.1889525e-05
0.118073784
0.9999991
0.0030225972
0.00023401799
0.00012779489
0.58089393
6.107527e-05
0.007382233
0.00015241491
7.2973953e-06
1.633583e-08
0.9775655
2.9703394e-08
0.8258853
0.98484683
0.0006634409
0.99987894
5.736899e-05
7.273696e-06
5.288732e-07
5.3947403e-08
3.0083105e-09
5.5324256e-07
0.000110574365
3.6637305e-06
0.0033774548
3.8970607e-06
3.1006582e-08
9.0712565e-05
3.737762e-07
2.5404452e-05
0.90742785
0.00020247529
3.606813e-06
0.00031874317
8.8658496e-08
0.020059122
0.00038802988
0.00018826411
0.056982048
1.0
0.018628364
1.4282757e-08
1.2673746e-06
3.2670325e-06
0.0003223437
2.8621814e-06
0.9994004
0.00022548964
0.92856705
1.2109221e-05
0.23780257
3.8820346e-07
0.6172821
2.4449777e-05
1.8358745e-06
9.633252e-07
1.1800047e-06
1.2757403e-07
1.397814e-07
0.00010015049
0.0026523417
0.0008201091
2.6815599e-06
0.25681618
1.041114e-05
1.1460863e-05
1.5653102e-06
0.00023573944
9.2311035e-05
0.0030027009
2.6387066e-05
2.2921592e-08
4.4211188e-07
2.813978e-06
2.4257315e-05
1.1287517e-05
2.8119576e-10
8.03488e-06
2.801912e-07
0.0007150443
2.8061474e-06
4.7483812e-08
9.53999e-07
0.0015585991
5.0961804e-05
2.8437396e-08
0.0039341343
4.3163003e-05
0.9964948
1.5870253e-05
0.0018002747
7.1042737e-06
1.2807138e-07
0.4902096
7.3586916e-06
0.03476479
0.00038845642
8.367023e-06
5.4618727e-08
0.13392065
9.035624e-09
5.570082e-10
0.0051672137
4.0138666e-08
2.6296766e-06
0.08252699
9.8068085e-08
1.1599806e-07
0.99913305
0.31707308
1.0456214e-05
3.5498676e-08
2.9730597e-06
0.0031163162
0.9757351
1.6892031e-09
9.036899e-06
7.889768e-08
1.14950035e-05
0.4902096
0.0015585991
1.5399597e-05
0.00020856605
6.861656e-08
0.00017306228
0.00051101577
0.962261
0.0009319196
0.00018880934
0.08252699
0.045308337
0.014699883
3.737762e-07
2.2183178e-05
0.00082349044
0.21764271
2.3381072e-06
0.1675788
0.013451901
2.264601e-05
2.0926668e-06
1.4205294e-06
0.014298692
0.008747712
5.3701325e-07
0.00045984914
2.8738175e-11
0.7084727
4.908516e-10
1.8738661e-05
9.4532996e-05
0.0002617622
0.6555555
0.9947882
0.99879277
5.611312e-08
8.2201936e-08
0.6464918
8.386094e-07
0.013828385
5.1366183e-05
2.913952e-05
9.254142e-05
8.8658496e-08
6.856382e-05
9.573657e-07
1.718917e-08
0.83948684
8.38611e-07
6.3380224e-07
0.0044327257
5.7632847e-06
4.7738727e-06
0.00029346067
2.3056396e-06
4.10487e-07
0.9998754
5.113875e-06
3.3186623e-08
8.5971476e-07
3.125907e-08
0.13346122
0.000525643
3.906225e-08
0.84126306
2.8116816e-08
0.9999408
0.00023159763
0.69264406
0.37476864
0.009932156
5.398026e-06
0.0038737715
1.149724e-05
0.0003544306
0.0018420841
0.0058865966
1.2711666e-07
8.46671e-09
0.018628364
2.5819507e-08
5.1366183e-05
4.060619e-05
7.5969285e-05
0.92856705
0.03276483
6.3760635e-05
0.3232573
2.1174023e-09
6.988506e-06
0.03645184
2.8212033e-05
0.118073784
4.0718023e-06
0.10951288
4.9387765e-09
3.62445e-06
1.3857225e-07
0.00019608278
1.5012454e-06
2.5069441e-05
2.5000158e-05
0.3232573
5.8245337e-07
2.3616128e-06
0.9602047
0.90188634
0.00013675792
0.99036753
1.4647596e-11
0.00022548964
1.8288913e-08
0.0010587097
1.041114e-05
1.8464978e-05
6.742564e-05
0.0042180507
0.40718526
0.0064933063
0.015264648
0.023304902
0.047467552
