0.9996664
2.2712962e-07
0.00021347356
0.06862156
2.181995e-06
1.6331288e-07
0.0031436624
7.526611e-06
0.0008600787
2.2073073e-06
1.440499e-06
1.35101445e-05
0.02651567
4.453364e-07
3.03098e-09
6.8739034e-08
3.3945252e-08
0.00072535436
2.9909998e-07
5.356864e-08
0.0010209364
2.8982904e-06
3.735543e-09
7.356924e-05
0.0040337075
4.970046e-05
2.777079e-09
6.446018e-06
9.6754704e-08
0.00026220558
9.483626e-08
1.7584438e-05
0.14355923
1.7330238e-07
3.6124315e-09
1.6917307e-06
5.827367e-08
6.0416934e-09
7.526611e-06
0.005113768
3.1141412e-06
0.00021346948
8.619916e-08
1.581819e-09
1.5370266e-06
2.753508e-09
1.1217375e-09
2.6994227e-08
0.0010468165
3.3985617e-07
2.484242e-06
3.837707e-08
2.8670808e-09
0.0014226869
0.8027072
0.0031436624
5.243343e-08
0.00012137233
2.1018864e-09
1.0151281e-07
2.696713e-10
0.124538176
4.5249828e-07
8.4507064e-07
0.0015877958
3.9278523e-09
5.652229e-05
7.9083804e-07
0.031243976
4.4317815e-08
5.036725e-08
4.791848e-10
1.2715714e-05
5.34799e-09
1.6547529e-06
1.4883123e-05
2.0155143e-07
1.688389e-08
7.613142e-09
4.3554423e-06
2.9960987e-07
5.0997915e-07
0.94438916
0.00026220558
0.9069768
0.00067641505
0.11130171
7.971586e-12
4.3625364e-10
6.2725847e-09
0.928153
0.0023626979
3.2183463e-05
0.0001327206
1.3349375e-05
0.00044623984
0.000194631
5.068595e-06
0.51944613
2.2798018e-05
3.5852344e-07
2.2798018e-05
2.275802e-11
1.2910898e-09
1.31114754e-11
0.0001223903
0.2526692
0.00041735714
6.08612e-05
0.03832526
3.7941293e-06
0.0015168614
0.99972534
3.6951417e-10
2.503509e-09
2.7356148e-07
0.013574926
4.1987023e-09
3.1747688e-06
2.450373e-07
1.2638698e-08
0.045313373
2.3845403e-09
5.1172524e-08
4.3625364e-10
0.9999875
0.21135807
3.7047081e-07
2.3845403e-09
4.7139014e-07
3.6948995e-06
6.912406e-10
0.0003637069
7.971586e-12
3.3499057e-06
7.816724e-10
0.0005291513
1.7584438e-05
1.6260639e-06
2.3734335e-08
0.0001551064
1.0519921e-08
4.710755e-08
0.0010981654
2.257594e-07
5.590368e-10
6.081803e-05
2.378101e-08
3.2425592e-07
0.0027689673
1.6019683e-08
1.1857524e-08
0.00038063584
0.00021832032
1.0140024e-05
1.7265918e-05
0.99993145
2.484242e-06
2.9655004e-11
1.8449103e-07
5.068595e-06
2.6231066e-07
6.309328e-07
4.5010574e-07
0.6150136
2.5335075e-06
5.9952396e-07
1.6887594e-08
2.9553523e-06
4.170407e-07
3.5620766e-07
4.5049663e-05
4.9506926e-11
3.514927e-08
0.000111486486
5.3492757e-09
1.623005e-08
7.540933e-05
3.3362646e-10
1.0954229e-08
2.0566033e-05
0.9671619
6.523064e-05
7.125783e-06
3.948383e-07
1.1445324e-08
2.6224458e-05
6.446018e-06
0.0028930122
2.696713e-10
1.881385e-10
3.3745569e-06
4.4374868e-10
2.5810314e-05
7.356924e-05
2.8606038e-08
4.4452063e-06
1.2027556e-07
4.1090248e-10
3.3945252e-08
1.2117075e-10
8.294812e-06
1.4362567e-10
1.729094e-08
5.6902974e-07
9.844898e-06
3.1721327e-06
2.2800306e-10
9.81313e-07
5.1172524e-08
1.2997896e-07
6.2618943e-07
2.6719395e-05
1.9638268e-05
3.3499057e-06
0.00010793793
6.964794e-08
1.408814e-12
7.279531e-13
7.977013e-09
3.236615e-07
2.9200719e-05
5.9952396e-07
1.6887594e-08
9.77709e-09
1.426487e-08
8.000188e-09
4.3386968e-05
1.4389816e-07
2.753508e-09
3.4716527e-07
2.2845503e-09
0.94194186
5.001683e-05
1.074608e-09
1.4334387e-06
0.00021687879
0.016010348
2.181995e-06
5.370212e-09
0.03832526
0.0015168614
1.0204939e-07
0.007897022
0.003760212
0.00025307722
0.63594425
5.8177e-06
7.627822e-09
0.8386105
0.00048128326
8.367056e-11
1.6315938e-11
6.13933e-09
2.541492e-10
1.6486854e-09
1.5995472e-08
2.9078814e-07
0.0028728298
0.00028047344
3.427202e-05
0.000105210034
3.491507e-08
0.0005291513
8.842085e-09
2.437461e-07
1.2926693e-09
6.933639e-05
2.0351279e-06
7.280479e-12
3.3798212e-08
7.568938e-09
2.084913e-09
0.00044623984
2.2818464e-05
3.1111745e-11
1.0199257e-07
8.23034e-06
7.668166e-07
4.8145523e-09
4.4176727e-06
2.9200719e-05
7.852706e-07
0.9773508
3.899566e-10
4.0304684e-07
5.270272e-06
1.3223432e-08
8.6737435e-09
0.04308674
8.2007745e-08
0.00028244362
2.8246495e-06
4.2548955e-08
6.0416934e-09
7.012621e-07
2.2972306e-09
3.3038748e-07
8.2007745e-08
1.9680527e-05
