1.0
1.0
1.0
1.0
1.0
1.0
1.0
1.0
1.0
1.0
1.0
1.0
1.5210406e-06
7.260739e-10
0.273044
1.374046e-09
6.8563675e-09
2.2614924e-11
0.00017449791
0.0008289551
0.0118477205
2.5393927e-06
8.691231e-09
5.8315422e-06
8.8151375e-10
8.8248125e-05
3.6896668e-07
0.2381699
0.0007253489
2.7640228e-08
9.387537e-09
3.383956e-08
0.000101968915
2.4506996e-08
2.1267084e-08
0.64039475
0.98548687
0.0007225065
4.1103335e-06
3.2089271e-09
0.0029958568
0.00022132689
3.373366e-09
5.72692e-08
1.1539629e-11
1.7324348e-08
1.9486195e-09
7.577723e-07
1.1321866e-06
2.213029e-05
3.0814074e-09
4.5483044e-09
3.7022286e-08
1.2509448e-09
0.119797274
1.2749656e-09
3.2349262e-10
2.9122162e-07
5.929163e-07
9.0926585e-07
5.942279e-07
1.582113e-07
5.1945072e-08
0.9914634
2.7744127e-07
7.1039096e-08
0.003142512
3.4985383e-09
0.0050307526
2.7353565e-06
6.551234e-07
1.2827955e-09
7.427278e-06
1.6970805e-08
1.023228e-06
6.059165e-09
7.096351e-06
8.378852e-07
6.423665e-08
2.2873811e-08
0.35414457
3.4336486e-07
0.0008289551
0.0050307526
0.001840335
1.7955782e-06
9.427119e-09
1.7830909e-11
1.2746382e-05
1.239902e-08
0.90972865
0.000892582
0.0011349282
2.7658516e-05
0.008251049
5.5451685e-11
9.830955e-05
4.789697e-06
5.083333e-11
1.3645081e-07
7.2876555e-10
7.5053214e-10
6.5508825e-09
7.616965e-08
2.2873811e-08
2.0218502e-09
3.7166233e-06
0.00035801093
4.524771e-08
0.00012832679
0.9999638
0.75607014
0.000103350176
4.323001e-10
0.00022872814
0.00015370215
7.616253e-08
9.354256e-09
6.7000405e-10
0.08537384
0.0007783689
2.2591209e-07
5.631544e-07
7.577506e-07
1.6991248e-07
0.011287333
0.06310572
0.9408735
6.70385e-10
3.1705208e-06
6.7578535e-06
4.950793e-05
0.00013935169
1.4673092e-08
3.9149967e-08
3.888054e-05
0.9977851
2.5354424e-08
4.6829484e-07
1.319459e-11
2.907562e-05
1.6549528e-08
0.28111923
0.00024294315
8.679738e-08
9.160617e-06
3.702163e-09
0.0002436007
1.7986423e-08
2.5361155e-07
1.0994627e-08
0.0003313143
4.852593e-08
1.2821527e-06
0.0015235136
1.2634622e-06
2.98497e-07
0.000103062404
3.6383276e-09
1.2345393e-10
0.13898905
7.1231756e-07
6.266704e-05
7.658253e-11
1.0613269e-09
8.07678e-06
1.167001e-09
0.98559093
0.3088243
3.362882e-09
0.0002453496
3.896677e-05
4.1184248e-10
0.0006118737
1.9726979e-06
7.5328494e-08
8.351794e-05
8.359822e-09
2.7194017e-07
9.461818e-08
9.954857e-07
3.5924114e-07
0.0013788261
3.6917294e-07
0.9975937
6.259172e-10
7.2625435e-09
4.126237e-07
1.6709774e-07
3.5924114e-07
1.580831e-07
2.241423e-09
8.587816e-08
6.3829886e-10
9.566624e-10
0.91355795
9.595068e-08
1.3987721e-05
4.899159e-05
2.767167e-06
0.00028568404
2.0018106e-05
1.636708e-08
6.5257966e-11
5.5165432e-09
1.8378877e-07
6.883809e-08
1.4873947e-07
6.54285e-05
0.00068207993
0.98503715
6.1072086e-10
1.272678e-07
1.7809256e-07
0.9999781
0.00039257025
0.28686884
9.611229e-07
7.473208e-07
7.700771e-08
3.2605547e-09
3.7596853e-11
1.368632e-06
0.038834397
1.0355035e-05
1.5320727e-07
4.039726e-12
0.96748614
4.2363655e-09
1.2476718e-07
2.0084428e-06
2.4205038e-08
1.7375202e-09
2.2152334e-07
8.398676e-07
0.0005592483
2.603107e-10
0.008387256
3.4001044e-08
1.1004006e-05
1.4673092e-08
0.9999999
8.4449215e-07
0.62267
8.048278e-06
7.438915e-08
7.231445e-07
0.14331202
0.0019277858
0.9998258
1.665712e-10
0.119797274
0.00026786842
0.00023443537
1.0711542e-08
1.959093e-07
5.879357e-09
1.3143343e-05
1.9178382e-05
0.049067497
9.823204e-09
3.6896668e-07
0.0001792348
3.326546e-08
0.9997651
6.6897774e-05
2.5393927e-06
0.0004979698
0.0009586018
1.7713804e-06
5.3385656e-07
6.4512027e-09
1.0530667e-05
0.75607014
5.867339e-07
1.6549528e-08
0.87750703
1.2906617e-06
1.3246682e-08
1.1263003e-08
1.5278335e-08
0.9966868
0.037963286
9.711854e-07
0.00020922194
4.756426e-10
4.1837556e-08
7.700771e-08
0.035020974
2.4109845e-08
7.260739e-10
0.98798656
1.0633481e-05
0.9998258
6.043681e-11
0.0006118737
9.547115e-11
6.837588e-09
2.9122162e-07
0.00036368924
