1.0
1.0
1.0
1.0
1.0
1.0
1.0
1.0
1.0
1.0
1.0
1.0
1.0
1.0
1.0
1.0
0.99750096
0.9999953
0.9987798
0.059994668
3.835146e-08
9.6931115e-05
0.0006904168
1.8677295e-07
2.7436644e-07
0.6304889
0.009446493
0.0076406407
0.9999973
0.0076406407
1.1079146e-06
4.702686e-05
0.85122323
1.0
1.5472819e-09
5.4356107e-08
0.009608563
0.99254197
4.4733388e-05
0.00010461299
9.2625775e-08
4.6512582e-07
1.2318301e-07
4.4240855e-06
7.9458945e-10
2.8602983e-08
0.0005465658
0.004858533
2.4462324e-10
8.3786597e-07
2.8261584e-06
5.27354e-09
1.40287875e-05
6.6806642e-06
8.469014e-05
1.5269384e-06
6.6479206e-06
3.1078588e-07
8.432836e-08
1.3224106e-09
6.9304695e-09
0.00077115255
9.877646e-10
2.9261128e-06
3.5530385e-07
0.15947579
0.00080515514
0.00089015375
2.134056e-11
1.6688293e-09
1.403221e-06
6.949693e-08
9.1879276e-10
1.6648185e-07
4.702686e-05
4.9592885e-09
1.9096778e-07
0.99999994
7.339929e-06
5.4184044e-09
2.134056e-11
3.057217e-07
5.5362332e-09
4.062467e-07
0.12116207
1.0472534e-06
1.5451158e-06
4.702686e-05
2.021287e-07
4.2197257e-06
0.0015812245
1.5761719e-06
1.2506728e-09
0.0023848554
6.673658e-07
0.0009424808
2.652033e-07
1.4734735e-08
2.08948e-06
8.592582e-07
3.4511526e-08
0.18041366
6.8860677e-06
1.2185302e-07
8.4920055e-07
8.3312034e-07
1.7031894e-05
5.3080747e-08
4.4728167e-06
0.99998754
5.363589e-09
0.0060805734
0.26022357
1.808528e-09
2.0345728e-06
8.02175e-07
3.1494467e-06
0.0010718569
8.401466e-08
9.949557e-10
0.9660491
3.5001833e-06
4.0451315e-08
0.00015879118
0.99738723
5.3047956e-05
2.0487809e-05
0.00019985868
6.909286e-09
0.00034462693
2.3114296e-06
1.6549423e-06
2.7436644e-07
3.4511526e-08
5.5780987e-07
0.9999852
5.598853e-06
1.2698593e-09
2.422902e-11
1.55978e-05
6.476183e-08
5.0803163e-08
7.114466e-05
5.1900386e-09
0.00663122
2.9435274e-08
3.3865113e-06
1.5277205e-07
0.0008378756
4.3982834e-07
2.377821e-06
0.0021341243
0.00015178621
1.2635038e-05
2.751814e-07
3.7244021e-09
1.281124e-05
4.5196134e-07
0.9999852
3.4366929e-06
1.6520062e-06
1.7378234e-05
6.250088e-05
2.4383328e-07
0.15460286
1.2460214e-07
1.0641373e-05
0.012163592
6.615462e-08
2.796384e-09
1.0595233e-08
1.5484991e-08
5.894281e-05
0.00017648125
2.4383328e-07
8.526987e-05
8.62253e-08
2.4600881e-06
4.9697263e-07
1.1714075e-05
0.0020662025
3.2058134e-09
4.8701736e-08
2.4443553e-08
0.002553504
4.843541e-07
0.99882686
4.5308774e-05
0.9835831
3.9967386e-08
0.9917051
7.683555e-06
3.7602794e-07
1.6549423e-06
3.3957627e-07
1.2104701e-09
3.2780192e-10
0.01812949
2.31523e-05
0.8967246
2.8795556e-08
1.5761719e-06
1.9364757e-07
0.9927322
0.0009298384
2.5766326e-08
4.080966e-07
0.85122323
0.99976146
1.2319477e-07
0.000103599814
5.093162e-07
9.654547e-08
1.1007432e-07
0.00033405653
9.0414545e-08
1.4969628e-05
9.3474796e-07
2.3532459e-05
1.3657708e-05
5.0972244e-07
0.9981535
7.282774e-05
4.4755348e-06
4.5731815e-07
1.3898764e-05
1.7425526e-08
1.8586883e-05
3.3702534e-09
8.0373565e-07
8.592582e-07
0.0006939982
4.6094925e-08
2.0747615e-09
0.009344659
7.247781e-08
6.13272e-08
2.4928618e-06
0.006564119
1.6639757e-06
0.00043524618
4.0295075e-07
0.00046197628
1.9122506e-08
9.107122e-05
7.172404e-06
8.035116e-05
1.281124e-05
0.0006359132
7.0731483e-09
6.8664605e-08
1.5077824e-06
0.0008378756
0.0006478207
0.73338383
1.8662003e-09
1.136425e-06
0.00056264875
0.0059345397
3.8698505e-05
7.6125195e-07
7.570508e-10
7.943307e-09
0.0014889182
1.0
5.8582142e-08
1.6780487e-07
4.2947907e-12
1.128677e-07
2.944387e-07
2.751814e-07
1.40287875e-05
4.2624302e-07
1.6520062e-06
1.1058901e-08
1.714257e-05
0.4700192
1.1714075e-05
2.140143e-05
1.8725713e-06
7.585416e-07
9.329332e-05
9.277744e-09
4.1634166e-08
7.3598353e-06
0.000100719
4.429586e-06
0.41950187
4.5619745e-06
5.713266e-10
0.00045857116
3.3274287e-07
2.944387e-07
2.979038e-07
3.5530385e-07
0.010097315
6.273207e-09
8.035116e-05
1.2086963e-06
0.028916558
