1.0
1.0
1.0
1.0
1.0
1.0
1.0
1.0
1.0
0.99999934
1.0
1.0
1.0
8.490297e-07
0.00027827919
0.99999917
0.00014486238
9.905258e-08
3.8631175e-08
4.273116e-06
2.011881e-05
4.1682933e-09
2.1876802e-07
2.18764e-08
0.948228
1.1801251e-06
3.5614647e-08
1.7585123e-08
3.0055535e-05
5.4841357e-06
0.99943775
0.0032876546
2.2770682e-06
0.9767028
3.7399594e-05
5.4007735e-08
2.4988458e-06
2.1227852e-06
0.9767028
6.492744e-07
5.2067284e-05
7.877399e-06
1.2949823e-05
0.0003601551
1.1514581e-08
6.0426657e-05
0.99996024
4.8014314e-08
6.27844e-08
1.656643e-07
5.7774185e-09
1.0339029e-05
0.002052579
1.194731e-08
0.0047312244
0.011939973
0.017634483
0.0001587715
2.9640438e-07
0.023808315
0.00034835975
4.3957255e-07
4.6655806e-08
0.00024850646
0.0001272756
6.794494e-08
0.00053181045
3.795805e-07
6.0972848e-06
5.1357326e-08
0.008092823
2.271042e-10
9.73342e-09
1.0920812e-07
7.235582e-06
7.4603264e-07
3.9591117e-09
0.0005518858
0.999756
1.6292056e-07
1.948429e-06
0.00011417659
0.0005450418
4.1044393e-07
3.12643e-09
4.831442e-09
1.8193553e-07
3.60478e-07
3.892451e-08
1.4011746e-07
1.6069173e-06
1.0690503e-05
2.023983e-06
0.001038672
0.00033336488
0.00018556762
1.2250813e-05
2.7059283e-08
0.00052591256
2.9030411e-09
2.0571963e-07
8.0412335e-09
0.0021354274
7.5457865e-06
1.5465383e-09
1.1508609e-08
0.0001239668
4.303395e-06
0.009087197
1.3058236e-05
5.7268056e-07
0.008147527
7.3035684e-05
1.4900208e-08
0.8513837
4.0396466e-05
1.0883939e-06
0.029967407
1.92038e-07
7.520366e-07
5.4942184e-06
1.6330603e-07
0.008891002
0.0031811935
2.0531337e-09
1.3169497e-07
0.4327659
5.4689528e-05
8.9042004e-08
1.475434e-05
1.1647222e-06
6.0557363e-07
9.634612e-07
5.8482e-08
0.0047643078
0.56239367
2.1284175e-05
4.4777335e-06
0.0008059362
2.3324586e-07
5.9160647e-07
1.948429e-06
4.4349675e-09
3.2936944e-07
0.00046807568
0.9025727
0.0006616738
1.0610132e-05
5.508688e-06
1.6759659e-05
0.00029786982
5.4128544e-05
6.8242485e-08
2.1415175e-07
7.3281092e-09
0.0034000764
0.080116175
3.6046266e-09
0.00011197935
8.608247e-09
0.0020697599
0.00011417659
2.316383e-05
5.234253e-06
0.15213302
0.0077686775
0.97631454
0.00026602577
7.818593e-05
4.4224655e-09
1.1593916e-06
2.9030411e-09
0.97632086
1.8608716e-05
2.5374526e-05
1.0860238e-06
0.99888515
3.4741625e-08
6.905858e-05
7.067782e-06
0.036314245
9.348853e-07
0.001989152
8.058032e-07
2.1914211e-06
0.042884547
3.360306e-08
3.5035864e-06
2.2402064e-05
2.9364505e-06
0.0005803926
0.0053407373
0.0016857698
0.096678905
0.87605083
1.2091236e-07
1.7638437e-06
2.3780963e-08
0.0010581848
3.125442e-08
5.9458067e-05
5.234253e-06
0.99999386
5.6126686e-09
0.000821117
3.291352e-07
4.5005078e-07
3.1056654e-08
2.6802553e-08
0.00013075571
6.398868e-06
4.0215798e-07
4.193149e-05
0.0003783994
1.2336165e-10
0.99854505
2.6042973e-05
0.00034872125
1.089208e-08
0.006696903
4.005674e-05
4.469564e-09
1.8734589e-05
0.00830227
4.5253362e-10
0.009087197
9.689226e-07
1.60297e-06
1.82083e-08
4.6223118e-07
0.21988562
0.000501522
0.0028116636
0.0001587715
1.1354587e-06
3.286716e-07
0.4086453
6.306026e-10
1.2899808e-07
0.97885203
3.0846616e-07
0.00024850646
0.00029258095
6.794494e-08
0.0030543983
2.34841e-08
6.794494e-08
8.38328e-05
0.00013943783
7.9224134e-07
0.00081876176
4.803187e-05
6.8985726e-05
9.6714665e-08
5.6793365e-06
4.4120267e-09
0.023808315
7.3035684e-05
0.3533688
0.99643457
2.6876373e-08
0.99999833
4.757678e-10
8.853427e-07
1.4307864e-06
0.000724881
4.6212716e-07
6.790403e-05
0.0004739731
6.283099e-05
0.823144
8.177486e-05
5.1345916e-10
0.000505518
2.0135431e-07
4.469564e-09
8.53428e-07
7.0749314e-07
1.7208512e-06
1.7919758e-07
1.1976279e-09
0.9436185
0.00018556762
6.3237574e-05
5.5981004e-06
0.32372668
7.7312325e-05
1.5411555e-09
2.838067e-07
0.00018299
2.795082e-07
1.0467149e-05
5.9728547e-09
1.8196482e-06
1.9393143e-07
0.005718495
0.00036438505
1.1931176e-05
4.273116e-06
1.8560989e-07
