0.99856263
0.00051313924
2.341491e-05
2.3288465e-05
0.0072626197
2.0099795e-10
2.3588269e-05
1.6424896e-05
5.7271933e-07
0.9967731
3.981012e-05
2.6046351e-05
5.1358995e-07
0.0003084492
0.0062453537
6.6385485e-07
5.801051e-07
1.5743837e-05
0.9302072
7.2620585e-09
0.0578549
1.9304187e-09
0.002597746
0.01567037
0.00017493872
8.519084e-08
3.5064277e-06
5.12991e-11
2.6717025e-05
1.7708134e-09
1.1845263e-05
6.7887675e-07
1.5866097e-07
2.115521e-05
0.012442286
8.324133e-09
2.94141e-09
0.9858746
6.80081e-05
8.819462e-05
1.5501067e-08
4.544669e-07
0.00046047047
0.9941778
6.761463e-08
0.00041009352
1.6117303e-07
0.9992776
0.00012362801
1.0146824e-05
2.5900727e-07
2.9889526e-07
1.4445682e-07
0.9999855
0.0004355068
0.00038650236
6.1208354e-08
0.0002342631
1.4568076e-05
3.632401e-08
0.0013464367
5.62126e-06
0.0075267176
5.0029564e-07
1.1359892e-05
4.2053248e-08
6.900188e-07
0.0022962925
0.0017731619
0.9713667
6.0594104e-08
0.9992091
2.3779863e-09
2.272649e-06
6.493128e-08
0.00021239609
0.84038806
2.2272967e-08
0.00018473118
0.0005999557
1.0046779e-08
2.8168456e-06
4.3375725e-09
1.174994e-06
0.9883395
0.804672
8.64038e-11
0.00872241
3.416677e-06
1.1563858e-06
9.764697e-09
1.619893e-09
6.044658e-07
1.8986286e-05
4.3585737e-07
2.6046351e-05
3.09293e-05
6.168959e-08
0.00020924986
0.012442286
0.16115676
5.3774213e-05
0.01667059
4.3784038e-08
2.2868437e-05
2.6869284e-05
0.0013212118
3.763573e-07
0.0019408764
3.046463e-07
9.465861e-08
1.18083946e-07
0.003641223
0.9305652
8.5718256e-07
5.7486305e-09
1.3614807e-07
0.94569427
6.6385485e-07
8.029861e-09
2.0477343e-07
4.758672e-08
2.6823098e-05
4.7751905e-09
2.3553808e-05
0.0007721511
7.53058e-08
9.3247545e-06
4.5293127e-08
0.00020929756
7.741083e-07
1.1799726e-07
1.706946e-08
0.0001614614
0.7113243
9.869012e-08
7.778099e-07
7.304843e-05
0.042970903
0.00043907252
0.0011414336
3.2979704e-06
0.00015063964
1.2857529e-05
2.4075065e-05
0.0022645397
6.8285717e-06
1.3488674e-06
0.0018017328
0.018863358
1.6485195e-08
5.618401e-07
6.3295296e-08
8.075355e-09
0.7638825
1.2088815e-07
9.853965e-08
1.4568076e-05
0.107030325
2.8704802e-08
0.019002315
1.9879481e-08
3.7534005e-07
1.5743837e-05
2.09666e-06
0.07807353
8.499707e-06
0.025543325
1.4901805e-07
0.00066844525
1.3196339e-07
3.3534494e-07
1.4320182e-08
0.0034350418
1.0794817e-07
0.97381955
1.4557854e-05
4.2053248e-08
1.692319e-05
2.5279444e-06
1.0128769e-07
0.04394219
8.045799e-06
2.6127805e-06
3.5869067e-07
2.8704802e-08
1.1859538e-05
1.8917161e-06
0.043942202
2.8150788e-07
6.496634e-07
2.6717025e-05
3.2729002e-07
0.0006970948
0.0017221433
6.498437e-10
2.5529407e-05
1.2885984e-05
1.4552941e-07
1.2381577e-06
0.045405068
3.18285e-09
1.7116342e-08
0.00019100249
0.99413544
0.9855913
8.8032284e-05
1.7066754e-05
8.8075495e-08
0.0009492931
0.025543325
7.258424e-05
3.2391579e-06
2.3553808e-05
2.4407947e-09
0.0007526489
1.6162213e-08
0.15724292
6.643571e-07
1.9304187e-09
2.3882363e-09
0.026307926
1.4568076e-05
9.1136016e-08
1.057575e-08
1.1329144e-05
5.618401e-07
3.5472354e-07
1.3107416e-06
1.380941e-08
0.009412083
2.3953274e-07
5.237609e-05
8.075751e-10
4.5842735e-06
0.04606155
3.0856765e-05
2.2699066e-06
1.0712196e-06
0.00072266965
2.2195664e-07
0.00032029615
0.04394219
2.2291884e-05
4.695971e-08
1.9346242e-05
9.113302e-09
0.22358929
2.8748258e-07
0.0027632064
1.2086163e-07
1.2377569e-07
6.170477e-07
1.2031292e-05
1.6485195e-08
0.00014374166
1.0800408e-09
1.1799726e-07
0.0045816344
0.0009955107
1.3278627e-05
1.0444431e-07
2.6255586e-05
1.7279045e-07
3.6701722e-06
5.201991e-09
6.9337575e-06
0.042970903
6.744435e-05
1.2088815e-07
1.42968e-07
0.00032015296
0.9855913
2.108068e-06
2.5583745e-07
0.02207623
1.0311576e-05
0.71197397
1.5866097e-07
8.40797e-05
1.522852e-09
0.001026674
0.027709896
0.0034350418
4.171392e-06
1.4488658e-05
2.5161225e-07
8.395183e-09
1.6353725e-08
3.8283126e-08
0.07046275
1.18836745e-08
2.8903132e-06
1.6104915e-08
1.7782944e-05
2.4785804e-08
0.0003084492
2.6519774e-06
0.00035566758
1.2109983e-05
