1.0
6.495791e-08
5.192754e-07
4.864935e-09
2.586362e-08
0.00015352682
2.3919633e-06
0.89891285
2.1862926e-08
2.1953129e-07
5.5094373e-05
1.5569667e-05
4.6167884e-06
0.016967898
0.05599894
0.04354641
5.513577e-09
0.00013494205
0.12653719
1.3110931e-05
0.00015352682
0.007725129
0.7118615
0.0005409984
1.5269733e-06
0.21958315
9.559535e-07
0.9999972
5.519119e-07
3.7163692e-09
0.99999726
0.045399386
1.6394956e-06
0.03482034
0.25502992
8.231865e-07
0.05372054
1.4963541e-06
0.0002518568
1.8933464e-11
0.001314053
3.705448e-09
2.58405e-07
2.3775023e-08
1.1816277e-05
5.3885907e-07
7.972876e-09
0.00060991675
5.5336684e-05
1.0
0.0010310477
0.052054152
0.00041043985
2.3379266e-06
0.025643624
1.4391588e-06
0.001674133
7.547545e-09
1.3093123e-06
0.0008745427
8.021435e-05
0.20452155
0.00060639787
6.735077e-08
5.9253787e-05
8.40892e-12
3.0270706e-07
7.438884e-05
7.387495e-07
6.1036495e-05
3.8200033e-05
3.7436803e-06
9.434109e-05
0.92166823
5.3302426e-08
3.2341152e-08
3.0152166e-06
0.007261836
4.0150416e-10
1.0462176e-07
2.2054535e-06
4.884211e-06
0.006837169
5.513577e-09
0.016009394
9.982266e-06
1.9924635e-06
3.1833547e-06
0.00060639787
6.693482e-08
9.101339e-05
0.9982639
5.179634e-05
1.5269733e-06
0.0005975549
3.409829e-05
1.3104442e-06
2.011832e-06
6.006267e-07
9.6830314e-05
7.582981e-06
6.9402876e-07
2.8336906e-08
0.0014502807
0.0017467586
3.8736317e-08
1.072031e-06
8.89819e-08
0.0001280928
6.1036495e-05
0.00016419955
6.629554e-06
8.418804e-07
2.818135e-08
5.5394385e-06
9.4509204e-07
1.5369475e-05
0.0008745427
0.010944474
0.00024987565
1.0749364e-06
0.9999957
2.7381125e-06
4.2462855e-08
0.9897848
2.6322584e-06
2.3085862e-08
0.02804254
2.8013028e-07
0.00070024346
0.0011461256
2.2054535e-06
3.110503e-08
0.13074827
0.66453403
7.0351134e-06
4.0833953e-07
1.2833686e-06
0.99999636
6.841432e-07
2.533437e-07
0.000547347
1.1359044e-07
3.2716314e-06
6.360966e-10
1.6188164e-07
0.006795066
5.3931744e-09
0.010404037
6.18606e-06
0.007725125
3.7594367e-05
2.0222878e-05
1.6293563e-06
3.0823772e-09
7.1688766e-07
0.004510208
0.99829847
8.234442e-08
1.1411585e-07
1.5569667e-05
1.07703016e-07
8.309438e-07
7.4634573e-07
2.4530398e-05
5.0587246e-08
4.309253e-10
0.007725129
7.335583e-06
1.3884165e-05
1.6282145e-07
6.1036495e-05
0.00082721753
0.006408371
0.09509732
0.9461297
3.396779e-05
8.974367e-05
5.1770375e-09
0.06965333
6.317017e-10
3.0270706e-07
0.25379187
1.5038003e-06
3.88376e-07
1.423991e-06
1.0462511e-06
0.60320705
0.00040136222
0.00019899369
1.2700558e-06
3.1036624e-09
0.0051288796
1.6835145e-06
3.0463746e-06
0.40734532
1.3591522e-07
0.003914586
4.864935e-09
5.9253787e-05
3.070231e-05
2.0063097e-05
7.839351e-08
0.00072660245
1.543032e-05
0.00040311267
2.8187216e-07
0.0001695646
4.875313e-08
7.85448e-09
6.063139e-10
1.4132792e-08
1.6529385e-10
0.00015340668
0.036708042
4.0455173e-08
0.0023603523
2.5442253e-08
0.0007364387
0.0023603523
0.010404037
1.2354045e-05
8.40892e-12
2.2215452e-06
8.255149e-06
6.083306e-07
0.0017767213
7.357015e-09
1.5625761e-05
0.009814644
0.007655812
0.99996704
2.0813161e-10
0.7281195
0.07334497
8.991553e-07
1.7042905e-07
8.40892e-12
5.3514286e-09
2.5365223e-06
7.438884e-05
2.7031227e-05
0.03282872
8.974367e-05
5.5094373e-05
4.8832953e-05
6.599006e-05
0.0004079819
0.9997336
1.0769275e-07
0.052054152
2.5775764e-08
0.4513065
8.022301e-07
0.0004466556
0.0041966946
2.0813161e-10
0.00048908865
5.1770375e-09
5.920851e-08
4.309253e-10
1.7106869e-09
0.7118615
6.111526e-08
2.795032e-05
0.00012140127
0.00042075227
2.3064473e-08
0.32477093
5.975843e-07
9.0876805e-05
6.539951e-06
0.87558854
1.6766904e-06
0.079592615
0.00020728417
2.4331828e-07
7.498646e-05
6.317017e-10
0.99968874
6.899013e-05
0.0005460099
0.17901321
3.9714874e-07
0.034796998
7.438884e-05
7.839351e-08
0.028304566
2.4052706e-08
4.4865114e-08
0.9949075
3.4945327e-07
3.3941628e-08
0.0029550353
0.0013026703
1.1359044e-07
5.45943e-10
1.3133042e-06
9.0876805e-05
1.7042905e-07
