1.0
0.0013821298
4.543525e-05
0.113558136
0.00014877577
0.0021322172
0.00043474342
4.7702585e-08
4.7866192e-06
2.8020133e-07
6.796137e-09
0.00015006919
5.7556124e-05
1.6477469e-07
0.0075815306
0.00011978256
0.016325358
0.00051425834
0.9993703
0.001451865
0.00056337105
4.3958237e-09
0.998242
3.0580882e-08
1.7732113e-07
0.9952704
1.18144635e-05
4.2058924e-05
1.0226747e-05
8.0777536e-05
1.4677855e-07
5.0949197e-06
4.1361394e-09
0.004837826
2.895161e-05
0.84633356
1.1748533e-05
0.0039865677
1.945581e-05
0.0007581735
7.835605e-07
4.378966e-06
1.1290065e-07
1.9301351e-05
8.3964725e-05
1.01315315e-07
1.2101865e-06
1.7697035e-08
0.8411653
0.00051488983
1.08435174e-07
0.11974216
4.3529486e-08
0.057315122
3.5056146e-07
1.6953981e-08
0.00031659412
3.302107e-08
8.106006e-08
4.1206976e-09
3.1803458e-07
0.9711636
3.509843e-07
0.010530278
6.055914e-06
0.0076129558
0.056673735
2.2038147e-07
8.386326e-05
2.4698086e-06
3.4941503e-09
3.0850663e-06
5.0947738e-06
7.4065754e-09
9.7711585e-05
7.929429e-12
0.998242
7.398172e-05
4.9559148e-08
0.9996627
0.00040180687
7.75876e-11
1.0
2.4891785e-08
0.0015935579
1.1988775e-10
0.0002043048
0.0002273527
0.9977459
0.004258892
0.022073286
0.25864378
2.2610644e-08
0.0010402808
1.4259777e-09
5.9243615e-05
0.093290195
2.1153557e-09
1.1970603e-07
0.9999965
6.7600826e-07
3.8148205e-08
0.00040180687
0.0021513863
4.3876794e-10
5.4134536e-10
1.7942293e-06
1.8386979e-09
0.0072878217
0.99819475
2.1173619e-05
3.823489e-08
5.3541164e-08
1.794231e-06
0.006160622
3.162435e-07
3.463353e-06
8.516431e-05
6.347607e-06
0.16131641
0.99999857
2.4479034e-05
7.835605e-07
4.7702585e-08
2.4491667e-08
0.00075280777
0.7636892
4.6481276e-07
2.157385e-05
0.0019439787
1.859369e-05
3.2202294e-07
0.00052101887
8.62059e-06
5.63356e-06
0.99999994
0.38340148
3.5056146e-07
4.2731955e-07
0.0064393105
6.796137e-09
1.6131406e-09
5.6776144e-06
1.7307742e-07
4.5073865e-09
0.17222467
2.3026176e-05
5.6693575e-06
3.7586196e-07
0.0022682145
0.9995058
5.812321e-06
4.9952003e-05
2.5059428e-06
3.1144739e-06
1.0943437e-07
3.4704943e-05
4.695425e-08
0.08127435
0.9999663
3.1733098e-06
0.035624612
3.8467796e-08
0.018025855
1.2413462e-06
3.533749e-08
0.04832899
6.055914e-06
0.9711636
3.416185e-06
0.041529298
1.4885182e-08
1.3917859e-06
2.7771586e-05
2.6721088e-08
1.2299544e-09
4.6441726e-09
0.00043053573
5.7740885e-07
0.065943345
8.3908e-08
5.998242e-10
8.195752e-09
2.493102e-09
3.549009e-05
3.757728e-11
0.0004305341
0.00019671611
0.9995058
4.2731995e-07
2.1850802e-07
0.0001768962
4.0041552e-08
1.2061126e-08
0.44094786
5.6774028e-05
6.3913074e-05
5.529817e-09
3.5720138e-06
3.083647e-05
9.329502e-10
0.9995058
9.608767e-06
3.127857e-08
0.25527203
0.00062580104
1.1643708e-05
0.0064100716
3.3031888e-09
0.00022048838
0.0008617977
1.9301351e-05
0.34432146
8.569506e-05
8.310181e-05
5.0949197e-06
5.9557187e-06
1.0
9.443764e-06
6.6543e-08
2.6209711e-06
3.7454802e-06
0.00012991222
9.0317997e-07
0.99903905
3.1885868e-06
1.41165e-06
0.00029049578
5.480359e-07
7.799098e-06
0.00029234285
0.002362208
3.297076e-07
9.78312e-08
5.259439e-07
6.437254e-08
0.0008982316
1.6292432e-05
3.7864083e-06
1.4964739e-06
6.937706e-06
0.00040561287
0.3120299
1.6964968e-06
0.9916169
1.6210441e-07
0.093290195
7.2558026e-07
1.9011133e-06
0.048508856
1.0
6.115407e-05
9.710612e-07
0.9999954
2.8726604e-06
5.606264e-06
3.1144739e-06
7.612297e-06
6.055914e-06
5.4697404e-05
0.00030931676
1.242348e-05
0.0007010501
0.0009573382
0.008812392
1.2706127e-09
3.0580882e-08
1.4464244e-08
0.99973166
0.002093715
0.0001042021
0.002425198
1.16481836e-07
0.99973166
4.291661e-09
0.0001734692
0.010330443
0.0032081297
2.2910845e-07
1.2299544e-09
4.5553045e-07
7.175218e-10
0.020755606
1.8386979e-09
4.3190084e-07
1.03535896e-07
0.0041648396
4.8339465e-05
2.889057e-07
0.9977459
3.463353e-06
0.006045149
2.7771586e-05
1.7487861e-07
0.3120299
0.6033177
2.922476e-05
0.00026879815
8.62059e-06
4.362838e-09
