1.0
0.001137798
0.027578402
3.542081e-09
1.7840077e-09
0.10430533
3.2425746e-07
6.837473e-08
9.624211e-08
0.0020186037
1.3037952e-05
9.135666e-07
2.221952e-06
0.9599144
1.5948259e-06
0.019628072
1.8928198e-05
0.99292594
3.367362e-06
0.021643566
0.004518838
1.6417112e-05
2.8917503e-07
1.7219496e-07
5.415463e-07
1.4782042e-05
3.542081e-09
1.0065139e-07
0.0022975772
3.650234e-05
2.3842927e-06
2.0121018e-09
0.00011427397
4.1352116e-05
0.999934
0.00015099211
1.4767659e-07
2.7253103e-08
1.0717513e-07
5.83286e-07
4.376782e-09
0.99934393
2.8917503e-07
6.1639407e-06
5.11211e-06
0.00012752913
8.1010505e-05
3.372171e-08
2.964697e-07
1.6229029e-08
0.12148754
0.038598437
2.8208024e-08
1.3457051e-05
1.8301238e-07
4.8016253e-05
6.6893437e-09
4.5474042e-08
7.5231815e-06
6.505695e-05
3.4369117e-07
4.337271e-06
0.030625558
8.416848e-08
1.4041255e-07
0.00091988535
0.90540546
5.1425867e-11
1.0611477e-11
0.0006150207
0.0020394023
0.23742045
0.9999999
0.00026263113
0.0008248212
0.006971354
7.905008e-09
4.4917154e-09
2.5654479e-06
5.5363838e-08
0.00044039084
7.9770984e-07
1.4730472e-06
9.686084e-07
4.215711e-06
3.2700027e-09
8.2518876e-05
1.3193564e-10
7.450587e-08
3.51806e-07
1.0611477e-11
0.0005983482
1.4851795e-09
0.00785418
1.5969896e-08
3.137561e-08
1.2498417e-05
0.0026031209
2.340911e-07
3.7774236e-05
2.063499e-12
0.00019412133
2.874014e-06
0.99929786
4.1845034e-09
2.1478309e-05
0.999994
5.718161e-10
0.00062760216
1.800528e-05
0.00022437016
3.024891e-05
9.933654e-06
2.4360359e-05
9.666446e-09
3.650234e-05
0.038598437
1.2532242e-07
3.6104073e-05
0.0004895579
0.067527816
1.1446612e-08
0.9999999
5.065976e-08
1.6354279e-05
4.048535e-12
2.3885257e-05
2.5863184e-07
1.1814049e-07
0.00019167404
0.11078328
2.5965825e-09
0.10430533
1.3643007e-08
3.0627813e-08
0.0015247196
2.3844558e-07
2.57585e-09
2.032642e-09
0.021236522
0.24097127
3.6370024e-05
1.5108985e-07
0.039218664
2.3885257e-05
9.0534996e-08
1.3548544e-07
7.450587e-08
3.137561e-08
0.00064848823
4.7392607e-08
0.00021032862
1.4137989e-09
2.9775529e-05
0.00048901787
2.468128e-05
5.564838e-06
5.4621614e-06
0.00084174913
9.933645e-06
4.283081e-07
3.236201e-08
2.3258059e-07
0.000113584225
0.004078558
2.8987939e-05
2.5662837e-08
3.3084686e-07
4.7508358e-05
0.00027360948
0.6981203
0.9999721
0.061391495
3.5559395e-08
2.9503855e-07
7.9770984e-07
4.012043e-05
1.1682927e-07
0.0037006263
0.99929786
1.4942749e-09
0.99030524
1.8326523e-06
1.6060817e-10
1.2434003e-07
8.857583e-05
0.99999976
0.001089784
0.9999082
0.04649051
0.96171105
0.9999492
7.4961667e-06
2.0448442e-07
0.00029378626
4.5423247e-05
0.0027733424
0.00013676105
2.4350706e-09
3.341723e-07
1.3673687e-07
0.9964008
2.8946165e-06
1.8391973e-05
7.6753736e-08
4.4917154e-09
0.0018159152
6.468714e-07
2.585924e-07
4.5474042e-08
1.9079942e-09
0.0004241038
0.00016823484
4.3484182e-05
0.0007178645
1.5493905e-09
8.656191e-09
7.8446294e-07
1.2730973e-06
1.4362273e-07
0.01440026
0.0035094682
2.3198403e-05
0.048160024
1.6280019e-06
2.3731965e-07
6.3379497e-07
2.063499e-12
3.947238e-08
0.9937774
1.2956353e-06
3.6307545e-05
0.9940535
3.341723e-07
6.834578e-07
0.00011561555
0.0032981168
1.6099959e-06
0.05944564
0.00025808415
1.4615528e-05
3.9141156e-08
2.9387304e-05
0.026605183
1.851967e-09
5.831231e-07
0.00020076551
0.0008248212
5.1425867e-11
1.2504683e-08
1.0366726e-06
0.9976513
5.907729e-09
1.7284115e-08
3.6849233e-06
1.6099959e-06
0.6981203
0.0015247196
0.99998945
4.2530824e-05
5.11211e-06
2.4215554e-09
0.00038492694
1.0
0.997982
0.003568713
0.9921975
0.016292725
0.00012478538
0.0002108547
4.862108e-06
2.221952e-06
0.00014042441
0.5521376
4.177754e-06
0.00016168403
2.1341465e-10
1.7219496e-07
0.0018885336
4.99461e-05
8.6618246e-07
0.9599249
3.9632846e-07
0.5432668
6.4787923e-06
2.2357747e-06
9.819919e-06
0.9940535
0.00071140454
2.0121018e-09
0.0012279325
0.000106112995
1.1839466e-06
3.190351e-06
1.702609e-06
4.1101504e-07
0.99911654
3.3974917e-08
0.0038544445
0.004375352
