0.9999955
1.0
1.0
0.002209532
1.0
1.0
0.9999999
0.9999706
1.9148147e-06
0.9999999
1.0
0.999656
1.0
1.0
1.0
0.9999981
0.23590012
0.99999964
3.6698884e-07
0.56320244
1.1471195e-05
5.246637e-05
0.00013532967
8.175614e-05
0.19380614
1.1574458e-05
7.4438884e-07
2.5112176e-05
3.526475e-06
9.1197364e-07
0.007298503
0.0005551547
0.003422647
0.9121636
0.000738671
0.012632614
0.0008125036
7.0366837e-06
1.6077956e-07
8.343109e-05
3.273498e-06
1.4964312e-06
0.24009988
3.246433e-07
4.0408753e-07
0.0022346836
8.774551e-08
0.0007954828
0.118177675
5.5938626e-06
0.00013463577
0.00082344963
6.07564e-06
9.959207e-07
1.3711638e-06
7.930842e-07
0.00036978364
6.5557096e-08
1.1798876e-06
0.0003904868
1.5706858e-07
2.9573514e-06
6.0229117e-06
6.2586296e-05
0.026348012
1.7332966e-05
2.379595e-06
0.00015847097
0.017763527
2.2744334e-06
3.7693417e-07
0.9945205
0.0005961095
0.34921387
3.4964287e-05
3.6125303e-07
3.6142737e-08
0.06849449
8.557421e-06
6.7528795e-08
0.8673421
6.0301877e-06
0.01037588
0.89202183
0.0008490401
3.95402e-07
0.0018754186
0.00019732138
3.7303018e-06
3.7934925e-07
1.4627321e-08
0.026691375
5.2586863e-08
0.02386649
0.016401941
8.0817364e-07
3.5991663e-05
7.095284e-08
1.2018005e-07
0.0021006914
1.5141217e-10
0.97250074
6.4330598e-06
0.99895316
0.002393149
2.2543087e-07
2.8201355e-05
0.990421
3.5790551e-06
0.0015671455
1.1714356e-07
0.9982156
1.5892342e-09
1.3187813e-06
3.2542424e-09
1.9712518e-08
7.01856e-09
5.720599e-07
5.0679284e-07
0.9995707
2.9153895e-07
3.4451287e-07
0.0020175695
0.99999577
4.330695e-09
6.506827e-08
1.6713614e-06
0.0058828946
0.00056337053
2.0475626e-11
1.2468122e-06
0.00024146728
5.593024e-05
6.079971e-05
1.5125647e-08
1.2567997e-06
6.9326798e-06
9.403338e-10
0.0020175695
5.593291e-05
1.0010861e-07
2.513721e-08
3.7178834e-05
8.0743074e-09
4.927507e-07
5.2300084e-08
0.8514664
3.273498e-06
1.0005649e-07
0.00020801237
8.206311e-05
0.25111264
3.088456e-05
3.7897856e-08
4.809486e-09
3.2482262e-07
8.594684e-06
0.00049787294
4.5917803e-10
0.043046962
8.266521e-05
1.4847101e-08
6.0298124e-05
0.0007424795
5.8674786e-06
1.4847101e-08
0.0005551547
8.6670955e-09
3.1429474e-05
1.7694694e-07
0.9997823
0.0416306
4.516959e-07
2.9373969e-05
1.5527822e-07
3.2542424e-09
0.9999787
1.3056277e-06
6.6900493e-06
0.003692825
0.042312622
0.43727145
5.0871735e-05
0.0010873978
4.6542227e-06
1.2020573e-07
0.9121636
0.002393149
5.0194335e-06
7.552573e-08
1.9772315e-06
0.006444371
9.865997e-09
9.1197364e-07
0.9698206
0.00034675834
0.00025592346
0.9859165
0.001550847
0.00039585587
0.0013314785
4.109123e-08
0.9726482
2.4128706e-08
0.3040154
6.905863e-06
9.4726194e-05
2.8201355e-05
3.4314792e-06
1.7216573e-07
1.5253296e-08
0.9221478
0.026103612
5.6776294e-08
1.8638748e-05
0.0714316
8.26645e-08
8.458661e-06
1.4717705e-07
0.0010724948
2.7331973e-06
1.0018549e-09
3.4741926e-05
6.296619e-05
2.8495282e-07
2.9896687e-09
2.3945775e-08
4.827306e-09
5.246637e-05
3.4314792e-06
3.3655706e-06
0.052230917
0.9968181
4.970283e-09
3.5427323e-07
6.130529e-05
0.00014262865
0.01623616
3.1506264e-09
0.47410884
3.4276744e-07
1.6038782e-06
7.0366837e-06
0.00012624709
0.34921387
2.1255811e-08
7.2553165e-05
3.1066072e-06
0.02682442
0.0011641823
3.7693417e-07
6.110162e-07
4.824009e-06
1.6539261e-05
0.00032442904
1.4915221e-05
5.1221325e-09
9.675595e-09
8.953519e-06
8.213047e-08
0.9981677
1.5400242e-06
2.7372432e-06
0.9955732
1.9626006e-08
1.6251557e-05
3.1177042e-06
1.865212e-08
0.00490711
1.9836739e-06
0.05588095
3.6213746e-07
1.8308779e-07
6.0298124e-05
0.0005370959
3.9274455e-06
3.2542424e-09
0.00014452655
1.2907581e-08
0.0002826144
7.7803315e-07
0.000424158
0.00032370485
3.1885884e-05
0.052230917
0.05188445
6.8724546e-07
4.150501e-07
1.4464305e-05
9.922999e-11
1.158981e-05
3.5734997e-09
2.0470761e-05
6.409238e-05
3.033283e-08
1.9109764e-06
2.3635943e-08
0.00036978364
0.0038999098
9.4726194e-05
