1.0
2.3381337e-09
0.005870846
0.70731246
0.81511027
0.0015643724
3.6902978e-09
0.9378114
1.9744276e-08
1.9316888e-06
4.2464943e-09
0.0010107037
8.6151435e-05
0.81511027
0.00014733044
4.791775e-10
0.6789764
0.00041042775
3.4109056e-05
2.4611309e-05
0.33548337
0.99382484
5.3528602e-08
0.00055126037
1.1270309e-08
0.00045323753
0.010338734
9.1872937e-07
8.229281e-06
0.9999823
0.010388549
3.0724985e-09
2.1381382e-07
0.0002212254
7.237514e-06
1.09460425e-05
0.9961059
0.91484475
2.3594728e-08
7.0877606e-09
0.0027413487
5.137278e-09
0.00046272023
9.785032e-06
1.5511483e-06
1.860765e-05
1.6718734e-11
1.3254825e-07
2.750989e-05
1.1289828e-11
3.5007542e-06
1.2371515e-07
1.4708111e-06
0.000753234
0.99960715
5.8568794e-06
0.96328795
0.9950299
3.1389725e-05
0.0015643724
0.9667066
0.00848826
2.2123346e-07
7.66039e-06
2.4532342e-08
1.2436403e-06
5.190167e-09
5.725192e-09
0.38420442
0.8449749
9.985664e-07
5.4149666e-07
0.9998184
9.785032e-06
1.5066955e-07
3.5507896e-05
3.1016752e-06
3.697503e-05
1.1635344e-08
5.811144e-05
3.2358417e-05
5.6037874e-07
2.861259e-06
2.8367618e-05
4.6945118e-07
7.504849e-10
5.5490345e-06
0.6789764
0.83983374
3.3327494e-06
1.2218645e-06
1.960132e-07
0.00031627677
6.511756e-08
3.23348e-08
5.1669367e-06
2.054157e-05
2.1766727e-08
0.0003566689
5.642869e-05
0.00033673077
5.0749173e-07
2.4015633e-06
5.6061517e-06
5.4807886e-05
3.1701328e-09
5.0593325e-08
9.037633e-07
9.371183e-06
1.5768425e-06
0.00012673112
1.9167933e-06
1.4966287e-05
0.8060679
4.08751e-07
0.002123366
5.6024998e-08
4.1538115e-05
2.2438545e-07
0.00020699482
0.0051563154
3.0687225e-08
1.0961873e-09
3.882678e-08
2.749366e-10
4.3528325e-05
0.016064279
7.706869e-12
0.00015149933
0.0006982177
1.860765e-05
0.001742005
0.38744324
4.4085172e-07
4.041942e-06
2.7480535e-06
3.2210274e-08
4.242637e-06
1.4648964e-07
2.6522355e-07
8.336232e-06
2.2455165e-06
2.8616174e-09
2.861259e-06
3.6577637e-07
8.190181e-06
4.0337902e-08
1.0392858e-06
1.4682585e-05
1.1973933e-08
0.9882937
0.6851083
6.6095946e-09
0.0025823077
5.6953406e-05
7.207967e-08
2.1381382e-07
3.3486523e-07
1.8653473e-06
3.4918708e-07
8.343784e-08
0.0038953333
1.8613424e-07
8.3079243e-07
0.981984
1.9240808e-06
2.3105025e-08
8.296177e-08
0.0011668797
1.0762621e-05
1.2218645e-06
1.5953597e-07
0.99994177
1.3365296e-07
4.7007294e-08
3.164227e-07
0.0015340537
3.5584508e-05
0.99719936
5.9513317e-05
3.8380047e-05
8.5500517e-07
0.8098894
1.3507674e-06
1.8525493e-06
1.9955896e-06
6.256552e-08
2.3387354e-07
2.1381382e-07
8.128517e-08
0.26731682
7.909181e-06
0.00785548
2.3594728e-08
3.723445e-08
0.000113467955
2.7454006e-09
5.6061517e-06
0.0028580488
1.0
1.884285e-08
6.1235023e-06
0.9945839
0.010423905
0.17692117
6.812409e-05
1.4957212e-05
2.4164498e-05
0.9999823
8.190181e-06
2.5456654e-06
0.9999966
1.7734342e-06
1.5768425e-06
4.05932e-09
0.0060078944
2.938806e-05
5.2126006e-07
0.92707866
1.7511788e-08
0.6520574
0.9997334
0.00026074692
1.1937022e-06
3.7390527e-07
0.064764395
0.5252466
9.371165e-06
0.9580193
1.6197074e-06
0.00059166434
1.2718546e-06
0.8508775
0.92372864
2.5328068e-06
1.1270309e-08
1.4648964e-07
0.00014230398
9.1872937e-07
1.1468634e-07
2.5976817e-07
6.997976e-07
1.0916737e-06
0.00046279258
6.52063e-08
1.2231658e-08
1.5050299e-06
1.0579931e-05
7.4093616e-05
0.0074124457
3.842212e-07
6.7658465e-09
3.9632575e-10
3.8526658e-05
8.5569934e-07
1.6197074e-06
4.159213e-06
1.5650725e-05
9.958997e-09
5.5773658e-06
0.0016849184
4.5098022e-06
2.4611309e-05
0.000116496674
1.9744276e-08
0.7051572
8.767557e-06
0.8449749
7.164585e-08
8.6497727e-07
0.9667066
0.14456823
1.5650725e-05
5.805706e-06
0.00045089115
1.7833966e-06
0.015992142
5.2707946e-06
0.9999948
0.30466065
0.033383105
0.0010874433
6.707409e-09
0.0026874165
0.0025823077
6.498019e-05
3.3966607e-09
6.0847677e-05
0.00050346943
0.9957327
0.9668474
2.861259e-06
4.0050295e-06
0.99997395
0.9941272
1.8522825e-05
0.96440214
3.4853508e-06
0.00088805787
0.54050565
