5.374293e-07
0.043844577
0.40653592
8.508403e-05
0.16178237
0.00014104601
4.3925155e-07
0.002798049
0.00041848898
0.00012500188
0.009361368
1.8845931e-07
1.1462733e-06
3.9353836e-07
0.0021064198
0.0061006146
0.039198905
1.804525e-08
8.181822e-05
0.012953317
2.634659e-06
0.04100245
6.0071267e-07
2.4274716e-05
0.0007084352
1.8662975e-06
4.4924304e-06
0.99934274
0.91637725
0.77524644
0.0015426978
1.05528834e-07
8.699677e-06
2.8129506e-07
0.008048489
1.0180832e-07
0.020843985
0.8949768
0.9999972
0.0010509678
0.04233735
2.1195032e-05
3.837397e-05
0.016070511
3.1355134e-09
0.0007524262
0.82498085
0.02466462
1.4858702e-05
4.1789135e-06
6.963173e-07
0.0007519503
5.2019113e-09
8.061529e-06
0.00051531236
0.00013293124
3.0786458e-05
0.9748335
0.016147494
1.6477713e-08
0.89845836
5.714207e-05
3.8478116e-05
1.094101e-06
8.568689e-05
0.44907707
0.28876024
3.6311318e-05
4.1466475e-07
3.3859288e-07
1.7930681e-07
0.9999722
7.241673e-08
8.508403e-05
1.6983317e-05
3.4943334e-06
5.7977882e-08
3.4160317e-11
2.7882559e-06
0.0003653221
0.00017739042
5.8833863e-05
0.0025448604
3.3682025e-07
0.012222862
0.09301671
0.98996526
2.629521e-06
1.0435195e-05
1.9040555e-05
0.035234842
6.8490963e-06
6.5925786e-05
7.26476e-06
1.4643962e-05
2.4645747e-08
5.998256e-09
7.679122e-08
0.00041995564
3.3105454e-07
7.2676175e-07
0.00011620056
8.26766e-09
7.9875214e-08
5.86183e-10
4.6849362e-07
8.959837e-09
0.9975058
5.037009e-07
4.152979e-08
4.977186e-06
0.99999946
0.00064747815
1.1674128e-07
1.3021457e-07
9.8717624e-05
0.00012722549
9.057783e-08
8.7612614e-07
8.959837e-09
1.1507271e-08
6.954702e-09
0.000110632485
1.261038e-08
1.9040555e-05
2.0896024e-07
0.0131767355
3.965855e-06
0.9972664
0.4177001
3.872265e-08
3.211543e-05
0.00016461701
0.9876935
0.0033158166
1.2667598e-10
8.230891e-07
1.3339754e-06
0.054306712
2.875155e-07
0.00054670515
2.4251447e-06
0.0045461506
0.11457453
4.473435e-06
0.95418954
0.3090739
2.1445555e-06
6.020006e-06
4.0102045e-06
0.00041198553
4.842737e-07
7.1231756e-07
0.05122934
0.0025741716
3.2798113e-08
3.8478116e-05
9.514105e-07
0.9999706
0.00020728931
1.5389597e-07
1.6842581e-07
5.1444767e-06
0.05122934
1.9123361e-10
1.6465969e-05
0.01397495
1.9031069e-06
0.00010399196
0.0069666547
0.491438
1.0
1.2049335e-11
1.5649173e-05
6.87098e-08
0.0017195073
0.7522787
0.0018538921
0.0007457433
3.4825798e-09
2.7473859e-09
2.7473859e-09
0.0037344638
5.5840008e-08
0.0035026213
3.990987e-06
9.772814e-06
2.201204e-09
3.6334995e-07
5.7421374e-05
0.0002482488
3.178429e-08
0.0046391566
1.0217653e-06
0.00057998614
2.7134947e-08
0.0006466845
0.00030823404
0.0005052901
0.0004875712
0.0012982294
5.332687e-05
4.0013234e-07
9.572818e-07
0.9769353
8.951091e-09
4.0948214e-07
2.4506237e-06
3.965855e-06
0.0016717615
1.0486746e-08
0.00012777551
5.013731e-06
0.14661767
0.9968177
1.9040555e-05
2.3811147e-08
7.0870936e-07
0.015993852
4.893163e-07
1.2916177e-05
9.73784e-07
8.149659e-07
0.40653592
2.7134947e-08
8.149659e-07
3.7093866e-09
4.2923074e-09
0.00019823259
6.951973e-08
0.0007895766
7.697474e-05
0.99999756
2.310059e-06
8.3065636e-08
2.4744413e-06
2.8963727e-06
0.0009247318
0.0028510115
5.235458e-07
6.321446e-08
0.0002514463
2.3589453e-09
0.048274934
0.0019308525
1.5077989e-10
1.3339754e-06
3.2035474e-05
5.7622316e-09
2.4744413e-06
3.066762e-06
0.64112645
0.11457453
0.002027808
3.0173457e-08
0.006543969
0.38725647
1.6569367e-05
1.01141795e-05
0.00011188244
1.8658366e-06
3.6889276e-08
0.74554515
0.0007608617
0.00055784447
3.1217476e-06
0.99999946
0.12735847
1.7934172e-09
2.8790322e-05
1.5220215e-06
0.00239635
0.491438
3.9338296e-08
7.3028565e-07
0.99856484
1.1838521e-05
2.516484e-08
5.5810916e-09
1.804525e-08
7.761497e-05
2.9583923e-08
0.0003439765
2.5462577e-07
0.022565851
1.8906559e-07
4.7271277e-07
0.0001209233
1.2614728e-09
2.5193085e-05
2.3983383e-05
0.0012037234
8.19523e-07
0.00020728931
0.0011771467
0.43884015
5.5332886e-05
2.6628445e-06
2.462588e-06
0.8666383
