0.978224
0.16060096
0.99916047
0.122905865
3.3368873e-05
0.016490286
9.806367e-06
0.00059702777
0.091631725
8.66852e-06
4.904689e-07
1.4481243e-06
0.015940523
0.29624596
4.3053566e-05
2.3627803e-05
0.0034045742
4.77794e-06
0.99999994
0.052831747
1.5151226e-05
1.3100307e-05
3.6515674e-05
0.007181613
6.633101e-05
4.2634606e-06
0.00018669655
0.001563598
7.725082e-06
0.0073481426
0.00016562673
0.39340064
0.00019245785
1.0312911e-07
0.007459591
0.00153985
0.0021794413
0.0002642643
1.2206195e-05
0.10073801
0.056624323
5.8692866e-08
1.0
1.7077184e-07
1.0095898e-08
0.0006607298
0.00012936992
8.544617e-08
0.9999831
0.27367112
1.921067e-05
2.0068594e-06
5.808069e-05
0.9999998
1.1418457e-05
1.1765531e-05
6.005579e-06
8.555576e-08
5.356655e-07
3.6745914e-05
1.4091191e-05
9.446988e-06
0.0011592441
0.8154955
7.1810823e-06
1.3308252e-07
0.9921486
5.871717e-05
2.8831702e-05
4.77794e-06
0.001563598
0.00055992836
2.8035847e-06
0.0005843257
4.5056022e-05
0.0009680165
0.00020776241
0.00019149575
1.3009486e-05
0.9061021
2.5598463e-06
7.923825e-05
0.022360668
0.005577013
1.5934613e-05
5.5005128e-08
9.8450414e-08
0.0006713677
0.0017509084
5.129036e-06
8.66852e-06
3.6745914e-05
3.8528055e-05
4.2141237e-06
1.2730167e-09
0.013855515
0.52103
2.436641e-09
0.99623305
0.00035984107
2.0952384e-05
0.38800788
1.5298625e-05
0.026031848
8.118088e-07
6.4885985e-06
0.97864175
0.00015351818
2.6502925e-05
0.9191742
6.8418626e-07
1.8699538e-07
1.0883609e-05
3.1315187e-05
7.036805e-05
0.9212877
2.8105777e-07
1.1109217e-08
2.37016e-05
8.095473e-06
1.485674e-06
0.00015771273
6.969352e-08
0.00066653645
0.0005993202
0.00031299755
0.0015625487
0.0036328493
0.02964736
9.384605e-08
0.06750919
0.9999998
0.0029505878
0.00012695996
0.013870587
9.593568e-06
0.8770328
0.99661875
0.002180765
0.00031432827
0.97864175
9.660119e-06
0.052831747
3.8784074e-05
0.034394905
0.009539146
0.019896409
4.7086636e-05
0.52103
1.7311124e-06
0.9852705
0.0017759434
3.281801e-08
0.0070267315
0.001638027
1.8316044e-07
3.775749e-06
0.00040397205
0.65739805
1.4122924e-06
0.018430743
0.0040960973
2.1884419e-07
0.000277026
0.008130775
9.0015743e-07
9.5510195e-06
5.833339e-07
9.602881e-09
0.0036327285
8.1167316e-05
1.0
0.15085222
0.99999976
3.6691396e-05
9.705931e-06
2.8468767e-06
0.0012967743
5.6238267e-08
3.2630833e-05
2.868201e-06
1.7099075e-05
0.22247039
4.0237512e-07
0.99971485
0.00016196842
0.001011751
2.2938211e-08
0.31639934
3.1315187e-05
0.00020891655
5.6736844e-06
0.9938838
0.0006614638
5.3941717e-06
3.4014338e-05
2.9196494e-07
0.99999976
0.16060096
1.2005248e-06
0.99999994
7.911564e-06
0.02242449
0.0009073616
7.763442e-06
0.00018984644
4.339973e-09
0.00039473327
0.9998826
3.7549904e-05
0.10935673
3.161859e-07
1.4505154e-06
0.00012695996
0.38800788
0.002370863
0.038654853
0.0006529475
1.0829058e-05
1.1148527e-05
0.002130698
1.8399236e-05
0.042977903
0.022918247
0.0013267777
0.107395366
0.00013576809
0.0038687845
0.9993169
0.99999976
0.9995469
0.999903
0.422403
0.008133113
4.1152557e-06
0.9994991
4.7585135e-07
0.9918411
0.0015587237
7.4691643e-06
1.8559695e-05
0.34287766
0.0008225654
2.2938211e-08
0.99998075
0.999982
5.373078e-07
1.1148527e-05
2.3587297e-06
0.0069539463
0.00010668848
0.9899765
0.0001677674
0.0009621319
9.384605e-08
6.139586e-05
3.91478e-06
0.3230666
4.3053566e-05
0.0016565069
0.7256682
0.11946652
0.0115819145
8.67901e-06
9.1066823e-07
0.96362495
0.38288522
0.06729997
0.00022510148
1.0738421e-06
4.6495458e-08
0.00014474709
0.004328176
2.4059143e-06
1.878435e-09
2.525831e-09
2.9068865e-09
7.53339e-06
0.022616232
0.25503623
1.4612936e-05
0.0010146013
2.0100666e-07
0.00025990105
7.379999e-05
0.00012050316
9.1066823e-07
0.00087171985
2.1305314e-05
0.00012756576
6.313391e-07
0.0025556097
0.0015759022
1.3611056e-07
0.9259556
2.1122862e-06
0.17366792
0.00020948144
0.99999994
4.5443367e-06
