0.9983726
0.81646615
0.9999767
0.9999004
0.021188065
2.8631314e-06
1.1735175e-07
1.5808416e-06
0.9966775
0.003932315
0.00014392132
0.00055160443
1.9019824e-07
9.885042e-06
2.444976e-07
0.00027116833
1.1933156e-05
9.604072e-09
0.25679663
1.1659809e-07
2.2183876e-05
6.12464e-09
4.818781e-06
1.7504462e-05
0.00024676847
0.0029429358
2.0305254e-06
0.00079095026
2.175187e-08
4.406657e-06
0.0013175299
2.6374346e-07
6.156083e-10
1.4622192e-05
0.00018199816
3.3366757e-07
5.681638e-05
4.6960207e-07
2.75496e-06
6.819592e-05
0.00083315844
1.3501117e-05
0.99999994
0.004469059
3.6187994e-06
2.6872098e-07
0.5100171
4.6699734e-05
1.4724116e-08
6.239096e-05
1.0774379e-05
6.173502e-08
0.00012289576
1.2651478e-06
2.2464446e-08
7.446751e-08
2.0443485e-05
0.00013106178
2.353985e-07
4.6829747e-08
0.006571741
6.4698825e-06
9.602264e-06
0.0017247276
9.188111e-12
0.00013376446
0.9868814
1.0193841e-09
0.0025777295
0.77952754
2.6345177e-05
0.0036967902
3.8549473e-08
2.6208205e-05
4.967603e-07
3.1290065e-07
0.9719232
6.8322166e-09
0.999928
0.0013585272
0.46779457
1.4238992e-08
0.9839228
3.442348e-06
0.03915911
7.746826e-05
0.07253104
0.00038012382
0.99999714
0.9980806
1.2877723e-06
3.758935e-07
4.4538884e-09
0.003185939
0.0020573451
5.6840848e-09
3.3468677e-07
4.0000334e-08
8.7568274e-05
0.00026373268
1.1921737e-05
0.003932315
1.0822603e-06
3.8409223e-07
1.6993322e-06
1.7778152e-07
0.033785008
5.522062e-08
6.5938235e-05
1.5412597e-07
0.69080657
4.681812e-09
4.3970377e-07
1.1876739e-06
1.8769409e-06
0.9805855
0.0006333007
0.2352249
0.00052284414
8.9472635e-10
7.859964e-09
0.00019954811
3.5668894e-08
1.8187311e-05
0.009052727
0.4265496
1.7207166e-06
0.00046868378
2.4336475e-06
2.2004251e-07
1.8857489e-07
0.00072198646
0.86214715
0.0003192608
0.0009646358
9.479775e-06
0.0066823345
1.4351594e-06
2.407785e-06
0.000135641
1.7156125e-07
1.03199554e-07
7.3004026e-06
1.6899467e-05
0.089811206
5.5302485e-06
4.9861586e-09
1.1606019e-06
8.923346e-05
0.00031084573
6.1010786e-07
6.727329e-05
0.000112374706
1.3903053e-06
2.4166263e-10
9.294499e-09
0.002448287
2.880867e-05
0.00022735054
0.11973858
0.00065714144
0.005321157
0.032273512
1.3899242e-05
0.009724278
5.4317036e-07
0.42424992
6.4698825e-06
3.758935e-07
6.01116e-06
2.9956293e-06
5.871817e-07
5.058049e-06
2.2238578e-06
2.0090329e-06
0.00487841
2.545216e-07
0.00025120834
0.0057989024
0.012242457
0.06341286
0.4385285
0.81452256
0.00015807406
4.8642947e-09
1.6162145e-05
5.4317036e-07
3.0008854e-07
0.16470943
5.3011643e-08
0.42989615
1.3871631e-08
1.3538123e-06
4.397042e-07
2.6872098e-07
0.004997808
0.9887164
4.1742137e-06
0.20668004
0.00027116833
0.24740066
8.7568274e-05
4.215723e-09
4.2332063e-05
1.1876739e-06
3.3305567e-09
5.7503433e-07
0.00011917167
0.0011885008
1.7504462e-05
1.13091495e-07
3.857732e-05
0.00015108458
0.014500146
9.3822784e-08
0.0124025075
3.375801e-08
1.4724598e-07
0.0020761173
2.7738784e-07
1.3538123e-06
6.239096e-05
2.3804575e-06
0.0035394344
0.04195206
5.992569e-06
0.16470943
1.140335e-07
2.3164189e-06
1.2922333e-06
4.3202584e-09
8.221115e-09
7.352067e-08
0.9999969
0.00017831789
0.0006641839
4.6699734e-05
4.142047e-07
3.713387e-05
1.7005578e-07
0.00010978943
0.050576642
0.003823855
0.00060486386
5.3544635e-08
3.779418e-09
0.15380116
0.00023505781
0.0003718359
0.00067234645
7.524949e-09
2.0781545e-05
0.018545697
0.002265643
0.002258132
0.0032022735
4.809075e-08
4.406657e-06
3.973286e-06
9.615931e-09
0.9887164
0.37281027
0.0043069534
0.0013725373
0.00024973965
2.6751204e-07
1.3037133e-08
1.992729e-05
0.20668004
4.4387443e-07
2.4166263e-10
0.000112306254
4.991157e-07
0.999928
4.62892e-08
0.99874824
3.4376066e-07
0.9958309
1.0774379e-05
1.6348802e-07
2.1972126e-07
6.156083e-10
5.602965e-10
2.5244267e-07
0.0018392579
2.1820087e-07
1.1566948e-08
6.856179e-05
7.425496e-07
0.015973454
1.5224687e-06
2.2321006e-05
2.1500709e-08
1.0317121e-07
4.478834e-07
1.4567008e-06
1.1166649e-05
2.6556046e-09
2.2910866e-07
0.0012804595
