0.9999956
0.0037518688
1.4483395e-07
1.0904989e-06
1.9346571e-06
2.1654632e-08
2.1410203e-06
2.6981667e-08
4.4868798e-07
0.00036783263
4.7116453e-07
0.00040083818
2.4704775e-06
0.00018612972
9.045473e-08
0.99921453
1.045509e-06
1.3551768e-08
4.3582013e-06
1.2237035e-06
2.7973303e-07
0.00014328801
0.00032049653
3.9755187e-06
0.024383664
3.4928001e-07
5.837994e-05
0.0006884256
4.0405588e-08
1.3859035e-07
3.0221315e-06
4.4695998e-08
7.55141e-05
0.99948525
6.859987e-06
1.7994904e-07
0.06364304
2.9968696e-08
0.009188084
0.49034688
0.0002391682
6.1201285e-07
8.168382e-08
2.8075397e-07
1.3090505e-05
2.58423e-07
7.767123e-06
1.0681108e-05
5.5153757e-09
3.2523891e-07
0.05848124
0.00031784558
2.4074589e-06
0.45069963
0.00040859275
0.3807653
6.3381975e-07
0.9931385
3.9755187e-06
2.0546954e-06
6.5164175e-05
3.15938e-06
0.0008576926
1.6229516e-05
0.0002240918
7.8768366e-08
3.589069e-08
1.2513743e-05
0.00014656581
0.00034595994
2.2740192e-06
0.12889941
2.3447339e-07
2.2317995e-06
1.5675614e-06
5.714155e-06
0.61862534
6.880711e-07
0.00018204085
2.902606e-07
1.4358692e-08
3.525361e-08
1.9508448e-07
3.4791208e-06
7.894912e-09
1.31883455e-08
6.3932356e-07
0.007527961
0.99975985
1.7226119e-05
0.00029900766
0.00014007695
5.3788742e-09
7.55141e-05
2.5351282e-08
8.008755e-07
1.7175518e-10
8.6117456e-07
0.00029900766
2.9947383e-08
5.995671e-09
0.0019744881
5.78069e-06
1.3942268e-08
7.346114e-05
4.9586003e-08
4.3799932e-06
0.019903552
9.941082e-07
2.4110338e-06
1.7265718e-06
9.727152e-08
3.913188e-09
1.1219113e-06
1.43758125e-05
0.00066700455
5.843664e-05
3.6176552e-05
0.40598926
3.4131978e-07
1.3336548e-05
5.5769768e-05
0.028181206
4.497869e-07
1.7426396e-07
1.942529e-06
6.9473e-06
1.6925812e-06
6.198362e-07
4.8780107e-06
1.6765907e-05
0.49034688
2.775333e-08
1.7143625e-08
0.8417505
3.556616e-09
1.4797745e-07
6.0921698e-06
2.494952e-07
0.00024464136
9.245559e-07
0.9919084
0.9961314
1.7426396e-07
1.7343053e-05
1.0904989e-06
1.045509e-06
0.009110275
0.971999
5.5122418e-09
6.516411e-05
1.397509e-06
0.00054453936
0.00040083818
6.335563e-07
1.2030855e-05
0.023542129
0.9982132
2.7127812e-06
6.6632594e-05
0.00070379867
0.00038736736
1.6227751e-09
0.971999
2.3948028e-06
2.398583e-06
0.98048127
0.037801962
8.5358187e-07
4.3426415e-05
5.1883446e-05
6.663694e-06
0.0016532077
1.9920722e-06
0.002199547
1.31883455e-08
2.0170075e-06
4.5385658e-08
3.0833872e-10
1.6906077e-10
6.345582e-07
2.141618e-09
0.06147756
1.0
2.1889659e-07
0.000629963
8.483883e-06
0.2010188
2.0542237e-05
0.00017719602
6.266614e-07
1.2269044e-08
0.00054453936
1.3005761e-06
4.0883933e-06
0.00019681855
1.547599e-07
6.391702e-06
1.0764835e-08
1.3551768e-08
1.2030855e-05
0.0033831785
0.9981571
0.46902287
0.70104325
6.368256e-07
0.0014328012
0.00010420766
0.007527961
0.99751014
0.0009172903
8.663114e-05
0.0025401902
3.4928001e-07
0.008510354
0.9361071
0.99997246
4.942803e-07
4.4359954e-06
3.3652518e-07
7.5361095e-05
5.0245084e-09
0.0073870462
1.397509e-06
3.530291e-06
0.0011724712
2.824919e-06
6.106649e-07
0.00036751927
1.5987159e-10
8.418223e-06
0.99994355
0.00753464
0.108146176
4.871416e-09
4.289581e-07
1.0553806e-08
1.0674865e-05
0.0017759706
0.99999624
0.024383664
0.44229764
0.05850454
1.4254735e-05
0.034313787
1.6227751e-09
4.900663e-07
7.645947e-06
2.3065293e-07
1.4647594e-07
2.8011025e-05
1.0386944e-06
1.4549624e-07
0.9998247
2.3262592e-06
3.589069e-08
0.016546424
2.4074589e-06
1.2072217e-06
7.92905e-07
0.0027673221
0.0005319141
0.00021644704
2.58423e-07
0.89668804
3.070461e-06
3.15938e-06
0.13154604
0.0003276983
0.00036783263
1.0781543e-05
0.99984276
9.663432e-07
4.8887964e-06
0.00068942824
4.375961e-05
2.9356666e-08
0.9111948
4.760706e-07
1.2251572e-05
0.21819292
1.5201693e-05
0.00025328988
8.3092455e-06
1.0855422e-10
6.3618675e-09
3.908314e-05
0.0019254807
0.00035769658
0.004061393
0.2991798
0.00031978718
4.2620054e-06
8.254952e-06
3.0895533e-06
6.877772e-08
7.843306e-06
1.5675614e-06
1.10091705e-05
5.703152e-10
