1.0
0.92816395
0.2340129
1.0
3.1736258e-07
7.68126e-07
1.908664e-09
2.4468825e-06
7.3859314e-07
4.5243658e-07
9.367398e-07
5.1524122e-08
1.2539359e-06
1.777101e-08
1.5802493e-06
4.2760246e-07
1.1018877e-05
0.000205857
2.766687e-07
1.8688038e-07
9.529484e-06
3.160443e-09
4.598408e-06
1.2230072e-08
0.08651263
6.9657494e-06
0.41898277
9.286783e-07
5.9148125e-08
0.00021979697
2.0591653e-09
3.6383547e-06
1.2032271e-07
3.274272e-06
0.00054040266
0.00016458609
2.217542e-09
0.011417273
3.2292385e-06
2.5413625e-09
9.846342e-07
0.9993252
8.7436416e-07
0.8471988
3.616231e-05
1.87277e-07
1.5385718e-08
2.5804258e-05
4.282483e-05
6.110661e-09
0.9974439
0.012626365
6.35094e-07
2.1745476e-05
9.411806e-05
0.97958887
4.3962007e-09
0.00021519097
8.076444e-05
7.675902e-05
2.808787e-08
3.1736857e-08
0.9939251
2.8015347e-06
1.5942183e-05
0.0020528876
0.0016711479
0.024738831
0.0001759159
0.035087854
0.0004308379
1.9349416e-05
3.6470542e-09
1.1608676e-06
2.218698e-08
6.4923144e-05
9.028246e-05
3.7911127e-06
4.1462545e-06
0.88761115
8.9394256e-08
2.4395148e-09
1.4787699e-07
0.001433178
0.9751233
6.5470975e-09
1.2750343e-08
2.0668778e-09
1.1203226e-08
2.386554e-05
3.132203e-06
5.693829e-09
2.3607615e-06
0.0025204648
3.713964e-05
2.0699349e-07
4.0657494e-10
0.2013768
9.574093e-05
2.4954212e-05
1.8368661e-07
2.0887649e-10
0.00020920679
2.3933459e-05
3.5565346e-09
3.44325e-07
0.0001461091
2.2705133e-05
9.4195386e-08
6.4561414e-07
1.263201e-10
9.99226e-05
5.5965776e-10
1.6658636e-07
0.9999892
5.2073938e-05
1.1508213e-06
2.9010113e-08
1.9775991e-06
5.6392616e-07
4.9582596e-08
0.0006911472
2.3011557e-05
2.4119549e-08
0.0023696374
0.06390231
7.7080733e-07
2.6109072e-07
3.6039822e-08
1.743928e-07
7.9465065e-07
1.2238799e-08
2.8798633e-08
0.005187254
2.1986236e-05
0.00012243759
9.292272e-05
2.0802156e-07
0.23648201
0.0025479102
2.5145828e-09
0.0010925137
5.1104726e-06
3.4940684e-05
0.00016421864
0.0016087437
1.2073195e-06
0.2013768
2.3337513e-07
0.00011869512
1.4437046e-07
3.585562e-10
4.7391347e-07
1.2238799e-08
1.4002049e-07
7.7889487e-11
4.88875e-08
4.617334e-05
0.97856736
3.876771e-09
7.02696e-06
0.0015356183
0.0017047208
2.9201361e-08
1.645189e-06
0.0006135327
0.0002677931
6.912267e-07
0.00013385327
1.0868936e-09
2.5706004e-07
3.0586975e-06
0.99994814
8.531964e-06
0.0051890826
0.020875257
0.0019035365
7.8588355e-06
6.3748547e-07
9.635871e-07
2.429668e-06
4.7192007e-06
0.25098097
1.2396782e-06
0.006156539
2.2866402e-07
0.0032282118
1.4002049e-07
1.1608687e-06
1.825635e-05
2.8371899e-06
3.6383547e-06
0.00034619155
9.460911e-09
1.9921179e-06
5.838225e-06
1.7849876e-06
5.3525845e-08
1.505624e-07
0.0006280988
0.0068241293
0.00018999421
0.00046570666
2.5216864e-09
1.261733e-06
5.6141557e-06
0.02700781
6.651269e-06
2.4954212e-05
2.1752284e-08
1.2073195e-06
0.00070261053
7.51216e-08
9.454198e-06
0.9823231
2.4620161e-10
0.0020528487
1.276071e-05
0.64817584
8.100565e-08
6.114756e-08
0.4151469
6.3494143e-10
9.359739e-08
0.00016465799
1.1853842e-07
0.98925436
5.478175e-07
4.4790445e-06
1.9813237e-06
3.1736857e-08
6.541403e-05
7.3347266e-08
1.1334076e-08
2.6613174e-05
8.518743e-08
0.0030437172
0.0002570481
5.809087e-09
1.7959697e-05
4.3472076e-07
8.038733e-05
2.4469193e-07
0.00021519016
3.0001813e-05
2.9761634e-06
0.98925436
1.3282437e-07
1.5933832e-06
0.00022172334
2.0440693e-06
2.1755163e-06
1.747469e-07
1.3742688e-07
0.00012982814
2.4395148e-09
1.01170876e-07
6.7561396e-06
1.6173693e-05
0.21394809
0.035087854
4.4049116e-07
0.9992826
1.8525723e-05
2.4119595e-08
1.2522556e-06
2.876244e-05
1.3282437e-07
1.4624998e-09
0.0030454004
4.4108003e-08
6.9657494e-06
9.9105115e-08
2.705172e-10
5.604674e-05
0.0010762357
0.00015740775
6.627967e-06
0.00015740775
0.012626365
4.4332038e-11
3.447118e-06
3.8039839e-06
2.6613174e-05
0.0032135062
0.01635281
2.9617613e-09
0.138907
0.017639885
1.825635e-05
0.00031281917
1.4624998e-09
4.5133163e-07
9.1903685e-06
0.00015740775
0.0002874964
4.017884e-06
6.627967e-06
0.99933976
0.9341077
