0.99623775
3.530173e-06
4.979466e-07
0.99623775
1.5470407e-08
4.4773563e-07
1.12668275e-08
8.593585e-06
1.1386552e-05
4.7073786e-06
2.5593297e-05
0.8266872
5.1578206e-07
1.1645762e-07
6.229652e-08
0.6265629
4.020229e-06
1.4796022e-07
6.245607e-08
2.7104932e-09
3.936032e-06
3.9328285e-07
0.00052248896
0.061840203
0.00023310896
4.0370127e-05
7.657268e-09
6.6053497e-07
8.802542e-07
0.017293936
2.19801e-06
4.4784063e-08
5.170408e-08
7.511765e-05
0.02253514
5.9673064e-05
4.9825285e-06
0.0011720451
0.025600411
2.982249e-06
0.00023766384
2.5646397e-08
0.9999908
3.6658494e-09
2.034992e-06
2.6983245e-05
5.9164763e-06
1.2199266e-07
1.8513676e-08
2.7104932e-09
2.603168e-09
0.99691343
7.1634894e-09
1.1106467e-07
0.0008358657
7.963746e-05
0.17521751
2.2849306e-08
2.1854812e-06
0.8266872
1.7362827e-07
1.770296e-05
1.0050603e-06
2.4287866e-08
2.6417017e-09
2.3819173e-09
0.99993384
0.09795877
3.8778975e-07
8.6427335e-08
2.0758923e-06
0.99999064
0.9999908
0.0029325483
0.00019901854
0.9962204
2.459893e-07
1.1745418e-05
4.7796646e-05
0.000428569
0.938499
6.865373e-06
0.0013517116
0.5793397
0.00407553
4.7297435e-06
0.00027539092
1.7853012e-07
7.359922e-07
7.762903e-05
3.9116085e-07
0.0005948818
0.0017749758
0.0008373596
0.99998885
1.6141746e-06
2.4117353e-06
8.231509e-05
0.004117429
0.00044155968
0.00087816414
0.92860276
1.7329825e-05
7.3997725e-08
0.0035576052
0.9962204
0.99000996
1.0465121e-09
6.473675e-05
3.8656236e-08
3.3489825e-05
2.1926472e-07
1.0970903e-06
9.553714e-10
0.44553986
0.00027539092
0.0013517116
2.0826911e-09
8.300171e-05
2.7158802e-09
9.51725e-06
3.7952537e-05
2.1205392e-06
2.887564e-07
1.6640912e-05
1.0293334e-06
2.073604e-07
1.4562839e-05
0.05743829
4.7013665e-07
1.6608094e-05
1.3401034e-07
3.1491967e-05
7.2914967e-09
8.959788e-05
1.3327827e-05
3.7952537e-05
7.330852e-08
0.00018952921
5.4964858e-05
9.932186e-06
2.2065269e-08
4.938206e-11
1.2267648e-05
0.94356775
0.014259637
0.9185316
6.3392287e-09
3.3969573e-05
0.12357078
0.000459898
4.166907e-06
1.5110068e-09
4.2689513e-07
3.2802117e-08
0.04131654
4.3823854e-07
5.4092966e-06
2.0233009e-09
2.4578792e-09
2.6571e-05
1.2537996e-06
2.0758923e-06
1.0018803e-06
3.2098594e-08
0.99999136
1.2422035e-05
3.266638e-08
4.4773563e-07
1.2715498e-07
1.7203493e-09
1.812606e-06
1.1340594e-06
1.1812117e-10
1.0202764e-05
0.99999774
0.00018123983
7.898614e-10
3.2410953e-06
3.916961e-06
0.99000996
0.016400041
4.469211e-05
0.00051159813
0.91958654
0.04300435
6.8905845e-09
2.312234e-09
3.205222e-05
9.553714e-10
2.7997003e-05
2.7997003e-05
1.0
0.16413622
6.559624e-07
2.1531477e-09
0.00108147
2.1531477e-09
2.4114794e-07
0.46492943
3.023968e-10
0.999955
1.0445766e-07
0.46025437
0.00031887752
0.00020930235
8.186853e-11
3.2410953e-06
4.3587477e-08
9.913574e-08
3.3969573e-05
0.0010494281
0.0039906288
0.00043371666
1.4515531e-09
3.0492487e-05
3.6194064e-07
9.292691e-09
3.240054e-06
4.6232284e-08
2.1205392e-06
6.125939e-07
0.9999856
6.1454006e-07
5.4964858e-05
2.030781e-06
0.99907327
0.018678516
4.7159046e-09
2.502031e-07
2.1854812e-06
1.5609224e-10
1.8307749e-07
8.5176085e-05
2.3986854e-07
2.0441269e-09
1.9715617e-05
0.018898528
4.2995288e-07
1.482141e-05
4.3173154e-10
0.0003746781
5.170408e-08
0.9874765
3.1915604e-07
1.7315453e-05
0.017698416
6.9455024e-09
8.070205e-06
2.0098178e-05
4.94995e-07
1.6380999e-06
3.6150524e-08
3.131707e-06
2.4662638e-06
0.9999994
6.3392287e-09
0.003107457
1.3104063e-09
0.031568073
2.1607657e-05
5.027017e-05
1.0266146e-05
6.584775e-05
9.205294e-05
3.0442604e-06
4.438784e-09
6.56389e-09
5.09672e-05
1.5886986e-08
0.00084957824
3.4530997e-06
0.00012560743
0.0013232657
3.4757181e-06
1.0828291e-10
0.01017285
0.0029325483
0.0008101307
8.075803e-06
6.379185e-07
1.4015174e-05
0.19410507
0.67768705
3.2720607e-07
8.843916e-07
0.0075467946
7.7268245e-09
3.3489825e-05
3.559391e-06
0.45444658
1.5291834e-08
1.648852e-07
0.00076231133
1.1485592e-06
4.2542146e-07
1.2994278e-09
0.0040975623
4.4723805e-07
0.0013025122
