0.99890316
1.0
0.9979381
1.0
3.114675e-09
7.709801e-05
0.9958794
2.720935e-07
0.8925358
1.4452199e-07
5.783033e-08
1.0581238e-06
5.255448e-07
1.4436386e-05
1.407386e-07
0.00027131054
0.06671662
2.843663e-05
5.4274113e-07
1.0359694e-07
3.0362837e-05
0.00034683157
1.500053e-07
1.7145838e-07
4.630304e-09
0.8470813
2.5654603e-09
3.2408573e-06
7.21318e-08
8.227029e-09
0.00083031046
1.3395387e-05
0.0008489398
1.5987486e-07
3.1550677e-05
0.0011284008
7.8641574e-07
0.9993721
4.3988555e-05
5.538454e-08
9.676864e-06
0.37149483
3.3153447e-07
0.99999964
0.16734222
1.1479796e-09
3.1824682e-06
0.0005288165
4.9421422e-05
7.786672e-08
2.4675003e-08
1.6546345e-06
0.99959195
1.9694559e-07
1.3820529e-08
6.293709e-07
3.5840443e-05
0.6632519
8.4034255e-05
0.00015908641
0.00043651037
0.06014684
4.6303735e-06
0.2480134
0.00014076277
0.011999648
2.6774533e-06
4.855703e-05
0.016592665
9.973669e-05
2.8721108e-05
0.01676155
7.990688e-09
0.0026502474
1.670397e-08
1.8886907e-05
9.1835915e-08
5.750914e-08
6.8851196e-09
0.99946266
0.9371393
0.0026502474
5.9228277e-08
0.003998576
3.3684798e-06
0.0005723725
0.5702833
3.6020992e-08
3.1509833e-07
0.003185942
5.344062e-10
0.00021119474
0.00010374434
0.0007322092
8.074202e-07
0.00011899862
0.0006451873
1.7272042e-06
1.2030076e-05
3.0362837e-05
0.023024797
3.8882519e-07
2.109139e-07
3.720728e-05
1.7110017e-07
0.0008380688
4.0792696e-07
1.286419e-05
0.0048878076
2.0709896e-09
8.960924e-07
2.5891234e-10
2.9836272e-05
2.9252185e-09
4.367277e-05
7.21318e-08
0.25669593
9.664846e-06
2.7349756e-07
0.0012838506
5.255448e-07
1.3968172e-07
0.01813747
7.919677e-09
2.213945e-07
0.00020221522
0.1573086
5.855539e-06
2.2283042e-05
2.9581242e-06
0.0014141505
2.5169077e-06
1.8886907e-05
0.0004911471
0.0013881762
3.243244e-05
8.7334325e-07
0.9078473
7.709801e-05
1.6922714e-07
2.1707842e-09
6.732212e-07
9.095512e-07
0.00017496875
8.115556e-06
1.1919223e-08
0.00872674
5.344062e-10
0.00010942653
8.477241e-10
7.796308e-07
0.0036727726
7.786672e-08
2.6352012e-08
1.8836856e-07
0.0012759415
7.990588e-11
2.458424e-05
0.0033788502
0.0002681623
2.10423e-08
1.9802734e-08
0.00045327362
8.282785e-08
6.1822266e-06
0.3632069
7.5143525e-08
3.884767e-08
0.9078473
2.3686884e-09
1.1650599e-06
0.017551605
1.03138796e-10
2.2696938e-07
1.0546862e-06
4.662078e-11
0.0048878076
0.0024916714
0.9722905
9.494314e-05
5.3743206e-06
6.5389777e-06
3.7449023e-05
5.5855884e-07
0.00045327362
8.663165e-08
0.18897218
1.5688955e-06
4.708824e-08
4.1863657e-08
0.00027993755
0.023024797
0.00023100174
0.0013857016
8.3425886e-07
0.0010925189
0.0014524907
0.019043086
0.04442386
4.058931e-05
5.6534024e-08
0.00030058943
3.3684798e-06
2.616411e-06
0.00030238155
3.3959548e-06
3.81252e-09
0.010619796
0.021929372
2.0262657e-06
0.77716243
0.00022000539
6.028469e-08
0.008816533
0.010456117
2.7422642e-05
1.091954e-05
1.4123388e-08
1.676522e-05
0.580134
0.98317635
8.972443e-06
0.014373721
0.0046504727
8.08219e-06
0.0003985735
2.967519e-06
1.1853293e-06
6.5060304e-09
1.0193467e-06
0.24569143
0.0042124866
4.4072996e-05
3.55251e-07
0.8490917
1.6805969e-09
0.753561
9.2968985e-05
1.667108e-06
3.4395217e-07
1.6923368e-05
1.4316556e-07
2.0235107e-07
3.6980123e-06
0.001792574
1.2607807e-08
5.140779e-05
0.0003685336
8.7954095e-07
4.167015e-12
1.4669531e-06
4.6230132e-05
0.55925936
0.026490843
0.038773146
3.6864476e-05
1.0581238e-06
4.6231734e-09
1.0143196e-05
0.20891055
0.0032469789
0.0033947872
2.7939952e-05
1.618004e-08
3.0668332e-07
0.00045334623
0.21378423
0.9371393
0.5870055
0.99657226
0.00010338645
0.0014141505
0.9965704
0.41059995
2.5364825e-08
4.855703e-05
7.415115e-07
0.78710556
2.7450542e-06
3.8882519e-07
9.300032e-09
0.9465195
2.420355e-06
2.4456057e-07
0.01676155
2.7136426e-05
0.001507059
3.7370075e-05
2.2363343e-05
2.4493324e-10
1.3242223e-10
0.00046574796
2.4146925e-06
1.0880545e-06
6.6464864e-08
1.1430069e-09
1.5096213e-06
0.09180048
2.420355e-06
1.8416285e-09
