0.9999989
1.8505351e-07
0.98602736
0.0017067011
0.84276026
0.009913881
0.5259208
0.022064542
1.4688173e-05
0.00011316789
1.1025039e-07
0.90429074
1.7453972e-07
1.5827598e-10
0.010782431
1.1484679e-07
1.3998785e-08
0.08456988
2.4995977e-08
1.0574197e-08
0.0003933048
0.00015310783
0.92211944
0.042402036
0.03871085
0.00017168725
4.196679e-08
0.0019266871
9.383331e-07
1.2710133e-08
1.8035378e-06
1.3200447e-06
0.9235977
0.9988735
4.458097e-05
0.017250698
2.038183e-06
0.00014979126
5.658652e-06
5.1543486e-07
5.092618e-07
0.00042364077
2.5039266e-11
6.207271e-07
0.59233105
5.4409526e-08
0.9987738
0.00012707671
0.007406284
1.7601134e-07
1.0928272e-07
0.00045897046
0.98653036
0.27070862
0.04101222
3.9318124e-07
2.1816522e-08
0.019367239
0.59233105
0.00037663197
1.538783e-08
1.589983e-06
1.1509749e-06
3.9779994e-08
9.4711886e-08
2.2603717e-06
0.0080635855
0.005289316
5.5928267e-05
0.4800177
3.7196444e-06
1.5112901e-08
0.0060597016
8.7360735e-07
6.088928e-09
0.12700552
1.6214062e-05
0.00070118805
3.1612908e-06
1.1426456e-08
8.331415e-06
0.93734455
0.0921144
0.6201492
0.009976052
1.998949e-05
1.0309583e-06
0.9997629
3.3155927e-06
0.039600264
6.238874e-07
0.9999997
3.4606326e-06
5.5220135e-05
7.5685506e-07
4.803163e-07
2.2759675e-06
1.7969808e-10
5.414076e-09
1.3979462e-06
0.0025873221
2.9642388e-07
1.0301524e-06
0.9881904
5.572804e-06
7.5464817e-07
1.770212e-07
1.3510531e-07
1.998949e-05
8.841819e-08
1.8159952e-08
1.3852298e-06
2.0044206e-06
0.0025843065
2.6468103e-06
6.906464e-05
1.7453972e-07
2.4312001e-09
8.31596e-09
0.5756112
1.4638492e-06
0.11186515
6.9996946e-05
3.8030685e-05
3.2659075e-09
0.0013437676
1.4146849e-11
0.92081964
0.0003509063
0.0132278865
0.22784029
4.1080122e-05
3.3155882e-07
2.799022e-06
0.039600264
3.4763646e-06
0.0028343834
8.967398e-08
0.013517859
2.2177976e-05
1.3535035e-05
7.744487e-07
3.9318124e-07
7.379262e-09
4.6102444e-10
4.369544e-08
1.21151115e-05
3.2489388e-07
7.76533e-06
0.010782431
1.8035361e-06
1.0200356e-09
0.00033473366
0.00010569129
0.00084003643
0.00013778583
3.5698026e-08
9.319288e-06
0.00047946104
2.2578834e-06
4.9990643e-07
5.572804e-06
0.9998885
0.0013518507
7.4483985e-08
1.9345892e-07
0.00056175527
0.00016483015
0.99999744
1.9445051e-05
1.2306915e-05
5.147274e-06
1.8035378e-06
4.08751e-07
0.99999845
0.04239987
0.7028291
1.0
1.4362138e-06
2.1248177e-05
2.6237194e-07
9.319288e-06
0.9208524
6.825993e-07
3.8983882e-07
0.9989874
2.2564531e-07
2.9408618e-06
1.3413213e-08
4.5099297e-10
0.005719943
7.317727e-07
0.12044846
0.00048727595
5.5826007e-07
0.06712484
0.005124329
3.897352e-09
2.6633865e-05
0.005552586
0.99999845
3.8659557e-05
8.92335e-07
3.1200017e-07
1.0
5.375431e-07
7.729989e-06
0.00013778583
6.411739e-05
2.1768354e-07
0.005552586
0.00035665566
0.0009994659
0.0068553933
9.1776343e-07
1.2745278e-07
8.544749e-06
0.9847748
5.5565065e-06
4.447937e-09
0.00016289258
2.780841e-10
0.99528384
1.3998785e-08
5.114135e-07
0.0028741413
0.04857435
0.0036993779
0.021637898
2.366065e-09
3.1853003e-11
0.99807143
4.7421005e-07
9.237459e-07
0.99984956
0.00084003643
0.00015693207
0.9999999
0.017257271
9.65813e-10
1.2445503e-06
0.00027621188
1.6082557e-06
1.1435762e-05
0.00037115908
9.022553e-06
8.331415e-06
0.9991338
0.9597214
2.619349e-05
0.07532545
1.0129363e-05
1.3480328e-06
0.9999997
0.004157963
1.38533e-07
0.007895296
0.99998546
3.848913e-05
2.4163038e-10
2.046641e-07
2.3345067e-06
0.37781143
0.0045450157
0.002463183
9.037417e-07
5.081741e-08
0.00017168725
0.00069151085
0.0028741413
7.533335e-09
1.3510531e-07
3.3155927e-06
0.05602845
2.3015897e-07
3.4187e-07
1.8923314e-06
8.331415e-06
0.0066514444
1.6417205e-05
0.0012383319
9.351759e-05
9.321557e-07
0.00025230602
7.744487e-07
0.0921144
3.777413e-06
4.0786006e-07
0.005552586
7.073757e-06
1.5496771e-05
0.009853922
4.128205e-07
1.6113585e-06
2.749186e-07
0.097857885
1.8119513e-07
2.7622677e-08
8.956454e-09
7.767071e-06
