0.99999976
1.4700033e-06
0.000104663675
0.0013398903
1.00478905e-08
2.6687256e-05
1.6698797e-06
0.00024275975
0.0001603922
4.2617858e-06
9.7259635e-06
4.061242e-06
0.81188375
1.5227825e-05
0.0006280497
1.0
6.390844e-05
2.0089091e-07
1.1415202e-05
0.6773316
0.30148903
0.3439057
0.99999326
0.0018302535
1.0
0.99810666
7.031706e-06
0.6609939
0.3891118
0.9903753
0.99613065
1.1835277e-06
2.9929993e-06
0.040244997
7.4489553e-06
2.4177038e-05
3.4840734e-05
1.075945e-05
4.334798e-06
5.3026183e-06
0.0013693164
9.821324e-06
7.4489553e-06
1.9508536e-06
0.99999946
0.00013737848
0.5102986
9.311923e-06
0.000804698
1.0799264e-05
0.010374901
3.4042655e-06
2.9714144e-09
5.668871e-06
1.5734116e-06
0.029708683
2.4083726e-09
0.00069896004
3.1118056e-05
4.788342e-05
0.0013693164
1.3472925e-06
0.029030133
0.00048483245
0.99991894
0.00039228346
1.0772799e-09
1.3679674e-07
6.820618e-07
7.6902616e-08
9.625326e-09
0.9999991
9.599e-07
0.00025672137
4.1782085e-05
0.99999946
0.013852466
0.0001371451
0.0072845863
0.057281535
0.00043069667
8.178451e-07
0.04216999
1.964741e-05
0.0029528697
0.530207
1.2363384e-08
0.000242237
0.4045738
0.00045597198
6.7184883e-06
2.5631989e-05
0.0008160788
0.9865422
7.2300636e-06
0.41650906
4.413146e-05
1.2715485e-07
1.3180697e-05
1.07357224e-07
1.1144764e-05
0.09982534
0.022586875
0.007567394
0.0059392843
1.21008625e-05
0.003613856
7.841306e-05
1.9898614e-05
0.00014316413
1.2240794e-06
6.942207e-07
0.8118838
5.032643e-06
7.954638e-05
0.0029162213
0.000116209754
0.00038491355
4.4493353e-07
2.0446719e-06
2.1721871e-05
2.3099693e-08
0.9999465
0.9800678
2.500381e-06
0.00058755814
0.0023586315
5.39076e-08
0.001735469
0.0019289072
0.99999934
1.2857399e-07
6.785775e-05
0.082013704
0.02018504
0.004712137
0.04653014
0.0010964756
3.862418e-05
0.530207
2.88622e-06
0.9997183
0.083490595
1.149849e-05
0.00029883042
0.10081139
1.0435026e-05
1.786735e-06
0.020795284
3.440366e-05
0.11510748
0.15734859
8.1999593e-07
7.411708e-05
7.520395e-05
0.0010328409
0.002171721
0.00039707078
0.7579092
3.7821171e-06
0.0012271503
0.0013022275
7.874852e-07
3.0389751e-06
1.230582e-07
2.2183899e-11
2.345531e-06
2.0625919e-10
1.0295257e-08
0.005641304
0.00017579048
0.040453486
8.133114e-07
3.7967453e-05
0.3435552
9.848354e-06
0.99999917
0.9679805
1.079298e-06
7.059323e-08
6.510005e-08
0.0018574533
0.011012407
0.0032755672
0.00021414792
4.2079128e-07
2.618368e-07
9.819233e-07
0.9949067
3.373066e-07
4.44328e-07
2.7555426e-08
7.90348e-06
1.3662972e-07
1.3858925e-05
1.8097455e-06
0.053212263
0.00014014817
0.0010964756
1.3679674e-07
0.29061797
0.0020829837
4.9882507e-05
0.0036108082
0.012295018
0.0024629766
8.466194e-07
9.500115e-07
8.466194e-07
0.0002882281
0.9923985
3.5925457e-06
0.018054955
0.09982534
0.08500932
0.118799984
1.2112014e-06
3.0272258e-06
1.3020455e-06
0.9999999
0.00025672137
1.9251954e-07
2.7965143e-05
5.1210407e-08
0.0005366909
0.018775502
6.443387e-06
0.9999992
3.6252862e-07
6.964665e-05
5.5741157e-07
9.73305e-07
0.99998957
2.3947374e-08
2.8671193e-05
7.520395e-05
0.24251847
7.47983e-09
0.008975663
0.23491342
1.0
0.04968818
6.4969436e-07
2.5279895e-05
0.0011578414
0.19213411
0.0025263387
7.5925113e-06
2.516617e-06
4.1557514e-06
3.807958e-08
0.5102986
1.0
0.5653813
0.99999917
0.01451775
1.3266346e-07
8.897814e-07
0.015520222
9.59221e-07
0.010360072
1.2096604e-06
5.081042e-06
8.149599e-08
0.0023708255
0.0008493071
0.9996708
2.7698702e-08
5.460745e-09
3.1382477e-09
0.0031493667
0.0027872133
1.9097265e-06
6.626217e-05
0.039936714
5.8793705e-07
5.032643e-06
0.0021244537
1.3386854e-07
1.5966606e-08
3.38495e-05
0.00025012283
1.9006937e-05
0.00013783325
0.0002882281
0.0020829837
0.45721656
0.00034809098
0.00034146686
0.0013693164
4.265064e-05
1.4908778e-10
0.0022931786
0.00039086182
0.024570689
0.0066866847
0.0014976392
0.99541515
3.7967453e-05
7.167268e-05
