0.9898159
1.1585545e-05
0.00039134503
1.0828601e-06
0.015239244
0.99999017
2.9264987e-07
3.2702482e-07
0.00019485531
4.980914e-07
2.6182372e-08
1.0271963e-05
8.045899e-06
1.1108755e-07
2.306879e-07
6.2265755e-08
2.574094e-06
0.00016717751
2.9017949e-05
0.000987584
5.3075735e-07
4.296088e-05
1.0398634e-07
0.0022609474
3.9723886e-08
3.8149133e-09
1.382627e-09
0.0028176273
0.00013341213
1.6561337e-08
2.0332209e-08
0.00056960626
4.5752092e-08
0.9694532
0.9997672
8.681319e-10
0.9999999
2.841874e-12
0.053224802
0.000472367
0.9013405
8.148718e-06
0.018023904
2.2911177e-05
5.57318e-07
7.4895826e-07
0.00012840943
0.72656626
0.9823817
0.0002559022
1.0
3.126205e-08
4.505584e-07
0.0038188852
5.80539e-07
0.99676776
0.0005266535
0.0018370006
2.243824e-05
0.003331624
0.003331624
1.3065063e-08
0.033276457
0.067495264
6.3994908e-06
4.510323e-11
2.039564e-05
5.3882268e-05
2.304971e-06
0.0010759645
4.423041e-08
4.1929905e-08
7.788447e-06
6.78746e-08
4.557512e-07
4.5620354e-06
3.55251e-07
0.9999819
0.21375403
0.4282755
1.6057815e-10
1.6153594e-05
6.2807676e-06
0.04037423
0.0036636563
9.537966e-06
0.98933715
3.246123e-08
4.401741e-07
1.9369313e-06
8.491265e-06
0.99984205
0.9997672
7.685422e-07
0.27965334
7.685422e-07
1.9221298e-07
6.0162016e-08
1.2546951e-07
0.99326265
2.1927656e-08
0.0019075832
1.7522433e-06
3.8014914e-05
1.06325274e-07
2.0332209e-08
1.0294695e-05
4.7435155e-05
6.323264e-06
2.0651843e-05
2.24394e-07
0.99857557
2.8655904e-07
0.00027215978
9.6577885e-08
2.0438966e-07
2.1913908e-07
0.00035080744
3.3932854e-10
2.5892925e-06
8.148718e-06
2.0529042e-07
1.1969386e-06
0.0006013844
4.1636247e-11
0.0007137623
1.0482067e-08
0.70462143
2.1138592e-05
1.476845e-06
0.99999976
0.0002764933
1.9412869e-07
3.1355532e-05
9.749269e-07
0.00013040283
0.004134062
3.6623118e-07
0.99999976
9.046229e-09
4.4135668e-05
6.7904584e-06
0.9141475
0.9214629
4.036349e-06
5.133999e-07
7.227916e-08
1.2166131e-09
4.6899206e-07
0.0002447746
5.705127e-06
0.6191444
9.151188e-07
5.6833505e-05
2.5104036e-05
3.3325427e-06
9.299197e-06
1.9052987e-06
0.0037372466
0.00012774736
6.2639316e-05
1.4206785e-06
9.7485805e-05
5.9419464e-05
1.2866287e-08
0.9145803
0.40864956
6.218171e-06
0.021129265
1.2348048e-07
0.000883308
5.0580303e-07
1.0595596e-06
3.3798322e-09
1.4836151e-07
3.55251e-07
0.00017745234
2.0876244e-07
4.8899622e-08
0.99998593
5.7986777e-05
2.4310842e-09
2.7161755e-09
4.8932184e-06
6.323264e-06
6.3994908e-06
2.9164987e-06
0.05555522
2.0503503e-06
8.621798e-10
0.27965334
7.5611224e-06
2.1207183e-05
9.161425e-08
0.0016519049
1.6842548e-06
8.081029e-08
5.25983e-08
5.909172e-09
4.0104187e-06
1.2852131e-06
1.610818e-05
0.0008512232
4.9296176e-07
7.4333394e-07
8.628494e-10
0.024008002
0.7256118
5.3276608e-08
2.409877e-07
7.7712284e-05
9.024191e-08
9.85616e-07
9.537966e-06
8.9193214e-05
2.0808613e-05
3.1804673e-05
0.9999835
0.9924412
0.02165979
4.7090083e-07
1.406856e-09
0.98664516
1.2398794e-10
7.409489e-05
3.6851761e-06
2.1344444e-05
0.020512003
3.665481e-07
3.3235513e-06
1.8760218e-09
0.18401064
1.08769086e-07
1.8760218e-09
1.7792426e-10
9.678036e-08
0.00010514504
1.8293155e-06
9.611874e-06
1.1667984e-07
2.4617248e-05
2.0371044e-06
0.00082832336
9.4100534e-07
0.13909253
1.4149893e-08
1.6511494e-09
0.7669626
0.00015138279
3.686286e-05
0.0060222317
0.9885116
3.005284e-08
3.6550957e-10
2.301456e-11
0.0021729067
2.3962233e-05
2.3031157e-07
4.184389e-05
0.75767833
1.313758e-08
0.008416949
0.00082224293
3.6874262e-06
0.16125177
1.4164899e-09
0.92572737
7.7745386e-07
0.0020419075
5.844743e-07
0.0007826355
7.788447e-06
9.4372695e-08
0.9145803
0.65911335
2.1648714e-09
1.2675483e-07
1.298925e-06
0.006980603
4.593416e-05
5.798866e-05
3.9481715e-06
4.2948097e-05
0.9948127
2.2046223e-05
4.5708568e-08
1.4166605e-05
4.9990113e-06
1.09035376e-07
1.0460652e-05
3.886329e-09
4.1920075e-07
0.00034795812
2.0052263e-07
3.8149133e-09
1.9853924e-06
1.4524795e-07
2.0068703e-05
2.3520855e-12
2.7921863e-06
