1.0
0.99999124
0.00056808215
0.99999464
9.108892e-08
4.598499e-07
6.086398e-06
0.00034076298
0.0001339784
1.0876801e-06
1.062298e-07
1.5749699e-06
1.1500551e-05
0.00011303383
3.4513055e-06
9.892891e-08
4.9457966e-10
0.9999989
0.00084373425
2.4233136e-06
0.87423074
2.4701252e-10
0.00081968604
1.0265884e-06
0.007790511
1.4033722e-06
4.3038708e-05
1.9339767e-07
3.3009892e-05
2.8136986e-08
0.0011826036
9.576997e-05
1.7765298e-05
6.8293466e-06
1.1915744e-06
5.7220022e-06
0.9943608
0.0024099215
0.0033793896
9.580987e-08
0.9014972
1.091798e-07
5.045701e-10
0.00012176044
0.0001258459
0.0001164618
3.1300204e-10
0.9999912
0.113246165
3.7206002e-05
0.9534284
6.091207e-08
2.828912e-07
8.51666e-09
7.715788e-05
6.517505e-05
2.9113187e-06
3.6028394e-09
1.9545912e-05
3.3614518e-09
0.0046416037
1.1753773e-06
0.9962972
9.0572996e-08
3.4245288e-06
1.4822732e-06
1.5013442e-06
1.703283e-07
9.375981e-08
4.8006217e-07
0.0013766729
3.2893437e-05
1.4298949e-08
4.7066334e-07
1.8746177e-07
1.006548e-06
0.00031305337
2.9113883e-06
4.4216897e-09
0.14215174
9.064143e-08
2.001292e-06
7.1584975e-05
1.3233146e-08
0.00018401604
1.07789745e-07
0.01663921
0.04531438
3.4254393e-07
0.316066
0.99995697
3.717515e-05
6.591544e-08
4.740916e-06
0.030738229
1.2109648e-08
2.2937722e-06
4.2503372e-05
1.8315205e-07
0.9995168
7.505309e-06
4.257023e-07
0.00016718278
0.009987766
8.870552e-08
2.4633481e-08
1.585685e-05
4.257023e-07
5.112762e-09
2.284783e-07
5.342261e-05
1.1458434e-07
0.9999951
0.00014893558
0.00081199745
9.5022534e-07
2.0079345e-09
2.0079345e-09
3.52894e-08
5.8074943e-07
2.6721276e-09
1.2958161e-05
5.2172207e-05
0.003097704
4.5930292e-07
3.909995e-09
3.3209925e-08
3.5099433e-07
0.00034125958
5.2015764e-07
0.5609702
5.2429403e-09
2.9555722e-06
0.05486482
4.5023e-09
2.7997055e-06
1.2838004e-07
2.1621734e-06
2.6088045e-09
6.817739e-05
0.4430767
2.382594e-07
8.800953e-05
2.8566185e-06
0.027006062
1.4095905e-06
3.51132e-06
0.00032379868
0.0015532344
3.1752957e-06
4.26421e-05
3.127011e-07
4.7319904e-06
1.570808e-10
9.644852e-05
0.0017428526
3.3614518e-09
0.00031017905
4.4908055e-07
0.004546666
0.0010786743
1.1114504e-06
2.2608617e-08
0.0028997269
0.00081199745
7.5051696e-07
2.2940432e-05
8.668215e-10
0.9999989
1.600103e-07
0.0005828064
0.99999994
0.90964466
7.209559e-09
2.1621734e-06
4.9946682e-09
3.0516423e-09
4.3616627e-10
0.0027342662
0.0023463783
0.002378237
0.9600704
9.279305e-08
0.9492955
1.2880721e-06
1.6699001e-05
0.98498166
0.6055409
1.1556472e-06
0.8411843
0.00082196796
1.853841e-08
8.668215e-10
5.3561057e-06
0.005649559
3.0588685e-09
9.599325e-06
3.3313913e-07
4.145762e-05
0.0005858677
0.019337831
6.9592614e-05
7.168276e-08
0.98456717
2.4933013e-07
0.00017772903
8.924814e-06
1.8745042e-05
8.47905e-05
0.00012649254
0.051031217
1.5497434e-07
2.8566185e-06
5.939907e-05
2.8991567e-09
0.0003426145
1.3947354e-07
1.6488315e-05
7.4766315e-10
5.407984e-05
0.06892407
1.1087201e-06
0.0013543519
0.0013800254
0.99284524
1.9283978e-06
1.06304995e-07
2.6975375e-09
1.195321e-06
0.9983045
4.127901e-06
0.0014324964
1.3404006e-08
0.0009921934
2.148091e-08
2.6387076e-07
0.016723001
0.00063262205
5.1480292e-05
1.4522026e-07
0.0005858677
0.92048305
8.7528434e-07
2.1172918e-06
0.97945887
1.6488315e-05
0.00020020427
0.00017660599
7.525738e-09
0.00023390198
0.0025526723
3.078766e-07
3.860562e-07
0.13888367
7.693085e-07
4.920744e-08
0.0039063576
1.487732e-08
0.026537767
8.307725e-05
9.3765055e-07
7.553553e-08
2.1814663e-05
3.8001656e-06
0.016589178
1.4691939e-08
0.007870307
3.52894e-08
2.9691086e-05
9.064143e-08
0.0024961317
1.4081883e-08
0.0684766
1.0020985e-07
2.0271007e-06
1.172159e-06
3.8127095e-05
3.7162617e-06
4.9104503e-05
6.689423e-08
1.6153953e-08
6.4613587e-10
0.0016025383
2.5717375e-08
1.0
2.1309889e-07
6.149647e-05
0.021682778
9.411597e-09
0.016269095
9.018252e-07
0.00050824514
0.14172925
3.0355453e-05
2.7754562e-05
0.0016835685
2.5184634e-06
1.9575073e-07
4.4973174e-05
0.00039625494
