0.9999975
0.9987583
9.0532296e-05
0.0012970311
1.0056376e-05
5.2276882e-06
0.00010307519
7.140507e-08
0.02523953
0.0022557976
7.209534e-07
7.2923893e-07
2.060628e-05
0.99416006
0.3895249
0.00010307519
2.0959862e-06
0.01968268
0.07421779
0.9440056
0.2684226
3.2320992e-07
1.0
0.00010887231
9.254269e-10
1.3724144e-06
0.00056031754
1.8561255e-07
9.840356e-06
0.38878223
5.5804144e-06
0.0011116067
4.696347e-08
4.447233e-09
3.6442658e-09
1.585758e-06
7.5076256e-05
7.116455e-05
0.0005618824
0.13824596
0.845712
0.16485593
1.2085218e-07
3.0134754e-07
0.06559645
6.250434e-05
0.7874312
0.0011369388
1.9426122e-06
0.033523172
3.0529118e-05
0.0003281538
0.0026017495
4.331316e-08
0.6017727
5.0706053e-06
0.0006311574
3.904631e-08
1.5173316e-09
0.039609235
4.899055e-06
2.1202884e-06
0.9999933
2.3238956e-06
7.386758e-05
0.0006972831
0.035621684
0.0038552866
0.99729973
7.0574165e-06
2.8768877e-08
5.7203626e-05
0.00084172346
0.6713713
2.5582112e-06
2.0316476e-05
4.195207e-07
1.1496519e-06
5.7647583e-05
0.99772537
5.7647583e-05
2.9140743e-05
1.947863e-07
1.1353639e-11
1.5907428e-06
5.5804144e-06
9.0537064e-08
1.2287729e-06
4.7273076e-08
0.00020204755
0.00019062623
1.3794372e-06
1.1190037e-06
7.4172226e-07
1.1388625e-05
1.5739215e-05
0.0005080197
0.5174681
0.0028741634
0.00031367296
5.1163327e-09
0.99998236
0.00059325335
8.525846e-08
3.056456e-07
0.00043629674
0.07421779
0.00018104863
2.1096593e-08
0.9957566
0.5142718
9.088531e-06
2.8768877e-08
0.98835874
1.6760298e-08
5.5219804e-11
6.236786e-08
1.829132e-08
3.0134754e-07
0.9900599
0.00069759454
0.000455799
0.999994
4.081283e-09
3.0562347e-07
4.953057e-07
9.230725e-08
0.03944496
0.0003281538
4.2213545e-05
0.0013235568
9.686768e-07
0.0011462033
1.1727651e-06
1.6824055e-06
0.0017359928
6.7975265e-07
0.0194823
0.81595856
4.215047e-05
1.1471581e-06
7.37313e-07
0.033235546
1.8894663e-07
0.9999992
2.8253825e-07
0.01904679
0.0013199867
0.4253806
3.5293959e-09
0.0017518387
8.868426e-07
0.13464947
1.74539e-08
0.008189739
4.9443388e-05
0.0003600734
0.2232191
6.3387597e-07
0.9999146
1.24202035e-08
0.38331294
0.0012026541
1.6760298e-08
8.9023324e-08
2.531341e-07
1.2441597e-05
0.7855985
0.0014349984
1.50417945e-05
3.8744997e-06
1.8627554e-05
9.868429e-08
0.1895698
8.598402e-07
0.7489004
8.338355e-06
0.9946142
0.0033942547
0.031595882
0.0001301298
0.002065998
0.41254836
2.467105e-08
4.392773e-09
5.7526e-05
2.6721787e-09
0.9962387
0.003448122
4.792682e-05
2.6213305e-05
1.947863e-07
1.6913774e-06
0.00038467385
2.0425748e-06
0.0015404902
6.2815545e-08
5.4686956e-07
0.025571393
3.2677977e-07
1.5947604e-07
0.0028741634
6.792605e-05
6.788033e-05
0.9999291
1.0042124e-06
0.022952506
0.3367416
7.306458e-07
0.2681298
0.99606365
0.6713713
1.2191504e-08
6.4146657e-12
1.0
6.250434e-05
5.652386e-09
6.2815545e-08
1.1388625e-05
0.9878113
5.534121e-06
0.040835723
0.3439684
1.561426e-05
0.028650148
2.1942667e-05
0.6713713
3.1435204e-06
2.0887408e-06
3.318106e-07
6.660168e-06
3.7601933e-07
0.039460987
0.9999991
0.013370928
0.00014693537
1.7828171e-07
1.8718701e-07
6.254166e-08
9.6985336e-11
5.1392395e-05
8.874883e-06
7.2509583e-06
1.02315234e-07
0.00012203545
0.9505957
5.4638963e-06
0.9997622
1.2062638e-07
1.0729744e-05
2.1741418e-08
1.0056376e-05
5.5804144e-06
4.0396928e-05
6.08201e-09
1.4858922e-06
2.5459328e-09
1.5304988e-05
0.20707105
0.00797524
0.9998194
2.4394542e-09
1.2465729e-07
0.039609235
0.000455799
3.111927e-08
5.9855387e-07
0.99999976
0.002234201
0.09634767
4.6621114e-08
3.4158656e-09
4.8359624e-07
7.6148817e-06
3.859704e-05
2.3235662e-08
0.99606365
1.6749404e-06
1.4137152e-07
1.2864319e-06
6.8670425e-07
0.00069759454
4.9552344e-08
2.5600611e-06
3.5293959e-09
1.4474947e-06
2.3238956e-06
5.366664e-06
5.9917045e-09
0.0064468747
0.04686172
0.0023180689
1.6746722e-07
3.119212e-06
0.9885784
3.1913369e-06
9.3504905e-06
0.0017674386
0.9992217
0.00041274735
