0.0053373594
0.197408
2.1513875e-08
3.869884e-06
2.7153002e-09
4.2143878e-05
0.9999948
6.962761e-06
0.0045258296
0.999995
3.1285419e-09
8.1977544e-07
3.3360216e-06
7.367265e-06
2.2636222e-09
0.9946345
2.3427551e-08
0.006031678
1.0396038e-05
5.4751794e-09
0.25354183
8.591615e-07
0.0014476238
1.10138366e-07
0.002219358
5.703276e-05
1.4933908e-10
5.9692834e-11
1.0047718e-08
0.58864844
2.8367788e-06
2.2095906e-10
3.4175146e-06
0.0029577045
0.9859358
9.011511e-09
1.7790259e-06
6.9239713e-06
2.0255586e-10
0.0002604289
1.956986e-08
5.342365e-07
2.1026894e-08
0.00038923504
0.014761352
0.24402712
1.9056177e-05
5.8924155e-07
4.6220116e-08
7.520276e-06
0.0011306506
9.152304e-06
1.6280595e-05
4.0453724e-11
0.053485043
0.0004346831
9.141558e-07
0.29963288
7.699618e-05
4.096488e-06
2.2163512e-07
3.641933e-08
0.9969577
0.0018513422
4.4829474e-05
8.261181e-06
0.00035447808
0.9652731
3.9667057e-06
1.0836018e-06
0.009830622
0.00014802693
0.021150988
0.0024337405
4.310899e-09
2.178476e-07
1.10138366e-07
8.847486e-06
7.764689e-09
1.3065558e-06
1.4702248e-06
9.524467e-08
1.4048724e-08
2.6927564e-05
1.3742703e-06
8.003021e-06
7.5603987e-07
9.671836e-08
1.7024759e-06
0.0044712913
0.00012514238
0.00039145304
3.4412804e-07
2.0768995e-09
3.8789184e-07
3.1128264e-05
0.00024810396
0.00011585171
3.29892e-09
0.00072841824
5.5786318e-06
8.0265454e-11
5.2784124e-08
0.0036602586
0.99999535
1.5183346e-07
0.0038268098
0.001396653
0.0057971757
0.011885406
0.0012146651
1.5183346e-07
4.0161567e-07
2.2389807e-07
1.510913e-07
1.5726525e-07
2.2095906e-10
3.2390097e-05
1.6298458e-07
3.0351387e-07
0.9818673
0.0021914574
1.1019569e-05
7.860582e-06
0.9522886
3.8150244e-08
0.9605203
0.0057971757
0.08336757
5.1478237e-06
0.016229063
0.998261
0.9995473
0.00027338704
0.0018206821
3.1802163e-09
2.448096e-09
7.2845e-07
6.032424e-09
2.8303764e-05
2.8384404e-06
5.352672e-07
3.7564366e-08
1.8848213e-07
1.2268558e-07
1.0
1.445393e-08
0.00031966588
3.943656e-08
0.14629376
1.8642675e-10
7.759238e-06
0.4368244
0.00040619308
1.5620293e-05
5.804845e-09
5.0190418e-05
8.003021e-06
9.2374754e-11
2.7429948e-07
2.6050367e-08
2.2197491e-06
1.04268875e-05
0.04422919
7.9580036e-07
9.849131e-07
0.999995
6.712403e-08
0.0028840606
0.99999994
2.3029277e-06
4.5433293e-08
0.99893785
2.8108276e-09
9.81328e-07
8.012582e-06
0.9353623
9.1814866e-07
4.237777e-06
2.5182185e-06
4.0748637e-05
2.4421172e-09
0.00064083806
5.3120175e-06
0.06834863
1.8897074e-06
0.3149097
7.764689e-09
0.026347216
3.3225467e-06
0.87141407
3.42334e-06
4.6090275e-07
3.7750003e-06
9.769034e-05
0.9035349
0.00023877449
3.1509153e-05
2.9019357e-06
3.0194956e-06
0.019762987
0.00019475297
0.0076746177
1.1266902e-06
5.970181e-07
9.015771e-05
4.8792112e-06
1.510913e-07
2.5141483e-07
0.99620235
1.3882245e-08
1.4504551e-08
1.691684e-07
0.034766294
0.00031966588
1.8848213e-07
5.8960076e-10
4.3350115e-05
6.8574137e-09
0.00450709
0.0003156881
8.466917e-06
2.1268084e-05
2.3730443e-08
0.014939436
7.592248e-07
3.0114185e-07
0.2775149
1.443282e-07
2.9899254e-09
1.1212395e-05
1.1459258e-06
7.0289157e-09
2.6948138e-07
1.4775282e-09
2.5129619e-05
0.00022804244
0.9818673
0.001112219
2.2636222e-09
1.3578034e-07
2.9899254e-09
2.8270774e-08
2.0581759e-09
0.68926257
0.007596794
4.799936e-05
0.0028840606
1.8929697e-05
0.0006167808
0.13831592
0.72037673
0.017655557
3.002082e-07
1.7521881e-05
0.048541978
5.5292264e-09
1.1604325e-06
3.7049454e-06
2.0698619e-07
1.185827e-08
3.4632063e-08
0.0022567422
0.99163663
1.0601908e-07
0.00033395656
8.503366e-09
4.6569607e-05
0.00011161955
0.00022981458
1.7670405e-05
0.018862432
5.1732577e-06
0.00013062186
0.00022247976
5.988588e-08
2.2163512e-07
0.009554055
3.878593e-07
0.024566516
0.029443135
3.4154375e-08
1.510913e-07
2.4670774e-07
5.7979207e-08
3.29892e-09
0.0030943837
1.1220377e-08
3.738878e-07
6.900642e-06
0.00031966588
0.0035914828
0.030750554
3.0348522e-07
1.3708991e-05
3.738878e-07
9.0113986e-11
1.0501296e-06
4.569035e-08
2.6948138e-07
