0.9995017
0.9967765
0.9999999
0.9999984
1.0
0.99999905
2.0428456e-06
2.8137365e-06
0.406215
2.0428456e-06
0.00015955704
1.9690354e-11
0.00034241698
3.894259e-10
2.6669355e-08
0.406215
1.7825239e-10
2.2291717e-07
1.0107087e-09
2.1492865e-09
0.98662525
9.120679e-08
1.1400278e-10
9.494807e-09
6.240772e-08
2.8048362e-08
9.543921e-09
0.020003447
3.8535138e-08
0.94680583
1.4430115e-10
1.2866581e-08
0.57403606
3.401879e-07
4.5688086e-08
0.0016635774
4.2867057e-07
1.0107087e-09
3.5222143e-05
0.6125736
6.627663e-08
5.3213824e-09
0.0002449179
0.018379012
2.579616e-06
1.6268691e-09
2.0076136e-06
2.7782464e-06
0.0008923022
4.3504254e-08
0.0014966263
5.7765754e-11
0.0013986017
3.676461e-11
2.1390553e-08
1.317502e-08
1.0016453e-06
3.8223047e-07
8.9550705e-09
5.6815916e-09
0.0009008749
2.8923783e-10
8.563198e-07
7.931048e-08
6.6933e-09
0.00014038412
6.4427083e-12
5.831039e-05
0.001114727
2.3424981e-10
8.771698e-10
7.44405e-05
2.0359412e-08
1.3919677e-06
1.6962365e-07
1.6343783e-07
0.014346049
5.489526e-09
1.0038749e-09
2.658815e-06
0.7783785
1.4567333e-10
1.6074164e-08
8.529605e-06
1.2370077e-09
1.876843e-11
0.9998831
2.2899393e-08
6.002104e-08
3.6880343e-07
1.6029457e-09
6.950766e-07
0.000814068
1.695207e-05
1.8782011e-05
0.96483445
1.2711113e-06
3.8242263e-07
2.6426003e-08
6.950356e-08
0.019940643
6.658896e-05
3.706176e-09
3.3413847e-10
0.00013137284
3.577314e-05
0.0017096504
7.8828634e-08
4.3175012e-07
6.313716e-07
1.3267154e-13
1.0156922e-05
1.1479364e-08
0.9999111
6.1417445e-08
2.0064383e-06
0.0028405818
2.3028853e-05
4.7727142e-05
2.7371694e-10
7.236065e-06
1.3665196e-08
0.0006952987
4.1830563e-06
3.2925926e-11
1.4443327e-06
0.00026418167
6.627663e-08
1.5050766e-08
0.2729251
2.4803445e-08
1.5656156e-10
0.010418348
1.1667168e-08
0.5250654
1.2771762e-08
2.6518812e-06
3.404931e-09
3.3355093e-06
0.003954036
0.00093850266
2.156774e-05
7.931048e-08
0.9999561
0.00014640574
3.2894072e-09
0.9999991
6.2903163e-09
0.7202784
4.3961252e-09
8.185304e-08
0.001991101
4.0053143e-09
1.4926634e-08
5.6816376e-08
2.117999e-10
2.1085376e-07
8.0046334e-08
0.0008056229
7.6687774e-11
8.9532435e-09
0.9914666
0.21584934
2.156774e-05
7.4622025e-05
1.3919677e-06
0.00023875629
1.542645e-07
1.3704837e-09
0.0018633628
0.0032425406
5.2392174e-05
3.9726615e-08
4.9699065e-07
5.5690673e-08
3.069423e-05
2.3100183e-07
0.016946469
1.1798145e-06
1.8327945e-09
9.029681e-06
1.1513698e-09
0.00081402494
3.1592265e-06
1.2209206e-09
2.1271587e-08
4.6527666e-07
7.1965034e-10
9.705558e-07
5.8898987e-08
0.017565828
1.5040132e-10
5.6048026e-07
5.4115876e-06
2.3779683e-09
6.831556e-05
5.5690673e-08
4.827573e-09
1.0160894e-06
8.244294e-07
7.9041635e-09
3.6880343e-07
0.80165553
2.9122319e-12
4.7531166e-06
8.288506e-08
2.6928815e-08
2.117999e-10
0.0026393246
1.3205256e-06
1.013868e-08
7.578548e-08
1.3427783e-07
2.1650342e-07
7.2370476e-08
5.128841e-08
0.0037949062
1.122653e-06
0.999998
1.3267154e-13
5.4115876e-06
1.4915612e-06
2.5757357e-10
1.7522302e-09
3.5595884e-09
1.1456091e-08
4.560006e-05
0.00050871825
5.454125e-09
4.7576788e-07
9.800339e-08
4.8370185e-07
1.062487e-06
2.4986253e-08
0.54231304
0.0017246241
0.00054700644
4.486719e-06
0.00020344579
2.0855362e-06
1.4926634e-08
4.5599973e-05
1.2634038e-05
1.396984e-06
1.2950025e-07
2.776472e-07
4.655012e-08
0.00015363563
1.7877085e-07
0.045803983
1.7242517e-06
7.303613e-06
2.7459591e-05
1.7426712e-09
0.00042406417
6.801113e-10
4.1720256e-08
1.8638127e-06
1.3015597e-07
1.4403353e-11
5.172271e-06
7.851816e-08
1.5569261e-10
1.519469e-09
8.047695e-06
1.6494432e-07
1.847835e-07
1.2209206e-09
4.288946e-12
0.0002917698
4.5688086e-08
2.7104795e-07
0.0012997122
2.1024306e-10
1.794149e-06
6.823143e-06
1.659736e-05
0.002513379
1.6418735e-08
6.0997496e-09
1.255966e-08
1.6724617e-07
0.00010530498
7.236065e-06
6.844062e-08
1.4430115e-10
1.8954522e-08
2.0043414e-09
2.5540987e-06
3.1947882e-05
7.4649133e-06
2.2350127e-07
0.0001056405
6.1610262e-06
4.851927e-08
7.520916e-09
1.2066626e-08
1.4277251e-05
0.000549624
0.011322921
