0.49756727
0.8152439
0.00027743148
1.9691238e-09
1.4923879e-06
6.7304916e-07
0.0062873755
1.14322e-06
3.6133567e-08
5.449438e-07
8.862822e-06
3.4234513e-06
1.5658816e-05
9.6796235e-08
8.172439e-06
1.548981e-07
1.7186748e-07
1.5710425e-06
1.192872e-05
0.92695546
0.00015951946
1.4604298e-05
0.6467554
2.4059503e-07
3.2913563e-06
0.14098194
3.6630387e-05
1.904222e-07
0.00016543984
4.616744e-05
3.9012214e-08
6.848266e-05
0.63093144
0.1793363
3.6645822e-10
0.00022244667
0.013428601
4.630917e-06
1.0143752e-07
1.4344109e-06
0.0017293937
2.4384879e-05
1.6871061e-05
1.4668953e-05
1.3311225e-06
1.0879128e-07
1.1047479e-07
0.000123985
1.0465535e-06
3.4955552e-05
0.00013232294
5.2695887e-06
3.6244078e-08
0.017028118
7.421029e-07
8.369241e-06
0.96946526
0.00044457207
1.18743216e-07
2.9945388e-05
0.016522534
8.971236e-07
0.3701392
0.013638163
0.9972829
2.3578414e-06
1.09392695e-05
1.3802621e-07
0.00025624182
0.48214054
1.1979826e-08
0.99877954
1.28694e-06
0.00028338202
4.8902675e-05
0.99999475
0.0004746764
3.4151881e-09
0.3480802
1.2971581e-07
0.99999595
0.99999905
5.6663146e-05
5.2695887e-06
2.4180385e-06
0.9995051
9.936025e-08
1.3344854e-07
0.9505048
1.2586885e-05
1.3053277e-06
0.1522599
4.0629243e-07
0.00083094445
2.4059503e-07
1.2346827e-06
1.4296528e-07
0.4322685
0.022998918
0.00095931353
2.3715414e-05
0.005026427
0.00010664933
2.3759526e-07
6.614701e-05
5.449438e-07
0.0011157272
3.4615136e-05
3.8105047e-06
0.34737155
0.00022244667
4.5968777e-06
7.7438905e-10
0.0011077817
0.16369516
6.8744406e-08
2.2360556e-09
0.012851849
2.4180385e-06
7.021482e-08
2.6560105e-05
3.161431e-07
3.2913563e-06
7.908235e-09
9.652992e-10
0.9415234
2.6949765e-09
0.23490487
5.304229e-07
9.291667e-08
1.2158371e-07
8.1864435e-08
0.0028837398
8.862822e-06
0.00015951946
1.4069216e-11
0.05174706
0.002020546
0.0006307677
4.010513e-05
3.3169394e-09
2.5329925e-07
2.731553e-06
0.0022624873
1.6350689e-06
3.4013904e-06
2.7045976e-06
0.26938555
6.461223e-10
1.3254817e-06
2.4834403e-08
1.7272317e-08
1.3585952e-06
1.2971581e-07
0.036485184
0.99993074
0.0027788787
1.4596169e-07
5.279528e-06
9.711894e-08
0.00010159273
0.001077346
1.4918498e-07
0.020333502
2.3672177e-07
2.7230528e-05
9.938761e-06
0.0009832869
0.50728333
7.340422e-08
0.00012703444
0.9999989
3.2329302e-05
2.4554239e-09
6.461223e-10
1.6394144e-05
0.0005102915
0.999969
2.6789628e-06
3.1115564e-05
7.535206e-08
4.3718443e-05
0.9542317
0.995376
2.535153e-07
1.3705164e-07
1.04109176e-07
7.195082e-07
3.8065642e-07
6.4612354e-10
1.2112511e-06
5.554291e-07
0.9999921
0.0026122574
0.9985811
3.4160155e-09
2.4554239e-09
0.00013232723
0.021272156
9.955185e-08
0.9056556
4.058943e-07
6.283556e-08
0.9660374
1.0879128e-07
9.4422816e-05
7.7438905e-10
3.9102465e-06
2.5315822e-07
0.0010402036
2.6211605e-05
4.5968777e-06
5.260204e-06
0.06511428
0.0003727926
9.5018805e-11
0.91451997
0.0012192648
4.5798002e-05
3.6645822e-10
0.00022179206
2.6206306e-05
0.99877954
8.4117275e-08
9.974578e-06
0.0013871896
5.678718e-07
0.0037618792
3.4160155e-09
1.694462e-05
0.008714572
0.00013559188
2.71689e-07
5.9646086e-06
4.8753222e-08
0.9864932
2.0320576e-06
6.728574e-05
8.903282e-06
1.8466706e-07
1.6355025e-06
1.6567562e-08
2.9981504e-08
9.652992e-10
5.838601e-09
0.2921798
5.684066e-05
6.621997e-05
4.1984168e-07
0.993029
0.00016592958
0.03623917
8.230202e-08
2.0542616e-09
1.23557775e-05
9.712798e-09
4.7331992e-05
0.017028118
4.985388e-05
4.2907214e-08
2.9783507e-05
7.59225e-05
0.00019142235
0.0016002937
0.03623917
4.2299234e-06
1.5353763e-08
0.0017842792
1.1029052e-05
0.053153075
2.0701377e-08
5.6663146e-05
2.0875966e-07
0.00019666643
5.311556e-09
0.9926704
8.107256e-07
1.0620352e-06
1.838668e-11
0.0014182769
1.4024896e-08
0.118353546
2.344482e-06
0.0021670763
0.00022304177
0.0023079144
9.186689e-07
9.421547e-07
4.8986825e-05
2.6949765e-09
1.7658313e-05
0.96084857
1.0393137e-08
0.005419739
5.241363e-07
9.186689e-07
0.8152439
1.8967945e-07
8.107256e-07
1.1909895e-05
