0.9997033
0.9422
0.27034706
7.190491e-06
0.0001386015
4.2285045e-08
4.5760455e-05
3.6407502e-05
0.0021787104
0.0024512983
4.3733194e-06
9.470824e-07
0.114199206
1.2777286e-09
0.0015369079
3.845188e-06
8.00164e-05
0.0011472185
6.8870136e-08
9.482867e-06
8.028086e-06
9.968694e-08
4.2566435e-06
0.9226993
0.0042307656
1.8953579e-05
2.4138932e-05
2.6665175e-05
2.393519e-07
5.694495e-06
2.7664662e-05
0.06335848
1.0383831e-05
0.99116814
0.030645955
0.011538738
0.0025206136
0.00020994352
0.00041959988
0.0017142164
0.22231625
9.4045356e-07
3.536392e-08
6.112447e-08
1.9626773e-06
5.5743345e-05
0.21848108
0.008610613
0.00078968384
0.9998833
5.656569e-06
2.645762e-05
1.0431135e-05
0.22219616
0.00027013046
2.3761166e-05
2.670525e-06
2.6710342e-07
0.008674842
1.9683687e-07
0.00018526036
0.00011406744
1.6665452e-06
6.1178915e-05
1.9555038e-09
0.0010988619
0.0036810648
0.000232178
0.99997634
2.64335e-09
4.449093e-08
1.4707387e-08
0.005252001
0.0004465843
9.3503684e-07
4.9636896e-05
0.0010432379
6.694158e-07
0.0003655454
0.0077962372
2.5627065e-07
0.9997394
0.0009611749
2.1714468e-09
5.9129492e-05
0.95841414
5.394059e-09
0.006744702
0.0024792985
1.2777286e-09
0.9999998
7.6946336e-08
0.0017714755
0.01207052
1.6453569e-05
0.0003561959
0.011538738
0.18607838
3.8895942e-07
2.4784244e-08
1.2056945e-07
4.013648e-06
0.00035338115
3.365468e-06
1.251576e-05
0.9999664
0.76267594
3.1746538e-06
4.1032925e-07
1.1875406e-05
2.9325718e-06
9.0400204e-07
0.017743437
0.00011359873
0.0073958556
3.1665394e-07
0.33548206
0.122885324
0.0019072727
0.048857987
0.9950216
0.011377745
0.5311327
0.020051138
0.00022959404
3.3961844e-11
0.78839636
0.9733536
0.00038286817
0.0011472185
0.011213272
5.1472506e-07
0.9982209
0.0112441685
1.3097866e-09
6.441996e-07
1.488964e-05
2.0625996e-06
4.6449549e-07
4.419569e-06
0.01676115
4.549016e-09
0.00032521377
0.9999996
2.1528506e-06
1.1136297e-05
5.33375e-05
3.394407e-06
3.2150635e-06
6.8947543e-06
2.0178493e-05
0.005789837
0.06951671
0.999925
0.022730973
4.202922e-06
1.0216522e-06
3.62932e-06
0.0005464155
4.735223e-06
0.00067838177
5.3972366e-05
6.087223e-07
0.011538738
0.99899495
0.000720735
5.0886578e-05
0.19035324
0.06055975
3.536392e-08
1.9280465e-06
0.019833295
0.9011899
1.301036e-07
0.006744702
0.98600686
0.23452643
5.4211123e-06
0.026381306
1.8277126e-08
6.37109e-06
0.8091685
0.00010374167
3.305414e-06
2.31096e-06
2.292353e-06
0.53443635
0.25312385
1.4707387e-08
1.7012812e-06
1.8542568e-06
1.9766513e-07
0.011377745
0.02562502
2.31096e-06
7.006712e-08
0.08208825
0.00019554657
0.0010655589
0.18909712
0.9982209
3.8631882e-07
1.4900556e-06
5.5500334e-07
3.0754882e-07
5.780844e-05
3.414641e-09
0.017795028
0.37235352
1.6453569e-05
0.029358381
1.080726e-07
0.01045819
0.0022937942
1.0634638e-05
0.22219616
0.0010824136
1.8173316e-07
2.1096985e-05
7.529602e-07
1.7519442e-05
2.0952702e-05
0.0016506338
4.114714e-06
7.800049e-07
0.009010371
0.00019434543
2.7135884e-06
0.005860622
1.0282561e-06
0.9011899
5.137035e-05
0.4937064
1.6864595e-05
0.001954837
1.0627981e-06
0.99952245
0.8091685
2.6651904e-05
0.0003293718
0.0018497813
1.0250799e-06
0.00077588257
0.0045467312
0.8448731
0.040364027
0.0028408153
1.4246713e-07
5.345838e-06
0.3920999
0.029610302
1.9059334e-07
0.6361438
5.808108e-05
3.2129316e-07
0.99252653
0.0069803647
0.0012768334
0.00015335623
8.632146e-07
0.00054458686
0.00044031884
0.99252653
7.559956e-05
0.02961031
8.4036e-06
0.00044118814
5.3523272e-05
1.9210336e-06
0.05164843
1.674008e-07
1.7061677e-05
0.029070953
0.46368915
7.559956e-05
0.94641894
1.7395608e-06
0.013404309
2.1714468e-09
0.00017457912
0.97884995
1.04143936e-07
2.6734783e-06
0.99952245
0.00013577715
1.0063802e-05
1.5616528e-06
0.0013833749
0.027242014
1.9626773e-06
2.230157e-06
1.900008e-07
0.3920999
0.00085311354
2.9348548e-06
1.0
1.6435597e-07
0.0012488128
2.0625996e-06
0.9827401
