0.9999567
0.99990964
1.0
0.14203188
0.9944405
3.1341943e-07
0.0004535563
0.81979823
1.2820551e-08
1.5726805e-08
0.00068690255
0.0051939343
0.35612163
1.0608994e-06
3.1372576e-05
0.6952226
0.62991446
0.00011394981
0.050198015
0.99992096
0.032688268
1.596873e-06
5.479706e-07
1.6903551e-06
0.999854
0.0003622677
0.0001897129
0.0026808083
0.0019832815
4.121827e-06
1.1472927e-06
9.0830906e-07
1.4149781e-05
8.5662694e-05
0.781526
3.142354e-05
0.13446839
8.4118705e-07
1.12819386e-07
0.06212143
0.6785982
2.0830316e-06
1.8003184e-05
0.012915888
9.086057e-08
2.0936564e-05
2.77091e-05
0.002304487
0.10171673
2.957683e-05
7.6727465e-06
5.0353325e-08
0.014782331
0.6100305
2.3135635e-07
2.9827156e-06
0.036805473
3.553686e-05
8.2564526e-05
0.005401528
0.00010884615
5.931023e-06
0.00040649716
2.6086074e-05
3.6038796e-07
1.35522855e-08
2.4843157e-05
1.3877379e-07
6.706967e-05
0.0070966533
0.95482236
0.23342218
0.001195585
0.000119738244
0.94035155
0.14179756
0.0009742253
0.004426392
0.003963964
3.9605755e-05
3.262386e-07
7.630704e-05
2.5412336e-07
0.0002137
0.5216456
0.0068673766
9.618935e-06
1.4563716e-07
1.7824048e-05
5.52026e-05
0.08750028
1.0292537e-05
1.7361798e-06
2.8361674e-06
0.004076297
0.87949187
4.182575e-07
5.38572e-05
0.00023991367
6.7025658e-06
0.98586905
0.40571597
0.14394362
0.72396415
0.0024140992
6.0638507e-05
4.489047e-06
6.533067e-08
1.6903551e-06
0.00075961265
5.698916e-07
8.748081e-06
0.0049720537
0.00033996554
0.003875925
7.0184683e-07
0.010936008
9.525755e-05
0.09854222
4.0944545e-07
2.2935811e-07
1.0414389e-08
0.99999994
1.4466913e-05
0.013717087
5.982845e-08
0.00018920563
0.22008833
0.0037455417
0.99212337
6.708601e-07
3.9216516e-06
0.00859149
0.026073312
0.00039850702
0.01350337
0.03903654
2.0854863e-05
0.011206808
2.5532706e-06
1.1334793e-07
6.215527e-06
0.0051360964
0.00028241726
0.017063063
2.183656e-05
0.017063063
0.9989795
2.6278707e-05
3.3808985e-05
9.785247e-08
0.39766768
0.07321864
0.0019414001
8.3473495e-08
0.000119738244
0.035330813
0.00023864521
0.0043153823
2.0333991e-06
0.023809314
0.003963964
0.052852128
0.003967053
0.15151128
0.025681766
1.9628781e-07
0.10171673
0.06304496
5.009152e-06
0.01279659
0.023809314
0.00041922607
0.00088370405
1.8001674e-05
6.349972e-05
1.1393916e-05
0.99170625
1.0091278e-06
5.1560673e-05
1.3428398e-07
0.4575202
7.2405383e-06
0.0004635438
6.302031e-06
3.495782e-05
0.50399876
7.23408e-07
0.00030167983
0.00051151455
7.7074355e-06
0.0005134218
2.1552914e-05
3.1386617e-06
1.3632182e-06
7.173363e-07
0.00017185103
0.40320188
4.5545043e-05
8.660133e-05
3.1554746e-06
0.999993
0.99991786
0.5216456
1.101646e-05
0.53993106
1.11170906e-10
0.97424775
0.005780252
7.946848e-06
0.04721463
1.4602518e-06
0.00017193166
0.0005134218
0.99913555
0.9992458
4.1350872e-06
0.00030167983
3.0806508e-08
0.9988867
5.218106e-05
5.584763e-05
3.2278052e-07
0.0012521937
0.0071397056
0.2648126
3.7393164e-07
1.1472927e-06
3.6038796e-07
3.1414733e-05
0.0006299207
3.4848974e-05
1.973682e-08
0.999982
0.00023361693
2.3322136e-05
9.709596e-05
0.0012851941
0.00010884615
2.2935811e-07
0.31768072
3.853845e-07
0.99992687
1.7300232e-06
0.09081333
0.9968308
3.9089515e-05
0.0003678935
0.0029375246
2.2346841e-05
0.0004633576
0.023334518
0.0016016336
0.0043797162
1.1362543e-07
0.99568325
0.00067290704
0.0004635438
0.86252093
1.0301305e-05
0.13030559
1.3877379e-07
0.18128571
0.003875925
0.04412997
0.016989084
2.7998766e-07
6.643559e-05
1.3951824e-07
1.973682e-08
1.9596274e-07
0.00079575984
0.00022707065
0.99485916
0.002441313
1.8009733e-06
0.94524544
2.1356884e-05
2.3112723e-05
3.9463457e-06
0.00018333651
1.2915655e-06
4.2427684e-05
0.99980664
0.0008778441
3.1465792e-05
0.0066983784
8.1129045e-08
0.00043525014
2.0830316e-06
0.99998784
0.00053489424
1.02793294e-07
1.050633e-07
2.1206586e-06
0.9056302
2.3533116e-07
5.0576922e-08
0.015268618
5.1116924e-05
