1.0
5.0483628e-08
0.99999154
4.9926234e-07
1.04334205e-07
4.5258084e-06
0.0018277855
4.82308e-05
9.608015e-05
1.8147798e-08
0.76448953
1.592265e-07
0.09004981
0.25186
0.54415447
1.43373455e-08
0.0031006003
3.544504e-05
0.00014869605
0.00025684992
0.00010105185
7.2235644e-06
4.7227077e-06
1.9013936e-05
3.4267962e-09
0.00029400818
4.6254696e-05
1.8011551e-08
3.7002686e-05
1.9772406e-05
0.0010106273
2.0159199e-07
0.9963854
1.5312663e-07
0.0009982816
1.3213453e-07
0.00017361365
2.177349e-05
0.00030190134
4.661005e-07
0.0006337965
6.45015e-06
1.359165e-05
0.0001455701
2.3972134e-06
4.8229552e-08
1.693262e-08
0.0030201955
5.074408e-06
1.3762599e-06
0.99999374
0.52789634
0.0052196155
9.581152e-06
1.9689708e-08
7.548385e-06
1.7075681e-08
2.0154175e-08
0.006630655
1.0696346e-05
2.1033624e-05
0.00036470147
0.0013581159
0.0008590082
3.3540168e-06
0.00481775
0.024493653
9.642508e-07
6.957098e-05
1.2176328e-08
0.005165513
1.2325061e-05
4.252667e-06
6.05963e-07
0.00038812216
0.64670146
5.8278506e-06
1.0668149e-09
0.0023222642
0.0025986158
0.9999993
8.0746965e-08
4.7107108e-07
1.9693582e-07
0.99979967
2.8297995e-07
0.00017502814
2.17082e-06
0.99999374
0.0005237854
1.6818858e-07
0.024493653
4.198286e-09
0.99879074
0.00080644665
1.7462611e-06
5.703957e-10
4.5258084e-06
0.00092325936
4.8975416e-08
7.039637e-06
0.0033959956
0.00020161283
6.6597066e-09
2.7266938e-07
0.0074176085
1.606214e-06
0.00219497
0.23555087
0.00014116897
0.008518988
0.0076967143
6.4348915e-10
4.100005e-05
8.546342e-07
4.9793275e-08
0.9999234
1.0
0.11703744
0.999948
0.0056814365
0.01219693
5.325903e-07
1.0
0.008796629
0.040435832
0.00011196996
0.0011832296
8.260524e-08
1.03649145e-05
0.98744005
0.004821155
0.18654215
8.117987e-06
2.0460048e-07
3.2818454e-07
2.2511322e-06
1.4379446e-05
0.00059872214
0.00063892524
3.4416874e-07
4.2637453e-06
0.00030396375
1.5175372e-06
0.020667318
0.00025263077
4.983876e-05
4.528959e-05
3.2045802e-05
0.44261083
1.5630562e-09
0.035474077
3.0518572e-07
8.187629e-07
0.0005286912
3.1319636e-05
1.8939199e-08
0.26751563
9.913647e-06
5.074408e-06
0.012155046
2.8640871e-08
0.00035374114
0.0011832296
4.3788614e-06
0.001812972
6.1337574e-05
2.8845855e-08
0.9901773
0.00091769116
0.00024071056
8.083585e-06
1.4480011e-07
0.99999994
0.9367387
0.00014461437
0.00018220513
0.26751563
1.5378638e-06
3.721511e-06
0.14064908
1.8183735e-07
0.0015987107
1.6569321e-06
0.0019600117
0.0012399495
1.5881098e-07
0.0011087793
1.1738119e-05
1.0820366e-05
0.0022468497
1.3055829e-06
0.00010880183
1.924321e-08
1.7374019e-08
0.6843419
0.021842632
6.805764e-07
0.00927574
1.2625054e-07
0.99998707
0.0010805026
9.607255e-10
1.259039e-07
0.00021106833
0.00034952522
0.00040327123
2.6901407e-06
4.038868e-07
0.99894005
0.9383496
7.145342e-07
4.593774e-07
6.117176e-07
0.0005128075
8.945403e-05
8.358285e-07
0.6518649
2.7908338e-06
1.6886948e-05
0.009843268
6.718769e-07
0.0005969472
2.4468788e-08
6.294242e-05
1.9370568e-06
0.0040019257
0.0019013309
4.8975416e-08
1.6729865e-07
2.9954922e-06
0.52452475
1.7100863e-06
8.6660555e-07
0.0005128075
1.097096e-07
7.5573405e-09
0.00019713258
0.09294038
2.8351336e-05
1.0476266e-05
0.053716104
4.844483e-08
0.6467014
1.0525099e-06
3.5044486e-06
0.00011951331
8.040833e-05
4.3976517e-05
0.9999993
0.8852124
2.3856437e-06
7.518079e-07
3.639132e-06
0.01846357
0.00085406273
0.015932381
1.7103936e-05
0.00016056541
5.866992e-06
0.00072989694
5.1165106e-08
5.074408e-06
0.0035498736
0.00022558749
4.8500984e-05
4.8068345e-05
2.1570143e-06
0.00039367954
0.99748427
9.299185e-08
0.00017361365
5.4020534e-06
1.5596866e-06
0.99692154
2.097772e-06
6.453435e-06
4.1063202e-05
0.0067180204
2.657565e-07
0.0018536133
0.00021506914
0.0004984798
6.155918e-07
0.0038454891
2.702071e-06
8.987329e-08
5.8050737e-05
0.00034928106
0.3239033
3.6440144e-07
2.6089881e-05
6.167453e-07
0.003576722
2.438688e-05
1.0820376e-05
4.171688e-07
3.1230695e-06
2.177349e-05
6.368034e-06
