1.0
1.0
0.5236698
1.0
1.0
0.98290324
1.0
1.0
1.0
3.4175413e-05
1.6092561e-07
1.14509184e-07
0.014123648
0.9998298
4.733116e-09
2.2582797e-06
1.1118411e-09
0.013811365
1.1776455e-11
0.00024254528
0.00012511708
0.00023566416
0.0011503159
0.0007124416
7.631318e-08
3.2159664e-07
2.2187827e-08
1.4063938e-05
5.210543e-07
4.387674e-05
4.0095315e-06
1.1282681e-07
1.6264051e-11
0.004823963
7.153277e-06
1.8453714e-11
2.0246497e-07
3.746201e-10
4.4680164e-06
7.60545e-09
0.00011009912
1.2745558e-07
2.0020643e-09
4.1605826e-08
0.004239974
0.69178116
0.9989341
0.00019304635
0.21972248
5.869217e-09
0.0013458162
4.781e-11
0.001751441
2.673254e-06
2.126234e-08
4.5320217e-10
1.3737692e-05
0.0001226409
5.5237663e-09
6.407259e-05
0.00013296229
8.688434e-06
1.5894334e-10
2.7436437e-07
0.0007565738
3.1670733e-10
1.683026e-05
0.00024225039
1.0045515e-08
2.4506991e-12
5.3011143e-05
2.8528122e-08
5.2070535e-09
0.98678136
2.069629e-07
4.1349845e-06
0.51545036
5.3115463e-09
0.0016008081
0.00011009912
4.293861e-10
9.524853e-11
5.03582e-09
0.14818549
1.5856787e-10
9.125443e-09
3.5146706e-09
6.3275834e-06
1.8245402e-07
1.8815276e-11
7.58494e-08
2.7243097e-10
6.075114e-07
1.9128476e-07
1.776159e-08
0.0007294731
5.5267407e-08
8.8172314e-08
1.3186879e-09
7.0702768e-06
5.92819e-06
6.316568e-06
4.4253828e-10
9.125443e-09
0.22054642
1.5085418e-06
1.1065947e-06
3.6792285e-09
4.4790898e-08
4.8934517e-08
5.987742e-08
1.7256337e-09
2.3052531e-10
7.3065695e-07
0.00011253255
5.5405964e-09
6.22375e-08
1.6354319e-08
5.2865435e-08
4.5165516e-09
1.1920438e-06
1.667419e-10
2.4044547e-07
1.0040031e-09
3.230281e-07
7.3774182e-09
2.9706393e-06
2.2013151e-07
0.995395
4.9375164e-08
0.9845885
0.00033523695
2.8687124e-08
4.8496487e-09
0.0008586093
1.1282681e-07
4.1860226e-08
3.035078e-07
4.0808413e-08
1.8720925e-10
0.0013524817
0.00013296229
0.0008784554
1.3226279e-05
9.884404e-05
4.634354e-06
1.09394506e-07
2.1849239e-07
0.0017637593
0.94587207
4.4680164e-06
2.0832113e-07
0.011252113
2.7070103e-06
9.188011e-11
8.772239e-07
4.2653946e-07
1.0989575e-08
1.0223346e-06
4.7654394e-06
0.00074799196
6.6708177e-09
3.9241553e-07
4.2779e-12
2.3105217e-06
3.5775098e-09
0.0005288636
2.440632e-06
3.3868018e-06
0.0027335237
6.1779026e-10
1.0241007e-05
0.22054642
0.040189173
4.668554e-08
6.733336e-07
1.451369e-07
3.8225267e-08
3.9241553e-07
9.016152e-09
1.19188186e-07
1.8180837e-06
1.3897486e-06
2.450454e-10
2.3369726e-06
0.0076484685
3.6074688e-08
4.441683e-07
5.596882e-08
5.870023e-09
3.35725e-08
1.6271546e-05
2.2141225e-07
0.01889687
5.03582e-09
0.0008076487
6.6708177e-09
1.4776833e-06
0.13992877
3.4141946e-11
0.00012053488
0.00011853384
4.1543385e-07
0.00044184577
0.024307804
7.3065695e-07
1.1766123e-08
0.00012511708
1.3897486e-06
2.644068e-06
1.2422627e-05
2.5916558e-08
4.1039566e-06
2.2003741e-08
4.4983683e-09
2.2880957e-09
0.016316477
0.99831456
1.843341e-08
0.9610373
2.591112e-08
1.5973983e-07
0.0006347087
4.2881123e-07
1.3895928e-05
4.0622922e-10
3.086635e-06
0.00020373464
7.043987e-09
4.441683e-07
3.142389e-11
0.020061277
0.00011468377
5.120267e-09
4.228182e-08
5.5237663e-09
3.819828e-09
8.354606e-05
3.8849223e-05
2.440632e-06
1.2868022e-09
1.4884571e-05
1.6793917e-06
7.317155e-10
8.325255e-07
1.0962358e-06
1.6931099e-05
1.9494307e-06
8.019392e-09
1.041423e-08
2.2997642e-07
0.0001226409
0.4354274
5.3011143e-05
4.8028465e-10
7.042788e-10
0.0016077383
6.1752144e-06
1.9454803e-06
0.74266434
0.9911344
1.3884065e-09
4.857881e-07
0.0026125247
1.4620424e-09
0.5338278
0.0016008081
0.0019506838
6.965889e-06
0.0001439002
3.85313e-09
6.5118994e-10
1.7201474e-07
1.1001785e-07
1.7836503e-07
8.1294365e-06
8.511137e-05
6.3275834e-06
1.8658709e-07
1.0533137e-07
3.623445e-09
0.013861921
4.569908e-06
5.210543e-07
2.8418887e-07
0.9991802
3.1340484e-09
1.7738077e-05
3.2120775e-11
8.614882e-09
2.2728982e-06
0.9989341
0.00024254528
3.892111e-11
0.0001424457
0.000322305
1.4620424e-09
3.289168e-05
4.781e-11
0.4457079
