1.0
1.0
2.5699086e-08
1.4082404e-05
4.374459e-05
2.6318091e-06
0.5265884
3.5952762e-05
0.0001829143
0.00090158207
5.1460074e-06
0.06451455
0.0024601314
0.04605536
1.437033e-06
0.18029518
4.7647285e-05
0.002433656
3.5064528e-05
1.7825821e-06
2.0376978e-05
2.1446405e-07
9.0144516e-07
0.0036942603
0.997214
0.00030647297
7.4388122e-09
0.99304557
1.2949329e-05
0.19828068
0.0033449377
0.0001661899
0.00485334
5.6260663e-09
2.223931e-05
0.0014553491
1.0520684e-08
0.9996861
0.011631667
0.019961476
0.9999246
1.4175534e-07
0.0001195573
2.8577426e-05
0.032594215
1.229667e-07
5.7360514e-05
0.98532885
3.5386672e-06
0.0005395804
3.1316964e-07
4.1464497e-07
1.7952668e-07
4.443589e-08
0.0004101387
6.243677e-07
0.010584502
4.76136e-06
3.562362e-07
3.732483e-07
1.1657769e-10
0.01959433
0.00015212351
4.942218e-08
0.65784526
8.52888e-10
3.8913303e-08
0.39427233
0.020666843
1.528095e-06
0.93896365
0.00917038
3.8798684e-05
4.0061936e-05
0.0007181776
0.010428465
0.0051214932
0.0016954214
0.00060107437
1.4179063e-09
1.3400027e-06
0.0077034724
1.1029589e-05
0.052678946
2.8193185e-07
0.00085265114
0.9999999
4.743945e-05
2.4891214e-08
0.00040506377
0.009865797
6.4002694e-07
7.343277e-05
3.1673313e-05
0.00077000953
0.012591077
4.355424e-07
3.4290395e-05
0.043053523
0.0002048836
0.0002048836
0.9996414
7.106483e-06
0.24184272
0.00035570946
3.1222722e-08
0.99551296
3.6245998e-05
2.8450092e-08
5.699677e-07
0.99967766
1.3737669e-07
0.5706956
0.9999993
0.017251749
0.41811776
0.0001946336
0.0074428963
3.5403679e-07
6.7652294e-08
2.977703e-07
6.626526e-05
5.667924e-07
0.0045122253
0.0011024073
1.7652669e-08
2.3630794e-06
1.7884937e-05
5.1460074e-06
0.95264786
0.024675062
5.112266e-06
1.9663437e-06
0.8801121
0.0080801975
3.313327e-05
0.017251749
0.0023210514
0.0007227737
0.0013992551
0.0036942603
9.883291e-05
6.5340464e-05
0.9993519
2.8982826e-05
8.66157e-05
0.0001023709
0.083659165
0.040441077
0.0002986433
2.017046e-06
1.1774259e-06
3.592425e-08
4.0937042e-08
0.9545326
4.5153924e-06
0.00023591056
1.22530945e-08
0.0053521204
0.023402976
1.0
3.4342784e-06
0.010599649
5.8074613e-07
8.4051266e-07
1.3194187e-07
0.89507896
6.714464e-07
6.391144e-08
4.246742e-06
1.1257223e-05
1.2722144e-07
6.8989747e-09
0.93124247
0.0004670457
0.00047449637
3.2777604e-07
2.8723398e-06
0.4130627
9.472663e-06
4.7926023e-06
7.389379e-05
3.9281085e-06
2.8298233e-08
0.029646887
8.652003e-06
2.7389586e-07
0.00035570946
0.8893902
3.0835547e-08
1.2869767e-06
0.0001023709
0.020958671
8.160986e-05
0.013452875
0.81166714
0.9983994
2.3113532e-08
3.4342784e-06
1.6452313e-07
0.0025167682
0.82040507
0.00024807372
7.389379e-05
0.974363
5.9493946e-06
4.815735e-05
3.2297206e-07
4.2170676e-08
8.626509e-07
6.639188e-07
7.6120505e-06
0.0022708902
4.3551017e-06
6.972348e-05
0.00029134064
0.00019777044
0.008279722
4.7064987e-07
4.8083322e-08
2.4655486e-07
7.4388122e-09
0.00034272415
7.8869765e-05
0.007731795
0.30606976
1.2377209e-06
0.19214623
5.353777e-09
0.0023579665
1.9161525e-05
5.5338783e-06
0.9999476
0.0004362302
0.9999999
0.0024226082
0.9733776
2.266964e-11
0.040775467
2.1136715e-07
1.806266e-06
3.0739973e-06
7.918078e-06
0.0033449377
0.0023432705
0.00020790608
0.25423154
4.867307e-05
0.0027834864
2.1424116e-08
3.6245998e-05
1.3962126e-07
1.5584254e-05
0.018442975
6.391144e-08
0.9907249
6.1532315e-05
3.654992e-06
0.007533678
0.015322706
1.47515e-07
0.98532885
2.8193185e-07
0.010584502
4.2527276e-06
0.059452534
6.714464e-07
3.2718865e-05
0.0006601545
0.0009722345
7.8869765e-05
1.7790357e-05
5.7619815e-07
2.6049722e-08
1.47011915e-05
0.9833682
7.339565e-06
0.0005484351
0.00917038
0.4098017
0.0023058283
0.011631667
0.002123816
0.00012973433
0.96743214
4.1464497e-07
0.011914079
0.0004932234
7.596747e-10
0.016499367
0.00029134064
0.0076570073
0.99995214
2.294356e-05
2.2730296e-07
7.531831e-06
0.00075439777
0.99994963
1.3914824e-05
0.112378664
