0.99999976
1.0
1.0
1.0
1.0
0.7736331
1.1598651e-08
3.5915934e-06
7.575305e-06
0.004457004
3.0666683e-06
1.3661443e-08
2.294621e-05
8.9831774e-05
0.00013080734
0.8845429
4.6476935e-06
2.9993348e-07
4.398847e-06
0.00017722508
3.880132e-07
3.164909e-07
0.00055883644
0.948921
6.1271294e-06
5.557604e-06
0.0017080259
0.067659885
2.8800669e-06
0.32550585
0.00013591445
0.0018789459
8.696003e-06
8.5784695e-06
2.9140103e-06
5.2049904e-07
0.000116715055
2.6445018e-06
1.9956722e-07
1.7291857e-05
4.9745788e-05
0.004931937
0.00021924693
8.954391e-08
1.1249046e-05
0.99995035
0.00011920032
2.8929028e-06
3.1646807e-05
6.6620482e-06
1.3481284e-08
0.9999977
0.00045821548
2.2663058e-05
2.2082738e-06
6.7907466e-09
5.0456075e-09
8.240753e-05
2.264592e-06
2.168172e-10
5.3291435e-05
0.9999812
0.00020873794
0.0022439973
6.052943e-05
0.00084146846
7.1922127e-06
0.14485823
4.905307e-05
1.416262e-05
7.5302714e-10
0.46299234
1.723957e-08
3.5432127e-05
6.9917334e-08
0.0031523518
0.0036595839
0.0010226815
4.425582e-07
3.8212092e-05
3.1829643e-07
1.3952263e-09
1.5704808e-07
6.350941e-05
0.00039899055
0.6674806
1.9725437e-06
2.294621e-05
0.0012318845
1.4337764e-05
0.0015136366
1.360855e-07
0.00012224031
1.995862e-08
2.3391524e-07
0.014587842
0.016814962
3.1331757e-09
0.0010480214
7.0452387e-07
1.8909745e-08
4.411955e-06
2.8738057e-06
9.103609e-07
0.00043804495
5.255212e-07
4.4919835e-07
0.016814962
4.3509317e-08
1.5677662e-07
1.01278365e-05
6.483806e-09
0.6660056
0.9666544
3.3687393e-05
0.0026459466
6.483358e-10
1.2633537e-06
6.9420616e-07
0.00020121472
0.010018261
0.9998458
1.3507725e-06
3.880132e-07
6.325113e-07
4.420693e-07
4.1163796e-07
3.4684929e-06
3.6275683e-08
1.1900687e-08
9.650506e-06
2.6896507e-06
0.040905442
0.0010480214
3.2176435e-05
1.7021382e-07
1.2800248e-05
9.926285e-09
2.1733224e-06
0.0015136366
1.1997594e-08
3.6285008e-05
3.7449408e-07
2.9425156e-09
0.00046284066
9.144295e-09
0.008936004
6.4125494e-08
2.613523e-06
0.0011228111
1.1400507e-08
3.4667487e-08
0.03727694
4.8822835e-07
0.03226805
8.1117956e-05
1.21423045e-05
3.164909e-07
6.811232e-06
0.019095328
3.4625195e-08
3.9959455e-06
2.1993226e-06
2.9425156e-09
3.4684929e-06
3.4905097e-06
1.381493e-05
0.01360291
0.98490775
8.1178786e-07
7.692122e-09
3.3619987e-08
0.00028940963
5.266551e-10
0.067189485
8.006036e-05
6.635568e-08
0.000112654096
0.72209823
1.194313e-05
0.6660056
3.0281846e-08
1.9560364e-05
0.00078057236
0.0048257927
6.405353e-05
8.908987e-09
3.4508216e-06
4.425582e-07
0.0022736976
0.0045912866
8.954391e-08
7.213681e-07
0.00015078837
0.0019286483
0.00010243818
6.1760815e-08
1.428933e-07
1.6196662e-05
0.98998433
2.8243667e-06
1.4342548e-07
1.7174311e-06
2.2931349e-07
0.0028139346
4.9745788e-05
0.22240263
4.9745788e-05
3.0666683e-06
1.0292165e-06
0.45894134
0.08942314
6.9420616e-07
0.0011622732
0.9999961
7.766411e-08
0.32673556
0.0007952645
5.850411e-05
1.6659382e-06
0.00020873794
0.0039998624
2.1151308e-08
2.9425156e-09
3.3037748e-09
0.017659744
2.2478569e-05
6.1728644e-09
0.010514942
0.00022067894
1.1885373e-06
5.24938e-05
6.815908e-09
8.790867e-06
0.0038355521
9.937276e-08
7.5849675e-07
1.1400507e-08
1.2261719e-06
4.756992e-05
2.945187e-06
0.00032412485
3.825627e-07
9.908232e-05
1.9488917e-08
4.3797927e-06
0.0031447085
6.7633077e-06
1.6434156e-05
0.9991366
6.054505e-06
1.2082596e-05
0.0038442272
0.33385342
0.045073967
2.3391524e-07
0.007232812
4.5863234e-07
0.92571044
1.7604306e-06
0.0461405
4.2962296e-07
1.9636434e-06
0.0022112993
0.0001592368
7.123237e-07
2.1234139e-07
3.955072e-06
0.0038442272
0.99287516
7.8220165e-07
0.0065684733
9.363718e-07
0.51662546
3.067205e-05
0.00010743231
8.423925e-06
4.5290022e-07
0.00027186936
0.0011983806
2.8162415e-07
1.416262e-05
6.160834e-08
2.9377622e-07
0.46609896
1.7285078e-07
0.00012942395
3.5463287e-07
5.3291435e-05
0.08942314
3.7729955e-05
6.3949855e-08
0.00010743231
0.81802976
4.435403e-06
5.4278753e-05
0.8388739
2.5331423e-07
0.9972434
0.99611294
