1.0
1.0
5.91611e-08
6.4223906e-07
5.4056095e-06
1.8028963e-06
0.00023273675
2.6166729e-06
0.3896715
0.10042338
0.9999985
9.777891e-09
2.9114608e-07
2.246477e-05
3.6192791e-06
2.5407978e-06
3.3534556e-07
0.017728334
0.77398336
0.0021099197
0.008366421
0.0014005863
3.908827e-07
1.0517437e-07
0.0024458752
0.0021550048
5.866041e-08
1.2811826e-05
0.00021188111
0.95889276
1.0822273e-08
7.044218e-07
1.3853281e-08
0.00073948305
0.05901837
8.6221e-07
0.0227788
0.00038918146
6.088913e-10
0.0014948437
1.4267314e-06
6.5130916e-07
2.3451985e-05
4.9619004e-05
3.5508474e-06
0.0031986574
9.319208e-06
2.9283245e-07
3.3804515e-06
3.242763e-08
1.5193154e-06
0.99963254
3.0465426e-05
0.00032506994
3.679234e-05
0.050208475
9.981556e-08
1.2276743e-06
2.9635098e-07
0.35249346
1.4833855e-05
2.8793585e-07
0.0032359418
2.6030735e-09
0.0009918318
0.015960447
3.565541e-09
0.9351102
0.013518763
0.000333308
0.0006200378
0.99879956
0.00087056105
0.00010130608
0.001815064
0.9845889
0.3481922
6.5568242e-06
0.00026579254
0.9074631
1.4608617e-07
0.9999871
0.0006810725
1.6456362e-07
3.3253648e-06
0.12767614
0.0059131454
1.3057984e-06
0.004786321
5.7692516e-05
3.7184102e-06
1.7672142e-05
0.00014310423
2.0350528e-07
0.00860141
8.202117e-05
4.379208e-06
3.8875572e-05
0.007988592
5.691006e-09
1.5704074e-06
0.0025010232
7.136326e-07
0.016675012
0.00022155132
0.0041082962
1.2360916e-05
9.319208e-06
1.4455756e-07
4.051077e-08
5.282661e-06
0.00035933784
1.0517457e-07
5.2683627e-06
1.7968776e-05
0.00063915824
0.025343394
0.45078877
2.9396392e-06
0.00048635554
0.71542746
1.7934804e-07
2.6197462e-05
0.000632926
1.2161912e-06
2.0406031e-07
0.0041204877
1.2028944e-07
0.0033144415
0.84615105
0.0014727294
0.9845889
9.704913e-08
0.024318103
0.04180045
3.7311e-09
1.00651775e-07
0.9991373
0.9999901
7.7353994e-05
0.00024278498
7.9795726e-08
0.0023468325
0.0010769361
0.0006835597
0.000283595
1.3568912e-06
0.058387507
6.5491484e-05
0.99868417
6.6430516e-07
3.3253648e-06
5.096292e-05
0.11729044
6.1246305e-07
1.078189e-08
0.011054943
0.00015257181
3.2513162e-07
0.99999887
0.0014727294
6.676115e-08
0.0026971071
7.032003e-08
3.240332e-06
1.4775065e-05
1.495966e-09
0.12767614
0.0042126263
0.0006095042
5.4165315e-07
2.3631853e-06
0.00080892915
0.008122273
0.4710538
2.9635098e-07
4.1317548e-05
1.9032555e-08
0.0007597314
5.147917e-06
7.538355e-08
0.0006095042
2.270535e-05
6.5130916e-07
0.000119246244
4.0171752e-08
0.0010714807
8.938468e-06
4.0783238e-10
0.00032506962
0.0011636795
3.4412253e-05
0.0002994824
0.06645533
0.00018635739
0.95463234
4.313009e-06
0.00020535415
8.056005e-08
3.9207887e-07
0.00036898005
2.3318366e-06
0.012608863
1.9359527e-06
0.00036998358
1.3519979e-05
9.617895e-07
0.9943087
6.887401e-07
3.8947235e-08
4.6817345e-06
1.0292194e-06
0.0011487659
1.0179934e-06
3.1161857e-05
2.5628205e-08
0.0074588927
9.785113e-07
3.5134271e-06
2.8134843e-06
1.6135964e-05
2.5985517e-05
0.009038879
0.005002154
7.468741e-07
3.6726852e-10
4.974287e-06
5.096292e-05
0.4114752
5.6586885e-08
0.17299856
0.6147202
2.6632959e-08
6.6645625e-05
0.0006835597
6.943214e-07
2.6573701e-07
0.0003320302
2.0747515e-11
0.0037358354
0.0014672462
3.0714978e-06
0.9919172
0.17584369
0.0017244887
6.112526e-09
0.5876541
2.5814247e-06
0.00029339324
8.234533e-09
3.8070637e-05
0.9383657
3.4675736e-06
0.00080892915
0.07118031
2.1159205e-05
7.6051885e-09
5.690726e-08
6.7791934e-06
8.5368765e-07
4.7840545e-06
3.9060265e-05
2.1409352e-05
0.99999887
0.0028231067
0.00025177302
2.799129e-05
0.9774438
5.893481e-09
1.9837948e-06
8.94751e-05
0.35249346
0.99191934
0.00010130608
2.6025544e-05
0.13720271
7.2985256e-07
0.00025562424
2.6450314e-06
6.3596865e-08
0.012608863
2.3304064e-07
3.908827e-07
0.99916965
0.000110040455
5.135267e-10
3.8875572e-05
1.0
9.165904e-05
5.147917e-06
0.100989826
3.4700216e-09
4.789712e-09
7.7353994e-05
0.88713896
9.576236e-08
2.9395236e-05
1.2497467e-06
8.9427765e-10
0.0004725422
