0.120558895
0.99492216
6.9240707e-07
0.768708
0.00059735216
0.0008028525
0.99999565
0.99999803
5.8463822e-08
6.532888e-06
1.958052e-06
4.981113e-06
0.9999663
0.9730549
0.9999999
3.6544648e-08
0.00069479994
0.16555402
5.7583242e-05
0.9999446
0.000112204245
9.242878e-09
0.0004498327
8.053899e-07
0.016332926
2.0958523e-06
3.5558315e-07
0.0008251022
5.0168975e-08
6.844167e-06
1.9494512e-06
5.088043e-09
0.0012254829
3.847217e-05
0.38275445
0.0055837445
0.0152752595
4.898868e-06
0.007525015
0.003908199
5.5858546e-08
0.00019555849
1.2352303e-06
4.672047e-06
4.6630405e-10
1.7059798e-06
0.041184023
2.4002752e-08
5.4723125e-05
0.00024510082
2.0291574e-07
0.0008251022
0.0004498327
0.034703176
2.0958523e-06
9.786545e-05
3.2021237e-08
8.520444e-05
0.91338956
1.9589709e-06
1.1476993e-07
1.7897521e-07
8.272656e-05
0.009747563
2.6733629e-08
1.413888e-06
1.9494512e-06
1.2352502e-05
2.2060523e-05
2.0972453e-05
8.4725594e-05
2.7648523e-05
2.2925124e-05
4.4068333e-06
0.9730549
0.0013303288
0.0019072137
3.480869e-07
1.2352303e-06
0.0016480905
9.944058e-05
0.0564879
0.0010723614
4.981113e-06
3.0053587e-05
0.0019044644
6.004727e-07
2.4556313e-08
3.195559e-05
2.7756087e-06
1.6972963e-06
8.3947384e-08
2.4165195e-06
1.5196516e-06
1.3269702e-05
0.041548062
0.0055498276
7.669783e-08
4.778628e-07
0.05383325
0.0032156636
1.0642465e-06
2.7174268e-11
2.062598e-08
1.7740467e-07
0.000412059
1.4499883e-05
1.4218008e-06
1.1029945e-06
6.108682e-08
7.568392e-07
1.0277369e-07
5.2814215e-09
0.99824286
4.4310713e-08
0.0074611837
0.99998575
1.0757866e-06
0.00024521325
6.972449e-06
1.4854324e-08
8.840537e-05
7.8613564e-05
0.07131713
1.1687882e-08
0.7503482
5.836049e-06
3.9226e-05
1.8973253e-05
0.00031509457
0.00066009094
0.00013672479
0.010159655
1.0967775e-06
0.99999464
5.2127845e-05
2.626856e-05
0.0048590563
3.5977052e-07
0.00044527274
0.34109637
0.19166388
0.0006309857
2.8904185e-07
6.001577e-08
0.0019185863
0.0020778852
6.114707e-05
0.00026206087
5.569044e-09
0.00033293295
0.003619793
3.7881853e-06
1.1204823e-09
3.8738493e-05
6.598376e-06
1.0544112e-07
8.5483475e-07
2.1183594e-05
0.07988417
5.958525e-06
0.3633125
0.024963235
6.5476115e-07
0.9341558
3.166082e-06
0.9999663
1.8973253e-05
7.1142764e-05
0.9961714
0.99999464
5.0344178e-09
0.9956406
0.00019555198
5.7606957e-08
2.34186e-07
6.123378e-05
3.484726e-06
0.00039654382
3.7387506e-09
8.815176e-09
3.959321e-06
0.0004099704
3.1818445e-07
8.374203e-05
0.0024301938
1.1239974e-05
6.844167e-06
1.7510442e-09
3.3868552e-08
1.3434216e-06
2.2892891e-07
1.5077514e-08
2.2925124e-05
0.00022059225
0.00010120943
4.210395e-09
0.312131
0.013569717
3.6544648e-08
3.7594986e-11
0.010108835
1.2107567e-06
7.3911525e-07
7.96999e-08
0.0041015474
3.5061003e-09
0.000117158845
0.7072384
2.4089672e-07
0.00086272653
1.7969266e-07
3.096666e-05
2.3900927e-07
1.2822512e-07
1.5467346e-06
0.022083458
4.8362243e-05
0.004661283
0.003475574
0.98969984
8.236771e-06
0.00019749002
1.8590326e-07
1.0078505e-06
0.0016149723
0.008834152
0.00033410048
0.00070138054
0.0015795602
6.1255594e-07
1.940631e-06
1.7315881e-07
2.1585642e-08
1.5371673e-06
4.0923996e-06
0.0012567185
1.5450289e-05
0.05299845
5.4481156e-05
4.8717742e-05
0.0006260957
2.6888115e-08
0.040697142
3.1250836e-06
1.9464978e-05
8.390278e-05
0.031028919
0.029762324
0.9791391
0.17229179
0.0014525481
4.3535423e-05
3.1830191e-07
0.00026052925
2.585299e-10
0.00018602221
2.2534772e-09
1.1563943e-05
6.354012e-08
1.8718285e-06
0.0028800645
3.8586624e-08
0.99999934
1.9568068e-08
7.768544e-08
4.5456654e-05
0.8894517
8.9107246e-08
1.3268244e-09
0.004537906
1.229725e-06
6.598376e-06
6.322691e-06
0.99774694
0.25536162
8.88652e-06
0.9999962
0.00013954424
0.59079206
1.4043137e-10
0.91961646
3.6640202e-07
4.0758472e-08
5.8463822e-08
0.99999934
0.9916208
9.135216e-05
1.7059798e-06
4.777978e-05
1.0326387e-05
0.19622344
1.1688577e-05
0.0008691305
3.6550166e-05
5.083699e-07
3.7089456e-05
5.1883086e-07
7.734672e-08
2.626856e-05
