0.9990767
0.969774
1.0
2.2292877e-10
5.0606817e-05
4.7819653e-06
1.0644449e-09
3.594872e-08
6.270255e-05
1.4664167e-08
0.98737675
3.066962e-07
5.5452692e-05
7.527744e-10
0.42042083
0.16842315
5.555331e-05
3.1317202e-07
1.5454356e-09
7.968271e-07
1.4292771e-10
1.1440221e-07
2.625138e-05
1.5331966e-07
0.015541663
3.0232299e-05
0.13747565
4.5572165e-07
0.00024410477
0.6201376
1.0769787e-05
5.844821e-08
2.2728823e-07
2.69506e-08
9.3790695e-05
8.0150284e-07
2.210633e-09
1.8050724e-08
0.0001289021
0.00053939765
6.539811e-08
1.9240338e-09
2.5461582e-06
8.7886036e-08
0.00013929854
1.0965843e-05
1.14975834e-10
0.0017785565
3.2309384e-09
0.0027105296
3.4052623e-09
6.844506e-08
1.6670873e-07
2.6222457e-05
0.00013510224
3.691933e-08
1.5498219e-05
0.0006689847
3.5927062e-07
1.8546654e-05
1.3035492e-08
8.664385e-09
0.18493
1.493821e-10
0.62020177
4.3106215e-08
7.7610435e-10
0.98737675
0.00015857346
0.044107076
6.159912e-10
2.0839474e-05
2.4645287e-06
0.00028011747
0.013136692
7.3507726e-06
4.8351358e-05
4.259246e-09
5.825678e-08
5.118851e-09
9.0184095e-08
2.9784633e-08
0.00035627774
1.4697446e-10
3.7931586e-05
5.7430298e-05
3.2616183e-05
3.1001364e-09
6.473098e-06
3.4628644e-11
8.267006e-11
0.99999994
9.996139e-05
2.2493329e-07
1.7629251e-08
2.245545e-08
4.9136162e-08
3.2163423e-06
2.0630168e-10
6.497055e-08
1.9572996e-08
1.104217e-07
1.1279083e-06
2.6390442e-08
2.8729135e-05
1.3151018e-08
3.036618e-07
1.34211e-07
1.1070002e-08
0.9999981
3.535109e-09
0.00011201396
0.13618656
2.488591e-06
1.510944e-08
3.809147e-09
5.841714e-05
4.3034177e-07
0.02628735
2.0706833e-07
4.5848886e-08
5.224294e-06
2.534307e-07
0.9919483
0.0057238196
4.6901167e-08
2.0734144e-11
3.3254167e-08
1.1586849e-05
4.9634755e-11
1.6002085e-09
1.2053289e-07
2.9116465e-05
6.603385e-08
5.3479926e-08
4.9881743e-05
3.1020544e-08
6.0827987e-09
0.99988973
3.8745314e-09
1.0949282e-11
0.97259146
5.783207e-09
7.142188e-05
6.53917e-05
1.434173e-05
2.919312e-06
2.9885564e-07
7.0085434e-08
2.4133567e-07
1.633178e-08
4.246988e-09
7.504033e-05
0.0030697729
8.518865e-10
8.358502e-08
4.0544452e-09
2.0071951e-07
1.2459454e-07
4.6329743e-07
1.3207259e-05
2.0059707e-09
0.0011128623
5.2088634e-08
2.9784633e-08
3.1944073e-05
2.4889584e-07
0.0015867868
0.00021591174
5.5033567e-08
1.8246877e-06
1.0840746e-07
4.7060183e-07
1.104217e-07
1.330862e-09
2.0207014e-09
9.321876e-09
3.7455887e-09
3.3501678e-06
1.8546654e-05
1.4759567e-06
6.473098e-06
6.718461e-07
5.144674e-08
2.0231384e-07
9.709241e-09
0.49684256
1.3815852e-05
8.7226056e-08
1.6670873e-07
1.2055128e-07
7.8403456e-10
0.9998595
0.0005799927
2.483845e-10
2.1869197e-05
1.8246877e-06
3.6684233e-09
7.672674e-06
4.9371865e-05
0.011040044
1.0738385e-07
5.4875087e-05
1.2459454e-07
0.9871959
1.2198097e-10
0.009964284
0.048433885
0.2847045
1.3402804e-08
4.8351358e-05
1.2380805e-07
1.2198097e-10
3.830407e-09
4.4611066e-09
6.270255e-05
1.8306817e-08
8.6778876e-11
0.08604269
1.40269685e-05
2.5616006e-05
9.0184095e-08
2.5714726e-08
8.474806e-05
1.3759553e-09
4.7237023e-08
3.020562e-07
2.5635597e-06
5.2926724e-10
8.380874e-05
4.5546088e-08
1.3236398e-05
4.20487e-06
6.103794e-11
4.7819653e-06
3.6684233e-09
3.5889165e-09
0.9999586
0.15243508
0.08112163
9.999067e-08
2.9875696e-06
0.00014885352
1.3906758e-08
1.2349615e-09
3.6998155e-11
9.15408e-10
0.00034495955
8.18767e-10
1.3044794e-08
1.8182037e-07
3.87312e-09
0.10111401
0.9158791
2.4497087e-08
1.0615253e-09
5.664744e-09
0.00034579012
3.904143e-06
5.843584e-07
1.3082842e-08
3.4622693e-07
3.0622086e-06
0.39486417
5.4843554e-06
4.9371865e-05
1.6254668e-07
1.1800614e-05
5.1792704e-06
0.00036307017
9.321876e-09
4.9190923e-08
2.8278539e-08
0.00032523018
0.0014770045
7.716827e-08
2.3933574e-06
0.0020868261
0.5568151
1.7824407e-08
1.2371169e-08
0.9990326
6.4677983e-09
0.011931785
2.1817443e-07
0.000174198
3.4900655e-10
3.172445e-08
0.0020868261
0.9999981
7.047051e-09
1.961433e-08
4.4297426e-06
0.987548
0.99989784
7.37017e-07
4.1282477e-10
0.63131404
0.015254064
2.7323842e-06
