0.8709672
0.9999578
6.0445477e-06
8.883307e-07
2.9590672e-07
0.03606
0.99999833
4.6695249e-07
1.9705543e-05
2.3188854e-06
1.5457488e-08
1.2639005e-09
0.074020684
1.8325387e-06
4.9179955e-05
5.763729e-08
0.9502907
0.0073178653
1.6480282e-05
7.7145006e-07
0.00023900841
1.0882601e-06
3.584202e-05
0.045625586
2.246552e-05
4.554393e-06
0.08033925
1.0988887e-07
6.747498e-08
0.024193771
0.011170496
3.7720884e-08
0.00094800425
0.03809858
9.161203e-07
2.0555563e-08
0.16899692
6.88995e-06
0.0026920394
4.5806987e-06
0.99936014
2.5380625e-05
1.266249e-08
1.071363e-07
9.10961e-07
0.9965467
2.1853268e-05
0.000644377
3.7046938e-08
0.013507131
0.00020524043
4.0708705e-06
8.2453196e-05
0.48020628
0.6438545
9.140877e-06
0.0034599886
5.6674166e-06
6.356321e-07
0.0021092463
7.6565686e-07
0.6409854
1.5922727e-07
5.0528575e-07
0.089249045
1.3426779e-08
0.9999837
4.0847767e-06
0.2900616
0.054996688
1.5922727e-07
0.0003689493
2.192744e-05
1.8490621e-09
1.9560739e-05
1.4832319e-09
2.1791002e-06
0.00026797675
0.0048114485
0.6372251
0.000103365346
2.9850786e-05
2.4469815e-05
2.9672701e-06
5.0758146e-05
0.88336533
1.0883379e-06
3.2052714e-07
4.1477256e-06
1.3903582e-07
0.0039296304
0.00025335583
1.763142e-05
1.7764316e-05
7.001502e-08
0.4349392
1.5922727e-07
0.9999872
3.915878e-08
0.045625586
0.00046538273
9.571298e-06
0.00042843953
0.9988047
1.1483323e-05
0.0012656811
3.88976e-05
1.327922e-07
8.31068e-06
0.035148405
0.9948277
1.4893673e-05
4.2745387e-06
0.00037413003
0.07332199
1.0
0.057541978
1.6266085e-05
4.4300457e-05
1.163592e-06
0.0002913484
0.00041704017
4.276864e-08
0.00022607326
5.536677e-09
0.00010375621
0.01755827
7.991535e-06
9.602754e-07
0.09105011
2.3349891e-07
0.045625586
8.915451e-05
0.99866694
0.00010522849
0.0065059983
1.9744695e-07
0.00077390176
0.99992555
3.5807716e-05
4.8170807e-07
0.95044005
0.00018270618
0.007986279
2.4644242e-08
0.0002814136
0.00074083667
0.052492164
6.3861758e-06
6.632557e-05
1.0
0.99990684
7.210016e-05
0.9971883
7.170245e-08
0.0005757243
0.00043806082
0.0019712162
2.9013736e-10
4.5925168e-07
1.80077e-05
0.00017063621
0.99265265
2.5341661e-08
0.006696263
2.089811e-08
1.799927e-05
2.8864602e-07
2.0900839e-06
0.49682483
0.0097475955
5.8487412e-06
8.788717e-05
0.0026862845
0.9999801
0.0007865124
1.6355667e-05
0.1987028
4.0505172e-05
2.3349891e-07
4.6695249e-07
1.2220044e-06
0.018221868
0.6107389
1.1623426e-05
1.1013816e-07
3.4742882e-08
2.9731293e-05
0.0005422945
0.000226312
0.0011794841
0.98946923
5.395368e-07
0.9928441
9.1890695e-05
0.17329198
4.5806987e-06
6.0989423e-06
0.09617593
0.9999883
1.00948006e-08
0.99042165
1.6227707e-05
6.2942735e-07
2.9582641e-05
8.883307e-07
0.00018270618
0.00022244774
0.99992555
1.6232208e-06
4.254679e-06
2.975e-06
0.00021307985
0.0005093922
3.5785833e-05
0.99936014
0.00516261
4.8868665e-06
0.43899754
0.9982678
4.2280618e-07
0.36355826
0.007928072
0.96811634
0.0010894721
0.0076717604
0.0001531322
0.004111296
3.3814638e-06
0.031441156
0.01105851
0.65888315
0.017008446
0.9999995
1.4444703e-07
1.1899029e-08
3.250707e-06
0.00017063621
0.9963984
1.1641986e-11
4.7697404e-06
6.4884354e-08
0.007986279
3.1136473e-09
0.56177545
1.8542978e-07
0.7924707
0.06390325
3.068469e-05
0.999999
0.0051872125
1.0110332e-06
1.1914405e-08
0.035148405
0.99999994
0.999991
0.007910262
1.9971809e-05
3.9104765e-05
0.0045683878
0.37473565
2.8882742e-08
7.181561e-09
1.7865407e-06
0.089192584
0.9992163
0.0036098354
1.9432928e-05
0.0016549896
0.0011794841
2.9320741e-08
0.00060796295
0.9836149
2.0191737e-05
1.31812e-06
0.000103365346
0.00023900841
3.5564865e-06
2.0972733e-05
2.8214588e-08
2.2402205e-06
2.2820037e-08
1.5641724e-08
2.2303443e-06
1.5192403e-05
0.00016352409
0.06241877
1.15342374e-07
1.5375865e-07
1.016892e-05
0.002016766
3.567333e-06
0.013810047
3.2898909e-06
0.0001873762
2.5129522e-05
4.4432563e-06
2.417026e-07
1.253896e-07
0.99990684
