0.98905915
0.99929136
3.103069e-10
1.145455e-10
3.5778527e-08
8.009215e-08
0.008475123
8.984977e-09
2.5436825e-07
9.854961e-08
4.2228837e-07
2.267181e-06
4.3918015e-05
4.723487e-06
1.9301785e-10
0.0151361795
2.2485515e-10
0.9940572
6.2128596e-09
0.0003615644
0.00025089143
1.0230527e-11
0.005048683
1.8283244e-10
0.0020720756
3.969359e-08
1.0936233e-08
0.999969
0.00011862181
2.1355338e-07
2.187209e-09
7.488252e-09
1.46479815e-08
7.2560358e-09
1.6649433e-10
0.0014151488
1.3073731e-09
7.2560358e-09
0.025792759
3.285518e-10
4.1005896e-07
9.5235585e-08
8.2290725e-08
1.5533429e-10
0.00025056343
3.5778191e-07
4.9163652e-11
2.5692796e-06
3.736137e-07
0.9670871
9.980147e-08
0.00014027693
3.26624e-07
2.862229e-09
1.7782902e-09
8.358239e-10
4.361991e-05
1.9486046e-09
7.935497e-08
1.4606847e-07
1.4975361e-09
2.438025e-10
0.07654533
2.7919287e-09
3.5920375e-10
0.99997735
2.7996253e-07
0.00029662915
2.8551426e-07
5.935998e-10
3.054053e-09
6.8840257e-07
0.53905445
1.5654372e-09
9.1927745e-08
7.820698e-08
3.6763365e-10
3.6888682e-06
2.320142e-06
1.1302299e-08
1.8576345e-09
3.4644565e-11
1.9990476e-07
3.8271186e-10
1.3860174e-06
4.5462897e-10
1.2611498e-10
2.4724787e-09
2.5447688e-08
1.1834222e-09
0.00025056343
1.2253473e-07
0.9521295
1.0436077e-13
8.726383e-08
1.9381827e-05
3.8624066e-06
6.546451e-12
0.22333418
2.9935658e-09
2.694636e-10
1.4833146e-08
2.3156275e-05
1.32883315e-05
4.097415e-08
0.0002316798
1.07476675e-11
1.6528801e-08
2.5700222e-06
2.4086642e-11
0.008475123
2.4625764e-09
1.6788035e-05
3.34446e-06
1.4210243e-05
1.27932435e-05
6.396761e-10
4.889692e-06
6.8291705e-08
0.94217396
0.0001944253
2.7360496e-05
2.1235307e-08
1.5654372e-09
1.8919131e-07
0.007975172
0.0030153994
9.2100055e-07
2.544201e-08
0.001191965
8.7002745e-06
9.215066e-07
1.1080796e-08
4.978521e-07
3.188395e-06
0.12489976
2.1355338e-07
3.1643225e-12
0.00016724273
1.17312995e-08
0.6032023
6.1011004e-05
2.4086642e-11
0.28370193
3.6264875e-05
0.5235324
3.508281e-09
0.0014151488
3.62527e-09
0.00010728898
2.7446084e-10
0.1295308
8.697667e-07
2.3228953e-05
2.9102498e-08
2.4797093e-09
3.236267e-09
0.17343432
1.07476675e-11
1.1018303e-09
1.411862e-08
2.1906243e-09
1.9990476e-07
2.535406e-10
4.9618527e-09
3.6475083e-08
9.7000644e-05
2.1670442e-07
1.2769014e-11
1.1769557e-08
3.2034295e-09
3.6940744e-08
1.9422382e-08
6.83177e-06
0.9994866
3.654207e-08
2.2989295e-06
4.5479425e-07
1.336285e-09
4.429649e-05
0.8563023
7.654369e-11
3.8250848e-05
2.6363776e-05
2.697151e-06
2.6363776e-05
4.812406e-08
5.00178e-09
4.4085314e-06
1.2724868e-10
0.015489018
3.840512e-06
2.580253e-07
2.9835662e-06
2.729856e-09
4.6349755e-14
5.939367e-07
0.00020999959
7.4288726e-09
3.508281e-09
2.4608398e-05
4.2343115e-10
2.7360496e-05
7.953984e-08
4.1797435e-08
1.2263882e-05
7.261965e-08
1.14400205e-08
3.732975e-11
1.7107276e-11
1.3033241e-10
1.0661339e-08
1.4694202e-06
6.5867534e-05
0.0005570225
1.698992e-11
0.0025850013
2.193775e-05
6.4126965e-08
1.0862966e-09
6.6204675e-10
8.700793e-11
5.750768e-05
3.7123435e-10
4.0553132e-08
7.2443156e-11
2.5802555e-07
0.99999595
0.00076980225
0.38476562
7.152591e-10
1.2641457e-10
7.007764e-13
3.5788816e-09
1.0487806e-08
1.2713678e-11
0.99095947
8.085466e-09
1.773827e-11
0.0026441289
5.8117027e-09
8.2607094e-09
3.8271186e-10
2.1948051e-06
0.008234715
1.9492411e-08
0.0033228446
1.8795494e-07
1.3104731e-10
0.9283027
1.3025214e-05
1.5104685e-12
4.4036738e-06
5.206107e-10
0.38476562
3.2294026e-10
1.4235102e-09
0.9995012
0.0036098817
1.4729367e-12
2.3106632e-10
8.005433e-06
2.4724787e-09
0.9681299
1.679159e-08
4.1642443e-11
1.3461499e-08
2.0424296e-11
1.17312995e-08
4.0403815e-08
9.783152e-09
1.9301785e-10
2.550202e-11
6.5879685e-10
0.17343432
1.0736455e-08
0.93015975
4.4496446e-08
0.7125276
0.00070636824
4.0696992e-07
0.031189429
1.4549952e-10
0.99928623
1.4840553e-09
0.28370193
2.2989295e-06
2.7202507e-09
5.4533574e-12
6.961753e-08
8.582085e-08
5.01077e-11
0.999988
0.62902147
5.0187253e-08
0.0088118175
1.0957321e-08
1.7421376e-05
2.4332831e-09
2.1433832e-09
