0.9858937
0.99999994
0.99999225
0.99954075
0.9999982
0.96229327
0.99785346
1.0
0.9998027
0.66918397
3.887488e-07
1.2657712e-05
4.691612e-06
1.6260452e-07
5.0694147e-09
0.0002729789
0.001111287
0.00012067679
2.1645542e-06
0.99976325
6.5619955e-05
0.000102941005
6.9778107e-06
1.5856824e-07
0.0053199716
3.9930018e-07
1.6905384e-08
6.797851e-08
0.001983067
0.7832864
7.3363005e-10
0.0019684443
2.0061565e-05
0.31508067
0.00020674807
0.0029570844
4.994001e-09
0.669339
2.6691447e-07
1.9525623e-05
6.0640934e-05
2.466452e-06
0.00020099305
1.9372212e-08
3.547201e-08
0.010769342
0.99433285
0.9977981
0.14995232
0.00050150114
6.654733e-06
1.8900944e-05
0.00010311824
1.4270993e-08
0.0011748441
6.2526456e-10
8.908683e-06
2.915284e-07
0.001111287
0.04186399
0.0039669024
8.709425e-05
9.989161e-06
8.2347935e-07
4.9793347e-09
3.5788085e-05
1.6301926e-09
0.067458205
9.9960154e-05
0.0002853963
1.345777e-05
0.0005647329
9.9960154e-05
8.212577e-08
0.9639181
9.202863e-05
1.5264112e-07
0.99999774
0.38719544
2.5250868e-06
9.0504955e-08
0.789333
0.06798592
6.2031525e-08
1.24319895e-05
0.00012067679
6.2642633e-09
5.4818486e-08
0.002038133
0.9984765
2.2077325e-06
2.4989386e-09
0.004551082
9.0058675e-06
0.8106447
0.44836444
0.0054833167
1.6905384e-08
0.99981165
4.5321434e-07
0.99998164
0.0053328024
0.0002673867
1.1709012e-08
0.0017650073
4.9922764e-05
0.07970517
7.989173e-06
1.294251e-06
0.04526316
2.3923509e-05
0.0032292
1.1061822e-05
1.3227726e-07
3.7869675e-08
0.72692096
0.5659817
0.2757764
0.9375835
0.001111287
1.7387484e-07
1.4767712e-05
4.4013044e-07
7.330649e-07
0.000100889716
9.208845e-06
1.9345927e-05
0.00010253395
2.0294904e-07
0.9999853
0.0022652596
1.2284718e-05
3.9381437e-05
1.2235214e-05
1.4405787e-06
6.4746135e-05
1.1709012e-08
0.04006594
2.5492827e-07
0.00016687014
4.824151e-08
6.797851e-08
0.058154676
0.99433285
1.7527451e-09
0.0023291758
0.0102607645
0.00037323232
0.99433285
0.0014707448
0.000120592595
0.48863643
9.6406045e-05
8.009903e-08
0.0016682555
0.019217724
8.312717e-06
0.0055014994
7.162727e-08
5.3841217e-07
3.2321726e-08
4.945546e-05
5.9322e-07
2.82621e-07
0.9975867
0.99999774
8.709425e-05
0.0013307388
0.003457944
4.170655e-09
5.3699686e-08
2.1028718e-06
2.1668555e-08
1.8255894e-06
0.00011841984
0.048712995
0.00021676115
0.0015267514
5.0518145e-05
3.6162257e-06
0.10410677
0.00033575046
1.5862616e-07
1.2578413e-07
1.22910135e-08
1.345777e-05
0.014381626
2.7872266e-08
0.21264525
1.5622247e-06
9.077133e-06
2.4941482e-09
0.25677863
1.5594915e-07
0.00038925046
0.31367382
0.03497454
8.932146e-06
2.466452e-06
1.1985837e-08
5.113857e-05
0.0019684443
0.019553216
0.0045655114
0.00069627207
3.1593197e-06
1.0811154e-05
2.499744e-05
0.0011502409
0.8106447
0.98687804
0.9933581
4.76136e-06
2.55686e-06
0.0016694393
0.0017476426
2.7641865e-06
5.4594744e-05
0.0008195532
6.2172454e-09
0.10013088
0.0015267514
0.010374901
0.001306149
9.077133e-06
4.6959e-07
5.3549356e-11
0.0015487743
1.5245232e-05
0.00011841984
0.04186399
0.006626316
4.6836903e-06
1.5878486e-05
0.007231826
0.821599
9.0503113e-07
1.5264112e-07
6.5619955e-05
2.9794576e-06
2.4903403e-07
0.005253297
2.2503407e-05
0.00041655108
0.00012535365
0.004551082
5.7564176e-07
5.5374894e-06
5.894189e-09
2.7925585e-08
0.10076541
1.4505271e-08
6.2031525e-08
0.9983478
0.03834177
2.4175868e-06
2.3028328e-05
5.0902768e-06
0.8610087
9.8803675e-06
0.0005601536
1.9075896e-06
1.4058917e-07
8.776489e-05
0.043622434
0.00028127656
2.065893e-06
0.00018652022
0.9574867
8.442284e-05
5.1770185e-06
0.027855583
0.15437448
4.1431136e-07
2.091666e-07
0.014651898
0.3363702
0.00016780052
1.3165323e-08
5.3130733e-10
0.018170329
0.031884864
0.00080282113
0.0059246067
0.00050150114
1.95602e-07
2.9710757e-06
4.1431136e-07
0.010353421
0.006451262
2.5250868e-06
3.577796e-06
6.028918e-08
7.2175413e-07
7.3363005e-10
5.067812e-08
2.8079035e-06
0.22033143
2.0251782e-06
2.156999e-09
