0.1378799
1.2029766e-08
2.797218e-06
7.404021e-07
0.0026391617
3.4180182e-08
3.7838092e-06
1.1459413e-08
9.800747e-07
0.015581381
2.0696467e-07
7.1135338e-09
0.04579994
0.00020982907
1.0368349e-06
0.013085001
7.0386304e-05
4.6809593e-05
8.134132e-08
0.0036065748
4.2736465e-05
4.9764412e-06
5.0947077e-05
7.2856324e-07
1.2584532e-07
8.506632e-06
6.621067e-08
1.145011e-07
0.00021029172
0.0033697162
2.541503e-06
4.2720818e-05
0.0010380978
1.1495604e-11
1.0253403e-07
1.9208692e-09
6.443522e-06
5.2842654e-07
0.00020982907
4.641031e-08
0.0002093786
0.005108538
0.004207681
0.0006107876
0.001133725
1.5315966e-09
7.086462e-05
0.99995273
1.346998e-07
3.7020843e-06
0.0008026257
1.0368349e-06
3.0623235e-07
3.5686978e-09
3.823205e-06
2.1100215e-08
6.873012e-08
1.0898481e-06
8.071355e-08
0.0015321173
1.2836599e-06
2.6233147e-09
0.0013511813
1.4424241e-08
2.3277125e-09
0.00012196646
0.99951494
7.506215e-07
0.015581381
7.902086e-06
2.0669684e-09
1.9780875e-05
1.8226427e-07
4.4525996e-07
5.0078205e-07
3.1644913e-06
4.2825872e-07
0.008922374
5.9976635e-08
1.661535e-05
3.854734e-06
2.8994436e-05
0.00018224926
5.299152e-12
2.6412785e-09
5.007816e-07
0.041400753
5.6583767e-06
3.9365746e-09
5.1602456e-10
0.094879836
0.99999875
6.803007e-10
2.5831264e-07
1.1961994e-08
2.0051798e-06
0.974011
4.9561134e-08
2.4363228e-06
4.9293214e-07
0.5630452
0.0068099145
3.2110044e-08
3.4577856e-06
7.4002764e-06
0.00013386206
6.671123e-09
6.15684e-08
2.1514985e-05
0.00024327762
1.1700277e-09
1.4330724e-06
4.5002027e-10
1.8654207e-07
7.786687e-06
2.0621907e-10
2.8179795e-06
1.1933645e-08
0.0008928197
0.05384459
2.7904645e-09
0.0011875888
1.7226507e-06
0.060314007
4.875597e-07
0.009275249
4.6842324e-05
3.2904118e-06
3.775509e-11
0.00024526846
0.0016458153
7.4071714e-08
0.00092747156
0.11891598
0.0011207968
1.5285676e-05
7.427111e-07
3.5577286e-09
0.9999988
2.6130197e-06
6.724705e-08
0.0008804456
0.00018415575
3.5577286e-09
0.0033678575
0.9991844
0.00016616088
4.346304e-05
5.702983e-08
0.00036327826
2.1583439e-05
3.7685866e-05
3.3771855e-08
3.2905165e-05
9.38351e-07
0.00251388
0.00013113492
1.781143e-07
6.849808e-07
0.9967427
3.940421e-09
0.0018399416
0.00020764083
0.015807891
0.99964046
0.998862
2.436196e-08
1.4292827e-10
0.000181763
0.9998962
3.1957326e-05
1.353694e-08
0.0071663028
2.025652e-07
0.0005073671
3.2321665e-08
0.00016630275
1.2798397e-07
2.1269707e-05
0.022965282
3.4668924e-06
6.332303e-05
0.0001313766
0.032534935
8.212198e-09
0.99939436
0.99850667
0.06408119
1.1985666e-05
0.6242909
2.2792013e-09
9.321429e-06
0.0052411556
2.54746e-06
1.2029766e-08
4.9293214e-07
0.0006790468
1.9798674e-06
2.5210053e-05
2.4544968e-09
0.0012558462
0.0013036024
0.015239288
0.5838307
0.07274483
0.00013551886
1.5979666e-07
0.0041107475
6.576775e-08
2.7008596e-08
2.5829465e-06
0.00017111002
0.0006951675
0.5838307
9.595498e-05
3.4304213e-07
5.9245338e-08
0.000318207
0.0006662291
0.0058519463
8.11465e-05
1.378961e-09
9.124164e-06
0.1302909
1.4701614e-07
0.013790188
6.2646244e-08
2.8323942e-07
9.573165e-07
0.0007569481
2.4220567e-06
1.5998101e-07
1.2583884e-05
0.79688454
0.9999903
1.2918694e-07
8.195583e-08
0.0020455616
7.710075e-06
2.3091763e-08
2.3069841e-08
7.526403e-06
1.3981827e-10
0.001776997
6.4774664e-05
4.638739e-05
0.25768182
0.050169703
7.020679e-05
9.287731e-07
0.0020716074
1.6013648e-05
4.9576497e-06
0.115893714
0.0020443986
0.0054146238
0.0003430909
1.00724755e-07
0.016497154
7.559293e-05
1.9195984e-05
2.116217e-07
0.9999988
7.9642444e-07
3.4787377e-08
0.000115172545
0.00080356316
2.271199e-09
2.4220567e-06
4.013266e-07
0.8807669
3.3865166e-07
0.051964134
8.496039e-05
2.570929e-07
0.9994689
1.396555e-06
0.0002394137
3.9957467e-05
1.572648e-06
2.766444e-07
0.027843287
0.028285613
7.650875e-07
0.015807891
0.0015942962
5.6804197e-06
0.99997425
3.7559964e-06
0.040726416
0.0008804456
0.00015111757
3.0558258e-08
2.5428184e-08
1.7226507e-06
0.9999999
6.332303e-05
0.00017515302
3.406644e-05
0.23602615
