0.9999983
1.4273655e-06
5.480623e-09
1.5215056e-08
0.025447132
2.6183045e-10
1.4106116e-10
5.227319e-06
1.9370704e-07
3.3792674e-07
0.00050180213
6.6168206e-05
7.626008e-06
3.0651425e-08
1.7602504e-08
3.1502284e-10
0.05566484
0.003249636
1.5056973e-11
1.5005183e-09
1.7562568e-06
3.0172132e-05
0.09544339
1.6907254e-08
0.99996084
1.8693896e-08
1.4027256e-07
3.8470565e-09
5.480623e-09
5.398652e-07
1.6759033e-10
1.6686438e-10
8.800795e-09
2.525768e-07
0.98761743
7.157599e-10
2.0809628e-06
0.004273137
1.1046678e-07
0.00012657158
3.8286995e-08
6.028687e-06
3.3790781e-09
4.191309e-09
3.928993e-08
1.1847767e-06
9.253069e-10
3.8714046e-10
6.967677e-08
0.00018101705
5.389084e-08
4.283344e-09
3.1609554e-05
1.0829958e-07
0.00022860387
7.772721e-09
3.947171e-05
0.9972116
0.01032825
0.99996084
1.9042729e-07
0.61520815
4.3140187e-08
4.8723825e-09
6.663889e-07
5.667697e-08
6.5847853e-06
9.075461e-05
0.00017437848
0.00010656332
1.5283166e-09
2.0654207e-08
1.8807697e-05
1.7881663e-05
1.536861e-05
0.00012221339
5.346657e-07
5.682196e-10
2.6773533e-08
0.9502331
2.3658945e-08
2.8835458e-08
9.747902e-11
1.37792044e-08
1.05996635e-11
3.985924e-06
0.45097288
2.4475453e-06
0.99965936
0.025623068
3.0837324e-05
1.2489743e-07
3.856093e-09
8.496585e-10
6.0586935e-08
2.6183045e-10
3.831158e-06
0.16785417
0.009878432
0.00012130071
0.00057219964
9.735073e-07
2.1399776e-08
7.0249717e-10
1.7454436e-06
4.880607e-08
4.8994614e-10
0.004587978
1.9096544e-09
0.026897224
4.389356e-05
0.0003742818
4.8520515e-10
1.4265e-06
2.5583378e-07
7.245154e-07
3.6243492e-07
2.7870917e-07
1.548922e-07
1.1992485e-07
6.902518e-07
0.00024731798
8.800795e-09
1.7957868e-08
6.3318745e-05
1.6624688e-06
6.2876265e-10
0.6851787
3.978508e-08
2.9302596e-10
4.848398e-07
6.80203e-05
0.00331309
1.8807697e-05
3.1936334e-08
4.601738e-11
0.0046428023
0.0014733003
0.007272975
4.808709e-07
0.000114177245
1.3457824e-06
0.90426743
4.3712553e-06
8.6576314e-08
0.0003459088
0.18572888
0.0038808822
1.5094431e-05
0.0010035994
1.4265e-06
1.1790772e-11
5.671263e-09
0.052475493
2.1098364e-08
5.2233594e-07
8.249361e-08
7.3591415e-05
6.6968266e-07
3.5251497e-07
0.02656249
3.0264962e-07
1.7280678e-09
5.9721054e-07
5.9523744e-12
0.06569489
1.4807925e-06
3.1609554e-05
0.9999536
5.292183e-07
6.902518e-07
0.00049406604
5.956668e-08
3.4026732e-05
4.760182e-05
0.00018162043
1.954224e-06
0.0029993367
1.6916807e-06
0.9769697
7.723532e-05
2.8441955e-06
0.002660747
6.2775064e-07
2.0194348e-08
5.292183e-07
1.5881684e-08
7.350099e-13
1.143954e-08
0.0007545448
1.0372364e-06
1.13816306e-07
6.49871e-10
2.453461e-10
4.3494552e-07
5.8096967e-09
9.075461e-05
1.069419e-06
0.97139394
2.6208437e-07
0.00012874622
3.1998633e-09
0.038727373
0.0003645282
7.4352197e-10
6.61362e-07
0.0088241445
6.2187637e-09
3.02338e-10
2.0006823e-09
0.06244068
1.1787332e-07
0.983582
0.3505392
0.7825704
4.312174e-09
6.232778e-08
4.9912987e-06
0.00032765427
3.2394212e-10
2.2702734e-08
2.7870917e-07
1.1614943e-06
1.5094431e-05
1.7538461e-08
9.277779e-09
1.2703305e-07
1.6542018e-08
4.697216e-08
5.9721054e-07
0.00035632326
3.9666878e-07
3.878814e-05
0.0039116824
5.9257372e-06
1.6542018e-08
0.9599954
7.0668384e-06
7.1203017e-06
1.548922e-07
1.1785149e-05
4.4155284e-05
3.3938309e-06
6.1115584e-09
0.099674486
7.3294544e-08
6.37591e-06
2.9392916e-06
0.7346901
7.4114254e-08
1.5884234e-07
4.974586e-06
6.316173e-07
9.7633965e-06
6.915696e-08
6.1975747e-06
0.0003668944
1.0768576e-11
0.037269164
3.2457066e-09
2.4574244e-06
2.0100248e-05
0.99999964
1.0175605e-06
1.2179132e-07
1.5341857e-05
5.611886e-06
8.6191403e-07
1.7108803e-08
5.62911e-05
2.2134004e-07
1.7751766e-08
3.9616702e-06
7.950388e-07
4.4315368e-07
1.0677563e-07
3.3729986e-05
4.5699524e-11
7.612125e-09
2.8948986e-07
0.9999599
0.092312425
5.0648003e-05
1.3098744e-06
0.0011880961
0.9999362
1.0960518e-06
8.225993e-06
7.4114254e-08
3.9465004e-08
0.0022419621
0.61520815
1.2746598e-08
1.1860695e-07
1.7922365e-10
1.7172466e-05
1.5884234e-07
2.0928505e-08
0.994515
0.99423295
