0.9971517
0.9991377
1.0
2.0961616e-05
0.19947468
0.0925044
0.00037013704
0.0025702738
0.9999981
5.207332e-06
0.018838752
0.9999981
0.0011338973
8.141665e-06
0.0013463193
0.92799175
6.2063003e-07
0.24187617
3.5121553e-05
0.00030642562
0.0073951134
0.00029423082
0.026023738
0.0091984905
8.141665e-06
4.9815004e-05
0.9031034
1.4335836e-05
0.0722407
0.21877912
0.9927724
0.015341307
9.789241e-06
0.93844503
0.00017837263
0.014608269
0.00013478054
0.21877912
0.0021048067
0.9669858
2.8707582e-05
0.014635888
0.99777865
0.0715171
1.1642002e-06
0.99992055
0.0002720275
0.05567166
2.3190823e-06
3.6807306e-09
6.1880735e-07
0.034262266
0.54987264
0.5344382
0.9999382
0.03608084
3.6691222e-06
0.00084698846
0.6489504
1.4355358e-05
0.016613794
0.99776906
0.008550441
0.0010450658
5.847938e-06
9.216037e-05
0.003698784
0.99960196
0.82948345
0.9999898
2.1231864e-08
0.85489947
0.00011423845
0.011353153
0.0032220953
0.00082634104
0.9996251
7.075159e-05
0.0566405
8.164042e-06
0.010714905
0.042622443
0.06645692
0.39624557
0.00016031759
4.145264e-05
0.9999462
4.3151602e-05
1.0
9.401475e-06
7.402567e-08
0.0010030326
8.6476975e-06
0.78963715
1.4029814e-06
0.006108849
5.663623e-07
0.0073951134
0.9839849
0.00023322167
0.018121488
1.4355358e-05
0.002181832
9.8041615e-05
3.096973e-05
7.3250095e-07
0.0040799496
1.12473945e-05
0.0056709433
0.020430844
0.98437274
0.0014956461
0.0018319251
2.3985361e-08
0.99984133
0.0024870087
0.9999877
0.31862935
0.012384076
6.1880735e-07
0.064171016
0.00077041064
0.9999732
0.00011474546
0.00019981523
4.2803026e-06
4.0042887e-06
0.09200649
0.9987549
4.518692e-06
5.452658e-06
0.98280895
0.029810444
0.022326909
0.53831184
1.5151309e-06
0.0053747627
7.2148005e-06
2.9423676e-05
0.46990678
1.8969164e-05
0.204579
0.9645115
0.41231635
0.99995226
0.00031678283
0.973087
3.1055598e-07
0.00037512448
0.00010282387
0.8573354
1.7984308e-05
0.57631373
0.98888826
0.00039247255
0.00053133717
0.99999326
0.006810853
6.509419e-05
6.3000203e-07
0.36305022
0.45705056
1.9056923e-05
0.018838752
0.9597973
8.9688314e-05
0.007982631
2.485524e-09
0.009525761
0.0062461942
0.9998324
0.06903854
1.3895856e-06
3.5279888e-06
6.5867134e-06
0.009343811
0.973087
0.7823432
0.00018780728
0.9597973
0.00021979217
0.8998981
2.0689197e-06
0.049238563
0.07286886
0.9999975
0.00026151177
0.00017707779
3.4821867e-05
0.00042509343
0.9999998
0.6661948
1.1642002e-06
1.9959547e-05
0.62783587
0.00049108436
0.97963744
0.00484159
0.09509583
0.00036654132
0.7330409
0.0002502168
0.0012877757
3.2562934e-07
1.5181422e-06
0.0009148429
0.0414927
0.3892935
0.006810853
0.90233636
6.636645e-05
7.708935e-06
0.9999981
0.001216913
0.015326361
0.8674112
8.164042e-06
0.9998625
1.0
1.3811557e-05
0.77303785
6.690696e-05
0.9984936
0.00012255136
4.8102473e-09
6.1503493e-07
4.5187007e-06
0.99999887
0.0004234195
0.0046461355
0.00053133717
0.99610233
0.031168802
0.34547934
0.999893
0.0014301375
3.4704517e-06
0.027161142
2.8568368e-07
0.0016836581
7.26364e-07
0.00034231562
2.1782267e-07
0.00077490945
0.99999124
0.02375248
0.5368129
0.00083595485
0.000604637
5.3875072e-05
2.3138497e-08
0.00015013588
0.204579
6.211503e-06
0.9732717
0.15570757
0.0062393015
1.4029814e-06
0.6488695
0.07121483
0.9837937
0.0566405
0.00013745303
0.0012011771
0.104683176
0.002853751
0.01081194
0.43099964
1.0943892e-05
0.005291936
0.00439442
0.9910831
6.423787e-07
0.027161142
0.0011734884
0.3892935
0.0005881055
0.026023738
0.0070737386
0.18216316
0.027702238
0.034262266
0.9999975
0.017011851
6.8897825e-05
0.0011590587
0.009552368
0.005521378
0.0102227675
0.008488573
2.9423676e-05
0.006841817
0.22259839
0.00059022533
0.53831184
1.8009497e-07
0.0026113794
0.002307313
0.9006486
2.4074843e-06
