1.0
1.0
2.8133613e-07
2.3228731e-05
5.09166e-06
1.3559414e-07
0.0006988235
1.0430657e-05
9.672712e-06
0.0002851178
7.8796096e-05
0.019935748
0.0007694935
3.9467486e-06
7.6353496e-07
0.00021227926
1.4598896e-05
7.5092504e-07
0.9999959
4.8620197e-10
3.5683635e-07
0.85861695
1.7384845e-06
4.9017763e-05
5.746501e-07
0.46638528
2.736815e-06
0.002463178
0.053472638
0.9999987
2.4784228e-07
1.6351812e-06
9.384008e-05
0.0061432403
4.5900515e-07
0.120624825
1.707528e-07
0.0010773106
3.1506574e-06
0.9999971
0.9999959
0.13582367
0.010784959
1.483959e-07
5.19926e-07
4.063277e-07
0.029833347
0.0001410027
2.2197102e-05
0.9811272
1.1232206e-06
3.4172626e-07
2.710722e-08
0.0002307112
1.8040005e-06
6.377803e-05
1.0064022e-06
8.207296e-09
0.0010607243
0.0007592154
7.747713e-05
3.9664787e-06
2.5669985e-08
7.3511233e-06
0.00015629799
4.2324406e-09
0.0002165932
5.1647164e-10
3.546619e-08
4.065234e-08
3.7371987e-07
1.0099538e-06
1.5798288e-07
0.0013571493
2.0210955e-06
0.0002851178
2.3480397e-06
6.833718e-06
3.7371987e-07
2.536659e-05
6.652619e-05
0.0003047173
0.0001746622
1.271175e-07
0.9972513
4.688051e-08
0.00084006926
1.2638719e-06
5.491686e-08
1.2334677e-07
1.7271905e-10
0.036238644
1.3268703e-06
1.1787461e-06
5.5170053e-06
0.00059753295
0.9874592
2.7139398e-08
0.0005639365
0.06071064
7.113028e-10
0.000115465926
7.580494e-06
5.8669336e-09
1.1162805e-06
7.373679e-08
0.99997663
0.018225074
0.05325404
0.99999994
1.9495612e-05
6.5457975e-06
0.00069340883
3.303893e-05
6.9241037e-06
0.9061495
0.001493207
1.6504472e-06
4.6128443e-07
0.00091378967
0.3302702
0.99572986
3.837177e-06
2.4842977e-08
1.5100214e-09
0.9999811
3.8749883e-07
4.8219023e-05
7.30826e-06
3.104932e-07
0.0068281507
2.8611062e-06
3.8892827e-07
0.00035084205
7.682925e-06
0.22845404
5.3071917e-06
1.1201847e-06
0.0029772427
0.00015629799
0.13582367
0.99892145
0.0007310556
5.3071917e-06
4.7154666e-05
0.014186464
0.026495535
2.2942952e-06
1.8410998e-07
9.384008e-05
0.004415646
1.0994842e-07
1.9902517e-07
3.279152e-07
0.0006373956
0.0006336192
0.0004288684
3.6420138e-06
2.9780885e-08
6.7744045e-06
1.6831436e-06
1.5327845e-06
0.46638528
5.395878e-05
0.9999971
0.0026611974
3.882008e-05
0.99959856
0.0004356262
3.7371987e-07
9.83056e-11
0.00062438013
0.14533897
1.2147759e-06
0.00039267636
0.17569202
2.7616514e-08
0.0047171423
4.6633635e-09
7.097e-09
0.41018492
1.7025424e-06
3.8892827e-07
4.437034e-08
3.2208354e-09
0.0043843803
1.9812426e-06
2.0732095e-06
8.950958e-05
0.55483496
0.99242854
1.2488992e-07
1.6604707e-07
0.0041416744
0.08138218
2.3964784e-08
1.1854642e-05
4.164958e-07
1.6510643e-07
3.4737986e-05
5.2555755e-09
8.067966e-06
1.0285802e-07
4.5900515e-07
6.0342183e-05
3.6952201e-06
1.2216606e-06
1.8084037e-07
2.6782113e-08
0.0020326376
2.9453363e-07
0.00020793066
1.16785046e-07
3.1506574e-06
0.0051221494
5.387735e-06
6.7821195e-05
4.661395e-05
2.223934e-06
1.3271057e-06
5.6455588e-06
0.50348085
3.5067087e-06
1.3550321e-08
9.763667e-06
1.13359965e-05
0.0014973618
0.98160857
0.36785236
7.5497475e-05
0.005023666
1.7042044e-07
3.199319e-05
0.00037003175
0.9459839
9.510126e-05
6.463925e-06
1.7033055e-06
0.00013048544
2.1583664e-05
3.2013855e-07
0.99069107
0.0020326376
0.9752686
0.025907395
5.746501e-07
5.0769624e-09
0.99638975
0.90807915
3.2013855e-07
1.0070665e-05
7.113028e-10
5.175065e-07
1.9610214e-08
5.103605e-06
0.00052684254
7.0029164e-06
1.0146766e-08
0.00045405768
2.7630426e-06
9.067071e-06
0.014254551
2.9676445e-07
1.498151e-05
0.00015672317
9.92911e-08
1.4574023e-05
4.8620197e-10
1.4879555e-06
2.5640438e-07
0.15488313
1.4518086e-08
0.08287157
1.6915357e-07
0.00036505365
0.053275395
0.00060194463
0.00010420538
3.0097824e-11
0.7313637
0.02179535
6.231108e-07
1.6367102e-06
0.20174928
2.4011943e-05
0.7689964
0.0621873
1.1254095e-07
0.95208764
2.1494145e-06
0.008086112
0.003972683
0.00026268273
0.00077678065
0.02179535
0.00019601623
0.27768552
4.9077904e-08
5.083474e-09
0.6152473
