0.00014349598
0.2136338
0.0069489363
1.0743645e-06
2.1897732e-08
0.2144468
0.0012561405
8.119886e-08
3.0594736e-06
0.0017844985
1.1875059e-09
0.011288787
0.001422573
1.29374835e-11
0.0015930269
9.3368595e-07
2.204743e-08
0.0012583847
5.2512695e-07
2.0033765e-05
0.0034918862
6.236183e-06
0.060850933
2.0269816e-05
5.4400135e-07
0.013151289
4.0896025e-06
8.122045e-07
0.025952764
1.9536062e-09
1.7049828e-06
0.9999986
7.0681943e-07
5.810475e-08
4.906537e-07
9.861206e-05
0.00019622044
0.38703853
7.852176e-08
1.5232703e-09
9.2099356e-07
2.3793593e-05
6.235135e-05
1.3228248e-05
8.51632e-07
0.082928285
9.897295e-06
2.2166577e-07
2.4596104e-05
6.792168e-10
1.8170658e-08
1.4983324e-10
4.043273e-07
0.00020932031
2.0780881e-09
0.34079263
4.7775567e-10
5.062687e-07
0.3840067
0.99507326
3.847731e-05
5.0199702e-08
7.363882e-07
5.603479e-06
6.41808e-07
0.00046336334
1.8443472e-05
3.680315e-05
5.6425483e-07
4.0758127e-07
0.9995498
3.8697183e-07
0.007254672
1.1856579e-07
1.5063205e-07
2.8845416e-06
1.1764124e-06
1.6797325e-05
0.7230264
9.161106e-06
7.041799e-06
0.22849865
5.241643e-08
7.915843e-07
0.02361764
4.0310802e-05
2.1937713e-06
2.7524493e-07
0.060336273
0.00011293008
2.6840775e-07
5.453168e-05
3.322691e-07
1.3752413e-05
0.082797416
0.00045912797
1.0969386e-06
9.3853265e-07
0.02577587
3.3989613e-09
1.832285e-08
0.027820323
3.0101944e-06
8.971176e-05
1.5338489e-07
0.00025974697
0.00015909034
2.3339097e-09
2.5972534e-07
1.4711179e-07
3.2225387e-05
2.5286088e-08
6.1026367e-05
4.5768343e-06
1.1291116e-08
1.7975563e-05
2.0206453e-07
0.0016577124
8.027252e-06
0.98873246
5.4327137e-07
1.1204252e-08
0.99999356
2.7426228e-08
1.8669353e-07
1.8508877e-06
2.7651827e-08
0.013085149
0.00013926908
0.8360604
0.059069175
0.99896306
1.6942188e-06
1.7465861e-07
0.00032648744
7.3471733e-07
0.99826634
7.7517896e-08
5.596045e-06
3.352247e-07
4.91118e-08
2.1838594e-07
2.0441893e-09
4.909588e-06
1.3567182e-08
6.04598e-05
7.61679e-05
8.851966e-07
9.930716e-07
0.011683612
0.0015930276
0.00018031351
0.036102355
2.8573048e-08
2.94346e-08
3.7864332e-08
0.00032648744
8.334255e-07
4.2256365e-11
1.6797325e-05
0.40355346
0.42009956
1.4082566e-05
6.26464e-06
4.006216e-09
7.698318e-05
1.2040588e-10
2.6315547e-08
7.851632e-05
1.8443472e-05
7.325579e-06
5.0199702e-08
0.0048628137
0.77161616
1.98857e-08
1.1871069e-05
1.6572119e-07
1.6590525e-06
1.49323e-05
0.1418148
0.00035911164
3.0988405e-05
1.9536823e-07
1.3761036e-07
8.075463e-09
2.4855502e-05
0.015216277
3.7734105e-09
0.00029817698
2.5774598e-05
0.864155
9.541064e-05
5.8284787e-08
1.1764124e-06
0.0030775284
2.3968474e-09
0.03969348
3.85193e-06
1.1875059e-09
9.184709e-07
0.00028491725
5.2255e-06
2.3025474e-05
4.891753e-06
1.5063205e-07
1.3682978e-06
2.3605848e-08
9.33401e-09
1.04971356e-07
3.2584664e-06
2.9541414e-07
7.852176e-08
2.2812894e-05
2.5774598e-05
8.9492664e-07
9.861951e-07
0.9999456
0.29253173
6.141718e-05
7.508542e-05
0.5629905
1.7715507e-08
4.9635946e-05
7.7517896e-08
3.4680036e-06
1.209315e-07
0.00010660825
0.99826634
1.4005516e-08
5.650554e-09
0.00018328827
2.9163294e-07
1.1349791e-06
1.16599085e-05
0.003542032
5.0199702e-08
0.03350003
4.6162656e-09
2.2244826e-07
2.9374617e-06
0.00028509766
1.582673e-06
6.188356e-05
2.3339097e-09
2.3323169e-06
0.9999016
0.0019881185
0.00096533546
8.329759e-08
1.0
0.8339104
2.2282831e-05
0.00077762234
2.4521324e-10
0.00020712256
0.000759672
1.9072457e-08
1.4220218e-06
0.11290673
0.0012174811
2.1070726e-05
0.00026233762
2.0033765e-05
3.776919e-12
5.427248e-09
0.0017844985
1.948362e-06
8.719304e-10
1.195866e-06
0.9995825
0.17436603
1.0
2.2590934e-09
0.017291179
1.1875059e-09
0.00024077322
0.0061181113
0.27949375
6.153858e-07
4.8929664e-08
2.1894111e-05
1.5540711e-07
3.402732e-08
3.9708585e-08
0.9695158
4.8929664e-08
4.0825726e-05
1.1086208e-05
4.931587e-08
7.086989e-05
6.5886275e-07
1.4878307e-06
1.2993769e-07
0.024454474
0.00036127408
2.9763137e-06
0.000732146
2.3793593e-05
0.0004957731
0.88273793
