0.00019534363
0.03505154
0.0009719543
2.3528098e-06
0.00015401964
0.011418344
1.8656248e-05
1.6363528e-07
1.9339577e-08
8.909979e-05
0.009216491
0.00018498994
0.006547234
2.7547549e-06
8.93963e-05
9.3004945e-07
1.070207e-07
1.8649292e-06
0.7899275
2.8084978e-08
1.4843114e-07
0.017704891
1.391783e-07
1.0169241e-06
0.0004089836
0.9986587
8.488421e-10
0.75317764
4.790765e-08
2.3122004e-07
2.6383697e-08
0.0005115499
3.080922e-05
1.16234995e-08
1.3327254e-06
0.0037384045
2.7742482e-08
5.8608745e-08
0.98574513
6.261196e-07
0.00019441512
1.1056961e-05
0.018272052
0.069206245
0.00011134581
0.04415852
1.3621613e-07
0.00031218515
2.2848187e-06
0.015717195
1.4009127e-07
0.8242652
1.0715428e-05
0.0024478808
0.0005187849
0.00023163871
0.00042799825
4.5876855e-05
0.00015875985
4.662254e-07
0.016500125
3.4597513e-05
4.7450314e-08
1.722508e-07
3.2103495e-07
0.4224012
2.9188726e-07
1.5076738e-08
1.8915306e-07
0.0025019418
0.0012342357
1.392668e-05
4.2253927e-08
5.1737228e-08
1.9339577e-08
1.663157e-06
0.12932317
6.016291e-09
0.0014796893
4.7162936e-07
8.575403e-06
8.098532e-07
0.67457145
0.99327326
0.00037001478
0.00032142675
2.5449824e-08
0.9999944
0.0002118191
2.6316902e-05
8.623431e-09
0.9999274
0.021303223
0.00050693785
2.2491805e-07
0.6361771
0.002541725
7.029978e-08
0.62161386
6.37342e-07
8.909979e-05
0.23982798
0.000995938
3.058221e-05
4.0980744e-06
0.0008258664
0.05813838
5.642027e-08
2.5173972e-06
0.0070463247
1.8922755e-06
0.23487467
0.0039281487
5.9662357e-06
0.0050333
6.4328265e-06
1.5974487e-06
3.4005436e-06
0.15046999
0.007548413
3.1587948e-05
0.00050163455
0.00014643645
0.02482771
0.008214245
2.4831941e-08
0.9813754
0.9707111
0.0003432352
6.210271e-05
1.663157e-06
3.948688e-05
0.0048630494
0.056157995
2.2663594e-06
0.0005624161
1.6049431e-06
2.884184e-08
0.0049666734
0.00023250098
0.06033113
0.00095867447
5.3893896e-06
1.9969059e-07
0.00057656283
0.9999442
6.7941505e-06
1.9282255e-05
4.7162936e-07
3.9013335e-06
2.0165911e-05
0.023468591
0.00016792152
6.775319e-05
4.4675903e-06
0.0133122085
1.2493508e-05
0.010777046
5.4923007e-06
1.0129885e-05
1.1342682e-08
0.002336036
1.08123095e-05
7.300295e-05
3.1132554e-09
1.47356e-06
0.02024679
0.00046688545
0.007987602
6.8244053e-06
3.9754052e-08
1.0641613e-08
3.433365e-05
6.697504e-08
0.0005072102
5.260821e-06
0.001091476
0.00021729896
4.7030353e-06
6.908603e-06
1.47488e-07
0.0004451887
1.2608004e-05
1.7334849e-06
5.0730046e-06
1.5283062e-07
1.144928e-07
2.3122004e-07
0.0018137074
0.0009959385
0.9752592
1.0
2.4736113e-05
4.694052e-05
0.16748963
3.1441445e-08
0.05937608
0.0025019418
1.3525682e-06
0.010777046
0.009879781
5.0730046e-06
0.96972084
5.440665e-05
6.054623e-05
0.9999939
0.00398005
0.20409466
0.9999556
0.9997883
5.9232683e-08
2.1706132e-05
0.00023406283
2.2491805e-07
0.04259381
9.964526e-07
0.998604
1.7781561e-07
1.385502e-06
7.4019845e-06
4.960809e-06
0.17375514
0.028667988
0.9959881
2.218559e-07
0.00065520906
0.042140327
0.0017854789
5.2525847e-05
3.6260024e-06
3.8246707e-08
0.99608004
2.4075288e-08
0.99752957
2.5449824e-08
0.0054074232
0.9205667
1.5053226e-06
2.2132885e-07
0.06033113
6.8244053e-06
2.0471916e-07
2.7672093e-06
9.561299e-06
2.4506207e-07
4.2143638e-05
1.6252577e-07
0.00012564265
0.00038349043
0.2607576
0.00034929105
0.00016400692
0.00018027965
5.3893896e-06
0.0008258664
0.01603515
2.2846532e-06
2.0093425e-05
0.00072393246
8.893352e-07
0.001091476
0.00013986914
0.013528935
0.0031132484
0.00085238385
1.9473923e-06
0.005798006
0.43141246
0.0007300127
0.0010481158
1.17300615e-05
2.11927e-08
0.02811785
0.0045170556
0.002485534
1.6868526e-06
8.6471994e-07
1.128769e-05
2.1968968e-05
0.010047843
0.0039817444
6.156782e-05
8.612386e-07
0.00012675504
0.000629818
1.0
4.775799e-06
2.632389e-07
7.201922e-05
0.17530778
0.008330849
5.2129635e-05
2.26156e-06
0.20762257
0.01306281
3.4005436e-06
6.7378845e-05
2.6230566e-07
0.012757014
0.0005035177
