1.0
1.0
1.0
0.0006283341
7.035766e-05
5.286322e-07
0.02290691
0.9995975
2.6173743e-06
0.000275335
2.185777e-05
5.1226903e-06
0.0050080027
9.8673954e-05
1.4121378e-05
0.3425493
6.979825e-05
9.8811235e-08
1.2387798e-05
0.0017549837
2.5267899e-09
0.30556965
0.027647296
6.079872e-07
1.4070373e-06
3.4275347e-06
4.3780287e-07
0.9679954
5.8779242e-05
4.5921664e-07
0.99996907
0.006113917
0.0033085835
6.7372616e-06
4.2445816e-07
0.03181259
2.0893644e-06
9.585566e-10
0.011390249
5.854749e-09
9.031247e-09
8.467149e-08
0.016241964
6.487879e-07
0.016241964
3.974175e-09
2.1358817e-05
4.3659362e-05
0.003187787
0.00027452482
0.0005285277
3.2600906e-07
1.5429703e-05
5.7612742e-05
0.3133749
5.690114e-06
0.003231506
1.3516989e-09
4.2439342e-07
1.0401634e-06
2.0017909e-07
0.9850139
1.4206276e-08
1.4090661e-07
2.0366675e-08
9.384453e-10
0.9763154
1.8224387e-08
6.478073e-08
3.1380674e-07
8.2294145e-09
0.42109847
2.6731908e-05
1.4643265e-07
3.3404244e-06
0.29630762
9.016862e-08
0.0009903484
2.483013e-05
0.9956777
9.756648e-06
2.2134468e-07
0.0002027794
1.3583228e-07
2.2267445e-08
0.99847406
4.1843094e-05
0.008176897
1.64203e-08
2.9798839e-08
0.00013811691
0.0010295862
3.384786e-07
0.0015087964
4.9904893e-06
4.35656e-09
0.0004614103
6.1942615e-08
1.9344818e-06
0.00036265366
1.3922065e-07
1.1662215e-06
0.001114441
0.3233748
0.000360785
2.285851e-07
3.3359036e-09
4.4964468e-09
0.020865778
0.00047920566
6.079872e-07
9.695565e-09
1.12214295e-07
1.1210963e-05
0.02249847
0.0006308784
6.471823e-05
5.178106e-08
5.6529343e-06
2.4259558e-05
0.00027595102
0.0028552222
0.067280814
5.130377e-07
0.00011851575
1.9063738e-05
0.00051967177
3.5657915e-05
1.2878107e-10
6.206203e-09
0.00010635552
1.8473113e-06
2.08833e-05
6.8849357e-09
0.016647257
0.00010803936
3.538158e-09
0.14249006
0.3551102
5.2142663e-05
2.973844e-05
2.2440791e-07
4.8655596e-07
8.636867e-06
8.973999e-05
1.6407109e-06
0.00023693597
7.710692e-06
2.285851e-07
0.92237496
2.267348e-08
4.3609313e-07
1.0384834e-08
0.0035671126
1.7696584e-07
2.0498009e-08
6.985481e-08
0.0002789592
2.6797224e-09
1.0416403e-05
4.332476e-06
8.654014e-07
1.8741403e-07
3.839111e-09
0.0054013385
3.3630252e-07
8.973999e-05
6.745438e-07
0.023954285
2.9016092e-06
0.9871068
2.1652834e-10
7.99785e-10
0.016827045
1.9863183e-08
0.008480455
7.3100723e-06
3.6345423e-08
2.9242585e-07
0.2118143
0.00047153022
2.5016066e-06
0.0013708769
0.0026946447
6.9186713e-06
4.8228543e-05
0.4762902
0.000106627456
0.004710344
1.0306176e-09
0.000106627456
0.90936285
0.9401496
5.116247e-08
6.979825e-05
0.00037295933
0.02964544
0.9999441
1.0253403e-07
0.27161655
1.2384895e-06
2.8366106e-08
7.710692e-06
0.032690074
5.65951e-06
7.047696e-09
5.873671e-06
0.9996229
0.968131
0.00020538333
7.8174844e-10
1.6056505e-07
0.9940703
9.963448e-08
1.05978245e-07
0.99001163
0.000807412
0.00017435555
3.0114868e-05
0.009190558
0.22313182
4.2116984e-08
0.29630765
1.4090661e-07
0.006126653
2.1397269e-05
8.5291445e-09
3.9971503e-08
6.5044096e-06
0.97071195
5.486221e-08
5.4843224e-07
2.826005e-07
5.558791e-06
1.5320816e-06
3.9963557e-09
1.8683346e-08
1.129063e-06
1.4070373e-06
0.00012292739
0.99883074
1.47656e-05
3.7066824e-05
0.999983
2.0042335e-06
3.172747e-06
0.0002176797
7.741236e-09
4.0131526e-05
0.003492208
2.9020518e-06
0.08861998
5.4063674e-09
0.076671146
9.938049e-09
0.96755314
0.0067000445
3.223338e-08
6.1903694e-07
0.00011510469
2.2036836e-08
5.7146433e-05
2.7996975e-06
0.9995975
1.4698668e-05
0.39390507
6.928748e-05
5.009096e-07
0.00011510469
0.99993634
1.2679549e-06
0.0060589663
1.807877e-08
1.1390922e-08
8.509324e-08
6.638135e-09
0.00020538333
0.09259339
0.00025191734
4.2847052e-05
3.7066824e-05
6.0475577e-06
1.9181858e-05
8.336252e-10
0.3024407
1.3302277e-06
8.964284e-06
6.867466e-09
3.3478094e-07
0.00012746749
3.3706354e-05
0.0051719346
0.22313182
1.1948716e-09
0.0018659552
2.7224014e-06
8.063562e-05
9.237988e-07
1.2924326e-07
1.4288202e-06
