1.0
4.923652e-09
1.3746607e-07
9.486893e-06
0.39468637
5.5010347e-09
2.4148227e-08
1.0940139e-07
2.6359223e-10
5.550105e-09
5.40513e-06
6.1166033e-06
1.0631631e-08
4.5548353e-07
0.00011859704
1.1397038e-06
3.1154497e-07
0.0001614999
0.28715724
0.0038784367
0.9561017
2.8772172e-06
1.1421096e-06
6.0895167e-07
1.921232e-09
0.0006542731
1.4062269e-07
0.003339934
9.708189e-06
6.1039e-05
6.7494796e-07
1.5391153e-07
0.004532206
3.1381019e-06
7.4655334e-05
3.3207645e-08
0.002702325
3.5591907e-05
6.574342e-08
2.136847e-06
0.006125475
5.550105e-09
0.9836559
0.0009490842
1.2485884e-11
1.1388422e-06
1.3395086e-08
0.00014539169
1.4979761e-06
1.0538322e-05
3.3781782e-07
0.72310656
8.379747e-05
0.009683542
0.034835376
4.2071585e-07
2.615413e-06
1.2438455e-06
0.99429435
0.02484151
0.0010072874
1.5182472e-08
8.379747e-05
0.034702737
5.9608276e-08
2.6029318e-06
1.1554484e-05
1.44130485e-08
0.0025629192
3.4025507e-07
2.9416499e-06
2.1790976e-09
1.3583495e-08
4.1525464e-06
1.6899232e-07
5.1789048e-06
8.300264e-11
9.0021864e-08
2.2039568e-08
3.271641e-06
2.484813e-09
6.0865844e-08
0.90867156
4.2005533e-05
3.2623273e-05
9.257314e-08
7.4026313e-10
0.00064960256
0.0014039803
7.427384e-06
1.5340936e-05
1.6691521e-06
1.996157e-06
2.136847e-06
8.1865453e-10
8.490038e-07
4.6400797e-05
0.9843871
1.8230776e-09
1.1365852e-05
0.005312805
2.4166111e-05
7.865418e-06
0.0003456629
1.1701636e-05
0.21095456
2.2039568e-08
2.3257171e-05
0.30249313
0.30249313
7.746161e-05
1.4369426e-06
4.1330527e-06
7.058056e-06
1.879081e-08
1.1252314e-07
4.424363e-05
0.4774514
0.00010627917
4.281091e-05
2.1046546e-05
1.780217e-05
0.0004523911
0.97922045
9.531879e-05
2.05032e-09
5.039647e-07
2.0803197e-06
6.8724026e-10
3.1492058e-05
0.12463299
0.0003916152
0.0024669655
0.8432994
4.631569e-08
4.2534557e-05
2.755988e-09
0.0010660528
2.3101928e-05
5.575429e-05
0.99996513
9.777001e-08
5.9787044e-07
1.1388422e-06
0.016233724
1.0145634e-06
4.7138e-09
0.00053981296
3.1388424e-07
3.1061863e-06
2.0261137e-07
0.11110473
0.00013247177
1.7582229e-09
1.1324215e-07
8.300264e-11
1.9796508e-07
1.7475209e-09
1.0054773e-06
0.99398154
0.0013638819
0.0028658581
0.0032389439
3.9084036e-05
0.83437055
1.0534774e-09
0.00024371454
4.1577312e-07
2.7316912e-07
1.5666776e-08
0.00026406883
8.817837e-08
8.231509e-06
0.01212194
0.91961634
4.2142674e-05
3.6034836e-10
9.91015e-06
0.026698167
4.227508e-06
2.266904e-06
0.00039455984
2.8657702e-08
6.434102e-05
2.424148e-06
9.053651e-09
8.91963e-09
2.426736e-07
6.0865844e-08
0.00094626704
2.755988e-09
5.7725642e-06
2.8772856e-06
0.0077788355
0.035841357
0.001933408
7.8639954e-05
3.8476142e-09
0.016447514
0.9947066
4.8631097e-08
4.94599e-06
0.00022790028
7.914809e-06
0.0020083808
0.003939636
0.00037898603
9.509992e-06
7.4635254e-06
2.736635e-07
0.0005022948
0.44017118
2.1070976e-08
4.2111546e-06
5.2262294e-07
0.99995685
0.00039647258
4.9865934e-10
0.79665387
4.1975814e-09
5.60476e-10
0.015140793
1.8765364e-06
1.1388422e-06
2.1046546e-05
0.0077788355
0.00020001651
6.5143276e-08
0.035841357
5.1396696e-09
1.2720323e-05
6.8549184e-08
2.1364375e-08
1.552404e-10
0.9999936
1.1365852e-05
0.00073837966
7.4635254e-06
1.911323e-07
5.803663e-07
4.775666e-08
1.0
0.00014539169
0.9921519
6.4749823e-09
2.4002233e-07
1.5968043e-07
0.00015737744
0.0036569177
3.3190677e-08
0.003860777
2.400226e-06
0.809932
3.5785863e-10
4.3474145e-05
1.2960769e-05
1.911323e-07
1.0
2.3101928e-05
0.0016601179
0.99429435
0.046192493
2.3774762e-06
1.1034543e-06
0.014691191
0.001609758
3.019591e-08
0.0012172294
0.0001415699
0.00019785945
5.0996067e-07
0.27196035
0.00011273963
4.286965e-09
0.0013369126
0.021434244
8.938351e-05
1.9444013e-05
5.158045e-06
4.5166293e-09
5.5115765e-07
1.7111708e-08
0.007704194
6.3720466e-07
6.653422e-09
0.00025149857
6.804272e-08
0.00031014564
1.0054773e-06
5.822287e-09
0.00034361467
1.0124409e-05
1.0
0.8396039
3.0230354e-09
3.2521744e-10
2.4344914e-08
2.3016253e-05
4.0440057e-07
1.4250735e-07
