0.00019928685
0.99997693
0.9999999
0.9834853
0.017293189
0.0004024814
2.1624922e-11
4.4811775e-05
0.9694543
0.00014248592
0.5058861
7.20771e-06
3.2189386e-05
3.435286e-08
1.056457e-06
0.000849541
3.4065442e-07
2.043809e-07
1.8475686e-05
2.2528873e-05
1.1151591e-08
2.1372707e-06
9.4580884e-07
1.4562187e-05
2.218614e-07
7.766124e-05
0.99421215
0.0002222029
4.3821976e-07
4.2014642e-10
1.9537506e-06
3.211262e-07
1.3103488e-09
0.63453645
2.9406767e-08
1.8112992e-10
0.10127067
5.220152e-08
1.161681e-07
0.99988973
8.1864945e-11
1.4514923e-09
0.00029678163
0.007945421
0.018890347
0.00013643554
1.8846537e-06
3.2699345e-06
1.725278e-06
1.3789138e-06
3.8536646e-06
6.563602e-09
0.00085299974
2.0894263e-06
3.2800678e-08
0.0020523758
1.9870891e-05
0.023099145
0.0019317883
1.4514923e-09
1.4588847e-05
2.4868545e-05
0.0019317883
6.1963386e-09
1.1574116e-05
0.6356798
7.252369e-06
0.00018123206
0.00043561726
1.3346764e-07
0.99998885
0.0085454695
0.00051157625
0.00016357696
8.089986e-06
2.8105298e-11
9.271866e-10
3.710205e-05
1.1392349e-07
6.010146e-07
0.99801487
0.06983845
0.00044555127
7.048128e-05
1.622464e-07
0.00074956997
5.409059e-06
0.0032948377
2.0120337e-08
3.1254658e-08
6.9857053e-09
1.3726383e-06
0.0014268747
0.0078010596
0.00013264178
1.1904664e-11
1.161681e-07
1.4086792e-09
3.922155e-09
7.824501e-07
2.9821213e-06
8.7128456e-08
0.9999982
0.00016129276
2.2056653e-05
0.026756397
2.6582411e-08
0.91430634
0.6356798
0.72651666
1.6370036e-06
4.793887e-07
0.05664031
3.2409625e-06
0.07753788
0.9943239
1.1995555e-06
0.000849541
7.2594894e-06
9.754124e-09
1.3103488e-09
1.1969564e-07
6.3461966e-06
8.642354e-08
2.023212e-09
0.0016168163
1.5291164e-08
0.1378267
0.9834853
9.4580884e-07
0.024903
0.00017762299
2.7963322e-08
3.0491148e-05
1.3741463e-08
1.109886e-05
9.210641e-08
0.00029614568
3.7731465e-06
2.9821213e-06
1.6459533e-05
0.00014616038
3.5251592e-08
0.00050071784
0.0005731362
1.1602351e-07
2.1372707e-06
0.10244778
0.00058197073
3.4755658e-06
0.99915344
9.77367e-07
7.509879e-09
3.5496319e-06
0.0017861215
1.9714753e-05
7.726485e-09
2.459783e-07
7.656946e-09
1.0430064e-06
2.8233677e-07
7.0909235e-05
1.900272e-10
9.769366e-06
1.5523159e-09
0.0016565196
3.7498364e-08
3.8654466e-08
7.20771e-06
7.930102e-06
1.1183903e-06
4.694189e-08
3.219197e-08
1.1034616e-06
0.010429676
0.6776776
0.9999182
0.0002906678
1.8488416e-07
4.8697143e-07
2.4868545e-05
1.0106977e-05
2.7191085e-05
0.0001226499
0.06983845
2.8387161e-08
2.9009324e-09
3.3674308e-10
8.4188825e-09
0.00042335008
1.157209e-08
3.2097184e-08
1.3400432e-07
1.8846537e-06
2.4034696e-06
1.0186761e-05
0.0023951582
9.989922e-07
3.3488388e-05
2.101677e-06
3.4862968e-08
2.4707404e-08
2.218614e-07
0.00077081606
1.26574e-07
1.4496703e-07
1.32262326e-08
0.99988973
0.0014111464
4.1391734e-11
0.99045116
1.1340097e-06
2.710888e-07
1.5512593e-06
2.9556313e-10
1.3481856e-05
0.024903
4.3171178e-10
4.3171178e-10
2.3332059e-05
0.013336267
1.2121058e-07
1.32137e-08
2.9557004e-09
1.6487812e-07
8.1164025e-08
9.140163e-07
8.299806e-05
1.998655e-07
1.02018646e-07
6.689994e-05
7.930102e-06
3.938259e-06
7.15863e-08
0.5424879
2.20694e-07
2.7154134e-05
2.0611074e-05
0.0004676395
9.754124e-09
0.9929192
2.2064343e-08
3.614894e-08
1.6410004e-07
1.584538e-07
0.0013024557
1.2267111e-05
1.7540074e-07
7.2594894e-06
4.868959e-11
9.913139e-08
4.446268e-12
2.7870336e-05
0.99910897
1.1102264e-09
2.568017e-08
1.6370036e-06
0.00030382353
0.007945421
0.00049923087
0.9990031
2.9152723e-06
6.2329054e-05
3.5480702e-10
4.198505e-07
2.3404579e-07
3.9167926e-06
1.3596189e-09
0.006359842
9.8013945e-05
1.4431457e-07
0.010069237
4.9596576e-09
0.00016015502
4.718588e-07
4.290666e-11
0.16190584
0.00015067944
3.152829e-07
1.0332839e-05
2.6795146e-06
0.0135408975
1.3242223e-10
0.00013643554
0.12563531
3.265447e-06
1.8257545e-08
0.0135408975
9.1401546e-07
9.271866e-10
4.7409114e-07
2.3066248e-06
2.0349025e-06
4.88178e-08
2.4492275e-08
1.7814591e-07
0.00020911604
1.1574116e-05
3.7582693e-09
1.161681e-07
