0.9999998
0.29988948
3.3291363e-07
5.197391e-07
2.6450093e-09
2.692661e-07
0.0005109705
0.68006754
0.14289118
2.0009937e-05
0.002620202
3.6163136e-05
1.8999283e-07
0.7928053
0.0012846758
2.0439898e-05
1.0714995e-06
1.0603739e-05
0.0029069602
0.0002935035
1.4059186e-06
1.7386375e-09
3.3312404e-05
7.547322e-05
0.000950447
4.077052e-05
1.4479928e-05
0.0001305575
0.0006272021
8.68906e-09
2.5091522e-06
4.4755648e-06
9.8440905e-06
0.0004973649
4.941765e-05
1.0
0.018820366
0.99448574
2.7238193e-06
7.683807e-09
7.164903e-05
1.0203494e-08
0.9649164
2.9792302e-06
0.000908195
1.00828935e-07
4.746806e-06
6.8301017e-07
0.0056407503
7.00984e-08
7.167344e-06
0.0053240126
1.6646785e-05
8.220099e-08
6.7133833e-06
4.6736233e-08
8.237155e-06
0.052186072
8.5907324e-08
0.0002428901
0.3453825
0.00024827672
0.92316914
0.00033174732
2.6324884e-05
2.1758713e-05
3.324775e-06
3.7749675e-08
6.839805e-09
8.578434e-05
5.121264e-06
1.3693785e-09
2.159515e-06
5.7261727e-06
7.845543e-06
2.0439898e-05
1.4311275e-06
1.2713528e-08
4.737388e-09
0.0056407503
1.8245937e-06
0.0010586426
0.0021309047
5.5439315e-05
4.4843553e-08
1.7371738e-07
0.00031329071
1.0
0.00013437144
2.0009937e-05
1.1148304e-06
4.1188844e-08
0.0049380977
7.646391e-10
0.023864998
0.0005388344
1.775187e-08
3.9322105e-05
2.1592443e-07
0.00091940956
5.089142e-08
3.824908e-06
0.9962429
0.9118118
0.017370878
5.0720984e-05
0.0010376143
7.5945655e-07
3.70858e-09
0.00013586962
1.516314e-08
0.99999154
4.806581e-08
3.7384547e-05
0.00013694687
2.0353916e-06
1.6082726e-07
3.5431032e-08
0.043080676
0.9999928
1.8336736e-07
4.473414e-11
2.5585798e-09
8.1551436e-05
8.72898e-06
0.99681145
0.11622047
3.285061e-05
9.127027e-06
8.927975e-05
3.6138988e-06
0.0003637298
4.837825e-08
7.346534e-05
3.1438816e-07
3.5758853e-07
2.1726576e-08
3.6617703e-08
3.012441e-07
4.1075148e-09
0.9336789
1.1937547e-06
2.3428823e-10
4.1723473e-05
1.2086388e-05
5.2074233e-07
0.9999933
1.3028264e-07
0.8587083
6.14189e-06
7.013396e-06
0.0037058792
8.389323e-06
2.0199017e-05
0.63156646
8.1390806e-07
3.285061e-05
1.7631873e-08
1.4448398e-06
0.0015969817
2.0009937e-05
0.019223908
8.7668595e-11
1.0908132e-05
0.00034486206
0.99308443
5.9695196e-08
7.5330256e-11
0.06975066
0.024155576
0.59388477
1.9264198e-06
0.9999415
1.0314209e-07
0.00070866576
0.007865357
2.1546143e-09
2.6872757e-10
1.9445201e-07
2.3035638e-07
1.544108e-07
3.9853235e-06
2.5535986e-08
0.00061827514
6.8118297e-06
3.824908e-06
1.3929929e-06
8.092971e-11
5.080194e-06
6.799018e-08
4.9703463e-06
0.0007322476
3.322754e-08
0.00025359073
0.0001825787
0.45743895
0.00020435352
2.1758713e-05
1.5660329e-11
1.841602e-05
0.0021309047
0.99778384
8.465068e-06
0.014451398
9.3463775e-08
1.4059186e-06
0.9959264
2.4392648e-08
1.4528653e-10
1.3269466e-08
2.4637717e-07
3.347899e-07
0.019864455
0.00068165036
2.643488e-07
0.06878088
0.0023024008
2.563709e-09
6.5867926e-07
6.284117e-06
0.019864455
1.415162e-08
1.3228886e-07
6.614112e-08
0.97504187
4.122778e-06
5.954669e-07
5.7349935e-06
0.93621564
9.127027e-06
1.3198747e-05
2.0023239e-09
7.1456125e-09
2.317582e-08
8.757645e-07
3.4466635e-07
0.92316914
6.4982196e-08
3.7033838e-06
4.270374e-09
2.1574083e-07
0.9543438
0.97504187
1.1911608e-06
0.9735401
5.781067e-09
0.00032449834
0.27478078
0.9968748
0.27478078
4.942508e-09
0.00025581368
5.2647603e-05
0.9999928
0.999999
0.5185372
4.6414033e-07
7.1402604e-07
0.00029765948
2.92017e-07
0.99473053
1.01139385e-05
0.017370878
2.2860306e-06
1.4303253e-06
0.040266715
9.73706e-07
9.088695e-05
1.229067e-05
3.7010173e-10
2.621686e-07
0.0070966366
5.826078e-08
1.8811473e-07
0.017370878
3.0775794e-08
3.5758853e-07
2.1994929e-08
0.00022319237
0.041257497
0.028667059
0.0025652254
1.3117472e-05
0.011232691
1.3738522e-06
0.5732343
8.560437e-09
0.0008366318
0.9924596
4.950322e-06
6.168175e-06
7.641002e-07
9.649849e-07
9.649849e-07
0.06745968
0.20419393
5.167873e-06
0.22978042
7.900021e-06
0.8967001
