1.0
3.8911116e-07
1.8832995e-09
4.002212e-06
0.0019529633
3.638726e-06
0.99885094
0.0058309617
0.34206334
8.3210637e-07
1.0332143e-06
8.623139e-08
0.045391504
8.8942426e-07
8.502746e-10
4.8760314e-05
0.0017371476
8.586933e-06
0.031746175
0.999995
0.0005490575
4.1974855e-09
0.99957114
1.6410076e-10
0.696341
1.0574967e-07
5.6661185e-07
2.9179543e-07
0.9958939
0.9999965
2.7552463e-07
0.00019858578
2.7618765e-09
3.8701977e-08
9.303744e-08
0.0019529633
7.3703245e-07
0.99882823
2.96743e-05
0.47575182
0.0007206725
4.2347807e-07
0.99999577
5.9787776e-06
2.099217e-06
3.4293526e-09
0.0002364253
0.0021352
2.9970644e-07
0.9978417
2.556942e-08
1.9460542e-05
7.2078956e-06
0.5468105
1.1476643e-07
1.2655843e-09
0.00016718007
1.8265094e-09
0.5468105
0.7929051
0.0007511446
6.056868e-08
1.1655106e-05
0.010741829
0.010830283
1.0
2.8563568e-06
0.003563452
0.9723244
0.007702332
2.9037335e-09
0.9996622
0.000106534666
5.628382e-07
1.4666605e-07
0.9755411
4.3309865e-07
4.8297493e-06
0.003757075
0.022744816
5.7023295e-05
3.9656034e-09
3.6752745e-08
0.0010067808
1.284658e-06
1.482625e-07
5.7971747e-06
0.87517494
1.2896474e-07
0.0003452552
0.005734372
0.0005250636
6.330423e-07
0.0001650538
0.00013781908
5.3101303e-07
0.00015746916
0.99885094
0.0007511446
0.022676844
0.0030889974
0.09182728
5.7794387e-06
0.000112526446
5.786663e-07
0.9999945
0.981603
5.6566936e-05
3.5225284e-07
0.00036000714
0.0005517183
1.586221e-06
0.022858644
3.6986916e-05
1.2445839e-08
9.011768e-09
1.1770919e-05
0.001214229
0.9997435
1.2953524e-06
0.0010067808
6.214074e-05
1.6881125e-06
1.748154e-06
2.208675e-07
9.066529e-08
1.4257398e-06
0.00022994215
1.4184826e-06
3.1173658e-10
0.07921325
1.9347017e-07
8.077444e-07
3.886413e-07
9.941959e-08
3.6392707e-06
2.6519597e-06
0.092412174
6.4641014e-08
0.0019758663
1.1304365e-05
1.8701e-07
1.1088677e-09
5.307394e-06
8.712748e-05
1.4036897e-05
0.012798131
0.8449653
0.95512784
6.5605854e-09
5.761267e-07
1.9923382e-06
4.3044637e-10
2.8957982e-06
3.0328304e-09
8.179904e-08
0.9999954
4.7475123e-06
5.4720397e-07
1.4257398e-06
1.4928035e-11
3.0328304e-09
8.502746e-10
0.00034439386
9.8461154e-05
5.972031e-06
0.0004686532
9.368271e-06
3.4293526e-09
0.2289961
2.4470643e-09
0.13678701
0.00072646333
2.0078205e-06
1.2093906e-08
1.1304365e-05
9.552062e-07
2.1588542e-06
0.9985645
2.9179543e-07
0.96775645
7.102824e-06
1.0302874e-09
4.363048e-05
6.3176253e-07
1.2896474e-07
0.00034999722
8.189658e-09
6.6467024e-08
9.916634e-09
0.0025667555
8.618247e-06
7.72454e-09
0.996191
0.00062697974
5.546807e-06
4.8297493e-06
0.00037072078
2.0838128e-08
0.00016448443
3.7687355e-09
1.2467548e-07
1.0323209e-06
1.0201845e-07
5.2030256e-05
1.01996854e-07
3.712347e-08
0.010175472
5.761267e-07
1.216602e-05
3.7665937e-09
2.9431794e-08
7.388414e-05
2.6524733e-06
1.629218e-06
1.1366375e-08
0.97626543
4.5402264e-09
3.4454155e-09
0.0050851586
0.0992608
5.9508283e-09
8.635365e-07
5.0157016e-08
5.51447e-06
2.0522458e-08
4.2347767e-07
7.1533037e-09
3.1550383e-06
2.3106817e-05
3.5173038e-05
0.0005490575
0.19469431
0.02758933
5.110303e-05
0.017413504
0.9887326
2.083828e-05
0.00061315537
4.1766427e-05
1.25291e-07
0.0005449602
9.3576155e-08
2.9485584e-05
1.11429586e-08
0.0021352
5.855455e-07
0.060308453
2.7618765e-09
1.2482265e-05
0.00024444665
2.2994374e-07
9.7679e-09
1.5261234e-05
2.4720219e-05
1.179792e-06
0.0023142542
3.3774887e-07
2.4962114e-06
8.17005e-05
9.719803e-09
2.052313e-07
4.1974855e-09
0.0002364253
0.0040482352
5.1193217e-07
2.9665346e-08
3.1146297e-07
4.8760314e-05
2.9202258e-07
0.18561958
0.39338982
2.1316434e-07
8.378358e-08
8.378358e-08
1.586221e-06
2.6572104e-07
0.1601613
5.41804e-07
1.6021889e-07
4.094137e-06
0.00010780647
0.0019529633
3.6907255e-05
0.0003452552
0.13854311
4.6718975e-05
1.5546684e-05
0.11372259
1.7717166e-06
3.073459e-07
9.377424e-05
3.4454155e-09
0.9999954
5.474399e-08
5.6778417e-06
0.0006302128
1.5682643e-09
8.672622e-08
9.7679e-09
