0.9999979
3.339609e-05
4.564401e-08
6.7261876e-06
6.914603e-05
8.9524765e-06
4.484527e-07
0.06915723
0.00041486428
1.7303073e-09
0.00014458197
4.516969e-11
4.798365e-07
0.9999999
2.0837459e-07
0.9999972
8.459901e-08
2.1472215e-09
1.8295472e-08
9.758993e-06
1.8883692e-07
1.0
0.07264245
0.9844408
9.251132e-09
5.4594146e-08
0.0024375222
4.5348412e-07
3.3961967e-07
5.0055595e-09
0.8929775
0.028065577
1.2941705e-07
0.0006198204
0.0022592882
0.0011219762
1.7906475e-05
0.12483991
8.0681225e-08
0.0023957505
0.0016867458
2.7365926e-08
0.99064064
0.000118838616
1.8832002e-06
4.789506e-05
2.0021537e-07
1.4435643e-05
0.00015778012
1.95139e-07
2.785229e-07
1.3446037e-10
7.647228e-07
0.019427631
4.0810203e-08
0.002146514
2.2151004e-05
2.1987763e-07
2.2882632e-07
0.15363826
1.320228e-07
3.5542282e-06
8.925873e-05
0.9999975
1.2811036e-09
1.4587758e-08
0.23377167
0.06239497
1.2742277e-07
1.2941705e-07
1.3449026e-08
4.3241437e-07
1.8832002e-06
9.680113e-06
1.1957353e-05
0.0017624409
4.564401e-08
0.0017145926
3.052223e-10
0.00086512865
0.24931656
3.032155e-06
8.980944e-06
7.299695e-07
1.07268444e-10
1.3758122e-07
0.0005216681
4.3646733e-06
1.0544605e-09
8.3610513e-07
3.3139128e-07
0.0024375222
5.6367107e-09
0.0008929171
0.0022592882
3.8487027e-08
4.024814e-08
6.165208e-05
3.0269891e-06
1.4066942e-05
4.484527e-07
0.12621084
2.6250035e-07
0.00023782205
5.3872135e-08
1.337703e-06
4.0810203e-08
0.006282009
0.00086303777
3.626159e-05
1.8033542e-07
1.3294238e-06
0.9475153
0.011547848
1.3067003e-06
0.0017624409
6.296367e-05
1.9601726e-05
0.0058550877
6.107238e-08
0.0005600904
4.86015e-05
0.9980702
9.326482e-09
0.00028266263
2.2515664e-08
1.6117518e-07
1.0575164e-06
0.000901756
3.2363541e-06
0.0009834026
8.9542546e-08
0.0017645832
3.39122e-06
1.0116427e-08
2.7410701e-06
0.00031510417
6.003615e-06
4.792636e-05
5.6339145e-06
8.925873e-05
2.4649831e-05
0.0046493826
3.6432712e-06
1.786527e-06
1.3048012e-06
2.8143305e-09
3.626159e-05
4.2156338e-05
0.9869029
0.36857995
1.1496823e-05
0.9997684
0.3006553
2.9496984e-08
0.00010212928
1.4526507e-08
5.7490022e-05
6.806792e-05
0.00012955593
6.042945e-06
1.1022954e-05
4.0269796e-07
7.3601836e-10
0.0012433147
0.05284923
0.00031649906
3.4016747e-07
0.91521364
6.0581506e-08
1.9186514e-08
0.9997964
0.9981649
0.0029944186
8.3480584e-10
0.80496174
6.920501e-05
0.9999972
3.4684335e-09
0.0004144453
1.3446037e-10
1.6401165e-05
4.277134e-07
1.8832002e-06
8.072244e-09
0.9999381
6.689519e-10
0.9999381
9.506943e-10
3.4152362e-07
1.9126985e-05
4.266419e-08
1.0544605e-09
0.046121698
7.5643004e-07
1.9126985e-05
0.867181
0.019427631
6.0163315e-05
0.058677923
0.6672598
0.9862994
1.3758122e-07
3.53955e-08
8.184645e-09
0.0003113642
1.4621467e-05
7.0188277e-09
9.794162e-06
0.00020686955
0.00015991725
9.718019e-10
5.866561e-06
0.36120638
5.6489373e-09
2.7832636e-08
2.581371e-05
0.9999859
2.6953694e-05
0.00015778012
7.278014e-07
0.005167957
1.2969046e-07
1.4600121e-05
0.00087759533
0.9999881
0.00022394313
0.35721037
4.2958732e-07
0.0004787632
9.6969015e-05
1.2101803e-07
1.2849708e-08
0.9010227
3.082114e-08
0.00013166569
3.9833827e-07
1.6438464e-06
1.8295472e-08
3.3364722e-07
0.0004990163
4.464233e-07
0.9999833
4.6340614e-07
6.1080414e-08
4.659542e-08
1.4616477e-07
8.1247333e-07
3.929506e-06
0.8911901
0.15026218
1.931262e-05
0.0004915335
7.583985e-08
9.352141e-11
2.6328004e-07
0.00028299994
0.012919306
1.4066942e-05
3.4152393e-07
6.5882527e-06
6.330358e-05
0.15026218
0.9475153
8.911692e-06
2.21146e-06
3.5639932e-05
5.521596e-09
4.2156338e-05
3.0976113e-05
6.360405e-06
0.00094651006
0.00061730715
0.11653252
2.1954787e-05
5.4556857e-09
2.3256101e-08
3.7126194e-10
0.0005216681
0.9999833
1.1022826e-06
9.338036e-05
0.80496174
6.0581506e-08
1.336388e-07
0.004678873
6.066041e-06
1.7792852e-08
6.870993e-07
8.1012725e-09
1.5314805e-08
1.0976497e-09
0.0002773249
1.6457036e-06
0.9999859
0.058842286
0.7345421
0.009685709
0.3769942
0.5424282
