1.0
2.0440294e-09
2.563246e-08
0.888086
0.00064197386
3.6905794e-09
1.2433887e-05
0.0040741195
0.000231236
4.4832454e-06
5.6262728e-08
0.011604492
6.3890235e-07
0.008694156
3.796493e-07
0.17829458
5.9678758e-05
7.906384e-08
0.9981245
2.0974654e-05
0.99976766
1.9926864e-07
6.5451373e-09
3.996586e-08
1.5488718e-07
1.8564828e-06
2.0774441e-11
3.1152037e-09
0.96515757
8.625359e-08
0.9419375
2.2324589e-09
0.99982613
0.020127043
0.8306394
4.314366e-05
7.7975365e-08
5.22183e-10
1.5200007e-07
3.1806757e-10
3.1806757e-10
1.8527786e-10
5.799201e-09
1.26344e-07
2.8900568e-10
2.4302952e-05
3.3868663e-09
1.0406213e-07
8.3697416e-10
1.4405571e-12
1.073963e-06
6.3600744e-08
6.324259e-06
9.844699e-09
0.00022200427
4.0178167e-09
1.6827917e-08
5.308075e-07
1.4783825e-06
0.001593834
0.01168532
3.756029e-05
3.0068293e-05
1.3554204e-07
0.00014057767
1.0548056e-05
3.1064127e-07
1.6252771e-10
4.7548934e-07
4.1085295e-05
5.506685e-08
0.0001449808
4.275201e-07
5.7866793e-05
3.5964703e-07
5.6809657e-08
1.9645225e-11
1.5669364e-05
9.549456e-09
0.35035565
1.9926864e-07
8.472981e-08
1.2968675e-09
1.7688853e-06
2.3646958e-06
3.471305e-07
0.0009183003
1.0513728e-05
1.2525551e-05
6.831965e-06
7.764508e-06
2.9073487e-07
1.5382188e-06
0.92184174
7.897784e-06
5.749047e-09
0.00024304856
4.344024e-08
2.9685849e-05
7.181824e-08
4.7944127e-07
1.7566973e-06
1.5193741e-08
1.0539965e-06
7.5087237e-06
5.292746e-09
0.00018120008
1.11246845e-05
0.9999998
0.87867457
4.344024e-08
0.7411579
8.945384e-06
3.099888e-09
9.50961e-10
0.72946596
2.2076063e-06
1.4153679e-06
0.4051324
6.773513e-10
6.32781e-10
0.008282906
0.9999956
0.0055237557
1.4601012e-07
0.9763795
2.5243019e-06
1.0479007e-06
2.032897e-06
4.7784905e-08
3.8957643e-07
6.509518e-05
5.336496e-06
0.9999052
3.6905794e-09
8.908395e-06
0.06384272
4.521429e-05
6.3613093e-09
1.4028286e-09
1.025503e-05
0.08992536
1.3836415e-06
3.3867611e-10
1.9017097e-08
4.9528804e-05
0.00018652591
1.6168045e-07
0.05070355
9.797797e-08
0.0006014626
3.13119e-05
1.2089637e-06
1.1671735e-07
5.618975e-10
0.21928066
3.4421116e-06
0.9999988
4.4471373e-05
7.601871e-05
0.010503841
1.0632792e-05
1.5037025e-07
8.21461e-09
2.1368335e-07
1.3227945e-05
0.16619754
8.490775e-07
2.2069857e-08
1.4365108e-07
2.9474157e-07
0.14465629
5.336496e-06
1.55071e-08
0.51405436
9.102572e-05
6.348991e-10
1.840438e-07
5.4510235e-07
7.152084e-05
3.445491e-06
1.4365108e-07
0.000103086975
1.2616492e-08
4.6367322e-06
9.926105e-05
5.867473e-06
3.5643306e-09
1.3355692e-06
6.3278216e-10
8.1647455e-10
0.029989017
2.2279426e-08
1.5270906e-08
4.1085295e-05
0.0037868423
7.6606005e-07
1.0729695e-09
0.011976086
4.1085295e-05
4.771437e-07
6.8890305e-10
2.6316524e-10
6.425233e-08
0.9999962
0.99998176
0.0048044533
2.1225797e-07
8.768979e-06
2.3773352e-07
0.9999953
1.3918799e-07
0.002752547
1.5309073e-06
1.2089637e-06
0.0050762882
6.622719e-09
0.020043792
2.7943494e-07
1.4447984e-06
3.125224e-05
1.470948e-05
6.195934e-10
1.0844216e-08
0.0011521461
5.760746e-06
1.8564371e-07
5.3896596e-08
1.358034e-07
0.8758102
5.8215493e-05
3.779726e-05
2.9298442e-07
9.926105e-05
2.4982251e-08
2.9022235e-06
5.782195e-06
4.251789e-07
1.44585265e-05
0.0006895544
3.9223028e-06
6.5147873e-07
4.4211923e-09
5.2774563e-08
0.92184174
1.2888024e-05
1.1675405e-08
1.751436e-08
2.6276426e-08
2.9820217e-08
3.6905794e-09
0.99790186
8.5245597e-07
0.024264608
6.3613093e-09
2.8919537e-06
4.17766e-07
1.0973797e-09
4.314366e-05
1.8004586e-07
3.7889053e-11
7.834673e-06
3.1437256e-07
5.8316564e-05
6.909005e-07
1.6892769e-06
9.3999e-07
9.701387e-10
1.6388328e-06
0.006586108
3.4421116e-06
0.2752142
0.0035959443
1.0372225e-06
0.00049833016
4.344024e-08
0.00757798
1.526945e-08
8.908395e-06
0.00013797713
6.608667e-05
2.1143862e-06
8.956719e-11
5.09012e-09
2.4497847e-06
6.8653467e-06
2.478529e-07
5.2514796e-08
4.8163365e-06
1.5057764e-09
0.99997634
6.2105195e-05
1.06927255e-05
0.69360733
0.17136137
1.4833995e-08
3.125224e-05
2.9465141e-09
1.3955105e-05
2.9441514e-07
