1.0
0.006068263
2.9207099e-08
8.002655e-06
2.3950207e-08
2.4042798e-08
5.526686e-05
1.2961301e-05
0.00083022105
4.4050434e-05
4.320991e-05
0.006695378
0.00013306148
0.13696238
0.0002119969
7.0214406e-07
1.4000861e-07
1.7684095e-05
0.0002689822
3.4220802e-06
1.11698755e-05
3.141647e-05
6.371661e-06
0.9835855
1.526159e-08
2.1986463e-07
0.21022703
2.5161798e-05
6.698839e-10
5.756079e-05
2.0993559e-07
6.446713e-09
5.477018e-09
8.582082e-09
6.436444e-08
3.987335e-06
1.347246e-09
5.321303e-05
1.6075115e-08
0.99333215
0.5276993
1.8832918e-06
0.00051979366
0.029479764
3.041897e-09
1.0986346e-06
1.5602664e-05
0.00017983739
1.8196816e-07
9.199067e-06
0.0033457677
2.7246844e-07
0.00016079492
0.0008271584
0.00030233225
2.768392e-07
0.00015539418
9.094834e-11
7.238538e-07
0.99997616
5.0190178e-05
0.9655807
1.0678988e-11
1.4681042e-08
0.0008221352
0.9996784
4.6444406e-08
1.2470489e-06
0.013320948
0.00039507603
9.445456e-06
4.9863985e-08
2.3160272e-05
0.6112962
3.7619145e-08
2.1115388e-06
2.0833536e-06
4.815051e-07
1.4010779e-08
1.4566452e-07
0.0012258978
1.1862437e-07
6.4843756e-05
1.7700197e-07
0.5276993
0.03569043
1.1724754e-06
4.3077613e-08
0.0013978586
0.0023165352
2.1365452e-06
1.0043752e-06
0.12736298
0.025036622
1.16372685e-05
1.7269525e-05
6.204087e-08
2.1365452e-06
0.014895997
0.02500475
0.3148684
7.0272276e-06
7.39495e-06
1.897487e-06
3.2480788e-05
2.1365452e-06
1.11698755e-05
0.0003261555
0.61684203
0.95573246
4.970766e-05
6.485887e-08
5.477028e-09
6.9876243e-09
4.6951223e-05
5.858592e-09
4.4050434e-05
0.0711709
3.4491568e-06
0.06490499
1.7398915e-09
4.6444406e-08
0.12736298
0.0009654261
4.6429926e-07
1.6759807e-07
1.24284925e-05
0.01601249
8.813406e-06
6.198497e-06
3.7096615e-07
0.01682837
0.0010028937
2.4135622e-06
8.950922e-07
0.0041088737
0.00013189336
3.5910547e-05
0.003694025
0.0003952448
0.0001645034
2.7835668e-07
2.3160272e-05
0.28626224
0.17523783
0.0010815411
0.0001990713
5.858592e-09
0.012519057
2.389747e-06
1.1785617e-06
0.90433514
0.00011980906
0.6912331
0.005665375
0.86904913
1.4914347e-06
4.9863985e-08
7.589912e-06
1.4888877e-07
8.8427205e-06
4.1496883e-06
2.257005e-06
4.4050434e-05
0.00032262466
0.96645385
0.9999946
2.306277e-06
0.9946835
8.813406e-06
5.2855263e-05
0.9933273
3.0294157e-07
3.4731494e-07
5.5802907e-10
1.7385413e-09
0.005522085
2.1410285e-06
0.024735719
0.0001990713
4.9638173e-05
4.9824554e-05
6.371661e-06
2.5157287e-05
0.0019249812
3.0298781e-07
5.0223884e-05
3.8913407e-05
4.0034333e-06
2.7262124e-05
0.0021266846
4.945994e-05
1.2109687e-07
3.339515e-08
0.00011224748
3.1753025e-08
0.01707271
1.1981666e-05
0.002371384
2.5415345e-06
6.357467e-07
1.0
2.2915723e-05
1.2896992e-07
3.8051706e-07
0.0006413904
0.91811967
2.6291566e-08
2.6036458e-08
0.30157053
0.090019375
3.562325e-06
3.5332987e-06
7.4073824e-07
0.26725626
5.2620552e-09
2.4006056e-07
4.686746e-07
0.2504275
2.5198926e-07
9.094948e-09
1.5443688e-06
4.8092224e-06
1.2382151e-07
1.1739189e-10
4.640312e-09
6.192844e-08
1.45382035e-08
1.31890465e-05
0.0017238501
1.7232633e-08
4.0263498e-07
2.0833536e-06
1.1203188e-07
1.4638876e-08
5.4022365e-07
2.7981496e-05
0.99999183
1.2470489e-06
1.6184854e-08
5.912449e-06
0.3649616
4.303904e-05
5.1258925e-05
4.9638173e-05
5.118199e-07
9.940323e-07
0.046506077
5.4841286e-07
3.4427092e-05
2.2869537e-08
0.0008088027
6.4843756e-05
4.2295705e-05
6.204087e-08
0.9759202
2.2400229e-07
0.00013939767
1.0002405e-07
5.0067083e-05
2.4161363e-07
1.5456264e-10
1.5602664e-05
0.6912331
7.1600226e-08
0.35409078
0.00024639114
2.3715522e-06
3.6887134e-06
0.00030803663
8.100863e-11
0.0001196004
3.914833e-07
3.8051706e-07
1.1343286e-05
7.298039e-08
0.019892652
3.8503472e-08
1.8914852e-06
5.912449e-06
1.659407e-06
3.4197686e-10
6.4346644e-08
4.26118e-09
4.848467e-08
2.2400229e-07
0.00023194191
0.0038990097
7.3850056e-06
5.270252e-06
0.9999924
5.1266306e-05
7.0272276e-06
5.5258735e-09
0.9655807
5.2855263e-05
0.00012630092
0.00086790323
2.3897417e-07
1.0452682e-07
