0.9401914
0.00029370165
1.0
0.98622024
3.4276858e-05
2.4213904e-08
5.3276966e-07
0.009192825
4.2286247e-06
0.99924505
0.0080017
1.7495315e-06
0.029168136
4.0563347e-05
1.0918028e-06
5.5055e-06
0.8945051
4.368367e-09
0.7885653
0.56693816
1.0029628e-07
0.00057124574
9.351936e-06
4.6794975e-07
2.6213054e-05
0.009572329
0.96659356
0.012408641
0.00018940147
0.0041451533
2.2356604e-05
2.7174918e-09
2.1510046e-07
0.0005643438
0.00018910247
0.031150822
0.017084222
0.016267233
0.9833101
1.4649323e-08
0.006466461
0.0005850964
8.4897265e-06
2.6801327e-08
0.025508637
1.2619384e-05
0.979876
0.3549551
3.4201848e-06
0.00010691957
1.9308177e-06
0.05724156
0.0049359216
0.0009807186
0.0010674674
6.890308e-05
0.0009090023
0.0014747229
9.797889e-06
0.24789977
1.3662398e-05
2.1764542e-06
3.751647e-06
1.5478987e-05
0.98231536
3.8230266e-07
4.8427736e-08
1.65168e-05
0.23790666
4.3795487e-07
0.0020208335
2.2519744e-05
0.00051316153
0.011579819
0.04757171
0.9998809
6.5638545e-07
0.002628568
0.052089974
0.99999994
9.671275e-05
0.001497386
2.1138196e-06
1.6346215e-07
0.99978065
6.5819536e-06
1.9287972e-05
6.212084e-06
0.0010100222
0.09130473
1.15865944e-07
0.00015114712
0.9976538
5.40133e-05
3.3996714e-06
6.966022e-06
7.511314e-08
2.67919e-07
0.9971563
5.6526974e-06
0.90321577
1.7992097e-05
3.744256e-05
5.939259e-07
1.6619611e-05
6.793396e-05
1.0195061e-05
4.0263163e-05
0.00891263
1.7501041e-05
0.006709063
0.04701479
9.125364e-06
0.9913867
5.263958e-06
0.5061737
7.6585565e-08
0.0004939046
0.028043007
0.040971514
1.4961764e-05
0.009191366
0.00092047063
0.8597768
1.6017611e-06
0.0016909698
1.3662398e-05
0.0018983941
0.00037648174
0.9995054
0.00034608034
3.4189227e-06
3.767343e-08
3.5718836e-05
0.092890926
0.00034555286
0.8945051
2.6804713e-05
0.80435246
0.43892193
1.5168574e-05
1.2888139e-09
0.000109928646
0.25659192
0.002627367
0.0021179798
0.99999964
0.0143396715
2.103912e-05
0.2157482
0.0006825107
0.0005026696
0.4806382
3.987347e-07
1.04390065e-05
5.8374347e-08
0.0009967505
3.7545676e-06
0.3794049
0.00053655833
0.0031695794
0.00012645191
2.103912e-05
2.8725648e-07
2.4665555e-06
2.5814277e-05
0.0009218534
7.2849766e-06
6.8389404e-06
0.042378586
3.1254533e-06
0.99964243
0.0044389754
0.004248902
4.4934976e-09
0.59388506
1.0772167e-06
0.0006738414
1.1102512e-05
8.140858e-07
5.6917468e-08
0.00018351349
5.390714e-07
0.9998809
0.00041323414
1.0688311e-05
3.3152132e-06
2.8034754e-07
0.20510173
0.7853573
4.931681e-08
4.0405735e-06
0.0020363203
0.049850658
1.108424e-06
5.891466e-06
2.4598653e-06
0.98622024
0.16481438
0.9890284
3.7230457e-05
2.2778786e-05
0.28158557
0.00066303887
0.07938191
0.00014592225
1.5424479e-07
0.69103914
0.022987755
0.07314781
0.0009090023
4.182498e-06
1.0195061e-05
1.335829e-06
3.1057807e-06
0.00022530569
0.0030752383
1.0029628e-07
0.00731711
0.5251828
1.3619871e-05
5.5947967e-06
0.98617715
6.248002e-05
0.0005606747
0.039931923
0.00011039242
3.583714e-06
0.0014053461
0.03829148
3.7988434e-07
0.00015639803
0.003222362
3.865767e-06
2.0728952e-05
6.103609e-05
0.7763023
4.734956e-07
0.6707689
0.99996066
0.0055075185
0.004409921
0.0021489442
1.0
0.0009206026
0.00088819244
4.106052e-08
0.0014448445
0.00010236299
1.5424479e-07
4.285404e-05
2.1048994e-05
0.0035106025
3.94193e-06
0.00015578096
2.6310235e-07
6.3499785e-05
3.5424557e-06
0.0007911221
3.0240055e-06
0.99860877
0.14157961
0.35314026
2.1026099e-07
0.00058139523
0.0002984691
0.00013075022
1.6756133e-09
4.9421857e-07
4.101008e-07
4.5480598e-07
0.011579819
3.0685876e-06
0.047909796
0.0063911546
9.4574155e-08
0.023799509
4.9421857e-07
0.5652203
4.295039e-06
3.7545676e-06
0.99966174
3.5001099e-06
0.99999964
0.0027855372
0.0010100222
0.9999997
0.0002462784
0.02474204
0.5793299
0.07964531
1.2297612e-05
0.0023652113
0.0054572164
2.369138e-06
0.03441933
0.0002486131
0.013162742
0.9998319
7.25192e-05
