0.9999995
9.654617e-07
0.49453747
4.4590502e-07
0.016765386
1.2611773e-06
0.00020803873
7.173446e-08
4.8404813e-09
0.06576282
0.14134207
0.0011895201
1.9669043e-05
1.0086525e-06
2.0373513e-08
0.009803918
2.779561e-07
0.99266434
1.05814436e-07
2.9238407e-09
1.0287014e-06
9.396939e-06
7.5648126e-07
2.6194364e-05
0.99999976
8.66092e-06
1.2231145e-08
0.006653373
0.9999906
0.00026233986
0.000255901
0.0005497877
0.9924366
1.0287014e-06
0.00015670748
1.7657139e-09
0.0043309266
1.7747807e-08
6.302855e-05
1.060913e-07
4.8250996e-07
4.935421e-06
3.1416023e-06
3.9224766e-09
0.5126636
0.00015031866
2.3366883e-05
5.3904e-08
0.00014446332
6.579387e-06
5.1366525e-05
0.0001504434
0.704833
2.0027384e-05
6.372241e-08
0.00012167118
2.5463137e-06
0.00022216582
0.0006910168
2.786908e-07
0.92644835
3.6480072e-09
5.1681786e-06
3.4065356e-06
0.00058105506
1.2906456e-06
0.01119681
5.1112823e-07
8.038534e-05
2.007564e-08
3.4193738e-05
8.6072794e-07
4.83938e-05
0.83708775
1.0086525e-06
3.2290445e-06
0.9967416
7.9952915e-09
1.2774832e-08
4.8404813e-09
0.9992101
5.7154226e-05
2.9238407e-09
2.2711974e-05
0.99315876
1.2785725e-06
0.00016939639
0.99998295
5.3920116e-06
0.0075564007
1.2391549e-08
0.9995632
0.0059318114
1.2116209e-05
0.9998462
1.4890967e-09
0.0007773849
1.4248304e-06
0.00075202266
1.31665765e-05
1.6385502e-09
0.99917936
6.980273e-06
1.9162212e-06
0.080919415
0.092240706
0.9380802
0.0012185826
6.72899e-08
0.9999469
0.011196598
2.1392427e-06
4.0758243e-07
1.1040016e-06
0.9998973
1.7707153e-07
2.9827592e-07
0.07146114
6.258533e-07
0.00017115162
3.867947e-05
0.27050745
0.0015423901
1.6074216e-07
4.2478372e-05
1.814158e-05
1.0
0.00014977783
8.970987e-05
8.6227956e-05
1.0392819e-06
0.01119681
0.00021242301
3.7756485e-07
0.027901843
1.497991e-05
9.1699184e-07
8.6227956e-05
0.002367002
2.1723422e-06
3.2290445e-06
0.0048626573
0.0076290504
0.95994854
5.1366525e-05
3.2437438e-07
0.0005112901
0.00013135643
1.0301524e-06
0.001402071
0.00022216604
4.0023293e-05
2.9592027e-07
1.4213441e-05
0.0011263785
6.685902e-08
0.9999469
0.9682742
1.2906456e-06
0.009130282
2.3366883e-05
1.4301512e-08
1.6443654e-06
0.0011263785
1.5889e-05
1.1099516e-05
0.42363983
3.4850484e-06
0.10981396
1.8890438e-05
9.064365e-07
5.3920116e-06
1.3135575e-08
0.9999989
5.38604e-06
4.014043e-07
7.249639e-05
1.9263575e-06
1.5726976e-09
6.6440416e-06
0.0026318717
0.00033218818
0.012378397
0.00019591422
3.909135e-06
0.0015713996
0.0001583053
0.00023422916
7.936078e-06
2.964747e-08
0.9999987
0.9931445
0.996229
1.2680681e-07
1.1282514e-06
0.012619238
0.0016296114
0.01979428
1.2000981e-08
0.050245006
3.1387108e-07
2.7999079e-08
6.907847e-05
8.970987e-05
0.99988
1.6493394e-06
1.0524356e-06
2.1394375e-07
9.069363e-07
5.3356157e-06
0.016780123
3.0806846e-09
0.99999803
0.0024669138
0.7557351
0.017787887
2.353338e-08
3.7689068e-05
1.5618445e-05
1.9083155e-08
5.1563684e-06
6.302855e-05
2.4403046e-10
0.62649715
0.00010576972
0.0018825317
5.5206056e-06
1.6045657e-05
0.00051786395
6.030321e-08
2.7882427e-06
1.007396e-06
0.027911467
3.2624225e-08
3.3288868e-06
0.0066428618
0.27313435
1.6849249e-07
4.6454297e-06
0.011373424
5.3986676e-10
2.1452905e-05
0.9996504
4.1016415e-07
7.7377615e-07
0.83708775
4.7608876e-07
9.825577e-06
9.526685e-06
0.00014647751
3.146711e-09
0.001402071
0.00014330918
0.044051208
3.8610656e-10
1.5972446e-06
2.3075313e-06
4.3742243e-06
2.8005896e-05
0.034652784
0.08537153
1.3428571e-08
0.023872212
1.3174275e-05
2.4010866e-05
0.012254803
2.4010866e-05
3.2316355e-05
4.935421e-06
0.0053292243
1.4563876e-08
1.363236e-07
2.1452726e-07
0.9923085
2.7705965e-10
1.7617351e-08
4.0808636e-06
1.5779301e-06
0.99998295
2.8368845e-07
3.834255e-05
0.008394914
0.026350936
2.4647727e-07
3.3894965e-09
1.2182919e-07
1.2906456e-06
2.5412668e-08
2.1452726e-07
2.155359e-06
2.5168106e-08
4.065656e-06
0.6310516
1.8817347e-05
1.1282514e-06
6.257901e-05
4.038472e-05
5.3986676e-10
3.2707626e-07
0.002518162
