0.9882583
2.0804428e-06
9.2411174e-05
5.6773704e-05
0.0045769527
7.324989e-10
0.00021642639
2.4181787e-07
3.264892e-05
3.2999822e-05
1.8982018e-08
1.605486e-08
6.8437817e-10
1.0179861e-07
5.2222234e-08
6.454849e-07
0.12514257
5.059902e-07
6.0287828e-05
0.20934218
2.821658e-08
1.8796516e-07
2.463408e-09
0.99720216
0.0002462723
8.968933e-09
6.6509984e-09
7.0111223e-06
1.3480003e-07
1.9812695e-07
3.8725016e-06
3.309727e-05
8.872794e-10
6.965816e-07
6.5074914e-07
4.2789006e-07
3.0025565e-06
0.0022678196
2.5651298e-06
1.3186728e-09
0.00032399665
3.8044153e-08
0.00033379992
0.96163076
2.9269864e-10
1.5764998e-09
0.0003787195
0.60256255
2.1138401e-08
1.1102062e-07
1.6868478e-07
1.9717787e-07
0.83204347
8.689002e-05
0.00026630695
3.7717473e-07
1.13641036e-07
2.1821697e-06
1.1474061e-09
9.060303e-07
9.238687e-08
1.0379706e-06
1.531211e-09
1.206029e-07
3.5075107e-07
1.0435745e-06
0.0072746277
0.049525082
2.4663322e-09
6.5904125e-08
0.99720216
2.4687024e-05
0.11644826
0.8290704
5.816873e-07
1.6324057e-08
1.2186719e-07
8.4615955e-08
5.081639e-10
4.0476945e-05
4.6807067e-08
1.6971021e-06
1.6731263e-08
3.7717473e-07
3.5455112e-05
0.00020953837
4.823098e-06
1.8899575e-05
0.007059191
3.8775422e-08
0.00013935515
1.3480003e-07
4.2700526e-06
3.5290104e-10
0.013098321
1.2377652e-07
1.9144444e-07
5.2034517e-07
0.05325225
1.3267147e-06
2.8866054e-08
5.1494735e-06
0.00014429797
0.0006243947
7.839043e-07
3.3460316e-07
7.439482e-08
0.0009997436
1.0250147e-09
1.4838233e-06
9.589686e-07
5.4732573e-05
1.435694e-08
1.6388542e-08
0.00014869322
4.9160487e-10
5.4732573e-05
1.1474061e-09
0.04289259
1.2433367e-06
9.683307e-06
4.6463763e-05
3.4417733e-11
1.4883952e-07
0.00013460664
9.691326e-06
1.4160632e-06
0.51491356
7.61788e-08
5.8742256e-07
7.570913e-10
1.3722591e-10
2.3370742e-07
1.8714506e-07
2.3071424e-08
1.9533171e-07
0.00015874153
1.1706349e-09
3.1724398e-05
1.1405553e-08
5.451405e-11
8.944676e-07
3.5728318e-09
4.20016e-09
1.531211e-09
1.8194805e-05
7.2524937e-09
1.7193518e-06
1.1047599e-06
1.1102062e-07
0.0025393278
6.0198516e-08
3.0366493e-10
0.0050879116
5.9985475e-11
0.00030109248
1.9113526e-05
1.4399337e-08
2.8744633e-08
8.3966517e-10
6.1683214e-09
0.0051282374
0.0007687093
2.7663966e-06
1.8726942e-05
2.5066733e-08
0.0009583302
0.0060829483
0.012312158
4.3596956e-05
1.601361e-07
1.4859997e-07
0.9999993
6.904252e-05
2.1901732e-09
3.6943473e-09
3.0810206e-06
4.2603343e-09
0.00039476168
7.7199e-09
2.9012643e-09
0.60256255
5.295121e-08
7.0643455e-06
2.0172894e-05
0.007459934
4.191991e-08
4.128021e-05
1.2467144e-09
3.0025565e-06
5.6865053e-07
0.00023838301
2.399532e-07
4.033098e-08
0.86534107
2.5554166e-07
0.00011125751
2.1922042e-09
0.000414372
5.181032e-05
4.0476945e-05
7.2750213e-06
1.8194805e-05
4.3679256e-09
5.796257e-06
5.7574688e-11
1.0082774e-06
5.669104e-05
6.3054285e-05
2.4181787e-07
3.9927198e-07
5.876803e-08
0.0018451333
0.00046766092
0.0001213618
0.0006532911
1.165195e-09
0.049525082
5.4732573e-05
2.3434175e-11
7.0871955e-08
1.0828182e-07
1.973965e-07
0.010254747
5.2001164e-06
2.0849802e-07
2.6000785e-07
0.002554506
0.0013124126
5.11693e-08
9.0776034e-08
8.8729604e-07
3.9296146e-06
0.9956004
9.7102165e-05
2.5096956e-09
0.012114622
7.665716e-07
5.669104e-05
1.0
2.8683225e-09
4.0416225e-08
1.2510703e-06
0.0034140844
1.5866515e-05
0.010254747
2.4716817e-09
1.3244544e-06
4.2719723e-08
8.872794e-10
0.0015589271
0.00015921464
5.872842e-06
0.0001788541
0.39639112
9.415308e-05
1.231405e-09
4.637316e-06
0.87053096
8.643228e-06
6.8437817e-10
0.97056264
0.0035272962
4.3824147e-07
0.00014429812
7.064332e-06
3.503615e-08
3.5279552e-06
3.899306e-06
0.0005648604
1.4983882e-05
1.0179861e-07
9.394907e-11
0.00027019513
0.00048930274
7.3066744e-08
3.1844795e-07
0.0718165
0.00022461545
5.749057e-05
1.8412297e-07
5.709132e-07
5.02881e-06
2.438817e-06
0.2140609
7.778159e-06
5.451405e-11
0.000940338
2.622936e-05
2.4717632e-08
1.1993508e-06
1.07033365e-07
0.99666035
8.7387065e-07
5.660197e-09
0.9999982
1.2433367e-06
1.6244465e-10
2.5455757e-11
5.181032e-05
