0.9071266
3.2481512e-10
0.00012972542
1.2888515e-08
4.958873e-05
1.7934895e-05
4.1216037e-08
1.4680874e-08
6.4195222e-09
3.721628e-07
6.071185e-09
5.076306e-07
2.5779107e-08
1.4427796e-07
1.5285906e-06
0.00017330106
4.4578937e-07
0.00010845058
1.1114747e-12
7.940637e-10
1.887073e-07
0.99999833
0.03392241
2.534711e-09
2.7659265e-08
1.3706942e-07
5.382176e-10
6.287056e-08
0.80660796
6.6034045e-10
2.4093112e-08
8.10173e-07
0.03936453
2.6028945e-07
5.7462213e-08
7.596682e-05
7.5966745e-05
1.342667e-09
4.3319633e-06
0.000545973
1.5221832e-10
1.1905272e-08
5.4453826e-06
4.027559e-10
4.3319633e-06
0.9722637
0.9999621
0.0016047583
1.1230208e-07
1.0707191e-06
1.3049274e-08
0.9517142
6.6021357e-09
5.253759e-07
3.9792747e-07
6.908952e-07
6.9129925e-07
1.2572272e-07
2.7424664e-06
5.6002787e-06
6.7881083e-06
9.224737e-09
3.7185248e-09
1.8942457e-07
3.4883493e-07
1.6882141e-06
3.226338e-09
4.5573455e-05
1.329823e-07
0.0005906598
8.897477e-08
6.153905e-07
3.3504741e-09
2.2393994e-07
2.5172893e-09
5.657542e-09
2.4949286e-05
6.159527e-09
2.6159483e-10
1.2089109e-08
3.0248506e-10
1.1867117e-08
0.99998176
0.30266285
1.41672025e-08
0.00049067213
0.9975762
8.0423685e-09
1.1047369e-05
3.6238752e-08
1.0289573e-05
0.002149968
0.00048142366
5.4298118e-05
2.4164642e-06
1.1795496e-07
0.39906615
4.489859e-07
6.2796827e-13
5.832627e-06
1.6033562e-08
0.0013249379
0.03404403
0.0045980955
1.974705e-07
1.07918986e-10
3.384143e-08
4.4962194e-06
2.6028994e-05
0.7878822
3.868268e-06
1.223021e-06
0.038273573
7.8739525e-08
9.2749915e-06
0.0001606305
0.04693222
9.72828e-05
4.83548e-09
6.830532e-10
2.2906164e-08
3.303151e-09
1.31580435e-08
4.2041837e-09
7.707074e-05
9.251798e-10
7.3178353e-06
3.183271e-05
2.5367497e-06
1.2521323e-07
2.120928e-08
9.758505e-11
9.251798e-10
1.169732e-07
1.23796e-07
6.643496e-08
5.4013167e-06
8.812167e-09
1.5024125e-07
2.7424664e-06
4.958873e-05
0.00012972542
3.1956293e-07
0.018838555
7.1974154e-07
1.1766997e-06
8.4723973e-07
0.000221283
9.739902e-05
1.7459365e-07
0.2640047
7.287592e-07
2.210698e-07
0.15576023
1.6481303e-05
0.9958484
2.3011862e-05
0.020723175
3.6284226e-10
5.760613e-10
7.976666e-12
1.93575e-05
2.2398133e-05
0.048822414
3.3369444e-05
1.03673865e-05
0.0010359619
2.062775e-05
3.9018035e-11
6.159527e-09
3.7929826e-07
0.042361114
3.0115127e-05
3.9018035e-11
0.010702792
9.758505e-11
6.5489135e-06
0.0047353758
2.5186642e-08
2.4032643e-10
8.5156564e-08
2.8770583e-07
0.9999999
0.62270105
8.06107e-10
6.004405e-08
1.3049274e-08
5.5729146e-07
6.8345464e-05
1.74568e-05
0.9896628
2.504385e-07
0.00029714117
4.6196854e-07
3.2464435e-05
0.07071229
7.388638e-10
2.75031e-10
0.00033330324
0.00019279911
6.7871374e-06
7.707074e-05
9.036485e-09
3.512504e-05
0.006188836
6.889457e-08
4.8473757e-06
9.9593744e-05
1.169732e-07
3.8224663e-09
2.8172453e-10
7.388465e-11
6.7766464e-08
2.9887522e-06
0.00059981673
1.984577e-07
6.2139466e-10
4.46493e-05
0.0019980967
1.0751373e-06
4.3627067e-05
0.99210584
1.4427796e-07
0.0002760005
4.6196854e-07
0.00036782108
0.00026385972
6.182275e-05
1.7962277e-09
4.9639334e-07
1.1948074e-05
5.2327116e-05
4.5278722e-11
1.2074877e-06
7.1702175e-08
1.1766997e-06
0.6532145
1.021203e-05
0.0003146251
0.79069686
1.5489532e-09
5.5156386e-09
8.812167e-09
1.1039406e-06
2.5079915e-05
4.711511e-06
7.251743e-10
2.3613109e-06
8.002493e-09
0.9999991
3.6309878e-08
1.1403252e-07
1.1749017e-07
1.4854026e-10
4.6938087e-10
4.00508e-07
0.16052745
2.5784713e-08
0.9611978
7.479026e-07
2.0919765e-08
0.9772418
2.8168944e-07
2.018705e-06
3.526106e-05
4.5757956e-06
3.793051e-06
9.690703e-09
1.2179673e-08
1.7075974e-08
5.524464e-08
0.00016613111
1.4427796e-07
0.00047547297
0.00024367968
1.8319375e-06
2.9919235e-08
0.00018748218
0.00019279911
0.99996316
6.5817217e-06
0.0077869594
0.9954904
1.3055347e-05
4.843356e-06
1.2924382e-08
0.00011694097
4.3319633e-06
1.2482141e-08
7.813016e-09
0.99999917
1.8235883e-06
4.027559e-10
3.1710763e-09
4.6186024e-06
0.000221283
8.0423685e-09
3.410951e-05
2.8074164e-05
3.1913776e-05
