1.0
1.5104831e-08
1.0769111e-07
0.0005361468
0.00028430074
3.0574172e-06
0.481203
0.38699117
5.132339e-05
0.03769601
2.9377173e-07
0.99849063
1.8341197e-07
0.44499195
0.0020091073
4.3793248e-06
0.00020109197
2.2227318e-06
0.000984952
6.0924318e-05
6.9802995e-06
4.828358e-06
0.94217753
8.690593e-05
1.3664199e-09
1.8602133e-05
1.655741e-06
0.00062735874
3.475183e-08
0.0002981372
5.4250537e-09
1.8386917e-08
1.2632063e-07
0.00019624551
0.26078194
0.00011934373
1.5109492e-06
0.00017208683
0.00019507801
1.2367061e-06
7.7444965e-06
0.00033327844
7.9106125e-05
0.09504762
1.1995821e-05
6.92639e-05
0.01281795
1.2361137e-07
0.00061650045
7.050293e-07
0.00068726536
8.433289e-06
0.00033327844
0.0005408608
0.0010195732
1.8341197e-07
5.3095964e-06
2.1465328e-05
4.2448895e-07
0.00011934373
4.6979244e-07
0.083461724
1.1689023e-11
8.722208e-05
2.6887992e-07
1.0523072e-08
6.4168626e-07
0.6408181
0.0023248596
0.09741777
1.0344723e-06
4.6096648e-07
2.2998103e-07
4.311411e-08
5.557783e-07
0.0022375477
0.9996354
5.151722e-09
6.9101714e-07
6.744075e-08
3.7327547e-05
1.0010646e-06
2.3908763e-08
1.0
0.38699117
0.015725274
2.9750565e-06
2.972933e-07
0.0002773717
7.473359e-08
0.98804826
0.0092839645
0.8630903
1.4996399e-06
6.248359e-07
1.0837034e-05
2.1347855e-06
1.0597623e-05
0.0068437806
2.8921772e-08
2.111674e-06
0.049773674
6.476937e-08
0.0020435601
0.9587356
4.604244e-05
3.0574172e-06
0.00013225847
2.5260983e-06
0.012787749
1.8020781e-06
1.223751e-09
1.0440045e-06
7.6272518e-06
7.748506e-07
4.307082e-06
2.4412289e-08
0.049190458
0.00016418922
0.977797
3.711767e-07
1.3351728e-07
7.6132555e-06
2.9881424e-08
1.9368724e-06
0.00040174733
0.00030661354
0.98731893
0.000101387945
0.001643828
4.0204333e-07
0.00036676187
1.24220105e-05
3.5786172e-08
0.983268
0.0018732242
2.9488096e-08
1.2233292e-08
0.0060699456
0.0049973074
3.8802355e-07
3.4924764e-05
1.4322226e-06
0.0009515904
3.928957e-05
0.99999774
1.2579804e-07
2.720387e-08
2.8166924e-06
0.007809697
3.8969298e-05
5.3426274e-06
0.00022158746
0.00015634182
3.3784402e-09
0.00052523275
0.032127187
1.3580923e-07
2.0113015e-07
1.6239132e-05
0.9999971
0.00028921518
0.0022870046
3.8583832e-07
9.576594e-05
0.035680134
8.510953e-07
6.3433534e-09
0.00011140104
1.05874915e-05
0.8630903
0.08954732
1.7246283e-07
1.500627e-09
1.0424644e-06
0.22827464
1.5063743e-05
2.4772464e-06
3.215656e-05
0.0002384637
0.0002689976
1.2105727e-07
0.30235577
0.068293996
4.6196596e-06
1.7175938e-05
0.10420776
0.27679342
2.292318e-06
2.8166899e-06
1.1522002e-05
2.4305152e-08
1.6495154e-05
0.0008471745
5.547742e-07
0.124022394
2.1913385e-07
4.4682452e-07
2.7048814e-06
2.233413e-09
2.791771e-07
8.722208e-05
1.658571e-08
8.285048e-06
1.2142026e-06
5.607898e-05
0.00025255224
3.49734e-07
2.9377173e-07
9.635284e-07
0.00018151049
0.0003279324
0.00043233382
8.714325e-06
0.999996
2.47454e-07
0.041123413
0.48961797
9.866517e-06
0.0011677708
0.0005037138
7.7444965e-06
0.0010518894
1.3654584e-07
6.139435e-09
0.00019230596
1.229066e-06
1.5564369e-06
5.941029e-05
1.764735e-08
0.9999966
3.9017927e-09
0.0004008506
0.0004914356
1.9862673e-06
0.028450508
0.9968583
0.0039187116
1.2978403e-06
0.00010332022
6.248359e-07
8.71597e-08
0.006349533
0.0007693755
1.6239132e-05
6.2386134e-05
1.0750137e-05
0.00015160424
0.00010456681
0.00063560513
0.00011140104
0.7665643
1.8341197e-07
1.597669e-08
1.3351728e-07
9.229596e-07
3.8583832e-07
0.20245247
0.92785364
0.013326025
2.2673898e-07
3.6624276e-06
2.3665818e-06
2.7952714e-07
9.926677e-10
6.4864915e-05
2.2268936e-05
2.7929429e-05
6.3433534e-09
0.020029586
9.889853e-08
1.5564399e-06
2.3915984e-06
1.8032987e-06
3.197759e-06
5.088802e-08
0.002871011
0.00023152522
0.9964224
0.008895836
4.6649046e-08
4.114794e-07
1.1982409e-08
1.7125501e-10
5.236105e-09
5.3090567e-05
1.3119121e-06
2.4959442e-07
0.00014295761
0.0021626493
0.0044985036
6.395453e-05
2.2409813e-06
0.0001584971
1.2858466e-07
0.00034495283
0.6408181
0.00046272995
0.024314376
1.987779e-05
