0.9999982
0.999835
0.9999988
1.0
1.0
0.99941343
1.0
0.9554008
7.4063055e-06
6.0940077e-12
5.6588196e-05
2.2243172e-07
0.47693956
1.6906776e-07
1.46391e-08
0.0003773022
0.9675672
3.2933897e-07
1.6028225e-10
8.466247e-06
1.20628165e-05
7.276425e-07
9.810887e-08
0.0048617483
2.3657366e-08
1.0492734e-05
0.0002014201
0.9999998
6.324196e-07
3.074808e-05
3.5843286e-07
7.5756084e-06
2.3787594e-07
0.04877561
0.0003773022
6.0940077e-12
4.12173e-07
8.1485945e-07
0.00035850122
0.00014403115
4.06217e-09
0.07299155
0.07963528
2.4320222e-08
0.0008795811
0.9999944
1.1683244e-06
0.0022612796
2.0745842e-05
0.00013168262
0.00092398317
2.011547e-07
0.0028607368
0.9631164
4.447485e-05
2.9648475e-09
0.9915385
1.3783451e-05
0.99999446
0.0001446254
0.00013168262
0.006219344
9.058716e-08
9.9579145e-09
0.000100921854
0.0002795884
2.923725e-05
0.0041122097
0.95401835
4.3380554e-05
0.9965683
0.015540628
9.66158e-07
1.0846202e-06
2.2243172e-07
0.006281467
1.1872753e-06
4.085626e-06
2.034182e-09
2.4001713e-06
1.3944448e-08
0.0002014201
0.00011034632
1.9451743e-08
0.0012134024
9.7660795e-08
3.5080427e-07
2.7180744e-07
0.00044061843
6.474488e-09
9.943026e-07
0.00022544128
0.015540628
0.36791575
8.9891523e-07
0.047634445
0.000121863464
6.076888e-07
8.9912554e-08
1.5852418e-08
8.730778e-08
2.0452553e-05
0.00094586366
9.671869e-09
0.0062217433
8.646868e-09
3.3191904e-05
2.0178484e-06
0.49171817
0.7661527
3.3046523e-05
1.6764901e-05
1.7492782e-07
0.004657625
1.0860136e-05
0.026582543
3.6727522e-07
0.87196404
1.46391e-08
1.9180941e-09
0.00015887251
5.701271e-06
6.812325e-05
4.12173e-07
4.4544896e-07
0.99999994
1.4713562e-05
6.3687207e-06
0.9680941
2.2860415e-05
5.298486e-05
1.7672786e-06
0.001014211
3.2007605e-09
3.81565e-08
3.7161618e-10
0.0005927128
1.4554746e-07
7.204284e-08
0.002115343
9.200348e-09
5.175218e-10
2.1003887e-08
3.2320932e-07
2.2309703e-08
0.0067238174
7.535083e-07
0.00013244576
0.15534854
0.85070103
1.0636889e-07
3.908804e-08
5.4510205e-05
4.538988e-09
0.00015887251
1.1256646e-08
1.3715075e-07
0.028223412
3.944973e-07
5.699514e-08
0.40841293
0.9993105
9.015441e-06
2.1010766e-09
8.655321e-06
3.4132606e-09
1.3298929e-06
5.1142747e-06
0.9999923
0.99999154
0.05231042
6.703703e-08
2.7068218e-05
4.1631588e-07
0.021869946
1.6728201e-08
3.0464205e-05
0.00052473735
3.3453966e-07
0.9852412
4.576901e-05
0.8185707
1.0
0.010651682
7.8600937e-07
2.0709776e-07
3.2262397e-09
4.3734493e-05
0.08893332
0.00047897367
8.979162e-07
2.9646424e-10
3.51738e-09
0.45429245
0.0014404394
1.291499e-06
0.011541514
2.9705836e-07
8.63522e-06
0.0002156009
1.1930453e-09
0.99716485
7.528842e-08
0.00042030567
0.006022577
0.0006091511
0.018136019
4.960823e-06
0.00012513522
1.1256646e-08
3.7882937e-06
4.7111484e-09
9.698215e-06
1.0097785e-06
0.031532653
2.4004501e-05
4.5270476e-09
0.00018810082
2.76855e-06
4.937511e-06
2.329493e-07
2.2860415e-05
0.9946095
2.2155068e-06
5.9042286e-08
1.5260396e-08
3.2752132e-10
0.00012718594
0.0040868176
0.0025135549
0.99990976
3.453943e-09
3.554147e-05
0.99999994
0.0010273644
7.783361e-08
6.760734e-07
1.9940559e-05
1.332493e-06
0.001774539
2.9295695e-06
5.981852e-05
6.565284e-06
0.078975104
1.2671356e-08
0.00077948015
0.00020840584
1.2507216e-07
0.0044420534
6.532458e-06
0.00061302714
2.5666568e-06
5.981852e-05
1.8085378e-06
2.7960747e-09
2.3592614e-08
0.24762456
3.896202e-08
0.057180244
7.2548687e-07
3.3142278e-05
4.4544896e-07
1.5363656e-06
3.3103845e-07
0.8702118
1.6764901e-05
1.2969404e-07
1.9351096e-07
1.5974463e-05
5.4510205e-05
3.3046523e-05
4.706301e-07
7.7593334e-08
7.692257e-08
1.9810423e-06
2.2477304e-08
0.0004795015
1.4684676e-06
3.2845473e-05
9.473886e-07
2.3969035e-08
0.9963061
1.1193075e-09
2.0745842e-05
0.9963061
8.541144e-07
1.3219907e-11
5.668702e-07
3.2262397e-09
9.436564e-07
7.1339644e-05
2.0611034e-05
5.853205e-06
0.00017099257
1.16099e-05
2.0483085e-07
0.62580585
0.021166112
2.9844747e-07
7.733374e-08
