0.020326989
1.5193185e-05
3.641794e-08
2.7337812e-06
0.031501487
4.699835e-05
0.0011631221
7.1957154e-05
1.6992999e-07
0.0019463503
1.4736944e-05
6.7168573e-09
0.00012194437
0.0038526214
2.1512462e-05
2.2162118e-07
0.9983661
8.0455635e-08
9.827309e-05
2.6283076e-06
2.0967414e-05
1.02660405e-08
3.9585477e-05
1.3087631e-06
0.0005576446
2.0224345e-11
5.66834e-07
7.461152e-07
0.00025489193
0.00010709212
8.111517e-06
9.991143e-06
2.0227017e-10
1.2834502e-07
1.8981314e-06
0.0002760384
3.77688e-06
0.9997961
1.4514362e-10
0.9998665
9.250069e-10
1.8257165e-06
3.5913352e-05
3.2230344e-07
0.5557443
6.3473526e-06
0.9995629
0.00016884359
1.5284477e-06
0.034528166
1.4919779e-07
4.5174078e-05
1.7519912e-07
0.99343127
2.1298806e-06
1.7712284e-06
5.4162683e-07
4.1632026e-07
0.0002760384
1.920438e-08
3.4815437e-06
1.67517e-08
1.1956464e-05
9.441962e-06
8.323839e-06
2.159339e-07
4.579584e-07
8.643615e-10
0.99999994
2.220536e-07
3.4815437e-06
0.000113107475
9.793421e-09
0.99999756
5.2269646e-09
0.9070981
0.00015230771
0.99997663
0.99997574
2.1997369e-07
9.250069e-10
0.00022310983
0.00073499366
0.79581416
0.00017260067
0.03418367
8.812224e-05
6.273518e-06
5.048246e-05
0.12405793
2.840764e-07
0.99416757
0.9281027
0.00010264322
0.015979737
0.00012271939
0.0008287335
0.0010004463
9.619623e-08
0.0016869281
2.1527511e-07
7.947454e-07
0.046700817
0.015068756
0.75180024
0.0008118149
0.0007826497
2.146303e-06
1.0038524e-06
1.4431011e-08
3.5144847e-08
1.0292498e-05
1.5705942e-05
0.000734994
0.00015431952
0.0003042302
0.43076268
4.450651e-07
1.0141736e-06
0.00030448148
1.8314188e-06
0.0041217287
0.012674935
6.382288e-08
5.1653126e-07
1.4152484e-08
1.2232321e-06
1.1707247e-06
5.5097317e-08
0.9999999
1.541617e-05
9.343113e-05
1.7056546e-07
4.9180584e-09
1.5625777e-07
0.0104682855
2.7028422e-09
2.8282016e-10
0.006700108
4.7362028e-06
0.0014487485
8.0455635e-08
1.532884e-06
0.99965703
1.6835509e-05
3.859237e-07
8.6143416e-07
0.050541885
0.9999966
0.028591882
0.0010004467
2.1805513e-06
1.24288295e-08
0.104076795
2.520044e-07
0.00054769096
6.157785e-07
5.4162683e-07
1.7396806e-05
0.00035299224
0.028159095
0.0040112
1.7756566e-09
3.1341216e-08
9.441962e-06
0.0012421536
4.6156656e-05
0.00019391857
0.99416757
0.00030448148
1.3666235e-06
0.0019904703
5.126257e-09
4.640469e-05
1.8952529e-05
0.002601683
0.009252929
3.5369588e-08
1.3805938e-11
0.9991704
7.897339e-07
0.00042121898
0.003389197
3.658601e-07
4.345431e-09
5.9702083e-06
0.98986226
0.001769309
3.9379673e-05
1.6189831e-06
0.9559385
5.444493e-07
2.9942219e-05
0.0013789658
0.00019391857
2.2712484e-07
2.9015123e-06
0.0009516938
5.9171907e-09
1.4654121e-09
0.0104682855
0.9973388
5.0577694e-07
8.540849e-09
1.1586296e-05
0.0009976622
3.5870298e-07
1.632126e-07
0.04661854
4.1389903e-08
0.29411963
5.6964275e-08
0.0006030526
2.2559597e-08
2.6910058e-05
0.97165084
0.0008118149
0.0009870873
0.00018465053
5.0136555e-07
5.3920763e-07
4.3021064e-06
1.360864e-05
0.99721944
8.375677e-06
6.243574e-06
8.874889e-05
0.105151206
0.00035299224
2.3477629e-05
5.8706302e-08
6.6107293e-09
0.0001649594
0.9974821
2.135204e-07
2.0890557e-06
1.5625777e-07
8.118088e-06
1.57974e-06
6.547207e-05
0.00032245772
1.3965796e-08
1.2372403e-05
2.857894e-07
0.0026417058
0.00037074584
0.00047341143
0.0001649594
1.6261926e-06
1.09125466e-07
0.99969554
5.235067e-06
6.023384e-10
1.9009973e-06
1.0968403e-06
6.766211e-08
0.0007165792
1.1291297e-06
1.7888116e-06
5.235067e-06
3.0510441e-06
1.2232321e-06
0.000120028955
0.49142277
0.99998546
3.8795474e-07
2.9855276e-08
0.0024127618
5.2269646e-09
2.2755705e-05
2.9942219e-05
0.0015567747
4.0377742e-07
4.5714164e-06
0.99892783
5.342078e-05
0.00018465053
2.7327822e-05
1.0294457e-07
8.7986166e-08
4.9180584e-09
3.0207311e-05
0.0003872996
5.0922296e-08
0.6752713
0.00062029256
0.9972215
7.629582e-09
0.48292902
0.00086147914
0.0060302233
4.6156656e-05
5.9171907e-09
1.0455808e-06
3.7897713e-08
4.990775e-06
0.00047467754
5.3966653e-07
1.0910211e-06
1.4667887e-08
