1.0
8.234501e-09
0.0005056616
2.826981e-07
1.4498708e-09
4.9071963e-07
4.6212813e-06
4.6675922e-08
1.6041566e-06
0.070434675
4.9238142e-06
7.983924e-09
1.757808e-08
0.24996114
2.526544e-09
9.2038235e-09
0.5663928
1.1573861e-07
2.3693576e-05
1.0166158e-06
1.8417825e-06
2.5919709e-09
3.7550326e-08
0.8457519
2.352052e-05
6.541084e-08
8.151357e-05
2.2380025e-08
7.136705e-09
0.00018585485
4.4563883e-08
7.096305e-07
9.541e-05
0.19627248
1.5852871e-08
1.3688393e-07
3.700654e-08
0.00021785952
0.00015102753
7.179386e-08
7.540345e-07
6.541084e-08
9.598849e-06
5.9289596e-07
1.2647638e-09
8.356015e-08
0.00018734709
8.025991e-08
1.5979325e-10
9.497397e-09
2.2459515e-06
5.279621e-07
0.0018381473
0.0003005069
6.768095e-08
1.2454761e-05
0.06466854
4.917934e-06
7.425675e-08
4.314233e-07
1.1106589e-08
7.425675e-08
5.1467646e-07
3.1603595e-06
2.6309699e-05
4.213946e-09
0.25921696
5.404262e-07
3.0543477e-05
1.3305107e-05
1.60082e-08
8.8804694e-07
0.47223082
0.21864069
0.00048466958
0.00018585485
4.242645e-06
0.00016801634
2.405344e-08
6.830806e-10
1.1727635e-07
9.950594e-05
2.5204648e-07
2.6424675e-07
0.008957803
4.284362e-06
0.018300772
1.2766981e-07
3.9252233e-09
0.35645565
1.3069511e-05
1.7778934e-09
0.0060639763
0.9386603
1.1656202e-08
3.3391237e-07
0.9990804
1.9439504e-08
3.8382197e-08
3.3804852e-08
9.1385596e-07
0.00018803698
0.0017392806
0.0009311399
0.11028349
3.0366565e-09
3.3977623e-09
2.461928e-07
4.955645e-06
0.004982582
0.9935661
1.2725215e-09
2.1028426e-07
0.974978
0.92930603
7.022525e-07
1.9920753e-05
4.320349e-09
9.096898e-05
0.00014453413
1.5404589e-07
5.737906e-05
1.7844808e-09
1.579667e-08
1.08586855e-05
1.7844808e-09
7.928141e-09
3.8708774e-07
5.2744992e-05
5.4884373e-09
4.695955e-05
0.004015315
1.3501426e-05
1.9833105e-06
1.9439504e-08
0.0037223133
4.427768e-08
0.99901587
0.0011729482
6.2100185e-07
4.3966998e-06
0.22025219
0.7116195
7.9211687e-10
6.8901404e-06
6.65882e-07
7.161299e-07
2.4730753e-06
2.992367e-09
1.7100092e-08
0.76037896
0.008153217
0.40486407
1.0114209e-05
0.76538974
0.9971732
2.8276656e-07
1.9225188e-09
0.011676027
0.00026795143
5.7785568e-05
1.5847974e-05
0.0002044802
0.0009607153
2.2307788e-08
1.7037288e-05
4.1045876e-08
5.737906e-05
5.037595e-07
0.0008252355
1.493705e-09
0.0060078343
1.2943752e-07
2.3844596e-08
7.592914e-07
1.6974154e-10
0.0018381473
7.7112445e-06
5.111253e-12
7.165026e-05
1.5847974e-05
3.4538334e-07
0.00017803196
0.0026424343
1.0114209e-05
0.24996114
6.1784147e-07
4.830403e-06
1.0514972e-05
4.2545527e-09
2.1146958e-07
2.8256337e-11
7.644721e-08
0.019123165
0.11028349
3.6169363e-06
8.102148e-05
1.727277e-09
7.295322e-06
0.047392752
3.5182478e-07
4.9071963e-07
2.2054892e-06
0.00023922385
7.5239603e-07
3.5999228e-06
4.6837947e-09
1.2758775e-05
2.2459515e-06
7.9577624e-08
7.9211687e-10
0.0010842697
8.151357e-05
6.697869e-06
5.8586735e-05
9.5198884e-05
1.3501426e-05
3.309808e-06
9.680104e-08
7.852595e-08
6.61535e-05
7.2226925e-08
6.579854e-05
2.59529e-05
1.3743982e-05
2.0969782e-08
9.950594e-05
1.1710255e-05
1.7832657e-06
4.0523908e-08
0.004730111
5.164347e-07
4.6459294e-07
3.7774885e-08
4.875053e-07
0.0033923972
1.9904232e-05
2.0478925e-07
0.0008761841
8.102148e-05
1.6129754e-08
1.8856375e-07
2.1146958e-07
9.0654225e-08
2.1770823e-07
0.00022044255
0.22314961
1.5562394e-07
0.004457677
2.5627678e-06
1.2670866e-07
3.1682006e-07
1.8555074e-06
1.9833105e-06
0.00021799708
0.00028423624
1.3545101e-08
4.2548454e-06
0.00197978
1.8649405e-07
3.1268723e-06
0.00065879757
3.1215186e-05
6.388256e-08
0.0005962799
2.3494792e-07
1.9282036e-09
0.00015683753
3.7706354e-08
2.1277004e-10
2.3258042e-09
0.00018541128
5.3469703e-06
1.0507147e-06
0.9504463
1.98964e-08
6.090185e-08
3.613529e-08
7.119503e-05
0.9181444
0.004015315
1.0972844e-07
0.93730676
0.14158012
0.0005375417
6.6892693e-07
1.2282536e-07
3.0484956e-05
9.891852e-12
9.934907e-08
1.5063251e-09
0.00011533344
2.8617926e-05
3.063107e-09
4.4563883e-08
1.1760518e-07
4.804345e-07
5.037595e-07
1.02445284e-07
3.0558144e-08
