5.653484e-06
1.2634887e-06
0.9997639
0.27662662
7.333733e-08
0.00020057915
3.1215305e-10
2.0161192e-06
7.521818e-06
6.761849e-07
5.4132318e-08
1.1015156e-08
1.33513995e-05
6.4959394e-08
4.0960007e-08
2.6822484e-09
9.372173e-08
0.0065797903
0.0027905656
6.444205e-09
1.9817545e-08
2.7707875e-07
4.7890117e-06
1.9004461e-06
9.474188e-08
0.00073445385
9.372173e-08
0.12713219
0.00012667481
2.1056021e-09
0.061090663
6.260957e-05
0.00011886162
2.6083369e-09
4.8374704e-07
1.1192781e-06
1.541498e-06
2.5589687e-05
0.0025906651
5.433377e-10
1.2779727e-06
0.9999987
5.953402e-06
1.0132639e-05
1.1321544e-06
0.99938244
4.7076902e-09
0.000102365826
1.2986554e-08
3.8126946e-09
8.233186e-08
1.9817545e-08
0.41461703
7.842327e-08
6.3383583e-09
0.29647884
5.0997284e-10
2.4834742e-07
2.2509465e-07
0.0017166538
2.055317e-08
2.8205105e-09
1.5251234e-07
2.2016702e-09
4.869691e-07
8.128164e-05
2.8288558e-09
0.00017506455
2.0185362e-07
0.00026116817
0.06496935
5.349658e-06
4.23665e-12
1.3299568e-08
1.7817255e-06
2.6822484e-09
1.7648788e-09
6.312449e-06
1.1845316e-06
1.2334975e-06
2.0783149e-05
1.6254684e-07
2.901424e-05
1.4693737e-07
0.00021181101
0.998822
1.9006863e-09
1.3795399e-06
0.7340924
0.00010444633
6.0878595e-09
2.358458e-05
6.5672856e-07
0.00027516944
7.1485447e-06
1.2051396e-06
1.2481849e-09
1.6896766e-07
8.942407e-07
0.008871296
0.0014113433
2.9545506e-09
0.99775535
3.8762313e-09
0.0010179712
1.6949703e-06
1.0702887e-05
5.488555e-08
0.00020313992
3.7236125e-06
1.1671658e-09
2.3310447e-09
0.0028816536
8.241511e-07
0.9288057
0.9999999
0.00044380227
4.7875222e-08
7.774303e-06
9.372173e-08
0.060690742
0.999329
9.560191e-07
9.247534e-07
1.1139537e-06
0.00016064658
0.0002152704
1.6483393e-06
2.1492653e-05
4.3829831e-07
0.00030738593
5.792344e-05
2.3310447e-09
8.115611e-07
1.3085763e-08
0.9918679
4.571073e-09
1.325469e-06
0.00040280653
9.064322e-07
2.0009473e-07
0.0065262425
4.7399952e-11
0.002428576
0.0007205358
6.761849e-07
9.402047e-10
0.00011104331
7.938683e-06
0.020742528
3.741721e-07
4.571073e-09
1.2214481e-07
8.217266e-06
0.00015109207
0.26376843
2.5482259e-09
0.0016693653
0.97992676
2.6792382e-08
7.513258e-06
3.8533962e-08
1.29396385e-05
0.99578935
0.0052690436
5.5089856e-08
0.00011282244
0.0008505219
6.260957e-05
6.002676e-06
0.00011776256
7.2236817e-06
6.25715e-05
3.7358634e-05
0.07578137
0.008871296
0.999329
5.4132318e-08
0.9999934
3.7332066e-09
1.9519743e-05
0.016117908
0.005424113
1.9966568e-09
1.5218655e-08
3.7452767e-06
0.0010179712
0.0026944191
9.752202e-06
4.7533915e-05
2.4448852e-07
1.7817255e-06
0.015278379
6.0940073e-07
0.9999346
0.61613923
6.353054e-08
3.270368e-06
1.8501746e-06
1.8589368e-07
0.013327342
2.1914933e-07
0.29298845
1.5533865e-07
0.29582772
9.733885e-07
0.00034830594
3.44691e-07
6.3005736e-08
0.5753982
2.3255516e-06
6.461414e-08
0.0015401477
1.5832746e-05
0.0022295795
0.00020719208
3.0568458e-06
0.99578935
1.0395245e-05
7.5930444e-07
0.9743365
3.6977616e-07
3.782914e-05
0.44831088
5.314551e-06
2.4813558e-09
3.270368e-06
0.005546194
0.03146303
0.0011197536
1.2241162e-07
7.2534895e-06
5.088044e-06
0.99991226
0.0005376493
1.0
1.8724076e-09
3.301748e-08
7.152167e-07
3.4393963e-08
0.9715065
0.0001732031
1.3114577e-07
2.055317e-08
5.312258e-07
2.8205105e-09
0.002034999
2.3757514e-09
2.4950832e-06
1.1779144e-06
1.5533865e-07
0.0015954572
8.241025e-08
2.98546e-05
1.668934e-06
3.394347e-05
2.684656e-06
0.000102365826
1.510834e-06
0.0024459648
0.0026008377
1.9807736e-05
0.99938244
4.0672303e-06
9.705042e-05
0.017851882
1.0330999e-06
1.2830271e-06
1.1631306e-08
1.5671587e-08
0.00013915093
0.9834483
0.998822
0.0007511975
0.0028816508
0.9999945
5.1375246e-05
1.6476997e-07
2.7506145e-10
4.6480477e-07
6.6217463e-09
1.603866e-06
0.098354265
0.000104442945
1.6946422e-06
0.9616361
0.9999908
2.4395022e-05
6.3958396e-08
1.06437845e-08
2.684656e-06
0.0007225423
5.3572498e-09
0.041749742
4.9586506e-05
3.301748e-08
4.8071634e-06
6.0878595e-09
4.1450554e-09
0.00016829901
