0.6553653
0.00068289
0.00021301383
0.009557801
5.232956e-05
4.6057056e-07
0.5036244
2.6592281e-06
0.027898002
8.1431315e-09
6.3421095e-07
4.357127e-08
0.023495937
1.30190925e-08
1.1976077e-06
0.0065265545
0.9994701
9.675448e-09
2.5014301e-06
0.005192919
0.9999992
0.0007053756
1.0552195e-06
0.9957497
5.481428e-09
1.062713e-06
1.0711051e-06
2.6592281e-06
2.3744711e-07
0.6686094
7.989714e-07
0.54645485
2.7194792e-05
0.000325295
0.00041377242
1.3894987e-05
6.8413993e-07
0.99535453
7.211074e-07
2.7795722e-05
4.3735956e-05
0.9893282
0.00034360698
0.00016022008
0.7752925
0.66439265
2.7432894e-05
9.0702105e-07
0.00014189829
0.12463652
1.8399266e-08
0.9995936
9.242536e-05
4.951664e-07
0.8334281
0.9998584
2.6462692e-05
3.3611443e-06
0.002364706
0.000826586
2.2306729e-07
0.0025333322
8.2463384e-07
0.00011723428
0.9998985
0.9303804
5.2553503e-05
2.9773399e-05
1.2751447e-06
0.0056219287
9.949447e-07
1.5589215e-08
0.026458608
2.9046687e-05
5.2977986e-05
1.6126565e-05
0.00031486902
0.0002872197
0.1079595
1.1162347e-05
2.0734808e-08
0.2694844
0.0019703167
0.01267984
0.0013140104
3.7325756e-07
2.2442434e-08
0.9979033
0.00089035224
2.235908e-07
3.8192382e-05
0.008590044
1.0305045e-07
1.4483453e-06
1.10354285e-05
1.5922964e-05
0.8334281
1.6661254e-05
4.481215e-06
1.2751447e-06
2.0450723e-07
0.0009800807
0.01267984
1.777286e-06
0.096357256
0.00039561818
2.8572329e-05
0.99999416
2.1247274e-06
0.0042446293
0.15211867
0.0008888032
0.00026701094
1.6807024e-06
0.1016348
0.0046110647
5.326607e-06
7.499326e-05
0.9999989
4.794522e-08
6.0247396e-10
3.177878e-07
6.0067694e-05
1.7112072e-07
0.0638878
0.9999992
6.2550134e-05
4.3196737e-06
7.337684e-05
1.9212716e-06
0.00015906653
6.2550134e-05
0.99878126
0.18836062
1.3914007e-07
7.24715e-05
0.00017103725
2.8251318e-06
0.7489239
0.016460601
9.5976674e-08
8.601284e-06
4.794522e-08
0.0001558221
0.0009202027
1.1340929e-06
0.0010357942
0.9999397
2.543336e-09
5.068605e-08
1.5658536e-07
3.951118e-05
9.591688e-07
3.7623027e-05
0.00023685896
7.3326387e-06
0.00031196856
4.5178726e-07
3.8057653e-08
0.0002317359
0.9881506
0.9999953
8.338744e-06
5.507294e-08
0.81039757
0.0007328008
0.6909202
5.4108517e-05
0.0005643626
1.8554017e-07
0.23899584
0.019456534
8.267e-07
0.00020271714
5.37017e-05
0.9607845
0.9999994
0.011256034
1.5945202e-06
6.094855e-05
2.0407192e-08
4.926642e-08
0.00035923265
2.315129e-06
0.0079581775
0.8334281
0.00024151425
0.0012909546
1.8429688e-05
0.0014786328
8.415439e-05
2.9695582e-07
3.456572e-05
5.4713585e-09
0.0013359332
9.949447e-07
0.004824467
0.00011337949
0.03168869
5.088772e-06
0.00024327112
0.0027526752
0.7130319
0.92326295
0.7172907
0.00031999976
1.6499608e-07
8.524088e-07
3.692417e-09
5.022298e-07
1.6661254e-05
0.1339682
1.208255e-10
0.00042797133
5.481428e-09
0.00064318825
4.569637e-07
2.4576607e-07
0.00014247111
0.9999518
0.032866552
5.4433195e-07
5.1967962e-08
0.023495937
0.99992895
0.28239584
3.238747e-05
3.3747263e-05
0.00037315174
0.0046110647
7.583326e-07
0.0004108824
0.0060821646
0.011798117
0.086162604
1.5406265e-05
0.0026545979
2.914658e-05
0.35137394
1.7812144e-07
1.1955315e-07
3.9264688e-07
1.0682085e-05
7.827918e-09
0.29782447
2.3242103e-06
0.015270612
0.00039295942
2.568552e-06
0.99810314
2.1220089e-07
0.99999934
2.0039373e-08
0.086162604
6.8873554e-08
0.10109053
5.1794068e-05
5.4969646e-06
0.5188819
1.1659086e-05
0.0014632327
0.00085163576
0.01575932
1.0565266e-08
0.54719126
2.525758e-05
0.16018157
6.869327e-05
0.00062715163
2.3552328e-08
7.825903e-05
0.99381065
8.555102e-05
0.90338635
0.0054890816
1.9554488e-08
1.8740827e-06
2.3482936e-08
0.11886879
0.0005326236
0.21584593
0.0034608273
1.6126534e-05
8.7005894e-08
0.0007185014
4.5174417e-07
0.61273694
0.0056219287
9.949447e-07
0.0032631366
0.99965245
1.410902e-05
0.001681458
0.5036244
0.27690592
0.016975304
1.08819926e-07
9.80807e-05
0.25453815
3.9619846e-07
