0.99374413
7.632276e-05
2.6782908e-07
4.9673895e-06
1.2383499e-05
1.2578983e-08
0.0001022118
1.1509331e-06
1.1614718e-05
0.63028926
0.999999
6.8394945e-07
1.3910109e-06
0.0017174557
1.2700517e-05
0.9981873
0.91805017
1.2112598e-07
0.04384703
0.5751284
4.063296e-08
5.7689816e-05
1.9889822e-07
2.1684844e-08
1.3472647e-08
0.004222002
1.0
0.1322351
0.0048729545
0.003652367
8.836534e-05
4.288668e-08
3.6935712e-06
0.014378099
0.000115726616
0.0007229659
0.007844632
8.923512e-06
0.4481186
0.0013773069
2.4810387e-09
0.00016333803
0.99939567
1.7372915e-05
0.00010741551
5.223454e-07
4.063296e-08
8.033113e-08
3.357988e-05
0.00018406779
5.443169e-07
0.1423893
2.345308e-08
5.4454085e-06
0.9999989
0.9996547
5.443169e-07
9.480282e-06
0.00058979116
2.0660313e-05
0.113600284
2.3201723e-05
0.00078079855
0.00014924408
0.113600284
0.08756483
6.3228303e-09
1.7258836e-06
4.331871e-05
0.99998146
0.00015572169
0.00020895978
0.0012579083
0.00571021
0.0026800397
0.113600284
1.8983273e-07
5.296311e-06
2.927676e-08
3.374617e-07
9.652298e-07
1.6548807e-06
0.0012300642
1.6688323e-07
0.9883443
0.69864136
4.7314395e-05
6.506914e-08
0.99999297
0.010737275
1.7265393e-05
7.2884927e-06
0.0012238339
0.44404265
0.011120393
0.0031029978
3.0947032e-07
0.002571521
9.5060966e-07
4.404111e-05
4.414859e-06
9.070555e-09
7.48144e-05
3.6739298e-06
3.5115725e-05
4.949307e-06
0.99999523
7.2791875e-07
1.8308849e-07
7.794875e-08
1.643183e-08
0.0010513134
0.03082946
8.1069935e-05
4.0028385e-07
0.00032039266
9.8700475e-08
2.5572053e-08
1.5613128e-05
0.70151114
5.8807836e-06
1.4120624e-05
0.23520273
1.1528156e-07
0.00078079855
0.018191293
0.009913375
1.9143489e-08
0.62540436
0.57549286
0.00032039266
0.047685266
0.0013240057
0.0001022118
0.03258627
4.877997e-07
4.4178496e-06
1.3766361e-05
6.2161967e-06
1.5556e-06
0.9312169
2.7886676e-08
0.13178773
5.592268e-06
1.1509331e-06
1.207399e-06
0.00030362056
0.9998532
6.732505e-09
3.3730896e-06
2.5080178e-07
2.8227076e-05
1.8866052e-07
1.8857019e-06
2.4195975e-07
0.0001022118
0.15172836
0.99291927
0.000803014
0.9999017
0.9549582
9.115583e-08
0.00018744804
1.3464991e-08
8.047066e-07
0.013302278
1.2226396e-05
0.6108411
4.7199388e-05
0.89885396
1.9198711e-05
5.344197e-06
4.112244e-07
0.9827349
0.28261173
5.7978214e-06
1.545437e-05
1.1193912e-06
0.029752262
6.371371e-05
0.99992824
8.1186044e-11
2.6892176e-05
1.7089389e-09
0.1379392
0.006403133
1.8799152e-07
0.93900883
0.0016439657
3.658577e-06
9.2177385e-07
9.202897e-08
4.7110882e-07
5.7485693e-05
1.1428444e-07
6.5011925e-09
0.0013240057
0.0023280692
8.343692e-06
5.6682497e-05
0.0013427236
1.0551758e-05
1.6513714e-07
7.4191717e-06
0.00031139742
2.6383026e-07
3.5408445e-06
2.0447405e-05
1.1317536e-05
0.13178773
0.14528705
9.202897e-08
0.0013240057
2.5391035e-05
3.2308645e-09
0.0016824227
0.94562906
7.2884927e-06
0.0067329756
2.992689e-05
1.23629595e-08
4.2740268e-07
1.0474832e-08
7.632276e-05
9.369692e-05
0.0054639964
4.5924344e-06
6.8394945e-07
0.055618286
0.6671399
1.1184383e-06
0.066939056
0.00013981434
1.9476895e-06
0.0005877581
0.01793395
6.8488145e-05
0.25753117
0.0005626997
2.7369946e-08
0.00020362104
0.0013773069
0.0011353688
4.5242685e-09
6.210502e-05
0.9981873
1.6843303e-06
0.00017779428
6.3228303e-09
4.7314395e-05
0.1322351
0.89885396
4.998435e-07
3.3304274e-05
1.1234573e-06
0.10594395
2.5780238e-08
0.0009457109
0.00019442901
0.00035794696
6.44818e-05
7.5043354e-06
2.0488048e-07
0.00028103447
1.9517453e-05
4.112252e-07
2.4037212e-05
4.8661022e-06
1.3766361e-05
0.07717388
0.0013291251
2.1526894e-07
8.694647e-09
1.0987133e-06
1.8972854e-05
4.288668e-08
0.00159966
4.8696747e-05
0.00020362104
8.56805e-07
2.0951884e-05
1.9517453e-05
2.3191052e-10
1.6638117e-08
0.00022109994
4.333174e-06
1.1317536e-05
2.3143102e-06
0.0032468338
5.560854e-05
2.5962505e-05
0.00019300917
1.5140995e-06
0.06614992
1.903894e-05
0.00031139742
0.00010539841
0.88711935
2.2138408e-08
0.002643313
