0.9986935
0.07021666
5.6662185e-11
1.512939e-09
1.228557e-09
4.361908e-12
8.278209e-11
1.0555716e-12
9.984669e-10
1.1298289e-08
4.3715132e-11
5.1779307e-11
2.9693251e-06
3.6874465e-10
1.13301084e-10
1.05682524e-07
1.510061e-10
4.2169958e-07
1.2959867e-05
1.9150517e-10
0.00091650494
4.026902e-12
2.2019053e-09
2.1799362e-10
4.0810804e-09
3.7611542e-08
5.6641223e-11
1.2687075e-08
6.3750555e-10
1.9195442e-12
1.6405462e-08
2.7358986e-08
3.1987798e-11
1.3472441e-08
6.270745e-08
3.5981689e-06
1.1171006e-08
2.6510105e-12
3.1954886e-10
2.6148423e-09
5.401049e-06
4.52171e-11
4.317688e-05
4.304484e-12
9.556944e-13
6.3348016e-10
4.458087e-09
2.3315039e-08
4.830871e-09
3.6617777e-05
1.3974321e-12
2.0430647e-11
8.596191e-12
0.032393783
1.7444312e-12
1.3829104e-11
1.6764573e-09
1.0880909e-06
5.2703366e-11
1.1263818e-12
9.293861e-09
6.7435285e-10
9.860474e-11
6.3139005e-09
4.4505084e-09
5.604976e-13
2.234484e-05
4.4385997e-12
1.8323904e-05
2.4952293e-12
7.4950815e-13
0.07307088
1.4138682e-10
9.116363e-06
7.895924e-05
1.40042985e-05
9.0905466e-08
1.1415907e-09
3.9733968e-07
1.470536e-09
2.4050217e-09
2.3321796e-12
1.7656394e-06
3.3259353e-09
4.051971e-09
2.4952293e-12
3.11235e-11
5.649883e-10
1.113386e-09
3.3115537e-09
1.8770005e-11
3.2507497e-09
1.3974321e-12
0.9830076
1.720529e-10
3.0194697e-12
4.837402e-15
5.3170374e-10
9.279974e-09
5.2162786e-06
2.898799e-06
2.0585684e-09
1.2183641e-09
0.4806694
0.89469075
3.0194697e-12
1.389013e-09
9.93458e-07
9.671647e-09
2.0871063e-08
7.428323e-12
7.82825e-08
4.274624e-06
8.301412e-13
1.3555969e-10
1.17682596e-07
3.5321062e-11
1.2146869e-08
1.4799917e-07
2.434222e-08
1.6339366e-10
9.93458e-07
8.187693e-12
2.213065e-11
3.114553e-11
1.26101405e-08
7.1479364e-11
9.680417e-08
2.8994374e-10
8.131856e-06
4.1680255e-07
5.868785e-11
1.5063394e-09
1.4122125e-15
2.7881673e-12
4.2307956e-08
3.5615937e-08
1.2146869e-08
2.3705278e-09
1.9164831e-11
8.520398e-07
2.7469953e-11
4.84537e-06
7.356597e-08
2.901696e-09
1.8363233e-11
1.3906308e-05
1.0035948e-10
7.887917e-12
3.4690555e-09
5.404614e-13
1.7687948e-09
3.7366786e-07
1.3116849e-08
2.2629269e-13
1.5469232e-07
2.2055906e-10
7.492252e-09
5.5126725e-09
1.889026e-10
5.8088543e-09
1.8945105e-10
4.9408806e-07
2.2525122e-11
3.8635048e-07
1.0128204e-05
2.6428446e-10
1.3955025e-10
6.318842e-12
1.03414964e-10
2.733082e-05
1.2319594e-09
2.0898993e-07
8.497611e-09
1.5454885e-05
5.6599538e-11
5.0638266e-10
5.0361054e-10
5.7986314e-11
1.1542583e-06
1.1241159e-11
5.1453435e-11
6.9805835e-11
4.502048e-14
8.092285e-09
3.2735556e-07
1.2156914e-14
4.562793e-11
4.9903304e-11
2.3914806e-10
1.8407943e-07
1.9976177e-08
9.729916e-12
2.816282e-07
6.802478e-13
5.8537132e-08
2.2019053e-09
4.3597685e-09
1.1314809e-08
0.0002603646
3.7236472e-10
1.1888961e-11
7.301046e-08
1.7931211e-07
0.0019032231
4.5577858e-07
9.28405e-08
4.5577858e-07
6.2033123e-10
1.9075477e-08
0.00011541705
2.33043e-10
1.3955025e-10
9.951782e-09
2.2049068e-12
7.226799e-08
1.652959e-08
8.5047274e-13
7.061444e-10
4.4505084e-09
1.06562815e-07
9.393192e-10
4.3108354e-08
3.764269e-08
3.7384974e-11
9.860474e-11
1.1655679e-10
5.5006093e-11
0.00048146426
4.666275e-08
5.6408002e-08
4.343585e-12
8.1598134e-13
5.0361054e-10
2.8273278e-10
6.2130726e-05
0.00052922545
4.929688e-07
1.2826597e-11
3.5109284e-11
2.5130042e-10
8.4137736e-10
1.440268e-09
4.977448e-07
6.848852e-09
6.8095304e-12
0.0036978354
4.9461955e-09
4.666275e-08
2.816282e-07
2.3424054e-09
0.09184189
8.609576e-09
2.4924245e-06
7.090288e-13
1.389013e-09
0.0012616845
1.8271186e-06
9.2084895e-10
1.9844695e-09
0.26482588
0.07570606
5.651607e-10
0.0014302193
3.7089073e-08
3.0194697e-12
2.0321788e-11
5.751235e-11
2.5760474e-12
3.971047e-12
1.3237034e-08
1.1298289e-08
0.00013537768
7.6710414e-08
2.384048e-10
5.604976e-13
9.068847e-08
2.1989464e-09
8.8881354e-11
2.514121e-10
4.011499e-13
5.098272e-09
2.1725715e-11
0.37733933
2.3269076e-14
0.00044956073
8.948926e-05
1.2708944e-12
2.8994374e-10
5.2703366e-11
1.386398e-09
0.98342156
1.2844592e-11
3.7415073e-05
0.07021666
2.0898993e-07
6.890646e-07
0.00013682182
4.7947712e-11
1.3605686e-06
