0.9981624
0.00056139845
0.07050406
0.00024487588
4.228099e-05
7.4245895e-07
0.0003226262
6.69877e-06
1.6244178e-07
0.9999343
6.3172456e-07
0.9981624
0.0031575449
3.0549984e-08
1.0
0.019970085
2.4662675e-08
0.00059609924
0.00036431107
0.00575643
0.9981624
0.99999994
4.338427e-08
0.081541754
0.0011931345
4.2722963e-09
2.1460433e-08
1.2319998e-06
0.052982945
0.0021503496
0.88654083
4.9215327e-08
5.7818033e-05
0.0019962187
0.99999577
8.822899e-06
6.893282e-07
3.8982573e-10
1.0877256e-06
0.00010503521
5.9510326e-09
1.0
0.02064703
4.3895234e-06
3.550565e-08
2.3327618e-06
1.5952152e-07
3.141635e-05
0.081541754
0.99386
0.00025789574
0.077931106
7.865005e-07
3.2357061e-06
8.8562246e-10
0.9918809
0.872621
2.665551e-09
6.5469374e-07
9.138855e-06
2.612361e-08
1.7872993e-07
8.2491344e-05
0.00015883252
1.0713712e-07
1.5917104e-08
4.6871477e-08
1.9214556e-05
6.603168e-05
5.148549e-09
0.0008057139
6.188916e-06
0.008369389
2.442727e-07
2.8515473e-10
0.00033550715
0.0042605284
5.317811e-06
5.1068295e-05
9.105396e-09
0.9682436
0.01234483
1.1853633e-06
3.7421128e-08
0.0018631092
5.9024944e-07
1.0712829e-06
8.5605524e-07
7.859458e-08
1.5003837e-06
0.0031617982
0.0026682268
1.0797947e-07
1.2644405e-05
0.00028129717
1.4964832e-05
2.2000803e-08
2.0115973e-05
0.00014716112
0.6362602
8.834802e-09
0.8499119
0.958897
3.0082088e-08
8.8197345e-07
1.5836089e-07
0.99386
0.66129315
0.02161621
0.8217421
9.995202e-06
3.9779648e-06
1.8056874e-06
0.96467423
0.00057592517
3.7969303e-10
9.40033e-09
0.0014478416
2.9528836e-05
5.8251835e-06
1.0797947e-07
0.0005839443
1.983002e-05
0.9999941
1.301862e-05
7.434573e-07
1.2811792e-07
1.0580369e-06
5.6730246e-06
1.3747695e-09
2.3112033e-08
9.1866745e-08
1.6202668e-09
0.02282047
1.5707588e-08
0.3844056
0.46280828
0.99995977
5.366132e-06
4.916382e-07
6.411644e-08
0.027144616
1.3455924e-06
4.2437337e-06
4.3895234e-06
0.00020577732
0.003527489
1.1400351e-05
3.9018345e-05
0.0012642521
2.9276856e-09
0.3460974
1.2329318e-06
2.6583991e-06
0.00014457577
3.2795717e-09
1.1853633e-06
0.000607329
3.3823366e-07
1.3587986e-06
1.048378e-09
2.410543e-08
2.7891502e-09
1.3587986e-06
6.5876344e-07
0.99999356
3.1647287e-05
0.006738125
4.5273526e-07
0.9969136
6.599847e-08
1.2324991e-05
8.257696e-10
1.2047634e-07
0.9312427
6.6004766e-08
4.1802917e-09
0.022100538
1.0275434e-06
3.935747e-06
3.305155e-09
0.9995872
0.00027377545
0.15049961
4.9204914e-07
0.00395487
2.2505232e-05
1.4786713e-07
0.009872385
0.99991477
0.0017482892
4.5733177e-06
1.41479495e-08
1.6197188e-05
1.1434169e-05
0.015711641
2.8289815e-08
1.4330478e-05
5.6397257e-06
0.00027206563
9.409294e-05
0.0019332616
1.9020499e-09
0.058435924
4.2583283e-06
4.4459393e-06
1.1018392e-08
2.066907e-07
4.5060146e-06
1.6321652e-05
5.4531704e-08
3.592411e-08
6.603914e-08
2.9604928e-07
1.4330478e-05
0.9951049
1.8603872e-05
0.0012195354
4.6254405e-09
1.40209495e-05
0.25444725
2.2876604e-08
0.99274105
0.9999997
0.15005665
1.4134841e-08
3.8713158e-10
0.9999601
1.2329318e-06
2.3610114e-06
0.007927116
1.6286137e-06
2.5472997e-07
3.539127e-05
2.77715e-07
1.048378e-09
6.6004766e-08
3.311194e-06
3.592411e-08
4.3933744e-07
5.45336e-05
6.960376e-05
0.22433951
6.913289e-07
4.3844234e-06
0.0012471398
2.2000803e-08
0.952418
0.0009588526
0.012643354
1.4013163e-07
0.00024600874
0.0022604645
0.00075900956
1.6316717e-06
1.6240154e-05
2.4792564e-08
0.00011741317
0.0022159298
0.002542223
0.11111493
8.695248e-06
2.2180369e-09
0.0068526734
0.020439813
6.9882526e-07
3.7540556e-06
1.8775967e-07
0.0005071145
1.1248381e-06
3.9808835e-08
0.8449528
0.998414
5.044821e-07
6.454494e-06
7.698846e-07
0.0003233033
2.8289815e-08
0.07286541
1.2658823e-05
3.974488e-05
0.0011750333
5.93437e-05
2.2505232e-05
2.7350415e-09
0.9777956
1.4200809e-07
3.0290828e-10
0.9966654
6.9080175e-10
1.972206e-09
0.00022028582
0.00025006704
5.0500907e-06
0.0007682853
0.149678
2.878397e-08
8.843437e-06
6.674436e-06
0.0015774756
