0.9999876
0.9999876
2.9430866e-10
2.941678e-06
3.4613045e-08
0.023338398
5.1697545e-05
0.17271172
6.513467e-05
5.6421627e-06
2.0798873e-06
0.99948347
7.207721e-05
0.99999624
2.4128138e-07
0.0021019801
1.3269042e-07
4.5138768e-05
2.2695716e-05
4.498012e-06
2.4128138e-07
0.00011588729
7.3335854e-05
0.020924512
2.4930305e-05
0.0055246283
7.12031e-05
0.14029965
0.9999992
0.99630105
1.3312659e-06
4.956197e-05
0.09935205
3.4327818e-06
5.8159917e-06
9.0752664e-08
0.006281902
6.059519e-06
2.5201623e-09
3.375106e-07
0.6985835
5.340587e-07
0.00023147091
5.1036815e-09
0.01709968
1.3269042e-07
4.156252e-08
0.00016341702
5.1015097e-05
1.9731568e-05
1.6879452e-06
4.8625393e-06
5.0216702e-05
5.602045e-05
0.005314181
0.00027265717
0.21267535
5.446038e-09
0.019998802
0.04406595
3.4487184e-07
0.024395498
1.0663983e-06
6.699372e-05
0.00523626
1.4702075e-05
5.959509e-07
8.249879e-12
0.00012470377
2.4861762e-05
3.0604812e-07
0.00038178987
0.99999994
3.1575289e-07
3.0223285e-07
2.4349383e-06
8.2267087e-07
6.247978e-07
3.1939013e-08
1.4412067e-06
8.8933007e-07
6.298529e-05
0.00017917568
7.006064e-10
3.7488178e-06
1.191113e-06
8.456977e-09
0.6985835
7.0573547e-09
2.2060983e-07
5.4703974e-05
7.3335854e-05
0.48309746
1.4683276e-06
1.4204714e-05
0.9472166
0.011907378
0.017019643
3.3342214e-05
7.109967e-06
1.3453717e-06
8.495248e-08
1.51738695e-05
5.2643295e-06
8.75e-08
6.974023e-05
6.532782e-06
0.00020451627
1.2003236e-05
1.4399892e-07
0.00016217193
5.340587e-07
0.39563808
3.249634e-05
3.312465e-08
0.002011181
0.92838943
2.5458634e-05
8.495521e-07
3.5483358e-09
2.9041428e-07
2.0804348e-06
0.667341
0.0005900791
0.001443173
0.003434735
0.00017217283
1.7077673e-07
3.7309208e-06
0.0031791665
1.223735e-06
7.0573547e-09
1.3220583e-08
1.9947926e-08
0.0033205587
5.7965053e-07
1.7464828e-07
0.99373585
0.99999994
4.998988e-08
5.4350924e-08
0.0031791665
0.0012199752
8.466457e-06
0.00020290763
0.007597657
3.4141851e-06
0.1895765
1.1662372e-10
0.06901276
0.0024798503
6.506343e-07
8.701253e-08
0.0031809728
0.68593264
0.00037869098
1.4195393e-07
0.00053892436
0.014365804
0.008484814
0.8160193
0.0025688196
0.84878194
1.7752681e-08
5.0216702e-05
3.2104805e-10
8.495521e-07
0.00012456936
1.419419e-06
8.6369906e-10
0.00013662028
0.02907382
5.1650806e-10
1.3958797e-07
0.0008297184
2.4877647e-07
0.027174437
0.0038688655
0.0016517586
1.7752681e-08
0.057308733
4.4655485e-07
0.40043512
0.0013228145
0.0007896624
5.1697545e-05
4.793249e-09
6.341567e-05
3.940307e-07
0.999672
1.2483387e-06
4.793249e-09
1.4456169e-05
7.2252966e-08
3.652988e-07
3.6796519e-07
3.1018506e-05
8.6340295e-09
0.101923555
2.5048223e-09
8.2189944e-10
2.7976744e-06
2.137387e-06
1.6551003e-09
4.3180112e-08
0.22665362
0.00038719256
2.9818577e-05
6.800399e-07
5.866937e-05
5.321283e-08
0.04299227
0.0056372797
6.178586e-10
2.1064748e-08
3.079515e-05
5.468857e-08
0.5501922
0.066649504
1.5048158e-07
1.0255617e-05
4.156252e-08
5.373306e-06
2.715328e-06
0.04188036
8.931688e-08
3.965258e-05
0.99999934
0.00027911403
0.00013565912
0.006294989
0.0002586606
3.3935006e-09
0.04188036
0.0011607435
4.2164973e-07
1.2886127e-06
0.99996084
1.9947926e-08
1.18194585e-07
2.113546e-08
0.00028294572
1.0104567e-08
8.75e-08
0.04595477
0.0023057503
1.0395721e-05
0.9854112
1.6900241e-10
3.227131e-07
3.0223228e-07
3.881314e-09
4.4296186e-07
2.6131222e-09
7.5675074e-05
4.1076735e-08
2.7902433e-05
2.6652946e-05
1.5763013e-09
6.9319526e-07
0.9996884
5.5150076e-09
0.014153511
0.045647934
1.0909753e-06
2.627407e-05
1.21225075e-05
1.6860757e-06
0.9999966
0.00095057103
4.403174e-05
0.00024348554
5.478086e-07
0.0020280175
6.657195e-08
0.7959295
0.0004094523
0.0010672702
0.17271172
0.84878194
7.862728e-05
1.650049e-07
1.987969e-06
4.939627e-07
3.7707257e-06
3.4403788e-06
3.828902e-09
0.9990403
5.4008717e-05
6.821695e-09
0.008401084
6.201638e-08
4.449481e-06
3.9225765e-07
7.0753075e-09
1.6370504e-06
1.5058811e-07
1.5058811e-07
1.3221042e-07
1.2085287e-11
