0.99999934
5.9998605e-08
3.0915995e-08
3.138627e-07
1.0493312e-07
3.8636534e-09
2.6687323e-07
3.280219e-11
8.211739e-10
1.3352054e-08
0.99999607
0.28254738
7.949131e-08
3.139187e-07
0.0003788085
0.2112722
5.5162563e-10
0.0014146618
0.00024200822
1.1510322e-08
0.011221882
0.99998224
2.458967e-09
6.8329654e-11
1.0474251e-12
1.98344e-09
0.0014332462
2.1542886e-05
1.4252152e-05
2.9437745e-08
3.6274698e-05
0.9720554
2.958835e-06
1.731817e-08
3.8940445e-07
6.7396617e-09
0.0004463473
5.4002487e-07
1.6187489e-05
4.3104162e-08
6.1614095e-08
2.3679712e-08
0.9748617
2.3864032e-11
5.763806e-07
8.939406e-07
0.00039256163
5.4755337e-06
7.560292e-10
5.4279463e-11
6.3556115e-07
1.7368227e-07
7.588426e-12
3.060581e-11
3.7949734e-11
3.191536e-05
1.9624749e-10
2.281984e-10
6.396794e-11
3.2741416e-12
4.5190355e-08
0.10100022
3.7133427e-06
0.63010466
8.421003e-09
0.3325549
4.2049697e-09
0.00026223584
4.051998e-11
3.8636534e-09
5.6382805e-09
2.3597654e-08
5.3161118e-11
1.0251747e-06
1.3867795e-08
7.3620683e-09
5.3161118e-11
5.315775e-07
0.99375826
5.4279463e-11
6.03459e-08
3.3615638e-11
5.0342088e-08
4.0818185e-07
2.010857e-05
3.484952e-09
9.8312306e-08
4.2038653e-08
0.0067822314
0.99999106
0.23450121
4.862458e-09
1.1029284e-08
1.04019065e-07
0.026774582
5.8033174e-09
0.00020873475
4.0644274e-05
3.1153566e-10
3.6073317e-07
4.1264193e-11
1.2148376e-08
1.09559465e-07
3.4779744e-12
1.7266577e-09
2.0702284e-08
8.536371e-09
7.4774015e-10
0.00015813888
7.702137e-08
7.3413656e-05
0.25925195
5.91704e-14
1.1118475e-09
4.2011343e-06
1.9460036e-10
6.777238e-09
4.5587974e-05
6.873739e-07
6.422393e-05
9.263103e-09
0.9593562
8.027683e-10
5.0444626e-09
1.0454801e-10
6.048804e-10
2.6747793e-09
3.7738012e-08
6.259844e-09
1.1888607e-05
3.9356607e-08
7.543472e-09
2.3509078e-06
1.1011543e-08
4.052333e-07
4.051998e-11
3.7506911e-10
2.8550318e-09
1.3988189e-08
3.5067174e-08
4.0644274e-05
3.060581e-11
4.8366946e-05
3.144336e-06
1.1103507e-06
1.3988189e-08
3.8558593e-08
0.0025966244
1.5416502e-08
2.8772499e-08
9.133749e-09
8.935331e-09
3.4071616e-07
7.4262663e-09
2.1433168e-10
0.00052654126
8.7881904e-07
3.8394314e-06
0.0053579444
4.739114e-09
0.00015239342
1.15533985e-10
3.0400218e-10
0.0023353803
2.349539e-08
2.6453645e-06
5.8470375e-09
0.058888007
0.0016990863
1.7967589e-09
4.206302e-06
3.8636534e-09
3.2472846e-07
1.3388828e-08
5.495836e-07
4.2695556e-06
0.1868779
4.266394e-12
7.482105e-11
4.8035703e-10
1.8430104e-08
0.99998224
9.437819e-10
1.3456589e-05
3.0158635e-14
0.99928
0.9994859
3.821606e-09
1.6729587e-10
1.0409514e-06
4.5636793e-07
2.4152288e-07
3.43999e-10
1.687238e-10
1.5107647e-09
6.246524e-07
8.303293e-10
4.1109333e-06
0.018574854
0.0017653854
0.00020297631
6.115785e-11
2.2008785e-11
4.6564328e-08
1.4231575e-05
5.752971e-10
2.6578e-08
2.8733327e-09
1.0948536e-06
2.2112842e-07
2.2082225e-09
1.983425e-09
6.575032e-08
1.553019e-05
0.0014122307
1.2037459e-11
8.421003e-09
1.0106397e-12
7.376225e-08
9.637571e-05
1.2356123e-08
1.1217803e-09
3.0949973e-06
0.8784624
1.5508952e-13
9.7716175e-11
9.744477e-08
2.3495435e-08
1.1468507e-12
1.6305347e-09
3.642886e-11
2.7362625e-09
2.0027002e-05
2.3806567e-07
8.8523355e-11
1.3935362e-07
2.4015973e-05
6.2009913e-06
8.6343176e-11
0.0037358496
3.1563827e-09
0.0002287432
0.80500555
1.6456754e-06
1.1217803e-09
6.259844e-09
7.785819e-05
6.220872e-10
9.975844e-06
2.869605e-07
2.4567369e-08
8.759732e-09
2.1583408e-09
1.8262994e-10
5.161806e-08
7.170272e-08
1.3741024e-07
9.640853e-09
3.2809112e-06
0.010583892
4.4608255e-09
0.9995876
7.691567e-08
4.4820838e-05
6.647349e-05
7.336951e-08
0.1099915
1.5508952e-13
3.4432016e-06
1.3867735e-09
1.9389495e-06
5.5684795e-05
0.00014700797
1.9436927e-06
5.071373e-11
4.928517e-10
4.1226766e-10
0.9807937
1.1217803e-09
1.884127e-08
2.3740934e-09
0.0057008127
6.488116e-06
7.4176324e-07
4.7998036e-11
3.4655404e-11
1.1011543e-08
6.564856e-07
3.138627e-07
1.8239988e-06
5.9849845e-05
0.0005724489
1.2312632e-05
1.3588981e-09
1.6638321e-10
1.20648065e-05
1.4703405e-08
1.4298179e-06
3.4782215e-11
8.360958e-08
