0.99984914
0.65385115
1.7275454e-07
0.7529359
0.0016174937
0.0003040516
7.712619e-08
7.574805e-08
1.0193836e-05
1.2167888e-05
4.993803e-06
0.999992
0.0050575384
2.5889045e-07
3.6915768e-05
0.076149024
0.020759538
0.01934785
0.00056650705
0.00085207773
7.574805e-08
2.347913e-05
0.0005375494
5.077112e-05
0.00014676873
3.7613837e-08
0.000114709794
0.9948217
2.491768e-07
3.5208498e-06
0.036826354
0.013212702
0.9999999
0.056709092
3.7405934e-07
3.8548774e-06
0.01934786
0.0001223686
2.347913e-05
0.9999994
6.3663346e-09
0.93725824
0.99999756
7.0503876e-07
0.0009337127
0.9999999
2.7376268e-06
5.368041e-06
9.312101e-06
0.16682391
6.247052e-06
3.4007903e-06
0.003147194
5.4949865e-08
1.1587832e-05
0.00158108
1.9455008e-08
2.9603686e-07
7.908652e-06
1.0729948e-05
7.992892e-06
6.300595e-05
0.013596416
4.66591e-08
9.312101e-06
0.0104991235
0.0050575384
3.8717925e-08
0.99814516
8.7399085e-06
0.0040221685
0.99847555
1.0945602e-06
0.011807061
0.025877642
2.750362e-05
0.4159717
0.008218877
0.00034019057
0.00028121352
2.1363642e-08
0.011108176
0.9999999
0.9999161
0.0006931597
1.340055e-06
0.9996585
2.5518235e-05
9.849244e-07
0.672648
0.0017800938
0.9999994
1.15417194e-07
2.458908e-07
0.0014411802
3.632115e-05
0.0064658327
1.043617e-05
1.7132542e-08
0.0012422836
1.8835593e-08
4.7677392e-07
9.547545e-07
2.2072904e-06
0.00018862454
8.347255e-05
0.004448971
0.011941773
0.00016177409
0.6300431
0.00014262048
0.000433591
3.0495198e-06
1.665428e-05
6.8806556e-05
2.7376268e-06
0.0022792306
0.0017800938
1.2248745e-05
0.52789074
0.0024209116
1.1680793e-06
0.30535918
0.9999964
0.0003983285
0.0038767222
0.00085207773
0.03711293
4.1152646e-08
2.875994e-07
4.989148e-08
1.1047053e-08
0.9801539
4.94079e-06
1.5015518e-06
2.4157682e-06
0.99999946
0.0016088233
2.745123e-09
1.349391e-06
0.00088322425
0.0005536192
0.0001920639
1.0725587e-06
0.002329934
2.6829616e-06
0.0017085236
0.15296237
4.7677392e-07
2.6085627e-07
0.0077810446
8.775653e-07
0.00010749195
4.5804586e-06
9.0574955e-05
1.0193836e-05
7.0524716e-06
0.00052373647
1.4786963e-05
0.14605312
5.9963306e-05
1.32662015e-08
0.00097000704
0.00020875984
0.0004355774
0.93430334
0.7556765
0.99962825
0.24650979
0.00021830574
0.99999946
9.946583e-06
8.782284e-07
5.4670534e-07
6.756486e-07
0.80958647
1.1164977e-05
0.78551173
0.9958812
0.0016630318
1.9569767e-05
0.0078123654
2.4360846e-08
3.6751244e-05
0.0004355774
0.9997011
3.344106e-05
2.3674707e-07
1.1820425e-05
7.811349e-05
5.1379753e-05
1.712358e-06
9.2830373e-07
0.0007489952
0.00016857365
4.989148e-08
0.30535918
0.9999994
1.7237431e-08
6.48141e-07
1.3971226e-06
9.788037e-06
1.5829008e-07
5.719296e-06
8.5191004e-08
0.042103127
1.5856461e-06
0.003147194
5.859497e-09
8.7399085e-06
0.003309757
0.00042091633
0.7849705
0.00036007547
1.3563733e-05
1.0328182e-08
0.0028714477
0.021360448
0.31133485
0.01556136
0.0001362243
1.4181553e-06
1.8721236e-07
0.999992
0.00041632596
1.758333e-05
2.4156796e-08
0.00046261968
5.784412e-08
2.9927623e-06
3.8717925e-08
8.67779e-05
9.300055e-05
3.6801535e-05
0.00027115332
1.2911894e-07
0.00045488923
0.0009271491
0.0014418393
6.945373e-07
0.97462505
0.19983843
3.237837e-08
2.3085042e-06
3.799655e-06
0.99597555
0.99973744
0.9994575
0.6300431
0.0029223394
3.4192118e-07
0.99941504
0.0030323553
0.013753979
0.011341764
0.99999994
8.4498924e-07
0.5506441
0.06804411
0.17467362
1.1733094e-07
0.021627106
3.7174988e-07
0.00041632596
5.332518e-06
3.076474e-05
1.8835593e-08
0.6687477
0.18929665
5.9848367e-07
3.256933e-08
0.00054634106
0.14605312
7.9952326e-05
0.009425937
0.16383965
0.99062085
3.4007903e-06
2.5842404e-09
6.0502583e-07
9.390089e-07
3.8843333e-05
0.00050458504
0.956605
8.644907e-07
0.0050544823
0.0005758582
0.000103307015
0.9700943
4.8487807e-05
0.2397152
0.11734139
2.4565736e-07
2.1939763e-06
1.5655013e-06
8.006603e-08
0.93725824
0.99572587
3.8001076e-08
9.084407e-07
