0.9809837
2.6291853e-09
1.6372069e-05
1.0170235e-07
7.394637e-05
3.796727e-05
1.067738e-07
1.0224773e-07
5.542602e-07
2.9224484e-06
0.0038404672
1.8957735e-05
8.830627e-06
4.7760834e-05
0.08273846
1.233196e-07
7.449695e-11
1.7097604e-07
4.0019486e-08
3.4599149e-10
3.1599203e-08
0.000108972745
6.578297e-11
0.0005175804
3.4156311e-09
1.2570497e-07
2.8300257e-10
1.805721e-05
0.00016316291
2.609436e-05
8.7586486e-05
0.00044720777
0.0035154817
4.3229415e-06
3.6587524e-09
3.0584235e-10
2.0866839e-05
9.6089316e-05
1.51992435e-05
2.603765e-08
1.6372069e-05
4.918112e-10
1.5192069e-05
4.3300868e-05
4.76984e-08
0.2619898
5.018023e-07
2.450974e-09
0.14879441
3.5926198e-05
0.0029773389
2.6324257e-10
0.0022307415
3.2477164e-05
3.377034e-10
4.7639216e-07
2.7703497e-09
4.781518e-07
1.2062563e-10
4.528061e-05
1.5367174e-09
3.8848073e-05
1.022727e-07
1.9238922e-07
6.2594644e-08
0.00047517463
0.033474334
1.3551872e-08
0.019538837
0.4245973
9.4799754e-05
2.1528085e-07
1.0001038e-05
8.792175e-08
6.396574e-06
3.018008e-07
0.000112897345
6.812674e-07
6.14219e-08
2.1076432e-09
1.0224773e-07
3.4845718e-05
1.355238e-07
3.8848073e-05
2.5333977e-08
2.473844e-07
0.002920298
0.0010674625
1.8719798e-12
3.377034e-10
0.0020857488
2.7929086e-09
5.03001e-10
1.5981723e-07
5.9865494e-07
1.022727e-07
1.0398002e-05
1.4343125e-05
0.9995112
4.826544e-08
0.00070656074
5.7207544e-11
0.00010600367
3.3956078e-11
5.54816e-08
0.9449507
0.12653798
0.00055250054
1.1684755e-09
6.239986e-08
0.000115661525
3.52964e-08
1.093612e-05
1.6805822e-07
0.051405095
6.075241e-08
5.3802578e-05
3.885689e-05
0.00010979246
3.9431225e-07
6.8448713e-07
7.117988e-08
0.0015903172
0.00012946987
0.99949324
7.325429e-08
1.8319076e-08
7.5983046e-08
2.4783866e-08
0.00028362987
7.0506496e-07
9.46001e-09
2.219508e-06
8.3835914e-07
1.0135528e-08
2.807768e-09
2.3027731e-07
2.915799e-09
4.6801713e-07
0.9691983
4.8011476e-08
8.379313e-09
8.509468e-07
5.03001e-10
3.9719015e-09
1.4579092e-10
0.9999974
6.4300826e-10
4.0712712e-07
8.451725e-05
9.815338e-09
5.4077776e-10
2.451749e-10
2.3869606e-07
4.781518e-07
1.5792956e-06
4.490972e-08
1.136165e-08
5.542602e-07
7.730314e-06
1.1076211e-08
1.6038492e-11
2.2900403e-07
0.9972158
3.4778982e-10
4.9636513e-09
2.4827145e-06
3.1000996e-05
0.00016126815
2.1732862e-07
1.6038492e-11
3.5807793e-06
2.8548481e-08
0.00038666232
9.656048e-10
1.8957735e-05
4.6590714e-08
2.6291853e-09
4.0895397e-05
3.2242594e-06
8.194986e-09
1.4325162e-05
2.498557e-07
3.0357842e-07
2.7702996e-05
0.001739322
1.4579092e-10
5.57908e-09
1.0479703e-09
0.0005928583
3.1668412e-07
1.1615055e-06
1.4603964e-07
3.0686562e-05
0.000112897345
0.00042704135
0.3805875
6.2636445e-07
3.1468496e-06
0.96941555
4.5944398e-07
2.7535992e-07
3.0645547e-10
1.2949074e-07
0.00013161746
3.298966e-07
1.350583e-09
0.017957699
4.909625e-06
1.2908934e-08
6.6273287e-06
6.6224493e-07
8.051512e-10
5.3802578e-05
1.2691187e-06
0.0029318696
1.4592355e-07
8.863829e-10
5.9956506e-08
3.8077164e-09
8.748648e-06
2.575549e-10
1.8463112e-05
0.0040039485
2.4160851e-08
1.1361625e-05
3.753311e-07
0.0029773375
4.0848555e-10
1.604126e-06
5.654912e-08
0.27416185
5.313451e-09
0.99367225
8.863829e-10
0.20261104
0.0008466512
5.9469578e-05
0.0014586714
1.2822846e-06
0.010466074
3.44287e-06
2.2975517e-08
0.022919877
3.2883977e-06
0.17153251
0.00014857177
1.42387e-07
1.5608126e-05
1.2870676e-06
3.177179e-09
1.2579748e-06
6.906137e-09
9.369108e-10
0.9999602
1.8165446e-06
1.011198e-05
9.6089316e-05
0.42078945
1.3729745e-09
0.99689704
7.7430616e-07
0.00027381824
0.002207936
4.7389226e-06
2.0142318e-06
8.7586486e-05
3.1000996e-05
7.0506496e-07
1.2212222e-07
9.443442e-07
3.4599149e-10
1.0589217e-07
6.7349297e-06
0.62110484
1.3978427e-08
6.305954e-10
8.05457e-05
5.7815992e-08
2.8191758e-07
0.042759225
0.00070519786
1.8954594e-08
6.9385336e-05
5.906599e-06
0.5637031
0.0005544918
1.7222533e-06
0.00071863766
0.9999571
7.449695e-11
1.5942724e-06
3.864691e-05
2.0037538e-08
6.8383965e-09
0.00014813339
1.665751e-09
0.001889526
3.6382633e-10
0.9999484
