0.9999769
0.99997765
0.09448362
0.004627767
2.4549672e-06
4.9684695e-10
0.056079846
5.726915e-07
1.4391875e-05
2.1110607e-07
9.344393e-06
8.668612e-10
2.9210023e-05
1.5013713e-06
7.164981e-07
0.0017238689
6.343644e-09
0.0035833658
4.280159e-09
4.9716405e-06
2.2652937e-09
4.978632e-09
8.322833e-07
6.672489e-06
1.5350577e-07
2.680305e-05
0.002073049
1.9651388e-07
7.830262e-05
3.792604e-09
9.837078e-07
0.0021378715
0.00050829287
6.1529775e-08
0.99999815
4.85152e-06
9.9201564e-08
3.5508139e-09
6.288292e-07
4.9240776e-07
0.99945366
0.9885157
0.8183061
1.5167826e-08
0.00016116348
0.027797794
1.4348458e-07
0.99993944
0.45654628
4.8298966e-06
0.0001063257
0.02166953
5.2950027e-06
0.9999961
1.4517719e-09
7.650987e-06
0.0023096302
5.2950027e-06
4.9716405e-06
0.99957365
0.00044171858
6.6232076e-07
6.0082602e-06
3.8536496e-06
0.99483573
1.796337e-06
6.9772915e-07
0.031778123
2.5244697e-05
5.648991e-09
1.1468798e-07
3.894885e-09
4.233715e-05
0.0003172032
0.00056763453
1.438441e-07
2.3869651e-07
0.80923283
0.005070064
0.011858735
5.586266e-06
0.21565418
6.643033e-05
2.5567164e-09
5.6069467e-08
5.104851e-06
4.9302703e-06
3.5462655e-09
6.423336e-05
0.00025849638
9.569418e-06
2.2883993e-05
0.011858735
0.00021172258
0.00079937297
0.00025358977
1.8637012e-07
0.0057821185
4.0076017e-07
6.802244e-05
0.0011080455
0.0050397348
0.0003404063
1.0
0.99740726
1.4760306e-05
0.9999962
7.8641155e-05
1.5013713e-06
2.6929743e-07
4.6046483e-05
2.028675e-06
0.00017218152
9.5137875e-07
0.0003433897
0.00034319202
0.96948904
0.00020731262
0.17423376
2.6862366e-05
5.3501326e-06
1.4643682e-05
2.3340523e-09
1.7948403e-06
3.5462655e-09
2.7744338e-07
2.8451564e-07
2.5439547e-06
0.99965334
2.9594364e-08
9.2682114e-07
0.0013730793
5.6354997e-06
3.0689037e-06
5.732819e-09
6.453898e-09
0.02706072
1.219951e-07
1.1105658e-08
6.288292e-07
2.5519876e-07
0.21262193
0.41462123
0.0049913907
1.3396564e-06
0.11348558
0.00031881945
0.0030569811
1.1037274e-09
5.726394e-05
0.00030713255
0.9997229
0.15886441
2.6862366e-05
8.624464e-06
1.209312e-06
9.556371e-07
5.2787665e-05
1.2954549e-06
3.7786108e-09
2.5244697e-05
1.1521348e-08
3.8359506e-08
1.4382435e-07
4.9684695e-10
4.8854314e-08
1.0264978e-09
1.6247556e-07
0.006618013
0.0013991231
3.4022648e-08
1.9341593e-05
2.200741e-06
0.9984566
0.008170043
4.0139435e-07
6.499122e-05
0.00019331914
1.0452166e-05
9.621862e-06
2.7166698e-07
5.071563e-06
3.0631315e-06
5.726915e-07
0.015466465
0.99993944
1.2860109e-07
4.756485e-08
3.620917e-05
2.781784e-05
7.982587e-08
0.008647133
6.0252673e-06
4.9060308e-08
7.221184e-10
1.9829935e-07
1.4168872e-09
0.037805047
6.2687715e-05
4.5138422e-05
7.150753e-09
0.05873195
2.0355918e-08
9.915707e-07
2.7116197e-05
4.7411415e-08
8.0655926e-05
0.004999532
1.1769163e-10
4.9240776e-07
0.37044868
1.3543172e-06
0.0034789613
4.2688046e-07
0.0016660176
0.99999624
9.87412e-07
4.3248743e-05
3.5195097e-07
0.0009594388
0.9999998
2.4602913e-08
0.0032959166
1.6388782e-05
0.0012188376
0.009898644
2.524472e-05
0.619333
0.99999815
0.009999805
1.6689326e-07
0.8374792
0.0037633537
2.1114916e-07
3.0597104e-08
3.0631315e-06
1.0133778e-05
4.0573985e-05
3.620917e-05
5.2787665e-05
0.00559939
9.824357e-05
0.21262193
5.992999e-07
0.00074587046
0.000121941346
8.021145e-06
0.012441519
0.0014761554
0.0031761774
9.63108e-06
0.058275472
0.015021668
9.01244e-06
1.5013713e-06
0.87395453
0.0004844483
0.0001275829
9.849487e-05
9.9201564e-08
5.420495e-07
7.3096403e-06
4.756485e-08
0.0001250918
7.915685e-06
1.4438439e-06
7.7635304e-10
0.9999961
1.9116726e-06
2.2046716e-08
2.2156686e-05
0.0009148751
0.9999662
5.513526e-05
1.4497478e-07
3.0631315e-06
0.000109476634
2.8694525e-05
0.0037633537
1.926694e-07
0.0013730793
0.027797794
0.00029780992
9.4151765e-06
8.7666216e-08
0.9995917
0.0006675797
0.99844944
0.00029780992
0.0023016187
0.99595356
0.00051118917
0.027797794
0.00031881945
0.9999961
0.025103819
1.8813187e-08
0.015563492
0.000100557
1.4966167e-06
