0.0025372414
0.0031241996
5.6916054e-08
0.015657533
1.4592815e-06
0.005107743
0.00033764064
1.3043076e-05
0.0010695613
0.018477848
0.005279843
0.00010411539
5.1546536e-08
0.12110657
0.964559
9.379305e-07
1.9901992e-05
3.948662e-07
0.007397298
2.8704297e-05
4.14407e-07
2.9798846e-07
4.9023136e-05
0.017173456
3.154963e-06
0.0016450759
8.436893e-06
0.08866044
5.27482e-07
0.000217323
5.185567e-06
4.9454147e-08
1.8577566e-07
0.017015
0.04634282
1.9464233e-06
0.35697794
0.870122
4.5185543e-06
0.00046444454
0.00013790846
6.66046e-06
4.317527e-05
0.35493428
0.07330567
0.3052438
9.022755e-05
0.00079846854
2.0016903e-05
2.4058868e-06
0.00092186476
2.6487724e-06
2.9959608e-06
0.006892627
8.353944e-08
0.0040837373
0.00035946016
6.6669257e-09
0.007687582
1.98795e-06
0.028043097
5.648875e-08
0.09045238
0.99986035
5.3104948e-08
4.268953e-06
1.5847929e-05
3.8653474e-05
0.9968469
6.5963766e-05
0.013303936
0.00035371885
0.0026736774
0.00088949327
7.310947e-05
0.15112537
0.0009308348
0.000687939
8.3663814e-05
0.7757739
0.00045640205
0.0030088655
9.017633e-07
0.052416928
0.17824309
0.28417462
0.14334625
3.177987e-07
2.5379826e-05
0.0057100994
0.82347506
6.197232e-05
0.0001006017
0.00040574744
0.7269414
4.094629e-06
0.028593367
0.00017481533
0.0009990938
1.4546502e-05
0.23685524
0.13732956
1.5985695e-05
1.0
0.00019074824
1.817415e-09
3.5168013e-10
2.0642644e-06
3.9595292e-07
5.1075604e-05
5.968814e-07
1.18467e-07
4.8653964e-10
0.9999997
2.4966255e-05
0.020771304
1.4787414e-05
7.915004e-05
0.11303542
1.6375751e-06
0.27325046
0.008799706
0.99835646
0.26234564
0.08326222
0.9997531
1.5395528e-06
0.00019138258
0.14454354
1.9464233e-06
7.340042e-05
0.0067042825
5.5921078e-06
0.001150632
0.002451564
0.00035556688
0.9993731
1.9208437e-05
0.0012435066
0.9999956
1.2279095e-05
1.7158894e-05
2.9599612e-06
0.99999976
0.6816713
0.01198754
0.0013848691
0.0012002611
0.9957116
0.0038150304
5.037474e-06
0.979481
1.3148632e-06
8.976412e-05
7.556105e-06
0.9704489
3.0241267e-06
2.8570653e-06
0.07429744
0.004248914
7.9309706e-07
0.7542141
8.1723385e-07
0.011051243
0.9951369
1.550366e-05
0.055176985
6.762906e-05
0.99999714
0.00056312734
0.0070824916
0.0018712513
1.5954429e-08
1.0278764e-05
0.0028724775
0.03715646
0.12536192
6.7649075e-06
1.25729075e-05
0.0028459865
0.0023340008
4.985561e-06
0.9930872
0.07753539
1.8302263e-06
0.9999957
7.461821e-07
1.6088969e-06
0.9703245
8.9308196e-05
3.764352e-06
1.3772939e-05
0.00067828904
4.6114023e-05
8.181979e-05
2.9366979e-07
0.9984325
3.3429707e-05
1.3772939e-05
2.4966255e-05
1.498163e-07
8.453966e-05
1.6517193e-05
0.63051665
2.5459605e-05
0.99853873
0.9255988
1.1486586e-09
7.9309706e-07
2.45135e-07
0.34305552
0.02644728
9.589872e-08
1.3041255e-09
4.4965603e-08
0.00016093021
0.9484322
0.024273533
2.5034824e-05
0.03728124
3.228008e-08
0.09438958
0.006121458
0.357278
2.8001756e-07
0.0013138859
0.056086473
3.440775e-07
3.0851294e-05
0.00019006325
5.9524655e-07
4.8024395e-07
1.0225167e-05
0.0073380903
1.0861503e-05
0.007208358
8.8380675e-10
2.6910046e-10
0.007778048
2.7389111e-08
0.26492772
1.4611305e-05
8.9069545e-05
7.4760915e-06
0.39669225
0.0001973767
1.8302263e-06
0.99886143
0.99999964
0.00074755267
3.9595292e-07
1.9401814e-06
6.416783e-07
2.055431e-05
4.9023136e-05
1.25081115e-05
0.00062552583
0.0012445339
0.0012162396
1.2982373e-07
7.1533606e-07
0.35938874
5.968814e-07
0.00021354358
0.0008355352
0.26234564
0.14070316
2.7917895e-06
0.991214
3.1175912e-06
0.0019496359
0.024132842
4.094316e-05
0.062077153
2.4562725e-05
0.99969
0.0016408868
6.808206e-06
0.99749863
2.2654543e-05
0.9789207
0.00268913
8.9308196e-05
4.2553624e-05
0.00010078125
0.000112346424
0.00035946016
0.39762694
0.00010949918
0.8717841
1.0793979e-06
0.96791166
9.449644e-08
0.00018348341
4.2244246e-06
4.759358e-06
1.1871295e-05
5.7572358e-08
3.7303266e-07
3.948662e-07
