0.36361992
0.9993552
3.74727e-06
0.00011384587
2.7062075e-05
8.59843e-06
5.638993e-07
1.4828218e-09
9.247931e-05
1.8631248e-08
4.856825e-07
4.751317e-07
0.00088447734
3.2936182e-10
5.757638e-05
3.1180316e-05
4.2174784e-07
1.5949773e-08
0.99999225
0.5412256
4.095566e-06
1.3082673e-07
3.6664143e-05
8.7446445e-08
6.099275e-07
1.2041284e-09
0.1235381
7.423846e-07
3.763092e-07
3.401012e-05
1.7515247e-05
1.4132719e-06
0.00017845616
1.5685522e-08
3.2520395e-09
0.00060998945
3.9222577e-06
1.6274525e-09
3.8531323e-07
4.612692e-09
3.6658074e-09
0.17771553
5.8257447e-06
2.6558398e-06
1.9919817e-09
0.00058564544
3.2284048e-10
5.601378e-07
9.181437e-08
1.4710336e-05
0.0829911
8.745929e-05
2.012593e-09
1.0626668e-07
0.00019396999
4.9057408e-06
2.2528611e-06
0.023283888
6.9428626e-07
2.8315064e-09
0.0004692164
0.00014064657
0.0012402914
3.2550298e-07
2.8276676e-05
0.00013040159
1.2585303e-06
6.1444705e-05
2.4252366e-05
0.00023736218
0.010680085
1.8948259e-09
3.487258e-05
0.0030221418
1.58533e-07
5.7736047e-06
9.288035e-08
0.0010996022
2.3140557e-05
7.3741155e-08
9.02758e-06
1.1911142e-06
0.00032962844
0.6450088
0.0066033676
4.5211714e-09
2.6323312e-06
4.9057408e-06
6.413176e-05
1.4952336e-08
1.0987494e-09
4.751317e-07
0.00024615377
1.6439436e-06
4.0143048e-05
0.0011077315
1.5925369e-07
1.4102747e-07
2.5095424e-09
8.561074e-09
1.4870658e-07
2.9332487e-08
6.992192e-06
0.00029193703
1.7515247e-05
6.1434764e-09
3.946869e-06
1.0
0.00038250646
0.00048781667
0.9987555
9.915481e-06
1.391724e-08
7.288231e-07
5.8241227e-08
5.923692e-06
1.8617737e-07
6.2991916e-07
3.8189613e-05
0.01201987
0.0014261921
5.855332e-07
0.17771553
0.0040542646
0.2666867
1.2241435e-06
6.9428626e-07
2.4383903e-08
3.1336324e-07
5.021704e-07
2.9223034e-05
0.006671455
9.889238e-06
0.03005211
1.6439436e-06
1.2439402e-05
3.6513547e-06
0.00049208244
9.412498e-08
3.1910417e-06
2.8240579e-09
6.992192e-06
0.00022367
1.2140163e-05
0.00017606677
1.143195e-08
4.8554075e-08
0.0016677505
4.4778346e-07
3.358116e-05
9.47934e-08
0.000115287694
0.0025654156
3.8773866e-05
0.00011221323
3.405634e-05
0.9999918
8.8275556e-05
1.2411205e-08
1.0435387e-08
9.217835e-07
2.363637e-10
8.7446445e-08
6.5927004e-08
0.009421895
2.5208417e-05
6.475627e-08
0.23533264
7.036041e-08
1.8192668e-07
4.108269e-08
3.886529e-09
0.036508884
0.9999069
2.6084461e-09
0.23780109
1.5961656e-05
0.00016454843
0.0031725832
0.000103952305
2.291137e-07
1.8617737e-07
0.016582701
1.07629085e-05
0.014057969
0.00021562989
2.0516136e-06
7.603451e-08
1.4757911e-08
5.895687e-06
0.0005280443
0.0030347263
2.5910115e-06
2.7511476e-06
5.923692e-06
2.5274887e-06
0.011227365
0.020281032
4.591266e-09
7.5250464e-06
5.8956925e-06
7.098316e-08
3.881667e-05
2.2701752e-06
4.1120234e-06
0.023283888
0.037834164
0.00017438048
0.9988635
2.8890236e-06
1.3847607e-07
1.1919736e-05
4.925618e-07
0.9923614
4.472124e-08
1.2591582e-06
5.0366623e-05
0.0001321183
7.0309557e-07
8.0334495e-08
1.2891732e-06
2.1968795e-07
1.7477017e-08
0.00011930948
2.2881375e-06
0.11069491
4.1943567e-05
1.9181454e-05
2.9332487e-08
4.7932117e-05
2.9024703e-05
0.002878359
0.9999984
3.490715e-05
0.009931649
0.97698706
7.818459e-07
1.4268822e-07
0.86792696
0.99546534
4.324789e-06
9.889238e-06
6.731634e-07
0.0036701143
8.047835e-08
0.7378453
3.160975e-08
0.04907009
2.8094142e-05
0.17034043
2.931401e-07
0.0049929824
0.7796137
5.311569e-07
0.8267101
0.9949548
0.99999994
1.8292052e-08
0.0005625359
2.0705995e-05
4.2544372e-05
3.1180316e-05
1.2778282e-05
2.8714756e-05
2.7035738e-05
9.132147e-09
8.670307e-08
1.60284e-07
0.99455
0.0001085498
0.0015379641
1.5278806e-07
0.9791388
9.519723e-09
2.3182119e-10
0.96414
2.2353825e-06
4.0351097e-10
0.0051514693
4.26869e-08
0.00049880444
9.876974e-09
3.7020005e-09
3.8127405e-06
0.99546534
0.23533264
4.757095e-11
1.0074205e-07
1.4190688e-05
5.2623034e-10
0.0006252034
0.00017443103
6.211947e-09
2.5187132e-06
0.0012713961
0.6450088
1.170309e-09
3.29761e-05
6.5412586e-08
1.3740666e-05
