0.0028769632
0.000628539
0.004262351
0.00077361526
0.00080096355
0.9992406
3.943306e-06
0.9952079
0.0030848256
6.841446e-10
6.351831e-08
1.8439148e-07
0.012428011
0.9654071
1.2254712e-07
7.983664e-09
4.02572e-08
2.2209647e-06
6.690903e-08
0.0008694345
0.003274176
0.00077361526
0.9996102
1.1483716e-07
0.0007591228
5.758191e-08
6.1331875e-08
0.0003289218
5.0188496e-06
0.06273272
1.589022e-06
2.6508005e-05
3.9277675e-06
0.0017448947
0.00028348822
0.00022718975
0.99999994
1.7347187e-05
6.8595486e-06
0.9999921
0.06105676
2.0044856e-06
0.0006483464
2.6836371e-06
3.5086757e-06
0.004681085
0.00026894244
1.6781159e-07
4.4445555e-05
4.9202146e-07
1.6185528e-05
3.5086757e-06
0.9995462
6.3748183e-07
0.9471991
1.4131989e-07
0.9999987
2.69487e-08
0.006334817
7.695335e-09
5.9633494e-09
0.00016817357
4.6912364e-06
0.3344987
3.737388e-06
6.718411e-06
6.1331875e-08
0.00015029
0.001048685
1.1926682e-08
1.34112e-06
0.00010142449
2.8973125e-07
5.2192166e-07
0.0001660364
1.0858788e-08
8.962576e-08
2.3031912e-06
4.0649357e-07
0.00017222011
0.74183685
1.4994997e-06
0.9999902
3.5238103e-05
0.0009931197
0.9988477
2.2473891e-06
1.8181778e-05
0.9766588
9.385135e-05
0.0042003645
3.9800184e-07
0.0017364895
3.294253e-05
1.1638097e-08
0.09499005
0.00079485046
0.0010014237
2.1796573e-05
0.001048685
9.169296e-06
0.00072293007
0.001442059
2.9470448e-07
0.46081838
2.7326128e-05
0.00012168302
0.0002586537
0.41433182
1.5032545e-05
1.513701e-09
0.001163408
0.0022943257
8.420073e-07
3.7157347e-11
0.6016015
0.00013904455
6.835843e-06
4.8689595e-05
8.441851e-06
6.498294e-08
5.9032036e-08
0.016869342
5.1508287e-05
0.00080096355
6.476566e-08
0.00010379659
0.99999887
1.8439148e-07
1.120088e-07
4.2782503e-05
6.598248e-08
0.00072293007
5.557507e-07
2.8162976e-06
0.3924777
0.053134236
3.7745937e-07
1.5299061e-06
0.0028327762
1.2193642e-05
7.220922e-07
1.526691e-05
9.6181275e-06
2.7272245e-06
8.151511e-08
3.1692582e-07
0.0043495214
0.994375
0.99917936
1.1483716e-07
2.8162976e-06
1.582676e-06
4.8680167e-09
0.9471991
4.958889e-07
0.016896527
1.3729747e-06
0.9047253
0.00013669847
3.798716e-08
0.0010240591
0.0001958455
1.2680063e-05
7.578333e-05
5.3755916e-06
0.0012928022
9.456976e-06
1.2679749e-05
1.2204957e-07
4.953382e-06
0.00019673826
0.9998734
0.98219836
0.10149296
0.0006874599
3.348496e-07
2.0589894e-06
0.47575408
0.0043070335
0.9802497
5.1839843e-06
9.385135e-05
4.0073926e-09
0.00014415976
0.006405366
2.4700182e-09
0.99854976
5.70862e-07
0.6725016
1.1021165e-06
8.729111e-07
0.9921441
0.0013368375
1.15260245e-05
2.9470448e-07
6.3248774e-07
4.514497e-06
0.16889587
9.3955765e-05
1.5373242e-06
2.3911969e-06
0.30452773
0.00022211944
1.3322494e-08
0.00079552864
9.8143384e-05
0.33411545
0.0012201477
3.690423e-05
7.026438e-07
1.0023805e-09
0.992894
0.00017164387
0.99999887
0.99999875
6.6005743e-09
0.05054389
0.00020445565
0.00010180209
8.397206e-06
0.00012630633
0.01906584
0.67250156
0.000588705
0.015917696
2.0541549e-10
5.2506937e-07
3.9672628e-07
1.8540889e-06
9.5004e-05
6.150377e-06
0.0035701308
0.6680769
0.0028769632
0.005061148
6.1849796e-09
0.0009931197
9.597979e-06
1.8181778e-05
2.814159e-09
8.479843e-05
0.0058650547
3.2687685e-06
4.642667e-09
7.220922e-07
2.6269316e-07
3.133728e-07
3.722847e-05
1.5639327e-05
1.4658176e-06
0.0057611996
6.150377e-06
0.0004199332
0.99931777
0.26478493
0.00442393
0.59658015
0.94525164
2.814159e-09
9.169296e-06
3.2541993e-06
4.144781e-08
0.0011729208
1.3619291e-06
0.0008185106
0.003741462
4.1728697e-07
0.9987939
0.0002268815
6.6155204e-05
0.9999989
2.0993441e-11
0.0023745855
1.0694588e-06
2.0296413e-07
1.8323062e-06
8.4559244e-05
0.4881969
6.598013e-05
0.9999989
2.790275e-07
0.10784872
1.0184483e-07
2.9023868e-06
2.424311e-08
0.06345224
0.999832
2.359479e-06
0.01224116
0.00045913496
1.463461e-07
9.689765e-08
0.0018120368
0.008217766
1.2254712e-07
1.3619291e-06
2.146089e-07
1.8468675e-06
0.00035622102
