0.40208685
3.0633262e-05
0.40208685
0.00014351732
1.0
2.8456545e-05
0.46078005
7.200746e-10
0.047896843
5.495668e-05
1.8818183e-07
8.463201e-05
0.22772446
5.8556896e-08
0.02302586
3.2528709e-09
5.1010456e-06
1.6680701e-07
0.99927646
4.8015485e-09
0.06745893
0.033917606
0.00014324335
0.06643616
3.8158614e-06
7.224832e-06
0.029836714
1.3977543e-06
1.5850801e-05
1.1692721e-08
1.0912919e-05
0.9999756
0.95015305
0.9999922
7.145926e-09
0.99927646
3.8415426e-09
2.9772648e-06
0.8698307
7.2644275e-06
9.250655e-06
1.0860134e-06
1.9525137e-06
3.5055137e-08
0.9999997
8.243165e-05
5.198894e-05
0.12409623
0.57652247
0.8749535
4.725785e-06
1.4118614e-06
6.881732e-05
0.9968539
0.047896843
7.436444e-05
0.019492501
8.639297e-06
0.0002981895
1.3388501e-07
9.148517e-09
3.876714e-06
0.9999953
1.3601207e-05
5.500761e-06
1.03621836e-07
0.12164755
1.9296651e-08
2.93365e-09
4.13746e-05
0.056715455
3.5795114e-08
8.226817e-06
0.029836714
2.497149e-07
5.9497975e-06
1.5382348e-07
2.0873947e-06
2.1014151e-07
1.2721484e-08
0.009794382
3.5767476e-05
0.00015181993
0.99995524
8.639297e-06
0.00014324335
0.002159706
8.3838735e-08
0.99464744
0.8603329
0.042929593
2.9489093e-09
0.0022558598
8.784866e-08
1.1455019e-06
1.3408076e-07
1.7879105e-05
1.2241856e-06
2.3903715e-06
4.13746e-05
2.6681455e-05
0.0006081765
3.5737783e-05
4.319881e-08
2.3605539e-07
3.9469555e-06
5.326117e-07
3.6065016e-05
0.0014209104
1.3456025e-05
1.466374e-06
5.7653784e-07
6.6651796e-07
1.8382411e-10
3.230207e-08
1.430504e-05
1.03621836e-07
0.000631899
0.17189951
0.004233292
1.2107108e-08
0.0660037
1.4829208e-06
2.1349226e-05
6.395059e-08
2.0235855e-06
5.015506e-05
0.9842577
0.7955222
1.08585844e-07
0.99949735
2.5495286e-09
1.1015371e-07
0.00011536314
0.03378834
4.8111033e-06
0.95015305
3.6065016e-05
6.2517247e-06
0.0010729668
4.3171718e-07
0.013659719
0.0016185783
0.9999939
0.9983567
1.4644105e-06
5.495668e-05
1.9972804e-10
1.718281e-08
2.5932319e-09
1.2810993e-08
0.0024903978
0.032962326
2.0917748e-06
1.344918e-08
1.1490617e-07
0.016447606
0.0022633637
0.0013020538
1.2217993e-06
2.2050833e-06
4.645424e-08
0.009605296
6.2836574e-07
1.04958346e-07
0.13700002
0.45749182
2.3126377e-06
2.7908662e-05
0.0006852673
0.00010137817
2.588183e-08
0.013814398
0.0008141552
2.9362825e-06
0.00016525127
7.152801e-07
0.3484308
4.5446865e-07
8.694622e-05
1.01141744e-07
1.146911e-10
0.007568304
0.311885
5.0759613e-06
0.0022633637
0.00025927738
1.8703561e-08
0.00042988572
2.4592859e-09
7.403781e-07
6.198268e-07
5.813706e-10
0.020128116
4.005561e-08
0.0023169573
1.0872353e-05
0.24608414
1.6374237e-07
1.8253595e-06
1.2107108e-08
8.707097e-08
0.94736356
0.0032491477
1.09454405e-07
0.0022641087
0.0008479547
5.1489324e-09
6.025331e-08
1.1451547e-08
3.507357e-07
0.999633
1.4563904e-08
0.8754038
0.0074956706
0.046220798
0.009794382
4.6337513e-12
7.5499224e-07
0.01600615
0.00079021195
0.5960839
0.0005461294
3.5052158e-10
0.9656911
2.6773928e-09
2.023896e-06
0.9962658
3.4933498e-07
6.904098e-06
0.9938139
9.210518e-08
0.00038599112
4.162714e-05
1.0224963e-06
9.047695e-09
0.00616602
0.00013079037
0.0011148858
4.1746684e-08
0.0016149185
0.4365148
0.000189434
0.9839564
0.002225312
3.1358183e-09
2.3680977e-08
2.0435225e-07
0.99699545
0.9915193
3.265272e-05
0.0019929563
3.0532428e-07
4.2395425e-09
6.684978e-10
1.1490617e-07
0.04463471
0.000507842
2.173445e-08
1.0227825e-09
6.430775e-08
0.007971047
0.0013657452
7.2644275e-06
7.242375e-09
2.5945837e-08
8.579738e-06
1.3359319e-07
3.036055e-05
3.1864664e-07
2.4396929e-08
2.3605539e-07
2.7971807e-06
1.0456247e-06
0.13700002
2.0971213e-05
0.9993865
0.9907968
0.0014209104
0.00013000082
0.00032889235
0.015798004
0.00018503387
6.8477435e-05
0.26652038
0.605752
8.1332377e-07
3.3965766e-06
1.8020275e-05
2.57403e-06
9.228168e-06
4.0993404e-05
0.00011090669
2.4578567e-05
0.9962658
0.032164074
3.9113356e-06
2.0485918e-07
0.0003497527
0.034297653
