0.99999905
0.9959093
0.99974585
0.9996677
0.95963687
0.9984082
0.9930275
0.9740737
0.9803114
0.99999434
0.9908825
0.98696214
0.9999983
0.9996583
0.92672455
0.9984152
0.99999976
0.99994624
0.99999815
0.99998426
0.9980175
0.9999536
0.9999986
0.9999894
0.96487445
0.999995
0.9915995
0.9999992
0.9977656
0.99999136
0.015253313
4.500732e-06
0.0011125507
0.00021451904
0.0006719611
5.20863e-10
0.0014660263
0.000677253
0.87798965
2.5849775e-05
1.6182685e-07
0.7620925
9.406689e-07
0.0018708433
9.3146284e-08
3.7965266e-09
1.0933729e-06
0.0009467234
0.991259
2.4953064e-07
0.93877923
5.4139544e-08
1.7692886e-06
8.9153457e-07
2.1073836e-07
3.1269083e-06
1.05957076e-10
4.3359396e-06
0.9952125
0.041607033
0.00027011064
8.6313474e-07
0.99861795
0.001684503
1.7556087e-06
1.4472744e-08
8.911164e-07
0.9806329
1.663155e-08
0.00020027338
4.8996064e-08
1.5769267e-06
3.8295886e-09
0.00016028945
1.2710058e-06
0.0018708069
2.646457e-06
0.99999857
8.8318717e-07
6.644281e-08
3.244695e-05
3.1324687e-06
4.5312922e-07
0.9473952
3.8186154e-05
4.982738e-08
2.8464315e-06
3.7045345e-10
1.7910122e-07
3.3305227e-05
0.99484724
5.6001975e-10
8.466118e-06
3.3658484e-08
1.7157593e-08
7.2810166e-05
0.00023235095
1.5961679e-07
2.8239037e-07
3.5102907e-08
1.5902286e-07
3.7965266e-09
6.456628e-07
4.0811087e-06
1.9182164e-07
0.005612639
1.35758455e-05
6.532319e-08
1.6283546e-05
7.176402e-08
0.00034152385
2.5603393e-07
0.0027274962
0.015215133
2.565066e-06
0.0031308671
0.0031308671
0.019173231
9.640829e-06
2.9731477e-06
2.5849775e-05
1.0485795e-06
1.2166555e-08
7.4125694e-07
0.0059067416
5.3893103e-08
3.03948e-08
0.00014418946
1.0327118e-08
3.1711203e-08
1.4584479e-05
2.0703634e-07
3.5510843e-06
1.0710296e-08
0.45961073
0.026927093
3.7839418e-05
6.789286e-08
0.0001367866
0.07943714
2.4035909e-09
7.430661e-08
0.0034663163
0.00055972213
1.4480675e-07
0.0045044567
0.0009719645
0.21731056
0.0011125507
0.9952125
1.3051744e-07
4.5669224e-10
6.7090377e-06
0.991259
0.3043404
9.544737e-06
2.2239607e-05
0.9667285
5.6292633e-06
3.266996e-10
2.3541968e-06
0.11633808
1.9977833e-10
1.0433413e-05
1.0039931e-05
1.1933756e-06
0.019055972
1.5766861e-06
0.058557462
2.5344886e-09
1.4584479e-05
1.742058e-07
8.471255e-06
2.2294935e-06
7.2810166e-05
1.0269997e-06
0.9999999
2.5592449e-08
0.99999994
0.0006083324
2.2138065e-06
9.538298e-07
2.8901864e-06
1.1102649e-06
2.9245896e-06
6.8933546e-06
0.9891416
4.3459014e-10
2.052292e-09
1.0034355e-07
3.0298196e-08
1.4964911e-06
3.7786485e-05
2.6553344e-05
4.5177426e-08
5.997492e-07
1.2082337e-07
1.6141614e-05
3.1472428e-06
0.9999996
1.5961679e-07
0.00039532373
0.13922144
0.00053363026
0.80234075
8.9153457e-07
0.0009778216
3.1718497e-07
1.2418384e-07
2.4953064e-07
0.00020027338
1.9665205e-07
3.465665e-07
6.760235e-09
3.5380835e-06
0.00020015196
1.4662855e-05
0.004649427
1.6298163e-06
6.4099663e-06
7.022848e-08
0.0016361893
0.00029683538
0.99484724
2.3915343e-05
0.005015036
0.018032389
1.3593313e-06
8.147017e-07
0.00031632502
0.08281483
9.120832e-06
9.070452e-09
3.6907995e-08
6.7313595e-06
4.454128e-05
8.1452164e-08
1.1347743e-05
4.500732e-06
5.6369904e-09
0.00011161221
7.761909e-08
0.00023235095
3.7650807e-05
0.0001378393
8.9715525e-07
6.3791945e-09
3.6104008e-12
4.1772535e-07
7.1138345e-07
0.00019182177
9.823691e-09
0.00019709236
5.115471e-07
5.957884e-07
0.7149135
0.9998483
1.3593313e-06
0.0046404935
9.823691e-09
1.5766861e-06
0.82978654
0.00010310507
0.9931407
9.823066e-06
1.4041416e-07
2.151024e-06
1.6703906e-08
0.0016506346
3.7965266e-09
3.3230376e-09
5.0664205e-08
0.9978919
0.22064766
9.640338e-07
8.957789e-05
0.00025563472
1.0877386e-07
4.4492204e-05
2.8916702e-07
2.5852978e-06
8.751544e-10
3.627167e-08
6.4534843e-06
0.01223596
0.00034152385
0.014921643
6.222851e-05
7.956897e-08
0.00026044878
1.1607995e-07
3.8679027e-06
3.1711203e-08
0.05511395
0.0006058756
1.0408952e-07
2.0741103e-07
0.0011638692
0.01632987
0.3733986
