0.99999994
1.0
6.43083e-07
0.9959397
0.88019145
6.2592494e-07
3.869928e-06
2.7899604e-08
9.1645325e-07
4.016283e-07
4.975305e-05
2.3086486e-07
1.7660102e-09
0.0012263545
0.62410057
4.1169267e-05
2.2499682e-09
4.3615196e-06
9.183858e-05
4.138625e-09
0.022618974
5.6523586e-05
2.8434035e-06
3.902411e-05
0.14504035
5.8068454e-05
1.1210664e-08
4.098171e-09
1.0214456e-05
1.242964e-07
0.00019289729
0.00059268146
1.2893598e-09
7.935527e-08
8.274825e-07
3.6627175e-06
0.72076017
2.118311e-09
2.9612432e-08
2.3177064e-07
1.2798192e-06
1.962331e-05
2.2085685e-06
2.1185513e-05
7.860236e-07
0.9999416
7.447158e-06
3.441747e-11
0.026252108
0.00028919618
1.1004634e-06
6.4291157e-06
7.847814e-05
0.01399961
0.00029303154
0.99767804
0.0015440116
7.757558e-08
5.7050693e-09
2.0813626e-07
5.283215e-06
2.1443782e-05
3.1571414e-09
2.0715318e-06
3.567411e-06
0.0002499874
1.0362985e-09
8.158313e-06
9.2174205e-06
3.5263295e-08
4.6011568e-08
1.432486e-07
0.74303114
3.668163e-05
4.098163e-09
6.044906e-10
0.00035833652
0.0008146954
3.1118263e-05
4.5047926e-08
7.447158e-06
2.6390238e-05
5.5121703e-08
2.1410962e-08
4.6890415e-05
0.000115532224
1.353528e-05
0.0005453208
0.0056970837
1.210118e-07
0.9999938
4.9680815e-10
3.022443e-05
0.9999931
1.4113107e-07
8.412589e-06
3.9102434e-07
1.0
4.983693e-06
1.8809633e-05
0.008979249
1.0178017e-07
8.1478487e-07
3.204629e-05
2.1735809e-09
5.6523586e-05
6.337506e-06
1.6538845e-10
5.2116343e-06
2.2321949e-09
2.6291602e-09
0.041776497
1.4473164e-07
2.7718577e-06
0.70855063
0.004886565
5.231016e-08
0.00047974472
1.2741227e-08
1.3115183e-05
2.4004043e-05
5.636385e-10
0.0009886939
0.019183941
8.283974e-06
0.034250326
0.0028536601
3.3350573e-09
1.6081607e-06
3.363269e-07
2.6632722e-05
7.312767e-08
1.4186259e-09
5.50657e-07
0.83113277
9.311644e-08
8.1684575e-06
6.582648e-07
5.452443e-07
5.456037e-10
0.9971215
0.0014211377
0.0028945503
0.9999967
1.7555166e-06
6.088803e-08
7.860236e-07
5.493567e-07
2.659809e-07
0.00011621153
0.9951222
1.832403e-09
8.354957e-05
4.0506446e-05
0.00010873919
0.9999212
0.0001192558
2.0218637e-05
7.093601e-05
1.13091815e-07
2.7899604e-08
0.9910301
0.01053488
4.975305e-05
4.4493517e-10
9.4562e-06
0.0001192558
3.1219693e-07
0.0009298464
0.00033646487
2.2296515e-08
0.019505706
4.854463e-08
3.4469997e-06
0.24255343
7.2273338e-06
0.99999136
0.00070097327
3.4469997e-06
2.1660952e-08
1.9695417e-08
3.5174684e-12
3.3585317e-07
1.8347741e-09
0.034525495
0.7095684
1.6738721e-06
0.00054467097
0.0001686616
8.3086555e-08
1.0209237e-08
1.6738721e-06
2.803411e-06
0.5383901
2.3086486e-07
1.1041892e-08
5.6827975e-07
5.50657e-07
1.2893598e-09
6.2592494e-07
0.036782715
1.156825e-08
7.0136105e-07
1.3043401e-08
0.88019145
0.00024432084
1.3528319e-08
1.0092822e-07
3.1118263e-05
5.7632744e-05
0.8555819
6.508078e-05
1.2798192e-06
3.668163e-05
1.1327718e-05
9.8925696e-08
1.5845351e-06
0.00071617094
0.017097374
3.1118263e-05
5.4280786e-08
0.9973101
0.99928784
3.160232e-09
0.0005245294
4.935991e-08
4.937799e-08
2.7119327e-06
0.0009554906
7.136053e-05
2.2683469e-05
3.1611693e-05
4.2853938e-07
2.0715318e-06
0.00011415743
0.00011415743
8.1478487e-07
8.324886e-05
0.97897196
0.22330551
2.118307e-09
1.0888304e-07
3.5927944e-05
0.00015723269
0.99102354
0.9993635
0.00043154653
0.00051819504
9.890868e-09
1.7173072e-05
5.074549e-10
0.056908697
4.061938e-09
4.482457e-08
0.9918666
0.000863275
8.67147e-05
2.297754e-07
0.00013973344
2.7356748e-06
0.0032527929
4.0315012e-06
1.5979445e-05
5.940568e-08
3.4262477e-05
4.5813925e-07
0.0002655185
0.0002499874
1.3528319e-08
0.015353615
8.243885e-07
2.156817e-06
0.9988867
7.816888e-06
0.005775242
0.0028500303
0.0002206966
0.004886565
1.0515468e-08
1.7173072e-05
0.001483757
1.4097529e-07
0.00019289729
0.011155769
4.2243237e-06
4.6226345e-05
2.7604734e-05
0.9999987
4.8905366e-07
1.0023643e-07
0.21290739
0.0005343882
0.0005245294
8.4990126e-05
2.297754e-07
3.159934e-05
2.2819216e-07
1.210118e-07
9.6929256e-08
1.9695417e-08
