1.3506528e-06
0.9999995
0.96870506
4.8360814e-08
5.8268648e-05
1.48759005e-08
0.0018686543
1.1405745e-05
0.0005619681
0.00092935393
7.1359295e-06
0.0951273
0.0024631147
0.42081136
1.7791909e-11
1.6563026e-10
0.0011384214
0.0003292911
0.99999577
0.7692205
2.9266766e-06
1.435826e-07
0.0011621043
3.2169619e-06
1.4809796e-08
0.08445877
0.0022469054
4.631265e-05
1.2072162e-05
9.886957e-06
2.6430394e-06
9.886741e-08
3.2169619e-06
1.1827369e-08
7.790312e-08
0.00010559417
0.0002870155
3.5521373e-07
6.991586e-07
0.00017413191
1.4809796e-08
0.004542266
0.0001624042
0.0013780094
7.3255893e-07
0.8237496
3.087269e-07
5.58366e-08
0.9975965
0.9783147
0.00013591083
0.0007232574
3.0812796e-08
2.2153834e-07
0.99999994
1.6033475e-07
4.102954e-05
0.0028736892
3.204577e-10
3.457564e-07
4.330724e-06
1.764377e-06
1.0
8.825468e-05
0.000545729
1.4652749e-05
2.677318e-07
6.0680313e-06
5.8674397e-07
0.0014794722
1.0192786e-05
1.276863e-10
2.7571724e-08
4.995897e-09
5.0957272e-08
1.8996258e-07
0.00071320613
1.9486297e-06
0.9750277
2.4664128e-05
2.4692275e-05
0.9750277
0.00034671935
5.331777e-05
2.9048488e-05
4.2122474e-06
3.407018e-08
4.9703205e-05
1.1767249e-07
0.010793636
0.016329277
0.9384299
3.7797334e-05
8.2972434e-07
0.0008802253
0.99997246
4.5492605e-05
1.9639747e-06
5.577429e-05
6.6860694e-06
1.4809796e-08
0.0007932002
2.536555e-08
2.6556752e-06
0.00030050517
4.4752574e-06
7.272096e-07
0.0005338933
3.959827e-06
3.3695486e-07
6.59765e-07
4.8765873e-08
0.09007119
1.2611938e-09
0.03425345
0.0005233722
3.503351e-05
0.99973965
0.002992698
0.05101323
5.7879377e-05
1.0467229e-05
1.9328503e-05
4.650752e-08
0.9998847
0.0007291318
0.0027014858
0.0076511037
2.619032e-06
0.0017805082
1.6873231e-05
0.30141914
0.00052552024
6.6235293e-07
2.5525378e-06
0.0007290186
1.6800469e-06
6.441615e-07
1.0436886e-05
2.9323952e-05
4.714953e-08
3.159414e-08
0.04417888
0.0022894854
7.305838e-08
6.574166e-07
4.6485087e-07
0.36506757
2.5442457e-06
0.9965564
0.0007669265
0.9999999
5.3779127e-07
0.005685341
0.00064510736
3.1466486e-06
4.8567264e-05
4.4940676e-05
0.00028368586
0.0040506297
4.0442217e-05
1.9328503e-05
1.9328503e-05
1.1011439e-05
3.2169619e-06
0.7742018
4.6598893e-07
6.0125283e-09
9.886957e-06
5.3327327e-05
2.8593986e-06
0.00010534656
9.840531e-07
0.062033713
2.3571269e-05
2.9194791e-06
0.00034073356
8.333601e-09
1.2849973e-06
0.0027014858
3.3644432e-07
5.551247e-06
3.3695486e-07
4.8748043e-05
1.3474248e-06
8.6454456e-05
2.1492713e-08
0.030196428
2.1372674e-05
2.7572973e-09
8.300134e-08
2.6841804e-05
0.6584779
3.6666978e-07
0.00020486327
4.9085498e-05
1.0262051e-07
1.302255e-07
0.0037641423
8.794976e-06
3.2169619e-06
2.6556752e-06
0.0007232574
0.001052356
2.2307989e-09
1.9553262e-07
7.305838e-08
1.0652152e-06
1.7369834e-05
4.399531e-05
0.38914356
4.0117766e-06
1.0436886e-05
1.6698383e-06
0.02616665
1.8888663e-07
0.019276807
2.933339e-07
1.3360568e-07
0.00020111882
0.5491551
7.6046696e-08
2.8353887e-07
6.527543e-10
2.9505218e-05
1.7887672e-06
4.0442217e-05
0.00041527042
4.3352844e-05
4.410641e-07
0.1282441
0.0002405635
2.0898396e-07
1.5341622e-06
0.004399852
1.0399363e-06
5.2875116e-08
3.0108822e-09
2.1067858e-06
9.850768e-06
1.1630428e-06
0.00042197734
0.00013742223
0.0070218355
0.0018135105
0.9998431
7.6046696e-08
0.0042070732
0.0001287946
1.0416217e-08
9.790913e-05
0.0007103863
1.1246462e-10
7.1971845e-05
0.002992698
2.9190307e-05
7.888466e-05
0.64295256
0.0003485906
0.0035304653
2.4001103e-08
3.1032054e-05
2.0888612e-07
1.3578811e-07
7.325582e-07
0.0018833526
0.0001484487
0.99857545
0.00039209114
0.13564172
4.1361338e-07
0.002043951
1.9496672e-05
1.957714e-05
0.0068577966
1.500511e-07
0.0078039286
0.99999696
2.62645e-08
4.0208192e-06
0.0035046174
1.6873231e-05
5.518984e-06
3.6574572e-06
0.00013742223
0.004399852
1.697693e-07
0.02497243
3.486477e-07
5.8678765e-08
9.7734585e-08
2.5525378e-06
6.614979e-05
3.2845428e-06
0.051118832
0.0025946542
2.593407e-07
2.9694952e-08
0.25682428
0.0024119401
