0.15029822
0.000250923
8.558767e-10
2.3979059e-05
1.815141e-05
1.5118087e-05
0.0017840178
6.829757e-08
1.1347729e-07
3.815543e-05
5.1925545e-06
0.00071173685
0.11787585
0.50634164
1.2219398e-07
3.891078e-06
1.4597644e-07
0.018398887
4.9876946e-11
0.011100614
5.274367e-08
0.3846166
9.625448e-05
0.0034899984
0.037463542
4.578799e-06
2.0732125e-07
0.48722222
0.07224137
1.5713242e-06
0.12540469
7.6591405e-08
0.00055568037
0.0038072495
5.913357e-07
3.678371e-05
2.6441085e-06
0.20663789
0.00025968903
3.9713584e-08
0.34681863
0.3328199
0.9426926
2.4353168e-09
0.9915386
7.675659e-10
5.0848605e-09
6.6034096e-07
0.9971114
1.3130639e-05
0.012508157
5.6028413e-05
0.0002953387
0.0014817083
0.0729884
1.7341597e-05
0.00329725
0.59156656
1.7964862e-07
7.585428e-09
6.063711e-08
4.0944386e-08
0.0030725773
0.043155994
2.6560922e-08
0.9951269
0.7286477
1.8563269e-06
0.0102010975
0.0007283509
4.0124968e-07
0.0013815232
0.034112018
3.4740802e-05
0.9999624
0.00010424513
5.2211462e-06
2.4591614e-07
0.017921843
0.00058126834
0.99762017
0.00026589644
0.90675867
0.9281564
3.5187645e-07
4.833689e-07
1.088369e-08
8.964572e-09
3.381337e-05
0.0003316844
0.0037113728
1.1846637e-06
2.3689613e-07
8.34303e-05
0.0029993583
0.014566759
0.38629147
0.00027697108
1.2708786e-06
0.13974664
0.59927857
1.823721e-05
1.6736583e-06
4.136147e-09
8.364975e-07
5.5160504e-05
0.00015549868
0.00270454
0.0003484265
0.00015539004
6.42149e-07
5.929932e-07
6.8073765e-05
0.00073947286
3.3614966e-09
5.3163018e-05
0.094555646
1.0847415e-05
4.5885783e-05
3.61077e-07
0.9978183
1.9791859e-08
4.917874e-07
2.9674104e-05
0.0007375962
0.45403594
7.3105886e-09
6.929137e-06
3.4422626e-06
0.010909868
0.9999979
3.1011753e-06
2.988505e-07
2.6960146e-05
5.988981e-05
3.849324e-05
8.153128e-08
0.05621991
0.00035887942
0.19986904
0.00023523046
0.9043839
0.00023673658
8.0788865e-05
0.017191496
0.00017654891
0.00044998474
0.052751273
0.004329208
0.0155596
1.0347762e-06
0.9999981
3.3771343e-05
0.0004798314
0.00015369379
0.00092760235
9.338853e-09
0.00060319516
1.5555207e-08
0.30943173
0.0012709856
1.032155e-07
3.8044952e-08
1.0
4.0483533e-06
0.008356703
0.004451464
1.741503e-06
0.009107916
1.1584897e-06
1.032155e-07
0.0007283509
0.0069595594
8.7093355e-09
1.16624776e-07
2.4657818e-06
1.0094954e-08
0.98690844
0.7228721
0.00041087557
1.02525426e-07
0.19842702
3.5781202e-06
2.2585849e-09
0.003563965
0.0022084562
4.789981e-05
0.9508759
5.5725393e-09
0.05103878
6.05113e-07
0.0062359646
5.311336e-07
0.8324012
2.7249573e-06
0.029706506
5.8369228e-08
9.2665315e-09
0.0001483232
0.006113697
8.072121e-09
1.6208556e-07
4.3195104e-08
7.0639025e-08
6.4754655e-05
5.8358205e-07
2.603982e-06
0.59081155
0.9983395
0.0010327715
1.667771e-06
0.0023042262
0.008214447
2.700515e-07
3.4910424e-06
0.00015407133
1.0000246e-05
0.002544466
1.59351e-05
1.2731804e-05
0.0001483232
6.92966e-05
6.708399e-05
2.100664e-09
0.0025770648
7.005215e-08
1.6964817e-08
0.98905146
1.5690063e-06
0.8232433
4.6815597e-07
0.058656458
0.9940752
2.8193178e-08
1.1239802e-05
9.625448e-05
9.355575e-06
0.0013759552
3.9938506e-08
2.1247704e-08
3.1312381e-06
1.5713242e-06
3.221114e-07
1.3369861e-05
3.2130497e-06
5.8651356e-05
1.7739839e-06
1.4258784e-07
1.2586932e-07
0.0003362595
3.2857208e-06
2.274119e-06
0.0063607763
0.0056199087
4.6078676e-06
2.9068327e-05
1.5063796e-06
5.3861452e-08
1.7486842e-05
0.00043260632
0.00929952
5.532774e-07
1.3323951e-06
6.063711e-08
2.0440545e-07
2.2627415e-09
0.00017961273
1.3922611e-06
2.0207801e-07
0.9745345
1.3082119e-08
0.00038226842
5.126004e-06
0.27839017
4.2617125e-06
0.0009775124
0.99310553
1.2413628e-06
5.050078e-07
4.558017e-06
1.1965734e-06
0.013182975
0.005856825
0.00069628935
7.0138357e-09
3.4422626e-06
4.6773897e-05
1.1474324e-05
1.3977169e-06
2.5775493e-10
1.3978493e-05
7.72796e-09
3.2561755e-07
2.4472383e-08
0.99954975
3.4164073e-05
3.8468274e-06
4.9068355e-08
5.4413293e-05
8.528152e-09
