1.0
3.0735205e-07
1.7891985e-08
2.206434e-06
3.2182357e-05
0.00018336657
6.811577e-10
1.3478849e-06
3.2041269e-06
0.0005574453
2.244245e-06
7.7871745e-09
0.0007148355
3.5960853e-05
0.19484383
7.8793306e-08
0.011014366
1.5254173e-07
5.723404e-08
6.26079e-05
1.1236726e-05
2.1512687e-08
2.4758856e-07
5.7123888e-08
1.2020068e-07
0.0008383871
1.8175604e-07
2.3568746e-06
0.0039567864
0.00016760176
0.012467477
4.4461245e-07
1.1212633e-08
2.1270416e-05
1.4474814e-08
4.8350585e-06
0.99999994
1.4624453e-11
0.00019363109
0.0028489868
2.3821608e-06
1.6979441e-09
1.117836e-08
1.3125613e-07
0.7250496
0.99873126
6.0168105e-07
0.9169484
0.0005472883
1.0
1.3918474e-05
6.1783555e-07
3.8470216e-06
1.2514054e-05
0.0015035012
2.77234e-05
6.1783555e-07
1.9634494e-09
1.4474814e-08
0.01071715
5.4166145e-07
1.075549e-05
1.2973969e-07
3.3295977e-09
1.9174531e-10
2.7000567e-06
3.9449242e-07
3.3550145e-06
6.848522e-10
2.8467943e-05
2.5413092e-06
6.801184e-08
0.019754343
0.86569077
8.582223e-05
4.6610003e-07
1.5141758e-07
3.9614307e-09
1.5814591e-10
1.9792528e-09
0.11895882
0.9998796
0.0844467
2.0150684e-07
0.9999862
3.2450937e-09
4.930807e-07
0.002034207
2.2097927e-06
1.2567753e-07
1.727053e-09
5.428745e-05
2.3916153e-08
5.3464657e-05
5.0207074e-08
0.9953746
9.089974e-08
2.3787148e-05
1.3478849e-06
0.00047789325
4.7475663e-08
9.880973e-08
3.1298289e-06
7.281437e-07
4.8092227e-07
0.0195324
0.0012533589
0.9902167
0.023515666
0.011175243
1.5586902e-07
0.97654754
1.1228361e-06
0.0021662342
8.0886305e-12
3.3403066e-05
3.9342578e-07
1.4665537e-08
1.4736135e-06
0.94806105
1.8139233e-10
0.0012470364
1.5430851e-06
0.0011626447
2.3344204e-10
0.0029643406
1.3930912e-06
0.00012752402
0.44996294
2.3178795e-06
4.4461245e-07
2.8068376e-08
7.657102e-07
0.9942285
4.4461245e-07
5.3543307e-08
0.00016847017
5.0182713e-05
0.0005655446
0.99999994
0.000100156125
7.2678645e-06
2.8662444e-05
4.2067486e-10
3.2733598e-09
1.1506475e-05
0.1943409
3.5683192e-07
2.0035645e-10
3.1298289e-06
7.9353605e-08
3.2182386e-05
0.068691745
2.3839004e-08
2.172898e-08
3.4883467e-06
0.012341319
0.16969396
0.99999094
3.8731372e-07
1.900944e-05
1.2177948e-07
8.0886305e-12
6.9484336e-12
0.0004892402
1.9515737e-08
5.5601377e-06
1.0048658e-06
0.00045466144
1.3739008e-06
1.7728544e-07
5.0207074e-08
3.0266955e-07
4.7622674e-08
5.2070536e-06
2.3346189e-08
1.07034175e-07
0.9787395
0.8542151
0.9999923
0.7173535
3.100333e-08
6.7359565e-07
3.5960853e-05
9.520467e-09
3.0831417e-09
0.00021435854
5.5496785e-10
3.1845084e-06
4.0367766e-08
0.00012790045
9.5524255e-09
0.97394305
2.9525747e-06
0.0001568133
1.9434818e-05
0.994444
4.8350585e-06
0.001732985
0.00052640756
2.5944162e-06
2.2097927e-06
0.42095563
0.00017108553
2.2174592e-05
1.1726024e-07
0.0036935655
1.3506911e-05
4.113901e-05
5.2906164e-09
0.00032545507
1.7941126e-08
8.098841e-05
1.7042285e-06
9.4253455e-06
5.9207356e-05
1.1314953e-07
0.9774162
5.803165e-08
1.3724637e-05
0.02949261
1.585511e-08
1.8951807e-05
1.8586918e-05
2.8004373e-05
3.1896565e-09
2.2096317e-05
4.3586854e-10
1.7216329e-05
1.9004045e-08
0.00046887036
1.5010228e-08
9.687487e-09
0.01633337
0.0005648844
1.9287636e-08
3.054997e-05
1.4665537e-08
5.0563835e-05
2.3365992e-05
3.0210365e-06
1.5619862e-07
2.4001163e-06
8.766317e-09
1.0602555e-07
5.7737856e-07
0.0009949896
2.8192426e-08
0.0011963688
1.7843684e-07
0.0010476755
2.0464303e-07
1.6702463e-09
5.7483805e-07
3.0494948e-07
0.00012953767
0.00024554852
0.12955448
8.897104e-08
0.0074293325
1.1901594e-08
0.77626765
1.0530883e-08
2.1134318e-05
0.9169484
3.871161e-06
7.3038194e-05
0.9999134
0.000101958314
0.000104249906
0.0005472883
9.913506e-06
1.4474814e-08
0.0059354594
3.3567171e-09
1.5514901e-06
5.9409192e-08
0.00037321058
0.9999051
1.7728544e-07
6.5336917e-06
1.5729112e-12
3.035216e-08
2.4998062e-06
7.952219e-05
0.0011223225
0.9999921
4.2827903e-08
0.00924282
0.9862445
7.810798e-07
8.0886305e-12
2.5980105e-08
0.017459843
2.3344204e-10
1.4703143e-07
0.93900144
0.00045466144
0.08622003
2.1884586e-07
