1.0
1.5168215e-10
7.807787e-09
7.9881154e-08
0.98951805
7.714587e-09
0.0019510115
1.1537363e-05
1.6580987e-06
2.1907076e-07
0.012955378
6.173968e-07
3.8376925e-08
0.0012876114
2.5250095e-11
0.0012405083
0.000115357194
3.5703008e-06
0.00013625677
4.876643e-08
1.1269459e-06
7.560204e-07
0.00038174438
1.2232083e-07
5.298177e-07
0.00045188834
1.8805947e-07
4.2602103e-05
8.03777e-07
1.2321469e-10
3.970813e-08
9.2025255e-07
2.0933006e-09
4.8101214e-07
0.0003387874
2.0335503e-06
5.7576053e-05
5.985287e-06
2.3351107e-10
1.3224327e-10
1.1269459e-06
0.6842078
8.375313e-05
2.9557026e-07
1.9382394e-06
2.6793307e-06
1.8992363e-07
0.0004576899
0.0007375027
0.00047295878
0.010710914
1.0322107e-06
6.100555e-07
2.316211e-09
0.00016568863
0.927915
0.9999982
0.97230875
2.2901154e-06
0.010922507
0.00027036754
3.3590677e-06
0.00031175773
1.479804e-07
7.836077e-08
3.6463857e-06
1.593567e-07
0.46111077
1.0242057e-09
0.00012523787
0.00010724029
7.730393e-05
9.515895e-05
0.00038487007
2.6289761e-05
0.0010482885
0.00012218262
5.0050843e-08
2.9947353e-06
1.0618098e-07
3.3590677e-06
0.0012199373
5.706873e-10
2.674009e-09
0.09263268
1.1550188e-05
5.041839e-07
0.99978775
0.0003802215
3.060637e-05
4.394717e-06
1.5197618e-06
4.7119694e-05
8.892035e-05
3.183817e-08
1.9902847e-05
2.737223e-09
0.00078303914
0.0017015937
1.05935804e-07
7.8606485e-07
0.00012218262
8.9499856e-08
0.10035693
0.0006673752
7.5528317e-07
2.4187644e-05
2.5701152e-07
1.3480518e-07
5.985287e-06
2.257821e-06
2.8758875e-05
1.8791211e-07
0.0003048684
2.27909e-07
1.0051326e-07
5.983855e-10
1.4660552e-09
2.2739037e-09
1.4891832e-07
3.8696662e-08
3.7228945e-10
3.8552346e-07
0.027465658
4.418128e-06
0.99999946
1.3966801e-09
7.546539e-07
4.9990987e-05
9.511099e-06
7.966607e-06
0.9994091
0.000399651
0.00775057
2.3672475e-09
4.8617647e-08
1.4365548e-05
1.0509316e-07
0.0007375027
4.1186573e-07
6.822167e-06
0.0021252
7.546539e-07
0.00021377827
1.6482828e-07
0.00012902521
9.776236e-06
1.5521265e-09
0.9720822
1.1638811e-05
3.2885183e-08
5.0948503e-09
8.839441e-12
7.97058e-09
1.6485359e-07
0.9218661
0.03239927
1.024686e-06
0.0003275518
4.904513e-09
0.91390723
0.0020924879
4.1160416e-08
6.7637974e-12
7.729415e-10
2.0070067e-06
0.058909226
3.6742442e-08
1.5586769e-06
2.8630425e-09
8.6370314e-08
3.3094807e-10
4.0333266e-09
0.012737595
2.890691e-06
7.974142e-05
0.0033108564
5.364502e-07
0.0003166367
0.0002261153
0.00072467205
5.298177e-07
2.580557e-12
0.99898654
2.5145822e-05
2.9947353e-06
1.1302077e-09
0.03639111
0.58586854
2.538158e-06
0.0042290003
1.7779621e-08
6.0745583e-07
1.2760052e-05
6.804259e-07
0.00069909793
0.0023619675
0.9999882
0.024952078
1.2196475e-07
6.0512148e-06
2.862999e-05
0.00039210494
0.29870346
0.00033625806
0.00017441773
1.8115385e-09
8.1804494e-05
0.0021252
1.01833564e-07
9.776236e-06
2.5247617e-09
1.0746392e-08
4.9967095e-08
6.1145283e-07
0.00012902521
0.00017686028
7.1761255e-09
4.8101214e-07
2.039861e-06
0.46111077
0.0005314367
5.1638075e-05
0.9889463
0.99436486
0.00053669955
6.937468e-06
1.0
3.2290856e-08
1.013578e-06
2.3510655e-05
2.824127e-06
8.558803e-09
4.4165338e-07
0.002885059
0.8855904
0.91390723
0.00012902521
0.008977559
0.5984301
5.3624458e-08
1.1106923e-09
2.099518e-07
0.00062029494
0.99896425
1.2232083e-07
2.5270081e-08
0.0007054855
0.7235431
3.7118696e-07
1.989585e-06
2.2263298e-06
6.2361195e-08
0.00026291577
0.9968377
1.7179786e-09
0.00017441773
0.87150127
3.6422247e-08
0.01361203
1.9281042e-05
6.607813e-07
0.0021081986
1.2661721e-07
6.822167e-06
2.1088353e-07
0.0005328755
0.03239927
0.07948335
8.5260195e-05
7.617764e-08
0.00023874444
4.806866e-07
1.4365548e-05
0.9211491
0.9963201
0.12861925
3.8975853e-07
2.2214385e-11
8.3376435e-08
9.0116264e-10
1.6908156e-05
3.3544518e-06
0.007653472
6.0745583e-07
3.08638e-07
4.9990987e-05
1.9998975e-08
0.0023619675
4.249764e-06
0.9999982
7.1761255e-09
2.2564132e-06
1.3695874e-09
0.9928056
0.058909226
1.0382465e-05
3.2631118e-09
3.4401168e-05
0.0197401
