0.99999005
1.0
2.3816416e-08
1.1120155e-05
0.00018680144
1.4269108e-09
1.6857831e-07
0.9543938
0.1084405
0.9999996
0.18983003
8.9839926e-07
4.4020223e-07
0.7442268
0.0008070109
1.8300958e-07
1.0805806e-05
0.004533686
0.9999998
2.986416e-06
1.4874203e-07
2.2974529e-10
1.6549464e-08
9.511398e-06
5.7159747e-07
0.0033700238
1.0451521e-08
8.357163e-08
1.7935037e-08
0.0011405542
4.162787e-09
2.986416e-06
3.301314e-07
0.0007356801
0.0011767739
3.1095562e-06
1.782662e-06
0.0057333116
7.3549876e-05
0.0004093255
1.6620773e-07
3.4546997e-07
1.219349e-05
1.0844961e-08
9.620669e-08
2.5295988e-06
7.807052e-07
0.0007304397
1.689299e-10
0.000305841
1.2890561e-07
0.9999927
3.8309095e-06
1.0275493e-06
0.0007304397
6.638714e-05
3.824326e-05
4.5315247e-08
0.04922833
0.0016999817
1.116864e-05
0.037276167
0.0001010374
2.6578378e-10
8.773413e-08
2.8385136e-07
8.27126e-08
0.004914954
1.1949389e-07
6.751668e-07
0.0002181087
6.8905083e-06
0.0020288976
2.5729453e-06
9.713205e-09
5.5432165e-06
5.525634e-07
0.1084405
5.9696963e-06
1.5937844e-06
1.3191739e-05
6.0120897e-07
5.5432165e-06
4.6081396e-07
3.588235e-06
2.3435708e-05
5.381501e-09
2.6544281e-05
2.2691424e-09
0.40426835
5.5519195e-06
6.223812e-05
1.862773e-08
4.9992636e-06
4.0824353e-09
0.0055006957
2.065271e-08
2.239923e-09
0.00014702282
7.0297494e-05
0.0002552268
1.3303572e-05
5.508951e-06
1.3454766e-09
0.00017273058
2.2848484e-07
0.0006273964
1.8454859e-09
0.0011788758
0.00015815035
1.583548e-05
3.824858e-09
3.894794e-06
0.99107516
3.0696472e-06
1.1322514e-06
2.1848135e-07
1.0914853e-08
2.2426644e-08
6.2512653e-09
6.2957923e-07
9.626667e-09
6.6770576e-07
0.040867504
8.468254e-05
3.4699977e-07
0.098184824
1.9368265e-07
0.14576375
7.4614235e-08
1.0879975e-06
0.00010145429
0.0004170386
0.0004609595
5.0958926e-07
1.6836445e-06
3.7035736e-10
0.0003364028
9.244112e-09
3.94286e-05
4.8371792e-05
5.2931197e-09
0.022147568
1.378059e-07
0.009031198
2.2426644e-08
4.5315247e-08
0.9190855
1.2736177e-07
0.00019625749
0.2597132
5.1572683e-06
3.931352e-09
0.0016999817
7.413292e-08
2.5681558e-05
0.9894618
0.9973133
3.232154e-08
3.1899413e-05
8.205935e-06
0.00041584208
2.7481074e-05
0.00030911985
2.2970148e-10
9.2909955e-05
0.9028986
9.8390854e-05
1.8485679e-06
5.212499e-09
0.999992
9.626056e-06
2.832221e-06
0.00017169592
0.87580276
1.2772472e-05
4.6081396e-07
3.0186953e-05
3.479864e-06
1.3203692e-07
0.00014902822
9.2792845e-07
0.45458338
0.000105148545
1.9839737e-09
6.0051258e-05
0.03698953
0.0034153147
0.01767714
0.0014366673
0.012267571
0.00011688992
0.022147568
7.826637e-08
5.8417063e-06
3.5544204e-08
0.008891784
3.0323388e-09
0.018680941
0.00086831104
0.99995303
0.0009932739
0.0008194478
4.5086264e-08
6.2512653e-09
6.584155e-07
0.0008070109
7.966145e-12
9.704205e-09
0.00064832286
1.3403386e-05
0.00028026092
0.00014619913
1.5660417e-07
2.64451e-09
2.8304656e-05
4.1058433e-06
0.0020288976
0.40426835
0.39010087
0.24362455
1.4557648e-07
1.2502196e-07
2.4298015e-05
0.0029289576
0.10585183
0.7954065
2.8337338e-08
3.0583564e-08
6.862074e-08
1.0783947e-08
0.012230521
8.468254e-05
4.1303e-07
0.40426835
2.8346065e-05
7.197588e-10
6.6415415e-09
0.99998903
4.122089e-09
7.4614235e-08
1.08819265e-08
0.000387798
2.3181288e-05
0.16809937
0.00011215226
0.034443397
0.7442268
1.2817418e-06
0.9958835
5.0958926e-07
0.99108166
4.4737942e-09
1.4738354e-09
1.3987735e-05
1.6709743e-07
7.4677297e-07
0.00021220278
1.8928245e-07
4.4621302e-07
0.00039546998
0.0017296374
6.025244e-06
0.000111449066
1.887307e-07
0.0010902616
2.116183e-09
0.99596524
4.910075e-08
0.00052758976
3.1276477e-06
0.9879807
0.7026407
0.99027765
1.8876701e-08
8.7916357e-07
2.974404e-06
0.004914954
0.0056109806
2.1982911e-10
3.4797665e-08
6.2814142e-06
3.8123554e-07
6.4742555e-05
8.441497e-06
5.7532252e-05
1.4110347e-07
0.00014902822
3.1064093e-05
0.00738411
8.722083e-05
4.801349e-08
1.092781e-08
1.0050287e-08
0.081288986
7.354842e-07
5.235765e-09
0.12278156
1.0050287e-08
4.470981e-08
