0.9999999
0.9999999
5.015795e-09
1.957432e-06
6.357467e-05
8.895564e-11
5.7047018e-08
1.007041e-09
0.0383431
2.4399476e-09
2.85459e-07
3.946343e-05
1.8980818e-05
7.964951e-06
0.0014658092
7.826719e-10
4.3951237e-05
8.943832e-06
0.9047844
1.6192503e-06
2.4752836e-07
5.061495e-07
2.5888989e-08
1.1782688e-05
7.761477e-09
1.9983102e-09
0.0014123437
3.447756e-06
6.2414745e-07
4.180297e-06
0.7740252
1.138624e-10
0.031724367
2.7355104e-06
1.2392879e-05
6.404653e-08
1.495165e-05
0.00032756367
0.5627275
3.3416192e-05
7.3265255e-07
9.1152884e-05
2.4046338e-05
0.99992406
1.7966741e-08
5.361822e-08
1.1693577e-06
6.280297e-07
1.411125e-07
1.9813728e-08
7.313754e-06
3.4660094e-05
0.2177823
0.9767745
7.2441864e-05
2.575486e-07
2.676462e-10
7.094725e-13
8.084225e-06
1.599746e-07
0.0030640955
8.957363e-08
0.8292053
0.024873653
1.6166389e-10
5.502244e-05
4.5310415e-07
8.963803e-09
0.2478443
1.4595557e-06
0.00022543805
0.47548527
8.166513e-05
1.1782688e-05
7.826719e-10
3.9682495e-06
7.6494175e-08
0.00038811847
2.7476148e-05
4.008432e-13
0.0035561738
6.44163e-06
1.5379028e-08
1.8995814e-12
1.06934045e-10
7.51107e-07
0.00017271511
6.44163e-06
1.6009066e-05
0.010287059
3.5347277e-06
0.03700852
0.00023656983
0.0008221219
4.822367e-06
1.0906092e-06
1.3052241e-07
4.362016e-05
1.4959324e-08
1.8468515e-06
1.3813217e-05
3.6141953e-06
9.259799e-06
3.6619219e-09
7.7076027e-07
2.7564573e-08
2.397564e-10
3.2756976e-08
2.4210678e-07
2.4684406e-09
2.177293e-05
2.147981e-07
2.413982e-10
3.6271684e-11
0.00012935152
5.541751e-08
3.6583187e-06
1.3167141e-05
1.2775434e-09
0.98096514
0.0015475472
0.3780235
0.044213843
2.0541657e-11
3.5069947e-10
5.0924235e-08
9.3995146e-07
1.5595467e-07
7.4198665e-09
4.945488e-09
4.0921098e-09
0.11320845
3.897278e-09
0.026796142
4.0848234e-05
1.7677467e-08
0.99169934
1.8830743e-08
5.4641573e-11
0.9999987
1.2286976e-09
1.23108395e-08
7.132925e-08
6.275172e-08
1.47824085e-05
9.2269204e-07
7.094725e-13
3.6141953e-06
3.261222e-08
0.00018008723
6.888659e-11
2.9132863e-09
0.0003796847
1.1501587e-08
2.4753158e-08
1.5466563e-06
2.5755622e-07
7.459631e-08
5.062407e-10
7.599345e-09
3.6407086e-09
3.2449297e-11
0.002939929
6.922857e-05
2.02415e-09
1.0675547e-05
4.8650118e-06
3.1199052e-06
2.1833172e-08
1.4693297e-10
0.030750327
4.8650118e-06
3.6375845e-06
1.6077047e-08
0.48656395
1.40245e-07
2.3821382e-05
4.8492246e-05
1.1710547e-09
2.1943556e-08
0.026796142
0.11731947
2.0319576e-05
0.9933692
1.2235751e-05
1.9643424e-07
9.945847e-08
1.2213329e-07
2.5607e-08
0.000162154
8.749366e-08
0.00011276823
0.0076980726
1.2778638e-11
0.0001228798
2.457867e-07
0.0002836361
4.4472223e-10
4.5023514e-09
0.0015306949
1.3787433e-08
3.210453e-08
1.13153665e-05
2.2389064e-09
2.9481348e-06
0.9999887
2.1435415e-06
5.2177137e-07
6.8039544e-06
7.207098e-09
9.04518e-08
4.5310415e-07
0.00011276823
4.1363862e-07
1.5744126e-07
5.664017e-07
1.1722201e-07
9.563985e-07
2.9211666e-08
2.0335253e-06
1.0994539e-09
2.5686687e-08
0.012184815
1.0504061e-06
3.5069947e-10
4.874702e-05
0.9999391
0.622486
0.00030355455
0.0005021155
3.113583e-06
3.5069947e-10
1.8501382e-09
2.68773e-06
6.668734e-08
1.02528315e-08
0.00035447621
4.018537e-09
6.260348e-08
1.1207206e-07
4.945488e-09
0.726949
0.9993337
5.3437484e-06
5.0703962e-11
0.00011276823
4.4428625e-06
2.8700151e-06
7.082473e-10
2.847852e-07
1.3711925e-06
1.1465616e-09
4.324832e-10
3.2376113e-10
8.398994e-09
3.190121e-05
7.5749895e-09
5.3276787e-09
1.4398808e-09
4.5310415e-07
5.028279e-07
2.1885888e-05
4.4846544e-12
0.0016371665
9.940328e-08
0.9414346
7.4219633e-07
0.00035447621
1.9139188e-11
1.7710156e-06
1.40245e-07
2.4769664e-10
1.289832e-09
7.5872704e-06
8.229763e-08
1.19864435e-05
5.4693908e-05
2.5408584e-09
4.5768676e-08
1.1765864e-06
3.6679076e-08
4.822367e-06
1.1567192e-08
3.135222e-08
1.8980818e-05
6.1857346e-09
1.4297211e-05
7.766929e-08
7.761221e-10
1.0421777e-09
6.821647e-05
3.4327874e-07
4.2911143e-08
2.5503347e-10
1.4297211e-05
3.032191e-11
1.3830432e-05
2.706572e-09
8.943832e-06
9.290801e-05
