1.0
0.0007285133
8.423186e-05
0.00086677726
0.9962999
2.5089987e-05
7.3333475e-05
8.41927e-07
6.916659e-06
0.99996954
3.565743e-10
0.9999389
4.9232887e-07
0.20427273
0.00031464218
3.2504588e-05
0.0012438666
0.0016014293
0.023379741
4.7195786e-05
1.8787031e-06
5.4103668e-05
0.0009937359
0.99999994
0.00075945054
0.0012766649
3.2504588e-05
6.864646e-07
0.9999517
0.9633634
0.012351681
0.015151078
0.0528793
1.4967908e-09
0.00013230085
0.99999213
4.083507e-05
9.392717e-08
0.85685825
0.000628124
0.9896735
7.601632e-05
2.3905814e-06
0.7059457
0.32635483
1.275431e-05
0.00022776451
1.2371532e-06
0.0015954237
0.0038242547
2.7574306e-06
0.00022828499
3.2759073e-07
0.008468803
0.00022283728
0.049539067
1.0777904e-05
0.0003825876
1.3513619e-08
0.06809702
0.0012766649
0.02218881
0.68261015
6.725333e-07
1.230864e-05
4.7732533e-07
1.5492145e-05
3.8908112e-07
0.12830621
0.00016263945
7.17137e-05
0.00046414335
0.9959664
0.99955
0.0008871014
0.041791845
0.94624543
0.3362527
3.1982318e-06
0.00030292114
0.06809702
0.009563779
0.00040743718
4.3556977e-08
0.9999954
1.377788e-05
0.07863397
0.007246157
0.9639916
3.2079126e-05
0.21837285
5.510899e-07
0.93575007
0.85685825
0.043031264
0.018116245
4.3873977e-05
0.0026057467
8.423186e-05
0.00058422494
0.009495453
0.0024124312
2.4936202e-05
0.00068464194
0.996518
0.6064112
0.32057357
0.045453478
0.663703
0.6061487
1.5327348e-07
0.99349064
3.4179905e-06
3.2163516e-06
0.0002819792
0.0005551918
0.028736003
9.626901e-06
0.0047003105
0.00019535051
0.005753418
6.609183e-06
5.6925335e-05
0.001891863
0.0010132259
0.4694353
0.72227424
0.00043357402
0.9633634
0.9932714
0.000295446
1.9365772e-05
7.4423764e-07
2.412839e-07
1.9267763e-06
7.382938e-07
2.3144197e-07
0.9997635
0.0007883024
0.0010330584
0.075903624
0.9999784
0.001509801
8.0685844e-08
6.556935e-07
0.003959512
0.0007988274
3.4179905e-06
0.0053711543
0.06809702
9.626901e-06
0.9999631
0.0032280674
0.0012438666
0.37512547
0.31070548
2.918934e-07
1.6063474e-06
8.421434e-06
9.714534e-06
0.008944644
1.5093626e-05
7.601632e-05
0.0011468012
1.10447145e-05
0.9992958
0.023314584
0.1272505
0.98798585
0.0094291475
7.7171364e-08
1.5905767e-05
0.48674905
0.0001421434
5.6534883e-08
9.929989e-06
1.8101026e-08
0.108634606
0.59212834
0.9983445
0.00046390892
0.00023638179
1.4967908e-09
0.0015954237
0.003574729
3.107834e-06
0.00020451959
0.08616899
0.71117324
1.4581367e-06
4.4164008e-06
2.822218e-06
0.07339658
0.068539046
0.00014571327
0.12830621
0.53208035
0.23533462
0.00039997135
0.000120499026
0.37512547
0.0069688424
0.99923044
0.0003421685
0.99569374
0.0002966334
0.009563779
0.00012923157
5.3101707e-05
0.0012819433
0.9992927
0.81611824
0.010686315
0.023054587
0.022320097
0.136099
0.009563779
0.72227424
0.0011696373
2.728637e-06
0.00042005134
0.0019952708
4.6696454e-07
0.1603344
0.0028205626
1.12500395e-07
0.03590033
0.0027791695
0.36601162
0.0016523532
4.059883e-06
0.02534992
4.8558154e-06
0.052749317
0.00040376262
0.098840736
0.0015007813
0.28840238
7.316952e-07
0.0019494087
0.0011929787
5.8642677e-06
0.008468803
2.3163651e-05
1.0170763e-05
0.0058587496
0.34755206
0.08235284
0.012440857
0.013868708
0.050516915
1.1249005e-06
0.99381
0.015319311
0.0126611525
0.0013415887
1.233187e-06
0.0006822746
2.6136247e-05
0.056047697
0.3362527
3.617031e-05
2.0416167e-06
5.0295777e-05
6.4700675e-06
5.3101707e-05
0.0029428015
0.22202723
0.023054587
0.0011696373
0.0015541324
0.0003579473
0.0005780556
2.7357687e-06
0.53208035
4.070684e-06
0.0010080016
5.5748344e-05
0.8755172
2.8569795e-05
0.3229925
6.0862418e-05
0.12017346
0.0020319375
0.0077676624
0.003467672
7.552311e-09
0.996518
4.770022e-08
2.7024505e-09
6.300429e-08
0.0002732534
3.413841e-05
0.99995434
0.00040376262
1.7277285e-05
0.0010132259
1.3807218e-06
8.498818e-05
1.9365772e-05
