0.37989023
0.011322611
0.004788813
0.00014673095
0.16371638
6.773678e-05
0.0031632532
0.9999562
0.00069899164
0.59597886
0.7674509
0.00078915915
0.0013774157
0.19121905
0.01263256
0.009930444
0.000112619295
0.0031128475
0.50362617
0.001076351
0.99999964
4.3081745e-05
0.9941703
0.004272028
0.86886567
0.0011391856
0.017229628
0.9586976
0.9923465
4.3482316e-07
0.5881747
0.029733285
0.96738756
0.9999461
3.00946e-05
0.9914491
0.48094118
0.49202254
0.0044390094
0.0002657373
0.99992406
0.0033815647
0.22737332
0.0028309447
3.535618e-05
0.9998042
0.0027289079
0.5529678
1.6588467e-05
0.0003371056
0.99077535
4.8637496e-08
0.031907115
0.4311428
0.9563398
0.09485597
7.404077e-07
1.7490845e-05
0.012860769
0.9526298
0.7349451
0.0060136146
0.25985742
6.3940615e-06
4.1995998e-05
0.00010668483
0.0018935411
4.307525e-05
6.110097e-06
0.007981683
0.47959074
0.00095931767
0.06695717
0.9999985
0.00010099425
0.00045207082
0.18918553
0.8559961
1.0364994e-05
0.0005864674
0.99986047
0.00018769843
0.0057662493
0.19057474
0.020322781
0.00031243317
0.00018352908
0.8437251
3.4010561e-06
1.0
0.17216963
0.005922419
0.0001377434
0.82144827
0.9999995
0.04944669
0.0057187094
0.00032406676
0.9619908
0.009296152
0.00013830115
0.00092070876
0.2301253
0.9898685
0.0027328169
0.89831233
0.99980855
0.00043356617
0.000973056
0.0011073791
0.9819955
7.275769e-05
2.2677762e-08
0.0010365972
0.9999675
0.73550385
2.0473137e-06
0.007850543
0.9972231
1.3732943e-06
0.030135758
1.7015725e-05
0.70128894
0.99982965
3.00946e-05
1.926905e-06
0.028466862
0.00018759715
0.13307454
0.6142418
2.8854642e-05
0.0026199403
3.8204915e-05
7.6901815e-06
0.12500565
0.9330901
0.0031273554
0.0024152098
0.00032699708
0.010268734
2.1641198e-07
0.8544944
2.2918908e-07
0.27120996
0.0014534558
4.0948315e-05
0.034819618
0.97108406
0.028448721
0.049907714
0.10243265
1.4658941e-05
1.0731136e-05
0.13353008
0.00039043577
0.5568494
8.130677e-06
0.0042162226
1.1784684e-06
0.043690022
0.999843
7.963401e-06
0.023919191
0.53478
0.9962929
0.0012415354
0.9429777
0.95613116
0.52275324
0.69509506
9.996777e-05
0.0026318142
0.0018952804
0.0038625966
0.12766859
0.46180904
0.00070802076
1.4962577e-05
0.9586976
0.10045022
0.0027125333
1.887965e-05
3.0476637e-09
0.82922286
0.99998856
0.0012272963
0.9995679
0.9923465
0.00024068487
0.09100225
0.85346925
0.39921877
0.87939596
5.190051e-07
0.0009077478
0.07721571
0.06340654
0.2413655
0.009269766
0.9999978
0.015642341
0.3003781
0.036665846
0.0034367137
8.434889e-05
1.0
0.7621025
0.0012545658
0.012882951
5.1681083e-05
5.334986e-05
0.8347311
0.0010137617
0.00010668483
1.210298e-07
0.00030022912
0.96854377
0.080716714
0.0049411566
0.8570991
0.00442581
0.0059793494
0.3003781
2.8010245e-06
0.0011263754
0.018127913
0.9999855
1.0731136e-05
0.0013980956
0.0004576417
0.0630066
0.00030349666
0.012581429
0.039675705
9.494074e-07
0.85676265
0.010529896
0.9996995
0.011861965
2.6234113e-05
0.32131025
0.00021639833
0.44522202
0.00010022558
0.00014813847
0.019327618
1.5404561e-05
0.2633985
0.61541367
0.99980164
0.99997574
0.058072984
0.0057662493
0.09332909
0.0117016975
4.0447e-05
0.7784592
0.0033384121
0.018558512
0.99999994
4.471027e-05
0.9887783
0.031722274
1.3677591e-06
0.18775135
0.008273393
0.99996704
5.896271e-05
2.4877203e-05
9.312794e-06
0.9700422
4.3081745e-05
0.09485597
0.0020447867
1.4962577e-05
0.9395622
0.042274095
0.003435646
0.0006862712
0.00069899164
1.5948448e-05
0.99987066
0.47959074
0.05170926
0.00053950225
0.03492424
0.03601463
0.00021639833
0.00021639833
1.0
7.305553e-05
0.016514773
0.0012797249
0.11446163
0.00010678579
3.619804e-06
0.9997684
0.69509506
0.005189767
0.9958867
