0.99999946
2.7583592e-06
0.015948994
0.00010897389
9.024613e-05
4.0521594e-05
2.164098e-06
4.380182e-05
0.027617559
0.0023478388
8.156348e-08
3.0447492e-07
1.3921607e-05
0.001164519
3.6527446e-05
0.011114275
0.99162626
0.012426547
0.047701463
0.9954481
1.7119856e-06
0.8142858
8.248808e-07
0.016144335
0.48324046
0.0001051276
1.9132785e-05
6.085424e-08
2.6248652e-05
0.00035316104
1.0226427e-06
0.020257492
1.40689535e-05
0.20047395
8.517782e-07
0.0015658083
0.00039463807
4.173626e-07
0.014332024
2.302253e-09
1.0547513e-05
1.1770289e-05
8.013262e-05
0.00019124468
7.9064346e-05
0.014619015
0.00028751942
0.00014158121
0.00066447584
0.0009799607
0.0017529181
0.00029619734
0.00029698713
0.999954
0.9999399
9.1236325e-09
0.0036841545
7.156308e-07
5.2460568e-05
0.0023917765
0.00085807726
0.0004227752
0.00019690151
0.10208252
6.24319e-05
9.484957e-06
1.6537526e-06
0.9698943
0.00055821973
4.912961e-05
2.1646585e-07
0.9867067
0.98695546
0.9206755
0.00018074748
0.9999995
0.922867
0.0045506586
0.0026722143
3.5134572e-06
0.00014172116
0.9999969
2.7089445e-05
1.3285036e-06
1.5898496e-06
1.0870456e-05
2.6123942e-07
0.0001979387
2.2412876e-05
0.52515477
0.3966468
1.470212e-07
5.888882e-07
0.03136513
7.495465e-05
9.2999294e-08
0.04504974
8.682261e-07
0.00015734292
1.573188e-07
0.0012566522
0.000342159
6.7158755e-05
5.180245e-07
1.2749343e-06
1.0434272e-06
0.1044005
0.0003151231
9.8263186e-08
0.00047864116
2.153623e-05
0.00010301406
0.99868524
0.00054895045
6.522299e-06
8.193478e-06
7.600073e-05
3.3698444e-07
0.0005631265
1.1400916e-05
6.98945e-05
5.077037e-10
0.075835116
0.9348816
1.8371413e-09
9.62804e-10
2.0668253e-06
0.00066635926
3.4448128e-08
1.8202522e-06
0.000267152
1.2741785e-08
3.3180004e-05
0.00050727185
1.0636352e-09
2.1854677e-07
0.56275403
0.026300373
2.543273e-09
0.011114275
0.2629042
0.9999133
0.0075175725
0.0015257072
0.004210043
1.9440467e-06
2.4455872e-07
0.014988466
7.774518e-08
1.2825056e-07
5.378118e-07
3.508189e-05
2.4092892e-06
0.20047395
5.9898266e-05
7.30457e-07
2.759551e-06
0.006046511
3.093044e-06
4.302012e-09
2.4596072e-06
8.9359986e-08
3.1365312e-06
0.00024482873
0.99779814
1.5047556e-07
3.1295305e-05
1.5789336e-05
4.5746146e-05
0.00017264167
3.1785557e-06
1.4243576e-06
0.0018704704
1.6423313e-07
8.786944e-06
8.223173e-08
9.0028905e-08
6.457361e-05
1.4714025e-05
7.7581257e-07
0.0010129701
1.7052399e-07
2.6031977e-09
2.2233373e-05
0.00010796243
8.00622e-07
0.98560405
1.416282e-06
1.1427345e-05
1.9122943e-08
0.026323948
0.0012566522
2.043047e-07
0.965703
0.0044583348
7.166885e-05
6.115123e-07
1.035699e-05
0.00019015152
8.426198e-06
1.8854339e-06
0.0005005966
1.2760905e-05
2.7901285e-06
1.0472155e-08
1.2642512e-07
3.923164e-07
4.663388e-07
0.0036841545
0.00040254684
0.90541375
6.614578e-07
6.56341e-05
0.9974745
0.008981638
0.922867
3.0423685e-08
6.596273e-08
0.0005066311
0.0011735153
5.2598425e-05
2.9605512e-10
1.09978995e-08
0.009166967
0.094608404
0.00010796078
0.03160353
0.0038798556
1.7666294e-05
0.00035419027
0.0038402448
0.00021745483
1.0
0.7417788
0.48444545
1.0164422e-05
7.346192e-07
3.4138727e-06
0.10062602
4.1492783e-07
0.02149712
0.00015734292
4.663388e-07
7.818189e-09
7.963772e-09
0.00032482212
2.6031977e-09
0.00028554653
0.00087393745
8.426198e-06
1.2796871e-09
0.00013534825
3.273554e-06
0.0001270234
0.9999137
7.0549067e-06
5.378118e-07
5.6770186e-06
0.008589968
2.9341492e-05
0.0045506586
8.091074e-06
0.9300277
0.012220369
0.0073426072
4.273674e-06
0.0017566602
0.0015124745
1.5820355e-05
2.5316285e-09
8.248808e-07
8.00193e-06
1.4714025e-05
0.0027712937
1.6719237e-05
8.547846e-06
9.365127e-05
8.299741e-06
0.00020052599
0.00015042062
8.2602304e-07
6.7794713e-06
0.36235845
0.9994018
1.462352e-09
0.00015962294
0.9999137
4.6274548e-07
1.4140773e-08
2.4518926e-07
0.9999995
0.9982797
9.212061e-07
4.0012415e-05
2.8826865e-09
0.41892162
1.2595097e-05
0.0004227752
0.0001051276
0.006756173
