1.0
1.0
1.0
0.00010221073
2.4841072e-05
0.00025598495
3.854745e-06
0.0006082594
2.6289167e-06
4.2380898e-07
0.0010915472
4.1757544e-06
8.3337565e-10
0.9999525
0.018373698
1.2857402e-06
0.0016244991
6.847404e-07
0.03508778
6.523406e-05
0.00017063475
0.00076622743
0.0043452694
2.833458e-05
1.4306211e-07
2.5141103e-06
0.00053351454
0.000591181
5.7718785e-09
0.027785974
0.9997214
0.7499956
0.9999847
0.0002788047
6.855409e-06
2.1495343e-07
0.04244721
0.00076148007
0.00027766856
7.617909e-08
2.8709128e-08
0.00013438375
7.270612e-07
0.00011600028
0.014789256
5.0714698e-05
0.0014366077
0.0004114039
3.9137372e-05
0.9991129
0.00029573147
0.6036421
3.0475538e-05
0.0029216823
2.7125477e-08
4.326288e-08
0.99981916
0.00014937136
0.00015895796
5.5775887e-05
5.177336e-08
2.7648759e-05
7.204597e-06
0.001860164
3.0319535e-07
6.7042777e-07
2.5261577e-05
3.500427e-06
8.605898e-05
0.129444
0.0012627882
7.47039e-06
2.7648759e-05
0.668139
7.357966e-10
0.97273797
2.2830805e-05
7.302662e-08
4.4249115e-05
4.761104e-05
9.239064e-05
3.804863e-09
1.0007797e-09
1.255094e-06
0.00032034898
0.00022866971
1.255094e-06
2.655399e-06
6.847404e-07
5.0640238e-06
0.03452033
5.7718785e-09
3.5199232e-06
0.30646083
0.8894601
8.008548e-06
0.668139
1.8381797e-08
0.5854686
2.392887e-09
1.9355173e-05
0.0004608982
0.00053351454
0.0055438937
0.010951889
4.1320436e-06
0.0009802319
6.4876906e-05
1.00066755e-08
5.567368e-08
9.969759e-08
0.0005084506
0.0016244991
0.00031563576
0.82747644
3.4634754e-06
0.15767299
0.9994706
7.096419e-06
1.5466041e-08
0.00078032695
9.969759e-08
0.00044975168
7.7269e-07
8.872173e-05
1.3037263e-07
0.0010188896
4.4976518e-05
0.00054646056
0.0003746781
1.11035285e-10
0.04244721
0.610325
0.0037833147
3.677929e-05
0.117515996
0.07332899
0.034471367
0.00013071432
5.378484e-06
0.60099393
0.009590275
0.99862534
0.99993837
8.605898e-05
5.8032747e-05
0.00011222972
4.42359e-07
0.00031614563
1.7126771e-05
3.130247e-05
0.03508778
0.24601395
0.00015471115
1.4906438e-07
0.00017063475
0.007581326
0.006130458
5.284767e-06
1.1500751e-06
2.6912881e-05
0.004076204
0.0001650066
0.024305865
0.00039495234
1.05873e-05
7.899742e-06
2.021024e-06
0.99999994
1.1665542e-06
0.8996217
7.1582995e-06
0.050968673
0.16133587
0.8866744
5.789583e-06
2.2208918e-07
2.010876e-05
0.00029235342
1.6729779e-10
0.37032846
7.7269e-07
0.9999325
4.4249115e-05
0.0063832533
0.0005470526
0.00070937694
0.9999695
0.2354392
0.9999998
0.0010627513
0.74379766
0.0009756837
1.7472852e-08
4.2510205e-06
0.0012233253
1.2397878e-07
0.99994147
9.466179e-06
0.010387373
7.795284e-06
5.358131e-08
0.0001888657
0.00014815909
0.0012952621
2.8400264e-05
1.0226212e-08
1.5005138e-07
0.98895425
0.021861712
0.99998146
1.1262872e-05
0.00015252875
0.0021342258
0.0018465337
0.99975926
0.000782819
4.7310605e-05
0.13095102
0.0001650066
3.142083e-07
0.9982181
2.4841072e-05
0.024305865
1.8811283e-05
0.010767194
0.9939201
0.00026485807
0.00048261252
2.0271189e-07
0.0010188896
4.584007e-06
0.0006082594
0.129444
0.129444
2.1579117e-05
2.7648759e-05
8.73206e-06
0.9999525
2.710632e-05
2.9252562e-05
3.804863e-09
7.873498e-09
8.1927976e-09
0.00030721366
0.010163248
7.0802784e-08
0.5793653
0.00023946757
2.6912881e-05
0.00039662208
0.993754
9.0777976e-05
1.0226212e-08
3.4171821e-06
0.00033756805
0.99999994
0.9687906
1.2857402e-06
0.00010221073
6.9202747e-07
5.1233025e-07
2.089643e-05
0.06648981
0.9962348
5.661711e-08
0.0044114054
1.6041926e-05
6.381847e-06
7.297456e-05
5.2069165e-08
0.00017798512
0.9563754
0.9999969
3.8795506e-06
6.7042777e-07
0.002010194
2.720953e-06
6.961863e-05
1.9337996e-07
0.9999847
0.3172105
1.9834466e-10
7.919874e-05
0.7103318
1.5479682e-06
0.0006636986
0.002610484
2.7120311e-06
5.1775924e-08
0.058844432
0.0013983872
0.9999997
9.096547e-08
0.03032437
0.00047826854
7.387739e-06
8.176215e-05
5.704255e-05
1.206765e-05
