1.0
1.0
0.0042496766
0.99999416
3.2879148e-06
1.0
0.00056167704
5.552497e-05
0.02208301
0.8853317
0.0010931336
1.2936092e-06
0.25582832
5.3433102e-09
3.0293857e-05
0.9434347
0.012019129
0.00037810838
1.4245137e-07
8.734057e-07
0.005341472
5.808309e-06
6.254933e-06
8.06196e-07
0.022431003
1.4833208e-07
3.7820092e-07
1.0777212e-06
2.6258874e-06
2.481092e-08
0.76706237
0.24699152
1.4591208e-08
5.168514e-06
0.00013754678
5.7542877e-07
0.5898714
8.465516e-07
0.00057059596
0.06460696
0.0035659687
7.861849e-06
0.9999746
2.0266143e-05
1.1445739e-08
1.3733071e-09
0.08184408
0.009544971
0.0021857324
4.1002217e-08
5.7542877e-07
0.0024601244
0.0062504285
0.006507478
8.118196e-06
0.00019998524
8.795357e-05
0.07654752
0.9687142
0.0024601244
0.045726553
0.07844474
0.00072388974
2.2202015e-05
7.006714e-05
4.999637e-07
0.04401628
0.0012885106
9.251149e-06
0.16258675
0.22682945
0.00018430823
5.904853e-06
0.3508957
1.8071552e-06
0.0018873743
6.402372e-06
0.0053601353
0.43886152
0.003649394
7.626078e-05
2.9820785e-06
0.23281142
0.29788363
2.8976933e-06
0.00034012116
0.009262525
8.487655e-06
6.466558e-06
0.9979077
8.653694e-05
0.20807865
0.0008469667
0.1186774
0.0005186052
0.00020522144
7.4220625e-05
0.014195996
3.5712535e-05
0.07844474
2.8704749e-06
0.003896066
0.0005831006
5.550978e-05
0.0004982805
0.00061719713
0.0011551715
0.9995347
0.025683913
0.00029697182
0.000182324
0.8572723
0.013370475
0.00061719713
3.2879148e-06
0.00020903551
1.0
4.757765e-07
7.7737604e-07
0.00023931693
0.00013981195
2.3658196e-05
0.9998044
9.365397e-07
2.1712e-07
0.0006065941
0.0015577371
7.784579e-05
0.9967474
1.9765193e-07
6.254933e-06
3.0711126e-05
0.00018255816
0.49780172
0.5266784
0.999998
9.547053e-07
3.1958924e-09
3.644415e-05
9.5332234e-07
8.734057e-07
6.340786e-05
5.904853e-06
1.18563e-06
0.920028
0.0019470415
0.9687142
9.547053e-07
1.977198e-07
0.000220377
5.486253e-07
6.8706786e-06
4.280601e-05
0.00957186
0.25582832
2.6732005e-06
0.99251974
5.190799e-05
4.999637e-07
7.872728e-06
7.4158925e-07
0.86243653
1.3018741e-06
9.850493e-07
8.5806016e-07
0.99251974
0.6949194
0.99699235
0.16097143
1.801329e-06
0.006814221
0.0002359182
7.643286e-06
4.4765622e-07
0.00016796877
0.0325637
0.09966096
0.8798618
0.8719236
0.28485176
1.6314385e-05
4.0730687e-05
2.4128799e-08
9.473965e-05
0.0018556135
7.750348e-06
0.97819895
5.190799e-05
2.244292e-06
1.6542227e-06
0.0024795332
0.00021357535
0.00018789341
0.98540443
1.3477496e-07
2.8976933e-06
0.0005052352
0.0018482334
0.054432895
3.2293264e-07
0.9940507
0.9829178
2.4239874e-08
0.018571448
0.003497808
0.0017711315
0.048719715
0.03274033
2.467109e-05
6.458127e-06
0.52005136
0.002153913
2.1691997e-06
7.5803515e-09
1.3229459e-05
0.0027366974
0.9998977
4.2978351e-10
0.97816366
1.7304277e-05
0.0004358345
0.9434347
2.961921e-06
0.00061510946
0.9995678
0.10708471
0.11539946
0.43859455
0.005870874
8.907408e-07
0.000293835
0.00033426392
0.0015577371
1.2203459e-06
0.99282116
0.00017412179
0.99999917
0.0010047514
8.340952e-08
0.0003541808
1.6301974e-05
2.7480079e-05
6.151612e-05
0.054802164
0.9998977
0.0073633227
6.9804328e-06
0.3508957
0.015255762
1.9827836e-07
0.00036818627
5.988108e-07
0.00010865098
0.067096226
0.028030414
0.9962875
0.017811144
0.5377415
0.0006769494
7.049178e-08
0.9998192
0.0007154073
0.0020946336
0.007665171
0.00889672
0.00010890293
4.3776596e-05
0.22206602
1.3747331e-06
6.567592e-05
5.563877e-06
0.0030873078
7.808616e-05
0.00097322615
0.0003541808
1.548646e-06
0.9999952
7.784579e-05
0.003598089
0.9891086
0.008118862
0.111650266
8.195785e-05
0.0004004114
0.0003297287
4.7273892e-07
0.13178346
1.9816828e-06
3.3680324e-05
0.9999746
2.213444e-08
2.397985e-10
0.16178831
0.9995245
6.084402e-05
0.3667469
0.9901606
5.799989e-07
9.0393325e-05
1.8412613e-05
