1.0
0.999761
0.42825022
0.024828807
0.9995346
4.5474433e-05
3.0489236e-06
4.1979583e-06
2.3151373e-05
1.8005943e-07
0.0006227734
0.00033672014
0.004514346
0.00030796113
0.26454204
0.63384736
0.9998576
0.60670686
0.964485
0.00051071047
0.00018868769
0.0002227421
0.00047578808
0.9996995
0.003929828
2.5025372e-06
0.0031144356
0.6078956
0.00042660214
1.8021563e-05
0.9460506
0.00031548773
0.00052220764
7.116353e-05
0.9998433
0.1321623
0.0021913897
0.9994604
0.99992377
1.12762486e-07
2.0706251e-05
0.005472938
0.00020221196
7.4293916e-05
0.9927123
0.64175177
0.00032961933
0.2764797
3.820433e-05
0.0011337834
0.9994748
1.7435637e-05
0.00052220764
0.024295373
0.0022212532
0.05374835
2.3359298e-06
0.1640576
0.37265968
5.2531956e-05
0.9891411
8.192034e-05
1.4433923e-06
9.088487e-05
0.0018006234
0.017903866
0.0014917672
0.16014163
0.99730206
0.3700038
2.1255697e-05
0.009554561
9.322964e-05
0.00010317037
0.0062559634
4.4031618e-05
0.00010398333
0.0024945661
1.0
0.1321623
2.1400476e-07
0.9999879
1.0590434e-06
0.0031144356
2.762401e-05
3.704818e-06
0.53994787
0.75276375
0.00010317037
0.9919325
9.322964e-05
2.45384e-05
1.0928871e-06
0.7652221
8.33325e-05
0.0002657373
0.0023050285
0.9022963
1.5812031e-05
0.12111236
0.0010319469
0.1850574
0.048451137
0.07930355
1.037551e-06
4.2313122e-08
3.909359e-06
0.9999993
4.1979583e-06
1.0
4.6596934e-08
0.00051071047
0.0020166978
0.26334292
0.29190972
0.0026373186
7.6041175e-07
0.964485
5.3157443e-08
0.9997952
4.4588631e-07
0.0011169332
0.99999166
0.040086392
4.685442e-06
0.0005695172
0.67736846
3.3287427e-07
0.0013762311
8.8030623e-07
0.9759424
0.00020953057
0.008500099
6.5854197e-06
0.0020695855
0.97524637
0.0005284265
0.0009844243
1.6899346e-09
0.0002362937
0.012939607
1.0
0.00020953057
0.78740275
0.48082858
0.18935177
0.00020964649
0.0026627698
0.45109427
0.000104874074
6.4816635e-07
9.750527e-06
0.21845974
0.011294291
0.76400423
0.6923881
1.0180943e-05
0.76400423
2.1570885e-10
0.005707915
3.3779753e-07
0.004054057
0.45109427
3.9861874e-07
0.00028913
0.108894646
0.95739055
0.0004255735
0.062274482
1.4968743e-05
0.000104874074
0.0005521162
0.99949545
7.116353e-05
0.99049973
0.0001924742
0.063300945
2.294389e-05
0.60670686
2.026595e-05
0.011518112
2.1292113e-05
5.636412e-07
0.008794084
0.99997896
0.00196821
0.45109427
3.1573312e-05
0.0011169332
4.0050413e-08
0.0008683793
0.47951126
8.1886596e-05
3.7987586e-05
0.0052111796
6.9707785e-05
0.05178116
0.07523968
6.9707785e-05
8.243044e-07
4.5519832e-06
0.95425487
0.0017302525
0.7713216
2.6909206e-06
2.639538e-06
0.00012364333
0.6047362
7.551733e-06
0.004281106
0.00029402276
0.8439636
0.005472367
0.28368944
0.99724054
0.75308025
8.007602e-05
0.9999999
0.00011474633
0.108894646
5.3365584e-05
9.1047195e-06
0.014725556
0.5873525
0.9999793
7.551733e-06
0.99942976
0.012090152
0.9412993
0.00020221196
0.01165373
0.0077108904
0.8067164
0.91166365
5.4863017e-06
4.1735207e-06
0.108894646
0.07337602
4.5031913e-07
0.80559856
0.0006752145
9.984707e-05
9.877064e-05
0.0046540033
0.0012318575
0.09665328
6.0275903e-07
0.24966429
0.0073279417
0.57194877
6.686438e-08
2.4741107e-07
0.0001229839
0.99965703
0.00040692362
6.984102e-07
0.99999934
0.49760085
0.00081227685
0.54162574
0.0045327675
8.296823e-05
0.999995
0.5473531
0.31924686
0.26717693
0.20648028
0.99908245
0.999986
0.95270276
0.00095106836
0.0008023371
0.03263361
3.167712e-05
0.0037917907
0.9978032
0.0008794352
4.200233e-06
5.3776325e-06
0.40984893
1.9477202e-09
5.4551965e-05
4.950571e-05
0.00030796113
0.3219416
0.28368944
0.00096981757
0.042341527
0.55978066
0.9998444
0.9975236
9.074717e-05
6.299694e-05
0.00020953057
0.36806774
0.0010485976
0.007548052
0.29017952
0.013529494
0.00050882465
