0.99915224
0.99978405
0.5796288
0.004103071
0.079438284
0.99871665
0.9303461
0.122164026
0.9167496
9.270747e-05
3.4056195e-06
1.643718e-07
0.0067259255
1.3795333e-06
0.0049853344
8.807583e-06
0.019529453
6.070458e-05
0.0024787372
0.06499781
0.0018736057
0.9997196
9.408022e-06
5.3263784e-06
2.1337637e-06
0.00042556642
1.0912193e-07
0.041171275
0.32625625
0.0033072394
1.1074341e-05
0.051878102
0.122164026
5.0575603e-05
1.1886518e-06
3.9056143e-08
3.8583826e-06
2.3192151e-06
0.016449273
0.69375175
0.00023036917
3.7728696e-06
0.9982558
0.017751068
0.04014766
0.99999994
0.24241042
0.00014534789
5.4392945e-06
0.0045376346
2.0177224e-05
0.0028666474
0.115011685
0.024748255
0.9971367
0.0044784965
2.660315e-05
1.124109e-06
0.98406476
0.81644654
0.9984309
0.029737638
0.81644654
0.0010360497
0.99999994
0.57954055
0.00013757012
0.022677235
0.000362695
0.052085724
6.881696e-08
0.5990944
2.1061705e-05
0.05416821
0.00065948983
0.00057633425
0.64979535
0.97418356
0.00037629012
0.005850105
0.44230643
0.03427201
0.00024340245
0.00026515016
0.008885159
0.0074347183
4.1437936e-05
1.0
9.277805e-05
0.0018573313
0.017308025
0.05386359
0.00034421662
0.99999964
0.00023504393
0.5964152
0.00058909674
1.4959089e-06
0.0001566298
0.057546373
0.9750492
0.9453569
0.58422196
1.794001e-05
4.2378917e-07
0.0025775847
0.04456842
0.9999973
3.3581866e-05
4.688155e-06
0.0024330576
0.9998907
0.0002149402
0.99567735
0.05196056
0.98494637
3.2322457e-06
0.0041849716
2.804152e-05
5.7117195e-06
0.99902534
7.156818e-05
0.9748227
0.008683355
0.00036396983
4.1949406e-05
1.2588553e-07
0.014348692
0.68882364
0.94161886
0.11416753
8.2984876e-08
5.4392945e-06
0.038782958
0.039058555
0.00011524912
0.053862035
0.43559748
0.002224502
0.005509914
0.002401739
0.007178296
1.1846313e-05
0.98072296
6.7430274e-06
3.9904658e-06
4.799651e-07
0.00027217926
1.723872e-07
1.8238445e-05
2.8698492e-05
0.00073940697
0.011479187
0.85845244
0.99999905
0.9999369
2.989422e-06
0.99999857
0.057981916
0.00045654236
3.0189974e-06
5.488592e-07
0.80753237
0.120973445
1.0
0.021760779
5.1815758e-05
0.38633168
0.0001566298
0.9999987
2.5459592e-06
0.00069124333
0.007282045
1.0347782e-06
1.024465e-05
0.111129805
2.9621317e-05
0.017751068
0.41587573
9.21554e-06
0.85845244
0.6557508
0.0028357396
0.06621035
0.58010393
0.9949062
0.00058948575
0.58010393
0.014348692
1.6614766e-06
0.0017785829
0.83298045
0.00019677953
0.0003162424
0.95056504
0.0002564799
5.025671e-07
0.014278188
0.0006306142
0.99433416
3.038912e-08
1.5857106e-05
6.852899e-06
0.0038675645
1.6339327e-07
0.001818472
0.0018589204
0.43369877
0.24664679
0.0009168351
0.029636633
0.343682
1.8586103e-05
9.2956325e-06
8.4066e-05
9.271332e-07
5.6764816e-07
0.007263823
0.9988197
0.00014285091
1.3083762e-06
8.4781766e-07
1.8238445e-05
0.63705224
0.027733942
5.16204e-05
0.5366855
5.36321e-06
6.5128766e-06
7.553355e-05
0.70675844
0.06189677
0.9303461
0.9807451
1.2348299e-06
2.4332762e-06
0.00058909674
0.00013330684
0.02002461
0.04341321
5.488592e-07
8.4066e-05
0.46099427
0.00053857564
0.04857291
0.9999369
0.029259574
0.00089095434
1.3900852e-06
1.1074341e-05
4.2511685e-05
0.99835503
0.95940745
0.023588408
1.2588553e-07
0.013333275
7.780156e-05
3.72498e-07
0.39255342
0.64979535
8.2984876e-08
5.488592e-07
0.00014949661
0.019879045
2.4338693e-05
7.732143e-06
0.2984447
0.022396639
0.0038675645
0.00025118727
2.9394283e-05
0.95056504
0.0004425723
5.5527084e-06
5.1815758e-05
0.018590787
0.04047816
9.176627e-06
9.273824e-05
0.0038700951
1.0173577e-05
0.018590787
0.0010373781
0.004325191
0.0019800947
0.1291816
0.73278135
0.0075679384
0.014047662
0.5435591
0.010421219
0.017751068
7.665073e-07
7.1162176e-05
0.7429249
0.0017953714
0.029385835
0.33641484
8.3530733e-07
0.069914706
