1.0
2.2469803e-05
0.04471149
1.0592834e-05
0.51594085
0.0019652524
0.0004377085
8.618907e-05
0.99997675
1.9924958e-08
0.00026896273
0.016396957
3.391833e-05
0.022203537
0.53392094
1.170561e-05
0.0019519439
0.0062232767
5.0867755e-05
0.9999603
0.0017436717
4.01571e-05
2.505773e-07
0.014032639
0.021115964
6.785027e-08
9.248708e-05
0.00025986414
0.00010582128
0.00011793179
2.5142995e-07
0.0022928645
0.0025205154
0.00015661307
3.1991603e-05
0.10064365
0.28385693
2.752738e-07
0.03828952
0.035738874
0.007252876
0.00014906772
3.1390446e-05
0.000998753
0.9991748
0.035738874
8.863142e-07
0.00030701104
6.206103e-05
0.00031995308
0.00075463793
0.9311596
0.008073531
1.9924958e-08
0.0029501868
2.2064689e-05
1.3133426e-07
0.9817648
0.013963232
2.401261e-06
0.17156097
0.9308497
0.38154742
0.00085752347
5.7189503e-05
0.002166233
6.463561e-06
3.0989017e-06
5.666486e-07
0.61694235
1.1517827e-05
3.399288e-07
0.0008008216
0.20666696
0.0005348871
0.00016355014
6.4650136e-05
0.01668864
0.17277245
0.0002785425
0.04358517
9.892155e-08
0.9839149
6.5106883e-07
0.000112094094
0.0002117662
1.8198808e-06
0.033494983
4.382889e-06
1.777845e-05
0.6749466
0.0073039914
0.9999715
0.9994137
2.2791104e-05
8.2042476e-08
0.00011184042
0.9999323
0.9994137
4.96585e-06
8.0173373e-07
2.464339e-05
0.0011522686
0.19565077
0.00021114803
1.0442594e-06
0.995468
0.009507354
4.008186e-06
0.00060868275
3.9725782e-07
3.0158301e-07
2.1927754e-05
0.22811387
2.71401e-05
0.0015321028
1.1621148e-06
0.36864454
0.003575835
6.786334e-07
0.42219606
0.0013563501
3.3674125e-05
0.15353225
0.9996824
0.0002267738
0.9817648
0.0018899991
0.026680725
0.010985637
2.2343818e-07
0.91077536
0.17397523
0.0022839503
0.9999603
3.0566873e-05
0.003009186
0.0022509734
4.075664e-05
2.8978702e-08
0.0014808393
0.110105865
0.00027395925
0.00027569884
0.9947509
0.17308135
0.00050273165
2.0896016e-06
1.3892734e-08
0.001356465
0.79088044
2.8040853e-07
0.47110644
0.060269985
6.0136932e-05
0.00011184042
0.00010630229
9.027829e-06
0.011079472
0.0008827968
0.00015220956
0.9310846
0.00020036392
0.04471149
0.005059804
2.7530946e-08
0.8369832
0.000555981
2.464003e-05
0.99218607
0.0009801451
2.7294152e-06
0.99999976
0.9999999
0.0009665402
2.8978702e-08
1.879062e-07
0.002856037
5.057377e-05
4.0227857e-05
0.05257568
0.06415744
0.99999744
0.28518352
8.4001644e-05
4.96585e-06
0.002599345
0.06481694
1.8461577e-06
3.7605198e-06
4.4122734e-07
0.22811383
0.0046555432
0.00049433485
0.0004982451
2.131942e-05
0.00022034065
4.671327e-05
0.99934787
0.9919501
0.000998753
1.0377011e-05
2.6549824e-05
0.0041134534
0.00016409061
0.0006051418
3.6915463e-07
0.5120966
2.7294152e-06
0.99999475
0.0013264896
0.6733754
2.9988428e-07
0.053105984
0.99997675
0.8886119
0.90071106
1.4745975e-06
0.00011793179
1.5659208e-06
0.00016011958
0.00050841545
0.537292
7.8854936e-07
0.99976075
0.00687942
0.00040309422
0.9044787
0.00014308226
6.3308853e-06
4.5777393e-05
0.0001964655
0.9817648
1.8347997e-06
0.00014386165
0.06481694
1.1289886e-05
0.02612265
0.9961832
1.7295844e-06
0.00030992395
0.00084273785
0.0010220688
0.0005999574
0.90071106
0.24026522
4.3391136e-08
0.44974196
0.626591
0.00014994059
0.0041134534
0.005424373
5.615851e-07
0.99784833
0.68476725
0.002036206
0.0005047654
2.4621264e-05
0.37021846
0.0025205154
0.99999046
0.002819765
0.9952353
1.3859545e-08
0.9955604
0.52701586
0.06056091
2.986243e-07
2.505773e-07
0.0066590924
0.22247627
0.8151445
0.99276215
0.0056509282
2.6445566e-08
0.6662268
0.5781368
0.46658376
4.6383455e-05
0.0025205154
1.9991798e-05
5.785063e-07
7.866483e-06
0.92393637
0.99861366
0.0032478245
0.00029366638
0.00049092196
0.9999584
0.99999887
0.9999292
0.9893027
0.6023432
0.99998987
0.012434051
0.026449108
3.0556002e-05
0.12782316
0.0025252071
7.670391e-06
