0.9532669
0.005408721
2.9389446e-07
0.6530186
1.6397067e-05
0.5266283
5.350329e-08
0.00022334138
3.3341992e-06
0.0141580235
2.3992852e-09
2.0168832e-07
0.00015142105
0.05901699
0.007960737
1.27494095e-05
0.014403569
0.008949967
0.14457737
0.00029199856
0.99466926
0.0025158178
0.0012307849
2.1361018e-05
0.0013746644
0.012134366
0.9998169
0.00015712852
0.9988956
0.000116931165
0.9999904
0.65715706
0.0019685382
0.09311569
0.15090004
0.99997634
0.004446581
0.0003145021
2.2546994e-05
0.048083555
3.237061e-06
3.8077988e-07
0.65016323
0.11186564
1.3278961e-08
0.006148512
1.8022027e-05
0.99999994
0.0011595759
0.00024540152
0.0005228063
0.025442047
0.4455313
0.0002482668
0.004846403
0.00022181553
0.0013032785
0.048083555
5.4326742e-06
1.3282389e-05
9.118036e-05
0.9909662
0.31661862
0.23536205
0.00015481873
0.0006574453
1.42412e-06
0.9299869
0.0008440997
0.47261524
0.42214072
0.0013421241
0.7931464
4.0684445e-06
0.9988076
9.931066e-05
4.1142053e-07
3.2823525e-07
4.9117943e-07
0.61819893
8.312709e-06
1.5103295e-07
0.0006751521
0.20729186
0.9999889
0.00010108203
5.557756e-07
0.28642476
0.004932241
0.0001197064
0.0004371858
0.99984425
0.4447345
0.00028676275
0.69057524
1.4688513e-06
0.33950734
4.1142053e-07
0.9998893
7.198556e-08
0.00065986393
0.03530066
1.3793562e-08
0.029341042
0.07331422
0.036668792
0.0022057174
4.5693392e-05
2.6740756e-05
2.3832357e-05
0.0023651305
0.0011267591
0.0053533874
0.003510025
0.81716675
0.027109278
7.469556e-05
0.38359028
0.013983677
0.99990267
5.5723153e-06
5.4979482e-05
1.726809e-07
0.0016419978
4.2997726e-06
5.1135643e-08
0.99973315
0.055286262
1.4661866e-09
8.492767e-07
0.00048488815
2.1111355e-05
3.7921207e-05
0.05240434
2.9369883e-06
1.4688513e-06
2.1781652e-05
2.8096044e-06
1.6330899e-06
0.12686624
0.006567608
5.3828998e-08
0.017440744
0.051427025
0.08258401
5.4759756e-08
2.437028e-05
0.9999674
0.00016285935
4.3191898e-07
4.2551783e-06
0.9968782
4.153827e-05
2.5348124e-06
1.5738062e-06
7.4239633e-06
3.1426658e-05
0.4509944
0.0038817986
4.5084527e-09
9.007697e-07
3.241018e-06
5.7744746e-05
0.010891252
0.00082242786
0.00015481873
0.00017525794
0.00070164027
0.00030156825
0.03385609
0.002743606
2.0040181e-07
4.842617e-06
4.892024e-08
0.14457737
0.011467554
2.0483061e-05
0.085261405
5.3483476e-05
0.00024540152
0.1520553
2.9063423e-05
0.0032216175
0.7913265
0.027122393
0.00048032423
5.3808224e-05
0.8352239
9.0159935e-10
1.4907883e-05
0.81728536
6.324519e-06
0.0038147243
8.661014e-09
0.00024175108
7.1499286e-05
6.0173613e-07
0.014226812
0.9996634
7.492154e-07
1.9226141e-05
0.9968782
0.051611777
0.411795
3.5662364e-08
0.0011299051
0.014403569
2.2719232e-05
2.5746136e-08
0.0012276577
5.1266306e-05
0.13731219
1.2067557e-05
8.759842e-05
5.959088e-06
7.492154e-07
0.0003894195
1.6879113e-06
0.00018356845
1.09291896e-07
8.759842e-05
1.1826048e-06
1.7486725e-05
0.9999087
0.0017983794
7.72145e-08
0.02173907
0.042936657
2.1111355e-05
0.06383902
0.00026087923
0.0051063113
0.14457737
0.0006665549
5.2608557e-05
4.1881216e-05
0.010868253
4.7350593e-08
0.0010723594
0.0032546392
0.0025612616
0.995426
1.1896181e-10
1.1770684e-07
0.0011315516
0.6217776
0.00032718605
0.003510025
0.009929671
1.665393e-05
2.2437303e-07
0.117875084
0.9822046
4.9143855e-05
9.642401e-08
2.8897736e-07
0.5266283
2.9685552e-08
0.89672995
4.3552373e-07
0.27503112
0.026672324
4.1388826e-06
0.0034827339
0.034213
0.029341042
6.324519e-06
0.0026395356
3.6348894e-07
3.3124001e-09
0.0008033683
0.00046205646
0.9859273
2.3851615e-05
3.4772194e-07
2.7307951e-06
9.7868146e-08
0.00019498708
0.027809246
1.0670086e-06
0.0010232282
1.4461684e-05
4.756059e-07
0.99999875
6.6554144e-09
0.00012313551
0.32629916
0.22078972
0.0013421241
0.27922007
0.0028988833
1.5882393e-05
0.00017525794
1.1378136e-07
3.7777914e-07
0.00017525794
3.7016875e-05
0.9648328
1.448084e-07
1.9899126e-05
