0.99999785
4.208216e-06
0.9999709
6.433219e-06
9.019801e-06
0.1628859
4.8716183e-06
0.0002154895
0.0010214862
1.4123864e-07
1.6125283e-06
0.9999846
2.8615864e-06
0.004331718
0.0007385204
0.00025033182
0.0022072375
0.38948974
6.3494565e-07
9.24154e-05
0.054545768
0.0022362438
0.97290856
4.358925e-06
0.001189221
0.99692595
3.3517932e-07
9.0774774e-05
6.1091484e-08
0.00050852913
0.0005174606
2.7005228e-05
0.28153235
0.99990374
0.03820637
0.0002887567
5.4552254e-07
2.631184e-06
6.847849e-08
0.19744904
0.999988
0.00029982123
0.00012081473
7.974094e-06
3.8559474e-08
0.25783393
0.001030864
0.0003743123
0.022492021
0.010231282
4.8957172e-05
0.023385877
0.0042328876
5.986566e-05
0.112750895
0.020061746
3.8164912e-06
0.017668009
0.0001549512
0.2709559
0.9999656
0.0009769362
0.001393219
0.0024577267
0.0024760468
0.0007940101
0.99986905
7.4252453e-06
0.99997365
0.22974569
0.0019396279
5.3673593e-05
0.0049775722
9.36527e-05
0.9999846
3.8958704e-05
0.76946455
0.01659377
0.0005246036
2.529705e-06
0.0071341707
3.5651356e-05
0.011558618
0.18440896
0.0068668793
2.123664e-06
0.9999981
0.0064007123
1.441006e-06
0.00089505094
0.0036508925
6.6902395e-08
0.022136552
0.007265236
0.02515465
9.255808e-06
1.1811535e-05
0.0052068606
6.694783e-07
0.99374264
2.0993423e-09
0.88779145
0.00041737166
0.94310945
0.00017154471
8.262691e-05
4.937191e-06
0.12787662
0.00027237524
0.008001367
0.37920767
0.030845646
5.671222e-07
0.0020960134
1.426507e-05
1.0823742e-07
0.00077851693
0.0018031072
0.010008099
0.7323844
0.049104083
0.9999973
4.4993192e-07
0.27424878
0.056937866
2.1455683e-06
0.002421392
0.00042730218
2.412885e-05
0.0008105708
0.07687586
0.76250994
0.056266785
0.0069893673
0.9948742
0.7987774
0.07323385
0.42983407
0.0059223827
0.00011390017
0.004122578
0.00017830734
0.40080428
2.0467946e-06
0.0008976387
0.21124427
0.004287624
6.3494565e-07
0.0015487057
0.00036069215
0.018584464
0.0004140877
0.9999936
2.6311816e-06
0.23874108
0.002832232
8.3335735e-08
0.9999981
0.9999955
0.00038785234
3.1296759e-09
0.27666965
0.57492554
0.0052483203
0.00011674088
0.00020995334
0.9895681
0.010133625
0.014999015
0.0045938133
0.00046814908
9.156426e-05
3.3256756e-06
1.8076109e-05
0.0002628636
0.03605429
0.0023418977
0.00041599708
1.8824725e-05
2.4584535e-06
0.22841614
2.8585423e-06
0.79142684
8.009328e-06
0.00064498594
0.13124177
0.91808254
1.5605894e-05
0.038319867
0.0033952484
0.0012907782
7.583088e-08
0.00061389623
0.00035994608
0.004105817
4.788059e-05
0.0005900349
0.025225196
0.058297604
0.00022835314
0.00021828368
0.2489428
0.6233576
3.6077934e-06
0.0009183178
0.9358087
0.055980176
0.34500515
0.009329516
0.9994512
2.1884794e-07
0.6717348
2.7547603e-07
0.0021259119
0.0016343981
0.5236612
0.16977955
9.019801e-06
0.57084113
1.8835679e-05
0.10490675
0.0014624643
1.0
0.0036218783
0.00028615975
6.127549e-05
1.4507477e-06
5.001186e-10
0.002702798
0.055980176
0.00037953942
0.010579743
0.014985468
5.6075827e-05
0.000684308
0.004489697
0.00018264625
0.46192595
3.3536806e-05
0.14598267
0.00026010384
0.014738782
0.0010958284
0.9967721
3.2723524e-06
0.073727146
0.0068668793
0.0015215187
0.029756458
0.75408566
0.002421392
5.457104e-07
0.016930636
0.5837591
2.283871e-05
0.0002006155
0.032396086
2.2693995e-07
0.010995693
0.001565941
2.4106132e-06
0.99925566
0.99519336
0.06668683
6.7008464e-06
0.00017498726
0.0024431485
0.2086542
7.974094e-06
8.178333e-06
0.00014041048
6.6766544e-05
0.0049780942
5.479863e-07
0.9999895
4.9795955e-05
5.0654826e-06
0.99954826
1.0
7.338125e-05
0.031026544
0.7346103
0.019204453
0.87191004
0.0027682355
0.00017666494
2.4000195e-07
0.003496497
0.9933269
0.21299016
0.71464103
3.8559474e-08
0.9999629
0.0004062649
0.0035472212
5.295606e-08
0.0008976387
0.57492554
0.00038578804
0.061285827
