1.0
0.0051503554
1.2929511e-08
2.441921e-07
4.5184897e-06
0.0011300886
0.121553615
1.8417808e-06
1.4283548e-08
0.10809495
0.0013707171
0.88414407
0.000552026
0.07502497
0.11483305
4.5184897e-06
0.12611245
0.00038425144
0.00025091847
3.6225113e-06
0.008575608
0.00060611067
0.010255995
0.00025091847
2.1261736e-05
0.2135206
0.0025787961
0.0012375854
0.0037348135
2.3307805e-06
0.15947437
0.015701085
0.012268513
0.988542
0.03063512
0.020744465
0.999301
2.0207312e-06
0.11275428
8.731469e-06
0.00022447585
0.020744465
0.999301
1.7222729e-06
0.0024253374
2.5852277e-08
3.1466627e-09
7.3136114e-05
0.00030079554
9.4201134e-08
0.013989788
0.14455017
0.99836284
0.002026065
1.2468372e-06
0.00185225
0.0023560703
1.2820797e-05
0.002130339
1.4399068e-07
9.530574e-06
0.001225739
0.0002568729
0.022517454
2.441921e-07
1.4248211e-05
0.62107754
0.00047920246
0.0014682226
1.4856591e-05
1.3451677e-06
0.029537696
0.0030305393
7.8010237e-07
0.00040321145
0.013907374
0.05554485
6.1772876e-06
0.11724197
0.0015046176
2.1261736e-05
8.231959e-07
0.0014557212
0.00014416238
2.8554516e-05
9.972505e-06
0.0042152717
2.0844415e-07
0.0018856289
3.1994074e-05
0.004575389
3.171178e-07
2.6703729e-05
0.99995464
0.60422933
1.6079306e-06
0.9906276
8.8756605e-07
0.9999016
0.00012573876
3.8006066e-05
0.019930935
2.2830914e-06
9.201124e-08
7.1089357e-09
3.1621803e-06
0.0009212984
0.8485296
4.0363426e-05
0.00014295161
0.99999434
0.0020162256
1.0
0.99437547
0.006574575
4.5500815e-07
0.0019914773
0.00069289916
0.9999751
7.5584767e-06
0.03597646
0.10775261
0.00049901084
2.0310445e-06
0.11275428
0.001005628
0.001075028
0.9049671
0.0031872448
0.011016661
5.4492403e-07
6.028257e-07
0.0018277254
2.0584084e-05
2.6703729e-05
9.842389e-05
1.3034695e-05
1.600964e-06
1.0
3.3435052e-07
3.1523734e-06
0.6023419
0.09604039
0.00063919474
2.3273744e-05
0.0012654472
0.99836284
3.417686e-07
1.0499038e-07
0.00019379085
1.0207232e-06
0.00020743917
0.00016464636
9.248767e-06
0.09232671
0.10850188
0.05554485
2.2969109e-05
0.011678702
6.163506e-06
0.26020852
1.6571407e-07
0.0003975838
0.9999962
0.00063919474
6.02982e-06
0.0008694022
1.6193542e-05
4.7180125e-05
0.08742072
0.0030092604
0.99836284
0.58275115
0.0019914773
0.9999997
1.0499038e-07
0.10348175
0.023381934
6.160693e-05
0.00023904465
0.033327926
0.013907792
0.00040321183
0.10809495
7.2222074e-06
3.1523734e-06
1.2837437e-05
0.17874596
0.6023419
0.024412481
0.000488608
5.777168e-08
0.99836284
0.008939328
0.50967056
0.7366475
1.5301134e-09
0.9960774
2.6703729e-05
0.99987566
1.0081355e-07
0.989597
4.8757713e-05
0.0068886494
1.6930268e-06
9.346413e-08
0.021361873
5.8240483e-05
0.97975224
2.5204386e-06
9.882637e-07
0.08785863
0.16306904
0.121387035
0.11724197
5.6047243e-06
2.7034107e-08
0.3160786
1.796475e-05
0.85695916
0.013396441
0.0011836517
0.9996932
0.020930972
0.2106924
0.999301
3.7342572e-05
0.00014284397
0.0008806801
1.974343e-06
2.3455726e-07
4.5422958e-06
5.9472845e-06
7.9440564e-05
0.9482752
5.8240483e-05
0.89146036
0.64178824
0.013375924
0.21191284
0.0029093137
0.00029176145
0.015586193
1.7194327e-05
1.2000131e-06
3.1766406e-06
0.005480772
0.0020211614
0.0014478837
0.0009369833
0.0018098165
0.0023664574
0.00034286611
2.1626192e-08
0.00069289916
0.031191867
1.2317893e-05
4.5253423e-06
0.0009064042
2.0207312e-06
0.00011904606
0.21191284
0.0001813427
0.00029067197
4.5229688e-05
0.99999875
0.00041245745
0.6102008
0.00077731383
4.6260251e-07
0.0013816035
0.030410243
0.1605128
0.00771362
0.0002766966
7.9440564e-05
1.4769053e-07
0.023381934
0.00073989405
0.00020555769
1.0110264e-05
0.00328633
2.9060873e-05
1.8640028e-05
0.0028382298
0.0013553158
0.00020627667
0.16613233
8.882639e-06
1.0
0.9999795
0.1645947
0.029383
2.7436017e-06
0.00024297349
0.0009317931
0.00054388965
0.0010400658
1.963795e-08
0.9998115
