2.6295286e-06
0.0007834623
0.17571163
0.002384421
3.051697e-07
0.004389766
0.3017097
8.390867e-06
5.0418712e-05
0.0064168503
0.0014739542
3.416741e-07
0.9956704
0.99915063
0.004310347
0.00013367292
3.7224247e-05
0.0011056019
2.6622285e-05
0.0019063652
0.000641813
0.00027475652
8.613819e-06
1.2567021e-05
4.033406e-07
0.000149908
0.009886434
3.369864e-05
0.00040550652
0.0005597182
9.870902e-06
5.4672164e-06
0.005915604
0.00043961869
1.3499082e-05
0.0001489586
0.5521408
0.014446848
0.058537457
0.0012272121
0.014221497
3.643313e-06
1.1419005e-08
1.5258824e-08
0.00010182385
0.00084723067
0.001268458
0.018814279
2.4599728e-07
3.66278e-05
0.101570584
1.4704576e-06
0.31233063
0.000581265
0.00013627419
0.0010082556
0.7911281
2.0388485e-07
1.6815084e-05
0.33654982
2.2993243e-06
0.00010182385
0.0001161537
0.42582074
0.8247811
0.007364731
0.82659143
0.002030934
0.99117106
0.0032334174
0.5399075
0.04302375
0.008964341
0.2408938
7.36084e-05
4.103174e-06
0.000641813
0.22037844
0.00010606991
1.7574499e-07
0.000120114026
8.613819e-06
6.764888e-06
0.00047581916
1.8232495e-07
0.00035556182
1.3633804e-07
0.4458187
0.003757864
0.99342155
4.7634836e-05
0.16392739
6.42014e-06
0.006738383
0.015351366
7.1142887e-07
0.6255387
0.00027475652
2.8847186e-05
0.008881424
0.7380658
0.111415125
3.6486842e-08
4.0370687e-06
0.002513966
1.4268048e-06
0.007998165
0.00044506692
0.00054099323
3.775781e-05
0.27926517
0.12286075
0.0003522453
6.196765e-05
1.6778262e-06
0.6697865
0.00014838814
0.9718243
0.0032470776
0.0009517378
0.948779
6.772619e-05
0.0010258715
6.1579954e-06
0.99998474
0.002477675
1.5068107e-06
7.0804335e-10
0.0014462472
0.0031484028
8.3896605e-09
0.9487514
0.9998027
0.98279
0.015427565
0.00013323617
5.360623e-06
0.0021094661
3.8758303e-06
0.0035745641
2.1435005e-06
0.00041355906
0.0073264847
0.0019557907
0.016415961
0.018141972
8.6816317e-07
0.99465364
1.6281276e-06
1.4511905e-06
0.1782547
0.00044377396
4.405875e-05
0.8349358
0.0031060097
2.1412532e-06
0.45921364
1.6731955e-06
2.7891039e-08
0.082068145
0.99465364
2.6553216e-05
0.9999977
0.00040550652
0.0033837075
4.224614e-06
0.0011890352
0.00044506692
0.13277432
1.303233e-06
0.9999968
8.45978e-05
0.00016106469
0.002513966
0.0066584805
1.4459422e-07
0.99999994
0.0002682334
3.2866063e-07
6.9700686e-06
0.0004020569
0.26367402
0.9569326
3.2702246e-06
9.636518e-08
0.10717744
6.285257e-05
0.111415125
5.1370447e-05
0.0027726989
2.3687173e-07
1.0453954e-06
0.00012160391
1.4113434e-05
0.98088336
0.00022554555
0.0009517378
0.6555834
4.8621205e-05
4.514909e-07
4.805811e-08
0.0005888032
0.036605638
0.012184453
0.99667424
0.764608
0.20994218
3.0049828e-06
0.0022027493
2.1790089e-05
3.287741e-07
1.8307033e-07
0.08736054
0.92881334
0.9943961
0.004148414
6.423471e-05
1.2887409e-05
0.10207144
1.7221876e-06
0.0009885244
1.3405624e-06
2.8081606e-05
0.8247811
0.0040840977
0.0007392428
0.001025872
8.807093e-07
0.00046515718
0.042184494
0.01753931
0.9834093
0.006129897
0.0035764754
2.7127679e-05
0.00018255362
7.470053e-08
0.9995289
1.008778e-07
8.198777e-06
0.00072599336
0.39130002
0.0016301048
3.6076317e-06
0.0038760942
0.02150521
4.4734993e-06
0.07018037
3.151447e-05
0.9999962
0.9718243
7.0804335e-10
0.0046736747
3.3784745e-05
1.2680692e-05
0.12402149
8.613819e-06
0.76301146
0.00065141317
0.001078997
0.0001011691
2.7101252e-05
0.99997324
1.630611e-05
3.190449e-08
2.7178205e-06
0.82504183
0.0003233064
4.421124e-05
5.7541307e-05
0.0059388364
0.9987651
0.99999994
0.9991631
0.04302375
1.5573011e-06
8.7399584e-08
0.00057658396
0.99405944
0.0035764754
2.7101252e-05
5.332523e-06
0.8247811
0.0069199023
1.1030256e-07
0.99997324
0.0002902992
1.0
0.094562426
0.11047057
6.550985e-05
0.0002574805
0.006972193
0.081520215
0.06627013
2.0200453e-06
3.0616586e-05
1.1247565e-05
0.20638634
5.800631e-07
