0.61694425
6.856997e-05
4.2468264e-09
0.046215385
4.905769e-06
0.00023755191
3.136881e-05
1.6369384e-05
3.0761222e-09
0.06499159
0.00055995904
0.99992406
0.0009202711
1.3293401e-06
0.14634731
0.0066106063
5.693523e-06
0.9063972
1.0142297e-06
0.0011358119
1.0
6.7648216e-05
0.25108576
0.0029927734
0.00068304717
0.99999523
0.00012732233
2.6452735e-06
0.02206032
4.7260415e-05
0.00015226284
0.14046723
0.99948657
6.552503e-05
0.00020356066
6.208696e-06
0.00016829933
7.4607675e-07
0.041326985
0.99999905
3.1976797e-06
0.88783604
0.10446327
0.0004365557
8.717697e-07
0.014811088
0.00012732233
0.00066535315
0.022253148
2.6949264e-08
5.693523e-06
1.074659e-05
0.19803675
0.45774987
0.9999947
0.3354312
0.002738352
0.0015891137
0.1251773
6.3016645e-09
0.020180665
1.6390094e-06
6.2177314e-05
9.634087e-09
0.99993396
0.043445095
0.98338634
1.3923926e-06
5.98068e-11
1.5448196e-06
2.0184276e-10
3.6021827e-06
2.8463066e-06
2.0340264e-07
0.5066318
0.4581722
0.03521956
0.53465647
9.576503e-05
0.99973744
6.490594e-05
0.848134
7.144244e-06
2.58803e-08
0.00056320784
0.99996066
0.9999137
0.10180538
0.00012690283
0.001448187
2.4426088e-06
1.4278856e-06
0.00015269741
0.082805745
0.0008776254
6.62664e-06
0.0070097405
1.0532575e-05
0.99979186
0.0001206325
0.011002736
0.18819493
7.5888616e-05
1.1432227e-07
0.021706881
0.9995737
0.004064706
0.00096590683
0.0006085412
2.300484e-05
0.00524033
1.103021e-05
8.670968e-06
1.4796498e-05
0.0017423864
0.9989168
1.4736837e-06
8.401177e-08
0.9996103
0.009369888
1.505696e-06
0.018870795
0.16692732
8.218012e-07
0.00050063356
0.0037221173
0.10251409
5.095874e-05
0.14140916
1.326688e-05
2.5414801e-08
0.61973727
0.009993161
0.008354957
0.055198777
0.0004998854
0.0007685789
0.02143058
2.3304337e-06
0.999944
8.965609e-06
2.21282e-05
5.910363e-06
2.024288e-06
0.00027365226
0.99999994
1.664247e-07
1.2362504e-07
0.118563876
0.0016127111
0.04051261
2.7061249e-06
1.2608509e-05
0.0010197666
0.286656
9.899648e-08
5.0364222e-05
4.1178114e-06
3.249873e-06
4.8595405e-07
0.00016964045
0.001081961
4.519739e-05
0.16792825
0.0027957058
8.8079476e-05
0.27455047
0.041326985
0.47700116
0.17823322
0.00015269741
4.0291667e-05
0.99148273
2.8046495e-07
2.5522446e-05
0.9999495
0.87129194
0.11937682
6.403862e-05
0.009670673
0.0021865438
3.580454e-07
6.2332205e-05
1.3175393e-06
0.79805136
8.754107e-06
6.5433295e-07
3.3482322e-06
0.0038456463
8.017985e-05
3.147306e-06
0.99139225
0.00070744276
0.79805136
0.0011358119
0.0012737426
0.19701533
0.011975951
5.810246e-05
1.4835919e-08
0.0032202825
0.00035618435
0.33184853
1.42150675e-05
0.051604923
0.084461555
0.875732
0.105306074
0.6572157
0.6335801
9.36565e-08
0.19803675
8.722957e-05
2.2906112e-05
1.2351725e-05
7.1621785e-06
0.99948657
1.0
0.038769502
6.6752723e-09
1.8843171e-05
6.2370117e-07
0.2606603
1.252265e-05
9.141088e-05
0.9163324
1.3035277e-06
1.0320625e-07
0.88783604
6.422871e-06
2.3126056e-08
8.965609e-06
0.0006492965
1.8258575e-06
1.0221946e-07
0.7043823
4.2474544e-06
1.7270362e-06
0.0003743396
0.0038099904
4.8780013e-08
0.9999137
0.001697479
0.13903515
0.0015734327
1.8767025e-05
3.451987e-06
1.2485407e-07
0.88275975
0.9723567
0.97433764
6.223837e-06
8.726963e-07
0.9999907
0.012872155
3.1297438e-07
3.458788e-05
6.142893e-08
2.5522446e-05
0.39697322
0.00050063356
8.924162e-05
0.0006215892
0.0062050815
8.035946e-07
0.008033952
0.00020530776
3.109476e-06
0.24551472
0.002052286
0.034680683
1.7467108e-05
0.6183911
3.603088e-05
2.4003452e-06
1.0816009e-06
0.0150343655
0.00083476724
6.3614425e-06
0.0068425946
0.05021191
0.00015615289
4.196543e-08
2.4393323e-05
0.00074635184
1.190207e-06
0.007869347
0.00011285536
1.4835919e-08
6.476529e-07
0.84429216
0.16146044
7.3902265e-06
2.8378225e-05
0.18110856
1.139655e-06
0.00012690283
0.3972365
0.99033713
0.9991384
