1.0
1.0
1.0
0.0061259945
1.0
1.0
0.99999994
0.99999774
0.00038577625
1.0
1.0
0.99999076
1.0
1.0
1.0
0.99999934
0.99081415
1.0
0.92470545
0.00024581532
0.12861465
0.0013451544
0.9200885
0.0030616
0.009507009
0.00845975
0.00014363561
2.9754207e-07
7.836024e-06
0.00021470363
0.026943503
7.068247e-06
0.00023679415
8.537312e-05
0.49167034
0.00032418696
0.9985222
0.9992213
0.0009106108
8.824464e-06
0.016481875
0.012013575
0.06942451
8.911081e-08
0.0071482966
0.95099765
1.0702739e-06
1.9597694e-07
0.001572097
9.307875e-09
6.4879634e-05
0.041902278
0.99989885
0.0013451544
0.9961676
0.5826975
0.9961677
3.541922e-06
1.0366529e-06
0.00054305466
6.0649727e-05
0.6577057
2.3039997e-06
0.0001813861
0.00334366
0.00028578893
0.003692611
0.46276224
0.11876665
0.0030701333
0.71075124
0.5539854
0.00032418696
0.9992247
0.003298609
0.10047624
0.00018520807
3.876869e-05
0.999991
0.9999988
0.00016845363
0.2564968
0.00011332533
0.017558793
1.1705811e-05
0.9998514
0.0038999207
2.0541805e-05
0.13208126
3.6672332e-06
0.30006123
0.00014368053
0.03320416
0.0018458958
0.00042244486
1.8200393e-05
0.0031505928
0.999988
0.16069321
0.6855857
1.7527045e-05
0.051169634
0.0011893195
0.9999998
2.96597e-05
1.8074126e-05
2.191512e-07
0.0006678104
7.1097165e-06
0.99910957
0.00076874084
0.09635206
1.1732265e-05
0.51329625
0.99818116
6.184952e-05
0.00035738383
0.0010200905
0.3280451
7.8148514e-05
0.35729972
0.00021733751
0.068772174
0.002673587
2.373888e-05
7.895329e-05
0.0002847356
0.0025562479
0.68628085
4.20881e-06
0.34398705
0.30602446
0.0033190788
0.6654194
0.9876842
0.99972486
1.444677e-05
0.04201796
0.011312591
1.0553892e-05
0.0018458958
0.00012438811
0.0031611926
0.0028094251
0.25910965
3.1704258e-05
0.007817475
0.0007456391
0.9521506
9.307875e-09
0.9981804
5.163882e-06
0.0017186251
0.00026165266
1.2536358e-06
0.06942451
0.07536815
0.001209289
1.6263402e-05
0.47719014
4.05849e-05
0.00023961056
0.006585861
9.466544e-07
0.00030750845
7.6469803e-07
3.9681705e-05
0.08957469
0.0012186778
7.240871e-05
1.1671846e-07
0.00076874084
0.21339923
0.000129924
0.20174302
0.13614666
0.0032290448
0.00024581532
0.05617048
1.0417009e-05
0.0065094605
0.9999958
0.0053572375
1.0
1.4509828e-05
0.009498437
0.003540161
0.011171508
0.00013264938
0.00016212462
2.2446717e-05
0.057908356
1.2236113e-06
0.0002751424
0.5086308
1.3022929e-05
0.00012484977
0.0003357785
0.03452152
0.005196184
1.0381336e-05
0.00026165266
2.0781624e-06
0.29998943
0.08911122
1.0488625e-06
0.97309107
1.1100066e-06
2.3363398e-06
0.0007787143
0.6650789
0.04201796
5.4908486e-07
0.01983359
1.1584407e-05
7.6469803e-07
4.245288e-06
0.999988
2.6970843e-05
5.3966648e-08
1.858855e-05
0.00042158633
0.00025059405
1.0106139e-05
0.0005425931
8.334291e-05
3.0320161e-06
0.00036673987
0.38059098
0.98398197
5.1767205e-05
0.99999905
0.001952114
0.0019001116
0.9839697
7.328476e-08
5.955481e-07
0.017679973
0.012612604
7.911971e-05
0.011829313
1.4008128e-06
0.46288487
0.008560908
9.449761e-10
2.8541393e-05
0.0001543669
0.026371729
0.8547711
7.256299e-05
2.4911163e-08
0.007817475
0.0032986107
0.010317591
0.0014492908
0.003692611
0.017576208
0.9671113
1.710791e-06
1.4654651e-07
0.0006578809
0.99318916
0.02728798
1.193137e-05
3.1704258e-05
0.00015949727
0.0021841044
6.7558416e-05
0.025092524
6.847248e-07
0.5787969
5.143221e-05
3.8648864e-08
1.026505e-05
2.119118e-06
0.00014647652
0.114285335
0.22351284
0.00023961056
3.1704258e-05
0.04868124
1.1697888e-05
0.43098786
0.0008902445
0.99259686
0.0005649205
4.9834125e-06
0.0130848475
6.5319425e-09
8.9360134e-07
5.5216766e-05
0.0015841435
1.6196349e-06
7.9046935e-05
0.9999428
3.4708813e-05
0.017576735
0.99999994
0.0023091028
0.5132962
