0.9999999
0.999843
2.454067e-05
0.9928332
0.99995357
7.140008e-05
1.1293377e-08
5.534702e-06
0.0018031063
9.334898e-06
0.55691695
0.00020603648
0.0018031063
0.0024182103
0.9974797
1.8007271e-05
0.00030132337
0.05953105
3.804864e-05
0.00048635877
0.00082587736
0.010628045
0.016097905
0.0004252744
0.022155216
0.0025316917
0.9984075
2.5636134e-06
2.2268396e-06
0.00020252125
2.2457512e-07
0.00062684715
3.4429019e-07
7.1183895e-05
0.0016754399
0.002782544
0.07352783
0.00022366786
4.1604878e-07
0.017481418
0.282045
0.0013868593
0.0012180146
0.00015716988
1.4672199e-05
0.006639754
4.0504697e-06
0.9959918
0.3093751
1.634355e-06
0.99999994
2.6610014e-06
5.3457796e-07
2.593083e-07
4.8220055e-09
2.8638948e-05
6.688884e-05
0.22517677
0.0015107299
0.09034279
0.040516745
0.003472002
0.0008454186
0.00017058416
6.048171e-05
0.00016167341
1.5106182e-05
0.98693585
0.0031080968
0.12977159
0.0030115272
1.8359397e-07
0.13771357
0.02340977
1.4212048e-08
0.00017117332
4.1154794e-06
0.0003211517
0.00013556822
0.00030951676
6.181171e-06
1.2667542e-05
0.9999986
3.5401317e-07
9.786329e-08
0.0017222302
0.021433305
1.4117941e-06
2.2480365e-06
0.00020433676
4.5710717e-06
4.3772854e-07
0.9862667
0.86417395
0.17498483
0.99675256
7.6534416e-05
2.0875877e-06
0.0001739809
0.001132685
0.9764963
0.0043340446
3.9167764e-05
0.9998974
9.606574e-07
0.41974708
0.8129852
2.491065e-06
0.18563928
2.8638948e-05
6.446325e-06
0.9999978
5.198904e-05
0.0001080578
6.5791e-11
1.4824746e-05
1.1126032e-06
0.39520317
9.652197e-07
2.06029e-05
6.22913e-07
0.9928332
0.9962145
9.979077e-07
0.31852272
0.9940433
5.0278554e-06
1.0555818e-06
0.00042894995
2.6751948e-06
0.000778175
0.0058188178
0.39520317
0.00016904043
0.39520317
0.9994821
6.7403394e-05
0.0045230202
0.008151197
0.0008213052
4.423e-05
0.11372718
0.06468186
1.634355e-06
0.08126837
0.26944017
5.544637e-07
0.010262164
0.00046783616
0.004965142
2.1993098e-06
0.0008150549
1.6022783e-05
2.9723979e-05
7.1722454e-05
8.399636e-05
7.077252e-06
0.99904406
0.0032912458
9.589978e-07
0.00014807549
0.0005789304
7.0655315e-06
9.36971e-05
0.9921691
0.00016167341
0.000981574
0.33357772
2.3032835e-06
0.0044005807
0.0032912458
0.0011365912
3.012699e-05
0.0030115272
5.9744012e-05
0.0012399778
0.0015495879
0.98208743
4.7966078e-06
0.11169199
0.0005258958
4.915182e-07
6.517331e-05
0.0111075
3.4739443e-07
0.9985046
1.5531075e-08
0.00037831967
0.0061634076
0.00062684715
0.0017737942
6.527138e-08
0.00026501468
6.6251474e-08
8.051704e-08
1.09136494e-07
0.0016962028
0.0015467604
0.00025255125
0.007969441
0.00010027376
0.0030115272
0.011412173
0.9999754
6.1683066e-05
3.1469095e-05
0.8302448
0.0018670132
1.1248586e-06
0.88574386
0.008606929
0.9998845
0.0016756145
8.772406e-05
0.042484004
0.056630068
0.0010373361
4.6164434e-08
0.44669628
1.5094675e-05
0.018297192
1.0899491e-05
0.0015467604
0.0035744656
0.11350963
9.786329e-08
8.234477e-06
0.12513445
0.004459027
0.00022967899
0.9990153
1.921483e-05
2.1993078e-06
2.9694102e-06
0.0002258464
0.05647692
0.9988764
0.13771357
0.00021833988
5.491791e-08
0.114356935
9.3429435e-07
0.31212482
2.0716404e-06
0.5407394
0.9231737
0.0003983999
0.000111240326
0.069012694
0.27907562
0.00036236545
0.008830737
0.00015710546
0.6986679
2.826431e-07
9.631924e-08
3.796565e-08
7.061807e-07
0.0007142189
0.0099215405
0.20258492
2.9850548e-06
0.12513448
0.0024289063
1.3190161e-07
0.28295758
0.00013556822
6.315484e-06
0.00028165893
0.0025345376
0.00012056005
1.1733575e-05
0.9999604
9.661704e-06
8.130781e-08
1.182189e-05
4.834348e-07
2.1301416e-07
0.00082587736
0.23200168
0.00013904004
6.849834e-05
0.99847573
1.9454193e-08
6.494158e-06
0.00019002754
0.123226486
1.7156162e-05
0.0042535
0.014555093
0.007705733
0.007186796
1.1724067e-05
0.0026079288
0.86001384
0.00024484834
5.9282356e-06
1.2479384e-07
0.999903
0.0007513414
