1.0
1.0
1.0
1.0
0.9107675
1.0
0.00011008631
0.8312542
0.2992832
5.4323427e-06
9.231426e-09
0.001675412
7.36421e-05
0.0017468409
0.03254202
1.7134222e-05
0.00024605636
0.0005127626
0.99712586
0.98071605
7.0919536e-06
0.10751759
8.9289426e-07
8.494193e-07
0.34930813
0.0031874976
0.0003361747
6.174937e-09
0.0039005396
0.010034231
0.00030351404
0.072566025
1.9117092e-06
0.99999976
1.8108445e-05
0.9999992
0.029054174
4.2673005e-06
7.268495e-05
1.3307911e-05
3.5252888e-05
6.1519815e-05
6.620425e-05
7.327727e-05
0.7079988
0.012041929
2.2290917e-06
0.00032260193
0.8846282
5.9821427e-06
0.00019971009
0.04918765
0.0039585666
0.00011410388
0.005257664
7.956129e-06
0.026931785
0.8426086
0.09308787
8.880361e-06
7.709171e-06
4.113434e-05
0.030133897
0.11259693
1.924911e-05
0.9529645
0.12942325
0.9993739
0.24927713
0.004529743
0.016066229
2.6683404e-07
6.4613487e-06
1.7171478e-06
5.0908373e-05
0.00041507315
0.000108925364
0.20674515
0.0005910894
7.06677e-05
0.04026331
0.0022111782
0.8426086
2.4171988e-05
0.935916
0.00028648265
4.6904224e-06
0.002794204
0.1864592
9.381878e-06
0.9973638
7.013505e-05
0.03003174
0.2705973
0.89373994
0.9999999
0.02213115
3.6232104e-05
0.06726825
0.10707573
3.5252888e-05
0.005693212
2.979844e-06
0.013026717
0.0027731736
3.8628524e-08
6.54111e-05
0.00623543
0.38744408
0.00016542185
0.00065887166
0.9999981
1.7134238e-05
5.704414e-06
1.0998488e-05
0.99799687
0.0006374075
0.032093626
1.0
0.27882907
0.0002042164
2.109807e-05
0.9999986
1.35752625e-05
0.0021981325
4.5063287e-05
2.257031e-06
0.21328999
0.002182294
2.3467644e-05
0.00021106409
1.2933593e-05
8.0124904e-05
0.000100363395
0.34660557
1.851036e-05
0.0023727969
0.27460468
6.8227523e-06
5.4792426e-06
0.0149503155
0.013385939
1.2095013e-05
0.38991484
0.0035453576
0.5854037
0.0009111545
2.7210073e-05
0.0013842612
0.3479738
9.495093e-05
7.743187e-07
0.0011843386
2.3406708e-06
4.426684e-05
0.0051540774
0.013385939
0.0022402382
6.70222e-08
8.501407e-08
0.00012103093
0.0031874976
0.0014650766
1.5013547e-05
0.99998677
1.3378739e-05
2.7738517e-06
0.00065887166
0.03827213
0.9994242
0.35107848
1.3899885e-06
0.00019971009
2.039461e-05
4.821539e-06
0.004613184
0.27460468
3.823318e-06
4.519201e-06
2.2446116e-05
3.475986e-07
0.0011843386
9.8737204e-05
0.7238208
0.8819947
0.022663232
0.0028012332
6.4613487e-06
0.6710326
4.014209e-05
0.0053876587
3.0765148e-07
0.00057024666
6.7060296e-07
0.086832255
0.00023358552
0.91993886
0.30188417
0.021391984
0.16101432
0.0014157359
8.292186e-06
0.26508346
2.4043172e-07
0.03003174
1.6119784e-05
0.00027445966
0.0051631047
0.00012892326
8.245266e-06
0.9999039
1.2122045e-05
2.1737329e-05
0.024753677
0.12982498
1.2101543e-05
6.209205e-05
0.005190166
0.5303888
2.1927573e-08
0.005216126
0.00031008563
0.007001786
8.916316e-06
0.0041299243
0.0047282907
3.0026583e-09
0.037481043
1.6036702e-06
4.113434e-05
4.327958e-06
0.018904239
1.0571191e-06
0.005015488
4.9460277e-06
4.8408715e-06
0.002480465
0.9998291
0.0041131335
1.9569543e-05
0.0005618974
2.1494084e-06
0.0011288513
0.005932914
0.0015417088
1.4832412e-05
0.010624777
8.1458285e-07
0.0005618974
0.6710285
0.012522494
1.924911e-05
0.09222185
0.007522057
0.00013206364
0.00028027428
0.0041131335
0.5303888
0.006428666
0.0036283336
4.2673005e-06
2.5433277e-08
0.017254643
0.0012930847
1.4832412e-05
0.0017668036
0.04971951
0.0003428186
4.327958e-06
1.02699616e-07
0.7349587
0.047379043
4.519201e-06
0.00015346696
4.5099914e-05
1.964591e-10
7.535169e-05
0.0006675985
0.22069444
0.00027788043
0.21220894
0.07700279
0.61557925
0.02244657
0.0032478864
0.0004807044
2.646543e-06
2.868614e-06
0.0039005396
0.18467797
2.354866e-06
0.008015572
1.1997244e-07
0.12982498
0.00040330063
0.013385939
0.15891638
0.00064613926
6.090335e-05
0.59940284
