0.9995879
1.0
0.003394129
2.0237194e-05
0.9999998
0.0005335181
2.9405317e-07
0.8615098
0.0005527165
0.038979135
2.7986644e-06
6.941724e-05
0.45477855
2.902019e-07
9.814543e-07
3.5028108e-07
4.1249835e-09
1.2688847e-07
2.1398962e-05
0.9996977
0.0033831273
0.000105943844
0.00020523652
4.74281e-05
9.719507e-07
7.459858e-08
2.3626992e-05
4.06387e-07
2.7986644e-06
0.8022895
0.00024985019
6.9757943e-06
1.4940818e-05
1.8989998e-05
0.2902758
8.5925984e-07
0.030894963
0.0006460937
0.07785501
9.126827e-06
0.08009386
7.526608e-05
1.430665e-05
0.9999367
0.0060468083
0.048828535
3.713546e-05
0.16636306
0.0007006119
0.0074286223
0.965027
1.7063984e-09
5.8524906e-06
0.99999994
0.00013688159
1.257545e-07
0.0004361545
0.49683976
0.00056905684
2.9977735e-07
7.7232534e-07
9.299055e-06
6.687024e-08
1.1325321e-05
0.008878368
0.00042384514
0.0013856421
2.7986644e-06
9.708168e-07
0.67939436
0.92078555
1.1039197e-05
0.0002006484
6.996188e-07
0.094512224
0.0002973441
0.0002875622
0.007019911
0.00020615595
0.99854785
0.0036496315
0.9997345
0.9999998
1.066854e-06
0.030894963
4.8752344e-07
0.5071002
8.921334e-06
5.3891312e-05
6.5679333e-06
0.0006754172
5.3591816e-06
1.0017436e-06
2.2150462e-06
0.97719175
1.669816e-06
0.12956683
0.01641607
0.99115914
9.193366e-06
0.9995902
1.0143012e-06
0.25113258
0.00029655985
0.9999996
0.9999757
0.0020760226
0.0026915453
1.1862083e-05
0.0026232519
7.7232534e-07
0.0014589659
9.688943e-06
0.0001111254
3.0774731e-06
0.004097541
0.9730395
0.84941673
0.2093609
0.001993314
6.274884e-05
0.026959447
7.376988e-05
6.7152456e-08
5.6302124e-08
3.5290252e-06
0.0006754172
0.8615098
0.028384846
0.0021990929
0.06021523
0.0036496315
4.0098877e-07
0.0003434886
0.0002780739
9.546306e-05
0.9620793
2.9886156e-08
0.06161794
1.4794684e-06
0.016682442
0.02370103
4.40388e-05
9.0668545e-05
5.681454e-05
0.99968374
3.662808e-05
0.015947625
0.00024985019
0.0016448911
0.0015412273
5.066193e-06
0.12956683
1.7777202e-07
6.8406925e-09
0.00073184015
0.012460228
0.00043932875
4.5652732e-06
2.7337135e-06
0.020698745
3.5039324e-05
1.3263216e-08
0.0001503697
4.9521484e-05
0.99999976
0.95447695
1.0103382e-05
1.4275643e-06
1.4176685e-06
0.012488435
0.4017081
0.790246
2.3359575e-05
0.009061273
3.3634112e-06
0.65624404
0.03834952
3.444003e-06
0.45477855
1.0921813e-07
7.883178e-07
0.001767347
0.99589854
3.2288767e-07
0.02247739
0.19030406
3.0184621e-05
0.018277066
0.022598041
1.4827738e-06
0.060630977
0.07503305
0.00043932875
0.0060956986
2.2642075e-06
0.03258952
1.8554884e-07
0.09985645
0.4839768
1.0110322e-05
5.456835e-05
0.00058324175
0.25107422
0.0015860557
0.002666716
0.44267312
0.0048072287
0.031898305
2.8323557e-05
0.0021604318
2.0059181e-08
0.03834952
4.4120978e-05
2.8804598e-07
0.45854738
7.31735e-07
6.3478044e-05
1.2784389e-05
5.961143e-09
3.5088723e-07
0.060630977
0.001152655
3.8870685e-06
4.689639e-07
7.454386e-05
9.90449e-06
0.0008797135
8.198097e-09
3.4125793e-07
0.0008606357
0.00056519464
0.00022055818
4.5128523e-05
0.27343118
0.9739669
0.9997852
0.0011020877
0.038299486
0.97629243
2.7730154e-08
1.4805984e-05
2.579377e-07
0.008263298
2.7266105e-07
1.4535582e-10
0.00013738293
0.00025731412
0.0008486988
2.681723e-08
2.951618e-07
0.001679287
1.5820452e-06
1.6909114e-07
8.127645e-05
0.00050206
8.412913e-07
2.3081234e-06
7.526608e-05
0.9998744
0.00069988554
6.4313404e-05
0.0012528945
5.5133796e-08
8.992573e-06
5.2376356e-07
1.752001e-06
1.0390029e-07
0.0026232519
1.0251326e-08
0.08491469
2.7879076e-07
4.534889e-05
0.00086494355
9.771368e-07
0.00013557171
5.692056e-05
0.9769779
7.5954586e-06
0.00036010172
0.0050591654
1.4477692e-05
0.07686303
2.3383919e-07
0.030038062
2.3103924e-08
0.09985645
0.9904583
0.027164493
0.0024112666
9.806884e-08
2.068597e-07
0.00073184015
7.625075e-07
0.00024794365
1.6545604e-06
0.00022905135
1.440108e-10
2.3237205e-06
0.0013605147
