1.0
1.0
1.0
4.560259e-08
3.4006163e-05
0.002685586
1.3325499e-07
0.039422147
2.5244123e-07
7.284517e-05
0.06968712
3.3965913e-05
0.00015779817
6.578762e-05
1.3571319e-06
0.10734181
0.0037586943
9.816642e-06
0.03553379
1.2543865e-05
4.847251e-06
0.03553379
6.9789817e-06
1.1723212e-06
5.916076e-07
0.0005869273
0.99994475
0.040384762
0.9999918
1.0321179e-05
1.066144e-06
0.0027548766
0.00023389442
0.2286548
0.00013868492
0.017066302
1.3338965e-05
2.0876664e-07
0.9999972
0.24680725
2.6306222e-06
0.95845443
0.0003717177
4.395256e-07
0.0035345592
0.08312463
1.0741843e-08
0.999867
9.23732e-05
0.00043191857
6.3380406e-07
5.959105e-06
0.9999441
0.000107502194
7.494037e-06
0.030791255
2.2242832e-05
0.99819964
2.2181825e-05
1.8972879e-06
3.2229252e-06
0.60146564
0.00039879317
7.57385e-07
0.08302122
4.1600586e-05
9.621155e-06
0.000524963
8.712428e-07
0.0001305138
0.0005352982
0.0017454728
0.0016814171
0.0010298657
6.932204e-05
0.12989071
6.762719e-05
0.25284132
4.395256e-07
0.00022287595
3.680515e-05
8.694568e-06
0.001103957
1.2719031e-06
0.006881649
2.416365e-06
1.41328965e-05
1.876674e-05
5.955743e-05
0.0016560386
0.0004560387
9.565904e-08
7.998132e-08
0.9999903
0.0009481654
4.0651446e-10
1.6678586e-06
0.005771528
2.5823704e-06
0.0034814384
0.006881649
0.010978583
0.9998609
0.00012054293
3.3709416e-06
0.06968712
1.3638886e-05
0.09707805
1.5065094e-05
0.6851936
0.0015040541
0.0014676249
1.1517432e-05
0.0021665215
0.20140405
0.00033084466
3.0584933e-06
0.97789645
0.00013694112
1.1232794e-05
0.00093160267
8.151979e-05
2.0685231e-06
1.27005405e-05
8.430601e-08
0.005771528
8.804943e-07
5.554351e-05
0.8127349
0.9997126
5.38339e-06
0.00010187862
0.002810685
0.03177494
0.00054901955
2.652123e-05
1.4971791e-06
0.09524359
7.7492354e-05
9.535479e-05
3.9048427e-06
3.909005e-08
0.00015923468
6.7943255e-08
0.00079802814
2.1014175e-05
0.92791146
0.0002681526
0.0059040627
5.876792e-06
8.354184e-05
2.3304838e-05
0.006098071
8.9399174e-07
9.880044e-07
0.0017960244
0.00015923468
3.4811121e-06
7.803725e-05
0.0119242435
3.2706163e-07
0.9997649
1.0853364e-05
0.00049482624
0.8408443
6.496668e-05
5.701939e-07
0.9739896
3.1150266e-05
0.00047461828
4.604142e-07
0.00011569517
8.836827e-06
7.494037e-06
0.0032116675
0.010928928
0.001448714
0.00010678426
0.5100939
0.01695346
1.4110846e-07
3.289662e-06
1.1461844e-07
1.00955944e-07
0.0011066378
0.096106194
0.00032962376
0.0024955333
0.00034679854
0.0022973523
6.861922e-05
3.9739834e-06
3.6581545e-07
0.0005847881
0.0015674573
0.0019569534
0.98943144
0.985881
2.8846853e-07
0.00020332498
0.00070575724
8.594159e-06
0.006881649
0.9998955
0.99999785
0.0010116198
4.564272e-06
7.589274e-05
0.000100112295
0.8558325
1.6069649e-07
0.995177
0.964799
0.00055667805
2.0223553e-07
6.026067e-07
0.99999774
0.006732427
0.010978583
0.000438778
0.99881434
8.0228665e-06
0.0618269
2.8558773e-08
0.00016416573
3.761481e-06
0.014340778
1.6677994e-05
0.36726397
0.9999989
0.99999774
2.0685231e-06
0.00020524727
2.415698e-08
0.0016622206
2.2089523e-08
0.0009146115
0.89539933
0.0026915735
2.0685231e-06
9.342852e-06
1.6154322e-08
1.0689316e-06
0.017066302
1.0
0.9913818
2.3620716e-07
0.9999669
3.314453e-07
0.06842663
0.47213736
0.00014264225
3.879323e-09
5.1519898e-08
0.6475735
5.4316934e-07
0.003144577
0.99999374
1.6871304e-08
0.11018476
0.004985469
4.387883e-05
4.6645308e-08
0.035804532
0.1519423
0.006732427
1.4574873e-07
1.0637716e-06
0.99601436
0.01633789
4.0814567e-07
5.3671297e-06
0.000107502194
0.49033448
3.9398754e-05
2.124295e-05
1.4157152e-05
0.010465728
0.0007484629
0.9999948
0.6807377
0.04991848
0.0008823957
8.594159e-06
0.99999994
0.0014517992
0.00013425361
6.710214e-07
0.016755706
0.000104303406
0.010465728
0.0025897596
0.00604201
1.0177478e-05
0.00011320976
0.98850906
5.8636484e-05
0.3119848
0.8984306
0.0004558455
