0.9998172
0.9422168
0.17751169
0.999923
0.5155868
0.0073407865
1.0
0.018254576
0.9998833
0.05275982
1.1862453e-06
7.425271e-10
0.009974724
0.45599064
1.8508454e-05
0.0014207506
0.9628591
0.000106966276
0.015167025
0.014966813
2.3166376e-06
0.997259
0.0072224927
0.0072224927
0.00058087404
1.0
0.99743277
6.9691254e-07
0.9999693
8.3520164e-05
0.0017647141
5.4849206e-06
0.026161997
0.0002808384
7.291524e-06
1.6436928e-06
4.209777e-06
0.076625854
0.004420281
0.00017186381
0.8086739
0.00038383316
0.00022869544
0.0010525144
0.60944855
0.0061499192
0.0019897977
0.0025315809
0.9547449
4.325991e-08
1.2245288e-05
0.014347775
0.0019086528
0.00035916694
4.047574e-06
0.0037412222
0.9757809
9.956374e-05
0.0053069037
6.6993703e-06
0.018690612
0.5522431
5.25278e-06
2.6372031e-06
0.9628591
4.7789244e-06
0.00018525153
0.02112289
0.9977843
5.6827537e-07
2.2332868e-07
0.011057915
0.022452328
0.065568596
0.86414766
0.01656505
0.03351172
0.1109316
0.003031264
5.154747e-07
5.3716863e-05
0.0012107637
7.778019e-05
0.013466235
0.08755519
0.0012471089
3.851552e-06
0.99999565
3.2277976e-06
0.0039938064
0.04235224
0.7906684
5.3783046e-06
1.3435648e-07
0.00089117175
0.012809577
0.27934608
1.6127518e-05
1.4019078e-05
0.14183539
0.00056506693
0.00012570473
2.0325313e-05
0.50388396
0.0037777997
0.0045778756
0.0027928862
0.00033635664
0.9986326
0.47439772
0.028048718
5.701166e-05
0.023359487
1.18824325e-07
0.0013757147
0.006371448
0.37896076
0.041787036
2.8211736e-05
0.19240291
0.0008295038
0.00033713644
0.00022642293
7.505772e-08
6.1396014e-07
0.80977815
0.8987489
0.16281663
0.21831328
0.99939364
0.94238144
0.10355645
1.8052424e-05
0.9910217
3.1157633e-06
8.957097e-05
0.0072224927
0.37368378
0.73469055
2.3613295e-05
2.3529578e-06
0.00019631363
0.0022073584
5.0477763e-07
0.00058087404
1.7379096e-05
0.99341255
0.0029736806
1.324798e-06
0.0025175882
0.00016751388
1.6166642e-06
0.0006409657
1.4019078e-05
0.0037412222
0.010959929
0.9667984
2.2155271e-07
0.021495119
8.206209e-05
0.0046712933
6.4497563e-06
0.0018340399
1.0272767e-05
8.457675e-08
0.0004185081
0.0004327948
9.51259e-07
2.111937e-05
0.9999996
1.0384068e-05
0.94238144
0.1109316
0.87582546
0.006635974
0.013935567
0.22828257
0.0001325352
0.0008856901
1.2283933e-06
0.00023610069
0.0023509124
0.00033635664
0.00021791394
5.7369867e-05
3.796674e-07
0.0039779013
0.99999505
5.8683527e-05
0.26745915
0.0002558944
0.0017708399
0.010208196
0.0030640315
7.5683124e-07
9.122468e-07
7.5573684e-05
1.5481144e-06
2.0670264e-05
0.87996197
1.6127518e-05
0.002238097
0.00014327913
1.8381103e-05
0.00215228
0.020631313
0.013200529
0.9999948
0.012905802
0.99998814
0.9999794
0.8975985
0.7827071
0.0046040053
4.5180958e-08
1.6125323e-08
0.5646432
8.895933e-08
0.00012116962
0.019010894
0.20359947
0.0075085233
0.0036731793
0.9999416
0.80362296
0.0006351861
0.34814364
6.0129703e-05
0.0014207506
2.513724e-05
2.8414462e-08
0.00041536032
0.00041536032
6.089678e-06
1.9997042e-05
0.50910765
0.0046227886
3.2125472e-06
0.006371448
3.1243803e-06
1.8365193e-07
0.12323107
1.0
0.8987489
0.019078076
3.6448288e-05
0.29981485
0.97181016
0.99341255
0.24335779
4.6381687e-05
0.00021692802
0.013935567
0.03931726
0.028134683
5.5640365e-05
0.20687376
0.0015765325
0.9999999
0.0012107637
1.477972e-07
0.0021133993
0.0060297116
3.9479317e-05
0.99995524
0.00017474715
0.005907209
0.001955868
0.014335724
0.013194375
0.051875714
0.00097002595
0.048185974
0.06608023
0.37368378
0.00073780847
8.957097e-05
0.00021692802
0.0005599054
0.9999741
0.0003617635
0.008171256
0.0005115202
6.0157304e-06
3.131202e-05
2.3552496e-09
1.1316233e-08
7.709693e-06
0.9977843
2.3529578e-06
0.00022718542
0.00029180065
0.004807765
0.34872276
2.2895432e-05
5.3783046e-06
0.9971218
0.04279111
0.0064506386
0.003775324
