0.23421949
0.00017375426
3.3184492e-06
2.3164905e-08
0.006629958
5.396192e-05
0.0013898172
5.8790763e-09
2.244877e-08
0.0017662402
0.000121612255
2.3720866e-05
0.00275457
0.9946846
0.0042594783
0.998706
1.09225624e-07
0.99999946
1.6041857e-07
5.441607e-07
2.7887909e-05
4.4581057e-08
2.6487598e-07
1.3871229e-06
0.5296609
0.00014164117
0.01321731
1.795986e-07
1.00736814e-08
0.0011543273
9.522259e-05
0.9999998
0.0022366429
0.05938066
1.6900643e-05
1.8824268e-07
0.5298552
0.00803633
0.11992809
1.4476933e-09
1.9111536e-07
0.7997069
9.45431e-07
0.00020457011
0.00030735397
0.18388261
0.0044301064
6.6365675e-07
0.9972683
1.0498669e-09
6.0628718e-06
0.00015125236
2.7105623e-06
0.00015412834
6.5017383e-09
1.0130774e-06
7.78125e-09
0.00011039979
4.1394647e-05
0.055196054
9.522259e-05
1.0728475e-05
0.03520293
6.830213e-08
2.6277612e-06
0.00080403767
4.4990568e-08
0.00052278786
1.0964368e-05
0.006218999
9.387534e-06
0.008119292
5.70362e-06
5.3293682e-08
2.6962104e-09
0.0012033633
0.00015412834
2.3930924e-09
3.3391524e-07
0.9995918
3.506807e-05
1.9853014e-06
5.674327e-07
2.3462061e-09
1.9448394e-09
5.7263364e-06
0.0003300904
2.3983155e-06
6.2358913e-06
9.5795025e-09
2.3462061e-09
2.779559e-05
6.4811974e-09
0.9945162
1.4679082e-08
4.9216687e-06
3.856615e-09
3.5631406e-06
1.8785791e-05
6.552529e-05
1.517514e-06
0.26743728
0.0012161667
4.2291715e-05
1.4455797e-05
6.7307947e-06
8.9875815e-05
4.10323e-07
7.114283e-08
3.176695e-06
0.9860034
0.00014453083
0.006326194
2.2823403e-06
9.6417076e-05
3.708059e-07
0.0008545699
3.6101515e-09
0.0105486475
1.1950794e-06
1.1013228e-07
0.35440248
0.5029432
1.0879477e-06
5.585407e-08
3.4110088e-09
1.0947993e-10
7.073823e-05
9.43565e-08
0.9999969
1.0498669e-09
2.6277612e-06
0.00758302
1.1710875e-06
2.8513965e-09
2.4259311e-06
0.016389068
4.3553078e-07
9.412588e-08
2.2648835e-06
4.2225565e-08
3.714044e-06
0.008587438
2.3720866e-05
2.0320643e-07
0.22700559
0.00016087835
5.440286e-09
5.8657726e-08
1.7235188e-09
8.090064e-07
0.009528398
0.7777405
0.00012595815
0.00013891098
4.5948337e-08
7.1130344e-08
2.9065054e-08
6.623696e-05
4.5948337e-08
5.1159642e-08
0.9997725
2.521049e-06
0.007522562
0.0007399265
0.0038700933
2.856048e-05
0.31297883
6.0165406e-10
0.004523742
2.8836816e-05
5.361553e-05
2.5036354e-06
1.4145397e-05
2.4532858e-08
2.4711213e-05
8.361603e-05
5.2909495e-06
1.4476933e-09
9.819244e-05
6.448905e-08
0.7777405
2.5414323e-07
4.6437362e-05
2.3753668e-05
0.015141263
0.0002591765
0.00017375426
1.8103938e-05
7.00478e-06
0.30250672
2.4941695e-11
2.1300339e-05
0.00054849806
5.8084805e-08
1.7231787e-05
1.9893087e-09
7.753505e-06
1.7406458e-08
1.1156558e-05
9.968339e-06
3.708059e-07
0.00047305596
1.4037081e-06
8.025163e-07
2.974858e-06
2.494912e-06
3.4371583e-09
5.345647e-07
1.4376305e-07
0.9586738
2.5414323e-07
0.00021363808
1.3356494e-06
1.7120195e-08
2.9486822e-05
0.019654304
0.043136436
0.78899777
8.003716e-07
3.2978805e-05
2.3114974e-09
0.0007203196
9.256453e-06
2.2889638e-07
0.95925426
8.903415e-09
1.0574402e-07
1.04851715e-05
8.9977e-05
0.0036982957
0.00087802106
1.4228099e-09
0.0023528389
1.0964368e-05
0.35043114
0.00065961084
3.3051083e-06
0.00020165955
0.855253
0.0012218329
2.2958986e-07
2.58156e-07
0.0013181751
2.5045116e-05
0.21540047
0.0002688791
1.1156558e-05
1.4433488e-08
0.94982594
3.5614148e-06
2.2212349e-05
3.196053e-07
1.28540605e-05
0.001642191
0.81932944
3.176695e-06
0.000721361
4.784588e-10
5.4165525e-07
1.4355372e-06
2.29081e-06
4.3184988e-05
1.1328736e-06
9.41257e-08
1.634854e-09
0.00020722824
2.45117e-07
2.9963727e-05
0.0001150857
2.6620523e-07
2.18984e-08
0.0105486475
0.00024750954
3.1589144e-07
0.00012823885
6.292405e-05
7.6431604e-08
1.0142375e-06
6.69487e-05
0.0013181751
2.8760796e-05
0.00013376446
5.1414604e-06
0.23568766
0.006218999
1.609979e-07
0.00012734116
3.5002094e-07
0.0062786136
0.0029935504
1.4163118e-06
3.457577e-07
4.811911e-07
7.2279126e-06
0.15081777
2.5699771e-08
0.9958053
0.9929886
5.50013e-10
