0.99999994
1.0
1.0
1.0
1.0
0.99999994
1.0
1.0
0.99994755
2.2027084e-06
0.013678261
8.180876e-06
1.3250368e-06
0.16107488
0.00016036772
3.761786e-07
0.0058506094
0.00491654
1.0372423e-08
0.013755291
0.07386438
2.8039434e-05
1.9046247e-06
1.40449465e-08
0.000442311
2.415964e-06
0.99999547
0.0008760635
0.00024092731
0.001123785
0.030336717
0.2543343
1.391405e-06
9.720935e-07
0.10266463
0.057787914
0.004916537
6.264565e-08
0.00020397488
0.002129282
0.10648167
1.9735923e-07
0.057655994
7.048706e-05
1.8758476e-06
0.029746838
0.00016036772
7.495794e-05
0.99999034
4.701323e-05
0.025546962
0.24405
0.048915926
0.0006160062
0.1293761
0.07634122
2.5669904e-05
0.015161612
0.00010132125
0.0002816321
0.00022072691
0.0014237101
0.0008098593
0.7988573
0.0017972515
0.0020491867
0.017982455
0.00066960155
0.9984889
3.094105e-09
0.00079035957
0.00096414384
4.6148775e-06
1.0
0.0027909558
0.002820866
0.00023322723
0.61754143
0.0018663096
2.8467957e-07
0.99974096
5.29697e-07
7.873898e-07
0.8463519
0.00015210654
0.9474427
0.012066063
1.915779e-06
0.36677405
0.14264795
0.0012137342
0.14247975
0.99993515
2.7291077e-05
7.039691e-05
0.01008642
0.60655195
0.0048287776
6.063826e-06
0.00030529598
0.0025048137
0.005711629
4.701053e-06
0.98849124
0.11257868
0.012823453
0.020588556
6.249153e-05
3.5411183e-05
0.9999994
3.7386686e-05
0.02414768
2.6916368e-06
0.00039872894
1.9735923e-07
0.030440323
0.019550541
2.1953321e-05
3.1637912e-06
0.00055838044
0.008791325
0.51121646
0.95851916
2.1455785e-06
0.9999972
0.7311415
2.3502666e-06
1.116945e-06
0.99998957
1.9046247e-06
5.511105e-06
0.011213203
0.9999994
0.029415349
3.950906e-06
0.9474427
0.0025194448
1.2251736e-06
2.1953321e-05
6.612914e-08
0.00020802625
5.316576e-08
0.7968286
9.7071985e-05
0.00011460244
4.5964836e-05
3.46022e-05
0.08097017
0.0017972515
3.6380425e-06
3.827719e-05
3.437442e-08
0.0005237744
0.00025699884
1.5666674e-05
0.02162205
0.025266793
1.7417324e-07
0.9999985
5.4582822e-05
0.41314337
0.0014055951
0.95851916
0.999989
0.3124486
1.6693988e-06
0.00017177535
1.1420561e-06
5.358218e-07
0.00024672825
0.000111377456
0.0058159325
3.46022e-05
0.0005551317
1.1464524e-05
0.9999972
9.275177e-06
4.3528573e-08
0.9474427
0.0030149997
6.223987e-08
0.0004503469
0.00012650943
1.3226985e-06
0.00014060715
0.61754143
0.2876692
0.00019283184
0.008399019
2.403531e-05
1.2047451e-07
0.0066571436
0.65231425
9.912969e-08
0.22199713
0.0008912779
0.00011091282
0.00025258327
0.0015997224
0.0017908317
0.00028430184
1.0274366e-06
0.21197192
0.0016300784
0.0030256794
0.0017459855
0.0014237101
5.847949e-06
1.1888003e-06
7.099069e-05
0.023000363
0.99992275
0.00012411417
1.2112154e-05
0.0027909558
4.322454e-05
0.00014366492
0.00038730644
1.058938e-05
0.059965055
1.5857498e-08
0.102644555
0.00029577262
0.014772487
0.0053388686
0.05553722
0.0877279
0.00014045829
2.3915469e-08
2.750741e-07
0.006774366
6.063826e-06
1.3207838e-06
0.9951621
0.005053207
8.473916e-07
1.0502198e-08
0.98795694
0.97431445
0.00045706512
1.9413658e-06
6.460452e-05
0.99990034
6.842418e-08
5.4582822e-05
2.0993064e-05
6.063826e-06
0.0009376362
1.2100618e-06
1.6417722e-07
0.0010227116
1.7896335e-05
0.8248622
0.05414604
0.0052895118
0.046554755
0.36721012
0.9771436
0.99650395
0.008156619
0.99999434
1.1420561e-06
0.00022349924
3.5411183e-05
9.098849e-05
6.8403037e-06
0.61710536
8.693366e-06
0.251437
0.0012709892
3.0827032e-05
0.003231615
1.8155373e-05
4.455037e-05
0.0001249049
5.14274e-05
0.9990001
3.3212066e-06
0.89524484
0.036106125
0.9960103
0.10266463
0.00016189662
0.9969491
6.1103706e-06
0.9999997
4.975806e-07
0.14042258
7.3379863e-07
0.00019537883
0.98679364
0.0002513118
0.21197192
0.0056206784
8.2895785e-05
2.499682e-05
1.6426335e-06
0.07231088
0.0001429726
1.0
