1.0
0.00036982843
0.014213264
2.8212005e-05
9.575987e-07
0.0007688932
0.99545664
1.157894e-05
0.00775302
5.4558154e-06
0.0007551124
1.3616391e-05
9.887873e-08
0.9999977
5.8689795e-05
0.0013193067
0.13671823
0.011629841
4.548783e-05
2.573135e-05
8.324609e-06
0.005029106
7.3159266e-05
3.7399936e-08
0.20525144
0.23022477
0.03930424
0.291651
0.0017541066
0.0005255137
3.0005076e-05
0.99954706
2.3916211e-06
0.002613786
1.1169748e-05
4.152602e-06
0.0003146203
0.26037368
0.15631188
1.15892355e-07
0.038171377
0.11043773
0.05745376
5.76302e-07
0.0032529475
0.00015434367
0.9990786
0.024107173
0.90133804
0.9982588
0.03134588
3.548728e-06
3.63387e-08
0.006175752
0.0031253446
0.00017922386
0.0035689063
0.25138637
0.0005881184
0.00017695778
0.0010633989
3.211121e-07
0.9990786
0.0035280439
0.92683077
7.194147e-06
0.00025462572
0.9997157
0.008442784
0.1283607
1.7490045e-05
2.0495591e-07
0.9960401
0.008355345
0.011201974
8.862204e-05
0.00199627
2.3752347e-09
9.985417e-07
0.007195668
0.013980983
2.8195146e-07
0.00056604936
0.99997425
0.98727816
0.022349142
3.548728e-06
0.0122099845
6.886564e-05
9.952465e-07
7.39987e-07
0.0026567488
0.9223861
0.46776032
2.392917e-06
0.0037743645
0.00031462059
7.737358e-06
0.00014174359
0.017001001
0.9989149
9.751388e-05
3.100949e-07
0.7959555
7.0364285e-06
0.0033627702
0.00013463231
2.7405988e-05
7.565876e-06
0.010841978
0.18409255
0.63431627
8.788063e-05
1.5037731e-06
0.9995584
0.98577935
0.14519498
1.15892355e-07
0.0064658877
4.2273967e-07
0.0021136708
0.54464966
9.160618e-07
2.8611007e-06
0.5606229
2.3776986e-06
0.004280787
1.8047018e-05
0.004997929
0.08792534
6.8799563e-06
0.24816367
0.09675377
2.538014e-05
5.012235e-05
0.003295334
1.4730514e-06
0.06375981
0.0022202262
6.570602e-06
2.9928631e-05
0.0004202051
5.688621e-05
0.00014797512
0.06841993
5.1870607e-06
0.00011938243
0.00044636748
0.0001367994
0.004860364
0.40790167
3.82832e-08
0.00017695778
0.17856212
0.8402884
0.33052918
0.9099215
9.160618e-07
0.17247614
0.00020210074
9.829633e-07
0.11537138
0.018374277
0.0007021731
2.1743497e-07
1.008037e-05
8.228898e-07
0.12539174
0.42323142
0.00031968844
0.00067175523
0.00018096993
0.00022944108
0.0003767185
2.392917e-06
0.00012648446
0.29320747
0.025541242
5.738103e-05
0.009194293
0.46570653
0.008188595
0.024288604
0.012121443
2.0359068e-05
2.578305e-07
0.004860364
0.9999977
0.12910432
6.2262905e-07
0.0014227071
0.27682316
0.022349142
0.0025568642
0.29864052
3.5140853e-05
9.00706e-09
0.0010533781
0.9999409
3.602619e-06
0.02435536
0.00031191352
1.8964165e-07
2.573135e-05
0.0012033313
6.420029e-05
0.0003847881
1.1073338e-05
0.9987892
0.9990786
0.999488
4.179537e-07
0.0047238856
3.152732e-08
0.00040776143
0.3218249
7.6359186e-08
0.6211292
0.003917841
0.2872548
2.538014e-05
0.3351723
0.00034583858
0.003192351
3.1743086e-06
0.017012091
0.00036933637
0.695668
0.067332014
0.015018035
0.92683077
1.4641718e-06
0.010761492
2.5267433e-05
0.009404581
0.31888983
0.0035190498
0.30155975
3.401494e-06
0.0010108097
5.157716e-06
0.9600458
0.1335791
2.5380019e-05
0.005029106
0.291651
3.8149304e-07
2.1141402e-06
0.94944394
0.00014966249
0.00036343187
0.2499592
0.000971063
0.10718238
5.0572806e-05
0.020301651
7.137898e-05
0.0003362795
2.6099287e-05
8.727681e-06
1.355546e-06
0.12539174
0.0022346473
0.0001461286
4.778411e-05
0.92171997
4.7269477e-05
0.00034576195
0.00011938243
3.8718405e-05
0.0004181889
1.1327525e-05
0.99495536
0.9999912
9.829633e-07
7.304962e-05
0.98344314
0.09352951
0.9873443
0.07096049
0.00020182304
0.26586866
0.90133804
1.5672954e-06
0.0019359031
0.99710906
3.1743086e-06
0.069777295
0.00017552517
5.01519e-07
0.005727753
8.369251e-09
0.11100199
2.946041e-06
0.0011435612
0.9987892
0.99566144
1.4257221e-06
0.99999636
2.946041e-06
