1.0
1.0
8.4744424e-05
8.877695e-08
0.00036869873
0.00011884349
0.00043919645
4.9943942e-08
3.9015788e-08
6.4506946e-07
6.3851864e-08
0.0059003974
0.002818762
2.3550038e-08
2.527435e-05
6.049895e-07
0.8728695
0.0004118261
0.0017718113
0.99982184
4.82285e-05
0.052630793
0.7078848
5.076005e-06
0.00026002797
4.994414e-07
6.8882287e-06
0.9300784
0.0030472844
2.1676327e-08
0.24307264
0.0011568018
0.96516967
0.00028071314
2.1316148e-07
7.2494814e-08
2.5801103e-07
0.00010713072
0.97880983
2.490248e-06
0.0003198485
0.0037334422
0.0009381947
0.88058937
0.023102788
1.4856953e-06
7.33762e-09
7.661795e-05
0.0030472844
0.007837462
3.5937526e-09
1.4163036e-06
0.18964759
3.1281175e-07
0.00040907584
9.614513e-05
6.450676e-05
2.094315e-09
0.00017760215
0.23248047
0.00013818662
0.52841663
6.450676e-05
0.8561545
2.7331186e-08
0.40238652
5.1211924e-07
0.99864376
0.8589511
3.501963e-06
0.0033415155
4.9172727e-06
2.9605586e-05
0.0001445671
6.078052e-05
0.0011568018
1.750995e-08
8.089105e-09
1.3498748e-05
0.00025929292
0.0037540544
0.0037334422
4.1057778e-08
9.1850275e-08
0.0003672405
3.7645523e-10
6.855304e-07
0.0004095011
0.099610746
0.0055267145
8.215284e-06
1.1670956e-07
5.324692e-06
7.459172e-09
3.0277772e-06
0.0022972594
8.793002e-07
9.926076e-09
5.6152302e-08
1.0097111e-06
0.97833717
5.1211924e-07
1.1865749e-05
2.9298906e-05
1.994868e-05
6.97108e-08
0.0003936347
0.0007416069
4.013377e-07
0.35764605
1.3745493e-07
8.114743e-09
5.6299828e-06
2.8705514e-08
0.0006949383
4.6407322e-11
4.25433e-06
3.5583003e-08
0.7172889
9.799999e-07
2.6197262e-05
1.1776511e-07
2.9079191e-12
0.000497631
8.355657e-05
0.0045097773
1.4314402e-05
8.980261e-10
0.0015279847
1.6670078e-06
3.3544677e-06
1.0844341e-06
7.051086e-05
2.7956663e-05
5.941945e-07
0.00013629497
6.4506946e-07
5.48784e-06
2.0093958e-07
3.2175646e-07
1.8529332e-07
1.3124637e-07
1.4002316e-07
9.139926e-11
0.016442453
7.661795e-05
6.415586e-05
0.005776868
2.4016673e-08
0.00040948862
8.089105e-09
3.5587941e-09
0.9996974
3.7288575e-07
4.1181305e-08
6.4506946e-07
0.0015244931
0.0002619287
4.5895064e-05
9.058742e-10
0.00026662502
1.8068489e-09
5.941945e-07
8.485885e-05
3.632964e-05
0.0018040919
0.0033675518
8.018966e-07
4.6566956e-06
1.18591565e-07
2.9648376e-08
2.6584585e-05
0.00017669122
0.76043266
1.084706e-06
4.977604e-06
2.7331186e-08
1.4384959e-07
2.7930412e-07
0.3511983
0.016853152
1.9164248e-05
0.000115864976
0.00014331273
2.5063682e-06
3.0495941e-09
0.00049055007
0.051314104
1.5217406e-08
4.8133955e-09
0.00036869873
8.553549e-09
7.417987e-05
0.9998186
0.0017348776
4.5537645e-09
0.00782408
2.040237e-05
4.6407322e-11
0.998041
0.19119813
0.0001887692
2.4166343e-07
7.509159e-10
4.410691e-08
0.0032657275
0.052511163
4.410691e-08
1.5118903e-07
2.4166343e-07
4.9176386e-08
8.4744424e-05
0.0005878071
0.0008547454
1.09270295e-05
7.852423e-10
0.0007738379
1.30713925e-05
0.00058868906
4.0276558e-07
2.8568314e-07
0.00032345438
7.100157e-07
0.03942675
0.647431
0.007883282
0.0009101827
9.033298e-06
2.7362e-09
2.6925013e-08
0.008736517
4.1108084e-08
1.1552843e-05
1.5705094e-09
8.280082e-07
8.8858565e-09
0.00061493827
0.00033540305
1.1307429e-06
8.315487e-07
9.156533e-08
9.59404e-07
5.090627e-08
2.3494344e-07
2.3550038e-08
3.859391e-08
0.03104819
2.9648376e-08
0.000108506756
1.560777e-05
3.6396105e-07
0.8761202
3.6902995e-05
2.6694639e-05
3.6902995e-05
4.2509575e-05
0.00018038075
1.9611225e-05
2.714798e-09
5.552412e-06
0.018068748
0.9992941
3.102335e-10
1.19244205e-05
7.4043705e-06
1.3401546e-05
1.17477505e-07
0.04349232
1.0972569e-05
0.9935508
0.051314104
2.7398966e-07
0.99990565
5.7770905e-07
3.061917e-08
2.6804994e-09
1.4500131e-05
4.0700368e-07
1.7312528e-06
2.1093423e-05
0.0016881716
1.1594856e-06
1.09403686e-07
0.99891263
1.3886884e-07
1.8014301e-08
2.4828375e-09
5.011815e-05
0.00017381276
3.6164782e-09
0.020372178
0.951265
0.0008832966
1.05221325e-07
1.09403686e-07
4.410691e-08
1.5156321e-07
2.212156e-06
0.0011052965
0.99914235
