0.9999994
0.30279794
0.9999999
0.008661013
0.024668727
0.018121436
0.001571208
0.00263877
0.08038422
0.0012607529
0.008512865
6.5057375e-06
0.0005284776
0.0067948634
0.004413391
0.46796334
0.00062462717
0.8799247
0.00021085831
0.99999994
0.3043561
0.00035033803
0.973591
0.095268056
0.99204767
0.93748254
0.56724507
3.4334366e-06
0.1185152
0.99914193
0.0017465001
7.325719e-06
0.29904082
0.007808356
0.99480957
1.0
0.99548113
0.9998477
0.87072414
0.60750425
6.0942795e-05
0.00035950163
0.00031110246
0.20682782
0.008512865
0.1433294
0.96083283
0.014186824
0.9987416
0.27347532
0.02134003
0.8919025
0.8605947
0.0002865881
0.9946272
0.32248595
0.00034559733
3.109462e-05
0.3286093
0.10022789
0.022387829
0.0011972323
1.9431718e-08
0.05074835
0.99895865
0.0030843022
1.0703296e-05
0.014029617
0.8605947
0.5456281
0.9879599
0.0043259715
0.620957
0.7240658
0.8000292
0.00016604702
0.18967734
0.001881618
0.05888309
0.99996954
0.36341137
0.00029891217
0.9808418
0.80852133
0.0001302593
0.9882301
0.00012712907
2.6829033e-05
0.99988574
0.80852133
0.37053335
0.9990094
1.1645739e-07
0.000107895736
0.009344676
2.1291178e-05
0.9999979
1.0
0.5082253
0.0100075975
0.00021085831
0.954511
4.108114e-05
0.6557108
0.018121436
0.00035246718
5.3143126e-06
0.0007153677
0.6569891
0.04615278
0.9999157
0.43207157
0.17648415
0.29904082
0.9703394
0.0030823776
0.0077464124
0.81004155
0.0036912393
0.000111774956
0.098023616
0.0011035064
0.010756493
0.016862756
3.4629596e-05
0.5720943
0.007383229
0.99776113
0.06427799
0.04088175
7.52114e-05
0.26529357
0.021729862
0.00043960463
1.0
0.0003767873
1.2160088e-07
0.99999154
1.5985954e-05
0.06698601
0.034972902
0.9999372
0.025440475
0.00023490883
5.6365047e-06
0.050892938
0.019385345
0.84324557
0.34209374
0.0042066677
1.9909434e-05
8.352624e-06
0.6075688
0.9946272
0.9701872
0.00079039304
0.0501279
6.2926934e-05
0.9880165
0.99068314
0.008980326
0.99999285
0.9986222
8.839104e-05
0.0064507974
6.190864e-05
0.0046105064
0.06950759
0.044215813
0.0014649677
0.99993765
3.2504713e-06
0.00013778136
0.08116732
0.99998707
0.06427799
0.0037471736
3.4334366e-06
1.0
0.85443205
0.00031110246
0.34783864
0.9350168
0.0014536987
4.5879133e-05
0.65858454
0.33098078
0.04199129
0.0024867118
0.99994826
0.0073525542
0.3447845
3.5207602e-05
0.00017736506
0.9969439
0.0045159194
4.8175357e-06
0.021729862
0.086923115
0.0026106762
5.29622e-06
0.052710257
0.30778483
0.0015929147
0.016244592
0.70634323
0.7325162
0.06662515
0.010535626
3.0031011e-05
0.00011105464
0.9999073
0.9998477
0.1132242
3.2972407e-06
0.11997429
0.002914209
0.00017736506
0.020630684
8.944608e-06
0.12653947
7.52114e-05
0.5082253
0.0010908351
0.0005963086
0.9309298
0.8701613
0.23243903
0.8522001
0.001807807
2.3618786e-06
1.5864502e-05
0.16720629
0.99982715
0.9612223
0.00023490883
0.99999964
7.523752e-05
0.0045159194
0.17570712
0.0065246006
0.0004688891
0.99191964
0.9110693
0.01897839
0.8315809
0.0060829683
0.06458942
0.04615278
0.09824661
0.03321022
9.132498e-05
0.75431776
0.36238277
0.16353378
0.03821152
2.8205659e-05
0.008786663
0.2766391
0.9896805
0.0024025948
0.00084355334
0.97712415
0.9932629
0.12653947
0.99996954
1.858518e-05
0.0005582351
0.008279578
0.0005870087
2.3530902e-06
0.953414
0.4674563
0.99999994
0.0059194863
0.99999785
1.4147242e-06
0.36238277
0.0010328533
0.095268056
0.88900244
3.294354e-05
0.13355602
1.4727098e-07
0.70571196
0.00042639743
0.0044065053
0.00785986
0.99928385
0.9962333
0.023092233
0.0006361921
0.0021969571
0.0115450015
0.72542214
0.021538204
0.05990234
0.9659021
6.190864e-05
0.0038778768
