0.99987006
0.11760568
0.26739234
0.9953221
0.9989645
0.686815
0.56954724
0.0006455182
0.99677765
0.47183308
0.0036933864
0.5574283
0.0073051844
1.0
1.0
0.73695594
0.019317703
0.0007141961
0.0011916347
0.00049496
0.022267075
0.90818834
0.020704798
0.00017837825
0.00048399504
8.6490654e-05
0.009051256
0.014100594
0.0050993464
0.0023412604
0.8992142
0.99309605
0.9999997
0.05941841
0.993848
0.9987256
0.00024315936
0.07860463
0.99989444
0.6470505
0.99677765
0.99405473
0.60209465
0.074203394
0.9988783
0.1875472
0.99550575
1.0
0.99996156
0.00069538254
0.06950362
1.0
0.0024419148
1.0
2.2124508e-05
0.13287881
0.83018786
0.011766631
0.9880868
0.96440935
0.85022193
0.91134876
0.5709523
0.026851444
0.83814627
0.63428646
0.09306469
0.99809515
0.9999988
0.9999695
0.85839456
0.9999959
0.98035365
0.00013834746
0.8175546
0.00090711744
1.0
0.99503165
0.99998236
0.0011763973
0.99978137
1.0
0.9999601
0.9999999
0.999996
0.98035365
0.70370924
0.7188189
0.011522163
0.999996
0.7516456
0.76008785
0.5805822
0.999417
0.97523934
0.0031900045
0.5776502
0.9899287
0.9943919
0.9982495
0.00069819106
0.00041708967
0.0055357446
0.05278984
0.3579564
0.004503076
0.0012763458
0.9880427
0.9517772
0.0005410211
0.0049901716
0.9984924
0.0196442
0.4374034
0.00141933
0.99887735
0.9417007
0.13975228
0.0010005039
0.56429064
0.017206082
0.070374474
1.0
0.5563798
0.999595
0.053928364
0.013645676
0.1875472
0.00069819106
0.15087688
0.0014161067
0.45297295
0.009756939
0.6143882
0.00065793324
0.9576633
0.85687596
0.13030674
0.59907347
0.99961686
0.9998226
0.99999934
0.14411433
0.99998236
0.925391
0.99998796
0.99963844
0.9999949
0.33086422
0.99887735
0.0032338293
0.9904427
1.0
0.062494993
0.0031140891
0.99999183
0.0019474725
0.9968358
0.9947066
0.039531063
6.698182e-06
0.99874806
0.002110678
1.0
5.464766e-06
0.021634864
0.39628324
0.72246253
5.2643187e-05
0.7790747
0.12826444
0.9996779
0.007637904
0.00255907
1.1203481e-05
0.0013040353
0.074919485
0.99991673
0.5439492
0.006603033
0.0025150126
0.9973111
0.004913181
0.0070915786
0.0004572218
1.1203481e-05
0.005486399
0.0035009838
0.6117431
0.9913164
0.9999978
0.99349976
0.8523081
0.9999694
0.009812036
0.011759664
0.99019027
0.0004281666
0.13769592
0.0015181206
0.999998
0.0035861728
0.00032665435
0.428951
0.9998809
0.7792922
0.999417
0.013344282
0.002288732
1.0
0.9862209
0.43124074
0.09471536
0.91367847
0.00015581853
0.9941081
0.163104
5.533155e-06
0.17664583
0.428951
0.00017635929
1.0
0.0071072048
0.011913776
4.78059e-05
0.913087
0.002348366
4.9861676e-05
0.16350165
0.046785016
0.2360536
0.027955035
0.94732106
0.09915092
0.89878476
0.00041708967
0.0014320735
0.9821558
0.97070247
0.3811262
0.99984634
0.00024315936
0.99999934
0.8802132
0.9499789
0.010476345
0.99999744
0.9499789
0.27125776
0.65137196
1.0
0.96089095
0.9965723
0.0016985032
0.00088998413
0.9999662
1.0
0.9999696
0.033694007
0.025814177
0.12540361
0.7205772
0.9999255
0.00088998413
0.0060039884
0.9862421
0.9947114
0.1189134
0.037718434
0.2026349
0.99580395
3.9649025e-05
0.22872159
0.031876672
0.05541716
0.9999955
0.99999183
0.99999976
0.99446607
0.009703426
0.9413356
0.027955035
0.061009865
0.012177333
0.029952973
0.019505996
0.99673986
0.0006878698
4.756398e-05
0.9997936
0.9819872
0.60482126
1.0
0.2772437
0.55025136
0.72246253
0.16963299
0.99872726
0.0039820056
0.95081997
