0.9946904
0.9999594
0.9341351
0.2861696
4.225287e-06
1.4690094e-07
0.99303854
2.198655e-05
0.0039961706
7.459427e-06
0.120637074
0.014886281
2.2736072e-06
0.4381555
0.3446523
0.45217627
0.0027570112
0.03684751
0.82292116
4.007447e-05
0.0019399502
0.0019824046
0.01180908
0.035262797
1.6094525e-06
3.4513302e-08
0.0033318487
0.030847529
0.0006917831
0.010124914
1.0
3.857768e-06
0.6213202
0.75276273
0.9019906
0.035562024
0.020802023
1.0145634e-05
9.052729e-05
0.012144739
1.9461763e-06
0.0001147726
0.013050378
0.0019399502
0.874903
0.8847741
0.22009721
0.009522436
2.6021375e-05
0.99973196
0.017723462
0.060524333
1.1672058e-05
0.06376525
6.246703e-08
0.08881647
2.2583713e-07
0.00021714736
0.00030493582
0.6676511
0.00018901126
0.0027570112
0.99788064
0.0009960381
0.25323626
6.5322446e-08
1.3962213e-05
0.9994485
6.009223e-06
0.0056742295
1.0152507e-05
1.0994344e-06
0.0065978738
1.175981e-05
0.2505723
3.857768e-06
1.13402575e-05
0.0014822587
5.3768067e-06
0.15519504
5.1585557e-05
0.00013322347
1.0856348e-07
0.00012367612
0.010092983
0.9991817
2.589589e-09
0.9998603
0.6634953
0.005674039
0.007883615
0.12865743
0.0007421029
8.214739e-08
0.0027212675
0.0030522267
1.0319443e-07
3.5407065e-05
3.5407065e-05
0.39613476
1.7450859e-05
2.3220582e-05
6.009223e-06
0.8008152
0.0053089815
4.907594e-06
1.8072275e-06
0.0015445873
0.9999812
0.64818275
1.4569716e-05
0.9792955
0.032944236
0.0014391107
0.005337856
0.08808515
8.649595e-06
0.0013896107
0.0008142941
0.00010529253
0.0005239642
0.0063032922
0.070745185
9.70868e-06
0.000101484475
0.0004737211
0.9999869
0.009912279
0.13069877
2.38367e-05
0.0008280645
0.004578226
0.00020608265
0.00027897305
4.628621e-06
0.75545186
0.13439706
0.006414963
0.025624044
0.53925467
0.0059842262
0.0017516736
0.012084225
3.466773e-05
0.23865639
0.00025987407
9.0515554e-05
0.0041521033
0.00015055851
0.7152304
0.00080273626
0.003921922
0.975104
3.3334836e-06
0.0005442335
4.5954097e-05
0.9552458
2.4050976e-06
2.7745398e-07
4.4502744e-06
0.32192534
1.7636079e-05
0.0005705756
6.1690714e-10
0.0011175079
0.02759787
0.19356036
0.0061684917
0.011783049
0.0061328034
0.0016287846
0.010124914
0.99955004
0.0010330299
0.011366316
0.9743097
2.4846372e-07
0.046370592
0.18704769
0.33861506
4.0908426e-06
2.5870563e-06
8.235646e-05
7.314142e-05
8.161302e-06
0.34745204
8.551808e-05
0.93254435
0.027599368
1.7636095e-05
0.2585458
0.12687692
0.9576071
0.0006204557
6.6889265e-06
0.00058558234
0.99622715
0.010155306
4.707711e-06
4.569958e-05
0.2258896
0.039191723
0.44951677
0.00080273626
0.00018933251
0.9989676
0.0023187934
0.0027262697
6.038887e-05
2.7447165e-06
0.9511444
0.0043732254
0.046735443
0.0041493834
9.534324e-07
0.020034382
0.24294998
1.0319443e-07
0.015374614
7.2478633e-07
0.0010664337
0.08881647
0.0005239642
0.23865639
0.0008023309
0.99922365
0.0010874548
0.9999978
8.164995e-05
1.1177857e-06
4.7705867e-06
5.5516823e-05
0.9411204
4.432257e-06
0.31824896
2.198655e-05
5.0996125e-05
0.6317761
0.9965184
0.76343
0.0001827865
0.8059561
0.00062692305
9.8657205e-05
0.0008280645
0.00011465643
0.1438424
0.0013812357
7.817176e-05
8.446986e-08
1.8942139e-05
0.0005107357
0.00012406448
0.0021760901
1.8031956e-06
3.0901527e-05
0.011483116
0.061402906
0.0030605872
1.0739295e-05
1.9590643e-06
1.6715396e-05
1.1648039e-05
6.1175764e-05
0.00036963032
2.4190336e-10
0.91194427
8.732419e-06
9.796497e-06
0.15322247
8.164995e-05
0.6676511
3.507088e-05
0.0002657971
0.17543882
1.306467e-07
8.5274706e-07
1.2576901e-05
0.0002815709
2.2015254e-05
0.00025479525
3.868393e-06
0.00022356042
3.5260648e-06
0.0030605872
0.057016484
0.9999686
0.00015753192
0.124424756
3.7881603e-07
0.0020621617
0.0059842262
0.8356581
0.11292765
3.507088e-05
0.029654782
0.00021791083
0.48184374
0.0070955115
0.032956224
