0.99999887
0.9998111
0.999144
0.006534329
0.007154817
0.092487596
2.611881e-06
0.6920717
0.9917164
0.9890088
0.07632481
0.8041084
0.87304354
0.00036655075
0.0020859544
0.007399077
0.00036282657
0.028398447
1.0
0.0019518473
0.9992826
0.037299156
0.73344064
6.630558e-08
0.001757786
0.04651478
0.5490148
0.00052809715
0.0016015681
0.017873982
0.2300778
0.91369665
0.9962246
0.9935932
0.9485853
0.87759626
0.9335325
3.314942e-05
0.97392386
0.23375598
0.81679213
0.001162658
0.99999994
0.9999144
0.9947592
1.835334e-05
0.0044695977
1.2988139e-05
0.9983874
0.9998199
5.4317796e-05
1.2690129e-05
0.0001065932
0.04293035
0.00011874573
0.009870643
0.99896
8.1843194e-05
0.99459136
0.010761547
0.03165612
1.8841882e-06
0.0031459285
0.00015619444
0.27203774
0.99459136
0.9999979
0.8283427
0.00014682276
0.9918469
9.0969144e-05
0.0020364502
0.00018999312
0.37409034
0.4364546
1.2767368e-05
0.9908436
0.7902711
0.77391523
0.4532341
0.9999991
0.94344044
0.00020350768
0.1013691
0.0026229175
0.0010414053
0.00021166123
0.10686614
0.9994235
0.0022966133
0.9298492
0.4070372
0.03513364
0.0015213332
0.03659919
1.2767368e-05
0.9999398
0.0010211149
2.8384648e-06
0.9999886
0.005530508
0.05876023
0.76988417
0.020620955
0.4532341
0.0010414053
6.6618304e-05
0.9727291
0.00018759698
0.008703836
0.034675024
5.1123017e-05
0.9999761
0.00017748788
0.9082772
0.87605625
0.15863436
0.0034849474
0.704038
0.9298663
0.016983533
0.9964084
0.9995147
0.0014990738
0.17365992
0.18783386
0.99999994
0.006544074
0.011209069
0.999983
0.99994534
0.001224431
0.0005521541
0.6105997
3.3244807e-05
2.2181655e-05
0.0033663965
0.42962813
0.99999976
0.0013653303
0.1181267
0.15863436
0.00028132723
0.36837026
0.015555107
0.037299156
0.011709133
0.11660724
0.9853388
0.11660724
0.89215463
0.15172638
0.9836162
0.00021166123
0.0026229175
0.011709133
0.0048349267
0.7466187
0.99727297
0.0002436848
4.787815e-06
0.0010909525
0.9291635
0.01012402
0.0026229175
0.018944154
0.07394107
1.8452303e-05
1.7326107e-05
0.00010924638
0.06294619
0.98886317
0.72312284
0.001162658
0.048198663
0.16692965
0.0006331094
0.1550567
0.7730537
0.9999969
0.9756836
0.9999999
0.012168164
0.99999535
0.044212308
0.99946505
0.09625405
0.006763005
0.9955548
0.048517637
0.9811871
0.84586936
0.16725181
0.002487392
0.8041084
0.13659413
0.033228632
0.99916893
0.8765663
0.0037965218
1.5027414e-05
0.0016383297
0.5947103
0.99999994
0.027985746
6.630558e-08
0.2665655
0.113527514
0.00017690312
0.0023271646
0.99996436
0.9999994
0.122040115
3.6950147e-05
0.005187419
0.999813
0.030691106
0.8685792
0.00039925004
0.457697
9.757415e-05
0.73344064
0.9998132
0.9990663
0.4887399
0.00028132723
0.026371203
0.01740968
0.99999964
0.102484435
0.9512038
1.3759995e-05
0.00015666445
0.037197344
0.36837026
0.0029426196
0.00011831386
0.5490148
0.9132221
0.009850382
2.7917766e-05
0.008292532
0.004569533
0.0008521508
0.009777789
1.8789662e-05
0.97463137
0.5920441
0.6098248
0.29866546
0.018365975
0.60078406
0.99916893
3.5045803e-05
0.0024737644
0.62572235
0.07203742
0.035425637
0.00045101967
0.00020048048
0.49668527
0.79258645
0.9851552
0.97104317
0.008667771
0.9641923
0.015514218
0.99928343
2.7446224e-06
0.8826371
9.523339e-05
0.003637122
3.271641e-06
0.0041091666
0.18068509
0.11037397
5.84187e-05
0.41663367
0.006763005
0.0011861054
0.22825648
0.020243574
5.605358e-05
0.000115371055
1.01687365e-05
0.00017690312
0.7466187
0.0008041856
1.0
0.88857996
0.000115371055
0.99744195
0.79211295
6.853702e-05
0.99942386
0.00046120497
1.0
0.69212943
0.95432377
0.26151294
