0.062713414
0.00010203467
0.001482911
0.0011827929
5.571341e-08
3.8245325e-06
0.0018077234
0.03393268
0.99754107
6.8697614e-06
0.00017650262
0.9990528
3.9338752e-07
0.034447063
8.756811e-06
0.0010482576
0.00011964238
1.6465185e-05
4.3421693e-07
0.9999966
0.013497317
1.5751125e-07
0.00038869257
6.5026273e-07
0.0037397721
0.9891542
6.3683924e-06
0.00035619183
0.7875117
0.99906075
0.0031967042
0.057290368
5.139839e-07
0.10548063
0.22625701
0.003940564
7.347086e-06
0.9382093
0.00021122454
1.2484814e-05
2.498474e-06
2.8879636e-05
6.0975884e-07
4.7393155e-07
0.00030019222
0.99994975
0.9965887
0.001961583
2.8402546e-06
1.0398098e-07
3.5672024e-08
1.191638e-06
1.8562474e-05
0.007880151
0.000492733
3.8975944e-05
1.7953573e-06
8.397679e-06
1.0028209e-06
0.00011037474
1.1357165e-06
4.87496e-06
0.0021803852
0.0021916055
8.5462e-06
0.9826444
0.005634688
0.47490993
3.4643963e-07
0.99964285
0.06608573
4.604687e-06
0.00072685175
1.748274e-05
0.9578165
0.99018794
0.007778718
0.9999856
4.1225645e-05
3.786022e-07
0.0003849596
0.00016160219
5.3654352e-05
0.0009465475
1.08723225e-05
5.1173633e-06
8.801364e-05
0.04010448
0.00074945216
7.5876227e-07
0.60469705
0.0050380826
0.79882276
6.5026273e-07
4.1875182e-06
0.0006214888
1.2351547e-05
2.4756475e-06
6.4522046e-06
0.9999856
8.756811e-06
3.493229e-05
0.0006189446
5.79206e-09
0.004853065
0.00045152646
0.009020523
9.6226395e-05
1.7349353e-06
6.752234e-05
2.001231e-06
0.04611419
6.9495404e-10
0.0031967058
8.9765845e-06
0.06702951
0.9967717
0.0018240364
2.6599258e-07
0.00022966432
0.022695323
0.999081
0.99794596
0.0058016465
0.99998754
0.7751702
0.000172161
0.0001874441
0.00037027572
0.98591256
2.6599258e-07
0.004441218
0.999915
0.0002579882
0.0072345412
8.708354e-05
0.6827112
0.0050535495
0.54305506
1.45383705e-08
8.619634e-07
4.9847966e-07
1.3455152e-05
0.006644039
3.836e-09
6.4609235e-06
1.7294707e-07
4.0671493e-05
1.878477e-05
0.99928623
2.2653428e-07
0.00040302853
0.008525487
0.012931156
2.747828e-06
8.1652183e-07
0.99999046
2.853293e-05
1.4278991e-09
1.534436e-05
0.12622055
3.7827413e-06
7.07559e-05
0.00013509451
0.014281437
1.2170103e-06
1.7748636e-05
1.0255676e-05
4.4717314e-08
0.00064100965
0.77503175
0.005696444
9.497665e-05
0.99998426
0.0027077135
8.045531e-07
4.883624e-08
0.5450478
0.9999999
8.255874e-06
0.98449516
2.8562576e-05
4.01255e-08
8.9765845e-06
5.757644e-05
3.4569435e-08
2.8613572e-06
1.0389894e-05
0.027682582
0.00021825371
0.8754732
2.0075301e-07
1.6318849e-06
0.954848
0.9998902
0.1219168
0.0027196684
0.12854613
0.0006384392
0.011337578
0.0024098093
5.816047e-06
0.7876002
0.00018916666
0.0009664135
1.8442697e-05
2.0794647e-05
0.03342459
0.014154309
5.1209427e-05
0.064884074
0.93981427
0.00017554092
0.053044155
0.1219168
0.21479958
0.023857024
6.997503e-07
0.19870771
0.028306572
1.6202028e-08
0.002241076
8.520029e-05
1.7061286e-05
7.8952e-07
1.2934444e-05
6.61485e-07
0.001430771
0.0021161062
1.0002081e-07
0.0061473697
0.0012348525
0.99999976
0.99961346
0.0007367602
0.99995494
0.0016826646
0.0018148525
0.0005849024
3.9022732e-05
0.004133426
3.6311792e-06
4.4004057e-08
0.0134984795
0.00044057687
8.2569995e-06
1.3656041e-05
4.590732e-05
4.533704e-05
6.820228e-08
1.8740594e-06
4.087676e-06
1.673588e-06
6.4126502e-06
2.4356536e-06
0.0007367602
2.8562576e-05
0.0018734898
0.9999715
6.5026273e-07
0.019962909
0.00017696673
2.2317665e-05
0.11525984
1.2484814e-05
1.534436e-05
2.1650797e-07
3.297632e-08
0.09438583
0.9999693
0.002294066
8.395699e-08
0.022557627
1.4685082e-06
0.0031727916
1.7044014e-05
3.1130818e-05
3.1877428e-07
7.425946e-06
0.00033108445
0.010083426
2.6357045e-06
0.00761046
9.968407e-06
5.241108e-07
8.5844977e-07
0.22625701
0.0004561098
0.2837747
0.08884379
3.788584e-09
1.9162293e-05
3.8501243e-05
0.00018635241
0.0040218746
1.7953573e-06
0.0026420902
1.9138639e-07
4.4780825e-07
0.20454234
