1.0
1.0
2.4587433e-08
0.0074384594
0.00017116091
8.599635e-08
0.0414569
0.99993837
0.0009303116
8.2724955e-06
0.009724637
0.0022271846
0.014148256
0.025702182
0.021940911
0.19841823
0.00042524544
0.004679015
0.00020536374
1.6561454e-06
0.022755042
0.00017116091
2.1023343e-06
2.1079272e-06
1.1984767e-07
0.50368804
0.00011891717
5.3971286e-07
2.2446417e-05
1.27976e-05
1.380864e-06
0.12350929
2.4203573e-06
0.014345233
0.010916045
8.3011364e-05
0.9999578
0.24067192
0.005084898
4.494213e-06
1.4614319e-06
1.4090637e-06
0.0025265408
0.10772747
0.16435806
0.0029506749
4.93087e-09
1.6442056e-06
1.796071e-08
0.9999827
0.999964
2.9440748e-06
0.9999956
2.7042777e-06
0.9008148
0.05211885
0.090309896
0.10713556
3.4224458e-06
2.210817e-06
0.0028692968
0.00018578894
1.5780836e-06
0.0015872983
4.02981e-06
7.118403e-05
5.7214103e-05
2.687928e-05
0.9787073
1.5115154e-07
2.1693498e-07
0.99892366
1.1628864e-06
4.421506e-08
3.7020614e-05
0.0023071133
1.1338296e-07
9.017375e-07
0.0015111659
5.221501e-05
0.16624221
3.6990656e-05
8.06021e-05
7.417761e-05
0.901245
0.64554524
0.9914677
0.00017084688
0.0023071133
0.0016634689
8.56604e-07
0.13746138
0.0060122097
6.892717e-06
0.0005957834
0.9958565
7.139872e-05
0.020099258
1.51905e-07
2.9440748e-06
0.0019090553
4.3598225e-06
0.011321085
6.6560264e-05
4.2713805e-06
0.00044903136
0.16435806
0.0007748792
0.36750945
0.984417
0.71843976
0.9984371
8.946775e-06
0.009724632
0.04040334
0.2423247
0.0009805594
1.5278954e-06
5.8857884e-05
0.00021763363
0.09571344
1.66118e-05
0.99843925
0.2423247
5.7214103e-05
1.6624446e-05
0.0026015218
0.00024761388
0.005492673
2.6336562e-05
3.2678645e-06
3.201556e-08
1.6317685e-05
0.002439493
7.932527e-05
2.4871651e-05
0.068523616
0.022052467
0.0003315987
2.9531004e-05
0.0028769292
0.036089443
0.015089457
4.2121337e-05
2.3687726e-05
0.8535247
0.068523616
7.7715737e-07
0.9999859
0.01997813
0.0015669806
1.8880477e-05
0.0044922875
2.954781e-07
7.1473187e-07
0.0034194184
0.00013662249
0.9785969
2.7698823e-05
4.3597544e-07
0.99855274
8.56604e-07
6.669308e-06
6.74414e-05
0.014345233
5.0310837e-06
0.0021057695
0.00013501645
0.99999607
1.0572119e-06
4.459983e-06
0.99864095
0.17187396
0.02589109
5.658021e-05
0.8433193
0.9996781
0.00015975069
8.4320905e-05
5.1751276e-06
0.015742289
0.20934807
3.4172929e-06
0.8053647
1.6061182e-05
0.00010242919
0.9999911
3.2728205e-06
0.13287768
0.99343383
2.2719752e-05
2.2046943e-06
3.9108152e-09
0.00010516118
0.000115404284
3.9037977e-07
1.2435334e-05
8.801457e-05
0.6448199
0.0006951652
0.0072299875
4.3011955e-06
1.3754905e-05
0.00014151752
0.015089457
5.3875787e-10
4.1456415e-06
1.4688906e-06
9.834006e-08
0.00067840994
0.00029681867
6.181963e-08
0.0018908179
0.043063004
2.7730644e-05
0.04232378
3.076787e-08
0.04040334
0.00015332653
0.99635655
0.14765005
2.7972397e-05
1.4614319e-06
0.00018578894
0.00024642542
0.04147664
0.99864095
2.1755963e-07
6.0170846e-06
0.0034293528
1.4384041e-05
0.99993837
0.057306517
1.2374937e-07
0.0010532315
0.022345401
1.9797126e-06
0.5025865
1.5640472e-08
0.007051218
0.00060511095
0.00050927006
7.1473187e-07
0.0044033877
8.946775e-06
0.0005012151
2.3442398e-07
0.5549997
9.0767e-07
1.7913017e-05
1.312195e-06
4.2055315e-05
4.042502e-07
1.1663296e-08
7.775668e-06
2.8753173e-09
4.02981e-06
4.1371444e-05
0.99992114
0.9996781
0.9999923
0.5604483
0.00020912282
0.9493488
1.7286345e-06
0.00044903156
0.00018578894
2.3995624e-06
0.04251111
8.4994944e-08
9.714429e-07
0.0012759452
8.678726e-07
0.99343383
1.6146878e-05
1.4384041e-05
2.8753173e-09
4.3011955e-06
1.6655283e-06
3.315489e-05
0.057306517
0.7845768
0.9999827
0.00052493595
2.7097376e-05
0.99977285
6.961155e-08
4.5786538e-07
0.0007466752
3.2850817e-06
3.7644093e-06
1.4098272e-06
0.00060601596
0.5428766
2.512906e-08
0.007051218
0.0008659158
2.9769078e-07
0.050797228
6.461296e-05
