0.9999843
0.003694599
0.30992037
0.9999615
0.49036476
0.33103177
0.0002733675
2.9668973e-07
0.0010309524
0.00025978216
0.32217896
1.9899608e-06
0.0004561613
0.00014512852
0.9995316
0.9805136
0.008916342
0.0015860226
1.9932295e-06
0.9999344
3.526087e-08
0.0099307075
2.4187878e-07
6.8352106e-06
0.99891424
8.5136725e-07
3.869519e-07
0.002304063
0.019180004
3.537213e-06
0.8189078
6.9434325e-10
0.00012535353
2.7059803e-05
9.069275e-05
0.9993271
0.0019180231
0.19125967
0.9999727
0.0002949352
0.0038013835
8.355386e-05
0.8313446
0.0004790547
0.27168086
0.00071195664
0.5473048
0.0067869225
0.18004638
2.7145927e-07
0.0033654782
0.0007029501
0.7010736
4.3206408e-05
0.0005290015
0.27374336
0.99973494
0.5392875
0.008760705
5.5330656e-06
0.000510599
0.5460684
1.2436379e-06
6.423226e-05
3.810643e-06
0.007844628
0.902003
3.7905444e-05
3.2069547e-06
1.4318933e-07
0.0008308518
0.00023872168
1.988847e-08
0.045592938
0.6364536
2.8148097e-08
0.01605473
0.0021071113
0.24919316
3.9216293e-06
0.9999797
0.0039494303
0.04069975
0.0088714855
0.0032481225
3.471484e-07
3.1666335e-05
0.00014889611
0.0011660564
0.3866565
0.015016257
0.00043700435
0.001243946
0.99999994
0.0021214758
0.0013347802
0.99135476
1.6798062e-05
0.0073128473
0.01779722
0.004889919
4.505134e-05
3.5919107e-05
0.00033638647
0.004742845
2.516682e-06
2.6576956e-05
0.0011140716
1.3804321e-06
0.09290278
0.7639983
1.7234478e-07
0.00010862363
0.0002021709
6.4486494e-06
0.010138448
0.009421669
1.0648682e-07
0.00068032055
0.9918913
0.017341632
0.4401687
0.58846945
0.00039766415
0.17029859
0.0013076464
0.00031705294
0.00020986628
8.813349e-05
0.0024109858
0.0029468196
0.00407875
0.063726544
1.6530693e-08
0.002160222
0.6552238
0.9805136
0.99480796
1.959382e-06
1.9219776e-07
1.1062708e-06
0.0002264428
0.00026304464
0.0020626208
0.03159094
8.050919e-06
2.4862757e-06
0.9987408
0.014748459
0.115471594
0.5605014
0.0051160394
0.6364536
0.009586372
1.1029957e-05
2.735142e-08
0.0059372345
0.00017287262
0.00047256064
6.194821e-06
1.16673945e-07
3.7513465e-07
0.022931352
0.0035056449
6.8829295e-06
0.003022327
0.00034265357
0.847173
0.08331563
0.0006294031
0.0010190916
0.0027191977
0.9999954
0.10496905
7.708735e-07
2.516682e-06
4.0458108e-08
0.00016531306
3.503361e-05
0.018357038
0.2893024
0.9925396
1.6439359e-05
4.3217206e-05
8.464121e-05
0.042229995
0.04079787
9.471326e-06
2.658261e-05
8.290293e-08
0.0057816524
0.0030103219
0.00030072528
4.3432377e-05
0.99996084
0.11147629
0.0038595924
1.0
9.0538946e-05
0.00038542727
0.99961877
0.00029765494
6.245916e-07
0.08331563
0.0002846843
0.032962054
0.011950851
0.19125967
5.514112e-06
0.0007807948
0.99772006
0.051500134
0.00013108703
0.011950851
3.347916e-05
4.8068985e-05
0.00027449365
0.0057816524
0.0019930266
0.10779686
0.011236071
0.35323656
0.95238733
0.00038867997
0.0029468196
1.2507408e-05
1.1541401e-05
5.5330656e-06
0.00048616016
0.101227164
0.16375999
0.0036868264
0.00093075226
0.8313446
1.0885478e-05
0.00019571332
1.4177685e-06
1.4945871e-06
0.00015532011
0.00011762227
2.6502253e-06
0.015058816
2.8260968e-07
0.0029640235
0.44416413
0.00016390125
0.9999944
0.016060207
0.0010782286
0.00029577687
0.008711079
0.64469403
0.0002805596
0.20672013
9.069275e-05
0.0023440688
3.6417087e-09
0.0014344833
0.0011782489
3.8577833e-05
0.00049547356
3.1752352e-06
0.0026574566
0.99135476
2.2548386e-06
0.00016891863
0.40582564
0.99999994
0.048101947
0.46851102
0.9358432
0.00048616016
0.00016499589
0.015445928
0.0035187087
0.011064091
0.7862238
0.27194485
0.99997395
5.6325875e-06
0.27194485
0.025967998
0.10025847
0.49023736
5.731516e-06
1.2463507e-05
9.155308e-05
0.14870147
0.000521149
0.9855375
0.11147629
0.18118988
0.052031614
2.1020296e-06
0.031780194
0.95238733
0.27194485
2.2548386e-06
0.060333237
7.545861e-05
