0.95342666
0.0013915601
0.005343978
0.00010337856
0.00013920746
0.18990605
3.2179437e-06
0.99999994
6.51297e-05
0.9999984
4.016024e-05
0.0026436145
0.01266746
0.022684794
4.6541638e-05
0.0010813511
0.0010900727
0.010941079
5.709643e-05
0.044794038
6.5781574e-06
2.2704593e-05
0.022684794
0.0002073656
1.0096851e-06
0.9999069
0.006571492
0.96970403
0.020528113
1.9530837e-06
0.0051631783
0.00015779983
0.9999974
0.0010376431
0.0004314774
3.2204065e-05
6.7074626e-07
7.599536e-05
1.4243048e-05
0.9705084
0.0022470015
0.9956562
0.99767697
0.02670049
4.8699508e-06
0.84489954
0.00041054588
0.73415065
0.00027424097
0.0005910506
1.6608838e-05
0.51682574
0.002083625
0.0007722239
0.5932027
0.00037124846
0.99939805
6.521776e-05
4.0036775e-06
9.178981e-05
0.9999992
0.41191608
0.9978491
0.01263582
1.1751946e-06
0.3279647
0.9983368
0.00016424574
0.416681
0.0026436145
0.01885922
0.30085188
1.4243048e-05
0.0004314774
0.1275951
1.0046464e-05
0.05850947
5.188525e-06
0.0014992208
4.1262618e-05
0.00018541128
0.0408479
5.0270985e-05
0.3052689
0.00041853328
0.000859061
0.0001694597
4.8172924e-06
0.49989054
0.005229469
0.0011247585
4.188475e-07
0.8357324
0.00038226513
0.001670018
0.002575603
0.12840383
1.6423313e-05
0.79029506
3.9590686e-05
0.9999974
0.0002651107
0.87396616
0.024981441
0.2617609
2.9781802e-05
0.9999319
0.9827305
0.17818384
0.0007200189
0.00088036165
0.1078098
0.0003683873
0.0104680285
5.354648e-07
0.99533755
0.009407514
4.4421066e-07
3.4365946e-06
2.9781802e-05
0.88412136
0.0059841806
0.9988298
0.0018780053
9.801442e-08
2.9628702e-06
0.30085188
3.7771428e-05
1.0
0.0010726593
0.00012467215
0.101706006
0.9990193
7.2104835e-05
0.016958388
0.5097454
5.0092727e-05
0.004278144
0.02411469
0.9982534
6.467807e-05
0.0075143394
1.0046464e-05
2.438298e-07
0.861729
3.5657882e-05
0.052389167
3.2705135e-05
0.9982863
0.00071380654
0.9985268
1.0906529e-06
2.6606245e-05
0.5682791
9.801442e-08
3.3288825e-07
0.90770435
0.05337441
1.2029181e-05
0.000113406626
0.00036891323
0.00010819669
0.9438895
0.99990886
0.00057275017
0.72023433
0.00019306548
0.004599244
0.1790086
6.391904e-05
0.9230599
0.010348985
0.9985714
9.060917e-05
0.7119328
0.0015978317
0.0075143394
1.27190615e-05
0.9978491
0.045927193
0.0008912995
0.00017675306
5.3250783e-06
0.0058732177
0.00045747793
5.1248307e-06
1.523349e-05
4.260898e-07
1.5223193e-05
0.0021577957
7.884043e-06
0.0073068202
0.99999845
1.27190615e-05
0.8357324
0.0023864326
0.00068120484
1.190692e-05
0.99999994
7.4957796e-05
2.285248e-05
5.31391e-07
0.34666568
0.0005910506
0.14671984
3.2115793e-06
0.0030261485
0.3323007
0.0076036565
8.3253784e-05
0.00033453235
1.2674455e-07
0.9990193
0.048772838
8.3334955e-05
0.012538732
8.4504045e-06
1.2029181e-05
0.003321067
0.001362077
0.00010008328
0.0065717692
0.6949673
0.5579331
6.0129416e-05
0.0006764879
0.39135846
0.99999994
1.2389773e-06
1.4143266e-05
2.5315387e-07
8.818055e-08
5.098683e-07
0.0011247585
0.008283878
0.86171275
0.00014470694
0.003681892
0.07891727
0.0016553552
0.61188483
1.2122172e-06
0.9742321
1.7820246e-06
0.9935181
0.00623853
5.130337e-06
2.2165584e-07
0.040596705
4.9209415e-05
0.01789177
0.026473861
0.0066160886
2.1955182e-09
0.03556478
0.02041609
0.9998071
0.0005343179
3.5842777e-06
0.9999982
0.00017913964
0.97396696
0.00039378615
0.985815
1.5593371e-06
0.024981441
8.504097e-07
1.0332481e-07
0.33723387
6.856938e-05
0.00015487644
0.99948245
0.0026436145
0.00012500629
0.00019988498
2.2529668e-05
0.00013537548
1.0
0.9968523
6.422085e-07
0.9720708
0.013809398
0.0003335855
0.10375217
0.013197076
1.7333396e-05
2.5680793e-06
3.4972172e-06
0.036209032
3.897922e-05
0.102521375
0.00041054588
0.9684372
0.99999845
0.49364626
0.9904175
0.052426793
7.99611e-06
1.0142461e-06
2.2868069e-06
