0.10994947
0.9251776
0.00079025753
0.8293901
0.5349748
3.1607283e-07
0.0026302612
0.00033597782
1.3394749e-06
0.0007573557
0.9767098
0.00641966
4.1137206e-05
8.636685e-08
1.2494579e-07
0.00028241292
0.890409
2.5340863e-05
7.3287515e-06
0.034385707
2.5757e-06
0.74800175
0.09217277
5.406128e-07
9.697453e-07
2.308651e-05
0.72166765
0.99846405
6.0496177e-07
4.2734184e-05
1.0544113e-05
1.1765392e-06
0.00012838664
0.00059122354
0.0038810538
0.109276414
0.0033578451
0.05237423
0.033679415
9.76453e-07
0.00022144087
0.50651187
1.0199759e-06
0.90255827
0.000112132155
0.99999875
1.2276696e-06
0.000114871356
0.0038810538
0.00020781095
0.9999845
0.90255827
4.9423406e-08
0.00012841077
5.9807855e-05
1.421996e-09
2.5690655e-08
3.4776942e-06
0.000187837
0.75902534
0.9935863
3.5832243e-05
0.89279187
0.008404306
7.255123e-05
0.0006628408
4.6525625e-07
2.0108168e-05
2.5545796e-05
5.7611524e-06
0.000328443
0.079047084
0.00039473796
0.0047541843
0.48441455
6.6871085e-06
4.5837936e-05
0.017290436
0.87576437
0.9968633
3.5014355e-06
0.99999803
6.690179e-05
0.9995369
0.006290591
2.0742618e-06
2.0742618e-06
0.001333742
3.0524054e-05
0.022697926
0.20370969
0.0029981637
0.6702327
5.2987584e-08
0.0031964201
2.6465772e-05
3.834645e-06
0.16206272
0.00069275027
8.818826e-07
0.00039473796
0.43429407
0.0013390897
0.0068873544
5.2243134e-09
0.00045128074
0.005457734
0.04316772
0.1943817
0.00038699142
3.5832243e-05
0.0044512968
4.926454e-07
4.2125644e-06
3.490978e-05
0.00033661776
0.0013341346
0.0013341346
4.5664816e-05
0.999985
0.00012592162
5.9807855e-05
0.29200244
0.003781482
0.28587005
6.93821e-08
4.1229418e-05
0.9995252
3.3438272e-07
0.06540134
8.9435176e-05
0.20066445
0.01544933
0.44745922
0.9916021
0.008194984
0.5264417
0.56834596
0.0012664824
0.00047965898
1.15213304e-07
5.496517e-07
0.022400474
0.021762932
2.246112e-06
5.3075764e-06
0.0018732294
0.9998967
0.00022646892
9.3986155e-06
0.5287411
9.335418e-05
2.811473e-07
0.16947147
1.0400613e-06
0.94165605
0.14292642
5.261403e-05
1.5306432e-05
2.4382985e-06
0.006532243
7.8759577e-10
8.315096e-05
0.0029981637
0.018158227
0.043727737
6.763467e-05
0.00420674
0.0001743193
0.00015107132
0.09230351
9.4905437e-07
0.0007950103
1.2188607e-05
1.0109541e-06
5.010469e-09
0.7456235
0.0031964201
0.05214074
0.024875225
0.002139689
0.000107305044
3.4874443e-05
3.1264435e-08
6.796879e-06
8.859458e-05
0.0006849389
0.0018732294
0.02263056
8.3217434e-05
9.208388e-06
0.00044648364
5.131346e-08
0.16399689
0.060264353
2.6011054e-05
0.2525125
3.3839156e-06
0.93500346
0.003679082
0.9951805
4.4928825e-08
0.010248042
2.055843e-07
6.781857e-08
1.5194678e-05
0.000107375876
0.9997764
0.003101246
2.5781378e-06
0.30617732
0.00030876373
1.0771124e-07
0.0007950103
0.9985757
1.0399045e-06
0.87676924
2.8423943e-05
3.8501054e-07
6.0368106e-06
7.537489e-05
0.058177747
5.484254e-07
0.0025873024
0.00011726704
5.2987584e-08
2.5905865e-07
0.00041460292
7.901196e-06
3.3391186e-06
0.00420674
0.030296262
1.2529106e-08
0.0034845169
0.00046046128
0.00023879975
0.0011960809
4.52753e-05
0.0038810538
3.9208608e-05
0.033328805
0.0003306107
1.8564673e-07
0.037192907
0.00022556706
0.9999793
0.9026611
1.6353122e-06
5.4424472e-08
6.416718e-06
0.20097743
3.4672856e-05
0.9973145
0.53535515
4.632198e-06
0.015329298
0.23909241
3.323945e-05
0.052737467
1.8998715e-08
0.011870138
1.918526e-05
3.846017e-08
0.0005334052
0.0001800747
2.723518e-07
7.859353e-08
5.559984e-05
0.007054123
0.00090979337
1.1373298e-07
0.99954075
8.48987e-08
0.014320174
0.035208084
0.000102202546
0.9996641
0.99999875
8.960488e-05
0.0002164456
3.973495e-08
5.844227e-05
0.00010280093
0.11093646
0.01031929
0.00090979337
1.5435721e-07
0.5777826
3.84362e-05
0.25750414
0.21305288
5.9807855e-05
0.00025040226
5.3517756e-06
6.9658694e-07
0.00047554914
5.2681455e-05
0.10527048
5.3075764e-06
0.99994636
