1.0
0.99949616
0.00013882953
0.07138363
0.6685677
0.023817144
0.99955165
0.005920985
0.066297
0.052099627
5.431196e-07
0.0053723054
0.8725364
6.1863495e-05
0.99989843
9.9408535e-05
0.000104065366
0.00033354704
0.005172499
3.4861554e-09
7.6298613e-07
0.9834654
7.491122e-06
0.41451612
0.000104065366
0.15575305
0.0007711319
0.9964929
0.00012580137
0.998408
0.00060777436
0.9983583
0.008616835
0.0043952544
0.0018184063
3.0152942e-06
6.695432e-05
1.9609188e-05
0.023817144
0.0020636988
0.9999986
0.0018698268
1.0
0.009271438
0.0029272968
1.0
6.7747635e-05
0.5412649
0.9999618
0.106781885
0.0045885155
0.11674484
0.000102594684
4.9772746e-09
0.005713411
0.009816151
0.0058999276
0.58772844
0.0018585632
0.019804176
6.403163e-08
5.431196e-07
0.00037325773
0.9999284
0.57349116
0.0032705148
0.9837715
0.008238629
0.6518297
0.0023724942
0.0019732595
0.015397622
0.002191472
0.048151664
0.14544031
0.94797754
0.6714981
0.019804176
0.0106114615
1.0
0.8213199
0.006896633
0.66038597
0.013623411
0.30168837
5.7558045e-05
0.00019355355
4.5577846e-05
0.011791381
5.88941e-06
0.0009230166
0.00067445886
0.16058564
5.431196e-07
2.349259e-05
6.0057955e-05
0.000738985
0.9986959
0.07138363
0.998502
0.99989843
1.0
4.514721e-06
6.04641e-08
0.0035253225
0.042415503
0.9632473
0.99458563
3.125981e-05
0.02603718
0.00028483334
0.42467147
0.0017934428
0.0006404729
0.00046053852
0.00036242834
9.0825015e-06
0.07616364
7.223547e-05
0.066297
0.061914496
0.012379049
0.8615249
0.002822532
0.9834654
0.014731341
0.15575305
0.9994898
0.00040112814
0.034591544
0.44150484
0.99999964
0.0015038349
0.0027865453
1.9613975e-05
9.100258e-07
5.702178e-07
0.5144252
0.4897142
2.7062926e-05
0.0018325618
1.6749848e-08
9.5466485e-06
0.9992885
0.019937498
0.044116635
0.14540374
0.00040298703
0.05019915
9.916134e-06
0.0004977823
0.99999666
2.1876365e-07
0.99719477
4.0030363e-06
0.0022925024
0.89996237
0.99518627
6.865097e-05
0.53103524
0.0013404276
0.14540374
0.98030174
7.395211e-06
0.0010561403
2.4090964e-06
0.40801695
0.0031250028
3.7925187e-05
0.005878438
0.5570352
0.44150484
0.09008766
7.7397824e-05
1.6931228e-05
1.3300148e-05
0.99997663
0.00049778185
0.31039795
3.1278e-05
0.00020037194
3.608177e-05
7.806778e-06
0.9837715
1.6931228e-05
0.007486315
0.00047281702
5.434032e-06
0.00040889689
0.09379065
0.0023724942
0.00012361858
3.73515e-07
2.2625656e-05
0.0174897
0.00037902035
4.7519197e-06
7.676597e-05
3.603191e-05
0.011176861
0.0001543469
0.027803915
0.00013400371
0.0014338086
0.0055276914
0.004571763
0.5858328
0.9999518
0.00311911
0.00015574753
0.38361818
0.000828529
0.0013178361
3.425934e-05
0.44213393
0.003742605
2.2598053e-05
0.00043643318
0.008066363
1.6462813e-05
1.2932544e-08
4.4150904e-05
0.0041049886
0.9761899
5.5900326e-08
0.57349116
0.0019363997
0.012777201
0.013540083
0.0006069865
0.00049754133
0.014693848
0.9986959
1.4647618e-08
0.0003683569
7.318537e-05
0.22265549
0.052812304
0.64079064
0.10825306
0.9455314
0.84715563
0.8725364
9.757241e-07
0.9964494
0.44150484
0.0058619916
0.0036599822
2.2177925e-08
1.7589953e-08
5.9019253e-06
1.3167438e-07
4.9772746e-09
0.9963287
8.411666e-06
3.9848906e-06
0.9998927
0.00027417796
0.03666678
0.00015550922
0.0004746323
0.30168837
0.00013720214
0.5817367
0.6884648
4.7519243e-06
0.00028188192
0.00034298105
6.0664417e-05
0.5460361
0.00035778902
3.2181775e-05
1.0990596e-09
0.042415503
0.00047479206
0.03622998
0.003263791
0.044116635
0.0033091938
3.425934e-05
5.9289196e-06
9.757241e-07
1.0
3.8228697e-07
0.8535443
6.221616e-05
0.0014351283
3.125981e-05
8.268807e-05
0.00035668796
0.99966574
0.0055276914
0.00013420549
1.1755751e-05
1.2592407e-07
1.3838657e-07
0.9999984
1.5551563e-05
0.99992406
4.3869745e-06
