0.9999925
0.9999925
3.185366e-08
0.00015657395
0.000939763
0.034423567
0.9912267
0.9981838
0.08533524
0.23217182
6.779988e-07
0.0005908653
1.0003974e-06
0.002062728
7.9392514e-08
0.999999
0.99378234
6.933269e-05
0.0014364407
7.1460353e-09
0.000108619795
0.039652944
0.0035175118
0.010782614
0.00023632568
4.322447e-06
0.0022511287
2.13445e-08
2.999514e-06
0.0144877415
5.4085435e-06
2.7901206e-07
3.739192e-06
0.97206724
0.00021721446
7.8033077e-07
9.334883e-07
0.0031771725
0.9990174
2.1093743e-07
1.9403076e-05
2.636267e-05
2.1348736e-05
0.43512833
1.8861281e-06
3.4261495e-05
0.028166486
0.16666505
1.0014485e-06
2.550659e-07
0.99999994
0.00033305006
0.000108137276
6.6104185e-06
0.0019122608
0.43834808
2.0656056e-05
6.564211e-05
0.07745356
0.00503705
0.13106433
2.0658776e-05
8.8564497e-07
0.00020824494
0.99965817
0.00025411474
0.005576788
0.0005408613
7.094257e-05
0.01641738
1.9737536e-06
0.0014060924
4.1715677e-05
0.00036365906
0.00014053452
0.09470537
0.0009866552
1.0486562e-05
0.0069527114
2.999514e-06
4.6436803e-06
1.1989973e-06
0.00033502225
0.0022793077
3.47773e-07
0.00082368153
1.22448555e-05
0.91131026
0.0092304265
1.0180487e-05
1.3780705e-05
0.04707747
2.7744427e-05
2.0692492e-05
0.896417
0.00013368363
1.4258119e-06
7.0782307e-06
0.0027725194
0.99886084
0.000998693
0.030322926
0.03274056
0.014327074
3.279172e-06
8.2367296e-05
0.3739371
3.4900292e-08
8.210823e-08
0.03589003
1.0113938e-06
3.7592156e-09
0.03324787
0.0002251927
0.039652944
0.99839693
2.550659e-07
3.5127822e-08
0.021913202
0.47846696
1.9707008e-05
0.99999994
7.047482e-05
0.15328005
0.5132788
2.8837916e-05
6.421401e-05
6.1600346e-08
0.9999996
2.538865e-06
0.5146665
0.00027093987
1.2405887e-05
0.021913202
0.96008724
0.3580169
0.9999528
0.00012179609
0.0007021814
0.011187575
0.00049143133
0.0005172929
0.51645297
1.5784579e-05
1.4254236e-08
0.26699048
8.079724e-06
2.8224169e-05
8.8919085e-09
2.2354657e-06
4.441369e-08
0.001210589
7.6526123e-07
0.049883623
4.433507e-05
6.755456e-08
3.8005896e-06
2.710066e-07
0.0023285877
5.6605354e-06
1.7195728e-08
5.0624987e-08
1.7740617e-06
1.6851995e-06
0.07010008
7.326064e-07
3.7592156e-09
7.7937585e-07
5.4486813e-06
0.052818626
5.3881857e-05
6.874716e-07
0.99998975
0.98129094
0.99235505
0.015979556
5.0889346e-05
0.002265208
0.116659015
5.681725e-05
0.009336011
0.00030184526
0.9999628
5.4229326e-06
0.000108937726
0.99999785
1.020058e-07
0.0002520966
0.00572947
1.8623273e-06
1.5963079e-07
0.008501836
0.0001283853
0.015396914
0.0001594401
0.9999919
0.00013073925
0.9286004
1.0486562e-05
0.99839693
2.5692723e-06
1.0
0.00024354846
3.8305043e-06
2.301044e-06
2.3167038e-06
1.7248276e-05
5.3881857e-05
0.9999995
0.01147871
2.636267e-05
0.00025617713
2.2716502e-05
1.4279852e-05
0.91131026
0.015979556
0.00014329389
0.23217182
0.00031135944
1.8379576e-05
6.959925e-05
0.02057236
0.0016988711
1.3547241e-06
7.4168685e-07
8.809255e-10
1.0014504e-06
9.334883e-07
4.505876e-07
1.0049731e-06
0.5683066
0.00056246325
1.3761273e-06
0.84222376
0.008654309
0.031920552
0.0015132661
1.6867513e-07
0.97811896
1.8632776e-05
6.06643e-05
4.926069e-05
0.16679287
0.997951
2.4028528e-05
0.97811896
0.005831194
1.9515535e-05
7.0742963e-06
3.4359786e-05
4.441369e-08
0.98129094
0.0009580152
5.188121e-07
2.4408193e-08
2.4873227e-08
0.028166486
0.98202455
2.1325886e-05
5.9834325e-05
0.008932331
0.5277114
0.32202518
2.2887521e-07
0.00033862205
0.99999994
0.81776404
1.4723866e-05
1.8293922e-06
1.4423449e-07
1.4016832e-05
1.3602862e-08
0.24550979
6.1610312e-09
0.0004287384
0.0004605833
0.0013004458
6.0477505e-05
4.7130378e-08
1.1924066e-08
0.0002359137
5.603141e-08
0.69011694
2.301044e-06
1.0003974e-06
0.000101065925
6.7917863e-06
0.0028398307
0.9999999
0.00023072529
0.008718557
0.99146974
0.87420505
0.12971368
1.020058e-07
0.004838586
1.5403722e-07
0.09470537
0.20307302
1.1349583e-05
