1.0
0.0019393925
0.08531056
1.0
0.00061048643
1.9045987e-05
0.88086295
0.00054757716
0.00043763945
0.002558924
1.0089045e-06
0.82261086
0.82261086
0.9959
0.2046791
0.029499989
9.034453e-07
0.055100843
0.58128023
0.0030809902
0.00089164946
0.46778527
3.597543e-05
0.7234273
0.0016004134
0.00024898385
0.00015488324
0.39575264
0.00040359082
1.9403836e-07
0.010866296
0.000111387766
5.270003e-07
0.5924394
5.1616025e-06
0.71998626
0.99987394
4.4810666e-05
0.0029224865
1.1488211e-06
0.00062751427
3.156482e-05
0.014992951
0.028481055
0.09336593
0.30435792
7.3917455e-08
0.41794732
0.004842794
0.00022082837
0.01788234
9.551542e-05
0.29285735
0.20026495
0.00016634114
6.581504e-09
0.18440448
0.04995409
0.99886674
0.032326054
0.048092168
7.626369e-05
0.18474923
4.371053e-07
3.4790166e-05
0.29056808
0.0010273939
0.7813846
0.75487393
0.15459353
0.7002916
2.2737677e-06
2.6756487e-07
0.9999922
0.0049675195
4.111545e-06
0.9626436
0.88120115
0.0008024674
1.5913962e-05
0.00041842615
0.4323661
0.00014830085
1.6553669e-07
0.00941166
1.0
5.1304887e-06
0.12914453
0.0016004134
0.00091121
0.037348583
0.00773675
3.0467002e-06
2.558056e-05
0.037992984
2.0106e-05
0.44847658
0.45128056
5.293241e-06
0.31191874
0.2729096
5.293241e-06
0.06155216
0.041514948
0.99522203
0.08043655
0.009474841
0.00065594853
0.00013914694
7.3599153e-07
0.99152607
7.430972e-07
3.0033593e-07
1.2666447e-06
0.0012105157
1.0
7.3130246e-07
0.00052422646
3.1561072e-08
0.0018950612
0.9984562
1.5162583e-06
2.3256685e-07
0.00041819524
0.42207447
0.97797793
4.1334686e-05
0.04572317
0.012547922
0.00053034694
0.00011768084
8.89268e-05
0.03180313
2.9169047e-05
1.10472676e-07
0.0009093466
0.0051111244
0.0012826291
2.3766958e-07
0.99975634
0.004915658
0.008656833
0.001987571
0.00072764326
0.46148387
0.12538348
0.0032056952
2.0712432e-06
0.99954015
1.04614976e-07
0.00072764326
1.6455435e-06
3.487369e-06
6.115122e-06
0.8256235
2.339904e-05
0.0013470139
0.74810475
8.38482e-06
0.9999965
2.0193788e-06
0.00038648376
0.9224554
0.034724377
0.0023701154
2.0734766e-05
0.011247763
0.01060316
0.013055913
0.7170109
0.75579506
2.865016e-06
7.583104e-05
2.865016e-06
0.002456122
9.486368e-06
3.8026876e-05
0.24442
0.99994075
0.5551986
2.48542e-05
2.339904e-05
0.00024898385
0.11771422
0.020259857
8.901158e-07
6.908965e-06
6.3899606e-05
0.0002803919
0.20889707
0.00038331957
0.0249514
8.446873e-08
1.11227855e-05
0.807367
7.3623905e-06
0.0006088832
0.007367391
6.1934696e-07
3.706797e-06
0.02299715
0.018753625
0.9999992
0.118253864
0.97797793
0.539122
0.41677642
0.007756142
0.03667053
0.009137394
0.4866093
0.05104413
0.05104413
7.9575636e-07
0.9999942
0.004311205
0.00020429117
0.00026721542
3.324927e-06
0.9704361
0.0028957576
5.3217707e-07
0.99975634
0.05159553
0.6385427
5.363006e-06
0.9999958
7.046596e-06
0.0017781401
0.81722003
0.0038209355
0.011165731
0.0031139394
0.9988899
5.5215343e-05
1.1907056e-05
7.6793716e-05
0.0020911123
0.010305839
0.000101505866
3.512217e-07
0.99999523
0.66411597
1.1122467e-06
0.00024072618
0.8916196
1.8175417e-05
0.0040886346
0.37124118
3.969094e-05
0.053462442
0.0003841593
0.1294685
0.03219581
3.9664075e-05
0.0016932703
5.848713e-07
1.0
3.5564663e-06
0.0003082637
1.47137025e-05
0.3426674
0.015686426
0.005251037
0.7661478
2.3023234e-05
1.5581358e-05
0.6385427
0.01241133
0.0035833507
0.022940926
0.02503455
2.0933729e-05
0.5396881
0.00773675
1.3347986e-07
0.9946812
0.00015371593
0.00010889525
0.003021241
0.015815713
0.3568865
1.052653e-05
0.21759808
0.00018741837
0.009875397
0.85892576
4.2504143e-05
0.9999988
0.9986467
0.010037778
0.000114850765
0.0003667939
4.9957607e-06
0.9999459
0.005251037
1.743883e-05
6.386396e-05
0.055181783
0.00054951845
