1.0
0.99999994
1.9601744e-06
0.37609622
1.9320944e-07
0.9971784
0.046964675
1.0641247e-06
0.99230176
7.4798995e-06
0.010473443
0.028636364
0.99999803
0.00020761191
0.07816435
8.6056457e-07
0.013283022
0.7774967
0.0027257344
0.9999989
0.7860214
0.009578267
1.830878e-05
0.67422396
0.0012120266
0.0022892111
3.5197044e-07
0.99938
3.2840402e-05
0.7090451
3.3520694e-06
0.001175265
0.016664118
0.99999577
6.328361e-05
1.6941833e-07
0.0003180044
0.8996854
0.99999183
8.7176636e-07
0.00012544799
0.006996288
1.9332852e-05
0.04589084
0.068753794
0.26233616
9.74756e-07
0.00042054555
1.1236394e-05
0.0005115335
0.00047412992
0.053024903
0.99999887
0.04857596
0.719878
6.8129077e-07
0.9866093
4.3590386e-05
0.98004764
1.38781415e-05
0.0008011044
5.838103e-07
0.8490375
0.0026588496
0.15635277
4.090562e-06
3.0983116e-05
9.2345437e-07
0.041398417
0.36127326
0.0062403367
1.3290764e-05
0.11355002
5.6758167e-06
0.001940097
0.0007870076
0.85969937
6.360117e-05
0.0006969161
4.939089e-05
1.425506e-06
0.67279106
0.018004168
2.2508993e-07
5.3435757e-05
0.65555334
2.910112e-07
0.90129334
0.9119321
0.0007922616
0.99230176
0.00091359165
0.5747142
0.976406
1.2263695e-05
0.14710785
0.014001645
1.7497397e-08
0.045709897
0.008979677
0.014456736
0.0006557263
0.078218974
1.4015028e-05
1.1078492e-05
0.7774967
1.3717074e-05
0.9999907
0.012961916
0.0014432473
0.0015366627
0.98902726
0.95973134
2.5992358e-05
0.0007870076
0.8221601
2.658423e-05
0.034687493
0.99848413
4.255919e-07
0.011286456
0.9999984
0.40361452
0.26445708
0.99960744
5.468791e-05
4.3972406e-05
5.2449566e-05
0.85537875
0.0021863042
9.555838e-08
1.425506e-06
0.00081135705
0.0021580812
0.0014113891
0.9977867
0.00019326109
0.005159417
0.5974742
0.99848413
2.753766e-05
0.0012932644
7.1110684e-05
3.1949394e-06
0.09383702
3.5048644e-05
0.99999994
0.0549261
2.9394625e-06
0.99999946
0.97816724
0.40361452
9.28433e-07
0.0031494955
0.00012770887
4.3612824e-09
0.00035329137
1.2091818e-05
0.9515004
0.0008866244
0.99945915
0.17117938
1.14319434e-07
5.7788435e-05
0.9655201
0.9999992
0.00083005807
0.15032722
0.46445552
1.7010947e-06
3.520373e-06
1.4158596e-05
0.012214926
0.419071
1.830878e-05
2.5188423e-05
0.047302976
3.3528584e-05
0.08091702
0.019660188
2.6096874e-05
0.34618804
0.040511575
8.07047e-05
3.9788603e-05
1.5694788e-05
0.33684286
4.935388e-06
0.10241757
3.2130592e-05
0.81941384
0.000114959126
0.9688961
0.9989838
0.02791949
0.003878868
0.00021317272
0.022247745
0.000215031
0.0004397335
0.60195017
0.0015643664
0.41120833
0.009578267
0.8576236
0.014493067
0.41120833
0.17481509
0.0005450296
0.00028546242
0.0046406565
6.9331422e-06
0.0014415578
0.23576418
0.9769773
2.3915754e-06
0.03750596
0.004048831
0.0010371637
0.06804965
0.0038045032
4.4527283e-06
1.3345174e-05
0.00054705184
0.0001300012
1.2772161e-06
1.2223575e-05
0.0001584879
0.0054279417
3.953451e-05
0.60050297
0.018074984
0.9999999
0.00012413501
0.36729297
0.01924989
0.77519524
0.0016354223
0.9883818
0.005869808
0.07036914
0.021645706
0.117489316
0.9968256
0.0014154912
1.5555614e-06
5.5450684e-05
0.0020935873
0.105382055
5.7929297e-05
0.14072484
0.0007102878
0.92127097
0.002450776
1.3042825e-06
1.1078492e-05
0.008072637
0.04660983
0.90527666
8.167118e-06
2.5910662e-05
0.0025034025
3.0725212e-07
0.105382055
0.976406
2.7062359e-05
0.008919212
0.017469104
0.0023782514
0.027181271
0.00016157476
0.0019006777
0.0043838117
0.11614447
0.0006616098
0.9968585
5.9593814e-09
2.627392e-05
0.00047650476
0.9832578
0.34618804
0.003411509
0.9999718
0.005927087
0.00014847108
0.0014154912
0.0004817652
0.0034735994
0.7695346
5.3828036e-05
0.002768246
0.91386604
7.868442e-06
0.003890694
4.7920453e-06
0.44867215
6.0719463e-05
5.3828036e-05
0.91192865
0.0002576382
