0.99722326
2.0505518e-05
1.0
0.9999782
0.0029502625
1.4852091e-07
0.015062494
0.2253956
2.9338753e-06
9.3683775e-06
0.98765177
0.951793
2.131993e-07
0.028568413
2.4880476e-06
0.00063613
0.004872811
0.017239934
1.0364272e-05
0.4547172
1.660268e-06
0.9743662
0.2383466
0.4339618
8.4650765e-06
0.00038097546
3.3303347e-06
0.0010748319
5.1490524e-08
0.0006902848
1.2617146e-07
0.020451168
0.41885918
1.0862288e-06
0.9701706
0.004558913
0.0005098991
0.0017353873
0.4050202
9.661317e-06
0.0005486999
0.59550595
0.99919975
0.018130891
0.04958972
0.06689344
0.0004914489
0.59550595
0.00016871742
0.00078262546
2.0453626e-05
0.3562703
3.698829e-05
2.275398e-07
8.97459e-07
1.9501247e-05
1.0676215e-08
0.00064439396
1.7249822e-05
0.005574974
0.0005312936
4.9556975e-06
0.0006497527
2.229129e-05
0.6122866
0.062820904
0.0048726443
7.204105e-08
7.092481e-06
0.9999969
0.00027671558
0.6841357
2.2279823e-06
1.442151e-05
0.0049943686
0.017239934
0.0139168855
8.854797e-08
0.0005480387
3.080246e-05
2.1836893e-05
0.00019079371
0.9799623
0.04384213
0.9238983
0.7442091
8.018826e-05
0.0016103022
8.427364e-05
0.9999996
0.00031718507
0.9428236
2.7359356e-06
0.9981039
0.00023481858
0.2677775
5.115154e-08
0.96314365
5.135193e-05
0.013297822
0.0005201029
2.7548574e-06
9.753491e-09
0.00042999926
0.00012882333
0.00012931145
1.8142628e-06
0.003700095
1.30775e-06
3.43869e-05
7.549899e-05
0.003090309
0.015861744
0.9999986
1.2984126e-05
2.063745e-06
5.5364715e-05
0.23279813
0.001454249
0.9996877
0.42924404
0.0005098989
4.0507557e-06
0.0020827746
0.004537081
0.00078262546
0.003013518
0.0025380529
0.36108345
1.8103246e-05
8.243066e-09
0.0073948475
0.81354344
0.00053799176
0.0020307987
6.336434e-05
0.72608197
0.8982787
0.9999999
4.900027e-08
0.11245051
0.0069619226
2.048867e-05
0.0004083268
0.00033886003
1.6253727e-05
2.4730518e-06
1.544528e-09
2.945085e-05
0.15438299
5.9939407e-06
0.0023402362
0.007086866
0.41200256
0.47123486
0.00014842549
0.007422089
0.99246836
0.025553433
2.2220425e-09
0.00818198
0.011218919
1.1912812e-06
0.0015135076
0.0009500522
1.9818888e-06
4.290616e-07
0.008726543
0.002929551
7.809257e-06
9.111269e-06
0.0014355581
1.0
0.0014956845
0.17362715
0.0005417466
0.00030268007
0.000118978416
3.0093423e-05
0.9973051
0.0025380529
0.013535898
0.99545753
0.19918954
6.320473e-06
2.1856147e-06
9.3362535e-09
8.611259e-05
1.0
2.1548023e-05
2.860364e-06
0.00086705765
2.0453626e-05
0.00016469441
1.600009e-05
0.2759385
0.0021088747
0.0006435212
0.00011859602
0.081004985
2.7962205e-06
4.3758566e-05
2.551501e-06
0.0037687782
0.9982864
3.1483685e-06
0.9996968
9.024648e-05
3.7790453e-06
0.5986902
7.7669756e-05
0.84903747
0.078835145
0.0006826567
0.002366635
0.9825789
0.16646396
3.216264e-07
0.0005382346
0.00010108674
7.510715e-06
0.0005297622
0.9405562
0.0009590531
4.9334023e-05
0.99999845
0.00030358697
0.97285205
0.004537081
1.9956455e-07
1.0
0.00021576376
4.628907e-05
8.460877e-05
0.40089896
6.9387384e-06
0.9977048
0.99444073
0.0041916356
0.9994074
0.09847823
0.00020258498
4.008174e-06
0.2383466
0.0010811229
0.9460815
0.11451406
0.41451943
0.2226668
3.1483685e-06
0.9994815
7.1490766e-05
0.0006244983
0.0052976417
0.00097193767
0.67711204
0.003039355
3.4617972e-07
0.36371228
1.0364272e-05
0.28817987
1.0
8.443056e-08
0.00018698855
0.9988864
0.7231882
2.063745e-06
5.29348e-10
0.0019300074
5.7452626e-06
0.47607082
9.180811e-06
0.99996924
0.049924802
0.026117072
0.017239934
0.018018505
1.5354749e-07
2.7890032e-06
0.03201439
0.0009348971
2.7025168e-05
4.3548758e-07
8.046003e-05
0.004408261
0.0018242387
0.0048726443
2.9747514e-05
0.07181865
0.9972793
0.0030253143
1.2439211e-09
8.711583e-06
0.9958219
0.025652334
4.5577735e-06
9.983999e-07
3.080246e-05
0.7729665
1.4403904e-05
