0.9999984
0.9999869
6.379385e-05
0.0010445561
0.9954514
0.07213662
0.000246495
1.2153936e-05
1.605423e-05
6.8481427e-07
3.402343e-07
0.5454015
8.08472e-05
0.022192897
6.263113e-05
6.217284e-08
0.0012247406
0.00011026997
1.687835e-05
0.08915715
0.9999999
0.0031253595
1.2153936e-05
6.778353e-06
0.8768524
4.231081e-06
0.36836156
0.7697945
0.00019454936
0.00037865597
0.00019822238
0.9477536
0.08240904
1.4554108e-06
2.1693962e-05
0.8768524
0.99999595
1.9069843e-07
1.3250832e-07
1.0579466e-07
0.000136601
0.9647039
0.000353087
0.00013305462
2.5111238e-08
0.00025696895
2.0615438e-05
0.21544707
5.5693016e-07
4.1451235e-06
1.6006776e-05
9.256498e-05
8.627392e-06
1.0846244e-06
7.665988e-10
0.9884228
0.009083072
1.766379e-07
0.0014255091
9.3527226e-05
0.5558606
9.986802e-05
0.0013900608
0.016961282
5.2512623e-06
0.055020012
0.00054347434
0.018724835
6.558123e-08
1.3437595e-07
0.9884228
1.7569586e-05
0.00011652634
2.0060412e-07
1.2093352e-05
1.9103591e-07
8.0542326e-05
0.9924698
0.36161977
0.01654738
0.9839504
0.036462165
1.9979201e-05
0.0012547738
8.372781e-07
4.1747004e-08
6.519812e-06
0.05173625
0.00032650985
0.00017517073
0.12354741
6.726887e-05
1.3854352e-05
4.3521184e-05
0.00019454936
0.0021587096
7.7165705e-06
1.5725565e-06
0.0073626884
0.00014618784
4.7108777e-05
0.00017721544
1.4931268e-06
1.801606e-07
0.98961216
0.0015913888
1.3111679e-06
2.6110143e-07
6.397929e-05
6.450455e-08
0.00016849459
0.0017299948
0.07707158
0.0008621854
1.1939608e-06
8.6105494e-08
0.103479534
1.3723961e-06
0.02640765
7.953671e-06
6.567486e-07
2.35128e-06
4.357002e-05
0.030293062
0.967381
0.9729673
0.00020551575
0.0084065795
0.992973
0.9647039
0.000179592
0.0005478439
0.003338974
0.99946463
2.7326917e-06
4.7257176e-06
0.0014794257
1.5840925e-09
0.99998
1.2416883e-05
0.59956384
3.884623e-06
1.7792179e-07
4.4956426e-08
3.603966e-06
0.99310535
7.3270603e-06
6.482979e-05
0.102251515
0.00013293896
0.009083075
1.728658e-05
0.0022562796
0.00026775073
5.5302945e-07
8.842745e-06
0.03338717
0.00038317908
0.0002028941
0.008985204
7.5883247e-07
0.99826115
0.00030265815
0.0008426993
0.021423396
0.33340985
0.005183063
0.92204154
6.7344995e-06
0.0031761066
3.7857583e-06
8.6105494e-08
7.9387246e-05
0.00011442269
5.0748105e-07
6.7545017e-07
6.795637e-05
0.0028681757
0.023119114
3.4831933e-07
0.00020551575
0.00013305462
0.000430978
8.208165e-06
0.99999964
1.9979201e-05
0.0008621854
0.6899312
0.00061820383
1.289991e-06
0.97102314
6.8481427e-07
5.5857963e-05
2.598745e-05
0.7568955
7.725162e-08
9.807161e-07
1.0155111e-08
3.641042e-09
2.931182e-06
0.8055713
0.073697634
0.0031253595
0.14832571
0.035967413
8.792175e-08
4.7883174e-07
0.0020073738
0.0009823818
0.00074034336
1.5178452e-07
2.3344475e-05
0.003338974
8.50532e-11
4.0999188e-05
0.00072077895
0.970909
6.051226e-06
0.026390726
2.7405997e-07
0.97921515
0.013471108
5.8353418e-08
8.935826e-07
0.0028666407
0.014698944
2.4773792e-05
0.0010952324
0.99208856
2.0412916e-08
2.4994774e-06
1.817567e-06
0.1054356
4.9289264e-07
9.570853e-05
0.13511232
4.0999188e-05
3.0455507e-07
3.4971598e-07
4.8728612e-05
0.99999964
4.0013842e-07
0.00089045364
0.002231735
0.00045290825
0.9950902
0.1054356
5.489154e-06
0.0020008571
0.0007475455
0.00020011971
0.003338974
6.4413814e-07
3.6846835e-05
0.00033388333
0.0002454062
1.5992251e-05
0.03690777
8.163601e-05
1.4733773e-06
0.028962199
0.047029063
2.8173237e-05
0.0001579731
2.0038901e-07
1.8707011e-07
0.9999279
0.011775772
2.819595e-06
0.99999934
5.4879767e-09
5.348429e-05
0.5519954
0.9999897
1.1088344e-05
1.6791181e-07
0.20884949
3.3493976e-05
1.0235626e-05
1.2517502e-07
0.0028754699
0.99767506
0.0010445561
0.21330683
0.97102314
6.534893e-05
1.801606e-07
0.0011637217
0.13498572
3.7491296e-05
0.35062882
3.1483567e-06
2.5502652e-06
0.8016415
2.5748696e-07
0.99637926
0.0008477495
3.2592184e-06
0.0027947514
1.3796366e-05
