0.99925315
0.99925315
0.9990542
0.4429809
1.5084476e-08
0.0003514999
7.032994e-07
0.0025844343
1.7135521e-06
0.003076016
6.0725934e-06
0.010219497
1.1761629e-07
0.99989
0.99999994
0.0010666797
0.001986402
4.1292846e-05
3.0266741e-05
0.018074611
0.0068413634
5.6452533e-05
0.6404399
0.00027608156
1.2648245e-06
7.4423942e-06
0.00055520865
0.004303932
4.5163727e-08
0.7609269
1.07346985e-07
5.049981e-07
0.011325792
0.045260284
0.00017033986
0.99802184
0.0005731199
0.008001654
0.8748364
0.9115494
0.9980227
0.0016672869
0.00027608156
1.5693684e-06
1.0765947e-05
0.02483388
0.0026807103
0.00065859006
3.3313547e-05
0.26676005
0.003196586
7.3061838e-06
0.9992417
0.00029816505
1.028198e-05
0.003929421
2.5909056e-05
0.0005719771
3.3313547e-05
2.0569269e-05
0.99999183
0.057529554
0.033219434
0.0017956559
0.98073155
3.0168226e-07
0.911502
1.0314577e-05
3.374952e-05
0.9981682
0.00013210432
3.2380398e-05
0.99999875
0.0014297441
0.99016285
0.00030882645
5.903733e-07
0.00025767897
9.603981e-07
7.851887e-05
0.000538001
0.9469466
0.000391818
0.00016439662
0.005828077
8.640448e-07
0.020082338
0.007413751
7.206851e-06
1.07664405e-07
5.3652766e-05
0.0014800986
0.014541352
0.0010573162
0.03264007
0.0025704133
0.00045950167
0.00057312014
0.8233766
4.3624345e-06
0.04456045
2.3865745e-05
0.00013159426
5.3652766e-05
0.7454599
9.494387e-05
0.9999998
9.003283e-06
6.0725934e-06
3.4818946e-05
1.8639876e-09
4.3164905e-06
0.00047329636
0.09998502
0.83246946
2.5230685e-08
1.1977302e-05
3.9723207e-07
0.00010066023
0.15266104
0.011152456
3.821162e-05
1.2298399e-06
5.128503e-05
0.00010485798
2.6523694e-06
0.00014390513
0.9852018
0.035559554
0.4108698
6.476133e-05
0.00054190104
0.0129474895
1.2503388e-09
4.763756e-05
1.6586522e-06
0.00012172387
3.941877e-10
0.28271228
0.9991534
1.1529787e-06
0.99998456
0.99999994
2.682136e-05
3.0168226e-07
6.545159e-05
0.98565173
0.99914086
2.6322827e-05
0.002024941
0.0021163288
0.00017085014
9.526429e-08
0.001143741
0.1852141
0.9392412
0.003092172
0.0009382622
4.761095e-05
1.9969605e-06
4.3232703e-05
0.036347717
0.00054190104
0.010413738
5.0841663e-05
0.03825564
0.0010929815
0.1869007
0.899024
0.25070122
0.00047637554
1.0814617e-06
2.8517534e-05
4.1054904e-05
1.2491212e-06
0.99592835
8.640448e-07
0.98565173
0.04028713
0.4420302
1.6049248e-06
0.0012372826
0.9994008
3.5690712e-07
0.06206149
1.0354988e-06
0.014598278
2.8782928e-08
2.7192514e-06
0.0005348144
0.30986744
1.0814617e-06
0.83246946
0.99999994
2.0958898e-05
6.5305205e-05
0.011152456
1.0363096e-05
0.004914387
0.082979344
0.0020854103
1.0301376e-06
0.924936
1.215469e-05
5.4754973e-06
0.10052655
0.005724143
0.00070862286
5.253491e-09
0.9115494
1.8023965e-07
2.3695607e-06
2.0155527e-07
1.8626648e-06
1.9807248e-06
4.378311e-05
4.6383652e-09
0.00029645412
1.9752054e-06
0.62284267
3.153989e-08
0.94977695
1.4642206e-06
1.2125143e-05
0.0026979835
0.0014120371
0.0032100927
3.657576e-05
0.0021385734
0.010283748
4.1054904e-05
0.00022878485
3.324865e-08
0.109493166
4.9299038e-06
0.00039746406
0.00071770273
0.99914086
0.0010993185
0.016278759
0.007446695
0.9951751
0.27327552
5.054269e-08
2.953872e-05
0.910232
1.8824496e-06
0.98260784
0.0023572373
0.0001253533
4.9002712e-05
1.8290524e-07
4.4358625e-05
0.030167496
6.3467837e-06
0.0033537177
0.109493166
0.62284267
0.0019533564
0.0021776315
4.47333e-05
0.00054190104
1.0654279e-05
4.378311e-05
0.00012674948
4.8688735e-06
7.606802e-05
0.0032742692
4.5163727e-08
0.0002473175
0.0003842439
0.0133032985
0.04219539
0.9991534
0.0023226275
6.2169573e-07
0.00021156075
2.34165e-07
0.0023893178
0.0029081118
0.00076126127
0.6383129
0.0006142231
0.6917223
0.036347717
0.00047329636
0.0022135864
3.016931e-06
0.14972265
0.38856593
0.00016565989
5.04827e-05
1.3711048e-07
1.1211818e-05
1.8677985e-06
5.520953e-06
4.9796858e-05
0.08254692
7.4423942e-06
2.9960302e-07
