1.0
0.80625606
0.000908707
0.13625644
4.269796e-06
0.00018776287
0.08769073
1.65612e-06
0.0011715703
0.00081109506
0.0026395533
0.9999883
2.4669114e-05
0.001936138
9.691835e-05
0.003298631
5.289545e-05
0.9948622
0.0011695505
0.9999397
2.2678794e-06
0.061653696
1.9537805e-05
0.75915825
0.00044320873
3.9248902e-05
0.9958499
0.994541
5.7504316e-08
0.9998963
1.7333624e-06
0.0053346995
0.00020072112
0.073583886
6.8971613e-06
1.0159693e-05
0.03390785
0.121494
6.442453e-06
3.5120214e-05
5.1098765e-09
0.31399524
1.2247113e-08
1.6755472e-05
6.813376e-08
0.007931763
0.00018668677
4.9307546e-06
7.759955e-06
0.703449
1.5086886e-06
1.5178498e-06
9.8492616e-05
1.05572724e-07
6.3346624e-07
0.38862076
0.20540527
0.003298631
2.0985499e-05
3.8410693e-05
1.0244612e-06
0.9934567
0.00011249458
0.020470094
1.0127252e-09
4.4888166e-05
2.6930097e-08
2.1168316e-06
0.99999666
0.13140737
2.7358053e-07
0.0033839263
1.157614e-06
3.98611e-05
6.773924e-05
0.00026719683
1.9537805e-05
1.5777616e-07
3.559194e-06
4.1526096e-06
2.2164738e-07
0.10182152
0.0006003836
5.2653536e-06
1.9555053e-07
0.00027322315
0.014579119
0.0037556866
0.09044581
0.5098464
0.012329664
9.266328e-05
3.848042e-08
2.9900786e-05
0.06260743
0.00058139197
0.0060400944
0.00012077626
2.258635e-06
3.4231311e-06
0.66539305
1.1765409e-07
2.8605291e-05
0.9999736
0.99945515
1.7198607e-05
2.9215233e-08
0.24726775
0.7906134
0.00022413624
5.100706e-07
0.57220775
0.0017820301
0.9999736
0.005144597
0.44394806
4.97842e-06
4.1999247e-06
0.010977993
0.00024273824
1.7623788e-05
0.0038518745
5.7504316e-08
1.8027124e-06
7.762391e-06
0.00010164719
2.4022296e-05
0.115636975
1.2692882e-06
0.0038518745
1.9192573e-06
0.00069037103
4.020126e-08
0.066087924
0.009779927
0.07166394
0.0062149633
0.9999899
0.9985909
0.30840948
1.6721311e-05
0.0006822346
1.09166685e-07
2.5546118e-08
0.011679136
7.646757e-06
0.0070378925
0.24205007
0.92228025
0.0012808156
3.1114103e-06
0.00033298944
0.99998915
5.8781822e-08
0.05214511
4.1831573e-08
1.7972117e-05
0.63763016
0.00027322053
1.1619785e-06
7.5669124e-07
0.0014219229
0.013152391
7.896783e-08
3.9452584e-06
0.13826272
0.99554306
2.3039442e-05
0.13625644
2.2089615e-07
2.7827122e-07
0.0028748987
0.00039118482
0.00028206475
0.002653688
0.999955
1.3464009e-05
9.820939e-06
0.0016780284
3.6784902e-05
7.4079376e-06
3.8896314e-07
0.9996398
0.9978173
5.296245e-06
7.149172e-05
0.0024865898
0.00026147137
0.053487785
0.0016780284
0.9755795
0.00014499214
9.195469e-05
0.00013792688
1.18405305e-05
1.7145165e-06
0.00032195548
5.8885616e-05
1.9537805e-05
2.3817156e-06
0.056991007
0.37257552
0.9999987
0.84693366
0.58870643
2.5866937e-06
0.5098464
1.4598898e-07
0.6376402
0.03288283
0.13140737
0.0050889933
8.7594407e-07
0.76087236
0.27959198
4.8331538e-05
0.0002240448
0.0027496272
4.793032e-07
0.001166469
0.00049755606
9.8492616e-05
0.0016664998
0.0024929163
0.0013508686
9.691835e-05
2.1483222e-06
0.00024013018
2.5238657e-07
0.023099866
0.0474246
0.003745732
0.02878464
4.4888166e-05
0.0009098307
0.009425821
0.12496237
0.00969699
9.9525905e-06
2.9172302e-06
0.05214511
1.8083537e-07
0.0017954473
2.0985499e-05
0.9995331
3.5334133e-06
0.024946023
1.5178498e-06
0.000734562
4.4717763e-06
0.0031184175
0.0025906886
0.57220775
0.00042630924
1.2733777e-06
2.4429337e-08
0.90698624
2.1761803e-06
0.18675888
0.9978173
0.00019492573
2.4473082e-05
0.99996656
0.7665578
5.2653536e-06
0.23533364
0.9999899
0.07166394
0.20346788
0.15303023
0.0016169824
0.012391053
2.8202268e-05
0.20143194
4.4033045e-06
0.00020497602
0.008345765
0.6286716
0.033481568
7.0394035e-10
1.3289e-07
1.4072022e-07
0.0025060163
6.765254e-05
0.02338945
1.1801487e-06
0.00024221482
0.9874745
0.012668449
1.9537918e-05
0.0011805518
0.9984277
1.821491e-05
9.1432835e-09
1.7404088e-06
7.661477e-07
0.0033964426
1.7404088e-06
2.0840928e-06
1.4031062e-05
