1.0
4.525234e-06
0.39689267
0.008092861
3.286308e-05
0.00037037142
0.24473599
0.0010654518
0.00058282755
0.004334909
5.445482e-05
0.0021330898
5.059876e-05
0.00018534536
0.27432606
0.27432606
1.8742594e-05
0.5117442
0.00045917588
1.2893285e-05
0.9996882
0.9543871
0.9974579
0.0004007167
0.00018825944
0.037296716
9.422733e-09
0.00010120943
0.7876933
0.43563336
0.009901794
1.2403638e-07
0.008317277
0.004027088
0.0017182194
0.44465715
8.768845e-06
0.2743261
0.39152333
7.9243404e-07
9.895115e-06
1.6336631e-05
0.03903897
0.0049634315
1.3247715e-06
0.020930493
0.99998087
9.671598e-05
0.0009610238
0.00043637535
0.002058095
1.2403638e-07
0.0015320488
0.089111835
0.019658633
7.316726e-06
1.0648642e-07
0.006700752
0.001100969
0.00056174054
5.800277e-06
0.00011711194
0.0018614163
2.548132e-05
0.000513945
0.9933594
0.0019445524
0.9993847
8.78225e-05
0.0019768125
0.004983679
0.95757216
1.6548839e-07
0.0007889934
9.683147e-07
0.0028321177
0.00045917588
0.079571806
3.5003697e-07
0.022214048
3.473739e-07
0.006629229
0.021876808
0.8869109
0.021297885
1.7913957e-05
0.7807509
0.97846246
0.0006490734
5.443818e-07
0.016007727
8.008808e-05
8.7834815e-07
0.3654754
0.0014353347
0.99958307
1.1993325e-06
0.91038066
0.006016181
0.005590548
0.0055662785
1.4395308e-06
1.1331025e-05
0.1316269
0.0010923336
5.411077e-06
9.166297e-05
4.0295652e-07
1.428748e-05
3.3501422e-06
0.9976417
0.36606717
0.13288148
0.69885534
9.778672e-05
5.9152576e-06
0.00866662
7.3915764e-08
0.0007802757
0.00030100957
1.0267651e-07
0.9988854
0.028785614
0.76804554
0.0029556998
0.23417187
1.678772e-06
4.5400698e-06
0.9166432
0.46613395
0.99976534
0.0069607063
6.0863755e-07
0.00019978323
0.01593395
0.05598673
0.8152768
0.0003163039
0.9839801
0.0011572614
1.3585611e-05
0.5635103
2.932357e-07
4.0750852e-05
8.879562e-05
0.19366284
0.99999946
0.0003163039
0.0047886292
0.00013720842
5.3179192e-05
0.99794513
0.08281085
0.0025594195
0.00023237799
0.91904247
6.754399e-08
9.310822e-06
0.00013295481
0.9476083
0.0047654356
0.00021543281
5.153871e-06
1.1198781e-05
0.0010150548
0.6002348
8.3643454e-07
0.004027088
0.011809675
1.0
0.7977161
0.33430254
4.3135024e-05
0.006877111
0.9299574
8.7834815e-07
0.0007697326
2.548132e-05
1.0533841e-05
0.00024699443
0.00021572963
0.0010654518
0.978081
0.99985754
0.22138472
0.7977161
0.3654754
0.009341957
0.062621705
0.051770814
0.0016251211
0.00024699443
0.002031835
3.4399953e-05
0.00024304718
0.97463065
0.069682695
0.015876904
0.0024384013
0.97463065
9.245601e-06
0.0012961914
9.671598e-05
0.99733067
0.81527025
0.999964
2.6253383e-05
0.030275235
0.13216564
0.0012284624
3.4126836e-07
0.001980287
3.6679464e-07
0.8670799
5.388223e-06
0.00014421532
0.006051195
2.738029e-07
0.9069751
0.029103952
0.000920968
7.863596e-06
0.5344517
0.0006085931
1.9510321e-06
0.9999204
7.528822e-06
1.3283491e-05
0.9999338
1.6395614e-05
0.003456771
1.399765e-05
2.8441113e-06
0.0015452744
0.0025441465
0.99799156
0.99998206
6.128824e-06
0.9999459
0.000516955
0.99340504
0.0011348969
0.0007889934
0.15073292
0.002205601
0.9999988
0.95757216
0.9961539
0.000185711
6.6305194e-07
0.00024084763
0.9999338
5.639383e-05
0.12419384
0.0019029079
0.00044232808
6.929461e-05
1.3206012e-05
3.8827707e-06
0.99999726
2.6253383e-05
0.0005606947
0.13326533
0.33430254
0.99998665
0.00017109419
1.6485328e-05
0.0049634315
0.58731985
1.2528744e-06
0.08281747
2.1594104e-05
0.5075356
2.6172345e-06
4.9781033e-07
4.094556e-07
0.0006490734
0.00012643877
9.6272655e-05
0.0050359485
1.9091169e-07
0.6207023
0.00043428715
2.338068e-05
4.9001686e-05
2.931903e-05
5.4425127e-05
6.0863755e-07
0.031178279
0.010748915
6.9078847e-06
0.05628703
0.9999981
0.009664779
0.012803905
0.000121212375
9.778672e-05
0.06838918
0.002205601
0.04980388
