1.0
1.0
5.889556e-06
4.484452e-05
2.049868e-07
3.0227515e-10
5.2217133e-09
0.00029214838
3.2366931e-09
4.427481e-08
0.044535313
4.802272e-09
0.005320476
9.777851e-05
6.08886e-08
0.0008204296
3.5980179e-06
2.5430874e-10
1.0374662e-07
1.9147453e-06
0.028288582
0.96264905
1.6607575e-09
0.047749072
1.1763871e-05
7.2193735e-08
7.926404e-07
0.00013779751
3.565537e-11
4.807617e-08
3.628456e-05
6.0779234e-06
2.1931564e-06
4.6449347e-09
0.0028542206
0.0022407242
2.5761794e-05
3.5525543e-06
6.9384605e-06
0.2153237
3.3616075e-08
6.889402e-09
1.05088e-10
4.783178e-07
0.44904652
0.0015130119
5.224495e-08
1.8638428e-05
1.2373056e-08
0.2953969
0.0018499539
0.0028963978
0.00017855353
1.6156378e-06
6.601131e-08
2.1755372e-05
1.6454997e-06
4.938105e-10
3.6583996e-11
5.2515897e-08
0.0009365237
1.7195425e-05
1.6050303e-07
9.838495e-05
0.00523636
1.0933568e-07
3.811249e-12
3.8018263e-07
0.9894988
4.333145e-06
6.2043095e-09
1.2983941e-05
0.041134555
0.99467325
6.1738483e-06
0.008276629
1.11952995e-05
5.0774274e-09
2.8302395e-07
8.059494e-08
0.0001545858
6.035329e-05
3.780123e-06
0.0011795313
2.7448893e-06
0.006447974
0.19037062
1.9868677e-08
7.6181783e-10
7.144973e-06
4.5837883e-06
2.997379e-07
0.00019371307
0.00082438864
1.21279555e-08
9.308444e-09
0.0014315711
0.000393984
0.00523636
1.0055881e-09
4.2283464e-06
1.1187551e-05
1.6891917e-07
9.393949e-09
0.0016389436
4.3276013e-05
3.1459315e-06
2.5365512e-06
0.9999894
7.763671e-12
2.2017097e-07
1.7923969e-05
7.894696e-05
1.018627e-07
2.1990063e-08
9.518579e-09
6.853061e-05
3.019603e-07
2.838732e-05
5.3828074e-08
0.00015148835
5.58075e-06
4.6770933e-06
0.044931356
0.9989113
0.0032580534
3.7243135e-05
2.4065233e-08
1.4125569e-08
3.2679934e-10
1.8007609e-07
0.54194903
6.098621e-09
0.9993472
3.86457e-07
1.6894875e-08
0.935029
0.99883926
4.3129553e-09
0.00019970209
0.9937582
1.5531123e-05
0.5523612
3.2954e-08
0.0006815055
8.9079515e-07
0.9999974
6.94956e-07
0.0036875654
5.9536637e-10
3.7581e-05
4.347489e-05
1.7677759e-06
9.573804e-07
5.1179942e-08
1.6561327e-06
0.00019421686
5.2735726e-07
4.0681693e-06
5.2609516e-06
2.8079086e-08
0.48635942
8.58392e-06
0.9997022
0.008967749
3.5660733e-08
2.1755372e-05
0.0016604102
2.9425952e-12
4.0742566e-06
6.852853e-05
0.00020053747
0.0029094298
2.2287388e-06
1.4710197e-07
8.8084735e-06
6.380516e-05
1.3413206e-05
1.6247077e-09
0.0009458988
0.42217785
0.038378794
0.00019421686
8.32846e-06
5.6438756e-09
1.0377239e-05
1.6561327e-06
3.4230923e-09
0.00012954224
0.00828253
0.041134555
0.99353516
0.002475352
0.42217785
4.938105e-10
5.858594e-07
0.0006639308
8.491908e-07
7.26512e-06
8.368025e-05
2.9577734e-05
9.270173e-09
2.063194e-05
2.3083976e-07
8.58392e-06
9.057921e-08
0.9986789
4.7666294e-08
1.3087858e-05
9.930663e-08
2.211021e-09
0.0032887862
2.3152449e-08
2.677878e-05
0.0009282522
5.2515897e-08
0.44582552
6.833647e-10
7.763671e-12
0.8617997
2.5021698e-11
0.00016864858
7.26512e-06
6.6846755e-09
1.2247603e-08
1.520137e-07
5.082032e-07
5.58075e-06
0.897283
1.371554e-08
0.9801528
2.0008449e-05
1.1448202e-05
8.319661e-08
1.3316418e-06
1.48133275e-08
2.5394884e-05
3.5660733e-08
2.4953064e-07
1.8280458e-06
0.00046249756
8.491908e-07
1.6711623e-07
3.90747e-07
2.1931564e-06
0.0009288631
0.00014787936
7.0457354e-06
1.23331665e-08
1.7149209e-09
1.82048e-07
0.00036799154
7.4397934e-07
1.7561526e-08
0.00030300228
3.5095145e-08
1.6389188e-06
0.19049086
3.4544402e-11
1.4865541e-09
4.3678864e-07
1.4121939e-07
1.7677759e-06
3.028266e-07
0.050207857
0.00018509633
4.6379796e-06
1.4371193e-05
2.0411092e-07
0.001392553
3.8082928e-07
0.0016395032
4.769222e-06
7.1651584e-07
1.1047391e-08
0.009259226
5.159757e-06
2.993848e-07
4.382877e-05
4.8039484e-09
0.00060993887
1.1783256e-06
5.0579143e-07
0.40793216
1.0025665e-06
3.9933773e-05
3.9933773e-05
2.2716168e-07
1.5635043e-08
8.704009e-06
3.628456e-05
0.00038505523
0.00027551988
0.044535313
6.25652e-06
0.044931356
5.0782837e-05
8.113392e-10
0.00011482011
0.00012314162
