1.0
0.9999863
1.0
1.0
1.0
1.0
1.0
1.0
1.0
1.0
1.0
1.188345e-05
0.9992041
0.0077503864
0.010271448
7.733566e-06
0.009073745
0.718959
0.00018654155
8.589755e-05
0.15109779
0.00080080784
1.0
0.64871466
0.0033826737
0.00018905434
0.48049548
0.06897539
0.19006318
0.0003550141
0.015700378
7.20695e-05
2.335397e-09
0.9998592
0.99999815
6.481619e-05
0.8683748
3.7584585e-05
0.99810183
9.8478056e-05
0.9999921
0.9999476
0.00080080784
0.05856656
0.00047952094
0.000119139746
0.99751335
6.292335e-07
0.999827
0.040929638
0.82604665
0.00033597124
4.608927e-05
0.003904332
0.0027877754
0.35732535
0.00012652874
2.8930936e-07
0.00045789737
0.52148813
0.050858077
1.4240006e-05
0.0055454713
0.6322516
0.9999921
0.00034376784
1.4085461e-07
0.5143533
0.0045673386
3.503054e-08
0.012665922
2.5417721e-06
1.4747726e-08
0.030901162
2.6082318e-05
4.843291e-07
0.017482294
2.3984845e-05
0.99998575
0.00019510109
0.000117435564
0.7533768
0.0014104538
0.5371703
0.00034929987
1.3776605e-05
8.0368426e-07
0.9998357
0.00066780276
7.6626864e-05
7.295973e-05
0.064835794
0.0015625904
3.1858465e-07
0.0046653086
0.0009740323
0.015508349
0.0003619213
2.2457063e-07
3.6057434e-06
0.26723352
7.0341484e-05
0.26571134
4.486462e-06
0.0039059212
0.020968769
0.00094239105
0.04245347
3.62172e-07
2.4975781e-05
0.457403
8.935981e-05
0.045623705
1.6142865e-08
0.0003814128
0.99960804
1.2694123e-05
0.63004243
0.00013564256
0.010944763
0.7048285
0.005926078
0.016349073
0.09460193
3.306998e-08
0.016825153
1.1356512e-05
0.99271685
0.0002853359
0.9998914
0.13006812
0.008307191
6.445191e-08
0.9992041
0.9999797
3.0144663e-05
0.022974217
4.5948823e-07
0.99998355
0.0013422224
0.9789741
2.5744015e-05
2.6797522e-07
0.00013392245
0.53594774
8.0368426e-07
2.3602336e-08
3.3018012e-05
2.5598754e-07
0.00027044228
0.6530806
0.00012709927
0.19469948
0.106694825
0.0008189186
5.9806707e-06
8.118745e-05
0.12822144
0.060442094
3.2914554e-07
0.16900727
0.00027451513
3.2236738e-07
0.99991876
3.1605083e-07
0.00011616389
0.103312284
2.4576198e-05
1.837304e-05
0.8439038
5.019017e-06
1.0
0.0010179088
6.481619e-05
6.292335e-07
0.03374365
0.0014316869
2.3994406e-07
0.048468333
1.7083405e-06
2.2457063e-07
7.734333e-08
0.02703191
1.2679301e-05
0.0017526312
0.03551701
0.7938708
0.00013660672
0.0025172567
0.00014415935
4.6045425e-06
0.00045759545
8.935981e-05
0.9998592
0.8439038
0.09070028
0.081191786
0.017985368
0.0020011493
0.0002456342
1.5143772e-05
3.5024868e-07
0.0001609606
7.785588e-08
0.00074290665
1.5671172e-05
8.8201887e-07
0.9375626
0.00051598647
0.10261803
0.0698172
0.37296617
3.099286e-06
4.9149196e-07
0.0001609606
0.7602399
5.0583863e-06
0.00436522
0.03813894
0.9789741
0.00018905434
0.001524973
0.0055454713
0.0010521734
0.0063243713
0.0003550141
0.00088590535
0.0033826737
8.589755e-05
9.806293e-05
2.7681172e-06
1.0
0.00037782895
0.39047277
1.8515286e-05
3.3684693e-05
0.03496305
0.9831716
0.14087717
1.0588794e-05
4.3926393e-05
9.919217e-05
0.41379726
3.8579888e-06
0.9280396
0.9999995
0.00050235225
0.99999636
0.001279059
4.2551146e-05
0.9934511
0.00012914854
2.930107e-07
2.3695497e-05
0.0034818056
0.007349579
0.020650227
6.0427406e-05
0.009920749
0.0004468219
0.17582437
0.012319913
2.510399e-06
0.38446036
4.3926393e-05
4.5938235e-05
0.0026142648
0.010489354
0.1145772
0.0028360954
8.93438e-08
3.5702764e-05
0.0036254558
0.99999815
0.0031006061
0.99874544
1.52576395e-05
0.428866
0.86400217
0.58951306
3.5858564e-05
6.5847706e-07
0.0030674709
2.7432486e-06
8.106877e-06
0.9980187
0.040764585
0.045276545
2.771621e-05
0.05977502
0.012665922
3.0333872e-08
1.1598932e-05
0.18448931
0.16077307
2.4791587e-05
0.008844278
0.0033625048
6.976094e-06
0.28250924
