0.070237525
4.583299e-06
0.0010835284
0.0040479754
3.2975804e-06
6.8257066e-08
3.8409777e-05
0.0011655731
0.0001394555
7.834006e-07
5.2079994e-08
0.018269913
9.744049e-08
2.1817577e-06
3.0374133e-05
6.3847285e-05
0.004033644
1.1395242e-05
0.03916581
0.029849872
5.591015e-06
0.017934352
0.172792
0.9996163
2.1767048e-09
2.5561358e-06
2.1826767e-07
1.4276173e-06
6.665606e-08
1.5461106e-05
0.00012593388
7.882765e-06
2.0699736e-06
1.0151858e-08
0.0011246117
3.2532432e-09
6.859143e-07
1.3706128e-05
1.2634377e-09
8.758131e-08
0.023984976
0.96149254
6.1163046e-05
0.001082948
1.2283629e-06
0.8724595
0.8724595
0.35564876
0.00056837464
2.8490758e-05
2.4057694e-05
1.4452378e-09
5.476124e-06
2.3160034e-09
1.5689747e-07
4.5604475e-06
0.0026476549
9.691882e-05
0.96607417
5.302097e-06
1.531588e-05
5.882214e-06
4.368819e-08
0.00021266173
0.46425506
0.51135373
1.8115124e-07
3.2683565e-09
2.1064838e-05
0.00018914467
2.5454628e-05
0.0003251524
0.00031794983
0.30511102
4.1704343e-08
0.0022676091
3.996936e-05
0.99707377
0.00075546687
2.5148741e-10
1.3975934e-05
6.722789e-06
0.75117904
1.0444631e-07
0.99982226
9.161858e-05
2.0135758e-07
4.5921854e-05
2.5368236e-05
0.0034447268
4.633921e-06
1.0111363e-06
1.685264e-07
7.8597714e-07
0.30552
0.07722478
0.008454844
2.5982492e-06
4.132498e-08
5.8641053e-06
0.0003650968
1.4838022e-06
5.1453106e-05
5.7319776e-05
3.2534174e-06
0.000753145
0.00047712584
6.6238914e-05
4.075609e-06
4.5024484e-07
2.4494935e-05
3.249293e-05
0.0016245046
4.892786e-05
0.21211226
0.022892678
0.05563319
0.99376476
1.0
0.00012315244
0.02148442
0.030585047
6.6238914e-05
4.9855375e-06
5.4835396e-06
0.070348695
1.3885277e-05
2.473079e-08
0.00019180658
0.00055843976
6.233111e-07
5.2832675e-08
0.0007057448
9.994555e-06
1.3276472e-09
2.8072368e-06
7.5722282e-06
0.0026476549
0.041710824
1.9989942e-07
1.6822059e-10
0.00485961
5.0303118e-08
2.9926425e-06
6.8370946e-07
0.9999032
0.00010164709
0.006132844
6.4633e-08
4.471468e-07
5.067329e-08
5.2079994e-08
4.075609e-06
1.01986345e-07
0.011894151
5.3035008e-05
0.14521672
0.00011460068
1.1665114e-07
0.0039402605
6.1366263e-06
4.9555556e-08
1.3054526e-08
4.870927e-07
2.5186022e-05
0.00012940593
0.23840237
7.650614e-08
0.008074513
0.041710824
0.0038429054
5.5783553e-06
0.9800603
2.8473273e-06
2.711601e-08
0.016939146
5.0427866e-07
2.3140352e-08
0.0072849244
0.0011655731
0.00015596153
3.4858892e-06
2.3672268e-07
3.0600826e-05
0.0013652444
3.2421278e-05
7.637471e-06
0.00061713654
0.017934352
0.00012623711
4.091673e-09
0.8939281
1.6085094e-05
0.0034447268
0.0010813269
0.19874549
1.6339078e-06
0.0018522764
0.9818444
1.3975934e-05
5.572618e-06
0.54003704
6.3546184e-05
7.3542125e-08
0.0009945844
2.3820587e-05
0.04402573
2.5558847e-07
0.0021926588
2.3133634e-06
9.7098756e-08
6.8827365e-05
3.0884681e-09
3.996936e-05
1.3189068e-09
2.947921e-06
0.02460783
2.4616392e-07
4.892791e-05
8.803367e-06
0.00028929242
0.0051229564
2.796146e-06
9.91952e-05
2.1579094e-06
2.1826767e-07
1.6862799e-06
0.0841501
1.7201015e-07
1.37357665e-05
5.7911184e-06
3.8621492e-05
6.722789e-06
0.12728187
7.0544374e-08
1.16252664e-07
0.009392147
9.161858e-05
4.8248094e-05
1.14848106e-07
0.00022625114
2.3665703e-09
0.02460783
0.33915058
1.3361679e-06
1.42784815e-08
0.99937415
9.192213e-08
1.5244925e-06
0.0007057448
1.0444631e-07
0.9999982
0.015109837
1.761354e-05
0.00032682848
0.00041540308
2.5370277e-06
4.298817e-06
7.534267e-06
0.028296264
0.070348695
3.0171901e-05
9.150615e-08
0.00046311296
0.9999015
0.9375825
6.6561507e-09
0.99989444
0.9016874
0.84119326
9.371364e-09
0.16917041
1.300236e-09
2.1676383e-06
1.9253032e-06
5.1022733e-05
4.2294596e-06
0.72863597
0.021620566
0.0012617548
5.067329e-08
0.00017577808
0.09276363
0.069782995
0.99999994
0.0005340913
8.740159e-06
0.0017182473
4.1826015e-06
2.4324722e-08
1.3588151e-05
1.667264e-09
1.3535799e-06
4.870927e-07
6.4790605e-05
0.9999015
3.9232424e-07
2.2467468e-05
0.084094696
0.0017785963
