1.0
1.0
0.9999958
0.0136855375
1.0
0.9999956
0.0013161836
0.031999405
1.7778586e-05
0.0019292965
0.9973236
8.404395e-05
0.0028373043
0.77757883
0.15835123
4.5272705e-07
0.027714545
0.07514038
1.9357753e-06
0.03504196
0.00038394934
0.98791784
5.1056704e-05
0.0017620852
0.9952559
0.022242237
0.9997286
0.000397116
1.14496315e-05
5.78268e-05
0.9975348
2.8547736e-05
3.583016e-05
0.00049276114
6.889812e-06
8.739306e-07
0.00031753874
2.8466098e-05
9.480027e-08
0.0064368555
7.7886035e-08
6.6966226e-07
4.9997852e-05
0.00082972436
0.9999917
0.0004154308
0.00018589738
0.0001349346
0.7096991
1.9295203e-05
2.8894513e-07
4.4050053e-06
0.00014225609
1.5917287e-08
0.11100731
0.00015448294
0.00027315805
8.172719e-06
0.00013566055
0.0032269014
2.4398512e-05
0.98190534
4.065971e-07
0.00022863875
1.7591416e-05
1.1626902e-06
2.0090604e-07
6.549167e-05
3.187785e-08
0.43253878
3.728265e-05
0.9911144
0.071938574
4.9997852e-05
0.95686704
1.1346552e-05
6.229082e-08
0.00083811715
0.00015221188
0.0029372913
3.952754e-05
0.00079257495
0.00022312727
0.0004154308
0.0014069095
2.8223281e-05
0.00029114736
6.319927e-07
3.592983e-10
0.33546415
0.00086469634
0.0015313121
0.00018580133
0.00029291867
0.00020946146
2.28998e-06
0.9999751
0.007073856
0.0024116074
3.1868083e-06
2.073079e-06
7.5049047e-07
0.9737809
8.612342e-05
1.4330655e-05
0.32762584
1.5614916e-05
0.0023046087
0.0006870231
1.9248205e-06
0.0024228343
2.3431016e-05
2.0279343e-08
2.1001315e-05
1.0
0.06474863
0.00036261303
7.889796e-07
0.010709811
7.489021e-05
0.40932256
0.0017681479
0.007791086
0.004724565
1.614866e-07
5.058783e-07
0.00036965252
0.06474863
0.006417185
2.0279343e-08
0.2716578
0.64629054
1.0103391e-06
1.0
0.59279704
1.4003828e-06
5.5384544e-07
0.00029320366
1.710281e-05
1.1845796e-07
4.493656e-06
0.033304937
0.81351525
7.160928e-05
0.60444516
4.9279668e-05
0.031362824
0.028768076
0.007791086
0.00011709831
0.7284361
0.8751333
0.017983733
1.9941186e-05
0.99998766
0.32762584
0.00038394934
0.002046801
6.1533353e-07
0.9894593
0.014270969
6.0840364e-05
0.030231
9.371219e-06
5.3394902e-05
0.0091346195
0.0003216778
0.9986292
0.008800575
0.0015081643
0.9999994
8.664454e-06
1.3672251e-05
0.0057606613
0.0034663475
0.0030251734
0.002779418
5.2138366e-06
0.028594613
0.22493471
0.16451427
0.19926521
0.002595202
0.9986292
1.4552318e-06
0.00033257002
2.5675504e-06
1.4163151e-08
9.103354e-05
0.00013247228
0.8519139
3.2448483e-07
0.016215852
8.458403e-06
0.0008493743
8.028646e-07
4.782777e-07
4.1320778e-05
0.0165163
0.83847827
0.027714545
6.3581217e-07
0.07104245
0.00040833597
0.031362824
4.7030217e-06
1.7418253e-05
0.00082972436
9.712587e-05
0.0039468575
0.9994403
2.1093995e-06
0.009272848
2.8298452e-06
0.00025262785
0.33570936
1.4014259e-07
2.8688467e-06
2.1414866e-05
0.07063616
0.60444516
8.756226e-05
0.04427958
1.1255636e-06
2.987012e-05
5.3411854e-06
2.1346634e-06
0.99999255
0.016557127
0.00011225883
0.71959513
4.9047867e-07
0.0006731334
0.99903744
6.4948745e-07
0.0024116074
5.258288e-05
0.204515
0.00049096503
1.2930124e-06
5.5384544e-07
0.007769027
8.539145e-06
6.843526e-05
0.0005287719
3.6241436e-05
0.13711706
1.288852e-07
1.033418e-05
2.5675504e-06
0.99997634
0.00051801483
3.1864406e-06
2.5525744e-06
0.0027272657
0.9897508
0.002779418
6.889812e-06
0.00021205917
0.9861881
1.2762064e-07
6.4883345e-05
0.0006700161
0.7900265
0.039427944
0.99999803
1.6167166e-07
0.9952559
1.710281e-05
2.3051354e-05
0.049134955
2.0665713e-08
0.0002783665
0.97756726
7.4719435e-05
0.010848802
0.01139705
0.07766338
1.957169e-05
0.0002844732
0.00021491027
0.00040833597
4.9773073e-05
0.0040819803
0.928873
7.3190815e-10
0.00021205917
1.3867638e-05
1.1645806e-05
8.3204685e-07
1.0103391e-06
1.1546227e-06
0.00038286415
0.06520604
0.0022554733
4.790785e-05
0.0012070092
0.0005486641
0.99569887
5.240002e-06
