8.4057916e-07
0.9999474
0.00047605234
0.00029595374
0.0011066463
8.694373e-05
1.6330245e-07
0.0017478906
0.006069097
0.012792133
0.03247134
0.000121344674
1.43699735e-05
0.017638661
0.00014480093
3.147915e-05
4.0152063e-06
0.9986121
0.30204904
0.9997538
0.049464736
0.8395353
0.0033502707
0.11261927
0.00039119527
0.012788713
5.1817915e-07
2.5940098e-08
7.254721e-06
4.528447e-09
0.9963774
3.1002676e-06
0.99999994
9.746959e-10
0.71794033
3.0260077e-05
0.000582695
0.00024028133
0.003988753
1.144377e-05
0.04394713
1.9665406e-06
2.378191e-05
0.00092278485
5.3233133e-08
6.317417e-05
0.0005121607
7.2359086e-07
0.96419656
1.5531272e-05
0.00027277705
9.841174e-08
0.99999404
0.92430246
0.00030002452
0.1954697
0.4708098
4.390884e-06
0.003473855
1.4631455e-07
0.8680184
0.000107733096
0.8383017
1.6358473e-07
0.5425908
0.021550767
0.9376001
0.18304433
0.0012098466
0.21691313
0.020179043
8.661761e-08
0.022875361
0.00028658702
0.0065575796
5.5791523e-05
1.2115284e-05
1.1761672e-05
0.44526848
0.0009277986
0.04619306
0.003133556
0.9986121
0.0056135887
0.00024028133
0.19164957
0.00020699918
1.2872235e-06
0.0001217544
1.327808e-07
0.049129575
0.0020369464
7.486299e-08
3.2922526e-05
4.4478625e-08
1.0177444e-09
1.5714096e-06
1.3444608e-05
0.013237936
7.833035e-07
0.025053212
0.63679755
1.2417713e-06
7.3590535e-08
0.9998461
4.638935e-06
0.00095897913
1.5225731e-06
0.31144667
0.0036688296
5.1817915e-07
0.0010873175
0.00023733934
0.0037470632
1.5715589e-08
9.747223e-05
0.00028110578
0.039685227
0.10748241
0.00015609305
1.9107563e-07
1.7796201e-07
0.0016992043
4.390884e-06
7.839148e-07
8.303248e-06
1.1533263e-06
2.1790754e-06
0.016515547
0.99998397
6.246728e-05
0.9230372
0.00040480474
1.8158507e-05
6.852382e-05
0.8435281
0.068990104
0.0017018667
0.0010566205
0.00040726768
4.4873593e-07
0.0073797144
5.1220664e-05
0.85847783
0.70813274
0.0047924486
1.9469373e-06
0.8395353
0.11261927
0.4708098
0.99995035
0.0010972547
0.0005139408
0.0008086856
0.0002665513
7.427094e-06
2.1756184e-08
1.6263439e-10
4.4067324e-06
0.0010855653
1.9468655e-05
0.0011317973
1.0032208e-05
0.09760233
0.9952984
0.0040616225
5.9537374e-08
9.3560953e-07
2.9777886e-05
0.00042991238
5.18421e-05
2.2546541e-05
4.764403e-07
0.9999995
0.00040766347
0.8892434
7.356082e-05
7.988618e-05
3.8400543e-07
0.0056717386
0.99999994
0.04241368
0.9996125
5.614043e-06
0.4719851
0.002188084
0.0003919973
0.0073043616
0.9991494
0.17053232
0.00015444377
0.003775469
0.6483548
6.6204248e-06
0.9907273
0.008321361
0.020789487
0.010305372
0.0013804473
1.6358473e-07
3.147915e-05
6.977245e-07
5.562036e-06
3.790942e-05
0.00058707164
0.98536503
0.00015110418
0.8604752
2.5826707e-06
0.0029118957
8.095327e-07
3.7042373e-05
0.032253865
6.6560386e-07
1.2872235e-06
6.2841827e-06
0.00018013618
3.9582683e-05
0.99128157
0.071433395
3.6557452e-05
0.0011608867
0.00078870775
8.976823e-05
0.9999913
0.00013141005
0.17604822
0.000332409
0.0038625048
0.8705981
1.2477948e-06
1.4482085e-06
7.254721e-06
0.019933851
0.9969031
1.400316e-06
4.4327198e-08
0.9998942
0.0014654666
0.00054447475
2.2546541e-05
0.00064976665
0.008901017
1.1840641e-08
1.1459256e-05
0.020789487
0.00040480474
0.0031608997
0.972953
0.0010906019
0.9952984
2.4397092e-05
0.00014832293
3.87644e-08
4.638935e-06
0.009620105
0.2755493
5.074979e-06
1.2190323e-07
4.2873256e-05
8.5688345e-07
3.7966292e-05
1.2410989e-06
0.005490527
0.0015087518
0.0001190783
6.586245e-05
1.43699735e-05
4.6740847e-09
2.5877227e-05
6.636569e-06
5.232731e-06
0.00050097867
0.0014749202
0.00011686228
6.977245e-07
0.99817723
4.3430863e-09
3.6557452e-05
1.9408088e-08
8.166993e-06
0.0002665513
0.0074265553
0.005667105
0.9982259
0.4996786
3.8401163e-06
0.035759304
0.060638256
0.010059072
0.9923973
0.9999957
0.023220565
3.0099418e-06
0.0019336435
0.9995185
7.937039e-07
3.6557452e-05
0.0008086856
9.1837435e-05
