1.0
0.017349193
4.442312e-06
3.0192798e-05
0.9995014
9.181116e-05
0.023672327
8.152162e-07
0.18630312
2.8828474e-06
4.6022988e-06
9.777184e-07
4.4674158e-09
6.604879e-06
2.1873966e-07
0.5125789
0.00034188252
5.640631e-05
1.09234755e-08
0.9997641
0.00026735483
0.04190607
0.00011994166
0.009622258
0.00082112645
0.00034036348
1.840095e-08
4.9701262e-05
1.8680893e-07
0.1196626
0.00010683335
1.8085917e-07
1.46690645e-05
1.0361057e-07
0.66718113
0.005069528
1.0400649e-05
7.7497374e-05
0.00011263089
9.3274883e-07
2.627347e-05
0.00018526283
1.8063784e-07
2.3210774e-07
0.13636489
1.3320863e-05
0.0001824393
0.013269366
2.5649479e-08
7.9494e-09
3.309704e-06
3.8449507e-05
2.3820949e-06
3.329087e-05
9.621045e-10
0.00037323713
0.0025862076
2.133701e-08
1.4900493e-05
3.1056807e-05
0.00031014506
5.7830715e-07
0.00044736915
4.2933192e-05
0.011182564
0.00025874545
0.008951405
0.0017322064
1.3997295e-07
0.86520225
0.0004211756
0.00029433685
0.041813314
2.974268e-06
7.399133e-06
2.4479812e-07
5.390829e-06
0.5688533
0.9931199
0.04986741
3.9977217e-06
1.4842547e-07
0.03426726
0.5443512
0.14579043
0.08013051
9.3782495e-07
0.00025874545
3.5017358e-06
1.3682389e-07
6.0845472e-05
3.7505308e-07
0.0025862076
0.00015680808
6.029521e-06
9.2295255e-07
0.0011256327
9.37683e-10
0.0060577774
0.99995583
0.00012290559
0.40546054
5.9224717e-06
4.8944785e-06
1.4895619e-05
0.00016283373
1.3480351e-09
0.03535304
3.736561e-06
9.341875e-05
0.04647597
6.0474605e-07
0.045403354
0.0007539694
0.0122837145
3.0544922e-07
6.280931e-05
6.063897e-05
4.0309324e-06
0.0003017083
2.8627167e-07
1.4883762e-05
4.2209813e-06
1.3213571e-05
0.5915224
0.00037323713
2.8828474e-06
0.00026735483
0.0030044531
0.5370195
0.9980104
6.063897e-05
1.6405451e-06
0.08870258
6.731642e-05
0.9980104
0.00013023954
1.816824e-07
0.0002667949
0.00034188252
0.98083365
6.5622544e-06
0.9949924
0.00023899246
0.0019834407
0.00018699818
4.7281378e-07
3.9715477e-08
0.0003526285
0.06691973
3.966343e-06
4.5676034e-06
2.9974753e-08
5.1729705e-09
0.00048993324
2.3595687e-06
3.1237785e-06
0.0003262793
1.8843028e-05
0.9989144
9.2796006e-05
0.00039287013
0.9997641
0.0027817185
9.22676e-06
0.004022419
0.00018039864
1.424332e-05
0.0005389464
5.168535e-07
2.2659747e-06
0.84747076
5.218244e-06
1.2986504e-08
1.3997295e-07
0.5120973
2.503246e-07
8.1809405e-05
0.027389018
0.068510644
2.7453657e-07
5.7830715e-07
0.73729694
0.2602087
0.051809594
0.9997381
0.022950165
0.9992335
3.1940162e-06
0.0014716625
2.0199113e-05
5.640631e-05
0.0006302119
0.0017984615
1.03953816e-07
0.0021794557
0.14579043
0.0060577774
1.0
0.020762112
0.024059195
7.7036795e-08
4.859058e-06
7.954414e-06
3.7505308e-07
2.5955273e-07
6.952052e-07
8.396686e-06
0.009814418
0.00047884128
5.8908194e-05
0.00017537696
1.3666812e-08
0.00028084163
1.3854397e-07
0.00043763634
0.0014215072
5.2727948e-05
6.379166e-05
0.007907905
3.4981505e-07
3.6142967e-05
4.9595787e-06
0.0009749616
7.62152e-05
0.04707704
0.40546045
0.0039748875
1.5321195e-06
0.0019834407
2.8798095e-05
2.1043597e-05
0.021237304
0.00031936978
3.424089e-05
2.197332e-07
0.0006357254
0.0032545696
0.0014056774
0.03322122
0.045403343
0.0025199808
3.340791e-05
0.9999023
0.00021832032
0.002724564
1.4544577e-06
1.5837866e-05
0.00016189337
5.9996204e-08
0.00021433544
0.99999976
0.121600054
0.00016190711
2.8380425e-06
1.3334589e-05
7.3253585e-07
7.3341284e-06
3.5376442e-07
1.3478809e-05
5.8146657e-08
0.00013700826
1.3416999e-08
1.242969e-05
7.8503595e-05
0.11777497
2.1222633e-08
4.4789536e-07
4.8133154e-07
0.04647597
0.9239917
1.6405451e-06
3.6610832e-05
0.03253765
2.4267353e-08
7.605367e-06
5.8586165e-06
6.809803e-08
0.00087229686
5.203261e-09
1.1077013e-05
0.9632172
3.763221e-08
7.76185e-08
1.2107038e-05
1.7443272e-05
0.15145051
1.0679311e-08
2.0487281e-05
9.100941e-05
8.512051e-08
3.165264e-06
3.340791e-05
1.8256682e-05
0.3404397
0.32738346
1.0497612e-06
0.068510644
9.742423e-06
1.697978e-07
