0.99999756
0.16593185
0.9999997
0.0007396906
0.99999994
4.8933227e-05
0.016076356
0.000287648
0.0034231513
4.6525274e-06
5.357848e-06
0.00010782868
0.0017298745
0.027989483
0.36068147
2.9141604e-06
3.008058e-09
0.0001304695
0.02070326
2.334359e-07
0.005495669
3.681199e-05
3.1992292e-06
2.053667e-06
0.9999945
0.00022851735
0.03369444
4.0394834e-06
3.5427558e-07
2.7636067e-06
0.91356057
1.8676667e-06
0.10382793
0.9933332
3.6236274e-06
2.3740448e-08
0.0001138029
0.00056984625
0.00017569061
0.0016357594
7.602045e-05
2.6631366e-07
2.6742455e-07
3.6571709e-07
0.9080015
5.986571e-06
0.99828756
1.0
1.5660911e-06
8.491371e-06
0.00011655512
0.9996469
0.0005869469
0.012397346
0.10382793
0.21716432
0.00065099273
0.90988076
0.003371446
0.00013957804
0.007931591
7.9041655e-07
0.0022471254
4.5169772e-06
1.6915801e-05
0.00066898344
2.4203659e-05
0.0013841722
0.99997854
0.20975591
4.848791e-07
0.99189115
5.558802e-05
2.9665516e-08
0.9999811
0.03739121
0.0005794281
0.00848741
0.000984945
2.6167827e-06
0.0025781733
0.0047055692
0.82800215
8.93528e-07
9.430561e-06
6.901658e-05
0.5132816
0.014648829
9.8298806e-08
0.9978423
0.0011718118
2.6227465e-06
3.581697e-05
0.08549681
1.9782543e-07
0.0065872124
5.168732e-08
0.0019586137
0.9999841
0.5746203
0.9999885
3.7032903e-05
1.901274e-05
3.1865515e-05
1.9415806e-06
0.00038545794
0.1530606
2.1974101e-05
1.7196639e-05
0.9458864
0.00016379297
0.15589222
0.7523441
1.0589279e-05
0.0028162168
0.0004769958
0.9946603
0.001555305
2.2942602e-06
0.99986994
7.8693563e-07
0.00012829817
0.00013574299
2.3487787e-06
0.8861061
0.08389302
0.10288399
0.0011937802
0.8899901
2.5527484e-05
5.5226835e-08
8.6414065e-10
0.0002693461
1.6854192e-05
3.2921304e-07
0.014746186
3.2299077e-10
0.0011065229
0.0002030553
0.9758535
0.028943539
0.0004312659
0.00140364
0.00019302277
2.8757032e-07
0.9819985
0.0042617037
0.026238391
0.5075419
4.295061e-08
8.841379e-06
0.15569887
0.000984945
0.0003594963
3.5745152e-06
3.670837e-05
1.9926256e-07
0.00016699923
0.13964635
0.00014585687
0.0006110566
0.0001365528
0.00014626815
1.3578979e-05
0.15569884
1.28819e-06
8.592056e-05
0.054076277
0.4822635
3.7032903e-05
0.004527918
0.9360005
1.1938754e-06
0.00031060874
0.0004769958
0.16974178
0.00040160297
1.901274e-05
0.002016126
3.5528694e-05
0.00013957804
3.944394e-05
0.99994034
0.0002527565
0.028943539
2.1342816e-05
3.7554737e-06
0.9991855
0.00023175402
0.24968609
3.233886e-06
1.6184506e-06
0.9989047
0.9234469
0.0009373566
0.029979536
0.36068147
0.00042179276
0.9998359
0.00014787738
1.8625013e-06
4.082632e-08
0.20633525
0.0005033404
0.293629
0.012397346
0.00638853
0.26116535
0.009534411
0.012471282
0.05410171
0.43439987
1.4794414e-07
0.99340796
0.0027815201
0.03428872
0.21527618
1.3950083e-06
7.5624215e-05
3.5745152e-06
0.0023761108
0.00069016445
1.0
1.9910554e-05
7.38956e-07
2.6194115e-05
0.00069016445
0.026396448
3.2499702e-08
0.001816293
0.9991855
0.00013574299
2.6631366e-07
0.0024495523
2.150877e-05
2.9125545e-08
4.7786325e-06
0.0006185068
0.00848741
0.029979536
0.002620743
0.00042179276
2.1970538e-05
0.1530606
0.003053707
0.011104264
0.26983714
0.0027135503
2.9969786e-05
0.009892551
6.517387e-06
0.012794277
0.9939395
0.9654444
0.0016357594
0.0011065229
0.003053707
0.30642214
0.0003561297
0.019848851
0.0001365528
8.93472e-08
0.94927096
5.4797024e-06
3.8158672e-05
9.061219e-07
0.051428653
1.0879957e-05
0.13906847
2.1890899e-06
0.00020224223
0.9999811
3.542446e-05
0.0011404641
0.0001035445
5.357848e-06
0.0028162168
1.1997591e-06
1.22719775e-05
0.99996495
0.00578251
0.008167354
0.1530606
4.837429e-07
2.7366525e-05
0.20605336
0.077998675
8.051049e-06
0.0009192664
0.13705271
7.805795e-08
0.12974961
0.00012695075
0.0019323041
9.959379e-06
0.00097477913
0.008167354
2.6156571e-05
7.1339235e-07
0.0022471254
