0.696645
0.99999994
1.0
1.0
0.001611603
1.0
0.99993885
0.9965156
0.94342655
1.0
1.0
0.00016112537
1.0
0.991672
0.36504996
1.0
0.0027836147
1.0
1.0
1.0
0.0008992468
1.0
1.0
1.0
4.1985346e-05
3.4696368e-05
0.00010422506
2.4686827e-07
2.3496823e-05
0.00054754113
0.0002211149
1.159354e-06
8.752921e-08
1.1943008e-07
1.3704244e-08
0.002175809
0.9999741
0.2146418
0.44076577
1.2070813e-06
3.344883e-07
0.000918065
0.8535533
1.1701904e-05
3.7845988e-05
0.00028000426
0.0020940476
0.000111925765
0.000101809375
7.5873274e-08
0.068182744
0.37192562
0.00011050154
1.501892e-10
6.907009e-08
0.46290123
7.702262e-05
0.00017194085
5.2346622e-06
0.08450825
0.0002366664
0.0004039821
0.9403442
0.1709495
0.25733465
1.4879943e-10
2.8733451e-08
0.00058538426
3.1590087e-05
0.9954561
0.0012539661
0.00040123865
5.6385625e-07
1.0462379e-05
0.0025853724
1.4959096e-05
1.9443212e-06
0.19782662
7.072549e-06
0.20496137
1.0081687e-05
3.5163293e-07
3.331423e-07
1.1284984e-07
0.047086135
1.0877075e-07
7.2631115e-06
0.9993678
1.0132981e-07
0.0003064189
4.7808117e-06
4.6909545e-06
0.795617
0.04619165
0.96958816
0.9999052
0.00782946
0.23456264
0.0011357567
0.9978182
1.3110788e-07
0.00417321
0.3762672
1.080862e-05
0.00034031252
1.7757186e-05
0.99465245
4.498227e-05
0.15143208
7.4022105e-06
0.08749137
0.0005449088
0.017582532
1.381968e-06
3.1702144e-05
8.364315e-05
7.580354e-07
5.700249e-06
0.9979272
1.0417655e-05
0.00011086946
0.00092890824
0.95262384
0.0015144582
3.7845988e-05
4.853587e-05
0.06283171
0.004879167
0.0061679482
4.4556296e-06
1.0127422e-05
0.015686855
0.14297993
0.13330105
0.9990054
4.5205618e-07
1.1667273e-09
4.0018193e-07
0.011502021
0.002491252
0.06400126
0.00017470501
2.686621e-05
8.5058724e-05
6.4133324e-08
1.3900747e-06
1.541176e-05
0.06209329
1.2282809e-06
0.6773088
8.060464e-05
0.0006622668
0.84488815
0.13330105
4.858252e-07
0.0011091812
1.997626e-07
2.6144653e-07
0.0076234248
0.0033648643
0.047268223
0.024043996
0.00017661424
1.541229e-06
5.165774e-06
7.6977685e-06
1.0295242e-07
0.00027834924
1.516291e-08
0.87876755
2.0060997e-06
0.9843672
3.5128924e-05
2.6650889e-05
4.109993e-08
0.000985841
0.102024056
1.0982303e-06
0.017582532
6.865792e-07
1.3492405e-06
0.0006466493
7.712706e-05
1.2735836e-05
6.056383e-08
0.99776214
0.000113413545
7.8427746e-07
0.9907664
0.0016387119
0.99960345
7.209658e-07
2.990127e-05
0.00039174702
0.5004389
3.0902618e-07
0.019281603
2.5814843e-05
0.08779512
0.95262384
0.02567389
7.4022105e-06
5.239694e-07
0.0006196414
0.2799781
0.003197686
3.1798108e-06
0.8535533
0.00026586858
0.27308565
3.4060288e-06
0.0002971219
2.1899243e-07
0.0005293768
0.0002938277
3.421613e-07
4.2500495e-05
0.010091896
0.0005314463
5.775422e-05
9.544976e-09
3.5128924e-05
8.694041e-05
0.70253944
5.8703736e-05
4.1410434e-08
0.9837103
1.080863e-05
0.00087689655
0.6986681
5.93222e-05
0.00057108596
5.698727e-06
0.007251657
2.6649507e-06
0.0014316556
2.018519e-05
0.2109784
3.331423e-07
0.00036454748
0.00092574646
0.00035948618
0.9999999
5.2863885e-05
0.004897466
0.00050204666
0.02332286
4.853587e-05
5.7977218e-08
2.6915499e-05
0.0028580271
0.00745216
0.0149974665
0.0014316556
3.1798108e-06
0.028886927
0.79552466
1.2941473e-06
6.1188135e-09
3.957921e-05
1.1406289e-05
0.0012794074
0.0017496345
2.589396e-07
1.0039596e-08
1.6626163e-07
3.4390732e-06
8.145316e-07
0.038191006
0.0028862746
0.9994404
7.335809e-05
1.1970359e-05
0.9777023
0.0042211963
7.581684e-07
0.0015451243
0.0023350492
9.771876e-05
0.00083793106
2.589396e-07
1.5437665e-05
0.0012945043
0.0006000718
9.186986e-06
7.072549e-06
2.439345e-06
0.004879167
0.85183597
1.997626e-07
4.68931e-05
0.003351172
3.0383157e-07
2.451918e-07
4.143228e-07
0.00021205997
0.010434032
4.2452578e-07
0.15889284
0.0007054365
