1.0
0.9950678
0.9999933
0.9950678
3.8355683e-09
0.0020449446
8.876086e-08
0.0075339843
3.1234567e-06
0.99925834
2.1636315e-06
0.00023569427
7.17402e-08
0.9432129
1.5549236e-06
6.8895886e-08
0.00027623848
2.8188235e-06
0.010535134
0.88288516
0.0023340485
3.6552499e-06
1.6354682e-06
0.0016083056
0.6468702
2.9618352e-05
3.4231607e-06
5.652224e-05
0.0129087055
0.029838385
5.381442e-08
6.717265e-05
1.6706076e-06
1.7983255e-07
0.78876805
5.030062e-06
0.124258816
3.7182665e-05
0.022825146
0.00011998101
0.11576553
0.88970476
0.0002221779
0.19597135
0.9999079
9.784957e-06
3.802366e-06
7.7023e-06
0.8704531
5.8769097e-06
0.997851
2.3010718e-07
0.019788053
0.8197614
0.9966227
0.00014700656
0.03587662
4.4743015e-06
7.8032484e-05
2.3084938e-08
0.00034613148
8.238108e-07
1.4142334e-05
1.0491257e-06
0.002399697
6.4019264e-06
4.617395e-07
0.0014026366
5.425402e-05
0.035185937
3.6905396e-06
3.986788e-07
0.010731659
1.4008533e-05
0.090586476
0.0028480578
2.3084938e-08
0.09195768
8.74024e-07
0.0012007516
1.1442329e-05
1.5901877e-06
1.42575345e-05
0.00047982179
0.00019219892
3.1747325e-06
0.0021533342
2.58427e-09
0.00089474436
1.13377055e-05
4.2282495e-06
0.0068603004
4.5608598e-07
0.0028625818
0.8122556
0.9752839
0.9833026
4.1698368e-06
0.020544726
1.4248683e-07
3.04664e-07
0.96772456
0.000116974654
7.06574e-06
6.309314e-05
0.27444482
4.1191365e-07
2.133072e-06
0.0006963896
0.00020187694
5.2673415e-05
5.484228e-10
0.99999654
0.000364351
1.628962e-05
6.6528664e-05
0.00024793018
0.05419753
5.162558e-06
6.54838e-07
0.0010545719
1.2928829e-06
1.3051587e-05
0.001870238
0.00043473614
0.008029453
0.39575085
0.016018644
1.6529202e-07
0.008967842
6.9363176e-07
0.0034194135
4.2056296e-08
0.002399697
0.000716303
1.5901877e-06
0.02593293
0.12425882
0.41024113
9.584328e-07
3.233523e-08
2.7298336e-05
0.02022567
0.00011434722
0.067800164
0.0053455015
1.925807e-05
3.0964911e-06
0.00014688185
0.16496755
9.673194e-05
0.076996684
8.41182e-05
1.757121e-05
2.3010718e-07
9.16798e-08
0.00049747044
0.00078966696
0.74895424
0.021580711
0.36903727
1.4129132e-07
0.000385196
0.031992465
0.9945605
0.0012318692
0.0022665607
0.18484306
0.0017218179
6.214794e-07
0.9999702
0.00039258783
0.36047506
0.008046486
1.5549236e-06
5.015649e-05
0.00016452711
0.00012032209
0.034913052
0.00078966696
0.00015821491
0.00014365122
1.6046284e-05
1.0
0.0053455015
1.9722489e-07
1.0653731e-05
0.00042515626
4.529538e-07
0.03165111
0.7671819
0.0015344606
4.3080288e-07
0.99992734
0.96625906
0.9990385
9.088261e-05
1.3953055e-05
0.00016835488
5.513606e-07
0.00058620446
0.9999974
0.001096341
0.0046392516
0.15842204
0.0010583149
1.0667812e-07
0.001096341
1.4659444e-05
0.00020187694
8.210045e-05
0.9999997
0.371053
0.7439144
3.7597488e-07
6.7822235e-05
1.7866838e-06
0.0010141568
0.00085738377
0.004816159
2.1204119e-06
0.00049747044
0.7954892
0.97403353
2.9581503e-07
1.8561682e-09
9.392316e-06
3.5239907e-06
0.98598236
7.06574e-06
2.8051417e-07
0.032479502
0.0013254655
0.00015821491
0.75199366
0.0010583149
1.159995e-05
0.08538095
4.8759084e-06
0.00023795133
7.251763e-07
3.4939017e-05
0.9759966
6.228001e-07
3.7182628e-05
0.41939935
1.5525911e-05
1.3276588e-05
1.2818426e-05
2.6909515e-06
0.48359084
0.00049112673
0.75199366
0.967336
4.0656568e-07
8.72625e-06
0.00030950023
0.0019203485
0.003949322
0.99999005
0.000385196
1.0
4.2798678e-07
0.00015163561
3.7250808e-05
8.112313e-09
0.19622967
0.106737025
7.582801e-05
0.27105215
0.025433289
0.0058493004
4.7220138e-07
0.000628135
2.0786342e-10
6.256486e-07
5.8521477e-09
6.7238517e-07
6.292124e-05
1.104446e-06
1.4325217e-06
1.0500921e-07
0.047833256
6.740883e-09
0.0053098723
1.959453e-05
3.679711e-05
8.238108e-07
1.5879205e-07
4.4166653e-05
0.88970476
0.0005852593
0.00033678324
0.00013922791
6.4237656e-06
0.00021817318
0.054822385
1.4035073e-06
3.3213077e-09
3.3671085e-06
