0.9998983
0.9999916
0.9997637
2.2899654e-08
2.8634535e-08
0.00010063989
2.277058e-10
2.2466546e-08
0.009527344
2.8446507e-12
8.1413064e-11
5.0743265e-10
5.492236e-10
5.5016983e-08
1.0189642e-09
4.0685727e-06
2.7522985e-05
0.0050671953
1.9404404e-06
1.1376574e-11
1.2090585e-08
0.0014693198
0.08277974
0.0001433707
4.161892e-08
5.29723e-06
1.2452065e-07
0.00019471545
2.4679586e-05
7.220585e-05
1.2943876e-07
5.400689e-09
3.3558272e-09
0.18533172
3.9457286e-06
7.1309773e-06
2.3806004e-09
9.2215964e-11
2.7714783e-05
0.44992232
0.00014388729
0.99948514
9.191442e-08
5.6529277e-08
6.7690245e-08
7.8338544e-11
2.8618086e-09
0.00024175846
3.29762e-07
4.124008e-09
2.5856392e-10
2.113718e-09
9.9467194e-08
7.1394027e-07
5.0900443e-12
2.6765522e-06
4.6898574e-08
8.054162e-08
1.6264051e-11
9.059698e-06
4.5190015e-07
2.6052442e-09
1.964503e-08
3.540725e-08
2.0974534e-05
1.0169682e-09
5.9574177e-08
3.8924765e-05
1.5491267e-10
3.6954148e-11
9.30887e-09
7.416625e-06
3.0937263e-05
3.8801204e-06
5.975586e-10
5.5887373e-05
1.6011189e-05
0.0031417115
0.013449857
0.9994193
5.4511193e-06
3.2423777e-09
2.8990783e-06
1.1231382e-08
2.2552848e-07
3.9561324e-05
1.7605283e-09
0.0003740093
0.007983903
3.7712756e-08
0.092976905
1.067988e-06
3.740277e-09
0.0002864671
7.5848526e-08
0.00031578747
1.5214394e-07
6.0764573e-06
6.2911685e-09
4.5334916e-10
1.1482732e-05
5.725332e-06
3.1904193e-07
1.017902e-12
3.8960124e-10
0.08277974
2.0923483e-07
3.8960124e-10
8.328969e-06
0.00010057369
3.4814773e-06
2.4820576e-08
1.1027432e-08
9.663571e-07
1.964016e-08
0.00552532
3.960495e-12
2.0416147e-08
8.027696e-06
1.0876905e-08
1.3029824e-08
6.3424e-08
2.6525745e-06
6.312753e-10
1.0697907e-05
4.659876e-10
5.3186224e-09
0.0047521004
4.8050697e-05
2.0478783e-08
0.0004224672
9.422841e-07
0.0014527611
4.4384346e-10
0.049540885
0.00031578747
1.2735417e-06
0.00018001856
1.2859025e-08
0.0010027259
5.991167e-09
1.83898e-07
7.278063e-07
7.3712014e-09
6.8083483e-07
5.1247684e-10
4.6362336e-09
4.0799725e-05
0.032187037
1.761156e-06
1.3704589e-07
0.00010063989
1.0876863e-08
8.4337366e-08
4.8549587e-06
1.8442067e-07
5.1602482e-09
8.315108e-08
2.3829898e-09
1.7526162e-07
1.6324811e-11
1.0886254e-10
1.2423518e-06
2.9198354e-08
0.00010057369
1.662486e-05
0.013449857
4.854461e-09
5.492236e-10
0.00019471545
2.5997009e-08
8.1413064e-11
2.1492567e-10
3.2161235e-11
1.662486e-05
4.2346315e-07
1.3912643e-06
3.4844468e-06
4.3051887e-09
5.9526588e-08
0.06941175
0.00017268644
2.5650603e-08
2.8618086e-09
2.2103464e-09
0.00056683033
2.236392e-05
1.9720846e-06
0.1972383
0.008189137
1.5001355e-08
3.0295544e-07
3.8924765e-05
0.005020683
0.0007341782
0.99956423
0.0069220588
1.7977006e-10
0.99481547
2.0369006e-08
0.21887809
0.005020683
4.7066696e-06
1.5349275e-06
5.3959443e-08
1.6093106e-10
0.0010107288
6.907799e-06
4.747938e-07
0.84291846
0.0077523086
1.5854812e-07
4.7285884e-08
7.359516e-08
4.772525e-07
1.880257e-08
2.1492567e-10
1.344839e-07
1.3663585e-07
4.6319583e-05
4.25504e-09
0.0008955495
8.4047786e-13
1.9404404e-06
1.2010386e-09
1.3394799e-09
1.3452458e-05
3.1484467e-06
0.9022165
2.7013645e-08
6.0405e-11
2.0347183e-08
0.04341539
5.9872716e-09
7.756847e-08
2.1301134e-09
3.135461e-08
7.2243704e-09
1.0799322e-06
4.1311043e-05
5.63952e-08
6.518467e-07
3.779745e-07
1.7414415e-06
0.99986386
0.005782343
1.1234252e-06
1.5214277e-07
7.3712014e-09
4.964316e-06
8.389966e-05
3.830962e-09
1.8023119e-06
3.2959724e-07
6.704124e-07
0.00079513155
3.524026e-10
2.1706535e-07
4.8549587e-06
3.5865215e-09
1.096536e-10
2.1480991e-08
1.1124997e-07
7.6899903e-10
3.2021046e-06
1.3512866e-06
1.9790053e-07
5.116735e-08
3.9943607e-06
0.24288149
2.6433015e-06
1.3888198e-06
4.2301423e-08
4.6449322e-10
0.07657835
3.0944673e-07
6.7495542e-09
5.42546e-07
3.6864699e-06
3.976222e-09
2.4447755e-07
3.3679487e-07
6.0793495e-06
2.4856852e-09
7.6848583e-10
4.5592124e-06
6.9495263e-06
7.1462396e-09
5.063399e-11
1.7007224e-05
3.3801698e-05
1.4919488e-05
1.0750718e-08
0.000114483155
1.05585866e-10
1.1230695e-06
1.204652e-09
0.9935305
0.99991024
1.0886254e-10
