0.9958838
0.12810467
1.7518923e-05
2.5966588e-07
0.24036582
4.906527e-07
0.025281701
2.8302233e-07
1.841948e-07
0.00016101432
1.1549118e-07
2.5592615e-05
0.96871173
0.014218703
1.0695275e-05
1.5769929e-06
9.9592935e-06
5.2747697e-07
4.426115e-06
0.21205744
0.00050248136
0.009250901
0.11610192
0.001145095
6.529553e-07
0.000158382
0.0004918555
0.00010485088
0.88142604
0.00033353973
0.004903558
0.06903941
1.0268356e-07
0.0004918555
0.010681018
0.078523435
0.0005393881
0.00011711015
0.00010551063
0.00021796174
0.99973243
5.616387e-07
0.60823846
2.0231166e-08
9.451668e-05
1.22765815e-08
0.9998706
1.9216693e-06
0.00051542686
0.018215274
2.7319882e-07
0.12798667
0.24002889
5.095947e-05
0.021273578
1.22765815e-08
8.287668e-08
0.014058298
0.017297419
3.9616596e-05
2.211896e-05
3.5353685e-05
0.44218042
4.2498596e-07
0.03697151
4.8986903e-06
2.3838038e-06
3.8325356e-06
0.0010060449
0.0054353992
0.13802259
2.3408313e-06
0.0014693926
0.00031176695
8.2326715e-06
1.6627127e-05
6.063474e-10
3.5419696e-05
0.014725514
0.9996503
0.51910806
0.22570023
0.050074052
6.560963e-08
0.00013359314
1.3137849e-09
0.99771476
4.412652e-07
0.999355
0.9677773
0.0026162695
2.6583967e-07
5.570736e-07
5.2803476e-05
0.3893616
4.42602e-08
7.326837e-06
0.00012335317
7.598008e-05
0.06173819
0.03168149
2.8021363e-05
0.21430492
0.97579354
1.1883242e-06
0.0003198634
0.001600818
0.00078788516
2.1821634e-05
0.00041121335
7.323819e-06
0.0038092104
0.0010507611
3.2591714e-05
1.0054773e-06
0.003307634
6.2344943e-06
0.9799727
0.0011715641
8.614125e-05
0.24879035
1.6982548e-06
1.7781913e-06
0.65102965
0.8331628
1.1205597e-05
3.793132e-09
1.1950756e-07
7.248595e-05
0.34656274
0.6198808
0.77892965
6.09338e-07
3.413249e-08
4.571379e-05
8.512964e-05
5.578827e-08
0.06651372
2.0631337e-07
0.0007218575
0.00026941492
0.011455748
0.00011711015
0.00023912854
0.115757495
1.4064672e-06
1.2199405e-07
1.3796366e-05
0.0004022386
0.9999469
0.97174674
4.0272866e-08
0.99867046
0.0005481696
0.00036628754
0.0020928185
0.032997508
0.9996061
0.017248694
0.005190033
0.0017350874
0.00034925324
0.018781517
0.62992644
3.975519e-05
0.99999994
3.8676223e-08
0.0001102911
2.414529e-06
0.0003043915
1.2292418e-06
1.6982548e-06
0.16687226
0.9568062
9.619575e-05
0.00016982366
2.6744598e-07
5.516511e-06
2.0134529e-07
0.0001300875
9.213466e-06
0.00011861163
0.16756701
0.00046758648
0.9971215
3.496226e-07
6.328443e-07
3.0984066e-07
0.00066290714
0.99998355
4.982776e-08
2.8242694e-08
4.9829765e-07
8.811795e-05
0.00011967969
7.802616e-07
4.0709372e-07
0.022594823
0.09758985
0.0017211009
0.8397922
4.107268e-05
3.377888e-08
9.922342e-10
2.0752036e-06
0.0118480055
0.99482065
2.7319882e-07
0.022741694
0.083355986
0.9799727
4.0272866e-08
0.70758975
0.0048258863
1.5071791e-05
1.911103e-05
0.9758452
5.145792e-06
0.02889739
5.60149e-07
5.92217e-05
0.9999408
0.23201652
9.379982e-06
0.023629963
0.0001647662
0.00018566604
1.9180263e-07
0.9966734
0.0038924774
0.24002889
1.0
9.752459e-07
2.0937003e-05
2.2126462e-08
0.00018068889
1.3803379e-08
0.78392243
6.7811334e-06
0.0007102824
0.004774556
0.011876439
0.988142
0.99991596
0.99991596
0.00026652592
0.00032916336
3.984214e-06
0.038961552
1.9482152e-06
0.005904124
0.99984354
8.5326116e-07
0.0011770434
9.618676e-05
0.049510494
0.001225061
0.00038915066
0.00050806836
0.006381351
0.0027257497
0.99991596
2.3452163e-05
7.950505e-05
0.99989355
3.5918981e-06
5.438888e-07
4.013518e-06
1.3137849e-09
0.0039385334
0.9990225
0.20467865
0.0032424093
0.0022718497
2.0118118e-07
9.522642e-06
2.4479921e-05
2.0825132e-06
0.8397922
9.752459e-07
0.0018885003
0.00048149202
0.61325794
2.0106767e-05
0.0020099606
0.0032424093
0.24002889
0.2140186
0.0060073934
0.31510618
0.00017706698
4.0749375e-05
8.003831e-06
0.00065114535
0.9999921
7.5170607e-07
7.84587e-09
0.2471778
1.3912741e-05
0.0021180746
