1.0
1.5433117e-05
0.0007021159
0.0010076655
0.0007049029
0.9891762
4.2407704e-05
4.813719e-08
1.4304426e-06
0.0007823962
3.7176621e-06
0.00030945954
2.3008857e-05
0.59555966
0.010089348
0.987535
1.3204555e-08
7.0367305e-06
3.7213223e-08
3.1826607e-07
0.0022775745
0.00649028
1.3204555e-08
0.009053818
0.7877529
0.0001406309
0.9986693
1.1999631e-05
0.00082471425
4.072035e-06
4.9605155e-06
0.0005655284
0.98787886
0.0006602124
1.1779461e-08
3.1967357e-07
0.8792144
4.960511e-06
0.0031673291
3.5149227e-05
0.99999994
0.9999854
5.529006e-05
0.11970869
0.0011876408
5.93274e-05
0.00014603083
3.567883e-08
7.304105e-05
5.529006e-05
0.09981004
0.0004143882
0.9993415
0.7876201
0.06407807
0.00023054541
0.0020455567
0.0035554557
0.0010214598
0.0008084152
4.7362792e-07
1.316386e-07
5.6479433e-07
0.010089348
2.3847611e-05
0.99912745
0.0029545494
0.004866161
0.00081637705
1.31440965e-08
1.5636824e-06
2.352741e-08
0.06940635
0.023080295
1.4369439e-05
0.119708695
0.9999863
0.0006622075
0.99912006
0.9981941
0.09632326
8.723263e-06
0.0071485266
8.885808e-06
0.7706543
0.37703562
1.6829681e-05
0.012345271
0.99997544
0.64810604
4.446769e-07
2.8441255e-07
1.6749272e-08
1.1177079e-06
0.9999999
0.0003537386
0.999398
7.759985e-08
0.0077678063
3.4137673e-07
0.3731847
0.99833924
0.023184525
2.090429e-08
1.6511382e-05
0.00018343408
1.2233861e-05
0.002624828
2.4572004e-05
7.121064e-05
2.768055e-05
0.0004896718
1.011373e-07
1.6628351e-07
1.3058669e-06
1.0877448e-07
0.002162427
0.00042030966
0.09981004
0.9999854
1.5808175e-06
0.011057895
4.602923e-05
2.0865457e-07
6.563917e-07
7.908977e-06
0.0009863671
7.121064e-05
3.642016e-08
0.00649028
8.38743e-05
0.000105938896
0.00014584867
0.0010992377
0.0036352528
4.117026e-06
2.9107425e-09
0.00047884195
0.004328129
0.0024801039
0.0010290238
0.00024722415
0.03401717
1.3923625e-05
0.016170818
8.2133025e-05
0.0033193282
4.3194117e-08
0.006484389
0.00010358489
0.00012022449
5.1347524e-05
0.00015869673
7.553545e-07
6.563917e-07
0.00096235005
0.37117317
0.0020864804
1.5952952e-05
6.6793255e-08
5.9157657e-10
0.39904305
8.240454e-05
4.6966165e-06
0.99741185
2.0437777e-07
5.8024016e-06
4.3781856e-05
0.010202984
8.660833e-07
0.1118353
0.9998257
0.002624828
0.0009985999
4.156774e-06
0.06384027
0.008827673
0.094992965
0.00045795873
0.9510249
0.00031199114
0.99833924
1.0583256e-06
7.610514e-09
1.5705926e-05
5.7757527e-05
0.00011881505
0.11093809
5.47169e-07
1.9908082e-09
8.1679053e-07
9.537425e-07
0.03626091
0.9985993
0.00069204747
0.0003793137
0.00019296979
0.0005655284
3.8208506e-07
7.3097486e-05
8.38743e-05
0.095141135
0.007328115
4.195661e-05
0.000100364356
4.820555e-07
0.48463657
1.0730757e-05
0.0005633179
0.0005957766
0.9848133
4.6236355e-06
0.00023355836
2.3306598e-07
0.3731847
0.011630664
7.210694e-06
2.0906632e-09
0.0077678063
2.591775e-07
8.498998e-07
0.007720287
0.99997544
0.96089464
0.029467868
2.3318844e-05
2.166919e-06
0.38407648
0.0019208438
0.9999355
3.0801862e-06
7.304105e-05
7.1526514e-08
0.00024746446
0.00056815956
1.317846e-05
0.0004975456
4.2347284e-07
0.6984555
0.0007298708
1.3439609e-05
2.3977935e-07
6.75474e-05
1.8366069e-05
4.2196723e-05
1.4969856e-05
0.003537306
5.5741322e-05
3.0160516e-07
0.3731847
1.7496033e-06
0.0021060128
0.00015592942
3.1826607e-07
0.38407645
0.98208493
0.21764159
3.0299174e-05
3.1759316e-06
4.8284784e-07
0.00035520268
4.4664635e-08
0.0011738563
0.0014423542
2.7665521e-06
7.1864803e-09
1.2439748e-06
0.001127985
1.8295912e-06
0.0017739276
0.39924833
0.0011918548
1.2015484e-07
6.412369e-06
1.7115036e-08
8.3611615e-09
0.6735482
0.14185843
5.496601e-07
0.9875347
4.221984e-06
0.0029141894
1.6729988e-05
0.7891663
0.42510948
0.00013288116
0.00035520268
7.4060966e-07
9.124686e-06
0.0002752883
0.0015400244
0.095648184
5.19319e-07
0.0003604584
0.080655664
2.7159283e-08
5.684153e-06
0.08008237
3.9691804e-06
0.0011110383
