1.0
1.0
0.99997663
1.0
1.0
0.9999399
1.0
1.0
1.0
1.03281465e-07
3.8469558e-08
3.2139078e-06
0.00025618443
0.00040317187
0.008795144
2.5080897e-07
0.9999999
1.3545535e-06
1.2083316e-07
0.011076385
1.6916454e-07
0.10127077
5.023327e-05
4.319818e-06
2.0968749e-07
0.9999577
5.6286513e-06
3.5891306e-05
0.10298275
0.000197633
0.0034630564
4.0439004e-06
2.6618238e-06
2.6263406e-06
2.136383e-05
3.5402605e-05
3.0355642e-07
0.0003545852
0.9997576
0.0018762578
0.000111069356
0.9954669
0.9627089
0.0025650093
0.0030939912
2.9219329e-05
1.1123211e-08
0.00045691745
4.5495122e-05
1.7588698e-05
0.0004166267
0.0004959329
0.0002465547
6.893108e-05
0.0042871106
7.875058e-05
0.99988276
0.00566761
1.3921222e-08
1.044786e-05
1.9615302e-06
0.00026277493
4.7555417e-08
0.16350462
2.420126e-07
0.0008257818
0.001943813
0.026255729
0.00025025406
0.000157971
1.3646073e-06
0.0012440076
1.7009844e-06
1.9610608e-05
2.0724387e-06
0.0003545852
3.4513582e-06
8.442263e-09
3.174254e-06
0.00029471764
8.9391695e-05
1.3008122e-08
0.00072115584
1.4748759e-09
0.00013898675
5.341068e-06
4.7359987e-05
0.056029726
0.00040329754
0.593239
0.0013219253
0.017047834
1.1275599e-08
3.6875738e-06
0.99043614
0.0019418002
0.41016707
0.00115356
2.8576265e-08
7.234481e-08
0.04503058
0.0008437736
0.36226925
7.3676515e-06
7.004173e-08
2.7049327e-07
0.00022496587
0.9318905
5.3027497e-06
1.438662e-06
3.3558972e-05
0.00017107933
3.8264662e-07
4.8398283e-07
4.867796e-08
0.4413593
6.2566573e-06
9.970165e-06
0.0001585665
0.011473885
0.00016024728
0.99978167
3.302973e-05
0.00887883
0.001619416
0.00016545056
7.2225107e-06
0.00040779056
6.2294006e-09
2.5754348e-06
4.5910296e-05
1.2456867e-06
0.015813151
4.2630114e-07
7.1370323e-06
0.055751257
1.5998005e-08
8.030162e-06
0.0007831383
5.11728e-06
6.4830175e-08
9.881242e-07
1.2745531e-05
0.00015999078
1.8776694e-08
8.403647e-06
5.492074e-05
4.7060956e-05
7.694398e-07
0.0047519244
0.00012526225
0.9991002
1.6918802e-08
0.008754223
0.95560086
0.001619416
4.7017068e-08
2.9665634e-07
0.0009130508
0.032016393
7.452463e-08
0.12551942
6.274328e-07
2.2001764e-06
0.048409034
0.00096675986
2.3356011e-05
0.0021012514
2.8576265e-08
1.7727257e-06
0.0009130508
0.9748745
5.5484674e-07
0.004142329
6.2490267e-07
4.87337e-08
5.6893546e-06
0.0072227386
9.408944e-05
7.9518926e-05
1.4497997e-08
1.1838735e-05
0.047741268
1.9724016e-09
0.0018715123
0.00014239708
0.99186826
5.20113e-07
1.1232929e-07
1.4767964e-08
2.5740228e-06
0.8970727
3.139311e-05
0.0030445522
0.0002401036
2.0157913e-05
2.9219329e-05
0.00031782498
5.2888304e-06
0.00017494989
0.00040317187
0.9999911
0.13012274
1.4767992e-08
9.101282e-07
0.00031782498
0.00025188274
0.9999889
1.09247685e-05
0.0031709536
0.0054899226
0.00046208728
0.31739354
2.0563718e-08
0.00017494989
0.023904825
4.827055e-05
8.831445e-05
0.3718042
0.0013784111
6.3584974e-07
4.8407786e-05
3.1711647e-06
7.234481e-08
0.99993116
0.001943813
6.0110797e-06
0.9986365
0.0001930828
0.042666204
0.00024387587
0.0008394479
0.036674418
0.9922708
0.7815974
1.9079898e-06
0.16172233
1.9610608e-05
0.9999889
3.5825112e-06
0.008519108
4.23925e-05
0.0032457414
1.4566452e-09
2.3663499e-05
4.6003777e-05
4.3300908e-05
3.993564e-05
0.009866342
3.921792e-05
4.7189385e-08
1.5125075e-07
3.8907914e-05
0.1255215
8.595307e-06
0.0004952927
0.88633865
0.95687264
0.08603136
2.2707818e-05
0.013260316
0.99971443
1.5079607e-06
6.3996436e-06
6.17319e-05
6.056037e-08
0.004258896
8.284717e-11
1.1488858e-06
1.99097e-05
1.3695389e-05
6.0683107e-07
0.3446697
0.99821496
5.8032136e-05
1.2232071e-07
4.3695713e-06
2.2707818e-05
4.8674276e-05
1.0674386e-07
8.9391695e-05
6.22107e-05
1.9540138e-07
0.014211179
2.2280963e-07
0.00016944016
0.0039777975
8.8089746e-07
4.29154e-08
0.069779016
5.718372e-05
0.9627089
0.00036941824
0.25801718
6.6647867e-06
0.0003341916
0.0001217046
0.00080606824
1.7302971e-06
4.1540012e-08
