1.0
0.015670856
0.9999433
1.0
1.1495795e-06
9.237496e-05
0.0004379489
2.0382064e-08
0.79349744
0.140885
0.9999785
7.7895245e-05
0.6819918
2.0901106e-07
0.8640145
0.00070368336
0.10182967
1.094936e-06
4.7063864e-07
5.458796e-07
2.8220861e-06
0.9061179
0.0046018925
8.290915e-05
0.3291431
1.4745252e-05
0.08720262
0.0015174847
0.0016996767
0.00023022207
1.8651017e-05
5.3976073e-05
0.00016738375
1.0
0.00022431156
6.1683e-07
8.52469e-07
6.834435e-06
0.73826677
1.926301e-07
9.911546e-09
4.1449394e-07
0.00012833928
1.1360715e-05
0.000420804
2.7951037e-05
3.4328407e-06
1.9868021e-07
0.1198045
8.022522e-06
7.35233e-05
0.0013119346
8.3619625e-08
0.02998419
0.08934137
0.9998046
0.00876732
8.3619625e-08
0.2774168
4.0958994e-07
0.35184985
2.2910496e-07
0.00024808128
1.0
0.9971105
2.1655939e-07
0.0031318825
1.9284573e-05
4.2450312e-05
2.427292e-06
9.177512e-07
0.036743533
7.1173497e-07
0.05887498
4.905199e-07
0.0034442376
0.00030924214
5.5399516e-05
0.577317
0.2949835
0.0030555571
0.018822076
9.229519e-05
0.2152382
7.81074e-08
5.3910276e-07
0.007625225
0.9993242
0.020049479
0.20453802
7.150303e-05
0.0018620685
1.0031767e-06
0.0014464752
2.3156452e-05
3.318617e-06
6.957126e-06
0.0017465831
2.3066511e-06
0.0050447225
0.030378604
6.4639125e-06
0.00021544308
1.2246412e-08
4.2077637e-08
0.0017741531
2.7174158e-07
2.275145e-06
4.4985572e-05
0.00040298703
0.034365192
0.039238002
0.0037954003
0.72878104
3.1532516e-06
1.2800322e-05
1.1279448e-06
5.3910276e-07
0.0029641588
8.671958e-07
2.1156388e-06
0.00047474587
0.0009211286
4.5982542e-06
2.686439e-05
1.3448313e-07
8.038997e-07
4.1207145e-06
0.00020432273
7.92989e-06
4.437578e-06
0.08934137
7.6458934e-07
0.0013298887
0.016504753
0.00021070497
0.7893549
9.919359e-05
4.920566e-05
3.7509199e-10
4.971013e-05
4.7431854e-08
5.7036348e-05
0.00024808128
4.082383e-07
5.626324e-09
0.49197394
0.9998046
0.036486205
0.006607867
0.3025318
1.2421077e-06
0.0003555491
1.6290753e-05
6.3964166e-05
2.8056284e-06
0.00014560313
0.17227824
7.158506e-07
0.015456853
0.0008886792
0.22032285
0.9894885
4.3039833e-08
0.03134054
0.00021070497
0.8297813
0.00011345833
0.85087425
0.0140794115
0.016018081
0.12748766
0.25488546
6.6442806e-07
0.0026245646
1.8659059e-05
1.4059066e-06
0.00023410212
0.02743709
0.01576797
1.1565487e-05
0.0053227623
6.0367015e-06
0.9999797
0.13979137
0.007625225
0.0011855451
9.591821e-05
0.00015473326
0.92108595
6.6442806e-07
4.4059746e-07
0.0016828649
0.14896253
0.00027565545
5.987206e-08
0.018168721
2.548342e-06
0.00020565218
5.2407166e-05
3.852312e-06
1.776993e-07
2.8220861e-06
6.8725116e-05
2.575386e-05
0.004442435
1.1068681e-06
0.41295865
0.011911509
2.353685e-06
7.4982026e-08
2.1503518e-05
0.00063932635
0.0034691752
5.8146365e-05
7.1260564e-07
0.00010647221
0.00040515608
4.3039833e-08
3.058261e-07
6.4639125e-06
0.005190511
8.618598e-07
3.134064e-05
6.946459e-07
1.1105e-06
8.698831e-08
0.2152382
6.0875135e-07
0.00012635754
0.00023022207
9.911546e-09
9.561599e-08
0.14671314
0.97674847
0.08691622
0.00047241765
0.0002512996
0.0004206257
2.9509645e-06
0.0004803563
5.5776054e-06
2.0913974e-05
0.00044363269
0.2555242
0.00030415333
0.0028517488
0.00056493474
2.4509798e-05
0.0020047189
0.98696357
0.000106535175
0.0034691752
4.6594658e-05
0.0008582706
0.06014053
7.250187e-08
0.21638165
0.0021333536
0.0018776318
0.057321947
1.1360715e-05
0.0026623849
1.7719107e-05
0.065040305
0.000101678204
9.1317495e-05
0.20453802
0.80992943
0.00027565545
2.4074698e-05
0.00036552778
1.457764e-07
4.7261812e-05
0.9999483
0.0001238777
0.7002592
3.947302e-06
0.2949835
0.006353114
9.519653e-05
6.1963823e-07
0.2774168
0.00033985084
0.036320847
0.05774326
4.3446005e-05
0.0006030239
7.379899e-08
5.8146365e-05
5.7307125e-06
9.523405e-06
0.056950655
1.4636831e-06
1.3448313e-07
0.004420495
0.00028814233
1.5392108e-06
3.1871224e-08
1.157587e-05
