0.9999988
5.4346833e-07
4.21776e-07
0.0012938238
0.00027578848
0.0029330128
0.012204626
0.9893324
0.99662656
4.3209828e-05
0.009761376
0.381808
3.863162e-05
5.6521367e-06
0.07896934
0.29051968
8.2113864e-08
0.18482171
0.18482171
0.99999857
0.006738674
4.0039973e-05
0.00023167493
0.24040847
1.3326454e-06
0.0045297495
0.97839487
6.580853e-07
0.000637153
3.2360085e-06
0.9824116
2.2079093e-06
0.0032270504
5.6375785e-07
5.6335888e-05
1.6352327e-07
1.8969556e-07
1.0030639e-06
1.3454337e-08
5.2587595e-05
0.009712424
4.5916117e-05
0.0010407622
0.06142723
0.02832419
0.00038648598
0.118811324
9.783152e-09
1.3475752e-06
0.99010044
1.84153e-05
8.145082e-06
7.835001e-06
0.00028599935
6.0860046e-08
0.99998516
0.611512
0.9910465
0.00068163313
1.0116335e-07
0.00016252257
0.0012938238
0.00056217756
0.0035407061
0.7456624
0.7226756
1.5900974e-05
1.5070763e-07
1.6942899e-07
5.4346833e-07
0.0009527812
0.0026777212
2.4847202e-07
1.7924407e-07
0.004409642
0.00057396747
1.4837625e-06
0.061705425
0.00010261602
0.0035051901
0.00025717582
0.7622492
0.9999999
0.0005506229
2.9463786e-07
0.12604557
2.6389543e-07
1.706614e-08
0.95698196
0.043985873
0.99975026
0.5180037
7.0865995e-06
0.003381907
0.00031183654
0.99981576
3.204498e-07
0.87193704
0.006872374
2.1017944e-05
2.8442055e-05
2.7401084e-06
9.6536125e-05
0.00033678132
1.603632e-06
3.6516468e-07
0.000102976745
1.5070763e-07
0.0038531483
0.06530266
0.0001855609
2.408383e-08
3.0811483e-05
8.863609e-06
0.22084932
0.06142723
3.2060532e-05
0.00028599935
6.477744e-05
1.6581096e-05
0.9999198
0.006612241
1.0783452e-06
0.0014695983
4.794318e-05
1.1405057e-07
7.0279516e-06
8.595787e-07
0.37370977
0.90130085
4.221868e-10
0.9999998
2.0824386e-07
0.006089043
0.06954427
0.001260658
0.022420017
1.9692206e-06
0.9999836
0.99911463
4.1490666e-06
0.00039067242
2.1299682e-08
3.5118606e-05
0.021387693
0.177656
1.2350393e-05
2.260799e-05
1.1661717e-08
3.0400477e-06
2.280837e-05
0.0009838415
0.0003554215
0.0007492715
5.6005763e-07
0.027088774
0.0011320313
5.0062687e-07
0.00062208343
0.00010120721
0.12169756
0.99999994
0.3923504
5.462401e-06
7.828336e-05
5.7726907e-06
0.010278236
1.8116943e-05
3.889196e-05
0.09578156
5.574355e-07
0.015464155
1.4591991e-05
0.00022462445
3.5863453e-05
1.8835357e-05
0.0015649423
0.80422866
0.35599893
3.4783437e-07
0.034093484
2.7153903e-06
0.0013023764
3.8744997e-06
8.3224046e-07
0.05612032
0.0018708808
4.301848e-06
0.00040685013
0.37370977
4.0594616e-05
2.3973296e-05
4.550953e-08
1.1925194e-05
0.08757477
0.9824116
0.0053123212
2.7251965e-06
8.688183e-07
7.2736198e-06
0.0122596985
0.8801148
0.0004988877
4.9536786e-05
0.48931825
4.0039973e-05
0.41376254
5.7547766e-07
0.99981576
0.0005558915
0.8694458
0.0765367
0.0053339833
0.0007971845
0.9999857
4.5753933e-07
6.2765757e-06
1.4837625e-06
3.8497277e-05
0.001330263
0.013437822
1.0
0.42969555
5.6005763e-07
0.038314912
0.0030501557
0.12502623
0.0010108848
0.0024704647
0.27738005
0.028774085
0.00031678978
0.024838574
0.00016885807
0.030962924
0.018340237
0.00045628153
8.127002e-05
0.00010041117
0.018146312
0.09514923
1.9934448e-07
3.4145447e-05
0.104120575
7.221018e-05
0.11266644
2.130211e-09
6.805661e-08
1.7311471e-06
5.7561065e-05
0.022420017
2.5686262e-05
1.4972312e-05
0.0014509873
1.0808038e-06
0.57016236
0.357601
0.0012005023
5.717867e-06
2.7153903e-06
2.6569682e-05
1.4784143e-05
0.014657249
2.8753025e-06
0.00023938448
0.9962367
0.177656
7.077036e-06
0.0034962029
0.00057621946
2.5097542e-08
4.119758e-05
0.0018654517
9.4181814e-05
0.026107043
0.00025189956
8.410503e-06
0.0009061465
0.21858005
1.7051667e-07
6.9040584e-07
0.06751943
0.9999913
9.717838e-07
0.02159482
4.119758e-05
5.5751946e-07
0.00347421
1.0916008e-06
0.39594102
0.9999836
0.007282766
3.9438078e-11
0.00011187156
0.00036042748
0.999915
8.7952185e-06
1.3348663e-06
6.750348e-05
0.00015977993
