0.9354555
1.0
1.0
0.9999361
0.7223679
9.302603e-06
0.009713145
0.0012384098
0.00011258279
0.0002817492
0.0030652566
0.055154204
0.019346338
0.9990753
1.0917415e-05
0.99996585
0.93732476
0.00041625137
0.02038355
7.8178025e-05
0.21115176
0.00013628199
0.00022717351
0.9999997
0.2898158
1.9843324e-06
0.9911529
0.00035324306
9.116254e-05
0.99988234
0.99999946
0.96510136
0.0007729042
0.9987891
0.35646638
6.016294e-07
7.139784e-05
0.72856134
3.5728477e-05
0.2414512
0.9914985
0.9703392
2.4586818e-05
0.99767894
0.48641008
0.99999696
0.6066
2.7658425e-06
0.0019126157
0.00035592503
0.024766607
0.008221178
0.08533605
0.063269526
0.007895562
1.1482622e-05
1.256393e-05
0.23562437
1.3298828e-05
0.99646443
0.0020876543
1.5896547e-05
0.99999934
0.0010053363
0.0006087425
0.0014104365
0.0014556686
0.00015749737
0.063269526
0.09714705
0.9753112
0.99573016
0.9878577
8.757496e-06
0.8552819
0.0002564256
0.06954048
0.28274032
0.37661296
1.0
0.00049724354
0.0015064054
0.057854388
0.40738058
0.9932356
6.648908e-07
0.056737944
0.000112509595
0.62157273
0.26650783
1.8290328e-06
8.51998e-06
0.99990046
0.004826358
0.0038805394
0.00022703731
0.96623415
0.021485724
0.23130879
0.99999994
8.995384e-05
1.45206395e-05
0.014328623
0.90766823
0.0055536185
9.027833e-05
0.9997662
1.1370893e-05
0.000299197
7.321947e-06
0.043359805
0.00012228974
0.9998855
1.3989603e-05
0.011344587
3.3403795e-09
0.02137136
0.000121767516
0.02462849
1.4235592e-06
0.46664032
0.24221303
0.0032030358
0.00064424163
1.3974602e-05
0.00017990838
0.0010717859
0.027369818
2.4586818e-05
0.00032945658
0.14313865
1.3333242e-05
5.33557e-06
4.7102534e-05
0.04004668
0.024766607
0.00049724354
0.0005543726
9.536384e-06
0.04016954
0.97083676
1.0849906e-06
6.622862e-06
0.00017757998
0.00102122
1.3333242e-05
0.021485724
0.53989184
0.00016996555
0.011615982
1.4452006e-05
0.9986707
0.9995178
0.00013658432
0.020755878
0.00025127205
0.0033743219
0.5349558
0.9998857
0.011326621
0.0032746799
0.5777075
0.056737944
3.8565842e-05
0.001960954
0.99999905
0.9135363
0.00059595495
0.7315918
1.2622802e-05
2.088607e-05
0.98818916
0.0033106094
0.0025066277
0.02038355
0.11865064
3.4372308e-05
0.00083284534
0.9998321
3.0520154e-05
5.6804306e-06
2.8738397e-05
6.8771136e-05
0.0003828636
0.00031274342
0.001133582
3.3611335e-07
1.1952588e-05
0.9612669
0.031488996
0.9998495
0.99029815
0.12298436
0.9998855
8.936967e-09
0.8138517
0.00024481706
3.3499662e-05
0.99935144
6.5851746e-06
0.0021029427
0.9753112
1.0091268e-05
0.94656146
0.35951284
1.8290328e-06
0.28326765
0.0017899582
0.8433899
0.16739812
0.8472921
0.08361339
0.8204379
0.0045566373
0.00028944138
0.9985281
0.00010950399
0.02281633
0.9998321
0.6042329
1.032177e-05
0.00022698924
0.027369818
0.003090685
4.0244355e-05
0.0019440564
0.49547338
4.4905548e-05
3.056596e-07
0.0002639435
3.9010392e-06
0.00028295355
0.13009776
0.42540717
0.0011174674
0.16594021
9.027833e-05
0.064793184
0.00014677811
0.23590568
0.9826281
1.2326719e-05
1.135227e-06
0.99646443
0.0018140234
0.5568181
9.5057374e-05
0.53296363
0.9444196
0.0025283343
7.642266e-06
0.99999994
0.00806177
0.94459593
0.10460517
0.014132422
0.90908664
1.0
0.7066404
2.7062204e-05
0.9333077
0.00096122385
0.011615982
0.0008910006
0.008421311
0.0007225905
0.9995167
0.14796989
0.72856134
2.1238737e-05
0.00044698358
0.002537034
0.7932399
0.07130776
0.1992308
0.9996512
0.8767506
4.941859e-05
0.0017247439
0.0003756201
0.9984
4.7657282e-05
0.7550798
0.7329849
0.9932356
0.056737944
0.027083691
0.7695846
0.00049724354
0.88971585
2.78151e-06
0.9986707
0.00280006
0.67890817
0.05810292
6.648908e-07
0.0017244221
0.0001096555
0.72856134
0.80238736
