1.0
1.0
1.5588355e-05
0.00033501108
0.00013843786
0.00014891685
0.05200046
9.333227e-07
9.5171634e-07
0.00048697623
0.00031187935
0.70092213
4.166737e-05
9.12078e-07
0.99379176
0.0062037404
0.5228325
3.0803452e-08
0.014134336
0.006916122
5.952801e-07
0.9999933
0.019392235
0.00037574687
0.6947889
0.38541365
0.019317804
2.639236e-06
0.9990966
0.00081486034
0.9841916
7.746601e-08
0.049331184
0.85462636
1.5401485e-08
0.00032798556
0.019317813
0.00020721224
0.99998456
0.004718065
1.7367164e-06
1.1875205e-07
0.00036460746
0.27894175
2.1652646e-05
9.187582e-09
2.916265e-05
0.037039217
1.0897048e-05
0.000279388
0.6573361
0.99712986
0.0006900208
4.6897952e-07
0.9999999
0.00017557255
5.858192e-08
0.9999979
0.004983854
0.00018976808
2.319153e-06
1.7613589e-08
0.28971335
2.0362291e-05
1.460487e-07
0.9967155
1.7679355e-08
2.1342918e-05
3.819098e-07
0.0020068982
1.2951992e-06
0.00083310844
0.00011173254
0.012032878
0.999049
2.979686e-05
3.184425e-07
3.6207515e-05
0.00026097326
1.8066385e-07
0.93049824
7.309529e-06
0.005918858
6.774243e-08
0.007992462
7.3572767e-07
0.00069867965
0.0002358775
0.95647895
0.00015262958
2.6879332e-05
0.0004135567
0.00089940097
0.9915068
0.009716182
1.7587658e-06
0.844361
0.44641694
9.8423e-08
0.3805022
0.0012151644
6.7477805e-07
0.9995499
6.8365466e-07
1.0368919e-05
0.023647351
0.0029339807
1.6469943e-06
0.00012142199
4.985144e-07
8.3225e-07
0.017364506
0.99844843
0.0019573541
0.030932162
2.309935e-05
0.29074016
0.006306154
0.0029339807
0.0007233063
2.8833203e-06
5.789456e-08
0.9998667
9.448899e-06
0.27894175
0.0001921106
6.182381e-05
1.8659735e-05
0.999999
1.9418923e-05
0.00018976808
1.0
0.0043868497
4.1802437e-09
0.00017690615
1.5770981e-06
1.5907141e-06
0.43209845
3.4343364e-07
0.061701603
0.9999887
0.009643457
0.0020854145
0.76523083
1.5594917e-06
3.926966e-06
2.0637685e-06
0.0036502595
2.315771e-05
0.85462636
2.3471852e-05
3.5933743e-07
1.7367164e-06
8.3225e-07
0.0016189335
7.5696767e-07
1.0336637e-06
0.009171603
2.6737894e-06
0.46731988
7.899652e-06
0.008782048
0.99887234
0.07296608
0.00032359254
3.1414133e-05
0.00026833388
0.006527528
0.060382374
2.3648576e-07
0.99262893
0.00016177949
0.00022975192
0.9997817
0.0011355289
0.0013495589
0.00010636028
0.040917512
3.414513e-07
4.306121e-06
9.1604784e-07
0.00011711774
0.99638474
1.1570985e-06
0.062154
0.0031298108
0.0005250771
0.05277551
0.0006900208
5.138681e-05
0.00064413145
0.7614199
1.6493883e-07
4.261024e-07
0.00018928666
7.4259815e-06
1.256476e-06
3.395506e-05
6.17106e-05
0.00026370707
0.00025463497
0.5808341
0.9701582
5.5409822e-05
0.00012046639
1.561073e-05
1.4391723e-07
2.9335605e-09
1.186593e-05
3.1744298e-06
0.00660516
0.17850386
0.0035688248
1.11878515e-08
0.040917512
1.8330526e-06
0.07927218
6.426412e-05
1.2163142e-05
7.0477113e-06
1.30829785e-05
5.858192e-08
0.011137153
0.051750794
0.0010645615
1.5630474e-06
0.0021904213
1.0902373e-07
0.00013960346
1.735759e-08
0.0005019189
0.00033968175
0.17347063
0.3026167
3.4499117e-10
6.695358e-08
0.00065750605
1.4732228e-06
1.30829785e-05
6.268138e-05
7.330131e-05
7.5661075e-05
4.679873e-06
5.483543e-08
1.2523667e-06
0.00018928666
0.00019390564
0.000877656
8.801504e-08
0.83414924
7.098451e-07
0.8454178
0.20123884
0.00020078236
0.07596954
1.8710111e-06
0.00061922194
0.00047609274
0.00021427537
5.397154e-05
8.7419096e-05
0.00023502106
0.038707655
7.138557e-06
0.84531397
0.4673199
2.6354786e-07
3.9779387e-08
6.552509e-07
0.00011711774
6.4882397e-06
0.00083310844
2.6547077e-06
0.00025463497
0.4947684
6.066608e-06
1.2851743e-05
0.0015701222
0.00044298824
0.9147204
0.0023981815
6.310782e-06
0.00022443563
0.00012584553
0.019317804
1.11305e-06
0.002809656
8.117337e-06
0.0002955674
1.9468656e-07
0.99169725
4.5070163e-05
3.5460183e-05
0.00064413145
0.08684665
0.022210848
0.0026050406
0.999049
0.014359662
5.743416e-08
