1.0
0.5118075
0.5355618
0.8791433
0.00019694808
0.9929557
1.7347718e-05
1.6328671e-07
0.0015729115
5.464546e-07
0.022684855
0.09998538
0.2864946
0.00096863834
0.0010554906
0.009342945
7.7664464e-07
0.0012140787
0.0014829137
0.079823785
0.00013746208
0.011609786
0.89393306
7.249391e-07
0.3956762
0.17731164
0.007063076
4.497049e-08
0.0005585223
1.7291013e-07
0.99934036
0.00016248506
1.2889474e-05
0.46088502
0.088006325
1.1352616e-06
4.2656447e-06
0.9999838
0.00030117718
0.00017670149
0.00029535053
0.89858115
0.08579377
0.0025759325
1.5355865e-05
0.0025004963
0.0008356817
0.0009686227
0.00020964548
5.89318e-06
7.226603e-06
0.019946534
2.4740143e-06
0.12333285
0.0005815213
0.9969182
0.00038494513
1.3299361e-05
2.283789e-08
3.0244728e-05
7.334383e-05
0.11548955
6.992836e-05
4.1470983e-07
8.5730635e-06
0.013378857
0.9155334
0.7620661
2.0854271e-08
0.23607887
0.021075247
0.0011413188
8.994889e-07
0.02045471
0.11526907
0.08469148
0.31309813
2.8759501e-07
5.588007e-08
0.00019438582
0.022598088
3.9794257e-05
0.8874898
6.0188737e-05
0.5410515
1.537292e-05
8.408275e-05
2.686782e-06
0.057565074
1.3421241e-07
0.000122672
0.0021999048
0.012606927
0.0015382196
0.0006427768
4.360007e-05
2.960938e-06
0.999973
0.6446164
0.00059592596
9.7231794e-05
4.952301e-07
0.05321498
0.99980813
3.0296515e-05
0.001067679
0.0077636032
0.023985466
6.166381e-06
5.5633413e-06
0.2032136
0.016798321
9.87581e-08
9.640329e-05
0.9984349
0.9203649
2.7757068e-07
0.047666904
0.9786714
0.95015556
0.99999994
0.0001248362
0.022598088
0.008107926
8.325566e-08
0.31227002
0.08156597
0.21545811
0.0011525062
0.06109865
0.002405813
0.06109865
4.214847e-06
0.9999229
0.00405187
0.99999994
3.837507e-05
3.6021547e-07
0.00044099704
0.00011318904
9.353971e-05
0.010476305
0.015523566
0.04903996
0.2223403
0.2683148
0.0005199096
0.9991688
0.11222686
0.0013708443
0.9968083
2.416607e-06
1.0789316e-06
3.1969143e-06
0.0002060687
1.8670682e-06
1.293878e-09
0.0013973676
2.0384377e-06
1.1497591e-05
8.137797e-05
0.00045127858
0.0007755041
0.0036368626
1.4365288e-06
2.2289929e-05
0.00015199954
1.9331262e-06
0.0006062779
0.84621614
0.0002600101
0.99999124
2.0963855e-05
0.00017091613
3.4891518e-06
1.4850048e-05
0.00030571627
3.260393e-05
9.760505e-05
5.464546e-07
8.823739e-07
0.021161133
0.99999124
7.796272e-05
0.002029591
0.64794445
2.7288916e-05
0.18882158
0.00017357226
8.137789e-05
0.0021942076
0.00010344384
8.546785e-05
0.04989345
1.3678877e-05
3.7376552e-07
0.9965538
0.010360781
0.0006062779
0.019313693
1.8707065e-07
5.464546e-07
0.000193356
0.088006325
0.037838172
3.3842448e-06
0.009368003
0.0007191083
0.021075247
0.013419641
0.0001248362
0.00096863834
0.9742011
0.033955686
1.4113085e-05
0.99116266
1.1352616e-06
0.13978896
0.09986326
0.9984349
0.17254096
7.048881e-07
0.0072736917
1.535913e-05
0.97446245
5.491185e-06
0.00082789094
0.033803347
0.00014176602
0.012794223
0.0003182953
2.7229877e-08
0.1524026
0.00019961395
2.5890777e-05
0.0002011566
0.18427487
0.00012570713
0.00016385296
0.00061164977
0.00030571627
0.00018321227
0.6887328
0.00053798384
0.021075247
2.1241622e-06
0.9989551
3.2272746e-05
2.9325724e-07
0.000116842435
0.99999154
4.033038e-05
0.9999858
2.2017275e-06
0.013385946
0.00046947566
0.0012109177
0.0018048142
1.4217427e-05
0.9927548
0.00040627265
6.992836e-05
0.0006232659
0.9999758
0.0004828656
0.000719108
6.596639e-06
0.003986115
0.0005595048
0.00014176602
1.0
1.4540942e-06
0.35729972
3.8420288e-07
0.00022216434
7.3841636e-07
0.0017863349
1.9068138e-05
6.7952584e-08
0.12021418
0.00015011398
6.694366e-11
0.80024296
9.272046e-06
1.5631262e-07
2.3244222e-05
7.357029e-05
0.96685725
1.8670682e-06
1.3322388e-06
0.0006272831
0.00022547889
0.5051679
0.9983761
8.2225046e-07
4.049265e-10
0.9972003
1.3678877e-05
6.338264e-07
0.033459
