0.9999988
0.0001022628
3.154501e-07
5.5108452e-05
0.0011966759
1.1925194e-05
1.3171268e-07
0.0033219636
5.004417e-05
4.7626676e-07
1.151831e-05
1.7148033e-05
0.037657302
9.3067e-05
1.4101795e-06
0.00082841376
6.110873e-08
8.172808e-05
1.7276474e-07
1.0030639e-06
0.0019824377
0.00012092653
0.0029691516
2.897926e-07
2.7903334e-07
0.053791657
5.7547766e-07
0.03323356
0.21858005
2.4935026e-08
0.00025717582
0.104120575
7.679304e-07
0.0001128487
0.012421878
1.3463507e-07
2.0824386e-07
0.0046334597
0.99822754
0.06241115
4.7854596e-06
3.204498e-07
6.977864e-08
0.00038648598
9.1817844e-07
0.0002205687
1.2902782e-05
0.2814572
3.29202e-08
0.008407915
1.00988686e-07
4.1548887e-05
6.3276286e-07
0.007925364
0.0003382897
3.7544567e-06
1.339271e-08
2.108631e-06
7.675145e-07
0.1886315
4.859534e-05
4.6841897e-08
0.00801875
0.005971136
3.8931273e-07
6.204091e-06
2.028471e-09
0.0011481073
0.00013338057
1.9145653e-05
0.09514923
0.024919309
0.8025685
0.99997103
4.257366e-06
0.08737114
0.00015666026
1.3290866e-05
1.2039808e-05
3.7159145e-06
1.8613935e-06
5.6375785e-07
1.4760052e-05
0.0001855609
2.4830672e-06
0.9740082
5.912161e-06
0.00019410097
3.1296022e-05
0.9870044
1.3806902e-06
0.19632982
0.000100119745
0.00041812094
0.38851902
0.9881012
0.002539241
0.00013338057
0.8062244
2.3926836e-07
5.519879e-06
6.750348e-05
0.00012141019
0.000409978
0.9980258
8.2113864e-08
9.665384e-05
2.253532e-05
0.014420664
0.008228102
0.0006716084
0.029079042
3.1729115e-07
0.0939358
4.242431e-06
0.00035726122
1.4837625e-06
0.9740082
1.982257e-05
1.2350393e-05
0.023142649
0.00012233242
0.2188601
4.0594616e-05
4.3697796e-06
0.24284694
0.009816313
0.002338175
1.3171268e-07
1.2042275e-06
1.09337325e-05
8.7660004e-07
0.13925955
3.0150673e-08
0.001005007
0.001260658
0.0013023764
1.10207715e-07
0.37339658
0.0012005023
0.021853881
8.888265e-06
1.4080068e-05
1.2745398e-05
1.3171268e-07
0.000980536
1.572505e-05
0.00019320581
0.0006070391
0.005558208
6.27657e-06
1.805969e-05
1.3583992e-05
0.009712424
0.00071822753
0.00019661935
7.3430583e-06
0.13259925
6.742904e-07
3.6434415e-06
0.012378817
4.7626676e-07
0.6110831
4.8034206e-05
3.0400477e-06
0.9833974
0.0035051901
1.7893781e-06
0.0011320313
0.006198516
0.0001804702
0.9893324
3.0819887e-05
0.99997103
1.6362468e-05
0.000117606796
0.9974969
0.19972032
0.00011851575
0.99914926
0.0021511365
1.8116943e-05
0.6183996
1.00575825e-10
0.013399731
2.0824386e-07
0.0030374944
4.593114e-05
7.783465e-05
9.845866e-06
0.0010330939
7.077036e-06
6.085935e-08
7.5151684e-07
0.000110987305
0.00067472534
3.1863615e-06
4.4609973e-05
1.2603845e-05
0.0007208051
0.9999886
0.053791657
0.9996744
3.833615e-05
0.0014134821
0.9866036
0.00018236121
3.0731044e-07
0.002539241
0.0024408475
0.00031183654
0.00017745234
0.004297943
9.974159e-06
0.00082841376
0.21104318
6.440086e-05
0.0009061465
1.2937523e-06
1.3290866e-05
0.002296098
1.7508735e-06
4.1128402e-07
0.08205615
2.4520037e-05
0.99999994
8.172808e-05
0.015464155
8.204988e-06
9.6293525e-06
1.7317368e-05
0.023612713
0.3026985
3.5118606e-05
0.0037619343
0.9999999
0.0008741511
1.2456986e-06
0.99997586
9.422044e-05
0.00012106232
0.0967667
2.4670026e-06
1.3693834e-05
4.2331615e-07
1.3312532e-05
0.0002916018
0.6183996
0.0103939725
0.00015977993
8.204988e-06
0.07896934
0.0007155985
0.19842963
0.001418722
0.022420017
2.1221142e-07
4.3343254e-05
0.79073787
8.844104e-05
3.2428653e-07
0.62656516
1.9062358e-05
4.2129678e-08
0.00010011965
3.697651e-05
6.740603e-08
1.52366865e-05
0.99888086
2.4830672e-06
0.00019320581
1.0184168e-08
0.0008694005
4.0405674e-05
9.0209875e-07
0.9996844
0.00018236121
0.018146312
0.0013885748
8.702211e-05
7.18018e-07
0.2309875
8.8636e-06
0.98541933
3.799887e-07
0.0011320313
2.0165353e-05
3.1153056e-06
8.368647e-05
0.0017606063
0.9893324
0.9941667
1.6107193e-06
0.87193704
0.00011855622
3.0897215e-10
0.0026966801
0.99999994
0.0049577546
4.8034206e-05
