0.9163603
1.7955663e-06
0.0005873465
0.00020379914
0.0016938563
0.00019037248
2.4747587e-08
0.0012691373
0.079504944
0.9999952
0.0016426891
5.3893615e-08
0.10064604
1.1733575e-05
9.077288e-09
0.0011571748
0.0029482306
0.0002688084
0.9999813
2.4231465e-05
0.00013531005
0.9235731
0.001661836
0.004077958
0.7175396
1.0291675e-06
0.0011571748
6.324307e-05
0.0001404086
0.00010433126
0.9999956
0.31669095
6.8094414e-05
0.00046909522
5.0600014e-05
9.264627e-08
0.00039366752
9.859887e-08
0.00045355308
0.20964423
0.008201676
0.48595998
0.8150053
0.83528036
2.576189e-09
0.0019371897
0.3125419
1.2522613e-05
1.8461034e-05
0.050409093
1.2313618e-05
0.9983944
0.973131
0.0002761621
9.543712e-05
5.6879e-05
0.7864209
0.0005247309
0.00010532104
0.016625008
0.9268916
7.199459e-09
0.00065041933
0.00016695178
0.98301786
0.00014320768
0.0006268627
0.96902835
0.00019431874
0.9995137
0.0120767765
0.00014529469
0.99634796
0.0015012551
0.00019496625
0.03855796
0.00015848971
0.9999914
0.044173717
2.0023568e-05
0.9902126
0.00024852538
0.004437492
0.052092813
0.065104775
0.00024518007
0.0038696814
2.2879659e-08
3.1129395e-05
1.6384233e-06
7.12649e-06
9.466071e-06
0.999996
9.769093e-09
9.615524e-06
0.000400571
0.00017679943
0.00032748625
0.99294394
4.9716673e-05
2.1271496e-09
2.7405125e-05
0.00012008082
0.985266
3.0603744e-05
0.089682266
4.794611e-05
0.015145914
0.0012543268
2.5788609e-06
3.4827949e-07
1.7568548e-06
0.00040043393
5.76095e-05
0.020644572
5.590295e-06
4.9964154e-05
0.21387257
0.00045355308
0.000400571
0.06540661
0.002228519
1.9170662e-07
0.047120433
2.3751969e-05
0.0006133842
7.7417455e-05
0.00016201506
0.005880957
2.5503796e-06
6.1698716e-05
3.441936e-08
0.42201084
3.90741e-06
0.00028371316
0.99999744
0.99634796
0.0069099544
0.9999998
0.11887938
1.9513658e-07
0.71257514
0.038944807
0.001222125
0.99988216
0.9992613
0.9983944
0.99683255
0.016267957
0.16307463
7.863198e-06
0.0034304336
0.73696476
0.0032217768
7.753892e-05
0.0037752215
9.296294e-08
4.685081e-05
7.4524316e-05
1.3589736e-06
0.0114072235
0.00496632
2.5465675e-05
0.00015079917
6.5439286e-07
0.00021040083
0.00017867581
0.99958235
0.0015209985
0.020573897
0.10540244
0.0014816307
1.9573836e-05
5.4933833e-05
1.0023523e-08
9.3526545e-08
0.00454072
9.4304824e-07
0.99959284
0.009724645
0.00029046446
2.2788952e-06
0.00049592345
0.079504944
0.0024319293
0.018431105
0.17516063
0.36848098
5.4851233e-05
1.3134195e-05
0.04631441
0.3041656
0.3313385
6.855609e-09
0.00454072
2.7207996e-05
0.00010433126
2.7527341e-05
0.032241527
0.44288602
0.0042478973
0.04827069
0.039857496
0.43954268
4.6707105e-06
1.0063206e-05
0.014748473
0.00032748625
0.12288673
0.009121034
2.1212585e-05
0.9913693
8.3040024e-05
1.8461034e-05
0.0016625125
3.8016617e-05
3.854562e-07
0.00060967234
6.855609e-09
2.6903638e-06
1.4306772e-06
5.4332304e-05
3.1464964e-08
0.00075589743
1.6399788e-05
3.851413e-05
2.0872821e-07
6.223539e-05
0.00092230324
3.724685e-07
9.794094e-07
5.895389e-06
0.04248827
0.00015063175
0.002805699
0.99998236
1.2558564e-05
0.96693105
0.9994451
2.3917806e-05
0.9982635
5.3495205e-06
1.01900014e-07
5.7609555e-05
4.2100705e-06
8.1395946e-08
0.0005247309
0.00039205825
3.3991607e-10
5.420919e-08
0.13645591
0.9984498
0.0057758633
0.00036471974
0.13944383
2.9824653e-06
0.0010465014
3.6428686e-05
0.99951714
1.3328885e-10
0.0001083467
2.7729824e-05
0.16732371
1.3223588e-07
0.0015012551
0.457538
0.5893881
1.6919663e-06
0.26362434
0.03855797
0.99683255
6.0217153e-05
0.00028222424
2.6079558e-06
3.685619e-06
1.3668249e-05
1.8283654e-05
1.5522892e-05
1.1793533e-06
0.00020808933
0.99683255
0.0043706056
4.491771e-05
0.0027725855
3.1822558e-06
4.116238e-08
0.00031836538
0.0016938563
3.695177e-05
0.204351
2.6903638e-06
0.0015876483
2.3771228e-05
1.5463437e-06
2.5398965e-06
0.00024852538
2.7908236e-05
0.92743623
0.73696476
0.0043880367
