0.9999994
0.9999994
2.6322223e-05
0.0039769816
0.23707391
8.213584e-06
3.6926801e-06
1.6265896e-07
1.0760568e-05
0.0067879064
0.0066073346
0.6276319
3.5881903e-06
3.5852622e-06
0.3111743
2.4050584e-09
2.9729465e-08
3.7825391e-06
0.00010189125
3.3150488e-06
0.002135663
0.99999857
0.66982
0.0007031504
0.9964566
0.0028171542
0.07701973
0.4466884
3.7791888e-05
0.99938405
2.5096257e-05
0.9250631
0.0045856726
0.007142694
0.0012188073
0.0027364774
4.9002047e-06
0.04167794
1.6550338e-07
0.014694111
0.20310582
0.0012357562
0.9193775
0.0006308116
0.0023669032
0.0011169354
9.045249e-08
0.03901711
0.4619883
0.006229204
0.00020847023
7.442916e-07
0.6136952
0.8365222
0.6049418
0.027055528
0.0021023322
0.99996793
0.81573397
0.95854723
0.0026711025
0.00010189125
9.8544e-05
0.72569114
2.5583e-05
0.0007688932
0.9138819
0.017000126
0.00023056827
0.0006308116
0.9799103
3.7791888e-05
0.0006926453
0.00015218082
0.8639907
0.0047102342
1.9855022e-06
1.4871596e-06
0.0057405303
0.9995274
0.997814
0.0132381115
0.0012739477
0.0038429236
2.4240988e-05
2.4866972e-07
0.0069696708
0.0048007523
0.00030978245
0.096925594
0.0749132
0.2802548
0.9193775
0.33545902
0.21202977
5.7538326e-08
2.9380474e-06
0.0008336286
0.00010289763
0.0053594946
0.52376133
0.00014765208
0.99988467
0.14541522
9.966595e-05
0.0005626748
0.35219392
0.02878424
0.009303914
0.9996302
0.012629414
8.257115e-05
5.920405e-06
0.0005066231
0.0044435086
0.0018097312
0.11419926
0.43278846
1.611145e-09
0.00096696895
0.016451325
0.9591873
0.9981691
0.00032811408
0.00014765208
1.0
0.009504271
0.04028666
0.00027726172
0.35887593
6.64939e-05
0.00032371288
0.0045257565
0.9562402
0.12216271
0.29793388
4.8493825e-06
0.04071265
0.20392863
0.001487802
0.31043705
0.004912967
8.989412e-10
0.00065422256
0.00089309155
0.00010863057
0.0069361418
1.4498185e-06
0.980769
2.5663876e-06
1.0786912e-05
5.6800673e-05
2.6482571e-06
0.9999478
0.00011174341
2.951214e-05
0.42036268
5.588306e-07
0.5383222
0.000190456
0.12862119
0.022857057
0.097561635
3.402563e-05
0.33718374
0.0008856209
3.8616483e-05
0.99998856
0.07660165
0.24460651
0.0003166702
2.4606803e-05
1.9899417e-06
2.8453735e-07
0.96487445
0.017788446
0.99994105
4.5964558e-07
0.0070238775
0.7880039
6.0016162e-05
0.0048007523
0.00039733032
0.0034315828
0.0025574553
0.00093185884
0.00030531516
0.99996316
0.0016499182
0.99455255
1.9058643e-07
0.02683006
0.00039733032
0.08886719
5.143407e-06
1.7535338e-05
0.23083664
0.00023765795
3.1897132e-05
0.26878166
0.9305475
0.0010472763
0.053059462
0.99996305
2.61673e-05
5.340124e-07
1.4241228e-05
0.0040855915
0.03198976
0.9965724
5.153492e-06
0.43975866
3.8309975e-07
5.6151595e-05
0.47157195
0.0009369847
6.6167636e-06
3.192734e-06
0.9999943
0.21899445
0.0016885727
2.3522047e-05
2.503473e-06
0.009457341
5.2372656e-08
0.0003166702
2.3567757e-06
4.779537e-05
0.4329526
0.95306057
0.66982
5.2372656e-08
0.9999999
0.980769
0.0048007523
5.340124e-07
0.003794142
0.28831828
0.99996316
0.9250631
0.00023765795
0.00021389815
0.41527298
0.6695863
1.3938806e-06
0.015466217
0.00333522
0.9998731
0.49134183
7.790906e-05
1.13188925e-07
0.99993825
0.00024551363
0.9811607
0.05556948
0.99999833
0.98570436
0.999872
0.00046465133
0.00011365843
2.4240988e-05
0.0011123609
0.00011580411
0.33950067
0.07453913
0.0655417
0.001793162
0.0011993703
0.001078697
0.004848112
0.43975866
1.7823119e-06
0.13530219
0.122694395
4.418455e-07
0.96262854
0.028472403
5.340124e-07
0.013544739
0.004811825
2.7037362e-07
0.33950067
0.03901711
4.4446083e-06
9.058869e-07
2.6097869e-05
0.66982
0.15828311
0.069762245
1.1980558e-08
0.011476108
0.00028614036
7.586511e-05
0.91628236
2.6482571e-06
6.503177e-05
7.282948e-06
0.0012468761
0.08736753
0.1460009
