1.0
0.00012607001
0.014876635
7.349794e-07
1.2579604e-06
0.00010427119
0.00064060965
1.9994366e-07
0.00222913
0.0031562725
2.666509e-06
0.00035052898
0.64038444
0.99998844
0.00012012983
9.1924354e-05
0.7868491
0.023021085
0.003218122
0.031635437
0.042742036
0.038337193
1.01129395e-07
0.00081178587
0.008539884
0.7423938
4.6319805e-05
0.000114828654
0.13201052
0.4753893
4.4228154e-06
0.2531209
0.01980432
2.150495e-06
0.0066657257
1.0
0.9967789
0.37217337
0.00010114141
0.087598056
0.0006912509
0.053947177
0.6501063
7.593909e-06
0.014876635
6.4701446e-05
0.33508456
0.45711538
0.007907643
4.51317e-07
5.7615257e-06
0.9997594
0.99999756
0.053236216
0.7379767
0.99998266
0.013943505
0.0003733576
2.9185972e-07
0.25207773
8.265748e-05
0.9981775
1.01129395e-07
0.5447753
0.006796347
0.000655229
2.666509e-06
0.976192
0.9921512
6.0161146e-06
0.004319058
4.999265e-07
5.8322516e-05
5.278894e-06
0.006466697
0.0002435654
4.739831e-06
0.0002328424
0.27378228
0.050446004
0.019450117
0.05802837
0.9913021
0.4352584
0.24704793
0.008995914
1.7512409e-06
0.034205258
0.015355548
0.02463185
9.6800315e-05
2.1452393e-05
0.04050178
0.99757767
0.00015895691
0.999998
1.934742e-06
0.00012395947
2.1250557e-06
0.0012080836
1.1869699e-05
0.0047250427
2.973169e-05
0.016601522
2.497133e-06
0.00019761661
0.050446004
0.052833464
0.0001512339
1.5897312e-07
3.257205e-06
0.01530404
5.1423587e-08
0.7982663
0.9999995
3.87884e-05
3.5457815e-05
0.065115996
0.9984303
0.0042101587
4.999265e-07
0.99956685
2.5946687e-07
0.32440415
0.009586118
0.00022280244
0.0003178486
0.96162456
0.66576344
4.605698e-05
0.99868125
0.9954327
0.029770724
5.3437947e-05
0.00022280244
0.03352255
0.0031104586
3.8187995e-06
0.0007589897
0.2172517
0.00037307685
0.96502393
0.99999416
0.00067077164
1.9745366e-05
2.577096e-05
0.18564369
0.06262184
0.28948927
0.00014217784
0.99956745
9.680022e-05
1.3451771e-08
0.0007856791
0.8924929
0.050458968
2.3856459e-05
0.20931777
8.881353e-08
0.007572538
0.050239783
3.5457815e-05
0.999045
0.00055215857
8.2843155e-07
4.2005095e-06
3.2148337e-06
8.8947087e-07
0.001760727
0.16768433
0.002268029
0.0010713225
0.9705577
0.007970304
0.00010103326
0.4352584
0.0140597
0.00011814858
0.99243623
0.075318135
0.0016349085
8.555837e-05
2.3204466e-05
0.99999213
0.6882003
2.0379207e-06
0.73085535
1.8351327e-07
0.00075497094
1.3250519e-06
0.0013743057
0.27378228
1.5092122e-07
0.022597047
5.7615257e-06
6.127528e-07
4.7919357e-06
8.076683e-08
8.265748e-05
0.47156635
0.9984948
8.667529e-06
1.3671732e-07
0.004824371
0.99999565
0.99958843
0.0002654643
0.073287435
0.035522647
0.006897476
5.518963e-06
3.7037546e-06
1.0844009e-06
0.0054257647
1.6250438e-07
2.3066511e-06
1.8006791e-05
0.21588285
2.75382e-06
1.0753024e-06
0.200976
1.5748163e-05
0.014794983
2.813291e-05
0.0024032097
0.006849601
0.0041109324
0.0047131884
0.016521968
0.0002328424
0.0006398289
1.5095236e-05
2.5276973e-08
0.0015853371
7.147618e-05
0.001440818
2.8321563e-06
2.489709e-05
1.3686215e-06
0.004484589
1.8170702e-05
0.0036748792
0.9999722
0.0018260491
4.4918393e-06
0.34321982
0.91077346
2.4036822e-07
0.000113835995
3.9205093e-05
1.6109947e-05
2.8669515e-07
0.0010660574
0.276581
2.1042969e-07
0.2949009
0.44217327
0.9613554
0.6923494
0.8109556
0.027038602
9.16462e-06
2.1849852e-05
0.00049912714
0.014610452
0.0025081318
0.0031957808
0.9783322
0.00017031337
0.0067088944
4.5794093e-07
0.9913021
0.0021793956
0.06209811
5.459821e-07
7.238888e-06
2.2001192e-05
0.029247379
1.2260514e-05
0.01779807
3.890262e-07
4.9683018e-05
1.4974525e-05
0.0030958343
0.035730183
0.00037086481
0.829489
0.0024872038
0.36534622
0.0007549645
0.9999983
0.00012489299
0.0002541707
0.075318135
0.0004974479
1.0565593e-05
0.03553451
0.000895201
0.07788094
0.31629255
