1.0
0.99888444
0.0017645998
9.684647e-08
1.8284957e-06
0.004384938
0.84764934
1.2543979e-08
3.47643e-07
0.0013739975
0.0008732853
7.463049e-05
1.7932983e-08
1.18655225e-05
0.00053459354
0.011537935
1.4721625e-06
2.5684196e-06
2.0470392e-07
0.0015430152
0.008767257
0.84775186
9.359022e-07
8.723654e-06
0.99971676
4.7027746e-07
2.8229906e-06
0.1678015
0.0036061122
2.3875367e-07
0.52533025
0.00010842938
1.6792974e-07
3.6324434e-06
2.1688872e-06
0.08115348
0.004803209
5.3256798e-08
1.974931e-07
0.25466204
0.003827304
0.0008212974
5.577472e-06
0.00033070525
0.005114093
0.022604503
7.4365694e-06
0.0074465256
2.6166298e-08
0.99999994
0.11551701
2.5277724e-05
1.4745534e-05
0.06344702
0.0013336518
0.00013759165
0.002367883
1.1853738e-05
0.004803209
0.000117128235
1.9810365e-08
0.00022554898
4.189164e-06
0.065462805
4.8938676e-07
0.13694501
6.6058874e-06
0.00011965846
0.99113697
8.114039e-05
0.000109044464
3.5777335e-05
0.0006869029
0.2806651
0.0006727669
0.0005847536
2.155783e-05
0.0027443003
3.2050078e-08
0.12354705
0.00037537847
6.353224e-07
2.5498142e-05
0.9999423
3.1607615e-07
0.9999941
1.1074816e-06
6.236254e-06
2.9356079e-06
0.003589797
0.0081144245
0.0003115845
0.7046758
0.00016402804
0.99994737
0.0416286
5.148213e-07
0.00023391738
5.1281454e-06
2.4077406e-07
0.0006632149
0.10173703
3.0892454e-05
0.0015498927
3.1303767e-07
4.851487e-06
2.0470392e-07
4.189164e-06
8.1570946e-08
0.97345376
0.000502763
0.000117128235
1.2792603e-06
0.0062732575
0.0296533
0.99783593
3.1571777e-05
0.0035166128
0.034384135
1.9771067e-05
3.026608e-06
0.4504411
2.0166767e-06
8.29222e-05
0.0019038807
0.004384938
0.011608666
0.05760868
5.7322967e-07
9.938995e-05
0.0010571697
0.0081601385
6.2032235e-08
0.99872714
0.99571323
0.19956437
4.536662e-05
0.03626461
0.9987955
0.071526445
4.0500726e-08
0.00015539685
0.022863757
1.2003332e-07
0.020820903
2.9691455e-05
8.294758e-05
0.0040822984
0.0033232395
0.0032813123
0.65926456
0.5403225
0.9927593
5.7524354e-05
0.00877384
1.4251539e-06
3.1303767e-07
1.02743115e-07
0.0025245682
0.008136214
0.9404008
0.0006304438
2.4206713e-06
1.5489324e-05
3.49841e-05
0.99998236
0.10596644
0.37613705
0.004048306
7.18824e-05
0.999932
0.0012795926
3.47643e-07
0.0009931584
0.08828246
9.820188e-07
0.8569099
5.273227e-05
7.3713016e-07
1.6906017e-06
0.00015328034
0.9981961
0.0021444368
2.361706e-08
7.274188e-05
6.897083e-08
4.7362786e-08
4.338291e-07
2.1732769e-05
0.36110044
0.9706741
0.32889092
1.4308682e-06
0.034915995
1.2090544e-07
0.061410107
0.0002617208
0.082960166
0.99994737
0.0011733437
3.3782424e-05
1.10946485e-05
0.0020798428
7.822651e-07
0.102308035
0.00367853
0.0012734442
4.1505627e-06
1.2332693e-05
5.7610475e-08
6.1091296e-06
2.7286169e-09
1.8394009e-07
4.6447332e-07
3.6044542e-06
0.00055866974
0.009816609
1.5142558e-05
7.0461656e-06
0.0051393695
0.8569099
0.008114183
1.5492027e-07
1.1031745e-05
0.0013345744
0.0027443003
0.9993985
0.99978566
0.7131451
6.816756e-08
0.00011426612
1.2183094e-07
0.005114093
0.015060691
2.4363402e-05
0.0060255406
6.0558057e-07
0.014235388
0.06593976
0.23959593
0.5000677
8.973177e-05
2.6591075e-05
2.9356079e-06
2.0962461e-06
0.87967366
4.1234416e-09
0.76844394
0.01896538
0.0017807191
0.4676873
0.0003115845
0.13243537
0.00045619305
0.0010503399
3.5298206e-05
1.7398631e-07
0.055412393
0.5192509
1.6534483e-05
0.0006632149
0.0026590037
0.032665566
1.8394009e-07
0.00010683101
0.0126650985
0.052639827
0.00054369867
4.0350365e-06
7.742868e-05
0.003589797
2.3671377e-05
0.00012272314
0.00026966858
0.9979986
0.0010533008
0.00028947808
4.7027746e-07
0.0044887257
1.1642031e-07
0.053681165
2.0888998e-05
0.0008018463
0.037685566
0.99967504
1.2907183e-06
2.722274e-06
0.9806448
4.890104e-05
0.16564228
9.167504e-05
0.9997788
1.07097485e-05
6.9185654e-07
1.05722e-06
0.033524416
0.00013021646
0.46566996
0.0021349906
0.00011965846
