1.0
4.3194117e-08
0.960633
0.00010048224
2.2188276e-05
1.3079047e-06
0.00018532501
2.827735e-05
0.23941788
1.5371043e-09
0.11662487
1.0578861e-05
0.0011138842
2.036883e-06
0.9999998
6.357491e-05
6.412369e-06
0.002665926
0.009034668
4.072035e-06
1.8295912e-06
0.9935825
5.5125587e-05
3.997519e-05
6.6793255e-08
0.0012926802
0.084755786
1.0
5.6624365e-05
8.586131e-06
2.4663416e-06
0.019622458
0.015643539
0.99977934
9.150735e-05
3.4876782e-06
0.00013552066
0.00011240032
1.5952952e-05
0.00011881505
1.8268381e-06
0.00013090466
3.159523e-07
0.0009985999
1.4790957e-07
0.5655638
0.0010116922
0.15046163
0.00021816217
0.00023442354
3.5226399e-06
0.00025240247
4.2196723e-05
2.352741e-08
1.3628876e-07
5.870843e-07
7.610514e-09
0.0018552638
1.195319e-08
0.0048853965
2.4212022e-06
2.768055e-05
0.000105938896
1.9454586e-05
1.2369866e-05
0.06384027
0.0016287465
5.4485314e-05
0.0013522415
0.9999866
0.9891762
0.0005777081
3.740898e-09
0.81040555
0.100876115
1.1597019e-07
0.9998036
0.00033201184
4.4223684e-06
3.2309092e-08
3.216655e-06
1.4327266e-05
0.008123647
1.6517839e-05
7.759985e-08
9.5121206e-05
0.28111398
1.4655324e-06
0.0051070815
0.0006253312
0.009053818
1.1322081e-05
8.853511e-07
2.1362869e-08
1.2531954e-07
0.0003060496
0.000116315736
1.9454586e-05
6.320533e-05
0.0017149362
0.00020770755
5.03954e-06
0.99989796
3.8250905e-06
0.9999833
7.0367305e-06
1.6517839e-05
0.00057988445
1.0
0.9999918
2.3847611e-05
0.118477
0.91681653
1.2195048e-05
0.49331293
0.99992204
0.9786314
0.024240972
0.99771535
4.4002904e-06
0.044940155
0.99708444
0.99700034
4.14456e-05
3.9755722e-08
0.9510249
0.005860933
2.5209403e-05
6.061283e-08
0.015356882
7.536736e-07
0.0036352528
4.820555e-07
1.1703802e-05
0.0005957766
0.0003185852
1.4486033e-05
0.9867618
0.0026467484
9.474408e-05
3.4342422e-06
0.007585213
4.195661e-05
0.0012731355
0.0078011192
0.0038780924
0.00018999874
0.11662487
0.00033201184
0.00012022449
0.28768986
0.16488245
0.5167337
0.0014926639
0.9999392
7.3651645e-05
4.9418122e-05
0.7864015
0.00055313756
7.5326545e-07
6.8554286e-06
0.41858104
2.0124e-06
0.9841571
1.2281614e-06
0.0018362113
0.09462278
0.10499521
1.0583256e-06
0.00015791618
4.14456e-05
0.0065647312
1.8617365e-07
2.2214087e-07
4.178328e-06
0.0011876408
0.012194076
0.39146784
0.87635976
0.00068999873
0.0285546
2.9474057e-05
8.240454e-05
0.0002889867
1.3314599e-07
0.00039446598
0.11686334
7.210694e-06
0.0006253312
0.9999999
0.07761704
0.00011282179
0.00039858226
0.9802758
0.0004485321
0.0077678063
0.18578018
0.11662487
0.004975825
0.00023442354
2.3528239e-05
0.7891663
0.1118353
0.00031091063
0.0024065399
1.5914104e-07
1.5778258e-05
0.9999902
6.756003e-05
0.032636713
0.0005001261
0.02349166
2.9579749e-06
6.9456505e-06
3.791448e-05
0.0024247114
0.02714187
0.00039392186
4.187982e-05
0.00017415847
0.00506709
0.98913276
0.00010699525
0.96992975
0.045833148
0.008827673
0.0002714979
0.005107084
0.9863537
0.14250211
0.51189727
8.3611615e-09
5.997435e-08
3.1346246e-07
5.6624365e-05
1.6628351e-07
0.9993415
0.0014423542
9.241019e-07
8.788968e-05
0.44861388
0.0013228492
0.012721797
8.998279e-06
0.0050512417
0.00048335007
0.5167337
0.05078153
0.00016543463
0.9878134
4.1542576e-06
0.5537377
0.012194076
0.0005602818
0.0010816375
1.5738618e-06
8.498998e-07
0.05808488
0.064168096
0.0003624672
0.00021834571
0.0052135824
0.0010188645
0.1118353
0.20639284
2.9251447e-05
0.74686587
3.454216e-05
2.6076448e-05
1.4328221e-07
0.00012852935
0.09987012
0.42452255
0.00017281839
7.091914e-07
5.983404e-08
0.85167676
9.474408e-05
0.0009122282
0.9999327
0.004520874
4.129368e-09
0.01996275
4.1544215e-05
1.7591637e-07
0.9935825
5.277085e-05
0.0018552638
0.989917
0.11479317
2.635969e-09
5.710047e-08
9.9114164e-05
0.051467303
1.6990097e-06
0.015643539
1.4790957e-07
1.8073437e-05
0.9935825
4.7834696e-08
