1.0
1.6318288e-07
0.7875667
0.00018456728
0.026065152
0.00011069981
1.0539366e-07
0.0003303832
0.06133273
1.5162266e-06
3.1320235e-06
1.1422915e-06
0.0011814018
0.0002212425
2.1120686e-06
0.00045655412
2.349509e-06
3.692828e-07
5.410837e-08
7.245809e-06
1.8260017e-08
0.00031292235
1.6498758e-05
0.9999804
0.00035054752
0.01828154
8.255605e-06
0.050250333
0.9997696
5.8181712e-08
0.00058908726
0.002169858
0.34539738
3.000244e-08
0.007741759
5.359399e-07
0.00013177808
0.9715856
0.00040372915
0.00016826885
1.7242373e-05
2.441506e-05
1.3045017e-05
0.060920626
0.000333624
0.021837039
0.1706217
1.3186128e-06
4.5222705e-06
0.028607583
6.133363e-08
0.99999976
0.005562495
3.28363e-07
8.22819e-09
0.009139808
5.821072e-05
0.9987249
0.0005645975
4.7277144e-06
0.01599696
0.00021836694
6.0503953e-06
1.0458635e-09
8.9152825e-05
0.59006447
3.701247e-08
0.24950819
0.9299322
0.005994292
0.0619739
0.0029405693
0.0001861237
1.38545495e-08
0.10363513
0.99973345
1.2956387e-07
3.3413627e-08
9.0409e-07
0.0057921926
0.0013649298
7.331397e-07
3.7981636e-09
0.031091258
0.0023965645
9.2709946e-05
1.557794e-07
0.031091258
0.0005710642
5.4928387e-05
1.7898297e-05
5.4105787e-08
9.788613e-07
0.9941806
0.022004006
7.164241e-06
2.961098e-05
0.5961206
0.000116852134
0.00908931
0.0009618335
2.6084135e-07
6.4171195e-07
0.007652632
0.0006193391
0.90346324
2.2027e-06
0.0029405693
0.07879156
0.9986845
6.5913024e-05
1.5131789e-05
0.0051302426
0.004549797
0.99998534
1.5087905e-07
1.5295136e-06
0.97593224
0.0014664165
1.8260017e-08
6.525422e-06
2.784915e-08
0.00054138637
0.16129509
7.48077e-06
1.1527673e-05
6.53606e-06
3.697034e-05
0.000116852134
5.944123e-05
0.01856388
0.00013408832
0.70910925
2.4722221e-05
0.0003055193
0.003823274
0.000468011
4.443998e-06
0.00019709987
0.00017543534
5.470006e-05
0.0002502526
4.4425233e-06
0.0071324254
3.9989573e-06
0.00011137193
0.0667438
5.009114e-06
3.981221e-06
1.6581427e-05
0.00010590172
4.96743e-09
0.9700957
2.254381e-05
0.060920626
2.122571e-08
0.0024128363
0.00045857072
4.4540988e-07
0.9760599
0.95817727
0.0003303832
0.014961766
0.9707444
0.0062141092
1.588275e-06
0.00045545807
3.8104197e-05
0.97920656
0.75816625
4.4540988e-07
0.15922408
2.856482e-08
2.784915e-08
0.25427848
0.999559
4.5079565e-07
0.0006621987
0.00055611035
1.8656182e-07
0.988167
1.5681101e-07
4.5695004e-05
0.999944
0.9959872
0.022676675
7.857014e-06
3.520165e-06
3.3094146e-08
9.246776e-07
1.6306265e-05
0.9999823
2.2343684e-08
0.34539738
0.17128949
8.947187e-08
1.1591933e-07
6.426902e-05
3.5621787e-07
1.1659447e-06
5.4928387e-05
0.08205123
1.815456e-05
0.0039188736
8.1210305e-07
0.9999509
0.22658195
0.0002418562
0.0010458217
3.90829e-07
0.0014421653
0.010064233
1.8487746e-07
1.7077511e-07
0.9935379
3.28363e-07
0.011734107
0.002720416
1.345305e-06
3.0865005e-05
8.752468e-07
6.3720036e-05
0.0005150383
0.0004195363
1.9135223e-06
0.0006621987
0.00017453184
2.9513407e-05
1.780098e-05
2.784915e-08
0.0001704531
0.7522097
0.002720416
0.00012519896
5.4494147e-05
0.988167
0.0014664165
7.857014e-06
0.00017832026
0.0011814018
0.99402165
0.0005944754
1.8191728e-06
0.0141096655
6.0146453e-05
0.9613336
0.000916746
2.7496972e-07
0.9613336
0.03539699
0.01427694
4.042224e-08
7.842124e-06
0.0003362603
0.00716614
0.13852414
1.6940145e-05
0.021837039
0.050078973
0.0020173958
0.00055611035
3.697034e-05
0.25427848
0.99984413
2.7338882e-07
1.3186553e-09
0.64810735
0.00024175755
3.956513e-06
3.0964185e-07
0.24070443
0.000110295834
2.0657347e-09
8.4821984e-08
0.0030422618
6.2230373e-07
9.654321e-05
1.11126965e-07
0.59006447
6.120081e-06
4.5079565e-07
9.931712e-06
4.704046e-09
0.014337125
1.3017627e-05
0.00016213776
0.0002240713
0.0005944754
6.548992e-05
0.021837039
6.3348834e-06
3.742416e-10
3.742416e-10
6.36828e-07
2.9922267e-05
0.02602555
0.9954434
0.018474452
1.7848492e-08
1.9498325e-08
