1.0
1.0
1.0
1.0
1.0
0.16704792
0.9667123
8.809129e-08
2.5687388e-05
1.0
7.853598e-06
0.9447141
1.6724373e-08
2.7850371e-08
0.00049560587
0.0018306944
0.011482953
0.0006053867
0.0013756912
0.00054697983
0.0045091654
0.0023602848
0.9929263
0.064737335
5.262326e-05
0.00071120524
0.0002996766
0.0005980699
0.00022821927
0.0027804172
0.0007646271
0.0032565396
0.002078905
0.0025375807
5.837087e-09
0.00034348137
0.00022170052
0.9717144
0.002497526
0.0041363696
0.68386674
1.5978006e-07
3.2633893e-06
0.00025754658
0.015106431
0.0025940693
8.640113e-06
2.1590918e-07
1.5030935e-06
0.9999724
1.5614558e-05
0.24306603
1.2910224e-06
0.7896934
0.23977731
0.34027424
9.488525e-07
0.28098986
1.4507795e-07
0.9705091
1.1317312e-08
0.0013020377
0.010602679
7.185427e-07
4.8569953e-05
2.534113e-08
0.9999985
0.00277339
9.3194444e-08
2.0016274e-05
0.39662728
0.998504
0.0704823
5.8486407e-06
1.9828e-06
0.9987958
0.0002009829
0.0010317104
7.2495613e-06
1.03645164e-07
0.013070158
0.00023766677
1.6051672e-05
0.24306603
0.0019760767
0.9731259
0.00048349015
0.001221207
3.7648075e-05
0.012100346
0.99389565
0.0018208356
7.948925e-06
4.2160814e-06
0.99983656
5.0394152e-05
0.0064313286
6.161386e-08
1.9294149e-08
0.78925765
0.008121321
2.1810608e-06
0.006411918
6.444964e-10
0.004047904
4.322917e-06
3.963182e-10
0.005996168
5.8676535e-05
0.00020613668
0.9717144
0.23678339
0.97232896
0.9999998
1.7116212e-08
0.046764415
0.020408602
0.50773776
0.046764415
0.0024001033
0.9968697
1.105572e-07
2.3788864e-07
0.9999571
1.1368194e-05
3.7083208e-07
0.9998456
0.0013756912
0.66476125
1.03888404e-07
0.0010692751
0.1499793
4.031773e-09
0.23678339
6.809448e-05
1.3785542e-05
2.8400757e-06
0.0028804373
3.3680775e-05
2.8256548e-07
1.06874e-06
0.27610213
1.0585896e-05
2.5266734e-05
0.022581823
0.0004442747
1.6288874e-05
6.495171e-08
5.250972e-05
3.948119e-06
9.06694e-09
0.012990083
6.323074e-07
0.99999255
1.0067136e-07
0.97736335
4.7044967e-08
2.2466547e-05
0.622678
0.123898596
0.0005442444
2.1572282e-06
3.8071426e-09
0.107660316
3.8241e-05
0.78925765
2.898711e-07
0.011495057
0.00703209
5.606642e-07
0.16637266
0.9999724
2.1956861e-05
1.5067171e-07
2.3326418e-06
0.999851
0.037710093
0.039359305
1.6288874e-05
0.0032985965
8.145848e-05
1.6762124e-06
0.9999724
0.14130387
0.98945105
0.00014428022
7.2495613e-06
1.8943373e-06
2.3125996e-05
3.0019727e-08
0.0012763452
1.42526595e-08
6.1129413e-06
9.0007757e-07
0.0015339099
2.6450695e-07
9.069467e-07
0.99620986
6.4073197e-06
0.0038955999
0.00049771514
0.18158492
0.2610161
3.164293e-08
0.28098986
0.0013973354
0.99923456
0.010675784
8.407826e-05
1.2347034e-07
0.019542985
2.3265802e-07
0.99205726
4.2256397e-05
1.8475035e-05
0.0002453833
5.26908e-05
4.6762185e-07
2.0387027e-07
0.069214866
0.051146522
4.99386e-06
1.2964453e-08
8.261194e-05
0.0005972645
9.574242e-07
0.54530895
4.3270725e-07
3.819987e-06
3.3048042e-07
3.7892217e-08
6.94038e-07
5.9772163e-05
0.00054783764
0.004167277
0.9829205
0.9999747
0.012614242
2.3653369e-05
0.9699593
0.04017193
0.6902227
9.441156e-05
0.12251175
0.49385077
0.00016484744
0.053449642
0.004185295
1.9953183e-07
6.8060006e-05
6.8060006e-05
0.017559255
1.6056719e-06
0.052199945
0.7685192
2.62597e-06
0.00013098583
9.808154e-06
0.0022241974
2.6194643e-06
0.9699593
0.3571572
0.034867037
0.00057330506
0.98883605
1.1929311e-05
0.0040327655
2.3194554e-05
5.093789e-07
0.00036418918
0.9999571
0.99693924
9.25476e-07
1.26189025e-05
0.0704823
0.031750273
0.030024095
6.3877175e-09
0.3584689
0.9114045
9.873659e-07
4.0351955e-05
1.5481291e-06
4.429447e-09
0.030024095
0.0010568015
1.8108263e-06
0.17888634
9.488525e-07
2.2033653e-05
0.035051644
0.0023999687
7.0137794e-05
0.00035609
7.3319495e-07
5.4878332e-05
3.2700703e-07
9.243294e-05
3.5785422e-05
0.0011760097
