1.0
0.12166125
0.52903366
0.57806534
1.2000443e-05
0.0050603226
1.0
0.0006892535
0.24121232
6.7279834e-06
0.0010225493
0.014080822
0.018650606
0.99742895
0.9999048
3.7949615e-06
0.0155504495
0.012209237
0.9999983
7.819712e-05
0.0048499946
3.0486427e-07
1.4085838e-07
0.0083146775
0.22615868
0.00034929236
0.9999613
2.9398208e-05
0.004436022
0.9999968
0.7695546
0.00054731936
0.0006683857
8.020984e-05
0.0029866388
0.00034837204
0.034721408
0.8714478
1.3903465e-06
1.7707858e-06
0.9994005
3.7872564e-05
0.004383868
0.057934713
1.2275826e-09
0.98936826
1.7660642e-09
0.00013891561
3.407102e-05
0.059068017
0.0327086
0.9894777
7.8786026e-05
0.14797276
6.935729e-05
9.182037e-06
0.0060683927
0.9660804
0.053759813
0.24509661
2.0017915e-05
0.9992545
0.9996875
0.99999994
7.241581e-06
0.2479183
1.0008908e-06
0.72661555
1.5401842e-07
0.9880621
0.00012561402
0.000194414
6.16179e-06
7.8906625e-05
0.99997604
0.0031035095
0.008066119
0.00027128935
1.29183945e-05
0.00014721122
0.06712263
0.021410994
0.9693133
7.7365075e-07
0.00021059874
0.029774526
0.096289895
0.0001784783
1.6402479e-06
1.6367149e-07
0.2149323
2.0190079e-07
0.00019210766
0.0026598994
0.0015444447
0.0009093505
0.0006683857
0.93119794
1.5207256e-07
6.919232e-06
3.786245e-05
2.993025e-06
0.01230406
0.0004641104
0.16994303
0.003470369
0.7586999
0.84098613
4.0079374e-08
0.027470168
8.893394e-07
5.3021226e-06
4.1959333e-06
0.80531985
0.8058161
0.00031930496
0.00016747108
0.13563207
0.5212105
3.8529302e-05
0.0013284354
8.776054e-05
1.5836265e-05
0.004331673
0.12166125
4.2601656e-08
3.071625e-05
1.0
0.999463
9.211007e-07
0.99616534
0.94566506
7.960228e-06
0.00087747205
0.056968562
0.00012887592
3.1292723e-07
0.52819633
0.021852612
4.098223e-06
0.0018889793
0.5280733
1.9366418e-07
0.0010749195
0.06547044
0.3471943
0.00026872792
0.99900585
0.0914859
0.004436022
0.99999994
0.9999968
0.000577369
0.45697165
2.3407454e-05
0.0029866388
0.4036226
6.782995e-07
0.99957573
1.549949e-05
0.022846501
0.012008674
1.9213017e-05
7.678749e-06
0.047760773
3.243802e-08
0.0006683857
7.130374e-05
8.020984e-05
5.7257626e-08
0.99998575
0.8513313
0.0028577757
0.004280862
0.3210678
0.6313934
6.174026e-05
0.0007893555
0.0031237674
1.5751892e-06
0.01130127
0.98979896
2.2367012e-05
4.454901e-08
9.235907e-06
0.00067273295
0.9390441
0.36421123
0.61737615
0.07935362
6.173232e-05
0.4310091
9.886599e-10
1.6612913e-07
0.04208692
0.17315681
1.1448136e-05
0.9471641
7.62317e-07
8.8770656e-07
0.0049969996
0.57806534
6.380224e-05
1.1791659e-05
0.99900585
0.0010113593
0.47234344
2.0190079e-07
7.960228e-06
0.0024059892
0.99999344
0.00068197586
0.012209237
0.99957573
0.00035949014
0.0018994857
0.0008049154
0.16140059
0.7206423
0.08970639
8.598554e-06
0.0009819055
6.877103e-06
0.00017192232
7.464707e-06
0.00020052216
1.6367133e-07
0.0028079492
4.2601656e-08
0.0914859
1.1399742e-05
0.53223115
0.9539044
0.99657923
0.31391996
6.7325846e-07
0.84098613
1.5944694e-08
1.0430655e-07
0.0040889494
0.00016158124
0.00021199629
0.004436022
0.0034294378
0.6693573
0.002803432
0.9347351
0.0016595
5.728065e-05
0.0065311785
0.6313934
0.9993643
0.9927788
0.00074103824
0.99997294
0.00028789465
1.0
0.0035204948
0.0016147363
0.00014125947
0.00050767843
0.0054866043
5.7607288e-08
5.1548188e-05
0.0006221247
2.6381992e-06
6.3792214e-08
3.5957196e-06
1.5705207e-05
1.554397e-05
0.00041989857
0.0031237674
0.021852612
1.7717011e-05
0.9930154
0.9660804
0.010131665
0.0008021665
0.00015207769
6.6811103e-06
0.0065311785
6.3042876e-07
0.00014055501
3.1463514e-06
4.8029888e-06
0.0023474637
5.1137885e-08
0.9347351
1.8279103e-05
0.024321537
0.00012548652
1.5944694e-08
0.98584896
0.059068017
3.6975525e-05
8.652489e-05
0.0005991303
0.57806534
0.096289895
0.6325494
