0.61694425
0.0011358119
3.3162036e-05
0.48325053
0.99999803
0.9981085
6.2332205e-05
1.0271846e-05
0.27031893
0.12705795
0.9975634
2.7685197e-05
6.208696e-06
0.9988305
0.9989485
0.17195919
9.071387e-07
0.45774987
0.998348
0.00015796738
0.064506814
0.999998
0.0010847843
1.1135511e-05
0.9990697
0.00018001598
0.001081961
0.00014138641
0.018313952
0.017857993
0.9999841
8.75581e-08
0.0004990075
0.0008427527
8.2541965e-06
7.403317e-05
0.0002638713
6.2973953e-07
0.0124248965
0.9999791
1.3721705e-05
0.0002670066
4.8780013e-08
1.5091157e-07
4.724271e-06
2.9033588e-05
0.0037881846
1.6390094e-06
0.09532569
2.5161895e-05
1.2281687e-08
0.00013460845
0.056976028
7.591872e-07
0.008955928
0.00086544605
0.113287695
0.53465647
6.127291e-05
0.0006492965
0.07056185
1.505696e-06
0.10446327
7.2570047e-06
0.0038269805
0.0006492965
1.0
0.002738352
0.0002753193
0.00014287599
0.00014638688
1.5595688e-05
8.7828885e-06
2.5083768e-06
0.38853797
0.00028632727
0.00015796738
0.9901185
0.0023019428
6.097734e-07
0.001029087
0.00462242
2.8349497e-05
1.1515334e-05
1.6712707e-07
5.9245536e-05
0.18110856
0.00041012166
2.1022535e-05
0.00081009854
0.16948265
0.99993396
0.0002033275
0.00025100773
2.4931092e-06
2.041483e-07
7.608688e-05
8.235922e-06
1.1002683e-06
1.8843171e-05
0.9584122
0.00057428924
3.451987e-06
2.4349907e-05
0.47700116
0.99948657
0.001444156
0.0041689393
2.792503e-06
0.92917824
0.996358
3.181681e-05
0.8406895
0.041326985
0.00075081247
5.946259e-07
0.0001552523
2.3130586e-05
2.9362693e-07
1.2833784e-06
0.99112564
0.02225126
0.00017690194
0.97977054
0.0012737426
2.6993202e-06
5.0312706e-06
1.4930919e-05
0.0010817354
0.9918972
1.8903143e-05
0.00019858427
4.834201e-06
0.1780986
0.6572157
0.0009909741
9.36565e-08
0.7178651
0.056976028
1.2442594e-05
8.8961876e-08
1.614998e-08
9.36565e-08
1.1426626e-05
4.8320253e-06
3.5605215e-05
9.908099e-06
0.00038194915
0.0015961956
4.7837165e-07
0.0057418505
0.000247338
6.176665e-05
3.7161232e-08
0.06751336
0.66585624
9.7436176e-05
0.17215669
2.7674996e-06
6.3006315e-05
0.0005324277
0.26314124
6.7648216e-05
0.5169821
0.000414049
0.0016064347
0.26647666
0.9981826
0.9784465
0.02369888
0.0009202711
2.5243596e-06
5.946259e-07
1.0816009e-06
6.490594e-05
9.673967e-06
1.2547657e-07
1.516212e-06
1.252265e-05
0.00011577827
1.1990416e-07
1.4835919e-08
0.07578846
0.009266442
3.680445e-05
9.639078e-07
0.9629262
4.360313e-06
0.00072353106
0.03030876
0.0010541882
0.024768127
0.00029296224
0.0033791678
0.016983822
0.14003347
2.6551509e-06
0.00017667741
0.12705795
0.966588
0.06082277
2.55132e-08
0.042996146
9.576503e-05
3.251646e-05
0.00014170818
2.024288e-06
0.8823809
3.7183443e-05
3.805983e-08
8.050152e-07
0.0010817354
5.2917744e-07
0.99978524
0.11506198
0.05494276
9.40831e-06
6.552503e-05
0.14046723
0.0009725078
0.0004998854
3.181681e-05
0.06777914
1.2452325e-07
1.1515334e-05
6.142893e-08
2.510076e-06
0.00014138641
0.00021728053
0.00027313226
0.9990697
0.008404748
0.0005388881
1.5314664e-07
0.0957987
0.000772564
0.04233358
0.00016368307
0.9998359
0.00012280882
2.5522446e-05
0.999944
0.829408
1.614998e-08
0.0005487386
0.00033733883
0.14046723
0.009027231
0.24676841
8.532887e-09
0.0010197666
6.1330047e-06
0.98096704
2.6840615e-08
0.9975152
0.008955928
0.99999917
0.0027957058
0.00010236367
0.9991384
6.920961e-08
2.461253e-05
2.076619e-05
0.9999995
0.00017690194
0.0033373574
9.141088e-05
5.640047e-08
0.18693142
0.009993161
0.11506198
0.94203204
0.0005385192
2.8766826e-07
4.1570527e-08
6.657988e-05
0.99948657
4.8116357e-07
3.680445e-05
0.105306074
0.00011870973
5.496695e-08
0.0026473752
3.7411392e-06
2.6199314e-07
0.45601758
0.0003099272
1.103021e-05
1.2220579e-05
0.057284713
0.008069042
0.0015774395
1.0114035e-06
2.2380134e-05
0.0038681047
2.4390474e-06
0.002834401
0.00016531495
0.898707
5.095874e-05
