0.99963236
8.4667125e-05
3.0948657e-05
0.09288555
3.1567417e-06
0.002753893
1.5248605e-05
1.1726241e-06
0.00012089425
0.8938668
0.81764644
0.001583986
0.00028264942
0.27166453
1.02217355e-05
1.2312185e-05
0.016651714
5.334045e-05
0.00041424285
5.466346e-05
0.9999342
0.031000422
4.616521e-09
3.730814e-07
1.0195664e-05
5.448339e-05
0.0057362616
0.002126956
0.00044639982
0.0017627546
0.00029830975
0.0027653726
0.99999994
0.0015137381
6.956555e-07
3.286189e-05
0.786528
2.4343694e-09
0.97251076
0.00045951086
0.053881895
0.013419401
0.0009483777
8.346569e-08
1.6547257e-05
0.000117627205
0.77562386
0.00067849853
0.007192511
1.3376404e-05
0.00025647893
9.115935e-11
0.00022365934
0.00700916
0.06344624
0.96445405
7.499561e-08
0.18447077
0.0003146281
0.19574597
3.3041575e-05
1.9456702e-07
0.00013469561
0.99934816
1.6223371e-06
0.98440534
2.1728068e-08
0.994244
3.7256064e-05
0.0037179694
0.994244
0.9886282
6.1359113e-09
0.007208788
0.5459229
0.41980717
5.4790224e-05
8.426825e-06
0.00016112368
3.5995853e-08
0.99988955
3.7217713e-05
0.35100216
0.014072655
0.00096452096
0.7420574
3.2139636e-05
0.17404453
4.304622e-05
0.0009483777
0.0016384793
0.9999923
6.0388928e-05
0.0045134462
2.8761031e-08
0.00038817676
0.012684277
5.2172156e-05
5.761135e-07
0.0023020501
3.061057e-05
0.0002432484
1.4346531e-06
9.566345e-05
0.00016326531
2.5386469e-06
0.013149693
3.845228e-06
0.49684915
1.981756e-05
2.2604829e-07
8.3485465e-06
1.0
4.451878e-07
4.0637565e-06
0.026798137
0.8868984
0.4920094
0.0005247294
1.7380438e-05
7.5359626e-06
0.00061532523
0.0045134462
0.0075070136
3.7256064e-05
3.960658e-06
9.566345e-05
0.0008636535
0.79787797
1.7848514e-06
0.99979675
1.569069e-06
8.20624e-06
8.70557e-06
0.00016998404
1.5061876e-05
3.1526818e-07
1.887469e-07
7.366169e-05
0.0001473084
1.6420745e-05
0.8485072
2.6198994e-09
0.77273273
8.056111e-06
5.301688e-06
1.453984e-08
0.28236046
0.0026919113
5.052453e-07
1.8110495e-07
0.018338734
1.3928681e-06
1.8277395e-05
0.0012489514
6.655565e-06
2.823634e-06
0.0030789273
2.9058961e-05
1.2312185e-05
1.66912e-05
0.93786824
0.7562901
0.90665483
0.18128064
1.3225826e-05
8.426825e-06
4.6275845e-09
0.0012489514
3.918478e-08
4.5664056e-06
0.9998215
9.2331703e-07
0.67135936
1.4992223e-06
0.999965
0.0008219465
0.99818903
0.013303211
3.836702e-05
0.0003541084
0.0035825572
0.996963
0.00032804557
0.00014942378
0.12128998
1.4476286e-06
4.2588584e-07
1.8674848e-05
6.6056145e-08
3.3373792e-07
6.0450157e-07
0.9999271
4.9949147e-05
9.279795e-05
0.0055221007
8.684139e-09
0.0041499035
0.00045951086
0.0027679026
2.875843e-07
0.00017823068
2.092583e-06
0.0023957416
1.0808702e-05
0.00060876686
0.007134053
3.3709817e-08
0.1628234
0.00017823068
1.3376404e-05
0.0056019025
9.783745e-05
6.0450157e-07
0.98286754
0.09775009
1.1938089e-07
0.00041424285
7.0494593e-07
5.704631e-10
3.734058e-05
0.00011088025
4.481171e-07
8.016136e-05
0.0035563528
0.0050404402
0.0015137381
0.05599812
0.054073036
0.874832
2.785383e-07
2.577922e-05
0.010953903
0.002126956
5.0718727e-06
0.9886282
0.00086732785
3.6573318e-05
0.0031699063
0.9996518
3.719907e-06
2.9392476e-07
1.11940935e-05
6.4851076e-07
1.2411769e-05
5.122959e-06
4.5941655e-05
7.002946e-05
0.0008272526
1.3822111e-08
0.05924701
0.016475352
3.8409777e-05
1.1216866e-05
2.5382718e-09
0.0013211413
0.0048384573
0.9786772
0.07494943
0.00035929537
5.052453e-07
0.1409892
0.00010061916
3.9794864e-05
0.047080602
0.0003439742
5.301688e-06
0.010938262
2.670522e-07
7.484652e-06
1.8674848e-05
1.499752e-05
5.212024e-05
0.0022128273
1.263781e-05
1.5450494e-05
0.98357624
2.9392476e-07
0.9997255
1.4992223e-06
0.0026709652
0.11560876
0.00062059413
0.99999994
3.278335e-08
0.99988085
8.016136e-05
1.8070758e-06
4.744163e-07
0.0017627546
0.00020998878
0.004176328
0.0001971728
0.13244602
0.0027653726
4.91179e-07
0.12789012
0.041075327
0.0004083595
0.040654887
