1.0
0.9999982
1.0
0.9999923
0.9999711
0.93705547
0.9999518
4.2186904e-05
0.13404058
0.095099516
0.007547134
0.16644862
0.00012109039
1.5830051e-06
0.08389876
1.5381045e-05
0.2411161
0.0044680447
0.06768817
0.012586052
2.916379e-08
1.8753235e-06
1.1395125e-06
2.761037e-05
0.05420005
8.938317e-08
0.000683014
0.99996996
7.6336096e-07
7.705244e-05
0.10191485
3.7472023e-06
9.509793e-06
1.0
7.2555673e-07
6.684433e-05
0.10829703
0.00023078425
0.00023078425
0.9889255
0.2681711
0.0011900098
0.0005724069
4.1266962e-06
4.4401582e-07
0.973693
0.0012722004
1.00940015e-05
0.00036741648
6.6725715e-06
3.7661792e-08
2.9342812e-06
1.8904536e-06
8.836438e-07
0.9981435
0.00410219
7.361963e-05
0.0005188895
0.9957245
1.3395188e-08
1.3656679e-05
9.509793e-06
1.6972512e-09
0.0022708187
9.689913e-06
0.00045057107
0.90794116
3.9449584e-05
0.39854124
1.8218274e-06
0.09424499
1.5224193e-06
0.0044907974
2.181508e-06
0.0022160555
0.19813177
0.00023098062
0.008438342
1.1769409e-06
0.99994344
0.00479314
0.001241147
0.029333953
7.163394e-05
4.2284432e-06
0.039257824
0.000182617
0.0007887979
0.9999441
0.9963446
3.0855354e-05
0.065061
7.719027e-07
2.1925078e-05
0.00015597313
0.0009831435
0.00010891934
0.99999905
0.016760506
0.99730206
2.8416741e-06
1.4946312e-06
0.00033783106
4.0342061e-07
0.002229849
5.680929e-06
6.288824e-05
0.23689444
6.2488716e-08
0.019389829
6.9906103e-09
0.9999989
0.00028147802
0.0020740693
0.0004269211
2.8228154e-08
2.2054135e-06
4.2894804e-05
0.029683033
0.00011189951
2.5213233e-06
0.99863136
0.00060077995
1.5675088e-05
2.7294413e-07
0.11589093
1.3462007e-06
0.00054947863
0.01348602
0.16576761
3.7533713e-08
2.12831e-07
0.0022708187
2.5622505e-05
0.0075421818
0.0007398055
0.05420005
4.9629147e-08
0.0014219736
0.0613595
1.3594765e-06
5.5055824e-07
0.0003787289
0.9995246
0.04936916
6.920446e-06
0.9999799
4.297194e-06
1.2386581e-05
0.9997621
2.5448633e-05
3.440812e-06
0.04100424
1.2314571e-06
0.005187158
0.0006098659
0.007594767
0.72094506
0.9694743
0.050107062
6.3643274e-05
3.0230885e-06
0.00024028406
5.7820238e-05
0.0075702523
0.0009866703
0.0047508283
0.985718
7.96616e-08
6.9399895e-05
0.0009792565
0.99999994
0.03190856
8.524987e-05
8.3670834e-08
7.4412196e-07
3.9945288e-08
0.0013096443
0.0075702523
0.913482
1.8277111e-06
0.00073148805
4.9523997e-08
0.96312696
9.455161e-08
0.43081197
0.011476568
0.0027230745
4.9144646e-06
0.0005145518
0.9896221
3.377841e-06
0.005143733
2.665475e-05
0.03141869
0.4692366
0.05735259
5.80224e-05
0.99999017
1.3395188e-08
5.558166e-05
0.96309924
8.6071625e-05
0.19953787
1.235162e-06
0.8919153
9.0105664e-07
3.3230543e-05
3.1856202e-06
0.00024295357
0.011636689
6.1911596e-05
0.013392055
0.0029637052
1.2002489e-06
6.9906103e-09
0.079216756
0.00081212516
0.0015926812
0.0012691481
4.8189468e-05
5.7957808e-05
7.6595454e-05
0.83802587
5.202842e-07
0.009160733
0.999962
6.869864e-05
5.1916544e-08
0.9776434
0.00039155214
0.99998915
0.9999999
9.2743835e-07
0.0075421818
5.5374367e-06
0.36880407
0.2662301
4.511441e-06
0.00024338085
0.27693298
0.00029743594
0.00011405483
2.3973116e-06
0.35297915
0.00037986517
0.0019856412
2.2647907e-06
2.1911364e-05
0.00010891934
0.0009767918
7.601131e-05
1.7451026e-05
0.9921864
2.3340026e-05
2.9342812e-06
3.3572738e-05
0.00012895017
0.99997884
0.00015597195
2.0884476e-05
0.065061
4.7873675e-07
8.112213e-06
0.85439
3.428032e-05
0.0028109737
0.0003075325
6.607631e-07
5.780612e-10
0.0036714345
0.03380869
0.0013077385
0.000182617
0.0018855187
0.00015952328
3.8616996e-05
0.2795912
0.0013077385
2.454227e-07
5.6629855e-08
1.2747328e-08
0.99991596
0.038983602
0.00034278556
1.8451123e-06
0.0047508283
3.8955295e-06
0.8129397
2.9114693e-07
7.881157e-05
0.14827164
1.7896067e-06
0.06935149
6.288824e-05
9.242421e-05
0.0002934369
0.0015713336
0.4692366
0.0009236104
