0.67087877
1.0
1.0
0.995586
0.54727733
3.288302e-05
8.960104e-06
0.47013366
0.00059003016
6.889746e-07
0.098106496
5.7934717e-06
7.152186e-06
0.002043948
0.005024944
7.7230396e-07
0.0009816942
2.8717403e-07
1.2071688e-06
1.0
0.00053292676
2.0323569e-05
1.3850825e-05
0.1417409
0.0009431267
0.004767191
9.702922e-06
0.0013078344
1.1967073e-05
4.8943757e-06
0.0024821989
0.040435426
0.00020951839
1.0
6.558968e-05
0.98912257
0.0037975626
8.019095e-06
4.8349513e-05
0.0017856777
6.2350155e-05
0.99920934
1.5382833e-05
9.7545635e-06
0.2801146
1.9010661e-06
0.0345653
3.2665903e-06
7.394377e-05
0.00237014
0.99998355
1.8880105e-06
0.9837366
0.12641191
0.6373785
7.721692e-07
0.002151378
5.8501137e-06
8.9051115e-05
1.0
0.99994695
0.0016926796
2.1014564e-06
0.9365968
7.736927e-09
1.2492721e-05
0.043541305
0.3551045
0.7109342
0.00032233138
0.21655615
0.000113182774
0.0002594406
0.9899174
0.028522156
6.112497e-05
0.99997866
1.0
0.99999994
2.3073977e-08
0.00027724798
0.0038144505
0.5060188
0.00020160455
0.68596816
0.0010326186
0.00014124143
6.3354937e-06
0.0020993713
0.028273972
1.1216417e-05
0.012639538
5.5814467e-06
0.00027724798
0.8197152
1.7169497e-06
0.0052499413
0.00065515726
6.333781e-08
0.00037801143
0.15385333
0.012582443
0.00015372575
2.2796148e-05
0.003760173
0.0039173793
0.98220474
4.8270827e-05
6.1101135e-05
1.0
3.2949806e-06
0.5979437
0.007421987
0.034565307
0.0051336363
0.00024215918
0.015435534
5.62082e-06
0.7323721
1.1161517e-06
0.00065971114
0.9999913
0.0001554379
9.9902984e-08
0.027987005
0.00036563777
6.0459024e-06
0.0009740281
0.00029408108
0.003853829
2.5904656e-06
5.4736995e-07
0.00018285746
0.14831004
0.0043415036
0.61216086
1.972506e-05
0.0001334134
1.3771512e-07
2.0121072e-07
0.00088794826
0.019760307
9.591387e-07
8.823336e-06
0.019896362
1.7169497e-06
0.029679958
0.00014124143
4.1389238e-05
0.0060383314
0.85112566
0.0065334872
0.073540434
0.7822124
0.0016552291
0.0011948143
0.1205402
5.688369e-09
0.00028056145
7.199189e-05
0.028402347
0.00012344448
0.25849065
3.6143774e-07
0.9044396
0.003045247
0.00037871065
0.7109342
5.533753e-05
0.0045635765
0.49290788
0.00022362053
0.010944702
0.99364495
0.06387797
6.9642934e-05
0.0006558038
7.721692e-07
0.09573651
0.119905196
0.12663047
0.002070273
0.0002842669
0.0016979397
0.50395614
0.99997866
0.011960817
0.24509476
0.0012963569
0.9998207
5.043648e-07
0.9044396
0.0011536161
4.2133377e-07
7.3674205e-09
0.99196404
0.9999555
2.0528294e-05
7.070208e-05
8.210741e-05
0.043687973
0.27783707
0.03729282
0.00111179
0.9999688
0.9914529
1.79278e-05
0.00010329401
0.00049049256
0.96029836
0.00048426894
2.9902952e-07
5.645611e-07
0.50726473
0.9474608
0.00837711
2.1306617e-07
0.0009816942
0.000768234
2.979993e-05
1.4139837e-06
2.771382e-06
0.0035521444
0.08467796
5.845568e-07
4.0959054e-05
4.2355435e-08
0.3551045
0.0017651073
0.00111179
1.3164751e-07
0.0084905075
3.5759324e-05
0.00017647569
0.99998564
5.74888e-06
5.43997e-05
0.0014582507
0.19491148
0.0013743411
0.0049860417
0.06387797
0.021910207
0.9960622
3.2892873e-05
0.8197152
0.012639538
0.048960622
5.8415835e-06
0.017774645
0.17778538
1.5069247e-05
0.16415977
0.46526223
8.823336e-06
3.286349e-07
0.007493713
0.00028181312
0.9966774
0.0024712617
0.1205402
0.029644862
0.9498946
0.009795293
0.009645351
3.5015455e-06
0.9929955
0.9365654
0.99395686
7.783517e-06
0.009795293
2.2194732e-07
0.009680223
0.00020315348
8.69023e-07
0.4373277
0.0053170198
0.034993492
1.5382833e-05
1.1967073e-05
1.0
2.941507e-08
2.1014564e-06
9.092769e-05
0.99926794
0.009388114
0.14733127
0.00054968713
0.93963075
0.0025211077
0.021910207
4.1991157e-06
8.664215e-10
1.9436042e-05
7.070208e-05
0.0003674874
0.9986896
0.00014561786
6.9114762e-06
0.0042137005
