0.8748452
0.48243567
0.0067153703
0.016469419
1.7250851e-08
7.611416e-07
6.8401995e-08
0.00052470015
0.0007761924
0.0018882225
0.004595412
0.2997856
0.00042815984
1.3657609e-06
8.4337385e-05
0.0099932365
0.007074003
0.024845615
1.5629725e-05
0.00023744912
1.029991e-05
0.72452337
0.6777933
0.10921456
1.3375321e-06
0.124161586
2.643793e-06
0.0602628
0.9995031
1.8738932e-06
0.00035179223
0.00039130717
6.421793e-06
3.6923034e-06
0.00049971434
5.4356387e-06
6.497637e-07
4.3308974e-06
0.004480461
0.011496243
0.99761844
0.9996036
0.0045656348
0.33068195
0.0067950725
0.00095491274
0.86022246
0.00046401858
0.00016495783
2.5330762e-10
0.0011261668
0.27023312
0.0015321713
0.02215486
3.3388e-06
2.7090273e-06
1.02421644e-07
0.00010423639
9.679814e-07
0.0002480756
7.022232e-05
4.671603e-05
0.525814
0.519658
0.9999024
0.00021828117
0.00053726765
0.86022246
0.19595659
0.030002294
0.00027401515
1.5252882e-05
0.18294798
0.00046361846
8.845226e-08
2.3231502e-07
0.99549574
0.013236852
1.0
0.0007351363
0.048949707
0.000534802
6.9327725e-05
8.794787e-05
0.0004419755
0.00011724836
5.752308e-06
0.9991377
0.40489072
0.0026794816
1.5948326e-05
0.00018135722
0.012554127
0.00013232205
0.039716788
0.99219257
0.2994968
0.9999982
9.737584e-08
1.5164738e-06
0.15439361
2.9499986e-05
1.0623973e-05
8.02377e-07
3.2154776e-06
0.1613314
0.0005390432
9.375618e-05
0.340818
7.3146957e-06
0.50437725
0.65861535
5.677235e-05
2.7940828e-06
0.0003359437
0.9999897
0.2102721
0.00010799064
1.1492921e-05
1.2805487e-05
0.014167637
1.02421644e-07
0.34900782
7.425783e-06
0.8080619
0.026976576
0.00010799064
0.000996751
0.03838836
0.9999999
0.022704327
0.29567227
0.4233795
1.3375321e-06
0.0022902242
0.23286048
0.0001193674
0.014336343
0.0026074117
0.0018246572
0.0020756747
0.7565933
0.0003617302
6.2925424e-06
0.0035597156
0.00012210551
0.0004901874
0.25902256
0.008306393
1.1827337e-05
8.614958e-07
0.99749917
1.1414197e-07
0.0073361252
0.0017347405
0.03785928
0.0001539584
6.4864184e-07
5.5620735e-06
3.908946e-07
3.5803491e-06
9.794882e-08
0.7155772
0.0012033284
2.938731e-06
4.080452e-08
5.2697636e-05
3.246276e-05
0.0005107316
0.99996114
6.618844e-07
3.243875e-05
0.050591026
0.6583775
0.9951488
2.0706586e-05
0.008306393
0.07277191
0.0023278035
0.02215486
0.25778568
6.605107e-05
0.5442223
2.938731e-06
0.0034883851
0.028863007
1.0
0.60609156
0.99999505
2.3649889e-06
0.00026155615
7.243067e-05
0.007721573
0.58116627
0.00015780088
7.078549e-07
0.99667466
0.0004419755
3.6986964e-06
2.938731e-06
0.7612364
0.05711776
0.16327167
0.00021828117
0.00010799064
1.3682148e-08
8.549915e-05
0.0010053623
0.00046488436
2.3648485e-07
0.46085608
0.04145352
2.9735824e-07
0.9999493
0.2994968
0.021825014
9.983827e-07
0.00041648612
0.00035179223
0.34739986
0.25902256
5.7075526e-05
0.9631313
0.29567227
1.7922063e-06
0.04845086
8.573677e-06
0.36473766
0.89330506
0.90814227
0.011496243
0.97889704
0.010563798
4.1963733e-05
1.3028706e-08
5.9348145e-07
0.7984222
0.01742226
2.0009022e-05
0.0010826002
2.9313253e-07
0.08792148
5.752308e-06
0.00257237
0.00036922688
0.99312174
0.99951434
0.016733158
0.99812865
0.7984222
0.8080619
0.33514977
0.0010325644
0.00804213
0.0023104807
5.8973574e-06
2.5580755e-05
3.1166404e-05
0.82491535
0.0006482883
0.00021327965
0.06411221
0.9994733
0.9898588
0.32604852
2.1347814e-06
8.6020464e-08
0.0025759155
2.3231547e-07
0.8949551
0.008273527
0.00014161984
0.059544522
0.87619936
0.0007448221
0.18729724
0.80318654
0.7984222
4.4608485e-05
0.001506858
6.5429454e-06
0.011861663
0.00041255442
0.8130595
1.5603275e-05
0.9634841
0.9951488
0.002602736
0.29567227
8.9033536e-05
0.20085318
7.891032e-08
0.9998787
0.0027057133
0.00021927284
0.03810495
0.0848823
0.23281357
0.0045784605
0.124161586
