0.006580738
3.4148958e-05
0.0006631078
3.4893148e-06
2.144139e-05
2.0348082e-07
4.5044766e-05
0.00012282253
0.076003954
4.1430184e-08
0.7171796
4.354477e-05
6.875343e-05
4.5001484e-06
5.8384838e-05
0.012069667
8.9543555e-06
0.002816668
0.5161375
2.6356135e-08
5.904554e-05
0.16100302
0.0073904144
2.2227627e-05
0.00017307945
1.4687071e-06
0.21487434
3.7035775e-08
4.8178804e-06
1.0
2.0334264e-08
0.10414731
0.0040510376
1.8880432e-07
0.058958482
0.00043218298
0.9809038
0.920976
0.046381813
0.0007538667
5.8904043e-06
2.0116173e-10
0.49435237
4.889202e-06
0.0006807418
1.324851e-06
0.00132056
0.0069862343
0.056794573
0.042664237
0.13713191
1.8139701e-08
3.5909212e-05
2.3670488e-09
1.8912976e-06
0.97407824
0.0005446328
0.99725324
0.00024146405
0.054237045
2.2424863e-06
0.99979115
1.0122511e-07
0.0058120135
2.7831744e-05
0.00033944755
0.26335847
0.00030888122
0.0032703732
0.00015762402
3.6696122e-06
3.1868813e-06
0.482406
0.010350211
7.3338138e-06
8.657342e-05
0.9983424
0.00029255697
0.0014861843
2.2802627e-05
5.8601545e-05
5.7306245e-08
0.0007210899
0.005222729
0.11821077
3.2195024e-09
0.09140804
0.5121131
0.99999994
6.5016e-06
1.1141875e-05
0.9722656
0.0003696853
0.008324119
0.0028541393
0.00061366137
1.3917644e-07
0.9968567
5.0142853e-06
3.623162e-05
0.0005370693
0.58703685
0.0015721209
2.0987675e-07
8.415778e-07
1.2875714e-08
0.00016475693
0.00061366137
0.99725324
2.5762998e-05
3.0572326e-05
0.0008625264
0.0008073651
7.3783245e-05
0.0020645582
0.014679606
0.39590454
5.616051e-06
0.0044806316
1.675062e-07
0.9324387
4.7100824e-05
0.10226376
7.177623e-05
6.9150366e-07
7.638884e-06
0.3122248
0.00033591763
0.14940812
0.006438087
1.3685779e-05
1.7532565e-07
4.556833e-08
0.005959554
4.743295e-06
2.8132213e-06
0.01256825
0.6671934
0.99999803
0.007641949
0.0005727267
0.99776536
0.0012043363
0.00020461457
9.500626e-05
2.9761832e-06
5.5065134e-06
0.00015314828
4.767562e-07
0.0002909631
2.3052498e-05
0.009580905
5.8904043e-06
5.023285e-07
0.0001423352
2.2568306e-06
1.09929715e-05
0.00043218298
0.29132622
1.7408107e-05
0.004583605
1.2179312e-05
1.6095456e-08
6.604262e-06
0.05157988
1.138804e-05
0.4321964
1.0621684e-05
2.2424863e-06
2.282878e-05
0.9934291
0.00052452285
0.8158704
5.319192e-05
8.5423535e-06
1.1097907e-05
0.9999697
0.0003783579
7.0518263e-07
1.2565919e-05
0.9999745
2.5946169e-05
8.753238e-06
3.713603e-05
4.815712e-06
0.05690062
0.9882928
0.0072254986
1.4880498e-05
0.9999697
0.33098617
0.009003782
0.0011866343
0.0005679392
2.277721e-07
0.008324119
0.018885102
0.9983178
2.4031804e-05
0.2238349
0.99989295
0.0011866343
5.490384e-06
0.29713985
0.00061366137
0.00015262187
1.6334731e-06
0.97140807
0.0004203854
0.00043218298
0.0017558326
1.24005755e-05
0.74037635
0.0019592077
0.9893387
0.5257738
2.3670488e-09
0.006819645
3.6696122e-06
0.0010256154
0.0016072755
0.0003886318
0.2069319
0.0013698192
0.00018275129
1.092112e-06
0.0019892636
2.902974e-05
1.2875714e-08
0.003065777
1.8779558e-05
0.99944544
2.880966e-05
0.00039267092
1.0150483e-08
0.9942392
0.0036092764
0.00020076513
9.945985e-07
2.7542242e-07
0.00024146405
1.2030956e-06
9.1099606e-10
1.18414e-05
0.28228363
0.0010146879
0.17167516
5.288528e-06
0.00019999097
0.03383042
1.8779558e-05
0.19750011
0.99999994
0.0010850964
0.0003886318
8.464434e-07
0.011407627
0.004189803
0.9882928
4.2928008e-08
0.48278773
0.0002629807
0.9906776
7.4602094e-06
0.0018065254
8.441097e-07
9.1981065e-08
4.4092104e-08
0.0019040711
0.00012689242
8.441097e-07
7.660392e-05
1.9298497e-07
0.006944933
0.0036109744
0.00020461457
0.00017307945
0.84015703
0.8681148
0.4573327
1.0
0.00035498198
7.366257e-08
0.0015570965
0.05851815
2.4324638e-07
0.01476181
2.0241124e-08
0.0057225744
0.0038141063
1.0710321e-05
0.00036563707
0.26965222
2.4241631e-08
0.0025215656
2.3027844e-05
7.6016954e-07
0.00020982706
0.005102427
0.9906776
