0.99999976
1.8215154e-05
5.5979333e-05
3.6469935e-08
4.334914e-06
1.9055859e-06
6.664501e-06
0.0057643987
9.167298e-08
0.006500367
0.023190655
0.40933055
2.3890769e-05
0.9984609
7.544861e-05
0.023783887
0.00049805327
5.757847e-05
0.027165929
0.0045542563
0.020709975
4.2323163e-06
4.5837664e-06
6.4034895e-05
0.00010112752
4.2742948e-05
0.003323538
6.131028e-06
0.15848257
6.106143e-08
1.4607687e-06
0.00028344226
0.013114357
0.008438782
5.359232e-05
1.4792449e-05
0.7074732
3.1678428e-06
0.00046611836
0.022938155
5.890719e-06
0.000107485386
0.5547675
0.0020926602
0.0031920143
0.0009052252
7.009253e-05
0.99999964
0.48514116
0.8889146
0.7906214
9.043393e-05
0.00046611836
0.011257461
4.357559e-05
0.40719822
0.020009777
0.036612287
1.1004048e-05
5.0978077e-08
0.0010877573
0.99984473
0.5046324
0.092590205
5.8369696e-05
3.8900384e-05
0.33624262
1.5237961e-07
1.1333737e-05
5.6477775e-06
3.364572e-05
1.9176754e-05
0.86461884
3.2013057e-05
6.496051e-08
6.2577733e-06
2.4110545e-06
0.08232993
0.00036881826
2.862995e-06
0.0010113983
0.16607662
0.007478181
0.04473168
0.00013630927
0.9955842
0.22148636
0.0014124708
0.00019095915
0.22086564
0.21006986
0.0054702447
5.5570723e-07
0.9355553
0.011522032
0.033388954
0.0027748449
0.00557091
0.01624864
0.0013808326
1.8549537e-05
3.5679583e-05
0.039013688
2.729079e-05
0.1524625
3.3831526e-05
1.8726785e-06
0.0005035333
7.8422185e-05
7.495609e-06
0.00015450195
0.031266183
0.0050446866
0.6178273
0.007679057
1.081159e-07
1.2197619e-06
4.5826837e-05
0.001234472
0.000275043
3.4433986e-05
1.4432806e-07
0.99763215
0.00061834435
7.9998084e-05
0.9999834
0.2939594
0.9298029
0.0115115885
1.3256902e-05
1.1333737e-05
0.99998266
1.6070171e-09
7.220584e-07
1.379691e-07
2.0352738e-05
0.7074732
4.341225e-07
0.99902785
0.00014582682
5.617313e-05
4.6764498e-08
6.496064e-08
0.6189517
0.60916543
4.2742948e-05
0.0007480708
0.16209744
9.043393e-05
0.00025689718
0.9971752
9.0802615e-10
2.202366e-06
4.568547e-08
0.018612267
0.0032434284
3.5987111e-06
0.84102786
1.0223364e-08
2.9230475e-06
0.0002537842
1.8788622e-05
6.300361e-06
0.00036881826
0.0066686375
0.001441183
0.00028655506
0.0002537842
0.0004334823
0.022353988
0.004606696
4.653254e-08
0.8127388
6.5761225e-07
0.9965528
0.0001858054
0.005264964
0.007887065
3.4337445e-06
0.00067630614
0.1880216
5.618041e-05
0.0007134767
0.0001916364
0.0017373493
3.8440373e-07
0.17385559
0.85697114
1.6752473e-07
0.00015357528
2.2145892e-07
0.09441722
2.5666175e-06
1.541889e-07
0.99924666
3.6993555e-08
0.00021128336
0.0005075108
2.176417e-05
0.00014073298
2.1010568e-05
0.9868961
5.617313e-05
0.0034427878
0.013050164
1.4144129e-05
0.8889146
0.7363083
0.0002537842
0.9393256
0.09987446
0.28966892
0.00022876827
0.015429528
0.00066145434
0.99999785
2.4281662e-05
0.022370547
0.2924868
0.6768879
0.105352424
1.5393929e-05
0.9657903
0.000443349
0.97240454
0.0486378
1.04298815e-05
0.0010668351
1.5011731e-10
0.005111091
0.9392954
2.0369283e-05
1.0
9.247012e-06
0.006845064
7.298674e-05
0.9999799
0.056553047
0.00016928044
0.97250444
3.5059576e-05
0.12047016
0.0063074394
4.6290975e-06
1.1030661e-06
0.82795596
4.587194e-07
3.5679583e-05
0.99956816
0.00051325106
9.457845e-07
4.568547e-08
0.01450975
0.0070841354
0.00064186315
1.6558548e-06
1.7032861e-06
0.9944016
4.475105e-05
0.13646515
6.400114e-05
0.00024652437
0.0521054
0.0052782437
0.0013705466
3.1255797e-07
0.99995506
0.031060861
0.0018545893
0.0030202502
0.9298029
2.1259234e-06
0.00033116055
1.4893138e-07
0.00066992705
6.1225895e-05
0.016999518
6.4034895e-05
0.99890757
0.9977047
1.3644299e-05
0.0098261805
0.999997
1.4410087e-05
5.0588576e-05
4.729581e-05
0.031693548
0.9297645
0.0042043733
0.04947505
0.028789973
0.0001264067
0.00093054614
0.001234472
0.02959147
0.47267547
1.0222954e-05
0.0012864469
1.4109299e-06
8.157271e-06
