0.5930864
0.43047115
1.9210232e-05
2.0575387e-06
5.771182e-07
2.0379478e-06
0.2199525
2.6574764e-06
0.039214462
0.0016126045
0.99995697
0.65666467
1.7296054e-08
0.5728103
0.9276365
2.389649e-05
0.16294234
1.1869311e-06
0.0016126045
1.7793517e-06
0.0002154287
0.00016323668
0.00016561535
6.4840588e-06
2.8626659e-05
0.00018197787
2.1979255e-05
0.06325643
0.035022866
8.784564e-06
0.0018697655
0.012165276
0.5351478
0.6923105
0.4058677
0.002700363
0.2430876
2.0297071e-07
0.010857166
7.833773e-09
0.003963296
0.29890028
7.1973723e-06
0.00029025108
0.97789985
1.6682034e-05
0.2350334
0.00045367153
0.00047750393
0.00012714071
0.003477672
0.00061758165
2.326075e-06
0.9028112
0.083367795
4.083141e-05
0.0018697655
1.2418195e-07
0.00018009977
0.0001324388
2.994002e-05
9.0537384e-07
7.3194366e-07
0.2636311
0.99907684
6.310385e-05
4.754386e-06
1.4811018e-06
7.2862135e-06
0.00024501883
2.944703e-05
0.020892482
0.001660227
0.6597362
2.6310378e-05
0.001652937
2.6850561e-05
2.0645055e-07
2.4741837e-07
0.08294652
5.5441574e-06
0.8715873
3.1159475e-06
0.00010243437
0.00019750209
0.018349003
6.7834454e-09
0.00024039773
3.074617e-07
0.09187736
0.5191359
0.80411524
0.9999951
7.9635987e-07
3.1043621e-06
0.009415106
0.0052766465
0.008167308
0.00038707297
0.0075723557
0.0014143693
0.00095055654
0.00096136314
0.0029678787
0.010785198
0.0018920674
0.00017178812
0.0011627566
0.22356315
0.4227557
5.2781184e-09
0.12018126
7.533041e-05
0.9982089
0.00050624204
7.741836e-07
0.00012012662
0.98902553
1.3259811e-05
2.1029147e-07
2.3687277e-10
0.049881745
3.5276837e-05
8.3037025e-07
3.681266e-05
0.022832459
0.5443276
1.1041103e-05
1.03071425e-05
0.00011434416
3.6581548e-06
0.0004011484
2.7159233e-05
0.942776
0.00016591977
4.2663414e-05
1.5411408e-06
0.00026476895
0.32251698
0.07831268
2.2169122e-06
0.06257956
0.0023961712
0.95234853
0.015512348
0.0018506963
1.148532e-06
1.3767593e-08
1.0991067e-07
0.018146312
0.0003658257
1.1272728e-06
7.1973723e-06
3.8159473e-05
2.4359498e-08
8.988303e-06
0.0092224665
0.97136605
6.6188825e-08
0.53842735
0.9999875
2.1431101e-06
0.93208057
4.3636388e-05
4.3563166e-05
0.0052718637
1.9724294e-07
9.086191e-09
0.21247995
1.1705511e-07
0.02726185
0.0007618956
1.771021e-07
0.0883051
0.00014543856
0.0038123457
5.222577e-10
0.041080803
2.1029147e-07
0.00017178812
1.342963e-06
0.00050624204
0.00024039773
3.392396e-05
0.00032308514
0.28749213
0.0025793384
0.00023548627
0.00018260656
0.15989892
0.018146312
5.646688e-07
0.0003658257
1.6099644e-05
6.963173e-08
4.051072e-06
0.00036369546
0.0028784478
0.00023860655
0.00023304051
0.0011193352
0.29227015
1.2970048e-07
1.3553017e-06
0.00057599024
0.0005548278
8.8155015e-05
0.02750341
1.6117523e-05
4.754386e-06
5.2781184e-09
0.00030046937
0.0020435252
2.8545104e-08
0.99999195
6.7834454e-09
0.00015485902
2.2060376e-09
3.7358626e-07
0.0025793384
5.637146e-05
0.0035364793
0.24471538
0.00010194082
0.010978169
0.00084899314
0.9999187
1.709314e-05
1.9979606e-08
1.581509e-05
1.0
1.3943531e-05
1.236048e-05
5.0219906e-08
4.3610513e-08
0.0026123854
0.6553765
0.99999195
1.1041103e-05
1.3068027e-05
0.01761244
0.00095055654
0.2950831
4.051072e-06
9.430573e-07
7.325414e-07
9.0537384e-07
0.004178381
0.8697249
0.00015796618
0.8706359
0.00017178812
0.0001388453
4.754386e-06
1.9182698e-05
0.06819809
0.1793989
6.594098e-06
0.99417585
6.324259e-06
5.419317e-07
2.4109942e-05
3.224146e-05
1.0175799e-05
0.0058291517
0.00013254127
1.7225341e-06
1.02753695e-07
7.3903067e-07
3.891081e-05
0.9998783
1.9458112e-05
1.0830991e-07
0.9926559
4.7184625e-05
0.007080175
6.822317e-05
0.00024706768
0.035620518
0.997923
3.4072193e-05
0.0010155081
3.2477974e-06
0.0003359727
0.004888917
1.6054239e-06
1.6444157e-07
7.5061575e-07
0.00020081413
0.00010025407
1.2970048e-07
1.3513792e-05
0.4355741
0.00033600282
0.080926284
0.99397767
0.9779356
2.0645055e-07
0.6622795
3.784239e-07
