0.0002020909
0.9639399
0.4990425
0.9542051
0.0002724028
1.1395828e-09
3.215619e-05
1.5254365e-05
0.02089749
1.5580614e-05
9.873858e-06
0.06283544
0.99991095
0.016209692
0.0023922967
9.700389e-06
5.0192284e-10
1.5269222e-07
4.793825e-09
4.53917e-09
2.1560507e-07
4.306786e-06
0.12003473
0.9999452
5.883493e-06
1.0544433e-07
1.754561e-05
0.00025302754
7.7058905e-07
0.00023148526
0.008046585
3.1856216e-05
8.5944984e-09
0.0004090873
0.00028002137
7.0322295e-07
1.3390851e-07
7.1964664e-06
4.5085972e-07
0.0023235758
0.0016114118
2.744891e-05
0.16575469
1.2151431e-06
9.708798e-07
1.702725e-05
4.3918195e-08
3.5707566e-07
2.0173817e-05
0.0013476644
3.2299286e-06
6.1442595e-05
0.03782014
3.0062989e-05
0.0036246
0.003689998
0.0013781453
5.6860717e-05
0.0016255667
1.0466154e-06
7.7700616e-07
0.0003827379
2.268591e-06
0.1694832
0.008161296
9.532856e-06
0.00029873356
0.22445977
0.99883574
7.803867e-06
1.5202517e-06
0.0038767755
0.0010303732
0.062059477
0.9987001
2.7119093e-05
2.3901384e-07
0.0016565535
2.3821767e-06
3.1844233e-06
5.197724e-05
0.000311545
2.7893017e-05
9.532856e-06
1.7569753e-05
6.1160733e-07
0.9999863
5.399991e-07
7.5986594e-05
0.00010182686
2.2563556e-05
0.060930185
1.3142902e-06
0.9999679
0.037955713
0.99970376
0.12972641
1.1686605e-07
0.00013343706
2.394154e-06
1.4389596e-07
0.00050594076
0.994141
0.00016448756
0.0040127584
0.9987987
1.1835447e-06
3.6154495e-07
0.00066529325
5.5805795e-06
0.0093538
0.006851544
9.002152e-08
0.004384805
0.00012362366
1.7081713e-07
0.0013476644
0.9135828
3.776527e-06
8.919874e-05
0.060930185
4.5567085e-06
5.0192284e-10
0.0050628195
2.8844356e-09
2.7413698e-05
6.1442595e-05
0.116475604
0.00043914432
2.7893017e-05
0.481146
7.7700616e-07
4.0254145e-05
0.9799444
7.8996294e-05
6.1776823e-06
0.6483956
2.2299322e-08
0.0033504537
0.00032439936
0.00022450903
0.48505217
1.4677659e-07
0.94388294
0.00015468399
0.99999994
0.9809946
0.0038243893
0.9999998
9.86818e-07
0.00019596094
3.7395625e-07
2.4522392e-06
0.00011107454
4.3625909e-07
0.00012252307
0.00018552941
0.9902714
0.0032195677
0.0052703405
0.29423293
1.3010379e-05
0.0043167286
2.7699614e-05
2.180489e-06
1.3070739e-07
0.9992888
0.9996014
0.0002030491
1.1922263e-09
6.5735917e-06
0.0011738994
0.9643985
5.1093807e-06
3.2987248e-09
1.1892032e-05
6.641292e-06
7.8300695e-07
0.04114789
1.3142902e-06
8.6506496e-08
0.00018199228
1.8114503e-07
0.033246633
2.201305e-05
3.318127e-05
1.0168864e-06
3.3519063e-06
0.9999395
0.05649668
7.53626e-05
0.6483956
3.041521e-06
4.4025946e-06
3.776527e-06
4.5584866e-06
0.00036064762
0.003689998
2.9713819e-08
0.0018255232
2.5208634e-05
0.016733442
0.014158356
3.3655033e-06
6.446606e-05
0.00015685966
0.0008760986
0.001113925
0.99957514
4.9583243e-05
3.6273795e-09
0.0014503353
1.3638419e-05
0.009469526
1.5686651e-06
1.2271764e-07
0.0073641385
1.8376055e-07
0.037292704
2.0408536e-06
0.0010217115
3.345739e-05
0.96440506
0.0014444215
7.27449e-10
1.0463556e-05
0.9999915
0.059957247
7.9623774e-08
2.068034e-05
1.1361801e-06
0.9895155
0.023639036
7.848956e-08
2.4044182e-05
0.0011326541
2.0173817e-05
2.7275672e-05
0.020196645
4.1915996e-07
5.0685658e-06
3.1138e-05
0.00073954475
0.054784764
1.1892032e-05
0.0002757835
1.0971417e-08
0.99977976
1.0548094e-07
0.0001100287
1.2899562e-07
0.8707046
0.00019341373
0.5726287
0.000108892134
1.2247507e-05
1.557537e-05
1.7403823e-05
1.8376055e-07
0.99999964
4.793825e-09
0.94819975
0.67161477
2.4433095e-07
0.008888637
3.644071e-09
1.6325753e-10
1.0544433e-07
0.9968661
7.901677e-09
0.0003409084
0.006507478
4.9129886e-07
5.682739e-06
0.00025191446
1.6512448e-08
2.3201922e-07
0.8427412
0.03910366
4.306786e-06
0.00093998597
0.00050047133
2.7275672e-05
5.8077e-06
2.7119093e-05
3.2609719e-06
0.0016565535
2.3454741e-07
5.0801536e-05
1.25392665e-08
3.881393e-05
0.0039660204
1.5671084e-07
1.6507161e-05
0.0006056519
4.0187314e-07
4.801364e-05
2.2921597e-07
1.8140392e-08
0.00017051423
