0.20561415
3.800191e-06
9.603592e-06
0.9995797
6.864287e-08
1.5854813e-06
0.0003360041
9.277182e-08
2.9980421e-05
0.0002040743
0.28004456
2.2465952e-07
1.3336178e-07
3.4955883e-05
2.2899516e-05
0.0021411474
1.1416848e-06
7.877234e-06
0.5029546
0.0007375006
0.00011403297
0.99859416
1.9730817e-06
3.1547704e-06
8.357976e-05
0.00022707779
0.0002749363
8.6293556e-07
0.071796715
0.57775843
1.02701715e-05
0.08574882
0.0005654476
0.9990803
3.6383968e-05
0.071432605
4.5052588e-05
0.002310848
0.066350326
7.373244e-08
3.0084182e-05
0.019808764
8.835186e-05
0.00027077357
3.2516741e-06
0.012001967
0.0011630268
2.7445464e-07
5.7492874e-05
1.0
5.4006602e-08
0.022268265
0.00015348452
2.3343753e-06
7.721826e-06
4.2071383e-07
0.00023971383
6.4954215e-06
0.9971299
0.0011991971
0.9987523
3.6160714e-09
3.474882e-05
3.9154955e-05
0.99930775
1.4326488e-05
1.8835958e-07
0.0028878285
1.1407007e-05
2.246488e-07
7.333576e-06
3.8791804e-06
0.37952158
0.9973409
2.3343753e-06
0.3281114
0.00048786783
5.709617e-06
0.008462295
0.00012287489
0.99999356
3.2786718e-06
0.009344693
2.0622268e-07
1.3595751e-06
1.7989188e-06
0.99999446
0.00019048143
0.23758818
0.0023668197
0.00014991644
3.3054727e-07
6.379525e-05
9.303478e-08
4.5937537e-05
7.24413e-06
0.00011995927
0.01663099
0.010769825
0.99921757
0.00050313986
0.00022001797
0.005888293
0.68952936
0.0014879806
0.5796913
8.7143104e-05
0.0006728589
3.092396e-05
1.1416848e-06
0.7361866
0.00040076693
0.8685648
0.00023971383
0.0028265535
7.0117576e-06
0.0021445018
0.0128796995
1.64111e-05
8.6482005e-06
0.0015148051
0.0003623081
0.0023400667
0.17758742
3.474882e-05
2.7301228e-08
7.581613e-08
0.0011097906
0.11821211
0.00018697571
0.00031930223
0.0016872815
0.012956634
0.005642965
7.09065e-07
7.431029e-05
0.5287288
0.99932516
1.3873462e-07
1.9943094e-08
0.0018454548
0.007101275
3.0084182e-05
5.656983e-07
7.127552e-07
0.9930717
8.7958455e-07
1.1470303e-08
0.0010034316
2.0042562e-06
0.00018093888
9.221047e-08
7.653483e-06
0.001940337
0.9313931
5.348931e-07
0.004179306
2.684976e-07
2.7093267e-05
0.0006959272
3.7689067e-06
0.9986474
0.135297
0.99999446
1.2856445e-06
0.08574882
0.00024746516
1.7989188e-06
1.0012651e-06
9.578534e-07
0.015627386
1.7710984e-06
0.0015998702
0.0007073477
2.0332292e-05
0.0014165747
2.5314955e-06
0.0001281402
0.9999966
1.8772153e-07
0.739126
0.0014682721
1.8118706e-05
0.99998724
0.002244027
0.00023431091
2.6373289e-06
3.608047e-08
0.00026093892
0.00014029082
0.99999994
0.001940337
0.003845836
0.059324063
5.8923684e-09
8.628667e-06
0.008470276
0.00025176007
0.00045303282
9.70876e-07
1.6118072e-07
0.9990306
0.0014879806
3.024663e-06
6.7754115e-07
9.7727985e-05
0.5798665
0.0007344616
1.18601974e-07
0.0009311847
6.12179e-05
0.5798999
3.8454164e-05
3.5289647e-06
7.333576e-06
6.4570406e-05
0.00024746516
0.00486436
0.6691206
0.9999981
1.3633742e-06
0.7624019
8.97176e-08
0.00015181703
0.25660273
2.2885683e-08
0.00017058122
0.00029918278
1.2821087e-06
0.00075257826
0.9327936
0.013375156
6.920532e-07
0.0003360041
0.9947595
0.99999964
0.0049856417
0.9806833
2.7166154e-06
0.019601198
8.119001e-06
3.474882e-05
0.0060395165
0.3529872
0.9999957
0.99919975
8.431196e-08
0.0045404527
4.9899303e-05
2.5692778e-05
0.8717299
0.00026679336
8.72477e-05
0.002244027
2.7372267e-05
0.9581463
3.2621843e-05
0.23608942
0.00032565993
0.0006862931
0.18126486
0.25559735
0.0021411474
0.0916189
7.488449e-05
0.001453577
0.004771032
0.00015181703
0.6919539
0.0009914587
6.710841e-08
5.3795435e-07
0.00319345
9.0664995e-05
8.236416e-05
6.864287e-08
0.010549762
6.6398655e-07
0.007101275
0.009942571
2.7914677e-05
0.9933832
0.27482083
2.0502523e-10
1.8835958e-07
0.00014563117
5.276215e-05
0.46067435
0.9999445
0.5528968
0.00015956876
0.00015096246
0.003754504
0.005137637
0.0039470843
0.005192771
0.0027080174
0.0003822276
0.18232179
0.00015562847
