1.0
0.035004914
4.3934433e-05
2.5157e-05
4.2640054e-06
4.3551165e-05
0.00010289302
2.315961e-05
0.0014306006
0.0002202644
1.4152862e-08
0.02681088
4.3399377e-05
0.0010751914
3.8094188e-07
0.0002202644
0.030276742
0.000119250224
0.0007225037
0.002359555
0.000981884
5.056106e-07
1.3678741e-10
1.7280647e-05
1.0466284e-08
0.99998605
4.470696e-07
0.00095289963
0.7814789
0.00012572079
0.00043550265
0.9838377
0.0007146584
0.0017160207
0.0010668454
0.00014150632
0.898901
5.1104736e-05
1.1560447e-05
1.6805342e-07
0.3882782
0.00035672978
5.376801e-05
0.25857735
4.9180326e-06
9.0843205e-06
4.0530492e-11
0.0005156779
0.0065349448
0.10040826
2.4750987e-08
2.9982132e-08
0.10513173
2.9229946e-05
0.01135174
6.6033885e-05
0.15184848
0.0037034487
0.04123902
5.7878715e-05
0.00045428085
0.07244134
0.42040595
0.6525862
0.00048103032
7.073155e-05
0.99866223
7.568309e-05
0.000112038746
8.180916e-07
0.0009791496
4.994143e-05
2.4129657e-05
0.006891615
0.00072464964
0.0022105963
0.0001823673
4.1468847e-05
0.99999774
0.00023169127
0.06294155
8.4612566e-08
0.043672495
3.0280006e-07
0.80686253
0.00034610773
0.9778966
0.97716427
0.8840216
1.1278485e-07
4.000976e-07
0.002264139
0.0054580243
0.04123902
0.047890376
8.990902e-06
0.00093122595
0.30826598
1.504683e-05
0.057585515
0.001166334
0.0021866353
0.01135174
0.0031343873
3.305781e-08
4.224294e-05
0.005094397
1.9006913e-07
0.00036501398
4.4210233e-06
4.3854063e-05
1.1540653e-05
4.7579004e-08
0.06689679
1.1765464e-05
0.2518259
0.9997579
0.058840793
0.9896585
9.427112e-05
0.002525481
0.0014828488
0.0054580243
5.056106e-07
0.9999384
0.043672495
0.6248268
0.045149375
2.0789035e-05
0.08354232
0.013765826
0.0050373133
9.038874e-06
0.02908603
0.0011959113
0.07133338
0.040862065
2.954955e-06
0.9999998
0.00018268806
6.9297056e-07
7.178604e-06
0.009239995
1.312276e-07
9.816173e-05
0.0003184534
7.475122e-06
0.28387758
3.063037e-05
9.870902e-06
0.079004504
3.2611037e-08
1.921243e-05
0.11556361
0.9580929
7.4564286e-07
6.5289534e-09
0.9984025
0.21846554
0.00018675851
5.459988e-07
7.0968674e-08
4.3296726e-08
5.5258486e-05
0.9967172
0.95312643
9.463857e-08
0.16040817
1.9495057e-07
0.000124773
4.418586e-05
0.99998695
1.6095631e-09
0.0883982
0.99998605
2.4952974e-06
4.93648e-05
4.675258e-05
4.2705937e-09
0.21846554
0.56509084
7.345499e-07
2.1809039e-07
5.0443595e-07
2.7305705e-05
0.0001899319
0.000320473
0.00016535941
0.3378082
0.029425513
9.2430724e-07
0.027379079
0.0009318699
1.681574e-05
4.647041e-05
0.9704339
1.5546431e-05
0.0012322959
6.4814844e-07
2.5826116e-06
0.0070614107
0.0010695634
4.002369e-07
0.98748267
0.99999154
1.9006913e-07
1.576006e-05
6.961181e-07
0.013615288
1.3763733e-08
0.30199587
2.8780498e-09
0.043672495
0.9959153
0.037531998
0.3087319
1.6705008e-05
0.000112038746
0.99994195
0.053048514
0.98114705
3.063037e-05
0.1975569
3.129505e-07
0.027818335
0.81495714
0.7814789
0.9880895
2.8676354e-07
9.0843205e-06
0.040862065
0.00072464894
5.722629e-07
7.525278e-09
0.21571247
4.114913e-05
0.00018511593
2.8439676e-08
0.07133338
9.2708814e-07
0.00085134327
0.0010805926
0.41031343
0.91298306
6.263191e-05
6.873365e-07
0.07189087
0.0008995146
1.1093463e-05
0.002624657
5.1104736e-05
0.99866223
2.535342e-06
6.0480153e-05
2.0707219e-05
0.06294155
5.459988e-07
8.566025e-05
0.03201428
0.0011162801
5.7287775e-07
0.12035191
8.180916e-07
4.3890944e-07
3.835429e-05
1.2334743e-08
0.0054580243
2.4405738e-06
0.6126851
1.3960283e-05
0.0001985572
7.550624e-06
3.0974186e-06
0.0008934643
0.00024865812
0.00069020066
1.9740075e-05
0.83613765
7.841847e-07
1.3834948e-07
3.7334016e-06
1.0250474e-05
0.0007381098
0.0003266942
0.98748267
0.0040304903
0.38012713
5.9462417e-07
5.7835132e-05
0.22471763
0.00033822795
1.367429e-06
1.2178702e-07
1.538706e-05
0.22356762
5.7826774e-09
0.2828905
0.0011798757
0.07640694
1.7052176e-05
