1.0
1.0
1.0
0.99994683
0.9809474
0.994
0.0001617869
0.021759288
0.031399857
0.0018629
0.0019449745
0.47509825
0.99255174
9.8547665e-05
0.0016388351
0.00092487363
7.133351e-06
0.00036763807
2.5656925e-06
0.0014482422
0.997418
0.001695959
2.109789e-05
0.4143202
0.4383676
0.94298637
0.005155234
0.99467665
0.990205
2.194453e-05
0.00070952973
0.3806346
0.9999426
0.0042987107
0.00028808988
0.47509825
7.845622e-05
0.0036120177
0.00057347835
0.6054106
0.015632154
0.9999425
8.458596e-06
0.00013258273
0.0049663316
6.673545e-06
8.9605994e-05
0.7212727
0.21057752
0.97046846
0.99973905
9.833939e-06
4.315969e-08
0.9999984
0.0014901657
0.98576
2.9824607e-05
0.00014552055
0.0001041292
4.3657947e-05
0.011023251
0.81055695
0.00027851702
0.017628264
0.0039039203
0.7120049
0.03639469
0.997418
0.0018486846
0.0009239735
0.03343796
0.5380423
0.9983796
0.9998822
0.9994875
0.014985214
0.00018821421
0.00019409895
0.9429871
0.9999999
0.03639469
0.12870961
0.004522479
4.2077696e-05
0.99290496
0.9999872
0.9935227
0.99997187
0.59932375
1.8167126e-06
0.000235965
0.00028625032
0.038959697
0.019410335
0.00072393665
0.7120049
0.036200203
0.0018486846
0.11055375
0.0001829485
0.02173128
0.9801876
0.00038709436
0.0003294701
0.5916744
2.194453e-05
0.0036480105
0.015765209
1.0534645e-05
0.9991297
0.6234047
0.00095736695
6.4341855e-08
0.00010050112
0.9999998
0.010347101
0.38852578
0.39552516
0.9998813
5.4169337e-05
0.00015056253
0.0016050014
0.24866608
0.07772464
0.99997187
0.5538184
0.75748783
3.8762223e-06
0.99873304
0.9976007
1.5890319e-05
0.10527623
0.9500122
0.025111107
5.589089e-05
0.025134908
0.0005979508
0.51777625
3.5557503e-05
7.887939e-05
0.99985003
0.31748965
2.9824607e-05
0.07070182
0.00014414052
0.0009250006
0.006256203
0.9838498
0.07757445
0.0001335995
0.26206008
0.014966806
0.692907
0.9999695
0.2699471
0.00439806
2.8524524e-05
0.39420348
0.82409084
0.00072393665
0.18798235
0.9999593
0.45246735
0.99999994
0.9998672
1.7661276e-05
0.2352065
0.99739915
0.10527623
0.0018428531
0.32113442
0.998036
0.0015282881
0.00021903442
4.2450432e-05
0.0061421106
0.000597617
0.0010437017
3.141506e-05
0.1456458
0.0030607937
0.030714462
0.019306604
0.00031837387
0.999984
0.00024870934
0.99999994
0.09715219
0.40470526
0.50713944
1.0755931e-05
0.4083852
5.6991492e-05
0.19421536
0.29991737
0.0016417509
0.023755688
0.00016803828
0.00028004113
0.75748783
0.0016589739
0.98989415
0.9998596
3.2883538e-06
0.0001681088
0.82945126
0.7808868
6.429232e-05
3.000009e-08
0.0008231496
4.2481048e-07
0.75178075
0.80931497
0.0056718844
0.9976007
0.998036
0.25834808
0.0014233956
0.09728989
0.9779864
0.99977285
0.19045898
0.0012176307
0.00025683595
0.00028808988
0.85319346
0.027882913
0.00015818352
6.247052e-06
0.00019940204
0.5538184
0.0019094452
0.3211223
0.98174673
0.006125039
0.017628264
0.008711953
4.2077696e-05
0.0022543406
0.0063252733
0.011573729
0.9999918
0.00029545248
1.8944678e-07
0.0002653555
0.8851255
2.1459515e-05
0.47509825
0.018226646
7.799946e-05
0.56252575
0.0034786323
0.18798235
0.034666393
0.84425396
0.06497515
0.00058979227
0.011023251
0.0003043021
0.6312797
0.00037148953
0.0019449745
0.99997395
0.0037659719
0.99979043
0.0642872
0.00012955928
0.14945969
0.82409084
0.99467665
0.8037814
0.035806704
0.9856362
0.01362434
0.35351348
0.022056041
0.0009053046
0.9999711
0.14223783
0.019306604
0.06493518
0.9999862
0.01021952
0.0074631367
0.0016408352
0.98253673
0.0031462125
0.99999875
2.8119284e-06
0.057212822
0.00029385404
0.0011689957
0.0026190707
0.00041327177
0.042954925
0.9973509
0.0028750736
0.55539006
4.732821e-06
0.0380225
