1.0
1.0
8.908582e-06
0.0015416127
0.002194761
3.286072e-06
0.00023500717
0.009064288
0.16353074
3.61525e-06
0.00027313174
0.04467318
3.0039146e-05
8.2724955e-06
0.009436922
2.232683e-06
0.002201771
1.0622317e-06
0.41830882
0.00014183606
0.00047204268
0.008763421
6.759516e-08
1.8572393e-07
4.3011955e-06
0.9999922
0.0027854405
0.0023727438
1.5376996e-05
0.00034658384
1.5536904e-06
0.00633709
4.5014967e-05
0.0002267405
0.00034658384
0.2162044
1.5640472e-08
0.036089443
0.0007093141
0.007634749
0.0040374566
3.4825857e-07
0.0003315987
0.0017526795
0.22533578
0.0002404014
9.069673e-05
0.00058183656
0.00010057907
0.0004925827
4.596365e-05
0.0055126296
0.99998784
0.0002404014
0.0019517284
2.4400188e-05
0.99992114
0.28261217
0.37549862
3.271144e-05
2.806723e-05
0.7336581
1.767821e-05
0.7425744
7.477538e-05
0.99973935
0.00051483366
4.3011955e-06
0.999808
0.2544543
0.0001331991
0.0045824195
0.0013092789
9.992725e-06
0.9537405
0.038575653
0.8627445
5.6696276e-06
0.00035341905
3.201556e-08
0.0138233015
5.533203e-06
0.16722943
0.00021755935
0.77040976
8.157936e-05
1.66118e-05
0.0011691148
0.00037737918
0.004608776
5.7454236e-05
0.0002102368
1.8228336e-06
0.015089457
0.9259254
6.6741165e-08
1.4515877e-07
1.6655283e-06
0.21773142
0.011683772
0.22900884
0.00020378536
0.874099
0.00034307866
0.044408195
0.00013595841
1.6655283e-06
1.2379168e-06
0.9296969
0.0003094191
0.20781517
0.008370101
0.043062992
1.6909993e-05
0.009463817
7.550686e-07
2.9440748e-06
0.00081605586
4.4011256e-05
7.7433054e-07
0.010157023
6.8552123e-07
0.004252022
1.0744612e-05
0.0035640546
0.004252022
0.9945844
0.5058584
0.08534346
0.00085632154
6.8051156e-07
5.3202484e-07
0.0013644373
0.00030386032
1.385391e-06
2.4400188e-05
0.0003751817
0.00031913785
0.00060511095
1.2382165e-05
0.010157023
3.5816674e-06
4.848199e-07
0.9958565
3.8711905e-06
7.118403e-05
7.3119545e-06
0.005585484
0.8433193
0.0100972615
0.02249331
0.0047635343
2.1146052e-05
0.633265
0.19640727
0.34114784
0.99999964
0.91482913
0.0027038867
1.9965848e-05
7.0012734e-06
0.0012899436
0.0007274928
0.012210271
7.212324e-06
5.815235e-05
0.02886977
6.0971688e-05
1.07386295e-05
2.4624444e-07
0.0028692968
0.00062679366
7.3119545e-06
0.00090341066
3.9878745e-05
0.02448974
1.5160214e-05
0.00017573519
0.0035561332
4.0146533e-05
0.7069549
0.0034648785
1.4688906e-06
0.00013776468
0.00013519192
0.0009037792
0.0554102
0.0012463881
0.00016235528
0.77503943
0.0046518743
0.7845768
0.0003934113
0.00040486341
0.13746138
0.006596608
3.2494e-08
1.5376996e-05
4.6076202e-08
2.9059152e-06
8.192113e-05
0.038942605
0.996559
0.01520764
0.20934807
7.775668e-06
2.9191922e-05
0.00018837472
0.0012463881
2.9796405e-05
0.009724637
0.029829336
0.18903947
9.305147e-05
5.3066653e-09
1.0330132e-08
1.7840788e-06
0.99714994
0.33304796
0.004163292
7.1473187e-07
2.210344e-05
2.1693498e-07
3.1304842e-07
0.1906387
8.157936e-05
0.996559
0.0021781723
0.71843976
0.00021763363
0.088711955
0.011614297
0.0024716896
1.8269743e-07
0.028098961
1.9797126e-06
0.0008267947
0.01787492
7.921522e-07
2.9275476e-08
0.00035464574
0.00029941846
1.3162898e-05
0.98750526
3.4355202e-05
1.367872e-05
0.007903424
0.00020451023
1.6146878e-05
0.50543314
0.99999833
0.11313236
0.00012634741
1.4408947e-06
0.0002548715
0.9444312
0.52244794
0.00037737918
3.4904817e-05
0.9912067
0.98567283
0.9340235
1.4278843e-06
0.00029164355
0.015002652
0.000110662346
0.00058183656
0.0039421436
0.001866369
6.181963e-08
0.0039421436
0.14981051
2.7996997e-08
0.23924606
0.00044502557
0.008391488
4.4011256e-05
0.011122155
0.47047055
0.053114165
0.020487776
7.73451e-08
4.2055315e-05
0.0012455692
0.00011795631
0.057306517
2.1225442e-06
3.9037977e-07
0.0020214184
8.022369e-06
0.00045956453
2.1755963e-07
0.05578569
8.157936e-05
0.00018903686
7.350619e-05
0.00027313174
6.101922e-07
0.0138233015
0.009099967
