0.9527628
5.8895394e-06
0.00014451596
0.010745092
0.06510237
0.5053381
0.045189302
0.00019707132
3.8805123e-05
0.06189977
0.9999989
0.00016097656
1.2341788e-05
0.9914976
0.29243353
0.1845203
0.9999157
0.074585214
0.0028769223
0.03448867
1.0
6.922268e-06
0.09998699
0.00609958
0.018985381
7.891129e-05
0.36868697
0.0003684751
9.210009e-08
0.09152842
0.00082770793
0.29459998
0.0699922
0.4934983
7.7494224e-07
0.9416293
0.0005755717
0.9885288
0.0061673694
0.9972151
0.081751965
0.00029836266
0.008275205
0.15094568
0.014138648
0.09462977
0.030372633
0.99991834
0.00064393564
0.004868526
8.901769e-07
0.0034467508
0.008012487
0.008621578
0.00071371236
0.012594825
0.00024596584
0.0027349463
0.0022332785
0.33840486
1.367949e-05
5.197692e-06
0.0037652312
0.0003789817
0.00033147732
0.0002607728
0.9978047
0.00082770793
0.00538551
0.99653447
0.9991259
9.3458425e-08
0.00032473047
0.14965045
0.017666444
0.00034120376
0.13531706
0.3571737
9.021223e-05
4.066284e-06
0.00016956995
0.060701884
0.03448867
1.8784502e-05
0.31330365
0.00031604528
2.201345e-05
0.99998957
8.440354e-06
0.00071664987
1.5332714e-06
0.5806726
5.634459e-05
1.369322e-05
0.0038259844
0.0036961143
0.9996443
0.18279491
0.057679188
4.8555235e-06
0.11659964
1.0
0.000341942
0.050423007
6.8188245e-05
0.3340144
6.108419e-06
0.000108034
9.2150385e-06
0.0010225937
0.015773617
0.49609765
9.798373e-07
2.28481e-05
3.908446e-08
1.277347e-05
0.00035223205
4.167345e-05
0.00040133105
0.22543801
0.00044152894
0.039427508
6.748675e-05
0.0021188427
3.8595786e-06
0.055345472
0.52687955
0.9979453
0.19185156
0.94767183
0.039427508
0.0041320706
0.859666
0.055345472
0.010476192
3.186559e-06
0.0013451537
0.0031374074
2.1026004e-05
0.26016298
0.008621578
0.000145878
1.0
0.99999905
0.000108034
1.9137703e-06
1.8480871e-07
0.9689377
0.0013325695
0.0006673819
0.29243353
0.0015069341
0.005449792
0.03840095
0.06189977
0.9999996
0.0003489825
0.00027814764
3.317467e-07
0.007855941
6.386218e-06
0.00024035097
1.2620611e-05
5.047199e-07
0.0057209763
0.0007744222
1.3001222e-06
0.00040133105
0.00034089442
0.6434885
0.040876515
0.10137518
1.0594713e-05
0.07896358
0.9996443
8.5047463e-07
0.0150137255
0.010476192
0.0029900514
0.0012333726
0.7585783
0.0009470387
0.24161059
0.3644896
5.7817593e-05
0.99999005
6.453495e-05
0.0004308492
0.99999994
0.033739414
0.007873227
2.5458392e-05
0.6215144
0.9999998
0.00078418344
0.04372815
3.1083863e-07
0.0032620947
4.277499e-06
0.00078453706
0.0060700723
0.0010586183
0.0004412376
0.003738177
0.0043640123
0.0004821865
0.99997175
0.109393634
0.9999777
0.9962271
2.754189e-05
0.00729574
5.009354e-07
0.00056409533
0.01570149
0.45075524
0.45075524
2.5149564e-05
0.0003239599
0.34900647
0.39264762
0.0051856525
0.0001273097
0.01708017
1.0243087e-05
5.17244e-07
0.0015069341
0.0024855281
2.8653112e-06
5.3544994e-07
0.9996745
0.0037876663
8.4568416e-07
0.0010556213
1.0
0.044095926
0.047086123
2.434968e-07
0.00012453028
0.71154225
0.0028434044
4.5462162e-05
0.0023879318
0.0016646619
0.00251994
0.03287032
1.8222757e-06
0.9744247
5.2990214e-07
0.15652789
3.6720343e-05
4.8296545e-09
0.0031995485
0.0017378548
8.376412e-06
0.99999994
0.9605614
2.1831647e-05
0.005485301
0.008076105
0.00015621277
0.00027814764
0.58789265
0.00029409956
1.2240139e-05
5.5097335e-06
7.816947e-06
0.80147743
0.00018780942
2.9651586e-05
1.3095793e-07
0.9756416
0.00024301844
8.751734e-07
1.8480871e-07
3.00888e-06
0.0010060971
2.987407e-06
0.5941912
0.00044152894
0.059852306
0.00023016895
1.4857902e-06
0.010745092
0.009041625
0.999854
2.6640571e-05
0.00044152894
0.81030434
0.000100757614
9.670823e-05
0.0033577047
0.008643491
0.00729574
4.8774805e-06
5.9058725e-06
0.9999983
0.0020368455
3.1737437e-07
0.036425605
