0.9999998
0.0036698545
3.7153688e-06
0.0026824535
0.9984812
0.0006787197
8.788051e-08
1.7371042e-07
0.0003284634
1.0161427e-06
0.0014624964
0.00095175457
5.7640705e-06
3.9300285e-05
0.0003875323
1.0190599e-06
0.00017265072
1.1133037e-05
2.6340563e-06
5.299244e-05
0.0011468322
8.1334417e-10
0.00027584477
0.0056206333
5.8314367e-08
3.2515807e-05
4.4738037e-05
0.02001488
0.0001962908
0.00958706
0.0033350268
1.376052e-05
2.2211163e-05
0.0006602442
0.036244396
7.4467425e-07
5.3098367e-05
3.1404414e-07
1.5460574e-07
8.001031e-08
0.0011479214
5.877134e-07
2.0217585e-06
1.2964162e-07
5.915668e-05
4.0758583e-05
0.013386991
0.21333715
0.0033350268
1.7765467e-05
0.9900325
0.10095951
0.41678756
1.4422212e-05
0.22663513
1.4689894e-08
0.018012777
8.4277225e-08
0.00041421203
0.00027581528
6.443176e-05
0.00017481433
0.00029686396
3.776665e-09
0.017951999
1.1244799e-05
0.00010716883
5.958811e-05
0.011257519
2.7929086e-09
1.8513167e-05
0.06405643
2.487945e-07
0.05228483
9.279574e-05
2.8242584e-05
2.5157888e-05
0.0014251629
0.0028721236
0.0003811887
1.5225356e-05
0.0007357716
1.582313e-05
0.15999159
2.2859804e-05
9.5390476e-08
0.0002829023
0.00018457026
1.1634521e-06
4.5378406e-06
1.1553653e-08
0.00027743017
3.6918415e-08
0.97905266
0.00019707883
3.6776168e-05
9.588701e-08
4.52158e-05
1.2582492e-05
0.99999994
9.262025e-06
0.00024866618
1.790267e-08
0.97905266
3.416223e-07
6.673569e-07
0.021070112
0.00010390414
2.7291076e-08
1.3024866e-05
0.0005844379
0.9932038
0.101411544
0.03369264
0.30768037
0.0009132213
1.2224507e-05
0.9579365
0.014555523
5.267694e-06
0.00048344865
0.95762765
0.06834491
3.6582e-05
4.0037126e-08
2.4560453e-05
0.9328291
5.25885e-06
0.99998647
1.0557847e-05
0.0004584949
5.1734105e-06
1.4904164e-07
5.957224e-06
4.45106e-06
1.03984314e-08
0.00082734803
0.263343
1.588322e-06
5.393388e-05
0.46536675
2.3492663e-07
0.01354333
7.7349005e-06
0.0037360678
2.233718e-06
0.0009612418
0.00024019266
0.01760843
0.000673625
0.0016459046
1.0891228e-08
0.00083910243
1.12882994e-07
0.9439412
0.035578217
0.002304267
5.0017592e-05
4.8136142e-05
0.000447418
4.9490956e-07
0.00019347458
1.6041337e-06
5.0204584e-05
0.9420079
0.0003453108
0.012414083
1.204106e-05
3.3400611e-09
1.25966235e-05
0.00015662218
0.0009909514
0.9996063
3.3024918e-07
6.429441e-06
1.1856099e-08
0.005646704
0.025223678
8.076798e-05
0.93871784
1.4511282e-07
0.0001530712
0.00018427237
3.1588227e-06
2.4739288e-07
6.738688e-06
0.921911
8.47326e-11
3.022207e-08
4.5960498e-09
0.9996902
4.0259438e-05
2.95606e-06
0.52976197
1.0666104e-05
0.38747206
3.068229e-05
0.0022700408
0.00015462413
2.761748e-05
2.640782e-06
1.9408235e-06
0.03612078
0.000100748584
0.014612909
0.0004711757
2.2801605e-06
0.028605144
9.4624065e-06
0.020415133
0.9918718
0.0005839009
6.1378996e-05
2.9825221e-06
7.365427e-07
8.68969e-05
0.9999866
0.0060962792
1.7662183e-05
0.99952286
2.4371036e-06
4.201683e-05
1.4500795e-05
2.069479e-07
2.7792887e-05
1.5834136e-08
1.3284438e-07
1.3236327e-08
5.0690138e-05
2.7757234e-05
0.0002544578
1.5433912e-05
3.6995985e-05
0.99972093
6.0970408e-05
1.09785345e-08
0.0021927736
4.3744896e-07
0.012659889
1.5113632e-05
0.48425567
4.708142e-06
0.9439412
1.46758e-06
7.9986195e-05
0.0003983401
0.9577164
1.2747865e-05
5.132084e-06
0.99909
0.9621693
1.985814e-05
0.14158413
0.1566005
0.99403965
0.05853772
2.2646373e-06
0.0005576975
0.13164176
2.7697342e-05
0.003243661
1.0594673e-05
8.35106e-08
4.5650984e-07
7.293699e-05
0.0015304631
2.6581441e-05
0.0013188971
9.745598e-07
3.240543e-08
0.9999683
0.06859069
4.9498864e-05
2.0137804e-06
0.095242396
1.045845e-06
6.0196913e-07
2.7419486e-07
1.8341494e-07
0.00012126463
0.99771947
2.7792887e-05
0.0037215035
0.005336033
0.9031068
2.9899848e-05
3.8238504e-06
0.00070173724
0.90013087
7.630704e-05
1.7431432e-07
0.9887485
4.2951062e-10
1.2964162e-07
1.3307607e-06
1.1396023e-09
7.6811864e-07
2.7929086e-09
5.4362454e-06
9.4533576e-08
