0.99980205
0.006162511
5.6462695e-06
0.9999094
0.9999998
0.9734013
0.31890023
0.98818386
0.009740142
0.00015583934
0.31875643
0.9998297
0.001972547
0.004212273
0.0013542533
0.9650476
0.0011408178
0.99999964
9.831132e-07
0.84119457
8.258516e-05
2.701409e-05
0.1408038
4.240018e-05
0.50133294
0.3107893
0.96622616
0.9443184
0.012225096
3.3896922e-05
0.63464403
0.9976194
0.004658598
0.1408038
0.029499313
0.007877981
0.10005709
0.9999999
0.00017773209
0.99999744
0.00013517258
0.000104679246
0.0097279055
0.07102903
0.0013989813
6.872435e-06
2.3329064e-06
0.015670966
0.000204759
0.31956974
0.06382468
0.99973816
0.008442609
0.99999774
0.11344891
0.020383283
0.000101509446
2.90591e-05
0.9962767
0.99897075
0.081622176
0.007881187
0.1202962
0.99872506
0.0026314773
0.13483782
1.4701351e-06
0.17164664
0.00010500496
2.0596024e-05
0.013292963
0.03986633
0.9877715
0.011076792
0.9789016
0.14789222
1.0450051e-07
0.0039879745
7.9371806e-05
0.00013342078
0.26783493
5.3165044e-05
0.77751714
0.0025228662
0.9999999
0.99952644
0.9999997
3.84744e-06
4.8674433e-06
0.9844637
0.011034537
0.02761679
0.015344016
0.99999076
0.044789106
0.000946135
0.9999994
0.045941487
0.003087519
0.0004586547
0.12290959
0.0033690485
0.14107414
0.106484644
0.15693586
9.290723e-06
0.97666097
1.7925713e-05
6.3063962e-06
0.00053750485
0.0013518461
0.31956974
0.047658484
0.99999744
0.33438534
0.24302086
0.9383221
2.0946429e-05
0.07665791
0.00013429843
0.018519823
0.93169105
1.7925713e-05
0.05713267
0.99684787
0.00036252788
0.008700998
0.99982053
0.9059899
0.9998531
0.020383283
0.9999435
0.0012079317
0.06301983
0.072563715
0.9999684
0.011179154
0.07272573
5.1395677e-06
0.9819929
0.007877981
0.13213448
1.7922568e-05
0.0806086
1.0
0.99995065
0.00012000595
0.9973498
0.9997998
0.0043914756
0.9926001
2.5417744e-06
3.8365656e-06
0.0020653314
0.00030319073
0.9998961
5.3165044e-05
0.1710006
0.00015472737
0.0017135009
0.5585237
0.07907342
0.40528113
2.0658322e-06
0.9994889
0.00053750485
0.001902332
0.9999998
2.7337519e-05
0.0018044303
0.0048406157
9.652903e-05
0.0003797276
0.97247005
0.02961784
2.3109535e-06
0.029714424
0.001972547
6.143905e-06
0.00032751434
0.0007626936
0.013385127
0.00045586526
0.99999005
3.1283935e-06
0.00032751434
0.97259593
0.018519823
0.40311489
0.0020419047
0.99999946
0.001520193
0.13213448
0.35923207
0.017194089
0.00014031304
0.0027921386
0.113795474
0.0034107002
0.00027264495
4.1088597e-06
0.40243816
3.055674e-06
0.9925205
0.006843308
0.99993426
0.0009457988
0.9846931
9.678573e-05
0.9719829
0.9769892
0.9788952
0.021441817
4.083515e-05
3.84744e-06
0.0984609
0.012390049
0.0007759095
0.0004326987
0.018588627
0.03317424
0.99826086
0.0035911738
0.94748014
0.034506705
0.003735782
0.000700441
0.00020633038
0.999997
0.99999434
0.054604065
1.1307297e-05
0.00018501322
0.09110642
0.0014998878
0.0004032666
1.1706727e-05
0.6613755
7.549553e-05
0.9998297
3.5516298e-06
0.025183938
0.0003567143
1.3443123e-06
0.9998961
3.124783e-05
0.046179056
0.01498879
0.09110642
0.001270335
5.1305865e-06
0.9963472
0.02590129
0.0035954677
0.22921436
0.10419254
2.0946429e-05
0.97247005
4.068891e-06
6.0914037e-05
0.0010733318
0.919137
0.003047302
0.16881077
0.17100058
0.0038561
0.9999304
0.00024178936
0.9998814
0.034506705
0.9582119
0.019786205
0.00030319073
0.010943173
0.001520193
0.0032197835
4.699118e-05
0.020819157
0.034506705
1.4981447e-06
0.0095133735
3.5031815e-07
0.0032583151
0.00035351812
8.428135e-05
3.0492e-06
0.020799352
0.00022636486
0.75154567
0.1408038
0.22738828
0.998222
0.0012386516
0.9910537
0.0035954677
2.2246608e-05
0.009740142
2.713878e-05
0.008418469
0.9999404
