1.0
0.9999796
2.9141493e-06
3.0024768e-05
2.2519702e-05
0.0017948621
4.2534513e-08
5.814785e-09
0.0018767669
0.0018960247
0.000114878916
4.183954e-05
1.9881903e-05
0.85255873
0.00021219953
0.010149824
2.0140063e-09
2.9141493e-06
0.07213384
0.00051121844
0.00023773182
3.5951252e-05
0.9999156
1.2060572e-06
0.000599351
0.9997112
1.6322252e-08
1.123183e-05
0.29484746
0.0027188163
2.3794575e-08
0.999996
0.74092484
0.9961875
6.1574035e-08
3.101392e-08
3.8148139e-07
0.00020283819
0.019705366
0.99994516
1.7941834e-07
0.0014555576
0.00035102875
0.15482369
4.2193187e-09
0.027358757
3.8148139e-07
3.9648796e-05
0.034563504
0.00014744456
0.00049026025
0.23994099
3.3919363e-08
0.9964641
0.9997112
3.3642166e-06
0.14530857
0.10881884
0.010517001
0.16707312
6.789196e-06
7.3166143e-06
0.005692648
0.9999825
3.0775611e-06
1.2333047e-06
7.5077834e-05
2.0032778e-06
0.009022505
2.8731243e-05
0.00041690006
9.317618e-06
1.0009662e-06
1.4294212e-05
2.310457e-05
0.07476705
0.0074910996
5.6529817e-08
0.00077008695
0.2455764
0.98582435
0.9998465
4.0566974e-06
1.1227204e-05
2.1002784e-06
0.00019940756
5.0575086e-06
0.0001415904
0.09014914
0.058512185
4.3627484e-08
0.0017948621
0.0001333048
0.0014035598
3.342499e-05
0.0014872921
0.24154738
0.44484332
1.645972e-06
0.003402155
0.87257236
2.3110872e-05
4.3163498e-05
0.010903772
0.0091404645
0.00012640478
0.0028474836
0.00084008725
0.00013627524
2.48786e-06
0.0012224336
0.023399156
0.009459919
2.3794575e-08
0.17457066
0.24537565
0.09165846
1.3689917e-05
2.8493923e-07
0.00034993998
0.00012662554
1.8844039e-06
0.0073007145
0.0012148642
0.0011317737
0.039270014
0.99998087
5.1782248e-08
0.3639522
6.9717044e-06
2.9339537e-08
0.029916003
5.814785e-09
0.9991383
0.006932352
0.021965042
0.0010884362
3.752667e-05
2.365444e-07
0.5859031
2.3044032e-07
0.0005094604
0.99998087
1.2068747e-07
0.04362715
6.7442033e-07
4.175521e-07
0.022880798
0.00055775145
0.0010335053
0.00062132505
0.00036919364
0.50653833
0.053912614
6.1737616e-08
0.00010002051
0.00028405583
0.032246325
1.822078e-05
0.0002476148
6.5952177e-06
0.98274416
0.005999147
0.23994099
0.0027188163
4.783589e-06
9.317618e-06
0.99997026
0.00044493223
2.7187456e-05
3.101392e-08
0.009459915
0.0025903878
1.1499367e-05
1.6069924e-06
0.009459915
0.00012651233
4.196065e-06
0.78847283
0.00013675191
0.029008923
0.97897714
6.4236343e-07
4.763846e-09
0.11553929
0.074518606
3.4442397e-05
0.14220653
1.6952976e-05
0.07358598
0.0051622083
0.007727128
0.0013524339
0.0030777508
3.5448141e-07
0.0014035598
0.9456324
1.3080319e-06
5.6274297e-05
1.009467e-07
0.006595368
0.046995953
0.003402155
0.0007002135
0.00013533379
1.1869175e-06
2.2005481e-10
6.4456583e-07
0.00050603674
0.00016669474
0.00010055125
5.6274297e-05
1.781679e-05
3.6192404e-08
0.63365525
0.0011739514
0.000103253835
0.00011987957
0.9868416
0.2662669
0.999999
0.04362715
1.2062103e-05
2.9225544e-06
0.0011061666
0.017811494
0.016477477
1.6572969e-05
2.95731e-11
0.24578026
1.4269491e-06
0.41359064
0.13860421
5.7553035e-07
0.0058058505
2.1176484e-05
7.2478826e-05
1.2170511e-05
0.87449473
3.199847e-05
1.1435308e-08
0.0070226705
5.618205e-06
1.731238e-06
1.1443792e-05
0.005999147
7.462249e-08
0.19973132
0.07476705
0.0034784852
6.928781e-08
0.6118632
0.7014343
0.00014438343
0.9999983
0.0049619675
0.0007899213
0.0032046714
6.4456583e-07
0.0056087226
0.9999204
0.074243136
0.0015636561
0.00043415886
0.0001329183
0.03577368
0.0046390556
3.5613295e-05
2.1877366e-07
0.00014389004
0.01773099
0.9995792
0.94909453
0.0039067585
0.0011408683
0.0018536531
1.0068986e-05
5.0545196e-08
0.99993896
8.58469e-06
0.038819473
2.9296503e-05
2.1512046e-06
1.00578085e-07
0.002493087
0.0030516523
0.0006971353
0.0002536923
0.0016530377
3.4125854e-08
1.5210754e-09
0.0073376046
0.03671175
4.175521e-07
0.4180948
1.8844039e-06
4.3107045e-07
0.00012640478
0.33481026
0.0001329183
