1.0
0.03669186
0.00012932206
1.0838075e-08
0.7547955
0.012688841
0.6775186
6.5894443e-07
0.0049950364
4.0488874e-05
0.0011496022
0.0010284802
0.6910311
2.2684939e-05
0.9936924
0.10826029
1.2435731e-08
6.0626484e-05
0.10065395
0.0002813428
6.248085e-07
2.0270293e-06
9.630794e-10
1.989769e-08
0.09772154
0.00016700577
0.00012508572
0.0409136
0.0066802585
0.02870091
0.9995211
3.8261268e-07
5.9091855e-07
0.001541184
5.315509e-06
0.91294295
0.055244066
1.5807586e-07
0.00025817152
0.0018892239
0.25363162
0.00022063896
7.715676e-09
2.5470485e-05
3.0123256e-05
1.5877578e-05
0.017037041
0.8859745
2.5046326e-08
3.6173014e-07
1.9351224e-05
0.0072978158
8.0198165e-10
7.47822e-07
2.8637325e-07
1.5584463e-07
3.695131e-05
1.4554566e-07
1.1233529e-07
5.1975305e-05
0.0001607189
0.0016038815
3.3252574e-05
0.9998848
5.1781128e-05
4.566007e-05
7.0807715e-10
5.5310782e-05
3.2804906e-05
0.004673158
3.5483586e-07
0.0028329284
1.0972758e-05
0.9999996
0.0009805448
4.771977e-05
5.1562857e-08
1.914851e-06
0.38229448
0.00060185714
0.006486653
0.0029975635
8.514858e-07
0.00022623087
0.00042044555
9.0336286e-08
0.003000295
0.00043281628
0.07240194
2.1532274e-07
4.0784371e-07
3.6615309e-09
5.075626e-09
6.0249636e-07
3.0519805e-05
7.271527e-07
0.00026180662
0.43289825
7.259545e-06
1.4896535e-06
8.069513e-06
5.215622e-06
0.0015758661
3.44302e-07
0.0042459294
0.027026612
3.319845e-06
0.016774964
0.00028459445
2.792175e-08
0.9999749
3.4461894e-10
7.34837e-05
1.3068197e-09
0.038555797
0.003521713
4.5528366e-05
0.0011100306
0.3300095
0.032573033
0.018396992
8.144442e-05
7.34837e-05
1.639197e-05
2.1818026e-07
3.2737058e-05
0.9999147
1.1078831e-08
0.99187374
8.4796324e-05
0.43289825
0.0003072245
0.06816132
5.5846675e-05
0.020297648
2.5439038e-09
1.7516852e-06
0.62907904
4.3534988e-06
2.0484336e-07
0.23281503
0.99995065
4.445073e-07
3.2301967e-05
1.1226081e-06
0.023771351
9.5332234e-07
3.9279746e-07
0.022461595
1.913806e-05
4.935182e-07
4.6053888e-08
0.9999846
2.5678399e-05
3.5989336e-07
0.9999997
2.4309975e-05
2.4309975e-05
9.0137985e-07
9.2418486e-05
3.0485032e-07
0.0008158436
0.9995738
0.10793631
0.12664267
0.0006127286
0.00047640622
0.021648504
3.8516235e-09
1.0209101e-06
0.0077164527
1.2751416e-05
0.0009007865
1.5746034e-06
4.9432265e-06
1.9136937e-06
0.000878088
1.5776321e-07
0.0013445549
0.0485941
2.5250623e-07
1.2662945e-06
2.4019474e-07
3.112316e-05
9.840963e-09
0.006739577
5.9332666e-05
0.0072978158
8.3782226e-10
9.982066e-07
0.24904683
6.845694e-05
1.6751785e-06
3.768529e-05
4.0134513e-05
0.0010227564
0.0010620706
2.1472166e-05
2.529265e-05
0.033810683
0.09511099
2.2336531e-05
0.21110453
0.006144268
2.8513222e-07
9.352168e-06
0.01769379
8.451984e-06
0.21110453
0.0006184855
0.05261589
0.6247623
1.6264624e-06
5.772938e-08
0.00046025982
0.0002256303
1.8353427e-05
0.978363
0.0013457797
2.4553817e-06
0.37268257
0.2343631
9.320791e-09
9.414814e-08
5.5385786e-05
6.854223e-09
5.6356553e-06
0.026767258
0.07301021
2.8722038e-09
0.0009190689
0.99993813
8.528678e-06
0.0055310214
0.26520213
0.00064191024
7.330936e-08
1.7516852e-06
2.2765385e-05
0.00054311
0.30225664
5.215622e-06
8.299103e-07
4.873254e-06
0.9388966
0.010597283
1.9180277e-06
0.062166028
0.00096223457
0.6477386
2.4553817e-06
4.5736474e-08
1.6423954e-06
0.0008158436
2.0575095e-08
0.018570727
0.00012865466
0.0003303895
0.99857163
0.011262191
3.2647862e-05
8.0234924e-05
2.2242747e-07
0.0055310214
0.001334061
5.0856866e-06
7.22086e-07
0.00046025982
8.276286e-05
0.91294295
8.820256e-07
3.4519668e-05
0.11226602
0.0011049965
8.528678e-06
0.9969643
2.5644733e-08
1.1085764e-05
2.137229e-07
0.97199255
6.1081795e-05
0.04538333
0.036117163
3.2301967e-05
0.13301699
9.116954e-06
2.4553817e-06
0.9861727
6.0988783e-05
0.99828
2.04437e-05
0.0059008757
0.0083758775
0.07240194
9.485735e-06
1.6799861e-06
5.4432853e-06
9.490974e-05
0.0002256303
0.00010962884
