8.682446e-06
0.0034765087
1.9723404e-06
6.364073e-05
0.0005593845
0.9879288
6.2401195e-05
5.1874363e-06
0.015378932
2.609393e-08
0.0014308146
0.0051512104
1.9709623e-06
0.99904555
2.8162116e-05
0.0015987464
0.0009959651
0.0024393504
0.015973829
0.42737576
0.970444
0.34055942
3.546201e-05
0.026389416
0.00011083902
0.15142083
0.9999832
0.00035705572
0.027114637
1.6593389e-06
0.0016387625
0.005972894
0.9999816
1.3485212e-05
0.98865676
4.8605027e-05
0.0046659065
6.225388e-08
0.99999994
0.05727219
0.99918026
0.0008053512
0.0005366006
0.9996218
1.0474975e-07
3.0135263e-06
0.0078712385
2.772302e-06
0.022994578
0.6917002
2.5319536e-05
0.0012889206
8.6928685e-06
6.1029743e-05
0.99660254
0.00014374673
7.576276e-09
0.00010488928
0.013563298
3.7898874e-07
0.74398845
3.6905214e-05
0.0028619517
6.8550494e-06
1.7590124e-05
0.65219396
9.136729e-07
0.00019253347
0.99999917
0.30047324
7.902636e-05
4.7161593e-06
3.8001583e-06
0.0011607447
3.4679233e-05
0.00021082073
2.5127653e-07
3.777993e-06
5.8431493e-07
8.947048e-07
1.8578801e-05
1.2096178e-05
9.500546e-06
0.8953514
0.0046810713
0.00023214436
1.7559987e-05
0.28069493
2.7685724e-05
3.0719886e-05
0.6181545
2.1501432e-07
8.6928685e-06
0.76358974
0.00035380555
4.716699e-06
0.4893032
0.00017281098
2.9514138e-05
2.0669238e-06
2.772302e-06
5.2893023e-07
0.50463945
0.0014515234
4.3091524e-05
1.2603071e-08
0.0016864665
0.00016614236
4.851742e-06
3.763792e-05
0.9911701
6.0060324e-07
0.00048692842
1.9614272e-05
0.3556864
0.00010345608
1.4794699e-06
0.0077590086
0.119007915
0.16440792
2.1300055e-05
9.353954e-07
0.99855053
7.716842e-06
0.009468739
0.79505026
1.401881e-05
2.7670256e-05
0.5263643
7.459833e-05
0.0017499452
0.00014345247
5.059868e-07
0.0005876488
0.00017440475
3.8957197e-07
0.0041293614
0.015973829
0.23859087
7.067222e-05
0.04664493
1.936088e-05
0.011455997
0.00084090215
1.0493212e-07
0.00016017242
0.020978348
0.9411529
0.9984564
0.0014249812
0.05055544
0.99985546
0.0034072225
9.728199e-06
0.00031246923
1.4744161e-06
6.54021e-07
0.20045689
0.0031068118
6.257065e-08
1.3281413e-06
0.18088068
2.0669238e-06
3.1060827e-06
7.3275914e-06
0.002080924
1.6793672e-05
0.016600354
0.00033315647
3.948933e-05
4.1812855e-06
5.461581e-08
0.00032496208
0.9981481
0.9461545
0.00033020938
7.2665024e-10
0.3526427
0.0044671926
0.40269536
0.5382102
0.005830591
0.0031718595
6.787917e-11
2.1936663e-05
0.99999994
1.007321e-05
0.083632044
0.021190202
0.8822992
0.00010819369
6.238606e-08
3.2037542e-06
0.00039032265
2.7610456e-08
3.217588e-05
0.0003059218
0.86022115
8.087356e-07
9.906767e-05
0.119007915
0.0088524325
6.9607954e-06
2.6109867e-05
0.00013987048
1.4122011e-05
1.0067583e-05
8.351892e-06
4.545237e-07
0.0011685927
5.876837e-05
0.003945414
0.5444956
5.059868e-07
0.9255416
3.8865865e-06
0.0370304
0.18642198
3.7898874e-07
0.021117402
0.84801346
0.8806101
0.0066135065
0.0029498024
0.0010825833
0.1795415
1.1107796e-06
6.116382e-06
0.940946
0.0013746237
0.00033839696
1.8602328e-06
9.554794e-05
0.020915972
1.6531314e-05
0.003342084
0.101241186
6.270928e-06
0.11361694
6.5197123e-06
2.6036341e-05
6.761644e-06
5.720621e-07
0.0776944
0.99999994
0.00016475536
0.061899625
0.9999331
2.072666e-06
9.008917e-07
0.99028623
0.9980372
0.0051512104
7.677842e-05
0.9999697
0.0012355444
0.87500465
0.0003193372
0.92993397
2.609393e-08
0.99993426
0.00012658052
0.0010165094
0.00077516976
0.04573074
1.16518e-08
1.062979e-07
6.0575625e-05
0.9992008
6.8902196e-08
0.89524174
0.9999534
1.7414095e-08
0.0006987909
0.0001733042
2.797664e-05
1.0
0.0060023894
0.0019990914
0.64778924
1.8718229e-05
0.99999595
0.012780853
0.9704217
0.99999785
0.0039041466
0.013226705
6.688824e-06
1.4744161e-06
0.0025939583
0.0070367195
0.0041293614
4.8026044e-07
0.00048961065
0.7259729
0.0012094341
2.0337916e-07
0.006511814
2.6956448e-09
0.9965958
