1.0
0.9999992
1.0
0.06295781
7.047704e-05
8.1558557e-07
0.39797655
6.921055e-05
0.0049104313
0.00012986454
9.616101e-08
0.00011144035
5.148532e-07
2.960458e-06
0.0049315533
6.247513e-08
2.8414165e-06
0.00010446804
0.031352133
0.00045566348
0.000702411
0.00022467907
0.0023306056
0.96023333
0.0010024728
5.5401844e-05
0.9957172
1.7448247e-05
2.2255529e-06
0.009805371
0.99991584
4.1713974e-07
0.00066941715
0.0049104313
0.009918046
1.1069726e-06
8.305111e-05
0.009623412
0.99697584
0.00013844829
0.00025173053
9.027166e-06
1.0
4.723415e-05
8.7238516e-07
1.2684907e-06
0.44840294
1.537132e-07
0.19189633
1.9114026e-10
3.3264027e-05
1.3986201e-05
2.5428935e-05
2.9244592e-07
1.8186614e-07
1.271629e-06
0.10122754
3.851931e-05
0.020073187
3.4092733e-05
0.017281914
3.5711928e-06
0.00017507054
2.6185876e-06
4.5817837e-05
1.0280342e-05
5.9722708e-05
0.04490139
2.3741133e-07
4.985333e-06
0.0005416641
0.009199211
0.9998255
0.032572612
1.1392417e-05
0.00019613627
4.847015e-06
2.1324892e-07
0.00034396665
7.481284e-05
6.258306e-08
7.6236884e-06
0.0011582177
7.0500105e-06
1.20433e-05
3.509086e-08
3.3105625e-06
6.0117856e-07
1.0174713e-06
2.308805e-05
0.00026377774
3.7289208e-10
1.1860802e-06
0.00020429038
0.93485105
0.8741716
7.6236884e-06
4.826908e-05
1.2839231e-06
0.008854809
0.000648878
5.9091613e-05
0.10314474
0.07794573
0.0008737718
1.8652262e-08
4.773727e-07
3.7804003e-08
0.00083823374
0.99742633
2.7231266e-09
0.00022724045
0.0008594753
7.3346346e-05
0.0038437012
0.9999768
0.9999976
0.0006219702
0.00022850711
0.017998138
0.014444322
1.298641e-07
0.9999996
0.00057382387
0.0026453289
0.0728286
0.00050004217
1.317818e-09
0.00034070565
0.000104374645
0.00083823374
0.00040866187
1.00312356e-07
0.00012836549
3.4092733e-05
0.0028362009
0.0049104313
0.018127529
0.008388477
0.0007006163
0.00042179157
2.6117905e-10
0.008810976
1.7016312e-08
3.9144896e-07
5.597721e-06
0.0006088667
0.9999736
0.7293142
0.9551312
0.0037051789
0.0004426841
0.43644395
4.8012083e-05
0.6828151
0.00010241171
1.8438443e-05
3.55745e-05
0.001719247
0.0033075083
1.1221596e-06
5.5995793e-06
2.0893043e-05
5.497599e-06
0.00019600092
2.8143646e-05
0.999994
0.9860422
4.7506828e-07
7.534528e-09
0.05240266
0.96023333
0.99997824
4.4884635e-07
6.7530203e-07
0.39797655
0.0008981272
9.367021e-05
0.0021550746
7.481284e-05
0.00020837126
0.99998593
8.0242444e-07
0.014364509
7.055554e-08
0.00090210664
9.920625e-07
0.00080079905
2.9604553e-06
9.923956e-09
3.1472115e-07
0.035521485
8.5185675e-05
6.156335e-08
0.9999998
1.6859004e-06
0.0026772348
0.00013440911
0.00023254954
0.7546131
0.48138258
0.0025406508
2.4060286e-05
0.9999999
1.1289844e-06
3.8908595e-07
2.3899202e-05
2.5443424e-07
4.5817837e-05
0.007642933
0.0010899034
0.0004921094
9.477679e-05
2.3008145e-08
0.0025406508
3.1150594e-05
1.3257649e-06
0.79799175
0.79799175
0.049101572
0.0002649778
1.4830205e-08
0.00022300349
0.026754117
0.9999883
0.20585567
0.99978846
1.0402327e-05
1.1207841e-05
1.3986201e-05
0.00030240722
5.597597e-08
0.00040866187
1.00312356e-07
1.2882683e-07
0.11690818
2.8640542e-08
8.625804e-06
0.04542448
2.0893043e-05
2.0275763e-06
0.0001500038
3.253305e-05
1.3526324e-05
6.444774e-05
0.001341236
0.030040188
1.3941243e-05
0.99932617
0.99995553
2.3507411e-07
0.036617134
3.593329e-05
0.99999624
8.123717e-06
1.1532592e-06
2.2726645e-05
0.29590535
0.0025405043
5.597597e-08
3.238063e-07
1.9720846e-06
3.593329e-05
1.7457195e-08
0.04648404
0.27645355
0.00019172029
2.9244592e-07
0.99999905
0.9905859
0.61716485
0.00060682016
0.0032926586
6.0607977e-07
0.03224501
0.6734608
6.804577e-07
4.723415e-05
4.1972237e-07
0.0006441066
3.5438483e-05
0.00042179157
0.08275553
3.150951e-09
0.00034070565
0.0047011003
0.004975891
5.7162147e-08
8.123717e-06
0.00011681459
0.999926
0.20211615
0.00012986454
0.0257391
0.00033063247
0.2680222
0.010528827
9.057625e-06
0.0004601883
1.218225e-06
