0.99996996
0.00021360467
7.520572e-09
0.99968094
0.0026946382
0.03293854
0.7861509
0.0062757046
7.359302e-06
0.42935967
0.016185848
0.0038008527
0.6632912
0.00040649268
1.0
0.012969709
0.0030813988
5.935004e-05
0.00022946952
7.76353e-06
4.2700536e-05
9.508312e-05
0.0014914349
0.1890485
0.0015315696
0.99804986
0.13244778
0.0035643952
0.0038008527
0.0029541084
3.9202332e-05
3.2707153e-08
6.6975167e-07
3.643236e-07
3.0931482e-05
2.0491382e-06
0.99999946
0.003936819
0.96081996
0.2633614
0.0031829572
2.3698385e-06
0.009085364
0.5651467
0.0008532314
0.020485422
0.10960059
6.7485535e-06
0.5991838
0.29104537
0.00027037502
8.093775e-06
4.2786496e-06
0.007968721
1.045851e-06
0.069569856
5.2391424e-06
1.05909795e-10
6.1129876e-06
0.001461489
1.7672668e-06
0.596446
0.0008502772
0.9841998
0.0002764933
0.22237888
4.416805e-06
3.115304e-07
0.0008463116
0.00018484096
4.604925e-05
3.729231e-07
0.0147008505
0.00060072244
0.002763414
0.005551628
0.41898593
0.63465995
0.00028004273
9.396976e-06
4.5499687e-07
1.0377199e-05
0.004202691
0.0043102736
0.035287693
4.205932e-09
0.10957935
0.00011062732
0.5237265
2.3698385e-06
0.00010443657
0.9996878
0.00059211114
3.5731994e-06
0.0063982806
6.377318e-07
0.7724823
0.0003523289
8.638283e-08
0.0030342499
0.99781984
0.365584
0.0022089449
0.00010443657
0.99999946
0.0003553026
0.113285206
1.1142129e-05
0.99999887
2.1040405e-05
1.4056344e-06
0.00010835435
0.002752432
0.9979401
0.99553585
0.0020096125
0.010935445
0.99517244
0.3125842
5.0404246e-06
5.8454678e-08
0.9976451
1.587679e-05
1.3507198e-06
3.6059e-05
0.99716365
0.00014907256
0.0012202559
0.99999917
0.0026288596
3.316596e-05
0.99999994
0.09244202
0.9998447
3.5731994e-06
0.00020699423
3.115304e-07
1.6855382e-05
0.0024470715
0.99999994
0.00056813954
4.1181323e-05
0.99798024
7.76353e-06
1.6410584e-07
0.001918841
0.99901015
1.6992657e-06
0.0013209305
0.100173235
0.00011010238
0.0018913597
0.00020950081
0.47680554
3.097966e-05
0.017545523
0.12680317
3.7227583e-05
0.99951327
2.1076983e-06
0.00933396
0.0008222864
0.71638125
0.0006975114
0.1845048
5.0202143e-05
0.9837051
2.1872971e-05
2.1040405e-05
0.00011638874
0.021919345
0.3167675
0.009884652
3.233917e-06
1.2256115e-07
4.9666556e-07
0.067154795
2.0491382e-06
0.00019748589
0.00019983466
0.004073781
0.12464804
2.2175735e-05
2.2109974e-07
0.00010288723
0.03193183
4.354527e-07
0.9999951
8.163917e-06
6.2000336e-06
3.601986e-07
0.029687442
1.3255727e-05
0.079025984
6.437704e-05
1.5464573e-06
3.5749643e-05
0.9999363
9.9293145e-05
0.0029541084
5.758094e-05
0.00012329695
0.0010898754
0.0008463116
0.00639528
8.366017e-06
0.99517244
9.8648175e-05
0.0012089493
2.2492852e-05
4.9666556e-07
0.010540548
8.093775e-06
0.99496925
0.00022426558
1.3710936e-08
0.0018782144
4.6101934e-05
1.9254176e-05
0.7415796
5.0253013e-05
4.0623116e-05
0.0010172074
0.0006219142
0.035189867
0.0026943563
2.481391e-07
0.0052876077
0.0003978215
0.99781984
0.00058397243
0.11850955
0.015875565
0.83075094
2.4320898e-05
0.18310975
0.00011026324
0.8967881
6.517393e-05
2.2033968e-05
0.00022544879
0.002752433
0.108821794
0.99967015
0.00045292918
5.354114e-06
3.7113068e-06
0.99968094
7.0917923e-07
0.0057559526
0.0029541084
0.0004289698
2.1892352e-07
9.9503595e-06
0.00015456369
1.2167551e-06
0.9887968
0.0027695245
0.0003437241
0.029687442
0.00032845302
2.3618972e-05
3.3288674e-09
0.0015531073
4.5180528e-08
0.0002503495
0.9967497
0.0050602094
6.40626e-10
0.20493096
0.10957935
0.0035643952
5.9132503e-07
0.00010835435
0.9999968
0.0059728455
0.99991935
0.99988246
4.8053116e-06
0.99947447
0.0027829674
1.0878278e-07
0.99996835
0.0010087077
3.96367e-05
0.00036000973
4.0953132e-08
0.63423175
2.2175735e-05
0.00887138
0.014137811
0.032674536
1.6064208e-06
0.00011982722
0.0012202559
9.371026e-07
0.50880486
0.015875565
2.4225558e-06
2.4225558e-06
