0.9962211
0.99999875
0.009474488
2.4722207e-08
8.117871e-07
3.8557934e-07
0.003448458
0.2007022
0.26745206
4.6260917e-05
3.2303353e-05
0.0027839125
0.0013632657
0.00020516882
0.0001914439
0.0043739807
0.9992509
0.0002712759
1.3832792e-08
5.8319984e-06
0.5518632
1.5233877e-07
0.99995416
9.198383e-09
0.00013912705
0.0090585295
1.938308e-08
0.00708644
0.0005135843
0.0013055333
0.3304668
0.0004171163
0.006270797
3.9632846e-07
0.0010850168
0.0010529908
0.00899645
5.481807e-08
3.225983e-08
8.509488e-06
0.9998987
0.4625123
0.99859655
2.7591668e-06
6.3321073e-07
0.00037377907
0.0018503706
0.0027839125
1.3420652e-07
0.00014873747
8.717165e-07
0.98535293
0.06325753
6.6434523e-06
0.9974069
0.020892525
0.00094462984
0.0009940023
7.8182944e-05
8.462364e-06
0.0002712759
0.004019474
0.31743732
0.99926215
0.0011818932
0.9240764
0.007798123
2.069771e-07
4.388841e-06
0.43552926
0.0124543095
0.002459648
2.6843147e-10
3.7681843e-06
0.0010290429
4.81042e-06
5.0823127e-07
6.072987e-06
0.8070506
3.5827767e-07
0.041099016
0.0012855233
0.44494244
0.00015682766
0.0012335107
1.5428172e-05
0.00060684764
2.1005455e-07
0.016177185
1.577202e-07
0.9998847
6.577969e-06
0.21945716
0.0015645475
1.2275385e-06
9.466659e-05
0.31744134
0.0020523027
0.999966
4.999453e-09
0.03240526
0.016423017
4.593328e-06
1.0245716e-06
0.0052280626
0.0136687225
0.024747426
4.2147274e-08
1.1038207e-08
0.24261378
8.721888e-07
5.166827e-05
5.0922285e-06
0.0002204474
6.396423e-05
0.33022347
2.756501e-05
0.014692896
2.6815854e-07
0.7845457
0.00013232861
0.06522958
0.06522958
0.00011614473
4.8076687e-05
0.7860847
1.8845167e-05
0.9909041
0.00018364689
0.00019160699
0.005227773
0.9999597
0.0013581935
1.5836205e-05
0.0007627186
1.5836205e-05
0.003125603
4.661357e-06
6.607946e-08
1.509528e-05
0.14689621
0.01805904
0.00051819603
0.004530126
7.297671e-05
0.080345
0.9999999
0.051642008
0.14150412
0.026071815
0.0003101347
0.98854
1.5790079e-07
3.8557934e-07
4.1259723e-06
8.80726e-09
0.00020130837
4.1820246e-07
6.5310254e-05
1.528971e-07
0.4409673
0.999966
0.16286868
0.00022332818
0.5968573
0.004904221
4.220406e-06
1.936073e-05
5.4351567e-06
0.99999887
4.4138533e-06
0.044624668
1.2628526e-06
0.0034628226
1.6959857e-06
3.1430055e-08
0.000516445
9.443187e-06
0.0052280626
0.01805904
0.99991184
0.9975749
7.5749193e-07
0.31744134
0.016614115
7.5671254e-05
0.38464624
1.8416583e-07
3.458573e-07
7.925211e-08
0.020559283
0.0005020239
0.00035810447
0.010462622
6.353703e-05
0.04352947
0.91206145
7.8182944e-05
1.11113785e-08
2.6666803e-05
2.117294e-06
3.0090007e-08
8.666411e-07
5.798759e-09
0.0007897445
0.0009545784
0.8725314
9.250832e-06
0.00041241577
1.6852044e-06
4.4138533e-06
8.114418e-05
6.209817e-07
0.46053487
0.001948482
8.570698e-07
1.6553811e-06
2.1779077e-05
2.6985612e-05
0.5968573
0.012774525
3.1240713e-08
4.8130267e-05
0.1552328
0.00024706204
2.156854e-06
0.0070341313
4.315772e-07
3.7422597e-06
2.2974937e-05
4.3876236e-05
4.0765694e-06
0.4325789
0.30360508
0.6412924
3.0504785e-09
0.37404075
0.000430459
0.00028038843
1.137418e-05
8.3640436e-05
0.36387268
0.00038785714
0.98818606
1.4395885e-06
0.08974469
0.00028435822
5.29937e-07
0.27820238
3.6616068e-06
9.763093e-05
0.00041944094
0.07314478
4.998635e-08
0.31154692
0.0009075151
0.00012259565
0.006264323
0.00011371091
1.31024435e-05
0.00046206042
3.620591e-06
0.0004436883
5.7848837e-09
6.343392e-07
3.2829577e-09
1.31024435e-05
1.9097675e-05
0.9866796
0.032897055
0.003862712
0.0004501866
0.0017770283
1.4959458e-07
8.80726e-09
5.698644e-05
0.078854024
0.00035192675
0.0018961158
0.00023213861
0.016760161
0.9976017
6.846386e-05
0.1552328
8.8910514e-05
0.0014956489
0.7190892
4.073224e-05
1.4475731e-05
4.764421e-06
4.238704e-05
1.4502608e-07
0.12603475
0.99994427
0.00094462984
6.8271394e-05
0.98942906
0.0494829
0.9994798
0.00022044718
