1.0
4.150638e-06
7.111808e-05
5.8903146e-07
0.00017555196
4.436133e-05
3.989723e-05
2.8452805e-08
0.032941807
3.112951e-05
0.006241892
0.9004108
0.13415448
7.147578e-08
2.921345e-05
0.00043032444
1.072328e-07
5.7533132e-05
0.030857582
0.9791252
7.030779e-09
5.7093608e-08
0.0032600455
0.17485791
3.2957774e-07
0.059751708
0.0011667141
0.7231617
0.044318397
0.16647384
0.001077342
5.219958e-07
0.0021965955
0.7208837
0.812487
1.5508864e-07
1.6660442e-05
0.00010274409
0.04972138
1.9325607e-07
0.99843997
0.0016469753
0.0009157255
6.8300054e-05
2.1457345e-05
4.4969556e-07
0.0046705618
0.00924848
3.8023984e-08
0.9985742
0.019977469
0.003340042
0.06629307
0.98158073
0.00060945016
1.3554772e-05
9.040503e-06
7.865088e-06
0.99997485
0.028667338
0.00013630862
6.9691515e-07
0.00084215787
0.00035119563
1.8871033e-06
0.99995774
0.99547213
0.0027543225
2.4227398e-05
0.00010574673
0.00021226752
0.00053428375
4.351631e-06
0.0032938295
2.3981937e-07
0.10752842
0.13645616
4.9764134e-07
7.3851606e-06
2.0739215e-05
0.028151697
4.0696985e-05
1.4427576e-07
4.699046e-05
0.99997216
0.013000038
1.2323101e-06
0.025802478
1.5921415e-08
0.00061578257
0.0064360406
0.94618577
0.00021041006
0.25668138
3.1945767e-06
6.4964747e-06
3.4989735e-05
0.0049039233
6.916316e-07
7.671298e-06
2.0377263e-06
8.154067e-06
0.050300512
0.025647888
3.8023984e-08
0.00031024413
0.00013349968
1.14418796e-07
4.230331e-06
0.10134925
2.921345e-05
0.025802478
0.0002724729
0.00032090864
4.38291e-06
0.008353116
0.4319293
0.9995276
2.713917e-05
0.0013522665
0.06536305
0.10074702
0.9932532
0.0002297309
0.00011862747
0.0005745731
1.7130211e-06
7.3851606e-06
0.15159114
3.8110884e-05
0.0018831465
4.982403e-05
0.014946623
0.15005574
1.4015362e-05
2.8468496e-06
9.212737e-06
0.017094016
0.9999984
0.81647027
0.0028412556
0.0028322171
0.9217785
0.0005933419
0.0145203285
0.006925213
0.00017788415
9.157596e-05
4.7367897e-07
0.23852208
7.478113e-07
0.1016736
9.008075e-07
0.0028740293
5.6310782e-06
1.1552677e-05
0.21135469
0.00022141617
0.00924848
0.99920905
4.0650477e-05
0.0013522665
8.48973e-05
0.11322401
0.17485791
5.2391926e-05
0.00019372416
2.2040022e-05
1.1988513e-05
0.9888686
7.030779e-09
8.7083215e-05
3.2730857e-06
0.2569099
3.7694346e-05
0.0019903716
1.4427576e-07
0.001077342
0.0005660526
0.600994
1.3214642e-06
2.5621666e-06
0.9999984
0.00032908304
0.00015265636
0.9999971
0.0078394115
0.00013314321
0.99998665
8.594548e-05
1.9222896e-05
0.00017654571
3.459131e-05
2.0919883e-06
0.001321644
0.9997254
0.00020963448
0.5357176
0.018642448
0.0896023
0.50744194
1.6776768e-05
3.004768e-06
0.0056786733
1.2949181e-05
0.15005574
3.4873246e-05
0.11443525
5.36572e-07
0.0019696504
0.16647384
1.6370458e-07
0.061918207
1.4015362e-05
0.0076164114
3.9860646e-05
0.0002724729
0.9998946
1.8605841e-06
0.00037888958
0.00012465598
0.00014969574
5.6721416e-07
0.9977914
0.99997485
0.01970487
6.916316e-07
1.6961766e-06
0.00031971282
0.88268876
1.081916e-07
0.7181283
0.0026863075
0.060974278
0.9103872
8.501428e-05
0.5661036
0.9999223
0.98788947
0.0013522665
0.0001136475
1.4879221e-05
1.3200472e-06
2.7037026e-07
1.773387e-07
0.00057339744
0.064636506
0.38153994
0.0040583583
0.9834307
4.699046e-05
0.49256808
0.00011386324
0.006955876
0.00012533512
0.0019504627
0.0022006847
0.005558163
0.00041733365
0.000567303
1.0
1.11044336e-07
0.64235765
0.90687704
0.00037869424
0.0019616242
0.0011578382
3.7277317e-05
0.9998626
0.0001537602
6.6858614e-05
0.00012987085
0.17374164
0.00015354893
0.0020724868
1.8088897e-06
4.7263798e-06
0.30589744
0.0069557875
2.3340468e-05
0.00058506074
5.183933e-05
0.028336871
0.0024456054
0.0068410137
0.9939796
0.0027211045
0.99788547
0.08252816
0.88268876
0.03711672
0.999994
0.00013644452
0.99887884
1.3200472e-06
0.49256808
7.058648e-06
1.0435088e-08
0.06753978
0.24178877
