1.0
0.9999975
1.0
2.1943332e-07
2.1965116e-06
0.5509781
0.00090857845
0.9977936
7.2847542e-06
8.9633835e-11
0.000455632
4.038916e-09
3.8634127e-07
2.1380606e-07
0.0046127983
0.02327498
0.0004772896
0.18453953
6.5654194e-07
2.9690547e-05
0.021105302
0.5755604
4.643094e-08
7.2107423e-06
6.722943e-05
0.005659208
0.00039396167
0.0004910797
0.0025543107
8.823739e-07
0.0005597627
2.4958015e-07
2.5291612e-05
0.00012484251
1.3270829e-06
4.6839405e-06
0.0053468887
1.6314897e-06
0.000108485234
1.7400407e-05
2.3354987e-05
8.350901e-08
4.458958e-06
1.8737232e-05
1.1881625e-05
0.00018460336
0.9041186
0.0090883775
0.00071773864
0.00015406004
0.0032931326
0.081900716
5.753334e-06
0.004731043
5.399342e-07
0.0012263206
3.259966e-07
2.8590602e-08
0.89501864
0.18703473
5.680669e-06
3.346772e-07
0.00043632023
0.5462269
3.3667384e-05
0.9835602
5.7847874e-06
9.0916e-09
3.2412838e-05
9.29941e-06
1.643845e-05
0.002774544
0.0010244347
0.0008813449
2.0716325e-06
0.89403254
1.985088e-07
5.5368062e-08
0.9465166
5.5276104e-07
0.014885023
0.0039675334
0.00012484251
4.727516e-06
0.00015068117
0.42934102
5.3399326e-06
0.00043573233
0.5509781
0.0031799236
5.2372994e-05
3.492433e-08
0.044514675
2.1685191e-06
1.778737e-05
0.0009877712
0.0002417368
1.8302215e-07
1.1389744e-05
1.9293897e-07
3.880327e-05
1.5956947e-09
4.3683713e-06
5.5777914e-06
2.2196136e-06
7.869795e-05
8.240328e-05
0.0153574515
0.00036309662
4.3600277e-05
0.65314335
7.343251e-08
0.10866511
8.180668e-05
0.0003189532
3.4212277e-07
0.017086376
1.3429065e-05
0.18332294
2.1161304e-05
0.9983499
3.6855099e-07
0.6379962
0.0046366695
0.97673255
8.23831e-06
0.01159682
0.0046061627
0.00017840887
0.0005578567
0.000103580845
5.5276104e-07
1.1548788e-07
9.011134e-06
6.503492e-06
6.0634113e-05
0.20431335
7.641661e-06
1.2034401e-08
0.004731043
1.4651463e-05
0.6090644
0.11208047
0.0045266934
0.98559445
0.9987396
0.00035271794
3.7827485e-06
0.9190482
0.005124495
0.0046061627
0.0025663893
4.619013e-09
0.000351859
0.00031254726
0.048540305
0.99998975
7.1434197e-06
7.162246e-05
0.08328599
0.00018460336
0.044514675
4.3253888e-08
4.3683713e-06
0.0005049216
0.98758996
6.149622e-08
1.07103615e-05
0.14122906
0.06197433
0.029624542
0.9999315
1.3848927e-07
0.00016647982
0.00015068117
0.0134633975
0.041111607
0.9858715
7.1543686e-06
1.536261e-08
0.00014661068
1.05244204e-07
0.007187368
0.0539109
0.000106396394
0.00042049502
2.9339298e-09
0.021105302
3.4924263e-08
5.7785956e-06
0.0003189532
0.00015433763
0.00016769062
9.5548305e-05
4.458958e-06
0.39037168
0.00021167171
1.6918882e-05
8.574241e-06
1.4281034e-07
1.460051e-05
0.00043072787
1.6498161e-07
7.647843e-06
0.030684529
0.0090883775
0.29138663
0.99991643
0.94044465
5.1934558e-06
0.086463675
6.6136807e-09
4.9645885e-05
1.4057844e-07
0.94228506
0.96906203
0.9999921
8.650238e-06
3.6426668e-06
0.0046366695
0.00010259811
7.752709e-05
9.011134e-06
2.1366213e-05
2.5572598e-07
9.518288e-09
0.00047728937
0.00014091076
5.6435038e-05
1.8601456e-08
0.99795026
0.00095556304
0.00027143268
0.00038962875
1.7928305e-07
0.9998627
2.76397e-08
0.081900716
4.458958e-06
1.5757896e-05
2.1816535e-05
3.837134e-09
2.8938663e-07
2.7410719e-05
9.228971e-07
0.047720168
1.5610748e-07
1.3601582e-05
0.99997705
4.2801068e-05
2.4022637e-07
0.014180737
5.2725866e-08
2.7461896e-05
1.4531389e-05
2.6491236e-06
0.0029975178
5.0868515e-08
0.035122193
0.07917784
0.3451686
0.9999315
0.9237367
0.0020245104
3.544328e-05
1.8615128e-07
9.283805e-06
5.380495e-06
0.9997884
0.92572975
0.99032784
4.3191156e-07
1.5447813e-05
0.00037335188
0.0004416586
0.00013320695
5.5978226e-06
0.99999994
0.004731043
0.8025337
3.3709093e-06
9.177641e-05
0.00041049052
1.7764876e-08
7.561293e-07
7.302879e-05
0.00017090928
8.9101144e-05
0.000120249824
6.252837e-05
5.0406265e-06
1.725954e-08
0.00012484251
5.0792095e-09
0.045942042
0.41711336
1.3582851e-05
2.0148934e-07
2.4958015e-07
2.9714497e-06
