0.046346277
0.959492
0.046346277
0.959492
0.027942313
0.18761268
8.275606e-07
8.197605e-05
2.5975357e-06
1.5412466e-05
0.99998486
0.0052700983
0.005769944
0.00026518555
0.0011614708
0.006789244
0.933005
0.00033568102
0.00997835
3.0425823e-05
0.68797445
0.010565752
6.8265854e-07
3.170051e-05
1.0566822e-05
0.9949826
0.3163895
0.50107867
0.8128093
0.9854293
0.00700685
0.097243115
0.97616756
0.0002697632
0.0002751765
0.039678756
0.24685231
0.0240349
5.0984872e-06
0.00036495327
5.0547887e-06
0.019609533
0.00012722972
0.6498669
0.0744453
0.47859403
0.00014606398
0.14478517
0.00014606398
0.99999857
0.012264602
0.00013897245
0.0002796836
0.08836276
2.7967788e-09
0.99999946
0.052841816
0.99993706
0.0006770503
6.3470594e-08
0.6498669
0.0012810573
0.00075417745
0.00040779213
7.242625e-05
0.649494
0.99997216
0.99955446
0.54537
1.2089339e-05
1.6647135e-05
0.99999857
1.0964828e-05
0.999998
0.0062955017
0.0068424456
0.0006793876
0.58636934
0.0008793892
0.002140681
0.265302
0.00015197201
5.338177e-05
0.026549606
0.0047387592
0.16753756
2.4582985e-07
7.548833e-05
0.024404578
0.00010983152
0.3581963
6.0824523e-06
0.029914757
6.0733648e-05
1.3205583e-06
0.9999988
0.0007610328
0.004709235
0.69212526
0.0007845852
0.8969597
0.00088760065
0.23837873
0.05040858
0.0023497941
0.13305558
5.6747995e-06
8.45885e-07
0.9994301
9.0707974e-05
0.9359755
0.00097159145
0.0064599416
0.026549596
7.2905533e-07
0.99999774
0.7252336
0.0007681806
0.30214825
0.050619204
0.0010649373
0.012823713
0.0008793892
6.623342e-06
0.00028261333
0.99987066
0.00034826345
0.00024081249
0.99332964
0.77704865
8.34884e-05
0.00037047485
0.97690576
3.8239978e-05
0.00023259743
0.0040076543
1.0
0.96597356
0.999567
7.2905533e-07
9.9175806e-05
0.00039938648
0.050827816
0.0020962886
0.69212526
0.00038972328
0.12062791
1.5735463e-05
0.0018400012
0.84595776
0.41510466
3.1973457e-07
0.99999774
0.99667764
3.5194669e-06
0.0018552091
1.0297182e-06
1.7550414e-07
3.505301e-06
0.0038865157
1.5880599e-07
3.4674015e-06
0.0003464841
0.8238051
1.0895282e-05
0.01328876
0.046346277
0.19249253
3.600201e-06
1.0
0.020996513
7.6060996e-06
0.0026842058
0.0029000056
0.786958
4.357198e-07
0.0007349387
0.021359202
0.0015327346
0.77704865
0.000118226344
0.049059156
0.74198204
0.0010139622
0.00023310719
0.0010280022
5.9328504e-06
0.07358396
0.00025758392
0.9999802
0.014779657
1.0
0.119019605
0.00038119033
3.757623e-07
0.87951285
0.13565144
1.9965448e-05
0.76680785
0.33755723
0.16406228
7.45133e-05
0.99911505
0.0016039457
0.34298274
0.999732
1.0485492e-05
8.138694e-08
1.0670132e-05
0.00013357047
0.012713847
0.99242836
5.9958616e-05
1.256639e-06
0.029261842
1.0
0.0030047386
0.00045584072
0.0074517014
3.727474e-08
0.48627967
0.1443736
0.0006896924
0.0037695945
0.99998486
0.0333261
0.8675648
0.38868636
0.0074517014
3.196893e-06
3.2515566e-06
2.1808042e-07
0.0003719697
0.99884826
0.8962149
0.0018297049
8.872024e-08
0.0002943046
0.9997518
2.5262589e-05
3.4674015e-06
8.34884e-05
0.9981716
3.692726e-06
0.00015737698
3.2282413e-05
0.00089426024
0.073216006
1.2700734e-05
0.0021832671
0.00012894784
0.022713969
0.0047389595
0.002582337
0.04281597
0.01953956
1.8221579e-07
0.7252336
1.6647135e-05
0.21544975
0.99936414
0.019864967
4.9989635e-06
1.3748426e-05
6.5773984e-06
4.5745946e-07
0.0011954916
0.013299856
4.6224972e-07
7.054894e-08
0.23291771
0.3701175
0.003684494
0.21707284
1.1555432e-05
0.034221835
0.0017890894
2.148236e-06
3.3701122e-06
4.357198e-07
0.63936764
0.58866906
0.022604197
9.182763e-05
0.9999829
1.0625492e-07
0.0005515781
0.026551098
1.0741719e-06
0.49271378
0.01222938
3.1973457e-07
0.6003108
0.99999803
0.119019605
0.00011137958
0.99992776
0.06505196
0.34298274
0.0005691775
