1.0
1.0
1.0
1.0009901e-06
5.6346494e-07
0.00014242588
8.888933e-05
0.20718253
0.7503022
0.113408074
0.020793453
3.1291096e-05
7.852395e-05
0.0066230744
3.0469441e-06
0.97047263
3.279333e-05
0.9430048
0.5415232
0.0004491358
0.004462
0.0008722283
0.044777405
3.485074e-07
1.3668854e-06
0.9999654
1.4050464e-05
4.681525e-06
0.12163095
7.909566e-08
0.20461598
6.188515e-06
5.6220676e-07
0.0001779661
0.001431927
5.390819e-06
4.515245e-07
0.0011339426
0.03792178
0.2189894
0.00021899705
3.080333e-06
0.0016703915
9.2637845e-07
0.0009536376
0.034137744
0.02949435
0.9999883
3.6732672e-05
5.136377e-09
0.10421493
0.0029011942
6.9472667e-06
0.00023215874
0.9999864
6.8798777e-06
0.18606009
7.852395e-05
0.0038728775
0.99861056
5.671793e-09
0.13096553
1.4983539e-05
1.6084112e-05
1.4431308e-06
0.99999994
1.1638723e-07
2.5612177e-08
0.8008115
3.6316987e-06
1.3282414e-05
1.9151661e-05
3.8532315e-05
9.37988e-08
0.9995482
0.0038761382
4.7694857e-07
0.9969352
1.7926293e-05
0.05280255
8.066036e-07
2.5445759e-06
0.00033990107
1.3639867e-06
9.230268e-08
2.5445759e-06
0.0009591719
5.9848706e-05
1.4521747e-05
0.00023215874
0.00049681624
0.00010861028
8.853716e-08
0.9271981
0.0026996597
1.5120878e-07
0.0021933394
0.0020089487
0.000605653
0.3851214
1.7251695e-06
0.0017838393
0.9984995
0.00034999222
2.0669238e-06
0.0021397125
2.743415e-05
0.05417336
4.5620469e-10
7.4095697e-06
0.00037015943
0.0009536376
0.0025157963
6.30119e-06
0.044010103
0.21477264
1.4592482e-06
0.0019314334
0.005251657
0.0041345945
8.9859464e-07
0.85697144
0.99261814
0.0008450167
0.0029885224
0.0022687465
0.008631095
0.9897329
0.00013808532
7.2441157e-06
1.7251695e-06
0.8870838
0.0006890538
0.99356395
0.018606044
1.468588e-06
0.6548319
1.0225635e-05
0.111104615
2.2301831e-08
0.0015234251
0.89514434
0.0026588547
3.0544038e-06
1.8080498e-06
0.07355692
0.00015938902
4.5620469e-10
0.073454216
0.16742802
0.006333722
0.9862381
0.00064386136
2.82267e-05
0.0001387496
2.3762685e-05
2.4995727e-06
0.03184674
1.3909982e-05
4.681525e-06
6.344841e-06
6.0935763e-06
0.0004336724
0.005720285
0.0021054877
3.0544038e-06
0.0016613227
0.1259813
3.050506e-06
0.00014741476
0.0010412029
9.1081154e-07
0.00042501686
0.99999934
2.1046783e-07
1.0009901e-06
0.8785245
0.32130504
0.99926215
9.185644e-05
2.4882991e-05
0.99999577
0.029235821
0.0030924808
0.15508594
0.0051444652
3.0469441e-06
0.0009740699
3.9213e-06
0.8785244
1.4042762e-05
0.99997985
0.13096553
0.99802864
2.0121303e-07
0.0002967652
0.9997918
0.99959284
0.00049170636
0.005792841
4.2170894e-05
0.00026403763
0.0009019717
3.3349828e-08
5.7660053e-08
4.5437453e-05
0.0101513
2.9326693e-05
0.0098263575
3.4689529e-06
2.0987534e-07
0.00025889595
0.3807097
0.00019377902
0.0011602577
0.9897329
3.0674233e-08
0.97047263
2.2301831e-08
0.0001634223
0.00030551842
0.1700433
0.008613682
1.681983e-05
0.9889184
7.041236e-08
0.00013163718
8.16027e-05
0.0707983
0.5485505
7.136911e-05
0.0012982672
0.051560406
2.295309e-08
0.33843166
2.9138213e-05
0.0021956114
0.00025889595
0.0051444652
0.09206885
5.892213e-05
0.0012835952
4.5198328e-10
8.160262e-05
8.579828e-06
0.000217835
0.0001387496
4.7178773e-06
0.678177
1.57034e-07
2.6336235e-08
0.88835216
0.6426953
7.4452015e-07
1.0847696e-07
0.0016057603
0.0002540258
7.239903e-06
1.7533648e-05
0.0013436332
2.151203e-05
0.0014072607
0.019473448
3.0270294e-06
0.87566566
0.44936746
0.99716604
0.0036087653
4.10056e-05
6.673365e-07
0.012092499
0.29235947
0.9999037
0.0056188484
3.0603685e-05
5.2407713e-06
4.0123297e-05
8.046358e-09
9.634799e-06
0.0045860684
0.5138926
3.4511968e-06
1.9707353e-07
0.038091958
0.9465356
3.217312e-05
5.823534e-07
1.6764059e-06
1.4050464e-05
0.00034868869
0.0010664541
0.002540907
0.0027834491
0.07117622
3.4511968e-06
0.016178468
0.92202383
0.5329579
0.005526012
1.0009901e-06
