1.6481445e-06
0.07591245
0.9702247
0.0024921978
2.9354896e-05
0.9839829
3.8128695e-05
0.26848993
4.6703985e-06
0.24929787
0.17062041
0.000108035965
5.79958e-08
0.12990107
0.004514659
0.9999412
6.036897e-06
0.99807805
0.99129933
0.023622895
0.0029113104
0.00032475335
0.4406074
9.134954e-05
0.99160403
9.674849e-07
3.0923635e-05
0.3335876
0.0049898257
0.23358116
0.16926627
0.00032475335
0.50298434
6.754959e-05
4.41323e-05
0.12753399
4.3785817e-06
0.00021351264
0.021444956
0.91839343
5.425019e-05
0.025628997
0.004119287
3.2360487e-05
0.029870246
0.018712366
0.00077282905
0.0011959119
7.911179e-07
0.00011319379
0.0003953893
1.0743174e-06
0.39495337
7.138069e-08
0.00220837
0.9992848
7.4880936e-06
0.002036764
0.38649738
0.005753407
0.056664135
7.11231e-05
2.6665379e-05
0.017554978
0.0018310952
1.7002845e-05
0.067997195
1.4843046e-06
0.51534295
0.0016709801
2.9407238e-05
0.0013514464
4.129158e-07
0.89336187
0.008179543
6.678129e-06
0.0064849537
0.0118142385
2.5633885e-06
0.00018590022
3.5646162e-09
0.9999981
0.00016437373
0.84938353
3.8128695e-05
0.002416997
2.658318e-06
0.50298434
0.29159805
8.9052875e-08
0.0006349307
0.038305264
1.3956071e-06
3.6878973e-06
6.9877196e-06
0.0015285398
6.636569e-05
0.0052116644
0.9948299
0.0018843872
0.0028980703
0.1965037
0.6056114
0.06254981
0.26340288
4.7219917e-05
0.48210347
0.056664135
0.19793892
5.46354e-08
0.99846727
2.879933e-05
0.004407273
8.715303e-07
4.3254357e-05
0.010209805
0.0067395293
7.886585e-05
0.00037157134
7.4911685e-07
2.4818624e-05
0.19113049
0.44628677
0.9868559
0.0005251319
0.0002029978
0.0010586028
0.09476765
0.0067340187
0.9921933
4.0819586e-07
2.525883e-05
2.8811199e-05
0.12654923
1.0772886e-06
0.00022027195
0.0001500689
3.688452e-05
2.2190117e-05
0.48353794
6.7308138e-06
0.0005996562
0.009705855
0.0006328693
0.00054414995
0.111679375
3.3022043e-05
0.1711874
0.113646
0.59305894
0.00034949573
2.3704086e-05
0.0001298373
0.021444956
0.08411141
0.046429954
0.22421242
6.6162715e-06
0.0057743005
9.650861e-05
0.8125715
1.6008433e-06
0.0063703675
0.00023351026
0.06899332
0.21998414
0.9224403
4.827603e-08
0.00013888939
1.869258e-06
0.00022619615
4.7762496e-06
0.75172544
6.0197177e-05
0.45477387
0.000309456
6.381792e-06
0.6056114
2.315964e-06
0.13750172
0.00513798
0.0005113573
1.112947e-06
0.113646
1.7410697e-05
0.0002029978
0.00013237885
0.75138843
3.3231856e-07
0.0012097193
2.9307905e-05
0.99804
0.015141931
1.1251321e-05
1.9594866e-06
0.0006834405
0.9937786
0.036263324
0.99926645
5.518205e-06
2.097652e-06
0.00094650156
0.0006095983
5.270684e-06
5.2729185e-08
2.5761313e-08
0.9999849
6.7308138e-06
1.0743174e-06
2.8162545e-05
0.0032070484
0.0895045
4.5094494e-05
4.51621e-05
0.058293834
7.138069e-08
0.035417214
0.0005662334
0.007857595
0.0025556656
0.15551299
0.022964388
3.6528454e-06
0.0003125705
0.00012146762
0.002281928
0.0005441505
0.999998
4.6808373e-06
0.92906135
0.0058559314
1.788347e-05
2.5593922e-06
1.3719302e-06
4.056013e-06
1.17544744e-07
3.126607e-05
1.2413853e-06
0.38649738
1.3956071e-06
9.093092e-07
0.94682866
0.00026703664
0.0075725596
0.018993326
0.9999997
0.9999941
6.2012873e-06
8.697432e-05
0.9999849
0.00011171975
1.2883137e-07
0.85925984
3.4712925e-06
0.010602568
0.00023560306
7.1476584e-06
0.006265599
0.008447687
0.3661942
8.405379e-06
0.99999255
2.40296e-07
0.99807805
3.093746e-06
0.10782945
0.00010114894
0.027817156
0.00037329298
0.09612287
9.093092e-07
0.00035543338
3.4121148e-09
0.9920917
0.99998
0.0008773027
0.7645824
1.4084945e-08
0.081007324
6.678129e-06
0.0045912475
2.1157598e-06
0.0009396824
0.10344528
8.14199e-06
1.2226432e-06
2.8333936e-06
0.055211347
5.2909215e-08
0.5141649
0.0003074557
0.58524585
0.00013955754
0.92906135
0.00077282905
2.163731e-05
0.20387268
0.025531262
3.4290779e-06
0.0029180383
