0.29329252
7.2514704e-05
0.0009362855
7.5119436e-07
7.70786e-07
0.4881067
0.4794151
5.9451206e-05
0.0008902959
0.0001009877
0.00031033138
0.00030245652
0.00025333068
0.0008291573
0.8694866
0.0003129516
0.0033026703
0.49735132
9.374583e-07
6.888196e-06
0.9999917
0.002792355
0.09359484
0.99975765
5.145806e-05
0.99967617
0.99998796
1.8695288e-05
1.266454e-06
0.033302482
3.580472e-06
8.822489e-05
2.9224566e-05
0.0017281215
0.99998474
1.6070828e-07
0.11071017
1.0
2.2398752e-05
0.024049614
0.083362475
0.77141595
7.380064e-09
0.08719985
0.031461637
2.7883598e-07
0.017832128
0.023297826
0.99205744
0.487162
2.027521e-07
0.068073355
3.052676e-05
0.016483808
0.02054064
0.4601343
0.81600654
0.9863155
0.99999845
0.0011131613
7.700529e-05
1.7814125e-05
0.002792355
3.8161837e-05
0.12276114
0.00069945445
0.0019252433
0.008428469
0.14295833
1.5914811e-05
0.00031772075
0.012431791
0.9786029
0.99930763
0.042664375
7.194708e-05
3.8329085e-06
0.0023037943
8.914653e-05
7.455204e-05
0.0026465105
0.0073522893
1.6784536e-07
4.0430652e-05
3.4279212e-05
3.8897117e-05
0.7475618
0.99999934
0.00323672
0.0001687763
0.0015413066
0.0058317827
0.0036606186
2.8640532e-05
5.886552e-07
0.2970883
0.00018224579
0.040462818
0.026212983
0.05888996
0.002154523
4.3979785e-06
0.0009926651
0.005575889
1.6784536e-07
5.9451206e-05
0.00018366265
0.73606896
0.1038105
1.0172334e-05
8.523637e-06
0.029360244
1.4308192e-05
3.8405997e-08
0.7248934
0.029360244
1.0581141e-07
0.9314331
2.5889963e-06
0.39067322
0.98839056
0.0005033394
6.641153e-06
5.167677e-07
8.3809064e-05
0.89717144
0.014924034
0.021244477
0.34303108
0.8677122
6.399864e-05
0.05888996
0.0008975044
0.0023770223
0.0003389964
2.0139449e-05
0.0002553346
0.99529594
0.91972
0.00014684656
0.05411639
0.021516236
0.08211205
0.002757006
0.048261985
0.41603416
0.99987894
1.0
0.9999986
0.71241593
3.8315357e-05
1.7946719e-05
0.32806185
0.00043464333
0.9998683
1.0
1.0
0.9980631
1.4880442e-05
0.0035941352
0.09964278
0.0007273146
0.35534045
0.0020708505
0.0014984744
0.0006640225
1.9593446e-05
9.669816e-06
0.0024504634
0.005089165
0.8459592
0.99896705
0.002792355
0.003033327
0.0063109696
0.0010425072
0.6145187
0.0057339426
0.0024317133
6.6061715e-05
0.065705635
0.9996316
0.00024360628
3.4497556e-05
2.775585e-07
0.9688428
0.9688428
0.9998459
0.9993718
0.5092099
2.4952189e-05
0.014775839
5.6715264e-05
2.5934023e-05
2.0141731e-07
5.149459e-06
1.0001334e-05
0.011762085
5.8038513e-08
2.360168e-05
0.68817633
0.0033404771
0.4881067
1.0002792e-06
0.008801107
0.99971694
1.8695288e-05
0.067945994
1.4060745e-05
0.99990946
0.0007333167
0.0047795298
0.73606896
0.00088361563
2.8384504e-05
0.02969703
0.0008367247
4.958723e-06
0.9998916
0.99999624
1.3638392e-05
3.1604782e-07
0.0012478052
0.00076079316
0.18801317
2.1356775e-06
0.0092546595
0.8368784
0.0018004075
0.0006213925
0.04305534
1.4828253e-05
0.9993718
0.15504295
1.7147995e-06
0.11446665
1.0581141e-07
0.0003972595
0.8967359
2.6880973e-05
0.9250931
0.9992607
0.04428529
0.9520559
1.4060745e-05
0.999993
0.0009945475
0.0057811453
0.00036914294
1.1606844e-05
0.00041065432
0.002757006
0.99038655
0.028602043
0.00027207757
0.85453194
7.6820015e-06
0.940528
0.4601343
0.57975155
0.00046583542
0.7339101
9.1211456e-07
0.0015413066
3.8315357e-05
0.02860203
0.0023037943
0.6476745
0.49840477
0.0008029826
0.9999583
0.02300598
0.003300974
0.0007273146
0.0006381679
8.108803e-07
0.14671317
0.008364681
0.01472898
0.99997693
1.0
0.7359986
3.333176e-05
0.83234817
0.81600654
0.0002758245
0.41944498
0.4624883
0.00037414624
2.7617849e-05
2.0929463e-06
0.00092014746
0.3440922
0.008252902
0.027210033
0.0021531435
9.389988e-06
0.0012443004
0.5901677
0.1038105
