1.0
7.734883e-05
2.90655e-06
0.00040005543
7.7370754e-07
1.1179808e-06
0.75961524
0.036059488
4.6530639e-07
7.067054e-05
0.00033831195
3.7878854e-06
2.1163248e-06
0.000899081
1.5901755e-07
3.7866248e-06
7.538748e-05
0.0033422175
0.00010332928
0.57518834
1.3036955e-06
1.717513e-06
3.3312642e-07
3.144949e-07
0.0014588325
1.7667641e-10
0.00014953781
0.17199846
0.0002483546
1.809188e-08
4.056157e-05
0.00023897493
0.67429113
0.00408754
3.144949e-07
7.460241e-07
0.057455797
6.219445e-05
1.2722003e-06
3.922774e-06
0.0004752589
0.9850782
1.1095706e-05
2.21274e-05
0.00010763893
0.99999124
0.031799637
9.3035145e-05
0.727684
0.00020615556
0.09982277
0.025714377
0.0011209025
0.00089155266
9.8804826e-08
2.7988298e-07
2.0063822e-05
1.6909366e-05
7.557691e-06
7.276373e-05
6.7108857e-07
0.0006994735
0.00046396884
0.04638059
4.2695638e-06
4.403042e-08
1.6886497e-05
7.632254e-05
6.7278424e-06
9.6964395e-05
3.5765363e-05
9.3035145e-05
1.0
0.057254713
2.250197e-05
4.562512e-05
0.0011223194
0.60647655
3.495415e-05
0.5729563
0.07764897
0.006240913
4.644892e-05
0.00060434616
0.0009076829
1.7158976e-05
6.164272e-07
0.022613008
2.121212e-05
0.99997705
0.00019099502
5.4780765e-05
0.0058966842
0.01611164
0.0012349631
0.019520056
2.250197e-05
6.383137e-06
2.0950239e-07
6.6843095e-06
1.9098813e-08
0.00024027399
0.0003884629
0.99122655
4.5174682e-05
0.008551548
8.785148e-05
1.7211418e-07
0.31315124
0.003535829
0.00026673437
0.9887402
0.0051138066
5.6045812e-09
0.009063038
0.012051599
0.99999285
5.6335853e-08
4.241005e-05
8.146806e-06
0.0006973605
1.8613668e-05
1.8762715e-06
8.636702e-08
1.9715055e-06
8.785148e-05
2.7539565e-07
0.6125993
3.7189068e-06
1.3340314e-06
0.00073196186
2.0336714e-05
1.8726128e-07
2.0656746e-06
0.016431337
2.633862e-10
0.028365178
3.445424e-08
5.2278242e-08
0.6108726
1.718405e-05
0.005167275
4.2695638e-06
2.355127e-05
1.718405e-05
5.4780765e-05
0.18893905
5.274496e-06
9.461108e-06
0.97497994
0.10556781
0.0020573335
0.12048343
1.32791635e-08
4.611744e-08
3.9973704e-05
1.0254846e-08
1.0323928e-06
3.4557352e-06
1.8082903e-05
0.0071466453
0.038614772
1.2460539e-06
0.002239782
4.235569e-05
0.35296184
3.6929475e-07
0.0001537297
3.9564642e-07
2.8224765e-06
0.0634133
3.9020426e-05
0.727684
0.9999996
0.004108259
0.06379708
6.731597e-06
0.08970683
5.0254886e-07
2.0198085e-08
3.4011486e-05
3.9020426e-05
2.923137e-06
1.5474248e-05
2.6951458e-05
0.00915192
3.7751047e-07
0.98813856
0.09820814
2.880845e-05
0.017052054
0.93506444
9.401312e-05
7.040522e-09
0.0009831566
0.3971259
0.00015732177
0.87756306
1.4870185e-05
3.922774e-06
0.00016352566
0.0004752589
0.006022115
0.00049733935
2.0656746e-06
2.4478325e-06
9.1857777e-07
2.7318679e-08
5.445123e-06
2.4157637e-06
1.5168434e-08
7.1357825e-08
0.0012733793
0.9685731
0.00060434616
1.3096985e-05
0.02230267
5.0254886e-07
7.4398486e-05
9.811008e-06
0.012378304
1.4871355e-06
0.00033294375
1.9200177e-05
3.3690196e-06
0.999961
9.4498114e-07
6.156269e-06
0.9999994
2.3099665e-06
2.3568999e-05
7.469364e-06
0.0044434955
1.32791635e-08
1.0831826e-05
9.8905176e-11
0.61479646
6.0993625e-07
0.00035182145
3.3690196e-06
0.9589735
3.0729332e-06
4.164489e-08
0.8922412
0.00073753326
0.0015911123
0.0014588325
0.0010299153
6.690543e-05
0.187153
1.3472086e-07
6.41755e-06
0.05480657
0.1509107
1.6504015e-11
4.2618544e-09
4.698128e-09
1.4902098e-10
3.0245881e-05
7.426792e-05
0.0005725122
1.7912043e-05
2.333106e-07
7.599116e-05
0.9999834
6.938924e-06
8.627544e-09
0.99990785
7.734883e-05
0.0012446785
3.036259e-07
1.7225442e-07
5.1999577e-06
1.5247092e-06
3.5974983e-05
0.75138515
0.007757753
7.418284e-05
7.1843906e-06
0.0005085495
0.00042086496
0.99242705
2.3062525e-05
1.2743321e-07
7.660794e-05
2.5845079e-08
0.0058966842
7.4677365e-07
0.99999815
1.5054964e-06
4.8109894e-05
0.99318904
0.9999729
3.3892884e-05
2.081046e-05
3.0498576e-08
0.0030606512
6.687092e-05
0.14629152
8.229837e-05
