1.0
1.0
1.0
1.0
1.0
1.0
0.00014741125
7.2567e-09
2.44939e-06
6.852794e-07
0.99999946
0.79331577
9.926663e-07
5.6249995e-05
3.5188874e-05
0.007997923
1.6727914e-05
1.4828564e-05
0.18465796
0.0002283551
2.565844e-07
5.95045e-06
3.799249e-06
0.002774379
7.696908e-07
3.6391904e-07
0.025002845
0.072792605
0.00036965444
0.0011300101
0.000105634055
0.3334253
2.3016797e-07
1.2713792e-06
2.7772936e-05
0.70654655
1.6248821e-08
0.9623936
1.8794599e-07
5.9006346e-09
0.006824436
3.4709476e-05
1.4074887e-10
0.0015123456
0.9999555
0.002129298
0.99470216
0.00013567285
2.7789309e-05
8.839373e-06
1.9308416e-06
0.9641726
1.4815123e-05
0.010918459
1.7826093e-06
8.144999e-08
0.00014741125
0.9348611
0.0019827196
0.0373008
0.016661383
0.0010146971
4.6216605e-06
0.9987503
0.00015915059
9.085291e-07
0.00023518695
0.00016683196
0.17933242
0.00019217437
3.5071032e-06
1.923531e-05
0.00027632964
1.1225921e-08
0.99977046
6.9424594e-08
2.5438524e-07
4.3378463e-06
0.09102253
0.99996597
3.2020803e-06
0.99976766
1.4872553e-05
1.4568037e-06
2.5874191e-05
0.0028959766
0.00014216673
4.4470442e-05
1.4860672e-05
1.6177346e-06
0.00083526137
6.2788297e-07
3.958019e-05
7.0070714e-06
0.5438023
2.7375167e-08
0.99995106
6.4550825e-08
1.8781993e-05
2.0095081e-10
5.87109e-05
0.16573747
7.289348e-06
0.0008942969
7.5129574e-06
7.4117575e-05
3.473179e-05
2.3016797e-07
0.9950918
5.4808453e-07
0.02059298
0.00016638904
7.3607504e-07
7.0070714e-06
1.6246735e-06
3.3252188e-06
0.30292907
0.00024991782
7.921228e-06
1.2083899e-08
0.002067802
1.1225921e-08
2.962661e-06
0.26550016
1.49181e-07
0.99208176
4.5653082e-06
0.00016638904
9.926663e-07
0.027319703
0.00028491562
1.6161786e-07
7.3178177e-07
3.9514005e-05
2.6522315e-05
0.020071793
3.0804628e-08
3.194186e-09
0.07271502
0.043660767
0.15653196
2.9166183e-06
0.0001082422
0.99470216
4.155716e-06
0.9905123
7.4614196e-05
0.14376429
6.0231916e-05
0.04415362
0.0007853976
4.014663e-07
6.162074e-05
0.002129298
1.6090759e-08
3.1250659e-06
3.645127e-06
1.1574396e-06
0.03671165
4.894088e-05
1.6768153e-07
5.483146e-07
0.34416276
8.9484995e-05
4.0815106e-08
4.014667e-07
3.7298654e-05
3.344022e-07
0.00047167228
0.9348611
0.15675671
4.782604e-06
0.5330216
0.0032941268
0.00011387888
3.2661526e-07
0.9996997
0.99977046
0.9905123
0.97760063
1.4674876e-09
0.0039599636
0.00013027657
0.0045074746
0.9899489
2.9984025e-07
0.0014445392
1.7442673e-05
4.001321e-09
1.6248821e-08
1.21217445e-05
2.5759215e-05
9.487273e-05
3.194186e-09
0.00010979079
0.00028491562
7.2567e-09
5.1232195e-07
6.9179994e-05
0.5330216
1.3367988e-05
4.86684e-06
0.99999964
1.5745374e-06
0.0909351
0.99122053
2.5315487e-06
0.00010332672
0.8473783
0.000105707004
0.120116085
7.5129574e-06
3.3961254e-07
0.9839587
4.475779e-05
3.0166086e-06
0.9328009
0.003093963
0.0114886165
0.0010971653
2.5120469e-06
1.2275486e-07
1.2993388e-06
0.00015164746
2.9856707e-05
0.013631743
4.0761533e-06
5.223294e-05
7.100913e-09
8.098988e-07
0.7120335
0.19047871
0.00539172
3.102868e-05
2.1939294e-07
6.075404e-08
4.0761533e-06
0.010026701
5.15936e-07
3.6586773e-08
1.0
2.8659573e-05
1.9248716e-08
0.024708845
2.441158e-09
3.6391904e-07
1.046301e-06
2.7789309e-05
0.007836209
2.248521e-06
6.338606e-06
4.1325413e-10
0.5189181
0.0008684029
0.008420117
1.6787235e-05
0.962006
0.015667332
6.0840773e-07
3.296044e-05
0.55567783
0.0033472262
7.241878e-06
0.00054047996
3.8183785e-05
4.9782267e-07
0.9914534
2.3828372e-07
6.338606e-06
0.7099307
1.3239887e-08
0.97088194
4.4427844e-07
1.2357519e-07
0.00081505725
0.0010055839
0.52638805
0.00034978372
0.024511501
0.6732174
0.00050349085
1.2780878e-05
0.0008684029
9.414934e-06
2.6120529e-06
0.00013218533
0.55567783
0.0013706784
0.0010781556
0.0011713002
1.6248821e-08
1.1871723e-10
1.508019e-08
0.99981016
1.3470841e-05
6.331015e-07
0.04636604
0.0032590355
7.2567e-09
5.909843e-05
