1.0
0.000358383
0.077980295
0.07129434
0.022707079
7.2115813e-06
1.9490983e-05
0.0010226279
0.00020065547
1.638775e-07
5.198383e-07
0.0010122914
0.9977618
0.0074513415
0.030168457
1.9490983e-05
0.007730595
0.33263102
0.028028324
0.00070128596
9.171615e-06
6.757304e-05
0.9999624
0.24388139
9.438742e-09
0.48154992
0.018807841
3.757745e-05
7.551596e-06
8.952058e-05
0.043916408
1.1023658e-05
2.2504173e-06
9.368077e-07
6.199661e-09
0.00053411647
0.0032804734
0.016960336
0.96822846
7.0047065e-07
0.9643848
0.17494912
0.9999866
0.00021573908
2.912369e-07
0.0012494285
0.00022585543
5.0145158e-05
0.004225614
8.454e-06
0.9840353
4.378899e-06
3.035083e-08
1.1316619e-05
0.0019092689
1.0369712e-08
0.0031660122
0.256513
0.45262244
0.9986605
3.8396553e-07
1.9478755e-05
0.00035043206
3.924136e-06
0.33775896
6.8367044e-05
0.0012381898
5.357038e-08
0.0621304
0.42475408
0.92879415
1.6922213e-07
0.00331498
9.065557e-05
1.7906032e-05
0.067568295
0.0024996758
1.9140432e-05
5.5394047e-08
0.0003950866
0.0005948297
9.134292e-05
3.8620573e-07
7.042646e-07
3.0223823e-06
1.6821648e-06
0.15460935
0.0020192196
4.378899e-06
7.281152e-07
4.639551e-09
5.797102e-07
6.832037e-06
2.1630894e-08
0.00020065547
0.00038556964
7.357808e-05
1.4310757e-05
0.00011165159
0.0064586997
2.5094288e-08
3.8784333e-06
2.7701397e-08
0.019977817
0.0044057965
3.3170982e-06
0.0014608678
0.00032921106
0.0025887818
1.6805742e-06
0.0009701637
3.8396553e-07
0.9952026
4.3592507e-05
0.64617974
2.6085131e-06
0.00022293694
3.7003372e-06
0.18452767
0.0001579588
0.029039703
0.00089614914
5.931776e-06
6.368159e-05
0.07378471
5.5394047e-08
1.9490983e-05
0.11205233
0.00012186277
0.9999934
0.0002647715
1.6668055e-05
4.9907245e-05
0.06222142
0.0005188655
6.7850914e-07
0.9998925
0.99971044
0.00029775486
0.33775896
0.019408155
0.00045210874
0.002982924
0.99948525
0.0010003224
0.092228435
0.07129434
0.9657925
0.983963
0.0007658424
8.963685e-05
3.0356685e-07
0.000164433
6.849847e-05
9.416337e-09
0.8580262
2.5347373e-07
3.0588112e-06
0.04767172
2.0485719e-05
6.122166e-07
0.9002767
0.001530818
0.0012665276
0.005565117
1.8705223e-06
0.9999968
2.7429807e-05
3.3366625e-08
0.022000954
0.045464568
1.0669954e-06
0.028028324
1.101376e-05
8.454e-06
0.00016418294
0.9998925
0.05492145
0.030071242
3.05487e-08
0.0042105108
0.0029897557
1.9266367e-06
0.99757993
1.2399049e-07
0.00010166153
7.551596e-06
2.8912948e-06
5.7015907e-08
0.0012494273
3.7933936e-05
0.9999774
0.002523951
6.97248e-05
0.0006841984
2.2213353e-06
1.3938593e-06
2.1725205e-05
6.3710746e-07
1.0
2.644014e-05
0.043916408
0.9912544
0.0012759039
0.0020317906
0.044793315
1.3934837e-05
1.220928e-06
0.00016107298
1.8224187e-05
0.0018505747
0.08398208
5.0580375e-09
0.5022546
0.009635281
0.0045752823
1.0021425e-07
9.4462084e-05
0.0012898146
0.00034630048
0.0002608678
0.33263102
1.1781302e-06
0.055140577
1.3125592e-06
2.2181698e-07
1.3353485e-07
0.24571405
3.5069977e-05
7.0264905e-06
0.002126029
0.00974344
0.00331498
1.1211476e-05
7.357808e-05
4.6418822e-06
1.5231919e-06
0.010661973
3.2247403e-08
0.0032146762
0.002908849
4.7338857e-05
2.5582878e-05
2.1311566e-06
0.009072532
1.369202e-05
0.9255211
0.99997866
0.999948
0.9587121
1.4655268e-06
1.2418422e-05
0.00085815083
1.3155518e-06
0.0032804734
1.0741371e-06
0.001844229
0.0004610056
0.0067354543
1.1211476e-05
1.192495e-06
0.0043833274
0.0056008133
3.499813e-06
6.435746e-05
0.26751873
3.269192e-09
0.053845976
0.00014735293
0.00031033406
5.5906257e-06
6.757304e-05
0.0003950866
0.9884507
1.0980324e-06
0.34185636
2.30897e-07
1.7268323e-05
0.0024119813
9.738825e-07
0.9952006
0.00020148119
4.2745924e-05
1.6805742e-06
0.7811127
1.9140432e-05
0.98269874
5.318881e-06
8.109645e-05
1.649014e-05
0.012113486
0.00031301632
0.077980295
2.5830326e-07
0.00125442
0.98834115
0.0012948563
4.6418822e-06
3.8784333e-06
2.7518261e-05
