0.9999406
4.4210657e-09
3.1656857e-09
0.0018664072
7.413252e-06
8.0417185e-06
5.377438e-09
1.0569522e-07
0.96992815
9.2026253e-10
4.870517e-08
1.0580178e-06
8.140159e-06
1.5442258e-07
3.0755266e-11
1.319467e-06
1.9333365e-06
3.968485e-07
3.2091307e-08
1.9495823e-09
5.3055746e-08
7.027145e-13
0.00026201937
5.5878218e-06
5.4922434e-06
1.1520248e-06
4.992166e-07
1.352839e-09
1.2947851e-11
5.145754e-07
1.6380547e-07
1.4404486e-10
2.0898662e-05
8.860869e-05
1.6973686e-08
0.0020920497
5.2338237e-06
0.0002677852
0.99998796
4.211996e-07
3.3778508e-06
4.740389e-09
1.0569522e-07
7.805571e-05
3.1786587e-06
5.538589e-05
1.142523e-09
0.0023200922
5.8838465e-05
3.5314446e-08
0.99765915
0.5710966
0.70855814
5.4386544e-07
1.928777e-05
3.731356e-05
1.0311534e-07
0.02907151
1.1299517e-06
2.5381096e-06
0.0030271658
4.704144e-05
1.8583657e-06
6.145201e-08
0.0045588156
1.1556981e-08
0.000341846
0.0009671702
0.95676905
4.1151106e-06
3.461259e-07
2.0586077e-09
3.1887243e-10
1.0853548e-06
2.2492903e-09
9.415403e-09
1.4172749e-11
0.0001022197
1.5745583e-07
0.8996928
2.4302913e-09
0.9999987
4.028304e-06
1.0397548e-06
0.0038474514
0.9995557
4.2583426e-07
0.004151807
0.0003201496
9.440255e-07
5.5902434e-09
0.0016709737
1.3113946e-08
9.702498e-10
0.67364734
3.9399943e-06
3.8777824e-05
2.6466456e-08
5.0560807e-06
0.98406494
0.99063396
0.0007434754
7.029641e-06
0.13946204
2.927863e-05
1.0257409e-06
0.003389247
0.99837744
2.6474593e-06
1.7152658e-07
5.6585937e-11
2.3526983e-10
8.047835e-08
2.8690852e-07
6.382218e-06
1.1145021e-08
1.7699651e-05
6.663306e-06
3.6944553e-07
0.00058285275
1.0291841e-08
9.169909e-07
1.5632944e-05
0.19382124
1.170947e-10
0.09598679
1.6944078e-06
2.6771366e-07
4.3925112e-07
0.0026747761
1.1159251e-08
8.787452e-05
5.5878218e-06
1.1239123e-07
1.6832026e-05
0.00027332944
1.2187691e-08
1.1686403e-05
4.655443e-07
0.02574222
1.7095423e-05
5.852206e-08
2.1286914e-05
0.00026201937
0.0014929369
3.797171e-09
2.9576743e-09
0.00032136237
1.0541779e-07
1.6729562e-06
3.1610407e-06
9.742154e-08
1.298646e-07
0.005265735
4.7399655e-05
3.5314446e-08
5.574271e-06
0.00014398694
0.00024655563
2.4334282e-08
0.80948657
3.1887243e-10
4.0466134e-08
0.00050565536
8.629226e-08
2.6813431e-09
1.0229845e-07
2.1411347e-06
0.19189599
2.2040272e-09
1.0737131e-08
5.3865665e-07
7.846098e-08
0.99837744
3.9351548e-07
2.4261117e-06
8.151921e-07
2.8386623e-06
3.494902e-05
3.898604e-07
0.12145231
9.97063e-09
1.0529793e-09
7.350118e-08
0.3659069
3.209315e-07
0.013011871
2.797669e-07
5.3313385e-09
3.8201122e-09
3.7024313e-09
1.1799934e-06
7.918297e-06
5.3313385e-09
4.61733e-06
3.3499109e-07
2.93973e-11
9.564016e-06
0.00015418744
3.4969937e-06
4.2802374e-05
5.597031e-05
3.890571e-09
1.6513139e-12
8.1052254e-10
0.0005787403
1.9147178e-08
3.1656857e-09
3.2718842e-06
0.00011182687
0.39319545
2.49704e-06
7.4422665e-06
1.2623999e-06
9.6219026e-11
1.7620763e-05
0.00026359697
4.016545e-09
4.704144e-05
0.00011182687
3.654302e-05
1.9776066e-06
6.05043e-06
5.0095444e-08
2.540123e-05
3.737157e-05
0.00918275
7.685156e-09
0.26045987
1.7493433e-07
0.4437847
3.0317182e-05
1.9569562e-08
5.2002173e-07
1.4666957e-09
4.4571703e-08
5.9715757e-07
2.2401149e-07
7.1161676e-06
6.112598e-08
8.75661e-05
0.0010167204
5.6231867e-05
5.8475865e-07
1.6631062e-06
2.7706633e-06
3.9351548e-07
5.362566e-09
0.24587317
3.1265017e-09
5.1997745e-06
2.0384425e-09
1.0200376e-09
1.488357e-11
1.1141502e-10
0.7088485
1.3284375e-07
0.0002649379
0.00013335286
6.689212e-07
2.080655e-05
2.1577327e-08
9.515877e-05
0.0065287347
4.6925172e-11
3.114505e-07
6.321983e-10
8.80053e-06
2.9934674e-06
7.957061e-09
2.4302913e-09
2.5963445e-06
2.3869113e-06
2.4107806e-07
9.474939e-06
5.572942e-05
2.435806e-05
3.2830014e-09
7.805571e-05
0.33974504
1.2791384e-06
7.62692e-09
0.011587112
1.4998458e-09
1.2455599e-08
0.004296719
0.18674672
7.598667e-08
2.733731e-10
4.6925172e-11
5.0920207e-10
0.030246131
6.5272314e-07
0.0004648715
0.00033008883
0.81402475
2.5513724e-09
0.0005787403
1.4884656e-05
6.9372676e-09
