0.9621708
0.0021227137
0.022987692
0.9931784
0.13891192
0.012320964
0.0036931864
0.6489632
4.0695663e-06
0.9999986
0.000107216365
5.641926e-06
0.017375518
7.016099e-07
8.291031e-06
0.0013307818
2.1188927e-05
0.05562985
0.0007492347
0.0012831673
0.02142935
0.0003476219
8.893564e-07
2.1093665e-05
0.0006495193
7.927319e-06
0.009025822
0.0011328673
4.987889e-05
0.00013675661
0.000104308274
3.7530427e-07
0.00026851945
1.1289444e-05
6.871471e-06
2.1967355e-05
0.00023524345
0.25081763
0.10398443
0.01154048
1.1289444e-05
0.0001402376
1.1377806e-06
0.00046029495
1.5006913e-07
1.976085e-05
0.9996529
0.063220665
4.46191e-06
1.0727081e-08
1.5439358e-05
0.070058376
4.6402528e-07
9.222362e-06
0.00019811449
0.0010234236
0.99600214
6.557235e-07
0.16860944
4.374822e-05
0.0005356005
5.3795645e-07
3.967455e-06
1.8267305e-07
0.45261398
2.020684e-05
0.97397774
1.0391631e-06
6.573626e-05
1.0
0.0005184678
0.14091238
6.246452e-07
0.0009779563
0.06330284
9.969062e-06
1.9094134e-06
6.41232e-06
0.00028405205
0.15907612
0.99735343
0.00031021217
3.1666306e-05
0.00013331573
0.9999727
5.0200754e-08
2.8367727e-05
1.1635527e-07
0.48183212
0.99999994
2.947964e-07
5.6443434e-05
0.00024659652
2.8910245e-08
0.022171479
0.0019026035
0.039864007
0.004344335
0.0017039315
3.219893e-06
0.9999937
0.0062116394
4.7576636e-05
0.00032225612
3.5684687e-05
8.259134e-09
2.0872712e-06
0.9649449
0.00016674258
2.768129e-05
0.0011209848
9.542105e-08
2.4019513e-08
9.969062e-06
0.0006380335
0.002625059
0.014323574
0.0001957919
0.03176249
2.947964e-07
1.1706175e-06
1.026256e-07
0.99999976
0.022089658
0.9365182
0.38388273
5.4711225e-05
0.00084638904
0.9982491
1.3751156e-07
0.00010965121
1.0775314e-05
0.9999709
4.101403e-07
1.745016e-05
0.98656046
0.00027402822
7.1942914e-06
5.966487e-05
0.006026049
6.0875012e-05
2.2491285e-08
2.2907814e-05
1.36376475e-08
0.00012415538
2.4727504e-05
0.14091238
5.4905868e-05
2.1047023e-07
1.5144676e-07
0.03180482
8.460533e-06
0.9754786
0.010890605
0.0036931864
2.7854626e-06
8.158465e-05
1.6827658e-05
5.842968e-05
2.6351065e-06
0.0018287009
0.0001957919
1.790281e-06
3.3435754e-07
2.7471205e-07
0.00018103154
0.00068479136
0.0013307818
2.4890157e-06
8.009992e-05
1.0339848e-05
0.00050826336
2.7953936e-08
0.031804837
0.014329877
0.10387733
0.0049400665
0.99915427
0.00062011904
2.420576e-07
2.7953936e-08
5.03991e-05
5.2483133e-09
3.7530427e-07
3.6706235e-05
1.3235742e-06
0.0006741388
5.3795645e-07
0.9742465
5.4905813e-05
0.0004467672
0.6278783
7.2858866e-06
0.000111116286
3.7422096e-06
1.1377806e-06
2.8454053e-08
0.09622133
5.8769374e-06
2.4828494e-06
8.125018e-05
0.00045743343
5.6764175e-06
0.06330284
0.9999432
1.17030886e-07
8.531342e-07
3.703585e-07
0.00026851945
1.925403e-05
2.0860095e-06
3.5611052e-07
0.00012566986
0.17638938
1.9192558e-07
0.000803727
0.98656046
0.47389308
4.458286e-06
4.04355e-06
1.751291e-06
1.2040192e-07
5.9836264e-05
0.12203143
8.058664e-08
0.9999071
0.0002101406
2.478723e-07
8.894639e-05
1.3014231e-07
1.734517e-05
1.1307168e-05
3.920558e-05
0.050149214
0.0022888104
2.7301592e-08
6.167047e-07
0.96130246
0.00016890155
0.0012126369
0.019364838
0.00034659228
0.0009867882
9.1114083e-07
0.0033323015
1.0033815e-05
7.2497965e-06
0.9946297
1.675154e-05
0.21335782
1.8328688e-08
0.0059857746
0.9761475
7.2479716e-06
6.0372688e-05
0.012437776
0.9999998
0.000115778384
0.009025822
0.020049958
9.996598e-10
0.5319993
0.0025508034
0.0016764291
1.0
8.101954e-07
0.00066786417
0.039509617
2.2628632e-05
7.9378566e-07
0.48046988
7.891505e-06
0.063220665
0.0040957397
0.22582048
0.0001562515
0.0017175194
0.000117291645
0.00034282738
0.0060795504
6.0245475e-09
2.7441723e-07
7.92289e-06
6.6304917e-09
4.789085e-07
0.0024218895
1.2109428e-05
5.057319e-05
1.9207203e-06
2.7990489e-05
1.7649994e-05
0.9683587
0.00020018213
0.000664688
0.14327815
0.001048787
0.011724174
8.745887e-05
8.039178e-05
0.00035535273
