1.0
1.0
1.0
1.0
1.0
0.038163517
1.896619e-07
0.003893169
0.0004552849
0.03414187
0.018918436
4.692525e-06
2.5921512e-05
0.006287238
0.9986769
0.9960198
1.2962397e-06
8.477304e-05
0.00021854482
1.2032287e-06
0.0007988658
0.00012401138
6.8552836e-05
8.593351e-05
1.8245717e-05
3.7098538e-09
2.3476823e-05
5.1326668e-05
0.6084405
3.173607e-08
1.3401774e-07
1.8370812e-06
0.10898104
0.00019215934
2.5406064e-06
0.0003708003
5.518582e-10
4.968299e-06
6.662823e-06
0.00035360456
0.013017347
1.4525225e-06
0.0003029549
1.4714054e-05
0.0018199154
5.989262e-07
1.4923843e-05
1.5632024e-06
2.628087e-07
0.9999524
5.610853e-06
0.00065079913
1.6288352e-08
2.3439044e-07
0.022474635
4.6699174e-06
6.827914e-07
0.063300945
0.92391145
8.81054e-08
0.0016768666
9.3349755e-08
3.6330228e-05
0.03889078
5.958811e-05
0.00028665998
1.0332501e-07
1.0863515e-07
0.9999985
0.00027769347
0.00027769347
1.3298828e-05
9.4566e-09
7.38184e-07
0.013771718
2.6859723e-07
1.3250519e-05
2.6717677e-07
2.7942617e-05
3.5461998e-08
1.0123245e-07
4.3134836e-08
0.010656431
1.5752594e-05
1.2527295e-07
8.331251e-07
0.00042283826
2.9613796e-07
0.007178812
2.8446077e-08
0.005654581
0.78685194
0.29849178
0.00010288585
6.662823e-06
0.8416843
0.0011091167
3.8716817e-06
0.9983967
8.6046075e-06
2.6835993e-09
5.518561e-10
0.06110037
0.01952539
2.4481897e-06
9.237725e-05
4.090355e-06
1.539575e-05
9.814968e-08
1.9111621e-06
1.9955657e-07
0.99207485
0.057734933
3.1252089e-06
1.5151641e-06
6.7911774e-06
9.193385e-07
0.0077437703
1.3230821e-06
6.983203e-08
0.012751262
4.265144e-06
1.5825606e-05
7.921825e-08
3.740176e-06
5.5036555e-05
6.7951805e-06
6.6254834e-06
0.0017784237
0.2588976
0.011040086
1.459113e-07
1.3911978e-09
0.0062180418
9.082596e-06
0.9999984
1.3707376e-06
0.00050818536
1.3120052e-08
0.07121301
0.8835965
0.00011996099
6.898833e-08
6.407577e-05
0.000645821
1.3072547e-07
2.1659687e-06
0.57584184
1.4711208e-07
1.3483861e-07
3.1072028e-10
4.8195255e-07
4.914235e-06
0.00023973988
9.898239e-06
0.00011245704
0.000117781645
1.374313e-05
0.000995101
1.2115851e-05
9.359811e-08
0.9999524
1.0789011e-05
2.2336958e-07
0.8199259
0.23563613
0.7918385
4.266842e-08
6.112142e-05
6.6454824e-09
1.3767136e-05
0.00065567915
4.5851404e-05
0.001677359
2.8635151e-05
9.7857795e-05
1.7736673e-05
2.213544e-07
0.0039739227
6.107645e-07
0.0145468945
0.0036092626
1.4219742e-07
3.8824485e-08
0.00013633164
0.0004351744
0.016134508
5.6292975e-09
4.4100943e-07
4.5338424e-05
0.00043512174
4.0690542e-05
2.0539163e-05
1.507154e-07
2.5174882e-07
1.8556264e-07
6.1179453e-06
0.0029248025
2.5167276e-06
6.884279e-05
3.6337703e-06
0.0012111381
4.656108e-05
3.1609834e-06
1.4493412e-05
2.2992124e-06
3.3093252e-06
0.61728483
0.00017363584
7.0071394e-08
0.97868264
1.6030945e-05
0.0010207051
7.1317265e-07
7.478316e-06
2.188236e-05
0.000802929
6.1515344e-08
0.00033552508
0.00024607233
8.503089e-06
0.021691913
3.57887e-05
7.601263e-06
2.319283e-07
0.7724283
0.99905044
0.08012933
0.99999946
9.8166716e-08
0.00015436132
7.3786725e-07
0.013100393
2.0539163e-05
0.057734933
0.0010691478
0.00016189954
0.013544617
7.478316e-06
6.290403e-08
1.0671536e-05
7.3746486e-07
1.4714054e-05
3.955691e-07
9.261407e-05
0.09757936
1.8593389e-06
0.009125405
0.00017363584
0.72249305
3.1234865e-06
0.32944295
0.0010018307
2.5186749e-11
9.3896233e-07
1.1014106e-05
1.5644428e-05
0.0007566903
6.1061066e-05
0.8416843
0.00012415112
4.8190985e-05
3.7893415e-06
0.006519271
4.0164952e-05
1.7363143e-09
0.00027823966
0.0029164432
8.316978e-07
8.112282e-09
1.1565138e-06
4.9166115e-06
1.4722171e-06
7.169779e-07
1.1694458e-06
0.9989585
5.929372e-07
5.5600318e-05
1.333861e-06
2.1894452e-10
0.02599122
0.0020495865
0.0002437759
0.21369289
3.173435e-07
0.042925384
1.1992238e-06
6.6020317e-10
0.0001856
9.965415e-10
2.4009676e-05
0.03048496
3.5461998e-08
2.3439044e-07
0.0039739227
4.5654982e-08
5.82206e-05
0.0015043283
2.3199953e-05
0.032301456
