0.9999667
0.99999803
0.049753323
1.5248837e-06
0.9805736
4.7452943e-07
0.001174368
0.77608645
3.8016216e-05
0.9931618
0.0004276453
0.013242447
7.4554014e-06
9.784665e-07
4.350913e-09
4.638484e-06
2.2642404e-05
1.7746255e-07
0.006765408
0.10855165
0.06596981
0.9999518
0.20363134
0.0001649811
3.8399735e-06
5.7997017e-08
5.7234235e-09
4.721054e-08
6.5695094e-05
0.32022813
0.0017309717
0.00060096354
1.0
0.00085657946
0.044390764
2.793041e-06
0.987555
5.1370644e-05
1.0098772e-07
0.99413985
0.98145455
0.00015105317
8.781817e-08
0.009431308
0.0012367759
0.029670222
4.5821595e-05
0.00060096354
5.6051718e-08
1.0379013e-08
1.5792385e-09
0.00037966334
0.006592869
0.9999225
0.00013900743
2.7568153e-06
0.99999154
6.502578e-07
0.006369193
1.9978781e-05
3.6431396e-05
1.5210365e-05
2.0429042e-08
3.0978972e-06
0.0027855781
3.8399735e-06
0.99315894
0.99896127
3.507765e-07
0.0027855781
0.018683918
0.0004692712
6.240079e-09
0.010241069
0.0107369255
2.2488781e-07
0.66281074
8.3489164e-07
0.00013226377
0.34448716
1.4526789e-05
0.00014106993
0.0001500626
0.037729446
8.2814086e-07
0.08383466
2.9993345e-05
0.014446325
0.0010122523
0.00092190783
0.0019368496
3.0547446e-06
0.00010910021
0.007061364
9.1895106e-07
0.0012092676
6.347163e-05
0.00047376173
1.253645e-05
0.0022186972
0.00081206096
3.3213523e-06
0.962279
0.78000754
0.12117053
0.0014626941
0.9995329
0.0006810802
4.7595665e-07
0.94989425
0.9966437
3.0823436e-08
9.784665e-07
0.2534769
0.837027
0.21242122
0.9921837
6.088523e-05
0.060353946
2.4245574e-06
0.0019368496
0.00011160476
8.056895e-07
4.0285238e-07
3.6431396e-05
0.27025464
0.0629287
3.6113506e-05
0.00060096354
5.6051718e-08
0.0007778321
0.0054249233
6.671277e-05
2.9927745e-05
0.04432461
0.9994387
4.7673828e-05
0.93417746
1.7911258e-05
5.575104e-08
0.000275895
0.0037602836
1.4861097e-08
1.5248837e-06
0.9998464
2.0237269e-07
1.8117612e-07
1.3488816e-06
3.3213523e-06
3.914127e-06
4.014739e-06
6.409743e-07
0.99261636
1.1766053e-06
0.0047076037
0.987555
0.08526525
0.00041955107
2.9641936e-07
0.00016757683
2.3140187e-06
0.0033444418
1.8764635e-07
3.607442e-07
0.050824184
0.068880595
0.02650748
0.0021647173
0.11350789
5.9404706e-06
0.00047376173
8.6808306e-08
1.7517053e-06
0.00021467332
2.6745467e-06
0.02650748
5.7723105e-07
1.5184378e-05
0.00017418804
4.6181347e-07
0.99353737
0.7647132
0.006812195
1.4130228e-05
0.9358799
0.0023231956
0.00021337466
1.6244709e-05
1.3670566e-08
0.0010313964
0.10120559
0.9999999
9.708152e-05
0.00030716768
1.3818321e-07
0.00026575555
0.007369466
4.9167666e-05
0.032900255
0.00017418804
0.20363134
0.00016541491
1.9552475e-05
6.349484e-06
2.288753e-06
8.694436e-06
0.00018380245
7.5202587e-07
0.21503386
6.649073e-05
3.0346517e-10
7.553447e-06
4.024817e-06
0.010291026
4.523805e-07
0.0012963446
6.688408e-07
0.0008848044
5.6051718e-08
5.6778685e-05
0.9999842
0.043884166
3.1575878e-06
0.00029203278
0.27025464
0.05811914
0.010114463
0.110544324
0.0009785667
0.00081206096
0.00074600446
0.0010194246
0.8164513
5.520297e-05
0.16535972
1.4613353e-05
0.0011027902
1.0162502e-05
0.007020409
0.00308867
1.253645e-05
0.9999518
0.036485996
0.007061364
0.00037966334
9.444941e-08
6.860602e-06
9.293268e-07
0.0012299106
0.9898286
5.357209e-05
9.784665e-07
0.010291026
0.00018943705
0.00011160476
2.9796175e-07
2.4205223e-08
0.00077230856
0.0001153836
8.6061156e-08
0.05306852
0.0023470314
0.54221416
0.000167561
1.0228162e-08
0.37180197
0.0104194
0.9931483
0.094764836
0.004549134
0.0047076037
0.02451263
0.9999003
0.5729069
0.006765408
3.6823054e-05
1.1576102e-05
0.0012032469
2.3778838e-07
0.2473893
2.893077e-07
0.0005363048
0.0001512264
1.0615663e-06
0.00018380245
0.00072797685
9.888599e-05
0.17537615
3.3415162e-07
1.35891955e-08
7.103186e-05
4.987506e-06
9.302481e-07
0.059677627
0.00017418804
1.5274931e-07
0.00071640883
1.2017333e-06
0.00037400576
6.783733e-07
