1.0
1.0
1.0
1.0
1.0
0.00024421696
0.08280062
0.014396585
0.00037636745
0.0001765373
0.00021800913
0.9991175
0.027845211
0.0010747674
0.026106691
0.088564076
0.0003031115
0.6077593
0.010398211
0.001038929
1.7569888e-06
0.0019391277
1.3448661e-05
0.9105527
1.3756479e-05
0.005265166
0.007296493
0.5140281
2.5818388e-05
8.885882e-05
0.0002775095
0.8683408
2.107035e-06
0.971185
0.007296493
0.005928826
0.0003075759
0.024548115
0.35338908
0.00025815945
1.4668412e-06
0.09483301
8.5527536e-05
0.024486795
0.1400783
5.5287263e-05
0.001409377
0.00025432196
0.9948986
0.0002849292
8.891572e-06
0.45464468
0.14644438
0.99998814
0.023806566
0.0007757325
0.0002783235
1.8900007e-05
0.100484006
0.0058063236
0.005018047
2.177479e-07
4.9380436e-05
0.00013527031
0.9999536
0.00041284767
0.20037612
0.94421566
0.0001962253
1.15030525e-05
0.005821212
0.00040623857
0.009672801
0.6880596
0.7084573
0.9899517
2.4628648e-07
0.053755626
1.1001832e-06
0.14441128
9.083176e-06
0.00019901474
0.94072795
7.561016e-05
0.0501577
0.0065392833
0.97421956
4.6193513e-06
0.02836372
0.00028589412
0.0001676211
0.012938681
0.007973901
0.0029136103
0.0068677473
0.0027570836
0.118066855
8.7601846e-05
0.99460787
0.004890571
0.0011587726
6.621321e-06
3.2879868e-06
0.012938681
0.9954198
0.3450675
0.9999654
0.0012967989
7.078573e-05
5.911427e-05
0.056719664
0.33457085
1.1045624e-07
0.00097213953
0.7348658
0.0067151417
0.04709067
0.99999815
0.00044125775
0.04405723
4.7277053e-06
0.0013032958
0.001191137
0.010849722
0.004200435
0.0006891024
0.9948986
0.06268272
0.00088805193
0.97690463
1.5591197e-05
0.00047114966
0.014568148
2.3496839e-06
0.99267113
4.0067107e-06
0.36487895
0.004773899
0.011134496
6.6928055e-06
0.04709067
6.2988656e-05
0.0033593709
0.0005251902
0.10429677
0.9280698
4.6193513e-06
0.021701043
0.0044113216
0.00036334473
0.9787327
0.10515919
0.98991156
0.011542324
0.9999997
0.9691763
9.2962355e-06
0.0049690683
8.809321e-06
0.78607404
1.1904206e-05
0.00047179143
0.0010004843
1.0
0.019840378
0.0005431369
0.00015302857
0.0033393723
0.92843443
0.0002134011
0.03477012
0.99999976
0.016477006
0.011134496
9.622079e-07
0.97421956
0.016188808
5.881053e-05
0.0016413821
0.06949622
0.28265864
3.2455828e-05
0.017842101
0.89632106
0.0073026847
0.00024270861
2.3003113e-06
9.648372e-06
1.3448661e-05
0.00019901474
3.9150138e-05
3.250316e-05
6.258788e-06
0.1267113
0.07761305
0.00035426693
0.0002134011
0.09972368
0.003466774
0.000177645
0.00023438018
0.8801896
4.4872926e-05
0.9891889
8.6831955e-05
0.01306557
0.000276454
0.0019391277
0.87484854
0.00030408
0.99142057
0.6833294
0.925519
8.348714e-06
0.00022426558
0.20370813
0.09150547
0.99996513
0.069662265
0.8183642
0.0009584813
0.9370438
0.98413885
0.00011909329
6.910563e-05
7.4163665e-07
0.024731562
0.99999374
0.01128851
0.0065698302
2.107035e-06
0.20351733
0.96618634
0.118443735
0.001336616
0.00039938744
0.0030423847
0.99985427
0.09972368
0.97599304
0.003365635
0.9999182
0.00022334309
0.00010698168
0.0009762495
0.98844355
0.0087154955
0.9999528
0.99142057
0.00036334473
0.9993406
0.00025815945
0.6657575
0.99998593
0.01667789
0.00042595825
7.571774e-05
5.7586144e-06
0.006463211
0.0081369765
0.0001236858
0.9993753
2.9734229e-06
5.8945734e-05
0.32602906
0.0011126461
0.99851155
0.959347
0.9946907
3.2455828e-05
1.3286202e-05
0.0023968061
5.8901114e-05
0.04659962
4.874995e-05
0.009348986
7.4536456e-06
0.9999961
0.00038416553
0.99998593
7.674884e-06
0.01924619
9.2962355e-06
1.3756479e-05
0.9835552
0.9891889
0.00013824854
0.37229335
0.00093526195
0.66964084
2.3053603e-06
0.006537679
0.99764645
0.00036926262
1.214359e-05
0.0022633572
0.0075152926
4.0437633e-05
0.004834709
1.2291233e-05
