0.99999815
0.0032508671
0.00023038896
0.58895475
0.96875966
0.0014197722
0.0018864889
9.664868e-05
0.42707926
0.019696977
0.0010595405
0.99440473
0.9999996
0.69302016
0.13008998
0.016344782
0.043994438
0.014371801
0.0008238625
0.42707926
0.002028167
0.104807384
0.1212239
0.05425833
0.0001391549
0.99638337
0.002778872
0.104944944
0.1212239
0.0011020913
0.00038192017
0.0059028454
0.8800776
0.9999843
0.00010539428
0.45618725
0.85508746
0.030913778
0.03634396
0.0021696577
0.041105818
0.18905745
0.055371724
0.9999731
0.00090134714
0.71162665
0.021257777
0.0026997186
0.99535733
0.00029682065
0.010545642
0.9999927
0.00197313
0.025498416
0.0004552825
0.9925279
0.9790129
0.9972365
0.9971193
0.001646617
0.05816779
0.008903024
0.024728432
0.008970338
1.3748689e-05
0.73949015
0.47079927
0.0060669547
0.9796865
0.9553633
8.256259e-06
0.017669905
0.00519525
0.9999961
0.00021721695
0.109511524
0.016907921
0.9989396
0.0021938882
0.0002812725
0.014041323
0.00033785315
0.0017182342
9.671986e-05
1.7089751e-05
0.00010742575
0.9989396
0.0014505065
0.00048415287
0.99230444
0.006610065
0.00015266596
0.0003800329
0.95619494
0.00014155342
0.009176601
4.7303565e-05
0.9904607
9.872826e-05
0.9576173
0.9974236
0.00065090554
0.25364232
0.9984512
2.6373633e-05
0.0010162652
0.82303184
0.0020960094
0.024900852
0.48496005
0.49649084
0.0017589971
1.0
0.0059663914
0.2048623
0.9313011
0.99701184
0.0042545004
0.043403074
0.05082457
0.035580475
0.00039476072
0.0027762807
0.00891684
0.0004552825
3.0974457e-05
0.047485903
0.8962348
0.0013656152
0.99998534
0.001109223
8.395928e-05
0.010159036
0.0012946707
8.591603e-06
5.8715937e-05
0.1324578
0.63614446
0.17021938
0.00027401646
0.00085309485
0.48403624
0.5447016
0.00024154189
1.373944e-06
0.0008300996
0.76007724
0.00020929516
1.24218095e-05
0.007742745
0.98467743
0.5361355
0.024977526
0.9117379
0.119754985
0.017281897
0.12393472
8.182936e-06
0.9995605
1.3107918e-05
0.05082457
0.9932678
0.0003575587
0.00059023034
0.26238808
6.774104e-05
3.2124404e-05
0.069854714
0.03980317
0.00038767196
0.76725644
0.006901416
0.02369047
0.2673446
0.0151373735
0.99973285
0.0013923635
0.0060669547
0.0002456349
0.039349273
0.0061756023
0.94974875
0.0011020913
0.0015461633
0.42707926
1.4775009e-05
0.00014522903
6.8635905e-05
0.8016766
0.97228724
0.009697951
0.0010595405
0.011655652
0.03683242
3.4004595e-06
0.79499555
0.16651328
0.99999994
0.0022689407
0.00011908512
0.00017916338
0.10192919
0.011972261
0.0003107139
4.9660663e-05
0.04740395
0.0053236643
0.036677428
0.0003680659
0.9997931
0.05900489
0.0017589971
0.0002456349
0.00038192017
0.008486198
0.9990046
0.00020587388
0.065512344
0.01178064
0.006168957
0.14134747
0.7845874
0.7339193
0.58770657
0.15035115
0.4004342
0.00048415287
0.0012498146
0.016040027
0.49286205
0.81386775
0.31516233
3.8062506e-05
0.99077284
0.95760053
0.0020163907
0.00010452912
0.0014019387
0.012359979
0.99915093
0.99945045
0.031484198
0.7706711
0.018991997
1.3748662e-05
0.05068571
0.0012900524
0.012359979
0.00019645781
0.00022089007
0.00014522903
0.00031010574
0.001109223
0.002223975
0.45023137
0.97301996
0.886002
0.7919098
0.05816779
8.496555e-06
0.81386775
0.0027762807
0.0014505065
1.5941514e-05
0.12393472
0.7933629
1.3748689e-05
0.001306103
0.9970714
0.21367861
0.9995773
0.05900489
0.26004812
0.00066106144
0.035411432
0.2337384
0.9924612
0.86208403
0.00040917762
0.0041618226
0.05900489
0.0062202928
0.986371
0.999906
0.0006896089
0.001630992
6.1083774e-05
0.25417194
0.96388614
0.00027189785
0.9974708
8.2954466e-05
0.9986369
0.09854529
0.0002882465
0.9974236
0.26373935
0.0007544032
0.0015615961
0.99907976
