0.19230774
0.9998666
2.3400265e-08
0.99678504
0.00020054952
1.016068e-05
0.0033762162
0.3370422
0.0007137535
4.329802e-05
3.6770558e-05
0.0004165564
0.004273468
0.0011596372
4.9017952e-05
1.4813922e-05
0.9999991
4.9691644e-05
0.015429252
0.9967229
0.99746335
0.0031512624
2.2790626e-05
0.9999852
0.059520375
6.0588103e-05
0.00042208357
0.021207903
5.6650075e-05
3.5440337e-06
0.0014013174
3.0298079e-06
0.1174884
0.014631555
1.5068226e-05
0.0010923361
0.99974895
0.14195082
0.0013525242
0.0004008766
2.9887986e-05
8.757479e-05
0.16393866
0.011055424
0.999995
0.99991757
0.000664988
9.407861e-06
0.00016381172
0.0001622841
0.000110370536
0.0025240532
0.0034825471
4.2137046e-05
4.4712357e-05
0.0004092892
8.770801e-05
0.016289636
0.00056901854
0.000104853076
0.00029226815
0.00017262917
3.3589746e-05
0.006594668
0.0011923868
3.7236623e-06
0.0023098984
0.0012133429
0.99971986
2.9887986e-05
1.6129313e-07
4.1000526e-06
3.140889e-05
2.2904583e-06
0.0027343272
0.00053100806
2.2790626e-05
0.001890683
0.7335383
2.915684e-05
0.00038262535
0.020893335
0.00013558388
0.00085185614
2.6705588e-05
1.9391973e-06
0.0004650211
8.7401315e-07
0.99277854
0.014405776
0.0017383569
0.0011576468
5.862396e-05
0.004501947
0.6071542
0.0031123043
0.0037696448
0.9423083
0.00038158282
0.6043858
0.0007544017
0.99971986
0.52906275
0.0010944573
6.4749096e-05
7.6123455e-05
7.706612e-06
2.154987e-06
6.4749096e-05
5.2142463e-05
0.96478844
0.006724387
6.704036e-06
5.7170706e-07
8.774316e-06
0.8526776
0.00014830354
8.982852e-05
0.00010352713
0.0014363232
9.482552e-05
2.803775e-05
3.5542212e-07
6.9059746e-07
6.4749096e-05
0.0005243624
2.4094043e-06
0.99934274
0.0035498329
0.05214889
0.9806579
0.025841653
0.0013498694
0.9879248
0.009253335
0.9999796
2.1239373e-06
6.17545e-06
0.0001622841
0.0026034627
2.140853e-06
0.00024832692
7.5675875e-05
8.770801e-05
0.028785506
0.0005673057
0.00022318045
1.2626776e-05
0.0020464037
0.00021447854
0.00024759874
0.21650697
1.8943251e-07
0.0050244764
0.0007688199
0.05215462
0.0057113688
5.4680087e-05
2.9224518e-07
1.3333446e-06
0.0033762162
2.867329e-07
2.3646986e-05
0.0003703255
0.00073691504
1.3683668e-07
5.184718e-07
0.002105073
0.0004008363
0.96328294
6.876742e-06
0.0030297963
0.9806579
1.8405415e-05
1.8610314e-06
0.0015387463
5.7689376e-05
0.0047726305
1.0864311e-05
2.7131925e-06
0.09880154
0.0009848694
2.1239373e-06
0.00038262535
0.73560584
0.983451
0.006626551
6.3000065e-05
0.0092533305
1.3683668e-07
0.7458756
0.041642662
0.00018979648
1.1476973e-05
0.9999708
8.2353984e-07
2.6831029e-05
0.0018632378
0.00026880146
0.0009233451
0.8402801
0.012807413
0.001881703
6.4983833e-06
6.6086767e-07
0.0010483435
2.3171518e-05
0.07989849
1.0155053e-05
0.006938283
4.304109e-06
0.0064009307
4.843887e-06
5.3744434e-06
0.009225557
0.8590448
0.00014833013
0.00512264
0.00018948565
0.851443
3.2711573e-06
7.784473e-07
4.6672017e-06
2.5707477e-06
0.851276
0.0021617871
3.7571358e-06
2.3646964e-05
0.00026662656
1.5303424e-06
0.0002157613
1.1307912e-05
0.9999999
0.0004358054
1.705647e-05
0.15886645
0.00067776826
1.005123e-07
0.0016715769
0.00045321553
0.19216004
0.024702376
0.8477786
3.9564344e-05
0.03095592
0.85998803
0.00011350074
0.88528407
4.0661027e-07
0.9423083
0.73560584
0.10388156
4.843887e-06
0.9998623
0.001743636
0.00025564106
0.99990475
0.0011082359
0.0003324778
0.00016381172
0.00026880146
0.00038329893
8.646436e-06
0.29645637
3.982266e-07
1.6727105e-06
9.404722e-06
0.0021895575
0.0063444325
0.017843014
9.407861e-06
0.0030206693
0.0003312818
0.9989738
0.2563564
0.00067776826
0.0002017634
0.0004008363
0.98808724
0.0003698256
0.00029873243
0.99999017
0.019858107
0.9986701
0.00011072948
2.6546939e-05
8.324294e-07
1.4881265e-05
9.316707e-05
0.0010739915
0.52906275
8.595602e-06
0.021559123
0.15886645
0.005325707
0.00039084355
0.0011576468
4.0368413e-06
0.0005033008
2.724765e-06
