0.9998846
0.8160314
1.603866e-06
0.0007359087
0.013570445
0.00039485353
3.5292585e-05
0.00047560647
3.0223391e-05
0.0042012483
6.7751644e-05
0.0026768032
4.232238e-05
9.222956e-05
0.00481405
0.9028043
0.0060584266
2.4493582e-05
0.0005822368
1.4785158e-05
0.9470564
0.18024988
0.0055359392
0.00019715494
0.0007218286
0.006798594
0.03949169
1.4405662e-05
0.015982952
0.9994941
0.9468983
0.09955063
0.85855055
0.030937925
0.00030679745
0.8493249
0.0074838493
4.132099e-06
0.18416658
0.0070386822
0.99999803
0.99935067
0.0007548731
0.0051912395
0.00028417772
8.0489845e-06
1.0
0.99989915
1.0812578e-05
0.00146311
0.0017295798
2.3034389e-05
0.010890338
0.2388319
0.023891076
0.000284958
1.6412854e-05
0.00027763788
0.00019229845
6.5686286e-06
7.05422e-05
0.0003116291
0.9997836
0.05913921
0.0031288767
0.00016044787
0.017232616
0.0026738516
0.90508175
0.00069464697
0.0005019756
0.00043865753
1.3027584e-06
0.46507695
0.99992245
0.23883186
3.5937176e-06
0.034302175
0.8857757
0.06948149
0.6609759
0.02801405
5.6609297e-06
5.758319e-05
0.0047533205
0.0001484926
0.03749546
0.9999995
0.9873332
0.012927688
0.00041034597
0.00033315233
0.0018528514
0.81351525
0.025158824
0.0030943425
0.0001925052
0.004300764
1.0
5.565029e-06
0.0071054786
0.0012126387
0.05534198
9.435386e-05
5.4619893e-05
1.3895882e-06
0.020254785
4.3382126e-05
0.4408246
0.0003986345
0.42732096
0.49140427
1.7479539e-05
0.23043467
0.99998903
1.1741098e-07
0.0012671448
0.007022587
0.0027574967
1.4861749e-05
0.13523354
0.0033044412
0.6963359
0.00073046266
7.852909e-06
0.03439389
0.27321872
0.0017164268
0.00080967334
0.0013633826
2.5777868e-05
0.17853755
0.15862003
0.069338135
1.2118185e-05
0.9933348
0.24780703
0.86399686
0.9823003
6.2930226e-06
0.0031374744
0.2308896
0.29188362
0.043518376
3.2696976e-06
0.00011863764
0.0009521532
0.0003134413
2.2706454e-05
7.054954e-06
0.17152503
0.010184121
0.9880229
3.4983307e-07
0.97954965
0.77851087
0.01497452
0.18412656
0.99998355
9.273284e-06
0.03949169
3.469968e-05
0.016713494
0.00077679177
0.0006997021
0.06465745
0.0042235544
0.11662072
2.3034389e-05
0.9880229
0.0018528514
0.0026254635
0.006991761
1.8059776e-05
5.5454915e-05
0.0026586675
3.557436e-05
0.04464248
0.056875564
0.00014499588
0.21311541
2.47355e-05
0.00021096913
0.025416687
0.3253837
0.0002243045
0.00067405816
0.00059836416
0.005817753
0.03414374
0.00026422273
0.004922118
0.00072043284
0.021888372
0.0017824856
0.0036125532
0.99889994
0.0034518598
0.29942787
0.9999446
0.00021721052
0.015423176
0.9823003
0.0016163605
2.198068e-05
0.9993926
0.99678314
0.85879725
0.020187069
0.19026127
2.4303787e-05
0.9957596
0.98729116
3.6820456e-08
0.00011434177
0.21633387
0.0036407455
0.005175508
0.00041034597
0.9999786
0.022960484
0.92042637
0.00048795898
0.0010363829
0.003089034
0.07192116
0.9663521
0.76015896
0.0002821032
0.00014499588
5.2918576e-06
0.00077344244
0.00064860564
0.0004399211
0.0063235746
0.15862003
0.97954965
0.0017112291
0.70538557
0.04464248
0.00021808043
0.9758264
0.0164536
0.00013318549
0.00025768141
0.015982952
0.9997626
0.00011273189
0.00010285407
4.273822e-05
2.5004238e-06
1.704403e-05
0.99185055
0.9860345
8.354664e-06
0.00037395582
0.00065336266
0.99455494
0.0016371843
0.00015902407
0.0045612333
0.0011467929
0.016518105
0.0006799235
0.018081816
0.03423859
0.726638
1.9981035e-06
0.0009913387
0.004062695
0.966395
0.022960484
0.99835366
0.00043081492
0.8439154
0.0008314168
0.9593209
0.93439245
1.9981035e-06
0.00010285407
0.027572533
0.93499327
0.0011908477
0.0031588224
0.00048795898
0.10590033
0.016713494
0.007781324
0.629197
0.000103850056
2.4303787e-05
0.021676539
0.0002821032
0.17899647
2.8003786e-05
0.00010461199
0.30045328
1.4386826e-06
0.0107985195
0.06928692
