0.99999696
0.00062332326
3.1562293e-05
2.1766744e-05
0.01560563
0.00024828382
0.049067717
6.175261e-06
0.72150624
0.0001794424
0.0022777338
0.011934664
0.0039091767
0.0010935424
0.0021535798
0.00423774
1.7883544e-06
0.0026016196
0.00076171954
0.00038078337
0.00013061725
0.00018681817
0.0046004094
2.3649253e-07
2.6074783e-06
0.99996233
0.5378173
0.00090040336
8.9526984e-05
1.7192929e-07
6.379854e-08
0.00018433107
1.5960317e-05
1.1968222e-06
4.161737e-05
1.098989e-05
0.5443256
0.0012625122
0.0007598161
1.0441984e-05
2.3168498e-06
4.8585607e-05
0.0060387775
0.00035980094
0.94385797
0.00035088437
1.7883544e-06
0.007504388
1.4214604e-07
0.14374568
4.0660047e-06
0.017231679
1.295142e-07
0.6104642
0.17245659
3.2675645e-05
2.0140244e-06
0.00030465453
0.00032257242
0.99979395
0.99999774
0.00081636966
0.41628852
0.7147084
6.040168e-06
0.0081329355
0.00034592216
0.0011091095
0.9990966
1.2226152e-06
0.00039835813
0.93990946
0.2740999
0.006036248
4.1343986e-07
1.3034049e-05
0.035109274
6.906859e-05
0.9999992
0.0007598161
0.0018374772
0.0038683473
1.1206558e-05
0.9852578
0.3644045
0.0045973714
0.0033673022
5.393084e-07
4.560093e-05
0.9999985
0.002783272
0.01643977
0.00015705722
0.0020964425
0.001886708
0.00039497868
0.0002291927
2.2565233e-05
5.5048545e-06
6.9567345e-06
0.00029089293
4.9682944e-06
7.184315e-06
0.92987794
6.618796e-05
5.0508806e-06
0.0034706593
9.302231e-06
0.00616521
0.059394047
0.0007404562
4.251383e-05
0.0009480069
2.3168475e-06
1.9918474e-05
0.0073061353
8.163609e-05
2.7820856e-06
2.2210486e-05
0.00015481946
0.0026205708
9.495646e-06
0.0003321315
0.7567603
1.766869e-06
0.9996625
0.021045927
0.63463414
7.4420677e-06
0.96336573
7.9121145e-07
2.8535365e-07
9.311728e-06
1.1781272e-05
0.00027922902
7.257406e-05
0.9850894
3.2055145e-06
0.00030912043
0.0007404562
4.8585607e-05
3.7735495e-05
0.021014094
0.92490053
9.29089e-05
0.48477608
0.69445163
0.00949692
1.1968222e-06
0.00062780554
0.00015734306
1.4808586e-07
0.0048351195
0.0033173126
3.7258965e-07
0.00041406756
0.00033154245
0.0073061353
0.42165503
0.0017197365
0.17256771
0.00029437785
6.352952e-05
2.044705e-06
0.0007007281
0.008790087
0.00023936691
1.6118385e-05
9.28192e-06
2.6074783e-06
6.1385226e-06
0.01643977
0.00076171954
5.2460266e-05
0.004251441
3.481795e-05
1.03661805e-05
2.0729871e-07
2.5231634e-06
5.2212523e-05
0.0013823312
0.008568905
2.6849486e-05
3.0278177e-06
5.0508806e-06
1.809825e-06
0.004317618
0.7489039
0.049067717
0.93841064
0.8930665
0.0039797532
8.528418e-06
1.8572358e-07
9.218682e-05
6.556912e-06
2.5439983e-06
0.058336016
0.006513912
8.853462e-05
0.0006690316
0.0014258309
1.0328698e-07
0.00035078052
0.3591745
1.603174e-05
0.00095510884
0.032724302
0.00029089293
0.8283804
2.4787516e-06
0.99964064
0.713864
0.5295279
0.001333847
1.174459e-05
0.00030090165
5.6428853e-05
0.00031628762
3.4239485e-05
0.0005032307
1.3034049e-05
0.0055414336
0.00068300747
0.0034706593
3.849111e-05
0.00022341253
0.0005746369
0.39171943
3.4158527e-06
0.0018809966
0.011313488
0.94645613
0.003523867
0.67370737
0.008790087
0.9973957
1.0707538e-06
0.2740999
0.00015547541
5.4800985e-05
0.99901235
0.00038499595
0.017605213
1.820963e-05
0.3644045
0.013971409
0.00039316612
0.0011091095
9.528352e-07
0.049067717
4.4973647e-05
0.0040782792
0.0014258309
0.11644534
3.55935e-07
2.044705e-06
2.320016e-06
4.8747115e-05
0.9522497
4.0022698e-07
5.0508806e-06
7.7511817e-07
0.19579512
6.3307284e-06
8.6546504e-05
1.0441984e-05
0.019894594
0.002499318
0.6271055
6.817888e-05
1.0172511e-06
2.997153e-07
0.000119396325
0.001056704
0.0013823312
0.0007007281
7.941671e-09
3.0068008e-05
0.20636885
5.610948e-07
0.1697102
0.00862877
0.9996565
8.6713706e-05
0.000733446
3.1071404e-06
3.5045623e-06
0.24945073
0.999973
0.96069884
7.257406e-05
2.4946169e-06
0.0076316
0.00015099903
0.02811119
0.00012598913
9.4793215e-08
0.020204268
0.6181771
