0.99999607
0.00045647513
0.119816005
0.0027393717
0.3355187
0.0027642446
0.012197247
0.0038807401
8.499788e-06
0.14567743
0.088703506
0.90935135
6.845994e-07
0.00045534153
3.432507e-06
0.2761552
0.055498827
0.7033502
1.6243592e-05
0.9999561
0.00016505866
1.4382107e-05
0.0009840478
0.0043605454
0.26463404
6.922566e-05
0.7651574
0.014641177
0.9999995
6.895757e-05
0.0037260128
0.011715287
0.0029417775
0.0014014202
0.00027430165
3.1991694e-05
0.0014414301
0.0026506912
3.0007423e-05
0.00020803616
4.892427e-05
0.85618967
0.29431656
0.00020281691
0.0026669367
0.9942775
9.458376e-05
0.0005714104
0.0027642446
0.0010174055
0.020250438
0.0004059997
0.00056939863
4.7942162e-06
0.00033642608
0.0012027457
2.290397e-06
0.9027014
0.05187893
0.0001944127
0.018891549
7.936472e-06
0.0005141946
0.99784815
0.85618967
3.3831107e-05
0.996885
0.0019612564
1.5756636e-05
0.017640993
0.0050816014
6.382556e-08
2.758267e-06
0.024243517
0.9994614
0.67368263
0.0018242144
0.9998957
0.0014611558
0.82716906
5.2390674e-06
0.00014006067
0.59918356
0.00015588541
0.99814993
0.0011372908
7.03894e-05
0.00019991395
0.97979975
0.9999992
0.00015565638
3.432507e-06
0.0006988435
0.0012547863
0.1177497
7.912921e-05
0.004819534
2.8769327e-05
0.0033628405
0.028851768
0.9864863
9.779182e-06
3.1853298e-07
0.0030350175
0.44919747
5.6633917e-06
0.9984729
0.0010805998
9.602956e-07
0.0017663983
0.0014553664
0.00033468325
1.4621579e-05
0.8110401
0.0008370844
0.00019459463
0.17060362
5.7587305e-05
3.7064914e-05
5.8023506e-05
0.36671188
0.9883289
4.7317017e-06
0.00037011743
1.6243592e-05
0.0036177214
0.00014006067
0.036480375
0.91782224
0.6643051
0.018688785
0.00015565669
0.00061919243
9.362663e-05
0.028851768
5.8416474e-05
0.004295146
0.0013168174
6.879397e-05
0.0010214098
0.0034699384
3.0097643e-05
0.7912192
0.0004518276
2.9479117e-05
0.0019818575
2.295124e-05
0.013657657
9.491662e-06
0.015573708
0.0011434087
0.99994445
0.9254462
0.47007483
0.00940252
1.6242583e-06
0.041711107
0.002140473
0.79620403
0.0014014202
3.5424357e-05
7.993174e-06
5.4301468e-06
0.0015819985
1.2844466e-05
0.9986563
0.99900883
0.00027261247
0.012397229
0.99997365
0.98140436
5.1147235e-06
3.1812866e-05
0.00067916163
0.0016919546
2.4703391e-05
0.2659369
7.316576e-05
0.013645266
0.00023831506
0.0002212752
0.0007607954
7.1693335e-06
0.043784894
0.0019697582
1.8388711e-05
0.010006331
0.024853064
7.548104e-06
0.12597416
0.00016786932
0.36043155
3.1812866e-05
0.9471783
0.3039068
0.0017940678
4.7317017e-06
0.7710899
0.00066413643
0.0038514887
0.00067916163
0.08895441
0.06692289
0.026285863
8.379308e-05
0.0030956608
0.0004692692
0.020250438
0.9999995
0.5192226
0.00022820708
0.0039684814
5.177033e-06
0.9803901
7.1754757e-06
5.376333e-07
0.013787912
0.9999992
0.0005107922
0.0039378284
0.005531976
0.0013640156
0.99839824
8.2604276e-07
0.82187754
0.016022388
0.02424351
0.44128162
2.4687706e-05
0.012397229
0.011233093
0.8478245
0.017078776
0.02159528
0.30954686
0.019782634
0.0012267833
0.9937814
0.020239
0.99999946
0.06457098
0.0905467
3.7491827e-07
0.0010691264
0.999153
2.2915941e-05
0.0030528363
0.0010371009
0.9999817
0.99784815
8.2604276e-07
0.0024046025
4.6618305e-05
0.0013503599
0.0022476292
8.4957064e-05
0.42699698
9.628385e-05
0.000302402
2.6141308e-05
0.0005192737
0.00019733906
0.8043728
0.9859346
1.6836777e-05
0.0005056896
0.0041465666
5.7587196e-05
5.4438334e-07
2.2209435e-06
2.6425218e-05
0.9745113
0.00035489924
0.77147204
0.00055154896
0.06886017
0.67368263
0.00044027835
0.049747158
0.00064646173
0.14567743
0.0019697582
0.0005435181
0.00786497
0.11222473
0.8783762
0.04158147
0.0006368919
0.09589717
0.009784181
0.999361
0.04454473
4.3415068e-05
0.0021826033
0.0105516
0.38370618
0.9862772
2.5777106e-05
0.0051318347
0.00020333874
