1.0
1.0
0.0010325045
4.0863407e-07
0.98531187
0.011905959
7.059651e-05
0.01480775
0.060735255
2.994576e-05
0.67553544
0.20080803
3.6814872e-05
9.979667e-07
2.7828877e-05
1.4103236e-05
0.0002926273
8.84499e-08
0.9993388
0.35945034
2.1183492e-07
2.3642854e-06
0.0018005925
0.024136491
6.529549e-05
0.0002264823
1.4963833e-05
1.8823162e-05
2.761611e-05
0.0022083658
0.6195661
3.540844e-07
0.00046790016
3.699575e-06
8.763429e-06
6.8968063e-07
9.8014795e-08
3.721161e-05
1.2772294e-06
0.003277137
0.18294512
1.2987272e-05
0.010103889
8.50207e-07
6.435686e-06
7.4163704e-06
0.5097308
0.0318062
0.079106644
4.8808584e-08
7.617763e-07
0.00016672493
0.0011535947
0.00076375215
5.29344e-07
0.01204312
1.651009e-05
0.00034010236
0.9991936
2.6733173e-07
0.002136079
0.15068914
0.00089306734
0.15846606
7.2761715e-05
0.00036014343
0.0015842438
0.0010472868
0.20864952
4.2937597e-07
2.3549968e-05
2.7102567e-08
7.988785e-06
2.6850094e-07
9.13739e-06
0.8613087
2.664318e-06
0.122762285
0.0006110421
8.884772e-09
0.0004853702
8.477607e-06
2.0161951e-05
3.888088e-06
0.89636636
0.079106644
0.0020473718
0.00030283045
1.659861e-05
0.9980878
1.6035739e-07
0.0001420453
0.7253748
4.6267496e-06
2.9678207e-05
1.314734e-06
0.0021325843
2.3037294e-06
2.829119e-05
0.00015367607
0.9908038
8.7647794e-07
3.992013e-09
2.5307827e-05
0.0023040562
2.2407617e-08
4.7155295e-06
0.9698804
0.9998288
2.852115e-05
0.02552037
1.7049325e-07
0.9591053
3.700784e-05
3.470312e-05
3.3302267e-06
6.0460417e-07
1.1821548e-06
1.3673985e-05
0.00010199945
1.7820295e-08
4.7541987e-05
4.7155295e-06
1.0434309e-05
0.002136079
2.0209952e-06
2.6832233e-05
1.606712e-06
0.9991936
3.4883225e-05
0.028712098
3.5848854e-05
1.5569269e-06
0.00043149944
2.3642854e-06
3.4974205e-06
0.00016672493
0.024688508
0.0017096902
3.4756586e-09
6.557066e-05
1.0535201e-06
0.0013959862
0.00010552411
3.1598713e-06
0.70774305
7.049432e-06
0.00017899998
4.346571e-06
1.4477484e-07
0.00085410994
0.0007290123
0.00030983592
0.9722371
0.00012422357
0.00024273685
1.625072e-05
0.00037237065
3.7648075e-05
4.802894e-05
2.3037294e-06
0.024136491
0.0030896903
1.0031389e-07
0.99970543
3.442604e-05
2.5272404e-06
0.00013124212
0.40332815
0.9987223
5.610884e-08
0.08059958
0.00023227389
0.023831869
0.9899664
2.9313273e-05
0.003189542
0.00028930398
0.009200212
2.274321e-05
0.0010325045
0.00079562375
0.0005390047
3.319453e-05
1.3212697e-07
0.24555625
0.32625356
0.005531809
0.000101769096
1.4459894e-06
0.0011165825
0.9123928
1.8589134e-06
0.0015623561
0.00024040094
5.474828e-05
0.0013701792
0.000105950014
2.3549968e-05
0.21585114
1.49411035e-05
6.6960865e-08
1.4722565e-06
1.1117106e-07
0.62070614
4.6085755e-05
1.251909e-09
0.00051661173
0.0016492985
0.17762913
4.776056e-05
3.4351153e-08
5.8278703e-05
3.023994e-06
1.851412e-06
0.0009701729
5.1658343e-08
4.3296244e-05
0.98144454
0.99225444
3.2552172e-05
1.8855885e-06
2.5387342e-06
1.8176277e-06
3.0050522e-05
1.0179337e-07
1.606712e-06
5.4532016e-08
0.97369057
0.93314314
0.0033605606
0.00011456288
0.9810915
1.4722565e-06
5.7951235e-07
1.251909e-09
2.0734054e-05
3.623385e-07
2.6120554e-06
1.4631399e-05
0.00044510426
1.914778e-06
0.0010843059
3.906168e-05
0.08872706
8.844787e-06
0.003189542
0.09154727
0.000106705374
8.594098e-07
0.0034444684
0.00013089867
3.0262558e-05
0.0007534638
1.8823162e-05
2.5684669e-05
4.2235583e-06
1.0013836e-06
0.9992394
0.8056507
0.023222568
0.6732223
0.014758939
0.00077962683
0.08059958
7.0571473e-06
0.00011775694
0.99943995
0.0015469174
0.0077875927
9.6359945e-06
0.0009789803
0.043781262
2.671751e-05
0.0053604706
6.557066e-05
0.9985301
0.079106644
0.2400135
3.4974205e-06
5.4887873e-06
0.034350306
0.0034444684
0.00029698713
0.00026719045
1.1798414e-06
4.1963735e-06
1.1086122e-06
0.00011456288
0.0036271992
4.8037367e-05
1.2933604e-08
1.0031389e-07
5.4532016e-08
0.0009277049
0.99924153
2.4853536e-05
0.10550162
0.0028170242
3.412333e-06
