0.9918385
0.99996644
0.9998801
0.9952036
0.034212988
1.1078651e-05
0.0052983603
1.2617663e-05
0.9999722
0.32240382
5.7335736e-05
0.005751405
0.051872745
0.03883914
0.9714525
0.04286301
0.3322685
0.07938746
0.094543725
0.00010524675
0.010326866
0.018269844
0.9812913
0.32813585
0.21422502
0.9997581
0.89917046
0.25755885
0.021691073
0.0040184455
0.0014051582
0.99997395
0.0045993268
0.0005119748
0.0004686391
0.22553281
0.0006780961
0.07638228
0.7533219
0.002322999
0.999655
1.644607e-06
0.39102086
0.5644282
0.716679
0.033814587
0.00354755
9.282584e-05
0.7527281
5.79566e-06
0.11295427
3.471603e-05
0.9999821
0.008101765
0.002690276
0.98878366
0.1232642
0.00041979871
0.0019986732
0.06889118
0.88525313
0.9999865
0.006949798
0.9999999
0.99999386
0.0086860275
0.00266951
0.02265548
0.003665979
0.22402872
0.99713504
0.1807061
0.0026225133
0.0015033652
0.28829917
0.062602304
0.90030694
0.9929074
0.01226511
0.003665979
9.311778e-05
0.96190786
2.6394719e-05
0.006834738
0.9831155
0.16428415
0.019315487
0.33066806
0.35774103
0.02579313
0.003109746
0.00011904538
0.9978352
2.245725e-05
0.124064624
2.7662277e-06
0.44174492
1.0
0.00030254707
0.00011913145
0.9970519
0.5647535
0.9999986
0.71017355
6.7347755e-05
0.0012783927
0.013002451
0.00017891107
0.0023183885
0.91684324
0.00011056963
0.9483298
0.36190373
6.8454654e-05
0.00029406254
5.0547158e-05
0.9980355
0.6059979
0.16074252
0.8400066
0.0040184455
0.0016997593
0.24842043
6.8508336e-05
0.52287495
0.0012433928
0.78417
0.0017792349
0.08531419
6.0684844e-05
0.008241857
0.21160775
0.0013820904
0.0002062399
0.0037458423
0.9999997
0.0010432185
0.00014268552
0.0002454378
0.42326698
0.83745974
0.0801306
0.8420787
0.0801306
0.00015608607
7.6199376e-06
0.010547333
1.1177932e-05
0.9683446
0.92535967
0.16347802
0.0022299455
0.0034035519
0.00029446767
0.9085566
0.0087372605
0.0043376843
0.48437014
0.81981236
0.0005855896
0.9997334
0.99990904
1.8387906e-05
0.043104615
0.00019269288
0.006668473
0.4839765
0.020390987
0.008926743
0.015883321
0.05677486
0.058345944
0.012690202
0.0801306
0.008926743
0.00834277
0.7918526
0.11355473
0.0058293203
0.14285906
0.98951405
0.01797742
0.9999865
2.3198625e-05
0.016065195
0.9999581
0.9998424
0.08814448
0.18832624
0.15955552
0.92648226
0.0349626
0.074474126
0.9988413
0.020927526
0.06278079
5.0547158e-05
0.36124372
6.661436e-05
0.047360484
0.999619
0.02271599
0.27162194
0.013224415
0.00023381703
0.00017652147
0.99943745
0.9433733
0.11073458
9.556607e-05
6.65312e-05
0.035394285
0.0023183885
0.0034285055
0.7558333
0.99997395
0.0025523687
0.09615419
0.00016473321
0.0045071645
0.063877925
0.16105042
0.01454375
0.0031565484
0.17891833
0.00013996
0.06990326
0.0012665524
0.9973451
0.28119788
1.8019145e-08
0.00016378828
0.0046243817
0.0015264875
0.0004174224
0.00041660506
0.030875219
0.01565477
0.005132433
2.4832972e-05
0.0010124423
0.25423765
0.07468344
6.4042164e-05
0.44066158
0.017822677
0.0010327297
0.9132128
0.008861223
0.00486915
0.67277783
0.21289356
0.00809733
0.99883413
0.54637533
3.2015374e-05
0.06613849
0.0026225133
0.0036544532
4.702951e-05
0.00013225166
0.059233952
1.4921196e-05
3.0480973e-05
0.5223192
0.019726936
0.00019031332
0.048580423
0.004124842
0.9999963
0.0023248652
0.00028333906
0.00053254596
0.0047579403
0.15380831
0.04683193
0.99742764
0.04967873
0.022529379
0.036596566
0.99580675
0.0063317954
0.001967781
0.87561476
0.84774506
0.0001456723
0.9224946
0.19958505
9.171089e-05
5.296708e-05
0.020390987
7.746368e-05
0.002894242
0.00079893204
0.99997735
0.00063820987
1.9972038e-05
0.28464195
0.00980902
0.40397185
