0.99999994
0.0876321
0.32311702
0.9841609
0.013777925
0.0035688113
0.24904068
0.009588138
0.5234598
0.000639224
0.9995343
0.2658183
0.34182298
0.32199338
0.0022485564
0.0006209006
0.838712
1.0
0.41345558
0.99999094
0.0069711753
0.025589088
0.2292479
0.06831767
0.9999999
0.91239923
0.96625584
0.37971073
0.7180366
0.004955201
0.009706423
0.027765177
0.9999799
0.010769561
0.0023321074
0.0037868856
0.0030776248
7.345427e-05
0.21820755
0.99994355
0.02045742
0.13453203
0.99960023
0.0022266496
0.999378
0.9610995
0.025290245
0.009709045
0.28293258
0.24508952
0.0003544139
0.19009478
0.0005618551
0.8623186
0.99424434
0.004974489
0.9998533
0.2375559
0.0030776248
0.046687912
0.0028811742
0.0010783293
0.007886595
0.6535445
0.061395213
0.9989663
0.04445306
0.4247808
0.13226138
0.98694944
0.96493155
0.18103737
0.9364333
0.9618118
0.018481709
0.0012929658
0.017398687
0.99892175
0.25750297
0.006149182
0.99996513
1.0
0.99999994
0.22896665
0.022406224
0.8833334
0.08646126
0.015497847
0.009668656
0.004704198
0.0034211688
0.9997441
1.0
0.9999902
0.95263505
0.060019605
0.00096421683
0.027765177
0.83120334
0.9985855
0.001074918
0.0027972695
0.96998274
0.0007201294
0.018677313
0.1639506
0.43766093
0.9126228
0.3391917
0.008512373
0.8295958
0.99999094
0.01150599
0.19590439
0.8965051
0.98504955
0.046687912
0.99978876
0.29948774
0.018554559
0.8965051
0.21871121
0.28194913
0.37063578
0.07706306
0.009668656
0.24622625
0.0014620117
0.99794996
0.99801546
0.013967408
0.0001976268
0.021357214
0.0039704684
0.021839932
0.948704
0.9980566
0.000110548855
0.053519197
0.0067308396
0.12372342
0.013821324
0.9998771
0.0093662245
0.70808184
0.9996445
0.000276762
0.99560374
0.00014609545
0.27277312
0.012721942
0.42242056
0.016454304
0.8477132
0.044746432
0.19543456
0.06796897
0.0012099434
0.000135588
0.9680463
0.3737868
0.034708463
0.07522273
0.039094087
0.99999946
0.0035227304
0.96723217
0.0005823353
0.9991636
0.04950466
0.16705103
0.59956294
0.32656285
0.016738353
0.19361638
0.99999964
0.94486123
0.99916625
0.0015408883
0.0019693137
0.94817877
0.45886457
0.99608475
0.36673254
0.0970557
0.66174835
0.9987166
0.00014414931
0.9998179
0.06980251
0.9981497
0.8662877
0.3356251
0.36673254
0.36680663
0.04950466
0.742195
0.05485664
0.008939053
0.39789808
0.997656
0.9796361
0.9924024
0.997656
0.44240728
0.5807233
0.016757952
0.95657575
0.012522625
0.3737868
0.6211837
0.0024586036
0.89842236
0.03407232
0.047019854
0.9232526
0.19625759
0.0012660018
0.4643689
0.013777925
0.0004480129
0.5878935
0.9941293
0.05220051
0.21463789
0.11699095
0.110498704
0.31441173
0.8224208
0.37915677
0.95657575
0.6714369
0.01079665
0.013940155
0.99999994
1.0
0.8024756
0.005440952
0.9985855
0.99998504
0.99999994
0.99996364
0.15226915
6.438729e-05
0.005747731
0.94419473
0.009668656
0.012735412
0.31242248
0.19361638
0.99999917
0.002499463
0.0011430428
0.75743717
0.8329875
1.0
0.18103737
0.98777074
0.9667374
0.010728997
0.99978864
0.22128363
0.99999994
7.345427e-05
0.0023321074
0.6338173
0.06249114
0.0005141721
0.5196499
0.3890408
0.14070183
0.0021152345
0.9996304
0.005120648
0.99990267
0.8518265
0.003402116
0.008138993
0.3380095
0.013125791
0.01432123
0.99998355
0.001074918
0.9618118
0.99961466
0.01665056
0.015814012
0.016516043
0.9999965
0.07552741
0.23522301
0.00013666626
0.19590434
0.5154593
0.013693741
0.47982138
0.00012430368
0.2749562
0.99999654
0.0007693637
