0.989774
0.008392603
0.6068257
5.0013587e-05
2.9661398e-05
0.9986527
2.822692e-07
0.0015189492
0.00010686239
3.216165e-05
0.9969987
4.8584604e-07
0.8701777
0.06740819
0.1381749
2.0881449e-05
1.1150038e-05
7.800444e-06
0.0005927176
0.020419573
0.15487418
0.00016264178
4.4633332e-05
0.00062007084
0.0039177495
0.38259482
0.045860182
0.0019175246
1.485985e-05
0.0001281573
3.608659e-05
7.224236e-05
0.9797537
3.9919e-05
0.0037569625
0.018134363
0.0018613774
1.1560408e-06
0.3821807
1.122333e-06
0.00038542302
0.00074901944
2.0442235e-06
1.16269075e-05
6.420617e-05
0.0003203352
0.018200323
0.001257879
0.67058736
9.092188e-05
0.99998325
3.846145e-06
0.9112163
0.5611626
5.73838e-06
3.9483304e-05
4.654591e-06
0.009395106
2.223104e-05
0.00078068324
8.3095465e-06
1.5108916e-06
1.4863337e-05
0.95225805
0.00014403129
0.00012686629
2.2672913e-05
0.002123851
2.802601e-06
0.0012032442
0.00020215855
0.0007542303
0.9797537
0.0069546704
0.00028332337
3.1587324e-06
1.0460164e-05
0.0013624091
0.06205531
0.00040816763
2.6904669e-05
9.3709505e-06
0.31120968
0.0014763682
0.00154981
3.1593372e-05
0.0015194323
0.061156433
0.99995387
0.0041446
9.485229e-05
0.82215184
0.06330948
6.9514084e-05
0.00074901944
0.99984413
6.7186105e-05
7.755519e-05
0.560949
7.287873e-05
0.0015194323
0.16920465
2.7263454e-06
7.150713e-05
2.9519927e-07
0.9997475
0.0013465598
0.0041446
2.0442235e-06
0.00107159
3.048638e-05
0.00017960467
0.00012711223
0.00014378717
8.838067e-05
0.008179976
2.8477946e-06
8.87568e-08
4.2604053e-05
5.35025e-05
0.000102518694
0.00028811872
0.0013782949
6.408704e-07
0.0005718444
0.007051982
3.9483304e-05
0.12746528
0.005827889
3.2470256e-05
9.1078684e-05
0.0024303717
0.9940278
0.0015655332
3.4660354e-07
0.00010731456
9.5832265e-06
6.7221226e-05
0.016292708
0.00016760302
0.00033697032
4.655696e-07
0.0008521191
0.00011006784
4.3880253e-05
0.0005927176
2.6069089e-05
7.774828e-07
0.0015189492
6.119054e-06
0.00026613512
0.0030786886
0.00016056372
0.10086993
8.1094595e-06
0.71681887
2.0881449e-05
5.1262106e-07
0.0046055284
0.00010731456
3.8643302e-05
0.00067718903
0.0067940527
1.4858504e-05
0.000475316
0.00011869535
0.0058560898
0.87661004
0.00046893404
0.9370124
4.2207306e-05
0.00085061265
2.8738452e-05
9.536311e-06
0.0011945309
8.87568e-08
0.00012219067
0.002241318
0.75225765
0.0031920539
0.0013097528
9.50853e-05
0.99878985
0.0022722215
3.96446e-05
0.99992937
0.070276335
0.0019912214
3.4703517e-05
0.0039177514
1.3027335e-06
0.29645535
4.2207306e-05
0.0003141662
7.1861294e-05
0.023011418
0.0015194323
0.8720349
2.8360153e-05
0.4343078
3.3177278e-06
0.9995114
0.008136087
0.99985296
1.861335e-05
0.99997747
8.838067e-05
0.0038842957
0.00058175775
0.0015040482
0.0011722953
6.583381e-05
4.4917833e-06
0.0005872608
0.0019721573
0.0014956902
4.441422e-06
5.3502345e-06
0.0005505812
0.83635867
0.0013394795
3.3311546e-05
1.0638939e-05
0.00026613538
2.4060955e-06
0.009817607
0.9992397
1.0147627e-05
0.0001388118
0.00027054388
8.838067e-05
0.00015244282
2.7592969e-05
0.99878985
2.6155976e-06
2.6662403e-05
0.00018230472
0.06330948
3.048638e-05
0.8139716
0.00016113136
2.5264353e-07
0.96322304
0.00024716923
0.00017682201
0.03820087
0.9998534
9.537484e-06
6.1568045e-08
0.00013887374
0.62660927
0.00067935005
2.8360153e-05
2.802601e-06
0.9142657
0.0008309626
7.1499915e-07
0.0020402982
0.8534134
5.539095e-06
5.9599523e-07
2.67546e-06
0.02670417
6.815366e-05
2.3948574e-05
0.0023030424
0.00017682201
0.0008745268
0.9245504
0.003922952
7.062021e-05
0.00026359645
0.00283375
0.0024303717
0.0011921847
5.087681e-07
0.012742441
0.00036785615
1.9513805e-05
0.0013465598
1.6355933e-05
0.0013561563
0.0007736765
0.0027774095
0.0031970888
0.0005459746
0.0027672418
0.0031586888
0.0008398399
0.95979005
1.8328113e-06
0.0013465598
3.5279081e-06
2.2380711e-05
1.0147627e-05
0.0014763682
8.923957e-08
0.0010288155
0.00024021558
0.7583529
