1.0
0.0028145073
0.03095308
0.00026345925
1.0
2.063558e-05
0.024613453
0.00058376597
0.006342608
0.013928453
5.197246e-06
0.9999918
0.99921274
0.00058535946
2.6384248e-05
0.00037465038
0.00012989748
0.9548057
0.0029821738
1.9691604e-05
0.06504462
4.9854707e-06
0.002796328
6.1507654e-07
0.50453174
0.06273258
0.004655393
0.00075094594
3.85515e-05
0.8687737
0.000113532136
3.3651944e-05
0.019741511
0.0023824468
0.18642133
0.000113152346
6.071558e-05
0.9042158
0.00054372486
0.00058535946
0.0036236993
2.1887932e-05
0.42648166
0.036039986
0.0025526492
0.00088485336
0.16340138
0.005430916
6.8932823e-06
3.7417385e-06
0.024603324
0.048134126
0.00017781617
0.0024202059
0.9844363
0.022508204
0.24310441
0.004414862
0.004215526
0.00030638123
2.3410026e-07
0.65446645
0.3634878
0.106535725
0.00023776604
0.015760874
0.0007271341
0.003961265
0.21972415
8.498753e-05
4.8546797e-05
1.6078684e-05
1.3947228e-05
1.3337972e-09
0.00043483375
0.0015384137
0.0019559555
0.00066627574
0.69365805
0.52686757
0.000113532136
0.005938862
0.0007717873
0.011457661
0.0028307873
9.63616e-06
0.0007314898
0.055102505
0.9844363
1.3877784e-05
0.9997823
5.3300533e-05
0.00022659118
2.1942815e-05
0.0018883124
9.870388e-05
0.0023987016
0.00070348993
0.020618614
0.13832748
9.893871e-05
4.9679988e-05
0.0010274852
0.0009741868
6.431023e-06
0.7116022
8.381497e-05
0.0007717873
0.63591385
7.518756e-06
0.9997584
0.0020123655
0.0026129147
0.00013225696
0.8782462
0.15645681
0.5564317
0.99989027
0.999997
5.6376552e-06
9.130056e-06
0.9905429
4.5901626e-05
0.0016014948
0.00020282464
2.0642567e-06
0.045372013
0.030449035
0.0075709224
0.0015497378
1.9277873e-06
0.018501857
4.7407534e-06
1.5269037e-05
0.12514515
0.46241784
0.00095678284
0.001055754
0.08185789
3.1042111e-06
0.88163227
0.049865928
0.1577114
2.240024e-06
3.1869648e-05
0.0025526492
0.9999998
0.0010705817
0.0007314898
0.008402947
0.00024873117
0.001353236
0.008402947
0.00015034876
0.99999166
0.9956312
0.0007061932
0.0033821
2.7075937e-05
0.9956312
0.00013225696
1.2173594e-07
0.0040881555
7.074539e-06
0.0037653656
3.8694925e-05
0.0003600686
0.00020316684
0.99981767
0.99739754
3.289105e-05
0.86711615
4.5703692e-07
0.6391666
0.0010024097
0.0002275776
3.85515e-05
0.04628083
4.3365082e-05
0.003961429
0.047845192
0.032829158
0.026862012
0.9964105
1.0405641e-05
3.2955508e-05
0.9994353
0.0005360822
0.0006544405
6.6312737e-06
0.015968006
0.9410889
0.99991727
0.001207122
1.2888536e-06
4.2640158e-07
0.00048013998
0.00044587947
3.7914986e-05
0.00028681554
0.47182798
0.995269
6.8148706e-06
0.85506487
0.00025981237
0.18449965
3.2930533e-05
0.06504462
0.0010705817
0.0021926914
0.0009910233
0.018501857
0.98588145
0.7949509
0.17389256
6.194065e-06
0.9981626
0.9999964
0.00016948233
0.051205356
6.915249e-05
9.530856e-06
1.4783825e-06
0.2330333
0.00079118315
3.2879885e-05
5.1855153e-05
0.0038546
0.0017348636
0.99991727
2.8894294e-05
1.9691604e-05
0.9999935
0.99842256
0.00026345925
0.019628009
0.0033821
0.003247198
0.9847571
0.031415552
0.011246342
0.00020316684
0.003148364
0.9935845
0.016058067
0.0018567886
0.30172172
0.00021682998
0.0003420822
0.99999946
0.0057837386
0.00011127236
0.01948057
0.041712634
0.00039110333
4.2332707e-05
0.00017776937
0.0001765585
0.119846225
0.9993221
9.214358e-05
0.03095308
0.1228806
0.0029542937
8.251006e-05
4.336955e-05
0.9555269
0.41082266
0.00019963489
0.03933497
0.00058376597
0.0009272953
8.842602e-05
0.00014219899
3.863586e-05
2.1393902e-05
0.00281165
1.694971e-05
0.16817608
0.00584008
0.0018567886
0.000735908
1.7900164e-06
3.3759818e-05
0.9959568
0.00018591156
0.000106962194
3.9372495e-07
0.17982374
0.007275103
7.141112e-07
0.69365805
0.0014113266
0.0017592727
0.9925551
0.0026806006
0.0071698385
0.0043744626
0.040081285
0.9994095
