1.0
1.0
1.0
1.0
1.0
1.0
0.9993036
2.9952237e-06
0.98759085
1.4254122e-06
0.9928924
0.028950682
0.010485311
0.0016166631
0.009997199
7.875124e-06
4.754218e-06
0.0025829354
0.016746046
4.2141114e-06
6.9255277e-09
6.5396266e-06
0.07474548
0.94082344
1.0845068e-05
0.00307437
1.5595334e-06
0.012095576
0.00012627454
9.104998e-06
0.0016561553
2.5714687e-06
2.849489e-05
0.007008543
0.0012977923
5.2357413e-05
2.1972764e-06
0.000104120954
0.0016201008
0.03102656
0.9997688
2.5243853e-05
0.6099526
0.0070761535
0.00036988093
4.5532186e-05
0.012205575
0.7325447
0.91257656
0.980298
0.0013176133
0.0034147825
3.7074355e-05
0.0006781553
2.208371e-08
1.0340344e-06
0.8267492
2.0204075e-06
0.0077885133
0.0017246528
0.9999978
0.0021963532
0.00030791564
1.4220492e-05
1.067174e-05
0.99253106
0.002374956
5.7719644e-05
0.00016074955
0.00039834657
0.023345038
0.049359784
0.008485139
0.4363514
5.8532273e-06
3.859406e-07
2.380521e-06
0.0009673357
0.28452298
0.9999974
0.00019483228
2.608565e-05
0.0020716016
0.0022092024
0.00030279093
5.6999157e-05
0.7220683
0.00024710022
5.385136e-06
0.0010136284
2.9787927e-06
0.85767114
4.8486336e-06
0.00024710022
4.8393013e-05
0.004466785
0.0012198944
0.0002656375
2.892859e-07
0.00017159755
0.044206828
0.008737287
2.5558984e-08
1.3502265e-06
4.7466838e-06
9.583729e-06
0.97171545
0.06736766
0.84396863
1.4417784e-05
4.703035e-07
0.007099705
0.001125378
0.99417895
0.002286033
8.3092455e-06
3.3566303e-05
3.617493e-05
4.1920775e-05
1.1997294e-06
2.3364188e-05
6.064109e-06
0.0013996477
1.1191147e-05
0.00036262756
0.00028913358
3.3446534e-07
0.00013058775
0.999734
0.007032503
0.99959815
0.45483556
0.006138502
0.99734944
0.9558519
3.7871552e-05
0.9655546
3.3446534e-07
0.0003083463
1.7371887e-07
0.02831351
5.63119e-07
0.00025076492
5.3463074e-05
3.8976505e-05
0.004811248
0.35793415
0.9760615
0.0019565625
2.0468883e-06
0.0011955344
0.001063523
0.0005040164
2.072492e-05
0.00019603831
0.005704422
0.0010329452
6.490606e-05
0.004191453
2.3364188e-05
0.00028442222
0.004249737
0.00040717528
0.0022483317
3.8097273e-06
0.9999774
1.451967e-05
6.236869e-07
0.002679163
0.4314371
0.00403401
0.00034863316
2.7953674e-06
0.0001913222
0.02619472
0.00013168111
0.8238276
0.997316
1.3502265e-06
0.00011260039
0.013808943
0.016566154
0.014366507
0.04161216
0.06249159
0.002967739
0.0599666
0.00023438934
0.0044561913
4.0788447e-05
0.0009434269
0.6266362
0.6859932
0.0022225354
6.69052e-07
0.00027552253
0.026809964
0.99954283
2.2184943e-06
0.0013614491
0.38344812
1.3269678e-06
1.7877494e-07
0.34125927
8.9491055e-05
1.0647642e-06
0.0004179703
0.000117539304
0.035639524
0.65071094
2.7953674e-06
9.793228e-06
0.002580888
2.2459071e-05
0.00010316447
0.00022052118
0.010085629
0.99996436
0.0029377185
0.00087395206
0.0001369645
0.0013442182
1.7844695e-05
0.9944176
2.001059e-06
0.96648866
1.0845068e-05
8.038865e-06
0.0002813106
0.0057620765
0.00015820314
0.0074291215
0.0006217177
0.12283278
1.9534713e-05
0.00087144243
0.026809964
0.00080396875
0.0056851897
0.002580888
0.99996704
0.0018221204
6.236869e-07
2.0775124e-06
5.2357413e-05
0.99388486
1.9169086e-06
0.980298
0.20684561
6.580272e-06
0.12172151
0.99440974
0.9519697
0.9999789
1.7348677e-05
7.4372147e-06
0.00034234487
0.00036262756
0.017393054
0.0016201008
0.05962313
0.0003724379
2.0337463e-06
1.0449468e-06
1.9065511e-06
0.00039705166
0.0004179703
6.126374e-05
0.027793845
6.234153e-05
2.8003644e-10
0.0014162362
2.3414173e-05
0.0034147825
0.054852277
0.0015362684
0.9971938
1.5503513e-06
0.00078343245
0.0028543589
7.002449e-06
0.0013519658
0.9148202
0.012901112
2.2177983e-06
0.0038734016
0.9999999
0.9948646
4.7700843e-05
0.10706061
2.7438084e-06
0.004014146
0.00031518948
0.0012818872
0.18495013
0.3886732
0.53832257
0.007099705
0.0009295116
0.99846053
