0.9761555
7.8119745e-05
0.99997085
0.17603491
0.006443977
0.9874256
7.1351074e-05
0.71476096
1.2071609e-05
0.0012671388
0.013787711
0.0002556591
0.9978546
0.005632649
0.012342377
0.0006358545
0.00028244578
5.5681503e-05
0.00011292275
0.019590959
0.09868514
0.000804841
0.043812573
0.99439496
0.0019769017
6.297148e-05
0.24460548
8.205942e-06
0.00095229474
3.394635e-05
0.007281246
0.0017617908
0.021236854
0.99994856
0.99999875
0.0038532454
0.35908458
0.02190656
2.4154659e-05
0.4620528
0.9999864
0.008748651
0.0017166669
0.0067849364
0.99512255
0.004003705
1.2850194e-06
0.00048189494
0.0068530175
0.98478466
0.0038393291
0.043812573
0.55136245
0.0015911979
0.0007370411
0.00050220144
0.0021329029
2.2159751e-05
3.7168767e-05
0.475678
0.0063074334
0.0014086731
0.04088275
4.5730052e-05
0.00025773843
0.0003532631
0.005763448
0.03021794
2.031089e-06
0.0007421747
0.026289418
0.0050136396
0.076093964
4.5439465e-06
0.16511478
0.078231044
0.9836542
0.10174355
9.063483e-06
0.04088275
0.00048899173
0.0003532631
6.6285866e-05
0.0011105738
0.077746354
0.00031688344
5.157347e-06
0.0038058101
0.0004050964
0.9999916
0.00024342495
0.81537026
0.6089056
0.8775154
0.00032284315
0.023746096
0.020061798
0.00023554197
0.89597327
0.001120164
0.0014086731
0.00019038192
0.00010835228
0.00015400788
0.13804954
0.10174355
6.6583306e-07
0.045075137
0.055386543
0.3650945
0.9990747
9.601448e-05
0.00019038192
0.52501994
0.7970086
0.0026491887
0.97343826
0.8830684
0.9996191
1.2127803e-06
0.011677635
0.99191195
0.005694532
0.99999756
0.00057366636
0.9999744
0.0048428834
0.06176289
0.023309128
0.00083485316
0.0017465466
0.0005373775
0.0055431784
0.99702746
0.005401943
0.019369239
0.0017809235
0.0053695086
0.2197864
0.00271342
0.00013806556
0.008632434
0.99999714
0.17551133
0.0018729746
2.5827154e-05
0.15744463
0.9990733
0.65247303
0.021155205
0.0007370411
0.00034186672
0.00028244578
0.08829881
1.0849453e-05
0.00044119908
1.6309656e-05
8.2143444e-05
0.104310475
0.99987614
0.00010667261
0.0001202918
0.99992347
0.087543875
0.00034186672
0.99461734
0.99991506
7.928708e-05
0.0040713344
0.00042926514
0.0032223864
0.005143899
0.6969545
0.0026364918
0.9836304
0.0027381005
0.99938786
0.00026203238
0.027460374
0.00050545007
0.5836166
2.5083431e-05
0.89971656
0.020061798
0.03961402
0.0029252546
0.5297185
0.0041082394
0.0014092226
0.06694001
0.00044560796
0.00064420665
0.0010849413
0.001852257
0.077746354
0.00010015527
0.006539677
0.017589536
0.0001387275
6.0846574e-05
2.353344e-06
0.00088727806
0.032705884
0.010358229
0.9990449
0.00045721306
0.0024336318
0.0033501908
0.25467575
0.031242244
0.00073861016
0.017090676
0.00083485316
0.0041390047
0.10638032
2.4325886e-05
1.7046144e-05
0.99980384
4.275317e-06
0.97375613
3.916237e-07
1.2127803e-06
0.009153655
2.4791516e-05
0.24460548
0.5836166
0.049878333
0.15954927
0.0010234358
0.00789467
0.020957772
0.99363166
0.3453502
0.00057366636
1.9564655e-05
0.00068471144
2.4791516e-05
0.00040000337
0.9606172
1.9605784e-05
0.31390068
0.0026364918
0.0015408744
0.0001952805
0.043561246
0.014205789
0.14226648
6.357219e-05
3.4834222e-05
0.48535782
0.010794929
0.99537843
0.99458724
0.33362073
0.02781352
0.0004899664
0.0053695086
0.06020562
0.49457762
0.0007233308
5.8238226e-07
0.031913783
9.351206e-05
0.14226648
0.422582
0.21098174
0.9997615
0.00010783115
0.0063074334
0.0010449064
0.0062603373
0.022197362
0.00013565524
0.9187142
0.08263135
0.0017166669
0.0007088133
0.00019047379
0.5396441
0.00024331055
0.00072360795
0.00011289131
0.3651562
0.45586833
0.12033652
0.1260278
0.9874256
0.0037974706
0.02155682
0.00050220144
0.0018787223
0.00049036025
0.0017783424
0.00023496908
0.0053411326
0.024862384
0.83438635
0.05396766
0.020616762
0.00037729446
