1.0
0.00015249342
9.498046e-06
0.000845967
0.05596371
0.006962849
0.0008664882
0.6585183
0.99462557
0.05946107
0.37315318
0.2559913
0.00042306306
0.047102313
0.0031879295
0.06548166
0.09409492
0.00018220583
1.1155834e-05
4.4661746e-07
1.9428185e-07
0.009801372
0.7326509
0.0021153751
0.00978261
0.99969715
0.00094518805
2.9734865e-05
0.0043414645
0.0005568797
0.00012275051
0.00028748377
0.0009307438
0.117159136
0.99939996
0.00025818482
0.00011021067
0.034689553
4.193853e-05
0.8605506
0.1634719
0.06168425
0.0015084071
0.2994486
0.00018220583
0.8829656
0.0001569059
0.4629006
0.0105246315
0.00024242877
0.00017775377
0.00094518805
0.5937728
0.015117773
0.99923944
0.055856653
0.00049046753
0.86293554
0.99885625
0.99999976
0.008674768
0.000420876
0.007943591
7.6363546e-07
0.012379074
0.5299924
0.75198555
5.650914e-05
0.0004533458
0.98502684
0.0018192806
1.10533e-06
5.6645156e-05
4.301175e-06
0.13544242
7.255482e-06
0.0030535418
0.11773792
1.3682047e-05
0.064093545
4.8106904e-06
0.062959746
0.0008608637
0.008403484
0.0048552006
1.7093304e-05
0.9976137
0.0002767011
0.00012408684
7.6796285e-05
0.2540061
0.0028129632
0.7949432
2.2166691e-06
0.00022006665
3.3943293e-06
1.0
5.414021e-05
1.6216131e-06
0.95035833
2.4168185e-05
1.4658203e-06
0.005802004
5.4556593e-05
1.6276738e-08
0.000117338626
0.00404395
7.123163e-05
4.5188887e-08
0.9973889
2.8196623e-06
0.013964191
4.5052025e-06
2.6722299e-05
0.99995166
3.3627762e-06
0.0004784384
0.033591162
0.05308647
0.0007773401
0.00902549
0.008674768
0.008646932
0.16659294
0.99993986
0.96189225
5.582527e-06
6.0151495e-05
0.0005626257
2.3952822e-05
0.999991
9.018708e-07
0.9999269
0.0031802368
0.0048024934
0.732907
0.00037771947
9.4839175e-05
5.1353495e-06
0.015516942
1.0351895e-05
0.99885476
0.0009675366
0.9831054
0.608424
0.0006144137
0.0031398183
0.003036517
0.0019555683
0.0022125302
1.2974967e-05
0.88773537
0.99999994
1.9141255e-05
0.0035183092
0.0037587264
2.1945455e-06
0.9717045
0.0047266395
0.0013702413
0.00041772093
0.00010658842
0.7741654
0.00010871638
1.2637557e-05
3.3034583e-05
0.00023879953
0.06789416
2.0866639e-05
0.012824178
0.00010658842
0.4333058
0.0014634493
0.0056056995
0.00087343756
8.363816e-06
0.001892307
1.425797e-05
0.08457888
6.5359354e-06
0.16221279
2.6083113e-05
0.9997776
6.3458606e-07
0.1406117
0.31520897
0.0035392144
0.00021412098
1.9065066e-05
0.99968266
0.003923002
0.99954784
0.010382325
0.999991
0.00072054233
1.9461451e-05
0.06168425
2.0889316e-05
0.0005387664
0.008403484
0.70999944
0.0001168186
0.75807667
0.007883092
2.7541719e-06
0.59019023
0.017526234
0.0008482767
0.0024938486
0.00011686785
6.5217887e-06
0.13037977
4.0822768e-05
0.0003071926
0.0013384337
3.463911e-05
0.016891712
2.9203838e-05
1.4236596e-06
7.739968e-07
0.00042112946
7.8757555e-05
0.8874211
0.0047764643
0.00036326578
2.4145838e-05
0.0013215402
0.79775727
0.52770513
7.9564625e-06
6.5217887e-06
0.83698654
0.52770513
0.005190343
0.00016730158
0.9125895
0.004287296
7.733718e-05
0.0001889219
0.00012794754
6.8944886e-05
8.162503e-05
0.00021709189
0.14808829
0.0005212357
0.009859706
0.002568475
0.0030448013
0.0045276857
0.0024333447
0.00080547476
4.0465673e-07
3.643702e-06
0.00019049032
6.9419686e-05
2.0666972e-05
7.733718e-05
0.000107234155
0.9623482
0.99954075
0.9999868
0.00025555526
4.0822768e-05
0.99570304
0.00095643784
0.0001889219
0.8874211
8.8613015e-06
0.22796896
0.0038077452
1.1082804e-05
7.155447e-05
1.1920566e-05
9.6030955e-05
0.0001282199
0.012512427
0.99999565
0.9512257
0.00018333267
4.831159e-06
0.06789416
4.546988e-05
0.011649655
7.3443065e-05
1.0103781e-07
0.0031165918
0.0045276857
0.47980228
6.9662994e-05
0.0033221564
0.00076531124
0.0021375876
0.5346105
2.1945455e-06
4.2203937e-06
0.012580435
0.00042986605
0.29523984
0.99993986
0.00039647106
