1.0
0.9999983
0.00026062687
8.623807e-05
0.99923146
0.0011481686
0.0071343873
0.22211525
0.027211713
2.942371e-06
0.040488835
0.00038616115
0.11720555
0.00021711382
2.1968988e-05
1.4028761e-05
0.0056963116
0.0005278214
0.9999332
0.00017761282
0.007359093
1.1408834e-05
0.0006325768
0.00066058786
0.003573406
0.07654003
0.9734392
6.0035863e-06
0.6284015
6.635417e-05
5.2901473e-06
1.6742102e-05
0.0035636872
0.9987392
0.29038402
0.9994416
0.0038987242
0.07602324
0.061764516
0.009019802
0.0028647631
1.5287716e-05
0.006109723
0.9895562
0.41674468
0.0978729
0.0015095609
0.0448918
0.38508323
0.9999992
0.008099731
6.6452203e-06
8.325294e-07
4.933714e-07
0.3380538
0.91059715
0.00012765592
0.2741005
0.7590722
0.00045698104
0.29566652
8.3789644e-05
0.9999924
0.00038212814
0.0044231024
0.0009615463
0.7902815
2.8129478e-05
0.0491934
1.0590051e-06
0.0078293085
0.17907636
0.0044107228
5.3141707e-06
0.048957814
0.18958347
0.0032924346
0.99923146
0.00018088213
0.0017173634
0.00049446675
3.491544e-05
0.0044107228
0.9998746
0.9694987
1.4861424e-05
1.3503437e-06
0.0008623563
0.99985725
3.987627e-05
4.1780568e-06
4.5050425e-07
3.1169236e-07
0.00056832074
0.0029270826
1.6083652e-05
0.0010059467
0.28562152
9.383256e-06
0.000845977
0.001730097
5.306202e-08
8.3789644e-05
3.5180685e-05
0.00014744034
0.0026797836
2.6969583e-05
0.00039016287
0.0012817315
0.0060732095
8.623807e-05
0.11271818
0.011380653
7.302029e-05
0.95091856
0.009367614
0.01151598
0.12533358
0.00013722714
0.99165606
0.9911914
0.019776579
0.00018182784
0.0015095609
0.0003484074
8.7096197e-07
0.9990379
0.015586259
0.0002533476
0.0035343694
1.8901923e-06
0.0001371693
0.00571923
0.0032759332
2.7026303e-05
0.005634522
3.1378022e-05
0.00046181318
0.18379325
0.0004904652
0.008117964
4.3555588e-06
0.29566652
0.00022332818
0.13191816
0.017705133
0.0009126533
3.1169236e-07
0.038657155
7.611445e-07
0.0014533588
0.0005146313
0.00013175246
0.21263143
1.6717057e-06
1.7928927e-05
0.9953922
0.00021526814
0.0009932143
0.0006465036
0.002112979
0.005993855
0.026800817
0.73729396
1.7928927e-05
3.5889639e-06
0.25519636
0.00011321235
0.0010766991
0.80693185
0.0015170485
0.68116975
0.00021491949
2.2763409e-06
0.0003606956
0.0050125
0.9927694
0.00073738676
0.010138223
3.8562084e-06
0.11720555
0.00014570341
6.399077e-05
0.9673621
0.9998106
0.0024729914
0.0012914237
1.9413443e-05
0.0021355788
0.00022644408
0.0047093895
0.0006289746
3.8562084e-06
0.9953922
0.98141485
1.804743e-05
2.3917828e-05
0.00022805438
4.346503e-05
0.000184239
2.8126044e-05
6.275205e-06
0.0004967372
7.8634555e-05
6.825413e-07
0.0447964
0.0078293085
2.9101919e-05
0.15690169
0.0036716892
0.0056108558
0.99999386
0.030322373
0.00032489552
0.0009126533
0.0003151165
0.00022183056
3.32261e-06
0.04895778
0.00971076
0.006670934
4.794184e-07
0.9160928
0.01982044
0.0003606956
1.9624302e-05
1.9324705e-05
0.18523996
2.2075212e-05
0.002341012
8.866103e-06
3.612236e-05
0.00026958913
9.8243385e-05
0.36004606
0.00085049437
0.9972149
0.28775853
6.6954103e-06
0.011641111
0.18612981
2.0171537e-06
7.674686e-06
0.17907636
0.9963383
0.00049446675
0.77367175
0.00028784334
0.00036605733
0.96775484
1.2732885e-05
0.8775983
0.9927701
0.02197393
4.9993083e-05
0.00020696167
6.2385025e-06
0.98328567
0.23190409
0.00028729418
0.00055901863
0.99989325
6.1224396e-06
0.6971967
0.0028647643
0.0012029004
0.9999924
0.0013810464
0.99252933
0.9974128
0.0010257552
0.00014753034
0.074670814
8.455594e-05
2.2813168e-07
0.01058137
0.4185062
0.004420248
0.047280442
0.00085049437
0.89547527
0.0065473146
0.00054433726
0.11947449
0.0025610195
0.001780149
0.0007436143
1.5792302e-05
6.034742e-05
0.04442321
6.966333e-05
0.0008321013
0.8694238
9.017542e-05
1.1408834e-05
2.826441e-05
0.034813337
0.00015267034
0.16066656
0.15895836
