0.06454488
0.9963039
0.0007583932
0.9926592
0.0030366224
7.864556e-06
0.023136819
2.6194593e-07
0.07924093
6.463201e-05
0.00022100784
0.0007471688
0.002763314
0.004725944
0.13666537
0.023787502
6.9543385e-05
5.111224e-05
3.2771025e-06
7.60469e-07
0.004114368
0.115620494
0.31507257
0.00039873313
1.8961304e-06
0.0023505364
0.0012116249
1.0320778e-06
0.010920282
2.7583525e-05
8.0126585e-05
2.8631237e-07
0.0009999394
0.00064147904
0.0473695
0.00067325437
4.459711e-06
0.0005102662
0.99999905
3.0093716e-07
0.0075412756
0.9529723
0.0005238358
0.002350096
0.00027632885
4.4075856e-05
0.023834664
0.0015419716
0.052101243
0.0021443306
0.98064524
1.7924216e-06
0.3185365
0.00026095886
0.0024985443
0.9823852
0.00025315443
8.0126585e-05
0.7176511
0.5126815
5.1753188e-05
0.00016825987
0.00034761993
6.810805e-05
1.8749173e-05
0.93757683
0.99972516
0.00044995858
0.04102588
8.204871e-05
0.0012038918
0.00018580841
0.0019752767
6.308979e-07
0.004069809
0.00035474988
0.004763878
0.10843326
1.5677976e-07
0.019410133
7.499363e-06
3.4448833e-06
0.95689404
2.6531727e-05
0.0003693302
5.641614e-06
0.00031304918
0.016846383
3.585778e-07
0.9994697
0.0001430566
8.61295e-05
0.00012843
6.4260144e-06
2.3485145e-06
4.816539e-07
0.17851388
0.019688375
0.0014059143
0.0007028034
0.0017639415
0.018791057
0.022671513
7.96685e-06
4.757828e-08
3.7729882e-05
0.00044218032
0.76508886
0.0011118418
0.00078353024
0.11937298
0.0012860094
0.57011586
2.2064191e-06
1.5096846e-06
0.0010125297
0.9988302
0.0374619
3.2882472e-06
0.20551439
0.00044995858
4.833246e-05
0.003357906
1.5834943e-06
0.99999154
5.5132892e-05
0.10843326
0.013976566
2.1430065e-05
0.13129076
0.0012777598
6.810805e-05
4.431255e-06
0.2395029
0.0011605148
2.9660749e-05
0.9872049
6.7040067e-09
0.0010894218
2.9584007e-06
3.1033026e-06
0.00027988793
2.6531727e-05
0.44678742
0.9999852
0.0001843251
1.4042681e-05
3.4462373e-05
2.126994e-06
0.9939878
2.8631237e-07
0.00033191373
0.020161564
0.00018096613
1.4315698e-06
4.833246e-05
1.6920996e-05
2.9731264e-05
0.015705654
0.5945318
1.2156857e-05
6.283015e-05
0.0005459683
0.58249515
6.06746e-05
0.0014059143
1.4734994e-07
2.2471304e-05
7.782123e-05
0.0008003837
8.7190294e-08
0.99890286
0.9999317
4.813853e-05
0.0032619876
0.0002576893
0.0059642936
0.0020598716
0.9998954
1.0299009e-06
6.6301084e-07
5.015716e-05
0.0064135343
0.0006892311
0.5558776
0.07426141
0.0048313267
0.46693638
4.895834e-05
1.5371836e-05
0.82706386
0.006291011
2.798413e-08
6.778482e-06
1.12154e-05
0.00031403892
4.095121e-06
0.0024102516
0.00067325437
1.8982242e-07
0.012533762
0.0004030356
1.4298124e-06
0.008589033
0.0001110216
0.48721063
0.12412446
0.99999154
0.6021915
1.7499272e-07
1.0539428e-05
0.016736086
0.3504983
2.371977e-07
0.05404173
0.98041654
1.0103064e-06
0.7283608
0.00018111597
7.305978e-05
1.5211697e-06
0.68622446
5.0682836e-05
3.0970914e-05
0.034495983
0.00049172866
0.27530625
0.00011378011
0.11293587
0.00024424773
8.594602e-06
0.0008998077
0.0060571805
0.006874177
0.91799396
8.7205905e-07
0.0001733923
0.6189998
2.114846e-06
0.0006631517
4.1022557e-07
6.810805e-05
0.00038435674
0.0012425772
6.6301084e-07
0.5553224
0.38710457
0.0019120023
0.9995119
4.9953433e-05
1.8421568e-05
4.095121e-06
5.6110616e-06
0.0002980701
0.0022130737
6.861295e-07
4.585694e-07
0.006874177
0.0048313267
0.9915013
0.83574045
0.9789922
2.6861876e-06
3.7965063e-05
0.0012563332
0.76570946
0.0014029425
0.7835408
1.6920996e-05
4.417011e-05
0.0015019594
0.031657554
0.0003828459
0.0028796291
0.0031847113
0.0015272959
0.0006564786
0.0012090781
4.095121e-06
0.00023354677
0.0006616685
0.0006564786
2.0820484e-05
0.0012860094
0.0005695916
0.9544596
0.0002485121
0.99997824
0.029127097
0.9999838
0.0055837044
0.00027988793
0.7216896
2.807936e-05
0.05648429
0.30358794
0.839462
0.99997824
0.0012116249
0.00027988793
