0.99994755
0.99994755
0.9976947
0.00027998694
8.967362e-06
0.9943716
0.00043054065
0.013418618
0.004025379
0.0010211684
0.4084475
2.7303733e-07
0.97226447
3.8630627e-05
0.0008567982
0.20130885
0.012475387
6.0299037e-05
0.005182596
7.7478276e-08
0.002715719
0.99901325
0.6840578
9.157648e-06
0.0026369758
0.00012231983
0.0002287517
2.9087855e-07
0.06162519
2.7138083e-07
0.00011237674
0.0016312537
0.006253426
0.049404945
0.9948906
2.0993673e-08
7.5941825e-05
1.3133519e-05
0.00015320611
2.0993673e-08
0.00071814575
0.002079073
8.340739e-05
0.00021774342
6.6235507e-06
0.99999994
0.19329408
0.97055894
0.00016617024
0.0016261287
8.930178e-06
0.00039135045
0.9318537
0.0032783833
0.17963266
1.5670588e-05
0.0032783833
2.4688225e-05
0.004575128
0.040857635
5.608911e-06
0.00022919357
0.006934066
0.0023475818
2.5003762e-06
0.39323577
3.0479549e-05
0.0004197209
4.7742615e-05
0.047589276
0.00021882047
1.0579926e-06
0.0039984644
0.00047599836
0.7238516
0.0043265284
0.0007966506
2.6878306e-05
3.231956e-06
0.9941523
0.97638625
0.006934066
0.00032815977
0.00046290288
5.445524e-05
0.002030499
2.2813307e-05
0.00079232804
0.26613018
0.010144417
0.803876
0.025886724
0.002439355
0.0011048407
0.14684756
0.33977187
0.00023644965
0.00014830058
0.0011281354
0.34185183
2.4368213e-05
0.86880803
6.0761386e-06
8.667628e-06
8.9658903e-07
0.00029990528
0.0018101094
9.738688e-06
0.33977187
4.8151065e-05
0.0019710483
0.0017990567
1.5409409e-05
0.009905712
3.1384282e-06
0.711601
0.7259157
0.0010059645
0.20130885
2.6388585e-07
0.15175186
7.029534e-07
1.0787611e-05
0.033419084
0.00016086454
0.0007486705
0.004831771
0.0016661047
0.0016385667
0.9996439
0.000160221
0.99907255
8.307963e-05
2.5187996e-06
0.00011925807
0.0025247629
5.271623e-05
0.001090858
0.0005218277
0.07102989
0.0005851787
0.013350926
0.00039477108
0.18973672
0.010267881
0.0001012325
9.409084e-07
0.008593233
0.00059117115
0.12245328
4.948416e-07
0.00024895085
0.05478568
0.0001260622
0.01277218
2.4954259e-06
0.0030663481
0.0038757555
0.9995837
0.0001041865
0.0016661047
8.41783e-05
0.0016288846
0.024058701
0.021215698
0.023914428
0.49703562
0.0002944991
0.7963627
0.9762567
0.0037603497
2.0283507e-05
0.092699565
1.6865036e-07
0.013221715
0.0043265284
0.004831771
0.650045
1.5182294e-05
0.99998575
0.15198289
4.919534e-05
0.8055517
4.9095695e-07
0.031180331
0.01291505
0.9308716
0.0026057567
0.0003461188
0.020225255
3.8962507e-06
0.00046180678
5.8371843e-06
0.019904401
0.0026870663
0.0071509094
0.0004116879
0.5465826
3.8144206e-06
0.0023475818
0.0012457418
0.99887383
0.0033656657
0.0828852
0.004767223
0.9998674
1.3876382e-05
0.005216383
0.30737418
0.0001620109
0.007322664
6.065885e-06
0.0026369758
0.0044003655
0.8925042
0.0013915428
0.6991289
0.002069103
0.059297513
2.2156757e-06
0.0001339498
0.00072287355
6.546915e-06
0.0009868776
0.99999917
0.034598507
0.00012053626
0.00082053395
0.41902387
0.9999992
0.00347351
0.08532191
7.305957e-05
2.7599917e-05
0.013176773
0.00312466
0.0005797388
0.266566
0.01451648
0.9999948
0.00027198368
3.1171843e-05
0.8735413
0.00016537169
0.0016261287
0.00019508955
0.018442782
0.0009548377
0.16280304
0.9273239
2.4928118e-05
0.00017770329
0.018442782
3.287443e-05
0.03324101
0.9981489
0.7626899
0.8495624
0.9354127
0.0026870663
0.015799977
0.00016792168
0.020225255
0.9496506
0.10074247
0.0009793666
0.19594151
0.984618
4.76354e-06
0.022905538
1.3876382e-05
0.9791815
0.01277218
0.00046646706
3.445455e-05
2.3814112e-06
0.00023162435
3.287443e-05
0.002593857
0.005832142
0.93077654
0.00019182543
0.002155169
0.0012187678
0.99965805
0.1258663
0.001725639
0.025569722
0.00012842497
0.00039618072
0.00011814193
0.00092674897
0.0009075086
0.6969925
0.003990449
1.2823805e-05
9.83842e-05
0.0032142347
0.000835667
0.00065418176
