0.99999183
0.9999979
0.0105234645
0.6712654
0.001071592
0.10896912
0.00013384562
2.101173e-05
0.0004585856
0.35321388
0.0025347834
0.9998868
0.02854394
0.033517882
0.9876251
0.034571636
0.9686262
2.4581954e-07
0.026398163
0.0015572343
0.0034332534
0.0001047048
1.34388265e-05
2.5316613e-05
0.0010973273
2.1014617e-05
0.0013157355
0.000107623026
0.38156363
1.5772456e-06
0.03132249
0.0007894337
0.0066880407
0.31632987
0.00012077165
0.013670189
0.9782491
0.012551904
0.36208525
0.009969813
0.4499477
0.060376856
1.4999323e-05
0.0044862353
0.9182278
0.013766396
0.99986726
0.9188272
0.010474966
0.040122986
0.14074737
0.034571636
0.00043982154
5.8344096e-05
2.1329792e-05
3.3567492e-06
0.001258061
0.22836982
0.9881749
0.91652733
7.468054e-05
0.004651735
0.9999989
3.1673535e-06
0.0010449621
0.04912981
0.065832056
0.23545083
0.9999857
0.30205247
0.0002919479
0.5121093
2.1329792e-05
1.5700135e-06
0.0058468385
0.039857857
0.015606552
0.00015479406
0.00012577644
0.4609326
0.002406589
0.004549782
0.0004336695
0.00026132882
0.077930294
1.9431407e-05
5.693218e-05
0.22477697
4.888873e-05
0.010906191
8.5703905e-06
4.6630932e-05
1.1389585e-06
0.44911537
0.9873965
0.31632987
0.009351635
0.9994924
0.14512125
1.1921971e-06
0.009846941
5.998424e-06
0.84377754
0.0022494625
0.059177905
0.19491205
0.0042050323
0.001081911
0.0013647259
1.1882532e-05
0.654293
0.0037978748
0.011108914
0.15256499
0.0008877914
1.654057e-05
1.4998979e-05
0.007479976
0.020850556
0.9502691
0.9999955
0.049456064
0.93140775
0.00026634504
0.003990004
0.34192458
0.029831221
0.00032221465
0.0019652094
0.04460426
0.038929444
0.7581829
0.68658775
0.00070857763
0.005104829
0.9999508
0.0006864622
0.027670737
1.2101889e-05
0.0017918863
8.756259e-05
6.311288e-05
0.0015907806
0.0017918863
0.879491
6.5943896e-05
0.007966757
0.00018299786
0.016222456
0.9686262
2.4484847e-05
1.4560451e-05
0.001297009
0.0003076272
1.441993e-06
0.0004778746
0.9327347
0.00021596362
0.001297009
0.0074843173
0.11876984
0.0045698215
0.023442246
0.0081380075
0.00011141974
0.9859246
0.04707856
7.237751e-05
0.0021295778
0.00015479406
0.20984645
0.0009353867
0.002022085
0.011884431
0.0052411854
0.5350066
0.99999976
0.09265081
8.98049e-06
0.006059087
0.22388026
0.38024262
0.92557096
6.025271e-05
0.0018283546
0.034463607
0.9999882
0.00022297351
0.9456138
0.0006864622
0.00018293854
0.0021521603
0.6315837
1.8276536e-06
0.9292415
0.0093234135
0.0002789132
0.0013647259
0.28995553
0.52502114
1.276228e-05
0.00028501506
0.87292635
0.007039402
0.0007790691
0.000633387
0.0065499516
0.0023198694
0.97012365
0.0007935117
0.004179635
0.000456988
2.101173e-05
0.016222456
0.003111414
0.0005496673
0.010372467
0.015400775
0.9999959
0.27885827
0.040777866
0.0021295778
0.9998256
0.1454786
0.01743889
0.22743317
0.34372738
3.6145468e-06
0.111664735
0.999964
0.00073815376
0.026449844
0.00067627773
3.6615195e-06
0.9999998
0.6727988
0.007641436
0.17645544
0.23545083
0.0065499516
0.8891864
2.8806528e-05
1.9245346e-05
6.881328e-07
0.0007485977
0.0007562368
0.01586137
0.26198235
0.33067548
2.2844504e-05
0.00033394317
0.00018299786
0.020731539
0.010541518
0.9999275
2.0323801e-05
0.8154055
0.0018822647
0.8891864
0.0019190237
0.004651735
0.0006083626
9.54789e-05
6.2414285e-05
3.7118627e-06
0.9999691
0.20945776
0.010026233
0.00551757
0.0015731166
0.0029577354
0.003346776
0.060533922
0.00013444437
0.009435541
3.1673535e-06
0.0035134878
0.008690031
0.893652
0.014326442
0.0003782789
1.6891636e-05
8.756259e-05
0.00046604598
0.0014499603
0.0018173713
6.765299e-05
0.0011813022
0.01402032
0.00024051282
0.002586729
2.939249e-05
0.0022497496
1.34388265e-05
0.0012406057
0.013670189
0.00019679828
0.002934441
0.0014710642
1.2985972e-05
