2.0932596e-06
1.0463616e-05
0.9995466
3.3188484e-05
1.999861e-06
0.008056555
0.9732199
0.0002899128
1.5450701e-06
0.00036154833
0.00061083183
0.91444963
0.95824385
6.0181388e-05
1.0068333e-05
0.99997455
2.1682577e-07
0.0011670175
7.426962e-07
0.0010735794
0.00013400422
3.6909655e-06
0.99977535
0.001989719
0.00328315
0.00011366364
0.00043721768
0.0021774305
0.012043715
0.0015384408
0.0010065958
0.9999958
0.99999565
0.0002924365
0.0019571623
0.29348734
0.009173384
0.00013192608
3.5105746e-05
0.00034826808
2.3410646e-05
0.0019661468
0.91902155
0.16889505
0.99617904
0.0019661468
0.0036877128
0.9490301
0.02351105
0.008056555
0.0045300378
0.00135719
0.00079986296
0.008430937
0.00088250247
0.012173507
1.8895456e-07
0.13355546
1.2309286e-05
0.0029343267
9.449601e-06
0.022077732
2.5367945e-05
9.734887e-05
5.464996e-06
0.004850443
0.03103775
0.112455055
0.00086428534
2.5367945e-05
0.86114216
0.0067732143
0.85587746
4.618246e-06
4.5469533e-05
0.33191502
0.00020051566
6.389648e-06
0.99999905
0.34906197
0.0002875123
0.00045675412
0.038888093
0.99932593
0.041092526
0.0007364359
3.2955664e-05
1.084994e-05
0.000107346386
0.99999076
5.4489003e-05
0.0017507509
0.24288805
6.630218e-05
0.020047184
3.3804063e-06
1.5816115e-05
0.0043956055
0.51215607
0.00045090017
0.000107346386
0.94333494
0.83893853
2.678651e-06
1.0750225e-06
0.0011629565
0.00061083183
0.025246557
0.001301781
0.13355546
0.001330427
8.7209755e-06
0.0004325259
3.995518e-05
8.4672115e-07
0.026313134
0.00087167416
0.99836105
5.430671e-05
0.9932353
0.00093251787
0.00482046
0.00017983533
0.044062924
0.00018943922
0.010064704
0.99967366
5.601025e-07
0.00010366612
7.003614e-05
0.0023877341
7.633695e-05
0.00028550136
8.4740794e-05
5.7878275e-05
2.8762897e-06
0.009529486
1.2236054e-05
0.0058798976
5.464996e-06
0.00096677593
0.00018918507
0.0013327186
0.00075874163
1.1234815e-07
0.99999565
1.3256118e-06
0.9922598
1.5779822e-05
0.0004770249
0.0005140745
0.009128449
0.0017694833
0.4594894
0.0002951287
0.00014982383
0.0004093399
8.268492e-05
0.981208
0.0052887117
9.734887e-05
0.000915599
0.0026754758
0.001989719
0.0001780177
0.72901446
0.00031418266
0.001989719
0.99856126
9.237616e-06
0.36667296
0.9994417
1.1593713e-05
0.032232508
8.81519e-05
0.0001264554
0.0006893024
5.210074e-06
0.00014711566
1.9810494e-05
0.014970989
0.0045976285
0.00033918844
7.6598226e-05
0.00029877172
0.75796425
0.017053852
1.8375107e-05
6.89559e-07
0.00028859242
0.0014233766
6.7054505e-05
0.013921546
0.9977468
0.0026137587
4.3949704e-08
0.029099876
3.2955664e-05
0.00084274827
0.0046517793
3.9654733e-05
0.014186044
6.234398e-05
0.9984909
0.9812476
0.014458639
0.00014002608
0.87354064
0.007854982
0.9997999
1.8196315e-05
0.022758646
3.7020948e-07
0.0043956055
0.1627684
0.007727457
0.15925612
3.9356087e-07
0.0024276865
0.0024276865
0.041092526
0.0006295674
4.504786e-05
4.892455e-05
0.0022206043
0.19859034
2.4211879e-05
0.24057874
1.3602568e-05
0.00019372287
0.00081810745
9.395757e-06
0.00012212334
6.271795e-06
0.045277297
0.0002316842
0.05170607
0.015013423
7.51515e-06
0.00017646358
0.013083407
0.013710637
0.044062924
0.012944261
0.00058244297
1.892782e-05
0.0054121646
0.9999767
0.00029348503
6.9273397e-06
0.07153151
0.9323146
0.001241723
2.9129962e-05
0.00082648755
1.3379249e-05
0.0017423508
0.0453754
0.97102445
0.0046714214
1.620213e-05
0.0041552787
4.9725936e-06
0.98672426
0.00037515198
0.0018879189
0.0025686778
6.289609e-05
0.34153876
0.030295268
0.00010912903
0.020047184
0.00086428534
2.9995004e-05
0.99999994
0.0019020477
8.307969e-06
0.99983066
4.766919e-05
1.5771493e-06
0.0020574902
6.234398e-05
0.038340412
6.837629e-05
0.0013805729
0.00010366612
7.856448e-05
0.00482046
4.4979093e-05
0.17335483
4.940978e-06
0.0001446541
8.923039e-05
0.05296553
0.0006082768
0.17375606
3.5647856e-06
0.8849344
4.9938412e-06
0.29364878
