0.9861549
0.99655205
0.5026515
7.529469e-06
0.96182966
0.39196166
3.375892e-05
0.0004464698
0.032810435
1.0813011e-05
0.003824647
0.93597823
3.1403888e-05
0.0007270953
0.99999964
0.04414534
0.001089755
0.0029578605
1.9427882e-06
0.00013790242
7.8235156e-05
0.4243911
0.00024922585
0.0069347885
0.00012986429
9.260488e-06
0.0004464698
0.8155457
0.9983756
0.98602754
0.0014152613
0.99642456
4.7778325e-05
0.018321995
0.84099084
0.0072791646
0.00014834202
0.86969954
0.13913116
0.00044245314
0.007292684
9.684186e-05
0.3180027
7.959165e-06
1.7716047e-05
4.4346823e-05
0.88070375
0.14310473
0.006017107
2.4861478e-05
3.6947717e-05
0.0007872941
0.0137654375
0.0051179547
0.0010752323
0.036760587
5.312126e-07
0.06702166
5.4098095e-05
0.97012377
4.490812e-05
0.30869812
8.701055e-06
0.0002855114
0.99767363
0.025954066
0.00069158664
0.00012588658
5.6205223e-05
5.265845e-05
0.0015307167
0.99990296
0.025490567
0.0012617236
1.4952791e-05
0.0008324907
0.8822148
0.0006573761
0.00063304213
9.398768e-06
0.370311
0.9989578
0.02823136
0.096137844
0.99999994
1.3772615e-07
0.022480734
0.9993041
0.00081289356
0.00010602733
0.012945577
0.9004373
0.9999789
7.529469e-06
0.21864086
0.803496
0.00035496926
1.6468059e-05
4.7383208e-05
0.0002210306
0.04600734
0.045219213
0.9875002
9.2778157e-07
0.8155457
3.7211183e-05
0.0009628655
0.00034661146
0.0013107711
0.9993877
0.51346666
8.980959e-05
0.6372423
0.0055302875
0.26517528
0.99462384
0.9884621
0.019668598
0.012378758
0.7516215
1.6725701e-06
0.097895
8.504474e-06
0.9999995
0.021963367
0.000101709724
0.0010760869
0.002272921
0.99947804
0.73625463
0.057631623
0.0027467809
0.046476178
0.0011080686
0.0008426572
0.99197245
0.9903946
0.9999997
0.00041765664
0.33144063
9.370532e-05
0.99682593
4.377739e-05
0.00020999157
0.00822285
0.00025776937
0.0066649616
0.00017729809
0.0050627575
0.005610425
1.08009945e-05
0.00028802207
0.42752695
2.6126656e-05
0.9065628
0.0003109474
0.02045464
8.506356e-06
0.0016960745
0.00012493848
0.39196166
9.3609503e-07
0.041981682
0.95212454
0.02279144
9.608189e-06
0.018027626
0.010039887
0.99991226
0.0013300736
0.017016357
0.022241719
0.006157931
0.011359663
0.09133385
0.010771242
0.9999681
0.0010810895
0.80509156
0.046934538
0.8601749
0.18615423
0.88712853
0.006284355
1.5062853e-05
3.497002e-05
0.00026116692
0.22325385
0.022149088
0.99616
0.0031624716
0.00010718345
0.0038867097
9.01357e-05
0.0018065597
4.4619377e-05
0.89391714
0.0007992359
0.005058335
3.4300894e-05
0.0017396101
0.8601749
0.00028477577
0.00024922585
0.995816
5.68218e-05
1.3772615e-07
4.7144595e-06
0.99256045
0.86969954
1.8022844e-06
0.017878035
0.0011090819
0.00041765664
0.9477263
2.2276243e-05
0.0015220433
0.0013818048
0.5026515
0.00084582914
0.249953
0.0018448409
0.31355
0.034877032
0.0004137026
0.00025608993
6.69549e-05
8.302631e-06
3.4322843e-06
0.019668598
0.01061386
0.99999994
1.0
0.5901557
3.3662152e-05
3.136917e-05
0.58664334
0.9997696
0.00017237882
0.75024843
0.13348699
0.7811197
0.13927221
0.13644734
3.2675987e-05
0.0069347885
0.29226366
0.021359386
4.7824957e-05
6.67958e-07
0.9993539
0.65841794
9.6149895e-05
0.041715093
0.00088198634
0.045342814
0.8155457
2.2707623e-05
0.034589753
0.01810775
7.502303e-06
2.5049225e-05
0.025389642
0.00047256786
0.9841429
0.0010675326
0.0006835489
0.6671145
0.0012617236
0.0055969586
0.02125604
7.774274e-06
0.011251916
0.00435486
0.82981825
0.00022410398
0.000392365
0.00016359179
0.0042071133
0.3074436
7.941572e-05
0.0014217584
0.00034674167
0.43006304
0.9999992
3.6052206e-06
0.99999964
0.00021032662
0.00012844297
0.006034369
0.9999964
0.00012101027
0.000672781
0.06440732
1.7274648e-05
0.0012890287
6.6575135e-06
0.39196166
0.330821
0.15396683
