1.0
1.2129625e-07
0.0012197219
4.099083e-06
6.809682e-05
6.334476e-05
2.8327102e-06
6.567962e-05
5.8292266e-05
3.2571936e-08
0.36812776
0.16447514
0.00026100114
1.4320094e-07
0.21050279
1.3582312e-06
0.001914612
1.070025e-06
0.38938475
7.8614885e-06
0.06420032
8.587941e-06
0.0042667934
0.00066443405
0.017884158
0.00039813868
0.9126861
0.99953306
0.0023996718
2.9458133e-06
0.00070908427
2.4223061e-06
2.1119127e-05
0.00021597825
2.7008757e-05
0.99920464
8.694101e-07
0.0001726094
9.417304e-06
0.99706775
1.14791604e-07
0.043441806
0.53008026
0.0039830077
0.00010133632
0.97173184
3.482974e-05
1.0958848e-05
0.00022750231
1.899546e-07
2.0227817e-05
0.00014001473
1.8747367e-05
3.968632e-05
0.00065267377
0.002476452
1.1800681e-05
2.0444168e-05
0.99168223
0.0068836436
0.00014132602
0.9910575
0.99920464
0.08391685
0.00026510618
7.039422e-06
0.00043978382
0.00067802955
0.0047977734
1.5692243e-05
0.0017218662
7.344167e-05
0.25727683
0.99689496
0.2730593
6.509393e-05
4.3430635e-05
2.8849706e-06
0.00026510618
0.00019617967
2.088858e-05
0.0018684053
7.295976e-06
2.3955905e-05
9.560591e-05
0.022382746
3.8969342e-06
1.5469659e-05
0.00717853
9.396348e-06
0.19050153
9.254919e-05
0.19043788
3.2159683e-06
3.2573478e-06
0.001661503
0.0006551366
0.0014149925
0.08259402
1.4154232e-06
0.41138163
0.00055713905
0.29974246
0.00011137321
5.164285e-05
8.513397e-07
0.00014935655
8.889129e-07
0.9998235
0.0006428488
8.5993555e-08
1.9646473e-05
0.000999265
1.164695e-05
0.0068890736
1.606734e-05
0.00063230895
0.0014658888
0.34979945
9.922328e-07
0.0011500923
0.00034010236
0.027339121
8.587941e-06
4.7441185e-06
2.3530976e-05
1.3791736e-05
1.070025e-06
0.0009060666
4.9129135e-06
0.0014746372
2.2629038e-06
0.00033214226
3.7444202e-05
2.4716446e-05
6.877481e-05
0.0009552048
2.1119127e-05
0.0005262962
0.0014658888
0.796263
1.0460665e-06
1.5617195e-07
3.6327907e-05
5.2939205e-05
0.0022548672
0.00059719133
8.525117e-05
9.51778e-09
0.9158657
4.0830918e-07
1.6083892e-07
6.509393e-05
6.8564084e-05
3.783134e-05
0.00047908048
0.0002326906
3.0018407e-06
0.9999948
0.01061042
0.00018439734
2.8327102e-06
3.394284e-06
0.9551926
1.356777e-05
3.847294e-07
0.9997221
0.9997961
0.028434498
7.164284e-07
0.20747511
0.00053682894
0.99689496
0.0011770525
0.0023874457
0.105367824
1.3837537e-06
0.0003464248
7.072473e-05
0.0023874457
1.0595541e-05
0.72236294
9.3426344e-08
0.0006697017
0.001217938
0.0016735594
0.0056142835
7.000616e-05
8.507131e-07
0.9189092
0.00027219925
2.321487e-05
0.02572451
0.16447514
0.00033581274
0.15043502
0.5470165
0.031942338
3.1851174e-05
0.0019211529
3.7444202e-05
0.00079430756
2.7875276e-07
3.8888302e-07
0.000568874
0.000999265
0.0003464248
0.0030916666
1.6128717e-05
0.62483627
2.7425307e-05
3.312331e-06
0.0010110774
1.88863e-06
0.0002854782
0.9997054
0.99999994
0.040401176
1.5003829e-05
6.6941398e-06
0.7800294
9.119493e-06
9.488996e-07
4.9018978e-05
0.00038796477
0.0007216566
0.00019922663
1.4641212e-07
8.889129e-07
3.6002834e-06
3.844011e-06
2.7875276e-07
1.376621e-06
8.097559e-07
0.043441806
1.200968e-06
0.03827143
1.410563e-05
0.0007815996
5.3616814e-06
0.03531949
5.2201553e-06
0.0009724768
0.41646603
2.0005173e-06
4.4700537e-06
1.3827584e-05
4.0830918e-07
0.00010020858
3.394284e-06
8.913633e-05
0.00026510618
4.746752e-06
0.0020801914
0.99022925
0.06420032
0.03278974
0.00030785694
0.28884718
0.0005180585
0.996622
0.020585367
0.9930112
0.3975882
0.0011389334
2.6167449e-05
0.0068836436
5.6388777e-05
0.28750098
5.156441e-05
0.00013032912
0.96612406
0.0043442626
4.0830918e-07
0.036830805
8.634163e-07
0.0003778403
0.00087994995
0.00016382577
0.010188731
1.0978459e-06
1.8478648e-05
4.0108876e-05
0.003001425
0.00028891617
6.509393e-05
2.6915828e-07
2.943249e-05
0.00028891617
0.0009552048
0.00029214946
0.7800294
0.0011859337
0.00016441137
6.3265998e-06
0.95626324
0.00035837377
0.99339074
6.509393e-05
5.045099e-06
