0.9999875
0.9998142
0.00013561502
2.8067205e-07
1.5043415e-05
1.8877525e-05
0.00012951605
0.20379065
0.999964
0.8579976
8.77618e-05
0.18365549
5.8550213e-05
0.99999887
0.9999855
0.3975852
0.077284135
0.10036546
0.13063073
0.037715856
0.004680716
2.2661567e-05
0.16570733
0.004417879
0.050345767
0.056694973
0.33492458
0.002268046
0.0033316256
8.095334e-06
0.1832245
0.0039591137
0.6978586
0.0005181513
0.00023985923
0.0003055085
0.02221584
0.1789176
1.1274349e-05
0.00017184266
0.022916358
0.581667
0.00434036
0.0006731456
0.0032146182
0.0003496072
0.050998647
0.0002778582
0.00020185077
0.0005051755
0.9618176
0.0019495321
0.0040810015
2.1682961e-05
4.6169994e-06
0.029583009
0.0013222262
8.362798e-07
0.37624583
4.435805e-06
0.0025461148
0.114643775
0.00030187948
0.0009433837
0.019687766
0.0006313957
0.003602855
5.907905e-05
4.2508545e-06
0.0024261673
0.04119794
0.9999998
0.0009122933
0.013710792
0.004712933
0.0036028482
0.012753915
0.050807923
4.3211352e-05
6.460354e-05
0.0007832869
0.027019693
0.0009040513
0.99999833
0.01994067
0.0016025123
0.00024119392
0.28738627
8.2563114e-05
0.14244738
0.005922248
0.0046678823
0.008974175
0.99287784
0.5680327
5.9128477e-05
0.0054091057
0.004262048
0.998421
0.029457098
0.0005211659
0.0005211659
0.9928169
0.00015790534
0.999992
0.008377996
0.0011361906
0.0009845252
0.009728328
0.23610462
3.4316427e-06
0.004712931
0.93733597
0.063063025
0.9994371
5.9128477e-05
0.0058756266
0.9280421
0.01994067
0.00013255542
0.00053603546
0.00012185789
0.1921832
0.003004066
0.998982
1.2195583e-06
0.9996456
0.006432121
0.0016571671
0.010501298
0.0017942983
0.9995585
0.0029617415
0.004705176
0.9997883
0.20400552
5.2135633e-06
0.008377996
0.0002466177
0.003143749
0.9999892
1.3141851e-05
0.00060440885
2.7647784e-05
0.00045356472
3.3557117e-05
0.9964348
0.8898739
0.003820627
0.0004522816
0.21589684
0.99466187
3.4316427e-06
0.18365549
0.44623616
0.107470796
0.99604595
0.16621022
0.006782617
0.059130214
0.13516934
0.0009890049
0.6149125
1.6478066e-07
0.0050229607
0.0122837145
0.020001717
0.0021402594
0.00024173195
0.9997883
0.063913725
0.014910594
0.9969664
0.00093614456
0.00022044698
3.2355518e-05
9.8453274e-05
0.06563908
0.998982
0.0874183
1.1449501e-05
0.9619059
0.99996954
0.009728328
1.5050887e-06
1.2055857e-06
0.9999969
2.21847e-05
0.00034654388
0.053015612
0.00015142972
0.0012868427
0.0005796175
0.00013835866
0.3445351
0.004417879
0.0030349859
0.0005783814
0.8348243
3.5052976e-06
0.010994946
0.40902692
0.00039021327
0.00014723158
1.7160368e-05
0.001985217
0.24137703
3.3557117e-05
9.396472e-05
8.2946004e-05
0.7432543
0.011431523
0.00018361642
1.9971694e-05
0.0033316256
0.85794735
0.5810741
0.015677521
0.0011163418
0.016688373
0.02058027
0.9998855
0.015954122
0.008659408
0.4491319
0.99991435
4.8417434e-05
6.2187346e-06
5.5977463e-05
2.8729655e-05
0.27270758
1.1063868e-06
0.00056136854
0.15117776
0.0960584
0.625687
0.29990086
0.0006077616
0.1494454
0.76997566
0.9490746
0.006137909
0.00014103363
0.029457098
0.9942647
0.013661255
0.93686396
0.0009122933
0.3596679
0.004417879
0.03516911
0.002357668
0.3556
0.23417632
4.074296e-05
0.00037466522
0.015645044
0.99656737
0.009611394
8.040511e-05
0.002906587
0.21269523
0.026226059
0.0009583827
0.047892105
0.0014657421
0.37644306
0.00011283019
7.224635e-05
0.0033468907
0.1188934
0.0005190876
0.27025136
0.015677521
0.94500965
0.9913422
0.94427496
0.00024610938
0.4491319
1.5301484e-05
1.1986969e-05
0.040978823
0.016819552
0.0043487363
0.04089699
0.0016618082
0.08686382
0.00032022348
0.0075455983
0.009724159
0.0206484
0.08501566
0.0010429412
0.0054091057
8.089825e-05
2.877638e-05
0.00029749976
0.99272716
0.5680327
0.0009990956
