1.0
9.6140735e-05
9.728762e-05
0.00015023813
0.7283479
0.99766284
5.50287e-06
0.9965148
7.336269e-06
0.0016717265
0.9449419
0.00017204188
0.022888342
0.007960018
0.0044338577
0.00013222442
0.99941593
6.6562184e-06
4.926595e-06
0.00061627105
0.00019198994
0.99979496
0.010317942
2.750867e-06
0.9999995
0.99999356
0.0029384436
0.00016536414
0.0032532336
0.986597
0.00887297
0.0015964205
0.0045953356
8.727448e-06
0.0021826127
0.018378532
0.2975995
0.00043148277
0.00039705317
0.9962568
0.0043134796
0.9355526
0.8901935
0.8489968
0.0023983708
0.029039769
8.9541663e-07
3.4636334e-05
2.2857144e-05
0.00029293014
1.4553079e-05
0.029470576
5.7869224e-06
0.88485515
0.6431527
0.99992543
0.0005175215
0.037906673
0.43636346
0.00014420073
0.00021981438
8.369928e-06
0.071851216
6.5877706e-05
0.004224011
0.015377271
0.8830284
0.0013224895
0.026403416
1.2078414e-05
0.0036298076
0.0067021265
0.01609551
0.9999996
0.068644084
0.0003970528
0.0051936633
0.07993165
0.0034193485
0.035153665
0.8634725
0.9532807
0.19357894
0.0007330592
2.680571e-05
0.6845113
0.00027199794
0.0039236676
0.0003408814
0.036282636
0.00015441285
0.0034599262
0.0010828613
0.021412503
0.32359353
0.00019182378
0.009411931
0.00033290818
0.22303611
4.3537046e-05
1.5799313e-06
6.500526e-07
0.01824833
0.00016453023
5.2027972e-05
2.6002273e-05
0.0002793848
0.9991857
0.011224269
3.5262128e-06
0.7854751
0.005117379
0.028124677
0.00053790817
0.0289439
0.0009182562
0.0031427837
0.00890847
0.99599916
0.32359353
0.0021056943
0.010565663
8.9541663e-07
0.015579303
0.055341505
0.19921437
0.09560416
0.00670729
0.047626648
5.558781e-05
0.0056841765
0.00029293014
0.012165127
0.0006071309
0.0035262303
0.006057643
0.9466591
0.007950257
0.13393083
0.0057053175
0.018899903
3.6032375e-06
0.033019572
0.03325967
0.15733905
0.99999034
0.260728
5.8558697e-05
0.99990714
0.9999993
0.015346877
0.0053807665
0.00023419924
6.6328234e-06
0.0008504247
0.0017909228
0.00015023813
1.1307115e-05
0.9999287
0.939216
4.422262e-05
0.99999905
0.31087056
1.3757547e-06
0.9753722
0.0004074391
0.5887142
3.4399284e-07
0.029098589
0.0002748713
0.0005753751
0.06135267
0.0002493352
0.9999999
0.00028523227
0.0005035431
7.230479e-05
1.0434392e-06
1.1940317e-05
0.0053997478
0.50570583
6.1806946e-05
0.99979186
0.0070461715
0.99095666
0.0011409227
0.22998448
0.9999982
0.055341482
0.005445743
0.008312869
0.00014420073
1.3757547e-06
0.00016844335
0.49094185
0.06394547
0.0015615418
0.00044729645
0.033634547
0.023854176
0.42100486
4.593701e-05
0.916372
0.008821718
0.99476266
0.0059630694
0.55627954
0.0035890073
0.22773512
0.018348223
0.020478375
0.039275896
0.9836399
0.007300562
0.26180926
0.001853429
0.32954183
0.87703496
0.00041803962
3.5214944e-06
8.266675e-06
0.9937675
0.9985014
0.006190247
0.004595146
7.880525e-06
0.00040743893
0.010898589
0.023773957
0.001853429
1.4980081e-05
0.008434776
0.0007849494
0.99687034
0.007950257
1.8802246e-05
0.038028914
0.40989533
1.249763e-05
0.9999744
0.8106066
0.9999998
5.899719e-05
0.9944681
0.0016378368
0.0027628436
0.01361112
7.7705685e-05
0.9258742
0.00018492117
0.99990714
0.20286743
0.0016999809
0.01354212
0.0022469757
8.7070424e-05
0.034849886
0.00015215094
0.0052955565
2.5721805e-05
0.0011932936
0.999903
0.99993736
0.00023542295
7.335487e-05
0.00025570224
3.075878e-07
7.988161e-05
0.00015211177
0.0044287187
0.0042732977
0.51578784
5.558781e-05
4.791384e-05
0.00026390702
0.0056841765
0.00045676023
0.0030316922
0.987813
0.8830284
0.9993217
8.518427e-06
0.00018664423
0.0024311582
0.9999969
0.0042523392
0.99063563
0.005755663
0.11507973
0.00044429777
0.49961522
0.0076893936
0.00013849542
0.00014554692
0.00021544841
0.23140465
0.99984324
0.02697908
0.99655616
0.9999928
