0.99999994
0.43975908
0.32082766
0.99999994
0.99997073
0.9999993
1.9923224e-05
0.002104177
0.81767166
0.12787698
0.004415579
0.5092066
0.0018342023
0.0057312846
0.98175675
0.00012590698
0.25300252
2.1617036e-05
0.9995025
0.021629697
4.7790563e-06
0.86363155
0.00019151566
0.60365576
0.00864153
0.07884754
0.0012341923
0.0010024776
0.007832999
0.0029938293
0.9768359
0.99988806
7.5450093e-06
0.004415579
0.007544392
0.9894269
2.463714e-05
0.00164624
0.00060079084
0.9998633
0.9984808
0.0005700614
0.997688
2.6151288e-06
0.80135095
5.9397713e-05
0.022965372
0.004250018
0.000111951595
0.0021004207
4.967108e-05
0.09017891
0.08616644
0.2152246
0.00384717
0.0325491
1.1998075e-05
8.391806e-05
0.18960987
0.000722835
0.0005957962
0.113465905
0.00015763876
0.99999964
0.113304086
0.5517205
0.96699494
0.09343279
7.993258e-06
0.9942803
1.1224634e-05
0.016399818
0.98177826
0.017508015
0.7508435
4.56442e-06
0.010947566
0.0015424107
0.0041172314
0.9838705
0.022279901
0.999998
0.13069142
0.00014796595
0.6227779
0.055738453
0.0022779375
3.2623375e-06
0.9998118
0.00120465
0.014888281
0.005698735
0.3995964
5.0652976e-05
0.24732926
0.25300252
0.004572679
0.9996912
5.5179526e-06
8.391806e-05
7.325987e-05
4.887533e-06
0.010651335
0.0035145313
0.0005381674
0.065575
0.00043959141
0.34881932
0.4113481
8.4865e-05
0.07783714
0.0044419942
0.9994547
3.3354904e-06
0.0004421093
0.009635667
0.0075123906
0.0023161727
0.0014323981
9.772929e-05
0.0013249638
0.019012308
0.04672262
0.0016087444
0.00040780165
0.0005697211
7.3182855e-05
0.94497246
0.7628448
6.8311315e-06
0.013948186
4.0658806e-06
0.9959211
0.82946754
8.28478e-06
0.5246089
0.0006950804
0.0057312846
0.940905
2.8998307e-05
0.002104177
0.9999985
0.31196386
0.0012918605
4.6618796e-05
0.13354962
0.009245562
0.009768044
0.00024851735
0.9894269
0.019761832
0.99999976
0.012088467
0.34172404
0.009768044
0.99999654
2.342811e-05
0.9988992
0.27541298
0.99996495
3.707559e-05
0.9999382
0.00021283538
0.01173592
0.01306225
0.00045978822
8.735959e-05
0.019669646
0.0013779327
0.0005840125
0.000924682
0.0076714554
0.003098358
0.13069142
0.1429429
0.00036730844
0.00015693656
2.480476e-05
0.7188822
0.042009037
0.008578418
0.00016256876
0.96699494
0.014888281
0.7825724
0.011817874
0.014181763
0.013718016
1.462116e-07
0.009245562
0.00065053283
0.01440403
1.7072762e-05
0.24379843
0.0013239206
0.00030750464
0.0019566976
0.9635242
0.0001343676
4.013099e-05
3.3221324e-05
0.0071664993
0.00051433436
0.00041793723
0.99888706
1.0
0.0022804085
0.18206985
1.758697e-05
1.0
0.0076714554
0.006631663
0.41087344
0.9995025
0.9999998
0.014442883
0.0011590156
0.00018861843
0.94205976
0.12845714
0.98236805
0.99910146
0.013948186
0.9280613
0.0641813
0.031694632
0.011313093
0.06416332
0.009635667
0.00017906638
0.0038738009
0.05281884
0.01074268
0.043474987
0.0040979222
0.008869603
0.1134088
0.017971057
0.007196581
0.013906544
0.01556035
3.4463883e-05
0.00075132464
0.45477158
0.010156409
0.8735829
0.92941165
0.0048800074
1.6074513e-05
0.107176244
0.07783714
0.9999382
0.0049465513
0.12787698
0.0012376385
0.0008521167
8.764674e-06
0.0031018078
9.1613336e-05
0.037160713
0.10674278
0.013935463
3.7717073e-05
0.03426804
6.8311247e-06
0.7284945
0.009245562
0.010156409
0.0007524359
0.011045632
0.0012376385
8.216569e-05
8.4865e-05
0.06511736
0.7657261
0.00012816611
0.0015268968
0.037203696
0.9894269
0.012409057
0.011670505
0.0022624205
5.1822626e-05
0.23979685
0.9528874
0.00058872154
0.00043937148
0.021317543
0.15398288
0.9426892
2.076124e-06
0.020783538
0.0009033366
0.0001343676
0.98402524
0.94298285
0.9997346
0.017781682
1.4190308e-05
0.0016087444
