0.9624768
0.9998598
0.014402431
1.0
0.0008693682
0.00019097717
0.01551363
0.11189444
0.34359652
0.00838632
0.93930733
0.0016412243
0.0007336934
0.0011853487
0.0007336934
0.6038863
0.08895151
0.0002270057
0.5946018
0.004194491
0.9992809
0.019375524
0.99985087
0.0045052012
1.3532211e-06
0.028531646
0.080050305
0.085723065
0.2370345
0.00022797592
0.9999982
0.7578946
0.011911149
1.8131323e-05
0.0034856661
0.9935085
0.9999994
0.005749502
0.748988
0.99325967
0.035002846
0.88887304
0.99990064
4.0050054e-05
0.0024497525
0.00018328057
0.077161916
0.0031068618
0.025868518
0.028531646
0.006082433
0.227349
0.99999607
0.23280993
0.00011112095
0.0008582731
0.000266375
0.7335935
0.93491226
0.9998292
0.5906544
0.002052823
0.004645148
0.053488024
0.99999946
0.08218342
0.022057274
0.004711741
0.124413766
0.020715715
0.0021636288
0.794124
0.2879866
0.00014875334
0.047256775
0.23744714
0.009280386
0.63241225
0.6933632
0.00021450431
0.896366
0.05789215
0.99992615
0.9998621
0.26669002
0.9802368
0.45757726
0.031189026
0.00020881438
0.61477816
0.9825231
0.17701147
0.26552156
0.99999994
0.0009268435
0.06367035
0.998249
0.0013677862
0.040320944
0.00073034153
0.0013288137
0.00020440378
0.0028828625
0.0776573
0.63744384
3.490808e-05
0.00023627003
0.2417728
0.058565635
0.0007396628
0.03668613
0.004322278
0.47916088
0.00013571708
0.016847743
0.976474
0.00018201726
0.018806415
0.06205026
0.0048782155
0.96697134
0.99468637
0.14355108
0.13554478
2.0068078e-06
0.00014931725
0.42418495
0.012142313
0.99992615
0.9857395
0.11566921
0.00092462695
0.006396426
0.40006423
0.0018211658
0.0019823518
0.99999964
0.032661412
0.45033658
0.0034795727
0.40752557
0.26669002
0.0002123809
0.036139145
0.00012564601
0.087356314
0.0031704458
0.86054635
0.5939298
0.99632573
0.01835555
0.052745767
0.000113878225
0.008674575
0.24796297
0.0139825335
0.99996847
0.091326766
0.011830294
0.2370345
6.50922e-05
0.040781725
0.043985333
0.27344438
9.40185e-05
0.5906544
0.21368912
0.99997455
0.9998075
0.0929242
8.19888e-05
0.2959628
0.30494392
0.41175112
0.00039337453
0.008493311
0.05550476
0.9992809
0.0009260552
0.014251583
0.050647993
0.13179535
0.021327324
0.013540005
0.996553
0.005509154
0.30522642
1.0
0.0007202674
0.59392977
0.016132569
0.08672818
0.0014094709
0.0051638493
0.05217409
3.762938e-05
0.00015798997
0.0094429245
0.9999673
0.07462374
0.9999987
0.8416942
0.2623168
0.053261675
0.0032379725
0.0010711816
0.99998283
0.99784786
0.23544216
0.999995
0.0034856661
0.0023387002
0.007636303
0.005909741
0.0004906618
0.0010690173
0.15277135
0.99520075
0.0027293647
0.14507431
0.00057588675
0.00012229674
0.077161916
0.10363526
0.00014529537
0.0031955391
0.0015059127
0.99088645
0.0041335714
0.99999934
0.0006046342
0.0008582731
0.000964964
0.94157684
0.003097012
0.009295963
0.21282165
0.7588389
0.00016398926
0.8075602
0.0076949624
0.12103779
0.0028388184
0.9027164
0.0022772818
0.006831004
0.027150838
0.0012422245
0.3769058
0.0062476983
0.08856815
0.056790527
0.8369112
0.13554478
0.012142313
0.0018334779
0.18863468
1.983367e-05
0.00022800744
8.627886e-06
9.900505e-06
0.805281
0.0028902406
0.03623817
0.023813926
0.99104416
0.4053559
0.008541705
0.99470705
0.9648993
0.805281
0.0024497525
0.0013830318
0.17119145
0.9998148
0.0003055455
0.002623701
0.031146808
0.9999839
0.001457086
0.016644033
0.9999998
0.00084412337
2.1524815e-05
3.866118e-05
0.0005104807
0.8106094
0.091326766
0.99965835
0.9999666
0.76385945
0.6661861
0.028592717
2.1524815e-05
0.0005584121
0.2025451
0.0010690173
0.00018328057
0.99977756
0.021108594
