0.9999358
0.9936099
4.9051057e-05
0.00017873067
4.9051057e-05
0.00029025768
4.3343414e-07
1.146656e-06
3.913564e-07
0.9999919
0.00026830295
1.0609252e-05
0.0012781955
1.2205171e-05
0.7658216
0.00084939535
0.0007996873
0.0004064737
0.00042324676
3.9211787e-05
0.00029823527
3.5625388e-05
0.0017031367
0.9970314
0.07641342
0.020159462
1.0925776e-06
0.0047169407
4.225503e-05
0.9998792
0.6305429
1.0653711e-05
0.9837437
0.001695323
0.00014386671
0.0034403969
0.0016989115
0.0026738388
0.7524702
0.0024650018
0.98311216
2.1020369e-05
0.0049231458
0.0053578373
0.00032914453
0.00012182954
0.90662545
0.14078473
0.015883947
1.403498e-06
0.94474274
9.3711867e-07
7.297739e-07
5.9348085e-06
2.5454592e-06
4.3380307e-05
3.366581e-05
9.480246e-05
0.00030598656
0.99960923
0.9971865
0.027668107
0.01272922
0.9985682
0.013666949
9.21134e-06
0.995843
0.028611265
0.0020571102
9.66062e-05
0.0012922321
0.86355597
0.00018309892
1.0388783e-05
0.05245257
0.00015931002
0.059903346
0.99925834
0.20275407
0.21043447
1.521682e-06
2.0424736e-06
2.4402258e-05
4.5275524e-06
2.2944933e-07
0.0001897129
0.00093648804
0.0039103823
0.1227904
0.94898707
9.206524e-05
0.0009416874
0.0031334518
6.651789e-06
4.400643e-06
1.1997079e-05
0.008578086
0.018534755
0.010179444
5.9142913e-05
0.005545455
0.0021973744
8.986219e-05
0.00037837613
0.008295972
1.1099225e-07
0.0015576406
5.4128544e-05
0.98054093
0.0018987518
0.00027421195
0.9929587
0.98245215
0.00033278443
0.08229175
0.0036682195
0.99991345
0.001087446
0.016769215
0.009929052
6.362234e-07
1.2339081e-05
0.9999631
4.021842e-05
0.08229175
0.00044639682
2.3025123e-05
1.6881496e-06
0.0052226
0.049169276
2.5903644e-05
0.00896763
0.0021973744
1.1220097e-05
0.00033278507
0.1333679
0.0004351649
0.001695323
0.00081368757
0.012270484
0.00025334276
0.0003070327
0.9968032
1.521682e-06
0.0074539306
0.96393573
2.5958518e-06
0.00016623206
0.0057526594
0.006645795
0.00019062514
5.503316e-06
0.00022595926
0.00013362984
3.1704694e-06
0.9998978
1.7495983e-06
5.673365e-06
0.00020077967
1.9573836e-05
7.578875e-06
0.0018993556
1.6741947e-06
0.00011890312
3.0582407e-07
3.939011e-05
5.1538264e-06
0.8706321
4.164147e-05
0.00022575403
0.25324732
0.5770507
1.1434955e-05
2.172477e-05
1.8387253e-06
4.567875e-05
1.8387253e-06
0.9892631
7.6992144e-08
0.0010195208
0.05134019
0.0024733972
0.0003470853
0.99999994
3.1057694e-05
7.678749e-06
0.07418937
9.470054e-05
2.059186e-05
0.0013127639
0.4728348
3.4614084e-06
1.1011817e-05
1.698936e-05
0.74055886
3.2271652e-07
0.0012803924
0.06459467
1.057745e-05
1.8950877e-07
0.00012227341
7.09558e-06
0.032368444
2.1011679e-06
0.0032944318
2.2638173e-05
0.0002148273
0.013666949
0.00943612
0.0012944692
2.9321718e-06
0.00047756996
6.237002e-05
0.5718858
0.00020471663
0.00015895115
0.505519
0.00063601905
0.9998753
9.406237e-06
0.012174941
0.99894005
0.99989194
0.0796501
0.30822057
8.447583e-05
0.98311365
1.05392054e-07
0.014185243
6.7479873e-06
0.0010719115
4.464251e-06
0.0001654616
2.9960836e-06
0.0015576406
9.314712e-06
0.001187945
1.1008439e-07
0.35954896
0.020838968
1.203253e-05
0.0020774927
0.028611265
2.0879956e-05
0.0031334518
0.48817697
0.14494699
0.00082383223
0.00093648804
0.00023825259
8.090133e-06
0.99476916
0.022656564
0.0005375929
0.0017651712
6.651789e-06
7.09558e-06
9.314712e-06
0.0004315776
0.0723521
0.6405199
9.722557e-07
0.0004315776
1.5170546e-08
0.11878607
8.028973e-05
0.002878337
6.4649607e-06
1.3081643e-05
0.0015691373
3.5460894e-06
0.010363489
0.0003687824
0.00069219695
0.0020965282
0.9463014
0.034994844
0.06459467
5.7249086e-05
0.9998824
0.0015600526
0.00079730526
0.0032944318
1.0289376e-05
0.00035618164
0.0012441997
0.41758755
5.32766e-05
0.000108093154
0.0002148273
0.0033446422
0.0018455435
0.9929587
2.5791218e-05
0.9839342
7.4630094e-07
0.088664204
0.041399192
5.3489334e-06
0.9849901
