0.99721014
0.9969737
0.8930972
0.9929949
0.89293724
0.99729556
2.7866641e-05
0.039810907
0.00012493372
8.107913e-06
0.00010743507
0.86410713
0.002112418
0.00028414358
0.89293724
2.7398488e-05
7.923795e-05
0.0032343287
1.9957528e-05
0.005528714
0.9999561
0.0006458653
0.6682281
0.0011028937
0.0002997412
0.40705115
5.035274e-06
0.0003147817
0.9733153
0.003232139
5.271769e-05
0.00033022073
0.85145724
0.049313232
0.9891173
0.0010554735
0.96718174
0.6682281
0.00043711727
0.004241388
0.00080528366
0.001969878
7.293442e-05
0.9844294
0.083363846
0.99973
1.7690269e-05
0.03620979
0.99990594
0.7610782
0.040667348
0.002133714
5.3109914e-05
0.006712645
0.00034738652
0.654036
0.052997578
6.235303e-06
0.99816734
4.693108e-05
0.09314513
0.0017268617
0.0024448354
0.991808
2.5744432e-05
0.0066527366
0.00070230925
3.7947397e-05
0.052997578
0.8757084
0.48768422
0.069167495
0.0017243243
3.1038417e-05
0.0011928958
0.009875673
0.009576995
6.2939733e-07
0.0010640763
0.0015205194
3.9494677e-07
8.350241e-05
0.9999966
0.055517226
0.002863091
5.42111e-07
0.0044320524
0.00043711727
0.6696477
0.0001971258
0.9907484
0.038250513
0.0025604481
0.0038350313
0.007341162
6.8843207e-07
0.000101172765
0.00075540633
1.0
2.9395096e-05
0.74989754
0.05791057
6.5082195e-06
4.7729325e-05
4.6872217e-05
0.0011359471
0.94320637
0.7610782
0.006766004
9.270584e-08
0.8337778
1.3639724e-06
0.87380743
0.02547241
0.00055671466
1.2681805e-05
0.025747385
0.01171944
0.04735772
0.01600738
0.00057003036
0.0012651869
0.012217544
0.0055944086
0.010250184
6.208157e-06
0.46115097
0.02174815
0.0006659669
0.00044951015
0.0267209
0.09852841
0.9965814
0.0007928148
0.24554743
0.99987227
7.682558e-06
1.8490493e-05
2.4209154e-05
0.0016802264
0.004248898
0.8303601
0.0023058052
0.07295921
0.012037743
0.001114374
0.0005133758
0.99829763
0.00015561692
0.0701903
0.9864873
4.38659e-06
0.5208138
3.3058313e-05
6.0521983e-05
0.0040706173
0.99966395
0.01236905
0.0007822038
0.06156513
0.0017522657
0.002074168
0.008411275
8.53745e-06
0.0049025877
0.0008642342
0.023517707
0.3141965
3.6727702e-06
0.018644404
0.009894737
8.870973e-06
1.9514531e-05
0.0033958892
0.005849434
0.9999873
0.30281526
0.03620979
0.0004235814
0.0028217433
0.18876815
0.01075698
0.0021411597
0.9053575
0.0066527366
0.9952348
0.00043778153
0.0003207331
0.018644404
0.9999792
0.00053259416
0.10990559
0.05555886
6.756994e-05
6.0521983e-05
0.17738721
0.0054255123
0.0048656715
5.282238e-06
0.001559028
0.9998304
1.4273085e-05
0.0032805717
3.40527e-05
0.00017895935
0.00013716225
0.86410713
0.012037743
0.9999905
0.0014405793
0.9991708
0.017440459
0.00027014696
5.3109914e-05
5.868638e-05
0.009458521
0.01028466
0.0007799664
0.8757084
9.236726e-06
0.0022543268
9.97123e-06
0.017370535
0.0002564701
0.0019909819
0.0008101951
0.001114374
0.124171026
0.999834
0.0026293334
0.9999998
0.99996525
0.96052736
4.394059e-06
0.045406774
0.00012556695
2.727203e-05
0.84394205
0.6723276
5.9693783e-05
0.9979158
0.0032480839
4.167659e-05
0.5153339
0.00669625
0.0007515033
0.0060130474
0.9046182
0.9999855
3.058752e-05
0.00020021401
2.4332636e-05
1.9743822e-05
0.00024523828
0.001013895
7.490649e-05
4.2040956e-05
0.00029529253
0.040667348
0.27580068
9.427463e-05
3.4188844e-05
0.4183696
0.00014066482
0.00017876817
0.0003268836
0.00047925452
9.270584e-08
2.7398488e-05
0.00012828887
0.00032232155
0.88662845
0.0007988582
5.364939e-05
0.999976
2.6559142e-05
9.6698925e-05
8.870973e-06
3.058752e-05
3.0840015e-06
5.895321e-05
0.54076123
5.20367e-07
0.9999999
1.097196e-06
0.9631264
0.018217226
2.0887528e-06
0.99970436
2.6181856e-06
0.00042645435
0.00034685922
6.235303e-06
2.6722044e-05
1.9514531e-05
1.9216424e-05
8.400242e-06
1.068722e-05
0.18294908
4.9713e-07
