0.00026207234
0.055601135
0.009553496
0.0021852301
0.032883592
0.00013852314
0.9272021
1.756858e-05
0.04808156
0.014292168
0.0025017373
5.352307e-05
0.0028893668
4.1565848e-08
0.8982477
0.0052350634
0.78952545
0.00035349553
0.0034136432
5.994421e-06
4.6930077e-07
0.0017888781
6.494971e-05
1.7383983e-06
2.1348513e-05
0.053363003
0.00010679108
0.024271071
0.0005916898
0.007948508
0.0068304082
2.008761e-06
0.23671098
3.1326493e-07
4.987066e-05
0.9793512
0.0007056742
0.06569718
0.27580506
3.245195e-07
3.51778e-05
0.00034520993
0.00054100744
6.551687e-06
0.0008297695
0.16151506
1.9758909e-05
0.0043253535
0.036658756
1.3347135e-06
0.08449632
0.0011494556
0.15526897
0.0067887325
8.264657e-06
5.3024287e-05
3.51778e-05
0.62689215
2.283426e-07
0.0042550736
1.106081e-05
0.011530922
5.477649e-06
0.9999969
0.00065325625
6.643704e-07
7.1681156e-05
0.0055004037
0.39565882
0.7573506
1.0448441e-06
0.068188846
9.17157e-06
0.03909417
0.018491816
0.06454947
1.7933373e-05
0.006451066
0.86973995
0.60359985
3.0692416e-05
6.050748e-08
0.99828154
2.158879e-06
0.00035740001
0.0006140463
0.18216062
2.8285285e-06
9.45482e-06
0.14209421
2.6290846e-07
0.00028084885
0.15545966
0.53612447
6.732239e-06
5.7988004e-06
0.99983734
0.03351721
0.022242486
0.7008242
0.98798203
0.0012107972
9.9481935e-05
0.95441836
0.0001982273
8.918119e-06
0.9939332
1.899344e-05
0.00020045278
0.0010596566
0.29246086
0.0016826406
1.8475986e-06
2.3179055e-05
0.024769682
3.4229052e-07
0.29246086
0.8016055
0.1655517
1.8493509e-05
0.005545276
0.060865134
0.00022237818
0.00016579231
5.792278e-07
5.2618972e-08
4.50788e-05
0.0061445767
1.5569029e-07
0.104250595
0.0009413698
3.51778e-05
0.0025683723
0.0015469394
0.00016927964
0.99999994
0.0038781457
0.17202483
1.3833921e-06
2.5511895e-07
2.0228028e-05
0.0006528125
0.00015810135
0.000361749
0.0001301792
0.28995514
0.04970124
2.45311e-05
1.744091e-07
0.00022237818
6.586923e-05
0.00064533245
0.00025088043
0.14209421
0.0001896118
1.8101366e-05
0.00022117079
0.009491539
0.95893204
0.0010947547
1.4693792e-05
5.835041e-07
4.807599e-06
0.0013921035
3.4556888e-05
2.5511895e-07
2.5013154e-07
0.0019339537
0.0041643847
0.0006865832
0.9999998
0.0010564514
0.0021834986
0.0041643847
0.1058853
0.9931241
3.7249408e-06
0.99749637
0.004131201
0.00409266
0.0010564514
0.004877262
0.19434029
3.8506307e-05
1.1097569e-05
4.547397e-06
0.05886716
0.0033358762
0.99945945
0.019504437
0.00027984893
0.98535967
0.5615944
0.044777934
6.212862e-07
7.53601e-07
1.3433702e-05
6.050748e-08
2.7477836e-07
0.995975
0.9955824
4.9535887e-05
0.9995425
2.9068246e-05
0.016767612
6.732239e-06
3.4926496e-05
0.9998756
0.0014512698
0.99939305
6.382792e-05
0.9999969
0.005070045
0.7026975
0.039919343
0.00062297523
0.00013882927
0.042063396
0.98535967
0.00012364097
0.56155044
0.030306632
0.00028998277
0.0005916898
0.00010860178
0.0005308047
1.763687e-05
0.00089955656
0.0021852301
0.00087199645
0.0028893668
0.001759569
3.886405e-06
5.6580944e-07
0.00015034819
0.90723246
0.0008847311
0.080459364
2.2377317e-05
0.0010596566
0.9959316
0.00077022053
0.0009413698
0.00087199645
8.619053e-06
0.6117233
1.2279142e-05
0.0062146042
0.9942575
1.0997982e-06
0.00033894306
3.0737451e-06
0.40806016
0.00061209296
0.0044070934
0.0059907646
9.17157e-06
2.6808471e-05
0.0010198142
3.8506307e-05
0.0005697354
6.860242e-06
0.0011345899
2.1187494e-05
0.04130097
0.0037241103
3.245195e-07
0.00043964025
0.00037265065
0.00014563493
2.4097899e-05
0.97181666
0.01699901
4.2078847e-07
0.0009313892
2.1044313e-07
4.371847e-06
0.0016307754
0.99979705
0.005492975
0.00012887838
0.07642966
8.821335e-06
0.039919343
5.7988004e-06
0.0109672705
4.099692e-05
0.42239168
1.4693792e-05
6.551687e-06
0.004131201
0.013161572
0.37657103
0.012231979
0.00031196082
3.971805e-05
0.267267
1.09210625e-07
0.9902839
0.9999634
