1.0
1.0
1.0
1.0
0.0006597388
8.29328e-05
8.6331296e-05
6.5730464e-06
0.0043524853
2.998494e-07
0.062283922
0.00031948765
0.0010768448
0.0022952787
5.9422273e-06
0.71932214
2.380475e-07
5.5288372e-05
0.0010419809
0.00798677
8.652169e-06
0.0005639648
0.9995959
0.9920419
0.0002481811
0.011439948
0.0009984705
4.0807834e-07
4.9618365e-07
0.0045962585
0.038071502
0.93731534
2.2401124e-05
2.7324468e-06
8.651109e-07
0.98543954
0.0010484633
0.00011623103
0.39264423
0.004485275
9.165327e-06
0.039677065
0.00026465967
0.0017210238
0.022376247
0.00016327217
0.1397533
0.018492248
3.9713617e-05
0.002723301
9.622706e-06
0.00020522517
0.2726029
3.2342065e-05
0.0004932776
0.003461551
1.0179186e-05
0.99997604
1.0531069e-05
2.0942109e-07
5.5224696e-06
0.81362593
1.9923116e-06
2.587451e-06
0.9986185
0.0002908677
1.29497985e-05
1.1492811e-05
2.6861751e-05
7.364322e-05
0.6425136
0.3828636
3.543987e-05
0.0003642305
1.0499852e-05
0.05315803
0.9960238
7.701762e-05
5.6953477e-06
7.3507026e-06
2.2221639e-06
1.9122415e-06
0.22685309
0.057865683
7.364322e-05
0.00013468124
0.00095220265
0.00044569612
0.62573266
0.00022187158
0.88625824
9.605981e-05
0.9646697
6.911319e-05
0.009159668
0.00012633078
5.3042237e-07
6.430078e-05
0.69316053
6.32688e-07
9.9830024e-05
0.00021416487
0.00013827175
0.04941873
0.0038340748
0.3725979
1.0531069e-05
0.70038104
4.9867856e-05
0.962446
0.0005674041
5.0032704e-06
0.00040751565
0.5593035
1.2636448e-05
0.000694283
0.000867132
0.013458092
7.9011814e-05
0.00023773227
0.99037606
0.0019566845
0.7466131
1.6764549e-08
1.36963945e-05
0.00040569098
0.0020772712
3.1165335e-05
0.5391838
0.96732044
3.590856e-05
0.9952642
0.770805
5.695505e-06
6.0637696e-05
0.52788055
0.0010419809
2.8253312e-06
0.29212818
1.6028292e-07
1.6525686e-05
8.4273194e-07
0.9451032
0.002969578
0.9867543
0.19944447
0.08542279
0.0014546798
0.0090437615
0.0007530349
0.0039117695
4.7956626e-05
1.8387607e-05
8.247164e-07
0.009161148
0.73775107
1.1522412e-06
5.5288372e-05
0.000115712275
2.0407485e-06
0.00019518258
1.3284492e-05
0.00013850084
0.00054038665
0.04941873
0.00103932
0.045406453
0.9999993
0.00059056183
9.831592e-05
7.163503e-05
6.125407e-07
3.3094555e-05
0.079693176
2.440408e-07
4.079398e-07
0.0038200517
1.3534585e-06
0.00013339202
0.06179824
0.009651698
0.00025637282
0.9986185
0.0020894213
8.391636e-06
0.00010959487
1.2073772e-06
6.9631856e-06
0.9999993
0.000119449505
0.104988895
1.3257623e-05
5.047808e-05
0.041761573
0.98543954
3.5035998e-06
8.508547e-06
1.0489132e-05
1.0049597e-06
3.8251087e-06
0.9999219
0.8605371
5.3776574e-05
3.9007162e-07
0.00083044573
0.000841715
3.819391e-05
0.0039717094
3.819391e-05
0.0014846064
0.0010463374
0.93360746
1.3767838e-06
2.2570825e-06
0.93413705
5.8080986e-06
8.929454e-06
3.1090498e-05
2.631656e-06
0.00017604613
0.0063027516
5.3455014e-06
0.0003456288
4.225261e-05
0.9999217
0.0020390644
0.00019750661
0.99021673
0.0006597388
0.0012681446
2.0412e-06
0.0013442956
0.030486643
3.1331736e-05
0.00025637282
0.0001416663
0.00040751565
0.021688463
0.9813857
6.0726812e-05
3.684476e-05
0.00048072916
0.00021816591
0.9999693
0.005817896
1.37989455e-05
0.9922171
0.00012108646
0.0010405302
0.0003900433
0.00072750665
2.1107829e-07
0.00047690282
0.0018731207
0.00011368879
0.011679032
0.006848748
0.0026853317
7.463255e-05
0.6620038
0.000106755746
0.039677065
0.99999213
0.00072750665
7.3507094e-06
0.00031193942
1.1648666e-06
0.5961528
0.0018598736
8.3751975e-06
0.011560803
0.9993288
0.012365603
3.0210655e-05
2.4598778e-05
0.007950982
0.008449334
0.9536125
0.18000388
0.0013520437
0.027999735
7.463255e-05
0.0001585479
3.7179543e-05
6.9318674e-05
0.032988653
0.004349112
0.0016774597
0.00015782284
0.0008856184
0.00034854907
3.4989745e-07
3.0914603e-06
0.00026636003
0.98018974
0.0004453536
0.0043194783
0.00091031543
1.8431178e-06
0.993624
