0.9857746
0.9999999
0.99999976
0.004443521
0.0021448927
5.350635e-07
6.562283e-05
3.3452412e-05
0.0004751914
8.067039e-05
0.00018081073
0.57228
0.0004706373
1.1289154e-05
9.94622e-05
2.430564e-05
4.418089e-05
9.075012e-06
0.90464044
0.012731174
0.81431985
1.7870826e-06
0.13757738
0.7775059
8.868309e-06
1.7870826e-06
0.0017449859
0.001757361
6.3085194e-05
0.99966395
0.0013252167
0.0001346105
1.7870826e-06
0.0050251153
9.197161e-05
0.0008635897
0.0002922938
0.013739018
2.4511307e-06
0.04026787
0.00023613356
0.9562748
5.534005e-06
4.708403e-05
0.0008666496
1.234911e-05
0.2999023
0.0038757885
8.846372e-06
1.3207775e-06
0.011354416
0.00012491252
0.0020503807
2.67726e-05
5.094084e-06
2.5414607e-05
0.010745843
0.92043227
0.9953215
1.1353375e-06
5.411523e-05
4.1423948e-05
2.6048338e-05
0.013690128
0.065263346
0.0001261946
0.0037285786
1.40312895e-05
0.00013935142
0.001278755
0.003050118
1.229807e-06
2.6893946e-05
7.290563e-05
0.43236625
0.021155061
0.00016421833
2.111855e-06
5.122594e-07
3.8270246e-06
0.13602887
0.9949249
0.0001651333
1.5544905e-05
0.00013110053
5.4959717e-08
1.9554862e-05
0.05179767
0.0029547894
0.9941901
0.00018439171
0.004755728
0.0021817717
0.0062764334
0.0038891325
2.6422093e-05
0.028967617
0.0002977753
0.00029229408
0.99956197
0.0025269517
0.6987322
0.098829016
0.999997
0.018727563
0.020728769
5.5090857e-07
0.00010781819
9.08788e-05
8.048513e-05
0.0710068
0.11844525
1.6165378e-06
1.1552854e-05
0.70292926
3.5126242e-05
0.039072197
0.00075721974
0.0014120801
0.0005868468
0.94869393
0.0012712756
0.898663
9.075012e-06
0.0004214491
4.4103308e-05
9.88526e-06
0.0005492085
9.564521e-05
6.4243413e-06
8.630314e-05
0.9915527
2.6769555e-06
2.4210123e-05
2.555285e-07
1.3912264e-05
0.998779
0.99682134
4.812329e-05
2.0133446e-06
1.4027998e-05
0.9216343
0.00068452844
0.053625893
0.0004106015
0.008648707
0.0009358485
3.5126242e-05
3.8298444e-05
4.4647808e-05
0.0002135106
0.9999971
0.0011875468
0.9994085
0.0009240509
0.9999744
0.006430588
0.0037285786
0.0056118164
0.0050251153
3.6736736e-05
1.54187e-06
0.09216172
0.10658141
9.46175e-05
0.38684234
0.015294005
0.018777015
1.2763534e-05
0.9280922
1.9300555e-06
0.9562748
2.5242582e-07
0.9968243
1.234911e-05
0.095571086
0.004443521
5.432315e-07
0.113451384
0.001728644
0.0002488436
7.314403e-06
5.3203592e-05
6.953683e-06
2.0981201e-06
5.9801696e-05
0.9942853
0.0036710105
0.0009830713
0.47266942
0.0050251153
9.056657e-06
4.708403e-05
0.0025958032
0.9999892
3.630833e-06
0.0047228904
4.722469e-05
0.11844525
6.433868e-05
0.057731196
7.2929965e-05
4.6248035e-05
0.00014631126
5.030873e-05
3.330411e-06
0.0021448927
0.0022827424
0.0011943921
0.04011229
0.7482333
0.32238948
0.0006740209
8.043359e-06
1.5406838e-06
0.16687435
4.390788e-05
0.0696593
5.888949e-05
0.00020936802
0.0015342707
0.0009187134
0.015812157
0.72747165
0.000103825
2.6311943e-06
4.006247e-05
6.8198526e-05
0.036935735
0.00070711924
0.002782659
0.0077256
0.0007164696
0.6220093
7.9403144e-05
0.0026912892
0.9999999
1.6809616e-05
1.6932221e-06
0.000422719
0.009290966
0.03925077
1.5605481e-06
8.2478954e-07
0.0004137089
0.95287603
0.003667648
7.956078e-08
5.0214635e-06
1.47764185e-05
4.221314e-05
1.5513806e-06
5.0507548e-05
4.3926393e-05
1.1561958e-05
2.0133446e-06
0.00011631685
0.0007120381
2.098654e-05
0.017199004
0.0011067432
0.0039134924
5.7902012e-05
0.07955912
2.8864219e-05
0.06841972
3.0652638e-05
0.021155061
0.0021161153
7.363781e-06
0.025659082
0.00010806615
3.766115e-05
0.9839589
2.2093916e-05
7.404954e-05
0.0029609364
0.0009159296
0.12002299
0.9961458
1.0
2.9628484e-07
0.998779
0.00482807
0.54079926
0.0014120801
2.0482397e-05
0.098829016
0.00036385463
0.01206409
6.562283e-05
0.98599505
8.2720406e-05
1.3372731e-06
0.0009358485
0.0007529728
0.0003258335
8.343356e-05
0.99017185
1.7725126e-06
