0.00027991086
0.18917978
0.0018757186
0.007770218
2.9310813e-05
0.0049788337
0.052574273
0.00073124096
0.5394219
0.08410851
0.0043906914
0.0009695358
0.048496872
0.0042192684
0.99999785
0.847624
0.5936711
0.00018315199
4.8702645e-05
0.1952458
0.001129061
3.342037e-05
0.007326384
1.6635568e-06
0.13146625
0.2718849
0.985852
0.00035052447
9.001763e-06
0.0022876435
0.0028384146
0.006505345
0.054260433
0.00056684087
1.4591772e-06
0.99999994
0.76826197
3.3420336e-05
0.00013242126
0.6993855
3.5280527e-06
0.019015362
0.0009716544
0.00020541977
0.0030532223
0.015706686
0.0062551657
0.001540975
0.0007215105
0.8150856
4.700757e-06
2.1558422e-05
0.00056684087
0.00010491849
0.45376396
0.59416145
0.789333
0.99999785
1.6635568e-06
2.6044315e-06
3.004659e-06
0.14604284
0.99976915
1.9457146e-05
0.0021774936
0.005242991
2.9811668e-05
0.0060852524
0.00013759099
0.0016676649
0.0032418964
0.007751993
0.070330195
0.002969098
0.00021483898
0.2493399
2.4877487e-05
0.99971896
0.3052945
0.0017630996
0.0046804138
3.743792e-05
0.07907882
0.03296346
0.00020254577
0.5936711
0.009871206
0.001129061
9.6585754e-05
0.017163118
0.0010705629
7.512195e-05
0.975994
0.010018478
0.0002674433
0.00065340195
0.00018677935
0.0035510913
0.031113178
5.7230147e-05
0.059901603
0.0018950134
3.0793093e-05
0.9990763
3.342037e-05
5.7217432e-05
0.44783616
0.006073958
2.7232916e-05
0.004739938
0.007698951
0.43259844
0.007681743
0.0017111427
0.010557699
0.03178815
0.858605
0.00024445786
1.4789775e-06
0.00948531
0.0011436853
2.7232916e-05
5.7230147e-05
2.5678473e-05
9.3288865e-05
0.9467144
5.651048e-06
0.006076716
0.009845449
0.057831064
0.0001041283
0.0058020153
0.99975765
0.0017972934
0.00011493315
0.5574646
0.00057967554
0.2493399
0.0009269764
0.68301284
0.0076588914
0.9955443
0.9999747
0.99999815
0.04562328
0.023230892
0.20674857
0.0016544075
5.651048e-06
0.00056684087
0.50203013
0.007849548
0.065580495
0.0034740102
0.029208388
0.99922484
0.00041474405
0.00078013365
0.3494876
0.019398281
0.0504177
5.10606e-05
0.99999785
0.0003388578
9.231487e-06
0.26816913
3.9094604e-07
0.00011823176
0.1157166
0.4898321
1.4397065e-05
0.7363577
9.3288865e-05
0.0036352663
0.000162967
0.9991651
0.008993096
0.086302005
0.861923
8.4759125e-07
0.00019124358
0.0005148575
0.44783616
0.9997596
0.000372124
2.864363e-06
0.0071778195
1.1253854e-05
0.0166989
1.7233211e-06
0.002651503
0.00028151504
0.00012795597
0.99994737
0.9999485
0.66914004
0.0013727687
0.09751343
0.9996568
0.99928105
0.9999694
0.16810875
0.985852
0.00023509076
0.08866665
0.00010881159
0.2718849
0.0028936134
0.118847616
4.735683e-05
0.00021729317
0.0021390559
0.011498746
9.001763e-06
0.005707371
0.0021070833
0.0071778195
0.00036093552
0.0015356125
9.133357e-06
0.0016704226
5.840325e-06
0.99774665
0.00068974367
4.7817643e-06
8.1351354e-05
0.009224716
3.173018e-05
2.5529675e-05
0.004428132
0.9999962
6.6333296e-06
2.277796e-05
0.004918677
4.9004334e-06
1.3547784e-06
7.131727e-05
0.004739938
0.012716331
0.023230892
0.05211966
0.96083105
0.00092365575
0.9953679
0.0008210798
0.001138263
0.006430055
3.9858518e-05
0.0023901681
0.9857602
0.0004527321
0.001138263
0.99210775
0.00068744225
0.00013610277
6.0727973e-05
1.0895427e-05
0.027892407
1.8925022e-05
0.0023302434
1.1737789e-06
4.5774425e-05
5.2804063e-07
9.073446e-06
0.0012151396
0.0004362379
0.052574273
0.022548877
0.00040906938
8.0644195e-06
0.0010825791
0.00029977807
0.26621354
9.490151e-06
6.2525714e-06
0.00024841737
0.0008043986
1.5269314e-05
2.1558422e-05
0.00028151504
0.1952458
2.6584888e-05
0.008616109
8.218794e-06
0.6254963
0.0053467466
0.999995
0.1157166
0.00012666128
0.026989251
0.0043906914
0.70751154
0.013143469
0.22163282
0.26816913
9.963036e-06
0.99933374
0.91098267
2.4792651e-05
0.0041608745
