1.0
0.9992718
0.074547894
0.9997854
8.572088e-05
0.55021596
0.9698928
0.9784393
0.8349
0.015172324
0.002853922
0.031492636
0.97940874
0.0025221342
0.018090198
0.02010488
0.10806993
0.9919245
0.0012415656
0.017423501
0.020473301
0.00045210918
0.013692234
0.99999994
2.1137927e-05
0.0196555
0.0027510081
0.46694994
3.214423e-05
0.0061931196
0.002853922
0.6284179
0.028510137
1.0
5.3933672e-05
7.6123746e-05
0.00015782917
0.04116802
7.810299e-05
0.0007022597
0.009598091
0.057659827
0.057884622
0.25218004
0.018499812
0.00022261217
0.99997264
0.053974558
0.02737376
0.018377902
7.6123746e-05
0.89650846
0.24954827
0.00027853984
2.2214723e-05
0.046201862
1.1321995e-05
2.4294519e-05
2.465726e-05
0.0053219874
0.0043086037
0.98119414
0.0001063826
0.00033251234
0.99998367
0.00024006813
0.38879922
0.9686364
0.00022938442
0.38879922
0.000602407
0.0023611651
3.278259e-06
0.9951822
0.0002734423
0.8214042
0.015253054
0.014612168
2.465726e-05
0.02242591
0.000149723
0.017407672
0.033257574
0.0022318657
0.059646472
3.0752948e-05
0.98875904
0.00012777989
0.16348603
0.0068225716
2.3077248e-06
0.0004099147
0.11337558
0.11231138
0.00010451706
3.214423e-05
5.843965e-05
8.669155e-05
0.71855605
0.9996025
0.0011704654
0.018634021
5.4698292e-05
0.11337558
1.6010135e-05
0.00052406307
0.010166548
0.00024550123
0.0056020697
0.012214742
8.694071e-06
0.0003924501
4.1645202e-05
0.05616175
2.9059045e-05
0.009005041
0.026629638
0.02242591
0.045633756
0.00042651696
0.8183846
0.005635898
0.040380336
0.008299342
0.15595108
0.99644375
0.05298602
0.00026679132
8.193768e-05
0.9998008
0.015253054
0.0007826333
0.013316311
0.937454
0.99840105
0.00015084418
0.53802913
0.012990889
0.17773855
0.88739926
0.000511158
0.0001801312
0.99994963
0.5653324
0.00014406041
0.009229389
0.00025390545
0.0005835259
2.6681064e-06
0.9992728
0.01863403
0.012409156
0.0020046951
0.063972756
0.001059268
0.019862236
0.00097114255
1.259738e-05
5.3933672e-05
0.97962385
0.71855605
0.012059788
0.37503263
0.00026679132
0.9951822
0.99911195
9.898391e-05
1.0
0.00023643613
0.9999998
0.0008805949
0.093669645
0.061104424
0.03885201
0.0033622682
1.8384399e-05
0.00026887425
0.48632053
0.9706864
0.07058538
0.025156947
0.011562922
0.2187978
0.002062829
0.65026397
0.022130711
0.99960303
0.05618617
0.0022318657
4.210925e-05
0.00026827582
4.03993e-06
0.00034244536
0.99981207
3.357828e-05
0.00016066097
0.0033403342
0.6621018
0.005739542
0.31115943
0.031492636
0.0915267
0.93889064
0.91551673
1.4754311e-05
0.00055072503
0.00042273308
0.00054493896
0.0003039768
0.00374223
0.00046175657
0.00039860545
0.0027231835
0.01567758
0.22918494
0.15426853
0.14810227
0.0014237603
0.00055592513
0.89988035
0.02225182
0.9919245
0.012059788
0.0014699299
0.9999999
0.005572469
0.023788664
2.8771303e-05
0.00016071461
0.0006751714
6.7205714e-05
0.99981207
0.00050287327
0.00015389573
0.00094305666
0.055685386
0.9999993
0.3689542
0.00033019556
0.9967435
0.030350434
0.46694994
1.0385594e-05
7.60108e-05
0.000754812
0.18176626
0.9999897
0.99980944
0.29174894
0.00058772275
0.040238045
0.005038336
0.9919245
3.951638e-05
0.0017267434
2.8771303e-05
0.00011441615
2.7098462e-05
1.1105784e-05
0.013503535
0.10806993
7.744903e-06
7.960691e-06
0.0011017445
0.0011688955
0.9987403
0.9777211
0.98721534
0.00066255656
0.009310193
4.5415407e-05
0.0024204014
0.9999002
0.9999248
0.14340268
0.000100518366
0.34316513
0.0052036853
9.183516e-05
0.0021810927
0.0026306428
0.0002245161
4.1645202e-05
0.00030905558
0.033652928
0.08172485
0.03658734
0.010134525
0.16534948
0.008738595
0.6370459
7.844989e-06
0.019862236
0.011191796
0.664389
0.0043414794
0.00058772275
0.0034955998
0.025917193
8.229272e-05
