0.99984634
0.9631804
0.9973323
0.26964784
0.0061970353
0.93839926
0.0415118
0.00034329115
0.08636497
0.00024893045
0.010578521
0.0020384903
0.00021252796
0.50089407
0.0880436
0.00031879364
4.758281e-05
0.048949443
0.19366579
0.0020995953
0.2495686
0.00012964901
0.015490269
0.00034876613
3.7935384e-05
0.0017895927
0.00024893045
0.0018432417
0.7950371
0.00011524318
7.68535e-05
0.9961493
0.85918
0.0758509
0.0011545423
0.9320617
0.00025304052
0.00076964387
4.6122776e-05
0.002928093
0.0012213856
8.9947665e-05
0.74111605
0.0011695208
0.0021112934
0.0076969108
0.00021859421
0.00030917613
0.00024184053
0.009719508
0.00012806668
4.866527e-05
0.01405512
0.009293803
0.001123184
0.0001549583
0.9999982
0.2659037
1.8776298e-05
0.00051476125
0.0010744076
6.3910497e-06
4.758281e-05
0.004525956
0.18835936
0.00019557714
0.34241256
0.2495686
0.007822007
8.219829e-05
3.9189883e-05
7.5636007e-07
0.0011914513
0.0001213736
0.006775611
0.0017937134
0.0006713623
0.000114403934
2.1695782e-06
0.0018970907
1.1278199e-05
0.21982907
0.0006662466
0.0019686345
0.00030917613
3.8301292e-05
0.21696915
0.040196806
0.87013274
6.6331395e-06
0.45060232
1.0
0.87013274
0.01713503
0.6769102
0.0007444481
6.0638663e-06
0.0050277007
0.00054083345
0.03516561
0.029207483
0.0071028317
0.15764481
0.9693613
3.5478552e-06
0.0087220855
0.4616268
0.009019222
1.6070251e-05
0.00030952354
0.006775611
0.00031032308
1.4910884e-05
7.409814e-05
0.32011858
4.1381543e-05
4.267554e-05
6.547762e-05
0.008467398
0.05257281
1.8816343e-05
8.699552e-06
0.105631985
1.9048899e-06
0.0046959645
0.0113863405
0.00047067387
1.8179658e-06
0.000979599
0.8070744
0.9999685
0.8365292
0.009318021
0.73567986
4.0525112e-05
0.0004838758
0.0011976897
0.9999996
0.5706425
0.024656868
4.011547e-06
0.00013491041
0.98524016
0.0015380988
0.019650916
0.5201194
0.5301805
0.0010077554
6.2314034e-06
6.1090825e-05
0.9999296
0.64422786
0.040304784
0.0041557406
0.9160463
0.6968366
0.00014648086
4.0159437e-05
0.7668547
0.10362898
0.006095161
0.24804595
0.99909157
7.665939e-05
0.03765723
1.1978673e-05
2.0842972e-05
0.0034552538
0.9494986
0.5604119
0.9999851
0.0015017434
2.266254e-05
3.8538892e-07
0.00015419009
0.024823485
0.44165954
0.0022581501
0.44487095
0.020682745
4.1535735e-05
0.00020321451
0.0002090706
0.008325883
0.0022304794
0.0010759342
0.9982713
1.2869282e-05
6.6331395e-06
0.007910516
0.00032439813
0.000119854994
2.477712e-05
0.00017518393
0.9994105
0.0034457878
0.015490269
0.20274532
0.0021112934
0.5301805
0.04668515
4.0432078e-05
0.0036256935
0.00032439813
2.5797985e-05
0.9950517
0.32750198
0.9994105
0.0066896565
0.819306
0.00064137514
0.99981564
0.003915798
0.99259686
0.003868746
0.7164067
0.19317807
0.0034077694
0.0031149478
0.0013712543
0.04517754
7.771991e-06
0.010692825
0.0074160425
0.0002671925
0.004859234
0.0112076
0.9947766
0.9846729
0.31925777
0.00037993796
0.033975504
0.008467398
0.01816645
0.01280191
0.00027957695
0.9968571
0.000111413574
7.409814e-05
0.00049623195
0.00025304052
0.75931066
0.007921613
5.2886826e-05
1.4103048e-05
0.9465233
0.004971688
3.1757438e-06
0.0020469557
0.28964576
0.9999996
0.030610364
0.00016221523
0.0027879036
1.7693745e-05
0.6769102
0.99975914
0.98937505
0.018380973
6.0171005e-05
6.1306305e-06
0.999823
0.99993134
0.50536484
0.0003121191
0.00014007669
0.22358146
0.00013152827
0.99951977
0.8070744
0.00020128342
0.006106157
0.009289272
0.32750198
0.00049623195
0.006129787
8.15447e-06
0.06223525
0.105507
2.4212663e-05
0.9989506
1.2797564e-05
0.03439443
0.09528705
0.97117066
5.3103024e-05
0.23127876
0.0021112934
0.0011695208
2.3706004e-06
0.00068927446
6.176099e-05
0.07863067
0.00064137514
0.00014115176
0.013242241
0.005178821
0.0060421275
0.0054956377
8.219829e-05
