0.99999607
0.0068649873
4.6407346e-05
0.0039576506
0.0007168285
0.00014063291
0.36043155
0.99999934
0.003715328
0.00044027835
0.61429876
0.4369709
0.00010060602
0.18187524
0.0022018494
0.037763614
0.00016776915
0.00010078452
0.046152234
5.4301468e-06
7.3620395e-06
0.9998813
9.628385e-05
0.00060922076
5.4438334e-07
0.9999995
0.0004333604
0.00015565638
0.9961663
0.0026817978
0.0039684814
0.9999942
2.0138123e-05
1.4386868e-06
0.00015881042
0.9999907
0.008569169
0.9962702
0.99994445
0.01319355
0.034129273
0.000103729304
0.9913021
0.14567743
0.07337394
3.0007423e-05
0.0013660229
0.00786497
0.0042249784
0.00010060602
4.3415068e-05
0.03174523
0.9019124
0.9596443
9.788458e-05
0.82187754
0.004631155
4.7203976e-05
0.94579256
0.20998853
0.0253955
0.0011576699
0.001281095
0.9996155
0.015455345
0.0008438693
0.0068438784
0.009784181
0.00033468325
0.0022653707
0.0001939341
0.000426154
6.8236113e-06
0.01727615
0.021755561
3.5004956e-05
0.00011986734
0.00011518506
0.00067916163
0.21637292
0.00013804555
0.000108148
0.0010098203
0.004819534
0.08919948
0.0031863418
0.81925577
0.00011812718
0.00068535417
0.0006756223
1.3988789e-05
0.0001413678
1.9754085e-05
0.9999825
0.00011141613
1.5431351e-05
0.00050822453
0.0025581988
0.00015588541
0.0043681683
0.21386135
0.00089847296
0.000261143
0.00010846527
0.37480643
0.8295734
5.9632104e-05
0.00010773659
0.9998957
0.0052887015
0.00010194791
0.95381993
0.014675627
0.00018363322
0.9829726
0.0005249698
1.0472774e-06
0.016149532
0.0025405008
0.9745113
0.002099613
0.81938416
3.432507e-06
0.000108148
0.0145501485
0.004872663
0.002855749
0.0015536094
9.247914e-05
2.2761391e-05
0.0026817978
0.0006662647
0.00016498897
0.0110372845
3.2944732e-05
0.00074638665
0.00046453928
0.018688785
4.9635632e-06
1.26648965e-05
0.9961889
0.000454515
0.0018152136
0.013785987
0.0005435181
4.316972e-06
0.07351408
0.00015647992
0.99999875
0.00028135942
0.0006662647
0.9999935
0.005357858
0.9649686
0.9982393
0.0001939341
0.00045647513
0.56898016
0.03404377
0.0012948206
4.8153866e-05
0.0105516
6.789138e-06
0.00018109076
0.002140473
0.00019459463
0.0025581988
0.0017663983
0.005442191
0.9991522
0.123505086
8.536051e-06
2.7086888e-05
4.7858855e-05
0.03255183
0.0044483207
0.032714333
0.00028130764
0.1279367
0.14567743
0.2846939
0.10927353
0.06273978
0.0001897849
3.683995e-05
0.007200933
8.783087e-05
0.0050816014
0.0001140904
0.9596443
0.9999949
2.0796908e-05
4.7942162e-06
0.0004333604
3.9825427e-06
0.01182826
0.0008831216
0.00045647513
0.00026681623
0.24518763
0.98797923
0.008523097
0.0010727001
0.00089847296
1.6516974e-06
0.0005107922
0.09223512
0.0008078861
2.7673106e-05
0.013761638
0.0010723757
0.00010078452
6.429225e-05
0.009271548
0.0038514887
0.010829619
2.6868875e-05
0.0054582832
0.0018242144
0.71987534
1.372304e-05
3.4746377e-06
0.0001915772
0.0021963553
0.99986225
0.977819
0.8788175
0.5583059
0.09005558
0.0010691264
0.00037368463
0.00025104458
0.79865
0.00011207475
8.053546e-06
0.005302541
0.0028869526
0.0009352677
0.00026681623
0.000115284834
0.048305128
6.4843385e-05
0.99968773
1.9143683e-05
0.8900856
1.5612652e-05
0.05968338
1.517468e-05
6.3168874e-05
0.99987584
1.2637682e-06
3.9825427e-06
2.7665401e-05
0.0025959194
0.004819534
0.018891549
1.687439e-05
2.1843143e-05
0.0001657234
3.0007423e-05
0.00063481997
0.0010147667
0.0002970072
0.0013116453
1.609507e-05
0.0032377231
0.0013807485
0.82959163
0.9933543
0.9997753
0.9009119
9.5963856e-08
0.9932258
0.023182236
0.003414096
1.417735e-05
0.05187893
0.9999953
0.0022762842
8.4957064e-05
0.0048166984
0.9998576
0.999997
0.9982393
0.9961663
0.14030904
0.74110186
0.0017834684
1.834076e-05
0.0021826033
2.6684866e-05
0.003715328
0.0011876504
0.0006723375
0.011366948
0.21386135
0.0001370813
0.0014553664
0.036306463
2.3528905e-06
