1.0
1.0
1.0
1.0
1.0
5.146734e-06
1.9142277e-05
0.9999967
6.996311e-05
0.35735843
0.010343209
9.28107e-06
0.99982095
0.00015449767
0.049352087
0.9740382
5.218106e-05
0.015114515
0.05269733
0.0012524215
0.00018123568
0.027061818
0.99945813
0.00023248747
0.00019219542
0.0008292786
0.0009692878
0.035557624
1.0376674e-05
1.559072e-05
0.99999934
0.0011056003
0.000948935
0.5465459
0.0036934407
0.999964
0.84058315
0.00023202488
0.0027867004
0.13948359
0.026336491
0.00078747235
0.5285244
0.0009926524
0.9999978
0.00040048966
4.721064e-06
0.0008109215
0.058580123
0.5338993
0.99842423
4.5979027e-07
0.9998346
0.9684205
0.7817776
2.7626794e-07
0.0010321229
1.0408014e-06
0.047343973
0.9456077
0.03845228
0.906824
3.1157935e-05
0.99548805
0.7550979
1.5364067e-05
0.07656939
0.22828676
2.4659817e-06
0.9973371
0.031222817
0.30087754
1.1064523e-06
0.007335118
0.0001511794
4.433965e-06
0.0011969204
0.31703135
0.09397079
0.0074855285
0.002074555
2.4865247e-05
0.99401814
0.0002554958
0.107523605
0.56711686
0.00015044714
0.903598
0.00012552242
0.0006687342
0.00037883667
0.000150126
0.043925397
0.9998346
0.0011506535
0.0012011337
0.0019754544
0.00018475126
0.16937524
9.608904e-06
0.003522205
0.0025801999
1.0142248e-05
1.1539729e-05
0.06026226
0.00028725475
6.06101e-06
0.008575783
4.025986e-05
4.8361737e-05
1.4252043e-05
0.0094117625
0.6790846
0.91515064
4.9105806e-06
1.6454573e-05
0.0033311108
0.01351772
4.025986e-05
0.13344824
0.05333224
0.01178215
0.00034339164
0.9894974
0.5240658
0.0006687342
2.9416717e-05
0.0036934407
0.99956226
0.00047356216
0.025368411
0.010980359
0.00044080077
0.9999985
0.2716435
3.9409726e-05
0.978315
0.009240514
6.588562e-05
0.9994865
0.20929141
0.00017685066
0.99998426
0.00070367294
0.0015628033
0.99999934
0.0066957013
9.728914e-06
0.013389788
0.0008398035
0.0002872545
3.9521233e-06
0.3715533
0.0012150471
0.23386353
0.93941075
0.0010047724
4.520476e-05
0.00065108115
0.0019530617
0.0008833114
0.005812975
0.9994975
0.005812975
0.10358951
0.001471774
0.0019530617
0.023293985
0.0011413471
0.9937543
0.0003392177
0.005573785
9.300581e-06
0.0015483925
3.952131e-06
9.901524e-06
0.7550979
0.9937543
0.002385309
7.939599e-06
3.158547e-07
0.00038265326
0.0010833261
0.08142634
0.004632514
0.00036733874
0.9999773
0.28949466
5.9466744e-05
4.188277e-06
0.0019354803
0.4646421
0.35340768
0.89931995
0.0002293877
0.000953005
0.004478694
0.78302747
0.0018050272
0.21436512
0.06787392
1.0
0.102133475
0.07771467
0.00030569904
2.1693673e-05
0.9857179
1.4902218e-06
5.569297e-05
0.9999823
0.015180078
0.00024332355
1.31429915e-05
2.0645266e-05
0.0028136065
0.9272033
0.008421896
0.004376245
2.0601308e-05
0.42481366
0.0013366535
0.13948359
0.32217392
0.005118763
2.641466e-05
0.0003109062
0.00021629642
0.021148585
0.9450993
0.0020130035
0.5831201
0.0026108576
0.0033777487
9.300581e-06
0.0034468588
0.44378227
0.008731238
0.008180876
0.05269733
0.0006700123
0.00088111905
0.0094117625
0.040650405
0.016356476
2.480161e-06
0.00033636834
0.09171955
0.99991655
0.9997735
0.15937608
0.0012282173
0.00044080077
0.0022283283
0.9998649
0.999997
4.406274e-05
0.19191538
0.016356476
8.526418e-05
0.5906025
7.445015e-05
0.99847215
0.15818453
2.0601308e-05
0.001222394
0.5532054
0.0001042857
0.0021537163
1.4647411e-05
1.5991315e-06
0.0058588386
0.0008706672
1.6103588e-05
0.9999984
1.997806e-06
1.00983925e-05
0.0009808204
0.008475885
0.6122208
0.00037664635
0.070718646
3.6187546e-06
0.008731238
5.8089718e-05
0.031222817
4.4505526e-08
0.040629543
0.043531734
0.00017685066
0.016372971
0.9860117
0.01645705
0.89777577
0.0005301638
0.01578622
0.0012386091
0.00012129447
0.0001503466
2.4168323e-05
0.01178215
