1.0
1.0
1.0
2.856771e-06
2.167501e-07
0.0013945464
9.8705576e-05
4.3798645e-05
3.7646423e-05
0.27934667
2.1131243e-06
0.052111994
2.1307591e-05
0.018874057
0.020472651
0.9981898
0.99951804
0.02285643
0.00083499955
7.142637e-05
0.00018328406
0.00022916429
6.4356725e-05
1.2751708e-05
0.00015007606
2.2324296e-06
0.00017344256
1.1172923e-05
0.0006498521
0.0004231899
1.0534162e-05
8.3111263e-07
0.0018226625
3.0582773e-06
9.136766e-05
0.0013038458
0.1539996
7.0591327e-06
0.0011637094
1.4324971e-05
0.00011042612
0.06259307
0.00013078787
6.5504746e-06
0.0027274862
0.00013343502
3.0627402e-06
0.14561677
3.784552e-05
0.95209724
6.4291805e-07
0.0001733222
0.00700486
0.9999977
5.7084085e-06
0.82869035
0.99985105
1.3001404e-07
0.9990714
0.4597796
0.16897032
0.00025099624
0.0041842856
0.00035019915
1.7022947e-05
0.0006698447
0.0010229825
1.6108683e-06
1.5388057e-06
6.421346e-06
0.0002752647
0.343734
0.050791457
3.249131e-07
6.42134e-06
0.03126633
0.00021325261
2.3549946e-05
1.51507e-07
1.2748704e-05
0.003922289
1.7803463e-06
6.5504746e-06
0.014010646
0.00015662053
0.00038418313
9.4072e-07
9.56595e-06
5.6899285e-07
0.08779745
1.1442571e-06
6.587871e-05
0.00050386984
5.5503206e-06
1.7663198e-06
3.2441847e-06
7.736628e-06
0.0070259995
0.00061259023
0.44945028
0.024106903
6.1652485e-05
7.55243e-08
8.358534e-05
0.00049794366
2.0079076e-05
0.99999887
4.291821e-05
0.32366177
0.999712
1.4511767e-07
0.00066383206
0.00074682996
0.8972253
0.06259307
0.0035888897
0.0011661751
0.0027397976
0.0010049836
2.6849325e-06
9.975082e-06
4.5901224e-06
0.99998814
1.1176525e-06
0.00011042612
0.97257
0.019700803
1.5388057e-06
2.6416727e-05
0.0006462437
0.021685934
0.5910684
0.013487511
4.8700113e-06
5.538803e-07
0.0012458634
3.3652395e-05
0.0010770506
3.2607604e-06
0.3596896
3.9281836e-06
0.001433021
0.0002985895
0.00011036053
0.00011863674
0.07283204
7.55243e-08
0.036588036
0.00038418313
1.3131589e-06
1.5741574e-07
0.0012874722
6.98816e-08
0.0027111485
2.5343208e-05
0.026395602
1.6501418e-06
2.898979e-05
1.0407857e-08
0.0077130576
5.508481e-05
3.8915634e-05
2.886595e-07
0.00014924437
0.9447885
0.12283181
0.00031750696
0.00023814675
0.000757481
0.99982864
1.609078e-06
0.0016688242
2.2089112e-05
0.0013910566
8.3745144e-05
0.00032174098
0.010588382
0.030827094
4.835191e-05
4.65314e-06
1.9072686e-05
4.702112e-05
0.01156555
7.216248e-05
0.9438346
1.2368807e-06
0.0010579949
8.281749e-05
9.8705576e-05
2.3648852e-06
0.001950033
4.7729052e-05
0.0002211887
2.6926458e-07
0.009023324
9.1441056e-05
0.00015662053
1.4691176e-06
0.98919624
7.058405e-05
0.00010650654
0.013970949
0.0016982129
3.12888e-05
0.00040872814
8.730246e-05
0.0011372063
0.0002325287
0.036588036
0.028776256
0.000441344
0.045232993
0.89801335
0.0051258244
0.06259307
1.2897147e-05
2.4012561e-05
0.0024382956
0.001774219
1.3695668e-06
4.4469402e-06
1.382151e-07
3.7673542e-06
2.0264693e-05
1.4904557e-05
0.00058103574
0.6825811
0.0061255586
0.7994245
2.2365477e-05
8.281749e-05
2.308235e-05
3.9503193e-05
0.0006698447
1.2614744e-06
0.0008153035
0.0006400061
0.0011622726
1.8615448e-07
0.012501732
0.00020365481
0.0001991518
0.9747765
1.3805953e-06
0.14561677
7.118e-06
1.9451803e-05
0.99997306
0.99950826
0.9998425
2.6849324e-07
0.0011827106
6.6067505e-06
0.00066383206
0.9463898
0.00015489137
0.00037614757
3.3960032e-06
2.1241289e-05
0.00700486
0.9996332
0.9483913
2.6108302e-07
9.917995e-07
2.3893093e-05
8.983753e-06
0.003367491
0.00043643298
0.00010272048
6.252533e-05
4.702112e-05
2.4432052e-06
0.0015973519
0.008071102
0.00091948756
0.9977766
0.0041842856
1.8492858e-05
0.28179696
0.0008413378
2.1722605e-07
0.016149934
0.0001317821
1.4001798e-06
0.00015737653
6.4356725e-05
0.01709389
4.6732944e-06
0.9809756
0.001091163
9.300714e-06
0.26552072
0.060621444
1.4788769e-05
0.000119145996
0.99996144
0.060621444
0.06237422
6.653754e-05
0.0001020989
