1.0
0.99999976
0.00012227925
0.00027978333
0.96175605
2.3323515e-05
5.552852e-05
4.7287238e-05
1.3947813e-05
8.253832e-05
0.0005735729
0.00422835
9.3691403e-07
0.00012599838
0.00014174655
3.495632e-08
6.6492124e-05
0.0005734012
0.99997234
1.5161427e-06
0.0028368914
0.9999901
0.0039908034
0.00081622344
0.99584174
4.3476055e-07
0.0011591519
0.00015311003
2.3339199e-08
0.20722651
0.00015146768
3.7404872e-05
0.0001369406
2.791142e-08
7.413504e-08
5.1699743e-08
1.1874582e-07
8.785148e-05
0.00039821194
3.3582884e-07
1.0473223e-06
0.99584174
9.757961e-08
0.00014306097
4.0236505e-06
2.2690908e-06
3.3460665e-07
5.4471643e-06
5.3810276e-05
0.028348336
1.793271e-08
1.7958728e-06
0.999075
0.03344784
0.00023354366
4.6910577e-06
0.00074020645
0.0039908034
3.7011878e-06
4.219428e-06
6.6925105e-07
0.95480716
1.3270956e-06
2.043676e-05
0.00019442735
0.99266887
0.0035807465
0.00015340142
2.7973142e-06
0.00019586005
1.2342542e-06
0.020127067
0.0044624936
3.1780175e-05
1.0061319e-07
1.1873005e-05
5.2367863e-08
0.00010511817
0.20722651
0.016860446
3.6016518e-05
2.6292303e-06
3.0193141e-06
2.7374128e-06
9.241733e-07
2.0011641e-06
4.4381512e-08
0.99583244
1.5798525e-05
2.48409e-07
5.0454455e-06
0.00010045906
3.5236746e-06
0.0077853454
0.001000901
0.59260833
5.472697e-08
0.00063245994
2.8732686e-06
0.999075
3.4138595e-06
2.3052085e-06
5.5860946e-05
0.00015152113
3.853276e-05
0.0048759407
0.98480767
5.1699743e-08
5.5864194e-07
9.567036e-06
0.030137494
5.624227e-05
0.053259823
0.00021460824
0.00024437398
0.000621844
9.392878e-08
2.2745528e-06
1.3955815e-07
8.951485e-09
1.793271e-08
0.00015811266
0.9908969
0.11976193
0.00016177115
0.00012645179
2.523254e-05
9.1871596e-05
0.0034594398
7.841221e-08
0.68310565
7.415851e-05
0.050327998
0.8824955
5.3810276e-05
1.8865036e-05
3.6514695e-07
2.5536083e-08
0.5561885
0.00032834377
0.9996722
0.9996222
0.0022896663
2.850863e-07
1.7836019e-05
1.1939562e-06
3.9949693e-05
0.99088115
1.8504991e-08
9.88021e-05
1.5687814e-05
0.0005868946
9.34516e-06
0.0001369406
0.0005067048
2.3751198e-05
0.9438525
5.148953e-06
0.35359594
7.791954e-06
0.98701453
0.99989223
0.020744814
0.0030062576
2.7340544e-05
1.2521792e-06
2.0891712e-06
0.050327998
2.8876224e-05
0.00011294225
3.9949693e-05
8.409225e-08
0.0022563224
0.005112754
1.4985576e-06
1.9654175e-05
0.001801118
1.3947813e-05
0.0005067048
8.2984224e-07
0.00039885537
1.6748974e-06
1.0537191e-06
1.7958728e-06
1.5283815e-08
2.0619693e-07
1.026364e-05
7.362517e-06
1.1604354e-05
0.98885876
4.9706836e-07
0.0015530954
1.026364e-05
5.4995897e-05
0.00040827988
0.00011073919
0.00029684158
0.0019259554
0.8299461
5.3130174e-05
0.00028175727
0.0004583544
0.9999997
0.00025344183
2.205577e-05
2.3815976e-05
1.1245357e-06
0.97800183
8.785156e-05
0.00011524615
0.00067206804
0.964396
0.04409072
4.4904345e-06
3.1769162e-06
1.4896973e-07
0.0020402505
1.026364e-05
5.7816487e-06
6.257144e-05
3.0661717e-08
2.5126934e-05
4.0899035e-08
0.0014860358
9.737886e-05
1.5315557e-06
0.0433155
0.04358192
1.9496227e-05
0.024251454
1.424726e-05
2.55641e-05
0.2608364
3.075154e-05
0.00040714868
2.6983113e-07
5.7225964e-07
1.4540178e-07
0.00058251567
0.008583363
0.52081794
2.8265362e-07
0.00081059395
0.0008069252
1.4364554e-08
0.24162221
6.475821e-06
0.00012808449
2.6983113e-07
0.0016153298
6.5296655e-07
0.015768094
0.36251277
1.5190502e-06
1.6099975e-07
0.0003351983
0.0001391788
0.0048759407
1.313447e-06
3.5710967e-05
0.000621844
1.2030256e-06
0.9975554
0.00042323308
3.251593e-05
2.9782134e-08
0.000112374495
3.251593e-05
0.0044587604
8.8810793e-07
0.9999908
1.3264554e-06
0.00022460261
1.5161427e-06
0.29537773
9.241733e-07
0.00010452284
3.0252932e-07
2.3123409e-08
3.9015606e-07
0.99938375
0.67481995
3.7833037e-05
7.808266e-05
0.802525
0.3104976
1.7810406e-08
0.27184457
1.0221337e-06
0.9149905
0.55274314
4.4843837e-05
0.00022460261
4.7701137e-06
7.527856e-05
6.403539e-05
6.723219e-05
3.1780175e-05
0.00015104943
5.4434986e-05
