1.0
0.00042915405
0.92851096
0.05293949
0.12032031
0.9947251
0.004656175
0.006901406
0.8641329
7.868482e-05
0.57000107
0.64804447
0.00039356435
0.0012296623
0.00021945
8.277517e-05
0.0012296623
0.138282
0.007437079
5.0105664e-06
5.4772303e-05
0.0064272685
3.732833e-05
0.028127415
1.922898e-07
0.13625534
0.0012850907
0.046693873
1.4685582e-05
0.0007111578
7.965622e-05
0.99912053
0.7515598
0.8348731
0.0008032232
1.671779e-06
0.0003095616
3.0316383e-07
0.00012586497
9.043445e-05
1.2008079e-05
0.00023054804
0.64804447
0.997002
0.52414525
1.9314755e-05
0.010639774
5.7466104e-07
1.7949499e-06
3.483977e-05
5.9708526e-07
1.9222435e-07
0.00053267286
0.003749125
6.117216e-06
0.00023956715
1.7530689e-05
1.7361866e-05
0.041302525
6.300273e-07
0.00019700329
2.5340647e-05
1.7967817e-05
2.192744e-05
0.00012179051
0.9883875
0.003003799
1.1014446e-07
0.9932317
0.01127651
0.000113605776
2.1691667e-05
4.534315e-06
0.0018470744
1.2212902e-06
0.29891616
2.5775676e-06
3.3637225e-06
2.297264e-06
0.70678306
0.6541507
0.00040486958
0.046911728
4.2127012e-06
6.9254374e-06
0.00016189554
0.00805715
0.006901406
2.357585e-06
2.4660895e-07
0.45496538
0.87527376
3.798505e-05
0.0012615877
2.8000259e-06
0.0010033543
1.0892583e-07
0.9865649
3.95376e-05
2.6053058e-05
0.9795824
0.73021007
0.33184624
0.004571286
0.00022226562
0.00088537537
0.017967008
0.09607341
0.0012683348
0.77799386
8.239474e-06
0.00029598025
4.794213e-05
0.010515493
1.5356187e-05
0.05930209
1.5381e-05
3.8809313e-07
0.9438921
9.991975e-08
0.00028552173
6.04705e-06
0.2081045
1.17149765e-08
0.000637577
0.32050693
1.9796867e-07
9.357824e-06
0.0004133033
6.803351e-06
0.0048979865
0.99985665
0.0021059085
5.062716e-07
6.366762e-07
2.192744e-05
0.0017944375
8.011971e-05
6.102084e-06
7.14007e-07
8.277517e-05
1.9494031e-05
9.1981e-05
0.00028540552
0.012305706
1.4036147e-05
0.018966751
6.377603e-07
0.07861371
5.1654428e-05
0.0045396728
3.878552e-06
4.7457463e-05
0.00020459722
0.0017944375
9.879597e-05
5.079414e-06
0.03471023
1.7841944e-06
0.9965283
0.0040541915
0.0008158794
0.000104559826
5.0105664e-06
0.38826752
6.5976354e-05
0.7805659
9.888483e-06
0.004281966
2.0511563e-05
0.62530154
0.0008835037
0.0680788
9.9805184e-05
0.9800108
0.99999976
0.0007814335
0.0009792676
6.1446815e-05
0.99999857
0.00082995964
3.9080307e-05
6.988243e-05
3.8202837e-05
0.031867005
0.000673306
6.8814984e-08
0.3924601
0.35539693
8.528166e-05
8.705025e-05
0.9791859
0.9997749
3.5663227e-06
0.58131474
3.371034e-05
6.6263994e-05
0.002256125
0.0008824121
7.7966804e-05
0.05626718
0.9993522
0.0044445717
1.762591e-07
0.0003860386
4.9718205e-06
0.97508544
0.0043499093
9.535134e-05
0.002452957
0.0051949644
1.1679546e-06
0.9988328
0.9988328
0.0044852067
0.00025063942
0.0014593077
0.791277
6.2403055e-06
1.4266158e-05
6.3555e-06
2.785298e-06
4.8980223e-06
6.126434e-06
2.8863417e-07
0.3820607
7.059254e-06
3.5509624e-06
1.6804428e-07
1.1825623e-05
0.0004263633
1.4524836e-05
0.0013472089
0.8900575
9.57459e-07
1.9040792e-05
0.00013661623
4.598676e-05
6.8186932e-06
0.0017391514
8.0840575e-05
1.4144074e-05
0.00082841056
0.024481317
0.0032389115
1.9574582e-06
0.00087724923
3.5689452e-05
4.076985e-06
4.4314033e-06
0.99998367
1.1801244e-05
0.00010914392
0.0027124265
0.0005540565
4.1731442e-07
0.9970727
2.1691667e-05
0.0018754383
4.491874e-05
3.8172666e-06
5.0453586e-06
5.548183e-06
0.45855373
3.0903725e-06
4.3186543e-07
0.9999348
0.00011203522
9.274528e-08
0.99996537
8.529695e-05
0.0006606747
1.2565596e-07
0.00082995964
0.043121424
0.1500877
3.8172666e-06
1.7949499e-06
0.06249202
0.0006375487
0.73322606
3.8000718e-07
0.00052583637
0.0014807717
2.1753256e-05
0.9998343
0.00020861538
8.528166e-05
8.818153e-07
0.99431455
0.045947738
2.5190543e-06
0.0024480005
0.0021161765
0.00064771395
0.0068675005
0.0024617654
0.0010063344
0.015820477
5.415537e-06
