0.869889
3.7388825e-05
0.14409524
1.59078e-05
3.4637986e-05
6.4632013e-07
0.002464901
0.0001888232
0.0005366801
0.038870312
0.00023102862
0.014628738
0.00016013974
0.005541917
1.0815297e-06
0.0066295085
0.07576727
0.9505173
0.0004695437
4.017725e-05
0.0001281148
0.00056673336
0.0001888232
0.0020424286
0.99957037
0.0015240997
0.0015061322
0.8864918
0.009537906
0.6502512
5.680013e-05
0.012172797
0.00052940403
0.7976271
0.00017385453
0.008049653
1.2624416e-05
0.00993473
0.9929227
0.13849726
0.012621146
0.57594776
0.00013370172
0.34662062
0.9998255
2.4796482e-05
4.409221e-05
2.010341e-05
0.002949062
0.99999976
0.005138392
4.5090566e-08
0.005697014
0.90286523
8.622758e-07
3.465867e-05
0.00028962383
0.35990685
0.9999113
0.008831205
0.00013871692
0.99999976
1.1785414e-06
9.941007e-06
0.19687012
0.0010963733
8.0573265e-08
0.014049617
0.009537906
4.226454e-05
2.2550605e-05
0.052212544
0.9998465
0.92914
0.0003458236
0.00056673336
3.6183486e-05
4.4814074e-06
2.0807065e-05
2.0944113e-05
8.9117583e-07
0.00089225837
3.4637986e-05
0.0001430566
0.004875309
1.8502791e-07
0.09664853
0.972558
0.0011906923
0.16570224
0.00041428668
2.3133525e-06
2.0856357e-06
3.2230328e-06
0.00040152602
0.009910161
5.6647142e-08
2.1047268e-05
0.3117879
0.98803663
8.849411e-08
0.00015714951
8.622758e-07
1.8981922e-05
0.0001017104
0.00265756
0.9999113
0.000249975
2.1415111e-05
0.1124976
1.32582045e-05
3.4835032e-06
0.00055171567
7.0697766e-05
0.19687012
2.8167972e-06
0.0042295605
0.00011016203
8.221375e-07
3.542547e-06
4.745844e-09
1.3175824e-08
0.014207826
0.0005229825
2.81106e-07
0.02013907
0.0009923395
0.003350172
0.93777055
1.7298948e-05
0.0003501499
0.0002823004
7.135278e-05
7.1480126e-06
3.6737787e-05
0.008396351
1.323544e-06
4.472629e-06
7.826485e-05
0.0022986117
0.0017718517
4.4814074e-06
0.0007850231
9.632209e-06
4.4814074e-06
4.017725e-05
0.6549536
0.047164977
0.0010920708
0.059150502
0.0020355997
0.048239235
0.00042698823
0.999942
0.029394936
0.002464901
0.041639253
0.0035077445
0.00027155847
0.00071702455
1.3751106e-06
8.962686e-06
0.91403484
0.00020965189
0.00012282639
0.9973335
0.22813465
9.0240625e-05
0.012684218
0.0016986866
1.5786416e-05
7.040389e-06
0.01611604
0.0016255358
4.4970857e-06
0.99941367
7.161324e-05
1.02742725e-07
0.97150445
0.00016688272
0.11882662
6.0254493e-05
6.9639216e-05
6.8011063e-06
3.8027835e-07
3.1617221e-06
0.7988851
0.00036515776
0.0013218398
0.031915013
2.2392922e-05
0.004455646
6.715412e-07
0.41651773
0.009629135
0.00097093487
2.4816447e-05
0.0002757756
0.00059136894
0.002464901
0.00014270455
0.14409524
1.3422933e-06
9.4266456e-05
0.0028476948
2.1634236e-05
0.012664872
7.739616e-08
2.0241865e-05
2.1415111e-05
0.00016934308
0.99503744
5.965423e-08
0.0003007855
0.999218
0.00013588544
0.019698068
0.00055479683
5.0289353e-05
1.18719745e-05
0.0004097686
0.24862815
2.8001916e-05
0.00046709736
2.6515702e-06
2.0461392e-05
0.0009383766
0.7826938
0.46887076
4.447305e-06
0.0001564641
0.00010166502
7.716428e-05
0.00042698823
1.9648234e-05
0.99966264
2.595248e-05
0.03373079
1.717233e-06
0.0006724749
5.392015e-05
2.9689995e-06
0.0069333697
0.029912902
3.6095382e-06
0.26959538
8.731195e-06
0.0031187925
4.8206102e-06
1.5057246e-06
0.9999978
0.0005564165
0.0036678866
1.1422062e-05
2.4894047e-07
0.0022986117
0.999495
1.0524714e-05
9.88668e-07
0.004557442
5.2030845e-07
6.4632013e-07
2.466173e-05
0.0015563256
0.0009333583
0.015863307
1.9823845e-07
5.694082e-06
0.0071664248
1.1888562e-05
0.052454717
2.0881469e-05
0.00013588544
0.0003458236
0.00014838616
0.0048896824
8.697939e-05
0.03716044
0.001081672
0.0008444637
0.0421091
0.0015759772
0.00019279028
0.009910161
0.00025115733
3.6683175e-06
0.0031448072
9.092849e-06
0.99848914
0.0077553317
7.018468e-06
0.0007714594
0.8875475
0.00023544361
0.0005366801
7.739616e-08
0.96801764
0.0005366801
0.6974846
0.00072842446
