0.016114445
0.4072736
0.010374039
0.0006266464
0.013310147
0.97302186
1.134557e-06
0.99998534
0.6709085
0.00018215753
0.16494788
0.15830456
5.3317974e-05
4.1650208e-05
0.00025300364
0.015265586
0.99999917
0.0054665804
0.96926326
0.0011246931
0.003968657
0.09997682
6.268282e-05
0.0075749326
0.0016101687
0.002708128
0.00913026
8.676019e-05
0.000592381
0.0007816919
0.0011051586
0.99999464
0.51896566
0.99242604
0.00022725214
0.00027521062
0.999993
5.2807452e-05
0.007066113
0.18789013
0.8937544
0.0006308627
0.00010664373
0.8378919
0.1659103
0.43701884
5.0742733e-07
0.99581176
0.014005358
0.0046981047
0.028861897
0.11366606
0.12267055
0.896803
3.271382e-06
0.9746793
0.0945718
0.12730366
0.620079
0.14113182
0.034666926
0.05157932
0.9992135
0.5092001
0.001807776
0.005666774
0.10669505
0.3433391
0.00042464025
0.2787311
0.19431952
7.7741264e-05
0.033770293
0.74228203
0.00065969105
0.8378919
0.0006162402
3.9952854e-05
0.45575774
0.00020489669
0.0008876755
8.1466096e-05
0.000885097
0.2778083
0.99952483
0.78090703
0.004113493
0.00010664373
0.00049793697
0.8299808
0.019978099
0.00020771705
0.8663755
0.9261799
0.21042314
0.041808482
0.04484875
0.0006341771
0.0013656411
0.99995875
0.04484875
0.0030983225
0.09613886
0.94176424
0.0014048436
0.21751861
0.9998776
0.0036534881
0.97877175
0.9999607
0.14106193
0.000100533034
0.0063870074
0.0011429971
0.0010340135
0.99827987
0.012440447
0.02688963
0.9876166
0.00026195045
0.000327833
0.002342856
0.6910796
0.0001090998
0.01825702
0.0018925105
0.0012028189
0.0086906105
0.08191428
0.9996857
2.8136883e-05
0.0089708
0.00010718856
0.0005109086
0.014674365
0.00066076696
0.028227638
0.99834394
0.34250572
0.0007789629
0.038474854
0.31840843
0.0346822
0.009644349
0.019978099
0.0066165086
0.020793132
0.004883278
0.002708128
0.18789013
8.326014e-06
0.0050247866
0.00018215753
0.5068319
0.001587154
0.99961036
0.00045764845
6.282063e-05
0.30961773
0.010374039
0.034495667
0.008820934
0.0052440874
0.99951905
0.98350495
0.0013160212
0.9715289
0.8605342
0.15233906
0.0050671403
0.0017101234
0.001587154
0.021561217
0.99756384
6.736696e-05
0.99999994
0.26508722
0.100241244
0.04740722
0.38301143
5.0586797e-05
0.011454609
1.4458251e-05
0.001625118
0.004073402
0.002315289
0.99999934
0.105875224
0.003642332
9.489789e-06
0.9999998
0.99952483
2.2973998e-06
0.9984719
0.0008006972
0.0011051586
0.022261957
0.0001206294
0.89568067
0.9998776
0.013940416
0.0015009192
0.9865051
0.896803
0.99623996
0.00013126616
0.011346015
0.996734
0.9998776
0.028403742
0.038353488
0.0013656411
0.007479303
0.6862259
0.0026049712
0.0042251027
0.0009985104
0.02070419
0.0028192326
2.2973998e-06
0.83004004
0.01615282
0.9884584
0.003365982
0.016114445
5.339088e-05
0.0113859335
0.30961773
0.25214466
0.02070419
0.040555596
0.981285
0.0069012623
0.35693732
0.44992033
3.956822e-06
0.0032187032
0.31778428
0.21853678
0.0008059669
0.9992766
1.6420571e-06
0.00015361482
0.0066836197
0.00013413922
0.026890785
0.0016101687
0.0026684185
0.00029988354
0.016611535
0.0007514667
0.9915298
0.9997288
0.0010753368
6.402385e-05
0.018036079
0.0009540752
0.14719298
0.009723773
0.05953295
8.93363e-05
0.00018257661
0.00010664373
0.00021404056
0.9555804
0.008820939
0.00021004764
0.00022725214
0.10539095
0.0016675774
0.016680596
0.9950342
0.0013601001
0.9980919
0.0066165086
0.009889577
0.999996
0.65108997
0.0001206294
0.023158533
0.5428631
0.004524867
0.004434009
0.0020028127
0.9580197
0.00028613408
0.0012585141
0.0002689345
0.69179726
7.322865e-05
0.038353488
1.5986123e-05
0.9528971
0.07023903
0.02398162
0.0025625231
0.056131463
0.13265876
0.020990608
0.009721018
