0.99998593
0.00203485
0.0002626189
5.2101208e-05
0.9890784
0.0038168358
0.0004288177
0.012109635
0.0062052845
0.0005047818
0.00018410149
4.2176605e-05
0.108043514
0.9962339
0.00034902742
0.0030263586
0.0018895136
0.3217699
0.73136955
0.003873808
0.9791382
0.07970986
0.0021904411
1.0484222e-05
0.017816901
0.00014870173
0.14883132
1.8972492e-05
9.486233e-05
0.0002650172
0.00020146044
0.00019960785
0.9836531
1.2440921e-05
0.0035403732
5.3555796e-06
0.99999654
0.00013365329
0.1274208
0.38871428
2.1383166e-06
0.0114765735
0.7884275
2.6054673e-05
0.00080682867
0.0011745185
0.0005761341
0.0054887254
0.062323123
0.99965745
0.0014880415
0.48289403
0.9962339
9.803338e-06
0.9998753
6.539831e-05
0.0001750415
0.42824018
0.008339504
0.001605839
0.0002246493
2.9205064e-05
0.0014083352
0.001133677
0.0017379995
0.0012205086
0.0033345418
0.99761784
0.05687311
0.6016199
0.078880586
0.8289667
0.13209082
0.9999693
0.0024485188
3.6532042e-06
1.0840383e-05
3.655041e-05
0.0006741937
1.9159881e-05
0.108043514
7.82577e-07
3.353943e-05
6.5009494e-06
6.7225886e-07
1.672769e-05
9.364073e-06
0.0005604711
2.7098204e-05
0.0005362334
5.560456e-06
0.0022349025
0.00080682867
3.5849712e-07
1.7024588e-05
0.68926394
0.57261145
0.04486337
0.0058686226
3.5849712e-07
2.3190205e-06
0.04026808
0.00013053347
0.69658124
0.0005880761
0.0029830842
0.0073400154
0.00058210385
0.00010539459
0.04486337
9.364073e-06
0.032439444
1.547704e-06
0.013919772
0.0049051405
0.8558135
0.9999994
0.003226055
0.8558135
0.0005604711
0.9989071
0.0015319883
0.06776199
0.12188447
0.9949813
0.003873808
0.91763365
5.3859665e-05
0.00096160313
0.43238613
0.9993165
1.1532423e-09
0.9999646
0.0052580284
0.11006896
7.953899e-06
0.0012205086
0.0014916799
0.9906967
0.93248826
0.0019532356
4.680705e-05
2.6753994e-05
0.99987304
0.00011840279
0.0033248619
0.0009946555
5.960145e-06
4.099005e-06
0.03502745
1.1452416e-05
0.5202986
0.9998308
0.0011591088
9.9781006e-05
1.892504e-05
0.076583154
7.851471e-06
8.320355e-06
0.59565294
5.791079e-05
0.0003694628
0.00011231536
0.00023469146
0.00066738063
0.014632354
0.0016266985
0.0054607242
3.927645e-07
1.0
0.9690096
6.7225886e-07
0.00037008798
0.00030587512
1.9326475e-05
5.560456e-06
2.6673517e-05
0.9969075
0.0011143942
7.025928e-06
0.0008910779
8.429413e-06
0.0001248075
0.0033026123
0.0002672409
5.7882855e-05
0.012994986
9.004996e-05
0.00010741674
0.053865634
0.97726655
0.0004288177
6.4995174e-06
9.783652e-05
1.8825462e-05
0.00012428519
0.0016550118
0.0014341766
0.0025795188
0.041574705
0.0016331101
0.003288233
0.00054614583
0.0031717177
0.48400992
0.14883132
0.9962339
0.001740426
1.666825e-06
0.0005592086
0.0013867829
0.0005420643
0.048202578
0.00012256106
0.9993461
8.427581e-05
1.0525665e-07
0.051074535
6.539244e-05
0.00019677653
0.9997483
0.00020812386
3.722659e-05
0.00021334698
1.1119413e-06
0.00010539459
0.330054
2.0241013e-07
3.733855e-05
0.06625944
0.03086444
0.9783415
0.0038168358
0.8249006
6.2686405e-07
2.3410757e-05
0.0010488589
0.0040257727
0.0007087877
0.054675702
0.00040004437
0.00152946
0.9992735
0.6016199
0.0006441244
2.6753994e-05
0.04649998
4.303268e-06
9.9781006e-05
0.00020262091
9.91621e-06
0.0039160955
4.598189e-05
0.007582485
0.011831649
0.0038195055
4.1242394e-05
0.33005401
8.375294e-06
0.00016057337
0.00017793183
5.8560036e-05
0.64968395
1.2713216e-05
4.3426375e-05
0.7884275
6.6698084e-07
2.3749319e-05
0.99850816
0.7462835
3.010068e-06
0.9168867
0.8016679
0.004512266
0.0051235734
0.72362596
0.0008237883
0.43238613
0.0016787994
0.0001231738
0.003700737
0.99969864
0.9936942
0.93038213
0.0018895136
0.027278842
0.999999
0.00012428519
0.983707
5.7543707e-06
0.99798924
3.9064045e-07
0.90855765
9.486233e-05
0.0006616637
0.023004834
7.6253755e-06
0.001418108
2.8438719e-05
0.3761272
