0.9999358
0.0072145783
0.22912432
0.999962
1.4866626e-05
0.16141029
0.0045368574
0.00030286482
0.028463118
1.38473515e-05
0.0005222985
0.0022391705
0.06336134
0.9998346
0.00016436653
0.011074405
0.005076226
0.006389895
0.39261755
0.00813274
0.000104700404
0.008189676
1.7271897e-05
0.046656244
4.311886e-06
3.9559245e-06
0.0029349225
0.78102964
0.97416854
0.062138513
0.00015757563
0.17483725
6.120517e-05
0.00037550193
0.0006457905
0.9999888
0.011390948
8.144965e-06
0.9999164
3.986133e-05
0.032742936
5.2188527e-05
0.0002073415
3.8861264e-05
0.027161092
6.97912e-05
0.092317715
0.0005138323
4.0748713e-05
0.6223844
0.98441297
7.702585e-05
8.5817396e-07
3.5226174e-05
0.503444
1.0548448e-05
7.577509e-05
2.2517446e-05
0.99999905
0.009384648
1.21781495e-05
0.70450556
0.06715072
0.97371095
0.00039269842
0.00073873927
0.0026981183
0.9980775
0.0004360483
1.0
2.4514988e-05
0.0014031751
5.58601e-06
0.013256986
0.00013154483
0.0033983865
0.27702668
0.94337696
1.3272347e-05
0.00014820685
0.7739926
0.016809635
0.0044187834
0.0066843415
0.79058516
4.6249446e-05
1.0670483e-06
5.97636e-06
0.9962623
0.9994899
8.763936e-05
0.000345308
0.00022397816
0.0019205203
0.9987415
1.9360159e-05
0.95268756
0.11064375
0.011662224
0.011536869
3.2399705e-06
4.9298615e-06
0.14028019
0.00569305
0.011662224
0.00043416256
4.6959998e-05
1.732153e-05
1.5569105e-06
0.7866099
0.00011774616
6.045813e-05
6.568607e-05
2.7799593e-05
0.0028024404
0.99999654
1.8192948e-05
0.91623366
2.6019266e-05
0.967812
0.0013835785
0.06199048
0.016331133
0.05636961
1.6033965e-06
0.0001900781
2.7757736e-05
0.0029324384
8.728032e-05
0.14601889
0.99996334
0.7422755
0.0005418197
0.9999145
0.0026981183
0.000647772
0.0030039658
0.0023032725
2.725581e-07
0.7911384
0.17934602
6.2867243e-06
0.0067746034
0.9320983
0.56792265
2.2736225e-05
0.9996096
0.0028795744
0.016531356
4.8081183e-05
3.6685273e-05
2.4189358e-06
0.001829987
0.7911384
4.8036727e-05
0.003281925
2.885587e-06
0.4367869
1.5263518e-05
0.0027076607
0.0007790936
0.0007299908
2.885587e-06
0.004753855
0.0014947042
0.80214405
0.0013670413
2.6226212e-07
0.0005821258
0.00011296756
0.0002700836
7.0665436e-08
0.0054416694
0.95268756
1.5315763e-05
6.926476e-05
0.12995362
0.00039269842
6.6128276e-05
0.005311822
0.3345944
0.004895017
0.14028019
0.002529109
0.99994886
0.9372451
0.00019849738
0.008454161
0.0147363935
0.000144399
0.038797125
0.33303073
0.014635654
0.0005384876
0.999748
0.00037927678
0.021989748
0.0023032725
0.049279228
0.86200035
0.00033894888
0.9356165
0.00022373782
0.00031569475
0.94337696
0.62882954
0.0044664885
7.6777105e-05
6.753394e-05
1.8019406e-06
0.003521415
0.014003389
0.00014651258
0.9862056
0.08928459
0.99960643
0.9320983
1.039816e-05
3.472113e-05
3.993039e-06
5.299858e-06
0.0002700836
0.0001505123
0.0071032993
0.0004443145
0.0027974797
0.006538881
0.0022391705
0.0015123277
2.044249e-05
0.01103512
0.004005061
5.2539446e-07
0.89564675
1.1982635e-06
0.0125681795
0.00023174232
0.99898225
1.3002958e-06
0.003749832
0.00012647483
0.0019318121
0.0015542804
0.00037550193
0.00015061308
0.9999761
0.88206977
5.4156303e-06
1.6182858e-05
3.9888905e-06
2.8177643e-05
0.00025245931
4.760329e-07
0.0051766373
0.9970079
0.33846426
0.000533267
1.0548448e-05
0.0028866467
0.0029349225
1.0525761e-06
0.11290167
9.84236e-05
6.774733e-07
0.9999964
0.38296756
0.9954759
0.00011713405
0.0004443145
0.020554073
0.004174522
0.91623366
0.0018875127
7.7981604e-05
0.06106299
0.003281925
0.82848233
0.006538881
7.577509e-05
0.00017731162
1.8143812e-05
0.9998926
7.300173e-06
0.00013187237
1.5717284e-05
0.006389895
0.02027426
1.9092942e-05
0.043587178
0.00020286777
8.194956e-05
7.9544785e-05
0.05636961
0.016848445
0.98316
0.0025675052
0.05550735
0.00049537397
3.29458e-05
0.02078612
