1.0
0.00023066325
0.0018654454
0.38738278
0.0022579355
0.00028011267
0.00012734091
4.8057616e-05
2.3474888e-06
0.0005008171
1.0548733e-06
0.0066246935
0.007637163
0.8334061
7.298393e-07
0.000759655
0.00013391022
0.24921645
0.07750753
1.773033e-05
0.041386344
0.0037814784
0.0009542084
0.979194
0.009178079
0.0009746741
0.0001250101
0.88062984
0.15111777
1.8096046e-09
0.99597216
0.00030296648
0.99621904
0.13194537
0.9927249
1.2443258e-05
0.0001653698
4.594989e-05
0.008623082
0.00039575624
0.20948115
0.006305652
0.9999997
0.018161833
0.9944265
0.87263066
0.16305016
0.078113146
0.015263235
2.671384e-05
2.255359e-06
0.00017778599
0.039823003
0.28552923
1.8466719e-06
4.3238146e-05
0.000113711125
0.003790089
3.962895e-05
0.00010381045
0.03909117
0.05240261
0.00023251008
0.0003463277
0.0008444709
0.16513233
0.034275632
0.0022485992
0.00046405752
0.96453935
0.0009981685
0.9364088
0.00047402442
3.0392182e-05
0.0025945134
0.1601207
1.1105276e-05
0.80829257
0.35467637
0.89275646
0.003541726
0.00014241936
7.3469826e-05
1.3073662e-05
0.00069929083
0.008191853
0.0070622736
0.00045986293
0.9993032
2.6154903e-06
0.54792035
0.116715685
0.0046581603
5.3868804e-05
2.4363868e-05
2.5003592e-05
0.9999985
0.5784101
0.0013332913
8.0292026e-05
0.006962816
5.262733e-05
0.00019326441
5.022316e-06
0.08324833
0.053678356
4.225777e-05
0.00023251008
0.6802923
0.005038068
0.3337778
0.00084562605
0.012015929
0.00010808985
1.7447994e-06
0.0012976559
2.0393904e-06
6.0795765e-07
0.00023447763
0.91422945
0.00023066325
0.005038068
0.0018150503
0.003019917
5.8839978e-05
0.0019534158
0.001693284
0.75809467
0.20623092
1.1603923e-05
0.015691789
0.99921495
0.27608022
0.00047987944
3.4590914e-05
1.0465914e-06
0.29189822
0.0004885836
0.00032255764
0.99921495
0.0025174974
0.012547821
0.00034110394
0.008720571
0.69802636
0.9999378
0.0009839372
0.00018954185
0.954484
6.332552e-06
0.00050823257
0.00798211
0.0019138285
1.1896532e-06
0.76999044
0.0151973115
0.008040414
4.8630758e-05
0.75809467
0.006720875
0.0056046178
0.0013473885
2.393702e-06
0.001963905
3.0611984e-06
0.0012001307
0.00095830095
0.0072071534
0.00015454482
4.471129e-05
0.00026351755
0.9403486
0.0038507916
1.3424814e-05
0.9831133
0.99999386
9.3735165e-05
0.0037735936
0.0009439852
0.60172397
0.0011221557
0.99995404
0.0027244824
0.003189286
5.743331e-05
4.116037e-06
0.48613194
4.4259505e-06
0.99679583
0.00026873613
0.0042666984
1.6546122e-05
0.0041364636
1.6496115e-05
0.00020108238
0.9994196
0.00021651495
2.9814028e-05
0.92085606
0.006806171
0.00028011267
0.9998922
0.0066246935
0.0034601106
0.00025181408
0.0017249146
0.0027244824
0.0072071534
0.11528614
0.96962863
0.0009888682
3.5402436e-06
0.004657386
0.9724495
0.9973212
0.99999964
0.0016008911
0.00026351755
0.00011237053
6.895711e-05
0.0013297315
0.00012853304
0.98169255
0.0066822744
0.0005332901
0.0021743516
0.0016967197
0.001359516
8.205169e-05
0.13580744
0.99983954
0.00066446315
0.0001701157
0.5254492
0.94708866
0.086082
0.90304077
0.00084117264
6.415304e-05
0.26372838
2.4285746e-06
0.0010185597
5.7851287e-07
0.99597216
7.652525e-07
2.1976613e-05
0.00015096103
5.0765375e-06
0.0001441933
0.0001565623
2.8462922e-05
0.99466294
0.001978644
5.729584e-05
0.99992925
0.003790089
2.071591e-05
0.00081542856
0.00021112387
0.05920698
0.00017559867
0.07696257
0.0006100548
0.025505923
0.014590248
0.003292172
0.036129378
0.0010141582
0.0028021592
0.0012198909
0.060577188
0.3337778
0.10517404
0.0004911455
0.000222072
0.00091735367
0.96026105
0.013094488
9.332691e-06
0.9995643
0.0017777601
0.008779386
0.99920183
0.03384511
0.008672411
0.04149619
0.00030709067
0.9866036
2.4285746e-06
3.747531e-06
0.00047987944
0.99917656
0.006720579
2.6716058e-05
7.648777e-06
0.0014318369
0.0025349762
0.0015946189
0.8219215
0.005620681
