0.99975586
0.00032578723
0.05357853
0.0054040286
0.0007063591
0.5222664
5.4962708e-05
0.32943127
0.99552923
0.0001940118
0.0007250147
0.025530385
0.029163208
0.64318633
0.19642906
0.95565826
0.0022921993
0.0051069725
0.046070687
0.00063648383
0.011140651
0.00045403925
0.00015383895
1.8909903e-05
0.100096725
5.1946718e-05
0.9999342
0.0772132
0.40736687
0.00043261415
0.00019898325
0.00033956487
0.0013281488
0.9997888
0.9999873
0.00045832602
2.0303382e-07
0.0001940118
0.010456379
0.006297396
0.99999976
0.005566416
0.0028613599
0.00023971108
0.04830134
0.96916115
4.351988e-06
0.007188375
0.0031330734
0.99999934
0.0005670489
0.065262064
0.002084955
0.0352799
4.2776504e-05
0.00087211694
0.011140651
0.00049501046
0.00013491209
0.9956541
0.0028613599
2.5810457e-06
0.3811409
0.00033647162
0.97429794
0.060330424
0.0005586354
0.00023299208
0.0049638464
5.6333363e-05
0.8256486
0.0007756027
0.0016558241
0.0006729118
0.015111392
7.655331e-05
2.3963814e-06
0.9209477
0.011397624
0.9999961
0.01604876
0.04206136
0.0042200657
0.9999626
0.9936887
0.047104347
0.028636906
0.016287467
0.012193433
1.2967479e-06
0.0010022135
0.009025062
0.00016500124
0.00018417121
1.0
0.0005652466
0.99958456
0.012396878
5.6485274e-05
0.0040439907
0.010051306
1.6382593e-06
9.814357e-06
0.9455167
0.9995463
4.6043715e-05
0.0654367
0.004114454
0.9942193
0.0046805427
0.9209477
0.026904661
0.0018797348
0.28808495
0.09575892
0.0014587124
0.97285116
0.017969005
0.00010120402
0.0013881696
0.009856793
0.9209477
0.041202743
0.00036329695
0.0014219723
0.01138369
0.0038451985
0.0034424607
1.3661655e-05
0.00045403925
0.0071757506
0.00017583239
0.9886535
0.0007727057
0.2024407
0.90267295
0.92325693
9.028418e-05
0.0006729118
0.0022352035
0.00012510121
0.11893554
0.0002729779
0.0020116426
0.0030602277
0.9981905
4.473252e-06
0.012754408
0.0005204813
0.0014566435
0.0015929071
0.9724424
0.007011012
0.9999564
0.9995463
0.0663752
0.098754846
0.00046396354
0.00041477015
0.9956541
0.00012890765
0.17326532
0.03279118
0.3375701
0.00018596581
1.8991936e-05
0.0008166949
0.0011727448
0.0026318703
0.0010364155
1.6071293e-05
0.01869754
0.0013142638
3.9525453e-06
4.0289822e-05
0.0002876003
0.9752723
0.0014831128
0.00010741305
0.297611
0.11079056
0.037504822
0.0028663843
0.0047295745
4.6494613e-05
0.75955635
0.024767596
0.00086968724
0.999989
0.0037097933
0.000419284
0.0012295991
0.009167518
2.6160667e-06
0.012750403
0.13791323
7.778954e-05
0.011011415
0.002487153
0.027846463
0.12499282
0.650012
0.9999709
7.0786964e-06
1.5559855e-05
0.00022185106
0.3057127
0.5909604
0.30196625
0.000237568
0.5907722
0.0052071866
0.108307295
0.029163208
0.006128596
0.64070916
6.6201406e-05
5.501457e-08
0.64070916
0.012963228
0.0027172575
0.00089377
0.0021844972
0.0012417354
0.0027318501
0.010389903
0.48726046
8.869272e-05
2.2964394e-07
0.036983736
4.473252e-06
0.64302564
0.96916115
0.00015383895
7.180553e-05
0.3002822
0.99145824
4.9766e-05
2.8268778e-05
0.9992928
0.017943753
0.088994995
0.00032392098
0.010031749
1.717091e-05
4.871514e-05
1.3855436e-05
0.00960913
0.010217244
0.0012214681
0.67976964
0.0005826514
0.0024407823
0.0009687911
0.0006554892
1.1910097e-06
0.030481178
0.9998393
8.879689e-05
1.0
4.1840736e-05
5.777218e-05
0.0036516695
0.32178238
3.441606e-05
0.023016078
0.947221
0.930228
1.1496713e-05
0.9995653
0.99999505
0.19642906
0.00024392888
0.14446154
2.2245359e-09
5.0598146e-06
2.6116491e-05
0.9998641
0.1464913
5.4836586e-05
0.27379033
0.037504822
0.256455
0.991952
0.38878143
1.7542733e-07
0.094334364
0.00033033532
0.04344652
0.16692223
0.32986453
0.041202743
0.16588074
1.0
0.98628527
0.15036082
1.2026175e-05
0.9998573
5.3147487e-06
0.064340174
