0.0022699775
1.0
1.0
0.99999994
1.0
1.0
1.0
1.0
1.0
1.0
1.7640102e-06
0.9999991
0.0038239951
0.00024849793
0.05461438
0.0021643569
3.8589977e-05
0.07835719
0.012961489
0.00041234776
9.8969474e-05
0.9997331
0.00040330563
8.486452e-07
0.0019182202
2.2686367e-05
0.9999902
0.33641598
5.0115665e-05
0.35452616
0.0015365208
0.006123492
0.0019863897
3.73322e-06
0.01821357
6.794794e-05
0.0025103076
0.000602755
0.00036396497
1.6119318e-06
2.427236e-07
0.86402637
0.00010436937
6.8341416e-07
5.984265e-06
1.1879042e-05
0.0010316334
0.008403945
2.3492e-06
2.7482043e-05
0.004533953
0.00025052283
0.8253059
0.9999842
0.0006572279
2.7844912e-05
0.19556561
4.2597176e-06
0.0039411047
0.7284577
0.002657435
0.00090976263
6.968321e-06
0.63110745
0.00041234776
0.86821556
2.9084522e-06
1.14118375e-05
0.99955744
3.8589977e-05
0.00019374558
0.86943763
5.1701995e-06
1.0529e-05
0.0013439748
0.9681346
0.0006169901
0.99955744
3.2111762e-07
0.08503053
3.9561733e-06
3.726264e-05
5.804033e-05
0.00037773335
0.13961244
1.2008594e-05
0.0002400766
0.26260608
0.012948569
0.8398814
0.0010638974
0.06740076
0.045719486
0.0008589947
0.0021766578
2.5167972e-06
7.925406e-07
0.0025147148
0.8253059
0.05899957
0.004863492
0.8098899
0.9766031
0.0030335202
0.67102826
0.0025103076
0.0004463564
0.05899957
4.2779234e-06
0.00046400688
5.004731e-08
9.737032e-05
0.00027402246
2.5387282e-08
0.00014066308
5.9665097e-05
9.307383e-05
0.00017840121
0.053011734
0.63110745
0.008380849
0.9999988
0.003386341
8.963549e-06
0.0022927958
0.0013778862
0.95460707
1.8776245e-05
6.794794e-05
6.968321e-06
0.00040438626
0.00037773335
9.339933e-05
0.08478246
0.9978841
1.0727572e-06
0.19013336
0.00012705298
0.9986275
0.0116614215
0.00016067892
0.976185
2.5694984e-05
0.21519451
0.055471078
7.2533396e-07
0.00048373494
3.5006067e-07
0.020417746
0.012888815
0.0002514211
6.9429616e-06
0.0015661877
0.0014158654
0.0002400766
0.0002862323
0.0009685627
1.1355713e-06
0.957542
0.77973044
0.012913275
9.6241926e-08
0.0022818933
0.99999905
2.892238e-06
3.8589977e-05
0.00067426474
0.13827966
0.7848481
0.00012708544
1.2183419e-07
3.788354e-05
0.018607438
4.038271e-07
0.07200026
6.398362e-05
0.11957797
2.0272787e-06
0.0050463406
8.094902e-06
0.008634279
0.00810167
7.059767e-07
1.6970478e-05
0.5545538
0.99975866
0.00035088838
0.7848481
6.0138824e-05
0.0050463406
0.0064211506
3.1964493e-07
0.0007049163
0.014272633
1.0167263e-06
0.42713314
0.0007755691
0.0003359519
0.0006377003
0.00010338507
0.0004926001
1.38793985e-05
0.002200226
8.262297e-05
0.0089338925
1.7131583e-06
3.788354e-05
0.99994826
3.40161e-07
0.0671918
0.00924557
0.039124835
0.98878556
0.035238005
0.0023581188
0.011621535
0.0040609087
0.0011546452
0.0012570453
0.051926605
0.03721229
4.3025e-06
0.99477386
0.00072401116
9.18236e-05
0.00015116944
0.9672029
9.896938e-05
0.0005905415
1.8427701e-05
1.6270289e-05
0.046730015
3.40161e-07
1.3587451e-05
0.5780992
0.00483862
2.1913287e-05
0.00012901868
0.9957804
0.008380849
0.00017570569
7.4153984e-05
0.00017881181
0.10204391
0.99211216
0.00070684124
0.004674755
1.7131583e-06
0.00017570569
0.0009198109
0.8398814
0.0001405896
0.91903186
0.001532002
0.0002905761
1.14118375e-05
0.021739941
0.00067426474
0.009174862
8.362898e-06
0.0004926001
0.0028485467
0.00023031076
0.0009808326
0.012644162
0.01557953
0.11664211
0.0015112523
0.00783003
0.99999994
0.008709186
5.3667194e-05
0.00038194895
0.0013932018
1.3879089e-06
0.0041579693
8.298082e-07
0.048508395
1.7529973e-07
0.9999255
4.0677427e-05
6.990629e-05
0.0001436852
2.0135818e-05
0.0012886138
1.948994e-06
0.00010376868
0.007556508
0.0008624138
0.99994195
6.398362e-05
4.5846507e-05
0.31477186
0.8105262
0.6909241
0.018972693
0.0012637182
0.00024900737
0.002830327
4.5815825e-05
