0.9999993
0.01828713
0.0031274045
0.098827064
0.0082787005
0.9963605
0.08202207
0.0008682225
0.104045495
0.98484457
0.0005163916
0.056562252
0.9722499
0.99999017
0.04700238
0.66644686
0.839446
0.0047753197
0.9958705
0.0014145768
0.00055731303
0.9846969
0.013806294
0.0007501145
0.13861968
0.0013673642
0.9999996
1.5320438e-05
0.0008684558
0.98303765
0.006728481
0.0030460926
0.0024722093
9.033214e-05
5.0757906e-05
0.007685109
0.09805149
0.058862165
0.00057863776
0.016039342
0.014080484
5.4297136e-05
0.0498676
0.08681494
0.3147348
0.8448874
0.18000776
0.9663322
0.0051639867
0.99986255
0.104425535
0.03984532
0.024577133
0.0012127322
0.09393945
0.09298467
0.99976635
0.012338739
4.4443732e-05
0.99999994
0.026337825
0.08821248
2.1639147e-05
0.0411735
0.8846119
0.9961387
0.0375969
0.9407596
0.9998141
0.0007501145
6.0190516e-05
0.001180697
0.010053013
0.9774013
0.78078705
0.25932667
0.009451063
0.030718196
0.00011271749
0.00011325986
0.99998766
1.9958861e-05
0.17431857
0.0007167322
0.20192643
0.16725041
0.00047761545
0.075226344
0.00012914669
0.000114186936
0.000116454576
0.0050349855
0.015142102
0.5414949
0.00017757692
0.004779099
0.08681494
8.516455e-05
0.3642665
0.0005772485
0.66313183
0.27474362
0.12742929
0.0007790735
0.6751714
0.00605824
0.073407054
8.660333e-06
0.06649953
0.0006605561
0.01828713
0.032571018
0.0008897917
0.9999557
0.0482794
3.5677578e-05
0.014165925
4.710302e-06
0.0019221553
0.00968979
0.97135806
0.00052501704
0.0048012356
0.07514104
0.0013846238
0.00073549256
0.004461642
0.009538631
0.021553844
0.00011325986
0.0008541547
0.73455405
0.0017466797
0.06896732
0.99999994
0.21394642
0.00055669877
0.0029451388
0.12746263
0.001281859
0.005160419
0.99996394
0.15329278
0.99976635
0.98322093
0.09237307
0.6810751
0.0016013364
0.7511167
0.99236214
0.29773968
0.005270308
0.9933536
0.17213988
0.29694512
0.011753349
0.0008016133
7.033525e-05
0.0001040616
0.53292584
0.0036134871
0.03375664
0.0073442794
0.81835485
0.00018913131
0.25183946
0.00020684488
0.99641293
6.9985064e-05
0.008187348
0.99998766
6.948784e-06
0.0002469551
0.00071445445
0.008809769
0.00026846008
3.7239086e-05
0.23893224
0.9996792
0.66644686
0.99999964
0.03385723
0.11355818
0.85883886
0.0001807461
6.726665e-09
0.0013272756
0.0030244084
0.7712327
0.41729945
0.0020320169
0.00019511726
0.0001385098
0.0032529784
0.00020684488
0.0002681449
0.9998562
0.9524729
0.00016605447
0.00032473015
5.2777345e-05
0.0037003518
0.00060047343
0.9947548
0.0028208203
0.0008691546
0.61665964
0.8392501
0.9812242
0.025509395
0.003977403
0.00026010955
0.0022639409
0.9999557
0.9119745
0.088265955
0.05291597
0.0005315018
0.33800727
0.0016873217
0.03751667
0.99020654
0.009196709
0.8448874
0.9848875
0.9999237
0.11285406
0.99948287
0.04134637
0.5048596
0.033286612
0.9923521
0.015581541
0.004158595
0.00017023577
0.0007167322
0.0030460926
8.168648e-05
1.3329708e-05
5.2252566e-05
2.8817516e-05
0.053991117
0.0062442203
4.6391993e-05
0.0067232247
0.009084793
5.7426572e-05
0.025401574
0.0004261516
0.000115298695
0.0081716385
0.0011631565
0.0411735
0.76902264
0.000110653054
1.3024208e-05
0.5976715
0.009538631
0.0027289547
0.018528156
0.011167826
0.77678585
0.00017078336
0.00063206156
0.0005864319
0.0011611383
4.395824e-05
0.9999982
0.87076414
0.00019765487
0.9999474
0.00038133663
1.30607505e-05
0.063542575
0.008328158
0.99996394
0.016199855
0.999971
0.008530817
0.0027361196
0.09957153
0.9969402
0.0001703241
0.050624955
0.84547204
0.68545073
0.04743727
0.042006504
0.99935234
0.99999285
7.467512e-06
0.12075767
0.5550052
0.97731453
0.015408469
0.046291016
0.0029371404
0.9400218
0.0031489446
0.9688069
