0.036531735
0.82896006
0.10340953
0.94039714
0.0005648424
7.875034e-06
0.003542783
0.017536763
3.094839e-07
1.4036945e-07
2.3742334e-07
0.008459766
1.6287615e-05
0.00017951085
0.0014422347
1.4294661e-06
0.19049172
0.024319038
8.978229e-07
1.6275811e-07
0.00030177186
0.9743473
6.7801625e-07
5.1169436e-06
4.8157717e-06
0.00012169392
2.2755834e-05
0.000117081676
0.0017466148
0.0005362825
0.00019450263
3.5344183e-05
4.1792086e-06
0.1730641
3.9519273e-06
0.0075259516
3.503311e-05
0.002051669
0.008515848
0.00053461234
0.00017525158
0.99938846
0.8145659
8.771706e-08
0.9997087
2.872463e-06
0.009677265
5.6218755e-06
0.00038856585
6.34636e-06
0.03386305
0.00037652033
0.00028716386
8.677989e-05
0.00035129054
0.96546435
5.541944e-05
8.418142e-06
9.7134114e-05
0.014711808
0.0070375926
2.6602616e-05
0.00016919701
5.9366906e-05
0.00032245772
8.978229e-07
0.018545063
6.649734e-06
0.00012344024
0.00011991524
1.7572267e-05
8.877954e-05
4.045162e-06
0.007594278
0.9990267
0.0007735254
0.00011578081
1.5308414e-07
1.3313751e-06
0.9543301
0.0030121545
2.2387724e-06
1.6287615e-05
0.0039305077
0.00041610576
0.0041415566
4.0111114e-08
0.0026235238
0.18884328
0.9999265
0.014711808
4.5834313e-05
2.5716336e-05
8.3450715e-07
5.294758e-07
6.159037e-05
0.9999604
9.251115e-07
0.0071250945
2.5040363e-05
0.00016672573
9.726147e-07
0.0020199392
1.2229429e-05
1.8249123e-06
6.201512e-06
5.062183e-05
2.4270365e-05
1.5953158e-06
1.152562e-06
0.9989426
0.39617103
0.0002966283
0.0006498602
0.00011578081
0.00011374605
0.029846909
2.4666215e-06
0.0006038268
0.00031345265
0.00062433875
0.42492196
0.9143141
0.99999994
0.0035752028
0.050292496
2.1372502e-06
0.00023155876
0.00018947752
2.0059658e-06
5.82018e-07
6.7415094e-05
3.3978013e-06
4.8596003e-06
8.418142e-06
8.612061e-06
2.9227074e-05
0.0014087779
0.0001236971
7.702291e-05
9.822737e-05
3.4717313e-08
9.4675896e-05
1.0488685e-06
2.0968253e-05
3.9903284e-06
1.1361343e-05
0.0001633885
4.8789925e-06
0.999979
0.9982165
0.5145753
0.0009593282
1.8912879e-05
0.363495
0.79808223
8.5725696e-07
0.69410104
2.0475583e-05
0.00046702856
0.00019194253
0.008650113
0.0019518102
1.5953158e-06
0.38498834
5.8214346e-07
1.8943061e-05
8.12288e-05
0.00014943318
4.9453483e-06
0.00018359435
0.0018768267
0.00015810059
0.0014087779
0.0016377736
0.0048760213
0.00018947752
0.09912377
0.029134134
0.008969893
3.7884696e-05
0.21414202
0.00033338016
3.3271729e-06
2.887569e-06
6.104662e-05
7.795774e-06
2.508427e-06
0.9938671
0.1339491
0.00064504094
2.4137762e-06
0.97952545
0.010375185
4.4184817e-06
0.0016377736
7.1713905e-05
4.8979167e-05
1.5953158e-06
3.2468404e-06
3.6623365e-05
0.06362502
0.006427119
9.170389e-05
0.0004515581
0.0004356991
0.00095326785
9.923956e-07
4.656104e-08
0.0006224188
0.9998801
0.014361147
1.1550962e-06
0.08239436
0.081093416
0.99993205
2.9841362e-07
3.1929442e-06
0.5576447
0.11331596
0.0007069804
1.3874378e-06
9.7134114e-05
0.9998747
0.9942286
0.0004420722
3.7884696e-05
0.00056484214
0.00054638163
4.3128407e-06
1.477384e-05
0.00203821
0.0004760301
3.192793e-08
0.0026235238
0.00084129366
2.055923e-05
2.7745988e-05
4.9751125e-06
0.99989027
0.14790052
3.197449e-05
0.999792
6.646373e-05
9.363056e-05
0.013989886
1.5856198e-05
9.3436387e-07
4.4828106e-05
9.6222175e-05
0.23181814
0.88206977
1.5381984e-05
2.055923e-05
0.0010922187
0.9894738
2.2755878e-05
0.03585252
1.7205066e-06
4.3546428e-05
0.0010038533
3.3574663e-06
1.6426883e-06
0.19049172
1.0479716e-06
6.336918e-05
3.0424313e-05
9.251115e-07
0.00040136167
4.5308255e-07
0.00085409323
2.0723755e-06
0.0030307225
3.019107e-08
0.943407
0.0041352934
0.999792
0.26911333
1.5856198e-05
0.00203821
0.9999982
0.9991886
1.6498145e-06
2.8247978e-06
0.0032435362
0.0005820578
1.6426883e-06
0.121576786
7.4570096e-05
0.13657872
9.478898e-06
0.009689963
1.7572267e-05
0.91037494
0.0024863263
9.478898e-06
0.00047458074
1.3355615e-05
1.0761386e-06
0.9976336
