0.99974567
0.00010864239
7.4427444e-05
1.787099e-05
0.9330418
0.591346
0.0022230484
0.0059766686
0.9999859
0.48179838
0.32899782
0.0026981349
0.21148153
0.0007346646
0.5114401
0.0004854246
3.6241286e-06
0.0017815534
0.21363264
0.9982082
0.9952052
6.673536e-05
0.99990124
0.03826483
0.94752777
0.0049454677
0.0009495889
0.9999051
0.0006604251
0.952598
0.006124465
0.97472215
0.3568106
1.1813191e-05
0.0018854172
0.00024998645
0.021450559
0.0013044644
0.99997014
0.02314762
0.10127965
7.451449e-06
0.005292006
0.00021597536
0.14124112
0.9817018
0.004839389
0.020491665
0.009575549
0.038475133
0.21309842
5.6439127e-05
0.006124465
0.018686458
0.0003145657
0.9999991
0.99940455
0.06837715
0.007852247
0.92155755
0.99999636
0.9996212
0.011786593
1.179465e-05
5.925944e-05
0.00023733322
0.0029511799
0.99772036
0.0058546546
0.9988493
0.661242
0.003941369
0.07201005
0.019949963
0.05113676
0.00037712994
0.0009568152
0.0044471
0.00910345
1.3804078e-05
0.0081390925
0.0010541963
0.09810362
0.39237055
0.0053456235
0.038475133
0.0005204912
0.1806099
0.98141915
0.047741268
0.9999668
0.1600698
0.00027680953
0.00015432954
6.154373e-06
1.5380003e-05
0.15587045
0.0030663162
0.0020690735
0.98997223
0.00042465926
0.99551266
0.00021597536
0.0011504513
0.12359546
0.4014506
0.03826483
0.0044550872
0.9954454
0.0077896337
0.007679798
0.00095113815
0.06674466
0.092625245
0.07428851
0.0007050426
0.13273405
0.8136848
0.00028590174
0.0013727923
0.993392
0.99999994
0.287998
1.179465e-05
0.3479764
0.00081666105
0.00018062636
0.9995143
0.0044471
0.9644648
0.9999963
0.0001786925
0.042383466
0.42081812
0.0001062117
0.00017368054
0.28746584
0.0011556585
0.07237584
0.99966943
0.17080964
0.010579559
0.0005330533
0.9987444
0.9994503
0.013941276
8.20628e-05
0.049187265
0.000105664374
0.021789057
0.00014701385
0.0036993078
0.014724574
0.028197458
0.7775798
3.6463057e-06
0.99999845
0.007360448
0.0030710308
0.97845066
0.0038178477
0.0002684181
0.99999547
0.07209214
0.9032469
0.7561308
0.123946995
5.9969476e-05
0.43726322
0.010695362
0.0037489862
0.055237748
8.029417e-05
0.10161495
0.9155316
0.8462768
0.7561308
1.0282608e-05
0.0014796961
0.99972713
0.15232554
0.0011456393
0.83947337
0.00036609362
0.6919889
0.0070398287
0.024870832
0.6821001
0.0012696269
0.1438077
0.00068219757
0.004054284
0.00033727128
0.03461127
0.9820745
0.0022359532
0.9834501
0.28584766
0.0029100967
0.9999922
0.0006995684
0.084658146
0.00040056297
0.25776166
0.0047760606
0.048115388
0.99988246
0.015006373
0.99999726
0.008803317
0.8769545
0.10489305
0.00040234905
0.014811742
0.9155316
0.0027603593
0.000999524
0.27731326
0.116308086
0.89199847
0.007679798
0.172671
0.00067764294
0.041036222
0.99999547
0.08009372
0.0031117955
0.00042462486
0.100687794
0.047821086
0.0018094186
0.015580992
0.0012776331
0.98858345
0.99999726
0.0023227315
0.0067113065
0.53264594
5.416221e-05
9.025216e-05
0.052206267
0.9999989
0.00012862707
0.000105664374
0.010594369
0.99998754
0.038883317
0.0002701444
0.013132909
0.004943741
0.8136848
0.0033893934
1.4280887e-05
0.97076064
0.02183376
0.0004053612
0.00015617316
0.031769615
0.7169496
0.99985987
0.0017272908
1.4466457e-05
0.0028957948
0.1067968
0.00021045942
0.21413012
0.1445813
0.907735
0.9984891
0.8613819
8.3917024e-07
0.92382634
0.0346406
0.22385804
0.0041465824
0.009304627
0.0383316
0.009940539
0.993392
0.0027067196
8.429485e-05
0.024638308
0.8057162
2.1397798e-05
0.90833974
0.9617181
0.0012675244
0.000357491
0.0038470475
0.00063298334
0.02415883
0.39860034
0.0029511799
0.00036404826
0.9993893
0.5840847
0.0011135559
0.0024180284
0.26471344
0.0028957948
