0.7959394
0.01015083
0.9999998
0.0007783315
0.01454669
0.99117845
0.008229511
4.7190566e-05
0.00013406467
0.00030577308
0.4417446
0.99647677
0.003676678
0.69905066
0.005106999
0.88801867
0.9999305
0.10399812
0.043576624
0.0019921777
0.010788149
0.0064507765
0.0006002403
0.9999979
0.29170933
0.017982934
0.0005472549
1.1177484e-05
2.3754094e-06
0.23595116
0.00022027805
0.00011436685
0.00014403403
0.0002793249
5.9405106e-06
0.55981725
0.0001439647
4.8302325e-05
0.0009961866
0.011380766
3.425986e-05
0.0012919873
0.0035745169
0.99949634
0.002599454
0.00018553754
1.2124647e-05
0.017726034
2.0064454e-05
2.6963746e-05
5.3953274e-05
0.9928939
0.033909023
0.0016066709
0.00024815698
9.3268936e-05
0.082812265
0.0011816882
0.00042592903
0.86689174
0.01415419
0.0004524981
0.12583375
2.2717586e-05
0.013136352
0.0031256939
0.06842507
0.726186
0.00023001188
0.0010528849
0.09187646
0.99162877
0.042454105
0.9999915
0.00029181095
0.21602061
0.0036866898
0.013384257
5.822954e-05
1.2286674e-05
0.004434662
8.4298634e-05
0.0002817938
0.00039491846
0.04234141
0.9996338
7.329055e-07
0.994924
0.99761146
2.0847663e-05
0.9704862
0.99544126
0.0014614925
0.005179059
0.0067466446
0.064053625
0.99999976
0.74804085
2.622836e-05
0.064280316
0.0016583863
0.9996847
0.17880608
0.99970776
0.0042033233
0.002395778
2.1280623e-05
0.03562103
0.0047786725
0.000105230494
0.053585928
0.0013898119
9.0940346e-05
0.0121454885
0.0012781627
0.18161532
0.0030303723
0.03329263
0.5512002
0.0020695599
0.008480719
4.8697722e-05
0.0008407551
0.009958857
0.0013091785
0.0027148693
0.99901086
0.001313867
0.22008666
0.11674191
1.3228247e-06
0.02584714
3.9023627e-05
0.9987372
0.0005586029
0.00021717718
8.308921e-05
0.018914435
0.22651252
0.99716645
6.3887096e-06
0.0007742728
0.0007310943
0.021174906
3.6319834e-05
0.0013091785
0.00848106
0.0026048522
2.9273103e-06
0.23395006
0.86689174
0.0025715907
0.0067045996
0.98730576
0.008480719
0.0008407551
0.09406252
1.5974874e-05
0.0015625175
0.99999994
0.11753277
1.0722032e-05
0.008195488
0.0008399916
0.00015730211
0.8936729
4.4379274e-05
0.99901086
0.00086771516
0.994924
0.02059928
0.00079726614
0.00029464738
0.92955744
0.0027201443
7.5734635e-05
0.00012862867
2.1646101e-05
0.0016583863
1.809698e-05
0.0007991631
0.87153137
0.00023592585
0.58922696
0.01004329
0.041450202
0.00016454843
6.6853514e-05
6.299676e-06
2.214188e-05
0.23153725
1.0703806e-05
0.035119276
0.02305125
0.0016234933
0.15348904
0.87757236
0.007850319
0.0313455
0.9996629
0.0013360649
0.013600523
3.7211914e-06
0.00013006058
0.00031378036
1.6590383e-06
0.9957536
0.0147242
0.013747317
0.00064188545
0.4426415
0.3795797
0.033526503
0.0016066709
0.994924
0.0007024525
0.1752756
0.0002888586
0.22651252
0.0011735802
0.0048443754
0.99999994
0.0012871559
0.011098893
5.5267847e-06
0.018950472
4.210427e-05
0.00039931227
0.00037163886
0.87757236
0.0005472549
0.0035079313
0.31163025
0.055506513
0.011823167
0.012594273
0.00012958572
1.4313214e-05
8.0634236e-05
0.00016265496
0.3155048
0.0025627716
0.24096902
0.9991906
0.0009184911
0.9720953
0.9695114
0.00022672581
0.16110314
0.008711385
0.00084838463
0.002905841
0.0013929456
0.016350662
2.4665069e-05
0.008246106
0.8296369
0.11674191
0.9372684
0.00354726
0.00014384175
0.01463113
0.9773332
0.0002817938
0.0044951653
0.99999994
0.005179059
0.0031095732
0.20499417
0.90262204
5.611918e-06
0.898304
0.13864721
0.0004338405
2.053217e-05
0.017726034
2.6963746e-05
4.5118195e-05
2.6963746e-05
0.01746481
0.99956036
2.3754094e-06
0.0006566193
0.0006825006
0.081449986
0.0019132402
5.937291e-05
3.9533747e-06
6.5246504e-06
0.00014384175
0.0036931566
0.17318699
0.95705575
0.0034286361
0.9953582
0.013747317
3.0512441e-05
0.1014254
0.012994216
4.340983e-06
