1.0
0.99976325
1.0
0.99976325
0.000856648
0.0031760265
0.037127078
2.2009172e-06
0.41042393
0.018521039
0.9999998
0.038337994
0.0067139263
0.37175372
1.547996e-05
1.6201245e-06
0.050937686
0.84531754
0.00034869366
0.0021168676
0.0077494993
0.00076268957
0.9862266
9.9761986e-05
0.00052322354
0.00054919487
0.0006349706
0.19970012
0.0006247239
0.00059843145
0.9932257
1.4905126e-05
0.73991287
5.284231e-05
0.11427307
0.0003982412
0.00024000107
0.00050935167
5.2310603e-05
0.049927797
0.3474574
0.0001625559
0.004984937
0.88818294
0.005581317
0.11575933
1.43416755e-05
0.072072335
0.0015000262
1.2566534e-06
0.9999992
0.010879915
0.9997338
0.0006349706
5.6571902e-05
5.9982634e-05
0.000111909656
2.3725097e-05
0.008361525
0.59927374
0.021018293
0.0068526217
1.1070825e-05
0.005632468
0.00077930297
1.089046e-06
0.074803434
0.001230704
0.7466047
4.72757e-05
0.00050320465
7.3605092e-06
0.00026740247
0.00025356316
5.606198e-07
2.6355228e-05
0.90774757
4.5788307e-05
1.5787395e-05
9.8682984e-05
0.93953305
0.9625576
0.65998715
6.241585e-06
0.95889014
0.0002637669
0.113478005
0.0003540164
0.0016557894
0.28032944
0.0026160881
0.0026871432
0.42228115
0.89831245
0.88818294
0.00013446117
0.9166191
0.045509122
0.00038261624
0.0013245796
0.9999975
0.16281208
0.93625736
5.9589174e-06
0.0020256082
9.277574e-05
0.052430663
0.0011866536
6.904384e-05
0.0066411695
0.04307511
1.31587185e-05
0.1940866
0.00013446117
0.06763282
0.33122918
1.5136349e-05
0.0018748144
0.13088717
2.315369e-05
0.00016021107
2.0399355e-05
0.95889014
0.00033080744
0.00019022751
0.0043447083
8.510312e-07
0.9991357
0.03194943
0.9009928
2.2593958e-05
0.59927374
9.7397715e-05
0.0053544943
0.08515913
6.715117e-07
4.630161e-05
0.0036533615
0.0062497826
0.02650315
0.0009652536
2.2550132e-08
8.322232e-08
5.6792983e-06
0.029925497
0.019242676
1.6003747e-07
5.851968e-05
0.00052322354
0.000117576295
0.0038628406
0.008363431
0.0009905343
2.0726857e-05
0.00021452272
0.0072838073
0.76766515
2.0024756e-06
0.9643102
0.26089495
0.9998395
0.00017762974
0.0004985135
0.7159666
8.9591726e-05
7.734119e-06
0.0014945526
0.0076918425
0.014139852
0.00020881179
2.4881022e-06
0.6464623
0.5535407
0.01287264
5.6486406e-05
0.00032999663
0.15061173
0.004697652
0.22449297
2.8870936e-05
0.99964666
0.00017401954
8.572497e-05
0.0037300668
0.009816916
2.2512486e-05
4.2215742e-08
0.00013303827
0.0023600806
0.00050103216
0.0018748144
0.00020947125
0.999608
0.00042035175
0.17833501
2.6518497e-05
6.187525e-07
0.97412926
0.42228115
9.018694e-05
0.0006777043
7.549877e-05
0.0052448534
0.0541525
0.16761608
0.0016290265
0.0053226063
2.5920079e-05
3.3188484e-05
0.10696697
0.0006247239
0.03563714
5.8983856e-05
0.004201931
0.037127078
9.6172735e-05
8.1025104e-07
0.09107136
3.0710116e-06
0.0001027876
8.157142e-05
0.77539015
0.00044664074
0.8803301
0.5380506
0.00066985236
1.5630663e-05
0.37589478
0.97219896
7.3605092e-06
1.223707e-06
0.0026016654
0.00024185852
0.004543025
0.9805905
0.0011370969
2.421578e-05
5.886176e-07
0.5380506
0.0007176781
0.00017453717
0.0056184353
0.004543025
9.305001e-07
4.5698227e-05
1.8976276e-05
2.4504587e-05
0.38939035
0.021692157
0.20156081
2.952233e-05
0.99961245
0.00045566304
0.0005166279
0.0010209652
0.013502112
6.5338663e-06
0.0005149392
9.630597e-07
4.868674e-06
0.065892845
2.677615e-05
4.697683e-06
0.45741287
0.0010766191
0.4574129
0.00014116238
0.98579735
0.027817175
0.000703135
0.7917365
0.08231651
1.5136349e-05
0.6661347
1.806907e-06
0.00017354083
0.8213372
0.00014686085
0.9999997
0.01338791
0.0008975651
0.0002921417
3.0710116e-06
0.00034811723
7.840367e-06
0.0011302948
0.00058204064
0.00010416832
1.6906823e-06
0.0001625559
0.0009979758
0.36224088
0.13348062
3.6399135e-05
0.36224088
1.144234e-05
0.9998734
0.00013794476
1.346071e-05
0.28788078
