0.012137487
0.026718458
1.3013208e-05
0.011768251
0.00029946558
0.00031168613
1.1659753e-05
0.23616084
0.7485257
0.00046658647
0.99998784
0.027271023
0.00047675034
0.96157837
0.9839732
0.21287234
7.6347237e-07
0.052744042
0.99999726
0.99999624
0.99999994
0.9999999
0.00030282265
0.58832026
0.00031848985
3.883063e-05
2.7856672e-06
0.99355626
0.99843216
0.9999373
0.99998826
0.9999928
0.9827127
0.95714796
0.8838515
0.19282772
2.859988e-07
0.99999994
0.99771595
0.000100990874
0.14150938
8.155976e-05
7.9269945e-08
0.8789286
0.7598014
4.0784203e-06
0.00026724805
0.9649357
0.8425587
8.143164e-07
0.92964786
0.018087335
1.867729e-06
3.494512e-05
0.00019626385
7.305515e-06
0.0029978429
0.00033962572
0.00018851522
0.0006147004
0.93302727
0.9995738
9.4788724e-05
0.002428421
0.0005555183
0.00026026758
0.9849033
9.88627e-05
1.8062372e-07
0.00070284086
3.3149357e-05
0.020580184
0.738349
0.00015840358
0.00023243162
0.00020939416
3.8703565e-06
0.85182714
4.3764172e-07
0.5841503
0.0010266731
5.0502156e-05
5.306306e-06
1.3482099e-05
9.066561e-06
0.022086728
0.9999917
5.8299218e-05
0.0023952741
0.00011706035
0.063538976
0.001069623
0.15684545
0.015550867
0.00017871535
3.0978854e-06
0.0017544724
0.0063395677
4.468086e-05
0.00020326643
0.001567547
0.00027503408
3.6035828e-05
0.21456577
8.343287e-09
0.077117614
0.01453573
4.7906895e-05
0.0004044576
0.00022938594
0.0024886415
0.9835895
0.052778967
1.535289e-05
0.00031999976
0.001003361
0.006864188
0.0008272999
1.713159e-05
0.016198974
0.00060780504
0.0017534371
0.00030395362
0.12621139
0.0008576183
0.0005961242
2.3597736e-06
5.727473e-06
1.0540106e-06
0.99776816
0.0011353446
7.553341e-05
0.054781873
0.049707342
1.684243e-05
4.646159e-05
0.07465582
0.016805537
0.00017035594
1.7894088e-06
5.5071855e-06
0.44378018
0.008730404
0.00080794696
0.004058214
0.76343566
8.343287e-09
8.907562e-06
0.98595744
0.0009431105
0.28198773
0.0012417312
0.59875214
0.013488184
1.3643653e-06
0.032598786
0.44010186
2.7752445e-05
0.0061503304
0.00036085828
3.084728e-06
0.00030312655
4.1841817e-05
0.25257245
3.9608094e-06
0.020879326
0.0015042789
0.09440462
0.9996664
0.00074709114
3.345573e-05
0.99999154
8.329493e-06
6.4875408e-06
3.8189177e-05
1.23885075e-05
0.00060780504
0.0014836341
0.13011065
0.005813962
1.964164e-05
0.00011061012
0.06649018
1.7491997e-05
5.9212127e-08
0.14462616
2.1633346e-06
0.1786918
1.535289e-05
0.00010976765
0.00031611367
0.02120434
3.6083886e-06
0.23379724
0.00018185229
0.8789286
0.004058214
0.011878811
6.783972e-07
0.9998861
2.6726498e-06
0.063691646
2.1381562e-05
0.5669671
3.013291e-05
0.8561544
0.000800209
1.5768901e-05
0.014598806
0.99987894
0.99999785
0.4179862
0.00023047948
0.003776337
0.00010780914
1.8974339e-05
6.656231e-06
1.535289e-05
2.3597736e-06
2.7935022e-05
1.3693181e-05
0.00033962572
7.051463e-06
0.9684864
0.0008481854
1.5619365e-08
0.99689484
8.260591e-06
0.0023784155
0.0011195836
2.286748e-05
1.07851854e-07
9.88627e-05
2.0900077e-05
1.0040391e-05
0.0013182246
7.4957576e-08
1.4969799e-05
3.4639903e-05
0.0020661142
3.739345e-07
0.00061189354
0.005278609
0.9998858
0.00057644304
1.2844423e-06
0.00014170981
0.0013402974
0.008936392
0.21531987
0.0012417312
6.4875408e-06
0.9999956
0.0029589182
0.5500548
1.0698652e-05
0.0024540771
0.00070284086
0.0002441064
1.2566278e-05
5.9282273e-05
0.4625001
0.049707342
0.0001995384
3.9181424e-07
0.00020326643
2.5457964e-06
0.0045349733
0.5844679
1.9511575e-07
0.63462514
7.1757e-05
5.9928548e-06
0.00013235965
1.1610531e-05
0.0027328245
0.0055154823
4.6955163e-05
0.00019731988
0.00019058351
3.2599692e-07
0.0010049581
0.2588008
0.017292347
0.0019511117
0.99999136
0.99277496
0.0005090522
0.0013833347
0.00083774107
0.0021490313
0.00024658526
8.5390263e-07
1.7407658e-05
0.06402543
0.0041801715
0.00072809483
0.009702032
6.2553465e-07
3.337008e-05
