0.67813295
0.00017310074
0.9780691
0.13521391
0.99995565
0.0010265592
7.4723134e-06
0.00043535657
4.805235e-05
0.00027428698
0.31709906
0.000411864
0.99922305
0.00031285346
0.9772146
2.569964e-05
0.0320232
0.6398369
4.0261452e-06
0.0213327
4.345974e-06
0.06914223
0.0017594837
9.720761e-06
0.14016798
0.0010927181
0.3903187
6.471224e-05
1.1762098e-05
4.3855067e-05
1.4631819e-07
1.6916759e-07
5.1291922e-06
0.017998595
4.166748e-06
5.512386e-07
0.033727072
0.0002976609
8.590177e-06
0.8017175
0.99538916
0.0015997955
0.00027286858
1.0020964e-05
0.001080815
2.7393166e-06
0.009003449
7.058702e-06
0.000117051204
0.00016770535
0.7356239
3.371025e-06
0.40481585
0.001323456
0.00060125085
5.3339927e-06
4.9653054e-06
0.511034
6.8838584e-05
0.011519849
6.471224e-05
0.005116063
6.068311e-05
0.0011219997
0.0014143519
1.5550095e-05
0.00018710911
6.659004e-05
0.9999655
0.0068839174
0.0058199815
3.6772766e-05
0.00054780266
0.038768772
0.0017594837
2.1603844e-05
0.0021359276
0.6006956
2.0130748e-05
0.8017175
0.9857564
4.5462484e-06
0.9812168
0.99796015
2.4360406e-05
0.0021472382
0.0040401416
7.881983e-06
0.99813163
0.8165221
0.0031100092
0.5511662
1.1520709e-06
0.53625107
0.001299183
0.82900757
0.9861957
0.00025962666
0.83956283
0.001199781
4.337625e-05
0.0035971112
1.5292118e-06
9.708393e-06
0.010054177
0.9685275
2.9092873e-05
0.041338358
0.513362
0.012557627
0.014559505
0.0007834194
0.00027140835
0.014874259
3.7278205e-05
4.914001e-05
0.0009975462
0.25445604
0.046186227
0.9940936
0.550553
0.0059691435
0.00070185965
0.0008213216
0.0004522876
0.0006839487
1.9582312e-06
6.197297e-06
3.701779e-05
3.7054754e-06
4.225684e-05
5.6199275e-05
0.0004932236
0.9961606
0.00013889282
5.3060885e-06
0.9982828
4.386075e-06
3.832621e-05
7.052619e-05
6.551472e-07
4.8360727e-07
0.1422187
0.0008789829
0.001969102
0.0013019348
5.21804e-06
0.026179435
0.0056111324
1.5588073e-05
1.258014e-05
2.1582941e-06
4.9653054e-06
7.041531e-07
0.002564102
0.9988445
0.0006507911
9.494297e-06
0.021027882
0.961723
0.026179435
0.012404809
2.7312712e-05
0.03665282
0.6006956
0.9940936
0.0004579452
1.075121e-06
3.34677e-05
1.0
0.00017463723
1.050376e-06
0.005719908
6.849938e-05
3.3202332e-07
2.2941176e-05
2.4670619e-05
3.884686e-07
7.951267e-07
0.0055467994
3.7977014e-05
0.00050555705
3.7054754e-06
0.00020436988
0.0008869374
4.4107725e-05
0.0003732001
7.362426e-05
4.7777958e-05
0.04654002
0.0011667496
1.7557126e-06
5.823167e-06
0.0001729435
0.0012270387
0.0026407081
5.7693338e-05
1.9694796e-06
0.9970026
9.58532e-05
0.05081437
0.008653704
5.1955362e-06
5.590289e-07
0.0018893543
0.07083458
0.0040401416
0.0008789829
0.9829278
0.0013527316
0.026311131
0.0002714086
4.283529e-05
2.9518378e-07
0.0003218855
7.951267e-07
0.0014556097
1.1422868e-05
0.0059244605
0.059600517
0.99999714
2.4891868e-05
2.8734878e-06
0.99999905
1.9878762e-06
6.57772e-05
0.001150664
1.4149482e-06
0.0012152555
7.4702475e-06
0.00025270952
6.6273983e-06
0.0030581905
1.2283523e-05
0.3690162
7.881983e-06
0.0010508382
0.00015435425
6.981329e-05
7.429299e-05
0.00048506196
0.0030188062
1.8621338e-06
0.097038485
8.638457e-06
1.5550124e-05
1.9375002e-06
0.8898102
6.920375e-05
2.9984996e-05
0.1422699
0.55474097
0.00038961874
0.059600517
0.00027428698
7.2784565e-06
0.9995606
0.00017941435
0.00013047822
2.038117e-06
6.381136e-05
0.00023677452
1.5667929e-05
0.00023441146
0.00020164608
6.531113e-06
2.9203979e-05
0.013889109
0.9970026
3.0174288e-05
1.3978556e-06
0.7529796
1.1455562e-05
0.0059244605
0.00048137523
0.0017315997
5.329235e-05
0.025609618
2.5540852e-05
0.16750848
4.345974e-06
2.1963201e-07
8.777956e-06
1.5667929e-05
0.07618096
2.6813355e-05
0.98632455
7.9751684e-05
2.288155e-06
0.0037215035
0.9116884
0.08486841
6.306462e-05
0.000952562
0.00041337401
8.1671365e-05
0.00072068005
0.00038340216
1.7936084e-06
7.842012e-07
