0.9125499
0.002260259
1.3643249e-06
6.745008e-05
2.6301223e-05
0.0015939395
0.00012576612
0.54048526
2.3356457e-05
2.7859676e-07
0.0018017868
1.6622005e-05
0.00030928312
0.012391077
0.99761945
7.6355376e-05
3.301795e-05
3.006643e-05
1.6131102e-05
0.00019719555
4.887463e-06
0.000369451
0.92077845
0.00017643145
3.1215543e-05
0.8766862
0.013450806
0.0048071854
7.5265074e-05
9.226131e-05
8.210844e-07
0.98709613
0.0018941631
0.00085268525
0.00019304045
0.0022727423
0.00014664982
0.00024501228
0.015445096
0.99985284
0.0003475989
0.0025665849
0.1231997
1.3999812e-05
0.9277987
0.0014208332
0.079988316
2.5029574e-06
0.9211381
0.00037809036
0.06717185
0.99963164
2.8224333e-06
0.003770533
0.0037729696
3.7052334e-05
0.009392524
0.0010437713
0.014101218
0.00045823384
1.467261e-06
0.0005917732
0.00048141746
0.00014664997
6.192724e-06
7.142814e-05
0.0037624044
0.0029979313
0.99391615
0.056015592
0.023407727
5.6245945e-06
0.002053597
0.015474321
0.0008895916
0.75258744
0.00056845095
0.0033609744
0.0015939395
5.1403963e-06
0.9999417
0.04849512
5.1403963e-06
0.10043891
0.00943875
0.002740307
0.0005217479
1.7496317e-05
0.98026735
0.9992402
0.9999992
0.013450806
7.4245827e-07
0.00043183172
0.99064827
0.4569758
5.0598373e-05
2.3356457e-05
0.9999904
0.001879997
2.7568813e-06
0.0057619098
0.0011849215
0.00076046004
0.065541744
1.1511897e-05
3.8580484e-07
8.721526e-05
0.0041681915
0.55439824
7.036819e-05
0.001905937
0.007847357
0.1779275
0.000107339736
1.4427632e-05
0.00020682634
5.854165e-07
0.0013692277
0.00034893493
0.95494443
3.4943434e-06
0.0024219793
0.6345916
0.000447846
0.00013778819
0.06590893
0.7752652
6.7033405e-05
0.02983011
0.9994637
2.5082477e-06
0.99951833
1.7394499e-05
3.3038865e-05
1.3999812e-05
0.04103406
0.29965466
0.00019421463
0.020258088
0.0011634468
0.032300536
0.0041681915
2.267274e-05
2.086937e-06
0.0082898885
0.08773394
1.624615e-05
0.0046617165
5.4610206e-05
0.013317256
7.664697e-05
0.0024616343
0.0010842398
0.04849512
0.00025843873
0.00045379048
0.035649788
0.08222163
0.6704332
1.3636416e-05
0.0025572085
1.7507433e-05
0.0008169082
0.06099918
0.000369451
2.9980592e-05
0.999511
0.0141053945
4.1033695e-06
0.0047811335
0.0003438724
0.006056744
0.2458771
0.00047076496
0.79510313
5.217483e-06
0.016945641
0.038441084
0.09267885
0.03191524
0.021047419
0.00544232
4.4407385e-05
4.811475e-06
0.00015087784
1.6674959e-06
0.001583299
7.868442e-06
0.7979155
4.081288e-05
0.00015141137
0.9985337
2.7256276e-05
0.00027697318
1.4984819e-06
9.913902e-06
1.5901923e-06
0.0029979313
0.011940345
0.81422037
0.00014411469
6.192724e-06
0.16314815
0.00019304045
0.002303744
0.10781695
1.4884216e-05
7.664704e-05
1.5354604e-05
0.0027326166
0.007996546
8.721526e-05
0.11276196
0.00069759454
2.3979333e-05
0.9512712
1.0195985e-06
0.8084042
5.5892597e-05
0.005151748
5.6080207e-05
3.2753996e-06
0.08866948
0.009405221
0.06946382
0.0012535076
3.2889326e-05
0.0017063031
1.1702753e-05
0.08866948
0.0003080225
0.0029395127
0.62210655
0.0029395127
0.0015575532
0.00012539142
9.96707e-05
5.7075704e-06
1.5354604e-05
0.0908166
4.042998e-06
0.9685627
0.0013258278
0.00012576612
0.000100002
0.00087574177
1.5741645e-05
0.91667485
0.00059944246
0.0042761085
9.651035e-05
9.650512e-07
0.044472504
0.9533599
0.00039686053
0.038441084
0.0010437713
0.31542093
0.00056845095
1.19589495e-05
1.08542645e-05
0.00048406704
0.0039268425
0.9341086
0.0003235469
0.0069538737
4.5301135e-06
0.8365555
0.016908033
0.004188039
1.5739848e-06
5.6647746e-06
0.015474321
0.003099666
0.12013064
3.6688914e-06
2.821825e-06
0.0097921295
0.99999183
0.006893195
0.00076046004
0.0079039475
0.005616185
0.72868633
0.0042063063
3.4943434e-06
0.009392524
0.005195418
0.22814183
0.65693593
0.00035928577
3.4943434e-06
2.629909e-05
2.7256276e-05
0.705228
0.9896825
0.022707839
2.9602886e-06
0.0029207808
