0.9999652
0.97189003
3.3868815e-07
0.00044455027
0.0020429057
5.6513227e-06
0.9224624
2.4917756e-06
0.00013337917
0.00013069836
0.00016635477
5.308427e-06
0.020887531
0.001863307
0.00031551538
0.041966625
0.84351385
0.003764981
1.1341523e-05
0.026651666
4.0528694e-06
7.7512006e-05
0.00096996216
6.07417e-05
8.1256964e-08
0.0028992307
9.087443e-08
2.8081871e-08
0.0015181553
1.0014639e-05
1.8478471e-05
0.036633287
3.7397408e-06
0.0009835407
6.3111314e-05
0.0029736327
6.94365e-06
0.0066237804
0.020837601
6.07417e-05
0.005057716
0.00015882617
7.646744e-05
6.756286e-05
5.1976793e-05
0.00010492229
9.154208e-05
0.8782823
0.00021675228
7.9414076e-07
0.00038190637
0.0012514222
0.0011268884
7.178538e-08
0.114924155
0.00022629948
0.00082351983
1.3202839e-05
4.2250872e-07
0.00338571
0.0005816885
0.04201394
0.6662228
0.00038792277
3.5434018e-06
0.0014271159
0.011168632
1.09917555e-05
0.16834097
0.00022308344
3.364524e-05
0.9709591
0.00035561333
0.0009979797
0.99999964
7.424438e-06
6.849141e-05
0.9913798
0.0002862929
2.118721e-05
0.00011833056
0.103497185
3.952192e-07
0.0012571712
0.9963669
1.1682893e-05
0.010333837
0.9999984
0.00049992447
1.5401713e-05
0.9710086
0.00033487604
0.00042223066
4.0281782e-07
0.9915628
0.012658083
4.1195854e-05
0.6532836
0.00045028425
3.3868815e-07
6.332375e-05
3.364524e-05
0.0026590228
2.8257025e-05
2.7996894e-06
6.329916e-07
0.00050167204
0.23669268
0.0043430314
0.0018891664
1.150178e-05
0.0016420346
2.6237716e-05
0.00047374188
1.4958468e-05
0.0004722486
0.00011046961
0.00054386223
2.2503702e-06
0.0013156194
1.8618834e-05
0.8662809
5.932585e-06
0.99716526
0.00061794143
0.043304775
1.2172368e-05
2.8346632e-05
0.00012070522
4.758562e-05
5.2890256e-05
0.0006369672
0.0076753916
0.92968684
0.99998456
0.9930059
0.0002956038
0.99952304
6.756286e-05
1.4537268e-06
0.024270857
1.5234579e-05
6.3111314e-05
2.3055911e-06
9.695441e-06
0.00013069836
0.00052824576
0.0009096088
0.7613781
0.02251493
0.00018526036
0.0002956038
1.2073329e-07
0.0033111947
0.009067171
0.00014741166
0.004108784
3.2091727e-06
2.320013e-05
0.035530522
4.6093572e-07
0.0002681352
1.4303198e-05
3.1938347e-05
4.082705e-06
0.00015235491
0.00038799105
0.008393398
0.9997303
0.013944953
0.00488637
0.0019304905
8.104945e-07
6.529985e-05
0.012064403
2.7845595e-06
3.8295813e-05
0.07948656
0.95538217
4.0211213e-05
1.4887055e-05
2.2777872e-06
8.324656e-05
8.924519e-05
0.00028815115
0.9974373
0.35738292
7.382167e-05
5.9679154e-05
0.43072578
0.009448778
0.0005273175
0.0005007023
0.062996306
6.3278612e-06
0.9999728
0.0012584793
6.3111314e-05
0.00014215831
0.47228494
1.4004993e-05
1.6921513e-05
6.3111314e-05
0.0030854268
0.00012378868
0.24095356
6.7895066e-06
0.0021262295
2.8288194e-05
0.56926596
0.043010354
0.5492511
1.7404089e-05
8.2244884e-07
0.2906178
0.0004331983
3.7329524e-08
3.4933826e-05
0.00078178133
0.99940574
0.058391888
0.5306648
0.037802055
0.017568043
7.583608e-07
9.48854e-06
4.173789e-07
0.0012571699
4.2250952e-07
0.0005401287
0.00030057566
0.028999334
0.0018735987
5.932585e-06
0.04201394
1.7522366e-06
0.9127592
5.9918148e-05
0.8682197
0.015308727
4.4467557e-05
0.00011833056
0.00016679251
0.008723935
0.999735
0.894361
0.7674256
9.154208e-05
0.034300067
1.9379573e-05
0.59763277
1.8860942e-07
1.1351295e-06
0.17011215
0.16834097
0.024841648
0.00030409973
0.77381146
0.0045745415
4.055948e-05
0.00011833056
0.0015135573
0.00052439113
3.6599658e-06
5.414713e-05
0.016279796
0.000107667576
0.017568043
0.543133
0.00022045853
0.001218043
0.9999852
0.001863307
0.8979707
0.020887531
0.5306648
0.18568595
2.8640113e-07
0.0002732393
0.11699687
3.157064e-06
0.00045656718
2.6402608e-07
0.99925524
0.09360461
0.0026590228
0.73124766
0.114924155
0.00041171283
0.033946663
0.07600548
2.159927e-06
0.0043430314
0.63004
0.01700156
9.532556e-06
6.676588e-06
0.0012071162
0.00064340286
0.008950784
