0.00035163917
0.00014999021
0.15129478
0.00081872003
2.7078386e-08
0.000100679244
0.031156337
5.4808617e-05
4.0244202e-05
5.502391e-08
0.00018126715
4.8461834e-06
4.2846237e-05
6.18461e-05
0.9994235
0.00013604645
7.23205e-06
0.00013779291
0.00015857421
5.8526315e-05
0.000251205
2.9515462e-05
0.0005724429
0.9982462
0.000103281214
0.00031392157
4.1166413e-06
2.7814152e-05
3.360281e-07
1.8923469e-05
8.098238e-06
0.0009357642
7.2711947e-07
0.0016662356
2.6341918e-06
8.7351816e-07
4.9351625e-06
0.0044094454
3.3281395e-07
0.00018126715
8.2376886e-05
2.7151182e-05
0.57827616
3.3532492e-06
6.4621927e-06
0.017836438
2.2146905e-05
6.299676e-06
1.6810181e-06
1.503274e-06
0.0009667884
0.99999934
0.012442129
2.129046e-06
1.1199401e-06
0.0019313103
4.8996077e-05
1.8235991e-07
1.0783765e-05
3.5161856e-06
7.589701e-05
2.247304e-05
0.0003482709
0.0004598112
0.0001466392
1.6932738e-06
5.903828e-06
0.067748584
0.00024627466
7.113908e-06
2.1164652e-07
0.0001170637
3.7886514e-06
0.0061999788
2.6656191e-06
0.00024961683
6.8699837e-06
0.021472575
0.00034441572
3.7990558e-05
0.0005379056
6.349823e-06
0.00016060032
9.7866934e-05
0.0005187283
8.137797e-05
1.921595e-05
0.0011483403
1.5561609e-06
4.5874498e-05
9.489557e-07
0.00021477036
0.001382332
5.2952884e-05
3.9993395e-07
5.4563152e-05
3.961984e-05
0.0036000572
0.9999314
0.17918809
1.1199401e-06
3.338695e-06
2.3910593e-07
0.00016592896
0.62425756
1.139931e-06
0.00016109663
5.6042147e-05
0.005734905
0.28261533
0.00013066024
4.2846237e-05
0.082816534
0.00013077192
0.9995637
0.0055410285
2.9254608e-07
2.1421729e-05
0.012029937
6.0035854e-05
7.930745e-06
0.0002627659
8.7351816e-07
3.0999097e-06
5.2189123e-05
0.00051181595
3.5161856e-06
7.536514e-08
1.0450808e-07
4.212233e-07
0.0013332906
1.1127523e-07
0.16326612
0.0021180676
9.123563e-06
0.017836438
0.88285446
7.864737e-08
6.8968657e-06
0.009569884
2.6317514e-06
0.22007571
2.966903e-07
3.9871264e-07
1.1454546e-05
6.5624647e-07
0.0015929041
0.0012316029
0.08609081
4.195681e-06
3.4739343e-05
7.359548e-05
0.0013277935
2.8877847e-07
0.00024572862
0.0017904609
0.9907699
4.5083184e-06
1.0456486e-06
3.3281395e-07
3.0804517e-07
6.481001e-05
0.0028272376
6.6938906e-06
9.829138e-06
1.7937088e-08
0.70013124
0.012207972
1.2841527e-05
9.810752e-07
4.2064503e-06
0.00019318039
0.012718695
0.0012316029
0.99164045
1.7493481e-05
0.0007647732
4.378719e-09
0.0014729425
5.2635805e-05
8.1446086e-07
0.00016109663
2.0785685e-05
4.530861e-06
1.3185528e-08
2.2483051e-05
3.7435242e-05
2.9891009e-05
0.00072132936
0.00021978021
0.009995402
0.00010277701
0.008271524
0.00026941442
0.00015629009
5.2050254e-05
0.0002170745
2.9305224e-06
5.485339e-06
8.0390955e-06
0.0029876174
8.163492e-05
4.443574e-06
0.0005114175
1.2698518e-05
2.7134873e-05
2.6317514e-06
7.229377e-05
0.0012965013
0.00056363636
0.93724054
0.0045284363
8.7351816e-07
0.0055593993
0.2136235
7.5326e-06
0.00030921004
0.5203918
0.0016662356
6.8699837e-06
1.2519318e-05
9.022432e-06
0.10308741
0.00037479957
0.6680543
1.0480526e-06
4.0019324e-05
0.00020501277
2.3621753e-07
0.000639002
0.0046147997
0.005965772
1.9561783e-05
0.0024386332
1.0460017e-06
0.0006850254
8.096385e-06
4.4943077e-05
0.9997378
1.3993753e-05
5.778898e-07
0.00019678871
0.00012992672
3.7435242e-05
0.00023928614
0.0016055387
0.0003308431
0.109898545
0.00040672818
9.123563e-06
0.0024386332
0.76909906
0.327152
0.99164045
8.633886e-06
5.222925e-05
0.01779742
1.3733571e-06
0.74347454
0.9932007
2.2497942e-07
0.02169325
4.2064503e-06
2.0098282e-06
0.0066494886
0.0006314113
0.000368522
0.0016097066
0.1637708
2.3419308e-05
1.9803316e-05
1.9309336e-06
9.9293065e-06
1.5169526e-06
0.7065818
2.313994e-05
0.0043941154
1.4285787e-07
0.98275656
0.0063883816
1.0385965e-06
0.0005089787
0.00016873382
1.1576059e-05
4.9214012e-08
0.056107216
0.00014166968
0.0018592089
1.4833564e-06
3.3091314e-07
0.00036845298
3.5389608e-06
0.0033630147
8.113288e-05
0.9999998
0.75013083
4.8996077e-05
1.0054927e-06
0.00025035857
1.0489861e-09
