1.0
1.0
5.436759e-06
0.38194904
0.00094044325
0.0019347573
0.2095896
2.8097224e-05
5.74346e-08
0.05238687
9.738986e-06
0.00012022208
0.020265546
0.00027304608
0.01698851
7.818191e-07
6.4063184e-05
0.7541947
0.08625705
0.004894459
0.0034457387
0.9999965
0.8599821
0.0002172364
3.841904e-06
0.00011416908
0.09040263
2.4275596e-05
4.228325e-05
0.7522236
1.5090409e-07
0.24998647
2.8315237e-05
0.999879
0.0005472317
0.98918575
3.215423e-05
0.9997038
0.0027741417
0.48784631
0.0011364499
0.0005852392
0.9406535
0.58268714
0.0010181735
0.057209633
0.36072117
5.812947e-06
0.98242927
0.046100613
9.060139e-05
0.05258742
0.8405431
0.9703757
9.676365e-06
8.0626904e-07
0.9999911
0.003988045
0.7185369
6.7767877e-07
0.002320983
0.13937806
0.6984372
0.07783856
0.05618264
0.113106
0.00055746816
0.013627051
0.62752897
2.6077965e-05
0.000113546426
3.2665216e-06
3.841904e-06
1.1199037e-05
0.0052607
0.0003066267
0.66230327
0.016781934
1.688508e-05
0.14768268
0.9809933
2.3899293e-06
0.29478317
0.0014636109
0.513952
0.0077466397
3.6878902e-07
3.362128e-05
0.0018968479
0.00093136966
0.06897935
0.007054333
1.8562225e-05
0.0005591476
0.0074105654
0.020265546
0.0012425552
0.9679658
0.00046828165
0.00042268715
2.5237673e-06
0.9406535
0.996799
0.0002335539
5.0665196e-05
0.012178142
0.09707165
0.33510903
0.0002978409
0.0074441507
0.12802055
0.9998021
0.00017807168
0.0015794775
6.0301165e-05
7.75721e-06
0.99998546
0.002320983
0.0039368654
4.9243918e-06
0.0004345897
0.7989554
0.0007246793
0.022595854
1.4019435e-06
0.00051872805
0.05662687
0.00230718
0.0012290054
0.004523308
0.99847156
6.660566e-05
0.5594691
7.6998964e-05
0.09584955
0.0028745404
0.08455629
5.0628505e-06
4.766292e-05
0.009916048
0.0058263526
0.021855008
0.4172657
1.2442275e-06
0.99995023
0.12264789
0.0015704288
0.05662687
0.0873946
0.99769926
0.00012496066
0.00068594
0.0006255911
6.0675524e-07
0.00040737097
5.7173358e-05
7.395512e-05
9.7959375e-05
1.1909532e-05
2.0382045e-06
0.08828722
0.0005889177
1.0377476e-05
0.00010942967
0.09584955
5.479994e-05
0.002028716
0.0015837514
0.00051872805
1.0639618e-05
2.073969e-05
0.0004883843
0.0032835074
0.00020896178
0.020133335
0.58268714
0.00068717037
0.00025245594
0.9999913
0.007574151
0.0061529977
0.7989554
0.00015221653
0.0027975433
0.48784631
1.7356899e-06
0.00033355437
0.0026510013
1.0
0.83104414
0.9756809
0.9607257
0.21515608
0.0012787009
0.028630873
2.2501727e-06
0.0019282502
6.2473715e-05
0.13939172
0.0001156312
0.9105278
8.287213e-06
0.015042869
0.020265546
9.598235e-05
0.90651333
0.0012044987
5.5791843e-05
0.00015221653
0.9999965
0.992553
3.216297e-05
0.96254295
0.00022356212
0.0027975433
0.31440726
5.7181455e-06
7.818191e-07
0.000113546426
0.00014823003
0.99936193
0.113350555
0.020265216
0.001439158
3.7541702e-06
0.27138925
0.0012290054
0.99998355
0.00035250347
0.00055746816
0.0018681368
9.347361e-06
8.885102e-05
0.87215954
0.035994504
7.911141e-05
0.018897755
9.709745e-06
8.309562e-06
1.778748e-07
0.99770224
0.0016722708
0.000567502
0.08704752
2.8164855e-05
9.30239e-06
0.00553816
0.006079366
4.9243918e-06
0.9956021
5.664748e-05
0.0058263526
0.22305034
0.082191855
0.013067784
0.0052157273
1.3838286e-07
0.4105903
7.5837047e-06
7.443171e-07
0.0009925881
0.0009153582
5.8526525e-06
0.83104414
0.992553
0.4362701
0.010014181
9.517159e-06
0.00032917436
1.5295502e-05
0.00014823003
0.0002940292
2.4276717e-06
0.00076941063
0.9990768
0.019513486
0.7655842
0.00029997848
0.00065899664
0.9999999
0.999966
4.5568457e-05
0.019304456
0.00094175467
0.00038802729
0.0002972225
2.5869405e-05
5.345864e-05
7.6998964e-05
0.0077679274
0.0004345897
0.00031045062
0.9987939
0.0001221117
1.0386307e-05
0.00065899664
0.00018106763
1.3739712e-07
0.024626175
0.00064232387
