0.9999989
2.9760896e-08
3.212462e-05
0.0002127317
1.6177411e-05
0.005254558
0.00011351157
0.00033167144
7.097976e-06
0.00020857481
2.1497796e-08
0.020249752
3.1463544e-05
0.00010453202
4.2497055e-07
8.1461155e-07
0.969001
2.7141916e-06
0.000111722526
9.0536785e-05
6.023789e-05
0.017843807
0.14478329
0.07102721
4.365123e-06
1.3700841e-06
2.1583324e-09
3.471819e-06
0.9935551
0.8276201
1.1713338e-05
5.0876326e-07
1.3759523e-05
0.0001548571
7.913466e-06
0.00070062466
0.0010673058
2.6745774e-06
0.9948193
3.9464936e-05
4.378236e-05
4.195689e-06
1.3704066e-07
0.008118294
1.971402e-08
0.0009638512
0.9999992
0.78015435
0.19537248
0.00018059724
1.5963157e-06
0.7917826
0.17712107
0.12697873
0.000870605
1.3745464e-05
2.7124988e-05
9.051669e-08
0.03929114
5.6357135e-07
5.4782918e-06
1.3383946e-05
0.00056940323
0.05753396
4.9588516e-07
0.00075283577
7.8501824e-07
4.2497055e-07
3.1424743e-06
2.4604667e-05
3.661694e-07
2.1131196e-05
1.210759e-06
2.8276331e-06
8.69558e-06
0.18791153
0.0024197532
2.701767e-06
1.5158896e-06
3.0612962e-05
0.017886551
0.009143237
0.0012619566
7.477621e-07
0.013528852
0.0003973883
0.001882736
6.2608854e-07
7.848462e-06
0.006780285
1.009506e-06
0.00034685622
0.0001854461
0.09930162
2.0042532e-07
2.2090246e-07
0.0017688888
0.00070483336
4.5808865e-06
3.0647215e-08
1.4994262e-08
0.3019167
0.0001535419
0.00023327349
4.582062e-06
5.8501075e-07
4.22398e-05
0.6890991
2.2901655e-05
8.1454964e-08
0.0012857278
1.5285937e-05
0.999802
3.2056013e-07
7.477621e-07
1.2217189e-05
0.0007005255
1.9226434e-05
0.0017504275
3.0824677e-07
2.6265654e-05
8.459812e-05
0.90014994
2.6880787e-07
4.365123e-06
0.0014247551
0.00029609597
0.001882736
6.0132e-05
0.9997652
0.00014372493
0.00039537577
1.2589261e-05
2.1396966e-07
4.917404e-06
0.017843807
0.15997225
0.0034419633
6.353388e-05
0.00415027
3.1512787e-05
0.0005703032
4.7898247e-06
0.009143237
0.17658399
0.0007099748
0.41201326
0.4762481
0.05147571
4.2608513e-06
7.9914975e-07
3.8978633e-06
8.1454964e-08
2.8881007e-06
0.00010654209
0.17712107
4.117196e-08
5.2483887e-05
5.383337e-05
3.5953659e-07
4.7731896e-06
0.9999867
0.011633963
1.711904e-06
0.0011776139
0.005868314
9.120192e-08
0.008118294
8.822874e-06
0.9714956
0.00015144113
0.00038275885
0.8884594
5.660167e-07
1.038262e-07
1.0912929e-05
0.022830544
0.08549441
8.281164e-07
9.1269485e-06
8.241672e-05
5.069004e-05
0.112154335
0.075244255
0.00012920793
0.00036360603
0.007814069
1.411365e-05
4.054575e-05
0.005579571
3.9541973e-07
3.3701886e-05
0.004634819
0.00073274877
1.1486125e-07
1.1486125e-07
0.00348902
0.0011109663
0.00017526897
3.3701886e-05
0.00043326084
0.0010307826
5.029118e-07
4.195689e-06
1.515735e-06
1.6474467e-05
0.10944041
2.6219811e-06
0.00014152452
0.9032533
0.0002460653
0.00065842154
1.5169499e-05
0.68554723
0.004736614
4.917404e-06
9.051669e-08
6.17439e-06
5.4246568e-05
0.00048294754
0.00022812093
0.0014225947
0.00031382224
0.6548459
0.9278162
7.337726e-05
0.000120864395
0.001343669
0.0066486355
0.0015746946
0.0028272013
0.0005487386
2.4171372e-06
1.7725299e-07
3.7631781e-07
0.558297
1.216779e-07
0.9999867
2.0635463e-08
8.05638e-06
1.2589261e-05
7.818632e-06
0.00038128573
1.4940277e-05
0.0048441496
2.0042532e-07
0.3084095
0.92912066
0.013458902
1.0815173e-06
1.6205315e-05
0.00012908033
0.13091747
1.630306e-06
1.33466765e-05
0.000822498
3.275887e-06
0.001095869
5.4019998e-05
0.0014607453
0.00089669664
0.99247414
5.383337e-05
5.0666137e-07
6.047472e-08
0.012987625
0.00012086428
0.0016186221
3.2644145e-08
0.99999684
2.5628102e-05
2.8570177e-05
0.00028788563
0.64130473
3.794426e-07
5.383337e-05
4.5808865e-06
7.2385235e-05
0.0007180147
3.9464936e-05
0.00019440435
6.8826205e-07
5.3368245e-07
4.874816e-07
1.1960205e-05
0.00015144113
7.443345e-06
7.991513e-07
0.034967802
0.0011151641
2.2477438e-07
1.2130035e-06
1.2126115e-05
0.19030605
9.957551e-05
1.3474297e-05
8.346173e-05
0.0023338834
0.007945042
0.9999376
