0.9999871
1.0
0.9999999
1.0
0.9598651
1.0
6.1390087e-06
0.0016876205
0.00071677996
5.11173e-06
0.09048124
4.889244e-06
0.3228834
1.3657999e-06
7.1657916e-05
0.00016602801
0.00034010073
0.0010737665
0.025617652
0.00017848407
0.016947167
3.630407e-06
4.820702e-06
6.7228194e-07
4.083188e-05
0.00019478807
1.6466063e-05
0.1109106
0.0058191484
0.7370725
8.444887e-06
0.12013247
0.0034374536
3.30264e-07
1.1393351e-05
0.00034701897
7.7613395e-06
1.5829153e-05
1.626371e-07
1.1965369e-06
0.00071650714
4.576127e-06
1.057755e-05
9.3995413e-07
8.866441e-06
1.1593713e-05
1.0127035e-05
4.9718587e-06
0.00012439996
1.6759329e-07
7.5947487e-06
0.028187085
0.00038184447
0.0016876205
0.09963998
4.102907e-05
0.001835825
0.56559855
0.00046040508
0.9975079
2.476901e-07
1.8308133e-07
1.9055095e-06
4.5218043e-05
1.234054e-05
1.1561917e-06
6.8863305e-06
1.4479365e-06
0.9434351
0.9995162
0.0002847991
1.2694987e-06
5.860016e-11
2.509999e-07
2.7406091e-05
1.6937445e-05
6.4449705e-05
6.053542e-08
1.7440276e-06
0.0016988597
2.241681e-05
0.052957445
0.0057317247
2.7518261e-05
0.23171513
3.1374352e-08
4.0041843e-05
2.0167652e-06
0.0027134055
2.9941106e-07
8.389006e-05
2.9732795e-05
0.9980339
0.013914864
2.7765866e-05
0.00014647373
0.0028782056
0.00015201085
0.9242185
0.0030456407
7.419826e-07
0.005169214
4.0486584e-06
0.14863643
4.7720085e-05
9.0692616e-08
4.1991456e-07
4.6043706e-07
0.0004164248
0.24165097
4.2278765e-07
4.1498835e-05
2.7766785e-06
0.00068967993
0.41316608
0.0004757652
0.9999187
4.358166e-05
3.4879508e-06
1.1965369e-06
6.805791e-08
0.11742152
2.4598403e-05
5.9025897e-06
0.00013908805
1.2694987e-06
8.8525735e-07
2.0957443e-06
2.0079776e-08
0.00043596746
0.00046040508
3.364245e-05
1.2869323e-07
4.1034447e-08
0.00030519383
0.008082961
9.439604e-06
0.9994976
0.0013894453
2.2263673e-07
0.95511705
0.91633767
0.00030425572
0.7645314
0.00051522243
0.9999804
1.3072724e-06
3.3016313e-05
3.91255e-05
0.01139157
5.358172e-07
0.07682278
1.11880845e-05
0.1963468
0.00033055583
2.110451e-05
7.044714e-06
0.83821625
3.3891556e-08
0.00090864295
0.018888349
0.0003685134
2.8716235e-05
5.0388013e-07
0.0035126233
0.005169214
0.039550245
0.00036298815
8.500027e-07
0.00072426785
6.3143096e-05
0.9873026
6.2284566e-06
0.006269085
0.0001231852
2.9732795e-05
0.00018595747
8.207257e-06
0.96528745
0.005490511
8.9536035e-05
4.7720085e-05
0.0009240897
0.0010941265
0.00034482524
0.00031426564
0.010748479
0.0006202015
0.028468972
0.0011229133
0.9154146
6.9260794e-05
5.0388013e-07
0.0004865025
0.9999514
0.94278413
3.0383985e-06
0.9001166
4.347251e-06
3.1680435e-07
0.00012439996
4.3473776e-07
0.00019299793
0.0013771455
1.7298198e-08
0.02232768
0.21813911
0.00016751132
9.223518e-05
3.5543978e-06
2.6572686e-06
0.22054484
3.0928415e-05
0.9981535
5.3095835e-05
5.2342034e-06
8.772576e-06
4.9235514e-06
1.9597932e-05
7.983834e-07
6.053542e-08
0.9999746
0.035958223
0.00027600946
1.4332498e-07
0.004898107
0.003437452
0.0006449057
0.009842005
1.607203e-05
0.6137256
4.1944787e-07
0.0013351737
1.1592148e-06
4.5522734e-07
0.22281216
0.0002159099
0.00075399026
2.1831667e-05
1.4438326e-07
1.084304e-05
1.3328905e-07
1.8647253e-07
0.0101836445
7.67086e-05
0.99979365
0.0009240897
0.00015422229
0.0002867365
2.7390893e-06
8.8184225e-07
0.000712426
0.0016884401
5.096642e-05
0.95277226
9.654884e-07
1.6759329e-07
6.181283e-06
1.5295194e-07
6.181283e-06
0.000316139
4.769681e-07
3.1082027e-07
0.00012516552
8.7492735e-05
0.03430679
0.017045494
0.00018050463
1.7173827e-05
4.988548e-06
0.00051522243
0.008806725
0.0014229735
4.315607e-08
0.5998448
0.95978695
0.11515606
6.2600293e-06
0.88898
0.00030361186
6.606486e-06
0.00088402326
3.0285636e-07
0.00011931517
4.236373e-05
6.539564e-06
0.0005411774
0.00071650714
6.189301e-08
0.8578565
1.4832773e-06
9.654884e-07
1.535724e-05
1.1400982e-05
4.2840515e-05
0.003636612
1.2464898e-05
0.9040547
3.6352148e-08
0.00041688315
