0.9999695
0.0026035146
0.9874052
0.99999887
0.99995404
0.002727097
0.9999971
0.99995404
0.0026311732
0.9201013
9.787875e-07
0.0015374011
0.032360353
4.9274695e-07
0.7072361
3.0703468e-06
7.3864426e-06
4.7029007e-06
2.6714113e-06
0.0024427895
2.786241e-06
1.5865986e-05
0.0003339438
0.0014021157
0.068063736
2.2768121e-05
0.015081493
0.00012283483
5.739721e-06
2.5562797e-06
0.0021397695
0.014227421
0.99999994
0.12612401
3.861876e-06
1.999378e-05
0.0003501856
0.00018600625
0.00017689451
0.3631406
0.6368334
0.002567952
4.896637e-05
0.00043095334
1.5848691e-06
0.005088139
0.02405147
0.9598941
0.006003829
0.0043817996
0.7161037
9.787875e-07
2.2775397e-05
0.0018127054
0.010614336
0.007883909
0.9999943
7.257025e-06
0.00326242
1.0457251e-05
6.801644e-07
0.007390488
0.078164324
0.040875074
0.59848475
2.268652e-05
0.00086738984
0.0028519658
0.06370098
0.85867435
1.2663629e-05
3.8426046e-05
2.3234124e-06
0.00016031713
0.0036902837
0.0016453657
0.0112857325
0.00016031713
7.538604e-05
0.98307747
0.0003014136
2.6536827e-06
4.9576684e-06
4.8554666e-05
0.06701743
0.98887473
0.994355
1.23377395e-05
1.488981e-05
7.489278e-05
0.00036765385
2.338503e-05
0.004270827
0.9992939
0.0022738716
3.9068233e-05
0.99913776
0.00078692887
0.001368912
0.00090110797
5.9765094e-05
0.00037624117
0.9968677
0.00040048623
9.726472e-05
0.12938032
1.9350855e-05
3.103247e-05
0.8896154
0.00012094798
2.5758356e-05
0.001040165
0.39919752
0.0018672264
0.93680984
1.451488e-05
5.6401415e-05
0.35581684
3.193969e-07
0.0011422352
0.0003201618
1.4069504e-05
0.89501923
0.9999989
0.0022949413
0.00027616738
0.00050358125
0.99951416
0.00020348576
3.9310653e-06
0.00018153853
0.017101813
0.019862385
0.022889948
0.00047021778
0.02405147
0.99991834
3.614564e-06
0.00018153853
0.6714618
7.740546e-06
7.104406e-05
0.00024511764
1.0412222e-05
3.103247e-05
0.01100173
3.8239832e-05
2.719521e-07
0.0010483493
0.00024267784
0.24846646
0.0031975964
0.0051675253
0.9989756
0.36805773
0.0012922174
0.9999411
5.7275e-06
1.030328e-05
0.014227421
0.9928029
4.477046e-06
0.0040925588
1.8372024e-05
0.002229219
0.0006514563
4.3640797e-05
2.3234124e-06
4.968417e-06
0.012019995
1.9350855e-05
0.002599674
0.00029901508
0.00036765385
2.5074773e-05
0.00037624117
1.7039264e-07
3.4899924e-05
1.223665e-06
3.656941e-06
0.00062269263
0.0052497643
0.00018429768
1.388547e-06
2.719521e-07
0.9510507
8.88735e-06
2.9164548e-07
0.96599126
7.5288513e-06
0.0013623403
0.00054374145
9.432976e-05
0.0002103535
2.7698336e-06
3.4402738e-06
0.0046052816
9.787875e-07
0.006013871
0.98887473
0.0024252178
0.9313422
0.9649608
0.98929316
6.8063882e-06
0.0012713174
0.074409746
7.680587e-08
3.2364867e-05
0.0024263219
0.0011758686
1.5848691e-06
0.00050358125
0.0013623403
0.053648934
0.0022359747
4.9159557e-05
0.00015707639
0.0003939119
0.0006476806
6.205002e-05
0.0028421879
3.8426046e-05
0.00022473371
0.8982358
0.00094135094
6.670653e-05
0.9992858
0.00062528264
9.6209715e-06
0.9979859
5.63839e-07
1.5920435e-06
0.0012713174
0.00073457987
0.00011394862
2.3366572e-05
6.617986e-07
0.0013784583
0.9809619
1.1724424e-05
5.4245014e-05
0.98929316
8.422399e-05
4.5725952e-05
0.021406125
0.116717406
0.0006242364
0.04585435
0.9590119
5.2956573e-05
0.0028660272
0.003077066
0.0016257602
0.00025002557
6.46452e-05
0.0046016416
0.994355
2.929889e-07
0.00013110053
0.068542786
0.00011201161
4.896637e-05
0.0017451621
0.00083930633
0.046909086
0.0012028499
0.0023162542
0.00013947532
4.0624236e-06
0.0023099468
0.00012827603
1.5879486e-05
0.00011498939
0.96058244
0.00012758837
0.0019751412
4.823931e-07
5.28512e-06
5.0907453e-05
0.009264914
0.00026116593
0.99570435
4.0124407e-05
9.331395e-05
0.07599143
0.0112857325
5.414899e-05
0.0006814305
3.0994433e-05
0.04095589
1.43086e-06
0.0003501856
0.00502146
0.0003939119
4.4186066e-07
0.00045529573
0.14881003
5.739721e-06
8.151824e-05
