0.99999213
1.0
4.2251054e-06
0.0005958927
0.9990693
0.000121452096
0.0009636777
0.0013428202
5.145341e-07
0.00012647784
5.0158924e-06
0.00032242297
0.999762
5.5882367e-05
4.8961124e-06
0.7046179
0.9452857
0.0073078545
5.5515846e-07
0.57591563
0.0026785617
0.0670441
0.743033
0.022729484
0.0465561
0.99982065
4.7589067e-05
0.96041954
0.0022513063
0.950156
0.41651988
0.9993739
0.00021634965
0.038056068
0.99689084
0.0001103376
0.057390384
0.997285
7.772874e-05
4.800842e-05
0.00017727341
0.0039577186
0.0023418185
0.022369104
0.79494834
2.8496612e-07
1.7324188e-06
0.0006063886
8.8462795e-05
0.004268735
0.38658625
0.99999845
0.023592385
8.0092126e-05
0.92339516
5.8685196e-06
0.8415957
4.9928946e-07
0.0015036165
0.00061035174
0.025437891
8.098933e-06
1.469473e-05
0.0010683617
0.0022633958
1.14296345e-05
0.028462695
4.356747e-06
0.00037946866
0.98760504
2.6641435e-05
0.99661964
0.25228786
0.00019111962
1.8812145e-05
0.028279003
0.00044817035
0.002829673
2.1092317e-05
0.023662016
0.020909036
6.8422023e-06
0.039995953
0.00030870104
0.0016169178
5.377646e-07
0.79494834
0.000490877
4.8553095e-05
0.99988866
0.0011362263
2.9534156e-05
0.00068054756
0.01543847
0.018527599
0.0057276064
1.0150241e-05
4.6348522e-10
0.7833516
6.678916e-05
0.023556102
2.672525e-06
5.951467e-07
0.46161702
4.393012e-05
0.00012490919
0.44024962
0.0068502496
0.0028548557
1.1187402e-06
9.433497e-05
4.468863e-07
7.0564674e-05
5.98712e-05
0.011546714
0.01329527
0.028279003
0.004788993
0.0004164002
1.9460396e-07
0.095983386
0.9999991
0.002765854
0.0023418185
0.2278064
9.463356e-05
0.522928
0.06381967
0.00017231653
0.99390924
2.6121477e-06
1.4480414e-06
0.0026728853
0.009374564
3.6550436e-08
0.6721396
1.0986977e-05
7.535743e-05
0.009500868
0.8370782
7.175871e-05
0.9885882
3.0490364e-05
0.642699
0.0027208405
0.0042643836
1.0040736e-05
0.0031113399
0.00021642556
2.3138682e-05
0.033198744
0.00013664282
0.9789005
0.9999785
0.0006544022
0.5499119
1.578508e-07
0.00037101915
1.0890444e-07
0.0012768119
0.98675954
3.1966674e-06
1.0986977e-05
0.99819416
0.048217323
0.0023793876
0.00010648642
0.0018565517
6.698922e-07
0.99996006
2.878324e-05
2.9534156e-05
0.0011778527
0.0040121907
0.0024354048
0.00018634975
0.0028709674
0.0022513063
0.99998975
1.1731538e-05
0.23688741
2.6290589e-05
0.999976
2.5056895e-06
0.0023793876
0.9962963
0.70709425
9.552735e-05
2.3274988e-05
0.79972726
0.00059250183
0.00033050135
7.012288e-05
0.99922913
0.9999146
1.5950944e-05
0.0047808955
6.382975e-05
0.07288687
0.99957
0.00011050091
0.010977667
0.017235683
7.551857e-05
0.0140286675
1.7019765e-05
0.020909036
2.4476574e-06
0.99922913
2.6860778e-05
0.00067373
0.00012710423
0.0014258851
1.0802395e-05
5.7433364e-05
5.0390932e-05
0.0009730022
0.00829377
0.00021557973
0.9564832
3.4133345e-07
0.00011356505
0.00037781402
0.08403294
0.81927234
0.94736624
0.008844187
7.868622e-06
0.0015775618
3.6550436e-08
0.0007775776
0.0017200443
0.00021956615
0.00022532717
0.0020698248
0.0005390666
0.009965168
1.6316062e-07
0.9999991
0.00012911294
0.0015374852
0.00057753606
0.51920587
0.0023793876
0.9997572
1.6473807e-06
5.0372914e-06
3.2021115e-05
1.0752526e-05
9.1445745e-06
0.0015591201
0.9724375
0.021066165
0.03363888
0.00031764866
0.00012921063
0.0006591254
0.01223629
0.0004327589
0.07913583
0.006938408
1.0
0.9999989
0.0010771372
0.41651982
0.08352513
0.123034626
7.693952e-06
0.0066353083
0.0017051485
0.000535124
4.370092e-06
0.04616171
0.0002498192
5.3719115e-05
0.027124047
0.007371336
0.06355723
2.0939959e-05
0.8491396
2.9919755e-07
0.0017575049
0.03978609
0.8477608
0.09301803
0.00030881818
1.2159106e-06
3.062416e-06
0.0037978855
0.00095385796
0.57998246
5.3924316e-05
0.59117955
0.0023793876
2.9732766e-05
0.0002089781
3.4975174e-06
1.3752452e-05
1.1452034e-05
0.3504612
