0.99999684
0.00014543718
0.002058671
0.0025130946
0.00089018006
0.20040265
0.0061645033
6.720013e-05
0.00012591286
0.17021924
0.38522872
0.0089075435
0.98176366
0.18032138
0.0081923185
3.397868e-05
1.9724324e-05
9.920977e-06
0.00064474996
0.0061353496
0.99553317
0.0012910567
3.145901e-05
0.9999905
0.0027911111
0.0012136324
0.00023852738
0.00017252319
0.016867688
0.012356672
0.6801139
9.429271e-05
1.4233121e-06
0.0016237685
0.9807205
0.07992061
0.00024922207
0.00036117507
0.005945289
6.157845e-05
0.0942563
0.0003709463
0.9985145
0.9218737
0.00015649394
0.002967825
0.0030744313
0.00010178045
3.5365658e-05
0.00014431188
0.0003498164
0.9999709
0.00057447347
1.5032631e-05
1.9254464e-06
6.441782e-05
5.124909e-06
0.0006971748
0.9999825
0.4302732
2.8924758e-05
1.409361e-05
0.00014428876
0.023903722
0.0016231077
0.99993336
0.0040250006
0.00044024352
0.004733199
0.00014431188
0.40574604
0.0006367599
0.001282201
0.163821
3.944981e-05
1.9854864e-05
0.9999995
0.9985145
0.98516124
8.054017e-05
0.0041359197
0.0035882026
2.523473e-05
0.23574844
2.7788374e-06
0.0008820061
7.587082e-05
0.0031469665
0.9999809
0.0028887966
0.00016355669
0.030429576
0.000111001274
2.3989352e-05
0.004036312
0.001083961
0.16458723
0.9999998
0.06624925
1.6495485e-05
0.0075241965
3.0510491e-05
0.046919066
3.882874e-05
0.9807205
0.0035990826
0.09709278
0.0012484037
3.159084e-05
2.429593e-05
0.1812262
0.0012889255
1.6318836e-05
5.281515e-07
0.01658081
0.00016491128
0.007928807
0.00368043
0.057064854
9.2089904e-05
0.99351704
3.020447e-07
0.64726055
1.5984933e-05
0.026513744
1.5585041e-05
3.5877695e-06
0.0052332487
2.2645687e-05
0.024205437
0.23941082
0.00019836759
1.983927e-05
0.3345192
0.00825369
0.00015830259
0.010256227
6.593442e-07
0.9996937
0.1224238
0.03268643
0.004687904
0.00015796466
9.716388e-10
0.00035688284
1.594495e-05
2.163999e-06
0.0012570801
0.0059275785
0.030429576
5.4772468e-06
0.12086375
0.0018265576
1.3237737e-05
0.021687198
2.8312052e-05
7.357303e-05
0.046367727
0.8534448
0.0036773137
0.01331217
0.00052855065
1.6142814e-05
0.01097112
0.9998493
0.14304414
7.3321003e-06
2.7313961e-05
0.014592133
0.00050707994
2.8145603e-05
6.671253e-08
0.6880831
0.00042532734
0.0006376651
3.420471e-07
1.4021966e-05
0.99988645
0.005216175
0.0005852024
0.5251581
0.0005693435
4.4806924e-07
2.5820751e-05
0.014435731
1.801597e-06
0.99995923
0.0027114372
0.0023234345
3.443484e-05
0.00047682918
0.021784047
0.80201966
0.00012950716
0.021376358
3.621268e-06
0.015460083
0.014394048
5.1137107e-05
0.0002274043
0.00023162413
0.005216175
0.0001469931
0.0148557825
0.99999714
0.0010675605
1.3218461e-05
0.9999939
0.7267533
0.99938864
4.108904e-07
8.354711e-06
4.6848563e-06
0.0013113368
2.2100455e-06
0.0055546425
0.00018120684
0.0828524
1.210982e-06
0.0027839944
0.88686395
0.07992061
3.3270277e-05
0.0016231077
0.029556436
2.4593164e-06
3.3270306e-05
2.2517424e-05
0.007274242
0.0049751266
0.048211616
0.06729512
3.694392e-06
9.920977e-06
0.00028670536
0.000185476
2.4593164e-06
0.00077748194
0.0013533089
0.00015331659
0.018817479
0.96900123
0.15785535
0.018043486
0.0023012157
0.022739712
0.42418194
0.021687198
0.046919066
0.0017683508
0.00062020065
3.8506234e-05
0.21198073
0.0014431126
0.0002811969
0.5014031
0.0002440794
7.5802773e-06
0.00022859297
4.691904e-05
0.00047711242
0.0044763545
0.008005959
0.82583904
0.004216689
0.9998841
0.00510371
0.3345192
0.9784666
4.3659056e-06
0.71249676
0.38689533
0.009853117
0.92086864
6.157845e-05
0.00675602
3.5535268e-05
9.2089904e-05
2.7620456e-05
0.94513613
1.210982e-06
7.6238266e-06
0.00027019306
1.4344944e-05
0.032504715
6.272324e-07
0.9821948
0.3345192
0.00017352295
0.024275431
0.16041088
5.5113498e-05
7.5813327e-06
0.21809585
0.021275006
0.010488893
0.0026729438
0.000109980545
6.600454e-05
0.06729512
