1.9672242e-09
6.817713e-05
2.102124e-08
0.0018593762
0.4112772
0.0026156004
3.3030253e-06
2.7238868e-06
0.00012726201
0.00061247114
2.967549e-05
0.0005867307
0.00017191889
0.00061139563
0.7339871
3.8613275e-06
0.0038602562
0.038783934
0.9997118
2.627859e-06
2.7132388e-05
1.0470037e-06
0.99999994
2.7908183e-05
1.7291838e-07
4.271821e-05
3.5195205e-06
6.7316934e-05
2.8353392e-05
1.053786e-05
0.00016539489
3.1322147e-06
0.004241984
0.3709104
0.9321026
0.9239126
1.5259806e-06
5.215549e-05
1.096556e-05
9.741726e-06
0.00069035793
0.0005541053
0.008486985
0.00086815713
2.9845662e-05
0.2808675
8.623156e-06
2.0966e-06
0.9087957
2.2387767e-06
0.9977184
1.687781e-06
7.359394e-05
0.00071457255
3.713603e-05
0.9924822
0.00010277995
4.125425e-06
1.5017248e-07
0.00027136435
0.0028864557
0.0007735364
4.7258527e-06
0.000731852
0.01443603
0.99999994
0.0002556942
3.906436e-05
0.0068903198
2.9358089e-05
0.00041049893
0.0008378624
0.99995965
0.9989221
2.2630118e-06
0.0004228959
0.00012833758
0.97867334
0.024760768
0.00077329023
5.4222673e-05
0.00017222158
0.00017707239
9.888615e-06
0.0008823372
0.00027136435
8.813832e-07
1.4427439e-05
0.0016539973
1.288057e-07
4.7241765e-06
2.3840425e-06
9.035374e-06
0.98191404
0.9510003
1.8668812e-05
0.17033313
2.9821865e-06
2.1961891e-06
0.00011124128
4.7104688e-05
0.0016054247
1.1906136e-05
6.8745976e-07
5.989513e-07
4.5397606e-08
0.0002795263
2.1381065e-06
0.92178583
0.035194617
0.0014657604
0.0069046654
0.9999557
0.0068879216
2.9687484e-07
2.8353392e-05
0.006620957
4.8949078e-06
3.0639134e-05
0.0001659796
7.477403e-05
0.015821466
3.2936077e-06
4.4049843e-06
4.6646423e-07
6.9295274e-05
7.290764e-05
3.9455e-05
0.0006939532
0.00026198916
0.00013540492
6.6512035e-07
0.15916236
0.0013607091
0.0045879213
6.4270716e-07
3.2842783e-07
1.5664164e-05
0.99944127
0.0014024283
0.0004655584
8.555284e-06
0.003182042
2.5682186e-07
1.3869351e-06
0.7222227
0.99312854
0.14549677
0.02238691
3.3484812e-06
8.4629755e-05
8.555284e-06
0.18453383
0.002714233
0.061479673
0.018778615
0.91279763
0.00026069474
4.8751554e-06
0.0137654245
0.0005805907
0.14549677
2.032959e-06
0.008831397
1.7189917e-05
0.00010868777
1.8553164e-05
0.0045879213
0.0013401193
0.00039373094
5.3217022e-06
2.4863255e-05
8.555284e-06
0.00033117094
8.4874716e-07
0.00022615495
1.9658806e-05
0.0007188308
0.062490515
0.0011712048
0.10759226
6.613295e-05
2.7882059e-05
2.7861374e-06
1.3760557e-08
4.2262177e-06
0.8617589
0.00052608806
0.00023860905
0.00653749
2.187483e-06
0.004287125
7.797298e-05
3.8265134e-06
3.7485677e-06
0.00040456132
3.030068e-06
1.0849565e-06
0.000530072
7.070203e-07
0.984437
7.509889e-05
0.0011769022
1.380758e-05
0.0043312963
7.652303e-05
0.0013428113
0.35208768
0.1004511
2.5072504e-06
0.0023294718
0.0011414504
0.00019610785
0.0023482163
0.3709104
0.9941173
0.03324038
0.0004228963
0.7732343
0.000530072
0.18447164
0.06846757
0.00021748096
0.002885594
0.021541419
8.1209527e-07
3.955215e-06
5.4122174e-06
4.967954e-07
0.00059670856
2.2387767e-06
0.017287241
0.2937277
0.019087203
0.40689754
0.000298835
0.0008216762
0.0003446113
2.77107e-06
0.994378
0.04907032
6.784962e-07
0.0025321469
0.46251485
0.998182
0.00012492467
1.112147e-05
1.0849565e-06
0.00024324608
2.9358089e-05
0.0001456802
0.01780378
0.9976239
4.8512884e-06
2.2594236e-06
0.005028278
0.001059159
0.019805066
0.00055566814
0.18754807
0.0013796758
0.0005541053
2.5263264e-05
0.00037959585
9.514952e-05
6.867462e-07
6.112981e-05
8.769162e-06
0.051868606
4.2225574e-07
0.0011572064
4.921998e-07
0.0066445484
0.061893273
0.0029417258
0.00026174524
1.2166044e-08
0.013848767
0.8634121
0.009779183
6.3160683e-06
5.595211e-05
0.00030586755
0.0006854695
0.06751555
0.39158663
1.3964264e-05
0.9898429
1.21882e-06
2.2387767e-06
0.002515551
4.302968e-06
0.006523114
0.000570994
1.4492845e-05
1.0760226e-06
0.051985703
1.4694707e-06
0.00059615663
2.2627015e-05
