1.0
1.734922e-06
0.34426647
0.99991757
1.0
0.0010798604
0.49104944
0.00022162506
2.190165e-05
2.1503001e-06
1.3221147e-05
1.1456548e-06
0.00018054801
0.9999928
0.00011686116
0.51130027
0.03465396
0.0014497932
0.0026560263
0.00014361042
0.00012372754
3.2964485e-06
0.00069084193
1.255375e-05
0.0072489083
4.116805e-05
1.4680755e-06
0.0028628812
0.09978066
0.41666275
0.9723549
6.7468804e-06
0.5138327
0.9999847
2.6026588e-05
0.99615234
4.624781e-07
3.648264e-05
0.0018307136
7.201557e-05
0.00036853817
7.3712356e-05
0.00010756075
0.95506287
0.102886364
0.9229575
0.6307008
2.137593e-06
6.531571e-07
0.16649395
0.9675872
0.9987846
0.00045780465
4.411248e-05
0.00015524476
0.0075634234
1.1372739e-06
3.0965864e-05
0.0030035705
0.13003516
0.010285097
0.99805194
2.2330738e-07
0.03948363
0.0013521184
0.001068088
5.1854877e-06
1.6430018e-05
0.0010987456
0.03210767
0.0014289641
0.00027936697
1.1417204e-05
9.224756e-07
0.0066484082
0.98515797
0.039762713
4.492242e-05
0.14186043
0.0001259149
0.55509025
0.00026624807
6.6188336e-06
0.14158909
3.474925e-05
4.4751476e-05
0.0045267725
3.6294205e-06
6.596842e-05
0.00025313176
0.99846286
0.00053821463
3.315198e-05
0.0016033364
0.0004196791
0.00052150874
0.003149208
3.0150788e-05
0.07408984
6.745863e-05
9.7781285e-06
3.5288882e-05
0.00032314245
2.1666588e-06
0.01900707
3.9287774e-05
0.053356443
0.0022607818
0.049885925
0.0014600236
1.3502662e-05
0.93262535
2.8435016e-07
6.58286e-05
6.6838154e-05
0.00074154086
0.0143376645
0.00010689948
0.019731503
0.00021222219
7.8837875e-06
0.0010567735
1.3842704e-05
0.9527106
1.2237478e-05
0.9975274
1.995483e-06
0.00033571623
6.5550116e-06
5.2490964e-07
0.5431612
2.4264255e-05
2.642994e-06
0.008239674
0.0018226365
0.0015176111
9.772803e-07
0.16183002
0.000111588364
0.9997489
0.39814284
0.051415905
0.07608436
0.03244256
7.3712356e-05
0.00042186072
9.4541265e-06
0.00025717876
0.90943396
0.0020296548
0.99999934
6.302897e-06
7.369563e-05
0.0018862492
0.00011084008
0.018704575
0.0031613444
0.010092526
0.0041700643
0.0007034534
5.9779803e-05
0.00069084193
0.94823986
3.793882e-05
0.9997193
8.794099e-05
8.50339e-05
0.00044582848
2.3978191e-05
8.446729e-05
0.9158665
8.197473e-05
0.0022132737
1.809296e-05
0.9475249
0.15698086
4.908531e-05
0.28551763
2.9136324e-06
8.638152e-06
0.65329474
1.632e-06
0.6187175
3.378494e-07
4.1863565e-05
0.0005626954
0.0035578199
4.2910928e-05
0.96651363
1.323035e-07
2.8342179e-06
7.366745e-05
2.6171441e-05
0.0002978616
0.00017704842
7.852605e-05
1.615744e-06
0.0002015642
0.03948363
0.9940181
0.8817656
0.81732994
0.0012045888
0.00018917749
8.599271e-07
0.9754691
7.380725e-06
0.00015524476
0.009730378
6.553866e-05
0.0028628812
1.7567274e-05
8.212409e-05
0.02781056
0.47357652
1.0129228e-06
0.00016828619
0.00039211317
1.225488e-05
0.0003101489
1.19496235e-05
9.773056e-06
3.5240163e-08
0.0033439952
0.00024695086
0.003401421
2.7172991e-05
0.0030257688
0.000121226476
0.00077570806
0.9936813
0.011396845
5.10736e-07
0.0003101489
0.46164078
0.002358397
0.0047528762
3.4551188e-06
0.972717
0.00074936607
2.5511677e-06
5.832833e-06
0.004409835
5.6559367e-07
0.002371023
0.02658985
0.04449335
0.001465773
0.9379786
0.00047360663
0.99747956
3.474925e-05
0.00042283363
1.8895033e-05
0.0008570101
0.0016811899
3.5288882e-05
0.78194964
0.102886364
0.57506293
0.0047039343
2.9136324e-06
0.99998605
0.9409833
0.9350333
0.08758041
0.00020812207
1.7876157e-08
0.9955573
1.2286441e-06
0.03713398
3.8610878e-10
2.7590195e-06
1.8295964e-06
0.007821782
6.858738e-06
0.00019153664
0.9258273
0.0006821972
0.0041945707
0.0022147063
0.9987846
0.0006548002
0.7128549
7.2799616e-05
1.2225533e-05
0.99921113
8.6446045e-05
0.11256966
0.007932991
0.00018291778
0.9948349
1.1083808e-05
5.895422e-05
3.0965864e-05
0.0015338631
5.260435e-06
0.0067716846
0.99577135
3.0769435e-05
