0.99685645
0.9999849
0.9974309
0.0026466476
2.6499436e-05
0.024726076
0.0007363552
0.17682391
0.0073768822
0.99559194
2.3965067e-05
5.606916e-06
0.05568639
2.7613423e-05
0.0046686977
1.652003e-06
0.25449392
0.19203107
4.2006013e-05
0.0015347165
1.6358068e-05
0.00021284472
3.66703e-05
2.9950359e-05
0.99974257
0.17022696
0.9981349
0.005368093
0.00011874879
1.8899429e-05
0.0002582498
0.10789926
1.6274913e-05
0.0058375057
2.2348177e-06
0.016897114
8.241381e-05
0.0023456318
3.8200855e-07
0.9952783
0.97227764
0.42106324
0.10789926
0.99971855
0.85452336
0.0007980426
2.2308643e-05
0.0060492107
0.005121027
0.07149675
0.0034653628
0.00018373324
0.9066843
0.02763831
0.0017020336
0.0023416036
1.8736517e-05
0.10826535
6.920908e-06
1.0
0.0002591627
0.000922828
0.011871951
0.0020266743
0.0001503522
0.999914
5.5187233e-05
0.9788956
0.004773267
8.365639e-05
0.27034196
0.00059716887
0.9066843
0.77869177
1.5453677e-06
0.00050643436
0.0014487002
0.00026883042
0.047187697
0.027990248
2.1835979e-06
0.9987409
0.9981349
0.6124709
0.0031457283
0.9991357
0.0031855635
0.03414328
0.017899666
0.9993011
4.1289775e-05
0.0053489436
0.001467263
0.0041623428
0.02763831
6.1848456e-05
0.00091880705
0.10561577
0.4225881
0.9999903
0.00064705254
0.00019224988
0.00040600047
0.9310679
0.0014879133
0.5345999
0.022823151
0.9886612
0.00027259035
0.87838644
0.0003327565
0.01172645
0.00012270371
0.00019519802
2.225047e-05
0.0002991183
0.25092435
2.6499436e-05
4.577281e-05
0.75714403
1.4152062e-05
0.000101489895
0.0019899758
0.041105725
1.3097757e-06
0.0026168695
0.003423781
0.00011874879
0.010323982
0.00011545756
3.8643597e-07
4.7351412e-07
0.0001202355
0.999257
0.00080444006
0.91360086
0.000548093
0.000548093
0.98164505
0.84484893
3.3117034e-05
4.1694393e-06
2.0910688e-06
0.10590893
0.0007725566
0.9994732
2.7613423e-05
0.00013470782
0.0010257062
0.8792327
0.95605206
0.99999934
0.0030804046
0.0005119913
0.00084012805
2.694673e-05
1.2910388e-05
1.855327e-05
4.992033e-07
0.7846762
0.0013010758
0.4303053
0.99990386
0.006918179
0.0005458013
0.0737934
0.5676334
0.21241114
0.0063234125
4.1694393e-06
0.013438252
6.1301233e-07
0.0021526888
0.0002591627
8.3053897e-07
3.279837e-05
2.8559745e-05
0.00016746852
0.0025955846
0.00062373985
0.01937179
0.97867686
0.05262751
0.7482933
0.004069583
0.011802243
2.9969386e-05
0.99999577
0.0032582209
0.021364948
7.2316775e-06
0.028599473
0.00018334141
0.0019243667
0.02282682
0.25092435
0.0020518973
0.7191349
3.271774e-05
0.4667522
0.00059488293
0.05555503
0.8591355
0.043640602
7.660904e-05
0.016646437
0.2454715
0.0065048803
2.5116994e-06
0.42701334
0.023906004
0.00026843295
0.002495804
0.1815068
0.00011545756
0.0001642423
0.00062373985
0.0010847589
0.033462025
0.99999976
0.3970693
0.99146366
0.8429984
0.02361169
0.72730494
0.0045054085
1.8409488e-05
0.000105043415
0.008860905
0.0051424424
0.42701334
0.003423781
0.11400942
0.00045977134
0.00018421125
0.0019530776
0.037531395
0.02258279
1.1107097e-06
0.0026633167
0.9999718
0.6918379
0.00044232156
0.0050214403
0.0010235772
7.754762e-06
0.0044670017
0.012513034
0.0010091105
0.0019899758
0.9999911
0.0062190113
0.0015970812
0.0010559397
0.00049137656
1.2432298e-05
0.98202235
0.9521447
0.00017060725
0.999683
0.0004191829
0.00036965817
9.96008e-07
0.00052626256
0.00045819714
0.00011985316
0.0032336232
6.976524e-05
0.00011086862
0.01070268
0.0013868158
8.081203e-06
0.5996366
5.6048877e-05
9.4745345e-05
0.009077318
0.0006791662
0.015961196
4.2656255e-05
0.0031457283
0.0005264477
2.0471522e-05
6.565613e-05
0.0001118289
0.34625974
0.013331287
0.0050214403
0.0001060241
0.30583605
0.004503777
0.98377997
0.0009943742
0.113307625
0.00094037474
0.015993072
0.0115538025
0.0026466476
0.46265218
0.040755507
1.6358068e-05
