0.000103654456
0.47773358
1.0
1.0
1.0
0.58733135
8.410834e-05
1.450987e-05
3.430697e-06
0.848573
0.0028564797
4.051223e-06
2.092053e-07
0.1122839
0.003066551
2.4047124e-06
0.06476282
0.00030535358
1.3291221e-05
0.99692744
0.0001074405
0.96817094
0.0008127499
0.0033750979
0.91152394
5.1088937e-06
0.00014228364
0.041727483
4.6608143e-06
0.99578416
0.00058585004
0.75590456
0.013802535
0.00034318285
4.1446274e-05
1.3594969e-05
0.019050254
0.5297229
1.40905995e-05
0.025683442
0.8499876
8.7353255e-06
0.0013875207
0.00066277
3.3487046e-05
0.00177893
0.59623986
0.74977684
0.017204922
0.0027959156
0.00092173397
4.647778e-06
4.7236945e-06
0.0021255205
0.7930117
0.015570522
0.00040628485
0.00028411028
8.610709e-05
0.5297229
6.9473994e-05
6.8698006e-07
0.9998732
0.0002643147
0.0014564922
1.8246739e-06
0.00012263049
0.9807977
0.31266588
5.1035177e-06
0.0005301246
6.070666e-07
0.09928934
0.9999957
0.0014428549
6.842457e-06
0.00031806505
0.9686764
0.42571607
0.7730291
0.1340657
1.9120337e-06
0.07871663
0.00030369408
0.0037252004
1.0923558e-06
1.2822656e-05
0.08366916
4.152338e-07
0.34498698
0.093093246
5.1035177e-06
0.00034318285
6.912836e-05
8.987224e-06
0.105800614
0.00095619046
0.00034318285
0.005321609
0.008028136
4.7533464e-05
8.795844e-05
0.0023912748
0.00071489345
0.0013596364
0.64034486
5.779769e-07
0.00053244544
9.84299e-07
3.082096e-06
0.0024260357
0.3427134
0.0029814974
0.022652376
0.0003859795
6.934889e-05
0.9995047
0.04919844
0.99871254
0.99990046
0.0019357328
0.0032832888
0.00015968626
9.985174e-08
0.9999261
0.057740122
0.42571607
3.8713086e-05
1.8036213e-05
0.0046077915
4.472544e-06
0.1340657
8.7353255e-06
0.00018618474
0.00013227612
0.00036737602
0.21069753
8.3741224e-07
0.998387
1.2060158e-06
0.0032832888
0.012367361
0.99989825
0.015570522
2.7505627e-07
0.08366916
0.007111813
6.842457e-06
0.0004728249
0.00023893072
1.2822656e-05
0.7700482
0.00778526
0.99142045
0.024127334
0.00029474855
0.0002847603
0.9988571
0.003017806
0.00014478657
0.24115863
0.78411806
8.265575e-05
1.7635426e-06
0.041665714
8.861588e-06
0.040092606
0.003716073
0.00011739302
0.00018118127
1.6923965e-05
1.9115532e-05
2.4786503e-05
0.06908835
4.419973e-05
0.7700482
4.0355113e-05
0.0003765135
0.94418395
0.003716073
1.7748436e-06
0.92627114
3.0205642e-06
0.00036475764
0.00661738
0.04790836
0.008950753
0.052725427
4.122238e-05
0.0018701365
0.971378
0.00029458615
0.08671571
0.005293678
1.6463049e-06
0.0029815005
7.538517e-05
0.00079756934
0.99565226
0.00085076754
0.0006404256
2.5964906e-05
6.390923e-05
0.009286806
7.649117e-07
0.08696364
0.014622574
0.013282147
6.058614e-05
6.912836e-05
3.369343e-05
2.8861026e-05
0.00020876402
0.0021125497
0.9848732
8.059718e-05
0.024066271
0.00030579758
0.022917105
0.7075624
0.0007505768
0.0036567908
7.9831196e-05
0.011104248
0.00011239357
0.08126164
0.34498698
0.9977825
0.0007158932
0.42571607
0.35270536
8.610709e-05
0.0021680312
0.0009126337
1.2724794e-06
0.98340285
3.6657507e-06
8.358399e-05
0.9603887
0.009274277
0.0028288418
0.03190317
0.00041281956
0.7930117
0.004237183
1.9233035e-05
1.2889224e-06
0.004360825
0.0046077915
5.5367564e-05
0.00035684713
0.0012759051
0.0047264327
0.00079969637
3.7386828e-05
0.000703
7.0100825e-05
0.000110400004
0.00062067516
0.0020217376
0.00038119868
7.897181e-06
0.5270502
0.0009303484
0.9635982
0.86304367
0.98340285
0.65404785
0.00041281956
0.0003380392
0.66989404
0.995554
0.08764138
0.96817094
0.037652586
0.03848216
0.0037469529
0.85783935
0.00012033918
0.9999982
0.0040751467
0.014942973
3.4499333e-06
0.0057166517
0.00021323228
0.00018118127
0.99142045
0.0034771531
0.98362267
0.0001756675
1.1002944e-06
2.9493573e-05
0.7700482
0.014942973
0.12904686
0.00010949313
0.77958506
0.0013541784
1.352145e-05
0.9999957
