1.0
0.77346367
0.017807625
9.1072776e-05
8.545726e-05
0.6512885
2.601723e-06
0.98022276
0.12945533
0.00091523916
0.00024299433
0.95812565
6.2461227e-06
0.9999151
7.751659e-05
0.00080490275
0.073308386
0.0014200419
5.3052586e-06
0.0005881809
0.00015109264
6.556624e-06
0.0030761447
0.11637319
0.006456619
2.061756e-06
4.3923556e-08
3.3353695e-05
0.10685472
0.9999901
5.801411e-06
6.218236e-05
0.9998452
0.0018262871
0.0004886846
0.0004245708
0.0018761597
0.0014329528
7.9173005e-06
1.4322499e-05
0.0018879323
0.0005881809
0.1083478
0.0679881
6.371128e-05
0.065832734
3.309199e-06
0.19235727
4.0819805e-06
2.1354173e-05
0.0490796
4.7397313e-07
0.17584427
0.0007847344
4.398386e-05
0.0003159332
0.0002329823
2.4119465e-05
0.00017899025
7.0501585e-05
0.001246302
2.7291753e-05
0.00063881296
0.9997339
9.1600064e-05
0.0039813905
9.769441e-06
0.0632833
0.0044316147
0.0001587482
0.0035462691
4.491628e-07
1.2181147e-05
0.0018761588
0.0002656479
1.2220358e-05
0.0004653388
1.953311e-05
9.199356e-06
0.0018908512
0.0024993988
0.007651698
0.003018364
0.0021352782
8.0707476e-05
0.0016379241
3.448499e-06
0.00019349046
0.23798412
0.0004653388
0.009211062
0.99999523
0.70814073
0.0011034039
0.001605012
0.8785473
0.28055683
0.00017329263
0.000518321
0.000792256
0.0006821462
3.0642566e-06
0.35391244
7.319068e-05
0.12945533
0.088452995
0.00349707
0.00054153654
7.0501585e-05
0.00017926248
0.9969107
0.0007260023
0.048115756
0.9981234
0.98502094
0.001684726
4.09096e-06
0.0020701785
0.012435398
0.06943522
4.506019e-05
0.99999887
6.649588e-06
6.039143e-06
0.23798412
0.00075396866
1.3763439e-06
2.981363e-05
0.0004517895
0.39554206
0.999397
3.3248292e-05
0.00017727696
0.010703059
0.99927807
0.6360539
0.17084351
0.0010135069
0.005100822
1.9211331e-05
1.5478912e-07
0.054855317
0.19934085
0.9956403
5.6550543e-05
0.0763619
3.9848637e-05
0.0013929801
0.0050592474
1.4801212e-05
0.30327034
0.002327397
4.640133e-07
0.00039176195
0.026154138
2.9588753e-07
0.0001537819
0.0008609224
0.91447663
5.147333e-06
0.05964558
0.04997294
0.00010350491
0.0014721516
2.9813573e-05
0.00012998075
0.46213633
0.6086217
2.639346e-05
1.4326474e-05
0.0059458134
1.0173247e-05
0.00010713031
0.9990246
4.5613717e-05
9.561052e-08
0.8946297
0.715932
0.002266164
4.0829465e-05
0.0023078355
7.9173005e-06
0.33247966
5.3341586e-07
0.9752108
3.3353695e-05
0.00349707
5.2364954e-05
0.03450274
0.0027449501
0.0005685144
9.769441e-06
0.00011456583
0.017779857
0.0018063843
0.0001537819
0.36138287
0.008239737
0.13652062
0.0763619
7.2827424e-07
6.2165636e-05
0.31158686
0.39554206
1.190164e-08
1.6390048e-07
0.9833444
0.9997661
0.00027273645
0.0044317762
0.0048952284
0.008915074
0.597751
0.0023078355
0.0013843707
0.26732588
5.7478434e-07
6.632455e-07
0.07518853
0.00043353144
0.0010701133
0.9901144
0.0012016349
0.021967169
1.5237907e-05
0.07518853
8.058903e-05
0.0017703839
0.005776406
0.38070297
0.04797399
0.00061871664
2.8111776e-06
4.043285e-05
4.812475e-10
1.1216395e-05
3.9851497e-07
1.7105169e-06
1.3131914e-06
0.9999388
0.13652062
1.2295696e-07
3.243943e-05
1.0173247e-05
0.00040725467
0.0030627719
0.999566
0.9999202
0.05964558
6.117938e-05
0.0011183731
0.032880772
0.04282716
0.014860814
0.00017891944
1.04099e-06
5.0072895e-06
0.0003079673
0.00032064994
0.00016789287
5.963438e-05
3.3284967e-05
5.425257e-05
0.8653425
3.106647e-07
0.0014329528
1.6172937e-05
0.003018364
0.0007076528
2.9813573e-05
8.058896e-05
0.0021489821
0.689636
1.2780914e-05
0.033450916
0.007849336
0.00389382
6.5424996e-07
1.2220346e-05
0.80740744
5.583751e-07
0.0016787825
2.9189472e-05
0.005732662
0.0103400815
0.00035365144
0.0018612089
0.00015447101
1.177043e-06
5.758923e-05
0.00064992765
0.011393607
3.2656948e-07
0.000649993
0.00013520998
0.0004153104
9.795003e-05
0.00349707
0.0003439319
1.2521945e-05
