0.9999921
1.0
0.9991733
9.622464e-07
0.011048033
0.9987504
0.9715125
0.99999905
0.058519013
0.99999905
0.99985933
5.78284e-05
0.9648702
0.001286249
0.8266091
0.00023820148
0.00671421
6.3830725e-05
0.0005172387
0.0022816914
0.0002827807
0.00050693954
0.0005545267
0.9989667
4.6265242e-05
0.00023458876
0.06903272
0.867425
0.43650547
0.0072329417
0.010933547
0.98812526
3.8176704e-06
2.9659743e-06
0.01113989
0.0009129599
0.721936
0.9353081
0.03318052
2.0122381e-05
0.971126
0.00045215615
0.8774873
0.29857293
0.9607273
0.9994165
0.0021608162
0.16574302
0.5687574
0.004588581
1.5450745e-05
5.579067e-07
0.3399834
0.00074448856
0.05044862
0.0003052328
0.32543027
0.827921
0.20066883
0.003083487
0.040114414
2.9870262e-05
0.99999917
0.7253584
0.00076582015
6.1495644e-05
0.99999785
0.19335182
0.00028004113
1.7245957e-05
0.00848213
0.013106245
2.2064205e-05
0.0017403043
0.19936064
4.2257125e-05
0.9999934
0.0013098551
0.00024490134
3.8258037e-05
1.4994145e-05
0.00068767776
0.005926795
9.054542e-05
3.003502e-05
0.02623193
4.7161366e-06
0.014609518
0.121516325
0.9999895
0.012746311
0.05698219
0.14670609
0.16801749
0.01180176
0.9999655
0.00015791843
0.013106245
0.99999994
1.2618e-05
0.00562707
4.416859e-05
0.00027478064
3.3636102e-06
0.67152095
0.9989752
0.9999999
0.12803806
0.0021081395
1.0496367e-05
0.040499024
0.029628694
7.107537e-05
0.0063776304
0.0060284315
0.0042727217
0.008695307
0.84135246
0.0033701549
0.22777398
1.4811577e-05
0.9932215
1.0478524e-05
1.4811577e-05
0.9999957
0.98905236
0.00017794999
0.017686862
0.99080026
3.1174752e-06
4.1457857e-05
4.0731462e-05
0.9956627
0.035993002
0.01735942
0.32543027
0.0076882443
0.018169113
5.564795e-06
0.001906181
0.002759123
0.0012512936
0.0082297325
0.9999939
0.7017172
0.09553599
0.16089036
0.003083487
0.0013871223
0.00017526095
0.9999961
0.120537855
0.0009463762
0.867425
0.25299
0.00018470811
2.8989461e-07
0.64586794
0.6211926
6.944856e-08
0.05746352
8.899661e-05
0.022545446
0.0020675047
0.0014856615
0.13590781
9.3634835e-06
0.29857293
0.9281517
0.11534432
2.5785857e-05
0.0072088903
0.0010469331
0.19437133
0.014375071
0.0029667811
0.0032334803
0.0018026086
7.786525e-05
0.0005468522
0.44633478
0.89085823
0.9999881
0.0014162577
0.0050819125
0.58155113
0.0018947312
0.00040961083
0.12752596
0.02039245
0.0034937083
3.8176704e-06
0.0026574135
0.36093113
0.0005708411
0.40063465
0.005036878
0.120537885
0.72823805
0.00074448856
2.4328345e-05
0.5798391
0.9999895
0.9577267
0.0003025843
1.9367786e-05
0.02230137
0.41111234
6.709153e-06
3.4062738e-05
0.0004764684
0.000470071
0.00410919
5.0859995e-05
0.13294569
0.001357971
0.00012778136
0.59482324
0.0004247131
0.9996717
0.0115450015
0.9998463
0.98021483
5.02224e-05
3.221552e-05
0.99997693
0.0005247874
0.9999939
0.02531781
0.98031044
0.00017370108
0.00072992925
0.0026252163
5.8154756e-06
0.99999833
0.00036264036
0.94772214
0.07148744
0.92297155
1.0
0.8265499
0.009372549
0.034897488
0.16523227
0.0003298941
1.9664149e-06
0.00030639902
0.644258
0.048988014
1.7233266e-05
0.00031328746
2.8030985e-05
0.0058104456
0.009165686
0.054401793
0.23485471
3.6428717e-06
0.035880677
0.00026287843
1.8351748e-05
0.9914161
3.820229e-05
0.00074448856
2.8989461e-07
0.9969425
0.033180505
0.0026252163
0.987527
0.99499387
0.96341056
0.0015337061
0.0066055856
0.0039012807
0.79246277
0.3168491
0.0021081395
0.99949396
0.0043571102
0.31092903
0.004742899
0.04788374
0.9330596
0.007894752
0.0033567154
0.0020488494
0.031209538
0.0002758687
0.00014456143
6.1670926e-06
0.9795304
0.00022195495
0.31582284
0.0029667811
0.01026258
0.9914161
0.09269744
0.023508534
0.9864926
0.04724381
0.036535118
