0.27557638
0.996881
8.621676e-06
0.28959352
0.09340121
0.9966241
0.9999972
0.99895763
0.91339874
0.020180812
0.012993964
0.12548
0.9977498
0.7043294
3.5141555e-05
0.65098286
0.07260504
0.99997395
5.084302e-05
0.0021356712
2.8743412e-05
0.050452754
0.0011881873
1.123833e-07
0.36565918
0.9997333
0.0009972696
0.0019565253
1.1727473e-06
0.004312161
0.1938208
0.003928999
0.0041056788
0.045834005
3.3691635e-05
0.35015836
8.215034e-06
1.4620505e-05
0.019578453
0.24161206
0.0026024969
0.99977666
0.07363962
0.9575095
4.3406457e-05
3.8932445e-05
4.818891e-07
0.2192444
0.00076167093
0.0006963919
0.103863716
0.033969462
0.001256009
0.024343459
0.0010261167
0.053607695
0.07748614
0.018189896
4.402687e-06
0.086855926
0.00044383298
0.00031504832
7.906178e-06
0.002282423
0.048113715
0.68426216
0.00472207
0.022049068
0.13749777
0.001971844
0.99989843
8.550879e-06
0.99930733
6.752254e-05
0.2607242
0.023096068
3.4641955e-06
2.8930028e-05
0.0014023441
0.0011088036
4.6639534e-06
0.99555504
0.004817302
0.025315141
1.1831658e-05
6.2772824e-06
0.005300155
0.9997085
0.00079964957
0.7202483
0.0012851328
0.00013360882
0.002278344
0.0010951171
0.0001932948
1.24626395e-05
0.00303696
4.9363294e-05
1.9021687e-06
0.0038354355
0.086374186
7.792266e-06
0.002814874
0.9781539
0.00078642956
0.48850954
0.0002734637
0.0005439788
0.000811015
0.007947387
0.23094937
0.24081409
0.00077768206
0.0018577504
0.0027318655
0.999983
0.00080902164
0.99677825
0.0160784
4.1176925e-05
9.2666996e-05
0.0062041814
3.2302057e-06
7.4116897e-06
0.97689307
1.1452384e-05
0.9998169
0.0037707586
0.000392273
0.97595006
8.360926e-05
0.00048546045
0.0051028314
3.5394914e-05
2.2099499e-05
0.9827
2.689846e-05
0.9995686
0.77023655
0.051662914
1.7795548e-05
0.0033392643
0.9699329
0.98796487
8.5006504e-05
0.00053320907
3.4514735e-05
0.09191255
0.01297824
0.0058597527
9.419259e-05
0.00080902124
0.001643102
0.13749777
1.9761546e-05
5.3273347e-05
5.6443005e-05
0.0092384275
0.002505791
0.005806222
0.9998679
0.0029958908
0.00035412496
0.000405424
0.8458843
0.96938753
2.4595354e-05
0.004348257
0.0030086336
0.00083937513
0.42824954
0.08803262
6.75418e-05
0.01084072
0.31743544
0.013145411
0.0015561789
0.26289356
0.99015015
0.00028060665
0.50343126
0.00021504617
0.0009881138
5.464094e-05
0.00032121968
0.99806803
0.0016166145
5.1581428e-05
0.00013047697
7.661137e-05
0.46851856
0.022049068
0.0010714383
0.0011885382
0.000101926336
5.3273347e-05
0.0051564374
0.052273754
0.6040606
0.7352153
0.0006753831
0.23505522
3.6299605e-06
6.502897e-05
6.899329e-05
0.00048546045
0.0018244853
5.9898434e-06
2.097478e-06
0.000105646344
0.34853417
0.93563765
0.84192246
1.6842847e-05
0.00017782363
1.4610139e-06
0.00020139918
0.0019586866
2.14788e-05
0.037773866
0.02763501
0.82803947
0.104531586
3.997561e-05
2.2245717e-05
0.00896141
2.4188247e-07
0.004771797
0.99999595
1.3205357e-05
0.9999405
0.03933764
0.0010193556
0.002698289
0.00022137523
0.0067174067
8.4942785e-06
0.9999646
0.17174453
0.002698289
0.45833892
1.8086714e-05
0.011397586
0.0013387837
0.03933764
6.841087e-05
0.032197252
0.9999646
0.0015417779
0.8415924
1.9470288e-05
0.015942745
3.1567048e-05
0.26289356
0.00011463074
6.2772824e-06
0.99991095
2.6975371e-05
0.0006667582
1.3978982e-06
0.007452738
0.002125139
0.0004888794
0.00020350963
0.009152114
0.03313049
9.843074e-05
0.0014324329
0.034308903
0.007986385
0.0033792434
3.3841727e-07
0.0036234101
8.54189e-06
0.00014411166
0.48050523
1.110947e-06
9.4955096e-05
9.741754e-06
0.00022434875
3.90878e-05
0.00011910601
0.030463025
0.9296801
0.00788567
7.957267e-06
1.0
0.0031046267
0.00012616803
0.7043294
0.0033054324
0.0038354355
0.1996066
0.98100793
0.005622265
0.033969462
0.29648843
0.9684473
0.012972426
0.0010261167
