0.86925375
0.2802908
0.20580967
0.9999995
0.00011180011
0.8314973
0.9999372
0.0022994361
0.7752187
0.24857214
0.9999482
0.04034797
0.0027133902
3.6391117e-05
0.015075176
0.9982419
5.159649e-06
1.0
0.7971229
0.0014814587
0.80092055
0.75390655
0.0071126544
0.024481738
1.0
0.98694634
0.10393126
0.0042290688
0.01424948
0.8330641
0.12346831
0.004539595
0.0100465715
3.0629377e-05
0.99999994
0.0070540127
0.9998869
0.9999977
0.0017373279
0.018693034
0.9999505
0.00015202853
0.009096038
0.0010089182
0.00037594646
0.004088841
0.030778842
0.0052582077
0.9929734
0.0021903485
0.0016015253
0.0073360903
0.011925788
0.0039465837
0.00016289615
0.99994826
2.0442081e-05
0.08624752
0.9999768
0.022238784
0.021148881
0.0017213778
0.4426154
0.99796355
0.0033215184
0.9876178
0.29921645
0.06619498
0.0023205313
0.1149636
0.9729903
0.0009762365
0.1461395
0.00095635315
0.99989665
6.843957e-05
0.2638749
3.4691937e-05
0.05417551
0.8828838
0.99430555
0.0019382861
0.9999337
1.554412e-05
0.07331163
0.002878682
3.8553044e-05
0.001762451
0.0650048
0.0022994361
0.003379759
0.99430555
0.001932809
0.7838188
0.0022138257
0.00071328634
0.99998015
0.9979734
0.0017373279
0.25877145
0.999681
0.86237913
0.08862215
0.080467515
0.0048662303
0.00011882218
0.0011975465
5.33016e-05
0.009428832
0.009656531
0.00073503924
0.040331207
0.10393126
0.46037808
0.9976769
0.9528955
0.04820142
0.17970924
0.0047498452
0.5227691
0.99318385
0.9987434
0.057607193
0.055731013
0.081249505
0.0011685882
0.0654485
0.09062143
0.0018195872
0.86237913
0.012252806
0.0005397499
0.28451723
0.0005574017
0.9999809
0.013542056
0.8620966
0.5861278
0.99963063
0.00010653497
8.380323e-05
0.05343769
0.8828838
0.054696877
5.799054e-05
0.9999996
0.45406023
0.00044747174
0.81130326
0.00048271284
0.01741713
0.00031656033
0.0010314466
0.42921615
0.046586737
0.38131765
0.9552506
0.010956853
0.048169214
0.9683009
0.99964887
0.039877802
4.2273612e-05
0.006358546
0.0043834476
0.9664051
0.13318881
0.9708717
0.31261954
0.06526026
0.9898928
0.99990666
0.006358546
0.0026300624
0.9999337
0.9999768
0.0021584753
0.48886493
0.99999887
0.03576702
0.019165521
0.0007639917
0.006626451
0.00037594646
0.008222255
0.00013628925
0.99774814
0.25789875
0.0028332302
0.033955522
0.0060881893
0.89465225
0.3553967
0.05453744
1.6408785e-05
0.0004212246
0.0051119877
0.04232065
0.0019382861
0.079149
0.0012597397
0.011642921
0.99999994
0.001654784
0.015107893
0.014120628
0.05388644
0.014120628
0.09718267
0.75093967
0.31261954
0.99594104
0.99999243
0.00025853535
0.9999511
0.02142689
0.80832475
0.14177933
3.4645553e-05
0.8491227
0.9999406
0.0042619705
0.0006947099
0.004844623
0.0043421057
0.0014886736
0.0062430813
0.00015846493
0.6977865
1.0
0.10918805
0.4426154
0.0015626217
0.9999906
0.0048662303
0.9999926
0.9846196
0.8175561
0.99829113
0.0007891712
0.08010331
0.99326944
0.001561637
0.053761147
0.8334527
0.00011180011
0.07083851
0.9993346
0.50489175
0.019303747
0.00022353738
0.00030123204
0.004469772
0.002257221
0.06534102
0.0100465715
0.0028980316
0.60340524
0.89465225
0.9725956
0.31796417
0.0028997958
0.0018662118
1.71604e-05
0.0004825518
0.00018495714
0.00094279065
0.92827344
1.2012223e-06
0.0056322487
0.9966082
0.93414706
0.04820142
0.13655142
0.35657683
0.00039618884
0.69227153
0.00829061
0.00045313258
0.0052582077
0.99695843
0.9999975
0.014120628
0.9065028
0.0012597397
0.081249505
0.021922892
0.0058812746
0.48381105
0.0012711514
0.96453315
0.31796417
1.6883245e-05
0.011329435
0.049364727
0.33204395
0.7436775
0.0061534736
0.026900819
0.014335993
