1.0
0.9999983
0.00017464072
3.0113888e-06
0.002627707
0.25519636
0.0077354833
0.99999434
4.856569e-05
0.9930424
3.781922e-05
0.00017905784
1.9571522e-05
4.9557116e-06
0.00033755568
0.13267763
0.9995428
3.3102217e-06
0.9994728
0.00015128352
6.158562e-05
0.0002480392
0.0047451863
0.99987453
0.0017097733
0.0027973214
0.0014332529
0.00050653477
0.004466794
4.957634e-05
5.1237563e-05
0.25746205
0.18669645
2.4706515e-07
7.0664073e-06
0.9999502
0.006806013
0.0005470179
0.15598844
0.00028729253
0.99955034
3.7262625e-06
1.728981e-05
0.0016481911
0.011852087
0.97307616
0.012442644
0.89547527
0.97412235
6.19787e-05
7.5978416e-05
0.00055140414
0.9355059
0.00012564672
0.012545447
2.2931026e-05
4.0762775e-06
0.001480642
4.383692e-05
0.04644789
2.269459e-05
0.3752717
0.00022774497
0.051771272
5.1237563e-05
0.011557724
0.006307714
0.0047093895
0.99252933
0.0024729914
8.255201e-05
4.746245e-06
0.0013195234
1.4536324e-05
0.005030516
0.00014744034
2.2102458e-06
0.00015128352
2.5538586e-05
0.0007776679
3.9788338e-05
0.3210558
0.013166317
0.0034497068
0.9997297
0.11319366
0.0078293085
2.2718343e-06
9.2303526e-07
0.99985063
0.9999858
0.99995667
0.01732655
0.012981465
0.99985725
0.99683315
1.911266e-08
0.15598844
2.4502178e-05
0.027112687
0.0001313037
0.045178242
0.0006325768
7.2645385e-06
0.0034465266
0.16066656
0.0015712648
0.23147051
0.0021271806
0.99999905
0.005431756
0.0058141076
0.5797941
4.933714e-07
0.00094751257
0.0006960177
0.00014624417
0.9993522
0.0081476355
0.00036030536
0.0030981842
0.0007213864
0.000431742
0.9027735
0.025480004
5.208561e-07
0.056272168
5.4116936e-07
0.006672179
0.032824133
0.0003606956
0.99994713
0.99982876
4.0033596e-05
0.44440144
0.0024729914
0.003573406
0.9998343
0.9964495
0.021950353
5.3141707e-06
0.0017179888
0.0007081641
0.4404561
0.9996854
0.010138223
0.00020098692
0.009514007
0.8077835
0.0038987242
2.8129503e-05
0.008086181
0.0004494838
3.7262625e-06
0.0004275185
0.11271818
0.6922691
0.0691051
2.269459e-05
0.00022840103
2.452883e-05
2.2075212e-05
0.92564553
8.130041e-06
0.00013948065
0.9996149
0.031596437
0.00043336742
0.0024830243
0.011489455
0.00013117219
0.009356488
0.8777186
0.040488835
0.05341773
7.9123325e-05
2.9890924e-05
0.9371372
0.07486451
0.01201031
0.000108227956
0.99933654
0.15895836
0.05341773
1.6083652e-05
0.14027539
0.0010173038
7.0258675e-06
3.420921e-07
0.15598844
0.9999858
6.082795e-05
0.0016421666
0.0058141076
0.00055140414
0.0008321013
2.936165e-06
0.99876314
0.0008919631
0.0003941668
0.28562152
0.00025839932
0.9999789
0.076444305
0.0025046603
9.383256e-06
0.0006325768
0.1415056
0.07486451
0.0030146327
2.7748634e-05
8.081326e-06
0.00010234825
0.037204962
4.9557116e-06
0.0007081641
0.00013722714
0.0035836552
9.5845244e-05
0.6429393
0.08051848
0.9872383
0.9999633
0.99997604
0.00025199685
0.002295507
0.16066657
0.6790224
0.0022059535
1.7171152e-07
0.009524469
0.0018840609
4.2785477e-06
0.0010841851
0.00033678132
0.0056826808
0.9927701
0.03492265
1.6717057e-06
4.2785477e-06
0.0029984799
1.1209872e-05
0.41141963
0.012545447
0.99312466
0.00136454
0.008065642
0.7368742
6.556572e-05
0.0009875642
0.99996835
0.99985063
0.0040100343
0.008438809
0.0035149856
6.457114e-05
0.0002685814
0.5199341
0.001962444
0.00066058786
0.007097856
0.0005295443
4.7809546e-05
0.00028729253
0.0028976693
3.5180685e-05
6.6452203e-06
0.99728066
0.00039016287
6.1093095e-05
0.9415614
5.209291e-05
0.9998569
0.0003000677
0.00072615873
0.9872383
0.0047660647
3.2448824e-07
2.1732974e-05
0.0014037417
0.00048270202
0.0018568248
0.00010642704
0.00016620637
0.006806013
0.3694542
0.0042282697
0.001198641
0.00014744034
0.00011772876
1.2155501e-05
2.0108608e-05
0.11271818
0.056272168
0.0035636872
9.2568695e-07
0.9962863
0.0014701441
6.635417e-05
7.5978416e-05
