0.99842465
0.0025296647
0.011998066
0.0012133064
0.001887731
0.9929111
0.005660971
0.17165814
0.00089857145
9.474849e-06
0.66425025
0.05329833
0.37625003
0.00027720252
0.0035783756
0.08535571
0.0015406038
0.03657949
0.059194207
4.108285e-07
2.4256767e-06
0.27691433
0.015770448
0.3511565
6.5569475e-07
0.04853481
0.0021893324
5.5050885e-05
0.03384492
0.0009870186
0.0004032689
0.99999875
2.686582e-06
0.0047407877
8.257188e-06
0.029962063
0.0005813199
6.839977e-05
0.00022549502
2.3058523e-05
4.209532e-05
0.0029289355
0.002672607
0.9286604
0.00029551474
0.0004938483
0.0031099543
0.99970365
0.00025940198
3.82857e-05
9.412133e-06
0.012203504
7.472656e-05
0.0016617727
0.0005638516
0.005030015
0.10630215
0.00023020362
0.006954651
0.11453316
0.0016274955
3.3478746e-06
0.00982472
0.065003164
1.4632264e-05
0.020502819
0.99974936
8.4759384e-05
0.0033659805
0.00010436967
0.9999682
1.2831292e-05
0.008862874
0.0035839106
3.589959e-05
1.2740652e-06
4.429505e-05
0.0004848558
2.3058523e-05
0.00023020362
3.8194055e-05
9.989055e-07
0.0023091687
0.9997984
0.00010906568
0.99071085
0.00085356
0.059333604
0.00035555352
5.7160028e-06
0.4392838
0.00021769381
5.101163e-07
0.9825822
0.05329833
0.0005661578
0.01023558
0.6123461
0.19000798
0.0003250281
0.0058382694
1.2041186e-05
0.85346854
4.815703e-05
0.15121332
0.9999981
0.007829879
0.00024858487
0.010582894
0.94457203
0.0027228505
0.0031099543
0.00087654236
0.49430388
0.0001407448
0.00027622585
0.0013869057
0.005869505
0.621246
0.00088598003
0.0010918427
6.615451e-05
0.2630619
0.0003338999
9.9987796e-05
0.004914249
0.0028304053
1.749702e-05
0.99994516
0.028497685
0.00031993847
0.5865081
0.004450862
0.006941527
0.99930537
0.00012635633
0.0034579935
0.0011870763
0.0008722803
0.00018363357
0.0016023346
0.029880915
3.0301486e-05
6.615451e-05
0.00084937876
0.45877692
0.0025365537
0.005697365
0.9999977
0.008452506
0.5471583
0.5840722
4.5626162e-05
0.00028230445
1.13736805e-05
0.9998755
1.8669045e-06
0.00019703487
0.00015553976
0.02521427
0.86269283
0.9999917
6.0493192e-05
0.00092999043
0.008057509
0.7900735
0.0010918427
0.0030597479
0.842162
0.0005712501
0.004051251
0.0041765105
0.22307847
0.020115888
5.5366127e-06
0.0046975026
0.055601347
0.0015996897
4.815703e-05
5.5050885e-05
8.294693e-06
1.5034203e-06
0.00012273274
0.0050061597
0.0005437116
0.00043758983
0.88919485
6.2211784e-06
0.0035518373
1.6529659e-06
1.3110119e-05
0.0045612985
0.0013453735
0.9999998
0.39945072
0.98996073
0.0022909532
0.00011024136
0.0044343504
1.0794404e-05
9.612368e-05
4.4957646e-06
0.0020887812
0.00010436967
0.0015000377
0.0060721096
0.07084746
0.19274892
0.0005981558
0.48389944
0.024117248
0.0025296647
0.011998066
0.030869275
0.036433954
0.00011961431
0.98286283
0.02792191
0.9991637
4.390034e-05
0.15458322
0.0006027237
0.0007715836
0.03059694
0.00012767235
0.99999964
7.976079e-06
0.94457203
0.08535571
0.0030261658
0.0022353213
2.484157e-05
7.9972764e-05
0.00092934555
0.059333604
0.017923892
0.0062129106
0.106079526
6.348543e-05
0.4835366
0.00064992794
0.0003978183
0.00014499546
0.00012000184
0.009447296
0.00013197439
0.9629045
0.001298194
0.0050061597
0.024356464
0.7075217
0.0022666524
0.000112356494
0.0011434518
0.16547674
1.4185963e-06
0.00011852061
0.0005638516
0.00031993847
0.001755876
0.015075106
0.0051039234
0.44355732
1.2461204e-06
3.8244136e-05
4.15134e-05
0.00025940198
0.0004802281
7.490892e-05
6.3703365e-06
0.09800367
0.009045556
0.5789128
6.2342624e-06
0.67532736
0.014700526
0.0018952362
0.021302518
0.0020887812
4.2183765e-05
0.0012284694
0.00039327837
0.867107
0.00044998902
0.00023020362
0.86269283
0.0004972623
0.00027622585
0.014360472
0.34845313
0.23347099
0.057046894
0.5017714
3.205601e-05
0.0001563147
5.65238e-05
0.00032565588
0.18683524
0.9691093
2.0041065e-05
