0.99999964
0.2865281
0.2661256
9.923407e-05
0.0037283765
0.1708754
0.0022085495
0.0021819968
0.00032366536
0.00051929743
0.0133991195
8.503487e-05
1.1698e-05
0.008960733
0.998081
1.6439468e-06
0.00037836962
0.73104167
0.009338962
5.6212528e-08
9.949429e-07
8.849326e-06
0.00068701064
0.00052062765
0.001731669
0.010531838
0.93227226
0.00038106664
0.0002388756
4.3208315e-06
0.03933142
0.0008361265
0.012613863
1.1817535e-06
0.9805999
3.0859796e-05
0.53010637
0.00034044118
0.000116272604
9.182693e-06
0.00028671275
0.0012456735
0.19735534
0.00011814295
0.0032522734
0.00013942453
7.075199e-05
0.08118001
0.9999853
3.7730926e-05
0.04126648
3.5180485e-05
0.0015318978
0.0011475607
0.00023419074
1.0541055e-07
0.006795961
0.60199726
0.0004686626
0.74443394
1.0254131e-05
0.075041614
1.704999e-06
0.002913893
0.8539249
0.6769507
0.0021251685
5.8373344e-06
2.1803287e-05
0.0006843138
2.887168e-05
3.5376746e-07
0.63367087
0.008368931
0.0035565302
4.1825137e-06
1.2187184e-07
3.4523553e-05
2.195542e-06
1.8037588e-05
0.0042397045
2.7532067e-05
0.000107337684
2.1803287e-05
1.931704e-05
0.00026888886
0.0001235514
0.881899
1.966068e-05
0.00019554321
0.12307535
0.0001330356
8.37206e-09
0.021300673
0.00032880643
0.971263
0.0064784717
0.0006283149
5.002612e-06
0.0028889216
0.9980265
0.98903567
0.82224536
0.0045524645
4.6391327e-05
2.3319444e-05
0.00192482
0.0015318978
4.5918346e-06
5.315724e-07
0.00012598913
0.0010331854
6.8095305e-06
1.805064e-06
0.00013071507
5.08524e-06
1.6604849e-06
0.00025882391
0.0048433775
0.0009382823
0.0023962099
2.9872284e-05
0.8360185
1.21893745e-05
1.3317164e-07
0.0031575027
0.00014527806
3.0282825e-05
0.96612585
0.001048744
4.1825137e-06
1.0541055e-07
0.00042052247
4.5433862e-05
0.00013480433
1.0254131e-05
0.04366501
0.48213246
7.900285e-05
0.00023555633
2.4285584e-06
6.3900516e-05
0.019021198
0.9999521
1.4233394e-05
2.098095e-07
5.226403e-05
1.4502676e-05
6.7481924e-05
2.0379078e-07
5.7542e-07
1.8037588e-05
0.0029639108
0.6090615
0.00039470883
0.00013071507
1.7086491e-05
6.643761e-05
0.91823196
0.68412066
0.00024012971
0.93227226
2.3219697e-07
2.9559612e-06
0.00012050845
1.21893745e-05
9.08089e-06
0.0021251685
6.0295395e-07
0.10669982
0.0005567948
0.0023006247
4.9100523e-05
0.0005010045
4.934321e-07
3.7272268e-05
0.9997146
0.0016090975
0.011901657
0.00037836962
0.00086842023
2.6338847e-05
3.422254e-05
0.0042374465
1.6068591e-07
0.99136925
0.00037684926
0.00043508524
0.0003357263
7.2265207e-06
0.0003457949
9.0229236e-07
1.1896081e-05
0.1753467
0.0019873881
0.99984366
0.0133991195
0.00019554321
3.2112246e-05
0.9949134
0.069086336
6.7236484e-05
0.35830522
0.005558682
3.2298332e-05
0.00012222528
0.112744026
0.7186757
0.75498754
0.011300911
0.9999448
0.99982405
1.05896206e-07
1.2288538e-05
2.6338847e-05
0.0014997362
0.0007744436
6.3900516e-05
2.4111047e-05
1.2434327e-06
0.003875923
5.1653205e-06
0.0027185306
1.7612767e-05
2.6338847e-05
0.00011574107
3.7859416e-05
0.0034692807
0.00017000383
0.00018166979
1.369326e-05
1.7886814e-05
0.9921992
0.13692012
0.0010377784
6.3238313e-06
5.561612e-06
0.004608885
0.0018429831
0.00018207003
2.900519e-06
0.0018989596
0.35766983
0.00031367806
4.28661e-06
0.06542329
1.1408217e-06
2.17989e-06
3.2341513e-06
0.00019761737
1.0528117e-05
0.0014997362
1.9280931e-05
2.6697253e-06
2.328125e-07
0.00045987082
0.03077122
1.9140925e-05
0.0007251567
5.3370266e-05
0.010854073
0.002289186
0.99997365
1.5371835e-06
0.0022449456
0.0027483355
0.027746107
3.0998535e-06
0.03677357
0.00078806723
0.0010355356
0.0002443341
1.5109323e-05
3.9712373e-07
0.63661885
5.072861e-07
0.0004689287
0.0004253184
0.017518418
0.9999853
1.3415204e-06
0.0002443341
3.695185e-06
0.00077232334
5.4743792e-05
0.9930706
0.00020884724
4.577105e-06
0.9999175
4.4646686e-06
0.035368674
9.655391e-07
2.7532067e-05
9.0630165e-06
0.6267962
6.512175e-05
0.0019038256
9.400272e-05
7.596211e-05
0.99978757
