1.0
0.99999815
1.0
0.00023384088
0.04394555
0.0009050864
0.054922536
0.043381367
1.364024e-05
0.3016356
0.11877124
0.00046323656
0.0044558086
0.03078659
9.54887e-06
0.08572979
0.99996644
0.99999964
0.0005367067
0.0020084956
6.527146e-05
0.0060932
0.004213479
0.9155348
0.002474349
0.00011434013
0.004826551
0.015453168
0.00016538273
0.0001052303
0.8074878
0.000100705554
0.029118825
0.00020018099
0.0024274269
0.00028229205
0.96696603
0.0068019563
0.0011960167
0.003140487
0.0049215253
0.98905814
0.3016356
0.5171805
0.99999994
0.0010899511
0.0046478203
0.0029414475
0.9208239
0.0010434481
0.019163532
1.0
0.00081764295
0.00016474248
0.19296843
0.0046732356
0.025920117
0.0001549144
0.0019138623
0.00043923495
0.9999999
0.0013769442
0.0077282544
0.81031877
0.9949334
1.3655759e-06
0.33721933
0.0016359393
0.00021832531
0.0006120259
0.0061130305
0.0021029727
0.011123376
0.63287234
0.00056436105
0.0003426258
0.0026184206
0.0068701585
0.022502434
0.96425104
0.015310409
0.00037237135
0.022199532
0.59476507
0.0035102204
0.0042953524
0.18962319
2.6527312e-06
0.00045189803
0.66084766
0.07785268
0.048438784
0.0023964914
0.0018559915
0.0014820137
0.00039586716
0.19534348
0.00028309337
0.013914864
0.0003782039
0.99998266
0.009841493
0.00018268092
0.0016048973
0.63320994
0.8658764
1.3833717e-05
2.9379464e-06
0.6083578
0.014425138
0.2025264
2.7681488e-06
0.0022317085
0.0006120259
2.8121698e-05
0.002748751
0.009850521
0.008189153
0.0009672735
7.1615636e-05
0.9984183
5.797125e-06
0.0055577387
0.0007422613
0.0001347005
0.9993603
0.00030954304
0.006287587
0.0053534787
0.99998724
0.018668776
0.012495311
4.5086195e-05
0.017360121
0.00013218269
0.08585849
1.6234222e-05
0.40698808
0.8345083
0.8345083
0.0031825395
2.6526692e-05
0.00015052952
0.00942978
0.043982666
0.004554479
0.98626405
0.041006677
0.9204352
0.0031095494
0.00058173895
0.9752344
5.136976e-05
0.00020792749
0.00039411287
0.058608927
0.35489345
0.012607171
1.3929762e-05
0.0015282385
2.6966265e-05
0.00085814967
4.538454e-05
0.99406457
0.0002871496
0.011241402
6.245644e-05
0.121525764
0.082957104
0.00033706074
0.005140718
0.008373375
0.00013862265
0.0063966527
0.99998266
0.89604753
0.00023721151
2.6849819e-05
4.804345e-06
0.005619253
0.35930604
1.5915282e-05
0.0033054638
0.0018559915
0.5171805
0.00041511055
0.020130219
0.2972831
0.0037828565
0.00047222563
0.9999822
0.99999267
0.07441006
0.00051442604
0.92314565
0.9999999
4.6170655e-05
0.008709177
1.2296134e-05
0.99985707
9.387821e-06
0.9999841
0.0037828584
5.4928382e-08
0.110636055
0.06758483
0.9724003
0.0006027481
0.86680394
0.0004942349
5.864034e-05
0.012607171
0.0007999856
7.4636824e-05
0.012905297
7.049076e-05
1.0242297e-06
0.0002342287
0.36972845
6.060594e-06
0.06021402
0.9108519
0.008250849
0.999999
0.16169263
0.09780065
0.0019564712
0.06021402
0.009178868
0.00016538273
0.010480057
0.16670413
0.0114038205
0.020125676
8.865771e-05
0.00026482373
0.111175835
0.9883965
7.22097e-05
0.008759537
0.06021402
0.00023384088
3.5624777e-05
0.00033806032
0.6676509
0.002483264
4.934862e-07
5.902099e-05
0.082957104
0.008134344
0.22586419
0.0046934425
0.8042587
0.00023933542
1.384438e-05
0.0017568157
4.8094113e-05
0.0046276045
0.0061800675
0.99999267
0.9737455
0.01794134
0.002103341
0.00043465453
2.2170405e-05
0.007330131
0.7737985
0.0012498558
4.8094113e-05
7.9623416e-05
8.1225466e-05
0.00885255
0.00093315775
2.9828192e-05
0.0013769442
0.018668776
0.06758483
0.32951766
1.973635e-06
0.9995456
0.0005774042
6.15862e-05
0.1415772
0.46458143
0.6794279
0.00051455694
0.0020774791
0.00013862265
0.0007486563
0.9999973
1.3929762e-05
0.017302347
2.0271537e-07
0.7568447
0.02472972
0.9940131
0.0006645024
0.007724511
0.9847574
0.00050174043
