0.99997336
0.9999981
0.9989893
0.999978
0.3208213
0.0012145893
0.06219644
0.015358691
9.822636e-06
0.00039443176
1.3019138e-06
0.02486853
0.056208882
0.99774003
0.009883826
0.0006246944
0.00069554854
0.00012787484
0.9037423
0.9972389
0.5767777
0.33322063
0.0021620318
0.00582405
0.0020527304
0.0056098127
0.0028090149
0.0044183885
5.6782637e-06
0.2508099
0.9557075
6.6622815e-05
0.0044355695
0.00010278387
0.9999998
0.0001364803
0.0022452874
0.0034618224
0.9883975
0.51331794
0.19838627
3.5659137e-05
0.96580803
0.003786265
0.03500764
0.9999999
0.99999124
0.99852777
4.1583295e-05
0.7697871
0.74708605
0.2811302
0.018013459
0.0004178733
0.36760747
2.0898582e-05
8.952528e-05
0.0012377724
1.6485075e-05
5.9997677e-05
0.012528073
0.0211307
0.005924848
0.008325536
3.5810615e-05
0.014654522
0.8928088
0.83406824
0.91836077
0.00028299188
3.749051e-05
0.08286905
0.0001036255
8.497422e-06
0.53807807
0.09503954
1.5020731e-06
0.005186103
0.00011719337
3.404283e-05
0.003719934
8.952528e-05
0.00071383413
0.0005877368
0.0004666383
0.0005695837
0.00056845095
0.0033992524
0.004102919
0.0007481189
0.0005109459
0.0006351894
0.0005144003
0.00046500913
0.0033918603
4.379677e-05
0.016491199
0.00953888
0.99991894
0.8821347
0.9123742
0.96580803
0.685829
0.9999994
0.00083521166
1.8650893e-06
0.317243
0.9582842
0.0028152994
0.0006714893
1.6285192e-05
0.99872553
0.10610922
0.029950425
0.25389048
0.0044607758
0.99921155
0.0009082785
0.009212103
0.9939541
0.0028735648
0.00027523056
3.2029424e-05
9.822636e-06
0.016222851
0.00033863835
0.05172831
0.00022702388
0.008325536
0.004808721
1.7836292e-05
0.010021913
0.862317
0.4996419
0.012545334
0.0068261335
0.06219644
0.0062747295
0.051220544
0.0012909079
0.034585554
5.496797e-06
0.0020698828
5.1172315e-06
0.2781596
1.8455894e-05
0.0012272618
0.11291844
0.00022862741
0.025461527
0.015358691
0.00096152705
0.05867526
0.00015833684
0.05373858
0.09686153
0.0071878238
0.5497628
0.019733056
0.00056199194
0.009147481
0.8837886
0.4996419
0.0028838466
0.000108881955
0.4277453
0.007834888
0.0003055883
0.0024147136
0.0144412955
0.008325536
0.0007826307
0.050634664
0.05057574
0.0038775564
0.031324655
0.0007481189
0.007350585
0.7869975
2.5430581e-05
0.062340915
0.00021915893
0.009166491
1.2990616e-05
0.0001790435
0.00054106675
0.009182789
1.8641575e-05
0.78124577
0.99878836
0.00020893806
0.05534178
0.0008309397
0.0007391604
0.00069554854
0.0007507334
0.0006598212
0.015358691
0.99993247
2.2448985e-05
0.009237262
0.009111041
0.016801812
0.31658918
0.98731124
1.0
0.0032695045
2.200646e-05
0.00022114022
0.00032630633
0.99996597
0.016873755
0.9999998
0.18664937
0.00025297157
0.0317544
0.7086161
0.015728928
0.6858043
0.0041441135
0.04721599
0.0021607503
0.02465942
0.99703026
0.07320431
0.6880312
0.00096152705
0.059686713
0.0030785908
0.013550557
0.024604779
0.01451895
0.22768514
0.00035135838
8.539519e-06
0.9999975
0.7296297
0.0011873456
0.15697159
0.999714
0.20610073
0.9999986
0.9999883
0.005975244
0.071715
2.2721919e-05
0.0053729475
0.002434888
0.10431147
0.012197672
0.0021352444
0.043785356
7.3209165e-05
0.99997544
0.9277358
0.77391464
0.67441356
0.00067035883
0.9609814
0.016131282
0.0002059477
0.010156639
0.004697097
0.21687056
0.02059783
0.0001274653
0.7086161
0.6321943
0.004412176
0.17352599
1.4188062e-05
6.7260335e-05
0.5647412
6.511044e-05
0.9999991
0.5882719
2.0419463e-07
5.1222264e-06
0.000718156
0.0002501195
0.0012281892
0.19407767
0.0008962482
0.0019233247
0.67441356
6.825759e-06
0.010657553
0.00026244594
0.00205495
0.0028735648
0.030040104
0.00026244594
0.002485812
2.4561741e-05
0.99999446
0.007270796
0.9924064
0.99999446
0.0030985184
0.00927702
