0.99999005
0.064438306
0.96434146
0.0019619667
0.25411627
0.0002931936
0.999845
1.4053962e-05
0.08888032
4.0987898e-06
0.085372165
0.023727847
8.9681824e-05
0.0017169848
0.0019491499
0.99748474
1.8730889e-05
0.0012569353
0.98882324
0.19504133
0.03653757
0.00028603806
6.708712e-05
0.0010918664
4.5830532e-07
0.0007604963
0.00015292574
0.0016667886
7.622733e-05
0.00014697964
3.3341641e-06
0.0029967085
2.0642588e-05
0.00035073957
0.0031730991
0.25333893
0.9999997
0.008303738
0.004375526
1.6643166e-05
0.95755965
2.1750351e-05
3.4713383e-05
0.59971297
6.692227e-05
0.001322661
9.2089555e-05
5.568145e-06
0.0015569971
0.004675552
0.009172659
0.003305071
0.0007775538
0.0026489117
0.00034522475
0.029665032
0.007133651
0.992237
0.002184413
1.0
0.936838
0.011814356
0.033606317
0.00040950347
0.0019275482
0.99982333
0.9257919
0.0076111336
0.00019851365
0.9917605
0.99994993
8.771095e-06
8.249441e-05
0.0021575554
0.0011432671
5.648199e-05
0.000336509
0.2487996
4.1256713e-05
0.00032748844
0.0047295834
0.00019098446
0.43113053
0.7803637
0.059889533
3.1610618e-06
0.9867681
0.00426604
0.0107701905
0.9995994
0.00909483
0.02384738
2.5609256e-06
0.8101567
0.41616678
0.033468027
0.02746152
0.033468027
0.00019284508
3.0958888e-06
8.921728e-05
0.9999997
0.0016536327
0.00859991
0.8765971
0.00019700179
0.20222723
5.1377006e-06
0.13030767
4.0308572e-05
0.019233476
0.024011657
6.1261926e-05
1.7999237e-05
0.0021575554
0.00023614144
0.027095271
0.033220146
0.019889064
0.0011320065
0.00014311036
0.99628055
9.880754e-06
0.085372165
8.9681824e-05
0.0063243653
0.5739431
0.91761744
0.0004401403
2.5609256e-06
1.6511696e-05
7.75197e-05
0.99784017
0.0007367195
0.0048858416
0.0012644605
0.0023381594
0.9999823
0.0016126083
0.0012876212
0.00010421333
4.9899277e-06
0.7244516
0.03777554
0.0009043563
7.3109615e-05
0.025363201
0.0014394589
0.0038994672
0.00048956677
0.010943255
9.750463e-06
0.99925363
0.02689444
6.688833e-05
0.024774358
3.346007e-05
0.010227144
0.004440295
0.0001995734
0.00074001815
0.013079423
0.02384738
0.00043479088
0.0003513314
0.0016749247
0.0010281345
0.05680215
0.0033780667
0.0033443146
0.0036038153
0.15109256
0.23315465
0.002972126
0.007062855
0.31747115
0.99423444
0.42769498
0.8101567
0.019196756
0.0013506653
3.9940016e-05
0.9995772
0.00019803725
0.00032401612
0.0046271347
0.9261672
0.99628055
0.00081511005
0.9040635
0.0028175148
0.05545102
9.20821e-05
4.178049e-05
0.0004352794
0.033220146
4.513016e-06
0.00040950347
0.0011756446
0.9964767
0.0005031524
3.8844293e-05
0.15109256
0.01457531
0.8765971
0.0017769691
0.051518146
0.99843025
0.0070568654
8.175045e-05
0.5598576
0.32751986
0.12694077
0.051120378
0.03967438
0.9981137
5.4681757e-05
0.0030388176
0.12563042
6.8650705e-05
0.0038449685
0.0013060021
0.0114142
0.9987703
0.5330738
0.9780212
6.7792746e-05
0.00027599183
0.0048528835
0.00016384515
0.14030504
2.89478e-05
0.03653757
0.59486747
0.009355868
0.9999834
0.00041622636
0.84509534
0.0038465285
0.011029111
0.68450284
0.0030304731
1.9835335e-05
1.4368096e-05
3.1058287e-05
0.026949054
0.0038449685
0.00048275976
0.00017177025
0.0027289845
0.0028175148
0.99998546
0.9780496
0.20136985
0.014049604
0.007062855
0.00018154598
0.06594702
0.00019284508
0.00025632101
0.003470509
0.63622606
0.92234075
0.0003511146
0.006555933
0.0016649814
0.9848574
0.0068208757
1.0365369e-05
0.0012750365
0.00016089769
0.00034891695
0.00055742776
0.0011637128
0.00010344364
0.00029637953
1.9835335e-05
4.901963e-05
0.17853169
1.686133e-05
0.008429661
0.014049604
0.99999744
0.0122959735
0.00038618324
0.9909465
0.2810732
0.00025006584
3.8742928e-05
1.5705298e-05
6.8447935e-06
0.042747438
1.8775958e-05
0.9867048
0.0013017339
0.00025295225
1.6530068e-05
0.00040522328
0.032288086
3.8292965e-05
