1.0
0.9999937
0.00034477792
1.4780793e-06
0.0104829855
0.008364823
0.9999958
0.0031351354
0.026113622
0.9987329
3.541962e-07
0.40854675
8.326474e-05
6.0838506e-06
0.00273517
0.8294018
0.49188885
4.091022e-05
0.0075995554
0.4252873
0.04151258
0.00055375055
0.0022350259
0.001503255
0.0003297325
0.9950843
0.21413493
0.0063882996
0.00011201342
0.10926126
0.00016623808
4.548731e-05
0.0014169943
0.054055184
0.99997413
0.005359535
0.00041333993
2.143121e-05
0.94150907
0.14058988
0.053142134
0.088469565
0.2962591
0.00011698235
0.9993088
0.0056704967
0.0003367028
0.0012708814
3.7048943e-05
0.8443534
0.9987329
3.2029853e-05
0.044115316
1.2034307e-06
0.93172437
0.02920788
0.06521037
0.013575144
0.9997452
3.5778325e-05
0.9948897
0.009085269
0.006131292
0.041332398
4.6079645e-06
8.627508e-05
0.059988834
0.0031781103
0.0034476044
0.00042350954
0.99998504
6.6557363e-06
0.9873184
3.8279626e-07
0.65920484
0.9958007
0.5172853
0.7439912
0.0004975897
0.00015864696
0.966829
0.0048875343
0.07434178
0.00025745746
7.871528e-05
0.0054232283
0.00053556456
0.0008023279
0.0013241721
0.99958783
0.995482
0.009285096
4.0848663e-05
8.326474e-05
0.85645115
0.088469565
4.406854e-05
6.910641e-05
0.03402279
0.30608112
0.00031086884
0.001503255
0.0008023279
9.251714e-06
0.0003173448
0.00055704376
4.183946e-05
0.00013387918
0.01956793
8.9678055e-05
0.028266655
0.0023793401
0.08080706
0.9791891
0.03811501
2.0244927e-06
0.00013983755
0.0022081472
0.007452491
0.90847296
1.238331e-05
4.212492e-06
0.0015111371
1.2836501e-06
0.0042497898
0.0026974755
0.001658692
0.074498646
0.00041232695
0.00095007714
0.0039458787
7.533893e-06
1.3220113e-06
0.9982437
0.0003173448
0.017928574
0.9981092
1.0062927e-06
0.00031406467
0.694024
0.0021748708
0.000114756185
5.8762816e-06
0.00063640106
0.047452766
0.0007288383
0.011500308
3.612398e-05
0.00029052235
0.0029375567
0.9911771
0.9999751
0.1472753
0.995482
0.2201022
5.710351e-05
0.99999976
3.987255e-06
0.00013633787
0.19363023
4.8803654e-06
4.1670588e-05
3.5778325e-05
0.66540676
0.00020575024
0.24737944
0.00041333993
0.24737944
0.016133916
2.57421e-05
0.9999995
0.00016417481
0.029957615
0.00011997483
2.4085883e-05
0.009236556
8.9401565e-06
0.0014120088
0.026113622
1.5071786e-06
2.3584062e-05
0.000114756185
7.722781e-05
0.9997347
7.7425204e-05
5.9021666e-05
0.995482
0.91916996
7.6800454e-05
0.0012308435
2.1033464e-05
0.6077357
0.00047806866
0.8259129
0.00095007714
0.028266655
0.8834493
2.57421e-05
7.858475e-06
0.001503255
0.99527025
2.2578963e-06
3.976163e-05
0.8259129
0.008285021
0.7695049
3.027884e-05
0.020145305
0.053253766
0.9776277
0.0006454917
0.0011200903
0.0014120088
0.0031337854
5.7996576e-06
0.038633436
0.20606896
6.3079956e-06
0.021580832
0.0023697985
0.9788902
0.8443534
0.99997854
0.03290049
0.007937532
0.2500603
0.17287329
4.1716194e-05
5.8660138e-05
4.5430264e-05
0.00021590576
3.1964082e-06
0.06718357
0.006491575
0.48751503
6.1003453e-07
0.12608472
0.024599252
0.024599252
0.99988383
0.00019078206
8.9678055e-05
0.18303806
0.99747807
7.858475e-06
0.8988757
0.024694216
0.00022537702
0.012237148
0.00418145
0.00038092025
3.6163205e-05
0.2391424
0.02544959
0.00019078224
0.004822325
0.0009827333
0.94749993
0.9819844
0.0009827333
0.00013609875
5.6881003e-05
1.7491764e-07
8.1646485e-06
0.00031406467
0.8294018
1.30715425e-05
0.0019028228
0.013963809
0.0014000429
0.99987376
0.018081179
0.004551726
0.00083690253
0.00026396842
0.14353219
0.8091044
0.00032006536
7.3553053e-07
0.90847296
0.9996863
0.024514386
0.023849733
0.99682695
0.00032701762
0.016947033
0.00033715524
0.50752604
7.722781e-05
0.0010195208
0.01356906
0.0034980474
4.784036e-07
6.1003453e-07
0.003965593
0.024975047
0.011966087
7.490568e-07
0.8988757
1.129051e-05
