0.9749989
0.0007085729
2.0294323e-05
0.0011013793
0.008185842
0.0021498532
0.5344809
8.96459e-05
3.4290388e-06
0.47499976
8.497764e-05
0.001983063
6.325273e-06
0.0009568166
0.00022038414
2.8521166e-07
6.165671e-05
0.04221296
3.36757e-05
0.0009268466
0.00023972527
7.7459445e-06
0.0002419328
0.00047521834
0.00021323391
0.00037443652
0.46252748
6.501887e-05
0.014910775
0.0062898486
0.0006198183
0.042971667
2.357675e-06
0.015781583
0.0042747953
3.1230164e-05
0.013096312
7.988443e-05
0.0003068583
1.3934996e-05
6.643655e-06
2.4525205e-05
4.0299507e-05
1.4987854e-05
0.00014627485
1.2296064e-05
0.0054181176
0.0046011694
0.000516121
1.0713671e-05
4.1299307e-05
4.694155e-05
9.9437544e-05
7.2500316e-06
6.946386e-05
3.016025e-05
0.7773136
0.18344036
0.814433
0.00018236644
9.08484e-06
5.1586052e-05
3.7557136e-06
0.0013332213
8.793281e-06
4.897215e-07
8.8761004e-07
0.9974
0.008850525
1.6639548e-05
0.00069282093
0.32184148
0.00014465327
0.12643927
3.6742168e-07
3.254553e-05
5.357536e-06
1.7061628e-05
0.93957007
3.0102523e-05
0.0058610584
2.7675524e-06
6.266859e-07
0.00447413
5.7843126e-06
0.007828434
0.0006763899
0.6860044
0.9317227
0.0013594577
0.0002540149
0.25746208
0.00021396668
0.000108143664
1.2665083e-06
7.1900064e-07
0.00047521834
0.98470265
0.0059832903
0.033770222
1.2296064e-05
0.0006745482
0.82049465
8.644902e-06
0.0002883779
2.8521166e-07
0.011531964
0.99856573
9.809734e-05
1.4226525e-06
0.007829531
0.00982536
0.011480464
0.056488052
0.002515703
0.6860044
0.9156916
1.4317692e-06
6.7662026e-05
0.9999995
0.0014669109
6.779688e-05
2.7709539e-06
0.32184148
0.0011444504
3.670158e-06
0.00046975433
0.0045388844
0.01792071
3.2224211e-06
3.602601e-08
0.0005556782
0.99910533
0.00014627485
2.0320196e-05
7.583745e-07
0.00068642816
0.9999788
0.00053278863
1.0907799e-05
0.00046471378
0.0001155535
8.055068e-08
0.0006289129
0.0062947203
0.97286475
0.001018079
0.99534255
0.9990462
0.284595
1.0344079e-05
0.004594463
9.470325e-05
0.00050499017
0.049193624
0.00025755295
0.00032777642
0.9880609
0.0021776045
0.001836574
0.000108143664
0.00029638407
0.0018010117
1.38539035e-05
0.00010974442
0.016835347
0.00011857725
2.7830702e-06
0.77066743
0.0012192363
9.668573e-05
0.9931352
0.0001676657
6.940658e-07
0.008336863
0.00011950373
0.00023827532
0.035792712
0.06660004
0.0014523587
0.0024957994
7.561023e-05
0.0017254518
0.00033501524
4.137822e-08
6.810128e-06
0.013830166
2.6336436e-05
0.011829491
0.0027260818
0.011531964
0.024369959
1.9758645e-05
0.0038163066
0.19055253
6.267899e-05
0.006343104
0.049193624
0.009309472
8.0963546e-05
0.0009986112
5.070239e-07
0.967521
0.962346
2.631399e-05
1.0159471e-06
1.631096e-07
0.0034209446
0.0007146315
9.470325e-05
0.0003075366
0.0016803464
4.5051427e-05
0.6043268
0.00028549644
3.6080103e-06
0.7394234
0.32824534
0.0428672
1.2136134e-05
0.00023827532
4.9732316e-05
0.000100107914
4.0940745e-06
0.9997855
0.00022021064
1.5615778e-05
3.275186e-05
0.00024465396
0.0005702379
0.016492482
0.004829846
0.996194
5.2470395e-10
1.9211002e-05
1.0919894e-05
0.00046289118
0.003869516
0.011480469
0.00024534
6.667963e-05
0.0004948284
1.1091855e-05
0.00023035667
0.0058610584
8.644902e-06
0.51089114
0.0030053472
0.0016122399
0.94225544
0.99998796
0.0008011334
0.0039414116
6.278913e-05
0.00012055005
1.5620099e-05
0.0066465414
3.9075203e-05
4.0935042e-06
2.618138e-06
0.8499012
0.0010304865
7.302767e-05
0.01792071
0.00024670188
1.5420612e-05
0.99762183
2.094603e-05
3.5368525e-05
0.8927421
8.565325e-06
0.014910775
0.9999647
0.001056241
3.6290407e-05
1.9374634e-06
0.26004013
0.72983414
4.0935042e-06
0.0069057243
0.00022021064
0.00014526588
0.001131951
1.5620099e-05
0.11149042
0.6612283
0.056117933
0.00012059535
5.815819e-07
0.8574426
0.9366823
1.0030036e-05
0.006305246
0.010000683
0.00024534
6.267899e-05
0.0014461969
0.00018551773
0.002399181
1.4226525e-06
