1.0
2.6848691e-05
0.00011584177
0.0047797477
0.7201262
0.0043299887
0.9960588
4.6525925e-05
0.9988591
0.0009031877
0.009364287
0.9930052
0.0027134262
0.0074400613
0.00089696026
2.0637037e-05
0.9999962
0.9378023
0.0076971403
7.213249e-05
0.35756543
2.185408e-05
0.0004899276
2.0969494e-05
0.00036052163
3.144414e-06
0.0017845323
0.0005310324
8.798948e-05
0.011064467
2.4866927e-07
2.1782442e-05
0.0024330518
0.0021252383
1.9904467e-06
0.99143744
2.6717255e-05
8.767958e-06
3.2574248e-05
0.18489978
0.001624271
0.0016260643
0.0005061018
0.85134655
2.0969494e-05
0.0043154624
0.00016719075
0.015933525
6.9218127e-06
5.0251665e-06
6.741092e-06
0.007898946
0.00030060345
0.00020237415
0.00016865437
0.003798268
1.810335e-05
2.9806353e-05
0.0023837085
0.00017501213
3.7860868e-06
5.727243e-06
4.2739972e-05
7.394017e-05
0.001227315
0.005434312
0.001320203
0.038538937
0.00014005613
0.0025180015
4.739017e-07
0.2685238
0.99409646
0.0017898584
0.014767609
0.95605063
6.0852843e-05
0.00026966422
0.08832491
0.99982554
0.00023521969
5.9752265e-06
0.010806922
0.00075895496
0.7987996
0.00021641237
0.0031123548
0.00028075598
0.05158381
5.4064117e-07
3.428601e-05
0.00015315968
0.00042697907
0.33558792
0.9997342
0.17406103
1.0001725e-05
0.025492605
0.0062486334
0.040592343
8.032097e-05
2.515513e-07
0.0047797477
0.57592356
7.6765455e-06
0.9952298
0.0060607153
0.06190422
1.2710621e-05
0.015989164
0.9765689
1.5261132e-05
0.87535006
0.00027040104
0.9999993
0.004017331
0.012245174
0.34829286
0.03296143
0.0055058002
0.00094608765
6.6174136e-05
0.000614219
0.0031123548
0.0011086008
0.1001349
7.8417324e-05
1.7955149e-06
6.838073e-05
0.99958825
0.0136987455
2.3244422e-05
0.22245546
0.1747642
0.110733405
0.00021725464
2.0637037e-05
0.003332967
3.727824e-05
9.523246e-07
3.3988336e-08
0.782208
4.2990982e-07
0.99992967
0.020896265
0.00014522184
0.9835749
6.270111e-05
0.01950955
0.00023937764
0.0041253455
0.7717917
0.00014280801
0.66990715
0.0013126958
0.011219205
0.005434312
2.3274899e-05
0.0013216622
1.6687476e-05
0.11199229
0.014767609
0.0026981144
0.99999136
0.0020511663
6.692168e-06
4.850576e-06
2.5002134e-07
0.12267537
0.09706653
0.008571875
4.739017e-07
0.005112914
0.9978632
0.008718594
0.0004960165
7.516036e-05
2.4670713e-05
0.7717917
0.052782282
0.025883975
4.558928e-05
1.3808212e-05
7.5836294e-07
0.00018830971
0.02889248
1.2329647e-05
7.827082e-05
0.00011327304
3.727824e-05
0.9999615
0.7987996
0.020748248
0.000222208
0.0029119486
0.00010222185
0.98360956
0.50709736
0.00016434898
4.5478246e-05
0.0014238247
0.0035459793
0.005269288
0.00012541977
0.007760228
0.15433563
7.5836294e-07
0.00017475332
1.2884784e-07
0.0021645804
0.009041762
0.06831711
1.9382991e-05
0.02903194
6.403386e-05
9.710724e-07
0.9260618
3.6864934e-05
0.0006961918
0.00032972274
2.4259396e-05
0.0067794505
0.00012503835
0.010469165
0.0077144736
0.0088919895
0.15022309
0.7816376
0.00042927556
3.0720423e-06
0.065871686
0.9865744
0.013693045
1.810335e-05
0.0038608944
0.0030053002
0.022039596
0.985267
0.015550792
0.0083114505
0.00033247587
0.0009500712
0.0006571139
0.99999964
0.0020956893
0.002877081
0.00085000094
6.873521e-05
9.329122e-06
0.11867979
0.0018999206
1.3296355e-05
5.9608897e-06
0.0025180015
0.002890507
0.00061414053
0.07119689
0.045511574
1.0838274e-05
0.022517962
5.303731e-06
4.369385e-05
2.305219e-05
5.8874386e-05
4.1287964e-05
0.031098654
0.0006876198
0.99999195
0.9993181
2.7393244e-06
0.03489907
0.007448239
8.784653e-05
6.838073e-05
0.9999345
9.332286e-05
3.3988336e-08
0.110336885
8.767958e-06
7.394017e-05
0.0003222644
4.0883156e-06
4.850576e-06
0.8991453
0.0033950228
0.02691273
0.0027374446
0.00023321524
0.000107113156
0.9999518
0.99862653
0.006338907
7.583637e-07
3.6630527e-06
0.19212988
0.0024124312
0.82575905
4.1631465e-05
0.7988285
0.00046971114
