1.0
1.0
1.0
1.0
1.0
1.0
1.0
1.0
8.118435e-05
6.227407e-07
0.3713373
0.011150463
0.0010411275
0.013368531
0.10580839
0.014347849
0.78823733
0.00022473969
0.0010411275
2.5549572e-05
0.12731227
0.031006102
0.05487051
0.0060169245
0.00057019177
0.9997308
0.94762677
0.00026102102
0.9999543
0.0008257381
0.011937509
1.200754e-05
0.0013990586
0.99999607
0.0016553309
0.86891204
0.0009238423
0.9999947
0.3717562
0.0014201163
0.038824875
0.010429503
0.9999981
0.006831822
0.45982656
0.0015267478
0.99874616
0.0026201883
0.04297708
0.00052880944
0.025263846
2.27577e-05
4.4083758e-05
2.5736332e-05
0.013461162
0.7405834
0.0037737263
0.0023409755
2.0486226e-05
0.0068143634
0.0014201163
0.99999607
0.001071051
2.27577e-05
0.06818125
0.0068143634
2.2102827e-07
0.0028863186
5.012589e-05
0.00014530327
0.19344859
0.9999304
0.00062360434
0.00039058732
0.024371829
1.5516705e-05
0.99143404
0.006551885
0.95799613
9.418397e-05
0.00017403314
0.999846
0.0026375393
0.0020084276
0.12893632
0.0017991525
0.0040703076
0.06657861
0.997743
5.381541e-05
3.5989651e-06
0.00030731707
0.9991717
0.009598077
0.08881597
0.012387255
0.9999289
0.00050596683
0.00033416357
0.00027194762
0.016332205
0.033699002
0.64381737
0.006672947
0.018230408
3.0235326e-05
0.9999996
0.99999976
2.1634256e-05
0.046379622
0.08995951
0.08221051
0.0013144792
9.645082e-05
0.9651853
0.0003923951
4.3027447e-07
0.99996537
0.12727332
0.0010955079
0.0050609177
0.00023543509
0.00057019177
0.00057739543
0.014217913
0.99955004
0.00032600286
0.00021418591
0.00050037925
0.116011105
0.02378098
0.029573482
0.00024443128
0.6710968
0.89144874
0.9490983
0.9936018
0.016278071
0.0035722994
0.00030381023
0.99996054
0.002814593
0.00025610774
0.21652892
0.0252704
0.35276973
0.066192344
0.9818632
1.5608632e-05
0.99943864
0.0002406025
0.00011106671
0.00127147
0.0017869378
0.003131644
0.9999964
0.015569177
0.1496496
0.9952498
0.81191784
0.999999
0.38278785
8.3431645e-05
9.932402e-05
0.0016065564
5.771733e-05
0.08085478
0.6585148
0.36236808
8.2366045e-05
0.0011772829
0.999846
0.86891204
1.4783156e-05
0.025263846
0.9381205
6.6436856e-05
0.00017360934
0.0033637052
0.008561013
1.9185334e-05
0.0034662092
0.0003600741
0.005021724
0.009598077
0.00042656777
0.016332205
0.009815285
0.0046837917
0.0067462064
2.1615737e-05
3.2519656e-06
0.00483989
0.038102634
0.0043487777
0.00028512243
0.00021882527
0.0030542486
0.0015307656
0.00053324335
0.0510248
0.0005301751
0.0046677273
1.0
0.0053580254
0.09628064
0.010534552
0.000545008
0.001071051
0.010429503
0.8489577
0.00024246899
1.4485149e-05
0.009225901
0.0023827597
0.0013073437
0.0043925513
0.007003228
0.9841958
0.00064907776
0.999996
0.000108533866
0.0005348361
0.9999947
0.89081204
0.0007563334
0.042766742
0.0015863322
0.00084768207
0.008910827
1.5235013e-06
0.15252793
0.0003858671
0.99999976
1.83165e-05
0.023227954
4.217596e-05
0.023443874
0.038102634
0.0010955079
0.00035607707
4.979973e-06
0.11772043
0.0018694585
0.00029024662
0.0331189
1.2593777e-05
0.5203894
0.0027507779
1.5421081e-05
0.0057993527
0.009095161
0.0012792003
0.030648846
2.5581085e-07
0.00018128425
0.012067541
0.00023229027
0.0049904934
6.931517e-08
3.0193028e-06
0.25262684
0.9886574
0.9981584
0.0045965333
0.0009364934
0.02030609
0.000826582
2.7083427e-06
0.0009895194
0.000879323
3.8128914e-05
0.021400772
0.07534342
0.93589073
0.97125703
0.003602468
1.4485149e-05
1.809309e-06
0.015948342
0.0035722994
0.007804441
0.35276973
0.4758867
0.002044922
0.99498427
0.01601673
0.0016405642
0.9999863
0.016011707
0.11336882
3.8184586e-05
0.00010291323
0.0017764642
3.2085216e-05
0.9999588
0.043333504
0.025269495
0.977971
0.9999981
