0.9999998
0.99999994
3.9910556e-06
0.999972
1.4784763e-05
0.0001892383
0.12017131
0.000814227
9.319106e-05
0.92666507
5.049199e-05
0.16966993
0.40108523
0.07623219
1.961923e-05
0.67180765
0.059095357
0.00517008
0.027749702
0.9926838
0.004698858
2.4181234e-05
0.012117036
0.9967823
0.19300567
1.6742138e-06
0.007656036
0.00026091654
4.248131e-06
0.99872005
5.054624e-05
0.0020546487
0.039213426
0.9997519
4.2657543e-06
0.94923526
6.439947e-06
0.00010554605
0.000569635
0.5322243
0.3330184
2.823925e-06
0.00048710112
1.9895813e-06
0.9999962
0.019939292
8.049591e-06
0.35391042
1.3393597e-07
0.103987984
0.006384702
1.1111399e-05
0.00014183471
0.25535026
0.0022007423
0.00083428534
0.997646
0.99999815
0.0001884401
1.5196866e-05
0.00013183439
0.0006658054
5.8897185e-05
0.0002512965
0.0009583909
3.24014e-05
0.00039694985
9.773951e-06
0.0001363683
2.5826462e-06
0.00015940133
4.8478003e-05
0.00017435638
0.00017714872
0.48035663
0.0008696445
6.938083e-05
0.020896198
2.0124146e-05
0.009119482
0.00057483715
8.744744e-06
1.2376392e-05
0.9980756
0.00020405094
0.023486318
0.99999875
0.0020259474
8.5290034e-05
4.9690978e-05
0.0730557
0.00031397486
0.079605505
0.71617734
4.2767693e-05
0.0040417635
0.6680393
8.406912e-05
1.3857709e-05
8.9839144e-05
0.558117
9.820301e-05
0.009195413
1.159792e-06
0.0023023698
0.86294574
0.00794426
1.1165104e-05
2.2538368e-06
0.9975311
0.0024772238
0.00036697803
6.86036e-08
0.000118302916
0.9992207
0.07137368
2.2164697e-05
1.367832e-06
0.0009704854
6.330467e-05
2.2890119e-07
0.9357743
0.00026113229
0.9992577
0.0073407725
5.6696495e-06
0.0074942554
0.006277314
0.0001495053
7.7327146e-05
0.6194123
8.719686e-06
0.00022080522
0.00081282656
9.818833e-06
0.21548368
6.4568616e-05
0.00018252578
1.7787965e-05
0.71617734
0.00031821578
0.0011536765
0.0067299022
0.9999764
8.885147e-06
0.039550897
0.99409056
0.012468034
0.98162127
0.0030405195
0.99999285
2.2538368e-06
0.0017424544
9.1493035e-05
0.0014558113
0.00013562472
6.439953e-06
0.0004777778
1.9503605e-06
0.0002657591
0.97955924
0.0011960235
7.7327146e-05
0.009788677
1.6745747e-06
3.0021076e-05
9.4494695e-05
0.0002148402
4.6851037e-05
0.0071188803
0.00017859235
0.00013585847
0.9999143
9.040736e-06
0.002241974
0.000112965194
0.72224563
0.9999971
0.004464008
0.0058407113
6.385398e-05
4.248131e-06
0.009119482
0.00026928756
0.9568801
9.319106e-05
0.9999987
0.0003686643
0.00042693756
0.24123299
0.023371657
1.2438052e-06
1.0992007e-05
0.0015269876
0.99999815
0.6335527
0.6706051
0.00018252578
0.2327599
0.00288541
9.434747e-07
0.00016434898
6.941009e-05
4.871563e-07
0.0001087113
1.5118173e-05
2.8785897e-07
0.00015112894
0.0017005831
0.00018379018
0.019226395
9.818833e-06
0.0007041405
0.00012717563
0.21468088
0.00020317052
0.9696532
7.646907e-07
0.00022738609
6.0474076e-06
0.0010277927
0.00030777534
0.9987994
0.00082069344
1.831622e-05
1.461011e-06
3.4520946e-07
0.67060506
7.705753e-06
0.99582267
4.129074e-06
0.00010719367
1.2388484e-05
1.5137418e-05
0.72224563
0.002393034
0.0071188803
0.86959994
0.12017131
0.022972295
2.1933947e-06
9.925482e-06
1.025421e-06
0.009788677
8.830981e-06
9.630616e-07
0.9999778
0.00024958779
0.00028057775
0.00065583887
1.4432974e-06
0.028519172
0.9416607
0.00039260768
0.9998094
0.0008757806
3.114911e-05
2.7466269e-05
0.0016725033
0.004113067
4.0487485e-05
0.0041061565
0.9996724
0.00016434898
5.1747364e-05
0.06758314
5.2860105e-05
0.9864969
0.0023874263
0.001297838
0.0002678978
1.5585323e-05
0.923825
0.9408553
2.495328e-07
7.4399555e-05
0.00064867234
1.961923e-05
0.000569635
0.08826949
1.4861898e-06
0.006608036
0.0028822264
0.0005592963
0.24930415
0.0010925324
4.2657543e-06
1.4559381e-05
0.00028281304
7.8599663e-07
0.0022218758
0.0008675762
0.0015693711
4.001978e-05
0.010602874
0.68004936
0.0041513382
0.0034266177
0.00039260768
6.938083e-05
