1.0
0.9999937
0.9999996
0.99999493
0.99999946
1.0
0.9986927
0.9999987
0.9999978
0.9999998
1.0
0.9999145
0.9999998
0.99999994
0.9999999
0.99999857
1.0
0.9999994
1.0
0.99999994
1.0
1.0
0.9999998
0.99999994
0.99999845
1.0
0.9999998
0.998134
0.99999994
1.0
0.03334079
0.00812909
0.043147344
0.7116843
0.8978869
0.0011101284
0.97536564
0.0002624822
0.99543715
0.0018040077
0.0219772
0.05935076
0.9998813
0.44661942
0.9984234
6.535442e-05
0.52551496
0.5112345
0.91571003
0.00037196936
0.47726536
0.00048399504
0.114504606
0.7268596
0.00024133471
0.00016853267
0.013708187
4.1881936e-05
0.00026404217
0.99543715
0.035280205
0.0007131504
0.045485575
0.26070723
0.9987656
0.997822
0.68389505
0.00093481207
0.48348722
0.006372885
0.021785459
0.114504606
0.00034203802
0.055986702
0.0005660941
0.41776633
0.99999994
0.03415083
0.80914605
0.95459825
0.03738984
1.6063786e-05
0.19182876
0.03658749
0.14987606
0.12586765
0.00032599538
0.116083466
0.9895945
0.027382342
0.9031498
0.9999976
0.47455916
0.99328685
0.117459185
0.99486464
0.04926855
0.9999999
0.16258697
0.022356177
0.9999933
0.028243985
0.0029338414
0.9487892
0.0023515273
0.5537429
0.0009756971
0.007986038
0.04554702
0.002660218
0.006872693
0.535581
0.001697374
0.0005225303
0.119459264
0.002489821
0.15030189
0.90217483
0.000980669
0.0051623606
0.23907599
0.5531842
0.36418962
3.1176034e-05
0.41627488
0.058454555
0.8750611
0.0011898964
0.9999989
0.98472923
0.109558456
0.99999577
0.7002402
0.82880896
0.99989474
0.9978487
0.119459264
0.015197439
0.0004352877
0.0018404427
0.9997953
0.020719662
0.28032947
0.92922664
0.9999986
0.9999933
0.9999932
0.99649405
0.9923556
0.00051515514
0.7825963
0.9229251
0.23613848
0.15628275
0.00032452185
0.27322707
0.00025315734
0.03738984
0.0072651026
0.4953213
0.21422325
0.99973154
0.00068392785
0.027382342
0.14663497
0.9999994
0.15134129
0.028341006
0.016190866
0.12291103
0.049390513
1.0
0.0036897315
6.446809e-05
0.0076684216
0.0004707331
0.042829465
0.1020652
0.99986887
0.64078
0.06302741
0.95810926
0.0048025474
0.0040555242
0.18318994
0.0013595368
0.21556813
0.11499403
0.7007053
0.0030129363
0.031244922
0.008863033
0.9977561
0.59783334
1.0
6.446809e-05
0.18530929
0.01177565
0.1506163
0.21422325
0.50506085
0.0087684095
0.99999994
0.9950078
0.9999932
3.061314e-05
0.99486464
0.99999917
0.013804346
0.17139012
0.00812909
0.99996954
0.9690771
0.00051515514
0.5112345
0.00033876396
0.12685502
0.00032452185
0.00012939013
0.99227834
0.08705031
0.0016212821
0.028243985
0.046770856
0.005503592
0.0044209696
0.92181176
0.18497396
0.6669056
0.005652485
0.013785871
3.027445e-05
0.47281057
0.95459825
0.72757655
0.00077462813
0.7858143
0.0018916478
0.0056688786
0.00027338
0.0034975486
0.9999266
0.9989201
0.088066466
0.0016931809
0.009561016
0.14087588
0.0015269149
0.07300408
0.9961161
0.5537429
0.00016853267
0.9999986
0.99789166
0.35837007
0.1970957
0.12748004
0.99999994
0.8431035
0.02540933
0.07247127
0.007168963
0.001232453
0.019553477
0.92606556
0.003968753
0.9702636
0.01177565
0.006372885
0.9999685
0.9994122
0.995835
0.043320857
0.1527567
0.25869918
2.1956425e-06
0.20024346
0.08521008
0.00799399
0.0006996124
0.9999482
0.02254097
0.00037248497
0.23907599
0.95296156
0.010783448
0.011950987
0.18262666
0.015612942
0.47863507
0.99999946
0.0012579113
0.00025147817
0.00034454957
0.32649383
0.2067057
0.9999973
0.099368475
0.28886366
0.89277554
