1.0
0.0002443856
0.0022340307
0.00086806284
6.942796e-06
0.0035631335
4.085047e-07
0.35279134
1.4575997e-05
2.0183612e-05
0.9995653
2.123509e-05
0.0006780286
0.001154726
3.5349495e-07
7.218313e-05
0.020803202
2.7295532e-06
0.00032743163
2.1422096e-05
0.00062519475
0.01537608
0.00037681762
0.9343126
0.00038989945
1.7181192e-06
0.001464596
0.00094147836
0.0008345859
5.6999447e-06
1.0641775e-06
2.525334e-05
0.5365313
0.0011087175
4.2267162e-05
0.063290544
0.0022942503
0.9980537
0.016756367
0.0005698549
1.7640605e-05
8.134473e-08
1.4954067e-07
0.00013975504
8.053576e-07
0.001172393
0.055533446
0.008392036
0.05874214
0.88804126
3.2229144e-07
4.2239935e-06
4.082269e-05
3.7740818e-05
0.0002026812
9.042142e-07
0.00819076
0.00022923465
8.240328e-05
6.6129724e-06
3.0674626e-05
0.00036711904
0.78860235
5.653402e-07
0.0017954346
6.21707e-07
0.6761837
0.9998064
0.00011767208
0.00095737877
0.0051217214
0.00090688025
0.01878676
0.00015680763
3.3979168e-07
0.0044191396
0.022364698
6.3844645e-06
0.9993761
0.0002789773
0.0071096313
0.0008207071
0.03831749
4.085047e-07
8.152394e-06
0.0048308265
0.00023378828
0.0007111375
1.8048557e-06
0.8994237
0.9991598
0.0011448376
0.000438576
1.2670604e-06
3.492391e-06
2.4776216e-07
0.00045314748
0.0048308265
0.00061016536
0.00023742285
0.00011641972
1.8975979e-07
8.96165e-05
0.8403187
1.964284e-05
0.93911445
0.00014502546
1.117141e-06
0.020803202
0.001464596
0.0149183
8.866405e-05
0.00071113685
0.14422078
0.0019373612
0.0038361955
0.0008207071
5.3663818e-05
1.1218129e-05
0.00012787971
0.00021097215
1.5487123e-07
4.881273e-06
0.0001430165
3.4796383e-06
0.97336704
0.9998064
0.9939364
2.5118643e-05
0.8719492
1.5738168e-06
8.415174e-05
4.2239935e-06
0.00014658355
5.624835e-07
0.0012431347
0.0001710645
0.00021239284
0.15407738
0.00016389374
0.083041176
5.6999447e-06
2.0798296e-05
4.2621163e-05
0.012008618
9.236227e-05
1.7847027e-05
2.3312352e-05
0.012844023
0.9999214
0.23932204
1.8336386e-05
0.0046518412
2.928358e-07
2.7543924e-06
0.7134492
0.008651307
0.0051296074
0.9999966
5.3922875e-05
3.13045e-05
2.8281995e-06
2.545129e-06
1.5949536e-07
0.99984294
0.0002794733
8.13586e-07
2.2261388e-06
0.002888548
9.2843834e-07
3.3111831e-07
8.3737605e-06
0.88518053
0.9874908
4.9268863e-05
0.9993761
8.240328e-05
8.670454e-05
9.050545e-06
5.1136227e-05
1.1605527e-05
2.0628811e-05
0.018208394
0.99999326
2.721682e-05
0.000239819
0.63116175
0.0002275288
1.5941736e-06
2.2731587e-05
0.012884569
0.0004403048
6.8791887e-06
4.83033e-07
0.99992335
3.114713e-07
0.00010900434
7.956047e-08
0.27106896
0.0002572057
5.62945e-07
0.2951792
1.3949472e-06
6.0658345e-05
0.0008096679
2.4771767e-08
0.00026986637
4.736622e-05
4.6007804e-06
0.0046518412
0.0004755206
0.00012213383
0.0014549867
0.11562952
1.2689202e-06
1.4365712e-05
4.4270864e-06
2.6877403e-06
0.9987427
7.029331e-09
0.0017094999
7.567846e-06
0.00017914767
0.9962439
0.00011069739
0.99353784
0.7826911
0.75103754
1.3756427e-05
1.6684742e-06
5.092482e-07
0.0004755206
1.8590006e-07
0.00014502546
0.0017200508
0.54953057
0.056481697
0.26830184
1.1733597e-05
8.559707e-06
6.8978945e-05
0.98986214
2.1658611e-06
0.0055081034
6.0735474e-09
8.4903456e-07
2.504113e-06
1.6565922e-05
5.0573963e-05
6.1014043e-07
2.1306669e-06
0.9991598
7.5722137e-06
4.367355e-06
0.02914032
3.176321e-05
0.027668172
0.011539511
0.9993302
1.8858224e-06
0.00081174524
5.942831e-05
0.00012073826
0.7341224
0.9221418
0.15407741
0.98838836
0.0001618142
5.0573963e-05
0.0011127044
0.0020111124
0.9980537
2.2571088e-05
0.00041682037
1.3980663e-06
0.9239393
0.0005554249
9.9757606e-05
6.801923e-08
0.31207526
9.2863465e-06
0.99859446
9.951917e-06
7.75764e-06
0.0037793485
0.9221418
0.9985661
1.4365712e-05
4.163695e-07
7.956047e-08
9.23176e-06
3.972025e-07
0.00047242598
0.0023750756
1.8986237e-06
0.0014549867
0.9464264
0.7600545
6.1014043e-07
2.6372384e-06
