0.99999034
0.9999835
0.77286464
0.9999979
0.9984472
0.94118387
0.995912
0.00058347645
0.00020635477
7.798176e-06
0.021671917
0.0029490355
6.5850363e-06
0.093347885
0.00423929
0.0005728201
0.00014656651
0.9999723
5.547374e-05
0.9609964
0.0009956928
0.007903428
0.57009465
1.4677676e-06
0.012677997
0.0024989496
0.00045547154
0.6129768
0.12970822
0.0039597154
0.0034418523
0.00013170548
0.060177796
6.323902e-05
6.4535707e-06
0.06406712
0.06515496
8.715704e-06
3.223891e-05
8.8069646e-05
5.28386e-06
0.12633207
0.023546569
0.11776734
0.023429127
0.19613253
0.0016078263
0.008559002
0.004015443
2.3068638e-05
0.0017894265
0.14329249
0.00018521585
0.998978
0.99910074
0.0004158734
0.502902
0.011301546
0.9974323
0.08025453
0.581936
0.00064050406
0.060908023
0.0034846477
0.007885618
0.9664046
7.198516e-05
0.9023906
0.99999577
0.48878714
0.9826259
0.007266781
0.7359274
0.0005830167
0.00023667069
0.07258164
0.0021741097
6.909104e-06
0.00388489
2.051661e-05
0.002480629
3.0876754e-07
0.049750023
0.006425664
1.0157601e-05
0.0013964176
0.0035232995
0.014847926
2.1500135e-05
3.52874e-05
3.238846e-05
0.00058347645
0.004847132
7.0735678e-06
2.698283e-06
0.0048084357
0.00012525986
2.2684982e-05
0.008511247
0.111045666
0.00019521758
6.909104e-06
5.1313646e-06
3.1089665e-05
2.748962e-05
0.00015065847
0.00025078288
0.002319814
1.1787285e-05
0.00037524823
6.244419e-06
0.005095233
4.0415463e-05
0.6539325
0.1218879
0.00036856206
0.99957246
0.0006098691
0.0013035019
0.041690547
5.5408607e-05
5.2797295e-06
0.98854536
0.97822547
2.698283e-06
0.0071835173
0.998978
0.00076849177
0.5379331
7.338851e-06
0.009782832
0.81100434
2.4685447e-05
0.0004158734
0.00027200155
0.4786065
0.00013661428
8.2708975e-05
0.017579535
0.007881769
4.402179e-06
0.9543136
5.374781e-05
0.0007972103
0.00020022927
0.06755297
0.05356852
3.8568705e-06
0.9999524
0.1082729
3.256552e-05
0.0014098523
0.004201699
0.6485772
0.0076523167
0.99629265
0.013797032
0.057278883
0.00020022927
2.4060882e-05
0.99996287
0.26849172
0.15894035
1.4863606e-05
6.244419e-06
1.7319943e-06
0.001044363
0.029286966
0.0018429777
0.41000006
0.010122754
0.07841089
0.0017969547
0.0016684795
4.3416912e-06
0.010933032
1.0915354e-05
0.00019339066
0.08939958
0.032090664
1.59427e-05
0.727738
0.12424349
5.0878814e-05
0.75527936
0.001614561
8.732628e-05
0.00900957
0.00021167716
0.00013485563
1.9201494e-05
0.019634508
0.002370238
6.4535707e-06
3.425738e-05
0.23483032
2.748962e-05
0.9630766
0.07841089
1.3686712e-06
0.0013094872
0.0074679917
0.00021022216
0.0127562275
0.21887642
0.023951031
0.05356852
0.12970822
0.9909197
0.0067558503
0.00023688922
0.0011619271
0.420792
0.70422524
0.0023207567
0.039839268
3.2205047e-05
0.020740047
0.00013129569
0.004126544
0.0003791266
0.5665368
0.00015239777
7.100386e-06
0.009782832
0.00026519364
0.9921626
0.9999893
5.232916e-05
0.0002339089
0.0013251706
0.11124611
3.0060176e-06
2.6723113e-05
0.029034367
0.00015165065
0.0010047647
4.892099e-07
0.0059547033
3.7678933e-06
0.9979603
0.99855953
1.0918998e-05
0.014934243
0.51926696
1.0918998e-05
0.0005434756
0.09450753
0.0039770193
0.049750023
0.0009910846
0.0021533053
3.5061817e-05
0.7918403
0.0027246184
0.0021533053
0.5269656
0.00050408504
0.3840415
0.26849172
0.00023608246
0.08511624
0.003821146
0.010470859
0.99739695
0.00048466402
0.529477
0.0015974279
0.13247621
6.1514226e-07
0.00023584579
0.00016703618
0.9984859
0.7918403
0.9998596
0.00020274537
0.30612695
6.166106e-05
0.000956745
0.0046643126
0.10768639
0.2092957
0.002119006
0.0017969547
0.00076849177
0.00031096814
1.9042742e-06
0.00011593394
0.12737311
0.00020936702
0.05935582
0.0007219614
0.12424349
0.00023608246
0.00039770966
8.989261e-05
0.057516642
0.9922673
1.8650146e-06
0.11124611
