1.0
1.0
0.99921095
0.0006595357
1.187262e-05
2.2325969e-07
0.0003992306
0.00053809944
0.01730595
0.00099717
0.003991844
0.0046408637
0.00023959044
1.0713667e-06
0.00074138294
0.038966384
0.0014438693
0.98616725
0.008510039
0.0028223954
0.0028070682
0.0006595357
0.6167758
0.00011173659
0.00070166035
0.00012335763
0.0005461166
1.321831e-05
0.15945698
0.0055250498
1.4271805e-06
0.9955564
5.7786285e-05
0.00014181768
5.8090845e-06
0.09252298
1.2498692e-05
0.00018913709
3.7301913e-07
0.00011173659
1.5041861e-06
3.1999596e-05
0.00081052486
0.0073510436
0.9999999
4.6405003e-05
0.03861595
0.9940168
0.0002836964
0.30553418
0.99867266
5.599344e-06
0.00034683506
0.1896428
1.8641149e-05
0.025154363
3.5296714e-06
5.5708806e-06
0.0011030886
1.3147061e-07
0.0020788852
0.0005126262
4.7835405e-05
9.203557e-05
0.9080445
6.483067e-07
0.5291167
0.99594414
0.0018757703
0.0035570608
3.1966323e-07
0.06122227
4.0165314e-06
0.001724509
1.133604e-05
5.654729e-07
0.00052139716
0.0046408637
9.902914e-05
3.746399e-05
2.2549505e-06
2.7125714e-05
0.00017485584
0.04227325
0.0008547608
2.6699247e-05
0.007846521
6.163208e-05
0.0043186904
0.7197358
2.1760807e-06
0.9999983
0.0006072836
0.00012734164
0.0002608852
0.0018520436
0.062192306
0.0002984489
0.00014181768
0.0015246572
0.0001139258
0.10286665
0.0012988966
6.9917724e-06
2.4043775e-06
8.7922126e-05
0.9997084
4.9608214e-05
0.0017261041
0.00048052229
3.1755426e-05
0.0005027218
0.9989774
0.3540807
6.360102e-06
1.0192397e-05
9.0830974e-05
0.9944397
0.00042500146
1.4949711e-05
4.9879367e-05
8.57698e-08
0.03464682
0.7819132
4.6270092e-05
1.34997645e-05
0.0047518658
0.29882723
0.05094543
0.0015462001
0.6690221
0.9992484
6.163208e-05
6.310246e-06
0.004695539
0.059935644
0.6605832
1.7087447e-07
3.952354e-05
0.0004128882
0.0044088974
0.00034683506
0.0031257814
0.04227325
4.077872e-06
0.15347478
0.9999999
3.220689e-05
0.00021806774
0.009787666
0.9925927
0.00011409899
0.022693908
0.00022456706
7.126164e-06
3.0959225e-05
0.0003715726
4.7835405e-05
9.0704035e-08
0.0013511704
0.00028214327
0.008934774
0.03243586
2.1756014e-06
1.0127064e-06
0.005955426
0.0006454812
0.025154363
0.0022738846
0.0016472811
0.5287559
0.00019292416
1.4118227e-05
0.86146337
8.42325e-05
6.852055e-05
0.016597582
0.00074012746
6.6837615e-06
0.9838411
0.00019583167
7.4953203e-07
0.0006406341
0.8375232
0.008313624
0.0030508225
1.0
0.03575457
1.2238948e-05
0.0003797638
0.0010150606
5.7786285e-05
0.001287847
4.2555475e-06
0.00070009235
0.0046465322
9.89774e-05
0.1679193
6.2519786e-05
0.6761699
0.001615196
0.98562974
0.00016201907
9.4587725e-05
3.2957444e-06
0.99999815
0.06140605
3.4479202e-05
0.9980515
0.0010639187
1.9887996e-06
8.068574e-06
0.0028465874
5.3201313e-07
5.3163018e-05
2.7661697e-06
0.00025712384
0.033358783
1.9649096e-06
0.88947725
9.3322946e-05
0.00018151154
1.744051e-05
3.0384388e-05
8.195722e-05
1.1182261e-05
0.42610842
1.1491814e-05
5.831587e-06
3.2957444e-06
0.6761306
4.2337797e-05
0.00036691784
5.8941572e-05
4.077872e-06
8.054294e-05
0.062192306
5.3201313e-07
0.96921986
0.0024225854
0.0001140991
0.0007945748
0.044484273
0.0008899748
0.012441179
1.4271805e-06
0.9196063
0.0038711263
0.007514311
0.00024116725
0.0046035987
0.0004158066
0.015479176
0.0050898553
8.068574e-06
0.08626242
0.0028534336
0.0189512
0.006526632
3.6588735e-05
0.038966384
0.95995635
0.011085963
0.99106514
3.782301e-06
2.4210683e-06
0.00014925518
0.005331616
0.9989774
9.3322946e-05
0.98756516
0.0015335375
0.0030029307
0.027866142
0.39579514
9.4587725e-05
3.778162e-05
0.0031257814
0.027010974
0.99921095
7.857084e-05
1.7567407e-05
0.00013467751
0.009007417
1.0044328e-05
0.00025217253
0.00025217253
0.00043093177
0.00050840044
1.6324405e-07
0.10657059
0.05251284
1.8089095e-05
0.0015246572
4.5361776e-05
0.30526245
0.0004985877
1.9602643e-05
0.6690221
0.03464682
