1.0
1.0
0.0019204417
1.215673e-05
0.0023135704
5.039167e-07
0.00012645926
0.00022157328
1.0344411e-07
5.960691e-07
0.00051265163
6.7179753e-06
0.00084580126
0.9996956
0.017468164
3.7784757e-05
1.9870297e-09
9.965355e-06
0.00017541676
0.00037839793
0.9999935
0.00033406704
0.004054305
0.00085329317
4.4066105e-06
6.859692e-07
2.8284418e-08
7.545666e-05
0.9886514
4.7000678e-05
8.966378e-06
4.7000678e-05
1.7282096e-05
7.895035e-06
1.4039853e-06
1.5339912e-05
7.53037e-05
0.000464379
4.557656e-06
4.67491e-05
9.713187e-07
0.00019336522
1.243089e-06
0.0003125747
0.0044882824
0.0005407515
0.005644196
3.3735223e-08
4.5544955e-05
2.7651831e-06
8.657342e-05
0.43770477
6.433709e-05
0.99028724
2.9887702e-05
3.6433755e-06
0.0028997518
0.60128134
0.0042253574
0.002173006
0.00022966038
0.5729572
1.5427878e-06
7.1898756e-07
0.51758206
0.90789306
0.00074261933
3.623328e-05
4.683636e-08
2.033652e-07
1.3455601e-05
0.0012230177
0.0014716547
0.0003041722
3.3753156e-05
0.0014995477
0.005341969
0.007842091
0.0010184344
4.145859e-06
1.0637457e-05
0.7496858
0.1576839
1.3618967e-06
5.568708e-06
0.008393683
3.2037021e-06
4.1950767e-05
3.60976e-05
1.1934954e-05
9.375796e-06
1.3494503e-06
6.403056e-06
1.4832292e-06
2.9933168e-05
4.7695474e-05
7.978993e-07
2.1316411e-05
2.3247769e-05
7.897181e-06
4.518994e-06
1.2637526e-06
0.3406316
1.3185323e-06
0.00031426325
0.00019964344
0.0010837916
0.0036884013
0.00032299737
0.1514197
5.8978185e-07
0.7588671
0.0003882726
2.3223845e-06
0.006703609
1.6793822e-06
2.3717591e-08
0.64095896
0.00039310256
0.0004943214
0.069615126
3.9946357e-07
1.22408865e-05
0.0041631707
0.008543361
2.5452016e-07
0.0007424488
3.930092e-05
2.6507221e-05
4.9776468e-06
0.9998144
0.9999265
0.00053202594
0.023821369
2.9876046e-05
1.42684985e-05
0.00012275884
0.020304143
0.0011144133
0.000103057886
2.721591e-08
0.00019466663
9.596291e-07
9.331433e-08
0.99999106
0.0001818223
5.0923063e-06
0.0015733714
9.635513e-05
0.13174492
0.00097068836
0.003942099
8.417171e-06
0.0021578325
2.8393491e-05
1.4275967e-07
0.98177683
0.98709
0.49386138
0.21973148
1.548027e-07
0.5603486
0.00026686714
1.972852e-05
0.0025612228
0.0006569664
0.012032403
1.3455601e-05
0.0008098277
0.00039044695
0.0059175054
0.9996956
3.8980408e-05
9.2806535e-05
4.474633e-07
2.1078219e-07
0.25243595
1.5382042e-05
4.14375e-07
2.0602527e-05
0.008393683
4.032924e-06
0.9886514
0.012745837
0.4794428
0.00011714522
1.19330425e-05
0.9395311
3.9946318e-07
0.40193498
0.17478184
2.0426884e-05
0.0003790619
0.0009690602
0.005998203
0.17478184
0.0032404913
3.3726545e-05
0.00039310256
0.9345313
0.58754766
9.8930315e-05
8.7914705e-06
0.9998757
0.00022162803
0.00032314615
3.2684122e-05
2.2950785e-06
2.258691e-06
1.6310664e-06
1.3455614e-05
2.1056221e-05
0.00068470393
0.0001853678
1.707417e-06
0.00033406704
0.0018882477
5.282058e-08
0.00017160656
0.0005397044
3.5652413e-06
0.00016889157
3.1525895e-05
0.6937468
4.3947257e-05
0.9999996
0.003151556
1.4866852e-05
0.00022162803
5.308814e-07
0.003950811
5.524875e-07
0.015902184
5.1293107e-08
0.00074649404
4.0160856e-05
0.0032617752
0.0012745393
0.9999909
0.9668625
0.0030447938
0.0003195309
0.00013340755
0.0016378026
1.1101845e-06
3.6433755e-06
1.6405717e-06
0.00027927267
5.015347e-06
3.684768e-05
0.96585673
0.7220235
0.07448491
0.00096949976
0.012521291
3.9946357e-07
0.9031883
0.9999994
0.9998922
0.00039310256
0.00013632995
2.6507221e-05
0.006971116
3.1842533e-06
0.0003366131
0.00022979442
0.34153634
0.0036350384
0.0010235294
0.000100300924
4.9842402e-08
1.709055e-05
0.009596899
0.0050530727
2.5792966e-05
1.5631811e-05
0.9981812
0.00020841022
2.040264e-06
0.2882984
2.3782362e-05
1.6310664e-06
0.13789159
0.00040674928
0.05878009
0.00023914267
0.0024493283
7.554378e-05
3.5652413e-06
0.00033406704
6.3242833e-06
0.018852232
0.00029601014
0.99999994
0.00048056836
0.99821305
0.995106
1.4038793e-07
0.00021144196
4.1950767e-05
