0.9999783
1.0
1.1541204e-05
0.004880225
0.0026945702
5.88038e-05
4.0691015e-07
0.00077958894
4.0697178e-05
0.0044073067
0.00037714271
0.0010126738
3.6619906e-05
0.0020127746
6.5039984e-07
8.320865e-07
0.8486587
0.80065936
0.99901646
7.2002185e-05
0.0012677291
0.00011383198
2.256736e-06
0.0011607507
9.120771e-06
1.5680514e-05
6.5618165e-06
0.008993185
5.982753e-06
0.00029855617
0.08099731
0.260667
1.3992018e-05
1.0727572e-06
0.90976363
0.29689112
0.63734686
0.02940629
2.535008e-07
0.0074481578
7.9863776e-07
0.9972916
0.04912794
0.9999956
0.0010465517
5.191475e-06
0.9210218
0.002054031
0.98369974
0.00045400078
0.9984711
7.481426e-05
0.01893029
0.07348331
0.0027596569
0.0070604947
0.74644494
0.0015169256
3.8731072e-05
0.030530082
4.2424854e-05
0.0001016371
0.16513598
0.003247641
0.00065018353
0.0001459526
0.7712472
0.004723343
1.7743896e-05
0.00043144842
2.8291675e-05
0.00022445788
4.881664e-06
0.0014276025
0.97870487
1.9301552e-07
0.00021346296
7.487906e-05
0.32851496
0.0063390057
0.00016306445
0.00055332715
0.99076337
0.38456905
0.0010945362
0.0003048341
0.005547841
6.7098255e-05
0.9999992
0.012781009
0.0012571304
0.00020188156
1.3259305e-06
3.8731072e-05
1.3059927e-06
0.99521196
0.00048325423
0.00066455785
4.412279e-05
0.68677163
0.03270988
0.3768528
1.6034492e-05
1.5166491e-05
0.9987533
4.321569e-06
0.0004137452
4.468188e-05
0.005547841
0.00048325423
8.2733015e-07
0.024000406
0.0012279453
0.114080355
0.9992854
0.99981725
0.5187528
0.00095664564
0.0008152437
0.00532501
1.6044647e-05
0.6790901
0.00065258855
0.6532249
0.018143298
6.232731e-08
0.029326847
0.99978787
6.621618e-05
0.002224373
0.2815125
3.0007164e-05
3.749423e-05
0.00022445788
0.6532249
0.99283093
0.10906801
0.0010969866
1.8768465e-07
0.018550202
0.9999989
5.402754e-06
0.29348603
0.0057584364
0.0005200149
0.0003608201
0.74644494
1.7822407e-07
0.0063910335
1.0935318e-05
5.1394847e-05
0.3532049
1.250332e-06
0.91417575
2.1592126e-05
0.99901646
6.569459e-05
0.004934601
0.986679
0.0010969866
0.00032540233
0.004880225
5.503836e-06
9.8372e-05
1.5281722e-06
0.9999934
0.004723343
0.004547959
0.0019577974
0.00032540233
0.15201457
0.017249687
0.9997618
0.0005482443
0.97012323
0.000696756
3.4027107e-06
0.038791932
0.0018462227
0.028943188
4.0970403e-07
1.2140821e-06
0.0797692
8.913715e-06
1.7516066e-05
0.4818392
8.556285e-05
0.0011607507
0.99999213
1.1593049e-05
1.243365e-05
5.7046793e-05
0.71109694
0.50606275
0.002054031
1.7559234e-05
0.0005482443
0.99965405
0.0063122828
0.5276136
0.00077821984
0.9983304
3.9056653e-05
1.0349831e-05
0.00016270691
0.9998623
1.0453602e-05
2.0778392e-05
0.00021739802
4.9024015e-06
1.2762998e-05
3.281833e-07
0.00015487644
2.2293723e-06
3.871567e-06
3.871567e-06
3.6619906e-05
8.809459e-05
0.002887447
0.0001479304
0.0034278508
0.060736533
2.3351913e-05
0.12693377
0.06457709
6.2819777e-06
0.0902855
0.9995981
0.0030810253
6.655806e-06
0.0018546989
4.9024015e-06
0.70088166
0.9671142
1.2565128e-05
0.001743431
0.0020300313
0.008993185
0.017249687
0.925913
0.10068559
0.9380262
0.0044736476
0.999973
0.0025048736
8.12891e-06
0.99966985
5.0725244e-05
0.0002957856
0.00010548106
0.024855988
0.00025338045
0.56241447
0.09397444
0.41274944
0.12090654
0.005290741
0.14960049
0.001271186
0.0003957653
0.00065258855
9.316085e-05
0.43541932
0.00056365976
0.70088166
7.675265e-05
2.4073504e-05
6.5039984e-07
0.016399678
0.006041383
4.873733e-06
0.0030972816
0.0005737533
0.0040491754
9.347444e-05
0.00016391985
5.7046793e-05
0.0034491315
4.556035e-06
8.7263476e-07
0.00017799054
2.3927365e-05
0.32934695
0.00011125136
0.00013644036
1.7592758e-05
0.00034651152
5.1211177e-06
0.00043048486
0.0051223147
0.007937919
0.0010091874
2.4101806e-05
3.1105499e-06
0.00043677737
0.98369974
2.7711494e-06
0.025718432
4.248972e-05
0.0026263876
