0.054786272
1.0
1.0
1.0
0.996676
1.0
1.0
1.0
1.0
1.0
1.0
0.9999999
1.0
1.0
0.99866396
0.6951172
1.0
0.99999994
1.0
1.0
0.013066978
1.0
1.0
0.00010765012
5.0251e-05
0.00034173427
0.0058717565
0.010282641
0.9149069
0.001543983
0.0033642855
0.99990356
0.00061978615
0.9912591
0.053522993
1.6705852e-05
0.0011419947
0.999636
0.9953396
0.23149048
0.0001602893
0.9999694
0.9887839
0.017505571
0.00018069854
7.4224585e-07
0.0005846343
0.99933314
0.00010149628
0.03411006
0.97665703
0.11709187
0.0006257089
0.00024069037
0.0041390085
0.007474993
2.441193e-06
0.29870808
0.007150219
0.004577943
6.9684074e-06
0.15914139
0.15393981
0.0019157003
2.3441833e-05
0.15577248
0.99900454
0.5699685
2.811376e-05
3.647513e-05
0.0020640602
0.007919578
1.2685233e-06
0.99999976
0.004109744
0.471212
1.7485576e-05
0.00033415845
9.885148e-05
0.14319651
0.036840294
1.2685233e-06
0.00039084916
0.00019344507
0.00048202267
2.6112182e-05
0.022375792
0.008635593
6.4463726e-05
0.97662693
6.404925e-05
2.515746e-06
0.9998593
0.9127332
0.0014403611
0.00012891526
0.52052677
0.25476268
1.0264286e-05
0.35845807
4.4835073e-05
0.9962487
0.9213638
0.033060092
0.04850365
0.0051157773
0.00028005286
1.9692392e-05
0.027994204
1.1566039e-05
0.0019431167
0.007001
0.0006380794
0.00013611186
0.00031599044
2.3367596e-05
1.3303039e-05
0.0730521
0.5886163
0.022580158
0.05410357
0.062174704
0.021994885
0.0061585233
0.002553854
0.08066175
0.03936855
0.800288
0.24723265
5.0484046e-05
0.99999976
1.0
0.71562934
0.9940644
1.3491746e-05
0.003863448
0.005669357
0.0013838646
0.0001343443
0.015165942
0.9127332
0.7420528
3.1794665e-05
3.785003e-05
0.001672407
4.8459744e-05
0.0055885045
1.6899063e-05
3.197687e-05
0.97172046
4.4858803e-06
1.0
0.99553746
6.967198e-07
0.9702021
0.99965656
0.005014265
0.0013036918
9.7134674e-05
0.0013846963
4.1653624e-05
0.48061714
0.45609725
0.00010124003
0.0003120691
0.036047906
0.024247048
0.009352059
0.3906193
0.0012655931
0.9003107
0.0036624921
0.97665703
0.9539616
0.5470346
0.14319651
0.00010765012
3.1979554e-05
0.9631208
0.0007141434
5.4651e-05
0.006828222
3.6643212e-06
1.8493385e-05
0.9988678
0.00063991704
0.00010813181
0.9665833
0.16763377
2.809993e-06
0.84406334
0.0014442358
0.004146009
0.0015652828
0.15690458
1.0
0.26853305
0.78774303
0.0012933292
0.0007552581
0.008034054
0.9633781
2.5870984e-05
6.0912524e-05
0.015389773
0.0023675584
0.0015050941
0.116176166
0.999996
4.2702246e-05
0.0040068817
0.0073304116
0.023853092
0.021703295
7.746309e-05
0.6119419
0.20679818
1.4312354e-05
0.15393981
0.0029801344
0.025496015
0.0024220208
4.4835073e-05
0.8346284
0.999908
0.00012426102
1.3585391e-05
0.006158526
0.0023287858
0.00023481679
0.1694879
0.9135103
0.00023752723
1.2527933e-06
0.00019344507
0.8872143
2.9853225e-06
0.00045290415
0.0031486573
0.9745001
1.5731246e-05
0.9702021
0.00013727031
0.0061330996
0.006028209
5.3519954e-05
4.016405e-06
0.19707511
4.2702246e-05
0.0009084724
0.00032764176
1.3792367e-05
0.0026934582
0.064745635
0.12884523
7.042478e-05
0.022953559
0.002232161
0.11528011
0.012265191
0.0002752172
3.6773712e-05
0.002127274
0.00622692
0.06968044
0.0005305361
0.28656998
9.155744e-06
0.045751836
0.59196854
0.018725539
1.4939764e-05
0.00011399622
2.7888436e-06
1.634578e-05
0.9999954
0.14120477
0.9953396
0.017674258
3.6643212e-06
0.0047775614
0.0038897682
0.00021292917
4.5029265e-05
0.99990356
3.750399e-05
0.023853092
0.63456273
0.006828222
0.0009084724
0.007043773
6.3676457e-06
0.04492849
0.0007974458
2.4009496e-06
0.0065339943
0.99832845
0.0064176563
0.21524602
0.99965656
