1.0
1.0
0.99999994
0.99675626
5.2466672e-05
4.571213e-05
3.3385932e-06
5.1975258e-05
0.013437557
0.10489372
0.003532103
1.8085611e-05
0.0016837752
0.0003511807
0.04649034
0.0059409337
0.0013916396
0.90526384
0.9999838
0.004126039
0.00024489785
0.0077223806
0.30245286
0.0012861376
0.07867172
0.9965994
0.9988759
0.00018793193
0.49648187
6.66366e-05
7.925034e-05
0.0004231304
0.9984048
0.002154152
0.04649034
0.45261768
0.0016000058
0.00074440485
0.9917144
0.31881347
0.014175151
1.5922888e-05
0.13281693
1.4224439e-05
0.1537954
1.8035025e-05
0.02813937
0.07237293
0.0042965105
0.7479719
8.825822e-05
0.0016120756
0.00042826048
0.0031464337
0.8486069
0.97271955
0.00030195664
0.0037958692
0.0006503218
2.626047e-05
0.00032426175
0.009726482
0.99986
0.00026434215
0.00013840683
0.00038933154
0.22359474
0.9419553
0.00027359225
0.80232537
0.17762071
0.5553785
0.4160282
7.4194195e-06
5.837465e-05
0.26598552
0.008031398
0.9917356
0.08754005
0.022789922
0.9917144
3.1456404e-06
0.09629502
0.9995047
0.20903668
0.18522681
0.4825412
0.05653918
0.014878682
0.0016000043
0.0092955325
0.03831159
0.41133755
0.015398932
3.7046153e-05
0.9985651
0.0057598944
0.010879978
1.3719263e-06
0.81315714
0.67891073
0.013811865
0.9998802
0.15561853
0.00035135652
0.03623311
0.31465772
2.4335432e-06
0.0016204425
0.41917357
0.14699887
0.0013303738
0.8826225
0.025975725
0.07464176
0.97271955
0.0061562965
0.0052253804
0.004524364
0.02280763
6.241891e-08
4.2847543e-05
0.0003340473
6.4485545e-07
0.9285431
0.9999999
0.03041559
0.97118396
0.0014287287
0.083707996
0.025150744
1.9803429e-05
0.9999997
0.0003340473
0.0016000043
0.18409628
0.00039815786
1.8085611e-05
0.46863678
0.9471082
0.00011443721
0.99999887
1.0561775e-05
0.9756317
0.00025170224
0.0052343435
0.9999809
0.06471976
0.016186211
5.2751937e-05
0.9855974
0.005955742
0.13181166
2.0373713e-05
0.0006433185
0.9999038
0.0004231304
0.007707866
0.38467336
7.991109e-05
0.13181166
0.0016823874
0.4261141
0.00010001764
0.3476271
0.36635843
0.060544416
0.027683968
0.0020539605
0.13307364
0.9917144
3.8746558e-07
0.0017556353
0.87464523
0.000163251
0.5280781
0.88088423
0.009326326
2.6550963e-05
0.00056463707
0.00036359666
0.56630045
0.09629502
0.9996001
0.041916657
5.224036e-05
0.0020539605
6.38815e-05
0.99902815
0.6112282
0.00010441326
6.4485545e-07
0.21302359
1.1135246e-05
0.007164308
0.035219576
0.00940161
0.0041738125
8.146889e-05
0.036782455
0.9999994
6.3882953e-06
0.9928535
0.00038300853
0.00026434215
0.007262633
1.1959668e-05
0.00047813408
0.9998435
0.9928535
0.27072546
0.0007391516
0.037445072
1.767373e-06
2.9312855e-06
0.9991658
0.053136397
0.248996
6.2537845e-05
0.018169496
0.00090817595
0.0042965105
0.116080634
0.0012330908
0.2616196
0.6623651
0.17820294
0.035029113
0.99999267
0.0043604607
0.16721375
0.026184663
0.009326326
0.55364144
0.6567759
0.0028209516
0.056094386
3.2408975e-06
0.008245576
9.240218e-05
1.5517994e-06
0.9996001
0.005575688
0.0012730852
0.00016189045
0.007822044
0.0006433185
0.0033421887
3.969798e-05
0.041958865
0.086830094
3.014406e-05
0.99998736
0.99996156
4.7471767e-05
0.00686778
0.00015994045
0.0037545399
0.6567759
0.00230905
0.011098013
0.0022878763
0.62091374
0.57822675
0.0069137253
1.834312e-05
0.00027310802
0.0011774264
0.9812188
9.5889945e-06
0.00028563556
0.0025576307
1.7407392e-05
0.96840554
0.12346124
0.00015752367
0.0016523674
0.49587303
9.400487e-05
0.0566926
0.99616766
4.193153e-05
7.318244e-05
0.15103327
0.00043599115
0.0036578858
0.018856017
0.012911804
0.0038011558
0.0016000043
0.99996156
0.008147967
0.0008911581
3.0144834e-06
0.051963944
0.0010248676
0.8873191
0.00029443874
0.0052757254
0.0065055797
