1.0
0.9999999
0.99999934
1.0
0.99885726
1.0
1.0
1.0
1.0
1.0
1.0
0.9999888
0.999999
1.0
0.9999984
0.9219267
0.61473167
0.001580806
0.00033657314
0.0032359632
3.2165484e-05
0.0006958764
0.009198208
0.03654942
0.0012061944
0.00026642173
0.021044407
0.00040600201
1.7241825e-06
0.06413268
0.00034981256
0.005432451
0.0025968628
0.0003832242
0.00021361037
0.6472706
0.44770366
4.5712048e-05
1.0652684e-05
3.0485478e-05
0.0021626244
0.023246493
0.017900445
0.5106118
0.009484145
0.99679273
8.3843515e-05
0.48063964
1.153938e-06
0.0172593
0.9142249
3.0485478e-05
2.0108346e-06
6.620031e-07
0.0004298165
0.00016715552
0.010272611
0.0002017155
0.0009258364
0.00073218613
0.99384093
0.0012217893
0.0014067347
0.0011000732
0.7521625
0.002149209
0.00020229042
0.05924362
0.0017907881
0.00015575378
9.20231e-05
0.948654
8.3843515e-05
0.9146393
1.5605297e-05
0.85135573
0.1319685
0.040675238
0.98926467
0.045018952
0.00020638763
0.9844705
0.001580806
0.98604196
0.29590642
0.9948792
1.4390928e-05
0.0005007218
0.066574074
0.0006407898
0.78819215
5.7862162e-05
0.0025398447
0.9948792
0.00027463032
0.020362113
0.9999856
0.7726105
0.0011860688
0.0001117368
0.28382054
0.00056922087
0.00053199346
0.0014633866
0.98656833
2.6444613e-06
6.337853e-07
0.99953216
0.011538157
3.2335593e-05
0.0012061944
0.058399625
0.9823181
1.2954067e-06
0.0020309386
0.17426516
1.1105276e-05
1.6038193e-05
0.054125495
0.0010766786
1.4080256e-05
0.00041897196
0.0017618361
4.601413e-05
0.17443448
6.238881e-05
0.0042843595
0.00059610436
0.9998453
0.008026017
0.0018938062
0.3036296
0.9997932
0.0020836052
0.79685724
0.00015507787
0.031124802
0.029674148
0.0019376434
0.14478344
0.000973733
0.004123608
0.9999622
5.2953543e-05
2.0959857e-05
0.00025476195
0.957605
0.03592556
0.00203454
9.832092e-06
3.7891165e-05
1.9567864e-05
2.034164e-07
0.6405779
0.9878113
0.09939487
1.1105276e-05
0.9894173
0.004358351
0.15047212
0.0035713422
3.339899e-05
0.08576026
0.015949503
0.0044401432
0.99999976
0.011193589
0.9449504
0.7601216
0.0005225163
0.0013281899
0.00028388796
0.9743655
0.00037279315
1.4869277e-05
2.908849e-05
5.541051e-05
8.2457545e-06
0.006539252
0.99995077
0.12234955
0.0003441738
4.266846e-05
0.4575983
0.0011514034
0.0017361267
0.009501725
0.000687082
0.015141846
0.17340648
0.12234955
2.0108346e-06
0.0030921751
0.99989885
0.9999994
0.002154157
0.0035837812
3.0485478e-05
0.00059621397
0.028728079
0.0010893196
0.00016462
1.69431e-05
0.8817998
1.5482323e-05
0.0013560583
8.96465e-05
0.008374836
0.0074067293
0.0014464449
3.5011249e-06
0.32879674
0.014378288
0.0011300144
0.6006971
0.0007704371
4.9270555e-05
0.0006585757
0.09319932
0.0013560583
1.7632632e-05
0.0013150339
0.17103824
0.0006833372
0.9060167
0.9999999
0.020362113
0.0017361275
0.0018661603
0.2505068
0.9993601
2.6444613e-06
0.0050862567
0.17103824
0.082479596
0.14200903
4.9899827e-05
0.0017870757
8.3328007e-07
0.05983889
0.0009532611
0.99753934
0.9085466
0.015431796
3.5688467e-05
0.00046961845
0.999279
0.009484145
0.022105217
3.246431e-05
0.04431646
0.00037598552
2.6845593e-05
0.99999964
0.0058413316
0.004655817
0.012727057
2.3602124e-06
8.853952e-06
0.43436745
0.00017047748
0.9102733
4.55745e-05
7.492151e-06
0.0005812628
0.00022921542
0.9935789
2.3534074e-05
0.0034075347
0.91421086
0.0005812631
0.0799907
0.042222
0.0010766786
0.0107106045
0.012681829
0.99983644
0.00020407235
0.0014240925
0.99994284
0.11075886
0.0068623475
0.99978095
0.00089191203
0.211329
1.257946e-06
0.0006642501
0.9997995
0.99999964
6.9366615e-07
0.00019358714
0.9994879
7.2287425e-05
0.0101302825
0.00029961206
0.39296937
0.9999578
3.30938e-05
0.9987556
0.44711554
