0.99999034
0.9999835
0.77286464
0.9999979
0.9984472
0.94118387
0.995912
0.02196553
0.005198494
0.14329249
0.003106729
0.00051648717
5.232916e-05
0.00014843329
0.16865097
0.0011872267
0.011712014
0.00037514846
0.40749764
0.40752515
0.99580616
0.049957618
0.00088159693
0.0017894265
0.51305044
5.6421803e-05
0.10768639
0.9992444
0.0027863043
0.0029598414
0.8997116
6.244419e-06
0.016507743
0.000996829
0.00013661428
0.00016703618
0.99554473
0.008456295
0.001614561
0.00056888844
1.3800341e-05
3.0519054e-06
0.0003830235
0.04190781
0.18595676
0.0012250328
5.7492653e-05
0.0020377357
0.032176647
0.10970489
8.911207e-06
0.9999893
0.00019369941
0.99651456
0.023763938
0.023103563
0.07714534
0.97733337
0.00034042823
0.002854541
0.00023739251
0.31043854
0.0013170682
0.0020935773
6.4952495e-05
0.000648635
0.7918403
0.0145889595
0.7640326
0.00024662758
0.4182472
1.0039893e-05
0.0005830167
0.060611714
0.011301546
0.049957618
0.023763938
0.51926696
0.00046855514
0.00037442526
0.9996894
1.4991514e-05
0.00081230473
0.00026509253
0.00060820894
2.7395874e-05
0.0005304577
0.0002949802
0.00026226457
0.99999547
0.001207253
0.0027246184
0.024462033
0.20487627
0.07714534
4.2739644e-05
0.0009783887
0.00015039177
5.290889e-06
9.418954e-05
0.002119006
0.0028218694
0.007854883
0.0011304392
0.9999797
0.98854536
1.453157e-05
0.006710503
0.0002192649
3.0060176e-06
0.98196
0.99999577
0.077930905
0.00015729132
0.0018744691
0.00015875106
0.00026226457
0.0001306448
0.00053944543
0.9996894
0.9999998
0.13604315
0.29217422
0.834619
0.0005434756
0.0051693246
0.0001497624
0.00018007589
0.00067530136
0.017327337
0.5898765
0.00011959721
9.541486e-08
4.029566e-05
0.0019139379
3.8444043e-05
0.0007250883
0.00632921
0.22684158
0.972097
0.94349176
9.720372e-06
0.024283497
0.0705268
7.646144e-06
1.6342724e-06
0.020433545
0.030867137
0.9999759
2.8374705e-05
7.798176e-06
0.00026509253
3.238846e-05
0.30041188
1.5039141e-05
0.0008887876
0.0026404797
0.92801917
0.0006196172
0.85264516
0.0001934877
4.8494974e-05
0.005124084
0.0011961169
0.00018395428
0.043384437
0.0002560318
3.8444043e-05
0.9979313
0.00045200315
3.9065068e-05
0.00031644385
1.0
0.27552152
0.024462033
2.051661e-05
0.9984859
0.0020965005
0.99687266
0.0001662801
0.001721627
0.99125546
0.0071835173
0.0007219614
0.007150737
0.014471173
0.87918
0.93146926
0.9999169
0.00053133565
9.555775e-06
4.0932546e-06
0.9543136
3.238846e-05
0.10628172
5.374781e-05
0.01662589
0.00024662758
9.600368e-05
4.5181878e-05
0.94349176
0.023103563
0.003106729
0.99876165
4.707293e-07
2.6138541e-05
0.0013975152
0.0061861444
0.003319751
6.4901295e-05
3.158882e-05
0.0038373892
0.10604042
0.00014843329
0.0033727346
0.00088159693
8.9185305e-05
0.051846847
0.0467229
3.4336204e-05
0.009074599
2.52259e-05
0.0015621753
4.0851505e-06
2.2684982e-05
0.0071877353
0.001115386
9.18208e-06
0.00706331
5.0574447e-05
2.4281533e-06
0.8997116
0.0014098536
0.89658546
0.007399875
0.00065312616
0.51305044
0.0001306448
0.011712014
0.08499597
0.00013657274
0.99990475
4.4697794e-07
0.0006890341
0.00017233346
0.00632921
0.9909197
0.99929845
0.00075757626
0.99934936
5.5072203e-05
5.974617e-06
0.13711222
0.0043220157
3.0060176e-06
0.029738912
0.0023024224
0.002070744
7.056521e-05
0.99945796
0.00020799729
0.0039597154
0.5898765
0.00077608
0.26387253
1.5403224e-06
0.0001399592
0.98484606
0.006621192
0.0021609499
6.934121e-06
0.26849172
0.022154033
0.0014331806
0.008511247
0.00016571298
0.0035924793
2.1030041e-06
0.008456295
2.698283e-06
2.7395874e-05
0.17399609
5.3816333e-05
0.000313991
0.027979989
0.99508214
0.03695839
1.759556e-05
0.4743877
8.2708975e-05
0.0023278177
1.8892497e-06
1.9152237e-06
3.8985067e-06
0.002574294
4.2739644e-05
0.75527936
0.09707309
0.039839268
2.359234e-05
