0.004302935
0.002119031
0.99842715
4.1104344e-05
8.567724e-05
0.00024033723
0.0009887184
0.0003449313
8.25733e-06
3.6715228e-05
1.4683035e-07
1.8204848e-06
8.4882166e-05
2.9320876e-05
0.00088914164
2.0316864e-05
0.94532126
0.0038864992
0.007512202
2.3574268e-07
0.010954368
9.875102e-06
0.00036609606
0.12656239
0.00040835715
4.0580285e-06
0.007121766
1.5009725e-05
1.4147528e-05
1.407306e-05
0.0038570068
0.0140419565
1.0314655e-05
0.9982913
0.9996626
0.0002616629
5.390932e-06
0.0027349254
2.3888515e-06
9.136667e-06
4.1257186e-05
0.00032691416
0.8726875
0.00047851435
1.0036666e-06
1.6652504e-07
5.7784075e-07
8.634084e-06
1.3417262e-05
3.7074864e-07
0.01711729
0.00024825305
5.708833e-06
0.0002767396
0.0033922116
0.9853336
0.5713704
0.001337734
0.9506791
2.986844e-07
4.4323653e-07
0.0008598996
4.9884122e-05
0.00022114295
1.5996033e-05
0.048903644
0.37294602
1.8197316e-06
0.0019135562
5.615213e-05
9.2638817e-07
9.703561e-05
4.726362e-06
0.92984474
0.042082287
1.4923274e-05
3.853853e-05
3.418389e-05
4.6236346e-07
0.00039993302
2.403322e-07
0.00023522193
0.03993233
7.669765e-09
0.0021471065
0.007854781
2.3247867e-06
4.6504105e-05
0.0017987038
0.07763763
0.758011
0.25555396
0.0029855089
5.0639064e-05
0.000118934186
0.9999661
9.7773545e-06
6.363487e-06
0.00019546623
0.00044244132
0.06866087
0.0012971374
0.9992299
2.493432e-07
1.120487e-05
2.8920779e-06
1.1581336e-07
1.6349148e-05
0.0010808839
6.199348e-05
3.5759097e-06
0.18851528
3.4156485e-05
0.00043733732
2.2294607e-05
0.98861873
0.00011800311
5.2124497e-06
0.003021109
0.0001485542
9.095434e-06
8.278709e-05
0.00062448246
0.0026300512
4.3430182e-07
0.00014107101
7.1536588e-06
2.4004e-06
1.8708308e-05
2.1559204e-05
0.001821086
1.5009725e-05
0.7031957
0.089926496
0.00023189638
4.6236346e-07
6.014963e-07
2.802008e-07
0.9999942
5.80585e-06
2.7554053e-05
1.4112918e-07
6.143299e-05
0.0047101965
1.111577e-07
0.09693696
0.00016006631
0.00010490328
3.2636653e-05
0.98086166
0.19653545
0.4456316
2.7097715e-06
6.562242e-06
2.1559204e-05
1.881559e-05
0.0033886912
0.0046846056
7.215461e-06
5.6635475e-08
2.9211249e-05
0.0019970092
3.5283342e-08
0.47557205
0.9593979
8.345143e-07
1.3001346e-06
1.7305858e-06
2.0782192e-09
4.2936122e-07
0.00052175665
0.00023933931
0.00059349654
0.29083142
1.0130252e-06
0.00031334208
4.8701922e-06
0.00031135112
0.019834407
0.0017128331
0.00019546623
0.0012490109
7.467289e-08
1.14242596e-07
0.88583905
0.0011334697
0.0032957052
6.007308e-05
0.00893033
0.00035205478
3.4767559e-06
6.033453e-05
1.6316498e-07
0.00024373268
8.976978e-06
1.6695115e-08
4.9266044e-05
0.012580932
6.657283e-07
0.12656239
2.5016616e-06
0.005888332
8.604098e-06
2.0782192e-09
6.02657e-05
0.80277276
0.066639595
1.6135835e-06
0.022655588
2.3302605e-06
4.7634836e-05
0.011750424
0.013088377
1.6270846e-07
1.32616315e-05
5.3549206e-06
0.0008871301
0.00020459683
0.05575871
1.3610509e-05
7.215461e-06
4.6798678e-07
0.010528609
0.003150888
2.6649354e-06
2.6007656e-06
0.30199093
3.9248057e-06
3.527421e-05
2.185829e-05
2.071603e-06
0.019700311
0.82671565
0.00010507908
2.3047442e-05
1.0413632e-05
8.464406e-06
4.217992e-06
0.9885233
1.1432297e-06
9.144155e-06
9.3289415e-08
8.262088e-06
6.6144985e-06
5.8242504e-06
6.102894e-07
0.000425407
7.683721e-07
3.5283342e-08
0.00019944292
8.803434e-06
1.8075161e-05
0.0013446003
2.0076968e-07
2.0036556e-05
2.028372e-07
0.00024200983
0.005888332
0.0002694951
7.9010235e-05
0.0085058715
0.000516994
0.00032691416
1.2816245e-06
0.00071247725
1.2127224e-06
0.0010808839
1.0422654e-05
4.287485e-05
6.2342224e-07
0.9244452
2.3047442e-05
0.00077587663
0.9998676
0.12656239
0.0020008408
6.593606e-07
0.00019387236
4.6504105e-05
0.0014170577
2.3612485e-05
0.9975198
2.1547941e-05
5.921741e-05
3.2744487e-07
0.7669818
0.17354508
8.224887e-06
1.3610509e-05
0.0004362512
1.6625525e-05
0.0140419565
5.6714613e-05
0.31938702
1.7158562e-06
0.00048166374
0.00043733732
0.9999661
0.099132866
0.00012078156
