0.9999492
1.0
0.9998169
0.00019442865
0.00051920983
0.00017331676
1.1256087e-06
0.007978041
0.08768779
0.00027277495
0.82219076
0.0066313553
0.0045613158
0.41967636
0.00045283334
0.0038803974
0.06407354
0.00014923468
0.020339914
0.0070855506
0.025305418
0.0024329189
0.79035103
0.9986636
4.9946622e-05
5.772157e-05
0.9990111
0.35964832
0.0006980288
2.771354e-05
0.00108981
0.014159387
0.48825377
2.4145054e-05
0.25474432
0.99999535
0.029289637
0.23434345
1.0
0.007978041
0.0064805346
0.65292937
0.010918047
0.019082764
0.00051920983
0.99998295
0.0032702165
0.011117488
0.005421706
0.055363607
0.5068614
0.0011362123
0.040470436
0.0009665835
0.9159463
0.0004524476
0.29882154
0.83298993
0.7801428
0.0057880804
0.00011520748
0.8479372
0.06921349
9.0041205e-05
0.9930291
0.11169861
0.040822268
0.00015444658
0.015690645
0.0006490085
0.0022051674
0.043339577
0.00072430517
0.17111962
1.1256087e-06
0.00010588012
0.07772006
0.000102969876
0.99996406
0.108209796
0.015362066
0.000914842
0.05992084
4.2040476e-05
0.584053
0.00033256403
0.17664167
0.01547797
0.9983063
0.0089815315
0.9981766
0.47429797
0.0017672258
0.026738675
0.18135037
0.0011728302
0.9747966
0.00059019664
0.0004247394
1.6080248e-05
0.002528411
0.98721105
0.010894489
0.014139666
0.0003613464
0.008840567
0.031886306
0.02416891
0.007943802
0.007837388
0.1533377
0.0024255372
0.0131576145
5.9930035e-06
0.050664194
0.42981485
0.0008822662
0.0010951114
0.00011213836
4.2040476e-05
0.8085703
0.00046055258
0.00088483223
0.0008088228
0.023325311
0.093376644
0.010101228
0.0019827744
0.5534789
0.0014634813
0.0023972942
0.8061597
0.0075058267
0.5200237
0.79617304
0.17664167
0.99775225
0.09557199
0.13821194
2.8357374e-06
0.00046387198
0.8090885
0.0077858977
8.255054e-06
0.2035838
0.17730428
0.0018113642
0.99999803
3.5299504e-07
0.014213905
0.10457359
0.9999989
0.018079394
0.044319846
0.050666325
0.15067366
0.07173738
0.9780379
0.025305418
2.4145054e-05
0.010393237
6.0359876e-06
0.57027316
0.87600446
1.4273498e-08
0.99993163
0.011183498
0.004937313
0.013288509
0.19769925
0.47062498
0.75916314
0.000236889
0.00029159072
0.00053138885
1.0
0.72194946
0.94323385
0.029905412
0.00021066981
0.001400613
0.1479592
0.00108981
0.99988985
0.0004989176
0.09748093
0.0052171503
0.03080532
0.09337667
0.7725991
0.007726843
0.004461987
0.00013415329
0.9089465
0.00010198408
0.4641384
0.6179321
0.9998488
0.9075829
0.60939467
0.00021066981
0.0081281215
0.019907491
0.0029695074
0.016338702
0.00019214065
0.0008088228
0.0004133025
0.73858273
0.0005238758
0.24649788
0.0016065974
1.9558574e-05
0.7734192
0.9872133
0.9041425
0.00089018344
0.1123443
0.21556099
0.44337687
0.026975162
0.0012435468
0.15525678
0.0684247
0.41282925
0.0013469055
0.00024226564
0.008197818
0.0013883355
1.4565673e-05
0.00014141957
0.1273262
0.30911115
0.009388567
0.0031130887
7.1216215e-05
0.17760292
0.9998955
0.7864056
0.018154198
0.94988984
0.0041086553
0.82382584
0.0004415582
0.04764418
0.000236889
0.0138526745
0.99951905
0.00029536066
0.060039636
0.3099954
0.00066672964
0.9990637
0.0029768152
0.05319852
0.0684247
0.98922116
0.00024188157
0.99998975
0.029588798
0.052806247
5.024682e-06
0.0043027736
0.004195264
0.09603468
0.95298374
0.000115885196
0.095684655
0.0018869145
0.040470436
0.22566548
0.00010423401
0.0019827744
0.9858818
0.7746296
0.0033302214
0.06363326
0.99855566
9.800129e-07
0.0036990794
0.00066841755
0.45134315
0.99999994
0.00012184708
0.00041931638
0.0002351134
0.09427244
0.00028227616
0.033216584
1.9671052e-05
0.00010372614
7.852852e-05
0.33044976
0.025058642
0.73858273
0.000115885196
0.0003192322
0.9026298
0.0043027736
0.00015444658
