1.0
1.0
0.9983492
1.0
1.0
0.9699446
0.9999997
1.0
1.0
0.0050265584
7.5370695e-06
0.076585785
0.00085980253
0.038689952
1.9757572e-05
0.30430245
0.0004926391
0.00069944444
0.0020424672
0.0024085967
1.314249e-05
5.3394233e-06
9.380504e-07
1.756265e-05
0.0006380329
0.73613083
4.081529e-06
0.00083338196
0.009362323
1.659869e-05
0.001989455
6.4128035e-05
2.0267412e-06
0.0022853306
0.00011619191
5.0338974e-07
6.352601e-05
2.3685689e-06
1.659869e-05
5.8973853e-08
9.033016e-05
0.7426662
0.5589473
0.0007087546
7.2075345e-05
5.947693e-06
3.284474e-06
0.9998971
0.00012122498
6.0873624e-08
0.0066171824
2.9911567e-07
6.557979e-05
0.82396525
1.9700646e-07
2.4224995e-05
0.8756909
4.621655e-07
6.918493e-07
0.00017157302
0.0008290874
1.9081437e-05
0.27681252
0.000944238
0.0002554917
4.9528426e-05
0.99998343
1.411008e-06
0.00012722501
1.357529e-07
6.274729e-07
0.00029957094
0.00025109653
0.96231
1.1958083e-05
0.009460139
5.742055e-05
0.77479434
3.1129395e-05
0.8756909
0.9996454
7.1945997e-06
0.9999689
0.0037791152
9.594845e-07
0.0016739402
3.1371594e-06
1.777661e-07
2.3333794e-05
0.96265346
0.00017263477
0.021736372
0.7356825
0.00013046975
8.873435e-06
0.00021905782
0.61396945
0.00055311935
1.01063065e-07
0.9998887
9.4956e-06
2.2102512e-07
0.00013198484
1.1626175e-05
0.004647514
5.7908917e-08
0.9912837
4.802851e-08
1.36814e-06
0.99892
2.8416963e-07
0.00091789354
0.077099495
0.102807924
0.001055391
2.9414025e-05
1.0816373e-05
5.497555e-05
1.8316861e-06
0.00022567569
0.00017238343
0.46498454
0.00085980253
1.260394e-05
1.9404429e-07
0.27681252
0.00012722501
0.0007281281
9.54221e-07
0.99946433
6.4721326e-07
2.9911567e-07
0.010153082
0.00027320153
0.8283117
9.035796e-06
3.0147337e-06
0.02595392
5.8822534e-05
8.50287e-06
3.157932e-08
5.7292014e-05
0.3337514
5.086928e-06
5.5643122e-06
0.00011007498
2.840436e-06
4.9230868e-05
0.8325057
1.3140668e-07
0.0052525466
0.9999996
2.2718125e-06
0.00018698427
0.007891499
0.00033529548
2.8503802e-05
9.8795594e-05
3.295972e-05
2.0877837e-07
1.5309279e-05
0.8096724
0.00011506189
1.6560127e-06
0.9454964
0.43594342
2.4322503e-07
9.3337974e-07
2.568244e-05
0.99999946
6.4721326e-07
0.0015462805
0.9912918
8.6798184e-07
0.00083338196
0.4918839
0.00038135954
0.9124046
5.3627035e-05
0.00030240894
1.3244077e-06
3.4741108e-06
0.00012763997
0.14486888
0.0050265584
3.7665096e-08
0.0003057218
0.0022558447
0.00010969127
0.00029137422
0.00027474292
9.6687645e-06
8.6798184e-07
0.010702892
0.9686351
0.9983992
4.1367805e-08
0.24572119
1.3230064e-05
0.001943778
1.9295314e-05
9.184918e-06
0.009362323
8.01262e-06
0.0005555633
0.3022326
0.9994249
4.6635378e-05
0.0044090203
0.0010230908
3.0147337e-06
0.000108010616
0.00017238343
0.20813504
2.0079384e-05
0.00040165064
0.00078849844
0.00014723439
4.0992934e-05
9.025913e-05
0.002425528
0.8096724
9.112873e-05
2.1688295e-05
6.937052e-05
0.023961015
0.00042758067
0.8702281
3.2652229e-06
0.99561435
0.00045898138
0.0011537634
1.4903995e-06
9.790707e-06
0.0075833537
7.67228e-05
0.36488834
0.0025983094
2.1357453e-05
0.9999342
0.7356825
6.1074064e-07
6.09618e-06
5.194493e-05
1.0714177e-06
0.00021905782
5.516992e-05
0.2108963
2.7763288e-06
1.6732605e-05
0.007648226
0.024148017
0.0011874394
0.8110141
7.721074e-06
9.582952e-06
0.0021356174
1.4903995e-06
0.00031446974
9.753722e-05
0.0019265448
3.2652229e-06
2.4481975e-05
1.36814e-06
0.00066368346
3.353059e-07
0.00082905695
0.013075226
0.97021705
0.028549984
8.034319e-05
0.0021436778
0.0009491059
0.6922017
0.23920548
0.008380571
0.73613083
0.06800322
8.6683556e-08
4.3900254e-06
0.0020517723
0.00416927
1.0735333e-05
0.0010561424
0.9836471
0.99957186
0.00028463977
3.0873032e-06
0.31586367
1.411008e-06
7.304913e-05
4.576901e-05
1.0881573e-06
0.00021496315
0.3050111
7.762302e-06
8.789473e-07
0.0011149421
4.7581005e-07
8.2374015e-07
