1.0
3.6111358e-06
0.00032629078
6.673326e-05
0.99498045
1.4463588e-05
0.28805584
9.695616e-06
3.9200063e-06
9.557999e-06
0.0042500724
0.00041146076
1.8259156e-05
0.00011709563
3.5862404e-06
0.00019252686
2.4754302e-06
0.016900687
0.9678909
0.00012053798
2.8875205e-05
0.99929243
1.3343545e-05
1.8230967e-05
6.877947e-05
9.825388e-05
1.0
1.1389766e-05
0.007071117
1.7140479e-05
7.6162377e-07
4.9555354e-05
0.015883137
0.048953507
5.8950118e-05
0.0020149807
0.00028772838
0.015540642
0.0050638383
0.013024431
0.9812912
3.2457258e-06
2.554855e-05
0.32849723
4.517753e-06
0.03129759
0.0062058102
0.7012512
0.97031647
0.120532826
0.0033316696
0.02667875
0.03501962
0.088974565
6.1389714e-05
3.618314e-05
0.0019759706
0.63938046
0.9076072
0.04713645
0.27561548
0.92259115
0.0009442663
0.00014636386
0.9653843
0.00069285725
0.0027053503
0.78800064
4.814009e-05
0.016900687
0.00014465133
0.00015087267
1.1264281e-06
0.0026401985
0.028066214
0.012237712
2.9694725e-06
0.3696665
2.9238003e-05
0.012539936
0.03511698
7.3169494e-06
9.8162294e-05
4.8945158e-06
0.00024183039
0.0003945775
0.0014289198
0.00015546696
7.929298e-05
2.0591428e-05
0.0027952245
0.92259115
0.98604065
1.6959339e-06
0.0016434572
0.00010219825
5.7097244e-05
9.9494646e-05
0.00861875
0.0007775679
0.0021481824
3.320016e-06
0.97836185
0.0004560237
0.97729397
0.650414
0.0014111203
0.008579968
0.00027927323
0.0011170651
7.4247524e-05
0.00038360927
0.99999994
1.4186395e-06
0.7866702
0.9983969
0.0011170651
0.0032695015
1.3757817e-05
0.0025536267
1.2454645e-06
3.33683e-05
0.008579968
6.488887e-07
1.8722318e-05
0.0027338397
0.00010283367
0.0033878202
0.00039662418
0.993992
0.03129759
0.00057949766
0.00027990364
0.99999976
0.0033316696
0.00250497
5.248754e-06
0.00070609164
2.9238003e-05
0.0005669619
0.033475615
0.9446336
6.7657704e-05
0.0001665735
0.9446336
3.9200063e-06
0.000180367
0.001048648
0.99999803
0.0050638383
9.870149e-06
0.00013228218
0.005324985
6.1246e-06
0.99948317
0.004472412
1.0297769e-05
3.9904877e-05
0.0054930192
0.0023586191
0.0047136913
0.010963444
0.00041857833
7.844488e-06
0.99999917
0.22178158
0.0033316696
0.0033253613
0.027333727
0.035654984
0.00042347523
8.698051e-06
0.021322485
0.000109893015
0.00063377747
0.0030792844
0.00032290563
0.0030792844
0.0035128368
8.063485e-05
0.9694129
2.3369781e-05
0.03140737
1.3008431e-05
8.839121e-08
4.1212847e-06
1.457347e-06
0.00068010855
0.5157728
0.0013615284
0.00028772838
0.8737017
3.902705e-05
0.0003654548
0.00097614294
0.0011968759
0.0031077524
4.517753e-06
1.8722318e-05
0.8423136
9.235476e-06
0.0007079749
0.7509544
1.3529447e-05
3.1297319e-07
0.01077142
0.0039555803
0.99999535
0.027579347
0.0058623115
0.9997458
0.9998851
0.14366317
0.029141737
0.99937934
4.1212847e-06
0.0010438617
0.000802389
6.5914323e-06
0.054383267
1.59286e-05
5.1510448e-05
0.00050792436
0.96960676
1.6466912e-06
0.008218551
0.0050638383
3.632478e-06
3.5713285e-05
0.0005005472
0.00018398304
0.0005669619
0.00036821543
0.86842406
0.00022357532
2.872978e-06
4.159784e-06
0.034620497
0.0017722439
4.440592e-06
0.0013015096
0.0062422
0.0005813016
0.12176722
2.0957339e-05
4.561383e-06
0.00026305317
0.014486564
3.1127636e-06
7.1760593e-07
4.4443964e-06
0.004267195
0.9220314
2.8875205e-05
0.0057745245
0.00010895965
5.551569e-07
0.016338434
3.571792e-07
0.00015711578
0.023731349
6.6805353e-07
2.4500683e-05
0.0004160903
1.6642342e-05
0.26052135
0.00014843018
0.00041654232
2.298664e-05
0.01526034
0.000260927
0.89052063
0.049304266
0.010282505
0.22176193
0.00025208504
0.5507031
0.012349697
0.0027100865
2.0269081e-07
0.00011374767
0.99727714
1.2881414e-05
0.000117187556
0.020518275
4.9819944e-05
0.0005154553
0.8424624
0.96960676
0.98883235
0.4012966
2.9238003e-05
0.0022853091
0.00186723
0.0041811042
1.1857401e-05
0.00022021338
0.0008452905
1.3529447e-05
0.99109876
