0.008861398
0.9875106
9.044498e-05
0.9743422
0.0027338814
0.008982516
6.426814e-07
4.007317e-05
0.0005801956
0.0012172329
0.98657143
0.38389337
0.0030988543
0.97898215
0.12309006
2.1796157e-05
1.3469224e-05
0.9986832
0.000155589
0.004540468
0.99548525
1.11566105e-05
0.0016936928
0.99916506
0.0026936142
4.8435166e-05
0.00047345294
0.0968501
3.6759905e-06
0.00029372575
0.8081175
7.712391e-06
3.2224766e-06
0.0017436533
4.4603785e-06
0.21665445
0.052701496
0.002696574
0.00068901834
0.00017208848
0.051724605
1.1929971e-05
1.0096178e-05
0.7293921
2.5120637e-06
1.716446e-05
0.8081175
0.7095337
0.000102614744
0.00054362614
6.576617e-05
4.1881854e-06
0.0023261064
0.0035199744
0.005438068
0.022842983
0.000155589
0.0022008377
9.6472495e-06
8.854687e-06
0.001969267
0.28223062
0.0016542689
0.00046725722
4.7078283e-05
0.64397776
0.0006374658
0.9992363
0.40415606
0.0007820071
9.65805e-05
6.6759094e-05
0.00019183896
0.0008830955
0.0057036513
0.006663797
0.99999857
0.00010474155
0.9999571
0.9999256
7.2000534e-05
6.668047e-08
0.000105664076
0.43242335
7.4325385e-07
1.7802762e-05
3.9008857e-05
0.094859
0.00183824
0.99989885
0.117197365
0.0024973156
2.5604882e-07
0.008794592
4.282957e-05
0.23345377
0.00047125435
0.013222175
1.4306486e-05
0.66429424
3.7991468e-10
0.0019512102
0.9906713
0.098337606
0.003998229
1.2058319e-05
0.02608042
0.00013693041
1.9338086e-06
0.010382654
0.9960899
0.0056220596
0.0011852912
0.81490344
0.000965685
0.9999989
5.2494547e-06
1.1929971e-05
1.0210122e-05
7.940848e-06
0.000105915766
0.00047345294
0.0010754142
4.8103966e-06
5.6422447e-05
0.0056220517
1.4477913e-05
0.99757826
0.99999964
0.00013785929
6.380444e-07
2.3714465e-05
9.545032e-05
0.0072611137
0.00019273222
0.004166323
0.27564806
0.00032484875
8.320117e-06
0.008108593
4.012642e-07
0.97898215
0.00020125194
6.2594204e-06
0.99916506
0.05753409
0.94784755
0.040074386
1.0366846e-06
1.1016502e-05
0.0014816984
0.00047409243
1.5951574e-07
0.0014265724
0.67262685
0.0004906997
0.99801767
0.8509806
8.732095e-05
1.2767599e-05
0.26134
4.5506064e-07
6.483324e-05
0.015139635
6.449867e-06
4.2395815e-05
0.7789872
2.497604e-07
0.78794825
0.9984379
2.4576808e-05
8.320117e-06
0.00046761634
0.011528389
0.87073106
0.0006232573
1.4477913e-05
0.039293062
0.00012070556
1.758945e-08
0.000105915766
0.0012615025
0.047685426
0.9999859
0.00080247695
2.8116576e-05
1.214553e-07
0.26134
0.00948453
0.03887498
0.000450465
0.0011315234
8.289927e-05
0.00022707693
5.8323266e-08
0.0038100828
0.00054034597
1.7757779e-05
2.714769e-06
1.8318048e-06
0.00091366254
5.5765577e-06
0.00032728337
5.6085205e-06
1.7338802e-05
0.00017358651
0.014110953
0.008794592
2.3536137e-05
0.45762485
0.117197365
0.004699744
2.6005994e-06
0.08629693
0.755592
2.4828257e-06
0.02273138
0.000155589
7.495774e-06
0.00073071884
0.8940818
2.219254e-06
3.889797e-05
3.2224766e-06
0.005715267
1.7227367e-05
0.99999267
0.99802023
0.00017253651
9.360647e-07
0.99999934
5.1649084e-07
1.0210122e-05
0.0056703943
0.00046439053
8.230349e-06
0.09517168
0.9999859
0.019384526
0.00010979874
0.0020017962
0.16747548
6.668047e-08
0.00027271436
0.000109967965
1.20480545e-05
0.0003737548
0.00011498687
0.0033746841
2.7447636e-06
0.54240304
0.39208445
1.896674e-05
0.9115101
8.343432e-07
0.99916506
0.0019512102
0.010537136
3.865764e-05
0.00050035736
1.8346078e-05
0.004699744
0.9997448
0.0002072229
0.022534773
0.00035833346
0.7095337
0.003145704
7.9463745e-05
0.0088661
0.040074386
0.9994755
8.927206e-06
2.5817477e-05
0.0014842446
0.004676999
0.000109967965
1.9593558e-06
3.687098e-05
0.010924254
7.6396327e-07
0.00045727735
2.420913e-05
0.00024942675
0.06580619
3.2435753e-06
4.8298087e-05
0.0001343325
6.668047e-08
0.0019409567
0.005998118
0.04774402
3.7224265e-06
2.396827e-06
0.00020478458
0.0004241135
0.13516618
1.2353668e-05
3.9966812e-06
1.5951574e-07
