1.0
0.999966
1.0
0.99999416
1.0
0.99999535
4.9935984e-06
0.0015467023
0.85745066
8.30223e-07
0.7235195
4.0287313e-07
0.4289976
7.543825e-05
0.014536816
3.3218484e-07
6.28976e-05
7.846425e-07
4.0741874e-05
4.7978665e-07
0.009550397
2.0313686e-07
1.6551883e-05
0.00013231927
0.0041451133
0.002216237
0.056469046
1.8628176e-06
2.377726e-05
8.082606e-06
9.513865e-06
0.00016696277
0.59014726
8.970611e-07
0.007927104
0.9815866
0.0003236382
4.5143622e-07
1.4379364e-05
1.208769e-05
1.5468302e-05
5.074872e-06
0.94689715
1.5978555e-06
0.0018762276
0.03677335
0.016508315
0.00033522514
0.0046710405
1.7617944e-06
4.5324934e-05
2.6538686e-05
0.0016131465
6.8143186e-06
0.00016696277
3.0378567e-06
0.99924886
0.0003245299
0.001851395
0.0003245299
2.7465967e-06
0.999935
0.96464634
6.0861253e-06
0.9941427
0.00011012789
0.04242143
0.04242143
0.0005561154
0.00025777234
0.0035688113
3.3510973e-05
0.00013552156
0.08730847
0.0007121093
0.0061852825
0.49682915
0.38549778
0.07063329
0.011274868
2.1764648e-05
2.249556e-07
4.7978665e-07
8.109947e-07
3.5298403e-05
0.0004794533
0.000796946
3.8891153e-06
0.00020926163
0.99946314
0.00012815608
0.0075242
0.010923126
5.5890478e-06
6.246811e-05
0.0003969309
2.585377e-05
0.010923126
1.7867616e-05
0.0005277862
6.451132e-05
3.3218484e-07
0.0007360184
1.2162144e-06
3.470769e-05
0.42235017
0.92607206
3.5862574e-06
4.0428917e-05
5.9706813e-06
3.712771e-05
4.5143668e-07
4.5704223e-06
0.04739188
0.005752242
1.071268e-05
4.024451e-05
4.278328e-05
7.450172e-05
8.614421e-05
5.4445313e-06
2.0922578e-06
1.70483e-07
0.042829018
3.608547e-06
0.99994355
2.4872457e-05
0.00018148591
0.008497231
7.666763e-06
0.0002416771
0.028419241
2.607155e-06
2.3759487e-06
0.09213097
1.403588e-05
0.00011328503
0.0005171295
3.7944837e-06
6.494156e-08
9.785881e-06
1.0791285e-05
1.9902713e-05
5.201864e-08
2.236825e-05
1.6403856e-05
8.552294e-07
0.00018414977
0.00016783076
6.2106164e-07
1.4957626e-05
4.82193e-05
0.0035688113
5.964075e-05
1.4435437e-06
3.5298403e-05
2.249845e-05
0.07886565
0.9773662
2.6094087e-05
0.00018465176
0.00016778115
1.4379364e-05
0.879265
0.00051272684
0.0004391207
0.00029549754
0.00024071836
2.2670663e-06
0.015782118
0.48929307
0.07806691
5.370499e-06
5.074872e-06
6.693976e-05
0.00015450503
1.3739146e-05
9.63148e-07
0.0003267443
0.0672724
0.2773231
2.9231813e-05
0.00019751865
0.00011840844
1.51903605e-05
1.0621623e-05
4.5566603e-07
3.470769e-05
0.00013838282
0.26351753
3.6694548e-06
1.143671e-05
1.8059771e-07
5.074872e-06
1.1161038e-06
0.000200999
0.00027144406
0.42235017
0.016181413
0.0057431627
0.9693199
0.00010492769
4.870062e-06
0.0005561154
0.0015891561
0.09556177
1.03499175e-07
3.7560037e-07
3.2463481e-06
0.0005277862
0.0069247996
9.77821e-07
0.0011371028
0.0034914282
0.00087412196
0.00059726223
2.4155056e-06
3.0509746e-08
0.0023777063
0.3922498
0.001954475
2.5717758e-05
0.0052819424
7.701631e-06
2.0922578e-06
1.0154201e-06
7.9240535e-06
1.2812754e-05
0.00020005257
0.99511015
0.0007033776
9.8074335e-05
0.0033239534
0.0011287933
0.99966395
0.00015450503
0.001016382
0.1516601
0.5554851
7.9367135e-07
0.0018491169
0.0007854758
0.00024071836
0.00020005257
7.711921e-06
0.0020310634
5.4060813e-08
0.00026169134
1.9523464e-05
0.13714267
1.7137521e-05
3.0065168e-05
0.0001466125
1.2840155e-05
0.0034028923
5.6165386e-06
0.31032547
9.823514e-05
0.00045698017
2.121925e-06
0.0039168024
1.328823e-05
0.9050945
0.0001466125
2.314069e-05
0.030844351
0.016086496
1.03499175e-07
0.00050265715
5.262148e-08
1.0154201e-06
1.1004361e-06
4.9930886e-06
5.370499e-06
5.712355e-05
0.37343025
3.9944513e-05
0.35752448
0.0032935413
1.0432647e-05
0.5208206
0.99841887
0.00011012789
1.7021544e-07
0.0005738824
0.00071415835
0.65095544
0.00072299206
0.0001443789
5.8390384e-07
0.0003195056
0.016594952
3.4373486e-05
2.121925e-06
0.0036009382
2.3759487e-06
5.8344625e-07
0.0012615744
0.00018148591
4.4748435e-06
