6.107405e-06
3.3666325e-05
0.00027607838
0.0011574781
0.00029996617
0.0005530163
0.017483473
0.96010375
8.5449436e-05
7.2330795e-07
1.3061872e-05
1.4691302e-06
0.69421905
0.0030599905
0.0039196387
4.36758e-06
9.357699e-06
0.9996281
1.7219937e-06
4.9725393e-05
0.0012079006
7.540386e-05
0.3568278
0.012674702
2.035142e-05
8.93024e-08
0.99885887
0.0012671539
0.00062425993
3.270468e-06
0.00025642
4.902046e-06
0.0027624995
0.9999428
0.012674702
0.9992356
0.00029202443
1.4688065e-06
4.099278e-06
0.00049584947
0.9977244
0.00012166445
0.092202604
2.3016972e-07
5.3944855e-06
0.025054436
0.03194598
2.0769023e-05
0.23276992
0.00038334882
0.00023672733
2.4276707e-05
0.99862987
0.0026569385
0.111655936
0.9138416
0.0004453653
8.065804e-06
0.56400275
0.00014681912
0.87143135
0.57713884
0.80522513
1.7564547e-07
7.4085942e-06
9.690051e-05
1.2753884e-05
0.9630826
0.0008353222
0.0001730184
0.03041337
0.02226366
0.00035206872
8.065804e-06
0.0015047173
3.7802708e-06
0.0007695144
8.499369e-05
0.0018383389
3.3464974e-07
0.00016670077
0.9762501
5.367109e-06
3.870563e-05
1.7685163e-07
1.3004124e-06
0.00071012066
4.5741796e-08
0.0005365768
0.009722974
5.8332862e-05
0.00012769937
0.9534141
0.9835471
9.2153954e-05
3.818087e-05
0.96408117
0.016206421
0.88994277
0.67030895
7.676397e-07
0.00021219406
0.308684
0.9959841
0.1268661
2.2733408e-05
0.9906671
0.00019154852
5.0702412e-05
0.027840758
0.95524085
0.04787018
4.329927e-06
2.3455385e-05
0.00023087404
0.0007183504
2.0769023e-05
0.1375333
0.0019235846
0.0022873257
0.9963411
0.009392772
0.9999984
0.00810298
3.4473734e-07
0.008092639
0.6795625
0.0058247456
0.27012166
0.0011465051
0.00012565104
1.6823815e-07
0.9984861
2.512835e-07
0.005910814
6.596461e-07
0.20700851
6.434606e-06
0.99992895
0.9945744
0.00018363007
0.00018688054
6.177983e-06
0.61918
0.0008133945
1.8062756e-05
0.00034329132
0.0012046077
2.449794e-06
0.9923668
0.0012511153
0.9780364
0.00050137663
0.06440043
0.06729751
0.0021390996
0.999999
0.0015930936
0.026644511
0.12564759
9.814077e-06
0.0009859574
0.00083871675
0.98054403
0.004847705
0.00056255225
0.002919759
0.018397242
4.1803164e-06
0.0010910337
0.014413293
0.0355639
6.204565e-05
1.3061872e-05
0.0005476186
0.00013806451
4.326307e-06
0.0023055552
0.010900677
1.4513829e-06
4.3708187e-05
0.0014090737
5.8332862e-05
0.9986677
0.0010444048
2.2409406e-06
8.7153574e-05
6.227316e-06
0.00026566585
0.0060957475
5.9691338e-05
5.5332937e-05
2.2431093e-05
0.015705477
0.00133932
5.0116846e-06
0.00013025632
0.009108024
1.0404688e-05
0.016459914
0.004122379
2.1896532e-05
0.9999999
0.94180846
1.0391637e-05
8.1015386e-08
5.0116846e-06
0.9943102
0.002227283
0.0005800082
8.14231e-07
0.02396476
0.30664057
0.00014325591
0.00028470327
4.3708187e-05
0.00017087327
0.0039276336
0.00014421063
3.270468e-06
0.070576794
2.177592e-05
0.00047275823
4.021566e-05
0.00031910682
4.9139544e-05
0.43707982
0.017122304
0.0017236506
0.0008353222
0.0011967745
0.0036057557
2.753082e-06
6.575573e-06
4.5534314e-05
0.001849343
0.99996674
0.0008353222
4.720335e-06
0.0039196387
0.55720353
0.001065827
1.3500653e-05
0.119908
0.0011967745
0.00067343336
0.000319725
0.9999956
0.0014876497
0.0024048828
0.00028179862
0.0077212625
0.64899856
0.035294622
0.00018837974
0.00024878667
0.991979
5.7074885e-06
0.0008264931
0.0031749231
0.005557375
1.4779843e-05
0.0020927389
1.8802948e-06
8.6899564e-07
0.99399567
0.8131528
0.99711657
6.5467775e-06
1.4624552e-06
5.148933e-05
0.9265965
0.0011967745
0.9987833
7.659352e-06
0.7157218
0.007937029
3.1133164e-05
0.00018586707
0.014464734
2.4573003e-06
0.0003248295
0.99862987
0.013411222
0.0003594934
0.10018021
0.0010131747
0.0065886667
0.62534547
8.015548e-06
0.0050197397
0.6484503
0.00077528093
8.5449436e-05
1.7564547e-07
4.326307e-06
0.0016072876
5.3717067e-05
1.8229449e-06
0.028878227
