0.8347951
0.0408496
5.4304937e-06
0.0009412245
2.3154022e-05
0.011806738
0.005689936
0.0032891957
0.0005179612
0.00017282664
0.0085354
0.005779293
0.5500879
0.009691584
0.0006962817
6.984485e-05
0.3644051
0.04802177
0.975926
0.03706027
8.873808e-06
0.21188982
0.85059357
0.0010735486
0.014544454
0.301013
0.9157705
3.363947e-06
0.007948038
5.3107786e-05
0.00046588096
8.939859e-05
0.083005816
2.7568325e-05
0.001968819
0.20359522
2.274989e-05
8.9440546e-05
0.004403885
0.9991664
2.3890223e-05
0.109984405
0.00026585083
9.583135e-06
0.99129874
0.0012612286
0.0017014302
0.89307857
0.0018211424
0.023612384
0.06514552
7.3508286e-06
0.057433464
0.000105524916
0.012268981
0.0011351937
0.00015283376
0.004822135
0.26905355
0.99999565
7.1207155e-06
0.00014179441
0.70704675
0.3134613
0.00013047984
6.249695e-05
8.897084e-07
0.00025989092
0.0018211424
0.35196897
0.016534146
0.5905678
0.024927108
0.00885663
0.00032012703
0.0019399583
0.001264608
8.643896e-05
1.0950251e-05
0.9997813
0.0015666411
0.00720393
1.0
0.0074892067
0.013192829
0.0009953518
1.8088078e-05
0.98960793
0.0073042335
0.97271544
0.00021152465
0.038938742
0.0014890302
0.21188982
0.049810074
4.376174e-05
1.03390685e-05
0.0006824987
0.00041076023
0.9997435
4.376174e-05
0.027759476
0.00010703188
7.8561825e-06
0.99999547
0.0075991238
1.3100245e-05
0.0022825184
9.8991746e-05
0.00024079137
4.1139504e-07
0.02626997
0.006625371
0.014976349
0.76454765
2.2927572e-05
0.99974644
0.0009603538
0.011443433
5.2092146e-06
0.00076890964
0.0018477162
0.004213677
0.00022567612
0.28494686
0.8968502
0.000376222
3.0191013e-05
0.0020435571
0.01566162
0.00023778871
7.76145e-06
0.00885663
0.9154507
0.00014434324
0.0026480174
3.619467e-05
0.00054098887
0.0004111802
4.9963342e-05
0.2022452
4.6821535e-07
0.0051097497
0.973151
0.0004216808
0.6136547
0.9999655
0.0038303924
0.030378785
0.0011351937
0.00010651324
0.0007240267
8.113497e-05
8.568671e-07
0.0010354538
0.00024843396
0.012206706
0.038938742
0.0018482439
0.00064233615
0.0011652496
0.00021228292
0.024351321
0.000789416
0.0054139565
0.21936557
0.0011653984
0.0026995542
0.028057827
0.992775
0.011274405
1.10372175e-05
4.3541218e-06
0.0010076383
0.08096027
0.9782863
0.00075080746
0.00032293488
3.5274775e-06
0.29739705
0.00051181007
0.038938742
2.3890223e-05
0.99898094
4.9839804e-05
3.8554073e-05
0.00013167132
0.00099313
0.010757062
0.99688154
0.9998968
0.00015774161
0.005892057
0.9323649
0.00025781168
0.9990195
0.99992085
0.00017969598
0.00065026194
0.001096506
1.8987246e-05
0.026771754
0.0009860162
0.0046088635
0.00027528018
7.76145e-06
0.004450758
0.00057445944
0.0001940414
0.9999081
0.0013001392
0.0028005673
3.53884e-05
0.00011643647
0.00881835
0.9994663
0.0029682906
0.00023652091
4.1049702e-06
0.093782626
6.452387e-08
3.096516e-07
0.015736202
0.031480316
0.00076890964
0.90264213
1.1343394e-05
1.6170096e-06
0.95735556
0.05951565
0.06792409
0.9974547
0.98509485
0.00013696359
0.0005179612
0.9999746
0.0012510337
1.46609955e-05
0.975926
0.8541684
8.654379e-05
0.00036961693
0.080465786
0.0027942597
0.034455817
0.5672387
0.21621574
0.00071058504
0.7133191
0.00029171025
4.940785e-05
0.046227023
0.0027942597
0.0007642935
0.00035419804
0.2241001
0.010835946
0.99993044
0.9516641
0.31406355
0.99999285
0.00018448071
0.023494614
0.0006962817
0.007083391
0.02626997
0.0032891957
0.0056732693
0.00065404363
0.0008266612
5.563702e-05
0.0011784688
0.9999938
8.060261e-07
0.0051838225
0.8130206
0.20359522
0.8776433
0.0117088575
0.021171557
0.17768764
0.0004374278
2.0143048e-06
0.2053612
0.0017794855
1.2669837e-05
0.00019425353
6.928886e-06
0.0643721
0.00019190593
0.0576718
0.00029171025
0.034252044
0.7860417
0.0025816455
0.99999946
0.72466487
0.012792277
0.8032833
0.99999565
