0.97411907
0.98245364
0.17410816
0.9005801
1.4542204e-06
0.009211477
0.004640203
0.9084574
0.65120506
0.0015291149
2.4315194e-05
0.10877704
0.0037369945
6.5693553e-06
0.0015715619
1.0599654e-05
0.0701117
0.06293779
1.29874825e-05
0.73178047
0.40974337
0.00012568806
0.0039740037
4.806453e-06
0.009366968
0.0025981301
0.002585477
0.0002837194
0.00011321667
5.444775e-06
0.16925946
0.00032014286
0.0012380583
0.0014896621
0.9920131
0.0060946383
0.00022044173
0.99908876
0.015182002
0.41402867
4.3141878e-07
0.39559323
0.00025499036
2.3930994e-05
0.0035941422
0.0020482196
8.685601e-06
0.356249
0.9838003
0.8485122
0.003948845
0.84150815
0.5925849
2.4930685e-05
2.4363087e-06
1.974644e-05
0.0006679931
0.9999771
0.0025265145
0.00011673486
4.028006e-05
0.00029185213
0.41413048
0.01714017
0.00059973216
0.11928989
0.007749382
0.0014738741
0.009321996
0.22644489
0.015894514
0.041748524
0.00022044173
4.3141878e-07
0.0034908012
0.9999986
0.047549915
0.0042743916
7.2092587e-07
0.0011432824
0.82028073
0.00032374717
0.21625139
0.083861075
0.00014910383
0.060455404
0.99731416
8.215299e-05
6.9194975e-05
0.07151859
2.489531e-06
0.0010036521
0.0012812933
8.071945e-06
3.3885142e-06
0.2928364
0.0076594497
6.9905723e-06
1.3771895e-06
0.9999995
0.00023003468
0.00013254152
8.685601e-06
0.01681055
0.8377919
0.060455404
0.0026844086
0.06673035
0.00065515196
1.755386e-05
2.7075033e-05
0.99987626
0.0012380583
4.2700616e-05
0.9694162
0.0023754654
0.014635778
0.0020733103
1.5792408e-05
0.86968076
0.0016582964
0.0027675445
1.1856391e-06
0.016993584
0.00021130149
0.0014434672
0.046528995
0.9959409
0.9920131
0.007848371
0.93376476
0.0016318697
0.02911125
0.008806696
0.0017927634
2.0447484e-05
0.0005252308
2.6355638e-06
0.99996406
3.391361e-05
8.071945e-06
0.2100636
0.98871285
0.00015027252
0.009078974
0.4616401
0.002585477
0.00037171025
0.0057056663
0.015802773
0.99989665
0.0032373292
0.0013064289
0.00901152
2.7075033e-05
0.004640203
7.266436e-05
4.491298e-07
0.0048490902
0.00017228237
0.07026035
0.00908706
0.9967262
0.0142389145
0.0009799169
5.431728e-05
1.0085765e-05
1.9131161e-05
5.711578e-06
2.6162463e-06
1.8159928e-05
0.8462819
0.00018273911
0.0036647704
0.0016641872
0.0060779024
0.00014261069
0.0035941422
1.8095195e-06
0.005999739
0.0017927634
0.03907165
6.617281e-05
6.6767185e-05
1.5436855e-05
0.0038676674
0.9999996
0.083861075
0.00015027238
0.49174166
1.2894909e-05
4.137211e-05
0.009211477
0.01112931
1.1625577e-05
0.011144423
2.1197345e-06
0.99987626
0.00010516008
3.419675e-07
0.052819487
0.004893907
8.4191066e-05
4.8693495e-05
0.9345713
0.050808772
1.2775901e-06
0.0013144854
0.83956987
0.015182002
0.044866778
5.431728e-05
1.1050129e-06
9.330132e-05
0.058069777
0.0008265687
0.9997727
0.9994446
0.1354272
0.0036647704
1.22716965e-05
0.42795458
0.00044097833
0.0002687018
0.001370311
4.806453e-06
0.00023337493
0.0020516883
0.3490017
0.80587786
0.99963075
2.342563e-05
0.024838623
0.98340744
0.016219778
0.0062383558
0.00053450867
0.00023945526
1.4542204e-06
0.0003928802
0.00046715612
0.99921674
0.0045285802
0.49722818
0.0019115865
0.16288894
3.5947414e-05
2.7162161e-05
3.1436608e-05
0.0001633111
0.10898079
2.3172888e-05
0.03867896
0.0032875
2.9188666e-06
9.671635e-05
5.01235e-05
3.991478e-06
6.5767813e-07
0.038974285
0.14443237
0.1968141
0.03305606
2.3491596e-06
0.89298993
0.0062572085
0.00018482667
0.30558047
0.67293
4.598877e-06
0.9806678
0.00025165375
8.7989814e-05
0.052723188
0.06246335
0.032401722
0.9939577
0.00034795894
9.7807215e-06
0.9999973
0.6642991
0.9939577
0.9778627
0.00015158256
0.001937564
0.00076414674
0.8180376
0.019602131
3.1109448e-05
0.00022707172
0.016330343
0.99956095
0.004145476
0.012846708
0.967906
5.642044e-06
0.008994138
0.40993163
8.937192e-05
0.9804016
