1.0
1.0
1.0
1.0
1.0
0.07961515
1.722165e-05
0.98424405
0.9996496
0.00067419437
0.00018074868
0.0037826893
0.009258854
6.468868e-05
0.54052925
0.007245251
0.00037517204
0.99982643
0.9999997
0.008413048
5.0934534e-07
2.2971892e-05
4.829146e-07
0.98424405
0.00022184769
0.02045253
4.697527e-05
0.009414097
1.9345798e-05
8.209018e-06
0.032639842
0.0037943185
0.025341827
0.48531932
0.01229855
0.000514029
0.032465797
0.0007855593
0.0025457528
0.00070546236
2.052755e-05
0.9999201
0.021169234
0.9980247
0.020647146
0.0004544569
0.0023954897
0.00014122983
5.1709234e-05
0.9999968
0.2686241
0.00055283215
6.1692415e-05
0.009222428
0.00038729998
0.6859108
2.291791e-05
0.99999994
3.0589572e-06
0.000230926
0.029258253
7.827314e-05
4.394034e-06
0.015751386
4.5433255e-05
0.020711605
0.00030907858
7.788514e-05
0.95564467
0.99298483
0.00011638386
0.00037537885
0.00014060769
0.0023954897
7.811038e-06
0.041519675
0.99740136
0.13874802
0.003250504
0.00015635986
3.847165e-06
0.0049329107
0.00058347586
0.07535515
0.06749605
1.352328e-05
0.0020546408
8.107727e-05
0.00012065401
0.0006930712
0.00022490347
2.8214058e-07
7.75648e-05
0.021216128
0.0552899
0.001127828
2.2263439e-05
4.668911e-06
0.003829501
6.4355017e-06
0.00011638386
0.02533748
0.11156375
0.0035107858
0.49042866
0.07551878
1.9307923e-05
0.000541016
0.9573766
0.9999705
2.6293448e-05
0.000230926
0.06022924
0.0070520025
0.00029267863
4.2744985e-05
0.00030807656
0.033846375
9.206427e-05
0.00013468496
0.00032495777
0.055364195
0.15015727
0.0023140637
0.99668694
0.0025809803
0.045569494
0.99998677
0.99998796
0.08158383
0.0015577541
9.986608e-06
0.0008146329
0.0007536663
0.0818823
1.471585e-05
0.0011418349
1.5961177e-06
0.012178354
0.9999982
0.00016913428
0.0010904112
0.0082708895
0.030451668
0.9999997
0.00060918246
3.8720988e-05
0.00012574668
0.00024482873
0.029112408
0.081495695
0.0585743
0.016855657
0.0003694635
0.08652799
8.1397215e-05
0.00010265106
0.0098479455
0.00032495777
0.0018325539
9.063855e-05
0.13628726
4.613628e-06
0.0006652124
0.7719061
8.505702e-05
0.00030907858
0.9999947
1.4474919e-06
7.248824e-07
0.00014472665
0.010022868
0.99810594
6.81458e-05
0.01913275
4.133636e-06
8.751226e-06
1.0014858e-05
0.009369197
1.115377e-05
0.691815
0.0006780554
0.0015362069
8.751226e-06
3.6670335e-07
0.004788125
0.0052606775
0.008397061
0.9998454
0.41309613
2.0810081e-05
0.15950483
0.012987246
0.0031054886
0.98410875
2.8350849e-05
0.0023629025
0.0028863843
0.00027937177
0.0003894496
0.13314982
0.00014152979
0.00049899035
0.0004096083
2.671305e-05
0.0018369806
0.99997944
0.048502386
0.14007933
0.94449
0.00015804588
0.0003894496
0.00034763434
0.00019389269
0.0016628655
0.0022888668
3.7699523e-05
8.209018e-06
0.009669257
0.004424497
0.59661984
0.96742666
0.008397061
0.9780479
0.15465686
0.03676727
0.26862407
0.8782966
6.6437366e-05
0.00057056337
0.97867835
5.729584e-05
0.0159883
0.8849815
0.00014960313
0.00016913428
0.0024641578
0.025341827
1.9345798e-05
5.274848e-06
3.7224834e-06
2.4139163e-05
0.6787611
0.02045253
0.012189436
0.001012074
7.1232967e-06
2.8909784e-05
0.001504579
3.3105855e-05
0.70686823
0.019122714
0.025792854
0.00016115118
0.0068339966
0.002650434
5.2263968e-06
7.4111565e-05
1.7512242e-05
0.99995726
0.0007590729
0.99998885
0.012642281
0.0010349359
0.29291576
7.731956e-07
0.9995805
0.00029853598
0.0021758273
2.2001066e-05
0.001189426
1.4540068e-07
0.000230926
0.00014472665
8.4291234e-05
0.20823638
0.9362562
0.005692372
1.9198584e-05
0.99999934
0.0002928729
0.0060957246
0.086362146
5.670731e-06
3.3411592e-07
0.00054372847
0.18481107
0.00047950036
0.0047367443
0.0004627882
0.33432022
0.083030805
5.8210942e-05
1.3648906e-05
1.9160978e-05
0.0015757439
0.23435004
3.5483695e-06
0.0022537883
0.006524369
