1.0
0.99999726
6.418925e-07
4.099865e-06
1.1611705e-05
5.9601657e-09
0.00083297386
0.06582083
1.247997e-06
2.0436552e-09
0.0016282249
3.8407386e-08
8.208917e-06
0.38988727
0.019107139
3.351358e-08
8.208917e-06
2.0721343e-06
4.408773e-08
1.1566523e-07
2.5685658e-08
1.5998178e-06
0.00011911624
0.9996851
0.24634705
0.6210997
1.2220079e-06
5.58382e-07
2.208629e-05
0.00024987376
5.2018495e-05
8.8939436e-05
1.0
9.566411e-09
9.628462e-06
0.000100752426
1.2166932e-07
2.8823692e-06
0.003834534
0.43000048
7.5332345e-09
3.351358e-08
1.5185881e-09
5.2018495e-05
0.3876002
1.3382645e-06
1.0599674e-09
1.6548016e-05
3.915831e-09
1.2936806e-09
2.3894712e-05
0.00081989774
5.2181265e-10
5.012307e-07
0.30851552
4.7719607e-07
0.9871608
0.0008589849
2.1154818e-08
8.743785e-05
7.335473e-05
1.9188806e-07
0.0639478
0.00016831828
2.610235e-07
1.0740429e-06
0.032586485
0.2843254
3.8543266e-07
1.7854254e-07
6.620183e-08
2.2777703e-10
3.4627355e-06
3.1536989e-09
7.728287e-08
0.009117823
2.7953276e-05
6.5952133e-09
0.001832792
8.625408e-08
3.2291177e-11
0.012431089
0.009860409
0.99999595
8.666946e-09
0.0009179285
4.008668e-07
3.7627404e-05
4.3053566e-05
0.019107139
3.45171e-05
0.07849284
1.2873251e-09
1.341995e-05
0.043682236
1.0209158e-05
0.99775225
7.060552e-11
0.3974456
0.060895722
0.99999917
6.5952133e-09
0.97006315
7.753028e-09
6.0184216e-06
0.9871608
3.6705393e-07
0.003943618
0.00022868496
0.00015186222
1.794293e-09
8.2874607e-07
0.20143688
4.962574e-08
0.0014593021
0.005223742
0.0002018904
5.787347e-07
9.600011e-08
3.4655895e-05
2.100605e-08
0.8270508
0.9907873
0.00015688554
2.743057e-08
5.2181265e-10
4.554956e-05
3.296029e-07
1.3092459e-07
1.0321179e-05
0.5058203
0.00089393056
1.1690132e-06
0.9889978
3.9246393e-09
0.89407
2.1034655e-06
4.9730374e-05
6.500342e-06
8.885815e-07
0.004498192
0.00022951722
1.332193e-05
0.0003344721
1.1667423e-10
0.032562967
0.87116563
8.715637e-08
0.0025795347
5.772817e-08
5.3827563e-07
3.85016e-06
0.02079701
2.7757142e-08
3.2688575e-07
0.99999785
0.9999975
4.2568885e-10
2.0508081e-05
4.933859e-10
0.7041885
0.023381803
3.821752e-09
0.02079701
2.0779592e-07
6.836273e-07
0.99999726
0.000115502924
4.0622806e-05
1.9279129e-05
0.99704975
4.008668e-07
3.4065897e-07
0.55824363
1.4837978e-09
0.9999993
0.00022463131
0.00012487345
0.00026673893
6.835172e-05
1.5965789e-07
0.8436085
5.3827563e-07
3.5296085e-05
0.000164433
0.13996235
0.73315006
8.482136e-06
1.3261855e-07
8.468584e-07
0.0018978284
0.0032032582
0.20961608
0.0016955319
2.0626706e-10
1.4797914e-07
4.7003177e-06
0.99948627
0.00010015861
6.648794e-08
6.8558e-05
0.45708758
0.9111347
0.016697608
3.4079167e-06
5.338849e-05
4.6292067e-10
0.998997
0.00010524475
5.3827563e-07
0.0012735776
3.213719e-07
6.018684e-05
5.4655463e-10
1.1389484e-05
0.9999019
2.6761845e-07
4.2528896e-09
1.3700447e-09
1.2185655e-05
5.4786034e-07
2.4420811e-05
4.1665782e-08
0.025639556
5.6920885e-07
1.3700447e-09
2.1409603e-09
2.5975456e-07
0.0002050112
1.9279129e-05
0.9999927
2.1247002e-05
0.999797
0.99957883
1.0507833e-07
4.2528896e-09
0.0015076497
7.443537e-06
0.00015186222
1.2773409e-05
8.302667e-08
0.00017237388
1.1605866e-08
0.7960688
1.3382645e-06
0.025413854
9.958922e-07
0.00058427226
4.4657263e-05
9.557142e-06
0.9999988
5.2806663e-06
2.3632865e-09
0.101387605
8.2086124e-05
0.20715484
1.08254355e-07
1.1550809e-06
0.9999911
3.2291177e-11
1.821049e-08
4.4325177e-05
2.017629e-08
0.9618758
1.1402268e-06
0.99704975
5.4786034e-07
3.2219617e-07
0.00019957531
2.0665238e-05
0.00020039029
2.97701e-07
0.0036305718
0.13080311
2.6362406e-09
0.9999999
7.072656e-05
5.7199446e-07
2.92563e-06
2.0585005e-06
0.00060024625
4.9730374e-05
0.99997735
1.8289421e-06
0.14705706
6.702152e-05
1.2498531e-08
9.994353e-09
2.8364577e-09
1.6241012e-08
1.4887993e-05
0.89994174
5.3325203e-07
3.0029321e-05
9.600011e-08
8.2874607e-07
3.819626e-08
0.92298853
2.5685658e-08
0.00067114475
