0.007656036
9.783372e-05
0.0053199283
1.0
1.6804141e-09
0.9999705
0.99986446
1.3571341e-05
0.0040619466
0.07936122
0.99999225
3.4215802e-07
4.860481e-10
0.0001465496
0.99999714
5.5570417e-06
0.123889886
6.201973e-05
0.008388446
0.8978385
7.8754977e-07
0.00025263266
5.889781e-07
1.8305515e-09
1.4938966e-05
0.9961619
4.4222284e-05
0.02029393
5.6822887e-06
2.8977485e-08
5.6822887e-06
9.30202e-07
7.524645e-06
0.9999923
7.708295e-08
1.3352327e-07
2.1089036e-07
0.7039923
5.1605733e-09
0.9673408
9.796223e-09
2.6329855e-05
3.1505035e-05
0.19816326
6.708857e-07
1.694677e-05
0.46761262
8.0453316e-07
0.00043017842
7.6314854e-10
2.6019878e-08
5.6353855e-07
3.8294265e-06
1.557267e-06
0.0001436841
3.6656815e-09
2.4384436e-10
1.2159294e-08
0.0019767315
0.9999511
2.9049785e-10
1.19148945e-05
5.327595e-10
0.046619903
0.00017848407
0.032007176
0.99152625
6.1871743e-09
4.6150085e-08
6.098884e-05
7.744666e-08
0.0007814305
1.9199693e-08
0.0018785686
0.00012955235
2.2884126e-06
2.2683084e-08
6.902176e-08
0.99868745
6.6229715e-09
0.0018304888
3.1802233e-06
6.6150767e-07
0.0017924912
0.010429109
1.5980795e-06
0.0002009965
0.41493818
4.20087e-06
0.9442566
7.8754977e-07
0.028006637
1.5158448e-09
0.00011970035
7.586297e-09
0.00011484113
2.1168873e-05
0.99999994
0.4590689
6.663902e-05
5.17847e-06
2.1273403e-09
1.0280388e-07
0.0041803857
1.3669936e-06
0.9999715
7.727189e-06
0.71721125
9.063596e-05
0.0011550698
3.7182292e-07
1.0
0.00039145435
8.885925e-07
6.863263e-09
0.9999956
0.1459944
1.8618053e-06
2.5888666e-10
0.0075491876
5.5626833e-06
0.123889886
1.2684889e-05
1.4482677e-07
0.0014969512
2.8595336e-05
0.21274617
6.449883e-07
4.125316e-08
0.20838422
0.022871535
2.2417626e-07
6.8460855e-07
8.244813e-07
0.99999547
0.58631593
9.588318e-05
0.06425015
4.578901e-05
5.4571215e-06
0.010778923
4.200243e-07
6.3806516e-10
0.0014759937
7.6314854e-10
4.0563943e-09
2.002584e-05
1.8491962e-09
1.12535375e-07
2.8977485e-08
7.0745e-08
9.054501e-08
0.99999994
3.6548204e-08
6.949725e-05
8.979619e-08
6.772586e-09
8.00097e-08
5.692732e-09
7.428124e-07
2.2022873e-07
0.99868745
3.444393e-07
0.41131705
6.772586e-09
2.5432549e-08
3.074264e-06
0.93631065
0.07512218
4.251329e-06
0.04158924
2.5888666e-10
0.9989088
3.0788247e-05
0.0008495402
6.4935384e-06
1.3720271e-06
7.594204e-05
1.8491962e-09
4.7296347e-05
3.2747455e-05
0.0019767315
5.1550664e-08
0.0007227523
9.184853e-08
4.13137e-06
0.48488268
0.617272
0.12388988
7.6314854e-10
6.3294303e-09
7.8754977e-07
6.839612e-06
6.9268222e-09
3.1238194e-09
0.19991125
0.00030421567
0.39965183
0.99650115
4.8571815e-06
3.7721427e-06
6.949626e-06
8.152601e-05
0.07883726
1.5158448e-09
0.7852029
2.2296274e-06
6.3294303e-09
0.0031386723
1.0184906e-08
4.2883435e-06
5.871677e-06
0.00033993964
0.043993894
2.0325895e-05
0.19387828
4.8261577e-06
3.8095711e-06
0.00027502753
2.8095164e-07
1.584248e-07
2.0325895e-05
0.9999989
0.35220587
0.0041892002
0.41324162
4.4511214e-08
0.9983437
0.00048370726
0.0024572718
3.929141e-09
0.9999997
6.6150767e-07
1.8299195e-05
0.003021244
0.59378004
2.5942087e-05
0.9998919
2.1160665e-06
0.0012683892
0.0012912146
1.3390814e-05
0.0005230625
9.1130104e-08
4.7537283e-06
0.00014214747
3.377727e-05
1.1629014e-05
2.6407812e-05
0.00021498077
0.99142957
5.5417695e-05
2.211777e-08
0.0003047385
7.3667195e-07
1.3390814e-05
2.1507606e-07
5.111999e-10
1.7833677e-06
3.478613e-06
8.359028e-08
5.2738706e-05
0.07092223
1.0
0.9999975
0.9995331
2.1066442e-07
3.7393522e-07
0.005381073
0.7640911
4.920557e-07
0.0021766908
0.58631593
0.002623928
2.9879493e-05
1.4263355e-05
8.848348e-08
0.005716451
0.0012683892
0.9999511
0.99989885
4.36117e-06
0.9999934
0.9765148
0.0030173138
0.22682294
1.926354e-06
1.19148945e-05
1.872423e-08
4.7640897e-06
0.00042123624
0.010509383
1.0059607e-06
0.506931
7.5326934e-06
0.00012791046
0.99356127
6.240508e-06
0.0002828643
0.999941
