0.99699634
0.9999896
0.7696961
0.021695526
1.0152317e-09
6.6282793e-09
5.533945e-08
3.6854607e-07
0.9649064
0.00028729718
7.8190245e-09
5.489362e-05
0.020693043
0.011040023
0.011040023
0.18270041
0.9329604
0.00047410914
3.5978483e-05
0.0034831776
6.5887656e-07
0.99999887
1.5962222e-08
4.1647354e-07
0.8325637
0.0007459177
0.9723701
7.1533586e-06
5.9740814e-06
2.0038027e-05
1.6663895e-06
4.5143065e-07
2.1099117e-05
3.6987163e-05
2.4803262e-07
2.3926246e-05
0.9731661
2.4640312e-05
0.9999996
5.5714873e-09
0.00016210949
0.51485467
1.989048e-08
0.008762022
1.9512818e-05
0.68757546
4.1441554e-06
3.4842493e-08
0.0006769413
0.0008552081
0.017608168
4.4144082e-05
0.019907081
0.9999836
0.110181235
0.4786085
0.0003208187
0.0011933816
0.07821952
2.9676961e-05
6.847835e-05
1.7106795e-10
6.703211e-06
0.95208955
2.2000298e-08
5.9258955e-06
0.00052106084
1.152951e-05
1.6361275e-08
3.1894802e-09
1.0
0.00038390487
0.021466179
9.068991e-07
0.0031967545
0.9999982
0.00033163224
0.9999996
0.5044179
2.4827454e-05
0.9949548
9.964854e-08
0.99999946
0.0012533929
9.477749e-08
1.1261332e-07
0.0010144946
1.8477401e-09
0.20031615
2.016693e-05
0.026402453
4.747021e-09
0.9999756
0.00014635158
2.7847276e-09
6.948049e-07
0.012996032
0.0019400443
6.847835e-05
0.0012885205
0.0003167813
8.3029016e-05
0.00071535853
1.6725955e-06
0.0003063263
5.1996278e-05
0.00060876744
5.88222e-08
0.9998365
0.0008257519
0.0013507722
0.006270755
1.3734734e-07
0.003116149
0.35911608
1.75277e-07
0.9999983
0.0025265107
0.00019397517
8.4149355e-07
0.00055310986
0.9994259
0.00044884093
0.00079803576
3.3883998e-07
0.41253543
0.018190037
0.00076832046
1.6444831e-07
2.5428304e-05
0.0010660721
1.9989275e-07
1.2519694e-08
0.010566998
1.6876828e-06
1.7016864e-08
2.1395058e-06
0.00093041715
3.5279863e-05
1.0
6.9537496e-06
0.4646756
6.713498e-10
0.00033163224
0.13247457
0.00044363778
1.0399427e-07
0.00030511525
1.1089274e-05
6.156247e-07
0.010566998
0.0008257523
8.139812e-08
1.6044698e-08
0.0014587131
0.003331779
0.003766183
3.6666318e-06
0.0014587131
0.99944925
7.2837956e-06
0.9999896
2.8014788e-06
0.47248664
0.2523288
3.0044936e-07
0.9716691
1.402088e-06
0.5850508
4.623692e-05
3.0044936e-07
6.415777e-09
2.1499209e-06
0.00021138735
0.00012440186
2.4486818e-07
0.999999
0.15252092
0.9999999
6.2202226e-09
6.827621e-05
1.0266672e-07
0.0008964788
4.646452e-07
6.156247e-07
0.9978671
0.00063644594
0.9999705
0.004469727
9.7211974e-08
0.0003358883
0.00014925774
0.11949877
0.0003869929
0.15301874
0.99999875
2.3043117e-06
0.0001727912
0.9999954
0.9339316
0.005841708
0.9999756
0.9999956
0.081890404
0.99855435
3.7457384e-09
0.0003358883
2.6731848e-07
6.0432994e-05
1.1966487e-06
0.0005353063
0.17398469
7.983668e-05
3.0897343e-05
5.7739953e-08
1.9989275e-07
1.0
0.69719684
6.4245445e-09
3.761883e-06
0.45857802
8.100748e-09
0.6461867
1.0837231e-05
0.0015437448
0.010566998
6.558548e-07
0.0030334222
1.4446329e-07
5.3184624e-07
2.2089077e-06
3.31586e-07
1.7012894e-06
0.00011297403
3.5992267e-09
2.2092354e-07
4.35769e-09
2.660827e-09
0.008016656
3.9011896e-09
4.51976e-07
2.3624823e-06
2.9179466e-09
0.0061842273
0.9999556
2.5403752e-08
1.5849507e-06
0.0012885205
8.4414215e-10
0.0007459177
0.0006115501
0.5798828
1.6589353e-05
4.3132313e-06
2.3934726e-08
0.99992126
0.9999956
6.7479614e-06
1.2327366e-05
0.07897438
5.1910582e-09
0.98976946
8.899902e-07
0.0010114069
2.967699e-05
0.0012885205
0.022352394
0.0013171253
0.15252092
2.3818329e-07
1.9103495e-06
0.9999136
1.5312986e-09
2.9179466e-09
0.0008159804
0.99526364
0.01241078
0.00023701959
5.9320193e-08
0.0067760926
2.482956e-06
2.475212e-08
0.0011783959
0.0013171253
3.3407557e-06
0.72723234
0.03858595
0.34200102
4.8280544e-06
1.15038254e-08
0.80405796
0.84039384
9.99462e-09
0.0007472656
3.5102914e-07
1.0497436e-07
6.2560095e-05
0.0035180768
0.9339316
5.010974e-05
