1.0
2.291617e-08
2.2702445e-06
0.00012250124
9.366806e-06
4.3532648e-07
0.00375194
0.00037613788
2.6325613e-05
9.2590943e-07
1.796684e-05
1.8617294e-07
0.002823614
9.172738e-08
7.504151e-09
1.5478396e-07
2.398318e-06
7.7666855e-06
1.8580466e-05
2.5379232e-09
4.0029946e-08
5.9998423e-05
1.02615815e-07
1.7889734e-08
5.3400726e-08
0.075892285
0.0076384717
0.101459116
0.0001183459
0.026855059
0.020784851
3.157944e-08
0.68907154
3.2157114e-08
7.798277e-09
2.8250653e-09
2.571167e-06
0.9995073
7.815173e-06
5.5492077e-08
4.7883443e-08
3.0523617e-05
0.0653292
1.1573459e-08
0.57684416
0.999236
0.98413193
5.6890007e-05
0.3401406
7.4276136e-07
0.999999
0.0035310222
0.39328378
0.48571536
0.0039197356
5.143775e-06
1.9185238e-07
0.07407227
2.9213115e-08
0.0016514724
9.7621e-07
2.5213827e-05
0.021430995
0.026823504
9.4399584e-05
0.00026981492
0.99973106
0.2110795
0.08162718
9.1175625e-06
2.5893543e-11
3.57139e-07
9.172738e-08
1.568575e-05
1.0331906e-08
0.9998636
0.036842715
1.196888e-09
5.8304465e-07
0.8277736
0.9964571
0.017369008
1.3575871e-05
0.022170998
7.709156e-06
3.2157114e-08
1.0
0.074704595
0.34122962
4.7355e-09
0.9844304
0.87886184
0.87892884
6.030718e-10
1.8607723e-06
0.9999963
8.1272185e-05
3.79146e-06
5.4001323e-09
0.9913397
4.315965e-10
0.02132544
0.00023343191
8.0591e-06
0.02999064
0.9905046
1.6542654e-05
0.026855059
5.446266e-09
0.9999266
5.8396953e-08
0.00025835301
2.7515412e-07
2.754166e-08
3.664059e-06
1.555131e-05
1.6967331e-06
7.504151e-09
8.473442e-10
1.3585833e-07
0.9639153
0.0014313557
5.8304465e-07
1.0269972e-09
0.91978896
0.005606048
4.0035097e-06
2.1055094e-07
0.03609494
4.587318e-09
1.1586219e-09
1.4784258e-07
0.0018012671
5.732708e-06
1.4489759e-08
8.1272185e-05
0.8621761
0.00047721725
7.4555304e-05
2.6032884e-08
0.99997145
3.088709e-05
0.22061335
0.4218456
0.92683655
0.0017244434
1.1929503e-08
0.001954917
0.9882718
0.24268997
5.7136083e-05
0.00073650747
0.00016200301
0.9964571
0.00825665
0.008380826
1.7774077e-05
1.0005912e-06
1.7528249e-06
1.1132506e-05
6.23392e-08
9.314895e-08
6.744947e-09
1.3981089e-06
0.00022044298
2.1639052e-07
0.2744815
1.7644562e-07
0.00026981492
0.99996006
5.8304465e-07
0.87420523
3.076263e-09
0.0017271709
0.0030478914
5.682819e-07
1.4204184e-06
2.0723558e-06
0.99999654
0.00011055592
0.00021517252
0.00022152535
9.86506e-08
2.0851361e-05
0.00013904774
0.0110052945
0.21925065
0.9999998
8.1272265e-05
0.00021517232
0.99980956
9.317116e-05
0.0002960779
0.29239318
0.061757572
2.346044e-05
1.10087754e-07
1.311254e-09
2.1287052e-08
1.786208e-05
0.99123293
0.29881284
1.3981089e-06
0.00034161634
6.141679e-06
4.8008452e-08
1.3637105e-05
0.0730681
2.1639052e-07
0.9463609
0.9531649
2.1850643e-05
0.7972357
2.5893543e-11
1.8607723e-06
1.539108e-06
2.51283e-05
0.002548704
0.9996628
0.9938123
2.3733135e-10
0.00011106671
2.9187495e-08
7.5605254e-05
5.4784177e-09
0.8552537
5.3440344e-05
0.0018966971
0.99588907
9.3617345e-09
3.1051442e-08
0.9999977
0.000144316
3.2768105e-05
1.0619156e-10
1.4689249e-08
7.174312e-05
3.6915317e-08
0.9977077
0.89213026
0.02198298
5.68128e-07
0.00092176953
8.50819e-06
1.1573459e-08
2.346044e-05
2.1264883e-09
4.606224e-07
0.029767364
8.343483e-05
5.8304465e-07
2.039406e-10
1.9497135e-08
2.7165655e-08
0.9999658
5.4769475e-07
9.317116e-05
0.0003754894
1.6659479e-09
2.970476e-07
0.00047983092
0.9999924
4.1524713e-06
2.3733135e-10
0.9631513
8.04933e-07
0.9938123
1.2476592e-06
0.99842346
0.070515
1.9776431e-07
0.9999835
0.48571536
2.7478805e-07
0.9983048
9.0282803e-10
1.9063136e-09
0.0002729201
1.7765247e-05
0.9999973
3.0953134e-10
9.4831215e-05
4.301411e-07
3.9798317e-10
0.00054688135
1.6203225e-09
2.5606365e-08
0.00016017426
1.4656218e-06
0.122726955
0.00010017657
0.0045889127
1.019265e-06
3.8539078e-05
2.7515438e-07
0.5770805
3.076263e-09
1.1689492e-07
0.9999422
8.948958e-09
