1.0
0.99057776
1.6714757e-05
0.0028924553
0.0002252711
0.11118803
0.9999995
1.9421623e-06
0.00010682734
0.9999742
0.031548195
0.89424336
1.5738118e-05
2.9075063e-06
0.98250735
0.016497735
0.0008853378
0.7457345
0.32432002
0.0053801285
0.7105306
0.99701494
0.10268224
0.00056009967
1.0
0.99996907
0.99989265
0.12544556
0.98417574
1.0
0.9332122
1.0
0.0012282314
0.000113692906
0.23963511
0.7213293
3.4586892e-06
0.0029916267
0.0055516334
0.99992526
0.05058097
0.24997033
0.60272133
0.00010682734
0.012215506
0.36427322
3.5699326e-05
0.005114933
0.00083414465
0.9929376
0.99999994
0.9996241
0.9999933
0.99649405
0.9999743
0.690722
0.9995669
0.49244082
0.9968641
1.0005293e-05
1.0172199e-05
0.9959237
0.005220611
0.061262183
4.0432988e-06
0.010320075
0.0057218443
0.052308146
0.9985506
2.175037e-06
5.4951703e-05
2.9503952e-05
0.885054
2.1078344e-05
0.16582733
0.01144223
0.0007288845
0.93169945
0.99994475
0.9999998
0.7564498
0.004448268
0.03305204
0.99985826
0.08482098
0.15278032
0.09455879
0.07998986
0.9077968
0.0003544073
0.040147714
1.6448172e-06
1.9620297e-06
0.055953372
6.4271726e-06
0.9998966
0.99999225
0.004964478
0.41642314
1.0
0.7564498
8.883368e-06
0.97388685
0.34026104
0.08838844
0.91569155
0.00057171984
0.11441176
0.9865716
0.0027823206
0.98066944
0.00041457766
7.929615e-05
0.99982786
0.99996746
0.00043829222
0.022736397
0.9994552
0.9268632
0.9598453
0.06808473
0.00015093928
0.9997887
0.00014917566
0.9988237
0.9999957
0.89164543
0.8624942
0.88086814
1.0684092e-05
0.049156547
0.010320075
1.2071321e-05
8.258781e-07
0.020320255
0.02248878
0.1176869
0.9268632
0.33637592
0.9998634
0.17007053
1.9620297e-06
0.0048935143
0.059655797
1.279555e-05
0.73652875
0.48817372
0.12695733
0.0046173586
0.0012537852
0.8708895
0.0657441
0.97447556
0.41642314
0.999921
0.000114515366
0.005737249
1.0
0.8215284
0.0005480102
0.8709328
0.9999014
0.9999444
0.0049067396
0.24865825
0.99999774
0.9698437
0.60940856
0.00027830625
6.60205e-07
1.0
1.0
0.00036351764
0.98870087
0.00086760684
0.99977225
0.0032717616
0.42168066
0.00031487655
0.2632494
1.5738118e-05
0.0058286483
0.00020501511
1.0
0.0048935143
0.7889767
0.00016547675
0.0018741516
0.00036351747
0.60015756
1.8712038e-06
0.02067781
0.8090365
1.0873526e-05
0.005956846
0.80296844
1.0
0.17577143
6.8849615e-05
0.5057572
0.9069831
0.9999987
0.012215506
0.0034698725
1.0
0.026669731
0.9916429
0.5449507
0.0023672092
0.9992403
0.69918257
6.895767e-07
0.074314155
0.00031487655
0.9952749
0.14362134
0.9864901
0.9999943
0.0015819466
0.9598864
1.6417487e-06
0.007290651
5.760983e-05
0.02572057
0.5474502
0.7612455
0.9077968
0.28957668
6.616711e-07
0.4030281
0.99853694
2.175037e-06
0.9999997
3.1093314e-05
0.9078454
0.9863735
0.9920653
0.9999732
0.9996955
0.00074560643
0.00021722523
0.9955491
6.60205e-07
0.029004982
0.008430124
0.0008554901
0.14205945
0.56562364
3.2054045e-06
0.9962971
0.99999994
0.66671234
0.99999994
0.96853495
0.016295437
0.020320255
1.0
0.99999744
3.3441188e-06
2.5450927e-06
3.6304348e-06
0.99999565
0.99999917
0.061949015
0.99762964
7.2100505e-05
0.00620799
0.55121946
0.004451574
0.32432002
0.99999994
0.00089265977
0.0005679124
0.017037313
0.039181974
8.139341e-05
3.327234e-05
0.7546914
0.9860197
9.3988114e-05
0.11638094
0.05573381
0.018448774
0.9999943
0.36427322
0.9999964
2.336372e-05
0.00089692266
0.046329074
0.4678492
0.0074320124
1.0
0.9268632
0.9971551
4.213342e-07
0.9994552
0.00022401489
0.43077976
0.9999416
0.04084334
