1.0
1.0
1.0
0.99951905
0.0034790768
3.419649e-07
6.951283e-07
2.5577908e-08
0.001271863
0.0027223441
0.00013799712
0.00075087434
0.23142317
0.033905257
5.3272433e-05
0.0024058896
0.005647272
0.0004070402
2.9857503e-07
0.02728107
0.008630895
0.71183217
9.379949e-07
0.010155244
1.6886272e-05
0.99999976
2.6758682e-06
1.4896543e-05
5.4235015e-06
0.36622912
1.9712635e-07
0.90443295
0.98842186
0.00097098807
4.3182052e-07
0.79201955
0.0008522255
0.39445126
3.9142506e-07
4.9228893e-06
2.9720066e-05
0.001927962
0.0020366516
1.064917e-05
0.983839
9.7540905e-08
1.2301318e-05
0.989926
0.9999837
2.73334e-05
0.7164454
1.1996882e-06
3.1514567e-06
1.2048662e-06
0.00034425897
0.9217977
1.809092e-07
1.1798844e-08
0.0014410322
1.483244e-05
0.9999221
0.00096022664
8.5341114e-08
1.13887864e-07
5.410042e-05
2.843946e-06
0.00030252658
0.00032159162
1.2509866e-05
0.0012107943
1.2098497e-05
1.1302773e-08
0.0039010972
6.0600865e-07
0.8762425
0.010489675
1.3717772e-06
1.39734695e-08
4.827612e-08
0.00070595974
0.9480103
0.00016490373
0.0013236438
0.6396339
6.365554e-10
4.619941e-07
1.6890604e-05
1.0
0.00033979607
8.986159e-09
7.600515e-10
7.3527366e-09
2.8937995e-06
0.00010435384
0.005425672
5.490094e-07
7.909804e-09
2.3749386e-05
4.6011314e-06
1.0339043e-06
0.001125253
0.055027176
4.1029696e-05
0.0027223441
0.00013761394
0.0010320059
1.887681e-08
0.00016226861
0.0011965664
9.522487e-08
0.0003823661
0.00034738306
0.99999416
0.02739385
1.7706894e-08
2.7514233e-07
0.0016568176
0.0001815709
1.0544892e-08
7.878369e-08
0.022034967
1.398194e-09
1.523594e-07
2.7330618e-06
0.99606305
1.0
6.73606e-10
2.5865902e-05
0.99807686
0.001629284
1.373158e-06
9.38512e-09
3.6978933e-09
2.748359e-05
6.788677e-08
7.676172e-06
0.7875674
6.627044e-06
0.00014501787
0.99999905
6.5652694e-07
0.020181976
1.0
1.0194079e-08
0.40893352
0.97282934
3.4274308e-05
0.00073918997
0.00041321802
0.0044261813
9.65829e-05
0.99898875
0.00023448635
0.029095659
0.0023918904
8.673644e-09
0.0009772661
1.4996656e-06
4.4889362e-05
6.4998585e-06
1.0102182e-07
2.0261904e-08
7.0145545e-10
0.8465293
0.38590166
0.070117645
0.012212814
0.9999958
3.758752e-07
0.82734156
0.9944864
0.0035449197
0.010489675
1.3318094e-05
0.000429006
0.00012551284
2.9653643e-07
0.001182455
0.001182455
0.9070364
0.0011511313
0.057041176
0.029203953
0.0019324541
0.0033155472
2.2278711e-07
0.001583379
0.0033155472
0.00017422841
7.223381e-07
0.4378812
9.745189e-07
0.99999875
0.089285545
0.0007934845
0.3135321
7.892024e-07
2.3849043e-06
0.019864317
1.5302693e-07
0.00020696463
2.3939485e-05
0.02400989
6.749146e-06
0.99999225
0.9688105
1.0166389e-05
0.0012107943
0.52631766
4.162922e-09
7.447284e-10
0.00049787434
4.827612e-08
2.1272133e-06
0.024735058
0.020603685
5.7496586e-06
0.007372624
1.3100546e-08
1.3458103e-05
0.9070364
2.7541022e-05
2.818033e-08
0.089285545
6.880672e-08
5.38151e-05
8.980955e-08
0.00012783156
0.99898875
0.7828045
5.0037862e-08
4.173055e-06
2.2371109e-05
0.0051390915
3.2383224e-07
0.027367957
0.00010795543
2.7163225e-07
0.9998663
0.20642737
3.5938302e-07
0.005719883
0.9995511
0.98857105
0.0010628444
2.4103407e-08
0.0019324541
4.89688e-05
8.870497e-09
8.699581e-05
0.193242
0.070117645
0.0002695681
0.27643767
0.06371521
1.1366944e-07
0.031163778
0.7575283
0.00040819508
2.3745384e-08
0.03978014
6.5829518e-06
9.995472e-05
0.086856484
0.073770076
0.042204227
0.0005779794
1.3700815e-06
0.21744965
0.0004882735
0.0010628444
9.419726e-05
0.83685374
0.0014981889
2.6195763e-05
0.009710402
0.79201955
0.940695
2.6046698e-07
0.020031573
1.9299046e-06
1.523594e-07
0.0007357169
0.999929
0.99999225
1.3150485e-09
0.00033979607
5.558643e-05
0.00019989375
1.9667582e-06
0.006476072
3.92004e-06
4.9228893e-06
0.8724737
0.008642074
5.38922e-06
1.2082652e-06
2.3653683e-05
0.00018043684
0.9997794
