0.004020727
3.160663e-05
0.004038929
7.012968e-06
5.773142e-06
0.0070315907
0.00012030774
0.39685535
5.97888e-06
2.1739277e-06
0.0007246507
0.88203263
0.0014571178
0.0018404883
0.03016483
1.0
0.9990954
0.99885464
9.541574e-05
0.44929805
5.820469e-07
0.04985341
6.015036e-06
7.678881e-06
0.0410071
4.697285e-05
0.9825762
0.9999994
3.363747e-07
9.021634e-06
4.6017336e-05
0.17610538
5.5385065e-08
0.0022474218
0.000121811645
1.891609e-05
0.99987155
0.48531765
0.70458204
0.9691445
0.00027123583
5.1747197e-08
0.0045622466
0.00022285129
0.00056206906
0.000102415026
0.00036231175
0.0024553977
1.7662875e-05
0.007901443
0.9992744
0.99986434
7.1239505e-05
0.84439486
2.383556e-06
0.9003665
7.4186806e-05
0.99994636
0.9971045
4.0070354e-06
0.0008456611
0.00033408744
0.97725135
0.00032955525
3.0310099e-05
0.0028395567
0.0029560023
1.0
0.00090941205
0.2409046
2.4300101e-05
4.4440128e-08
0.9999666
0.03016483
1.7653882e-08
0.0040389327
3.7962236e-05
0.001221489
0.00017106663
0.0007945256
0.036350455
1.3439801e-07
1.2600192e-07
1.2015041e-06
0.0020851335
7.31024e-09
0.17811076
0.00011064862
0.013578458
0.008082055
0.9999533
0.99876267
0.6007902
1.3193677e-05
0.04193304
0.010904421
0.048541922
2.4524063e-08
0.56009763
0.008363494
2.2136903e-06
0.0830409
1.0
0.11881874
0.048521083
0.00017963139
2.0092627e-06
3.305951e-05
2.1387419e-07
0.99855363
0.008082055
0.65486646
0.7467698
5.0647394e-08
0.0022428648
8.24047e-05
0.9999984
0.0050783
4.1831217e-07
0.0008361042
4.6493508e-08
0.00056096923
0.99903214
2.1793134e-07
0.010718819
0.008449294
2.5803834e-07
9.974757e-07
0.0016511077
6.940294e-07
0.11822687
3.7675195e-06
6.194402e-05
6.015036e-06
0.08618308
6.20043e-05
0.0014350545
0.08149482
1.7930991e-09
3.9885253e-06
9.529811e-06
0.0020851335
0.9894663
0.99999833
6.8350737e-06
0.89312136
0.65691495
3.996449e-08
1.0
0.9999462
0.4100773
0.123949364
0.05148962
0.9999999
0.932076
1.4035408e-06
0.0007246507
2.5736086e-05
0.077265434
0.104061455
0.7467697
6.168536e-05
6.314484e-06
0.0016732281
0.07433873
3.6736488e-08
0.00026093694
5.330759e-06
0.18404247
0.014226003
0.0010786596
0.9934132
0.59150404
0.0008456611
6.44462e-07
2.132716e-06
0.0032645017
0.0015992412
0.99894303
0.003079109
0.17395028
0.99624825
2.3512396e-06
0.7844639
0.21244355
2.2259235e-05
1.0
0.98594946
0.4777665
3.0225929e-05
0.009049652
0.16504608
0.24840808
6.275926e-07
0.004038929
0.9999996
0.99999917
0.2362778
6.7878784e-05
0.8472227
1.0
3.69429e-06
0.99917734
8.798243e-05
0.00073452806
0.00092816865
6.636542e-08
1.918936e-05
0.004914879
1.1112034e-05
0.8860153
4.505773e-07
1.120002e-06
1.3359335e-05
0.0037530044
5.9443988e-08
1.7653882e-08
0.06455641
0.0015992412
0.00041316444
0.90554357
0.99999803
7.2476354e-07
0.014272928
0.99740386
0.00011193858
1.0
2.3567043e-05
6.3735715e-05
0.00018170045
0.20588075
0.026031576
4.794533e-05
0.019677859
7.760399e-08
0.92743474
1.2608525e-06
0.9734233
0.0059141517
7.539888e-06
1.0
0.000918065
7.578398e-06
0.00013177395
0.0058571086
0.9999861
0.027873104
0.9999999
0.9999594
0.9751329
0.98047966
3.7174527e-07
1.8006103e-05
2.283771e-06
0.99433047
3.7492111e-07
0.012542239
0.99963737
2.48446e-06
0.00025713537
0.002065707
1.4532887e-07
0.00031671548
0.21299103
9.52982e-06
0.000104356724
0.0066917036
3.564245e-05
5.3730115e-08
1.815919e-08
0.00022837643
0.7974788
0.0055348314
1.0506666e-06
0.0025867142
0.011007194
0.9999924
0.71483403
6.0112175e-06
4.6432274e-07
0.05148962
0.026031576
0.0025016575
1.0345894e-05
0.06455641
2.7832062e-05
0.00047436365
0.00010513983
0.99364984
0.0056819427
1.0136176e-05
0.0017502283
8.21227e-07
0.0024401264
2.9959324e-08
4.617747e-08
0.00025713537
0.99020964
9.977603e-06
0.99842596
