1.0
1.0
1.0
0.0008810884
6.5060453e-07
2.482828e-06
5.3112776e-06
6.2211548e-06
6.1464794e-07
0.9623019
0.99999666
0.004531662
0.31515202
0.00018518337
1.0581677e-09
0.0009344407
0.999812
7.622921e-09
3.8978114e-06
0.000112373746
0.00047744546
1.882092e-05
0.167995
0.00010418749
7.446137e-05
5.409186e-08
8.584072e-07
0.0005914062
1.4632236e-07
0.00011717717
9.907034e-08
2.3133568e-06
4.5114455e-05
1.749325e-09
3.9921406e-06
0.910382
3.2067307e-09
0.012325809
9.48288e-09
1.8440497e-06
3.3596573e-06
3.9897845e-06
0.003437916
4.155795e-06
4.4083318e-10
7.1191e-06
2.317559e-06
8.1534995e-07
7.2516805e-08
3.8442494e-08
0.0013858085
0.9046258
0.99175495
1.4147205e-05
2.915086e-05
4.2636003e-10
4.4093536e-08
1.328572e-06
1.0465605e-08
0.8137682
1.6930898e-06
1.6885113e-05
2.3803282e-06
0.00016374003
2.317603e-09
0.0076428102
0.008258648
0.99998105
9.221927e-08
7.2008896e-07
3.4030954e-08
0.0914157
4.4093536e-08
6.930551e-06
0.027161205
8.2588895e-06
0.00032947544
0.99986535
2.4293531e-06
1.9872278e-08
0.6971952
9.424782e-09
3.257318e-08
0.005223752
0.00038100377
2.284006e-05
4.716824e-08
0.99999815
1.7925994e-06
8.618305e-06
0.17592776
3.008921e-07
0.00018019612
0.8756125
8.494875e-08
2.674093e-06
7.4018264e-10
5.7875404e-05
3.2753826e-07
0.10949595
2.0568353e-07
0.79296196
1.3929807e-07
6.0289785e-05
1.2710255e-08
7.793563e-09
3.784549e-06
1.0
0.99998105
0.0001173891
1.0212217e-08
0.0001684114
6.1464794e-07
1.0965142e-05
1.3035864e-05
1.0483205e-06
3.046474e-08
0.08259628
1.1083983e-09
1.0
0.5802155
3.395137e-05
0.99117714
1.6506707e-06
0.00048603737
1.0
1.7559202e-06
0.9999999
0.9046258
3.467448e-09
4.137734e-06
0.005941993
4.3327546e-07
0.99999386
0.999481
1.5590248e-06
0.00018637232
0.0045341766
2.6963183e-09
2.5700493e-09
2.8979812e-07
0.009439366
8.118544e-06
0.9884199
0.00030507133
0.058236375
1.1220418e-05
5.2574407e-09
9.837739e-08
0.98656774
1.9046665e-06
0.00044842952
0.99975157
4.185304e-08
9.907034e-08
3.0241102e-07
5.8915334e-10
5.648526e-06
0.0010408518
3.6901904e-05
0.0008810884
0.99999845
9.3796165e-11
0.00014618337
5.9058954e-07
0.00023797879
0.0001360073
0.00018354849
0.3737736
3.5911504e-05
2.108245e-06
0.0001969815
1.1437996e-07
1.2083853e-08
1.4064269e-06
1.5051016e-09
0.00023631127
0.999986
1.1083983e-09
3.3413962e-05
7.539633e-07
0.0031175104
3.4282148e-09
6.2937486e-09
3.7563188e-06
2.5937723e-08
1.0319246e-07
1.3219908e-07
0.009538997
5.9058954e-07
2.5685987e-09
1.2710255e-08
0.00022329498
1.7099853e-07
3.4201162e-09
0.07136243
4.3431173e-10
9.450726e-08
0.2631395
2.2968123e-05
4.869902e-09
0.00015095036
7.238235e-08
0.31515202
0.9277037
0.00019410171
1.7755071e-06
3.4749295e-09
0.99937135
3.3588435e-06
0.0016728091
0.9999966
1.8848514e-06
0.07890578
2.4495593e-08
0.00020737728
1.5889325e-06
0.48892787
0.99984485
2.108245e-06
0.9643599
0.003180684
0.0019211968
0.9982053
1.1747224e-07
3.2062434e-07
0.10942022
0.0005931465
0.99999106
6.4497414e-08
1.27789015e-08
1.0581677e-09
3.1856748e-06
9.907034e-08
0.0025816015
4.8533946e-07
6.5060453e-07
4.7482544e-08
5.5046897e-08
8.001846e-05
5.911784e-06
4.9745646e-05
2.604439e-06
6.1245664e-10
9.82198e-06
6.6411403e-06
0.00011031361
5.6505295e-10
2.7087096e-06
1.2083853e-08
0.7664649
5.476233e-05
0.9990563
0.6860081
0.00023090575
4.2107854e-06
1.2408004e-09
1.2710255e-08
0.005828906
0.07495902
8.7468216e-10
7.239518e-07
0.4525445
0.99951875
2.7346228e-05
5.585748e-07
0.00013842293
6.8339396e-08
0.099297866
0.0036952503
4.8992024e-09
6.3531666e-06
3.3413962e-05
2.2942592e-07
0.00014992716
1.1418956e-09
0.8416306
4.1670906e-10
2.2011766e-07
0.0023351738
0.021664668
0.60008234
1.5509398e-06
6.726406e-05
4.4083318e-10
0.87824076
4.185304e-08
2.238585e-10
7.509989e-05
0.00015891888
0.9999454
1.2813964e-05
1.08359295e-07
1.3035864e-05
0.48892787
0.0008646535
0.00027645082
3.8980647e-07
0.00034119617
1.3219908e-07
