1.0
1.0
0.99999994
1.0
1.0
0.9998093
0.99929535
0.99898624
0.99997574
0.9999999
0.99998915
0.9998553
1.0
0.99998474
0.99999255
0.99999994
0.9999999
0.999999
1.0
0.999914
0.99994504
0.9999992
0.999927
0.9972148
0.9976948
0.9999999
0.99999946
0.99999976
0.9999629
0.99999964
6.512017e-08
0.00038606822
9.533674e-06
0.00037372916
6.309647e-07
1.358577e-06
3.7752033e-09
0.0017304956
6.6298e-05
1.0
3.6039822e-08
1.4166456e-05
7.2229787e-09
3.161982e-08
0.024778021
0.99999994
1.2118738e-06
1.8634738e-07
0.9999984
1.2371875e-06
3.37525e-10
1.3952157e-09
5.9351965e-05
0.31184718
3.5705752e-10
7.3873696e-10
1.9749877e-09
0.99991727
0.99999994
6.7505994e-07
1.7252287e-06
0.99996567
1.3495069e-06
0.98961633
0.05723855
0.016276263
0.19773032
1.2419666e-05
0.002188765
2.6165702e-05
0.4879682
2.895426e-05
0.00010418531
5.2660337e-08
3.1062326e-09
2.1142653e-06
3.4145433e-09
7.880962e-10
3.762543e-06
7.549355e-10
0.0002105694
0.0006737797
0.27111566
2.3931062e-09
4.716645e-05
0.0021659776
0.0013674775
7.755903e-05
0.99998325
0.00011301324
3.914476e-05
7.8920914e-07
7.432901e-08
4.1610587e-05
0.06887017
6.382045e-07
1.6428183e-06
1.0759826e-06
1.1717953e-07
7.2381106e-08
0.2603739
4.995566e-08
1.7197913e-06
0.99999726
2.1539497e-08
0.506691
9.243723e-06
8.339835e-09
0.0008148988
7.14594e-09
0.00081096205
0.9999975
3.9815533e-11
3.7516966e-08
0.00018095854
0.035974324
0.00070034526
3.8255188e-05
2.725129e-07
7.875678e-07
3.3635904e-05
1.4487763e-06
0.012045827
7.528268e-08
0.0041085104
0.98961633
1.9051708e-05
6.7788055e-06
3.4160024e-09
0.99964005
0.018989626
1.0043657e-08
3.2045864e-05
7.138968e-08
0.00018864163
2.6531657e-08
2.8557195e-06
0.000309533
9.178946e-05
8.819549e-09
1.3177078e-05
1.3398822e-07
1.1717953e-07
0.00037858018
0.99999475
0.8050949
0.0039257873
0.0138961775
2.3716946e-09
3.592754e-08
0.0005178418
0.00020380518
6.548064e-06
1.7928177e-10
3.7654825e-08
2.1551445e-09
0.22413024
5.7346045e-07
7.423794e-11
0.99999475
9.310947e-06
0.81445456
0.00012410116
1.9395141e-07
0.088463046
0.00033857735
1.136902e-06
6.0094357e-07
2.282778e-05
6.217547e-11
0.29742303
1.3565157e-09
3.114332e-08
3.8260644e-08
0.89548385
0.05518424
1.7742517e-09
0.33595884
0.00048623548
2.6157993e-05
1.7527064e-07
9.2556984e-10
2.7822789e-10
1.1981632e-05
2.3814498e-05
1.136902e-06
0.99995106
0.00017346142
9.774126e-07
0.0031319866
6.382045e-07
0.002188765
1.332691e-09
6.513694e-07
2.1925538e-05
0.0021536744
3.798325e-08
3.6197414e-07
0.99526495
0.0015956197
2.2800452e-05
0.00037858018
2.895426e-05
0.004770688
8.111597e-10
3.972836e-07
6.3116334e-10
0.00040824176
3.4164782e-09
0.0017920776
0.687628
0.6802628
0.00026655945
0.0118351
4.89236e-07
1.2748683e-07
9.5731686e-08
4.5130447e-10
0.9690865
1.4247162e-09
0.99863315
0.003345208
0.99890745
0.00090694154
2.1116466e-07
2.3814498e-05
0.0013674775
0.0023522
6.8911e-07
1.9465053e-05
0.0058693103
0.03845161
2.2131685e-09
3.914476e-05
4.0801763e-07
1.0069839e-06
0.99995744
2.5230637e-08
9.763936e-06
0.99930286
1.0
0.037095662
5.5248905e-10
6.717509e-05
1.0545561e-05
1.4969329e-10
1.0043657e-08
0.0042854887
0.0018119782
0.00012897207
8.395637e-06
6.8717204e-06
3.0433472e-07
1.7415923e-08
0.00011040716
7.364364e-06
1.4881662e-08
4.076042e-07
6.8911e-07
5.07191e-09
1.7274267e-07
2.575341e-07
4.4097195e-10
0.9974017
6.4227547e-06
0.00088388845
1.7784191e-09
5.833036e-05
1.2219111e-06
0.99993724
4.0701995e-08
0.00011194647
5.3788436e-09
0.00037858018
1.5638701e-05
4.524504e-05
1.0
0.025111474
0.00013396997
2.1315685e-09
0.050365377
9.9446944e-11
0.3641462
0.025510877
0.9920838
3.3794567e-10
0.0021536744
0.9998722
2.6819007e-09
0.39768457
3.306843e-05
5.6160013e-07
0.8353086
5.603142e-06
2.895426e-05
0.999203
0.012765057
8.772155e-09
5.2036235e-06
0.33595884
