1.0
3.696767e-08
1.238884e-06
0.024003243
5.1364943e-09
2.1435788e-05
6.3798934e-06
0.9999685
0.016939828
0.98258334
8.353207e-09
3.9337655e-10
0.99539506
2.7639177e-07
1.7405005e-11
0.028303877
6.714833e-09
1.2293997e-07
3.0638533e-10
2.7448612e-09
7.287176e-08
4.381987e-05
7.289313e-06
3.6075554e-07
0.97646224
0.99987465
2.1435788e-05
4.953477e-07
6.2145014e-06
1.7224077e-06
5.760108e-10
6.3741404e-06
0.9930704
0.001085574
3.3395707e-05
0.0010398419
1.4319739e-06
2.262612e-09
0.0015063673
2.3228395e-08
4.5114066e-06
1.8913672e-05
0.0005902489
0.0004634362
1.8751425e-05
0.00015838789
4.1826148e-08
0.3518962
5.4142646e-07
3.0727872e-08
0.026646057
0.9999785
1.9496747e-05
3.9740327e-05
0.98258334
5.2797433e-05
0.016920686
1.1910316e-05
0.0025202013
0.055473626
0.00013262268
0.3943209
0.063400224
0.92452973
5.8296212e-09
1.5937865e-05
2.8183809e-09
0.9999983
0.42134932
3.0543792e-09
5.76501e-10
0.999997
1.0
3.4632765e-07
1.3624813e-06
0.51134413
0.012074438
3.2639986e-05
9.60851e-08
2.2903848e-08
0.0024725606
0.0005146097
4.0931245e-09
0.03755849
0.00014932606
6.9581785e-09
0.00747902
0.0020575642
9.156132e-08
2.0256784e-06
3.6948106e-10
0.058704607
3.401609e-05
0.0018305228
4.5297247e-06
9.163601e-10
0.4573197
1.9307923e-07
7.3798794e-05
0.000360649
0.00023381234
2.3261542e-07
0.0023372853
6.0198898e-05
1.476056e-05
1.4343317e-06
0.99999803
0.028995026
1.0
6.6414555e-07
3.6948106e-10
0.007484742
0.6314538
0.00028957718
0.37396953
0.66414005
6.293402e-05
0.0008598017
0.121664785
3.315698e-10
0.00025016745
0.00028957718
2.3505836e-08
1.8626879e-05
0.16355595
0.0024725606
0.008412206
0.99999654
0.99869925
4.2836565e-08
0.8611267
0.01858738
0.6697678
5.2106024e-08
9.3094394e-07
0.15902342
0.00030056277
0.000109305984
1.0306346e-05
0.48872375
0.95835495
4.805976e-08
4.8489294e-08
1.4955906e-07
6.714833e-09
6.0198898e-05
3.6607269e-06
0.00044431238
0.8262748
9.120536e-09
1.7157652e-05
0.1510043
1.1436966e-08
3.8007129e-06
2.1426698e-07
0.99999976
0.9658551
0.6314538
0.0014747445
9.717358e-05
3.3358708e-07
0.06571393
0.86401355
5.031507e-07
9.647235e-07
0.9999982
0.9999876
0.0004919146
6.321368e-10
1.5858852e-09
2.2741652e-08
0.9919455
5.4219504e-09
1.660314e-06
3.6706752e-10
0.0018661123
2.4615232e-10
0.0023372853
0.96673244
0.024375083
1.3733021e-06
2.3189754e-07
0.99999803
0.0020575642
0.073491424
1.9491797e-06
2.6638554e-07
1.2756859e-06
3.206915e-06
3.436243e-07
9.8228334e-08
3.4803875e-07
0.05514145
0.9999664
1.0391849e-08
2.0761358e-05
7.164091e-06
0.99982375
8.35774e-06
3.309937e-09
4.879695e-08
5.1949034e-08
3.516568e-06
1.0
0.6794581
1.1033861e-05
3.0547196e-07
0.003000221
4.99969e-05
0.0005356769
0.99996877
0.9999962
3.9748898e-08
0.088515855
0.00013297041
2.457468e-08
1.9000403e-06
0.0022747633
0.0001603081
4.237322e-05
2.7983922e-05
1.8974045e-09
6.6957386e-09
0.69448966
7.287176e-08
1.0417756e-10
0.99806595
3.047572e-08
0.00015873335
6.250397e-08
3.3977363e-09
2.0560661e-05
1.3618257e-08
5.2075357e-06
0.699437
6.0774714e-06
0.99590564
0.0021287785
5.1697572e-08
0.99999744
1.486362e-05
0.99999994
0.00029023722
0.0018305228
8.9823396e-07
1.4323414e-05
1.9948818e-06
2.1723465e-05
1.9389574e-07
0.0047026887
3.514496e-06
0.9999999
0.012601516
9.2653957e-10
7.428588e-06
2.2638897e-09
2.2421344e-05
2.8891282e-06
3.1866486e-07
0.05514145
3.0509665e-07
0.24141839
0.016235093
8.324899e-08
0.00028343848
7.17875e-10
0.00028037533
1.307735e-06
0.0004156962
0.9992651
0.00014287571
9.695298e-07
0.00028343848
1.1990823e-08
1.9647734e-07
3.0270513e-09
0.8486709
1.8297014e-05
2.5527518e-07
4.8002596e-07
0.99823344
6.3759614e-08
0.045462985
0.9999869
0.89479774
6.7091655e-06
0.07016553
1.0681755e-06
6.7072264e-10
0.0072070956
0.7281892
0.0010580694
0.00024352617
0.0011481314
4.6460013e-06
4.035233e-10
3.516568e-06
2.2941813e-06
0.00042059264
1.7198081e-05
