1.0
1.2329991e-08
0.0003319574
3.5979665e-06
0.017213842
0.23495926
4.7466653e-10
0.080754936
1.0226845e-05
0.0034925798
7.112506e-08
2.4463242e-07
1.2460206e-06
0.015592295
0.63535565
1.5247966e-05
0.02264761
0.0007153364
1.2331184e-09
1.6878873e-07
0.99140024
1.08094035e-07
0.6145389
3.440466e-08
0.0015038792
6.478691e-07
0.00013438951
0.0001634912
1.7895072e-05
1.6153872e-05
0.9617217
7.682419e-06
0.000809455
0.9997445
0.002686103
0.6120937
1.3848108e-07
2.4978568e-05
0.06562535
1.0
0.00075735606
0.999998
0.0001405707
1.5053004e-08
1.34363605e-08
5.8626965e-06
0.00014623621
0.765337
5.3745385e-08
7.1735326e-06
5.3677944e-05
1.6334185e-06
1.11354844e-07
6.924896e-06
8.669577e-05
0.58889025
0.99999964
2.407589e-07
0.10968924
0.0007155658
6.146942e-07
0.9596127
7.287395e-09
1.5022978e-07
0.0021295908
0.004974513
0.9322817
7.185357e-06
0.214378
8.6733465e-09
0.95928085
3.1425057e-07
0.9999917
0.110857494
0.31674817
0.00055299624
3.3609158e-05
0.9999642
0.12060054
1.8258737e-05
0.0029968566
1.3443479e-07
0.004617113
0.30747274
0.99140024
3.7793335e-08
7.488408e-06
8.726696e-09
0.002686103
0.033261668
4.9398126e-09
0.034662053
3.644384e-05
0.110857494
8.137372e-06
1.4118889e-08
0.016555296
1.3750587e-08
0.00025023255
0.0023173124
0.02603403
1.596375e-06
3.6022426e-05
9.1159574e-10
0.0001598002
0.00037913347
4.692247e-07
2.1619222e-08
0.9991748
0.99988973
0.00011383155
0.9998832
1.0
0.0006212306
0.0014951206
1.03038666e-07
0.83141476
0.00041633114
4.0653226e-06
3.200018e-07
0.0068091243
4.1064613e-05
6.2493878e-06
0.019692756
0.02603403
0.007674302
4.692247e-07
3.461368e-07
2.2366076e-07
6.717827e-07
0.00012066218
0.0002681316
3.2886294e-09
3.364739e-05
5.946973e-08
2.1408612e-06
0.0002644367
8.009037e-06
2.397279e-07
8.258773e-07
0.22871754
0.00071921246
0.83034277
0.18949763
2.4047238e-06
0.1582818
2.1489925e-08
8.2909565e-08
0.9073471
6.5314736e-05
0.0007603405
0.0003284997
0.10193862
0.000109562476
0.005845913
1.7616278e-05
4.92082e-07
3.0582414e-05
4.5536714e-07
1.4829412e-08
1.4811965e-06
0.0024433462
6.6754737e-06
7.175009e-05
0.011292599
9.271092e-09
0.9964057
1.6119225e-06
0.49483687
0.9354124
0.9999437
5.861185e-09
3.1311828e-07
3.4286617e-07
0.9998749
1.7605882e-05
0.035878535
9.649215e-07
6.0916136e-08
1.5247966e-05
0.003957215
2.375849e-06
8.839877e-07
1.3529041e-08
5.081265e-06
6.8087225e-09
0.9998909
2.2670956e-07
1.7183127e-07
0.6973478
8.6682127e-07
0.071131036
0.0001672759
0.00014017183
5.639079e-08
0.95910215
0.001858281
0.9981196
0.0029968566
1.4828936e-07
1.2399911e-07
0.00090035575
0.9736621
1.3538334e-08
0.0018040901
0.44055364
0.00032247647
3.75267e-08
0.000110341694
8.2127105e-10
8.725991e-06
0.0012519767
7.3476997e-10
0.6166651
1.6500789e-07
1.6359878e-05
4.449032e-09
3.1667364e-09
7.996546e-08
0.55854815
0.0034925798
4.035558e-09
0.005845913
8.731969e-10
0.9501198
0.019024907
8.290109e-07
5.1608982e-05
1.0980177e-06
0.024580369
1.0
0.23495926
0.016555296
7.445598e-05
8.6149135e-05
0.99999976
1.158735e-06
0.02603403
1.6575657e-05
3.590768e-06
2.0866783e-06
9.7662865e-05
3.921532e-06
1.763731e-06
0.26518247
0.2380523
0.80291027
0.9743714
0.0011238037
0.1109066
0.9998909
0.007485231
5.659807e-05
7.649589e-05
2.8788127e-05
0.018440593
1.7666449e-06
0.9681181
1.1642903e-10
7.175009e-05
5.8051344e-05
4.3717745e-07
0.7434233
7.8388686e-05
0.0005654338
0.0005463978
0.00910333
0.78680414
1.4832044e-05
3.4985184e-09
1.08094035e-07
0.6038449
1.0720161e-05
0.99997705
7.5557523e-06
0.9999998
2.3274055e-05
3.4391473e-08
0.9999996
0.0007153364
0.00024640452
0.00046237058
2.8901133e-09
7.573924e-08
2.9745459e-06
0.005725293
5.0460612e-06
4.891154e-09
4.176803e-08
0.9999382
0.0040542763
0.9980893
8.6745473e-07
4.6279357e-07
8.715039e-08
0.0024633305
2.9990197e-08
1.8258737e-05
0.00014017183
5.495364e-05
