1.0
1.0
1.0
3.7097075e-07
0.0007925935
9.1254115e-05
1.5993647e-06
1.8889765e-09
0.00013340755
0.0030260019
0.0021707006
7.416021e-08
6.17746e-08
0.89042693
2.304287e-05
8.505366e-06
0.9865124
2.0725912e-08
3.5077705e-05
3.3164654e-06
3.8739722e-07
0.9681689
0.00011034443
4.577384e-06
0.99999624
0.7137242
0.40843394
9.691207e-08
0.99999994
0.91769826
2.1486729e-08
0.2002269
0.00024199692
0.0018196105
0.0001335794
2.6595496e-08
4.07687e-07
6.2167537e-06
4.836836e-09
8.438944e-05
0.6254641
1.18896416e-07
0.0020575859
0.32220292
0.96746135
8.868325e-05
0.013407437
0.0008754656
0.08984378
5.097341e-08
1.9544277e-07
0.06975155
1.3752423e-08
1.4512748e-05
0.9999002
7.586945e-06
0.93016636
0.0054520275
0.9627705
7.8172656e-05
3.021675e-09
2.3283887e-08
6.050736e-06
4.2193826e-09
0.00030862453
1.492356e-08
0.00255783
9.980933e-06
0.0001594264
6.1191004e-06
0.00015646918
0.00072340074
0.0006501953
1.08778195e-05
0.1062096
6.429082e-08
0.03424594
0.13166994
7.649791e-06
4.5295737e-06
0.9913344
0.6453961
5.3808122e-05
0.032205675
6.6852404e-06
1.0
0.0003650676
3.218908e-05
0.0017313195
0.0012845602
4.6939754e-06
0.0007925935
2.6405755e-07
1.08778195e-05
0.30532557
8.535741e-05
4.9753307e-06
6.216748e-06
1.2615918e-05
0.98721534
2.8694443e-05
0.9995841
0.0654373
0.029886112
3.5229589e-06
3.543131e-07
2.935878e-09
0.000107278545
6.3953186e-05
1.0
0.0010274476
1.6156793e-07
0.00045929215
9.215224e-07
0.2183169
0.9951098
0.014662484
0.00075646606
8.734806e-09
0.00068839086
4.726314e-09
0.0020357429
1.470411e-07
0.9999928
9.923322e-05
1.6235717e-08
4.0625164e-06
4.9753307e-06
2.5543166e-05
0.004871309
3.980572e-06
1.0800768e-05
4.681993e-07
1.6343052e-09
1.3156236e-08
0.8052044
1.6343052e-09
2.3953228e-07
0.0073303287
4.089724e-08
0.60676324
0.08984378
0.9042152
6.470651e-07
8.992362e-10
0.012438759
6.5777783e-07
3.5901653e-06
1.7269605e-06
3.416061e-09
1.973773e-07
1.2031292e-05
0.00026044805
3.3083004e-05
4.5944267e-07
1.0
2.1389043e-08
0.0030260019
1.1345787e-06
1.2216177e-08
8.144025e-06
0.00047646865
0.99357784
1.9793358e-09
7.398244e-06
0.29257432
4.933918e-09
3.3687385e-08
1.0
7.117579e-06
0.00053593173
0.9814446
0.019290127
0.0015636643
0.99968445
1.4948762e-07
0.0005802764
0.10002599
0.69391364
1.0
0.0007925935
3.7236885e-05
2.6557689e-06
0.00016079079
0.0002784188
0.0017313195
0.0038226312
0.34695327
0.00045929215
0.9952936
0.0003712325
0.0002105421
0.9496992
0.00041302838
0.0011318211
6.050736e-06
2.0276525e-07
9.637489e-07
1.3590342e-07
1.3752423e-08
0.07920476
0.005302413
6.343622e-07
7.80344e-09
0.0022691104
3.1280474e-06
7.4685424e-08
0.99987227
0.0135994665
0.0008098223
0.99832684
0.0033247955
3.4098704e-09
4.0722572e-08
0.000105136816
0.9499859
5.59422e-06
0.08430048
0.222553
2.4046344e-06
0.0071924054
1.359257e-05
1.0089069e-07
0.041877046
1.0814638e-06
1.4152275e-06
6.17746e-08
1.4639075e-05
0.00239253
0.0006501953
0.9450807
1.2224811e-05
0.99997586
1.0013636e-05
2.7194064e-08
3.1280474e-06
0.11919028
1.0584048e-07
1.0
7.214965e-09
0.0007925935
0.003970091
0.89042693
0.28270507
9.789886e-05
4.3638825e-06
6.803007e-07
0.0022290386
5.0300092e-05
9.599416e-06
0.00019667711
3.7833368e-07
4.5539966e-10
0.0099488245
0.9963295
0.033963986
0.00016683132
2.397754e-08
4.0254695e-06
1.6790182e-08
7.694238e-08
8.343399e-09
0.0014220407
3.1617514e-05
1.191345e-08
1.4520246e-08
0.00263025
0.0014934359
0.0020575859
0.00035372697
2.3470471e-07
1.0
3.8397834e-06
1.382143e-07
0.051163234
0.00011034443
6.4444475e-07
0.00017896602
0.0654373
0.00052130653
2.8254157e-09
0.009769514
1.142253e-05
4.6452245e-05
0.040153172
0.40456596
0.99964595
2.7450218e-05
6.151816e-07
3.604174e-05
1.6847014e-06
0.0066681197
3.4255871e-09
0.9999986
8.868325e-05
0.36386335
0.0010202524
0.65640897
3.5077705e-05
0.00074157864
