0.99999225
8.231188e-06
1.5655863e-07
3.5207788e-07
0.011287829
0.20386207
0.9804008
1.63743e-07
0.99998146
9.516576e-05
0.013347598
0.9999529
0.99996275
3.7195907e-08
1.3728752e-06
0.0060702506
0.0037832104
1.1873139e-08
1.6837484e-08
0.025600506
2.50976e-06
3.309301e-05
8.231188e-06
1.7726209e-06
0.8490358
9.745675e-06
0.0038901265
3.41507e-07
3.299535e-05
2.9974412e-08
2.0442101e-05
0.9999947
5.970163e-06
3.1995359e-07
6.4615274e-06
0.9999938
0.00065321015
2.617668e-08
5.2115547e-06
2.3464489e-08
0.0769333
1.0475215e-07
0.035636116
0.0134744225
5.5845867e-08
2.1526425e-09
9.6119885e-09
5.9685067e-07
0.065702446
4.7988865e-06
0.0016175715
1.3586765e-07
0.0018489662
3.1046274e-09
1.458732e-06
0.90993017
0.008826164
2.1815175e-07
0.00012506626
5.1696883e-08
0.24805306
0.9984856
5.3588747e-06
7.753531e-09
1.7393108e-09
2.9010833e-08
1.11355e-06
0.99958813
5.2635835e-07
1.10087754e-07
1.2606314e-06
0.0006369283
0.9999971
2.3626535e-06
2.356855e-05
3.023233e-08
9.139378e-09
0.9998436
0.0011581139
1.6774134e-06
0.0007321708
0.000121101926
1.6234904e-05
4.9518047e-08
2.8057968e-06
0.9995571
4.6507855e-09
0.00020457731
0.0009897542
0.00011671828
4.3163772e-07
0.0004439631
1.6144086e-06
0.06602816
0.00062821317
0.00018693399
1.3586765e-07
0.006488288
2.3477196e-06
1.2627186e-07
0.94565547
8.636271e-07
0.98599803
3.0232874e-05
0.2170253
0.6946571
0.00013426514
0.001612844
0.035636116
2.7244064e-07
0.7936201
0.0019784803
2.9090657e-07
0.00049908983
0.9995305
5.5015306e-07
8.9725094e-05
3.4568427e-06
0.012121014
9.797251e-09
7.9405865e-05
8.6916054e-07
1.1907477e-05
9.42958e-06
0.047511727
3.2947822e-09
0.00017468852
0.0024998316
4.4794913e-08
0.99997854
0.9993966
1.1416608e-06
1.0512022e-07
3.41507e-07
0.54120183
0.0011698367
0.9690107
0.39787093
0.000171892
0.06361879
1.6037979e-05
1.3844605e-05
1.2099002e-06
0.99997646
1.7714075e-06
6.865753e-07
4.5697598e-06
1.3573364e-06
0.00050494826
2.8566019e-08
0.9999904
1.943721e-07
1.0500216e-08
0.030687189
0.007107884
4.296045e-07
0.92181015
0.0028684568
3.2030874e-09
7.6971366e-05
9.30864e-07
0.64754486
0.0011144562
1.10884116e-07
1.7726209e-06
1.458732e-06
0.011594859
0.9999994
0.0769333
0.00023569743
0.99999994
1.3457077e-09
0.99941623
0.29042944
0.9997957
0.99998224
0.00029427654
8.2214143e-07
1.1907477e-05
0.0006652761
0.0004922295
6.503229e-08
3.9480597e-05
0.0006369283
0.00011053252
0.21077563
1.0706389e-09
2.040805e-08
1.966744e-09
0.00026051138
0.00011053252
5.6017994e-05
5.2903592e-06
1.8919723e-06
5.4878087e-06
3.0516661e-05
0.05913398
0.001612844
1.066136e-06
1.706429e-07
1.7193714e-06
0.99975485
1.063155e-08
2.283402e-07
0.9999902
0.6397838
4.913645e-07
2.2495452e-07
1.6415876e-05
8.715765e-05
0.90016127
0.9999999
3.7815543e-08
2.4641127e-09
0.00032522308
0.001187763
0.0013401047
1.4990258e-08
6.6303403e-09
0.00010110053
0.002969753
0.9993966
1.0346112e-05
6.8906864e-10
5.5867026e-06
3.2537024e-09
0.0005734586
9.629891e-05
0.0027262424
1.8101086e-09
0.9996617
5.3275976e-06
0.00055446144
1.4362082e-06
0.00030503614
6.8124734e-10
0.008017529
0.0134744225
0.0104897935
2.9010833e-08
0.9995031
2.3477196e-06
1.6091446e-05
0.99485534
1.6780801e-05
0.7696002
0.9988126
0.99886096
0.36663818
1.2288279e-05
4.7271014e-06
0.0027262424
2.0573056e-08
4.8296337e-05
4.6564783e-06
0.0012195476
0.008031106
1.0512022e-07
8.808486e-09
0.22104311
0.00017812721
4.5999163e-06
1.0332074e-06
6.4670336e-09
1.4929941e-07
9.44364e-09
3.3711474e-06
0.99998987
2.0623855e-05
0.00022496481
0.0021732904
4.5462508e-05
1.3923352e-07
3.0104818e-08
0.94339013
0.998119
4.6391388e-06
0.024434648
4.2328025e-05
0.999991
0.0031969734
7.913185e-09
3.2021528e-09
0.72022647
1.0
8.567821e-07
1.914936e-05
4.749412e-09
0.0066577615
0.0014748148
1.4341484e-05
0.5197283
0.00041345815
2.2524535e-05
0.042693045
5.237074e-06
0.013347598
2.9749808e-07
1.5228935e-08
1.1243942e-06
