1.0
0.9999985
0.9999997
1.0
0.9999997
1.0
0.9999829
1.0
0.9998776
0.9999374
1.0
0.9999985
0.9999997
1.0
0.9999997
1.0
0.9999829
1.0
0.9998776
0.9999374
1.8596898e-10
5.1234245e-08
8.443536e-09
0.056902744
1.1965776e-09
0.0008099072
0.999971
0.99999994
0.013152886
2.0806421e-07
0.9999788
9.686522e-10
0.0028251854
2.979023e-10
8.784092e-09
0.97100693
1.0959748e-05
2.3775431e-08
1.0958627e-06
1.7282648e-10
6.5414206e-08
0.0026916682
3.5502652e-09
1.8340126e-06
5.965363e-09
0.104840726
6.821282e-05
0.013189949
7.812274e-06
1.8617699e-06
8.1147383e-10
2.5532097e-06
5.7845277e-06
1.6310105e-07
1.5534266e-06
0.99991703
7.5764376e-08
0.73929596
1.5416466e-09
5.003166e-08
0.9920676
0.99742746
4.917118e-10
4.002666e-06
1.3830202e-06
0.9974297
8.231253e-07
0.9980964
2.8851468e-06
3.3355918e-09
5.4954348e-09
4.6104913e-07
0.0026916682
1.8091192e-06
2.2323691e-07
3.270776e-09
4.1664514e-08
6.6025535e-07
8.008854e-06
0.0022160523
1.0
6.693169e-10
6.1945257e-06
5.2973412e-09
1.1698864e-06
2.0491198e-09
0.504776
1.5534266e-06
5.022844e-07
0.0011765161
6.790082e-07
1.529798e-07
0.00022327922
4.1731522e-07
0.29295927
0.17725137
3.9436048e-11
0.0048555923
9.882498e-06
4.7065746e-10
1.0722473e-09
2.2618156e-07
9.108857e-08
0.85003746
0.017051654
0.9999996
0.9999996
1.2732903e-06
6.7733352e-09
3.1095962e-07
2.4661e-05
2.9208357e-07
6.725305e-09
1.2639885e-07
4.1149564e-09
2.3667612e-08
0.005131732
1.8445954e-07
2.7166102e-06
1.5656253e-09
3.169259e-05
1.0479922e-09
4.5242493e-07
0.99174076
8.064767e-07
1.5057965e-06
0.063051194
2.7556707e-05
5.674982e-10
0.9978987
0.9981
3.701007e-08
5.7849416e-08
1.7104572e-05
6.584118e-08
0.8371206
6.363918e-06
2.523019e-06
6.6430534e-06
1.998675e-06
4.400471e-09
3.8144093e-10
3.4661074e-08
6.102883e-08
0.0026916682
4.0369625e-05
0.11072669
4.915496e-07
0.0048892926
9.9392665e-08
2.3506857e-06
8.336001e-06
3.5930047e-06
0.0005317395
2.9346588e-06
1.3585744e-06
6.328958e-05
2.8891538e-05
3.363602e-08
0.00042913033
6.4250924e-07
2.4014268e-10
0.00015834818
2.1004516e-09
1.3451065e-10
1.4054816e-06
3.511131e-10
0.2539507
1.3040434e-09
2.9346588e-06
0.34157443
1.4180996e-07
1.0297972e-07
0.9920676
0.0011751653
1.3954845e-07
1.30600105e-11
1.1914932e-11
7.96211e-06
3.1477967e-07
1.03827615e-05
2.6089053e-08
1.9471106e-05
2.0499094e-09
4.357169e-07
1.0
0.9793724
8.387612e-09
0.9981
4.0913408e-11
9.804658e-08
6.5864446e-11
1.7640439e-06
5.986004e-09
8.387612e-09
2.9548357e-05
0.5538289
0.999971
0.949942
0.9995006
5.5543456e-05
8.1415726e-07
4.3260365e-10
1.1313163e-09
9.313719e-09
0.024583457
2.446796e-06
5.927289e-09
0.00424501
1.2296439e-05
9.1894875e-10
6.070785e-11
1.1224088e-05
4.210921e-11
3.0625404e-09
1.595379e-08
0.999971
1.1583681e-06
1.0310039e-07
5.6614304e-08
3.2731726e-09
0.9893555
1.1698864e-06
0.8733543
1.2637053e-09
7.058953e-10
1.6782401e-08
4.1140047e-10
5.9687854e-06
1.5649663e-08
4.0848263e-09
0.9752155
0.9990919
0.0016935854
2.9323396e-10
2.8761537e-05
0.014900175
6.3784855e-10
0.9162048
0.00022965009
4.935991e-08
9.090525e-06
1.3929568e-07
0.0023623437
1.5656253e-09
2.2042603e-07
0.9998083
2.4279934e-09
0.00072233716
1.3585744e-06
0.005354225
2.3895348e-09
1.5159169e-07
1.9170482e-05
3.947569e-06
1.633685e-06
5.5155573e-07
8.762601e-10
1.1332918e-06
2.2220345e-06
1.937998e-05
1.6826126e-11
1.0453505e-06
7.999795e-08
4.0344446e-07
2.1995012e-08
0.9432684
5.8800124e-11
9.570476e-06
0.29295927
7.919187e-05
7.0451244e-07
0.0016935854
1.1907712e-10
0.9995926
0.058533125
1.2507411e-06
4.6416666e-09
3.9407626e-11
5.325992e-09
0.9999998
1.0840566e-10
0.00010866911
6.219614e-10
5.272343e-09
0.0016783095
1.0330366e-05
1.8465667e-07
0.87120897
6.7749534e-06
2.7413682e-06
0.9994938
1.381452e-08
6.473738e-07
1.6460897e-05
5.965363e-09
5.3986597e-09
3.261718e-05
0.04188088
1.0645403e-09
