0.99971795
0.99418896
1.0
0.0064570904
0.00046426879
0.9999953
0.6419019
0.0016125346
0.14521237
0.73813045
0.19282441
0.99999976
0.00019926006
0.062629916
1.0
0.99999946
0.1330482
0.9691828
0.95658386
0.9997504
0.30154353
0.024997398
3.1517357e-05
0.97895896
0.00013229504
0.005289843
0.9980971
0.14061609
0.9999963
0.04720237
1.1421071e-05
0.9600493
0.84266007
0.5269762
0.65486944
0.0033654047
0.010406557
1.644673e-05
0.9999197
1.0
0.9788589
0.041211303
1.0
0.18225323
0.97917306
0.017319545
8.12704e-05
0.9978894
0.88938665
0.9999982
0.8716165
0.7351421
0.99999756
0.99459046
0.8038636
0.99999416
2.0368932e-05
0.010639313
1.4207586e-05
7.110214e-05
0.99198925
0.9999771
0.8410356
0.29124704
0.10310781
0.8659883
0.99990493
0.99999416
0.93188065
0.98806024
7.958781e-05
0.54560477
0.9734073
0.87624663
0.99885064
0.9999999
0.46282536
0.034678113
0.0044215824
0.9975366
0.9996168
0.4570353
0.00030765947
0.08905008
0.03978554
0.702382
0.9999953
0.97192514
0.9861235
0.9881704
0.85199285
0.14996265
0.99105465
0.0023053994
0.99999917
0.0818659
0.74834096
0.8931699
0.99566424
1.2232484e-05
1.0
0.99999976
0.99875766
2.9597031e-05
0.26942927
0.00404649
0.99566424
0.25042787
0.6398142
0.0002892579
0.25335583
0.005924691
0.00060767005
0.00330959
0.039948206
0.9691828
0.9989021
0.8251877
0.048947435
4.0097788e-05
0.9997583
0.00011000006
0.9999999
0.9981168
0.0036449304
0.99999875
0.999746
0.89073575
0.9999953
0.9885351
0.042997297
0.5494395
1.0
0.01512665
0.4749987
0.00066081545
0.13217784
0.005289843
1.0
0.00038492144
0.039948206
0.4469571
0.98820674
0.9999103
0.91155356
0.94946426
0.9981895
1.0
0.99998945
0.99994504
0.5090505
0.9999975
0.4749987
0.93683106
0.71733356
0.92194605
0.9205938
0.9725635
0.9999974
0.0008124696
0.0021356938
0.62260693
0.9862953
0.99999934
0.35796013
0.21565485
0.99996537
2.0330936e-05
0.00021716021
0.021441938
0.006160902
0.9998577
0.00013495878
1.7997149e-06
0.018996818
0.9981168
0.024997398
0.00037252865
0.024353785
0.19282441
0.0008311345
0.0014511773
0.9991834
2.4051109e-05
0.9999998
0.9999103
1.0
0.012247596
0.9653488
0.10523877
0.99999917
0.9978888
0.95061547
0.4799051
3.6005258e-05
0.003860777
0.00013596915
0.0003865512
1.7582492e-05
0.9735421
0.008556231
0.9999963
0.983915
0.06015478
1.0
1.0
0.99999636
0.8893956
0.011903103
7.3275914e-06
0.9918698
0.2816195
0.9920979
0.98812336
0.067690164
0.05742026
0.035827924
0.9997583
0.9981168
0.9999999
1.0
0.98812336
0.9635009
0.30641252
0.004371324
0.99882764
0.0003109133
8.807163e-06
0.89490485
0.008327253
0.026493574
0.01806871
1.644673e-05
0.6946985
0.03320319
0.41120762
0.00026307974
0.99999726
0.9989021
1.0
4.7731828e-05
0.025853738
0.55572
1.6786531e-05
0.6648428
0.9746602
0.9999999
0.9999998
0.0044215824
0.021376194
0.9474218
0.99999946
0.980374
0.99856436
0.000105173116
0.8504188
0.9345159
0.0021252
0.00036653294
0.47890025
0.9732053
0.03708268
0.5933236
0.9721964
0.001437285
6.6356006e-06
1.0
0.00013495878
0.9999773
0.005289843
0.9844952
0.98817486
0.99999017
0.08905008
1.0
0.82986826
0.0010769782
0.98202676
0.007371364
0.662014
0.99952084
0.9999999
6.348295e-05
0.9996414
0.0027671326
0.0004197091
0.0075933365
0.99906284
0.2457458
0.9999935
0.999746
1.0
1.0
0.9732053
0.9999998
0.9990136
0.99418896
0.0031201316
0.0006423937
0.10310781
