0.08635626
6.6366624e-07
2.2631879e-07
3.7608137e-07
0.03184748
0.30110598
0.99998045
0.9999867
2.1222148e-08
2.7375794e-08
0.0018318379
6.777542e-05
1.419507e-06
2.6973903e-06
6.1658343e-06
7.9988794e-08
0.00014867933
1.4296461e-06
0.9999994
0.53951854
0.00032602338
0.0012690683
2.9501604e-07
7.0326314e-06
2.9676048e-07
1.1449488e-09
1.7217824e-05
2.4970708e-05
0.0004998242
1.45126595e-08
0.003502142
0.009755929
9.227315e-06
0.0019150778
0.005941923
0.0021248315
1.9813668e-05
0.0056694266
3.9602842e-08
1.3463829e-05
0.038436245
0.99999756
4.2688516e-06
8.6832486e-08
5.6944016e-05
0.002741131
5.5562484e-09
0.9999996
0.00063186075
2.0951917e-07
1.2616846e-09
1.2430946e-05
3.2539467e-07
0.99996054
0.09680339
1.7489978e-06
8.8744404e-05
4.915847e-06
2.8752242e-05
1.6241017e-07
1.01831e-06
0.95984393
1.0415585e-07
4.8612554e-07
1.4502704e-05
3.626301e-05
0.06256313
0.035724737
7.1937124e-05
0.62824684
9.730423e-05
0.00012056753
0.006198287
0.0007339662
0.9999948
0.0028305075
0.9999621
0.99835104
6.0106773e-05
0.9271939
0.00043132447
0.47205114
0.8489282
2.0935406e-05
0.5544502
0.5139148
0.58302927
0.000103607716
0.08329575
3.8762737e-06
5.5197744e-09
1.111655e-08
0.00032602338
2.6672998e-07
7.143884e-07
0.12974274
0.9997504
0.99351716
0.0043964693
0.981649
3.701112e-05
0.0011981312
0.00024807677
0.99999815
7.5135163e-06
1.1752276e-05
7.7576195e-05
9.923635e-05
0.00257073
1.1622745e-08
2.7404323e-07
0.00032653756
2.5459542e-06
6.9281996e-05
1.7166157e-06
1.5211666e-07
0.053383436
4.544423e-06
9.467526e-05
8.514766e-05
0.004171284
2.4541329e-08
7.1468266e-06
0.020666655
4.8071565e-09
0.009993307
2.6701523e-08
0.9999661
0.58302927
3.442453e-05
3.038013e-05
0.0009554688
0.0074864393
2.1760912e-05
0.18335763
0.007933167
0.0031846385
0.0076735504
0.9999945
0.0004383574
1.7544356e-07
5.6756564e-09
0.005941923
1.0
0.99351716
1.7528282e-06
5.0666597e-05
2.6973903e-06
1.1720339e-06
1.0
0.000201896
7.0729743e-06
1.2011135e-06
5.1152847e-06
1.3553712e-07
0.0076735504
0.98941326
0.7317773
2.3563473e-08
0.0007339662
0.09015837
0.024446689
0.026336094
8.8074936e-05
0.0037982643
0.006061339
0.8211637
2.9930885e-05
1.6865357e-07
0.04817279
2.362793e-06
3.2539467e-07
9.000126e-08
8.854594e-06
0.0004998242
2.3951904e-07
0.0010397409
1.1105063e-06
3.1768817e-05
4.4079917e-07
0.997465
0.99999815
3.038013e-05
0.0004244998
1.6061747e-05
0.0891556
4.401919e-06
4.2905086e-08
5.1152797e-06
4.2905086e-08
0.093722016
8.025362e-07
0.00012481559
6.749808e-05
0.99999946
0.007373835
0.028588632
1.0
3.3843367e-08
1.6454682e-05
0.21569775
5.822734e-07
9.204119e-05
2.250079e-05
0.73361945
1.9396214e-07
0.0023634916
0.99999976
5.0666597e-05
0.007004867
2.0484609e-07
3.1623795e-06
1.32250975e-08
0.0037982643
0.026336094
4.880791e-05
0.60960484
6.223225e-09
0.12974274
0.00040360005
0.34248817
0.9999878
0.00039060035
1.4086933e-08
9.0506825e-07
0.21993144
2.6678275e-05
0.005947803
1.6612908e-05
3.6701442e-06
0.99164027
6.1804656e-07
2.0551544e-05
0.9983321
0.24637352
1.4502704e-05
4.0071887e-07
0.06766644
0.00013020454
1.343408e-08
0.9999994
0.8893026
2.8752242e-05
0.1289748
0.9999985
0.00012759567
8.965531e-05
1.8138891e-06
0.98633736
3.5932747e-08
0.0040300786
0.9337565
0.0002226627
0.8545197
3.2275636e-06
0.8196445
0.9992749
0.9240038
5.53748e-05
2.9453602e-05
0.048023112
2.3954513e-05
1.8336526e-05
0.0053333715
0.01644149
0.99999994
8.5548146e-07
0.11942991
2.2469209e-07
5.652654e-06
0.009446506
0.03346575
1.4915763e-08
1.9941801e-08
1.0173994e-08
2.4983406e-06
0.0154177975
0.0051783663
0.10802716
0.0004998242
0.020851698
0.21906707
0.00015928205
1.4899304e-07
0.98633736
9.137897e-07
0.9999945
1.2999167e-05
0.8690426
2.1517466e-05
7.0039255e-07
0.0020292238
0.00307544
6.290511e-08
0.002068595
6.575142e-09
1.0362384e-05
3.896477e-08
5.68917e-06
0.85907453
