0.998532
0.024724806
0.99995846
0.9999995
0.9965544
0.9999995
6.869958e-06
2.12635e-05
2.3277632e-07
8.890689e-07
3.2471927e-09
1.8992214e-06
0.04235155
1.6877852e-05
2.661594e-05
0.99948615
0.9974884
1.8438972e-07
0.000100834026
1.0
4.1425155e-06
2.4242052e-05
0.09054852
0.08143541
0.7952791
0.99925095
3.4812582e-09
0.99999714
1.1638245e-05
6.1302575e-07
0.08063226
0.97090006
4.1047443e-08
5.3248773e-08
2.0774474e-08
3.6390725e-07
0.0002554878
6.991139e-07
3.8920036e-09
0.9935742
2.0319753e-09
1.850115e-07
0.9382549
0.00014792476
7.2698673e-11
1.39676e-09
0.002203628
0.8744093
3.5655503e-05
0.9460188
0.9999758
0.04000348
0.11252236
0.044416536
5.023983e-06
1.3043344e-09
1.5784759e-05
0.0018870259
8.537532e-06
9.884611e-08
0.00010319024
5.7267487e-05
0.999998
1.0856095e-06
2.0490663e-05
3.0115928e-06
0.83118993
0.99997765
2.2589625e-06
0.00034438437
1.06271755e-05
4.010895e-09
9.122964e-07
1.3261442e-06
7.120548e-10
0.9999547
0.999885
2.0801115e-06
0.00020444822
0.0004953464
4.664549e-07
6.116062e-07
1.0269795e-09
0.04096826
0.0039477665
0.00016930708
2.1335643e-06
6.480127e-06
0.7335602
2.6452963e-06
0.8968053
0.99948615
0.01966246
2.0801005e-07
0.00085764687
9.4811173e-07
0.9999982
1.39676e-09
1.1288551e-05
1.4152005e-06
4.1680083e-05
1.4150351e-08
2.4771867e-07
7.2931216e-05
0.037686966
0.7952791
0.9954178
4.3597954e-08
1.5227599e-08
0.14351629
9.791221e-08
5.9136504e-08
0.99973583
5.7734226e-08
1.5329353e-05
4.2346873e-08
0.9997926
2.048552e-06
0.9996022
6.1978955e-07
3.1799452e-08
2.4759194e-05
0.9156619
4.5354685e-05
0.00032975577
0.0010893574
0.6242961
1.1708726e-07
0.9999988
0.8338557
7.492776e-07
0.7388268
6.6930484e-06
0.9999986
3.874289e-05
3.9028688e-05
1.7020798e-07
0.15369157
0.9534423
0.0002827529
4.010895e-09
2.999597e-06
1.7694117e-06
1.1347097e-08
0.0001675845
6.6468674e-05
0.20283562
0.9990258
1.9757692e-07
0.00066091184
7.957398e-08
1.0722416e-06
0.012586798
0.9750093
7.152316e-05
0.01966246
8.7103507e-07
0.0042865225
6.9519834e-09
0.9382549
3.0665386e-05
4.2214124e-06
4.9069666e-08
8.0516505e-10
1.9482005e-08
0.48018783
0.008929043
0.0025981672
1.267402e-07
0.015482854
0.0077972226
0.00042741725
0.0040048575
0.9999253
0.24043968
0.11898154
0.9623155
2.1422635e-09
0.38794005
5.6048134e-07
1.438972e-09
9.648868e-06
1.1708726e-07
3.6917038e-05
7.454197e-08
2.0662954e-08
0.9931187
2.8431807e-05
5.2741555e-08
5.1694418e-08
0.999885
0.00013208252
0.9750093
1.0
0.001706658
3.5582605e-07
0.0014256353
0.87445176
1.2013313e-10
0.0012179242
9.192354e-08
0.9998508
0.014906826
0.0021084032
3.2368475e-09
1.9544364e-06
1.31883455e-08
4.5981145e-05
4.3304387e-09
0.00043302507
2.0662954e-08
3.331148e-06
3.3089987e-07
6.900829e-05
2.2278916e-08
0.00020678237
3.8434655e-07
5.763549e-05
1.1621088e-07
0.3912739
8.941711e-08
0.00057639636
0.0033403167
0.9999849
4.912192e-07
1.2764234e-06
1.1890163e-07
2.6376337e-09
0.15369157
7.653733e-05
0.010641485
1.6016934e-08
4.1764997e-05
0.00014158
7.957413e-08
1.6108841e-05
2.267379e-07
0.00097590813
0.001133264
0.92405725
1.6659207e-07
0.00023546314
4.558764e-07
9.841911e-05
0.9999998
4.613109e-06
0.9974884
1.0913931e-09
0.8718632
6.790721e-09
3.679459e-06
0.6242961
0.9999998
0.87007815
0.9952896
0.0003709253
0.99854976
1.0330142e-06
2.7181625e-06
0.10189502
0.938367
0.9997757
2.7557442e-05
0.0002909609
0.0036322763
0.9999986
2.4935856e-10
0.9750093
0.00060907274
0.43596998
2.1577057e-06
1.3215987e-07
4.954498e-07
0.87059325
2.2758737e-09
3.9732523e-08
9.138284e-08
9.55167e-07
6.071512e-05
1.0463706e-05
6.6487323e-06
0.9974011
5.9136504e-08
0.012725566
2.4489339e-07
2.7555222e-07
1.1592103e-06
6.6468674e-05
1.672851e-07
7.4242795e-10
1.2546904e-05
0.0055605434
0.71023786
0.26635212
0.8052907
4.7722335e-07
1.7587577e-07
1.9491952e-07
3.5582605e-07
2.8243772e-08
