1.0
0.99999946
2.905217e-06
1.7618313e-06
0.00047023123
0.78170323
2.3497287e-06
7.643274e-05
1.2934522e-07
1.03256646e-07
2.6127977e-06
0.05529127
1.0493094e-05
0.010519547
0.60704714
1.6500064e-06
6.424437e-08
2.076021e-05
6.272216e-05
5.6424583e-06
4.839814e-05
1.0789455e-09
0.8935714
4.151145e-06
2.1611652e-06
0.7567216
4.239439e-08
1.5878781e-07
0.00023593777
1.6822676e-07
3.5214295e-08
0.97218573
0.07307149
0.00024630563
1.1073632e-06
0.9999988
3.1503276e-08
2.0223083e-06
0.038376313
3.1964035e-07
0.0006569548
0.0003673599
1.5796495e-07
2.3491044e-08
0.021599315
1.0249411e-06
8.0833376e-09
5.3179754e-08
0.06141022
0.0047800336
0.00014926343
5.1883667e-06
0.24690308
1.3554387e-06
3.233317e-07
7.739437e-07
0.9656002
0.7040113
2.0593745e-08
1.1008426e-05
0.865495
1.4095478e-05
8.6247815e-07
2.8034027e-08
0.00013812035
3.8716195e-07
0.99999803
4.554519e-06
2.437609e-08
3.3603573e-08
0.79830754
0.00082720135
7.5460713e-07
3.1200394e-05
0.9999983
0.99999994
3.5696805e-05
0.0004649247
1.1172635e-05
9.131462e-05
4.837085e-09
0.975528
0.00024259664
0.0027924294
1.2800728e-09
5.6339267e-09
0.42399257
1.1611538e-07
5.1883667e-06
1.8040502e-08
0.0007850287
0.0021472096
1.1019195e-07
0.5005185
2.2966717e-07
0.99986553
0.0006727775
0.99999994
2.1064789e-08
2.3270726e-05
3.7927111e-06
2.001658e-05
2.1392896e-06
1.1375185e-07
4.9546202e-08
0.9999974
0.05840437
6.691934e-09
0.009423649
0.00031017017
8.862027e-05
6.129618e-09
0.00024010544
0.00042963255
3.1002357e-05
5.1231024e-07
0.0056232987
6.6430407e-06
0.9979237
0.50874484
0.020081779
1.4528273e-07
0.0060469946
0.002766042
5.6339267e-09
5.9197898e-08
1.9659255e-06
1.9321678e-06
0.5088711
0.00023468967
2.6694343e-08
2.272525e-09
7.548099e-05
2.507198e-09
4.8768384e-06
4.7314666e-07
3.6066822e-06
0.0015704556
2.1536867e-05
0.010471882
1.0770729e-08
2.7538672e-06
6.083637e-07
0.008934779
1.40357e-09
0.113852635
0.9960456
0.22575359
1.117628e-06
0.9651293
6.5009225e-08
0.004433563
2.4605458e-06
3.956917e-08
5.800836e-06
1.5906634e-08
3.9446496e-07
4.4687918e-06
7.887556e-08
3.180164e-07
1.6506896e-06
2.5822927e-10
0.79846334
0.98925275
0.97084105
1.6887586e-09
1.0767077e-05
2.5677005e-05
0.00019586417
0.0077486117
1.1087075e-08
1.40431515e-08
2.1862295e-06
1.3872351e-07
4.49416e-07
0.79335284
1.09639736e-07
4.3745807e-08
2.7538672e-06
1.480174e-09
0.05096482
4.2650356e-08
0.0010592308
7.63296e-09
3.9018765e-08
0.00010869067
0.8684173
8.6247815e-07
5.216494e-05
0.98651737
0.00053543237
0.18051134
0.99988383
0.99996465
0.8935714
0.00013968282
0.08237536
7.728755e-09
3.1354235e-09
0.76071596
0.9999895
6.3438704e-10
0.0022714455
2.172655e-06
0.00032093193
0.99983203
0.002024101
1.5775298e-07
6.017073e-06
0.0030606817
1.0053282e-07
0.00979165
0.003726436
1.6495596e-06
1.3451405e-07
0.99592936
6.8114416e-05
0.0026716741
5.921433e-10
0.00021565394
0.059786066
1.2748917e-06
1.5861301e-06
0.0054872576
0.0003435403
2.136184e-09
0.84791756
0.8935714
2.2479808e-06
6.129618e-09
0.0014443706
0.009063338
0.038407974
9.803475e-09
0.7417519
0.19760913
2.688376e-06
3.0211086e-10
5.999664e-09
0.9479997
0.948654
1.1087117e-06
1.7832175e-05
5.3144444e-09
1.7832175e-05
0.0013514322
1.33192675e-08
2.1579374e-09
9.627764e-06
5.921433e-10
0.76071596
4.6674063e-06
5.4027387e-06
0.053095736
2.7181827e-08
8.369401e-06
1.8172706e-06
1.0
1.1475553e-06
5.5688408e-05
0.0003220417
2.9607971e-08
0.028178323
4.4976307e-09
0.0036235116
0.19916473
0.037096325
0.00015514827
2.4825202e-09
0.006238063
2.839762e-07
0.9180321
0.00048575184
1.6945888e-06
0.999976
0.010471882
1.7497385e-05
3.3689296e-09
0.0022843631
1.4968178e-07
1.9419589e-05
0.008803584
3.0273266e-05
1.1475553e-06
4.9690505e-05
4.7248113e-07
3.67292e-05
1.5571939e-07
3.2186936e-08
7.38619e-09
0.00046729465
0.0003941245
5.5648417e-07
1.5837186e-05
0.95786786
0.0012480393
2.255026e-05
4.7046202e-09
1.3362329e-05
0.002024101
