1.0
1.0
0.99999994
1.0
1.0
0.9998093
0.99929535
0.99898624
0.99997574
0.9999999
0.99998915
0.9998553
1.0
0.99998474
0.99999255
0.99999994
0.9999999
0.999999
1.0
0.999914
0.99994504
0.9999992
0.999927
0.9972148
0.9976948
0.9999999
0.99999946
0.99999976
0.9999629
0.99999964
0.0585021
4.0077193e-06
0.98484164
1.7737806e-05
0.13252215
0.88998073
0.1977303
1.198162e-05
3.7991363e-08
0.29740253
1.9393507e-08
0.0008507472
0.9999985
2.2800452e-05
8.260567e-09
1.4691802e-05
0.99999994
2.1165247e-06
0.9999952
0.088610366
0.00048623548
1.4577178e-05
6.7785306e-09
0.999947
2.0000812e-07
6.7785306e-09
9.1463094e-11
2.5210585e-07
1.0669904e-08
1.1327587e-09
4.197546e-06
1.3008577e-06
1.3771442e-05
0.5879976
0.82606316
3.8190328e-07
0.0007386566
6.48443e-06
4.783233e-06
1.1717953e-07
5.193285e-05
2.3496018e-08
2.1159448e-09
6.958308e-10
0.00020318215
2.5615313e-06
0.0006673991
1.02691935e-08
0.9837786
6.840969e-05
0.00053472037
1.1742334e-06
0.06493089
1.3017309e-07
2.575341e-07
9.449379e-05
7.3873696e-10
0.05723855
4.952792e-10
0.99999994
2.6909873e-07
6.264744e-07
4.654137e-05
4.2481063e-09
0.0018321902
1.1017094e-07
8.953664e-05
0.9999997
1.3383844e-06
4.494169e-07
6.504641e-09
9.6431e-08
7.2286593e-07
3.2094403e-07
2.318158e-06
4.8087415e-05
3.94219e-07
2.2082014e-09
1.43317e-10
1.8455628e-06
9.773019e-06
3.2001546e-05
0.1830295
0.00033549595
0.7255272
0.00014092313
0.021157252
0.020998316
7.173816e-08
0.0002105694
1.2521437e-08
4.2481063e-09
2.498319e-09
6.473469e-11
9.394809e-09
0.00028259068
0.00020380536
1.0669904e-08
8.6642477e-10
4.775566e-07
7.230898e-06
1.3825623e-07
1.7274267e-07
5.8028483e-05
4.0701995e-08
7.528268e-08
1.3017309e-07
2.5126194e-06
0.0025532513
6.182539e-06
0.99735516
0.67337245
3.2270345e-05
7.2594236e-10
2.3604485e-09
1.3952157e-09
0.8927306
3.0781877e-07
0.001001085
0.8941639
1.0
0.9999904
7.042202e-05
0.0015956197
2.171172e-06
3.611913e-10
6.422749e-06
1.95281e-05
0.00012090762
5.2122425e-05
0.0014621273
4.0701995e-08
5.757132e-06
2.7388799e-08
3.1136813e-05
0.0006832604
8.595176e-06
0.99117255
0.00016425655
0.00012863505
3.595994e-06
0.9990622
1.28660795e-05
2.318158e-06
3.0781877e-07
1.7426877e-05
4.5025868e-06
0.3641462
1.1645684e-05
0.00016310536
1.7805021e-05
1.0
1.7670287e-08
0.89379555
7.365443e-08
0.001668667
5.7625858e-08
2.5441087e-08
0.006533818
6.522546e-08
0.8941639
7.5196346e-07
4.7713078e-05
5.820308e-06
2.5441087e-08
3.7752104e-09
0.0031337258
3.8409445e-07
0.9999984
4.775566e-07
0.9975118
3.3483235e-07
0.004163167
3.823241e-08
0.0137936
0.0015005162
1.0545561e-05
1.5191732e-07
2.1173983e-09
6.043136e-08
4.962252e-08
0.0137936
0.21057527
0.7255272
2.5933355e-09
2.1986389e-06
0.26584873
6.893795e-07
0.00041516038
0.50874454
1.3656817e-10
1.7197913e-06
2.6909873e-07
0.009571782
3.3478427e-06
0.0002070049
5.7822224e-05
3.270688e-07
3.2642329e-06
2.1173983e-09
0.9999998
1.8433627e-07
7.295263e-10
0.0025415884
0.0021404955
3.161982e-08
0.0030749254
3.6079757e-06
4.2269604e-10
2.5441087e-08
8.85239e-06
0.9999797
1.8209524e-11
2.3432267e-05
0.9999842
4.2269604e-10
1.2073227e-09
4.7713078e-05
1.3557138e-07
0.001668667
5.948056e-06
2.3604485e-09
1.37151215e-08
5.820322e-09
2.3982696e-09
0.94917315
4.2591786e-10
1.9020066e-05
0.18302946
2.7127734e-07
1.6428183e-06
1.9465053e-05
8.344771e-08
6.34876e-07
6.7785306e-09
2.6104854e-10
2.7287925e-10
1.3560451e-06
2.9061341e-06
6.630833e-09
1.7197913e-06
2.4996152e-05
5.8691945e-09
1.3409037e-05
2.3982696e-09
1.9487845e-07
1.3495069e-06
0.01919919
0.0058693103
2.356945e-08
2.3432267e-05
7.295263e-10
0.04658715
0.00042106182
3.0433472e-07
9.706669e-07
2.5686653e-05
6.3646375e-08
0.0012599408
6.7788055e-06
0.99998975
0.99999857
0.22523685
3.0433472e-07
0.0031319866
1.9285998e-10
6.5225585e-08
1.5629907e-06
0.9960209
0.007976803
