1.0
0.9999827
0.99629194
0.076010354
0.0007390533
0.99999094
0.08995214
7.025339e-07
0.73260176
7.1439918e-06
6.0161146e-06
0.010409886
2.7351316e-08
0.2007375
6.6156765e-08
0.0008058609
0.0013278105
0.98490906
0.99999684
1.7477538e-06
0.0081751365
1.1635287e-06
6.216157e-07
1.8260424e-07
3.2105985e-09
0.15513894
0.9962356
0.99999434
3.3153606e-07
0.000649126
0.00023949977
1.2052545e-06
2.4696945e-08
1.693684e-07
2.1023664e-06
0.9997242
3.2508986e-05
0.05452658
0.8895041
0.00096252153
5.8658e-06
0.99299294
0.022885425
3.214687e-05
1.0
0.8652169
0.7779649
3.6727527e-06
0.00011881685
0.74681306
0.98885685
0.00017057976
0.67023295
3.6280268e-05
3.325214e-08
0.00015093568
6.28346e-08
0.9278326
6.0006496e-06
1.1104237e-05
0.013231423
2.544332e-08
0.028835313
1.0783473e-06
0.0016167392
0.028835313
1.5810347e-06
0.9983441
0.9360215
9.677183e-09
3.8101196e-06
0.0014966092
0.02826733
0.11554445
0.0008215768
0.23676819
0.17744558
3.591329e-07
0.5961554
0.9998576
3.2703355e-07
2.2789734e-05
2.8847762e-05
0.08997341
8.1390635e-06
0.9427525
0.3035609
0.73260176
0.016444474
0.00014534374
0.04956815
5.146783e-05
2.0225058e-05
0.99999994
3.455636e-05
1.6557029e-05
6.376156e-08
0.23780915
0.9995863
6.825356e-05
0.00022367724
3.8105652e-05
0.00014534374
0.8895041
0.020294746
1.731238e-06
0.0003151282
5.609251e-05
0.00012339998
3.5928565e-08
0.92312753
4.6637478e-08
3.3078053e-05
0.006054483
4.9500566e-05
1.0509863e-06
1.0783473e-06
0.9999987
0.08787866
0.99705386
0.0071537676
0.999994
0.828424
0.00040464118
2.3319114e-07
0.9999997
0.0013416334
0.99639785
0.7324495
6.587597e-07
0.0003539071
0.8059203
2.0603746e-05
0.31269315
0.0004376013
0.32390013
0.6377399
0.999382
0.05899917
1.0
3.370571e-05
6.655715e-05
0.0009046062
0.0015381002
2.193355e-06
0.0076016597
0.9999767
0.0023639773
4.987937e-09
0.99999946
0.3219163
3.6280097e-05
0.00057283696
0.99999917
3.5023104e-06
7.017062e-06
7.2578445e-07
5.531859e-05
1.0
0.0075476053
0.9999935
8.4380035e-06
2.0702835e-06
1.2279178e-06
6.0161146e-06
1.5087754e-05
0.00023879294
0.99804205
8.247603e-06
3.4379337e-08
2.2992892e-06
8.658408e-08
0.0038124416
8.894393e-05
0.00018162926
0.00028571644
0.0058808597
0.09209149
0.00064220274
0.00032970798
0.99999994
0.00061470974
0.9996791
0.49157387
0.060555264
4.6269317e-09
4.330088e-06
0.04956815
0.99999154
0.17514129
5.154288e-05
1.6492493e-08
0.00012145789
0.99999505
2.2119615e-09
0.0012879721
0.9999949
3.8899085e-05
2.2247159e-05
0.7048318
0.99998885
0.00030051204
0.9999881
0.6807907
5.8839646e-06
1.7852855e-06
1.0
1.2825958e-05
6.204014e-05
1.4746014e-07
2.912513e-05
2.8473497e-07
2.225584e-05
0.00048703473
0.29500103
2.169745e-07
3.4965018e-05
5.324704e-05
0.0003866769
0.23045702
1.2524539e-06
0.010718838
0.00080133684
5.9035747e-06
1.0
0.00054642494
0.01781757
6.4344276e-06
7.5204985e-06
0.0004929359
0.06548996
0.7625277
0.00017057976
0.1545934
0.91443723
7.4789937e-06
0.003827417
8.314319e-06
0.013013708
0.0011739704
0.00167391
0.9967832
4.677095e-05
0.23073635
1.0178401e-06
0.025917012
0.000117507145
3.6778376e-05
0.0036026838
0.0015683098
0.9876118
0.9999999
0.00025933475
1.7176211e-06
5.7281e-08
8.156077e-05
0.00043272303
0.0017036296
5.146783e-05
1.6253538e-06
0.99999964
0.0005668382
1.0
0.9738015
0.0030752295
7.017062e-06
0.035677124
0.99308527
0.035677124
8.040482e-09
7.4635966e-05
0.9031593
4.8721804e-06
0.071268156
0.8073326
1.0
3.242553e-07
0.30331787
0.7779649
0.0661348
7.585575e-07
0.02609308
2.3447825e-05
0.64956045
9.350939e-07
0.9999248
7.11501e-05
6.2915283e-06
2.1129419e-07
0.054784987
2.8336798e-08
0.009897288
0.0009216268
0.9997242
0.143487
2.4767712e-07
0.93181384
6.210194e-06
1.688859e-05
3.5513286e-09
