1.0
1.0
2.3395964e-07
0.0006166694
2.8022672e-05
0.001345169
0.22494155
0.49641502
1.0
1.2689759e-06
7.52774e-11
7.7035173e-07
0.7558642
1.515348e-05
1.9136436e-05
0.9999972
0.00020731144
3.3155416e-09
0.0008699097
0.95984226
3.7219507e-07
3.4148773e-08
3.540129e-09
6.5457573e-07
0.91616
5.2612527e-06
1.15576356e-07
0.00032018867
0.0004705209
2.6133832e-05
2.6349548e-05
2.6805787e-05
0.00017021988
0.18554498
2.6133832e-05
0.70224535
0.5075821
0.009746652
1.17040486e-07
7.0357855e-05
0.00047779258
0.009021657
1.50480355e-05
0.00028517487
0.00013246293
0.16805306
0.0037110273
2.3260855e-05
8.066565e-09
0.43606085
0.28632236
2.047463e-09
9.080994e-09
0.00022280116
1.883965e-05
6.7913006e-06
0.07378023
7.850948e-08
0.0047406666
0.45114604
0.25415245
0.0036067548
0.0004680498
0.0010844062
3.7191814e-05
2.6083737e-06
4.1110945e-10
1.1022238e-06
2.5690753e-08
9.854299e-09
0.99997544
1.0
0.010766864
0.000561804
6.239012e-05
0.99999034
7.430714e-06
2.8406763e-05
2.3298858e-08
0.02287938
0.96544534
4.791743e-08
2.3298858e-08
2.7574885e-07
7.9414457e-07
8.945523e-10
3.1038163e-09
5.889705e-09
2.0743153e-06
0.9263352
0.99984884
0.00020852151
7.400309e-08
8.1645e-09
9.585401e-06
4.5473825e-10
7.6203713e-07
0.00013745342
1.0
4.7095114e-07
0.00042763937
1.951878e-09
0.00017327
1.9720922e-06
0.4324638
0.99885046
0.0008233661
0.00033485048
0.3491938
1.8853943e-06
4.0483252e-09
8.1645e-09
1.0277761e-07
5.4884247e-05
6.6138805e-06
4.885208e-06
1.3269412e-06
0.9713363
3.007087e-10
0.031157533
7.332625e-09
1.3273943e-06
2.6509483e-07
0.9892032
3.4590324e-09
2.0850877e-07
3.108575e-06
2.692032e-07
0.00023360067
4.492155e-07
9.892999e-09
5.959048e-06
0.7558642
9.357699e-06
6.055407e-07
0.00017337759
0.9999768
2.6550837e-05
2.6543155e-06
6.399281e-08
0.0009394541
1.807391e-08
1.4030059e-05
3.8575923e-05
0.00028274214
1.582851e-06
8.175393e-06
0.00026921977
4.8969437e-08
0.98076516
0.023773398
0.00010527627
0.0006739255
0.017481245
4.4143962e-06
2.0513758e-07
1.4760551e-09
0.5518898
5.715451e-07
0.938128
0.9649724
1.5497997e-07
0.84291464
4.4143962e-06
4.9381097e-06
1.1403442e-06
1.1830235e-08
0.00017337759
0.999967
0.07386285
5.3599916e-07
8.2278435e-05
0.012186439
1.41155505e-08
0.04343776
0.00057756057
0.22195335
2.2860145e-07
0.99999964
3.1284086e-05
1.1035618e-08
1.555401e-05
1.9902523e-05
1.0530607e-05
0.00032054752
1.0517237e-07
8.18143e-09
0.00063682086
0.21835937
0.05779826
3.0010092e-09
0.00012094221
2.4955569e-09
0.0086743785
0.99885046
0.9999977
1.0791595e-09
0.0008485896
2.7069844e-05
7.559411e-07
0.99999785
4.7035098e-08
0.0028530997
3.0600942e-05
3.5022638e-09
2.4060965e-08
2.9531195e-09
0.005863206
5.152307e-05
0.00012335199
4.18286e-09
0.9987191
4.8969437e-08
0.9970479
3.693973e-06
1.1389919e-05
2.5580573e-07
0.89790994
9.128612e-09
0.89790994
1.2391377e-09
1.992368e-05
0.5413518
2.147926e-09
4.4846297e-07
0.00015980813
0.999669
1.7522532e-05
0.4479957
6.1541205e-06
0.13364841
1.9386102e-09
2.9680498e-09
1.8613242e-05
0.999598
0.08818843
1.072074e-08
4.8416655e-06
2.5252308e-07
1.0277761e-07
4.854204e-06
1.0585178e-07
4.1110945e-10
0.0066337935
1.5763699e-05
1.24316575e-05
0.01612405
0.00019133843
0.00032091845
6.6608754e-09
2.3609357e-05
0.15570556
3.6755097e-05
1.5702082e-07
4.1875715e-08
0.00051904406
1.5805084e-07
0.5927169
0.00041181588
8.52297e-06
4.3593423e-05
0.00047779258
0.005904779
1.1967305e-09
0.8263748
0.99984884
8.8095425e-05
9.4249284e-05
6.189535e-09
1.2783974e-05
0.99999875
4.7028823e-07
0.16716798
9.732547e-09
0.00021423819
6.6138805e-06
3.372854e-05
2.8022672e-05
1.3520872e-06
0.27995563
0.99727964
0.882257
1.3507607e-05
6.9888536e-08
5.2932833e-08
0.016988685
0.0107563
2.6083737e-06
8.357913e-05
1.3388987e-07
3.5899461e-06
9.923667e-10
2.9689105e-09
0.36551735
1.2841035e-08
7.400309e-08
0.6059369
3.4597647e-06
2.8815612e-06
0.0728074
