1.0
1.421975e-08
1.4488575e-05
2.8272402e-11
1.5440293e-10
3.7235923e-09
2.1294321e-08
0.00010293159
1.645597e-06
3.8323527e-08
0.002501861
7.948949e-08
3.3088432e-05
9.895472e-09
5.1341645e-05
0.998396
0.0037168462
0.0010012424
1.4802074e-05
2.523647e-06
0.0001930883
1.7026366e-06
0.9932874
0.9104245
2.6991485e-09
8.161519e-06
1.5204604e-09
3.168085e-08
0.0024407732
4.345518e-06
1.1469772e-09
2.2136233e-10
2.310551e-08
0.42434034
0.003940579
1.0481086e-06
0.003940579
0.00052916945
9.871851e-07
3.5992055e-06
2.6663207e-07
1.2942143e-08
3.5567307e-05
6.666338e-06
0.005714885
4.9754046e-05
5.0731837e-06
0.001277918
2.8391446e-07
2.8932618e-07
1.2587869e-07
3.6553205e-09
0.0024859088
3.6648706e-09
7.0758215e-06
0.00012055361
0.0014074282
0.7378234
9.036676e-06
1.4236447e-06
1.4351882e-05
2.2659038e-05
8.1728683e-07
6.2484165e-09
0.8222359
1.9352555e-09
3.3599008e-06
0.008753594
0.062144782
3.539991e-05
0.9999771
5.067088e-07
0.006243419
3.856698e-05
0.001714058
0.00029622784
0.9999596
0.0037168462
2.2659038e-05
0.99694514
7.5519395e-08
0.00082661666
0.61796457
0.0004518821
0.9966104
0.7583779
1.4488575e-05
1.1330919e-08
0.0033074045
0.8735272
3.3703966e-08
0.09732075
5.607904e-10
0.00020798876
2.1190991e-09
1.1749799e-05
1.5005899e-06
1.4286322e-05
9.231339e-07
1.4863454e-07
0.9999998
1.0067795e-05
0.00022221392
8.367725e-06
1.8184201e-06
8.9470845e-08
1.161135e-07
7.841331e-06
1.0166593e-05
1.0596041e-06
0.00063370017
1.9280358e-07
3.090344e-05
0.9998425
0.0028104952
0.0013576703
0.017068375
4.6846677e-10
0.9172207
3.267795e-05
2.9602631e-10
4.443163e-09
2.0633554e-05
5.163852e-05
1.4955336e-07
0.9999848
0.03986462
2.3900972e-07
0.053724155
0.998438
9.895472e-09
0.00028093107
2.8654506e-06
0.43993795
7.753971e-06
0.23503028
2.9486296e-08
1.939593e-06
0.0035420961
0.000110226545
0.0010358336
3.2627507e-09
1.0803581e-09
0.3565617
0.39777198
1.7009336e-08
8.062137e-07
2.0783368e-06
4.0530745e-10
0.0119342245
1.1486543e-05
0.99997437
0.9300829
0.0008716592
0.99881786
2.7496355e-05
3.1207957e-08
1.3194029e-05
0.00037078897
2.4302603e-08
0.9998425
0.22075464
0.99981624
2.986599e-07
0.02252046
0.91299415
1.939593e-06
1.0
1.5460399e-06
2.7040244e-08
4.1680278e-06
0.99999994
0.008753594
0.99989283
0.00063556485
0.07881815
0.0014848298
6.666338e-06
2.077996e-06
0.005714885
1.1776967e-08
0.99566215
0.00020022984
1.05417385e-07
3.539991e-05
1.2587869e-07
1.2672939e-10
2.3937543e-09
1.1698162e-06
4.589042e-05
4.433834e-06
6.166618e-07
2.7056993e-05
2.550664e-06
0.8185173
2.4242636e-06
0.99976814
0.25807187
0.0040671313
4.8353527e-08
1.0596041e-06
3.3461123e-09
8.2248573e-07
1.0166593e-05
2.0691615e-09
9.72674e-07
2.853453e-09
3.3599008e-06
0.92715245
4.4389515e-05
2.0210885e-07
9.190215e-08
0.00046128192
0.00010246299
4.5686996e-10
7.779938e-07
1.36979625e-05
1.4792237e-08
4.729806e-08
1.1226775e-05
0.0034545115
2.077996e-06
1.7278635e-09
2.6075975e-05
1.4165938e-07
2.754732e-09
3.64803e-08
0.99146754
0.003645968
0.02819602
0.22075464
0.7115845
3.139203e-05
1.3483028e-06
0.99881786
0.4245577
2.4474459e-05
1.0
1.2594198e-09
8.062137e-07
0.0014848298
0.08057219
2.5464535e-05
0.0035437879
0.044431604
4.1800988e-07
5.2694077e-06
0.9999675
0.27252084
0.9655102
4.395767e-08
1.4488575e-05
1.0075084e-06
0.00010933413
2.7861955e-08
0.003676842
1.2825467e-08
1.7587428e-09
3.066398e-09
0.00024742555
1.766293e-07
0.99989307
0.0063644964
5.2109602e-08
1.6579501e-06
1.2236109e-09
1.7025692e-05
5.2470095e-10
9.112607e-09
0.0019548445
1.085388e-06
1.5026146e-07
9.796457e-07
9.767529e-07
1.645597e-06
9.177354e-09
9.777053e-07
0.008000598
1.1947675e-08
5.088045e-08
0.43993795
0.0030640897
0.99973625
1.986719e-09
1.8023119e-06
1.6220756e-07
0.000110226545
0.0024859088
0.08057219
2.1994898e-05
1.4456252e-05
9.309079e-05
2.9267332e-07
0.99989283
3.4136415e-06
2.4834035e-06
0.70070094
1.7842416e-10
0.16645932
8.867252e-06
