1.7411246e-07
4.2322323e-08
9.286125e-05
0.85383904
1.4293822e-08
5.4519614e-06
0.2994379
0.000690835
5.3690545e-09
0.007378754
0.037408397
7.738258e-08
2.5676392e-05
7.5764176e-05
1.1330614e-05
2.3668617e-06
0.8130611
1.617683e-08
1.0
3.3668122e-05
0.8787554
0.538271
0.00028697881
0.0017127221
4.3558435e-07
7.923857e-06
2.3617935e-05
3.256763e-05
0.9740564
1.6140517e-09
0.9999577
0.00026144495
3.9055696e-08
4.7051435e-06
6.3009797e-09
7.71537e-08
0.05162082
0.9999991
9.519945e-08
0.99987435
0.71091557
0.00034476837
0.81326264
2.1532357e-07
3.4852597e-08
1.2249283e-06
4.7487624e-06
0.63177603
3.8797945e-05
0.037384793
0.9967938
6.237299e-05
0.00090613397
0.33296266
0.50756264
0.9964238
0.8485916
0.0004035079
8.8203866e-05
0.9999995
4.8121083e-06
9.1633265e-06
0.7294285
0.99996835
0.0071765287
3.256763e-05
0.9999927
0.0020364162
3.9671946e-07
1.3338507e-05
3.250011e-07
0.08487861
6.2893574e-05
2.5050779e-06
0.94811994
1.0
1.0
5.1282048e-05
2.6270114e-05
0.94387585
6.7568226e-06
0.88695765
0.8079494
1.2610445e-07
6.784296e-06
0.025090676
0.0048197396
0.008511698
0.0001516573
0.99887
3.8328643e-08
1.7116288e-05
2.7057971e-05
0.926338
0.0035053417
0.04032176
1.2090764e-09
0.8368753
0.18578546
0.00023717691
1.0653026e-08
0.34167498
0.0010299747
0.00023657616
0.5996097
1.2767673e-05
0.00029629873
1.4293822e-08
0.538271
0.09442234
0.538271
7.6653514e-08
0.2185814
1.738259e-06
0.8148234
0.98895085
0.17902766
0.4404825
0.00020404704
0.96916467
5.663667e-06
0.20603342
4.4583394e-05
0.00038787897
4.2083197e-05
0.0006746594
5.254769e-05
0.9991286
0.005281479
0.0004133474
4.6585652e-07
0.17902766
2.1562617e-05
0.0017543297
0.010595463
0.98578405
1.5831182e-07
5.677381e-05
0.9999966
0.00026144495
2.1262913e-05
0.000690835
9.930311e-06
8.624849e-08
6.846014e-07
7.6653514e-08
0.8148234
5.760071e-05
0.015094561
2.2070432e-07
0.00012477633
4.2242007e-07
0.0012751095
5.5792824e-09
0.00020547147
5.760071e-05
0.0036404706
1.5920215e-05
0.99999976
3.364627e-09
4.1753374e-08
2.055266e-08
1.2090764e-09
0.0015777008
2.7264424e-09
0.9872549
0.0009319369
0.1770661
0.81617534
1.0
0.0041397437
9.1633265e-06
1.7281478e-08
1.9592835e-07
0.9995106
0.019999662
0.0128767295
0.0010463488
0.9749037
0.00058649614
0.0005652116
0.0022507482
0.08397053
3.8307894e-07
2.033725e-08
0.00035492174
6.0696866e-06
0.0072760466
0.00023657616
0.0018353743
4.542047e-08
0.4903872
0.0002574815
2.800715e-05
6.803474e-06
0.010595463
0.002265167
2.1052043e-07
4.2485667e-07
0.04630002
3.8328643e-08
0.00013092664
1.24042e-08
0.9296593
1.608989e-06
0.9993179
0.0002197467
0.010595463
0.00013663982
0.00030991776
0.0022507482
1.1423704e-09
0.0010463488
2.9625367e-06
3.818721e-05
0.52302265
0.09087122
7.1479184e-07
3.556042e-05
0.00019182177
1.18599935e-07
0.84338456
0.08388854
0.993237
0.07799418
0.993237
0.99977976
1.0
3.9944818e-05
0.0009964316
0.0008413241
0.9413829
2.2070432e-07
3.4957388e-08
0.0003109726
0.0012751095
3.138381e-08
0.000226999
1.1423704e-09
0.00037129057
1.785578e-08
9.182036e-05
2.6949505e-05
0.00020404704
8.048301e-06
1.8401794e-08
0.0058557205
0.8641188
0.69417095
0.00026144495
0.5490942
0.52627945
0.03600811
1.7412789e-07
0.006351269
0.0001526418
0.99922353
1.1262271e-05
1.1478733e-07
6.879082e-05
6.704329e-07
0.99999976
0.0011633548
0.9999999
0.020011885
0.00037432034
0.10968715
0.0037029334
4.2716107e-07
0.0031837802
0.01478445
9.9812894e-08
4.732748e-08
0.041885264
7.0468246e-07
0.00023717691
6.3739405e-09
0.0016339367
1.4768839e-05
0.0013669189
5.1464406e-07
2.2971587e-06
0.028651077
0.7751265
0.020751962
0.9998587
0.00030744277
3.7348986e-05
6.719012e-08
0.981665
0.9999946
4.9098854e-09
0.004808057
2.3644839e-06
4.4951394e-05
0.017328119
3.0733858e-07
8.591745e-05
0.002060698
0.011254203
