0.99938244
0.0012254899
1.2110237e-05
0.007183473
2.7746359e-05
1.6749899e-06
8.492488e-06
0.1631633
1.0330386e-05
0.00089055253
0.040775362
2.6478432e-07
0.0003423783
7.9080786e-07
0.00082966156
7.755687e-06
0.084493935
0.97414786
0.42950273
0.6434333
1.8051493e-05
5.267066e-09
0.04268678
3.7190253e-05
0.21678647
1.5213833e-05
0.029133461
0.019539768
5.5173023e-05
1.2085246e-05
1.7551132e-05
0.017863398
0.00071807764
0.016992016
0.0005473405
0.7317433
1.776142e-05
8.080371e-06
3.449568e-05
6.7905944e-08
5.4731318e-05
0.26664105
0.9999947
0.29887688
0.04742193
0.013554343
0.983931
0.9988908
5.7416198e-08
1.1559819e-05
9.845492e-08
0.0011711479
0.00071011693
0.001082425
0.0005298834
9.846701e-06
2.139516e-06
0.0011711479
2.6444255e-08
1.2013496e-05
0.96900874
1.3717863e-06
0.0041320957
0.9973695
1.6431679e-07
6.9965645e-05
0.94489074
5.675351e-06
2.8398267e-07
0.0015406316
7.266554e-05
0.9320659
1.7761402e-05
0.00037386137
6.935021e-07
1.4980596e-08
0.7823133
0.998758
1.3956476e-08
0.9997604
2.3235455e-06
0.0010570317
2.393448e-07
0.00017311939
3.5375233e-06
5.1098095e-06
1.662771e-08
0.0003423783
6.112037e-05
8.22532e-07
0.0016786332
1.09640155e-07
0.18766707
0.008867902
1.613483e-08
0.00012241774
0.005461411
2.1185291e-05
3.748991e-09
0.99696225
0.00027549703
4.8481617e-08
0.03600523
0.1059966
0.00021224143
5.320631e-09
3.4157313e-07
1.3702244e-10
4.281353e-08
1.1087708e-06
0.017034903
0.0024510208
0.00027549703
0.9983856
0.9564997
0.1396776
5.0872007e-08
8.4202675e-08
6.828845e-06
0.016074697
2.8380563e-07
0.9999868
0.919444
9.120571e-06
3.1696036e-05
0.00019931783
0.00031721892
3.046282e-08
2.4353181e-05
1.3717863e-06
0.8349357
0.00044135956
9.280034e-05
0.57293355
1.5253492e-05
5.261935e-09
7.8234865e-07
0.00021623746
2.0655457e-09
0.22025317
0.006774164
0.99998057
0.04280961
9.815379e-08
7.862903e-09
0.00020551457
0.0030819029
1.0745244e-06
0.99997026
2.4353181e-05
0.99423105
5.5221228e-09
0.01592049
0.85376894
1.6471607e-06
4.0977943e-07
2.1026572e-06
0.106624804
0.00031163622
3.971025e-08
6.643873e-09
0.00011033065
9.650042e-07
0.9974006
1.6003602e-05
2.534491e-06
1.7535372e-06
4.8481617e-08
2.0362446e-05
1.3775991e-07
9.814383e-07
9.09494e-06
0.99591094
1.671487e-08
0.99998003
0.00089547737
0.0004526862
2.139516e-06
6.482149e-09
0.00015302654
0.7675634
4.1098112e-05
0.00065460673
0.006584392
4.908147e-05
0.999739
6.482149e-09
0.99999857
3.9788487e-05
1.206765e-05
0.0017927225
0.9729929
2.8380563e-07
6.9406315e-06
0.9999459
7.397163e-05
1.5727425e-06
0.3654571
0.00026313643
0.0024510208
1.2013496e-05
0.00065460673
1.4560509e-06
0.041111466
0.9580322
1.0911212e-05
1.6027569e-08
0.0012332968
4.1354677e-05
0.0008566864
0.0003288428
0.7243366
0.9998943
0.965386
0.00037830905
4.8246115e-05
0.00012711513
0.97766125
0.87495404
0.51334435
0.9729929
1.2085246e-05
0.998758
0.00065460673
0.00016641253
5.4301864e-07
4.1820463e-09
0.98440367
0.00075325236
0.9999997
8.8810275e-09
0.9999921
9.4048984e-05
9.845492e-08
1.3702244e-10
4.259506e-06
2.1331298e-05
0.7566228
0.050192922
0.00013341136
0.00037312505
9.09494e-06
0.0036828874
0.9999998
7.565616e-06
0.7824648
0.00013295874
3.8178857e-07
7.177043e-06
5.575227e-07
1.5983966e-06
0.09997477
0.999393
8.844913e-06
1.3666977e-06
8.7234175e-09
0.16130005
0.008301391
0.99997807
7.621149e-07
0.9764347
0.94078785
1.0
8.102317e-06
0.022655686
0.9983856
0.9674733
3.5375233e-06
4.3407636e-06
7.53735e-06
8.844913e-06
0.3118921
1.9759938e-09
0.3654571
0.97352743
0.0015647874
0.9977624
1.0
2.3512516e-08
0.95414186
5.721424e-06
6.5583587e-09
0.0003423783
8.820429e-05
7.9530116e-07
1.1423372e-06
2.9377334e-06
0.16538598
8.060613e-09
5.749933e-06
7.0060677e-09
6.1097526e-05
2.657081e-07
0.25984365
1.7551132e-05
6.964599e-05
0.99967337
3.898949e-06
0.0008351161
0.00028949825
