1.0
1.0
1.0
6.8651015e-11
1.3364279e-05
1.5892918e-09
4.7652938e-07
0.00020368706
0.9999828
3.4434644e-05
1.3679765e-07
7.836524e-07
1.8693415e-10
8.869923e-07
0.5777966
1.9767918e-05
0.010020645
6.256657e-09
2.42219e-05
5.9668684e-05
0.9998724
7.7997676e-05
0.98420495
0.9981798
3.1232696e-05
7.046025e-05
3.945571e-06
1.5012351e-07
0.002966736
8.5888627e-07
0.00017928609
0.014321203
4.436634e-09
0.006040017
0.010466566
5.775909e-09
0.00036500636
1.1687964e-05
2.358404e-05
5.541624e-08
0.001617389
1.8526887e-08
2.2841723e-08
2.1446298e-05
0.2301214
0.00019706643
1.4627325e-07
1.0181832e-09
5.2759414e-10
1.4310939e-10
2.046762e-07
3.6136853e-06
1.5012351e-07
0.0010209671
0.9999632
8.869923e-07
5.044472e-09
3.5142566e-08
1.5563995e-05
5.776661e-08
2.7556688e-08
6.771523e-07
1.4646185e-09
4.695799e-09
3.748546e-06
0.7561245
4.666811e-11
0.00020595045
1.32306695e-05
1.3306082e-09
8.287247e-05
1.4919973e-08
3.4745847e-06
5.5083447e-08
1.0472309e-09
3.4845783e-05
0.00070228113
3.2842436e-07
3.4918875e-07
1.6873878e-08
0.034798842
2.5529399e-09
2.8229638e-07
0.66932184
1.8693415e-10
0.0002874498
0.0006940673
0.01405701
0.49348608
0.0006117769
2.8509737e-08
1.3364279e-05
1.3694794e-06
0.00066358224
0.99999756
6.252897e-05
2.152822e-06
4.8589025e-11
8.538849e-08
2.1007752e-06
4.3253227e-08
3.4207003e-06
0.00016670539
0.0008347306
9.17151e-07
2.0849981e-07
0.01684144
1.3693735e-06
1.2005626e-06
0.00010491518
1.4418994e-07
2.084901e-09
2.257088e-07
2.86967e-08
0.9999239
5.348411e-07
2.3431975e-08
0.49348608
0.043584757
2.4525525e-06
0.00048428465
0.0006088208
0.9999998
3.952617e-08
2.5125994e-08
1.4475848e-10
0.008909581
1.4557745e-07
8.470219e-08
0.9999966
2.2086637e-10
0.050057385
0.115144596
2.8241188e-06
2.5141964e-07
0.998751
0.99994695
0.9994546
2.4500907e-06
2.5191591e-08
8.886728e-05
1.2140278e-05
2.45654e-08
0.17912251
0.0032200774
8.741125e-06
4.22347e-06
0.9740916
0.00016490341
0.99994195
1.6401368e-06
2.9118434e-08
5.285874e-05
1.6457116e-05
2.7235005e-09
1.875206e-09
1.3317304e-09
2.9831915e-07
1.6142118e-09
0.07644844
9.552708e-07
1.174872e-08
3.5142566e-08
1.32928435e-05
0.00014196461
9.610815e-09
0.9999996
2.1152534e-06
8.122008e-08
7.605482e-08
0.6177581
2.6613968e-08
0.066453256
7.651279e-06
0.99982977
0.5018937
0.4172513
1.0941471e-05
0.0017163286
4.5005392e-05
7.905912e-09
2.4820944e-05
1.2949349e-06
2.4500907e-06
9.975063e-06
2.284295e-07
0.0099698175
0.007160646
0.6177581
0.0009341309
0.0074494304
1.3694794e-06
8.2330705e-05
5.6933946e-09
0.5763593
1.3552213e-07
1.2863012e-05
2.9981908e-05
1.12357845e-10
5.333843e-08
3.1232696e-05
7.081465e-06
0.863786
1.1731611e-06
5.4747343e-05
0.0006088208
0.009634672
1.5536236e-07
4.046058e-05
1.604431e-05
6.364052e-09
5.3584174e-08
0.011696377
0.36666584
4.938451e-11
0.99298584
0.0061804713
2.0680438e-06
4.1506354e-08
2.8932234e-05
5.1723714e-07
2.42219e-05
1.0633197e-05
0.9999845
0.99948764
0.00016155443
7.3355204e-06
0.027246319
0.034798842
4.0920005e-09
0.007166747
4.5106054e-07
0.06593875
2.8692843e-06
0.19316795
3.1658264e-08
0.10092489
0.97788405
0.015844045
2.8369188e-05
1.5797892e-05
0.00019508974
5.1765163e-08
3.1645128e-10
0.022395156
5.481603e-10
5.421485e-09
1.5799749e-07
1.0
3.866214e-07
8.421213e-07
3.3795875e-06
0.99878716
5.8215937e-05
2.8142246e-08
0.0064232773
7.7997676e-05
1.5086979e-08
2.6256036e-08
1.2908537e-06
1.9095753e-08
8.435134e-07
2.1049877e-05
6.493328e-06
1.6094641e-10
7.296767e-05
2.8747031e-09
6.8435924e-08
9.315161e-05
0.4172513
0.0310393
0.010032061
0.00014322832
3.059425e-07
0.18636045
0.0020519462
7.57324e-05
0.00014196461
4.590988e-08
8.5888627e-07
1.2095937e-08
1.0114006e-05
1.0701423e-10
0.0016016467
0.0196771
2.0193083e-07
0.00025184
1.6611758e-09
1.1218943e-08
8.980618e-06
1.0
1.5329066e-08
0.99999857
4.534664e-05
0.99998915
0.12045638
1.5125581e-06
0.001617389
0.9882736
3.8494227e-07
