0.99997896
2.2343445e-06
0.8974807
7.79217e-08
9.264437e-05
1.7354103e-05
0.00032197818
2.4084484e-06
2.007543e-06
1.0
0.22193015
0.96194565
0.00029772703
0.06984006
1.8556173e-05
2.5263248e-06
0.00028493465
0.9999973
0.005622499
0.00016163517
0.011547471
3.4430705e-05
0.9847737
9.917314e-07
0.000301355
0.0010395225
0.99956626
6.106556e-07
7.628698e-08
2.1012942e-08
4.3465774e-05
2.5887613e-07
0.5774469
0.0011782241
2.533997e-08
1.3546863e-05
0.00056199677
6.5192495e-08
0.2552961
5.4182494e-09
0.520288
0.99447256
3.4669978e-05
1.8121026e-08
0.00060340075
0.025551314
0.16788588
0.17284353
1.3242636e-06
1.3476433e-06
0.9997043
6.823403e-06
0.11607496
1.3491646e-06
7.2444493e-07
3.1696127e-05
0.0009333689
0.09714312
0.00044536166
2.7662118e-06
5.278886e-07
0.07338627
1.1624584e-06
1.8679873e-06
0.23402388
7.561193e-08
0.0027470356
0.98674744
0.0041826293
3.1937025e-06
1.6730678e-06
0.92679673
0.0005174315
0.9943689
0.00020769685
2.2960743e-05
5.716487e-07
3.8166316e-05
6.763279e-09
0.00030480154
6.308486e-08
0.0039557456
4.811892e-08
0.12914363
0.00090264186
1.3180836e-05
7.1477814e-05
0.0016482915
2.1696756e-06
2.06461e-07
2.3943636e-07
2.6595615e-05
1.0
1.8160838e-06
0.0027408039
0.00056226196
0.9999941
0.0003065694
0.00016964466
1.0201782e-08
4.8090205e-06
9.469401e-08
0.94399726
0.5865233
6.4449973e-06
0.7099624
0.018550588
0.99771965
0.009244933
2.95687e-07
2.4725405e-05
6.119432e-05
2.8773705e-08
0.0028121555
9.5430705e-06
0.99992526
6.921714e-08
0.0017229026
0.99999833
0.00013558309
4.0354057e-06
0.99662405
0.0004834443
0.0006927813
0.00053604157
0.86734843
2.2960743e-05
0.0003888388
0.0009445354
3.9587627e-05
0.99999994
0.00026251774
1.4434763e-06
0.09798705
0.63015985
7.312865e-05
2.0996695e-06
0.0025807999
0.01907353
0.0014128777
1.0
0.2809121
0.9999953
1.8872221e-06
0.00048079013
0.0008173921
8.018659e-06
2.1014917e-05
0.0142803565
6.630977e-05
0.00028493465
0.00014471094
0.002064966
1.4423554e-08
3.3325608e-07
0.0010668722
0.98256874
1.1877172e-05
0.007021267
0.028595883
2.3017878e-05
4.9491703e-08
4.5992538e-06
4.5222446e-06
0.00031286152
8.488931e-08
4.8090205e-06
2.2343445e-06
0.98984814
0.99998987
6.4593625e-10
0.9941119
0.0026429559
0.00061780214
0.16028586
0.097964086
0.98192674
0.049523074
2.227917e-08
7.833029e-08
0.99999577
0.00043407132
9.1544695e-07
2.5763024e-05
0.0003301754
0.00016888158
8.455723e-08
0.0011763274
9.853512e-06
4.2019337e-07
4.809989e-05
7.628698e-08
0.9941119
0.96995384
2.064733e-06
2.528793e-07
4.812535e-06
9.869422e-09
0.99999875
0.34234297
2.4045053e-07
0.0003067796
0.0027433867
0.9439502
2.528793e-07
1.7588953e-07
2.3338875e-09
0.013406465
0.68526435
0.00077716383
3.440504e-05
6.4046685e-06
0.4339795
0.005622499
0.0009548395
0.65920067
1.358188e-05
0.9997043
9.401437e-05
0.03214517
0.937851
0.7754592
2.007543e-06
0.0001658369
1.1601787e-05
0.99999905
0.004940228
0.1586391
0.9999959
3.979676e-05
2.227917e-08
0.0010131791
0.0004766374
0.00046721046
0.007986147
0.9999918
0.99999994
2.4453391e-05
1.6006968e-06
0.9958462
0.0048002535
0.011827629
2.7615438e-06
0.844213
0.005052363
0.008238763
0.99995315
0.0039557456
0.97943187
0.6664078
0.0034368166
0.00019871857
0.9966614
0.9647399
4.8189744e-05
0.025551314
0.3448534
2.3338875e-09
1.8160838e-06
0.0010247681
0.032795195
9.264437e-05
0.9887125
0.4339795
0.9951479
1.1874406e-06
2.4682818e-08
0.2535541
0.9431895
1.0042938e-06
4.835012e-07
0.3238287
0.023141842
0.9943689
0.0009103609
0.0005231206
6.135024e-08
6.5192495e-08
0.0057568066
2.2747047e-06
0.85648805
2.2962932e-09
0.011701433
0.0007554201
8.753873e-06
0.99999857
0.11607496
0.39863393
1.7774415e-05
0.00028493465
4.421447e-08
0.15714256
0.00019907054
0.17784221
0.99362504
9.264437e-05
0.00012536871
0.0005954153
0.049523074
0.006648339
