0.00065775047
3.2027834e-05
1.1162614e-08
0.0008617271
0.00050729484
0.00017506504
0.0007667384
8.956711e-09
6.706974e-09
0.9988392
0.8940993
2.0615635e-08
0.0001403243
3.4784505e-06
0.46959874
1.2485147e-05
6.6631665e-06
6.4910496e-06
0.9999978
3.6170468e-06
7.861143e-07
0.20459929
0.04468479
0.0005190346
2.721934e-07
5.4156253e-09
9.358222e-08
0.9836636
1.4414155e-05
4.2681283e-08
1.5053843e-07
0.99930954
0.009562316
0.123479895
2.485932e-05
0.15969661
0.00017166122
3.8212477e-07
0.0006356058
0.0021789768
0.99570566
0.000111660534
0.9086204
1.0
2.5634863e-06
0.013718145
0.00013451657
5.7217098e-09
2.7438582e-06
0.9991699
0.9144748
4.3081974e-07
9.863083e-06
0.0003513567
0.030742582
1.5380573e-07
0.010177879
1.347489e-06
0.94210106
1.00658305e-07
0.99552757
0.7462133
0.0008617271
1.44364e-09
0.00035191097
0.36856225
0.004060797
0.03811424
1.3483183e-06
0.023405999
4.2983973e-07
5.548578e-07
0.5223745
0.00024654812
0.017696906
0.65895844
0.00017565711
5.7217098e-09
0.9998883
4.3135933e-06
1.0
0.00094607373
0.010177879
0.2775442
0.52833825
5.748293e-07
1.8645136e-07
0.004254163
3.2602748e-05
0.010889392
6.2491554e-06
8.388924e-09
5.7452545e-09
5.1110574e-06
0.60160017
2.7438582e-06
5.2915148e-06
5.3405693e-06
0.99999994
2.6961945e-05
0.002827997
0.904053
0.00024642592
0.9999983
2.4480728e-06
1.4177313e-08
5.9096008e-05
0.00013751241
1.00658305e-07
0.38040003
0.9999996
5.512903e-06
5.483571e-06
6.038168e-09
0.7451676
0.9994053
0.999007
1.6609376e-05
3.7410678e-06
0.9999794
2.5634863e-06
1.1757612e-05
1.8192853e-08
1.2522112e-05
0.0073652402
0.99999696
0.9999924
0.00042333073
0.057281252
9.991513e-07
0.0013559265
2.2619746e-08
3.87259e-08
0.0034800128
0.0022170383
2.5257626e-05
0.18164533
0.98733944
0.104882255
0.07869502
7.567356e-05
0.43329015
2.4249797e-05
0.98356664
0.04071364
0.99999315
0.00076443295
1.0513277e-05
0.00047241585
3.87259e-08
2.441925e-05
1.2923861e-06
0.00024290237
0.99999946
0.9692659
0.0007921457
5.7452545e-09
6.476939e-06
7.5932905e-07
1.3057707e-09
2.0851842e-06
1.2760819e-05
1.3544163e-05
0.9992251
0.85228163
0.9999809
5.2983847e-05
0.0010334182
1.9435204e-08
6.195626e-07
7.2238225e-05
9.829426e-09
1.0743943e-06
0.99249566
1.5407749e-06
0.5554371
0.904053
8.919157e-06
0.9997026
0.004341984
0.00026368292
2.7689776e-08
0.000935245
0.99999994
0.999996
1.3238091e-06
0.23714258
7.466701e-05
1.9079826e-06
3.2741522e-05
0.020135777
0.00083180005
3.750706e-07
5.592629e-05
1.44364e-09
1.3159718e-07
0.0005052066
0.00075867365
6.477874e-05
2.1186493e-06
1.8192853e-08
4.6405046e-05
8.5205415e-05
0.9800029
4.5369477e-05
3.0639309e-09
0.86789614
0.992989
0.17898539
0.0003424168
5.0320295e-08
0.00082516595
3.0551205e-06
0.01756805
0.0015352878
3.5925718e-10
1.0178138e-05
0.034848306
0.9995515
1.0
0.7451676
2.1186493e-06
0.0073652402
0.016203031
0.00038616575
4.492268e-05
0.9999801
0.00014724085
0.24042174
3.7690685e-07
0.004736596
3.327418e-05
3.67856e-10
3.827181e-08
0.004162487
0.010122611
0.98129463
8.1022324e-07
1.6561232e-06
2.6448996e-08
7.2862576e-07
0.0007128535
2.2266027e-05
0.44247335
0.00026746956
0.5277818
6.181774e-07
1.0743943e-06
0.1170853
1.0829066e-08
0.00024922157
6.039863e-06
2.0103676e-07
0.33827645
0.069819145
4.750633e-07
0.6011071
2.1742066e-07
6.431213e-06
0.0025626703
2.6448996e-08
1.380962e-08
0.004060797
0.95323735
0.9943427
8.676891e-08
1.8459134e-07
8.683779e-06
1.2464844e-08
2.1742066e-07
0.00034852733
1.7804145e-07
0.017559567
0.0035791358
0.5368585
4.6028427e-07
0.9922385
4.764146e-09
7.5861055e-05
1.0
0.31708995
3.9247105e-05
7.579287e-06
0.02263748
0.049657296
5.2979626e-06
0.00025422062
0.99986875
0.7462133
0.00019374171
0.54304445
2.0851842e-06
7.036966e-07
7.9250356e-07
7.861143e-07
0.99999994
0.15547262
3.8212477e-07
0.123479895
2.3243358e-05
