0.91884583
1.4955558e-05
0.0030987526
1.933481e-09
7.566831e-09
0.00059433887
8.233339e-09
0.000118035525
1.2921992e-05
0.00027022525
5.889871e-10
0.00027432258
4.7309134e-09
6.93731e-05
1.0
5.028753e-05
0.00024280444
0.99948925
0.012971095
0.031927735
2.4482216e-07
0.9999969
0.005563091
0.3434189
1.4448754e-07
0.0046938634
1.0
0.0035346735
0.9999532
0.0040884735
0.00023423943
3.989347e-06
6.5452372e-09
1.0
3.5302558e-10
0.9999879
0.78476965
1.01374135e-05
0.0018737627
2.2816382e-08
0.281346
0.064095974
2.5668387e-05
2.620896e-07
0.0064027356
2.1114596e-05
0.0005655311
0.9905181
0.25623474
0.99999946
1.9974494e-05
0.00028755478
0.99999875
9.550276e-07
3.9837163e-05
0.14781937
4.6664272e-06
2.1285306e-08
0.00044957464
0.00021053206
0.9968335
2.9802886e-05
4.4346543e-06
7.0654496e-05
0.009791529
0.00010686932
0.0025687157
0.99440765
0.0004040699
0.9999232
0.9877786
4.0794673e-10
3.989347e-06
0.00044136588
0.00033906865
0.8830769
0.11697465
1.0615258e-06
2.3678929e-07
0.22637305
8.340809e-08
0.999575
0.0012841431
7.724809e-08
0.0035346735
1.6432776e-05
6.0445245e-06
0.9802556
0.939752
1.9131654e-05
3.1308357e-08
1.580186e-07
5.367001e-05
0.442989
4.410874e-09
2.5282165e-07
8.497436e-08
1.7736845e-06
1.9094296e-08
0.005563091
0.0010979401
1.0802932e-07
6.615121e-07
0.99999994
2.110641e-06
0.0083671175
0.019791273
0.06402356
0.0003238654
3.1308357e-08
0.00017536659
2.866485e-05
0.9510575
3.0827428e-06
1.1177889e-06
0.9999953
0.0022009371
0.00045768553
9.54014e-08
9.0868855e-07
0.007756917
2.3233092e-08
5.2846362e-06
1.617792e-05
7.1353604e-08
0.99999994
0.0016660881
0.0021495894
1.0003976e-05
1.102678e-08
0.17389421
1.4900663e-05
3.9413173e-08
0.0014299918
0.019545864
9.5637275e-05
1.0445856e-09
6.235884e-05
0.3931
0.9999943
1.9925485e-05
2.2061018e-08
0.00016519707
1.2126429e-08
1.1981762e-09
8.366892e-08
3.1960957e-07
6.0445245e-06
0.61215633
0.3134676
0.0030135193
5.039253e-07
4.1894734e-07
5.117124e-06
3.4457441e-06
1.6739307e-08
3.193728e-05
2.6262349e-05
2.4226642e-06
1.1890837e-06
0.0960955
0.442989
1.2675121e-09
1.3843792e-09
5.480443e-10
0.00040194768
3.4355614e-07
6.325209e-08
2.5226313e-07
0.4717794
0.09125019
3.5653795e-08
3.2550001e-06
4.1744643e-06
2.582229e-10
3.5969916e-07
1.6650656e-08
0.0006242525
2.8015963e-06
9.117871e-05
8.546475e-08
2.2441578e-05
8.201687e-06
2.692676e-08
2.742611e-09
2.265549e-06
1.0
1.3308353e-07
7.566831e-09
0.9997896
0.00017502114
6.6916556e-07
1.4407296e-09
0.028571825
1.921765e-07
9.031285e-08
2.207156e-10
6.926875e-09
0.0006242525
6.873916e-07
0.001953161
0.0005217221
2.692676e-08
2.5226313e-07
1.108209e-07
5.028753e-05
1.8205751e-06
3.989347e-06
6.2930767e-09
0.00078793993
0.9677331
1.38683645e-05
0.99937576
2.8211416e-06
0.0012348049
0.026873726
5.8317924e-06
1.9353008e-08
0.9999976
0.9667769
0.00010686932
0.9145713
9.552699e-07
0.3134676
3.2663494e-05
4.0389715e-08
0.011030115
4.4082398e-07
0.96816814
6.491382e-07
6.298396e-09
2.7364368e-07
0.9999996
0.9999714
6.9319074e-05
0.00021281632
0.0009329453
1.1610568e-06
7.032067e-09
0.00020166974
0.0009329453
0.005306363
0.00020060287
5.6270117e-05
8.762275e-08
0.0006693342
0.000841543
0.020528167
6.298396e-09
5.6677195e-06
1.0
7.856487e-09
0.05530521
0.00018500406
0.9999885
0.001488478
1.00504444e-07
1.690332e-05
3.9413173e-08
0.018744325
1.8004682e-08
6.1395875e-09
2.2354102e-06
0.9944735
0.99907506
8.035593e-06
4.1894734e-07
0.0007344567
0.000287036
0.00013261281
3.90491e-10
0.17173274
0.19775565
6.011205e-05
0.04109272
2.3122827e-06
0.0009188176
9.520449e-09
0.009662164
0.00067106355
2.6789833e-06
9.77493e-06
3.2025719e-06
0.5078771
0.3134676
2.0982984e-08
1.2765262e-05
6.6916556e-07
2.0273761e-05
1.2926379e-05
1.690332e-05
1.9094296e-08
6.2571075e-05
0.7324851
0.39903608
4.771977e-05
1.6415328e-05
0.00014683368
0.0053673545
0.97383016
