1.0
2.668035e-07
0.001565683
0.0018409227
0.9740072
1.2019766e-08
9.014377e-10
1.268881e-05
9.74326e-10
1.1620013e-07
3.2702433e-06
2.370139e-06
4.1879073e-08
0.0056480966
1.3716488e-07
0.052707154
0.019204058
9.74326e-10
0.059665024
9.35531e-07
0.0004225268
8.682913e-09
0.00020025544
1.274777e-07
0.00015280578
4.5623565e-07
0.8351046
1.0751214e-07
4.128578e-06
0.9999824
9.595078e-05
4.589664e-05
3.41534e-08
0.83829176
1.2398294e-05
0.009440632
0.06623401
0.30409127
2.2300501e-09
0.0016010436
0.58848095
2.6398152e-07
4.79906e-08
1.5082095e-06
0.9740562
7.956229e-08
4.772243e-06
1.2600432e-07
6.027181e-06
3.647061e-09
1.0678801e-08
0.7764347
0.0042854827
0.9999787
0.99999946
8.016411e-05
0.00010721841
6.643141e-05
0.9999395
1.8352775e-06
9.058178e-05
3.949761e-08
0.0006290331
2.10426e-06
0.6558959
0.9999352
0.00026932504
3.647061e-09
0.662653
5.59467e-09
0.00067162496
0.02905862
2.10426e-06
2.1731994e-09
0.0049865576
0.00011466332
0.99990964
5.3146323e-06
0.00014790529
0.90547854
3.5534895e-06
0.95628446
0.9743857
1.1213739e-09
1.503932e-07
0.99999744
1.52812e-05
2.6398152e-07
1.4024901e-07
2.6672293e-09
0.99944633
6.811433e-07
0.99999034
3.3759281e-06
1.4590868e-06
0.9999939
3.949761e-08
0.0004969276
0.17275228
0.012386841
0.21864465
0.0024760528
0.3057281
3.6430304e-08
4.8447137e-06
8.4305386e-05
6.6936576e-09
0.0007121802
0.99979764
0.5669093
6.643141e-05
0.65587366
0.0005038535
0.66688424
0.9969638
0.0012311795
6.877717e-05
1.7359066e-06
0.0023274168
0.023655934
1.4478438e-05
0.00081426854
3.2164704e-09
0.005408095
0.00016819747
4.0233854e-06
6.107853e-09
0.009440632
0.026723256
0.9903396
9.899543e-05
8.3904945e-07
3.7194063e-08
4.772243e-06
0.92249244
0.2102405
4.034729e-08
1.1672814e-05
3.5041525e-05
0.23705447
0.7569196
2.021774e-06
1.4755398e-07
3.6344125e-05
0.00018871862
0.7569196
0.0007391576
8.652969e-06
0.70810145
2.9106803e-05
0.0807136
0.99007845
0.003722692
5.517437e-06
0.102656454
0.15258263
0.9963513
3.5534895e-06
0.99999094
7.986528e-09
0.21072939
9.014377e-10
0.29147202
1.0
0.009531611
0.03384203
0.0046511786
9.187481e-08
0.0027249244
0.016395219
6.14012e-11
2.111938e-08
7.0972965e-05
0.24983011
0.00016819747
2.8696974e-08
0.33180028
5.1318527e-09
1.9085113e-05
3.2164704e-09
0.99998605
1.6176774e-07
2.6426708e-08
0.9518867
5.243386e-05
1.2113377e-06
1.268881e-05
3.2336696e-09
0.00017956187
0.006427966
0.035170846
0.8716194
0.00014887695
0.9999631
1.0
0.9999395
2.962466e-10
8.286181e-05
4.2732227e-05
0.018236589
3.6176516e-05
1.1525632e-06
1.7169421e-05
1.5283895e-06
0.00011158794
9.890811e-09
0.062099203
1.513341e-08
5.7834687e-10
1.111161e-06
3.0521036e-08
1.111161e-06
0.6949367
3.072857e-06
0.00032565184
2.9855273e-06
5.9188014e-06
0.000121301404
0.00023794793
6.1491356e-10
1.7590308e-05
0.8653379
2.5467111e-08
3.1052753e-07
5.7653235e-08
4.8765874e-06
4.4777018e-10
0.9671862
0.0001031387
0.00017982813
0.9998451
2.8939926e-08
0.85389704
1.7211963e-05
1.1213739e-09
6.7299915e-08
1.3859857e-06
5.1890288e-09
3.2841733e-06
0.9999888
1.2507447e-06
3.7551043e-08
3.5053102e-07
6.200442e-05
7.213455e-08
2.3429451e-05
6.144948e-06
7.201863e-06
0.00027196266
6.145422e-09
1.5082095e-06
0.9995078
0.9805826
0.0012311795
6.9039465e-06
1.2075558e-08
8.079996e-08
0.0010671563
0.61869705
0.011715768
5.2827915e-09
0.99999106
0.00045413018
1.2332077e-07
2.5707624e-07
0.024868958
5.2455937e-07
1.7359066e-06
7.4705875e-10
1.2981098e-09
0.94028586
0.0002544272
8.950174e-08
2.355423e-06
1.5072517e-07
0.9963513
2.9145274e-06
3.173486e-08
0.0005441689
1.629824e-06
0.05724425
0.002752204
2.6441285e-06
0.00032369563
0.97362125
0.00017015642
5.792836e-05
9.595078e-05
2.3052077e-07
2.1924266e-06
3.5484848e-09
1.7143462e-08
8.866914e-06
2.053528e-06
1.3041416e-07
0.000914199
0.99990904
9.75197e-08
3.8699578e-05
0.90547854
