0.0011186965
1.0
1.0
1.0
1.0
1.0
0.99995375
0.0021280027
0.9999935
0.9610629
0.21529979
1.0
1.0
0.9999993
1.0
1.0
0.15564293
0.951942
1.0
1.0
1.0
1.0
1.0
1.0
1.0
1.0
0.00015298685
1.0
1.0
1.0
1.0
1.0
1.0
1.0
1.0
1.0
1.0
1.0
1.0
2.1108674e-07
1.5151919e-05
2.565672e-08
1.0
0.99557376
2.4276299e-06
0.006819994
0.00041138468
1.7667356e-08
6.9227374e-10
0.99999887
1.1440627e-05
1.8188368e-05
1.3881729e-05
0.32707408
0.001036339
1.5063365e-06
5.3328026e-09
3.2041871e-09
1.5809502e-06
0.00017934456
0.0013360458
7.658746e-08
5.7271256e-05
4.0301813e-05
1.4382421e-09
5.8215737e-06
0.00011684099
2.7474291e-08
2.4185183e-09
6.0805854e-07
8.286378e-05
4.9435573e-07
9.299292e-05
3.8163802e-05
2.1778455e-05
3.8852494e-07
0.00023713871
4.159956e-07
0.0038752584
1.9577197e-05
2.5494749e-06
0.00524128
0.00047505868
0.9833193
6.7057485e-08
0.0005494629
1.34629365e-08
7.5154276e-08
0.12144642
0.00015553457
2.4369913e-07
7.744522e-05
1.1337085e-07
0.00014471811
0.004392084
0.029706115
0.6493353
3.1577045e-05
0.030775791
1.431483e-08
0.84379876
5.6714818e-08
1.9085194e-08
0.9104472
0.98432535
2.6020507e-05
6.450701e-07
0.0024133034
1.9622448e-05
8.087836e-05
0.026333226
2.4276299e-06
0.00028228425
4.211883e-08
1.5048983e-05
1.3522845e-06
1.0037777e-06
1.6700329e-09
1.4097895e-06
0.004567547
2.0132237e-08
5.7999718e-05
1.8293259e-06
1.099048e-07
9.7436036e-08
6.8751986e-09
0.01888505
0.009511159
0.0014019528
0.00046890677
0.00011984037
1.5141458e-06
0.0010311253
0.00029349397
6.1491295e-07
0.028557133
0.28387648
0.008635935
0.005851586
3.0926225e-10
0.10589419
7.989487e-05
2.052506e-06
0.0060394537
3.8630197e-09
1.3117522e-05
1.482865e-05
0.00039258518
5.786365e-08
0.99360275
0.99999833
6.7986552e-06
2.0022046e-06
0.0010705817
0.9999801
0.00020813735
0.0002866851
0.90488565
2.5024895e-06
0.0377332
5.0542205e-08
0.9915971
1.287537e-08
5.0791513e-09
3.4887712e-08
7.0318016e-08
0.04150152
8.994872e-07
2.5116919e-05
4.7049184e-08
0.99999887
0.0001422112
3.8852494e-07
2.2788944e-07
0.9999715
1.3765377e-05
1.4480497e-06
4.684155e-06
1.1910392e-06
0.00036243143
0.08777559
6.239677e-08
0.85335267
3.4094814e-05
0.001113575
6.5389095e-06
1.29497985e-05
5.0963784e-08
1.7572448e-08
0.00028029273
9.798246e-08
0.00027231473
0.99024814
0.12682343
3.9038198e-07
1.2866018e-05
4.975912e-05
1.0008947e-06
3.5947828e-08
2.2115396e-09
0.00027995434
0.8590263
1.2830361e-08
0.0002866851
0.0059717135
1.4789758e-07
0.00609569
2.3556634e-06
0.00043104865
0.021584753
0.72223836
8.001335e-05
0.65646523
2.2821228e-06
0.00020813735
0.00022636335
2.0808646e-09
0.108434185
4.091113e-08
3.1577045e-05
8.701383e-09
1.2228841e-07
6.29399e-05
1.9892018e-06
0.99999356
2.041989e-05
8.0282625e-06
0.9996008
1.0
1.2749679e-07
5.486535e-08
0.00011314177
1.6310114e-08
9.0482777e-10
0.00014105998
3.8533526e-07
0.0012177316
0.098476246
1.0
2.30205e-10
1.0
1.4820054e-05
0.00071431557
0.99994934
1.4752229e-05
0.00071431557
0.00019471638
4.646967e-06
0.0018502215
4.975912e-05
6.445034e-06
0.33052963
0.0008404956
0.006414677
0.9999947
5.2293353e-10
1.0
0.02861426
0.014539425
1.0037777e-06
0.39872494
1.17572165e-08
3.0432193e-07
0.99997824
5.5349483e-07
0.11686782
0.9999947
3.028681e-05
0.99994934
5.3724145e-09
1.0408288e-09
1.1915121e-05
0.99998987
7.8970226e-07
0.0002374052
1.34629365e-08
3.1793256e-06
1.381537e-07
2.3761615e-06
1.0544751e-06
2.5730645e-10
0.000121014426
0.8463022
0.002933766
3.2041207e-06
0.41355795
6.3077096e-07
3.0949357e-10
1.5122927e-09
0.0024891791
0.9995452
2.703339e-06
2.731365e-05
1.8346562e-08
3.4824803e-09
0.030775791
0.0005829483
3.911804e-05
9.754115e-07
0.46635902
