0.99999994
7.327916e-05
0.025791759
4.776645e-10
9.2581587e-07
8.5625607e-07
0.9566806
0.892221
0.28006285
4.278349e-08
6.6296343e-07
0.9999981
1.0
0.99996006
2.6137071e-05
2.7960423e-05
0.00041312128
0.9757694
7.2578935e-08
7.807254e-06
2.6181726e-05
0.00083676295
2.9246566e-08
0.00041312128
4.2328582e-10
3.1610053e-08
2.6930027e-06
1.6609506e-06
4.5918984e-08
0.99939036
0.0029028887
8.928228e-06
2.7107983e-09
0.96538275
0.999999
1.2916694e-05
8.001363e-09
0.99999994
0.0080756815
7.144503e-05
0.9999934
2.164344e-08
0.00010598326
3.5476745e-08
1.9527447e-06
0.9958649
0.0003323447
0.9999988
0.106543936
0.00017531143
0.9983891
1.7554207e-10
9.2104096e-07
2.9311946e-09
0.00022123258
0.00074273825
2.3622487e-10
0.0005664574
0.18266463
3.2950027e-06
1.7745322e-06
6.3736024e-07
0.0020431
4.5726356e-08
1.5357738e-05
3.09459e-06
1.2615595e-09
1.3054949e-08
5.775711e-09
4.8768035e-11
0.0049063396
8.723321e-08
3.2701653e-06
0.0063156034
0.00077921984
0.019160377
6.3090994e-07
0.1032987
8.6200777e-07
1.7760327e-09
0.016550483
0.9999927
0.03609839
1.9908907e-06
7.265176e-05
9.905728e-05
3.841718e-05
4.9612492e-08
0.031068783
0.017851122
7.787844e-07
0.76760495
6.051523e-05
1.4382588e-06
0.99996746
1.1725689e-07
6.143328e-05
0.9999916
1.0250965e-06
0.9764009
1.0588855e-05
0.0024395394
0.005991111
0.00012674344
9.243549e-07
0.2339598
6.875162e-06
0.4660536
2.509935e-09
0.99998075
0.00028844443
1.2512813e-05
1.6798927e-08
8.847079e-09
0.6548964
4.496852e-08
1.3432e-06
8.5625607e-07
0.88751394
3.9407873e-06
5.026342e-07
0.99999976
5.998316e-08
0.00014161282
0.99999636
3.3235975e-07
8.567936e-07
0.99986416
1.2485731e-05
4.555389e-09
8.749808e-10
8.723321e-08
1.3874614e-09
0.24626303
6.179198e-05
0.99999994
0.0026366499
2.1293416e-09
4.050355e-05
2.3148209e-08
5.7347467e-08
1.236931e-07
1.0
6.0181233e-06
0.999971
2.3583615e-08
0.4122685
8.267645e-09
9.3254894e-05
0.99278134
3.295218e-07
1.2196641e-06
1.7745322e-06
1.594172e-07
0.5385935
3.5457903e-10
0.0014016711
5.849349e-07
0.0033550567
0.9993862
0.5571451
3.1323638e-05
0.8535817
1.830769e-08
2.2587819e-10
0.0024581861
0.9958649
2.1726075e-05
3.0425532e-05
1.4370795e-09
0.09170408
1.7387417e-07
0.0004146747
1.9172173e-08
7.9290095e-11
0.0017568273
1.0
7.730786e-10
0.934683
0.0005664574
3.7703197e-07
0.51363456
0.06466277
0.009818965
1.0744568e-08
0.0030251027
5.7978156e-07
3.1819744e-10
3.5051775e-09
0.00016408825
6.2946434e-05
0.9999982
3.1353363e-07
2.4223016e-06
0.9998165
4.1123303e-07
0.99910784
1.3253953e-07
0.26135463
7.9891365e-08
3.6876714e-05
3.802163e-06
0.00011626562
2.8538067e-09
0.0017909859
0.00031721892
0.34146303
6.0396065e-05
0.003736022
3.9407873e-06
2.7688355e-07
2.7047091e-09
6.364073e-10
1.16588524e-07
3.2056927e-05
0.0009568006
9.0484154e-10
0.0013526994
6.588273e-09
3.4620643e-07
8.267645e-09
8.727829e-07
2.3754126e-08
6.4385836e-06
7.6929096e-10
0.10104796
1.6609218e-05
0.5136346
0.9997776
5.832371e-06
5.2032907e-09
1.7859731e-08
2.2583608e-09
0.002243234
6.137541e-07
5.6699362e-05
1.0
0.13108116
6.118804e-08
0.0005934694
1.083227e-05
1.33098e-07
0.45860147
8.661531e-06
0.0038356432
2.3754126e-08
3.3727551e-06
0.934683
3.3227388e-07
0.0013614414
0.22910348
1.17981735e-07
3.295218e-07
1.8227794e-08
1.613989e-05
1.3764909e-06
0.002611013
7.8644797e-07
7.250104e-08
2.6653591e-08
5.992404e-07
0.34144092
6.137541e-07
1.671626e-06
9.509219e-08
0.8107324
6.6024186e-05
0.996749
4.4005905e-08
2.6448286e-05
0.9999978
1.815089e-05
6.122591e-06
0.5794233
3.424413e-08
1.0250965e-06
0.0022977348
0.0017568273
1.2407371e-08
4.4192275e-06
0.36438292
0.007185044
4.166028e-09
1.671626e-06
0.0049063396
1.4115759e-09
5.700563e-05
1.3265894e-06
1.5009205e-06
0.00026360652
0.081564754
9.532629e-06
1.0489061e-09
0.0018584791
7.2696246e-05
5.9863696e-09
6.0181233e-06
1.848475e-07
1.671626e-06
2.3538914e-06
