1.0
1.0
1.0
1.0
1.0
1.0
1.0
1.0
4.2992765e-06
2.0093683e-08
0.9530458
0.6520973
0.001060003
0.00086460327
2.7229493e-07
1.1713055e-08
0.0007305197
0.9809893
5.401974e-05
0.98755187
0.9735303
0.00065005035
0.0005588716
0.0067923246
1.9809761e-08
0.0724644
2.8936531e-06
5.6648823e-06
0.00935799
0.69937694
0.00015961137
7.4291564e-09
6.892296e-06
6.2022476e-10
0.12940109
0.0035981557
9.301615e-08
0.017415896
0.93427205
0.97224593
1.0
0.0003235549
0.0015462575
0.99332607
0.9999488
5.861103e-10
1.6228043e-07
6.857096e-10
1.1085193e-05
2.4137503e-07
3.0355689e-06
0.003264908
0.00027579506
4.8467326e-05
1.4226227e-06
1.6387885e-08
7.077683e-09
4.421582e-08
0.0009385738
2.1309534e-06
3.3658722e-09
0.03743374
1.7521246e-06
2.7738922e-09
1.2261212e-07
1.7815373e-07
1.263067e-06
9.374578e-10
3.2062676e-08
0.020337284
0.13454418
4.8948987e-06
0.010881846
6.846595e-06
1.7197852e-05
0.34677944
9.629322e-05
5.294008e-06
3.6585386e-06
0.00015458786
0.0019120651
8.186152e-06
8.9532784e-07
0.00012638862
6.7680923e-09
0.00062178
3.6343042e-06
4.993698e-06
1.0
0.0002465293
2.4638096e-06
7.1334616e-05
0.00065005035
0.9991316
5.696688e-07
4.723568e-06
8.6219626e-10
0.010317211
1.6188519e-06
0.9990561
0.9999202
1.6062968e-06
0.00022444718
0.013615288
0.9614169
9.2629807e-07
0.84371495
3.9846344e-09
0.0012188758
0.00018962429
6.1402266e-06
0.16818513
0.31167376
0.99982667
0.9063883
0.99999547
6.4960036e-06
1.0
0.00024660217
2.8688657e-06
5.102291e-06
0.9736536
0.47201774
9.904365e-07
1.2721269e-05
2.7229493e-07
0.9999154
4.5431043e-05
0.0055987583
5.833161e-07
1.652222e-06
7.992688e-08
0.002910282
0.99995655
2.3436473e-07
1.7083714e-06
0.0031825881
0.00029611346
0.96601975
0.9997377
0.0009502994
0.0067923246
0.99999624
3.4122127e-06
4.2365e-06
0.3585542
0.15372121
1.7622511e-05
0.036024183
2.9261546e-05
2.69194e-05
0.016860984
1.2618481e-05
0.0036218164
0.9999997
0.0014050892
0.0002974898
0.15578182
6.2506956e-08
0.875931
7.211223e-09
4.834514e-06
5.055012e-07
1.0058192e-07
7.858855e-09
0.9999996
0.010317211
0.0004883959
4.4969743e-06
2.2508821e-07
0.18479575
0.5372548
0.16926557
0.0003950216
2.4446678e-08
8.480481e-05
0.00025118224
0.00047536718
0.83549327
3.746609e-06
0.0019120651
1.2017791e-06
0.79521614
1.5936764e-07
0.9267646
0.21706426
0.9070831
7.336047e-05
7.211223e-09
0.99999905
8.9728957e-07
2.5379402e-06
0.00021735036
2.971975e-07
0.9736536
0.5901793
2.4262818e-08
0.00013755831
0.0007306482
4.3056584e-08
6.172325e-05
0.00034307002
2.4119856e-05
0.07090674
0.000115390205
0.81736916
0.9941509
3.0764725e-06
8.9863985e-05
1.1662488e-05
0.34677944
0.00012514454
8.7875196e-07
2.0513151e-07
7.096664e-07
2.4446678e-08
0.0019479777
0.9990842
0.4785604
7.913751e-05
7.690827e-05
0.0014050892
3.502808e-06
0.12901682
0.10217096
0.09537474
1.11665365e-07
1.6211729e-05
1.3440045e-09
1.7938458e-08
8.725081e-09
0.5372548
1.7902609e-07
9.805245e-06
0.00031338155
0.00088419765
0.69937694
4.295924e-05
0.34677944
7.336047e-05
1.1260359e-05
2.1857435e-05
0.11227333
0.017415896
0.0060122125
0.9737133
0.99858457
3.026865e-06
5.3835014e-05
5.696688e-07
0.9662167
0.011752318
1.4592355e-07
0.9614169
4.9550534e-05
4.420644e-09
0.9950599
1.170604e-06
3.9955943e-05
2.9150971e-05
0.0007314933
0.0064822785
4.7606725e-05
0.0032723276
2.6234068e-07
0.99999905
0.00022084522
0.3694231
0.56778413
0.0067331675
4.2365e-06
0.0009786987
0.9999777
3.868364e-06
0.0019329488
0.00068154256
9.74307e-07
2.0304641e-07
4.63149e-05
6.553007e-09
6.2506956e-08
0.00013847812
0.9999815
0.9998051
2.1793954e-05
0.0016327827
1.0637838e-06
0.000613693
0.9950599
1.3540083e-09
2.4276947e-06
0.0012035709
9.2119866e-05
4.9550534e-05
1.343039e-08
0.0004710877
0.965616
3.309027e-07
6.938276e-08
0.028765144
