1.0
7.857463e-07
1.9950808e-09
0.009952493
1.3526285e-11
0.99911577
2.3149363e-07
1.2834722e-07
1.246416e-07
0.984262
3.9270804e-09
0.00025614706
4.0476394e-12
0.0002570062
0.09525133
0.7132155
3.0040698e-07
2.0967622e-08
3.430218e-08
4.0662376e-06
2.7765985e-08
1.2836039e-08
3.5645273e-06
1.40572745e-08
0.9923323
1.4023639e-08
0.0007857689
7.5678086e-10
3.9493166e-08
1.7501844e-11
9.584153e-11
2.97724e-07
0.96994597
0.0019418908
6.9019545e-05
4.407413e-06
2.8900962e-05
8.9860094e-08
2.4063527e-06
0.019417796
0.004861077
4.609928e-10
1.4270606e-09
2.4341832e-13
3.3528686e-06
3.2622802e-07
0.9545771
3.0815794e-08
4.2148622e-09
1.6077267e-07
6.560507e-10
2.6984248e-05
0.012360781
1.3087855e-06
4.126481e-07
2.1214406e-05
7.874732e-07
5.244178e-10
2.4063527e-06
6.580587e-09
1.3222392e-09
6.526687e-09
2.1271902e-09
1.7596252e-09
0.0015077932
0.09525133
5.3792637e-06
2.8506003e-05
1.3198322e-10
0.0022046368
0.0032932844
1.4012422e-10
1.7857299e-06
0.03674698
1.5498811e-09
1.3076287e-11
1.3997356e-10
2.1078806e-05
1.9629241e-10
2.7183005e-09
2.5990673e-11
6.558674e-08
5.1446546e-07
1.103908e-10
2.3934896e-09
3.7122024e-06
1.87999e-06
2.2000359e-06
3.2997523e-08
0.020442156
5.0627667e-09
0.048963632
1.7906825e-07
0.9545771
7.594044e-07
9.024467e-08
2.8243081e-11
7.1986974e-06
2.1287758e-06
3.9540126e-07
9.6019654e-09
6.389572e-07
0.0055557466
1.2041794e-08
0.00097040355
3.341098e-10
5.2159796e-09
9.501311e-07
0.006196375
9.886618e-10
7.954071e-09
0.01341771
0.98535943
5.512528e-08
3.0935455e-06
3.0598107e-11
4.042484e-09
1.708376e-08
1.7613949e-09
3.986322e-09
8.708048e-11
3.2650213e-10
2.1039309e-10
1.0055785e-09
2.1006058e-11
5.1446546e-07
0.00010558793
3.683075e-07
9.84654e-09
0.17173968
9.7016e-12
0.0075231385
2.3799964e-09
4.2911307e-08
1.1676712e-07
1.2077712e-05
3.9191028e-07
8.7705175e-06
1.0198144e-06
1.2958383e-10
0.006536719
1.6356866e-07
0.9962873
7.53108e-09
1.1924185e-07
0.014556351
5.345265e-10
4.3601534e-07
1.8821368e-12
0.18789297
0.06248567
9.9264925e-09
3.0423204e-09
1.1921236e-05
2.7788036e-11
2.8169932e-05
4.7706867e-06
0.9993199
2.3556854e-09
4.3864912e-10
5.2195523e-09
1.473423e-08
1.7263359e-08
2.779571e-08
1.6317869e-11
1.408133e-05
1.6405899e-08
3.59537e-06
3.0085366e-07
8.216012e-11
2.4940805e-10
2.1789363e-12
1.7609865e-07
1.3919178e-08
1.8339834e-09
2.6014876e-11
3.5384033e-07
1.9602287e-06
2.8944397e-08
9.428849e-12
7.0778206e-08
8.032645e-10
7.779458e-12
2.1156197e-07
4.4312383e-06
0.13302024
0.0004060949
0.9997481
7.936261e-10
2.5020455e-07
4.0793254e-11
2.2585516e-08
5.723355e-10
1.4616866e-05
7.4182054e-07
1.5134742e-11
0.9993199
2.8993047e-10
0.99695176
0.0004799899
2.1789363e-12
1.4875852e-06
6.475973e-07
0.0022716182
0.096032344
4.899438e-12
7.9693955e-06
4.208615e-07
2.8169932e-05
5.5709775e-09
2.1362753e-07
0.9999783
9.4437e-06
6.2007036e-12
7.0794806e-07
5.361418e-10
9.248928e-07
1.2520367e-07
9.3244284e-07
6.475973e-07
7.108217e-09
1.4961238e-08
1.1617953e-05
0.000121804216
6.3886364e-06
4.656517e-10
8.370008e-11
1.7908807e-13
0.9874883
3.2807125e-07
3.5220556e-11
8.227295e-09
1.0105829e-10
0.99617475
1.3647922e-06
4.2229594e-08
0.0006372444
3.4140485e-06
1.1125952e-11
0.0031763194
3.5384033e-07
3.9107427e-08
5.020267e-08
1.7906825e-07
1.3984806e-11
6.479647e-05
3.3461794e-05
0.027499313
2.3294864e-07
1.0551918e-07
2.281847e-08
4.1485812e-10
1.4221708e-07
8.216012e-11
0.0012336188
3.2415723e-10
6.82052e-07
3.2550267e-07
1.1405212e-05
3.5384033e-07
3.5645273e-06
4.0662376e-06
8.161409e-11
6.3147674e-09
8.0221113e-10
4.3601494e-07
1.48433e-06
1.4954439e-06
3.7524342e-07
0.004153588
4.718259e-10
1.1248188e-06
2.639706e-10
0.12100594
0.9965708
2.8160016e-12
0.9999944
0.062448774
2.5056217e-08
0.9987702
1.6896814e-07
1.4861791e-10
5.0630953e-09
0.9965708
7.389632e-08
0.9875112
1.8971167e-11
2.2046915e-09
1.8735624e-05
1.22792505e-08
8.261781e-09
0.9874883
1.2038607e-11
1.685052e-09
1.3518459e-09
4.1258878e-05
4.3490422e-06
1.4387189e-10
3.0443655e-08
1.8322892e-11
