1.0
1.0
0.9999964
0.06195287
2.6044836e-06
0.032547183
0.04262682
0.9959874
0.008474931
3.1717537e-09
2.4974306e-06
0.9899447
0.97988623
8.906476e-08
0.00021604086
2.3455832e-05
0.0005894984
5.19277e-05
6.4311695e-05
2.9616215e-06
2.5180069e-07
0.033700556
7.238308e-06
8.532176e-06
5.248786e-08
0.99999213
1.9174806e-08
1.083795e-06
0.98982114
5.6649906e-06
2.6819263e-05
0.045837276
0.115640044
0.0038248543
9.9459385e-06
0.0005370439
0.0017077511
1.0
2.8337425e-07
0.24553129
0.9999249
0.9431002
0.026030427
2.3120997e-06
1.2142026e-06
8.4736785e-06
0.00030001564
7.984201e-05
0.99461025
1.6162458e-08
0.0001722106
0.08468509
0.0010003595
0.0018278768
0.00449107
0.6839868
3.6510697e-05
0.008406592
8.500316e-06
0.7417645
0.29920885
1.0
5.7492993e-09
0.0011684601
1.3403897e-05
1.1903903e-07
0.0007342271
2.2227607e-07
0.003084198
0.9999905
3.6510697e-05
0.06914508
0.0036225838
3.6510697e-05
4.4595723e-05
0.98523813
0.020716203
1.1577151e-05
0.0005894984
0.67007536
8.867456e-08
1.0
1.3111168e-05
0.03416086
8.451831e-06
0.99999994
0.0048920587
0.007835363
5.132893e-08
0.010691993
0.00020359852
0.99943566
0.0608381
0.56753165
0.00016623268
5.737096e-05
6.410055e-07
1.0764506e-06
0.82851654
2.2036806e-05
0.9997605
0.9949237
1.6151093e-07
0.75514585
0.0001500001
9.996317e-09
1.5103387e-05
1.0681592e-08
1.2075743e-08
1.1515916e-05
0.9999995
5.126845e-06
4.1824953e-07
0.9999821
2.024173e-09
0.0007342271
2.71991e-07
7.223567e-05
0.0110429395
5.297536e-07
0.0031095066
0.0019544146
0.09820691
4.51976e-07
1.7465676e-05
0.013045724
0.57725424
1.0764506e-06
0.045188922
0.99866414
1.8517843e-08
1.5776968e-07
0.9578616
0.00092689553
2.368856e-05
2.5176662e-06
2.2392834e-08
0.9880514
2.7041411e-05
5.5117266e-09
0.06389923
3.995835e-06
5.1129402e-05
0.9961473
2.5432536e-09
1.03804815e-07
9.4014815e-08
0.043496694
3.090966e-05
0.038030013
0.00035086548
0.0006319562
4.619008e-06
0.00020601979
0.00032785456
3.545514e-07
0.99995756
7.413033e-06
3.1553051e-09
0.6876117
0.06914508
0.00033450013
4.4595723e-05
0.97892666
0.9999871
8.1451646e-05
0.9999826
0.90932995
8.531607e-06
1.0093308e-05
3.423336e-07
4.5625726e-05
0.23317137
0.0064027742
1.0
1.0
0.017912043
1.6429597e-09
0.51955396
2.8694458e-06
0.03694657
0.00015334086
0.99996626
0.001596492
0.11556126
0.0009835135
0.049974266
6.8122845e-06
0.9999639
0.04120843
5.935324e-08
1.6151093e-07
0.99982435
7.0000857e-07
0.023179935
0.6876117
1.5250467e-05
3.000318e-06
0.9850592
0.54685163
5.1129402e-05
2.1084873e-07
3.006577e-05
0.3599159
2.6215585e-07
3.1969915e-08
0.024954643
2.8214e-06
8.459368e-05
0.0024724302
0.1338281
2.5432536e-09
5.199895e-07
2.71991e-07
0.0074121435
2.3947616e-06
2.2873674e-06
0.011336296
0.25802714
2.7379472e-05
0.5045545
0.0031097874
8.998749e-09
0.00017778768
5.6372643e-05
0.048224963
1.0281208e-06
0.9999999
2.5069124e-08
6.8934395e-07
3.80984e-07
9.330521e-09
3.0223897e-09
2.4344298e-09
9.266487e-05
2.2410226e-05
2.5742144e-09
9.996317e-09
0.922621
8.296792e-07
0.011701675
9.3880535e-06
0.0002456972
0.99989027
1.992532e-06
0.0060223998
0.9547744
1.3922458e-05
7.5122193e-06
1.7229104e-06
0.00032785456
0.0041689514
0.0027392989
0.045588247
0.00012959092
1.3573464e-05
0.0001641889
8.531607e-06
3.2662392e-08
8.47602e-08
0.9999981
9.288764e-05
0.024865825
0.99753326
0.922621
1.263567e-06
0.6160668
0.6057977
1.3109846e-08
0.0039895335
0.9999964
1.0764506e-06
0.00014304789
1.70982e-08
4.2677698e-08
0.00010084912
0.0033997726
0.019010143
1.2524933e-06
0.2680265
3.565876e-08
1.5997497e-05
6.821019e-09
0.0026165585
0.9999954
7.1265445e-06
2.2282074e-06
0.0014651867
1.0
2.9623803e-05
0.00012398831
4.8858607e-07
0.0071395235
0.22248946
4.430706e-09
5.0592196e-05
0.99861175
0.9366644
0.00012739557
8.111834e-05
