1.0
1.0
1.0
1.0
0.67080176
0.00085291767
0.0004620776
5.422791e-07
0.9273748
3.405534e-07
9.17531e-08
7.078104e-08
0.9999999
6.9125383e-10
1.2663605e-07
1.02554765e-07
0.9765841
0.9160071
0.999928
3.0074523e-07
6.922915e-06
0.9180088
1.6410866e-07
4.424827e-05
0.0057521304
4.567653e-05
1.4926484e-06
0.4676358
5.2115316e-05
0.99999833
2.298179e-07
1.9416128e-05
4.7947598e-08
1.26752e-08
0.07549447
1.0872179e-07
0.0034905225
3.4022967e-05
2.8169997e-09
1.0
2.4328e-07
0.8299211
0.16595002
0.9996942
0.0068561467
0.97739744
1.5070319e-09
8.821702e-09
1.3396972e-06
1.8246682e-08
2.536573e-09
6.217568e-07
2.370529e-08
6.27347e-09
0.9999794
2.9252675e-05
0.9964964
4.206227e-10
3.220376e-08
1.2198922e-06
0.999831
0.9193469
6.2875274e-06
0.053728484
5.163372e-07
8.6776524e-08
2.5383176e-06
4.2804004e-06
0.0015502609
2.417238e-07
0.86881626
0.0027262617
0.00015565252
0.025381701
1.6030433e-06
9.822458e-08
0.005216123
3.7492541e-06
2.391393e-06
1.2736201e-07
1.2892592e-06
0.0005086632
7.268745e-06
0.9999693
3.5519854e-06
0.0023009463
0.058117237
1.3721423e-06
0.00019041677
2.5761665e-07
1.1969514e-05
0.9998975
1.2149253e-06
1.9852049e-08
0.26192692
0.0015361806
1.7045917e-05
1.3819836e-09
4.0488874e-07
2.5557506e-07
2.6354412e-09
3.866335e-06
1.3978207e-07
1.80409e-06
1.4180044e-08
7.743359e-06
6.2733503e-09
6.274921e-08
0.0068561467
3.3216773e-07
1.8562036e-09
0.00048165018
3.084831e-06
0.008765534
9.797562e-06
1.2892592e-06
0.00012336893
6.003478e-08
0.033133537
0.9999874
0.0053546415
0.025106391
0.99999917
2.8150715e-09
0.9999693
0.00080669456
7.959373e-05
0.10144766
0.785266
0.07292182
4.370677e-05
0.019927768
2.943966e-07
0.32196054
6.397181e-07
0.20955884
2.4021102e-07
2.5761665e-07
1.310475e-07
1.7117023e-05
0.00016545813
0.81719315
1.5781002e-06
1.9545969e-05
8.600489e-06
0.034355193
0.00049715023
0.9960306
1.9177717e-06
2.6480691e-05
4.0838705e-07
0.07378675
6.2733503e-09
4.5152547e-06
3.625528e-07
0.99999994
7.0031706e-07
0.00089620124
4.4984456e-09
9.99465e-06
5.284049e-07
0.35402262
0.10144766
2.0554679e-10
1.1305712e-05
0.99992496
1.45890135e-05
0.012622334
7.268745e-06
0.003692218
4.5160115e-07
3.1174193e-05
9.557127e-05
1.005602e-06
9.544089e-08
8.9810374e-07
1.5137017e-08
0.021538213
1.5070319e-09
1.3028525e-09
2.86117e-09
2.907121e-06
0.9160071
3.579198e-07
0.0019442822
0.0034870727
0.991027
0.00031555453
1.1183136e-08
0.9997153
7.808413e-09
5.4595085e-07
0.007022002
0.9489966
2.3604754e-09
1.7315584e-07
3.172774e-06
0.9999989
0.24909972
1.5132082e-08
0.27890077
3.4772194e-07
3.3540314e-07
7.0031706e-07
1.4396157e-07
0.7820244
1.0
4.354186e-08
0.0004620776
0.9993154
0.0004200485
3.5680172e-09
0.0007374711
0.99999917
6.003478e-08
2.391393e-06
2.154949e-07
1.5125394e-06
2.4659486e-11
9.705682e-10
8.5313935e-08
9.317294e-05
0.81719315
1.2736201e-07
0.9160071
8.600489e-06
1.0311668e-06
0.00015565252
3.4810713e-05
4.0477285e-10
0.16931286
9.36295e-07
0.0036466694
0.8636144
3.7235877e-06
9.609514e-09
4.2718753e-07
0.006521823
7.8912344e-05
1.2614444e-06
0.0077762236
0.9998896
1.6122838e-06
0.0001257112
5.6235744e-10
6.2875274e-06
1.0040161e-06
7.268745e-06
1.0354136e-05
1.4930335e-05
9.128093e-08
1.2313862e-09
1.2387302e-05
1.753079e-05
9.822458e-08
3.3237793e-09
3.1713545e-09
0.020546032
0.00017220221
2.3660243e-09
0.020546032
0.00021202156
0.00037592492
1.11019766e-07
1.0484881e-09
3.625528e-07
1.2551739e-05
0.897004
9.677542e-11
0.0015502609
5.0543942e-08
3.2973992e-05
0.47062957
7.7723846e-05
3.7235877e-06
0.0009824735
1.9218735e-09
2.4501853e-08
0.00019854205
0.00026076508
5.3306874e-09
9.0795396e-07
3.4078744e-06
0.26192692
4.12983e-06
2.9250832e-06
4.99128e-08
2.1279802e-06
0.999968
1.6658598e-08
1.5871146e-08
0.99992496
0.6332828
1.8133925e-08
0.0008147862
0.00257706
9.98886e-10
0.94256014
1.8047169e-09
0.32512805
