0.99999875
1.0
1.0
5.2542428e-06
2.4114726e-07
2.002374e-05
0.03571931
0.97409916
0.00021918255
0.74463433
3.5378611e-09
5.4139446e-07
2.4345482e-06
1.3884006e-05
0.0010233383
1.9316499e-08
1.2977998e-10
2.2183093e-07
4.927544e-08
0.9958803
0.97919565
3.5378611e-09
6.4566437e-09
1.1272593e-07
6.6405157e-09
4.889636e-07
4.4421313e-08
1.0757568e-06
2.823483e-08
3.5116132e-10
2.922755e-06
5.071076e-10
1.9695585e-10
5.2424576e-10
9.2971455e-08
1.0596915e-07
1.955761e-09
1.0414079e-05
0.2205459
2.3237028e-06
1.3476212e-07
5.2343495e-08
0.5105876
2.4555455e-09
2.6563362e-07
8.887562e-06
0.9999992
0.18678875
8.8346335e-09
2.7494295e-06
8.671064e-09
0.00011249672
9.4820484e-07
2.5701242e-08
1.4398972e-09
2.2152194e-06
0.011928986
5.2424576e-10
1.6499592e-06
0.006417674
0.006107291
1.1069748e-05
6.5026086e-08
2.1309208e-06
0.9999222
1.2617994e-10
2.381763e-09
1.9177628e-07
0.0076089976
0.0021715146
0.00052209815
0.022440791
3.863188e-05
1.05366986e-10
0.0011216374
8.671064e-09
7.5084773e-07
4.4383564e-06
0.000747392
2.5613554e-07
0.0006178964
1.2463115e-05
2.4122654e-10
1.4722953e-05
1.0065326e-08
8.7084954e-05
0.004448114
0.0005265842
2.692754e-11
4.2045485e-11
9.662381e-11
1.2082779e-06
1.367765e-05
2.3166106e-11
2.127757e-06
6.850213e-07
1.770073e-10
6.3481245e-08
0.01540865
4.693023e-05
0.9956444
0.84566885
2.381763e-09
3.5157866e-06
4.6978082e-07
0.16090819
0.0020065047
2.4791511e-06
1.2683274e-06
8.3917286e-08
7.1224533e-09
0.005539074
3.901817e-06
0.0011128199
5.9142597e-08
1.1398326e-07
0.002429172
0.0011481226
0.9998854
1.6857344e-08
3.1774924e-10
1.3204378e-08
6.251441e-10
0.9718668
1.4663069e-06
1.9547233e-10
0.9995685
7.534319e-11
2.4005395e-09
3.352347e-09
0.00023804914
2.823483e-08
0.32055193
3.0882572e-06
5.221183e-07
0.00056690304
6.3637176e-06
5.5107616e-08
0.0045246137
2.4180958e-05
0.99987507
0.0001669666
1.05366986e-10
1.984957e-06
1.0090835e-08
2.932587e-09
5.9785843e-10
2.8973546e-09
8.598369e-07
0.0022318317
1.3847422e-07
1.0
2.9412082e-09
5.257436e-06
3.785175e-09
6.131983e-08
1.0581904e-08
1.2449381e-07
1.6303272e-08
0.95212066
1.4337983e-05
0.43634158
3.863188e-05
0.1973535
3.4237377e-07
4.595922e-06
2.693329e-06
5.240733e-07
4.290701e-10
1.3842604e-09
2.0433073e-10
0.0056157424
0.002247907
1.190249e-10
6.7849887e-06
6.7849887e-06
7.818886e-10
3.558098e-05
6.943657e-07
4.201502e-11
1.2613633e-07
1.1398326e-07
1.1593751e-06
4.053811e-09
1.204176e-05
6.562801e-09
3.0882572e-06
2.1796657e-06
4.7912675e-08
4.8330406e-11
4.55525e-09
1.1910376e-09
2.985744e-08
6.7186606e-10
1.6676376e-11
6.6826333e-06
1.6199918e-09
6.3055325e-07
0.9969414
8.4458156e-07
0.00020480176
0.9985358
0.27757612
3.931828e-11
5.159707e-05
2.4791511e-06
1.196673e-05
1.9547233e-10
3.9059258e-05
2.932587e-09
9.666663e-06
1.08333724e-10
0.00049418403
0.16995993
9.1117556e-07
7.2148764e-06
0.00022104493
4.5256747e-06
1.2061718e-09
1.0977697e-08
0.00014137993
3.4237377e-07
0.26767373
0.11719445
0.9957684
1.5045218e-06
0.047723103
1.13160175e-08
0.9975888
0.037885543
6.004135e-05
0.0014813084
7.239353e-07
5.003285e-10
5.355189e-07
5.532779e-07
7.886766e-10
0.005706475
0.00029969492
1.045334e-07
0.7535854
2.576752e-05
1.0757568e-06
1.1858542e-08
0.008744421
0.9999998
0.047723103
5.355189e-07
0.00010970466
0.0076089976
2.6817189e-11
9.0289255e-08
5.005194e-10
0.016218431
3.4237377e-07
0.0006846217
2.1956345e-10
1.2463115e-05
1.08333724e-10
3.367004e-08
8.862105e-10
1.2684679e-12
2.4180958e-05
0.9979067
1.4319145e-08
9.575008e-09
0.041719437
3.8993953e-06
1.1018555e-09
3.1503383e-05
7.9195794e-05
0.9997465
4.6454642e-07
7.534319e-11
1.3691755e-08
9.342377e-10
0.050576016
8.0592824e-11
2.2173081e-10
2.382685e-07
0.99828243
1.1615608e-06
0.74463433
5.240733e-07
3.767686e-09
1.0894245e-07
7.3410526e-08
4.4292554e-07
0.9985358
0.99986106
3.1229987e-08
4.840318e-07
0.00016882378
0.98121804
0.16686346
3.775149e-11
5.9142597e-08
0.732426
0.00014137993
0.00013618455
