1.0
1.0
1.0
1.0
0.9999763
1.0
0.79112625
9.622156e-06
0.15987636
0.0011750612
1.393196e-07
0.4377178
0.021905074
9.798316e-09
0.00015728247
0.0022216928
0.9518437
3.597876e-05
0.009076168
1.0986834e-07
1.6619346e-07
5.199189e-06
7.38828e-05
1.2919182e-05
0.0019221434
5.5701844e-06
0.00020518877
0.00324365
0.24013045
1.1031388e-05
1.9629717e-07
2.1018926e-05
3.0934936e-07
4.2515738e-05
7.673643e-09
9.622156e-06
9.870721e-09
9.039485e-09
0.000103374616
0.999977
1.698074e-05
1.6922796e-09
7.083327e-05
1.1728652e-05
0.00039750102
1.3901288e-07
1.0649048e-05
0.015496612
1.2246709e-09
0.0004950535
0.4825105
1.9668913e-05
0.9999299
0.0007864678
1.4210965e-08
5.183409e-05
0.00021385206
0.99986583
2.3540023e-08
5.754074e-07
1.063228e-06
0.84380436
0.9407228
0.021905074
1.6619346e-07
0.043718483
0.0016968682
0.00024894992
0.59996855
3.2254047e-08
0.00010885766
0.073263384
1.7438282e-05
0.00021689203
0.00012300267
1.1763675e-06
1.8526116e-07
0.9999988
3.04296e-06
0.0004334649
2.8840446e-05
0.009901401
4.03678e-06
0.00019090508
6.4300826e-10
0.0017446454
1.2678554e-07
2.0991777e-07
0.00039750102
0.26085413
0.22611794
4.3727795e-07
0.25543126
0.14268397
0.9547966
3.718935e-06
2.33606e-05
0.99999744
0.0003010156
6.6568978e-06
3.133178e-07
9.694937e-07
3.7972677e-07
3.039467e-09
0.9999972
0.00013429204
0.9999934
0.9332632
0.9888802
0.55947554
1.5935474e-06
1.0601767e-05
0.3886784
0.0175973
0.9888802
3.1614748e-06
8.964491e-08
1.7680165e-08
0.00028465225
2.1877186e-05
3.5366636e-05
0.99999946
0.0012355385
0.09682345
1.5602711e-07
0.98339254
0.8643968
0.0009436471
4.3887994e-05
0.00039750102
4.84717e-09
0.9998255
3.597876e-05
0.9999992
0.99999946
0.0005862452
0.003010232
2.626e-06
7.1646674e-08
0.9995643
0.9715232
0.14189829
0.022838635
0.09157354
5.354502e-05
0.9974852
4.782772e-10
0.89961123
1.3104966e-06
5.396212e-07
7.382176e-09
3.852123e-09
4.0678665e-06
0.810419
0.2231186
1.707886e-06
2.3456302e-08
8.126847e-06
0.0015535835
0.059903275
0.0036683972
1.4609356e-07
2.6939813e-06
1.4770557e-05
4.0896074e-07
0.021161597
9.751527e-05
0.0029083206
3.8914154e-06
1.1341687e-06
0.7355309
5.120981e-06
0.20761186
0.99999964
0.0017255873
8.100633e-05
0.9999693
0.0023993726
2.266815e-09
3.4831444e-06
0.9997811
5.171293e-05
0.00971374
0.0013542474
0.95395595
0.99952537
9.654548e-06
3.0362106e-09
0.97557765
0.78205854
0.79864275
4.9117426e-07
4.9300258e-08
0.0010917255
0.00016301362
0.0009279944
0.0022216928
3.0789863e-05
0.0008757831
0.20547178
4.2111337e-09
1.134898e-06
0.99605376
1.4283956e-08
0.99999946
1.7427608e-05
0.03333344
3.9498747e-05
7.664869e-08
1.9460078e-05
0.022838635
2.9740638e-08
3.3379466e-09
1.6675893e-08
4.741355e-06
0.91667587
4.6316466e-09
0.99990505
0.00016597642
4.144254e-06
2.5526158e-06
0.03995327
1.0
0.9999016
1.824999e-08
0.112706155
0.22311859
1.6406938e-06
1.707886e-06
9.3562946e-08
7.854492e-05
7.9286394e-05
9.823916e-09
4.6704852e-05
0.0618877
0.7060761
6.480457e-05
0.00014287543
8.100176e-09
3.0789863e-05
0.0001721436
5.21327e-06
1.813796e-07
4.6704852e-05
1.0552517e-08
1.4064965e-09
1.9625181e-08
0.036855407
0.023930205
1.0
3.8836588e-05
9.005973e-10
2.0037014e-05
8.806336e-09
0.9999983
0.94198847
2.5055008e-06
4.7963677e-09
0.0045814496
0.00016040383
0.00013838215
5.171313e-09
6.4252764e-10
0.0023331216
1.3582635e-06
4.5640195e-06
4.743518e-09
0.0013491259
0.0020136712
1.0
0.008732484
0.96686447
0.00020518877
0.043718483
1.6541312e-06
1.9521247e-08
2.3983264e-07
1.3363642e-06
4.559459e-08
0.25543126
1.689113e-09
6.210279e-08
0.002196091
2.4745145e-06
2.759609e-06
1.0653472e-06
2.672252e-06
0.001350468
1.8687856e-06
0.23537488
3.6805817e-05
4.242372e-05
9.3562946e-08
4.7144204e-09
0.28131527
1.2919182e-05
0.002196091
0.0027717932
0.0041532605
8.969481e-09
