0.99999964
0.095259115
2.688169e-09
0.17337374
0.00031340425
0.9999905
0.99774325
6.5519096e-05
1.7575703e-05
0.999981
1.7018877e-08
4.2866978e-07
0.0048769307
0.888111
2.068551e-08
0.9999759
2.0587422e-08
0.97164917
4.2627423e-08
5.513568e-05
0.9463279
0.00017042809
6.8833233e-06
0.0002281675
1.438924e-05
3.175873e-05
3.5179754e-10
0.9999559
6.5660333e-07
0.025489952
2.8582184e-07
0.3402226
0.95842844
8.606099e-08
2.3117596e-05
6.5226953e-07
0.9779078
0.0010944532
2.3470345e-06
1.02331e-08
3.4547492e-07
0.9764773
1.0345579e-05
5.9254774e-07
0.32785746
0.00028995593
4.589791e-05
9.842418e-07
0.00021171855
0.20414726
3.33457e-07
0.0005215684
0.0005040918
2.3481741e-06
6.0151234e-07
5.605856e-08
4.8981674e-06
5.6596664e-06
0.72210073
8.1304535e-07
0.001276598
0.0005779449
0.9986479
9.244111e-06
0.0028259205
0.00039998567
6.455988e-05
0.0020503202
4.486013e-09
1.6777253e-06
2.1789948e-08
5.477937e-09
0.000108312095
1.0758595e-06
0.0005266756
0.9584284
0.9408365
1.0925102e-05
7.270253e-08
0.3655513
0.3757276
8.269695e-06
3.1647215e-08
0.0002491501
0.949443
2.4098822e-06
1.3322208e-09
0.7543234
7.27122e-09
9.4169515e-08
0.003549435
7.0424845e-05
1.7248341e-05
9.384491e-06
0.99999994
3.2815387e-05
0.9997014
0.0006268292
2.2340835e-05
1.2872276e-08
0.0005058889
0.0011038535
4.980987e-05
0.03193323
3.91973e-06
0.0028338174
7.411312e-05
5.7082282e-08
4.5289e-06
1.2635857e-05
0.9995422
0.71716183
0.9670032
1.464208e-06
0.9937646
0.9999951
2.6143436e-09
8.269695e-06
8.765451e-08
5.673256e-08
0.0006014735
0.0122902645
0.3374942
0.00097553723
0.01575716
0.99998266
0.00012867418
0.113675326
2.7970684e-08
2.7162707e-07
7.95773e-07
2.3285556e-05
3.2802855e-06
2.5346302e-05
4.6931415e-08
6.256892e-07
0.34986436
1.3950833e-08
2.7552122e-07
5.167168e-06
0.16600664
9.563463e-05
0.32461897
0.0007451934
0.00039448237
9.059956e-09
0.011802309
0.14541571
0.015619942
4.9344562e-06
6.138107e-06
0.00022822472
0.9937646
5.8877367e-06
0.0010075158
2.5193472e-07
4.7003996e-05
2.7162707e-07
1.5651489e-07
0.072802246
0.01380615
0.007186034
2.2508758e-07
0.00021613068
0.5178875
4.4843495e-05
0.01575716
1.0
0.94731545
0.000112204885
0.8520422
0.023335164
1.1824322e-06
0.9999884
1.0895594e-05
2.543576e-07
0.0014117984
6.1979426e-07
0.99998856
0.00018608572
0.66147524
0.71716183
1.11192e-06
8.3850546e-07
0.80548084
0.9937646
0.61651707
2.654356e-06
2.6227415e-06
0.999999
3.6787046e-07
2.0150783e-05
0.0033572214
0.9778941
5.673256e-08
1.25993935e-08
0.055069856
9.437797e-07
0.0015955939
0.0014216373
0.008664338
0.99999493
0.0086399745
0.3514713
0.0005779449
1.930291e-08
0.0009621337
0.00029936936
3.4073037e-05
4.592959e-07
0.80323267
0.0002493081
0.9999997
0.9995422
6.7900237e-07
4.6088742e-05
1.0687587e-05
0.00010869772
1.7383021e-06
2.314049e-07
2.1528332e-07
0.000827309
2.5664784e-09
0.99980944
2.8874204e-08
0.07484858
0.0130107505
3.1747917e-05
5.3277523e-07
0.80548084
1.7261252e-08
9.940741e-09
0.017115781
5.601548e-05
0.9715849
0.114592716
4.2423073e-07
6.5660333e-07
0.0011136773
1.9175895e-05
0.00072610687
0.9935341
2.5262088e-07
4.3345667e-06
1.3194191e-06
1.9255258e-07
0.99903727
0.9997411
1.0
4.4653356e-07
0.9999988
1.5846847e-06
1.4176458e-05
0.0002551786
0.002693261
0.101345345
0.00022399053
8.936423e-06
6.625313e-06
1.0145e-09
0.34986436
0.99995303
0.0008235595
0.99811304
0.99998796
6.539377e-06
0.8697278
0.99999946
0.00072116754
0.6993848
0.043342285
0.00022208683
3.3530828e-06
0.9997411
0.00090180844
0.5947165
0.0014207906
0.001219231
0.0014207906
2.6474465e-06
0.999464
0.000104345185
1.7277326e-08
0.34620687
0.00011723641
0.013084928
0.9999948
8.7814124e-07
1.4053173e-08
4.9712406e-05
6.5226953e-07
2.8464397e-06
0.00010836592
1.8203633e-06
2.0533815e-08
1.3501257e-07
0.35688284
0.0016467386
0.0018335712
0.101345345
