0.062385555
1.0
0.99971914
0.99998856
0.0010555972
1.315842e-08
6.582916e-05
0.9998921
5.9726176e-08
0.0030325975
1.1406374e-09
1.3816298e-10
1.253676e-07
1.315842e-08
4.8517e-10
2.3559428e-08
0.06868915
7.715202e-06
7.1752794e-08
0.09369363
6.1209216e-06
7.2166167e-06
4.4435064e-06
1.1626221e-09
6.6361895e-06
0.99923176
2.8468208e-09
5.581399e-06
5.5746976e-09
0.19853432
2.6546508e-05
0.0027417357
0.006796907
0.00013920586
5.122174e-08
1.1406374e-09
1.5122557e-05
0.9999241
4.04874e-10
5.741587e-08
1.8082141e-09
0.0007947285
4.829924e-05
0.055149347
0.16017772
2.1537279e-08
2.6456066e-06
6.576564e-06
0.52964234
3.2907156e-11
6.165971e-08
0.000100082805
1.2667216e-07
3.3405054e-10
1.2124611e-05
4.5323675e-10
0.6610278
4.0053505e-06
1.673519e-08
1.7769558e-07
0.0031080937
4.774815e-07
0.00017194003
1.7141662e-08
2.4956615e-09
0.9999482
0.0007545128
0.00066723494
0.14443566
9.837308e-08
2.5052591e-07
0.0031150128
1.359515e-05
3.1862203e-07
3.958132e-08
0.25217944
1.7071713e-07
0.0016177832
0.001246312
3.3405054e-10
2.189457e-05
1.6686137e-08
2.7687062e-07
8.115348e-07
3.8059927e-05
2.6461e-05
0.00017445332
1.4372496e-05
5.5746976e-09
3.146818e-07
1.1684538e-08
0.99999523
2.0733183e-05
1.7678074e-08
0.00075988995
3.2309586e-08
1.6065373e-07
0.93966776
3.801046e-10
1.5643785e-05
5.6471814e-09
5.145286e-05
3.3111558e-09
0.0016177832
0.9999482
9.1536784e-10
4.448879e-09
2.3543322e-05
2.885393e-09
0.8149756
2.1211379e-06
1.3482256e-06
2.412046e-06
4.014584e-09
6.198717e-07
2.5918931e-08
6.198717e-07
1.2693169e-09
1.8486894e-08
0.40026394
0.3540487
0.7199925
8.889046e-06
0.113238156
2.864694e-07
8.758733e-08
2.7261893e-07
8.680599e-06
1.8204106e-07
3.434438e-07
4.413963e-09
0.00010872374
0.0003057655
0.11380312
0.031845048
1.4128754e-07
0.008023956
2.3206796e-06
7.8112095e-10
3.8841e-08
2.3765145e-07
0.5665235
0.5168921
0.003742822
1.0
0.9999999
9.894339e-07
0.99990755
2.3885857e-10
1.750216e-05
3.1284104e-09
3.8292845e-07
0.01918691
0.0015527176
0.11658498
0.99692154
0.0013467798
0.00054897927
1.1495397e-09
0.99999297
6.0821896e-11
0.0011410145
9.276403e-08
1.5794216e-05
3.3156957e-07
6.400968e-06
1.6479795e-05
1.1230566e-05
7.1770444e-07
0.8472823
0.09007906
0.70188683
2.4963992e-05
0.6737316
1.21066105e-05
2.847907e-09
1.0466882e-06
3.7068166e-05
6.7812753e-06
0.94565475
3.3295998e-07
3.8289825e-05
3.8976923e-06
9.837308e-08
1.0097958e-06
1.6522593e-08
2.664556e-08
4.309255e-09
0.9839352
0.13127649
1.992929e-08
1.6740712e-08
3.1734844e-09
3.173514e-05
0.9999999
5.0882488e-08
5.315732e-09
0.001246312
1.456798e-09
0.0034687761
3.1413652e-05
2.0212715e-07
1.0
0.0002740175
4.0798295e-08
1.8897683e-10
0.4910916
2.6213226e-10
5.8762066e-09
0.00015408544
3.5093677e-07
0.9971564
0.010215127
2.7143494e-07
0.00063874654
0.9996034
5.6516933e-07
3.3735594e-06
5.7512214e-08
2.46224e-07
3.0872896e-05
0.0010613226
0.00013896583
3.929137e-11
0.010186539
8.157625e-05
0.14443566
2.3946997e-05
4.3199985e-11
0.9997586
0.99999994
6.5123214e-07
7.1769814e-06
3.8308617e-08
6.5123214e-07
0.01918691
0.00017759351
0.8172352
1.4357684e-07
0.16083099
0.004893127
0.9873806
1.1190016e-06
2.6439615e-08
0.33527827
4.1089663e-08
0.6737316
0.117513575
3.9098585e-10
0.0027417357
2.995338e-08
0.000658866
7.781959e-05
0.003882964
2.1134571e-08
0.0025976212
0.9998506
5.9252205e-05
5.1725174e-06
0.13261548
4.5755164e-06
2.3208322e-09
6.862297e-08
1.03022085e-05
0.049003016
2.1134612e-08
2.0130088e-08
1.03022085e-05
1.624647e-07
0.007997969
0.9998921
1.363032e-07
0.0019977049
2.0130088e-08
0.17899685
8.602733e-07
0.00017855335
0.03523567
3.8579446e-06
1.901514e-08
0.18304221
5.018286e-07
3.0806685e-08
0.9689231
0.00017445332
0.9999958
0.58801055
1.0207377e-10
7.1752794e-08
1.9758554e-08
0.09007906
4.685254e-06
5.255628e-07
1.6937462e-05
1.3824161e-06
2.189457e-05
2.0234948e-08
1.3535306e-05
1.0091002e-09
1.14000285e-08
