1.0
0.0005051779
1.9007254e-06
2.0953209e-10
8.450761e-11
0.021885574
2.0128368e-11
4.392768e-11
4.5425975e-05
2.064503e-05
1.7915238e-05
6.292209e-10
1.4470395e-12
8.024856e-06
4.2848455e-10
0.00019221505
2.3002806e-06
0.01135189
1.7098533e-07
3.6636527e-10
1.1927943e-10
0.9996363
5.5256574e-11
4.2872303e-11
0.9968543
1.3808322e-09
5.123129e-09
2.3801776e-07
0.9858572
9.828977e-07
6.61656e-07
9.382627e-10
0.14020613
1.4167709e-09
7.6478095e-09
0.9992066
5.3403372e-08
4.304681e-12
1.0512524e-07
0.99998385
1.9547466e-09
5.9628626e-12
6.179231e-11
0.00029184046
0.30598226
3.9001093e-06
6.796402e-11
5.205278e-07
1.2680005e-07
0.0016370713
1.8675545e-06
0.00016102691
2.681716e-07
6.644529e-10
0.0039398605
9.117966e-08
0.012516174
2.3182679e-07
6.179231e-11
0.99981314
1.5369152e-11
1.0184649e-09
1.8675545e-06
0.9999999
0.9549401
5.487464e-09
9.7879725e-05
2.4055014e-06
3.5757584e-08
1.541862e-08
0.97268885
5.6228053e-09
0.0071177343
0.00023819898
1.7009195e-06
2.2138333e-11
1.6853267e-11
2.957327e-11
1.0311559e-06
0.002282194
2.784241e-06
4.2105476e-05
2.4353372e-07
2.1616695e-09
0.11521955
0.18241577
1.2876745e-08
2.2271984e-06
4.307891e-09
1.7275216e-08
0.00037772578
4.180415e-11
1.0436093e-10
0.9614506
6.195343e-10
6.1234484e-09
0.99999213
4.513281e-08
3.6143888e-09
0.00018286897
4.11761e-09
2.3678075e-09
2.439077e-07
2.6437402e-07
0.0009649649
0.611256
0.96356
1.5482279e-07
0.99999994
3.1572693e-08
2.9733802e-10
0.0070500392
2.957327e-11
2.1235914e-08
3.0385638e-12
4.282389e-06
3.9826527e-12
4.52498e-06
1.1211637e-10
7.9205067e-13
0.0010835722
0.99993694
0.00030447802
0.0682913
3.3897423e-09
7.885593e-05
5.472375e-05
1.4304999e-05
0.9978465
7.0848832e-06
2.335906e-08
0.08030811
1.8219157e-10
0.3902725
5.0674835e-08
3.6004483e-06
1.3842167e-11
1.286006e-07
0.9988158
2.8814098e-10
4.1187936e-06
0.00088666537
0.0682913
2.5429285e-06
1.0223881e-06
0.08812948
3.7779457e-10
3.148723e-06
8.704321e-09
5.9362264e-05
1.266515e-05
7.720563e-09
0.9999881
3.4667892e-07
7.1693906e-10
1.4124378e-06
4.3634765e-05
0.00030393797
0.99999905
1.4368705e-10
5.310457e-11
0.3902725
1.1544267e-06
1.6648814e-08
6.151851e-08
1.8563823e-07
3.02209e-09
0.0030297919
1.5983751e-07
0.3295785
1.1954558e-08
0.26398933
3.0385638e-12
2.5874547e-10
6.9497096e-11
1.14078595e-08
1.6113093e-11
0.99747145
8.0968504e-10
2.4200733e-09
3.52952e-11
0.00333574
4.3469004e-08
1.2530271e-09
4.7419846e-11
5.579019e-07
3.0239189e-05
3.0663905e-06
7.668931e-09
2.6511281e-11
6.131246e-12
0.00024008781
6.8422583e-09
0.99998385
0.06918721
1.8412367e-11
5.6228053e-09
0.9992066
3.3249213e-05
1.9226444e-08
1.34289815e-08
1.6394097e-05
1.9252342e-09
1.286006e-07
9.937664e-10
2.0073035e-06
1.0331531e-06
3.526539e-11
0.001822286
4.7552944e-09
0.05659744
3.9406575e-11
6.2841493e-10
1.3768502e-05
2.2533532e-06
1.7235761e-11
1.6905165e-07
4.966767e-09
2.231898e-08
7.555996e-10
1.2841184e-05
0.0011215445
1.3484511e-10
9.12661e-07
0.0009145649
3.998355e-08
0.7082905
0.0036534378
3.5683234e-09
2.3513388e-05
0.024471246
6.195343e-10
7.292125e-08
2.4107868e-08
1.595471e-11
3.8582777e-09
0.00018478473
5.3965183e-09
0.9999974
0.91642696
0.0037071225
1.1927943e-10
1.0515287e-06
2.9218827e-05
0.009868443
2.1916315e-09
8.97782e-12
1.3785545e-07
7.4848565e-08
4.972609e-07
0.99987346
0.8582175
8.024856e-06
1.2785935e-10
7.640781e-09
4.3634765e-05
3.4363719e-09
0.001234782
1.2975306e-09
0.00015993313
2.4744318e-06
5.0259963e-08
6.1963473e-10
1.993417e-05
3.0044308e-07
3.0385638e-12
3.0734493e-12
2.681716e-07
3.2222056e-09
9.416337e-09
4.5425975e-05
8.645031e-07
1.3609657e-06
2.3678075e-09
3.601039e-13
9.722574e-11
8.262151e-06
0.9999948
8.3301885e-08
0.020023521
8.4321606e-08
2.2920729e-05
3.526539e-11
3.7855174e-11
1.450063e-07
3.9826527e-12
1.3412362e-05
1.2360751e-05
6.2716965e-10
0.7711183
2.545498e-11
1.0302003e-05
0.00019127676
0.0044369446
2.0769402e-08
0.9998337
7.292125e-08
3.5286445e-07
7.4323896e-07
0.03421829
