0.9999986
2.4903324e-08
0.7263003
1.1944041e-05
1.8497657e-07
5.010046e-10
7.694251e-07
1.0754158e-09
2.0209009e-06
0.32427987
2.4742148e-09
0.00023151065
4.68097e-10
0.00077935494
0.0028625464
0.0001567121
3.0972125e-05
2.687619e-10
1.1944041e-05
0.18174048
0.9979675
8.460111e-08
2.9076007e-06
6.4355496e-05
2.9488643e-09
0.0047123716
4.6281473e-10
2.8138436e-08
3.3627472e-09
1.3333869e-10
8.087711e-06
0.9165738
9.768144e-07
2.1212705e-05
0.8558243
7.919868e-06
0.9565449
4.6906983e-08
3.3840656e-08
6.4473184e-08
0.0010384772
1.1020198e-06
1.727469e-08
0.01343068
0.8823022
2.658129e-05
0.00021275748
0.0014017452
9.1744085e-10
6.908599e-05
1.0474691e-06
0.077895604
0.077895604
3.354082e-08
0.9999972
6.4473184e-08
1.9585712e-05
3.537823e-07
7.705827e-06
3.7527275e-06
6.102909e-11
0.4001612
8.589553e-08
0.00083330966
0.0016179265
5.511855e-08
8.706248e-07
5.8786194e-05
9.288434e-10
1.0526223e-06
0.9999823
1.0147603e-07
1.6598818e-07
8.303475e-08
2.710073e-10
3.537823e-07
7.1569616e-06
2.225153e-05
6.3971267e-10
0.9530086
2.6786818e-06
2.4542137e-06
8.6089784e-07
8.579958e-08
8.4554245e-05
2.2661547e-08
1.037336e-05
5.1847472e-08
0.0008079347
9.169099e-08
1.9631977e-06
0.0019001566
5.2771543e-07
2.1212705e-05
0.00030159758
1.516088e-05
0.07956709
5.150524e-05
4.6281473e-10
9.646025e-06
0.0036612828
1.3333869e-10
2.982506e-07
1.0051863e-07
2.5786065e-10
0.041030284
3.0231001e-06
0.05245417
2.1561283e-08
9.974904e-05
1.883272e-06
0.0049773697
1.547701e-06
6.324059e-05
7.700544e-06
2.3459119e-05
0.99999
2.6210925e-10
2.0928944e-08
7.2705335e-11
0.053098492
9.382167e-09
6.2611183e-10
1.7833027e-10
5.8188347e-09
5.437674e-08
4.8221363e-08
1.019268e-06
6.932415e-06
7.4330856e-08
1.5334155e-08
0.86407214
7.707625e-05
0.99992955
1.6652091e-06
2.3749693e-07
3.1113338e-08
6.916588e-05
2.1444967e-08
1.2078749e-05
0.0013444704
2.0541866e-05
0.33955824
6.5937584e-06
5.3716487e-08
3.3418086e-08
0.000112846334
0.99999446
1.1737447e-05
0.0005456702
3.6343458e-06
3.765141e-10
2.9263387e-05
8.1342847e-07
5.8606085e-11
4.68097e-10
0.0033575483
0.99999976
1.3199905e-05
0.00016842729
7.4531953e-10
5.8188347e-09
0.0004331353
0.00021355579
0.14820205
4.577722e-05
0.9999909
0.0006401312
1.9665013e-08
2.330706e-05
8.303475e-08
0.002719715
0.6622544
1.4428016e-07
0.00016846952
3.0571186e-09
1.9007772e-05
0.00010557847
8.403792e-06
0.013045369
0.039374884
0.08138342
8.903009e-07
0.9999522
0.008207679
3.8819675e-08
0.4072503
3.537823e-07
4.7911834e-09
1.0732851e-06
1.7833027e-10
0.026512852
6.8553504e-08
0.99999994
1.8847695e-09
6.932415e-06
9.646071e-10
0.039374884
0.00016318874
2.4188568e-05
0.9998469
2.8138436e-08
0.9747606
8.589553e-08
0.01713755
0.9999909
1.5945485e-08
4.062475e-07
0.2361794
6.329844e-08
0.17519161
3.387876e-08
0.00025172406
0.07525757
0.0013025922
1.0868609e-08
0.9999823
0.9979675
1.2794278e-10
8.167539e-07
2.3888922e-09
2.919039e-08
4.1352352e-05
6.916588e-05
0.016373025
1.657593e-09
7.7176293e-10
3.732266e-06
0.0029808201
1.6184104e-07
0.99999505
0.00022277568
6.324059e-05
0.000310127
7.019922e-10
1.0380367e-05
2.4783037e-10
0.046321645
0.000112846334
0.0010517717
1.6404679e-08
2.3252751e-10
5.1957864e-05
7.694251e-07
0.9995682
1.0
5.2982105e-06
0.4072503
2.6129896e-05
5.87203e-07
1.1944041e-05
1.0565849e-06
0.43438986
0.023265963
1.6423455e-09
0.98749876
2.0663208e-06
1.0915123e-06
1.9566864e-09
1.3908159e-06
3.5114869e-07
0.013922703
0.14103301
2.3265964e-06
0.72630024
0.17771661
6.932415e-06
0.99998695
1.505892e-08
0.00016842729
3.962264e-05
5.1844195e-06
1.1837697e-05
0.9268643
2.7037927e-07
1.0
4.8221363e-08
8.4554245e-05
0.99246323
0.9999972
0.3369496
0.3620568
2.1212705e-05
4.7389985e-08
0.9999504
7.615613e-05
2.3778611e-07
0.99999964
4.0199763e-10
0.0033575483
2.0970812e-09
1.6124315e-11
4.469549e-07
1.4695631e-06
1.41266855e-05
0.0032178313
0.2618408
9.169099e-08
7.03164e-08
6.01307e-07
