0.009229559
0.9408386
0.009229559
0.9408386
1.110892e-08
0.9999975
0.00277839
0.9998269
1.4586109e-09
0.4915999
0.6462635
6.8810064e-06
0.5184801
4.218599e-06
0.94058394
0.00037336166
2.322454e-08
0.00017163814
0.9991001
0.7333333
2.608279e-07
5.7775264e-06
0.008312421
3.2041916e-10
0.04004181
0.0038038038
1.8810037e-07
1.7184824e-10
2.1565186e-06
0.6321905
2.1627322e-06
2.9742623e-06
3.1208518e-05
0.017077392
0.9989174
2.7186394e-07
0.5115365
4.2411384e-07
0.0001382985
0.65742093
1.3285771e-06
1.7014858e-06
0.000507987
6.298709e-05
8.814675e-08
3.6565826e-09
0.0029016193
2.4601311e-05
1.1212584e-09
0.9999994
0.00054655847
6.45123e-08
4.6738e-05
0.0035077077
0.00030220835
3.3601142e-07
0.9658168
1.5303802e-07
4.6738e-05
0.00066486094
0.92226243
1.7517023e-09
0.9999324
0.9896541
0.03969031
4.3139307e-06
0.00034959937
0.9999997
0.045375552
0.0011207857
0.000116277486
0.00030220835
1.4593852e-08
4.1620592e-07
0.9907115
2.7285272e-05
1.4088597e-05
5.894433e-10
1.044752e-07
0.99996597
0.0001382985
3.2492736e-07
1.509801e-07
5.2916894e-05
5.8245837e-06
1.3022861e-09
2.8247758e-08
3.0962917e-07
1.0881138e-06
0.00014271108
2.7986858e-05
4.3586735e-07
0.9072056
0.009784939
0.99978256
0.9999765
0.0004912421
9.530823e-09
1.0
0.1862716
0.9907115
0.0008596129
0.943945
0.00088594586
0.0049217725
1.3248876e-06
8.196865e-08
2.0351958e-08
0.0006080093
0.008312421
2.75455e-06
3.4992883e-07
8.0813596e-05
0.06440266
0.020852877
0.00020751712
0.23059681
1.5589386e-09
3.599558e-08
0.037402462
0.00016123141
0.0006174854
0.0003960521
3.7282318e-06
0.005347799
0.021928502
0.0006029932
7.0204514e-05
0.013041949
0.99608237
0.9498636
1.5845939e-07
0.00024374289
0.15555003
2.7712658e-06
0.99991226
0.02386342
9.19767e-05
0.00020354339
0.0005047914
3.6016942e-07
0.015726766
2.75455e-06
5.362934e-09
0.9926634
3.0085241e-06
1.2163223e-05
0.00088594586
6.2216054e-06
1.0
0.9972169
3.2572173e-06
0.8727508
5.2916894e-05
0.8045824
1.7409096e-10
2.512267e-07
0.45868093
0.5115364
0.6474053
0.00029519625
0.99608237
3.1789935e-07
0.011224914
6.4164007e-09
1.9397262e-06
0.99999964
2.422615e-05
6.8810064e-06
4.732811e-05
5.0433914e-06
1.8183548e-05
0.99907523
2.608279e-07
0.0002177071
5.8245837e-06
1.4085934e-06
1.4813242e-08
0.0005365799
2.512056e-05
0.0026200325
1.6831889e-09
0.056930557
9.756767e-07
9.971934e-06
0.022698296
7.874868e-06
0.00022492686
3.4300656e-06
0.9999057
0.9658168
1.1610775e-05
0.000643823
0.0022190136
0.03080936
0.00028986996
0.00010868528
0.7546447
1.365194e-07
1.682575e-05
0.99991083
0.99907523
4.843535e-05
3.1175116e-08
0.112640254
1.3347237e-05
2.1115893e-06
5.614611e-06
4.917038e-06
0.0016319412
0.9999684
4.4056797e-08
0.00014350885
0.009789588
1.7609946e-05
0.99545014
2.1657124e-06
2.800755e-06
6.2913496e-05
1.0010436e-08
0.0077911676
4.3349445e-08
7.236562e-06
0.00033460732
1.9032835e-09
0.00054190133
0.015401396
0.00013536052
0.9997467
3.2360888e-06
0.0005107976
4.157418e-07
3.6114396e-09
3.3508343e-07
7.430151e-08
0.004449174
5.028317e-07
0.9999953
0.9496869
3.4062984e-06
0.00038633458
0.6992811
2.2199498e-09
3.7481243e-06
3.952934e-08
7.0785325e-05
0.04999398
0.9999433
0.00033429198
0.035842136
9.392122e-07
0.21030061
1.1212584e-09
0.020852877
5.0102126e-06
7.7379847e-10
0.0016506675
3.3590066e-05
9.489526e-05
0.9563149
0.054737102
0.34708026
2.2199498e-09
0.00277839
0.009409308
0.0008136883
5.163906e-05
0.99292225
1.157538e-08
1.3616216e-10
0.7970747
1.5383244e-05
2.7986858e-05
1.5589386e-09
0.00012993341
0.00016310939
0.00017957078
0.9989174
6.5181644e-05
0.99995136
0.94058394
2.4412289e-08
2.9304812e-07
0.21150345
0.9652809
1.0776174e-06
3.4300624e-06
0.0030157594
0.29044154
2.0611799e-06
2.9088998e-09
1.6640026e-06
1.0
3.0962917e-07
0.038553394
5.100452e-06
0.99998975
2.953199e-05
0.0102645075
4.3733758e-07
