0.24898572
0.05671775
0.0009979502
1.4814317e-05
8.1233696e-07
0.0021686463
1.7444403e-05
1.4805722e-06
0.0027907328
0.20566246
0.0072906995
1.2478742e-07
0.20638199
1.0
4.1175025e-07
0.9506589
4.9312393e-07
1.8285083e-07
0.0050502084
5.7164856e-05
9.3442184e-05
0.0045011523
0.008465112
1.0
0.0008383136
1.0
3.4595632e-05
0.034178603
0.99852496
0.00012892412
0.008465112
1.3661256e-06
4.1363154e-07
0.00022172948
0.9120422
0.9945458
0.2889911
0.08220961
0.00013483864
0.06359231
0.0016896719
8.693921e-06
2.0802461e-05
0.008195178
0.00052838266
9.678475e-07
0.014155568
0.0005067212
8.1233696e-07
0.0004886115
0.41165838
8.6846776e-05
0.99999607
0.102742225
0.0013319295
0.0037226954
0.14035515
2.4067445e-05
0.007117246
1.1106567e-06
1.0
1.4014212e-05
4.261669e-08
0.99462235
0.9966198
0.9999898
0.026016003
0.001533469
3.3551041e-06
8.258406e-05
0.03604265
2.1433605e-07
9.552717e-07
0.0012820667
0.0008539887
0.0033653376
0.013583096
0.99684733
9.610682e-06
0.99997014
0.984683
0.00011328784
0.0010386052
0.68184465
0.001918832
1.0985311e-05
0.9421706
0.01447705
0.012664753
0.9999997
0.5575553
0.008877193
0.020220766
1.9528471e-08
0.9421706
0.00035762566
0.00062966795
1.0
0.0002915654
0.0008539887
1.1032733e-06
0.0005939917
0.045195628
0.6200994
1.8546902e-05
4.0130035e-05
0.99732363
0.002333901
1.6274042e-07
9.217618e-05
2.4067445e-05
1.8230875e-06
1.0516435e-07
5.1182283e-08
2.102958e-06
0.0026239406
0.08380918
1.0333372e-05
2.520075e-05
0.001943013
1.5983454e-05
0.009118397
0.9809926
5.017678e-05
1.4854612e-07
0.73069376
5.749779e-06
0.026636405
5.3382228e-05
1.9448887e-06
2.3020493e-06
0.00014855604
0.6840016
0.0023809038
1.9167842e-06
6.843931e-05
1.4393083e-05
5.529753e-06
6.002745e-07
0.08220964
9.7139136e-08
0.019592365
0.9993133
1.2643488e-05
1.1547703e-06
0.00011167215
6.105827e-05
3.823894e-06
5.999574e-08
6.065285e-07
0.0090415655
0.018115375
0.00012373191
0.99997044
1.8652263e-05
6.998086e-05
0.0035767185
0.9999409
0.32813537
6.799303e-07
0.034178603
0.005167574
0.0043906583
0.9869321
0.00092295284
1.5582205e-07
0.06778886
0.99999064
1.4393083e-05
1.0
0.08991494
9.808361e-08
6.517723e-06
0.000645821
6.889566e-05
5.999574e-08
0.41678488
0.9998287
5.3382228e-05
3.1572338e-07
8.907251e-05
0.02011539
0.018162016
1.34024e-07
0.9106551
0.05529095
6.4257256e-05
0.00063799275
3.272417e-05
1.0
0.00012842914
0.12594073
1.1370624e-06
0.89086074
0.99999875
2.8396428e-07
1.0
0.00012416874
0.99998146
0.0028063369
0.00040569637
0.6610306
1.0
3.730711e-07
0.17162934
0.99997044
0.00011518792
1.2746118e-07
5.966845e-07
0.99884194
1.0
0.99995506
0.000808419
0.99999905
0.9645368
0.0058701225
6.6275625e-06
1.0
0.024784304
1.0
0.0032163085
0.99915546
0.7460214
3.5134664e-07
2.520075e-05
7.089127e-06
0.0022062778
0.3124501
0.0011498661
0.99999785
1.2053548e-05
0.9999498
0.0009197688
8.95421e-06
0.8765327
3.272417e-05
0.0012771575
8.371184e-07
0.0076559857
0.0009937444
0.0073918416
0.0025812478
0.00027740185
1.0
0.60459733
1.7654857e-08
1.2525361e-05
0.25638017
0.024741339
1.0519505e-05
0.00065034407
9.348725e-06
0.99999994
3.3036636e-07
0.08220964
0.0064216526
0.9999409
0.0012771575
0.0026740613
3.3782942e-07
0.3474333
0.054537725
0.7248496
0.000112864735
0.071574464
0.00032753652
0.008695369
0.9997459
0.0003052226
0.0029728129
8.0960766e-05
0.99954355
6.7521846e-06
0.00057085574
1.0136002e-05
1.4507684e-05
0.022190217
9.549057e-07
0.35213503
0.9533004
0.89094025
1.0493608e-06
0.050705846
0.00035096717
1.1032733e-06
0.017598469
1.6197433e-05
3.0666113e-05
0.004760522
0.0007109877
0.0066653946
0.0041427994
0.68184465
2.9455268e-08
2.3105495e-05
3.4641386e-07
5.3084288e-05
0.999998
0.99855834
0.21155581
