0.9962788
0.999717
0.999999
0.00018643773
9.175008e-06
1.9588407e-07
4.163417e-07
1.0
0.00040969165
8.463502e-06
1.937493e-06
0.4499144
8.9370616e-07
4.910653e-09
0.9999999
0.00043752874
2.7828877e-05
1.7541975e-08
0.00042106523
0.72258675
0.0016310535
7.79728e-09
3.2725006e-07
3.1070044e-08
0.99910367
0.0002336314
0.00016530706
0.049319323
7.4060204e-05
3.1861654e-07
9.150122e-09
0.6953086
0.33647084
1.5061776e-05
7.660597e-05
0.32939556
0.0028255696
0.99081725
0.00062048534
0.0027179178
2.4191008e-08
4.496406e-08
1.5613188e-05
0.06614544
0.008714094
2.3563051e-07
0.0053470456
0.0031465087
4.2457254e-06
0.5921068
0.588229
0.03491325
1.0
0.9999963
1.5815376e-05
0.99932384
0.00032871554
0.27130964
4.284989e-07
0.05150566
8.2460765e-06
6.4460517e-07
6.905349e-08
1.7976193e-09
2.7828877e-05
0.97563326
0.002616944
3.8021307e-07
0.9999993
9.13666e-07
1.1546586e-07
0.0009501545
7.374793e-05
7.1759914e-08
0.7646202
4.832523e-07
0.06399862
0.0002885239
6.9315627e-07
1.0
0.0015278488
8.618381e-05
6.154358e-05
1.0
0.00035732167
0.9999998
0.011721146
4.088671e-08
2.3659459e-05
5.074674e-06
6.834878e-06
0.2790837
1.01290006e-07
0.99468863
1.4044537e-07
0.018432774
0.1531538
0.0005952221
2.5096346e-08
2.2924176e-07
0.006597499
8.56191e-08
0.024151603
6.279234e-06
4.4062477e-07
1.4995369e-06
0.0017866266
0.00011650944
0.13829483
0.00013879102
8.3690975e-06
2.8643003e-06
9.78375e-07
1.8198322e-06
0.28696585
0.9655228
0.9599989
0.042310715
0.00032614276
0.23544814
2.481221e-06
9.593833e-05
3.369357e-06
0.00032891898
9.374476e-07
0.9993942
1.038809e-05
0.5274446
1.8761521e-07
2.6352351e-09
1.5859963e-05
0.0014855257
1.0
0.99996996
2.132059e-06
0.99903977
1.9280778e-06
0.9998604
0.37906712
1.0
0.9999793
0.0022784262
4.950506e-06
0.99883205
0.0015640269
4.950506e-06
0.0010879666
2.5343965e-07
0.00067603483
0.4481683
0.071159
1.6236559e-06
0.013917376
0.101826705
0.0023107852
0.0026678487
2.4191008e-08
0.99999976
0.2790837
0.0002507152
0.9532564
5.401502e-06
3.7587884e-05
4.2631333e-07
1.0
0.00019184206
0.0743028
0.020820748
0.0004376117
1.3950887e-05
0.72398627
5.3737085e-07
6.1515034e-06
0.00036901594
0.0033493123
4.6998667e-09
0.99984986
2.7472386e-06
1.0
3.636922e-06
0.5003789
1.776296e-05
0.9261675
0.0023723452
0.004666068
0.00068314874
0.0016949711
0.35969743
0.00022398925
0.32492697
0.0050170496
0.13829483
2.724526e-06
8.52088e-10
3.683921e-05
0.15547782
0.0009651709
6.220406e-05
0.00037620097
0.99998784
9.201629e-06
2.9009869e-05
5.142117e-05
1.6355285e-08
4.6912643e-05
1.1761739e-05
1.20200975e-05
8.180091e-08
6.834878e-06
0.9999979
0.0027179178
0.99097127
3.2489976e-07
0.9999927
1.8753214e-08
0.9367298
8.618381e-05
3.4747893e-07
0.99995255
8.3892e-08
0.99999934
0.0067366664
2.7870831e-08
0.9999708
1.937493e-06
0.00065767026
0.48832718
0.00096517184
0.0006276721
3.9954466e-06
0.6889166
1.5534297e-06
2.8939465e-05
0.00012254399
0.99149454
0.0106210625
8.184016e-10
9.824881e-05
7.9378265e-07
6.206845e-08
5.7364747e-07
1.4531661e-08
0.00030039318
8.234851e-08
3.4135486e-08
3.4135486e-08
0.001446241
0.9731045
3.0662034e-06
1.7849019e-05
1.7636536e-06
6.626752e-07
0.5276384
0.00034654918
5.356323e-07
0.02539488
5.5149776e-05
1.2501711e-06
0.00069529074
0.0027179178
6.9250284e-08
7.660597e-05
3.680024e-07
0.00038505835
0.028170463
0.9666393
0.9997986
2.2924176e-07
3.0410682e-05
1.6780774e-06
0.0117154475
1.2066188e-08
0.03839261
1.0202054e-05
6.5755455e-07
2.0890493e-05
3.6631363e-07
0.00013416084
1.9280778e-06
0.00012547504
0.99999917
0.0003506976
0.00035732167
3.321047e-07
0.8006652
5.1311545e-05
0.00032614276
0.49986467
0.0053470456
0.026334573
1.0
0.0010634864
4.497032e-08
3.542074e-06
0.014439056
5.545211e-05
0.00039615107
9.263438e-06
7.5152826e-07
0.0743028
