0.95858705
0.00022045495
0.94839144
0.00014621754
0.83056724
0.999953
0.99985427
0.96088
0.08945433
0.0007050742
0.17579298
0.00013517104
0.00056796765
5.9096476e-07
0.0010661437
0.0008074625
2.8753962e-07
2.3305282e-05
4.3037726e-06
0.003003412
9.162723e-05
6.5533277e-07
4.648672e-05
3.1951477e-05
0.020980434
0.0005166632
6.0487228e-06
5.9150093e-06
3.7763073e-06
0.00040289137
0.0418396
0.99999744
5.588487e-07
2.7206988e-07
7.071766e-05
8.513551e-07
0.9999998
0.0036406661
4.735809e-08
0.06843781
0.15927424
0.0642151
3.888558e-05
3.6156666e-07
0.013336601
1.3167732e-05
0.00017419967
1.1435985e-08
0.0027361598
0.002482318
1.2997378e-06
0.99999946
8.061948e-05
0.0005187463
0.0015587935
1.6897812e-06
9.618371e-09
0.061856557
3.0943008e-06
6.5475615e-07
5.971342e-08
6.378431e-07
0.08616148
2.3195042e-05
0.22937764
3.475253e-05
9.681909e-09
0.99999285
9.922234e-05
0.044705607
0.08111605
0.0015798386
4.9576143e-09
3.464568e-07
0.0021510452
5.8301575e-06
3.984708e-06
0.9999427
0.010514744
0.606504
2.4128667e-05
0.028665073
1.2748011e-05
1.5947018e-05
1.6504387e-08
0.00020281847
8.2811243e-07
1.4634497e-05
0.00039837277
0.8541187
7.335347e-05
0.9967636
3.4255283e-06
2.1001009e-07
0.99999994
1.2710276e-06
0.94820476
1.49960615e-05
0.021726994
0.0007345648
2.5735678e-08
0.9999445
0.5425494
1.6456408e-05
0.11492294
1.0
3.874097e-08
0.99999994
0.63633037
0.9999986
0.99999964
9.775207e-07
4.8033986e-09
0.99999994
8.174451e-07
8.7444105e-06
0.72565174
0.0025886195
5.5182285e-05
0.999978
0.99999994
0.00048407627
6.5475615e-07
0.19976121
1.7266427e-07
0.003037002
3.9153258e-07
1.9078307e-05
0.0030232696
0.0035306632
3.207136e-05
0.06477114
1.9626884e-06
1.076964e-06
1.74937e-07
0.9568804
0.97731197
0.00019834943
0.046255242
3.6059617e-05
0.6554994
0.999996
0.99803007
2.469573e-06
0.0004899416
1.6648244e-08
0.99829745
7.592206e-08
6.178373e-07
0.009256903
7.702898e-09
0.002313138
6.8806165e-09
0.0036967497
1.2277188e-06
4.400952e-07
4.177021e-06
0.3748602
2.0246209e-05
0.5960216
0.99999285
0.0013828211
1.0
0.00016496287
0.0005458681
2.2366628e-05
6.356473e-08
0.00076360226
5.5356744e-05
0.0003879324
0.0006924255
0.028665073
0.11492294
3.2504605e-07
0.008810922
0.004680694
0.9314255
5.688469e-08
5.3240017e-09
9.877306e-06
2.329428e-08
4.5737005e-07
3.969783e-05
1.7728487e-08
0.9999982
1.0
0.010318657
1.3023166e-08
1.0892145e-05
0.0005458679
0.02538251
0.002482754
0.090060085
0.9139591
1.0017388e-06
3.9870994e-08
2.405845e-05
0.00023384712
0.9998789
8.913155e-08
2.2111937e-05
0.0009566771
0.00018075712
0.94839144
9.889981e-09
0.9999948
3.057156e-07
4.144768e-06
0.30598113
2.5330799e-06
8.2138195e-06
1.9008322e-08
3.8544627e-07
0.00023197554
0.9999998
0.83056724
3.7383254e-06
0.012143017
0.0019349498
8.174451e-07
0.23505072
0.99998766
8.566026e-08
0.012143017
1.6672521e-08
0.98319495
0.99904215
0.90262485
5.5429946e-06
6.794377e-08
0.0043443
0.0003995036
0.9972291
0.91099435
6.575471e-08
0.98481816
0.011489093
8.0895925e-06
7.101688e-08
0.98642856
0.0004166462
1.0
0.9896475
2.2930168e-07
1.9483361e-06
0.9999243
0.9314255
4.3791046e-05
0.001920416
0.0029369926
0.00012071961
0.15268768
5.744227e-07
1.5130817e-07
0.99999994
0.21002595
4.775284e-07
5.9164147e-08
0.99292445
0.05495413
0.008125855
0.88978773
0.00027573144
0.0003879324
0.00010473316
1.8149467e-07
1.2776166e-09
6.7911285e-05
1.2114019e-07
3.042417e-05
0.99999964
4.8043994e-08
0.21007234
0.99526197
0.81724054
1.4656398e-07
0.00030797053
0.002254788
1.2649675e-05
5.758301e-07
8.866085e-06
0.055042773
0.0131520685
0.02830423
0.8889534
0.010318657
8.866085e-06
5.1702703e-08
3.09085e-06
0.99999875
0.14273944
4.0179265e-07
4.4816177e-05
1.958872e-06
8.5664e-05
4.1736936e-07
1.5923047e-06
2.0074995e-07
0.31138447
0.020293333
