1.0
6.5923814e-06
2.653024e-08
3.0623556e-07
6.560388e-08
0.00011182335
0.0028161365
2.7941576e-07
1.3861448e-08
0.0025310703
1.2329004e-08
0.124769226
1.9889077e-08
0.0012754143
1.50294e-06
0.00018204676
2.0753281e-05
4.4128638e-11
1.5127082e-09
4.2106862e-08
0.6292921
5.197475e-10
1.730548e-06
3.3221675e-10
9.305088e-06
0.2611877
1.4836111e-06
2.6394164e-05
0.051374517
0.00013400345
2.0624906e-09
2.9590692e-06
0.99917835
5.7551165e-07
0.22668599
1.01122836e-07
2.4346434e-09
4.1889725e-05
1.3404153e-05
0.0020044548
7.8116e-09
0.9999053
0.0080969045
5.998945e-07
0.29191154
0.9992788
0.3134506
1.494079e-05
5.396518e-06
0.020291286
0.00020956015
0.09511326
3.1650707e-06
1.6353077e-05
3.557575e-07
2.9405701e-08
2.6006837e-06
0.00040246028
0.00018204676
6.042304e-09
0.9976551
3.917592e-06
9.526258e-06
0.13378732
2.0369229e-09
0.9999999
0.8788663
0.90317076
1.1005789e-06
0.00012474446
0.071047954
7.8687066e-05
1.3763174e-07
3.747532e-09
0.8046369
5.979044e-09
4.8162958e-05
2.3835671e-09
0.0024332209
9.305088e-06
1.0726307e-07
0.04852618
0.999633
5.552719e-06
9.275763e-07
0.99999976
0.0010050893
3.459991e-08
2.8001969e-06
2.0624906e-09
1.2329004e-08
1.7156676e-08
1.1322448e-05
0.0043492033
3.957358e-10
0.0040007015
0.9999545
3.372052e-10
5.1796917e-07
0.99999243
1.2912166e-07
0.00012411157
0.0005588969
0.001975936
3.6249924e-07
1.2907212e-05
5.54103e-05
0.6479749
0.0017758149
3.0844195e-08
2.8526475e-09
0.0030397957
4.1889725e-05
0.21652183
5.4276853e-08
1.6357398e-09
6.9953415e-10
0.0025246043
3.769713e-09
0.3873726
2.1461382e-07
1.5034632e-09
3.4964934e-11
8.3263e-06
0.99999267
0.00022587783
0.00022765096
6.8877726e-09
0.014651933
0.99999905
0.009879161
0.0064865914
0.0023645768
0.0002096127
0.9164205
7.7255663e-07
8.0621114e-11
0.010537544
8.334207e-07
0.99996126
0.76300836
3.5517176e-05
2.9724234e-09
0.9999979
5.8364883e-08
9.1699956e-05
1.024505e-05
0.00060716673
2.2409222e-05
3.1875202e-10
9.801786e-06
9.722399e-09
0.009879161
0.99999994
0.006264397
3.2090633e-05
5.422336e-07
0.99998164
2.4089672e-07
3.981947e-08
0.025274979
3.4964934e-11
5.974344e-05
0.0015787197
3.415981e-10
0.0003599912
4.237402e-08
0.00042719365
0.0034700886
2.452915e-09
0.0008987324
1.1356027e-06
0.99157864
3.8770022e-08
0.99864006
9.0239975e-09
0.0005707594
0.90317076
1.215419e-06
5.145286e-05
2.819705e-08
3.1234092e-06
8.979657e-05
4.4418584e-06
1.0549704e-07
0.99579734
3.6862402e-05
7.116318e-07
0.0026053726
2.0435227e-09
0.7697161
9.581527e-06
2.3457992e-06
0.0010366499
1.0063264e-05
5.197475e-10
1.0331772e-07
2.1340021e-08
3.3763417e-08
0.00012882751
2.4004676e-08
0.025274979
0.9529465
5.349385e-10
0.00030693904
0.28639942
1.2235899e-09
1.9314628e-05
0.12010887
0.8087167
2.6031195e-08
0.0019858226
1.3317002e-06
0.00014040727
2.570487e-08
0.0047475197
3.2174466e-06
0.00039533977
3.0203347e-07
2.570569e-09
0.000674108
5.2928897e-07
9.491217e-10
0.00016672922
0.00019224841
1.0856729e-05
0.13618597
5.3013846e-06
3.3142413e-07
4.8597162e-06
0.0001586362
0.013333313
0.9997542
2.3886007e-09
0.0064865914
8.0621114e-11
1.9748269e-08
2.157356e-05
0.9987666
0.099289
3.1016285e-08
8.642997e-08
3.701967e-08
1.5733289e-07
0.99996376
2.508846e-06
2.8227076e-05
1.0831692e-05
0.3449796
8.1828375e-08
0.0013291865
3.0074176e-07
0.9999787
1.050877e-06
4.209779e-08
3.701967e-08
8.0117195e-07
8.967394e-09
1.9314628e-05
0.9863029
0.9999987
0.3134506
0.0006788698
1.2329004e-08
1.623473e-07
0.0032712673
0.0013055905
0.0044416613
0.021096477
8.586373e-05
4.758736e-06
0.31933144
2.1626718e-09
1.9840465e-08
2.369107e-05
2.7848039e-06
6.9953415e-10
1.0750123e-06
1.0711879e-06
1.6156242e-05
2.819705e-08
2.5352081e-05
0.0026318817
3.0506764e-09
0.3882766
0.58993423
0.00080341
0.98251206
9.418507e-06
2.3132237e-07
0.006238504
4.272114e-05
0.0061856606
0.82964057
0.07438249
3.024395e-10
0.0023632082
6.464866e-05
3.3329973e-06
0.5606417
