1.0
1.0
1.0
8.202476e-09
1.5149727e-08
0.2400436
3.10908e-07
0.0006619002
2.8900908e-05
5.815629e-05
2.0167816e-09
2.4544524e-06
3.054631e-06
9.719425e-05
0.029617086
5.7634816e-07
1.5126245e-06
1.0599664e-05
1.1784055e-06
1.0
4.66376e-05
3.6493705e-06
0.006019044
2.530894e-07
0.003029998
0.0008949221
5.595675e-07
0.10650765
8.569213e-08
1.916998e-08
2.444694e-07
1.1245148e-07
9.774465e-08
0.99993354
0.00090790476
2.0929014e-09
1.06270534e-07
1.5849521e-07
5.0200274e-08
0.0010841788
0.0003582433
6.5310815e-05
0.0003649232
2.4688625e-05
3.20003e-05
2.2338998e-08
0.0002781434
2.08183e-05
0.87907815
5.626542e-06
1.0541779e-07
9.853059e-09
2.028116e-08
1.567703e-08
1.4888228e-06
0.09405647
0.99961233
0.9706072
0.7795178
0.97163635
1.3814778e-06
4.2881882e-05
0.81222767
3.20003e-05
5.560355e-06
3.6976746e-09
0.0009719701
0.0115375435
1.6092308e-10
0.0039527784
0.9999944
2.9838166e-06
7.2915802e-09
0.006442405
0.09242509
0.17271318
3.1753855e-09
0.99959695
5.370696e-08
0.644295
2.5644231e-09
0.0012617753
4.40642e-07
3.0825708e-05
2.8435912e-07
0.0033070934
2.3567081e-06
1.1549332e-06
0.9939914
0.99999976
0.003779661
0.8544606
5.260693e-08
7.594532e-06
0.27611908
4.8414667e-10
9.408651e-06
1.6400556e-07
7.1736583e-10
3.7836938e-07
5.7634816e-07
1.3205571e-05
0.9998084
0.99961233
4.807388e-08
9.540336e-07
9.8573226e-05
0.2624196
7.3869084e-09
0.90380114
1.7384912e-06
1.12524e-07
0.00021817173
3.8737828e-05
1.74424e-10
1.5538127e-08
0.79841197
2.8272294e-11
2.423246e-07
7.128165e-08
3.338698e-09
3.5337186e-10
7.2738003e-06
3.6197978e-09
4.8088327e-06
4.2994325e-05
2.421902e-09
6.9761983e-09
0.0005202953
5.5627365e-06
1.805562e-07
5.056545e-07
5.07742e-07
1.9887939e-06
7.805221e-05
0.018619668
1.2558276e-07
0.90380114
2.4108587e-05
9.1311925e-08
0.08462379
9.04761e-06
0.04836457
0.17388587
0.9999948
7.1736583e-10
4.8763786e-07
0.99997836
2.9060597e-05
6.5339016e-08
3.6976746e-09
1.683672e-07
1.4707549e-06
2.43911e-09
0.6766818
5.160829e-09
0.018778851
2.7006675e-09
1.5394684e-10
4.1786203e-07
6.0674138e-05
0.5451836
0.9998616
7.509936e-09
1.2105087e-05
6.073967e-08
0.037660453
2.6036543e-07
4.755537e-10
0.0012621033
0.000750171
1.2702044e-07
0.00017915912
0.013223058
1.5471587e-08
2.608707e-06
3.0939185e-07
1.660672e-09
1.8620767e-08
1.3026083e-05
0.8223218
0.999043
0.000112959155
2.6956293e-09
2.3560057e-08
0.00027550833
1.3052111e-08
1.2882051e-08
0.0009719701
0.9999955
8.7313695e-10
1.0
8.0312357e-10
0.55594265
0.0004280709
0.00014069461
0.42361414
1.1462598e-07
0.0115375435
1.7575347e-10
1.1066787e-09
5.757318e-10
0.059300613
1.3467051e-07
2.2260895e-09
1.0599664e-05
6.6002747e-07
0.55445653
1.7717555e-06
1.1462598e-07
9.6955475e-09
3.7878668e-05
0.021416655
2.3219195e-06
0.028154332
0.05945987
4.7713213e-05
9.827114e-06
2.6915052e-08
8.058293e-06
2.6495127e-07
5.121368e-05
1.5416994e-05
4.9226947e-09
3.4434464e-08
3.1419106e-05
0.0035415373
0.95385283
3.3455397e-08
0.00013406045
0.994148
8.737367e-10
0.0009815104
9.740286e-10
7.861714e-06
2.3860965e-05
0.00014987984
2.107996e-10
0.00015805024
1.3660915e-09
1.74424e-10
4.3110656e-08
1.4707549e-06
2.948752e-09
3.1228283e-06
0.99989295
9.408651e-06
9.905678e-11
0.10108405
7.528346e-07
0.8829076
6.242415e-08
1.1194174e-07
9.714923e-10
0.050400626
1.4707549e-06
0.017306175
3.8380565e-09
1.2105087e-05
6.8079004e-07
0.644295
7.070952e-07
0.9993401
9.570603e-10
1.2965813e-05
4.929185e-07
0.99041146
7.031453e-08
2.112635e-08
5.0421806e-07
4.147096e-09
6.683913e-08
0.9994077
0.00021365436
1.2702044e-07
0.00056122406
5.5289757e-08
1.2570637e-08
5.350288e-08
3.1065127e-08
0.14869654
1.386919e-09
6.504813e-06
2.3339632e-09
1.3724742e-05
0.10108405
0.00013392705
8.685187e-06
3.0939185e-07
0.27611908
1.2993446e-07
2.736126e-07
1.266677e-07
0.00014987984
1.2570637e-08
8.476996e-05
1.189668e-10
0.99999976
0.6185369
0.0062670717
