1.0
0.0034705766
0.9999994
2.7166418e-09
0.9992574
1.4637061e-08
1.8727478e-08
8.335302e-09
0.903025
3.2671448e-06
4.376471e-10
4.7669007e-05
1.9270395e-07
4.7669007e-05
4.726916e-07
0.999997
2.7547472e-07
0.7375688
0.38049132
0.00033182357
2.8955938e-06
0.0028408424
1.5407411e-09
0.0014558807
0.0016662768
3.309453e-07
0.00018927602
0.0062099323
5.7280517e-06
5.1796585e-05
2.9121434e-08
4.0102964e-06
0.00023168951
1.8727478e-08
0.9998998
0.99999994
0.0067538987
0.0022537732
0.0005361121
1.0
0.9999793
0.9647627
1.5896539e-07
0.00011198234
2.7433323e-06
8.2862596e-07
2.0904598e-09
1.04811725e-05
0.95375496
0.1927298
0.999914
6.744911e-07
0.97853476
0.00017913758
2.905589e-07
0.0030316706
0.002877144
0.0020742302
0.0009959798
1.373019e-09
4.4239573e-07
5.5182613e-07
1.7979877e-07
0.00082301
0.000998909
1.2104245e-08
1.8727478e-08
0.999957
0.9999591
1.6092453e-06
1.6452237e-09
0.00015899284
0.0015638743
0.35354316
0.0057688057
0.0005138678
2.7765298e-08
7.086478e-06
1.9578363e-09
1.0
0.7889794
1.0970767e-06
0.05544727
4.241512e-06
8.948243e-06
8.019309e-05
0.00046566763
0.99992007
4.241512e-06
0.0055436674
8.9622e-08
1.8451422e-06
0.9945562
3.7286932e-10
1.766908e-07
5.8288233e-08
1.5331925e-09
5.3521027e-05
0.01580103
0.00487644
6.444208e-08
6.4985644e-09
0.94285214
0.083489105
0.0005850384
8.797744e-08
0.0023325556
1.6774497e-05
1.0
2.1609429e-05
1.1997827e-07
0.0015638743
2.0904598e-09
8.5391754e-08
0.00487644
3.060736e-05
4.2437573e-09
0.99999845
0.0022110601
0.016049707
5.2709896e-05
0.00014260336
0.00024321987
0.997587
2.0744257e-05
5.66156e-08
3.7636063e-09
9.338018e-05
1.2196921e-06
0.98742855
0.018636411
0.04362749
7.711412e-08
2.6481916e-07
1.8787287e-07
1.7347136e-07
0.9918882
4.7633284e-09
0.00010857962
1.6478976e-06
1.1942819e-06
0.9876935
4.241512e-06
0.3103282
1.7394481e-06
0.00068955537
0.1927298
0.18798786
1.4464912e-07
3.4095226e-06
1.2113442e-07
0.00055496447
0.5829855
0.8468473
0.10494979
3.0661322e-05
0.058507
0.9999819
9.191968e-08
4.7667395e-06
9.735853e-05
0.99999845
8.378115e-09
0.00015899284
4.4352998e-07
9.346802e-07
0.006753902
0.9948441
0.0002764382
0.99999607
1.3130365e-08
4.6360146e-08
1.2194741e-07
0.0016662768
7.976338e-06
1.0318489e-09
4.2514234e-08
1.5678526e-05
4.8523894e-08
0.85771096
8.249652e-10
1.4207912e-05
4.8311657e-09
3.5757387e-07
0.97853476
1.9791374e-07
1.2381083e-08
0.00039830306
0.0005850384
2.5357507e-09
0.054026663
0.00017534636
0.0006320158
8.153657e-08
0.00014746453
0.9993821
7.6005075e-05
0.5332623
0.1416039
3.328902e-11
4.570847e-05
0.0023325556
3.535839e-08
0.9990925
5.138506e-07
5.686467e-07
0.99993443
8.118667e-05
1.8784789e-08
1.446054e-09
0.004421524
2.0981575e-05
2.514276e-09
0.19181404
0.98742855
6.3802315e-07
0.9992478
9.119627e-05
6.744911e-07
5.2034097e-09
6.069057e-08
1.0866312e-07
3.9339344e-08
9.215698e-09
1.31354e-08
5.686467e-07
4.1337447e-05
0.99977124
3.0332363e-05
1.335704e-09
1.6186219e-06
0.20944263
1.6835435e-07
1.2470426e-09
0.00033182357
2.5357458e-09
5.312025e-07
9.332963e-08
6.0242286e-07
0.99999785
4.026337e-06
0.00018909742
0.4269073
1.1676332e-05
1.8784789e-08
8.153657e-08
1.8920481e-06
1.3215218e-07
0.009529387
9.215698e-09
0.00030919793
1.4208092e-08
3.897473e-06
7.317155e-10
0.99998546
0.00014164239
0.00016108894
4.380609e-08
2.4937604e-05
0.00012544393
1.5536799e-07
4.3413304e-09
3.1751267e-08
0.9557892
0.9992478
9.184751e-06
1.446054e-09
1.1510981e-08
3.2708095e-07
0.00014487261
0.9411074
1.7827696e-09
0.00072506344
1.580247e-10
5.6589204e-07
0.97201335
1.14499965e-08
2.4306297e-09
0.3103282
0.0063797366
0.9999992
0.5546027
0.9999955
0.0010838588
7.3409788e-06
0.001686737
1.2849875e-06
5.367334e-05
5.8544587e-09
0.00046566763
0.0026923032
0.257743
0.0052091307
1.7979877e-07
5.2991425e-08
2.8427983e-05
0.27162665
3.0111715e-07
2.6059718e-07
0.26744282
