2.9537182e-06
2.627914e-06
0.96309924
3.3191332e-05
2.7893114e-08
2.2615193e-05
0.05987243
0.91077685
1.1887073e-06
4.639997e-06
1.3692674e-07
1.9285675e-05
0.000110329915
1.1210374e-05
9.735593e-07
0.009193833
0.00053954625
6.12897e-06
3.8451344e-09
0.24682565
0.002144497
0.0056227925
1.5059889e-09
1.2417629e-05
0.00090354885
1.072663e-08
7.1270065e-06
3.4507066e-06
4.544665e-07
0.06984537
0.00022902121
0.5288945
0.000121890196
0.047557734
0.4876452
4.3923222e-08
0.72071487
4.2544906e-07
9.261442e-09
0.00087564625
7.993273e-07
0.0004323058
2.1033222e-09
0.011177204
0.0014771465
8.322546e-09
1.0308914e-06
3.8104645e-08
0.0002548103
0.63636315
0.00045453207
0.00045936415
4.7119503e-08
1.9477756e-07
0.36610126
2.9980708e-07
3.3191332e-05
7.6965705e-07
0.09486827
4.525134e-07
7.279458e-07
9.375234e-05
0.48797664
0.0033700333
0.9999737
0.9123866
0.00023150623
0.91077685
9.652121e-05
2.818264e-08
0.9999994
3.667775e-07
0.50528497
0.06933592
0.0014603873
1.4981231e-07
0.00059490843
6.390718e-07
0.9999852
2.8527944e-09
0.070029505
6.333378e-05
3.8880887e-07
7.535347e-09
2.5058998e-06
1.4775154e-07
0.09047186
5.2363805e-05
0.011577777
2.0832644e-08
0.93640816
5.026122e-07
2.792309e-05
7.5256463e-07
1.4790149e-08
0.011219576
0.99999475
1.165184e-09
0.00092518475
7.4477097e-10
4.115971e-08
0.958268
2.5226788e-08
0.9918072
1.0
0.0072086584
7.045292e-06
6.390718e-07
0.8567955
0.00045167236
0.009475852
0.20695548
0.9514245
0.001475048
7.540775e-05
2.461436e-05
1.0011344e-05
4.115971e-08
0.00085709465
0.37171245
0.60596555
0.9863231
1.0
0.1878109
0.99995494
2.7502978e-07
5.2636537e-08
7.5256463e-07
6.12897e-06
2.792309e-05
0.8926456
1.488722e-06
0.004616009
0.007872575
6.9904964e-11
1.8568829e-06
5.3879305e-09
4.1819344e-09
0.9996093
1.3932844e-05
1.23843895e-08
5.2706937e-09
9.205351e-09
0.00045756076
2.4192611e-06
0.99863446
0.00039948834
1.571447e-07
8.322546e-09
4.123691e-06
9.115388e-09
4.6068557e-08
1.8802693e-05
0.00011413218
0.0002001325
2.288272e-07
6.528607e-08
5.023523e-06
5.393678e-06
0.00028840566
4.822091e-05
4.123691e-06
1.0915206e-06
4.8354266e-08
3.7238894e-07
0.26080456
2.214537e-06
1.0011344e-05
1.0
0.999962
2.8569224e-05
0.9896299
0.0052602235
3.737345e-07
5.174246e-07
4.3903733e-06
3.5320474e-10
0.999997
0.99999905
1.6287954e-07
3.117113e-05
0.0032773644
8.119515e-08
0.0013013348
0.015887683
2.7914966e-06
8.171184e-09
0.9998066
1.2898653e-07
1.2514033e-06
1.0
8.828387e-06
8.951999e-06
8.845942e-05
0.58955884
4.309872e-06
2.031678e-08
1.34888e-07
3.667775e-07
0.015887683
2.649571e-07
0.00092172914
3.6280042e-08
5.026122e-07
0.06829288
0.00022557244
1.693239e-05
4.181776e-05
0.62046254
0.99999475
0.97943705
6.9904964e-11
8.317947e-08
2.0905772e-07
9.029922e-06
4.7460635e-08
5.5947326e-06
0.00076918525
1.3106118e-05
4.954956e-07
0.014395009
4.6702222e-05
6.222228e-09
0.0028464657
0.003602694
0.99999285
7.4470035e-09
7.0183356e-05
0.9999972
1.5296361e-07
0.00034158412
0.99574834
1.1751885e-07
5.0269125e-07
3.0413528e-06
7.515955e-09
0.99320257
3.991319e-07
1.3282452e-06
0.08497279
0.00014771445
7.0183356e-05
0.9901731
4.011423e-09
8.240061e-05
1.3108429e-06
0.99863446
1.0
4.1892977e-07
9.2701685e-10
0.00909541
4.287531e-08
9.297199e-08
0.1054343
0.0052306647
1.0915206e-06
2.9720485e-07
0.00045453207
7.1862747e-09
1.349111e-08
1.8803629e-06
0.9213612
3.8453527e-06
0.006976664
2.909595e-06
5.236635e-06
0.06933592
0.9999294
0.000121326164
1.2630453e-06
2.1764569e-08
7.993273e-07
1.811332e-08
5.578548e-09
0.97014874
1.4362253e-08
0.00015972967
5.1270115e-05
0.99677455
1.5847058e-06
0.7486572
4.9446978e-08
5.578548e-09
0.9994885
0.00022557244
6.845874e-09
4.1787158e-07
2.6177282e-05
0.99209607
0.9997169
0.99999994
0.0005440348
0.58955884
1.7189929e-07
0.031012205
0.7690305
1.571447e-07
4.5308486e-09
0.13376953
1.4478962e-07
