0.9999911
0.99999976
0.8572716
1.0
0.9999485
0.9999974
0.999975
0.00017160394
0.0030898624
0.9958522
0.99815154
8.334716e-07
0.03347529
0.00020576183
0.7486645
0.99958295
0.0053815115
2.92719e-05
0.00010804482
0.99999666
1.8318502e-06
5.566589e-06
0.011434648
0.49304676
0.007130632
0.003838224
0.30904934
0.000346245
0.9971502
0.0010753517
6.502085e-05
3.6434415e-06
0.0664555
0.6451798
0.00017160394
0.00025138134
0.6642569
2.1108514e-07
6.942697e-06
5.8086634e-06
0.015197361
3.5094254e-06
0.042011358
8.166744e-06
0.9999966
0.00042410055
0.013884211
0.007922111
1.5561053e-08
0.0037481652
0.3139983
5.1666695e-05
0.003380996
0.0035376423
1.4861572e-06
0.00045211735
0.00011447465
8.3189626e-08
0.00037182562
0.6202201
5.5041752e-08
0.011416719
0.0064059305
2.9820615e-08
3.6942936e-06
0.2509126
0.9999986
2.5064399e-05
0.015591059
0.00042410055
0.00050275365
0.99999833
0.9155771
6.4219225e-09
1.9387543e-09
0.008394691
1.0
6.293679e-08
1.0
7.9953854e-05
1.1403034e-07
2.6271923e-07
0.043305248
0.086002834
0.004370025
2.8848056e-06
0.0052422746
9.775203e-05
5.453623e-10
1.9433965e-05
0.9854733
0.00014416965
0.99999964
0.999934
1.0
1.50275855e-05
0.00016849331
9.090785e-06
0.99999976
7.994975e-08
0.9998237
0.9925501
0.99999994
0.0001221817
0.95732
0.0017887002
2.0788602e-06
0.07308846
9.749623e-07
1.2219671e-05
2.2520217e-05
0.0060495664
0.04306847
0.012458614
7.5503217e-06
0.059613958
5.9532266e-07
3.3251575e-07
2.6867562e-07
0.0008778073
4.6360816e-07
0.007922111
0.9992305
0.0003944927
0.011434648
4.4831903e-09
0.065955445
2.4991937e-06
5.932721e-08
0.9999987
0.23045614
0.00014713053
0.95241135
0.0020623314
0.8808275
0.99501455
0.0005276461
5.5156937e-07
9.036485e-09
4.742182e-06
0.8771732
0.09791359
0.8562181
0.99944973
0.98454857
0.0012998322
0.015591059
0.0004398209
8.650977e-07
5.713777e-05
1.7577752e-07
0.9924507
7.972879e-08
7.034148e-07
2.2609738e-08
0.84663683
0.13600257
0.4394721
3.115122e-05
1.0
3.8468952e-09
2.051959e-09
5.453623e-10
0.00017428439
0.9380891
1.6115398e-07
0.0009949536
2.167756e-06
1.9249457e-07
0.9889163
0.0048619187
0.010553895
1.6115398e-07
0.86734384
1.5666972e-05
0.0120837195
0.0003157351
0.0009445318
0.9289048
4.79804e-07
0.33061454
0.6202201
5.450592e-07
0.0026746208
8.251053e-05
0.005618984
3.834821e-07
0.9913195
0.9999979
2.9783596e-09
0.042011358
6.219363e-06
2.4020064e-08
3.6942936e-06
0.000506919
0.0010403135
0.0019817697
1.6431443e-06
3.897953e-06
5.5206947e-06
0.0014999649
3.8181147e-06
1.4122423e-07
0.9999999
0.02288164
0.0011444455
0.009187936
3.0828899e-06
3.8322796e-08
3.811492e-05
1.3996395e-05
1.9977108e-06
4.4831903e-09
1.1894968e-05
0.00068562984
0.13879263
2.2058848e-06
0.9122529
1.6845098e-08
0.0017349941
0.055968307
0.8808275
0.000110223074
0.9984957
1.2177745e-08
0.0020932506
8.261394e-06
0.00014416965
0.038264867
0.007725655
0.0011531295
1.6546624e-08
3.4880593e-08
9.4698936e-07
0.994416
0.00081264303
1.3132801e-07
0.0006021994
0.99999964
0.91336864
1.0278839e-07
0.00026505408
0.3053134
0.0005276461
1.7901646e-08
1.15455405e-05
0.00014580431
0.01871106
0.0021933527
4.79804e-07
5.0212006e-05
3.6594007e-05
0.6322827
0.0014381785
0.0013920034
0.0013532805
3.834821e-07
3.3329606e-08
0.020066218
0.0011718721
0.00027676835
0.9687651
1.5551252e-05
0.0037481652
0.00014001901
2.85074e-06
2.1502636e-08
0.20505743
0.00034866194
0.994416
8.381217e-07
0.00029328783
0.00014968417
0.13600257
0.00013847389
2.0477687e-06
0.8992191
1.0
3.2435906e-05
0.9999864
1.0
5.4636563e-05
0.9757308
2.1502636e-08
0.5899239
1.0126605e-07
5.713777e-05
0.0006785027
1.1227804e-06
3.8684598e-06
1.4287017e-05
5.3092695e-08
0.0011931498
0.015591059
0.9999997
0.99999976
1.90137e-05
0.9999988
0.009627912
0.030077863
