0.99825937
1.0
0.99540627
1.0
0.0068801204
0.08339316
0.00055831764
2.862561e-06
0.08923724
2.7343388e-08
0.0026884777
0.9989439
1.0483566e-06
9.1600796e-08
1.9687418e-08
1.246061e-06
2.637635e-05
0.99678075
0.9989439
5.925189e-07
0.9945409
2.1538943e-05
8.282562e-05
0.007742217
0.03156301
6.9110347e-06
0.63767093
0.96193767
4.5046054e-06
0.003301424
0.6831042
1.0004167e-05
0.00028958934
0.00041433884
1.0
9.1798434e-08
0.006964801
0.0010005664
0.98027
4.6902085e-05
0.9725142
0.0037974128
0.00032517317
0.99998033
0.0027616378
1.3436228e-06
0.00057839736
0.0001917318
7.537309e-05
0.8820274
0.001728923
1.188971e-07
0.0001092966
0.9929594
8.31949e-06
9.4479645e-07
0.0056809
0.001271499
0.00026184085
4.1183677e-05
1.32278215e-08
0.00029632894
0.999651
0.04980406
0.0008730332
2.4776013e-05
0.97781193
0.0003375888
0.010370554
6.110924e-05
0.0006066883
0.24793872
1.2052513e-05
4.457944e-08
1.0
2.5988638e-06
1.6784536e-07
0.9999999
2.600463e-06
2.015673e-06
0.0022849296
9.6166405e-05
6.8659033e-06
9.1600796e-08
0.0002481442
7.132759e-06
0.0014622046
0.9999945
0.000109773515
5.122672e-05
0.023231557
1.5284797e-06
0.0014446635
8.4523045e-08
0.99999994
0.0029601606
0.0006555401
0.13350932
6.287823e-05
1.5284797e-06
5.8148935e-06
1.0
0.9999997
0.0010302523
9.021659e-07
2.9454768e-07
1.47152605e-05
0.04319818
0.00018444606
0.00021480619
0.99525005
6.620056e-08
1.1922631e-06
0.03420761
2.313123e-06
0.9996696
0.33929732
0.009095341
0.0036205982
4.259719e-08
0.0012251543
1.703845e-06
9.188458e-09
0.075622015
0.029059218
3.7410973e-05
0.69416326
0.9999997
1.0218047e-07
0.0016030327
4.6902085e-05
1.1645646e-08
0.99999726
1.7202e-05
0.000390881
0.9999985
0.0003631524
4.0872084e-05
0.07745927
0.00020116848
0.0546882
1.1922631e-06
0.49303526
1.3888766e-07
0.9999897
4.354454e-06
0.99998033
0.98202336
0.000566909
2.8896572e-08
0.004487094
6.928893e-10
0.70403934
6.9367666e-06
4.7531935e-06
0.9991887
0.9999999
1.5563874e-08
0.020791845
0.7025311
0.03812249
0.052603662
0.000111225905
0.00094993185
3.0418338e-05
3.19412e-06
0.76460975
0.99999785
1.2919403e-08
0.039424405
7.922799e-06
0.00049696094
0.00018305458
0.016728828
0.00036734398
0.00013931475
0.7166015
1.1445865e-05
2.439547e-07
0.99999887
1.366702e-08
1.2052513e-05
1.8404922e-05
0.9999999
0.9922847
0.012272195
6.221219e-05
9.562784e-08
2.7459105e-06
6.1321816e-07
1.2543641e-06
9.1600796e-08
0.38774756
0.10740305
0.9999897
0.0024872157
2.7984217e-07
0.9955018
0.99998033
9.1798434e-08
1.0
0.0022899408
0.76446986
4.398709e-09
0.0011511237
6.1321816e-07
0.022350654
0.015648877
2.4931804e-05
0.31603968
5.6067665e-06
0.7891855
0.37557343
0.0017739031
0.0039456408
8.949643e-05
0.00027893475
0.084227175
0.0068801204
0.90520537
3.9760724e-08
0.0866097
0.00018305458
5.4979195e-09
0.0004195683
2.9505761e-06
3.7152822e-05
1.3571992e-06
4.4944063e-05
7.132759e-06
8.057171e-06
0.9999988
0.0017783763
0.0015738793
2.7985418e-05
0.00022031816
0.00074452156
0.019341405
1.3372244e-07
0.0004901932
0.0003631524
1.3069815e-07
8.158993e-08
1.0
0.65161
0.0002481442
6.9110347e-06
0.31819686
4.540133e-05
0.00033102607
0.0006555401
4.5720848e-05
1.182542e-05
1.1473366e-08
0.0011409716
0.0011409716
0.26889774
4.5978413e-07
0.04319818
0.9999997
2.492586e-06
1.2813214e-06
3.6643e-06
0.00020116848
0.9991673
7.582365e-08
4.1454656e-05
0.9175445
6.9289063e-10
0.2294475
0.00045841513
0.99998033
2.5051253e-07
0.0005843767
8.24464e-07
6.5732847e-06
0.053230017
1.0297563e-05
2.4931804e-05
0.9922847
0.06399959
3.1910638e-08
0.0031787872
1.0
0.0028015263
0.0018588647
0.75933295
0.0022654105
0.55416876
0.025158333
0.8493914
4.2717395e-05
0.99989563
0.0715021
0.00065107585
0.99882257
2.3366606e-06
0.9999354
0.00016780676
0.10075141
