1.0
7.0784006e-07
0.0005274387
0.024680065
2.2408003e-05
1.0
9.343416e-07
0.9952468
0.99978536
0.04256869
0.61750674
0.00041028377
0.006589522
0.98505294
0.00047701944
2.863683e-06
1.6565703e-07
0.9884348
1.4014332e-05
7.585628e-05
0.8863012
3.732865e-09
0.9997233
2.3286311e-05
4.7054576e-07
0.008264774
0.5215844
0.011358506
0.015320936
1.5896387e-07
7.9847036e-05
1.585815e-05
0.9986964
6.105514e-08
0.7293742
0.0016177093
1.5940109e-06
4.6594888e-08
0.24787523
0.004957016
1.0716349e-07
0.9999929
1.3323236e-07
6.225661e-07
0.0019762707
2.842621e-09
3.2707103e-05
0.0003693644
2.5170985e-08
5.3179855e-07
0.01774446
2.454522e-07
5.077695e-06
0.17388736
0.00063921977
3.256908e-08
0.2401174
1.9813522e-06
0.9779232
0.0017649678
1.4445337e-07
0.00083837676
0.05446143
5.3683607e-08
0.00052123546
2.45607e-07
0.034236763
1.8805876e-07
0.9861094
0.9993706
0.85909116
3.1356876e-06
3.0600552e-07
5.266857e-08
3.481798e-08
0.9998119
0.0022253469
2.3566251e-06
8.162789e-07
0.0031341966
0.99999
2.7463258e-05
4.6595225e-09
0.19105685
0.0013479256
7.7265e-09
7.591192e-08
1.2484379e-08
0.0004653876
2.4425726e-05
2.19239e-07
7.435365e-09
0.8601146
0.00021724428
1.7749431e-05
8.7801567e-07
5.6939836e-08
2.6464992e-08
4.207078e-07
1.6301273e-06
1.2864116e-05
0.99919343
0.021545589
0.00035612256
2.8841564e-06
1.698852e-08
0.99957085
6.919021e-07
1.9600343e-08
0.00066321425
7.610952e-07
0.9987299
3.335163e-05
4.2485215e-08
3.7678245e-08
0.00078804285
0.649815
0.9817507
5.739851e-07
0.2792153
0.0016834963
0.21465452
1.030339e-08
0.0005134678
0.99861145
5.849009e-06
0.0038533022
3.469168e-06
2.9819174e-07
1.14628385e-07
0.9338007
1.5820181e-09
8.637543e-05
0.015530549
0.0067245304
3.1689683e-07
0.028666727
0.9748962
0.12584554
8.090529e-08
0.020384526
0.89803004
0.16842619
0.8043688
0.9999995
0.00032759365
0.99992484
0.033923153
0.9999938
5.3398773e-05
0.4942543
0.0007218362
2.6158417e-05
5.664921e-05
1.7749431e-05
4.2461037e-05
0.0015894317
0.062996276
5.866531e-09
0.0068606483
2.4755525e-07
2.9355635e-07
3.212425e-05
3.0365825e-08
0.020384526
7.704766e-07
4.510086e-05
1.1442124e-06
0.08999091
0.04918439
0.7766019
0.00012564073
0.009350323
0.1162226
0.9963649
5.3117287e-06
2.155364e-07
0.003973232
9.318218e-05
2.9945902e-05
0.000464615
0.060453024
0.010189569
0.9999999
7.1016766e-05
0.97805
0.99992716
0.758649
4.6624795e-05
0.0035807039
0.008091081
0.0915864
1.2842725e-08
2.3286311e-05
3.4833363e-07
2.454522e-07
0.0006067077
4.6594888e-08
0.9999997
9.792043e-08
4.6595225e-09
1.0973354e-05
4.440253e-06
0.7851727
5.407806e-06
7.276942e-05
1.7463628e-07
5.666293e-05
1.3183748e-07
0.9963649
1.253327e-05
0.034652427
5.6460125e-05
0.008028163
0.99297255
0.9622081
3.762055e-06
0.69682926
0.32212615
1.4481104e-06
6.554172e-08
0.9999908
5.266857e-08
0.18479967
0.12584554
7.585628e-05
0.9999076
0.99999744
0.9999999
0.38306767
6.886636e-05
0.00018491218
2.4114175e-07
1.4607693e-08
3.6330732e-08
0.006589522
0.009054074
5.174611e-08
6.290079e-08
3.335163e-05
0.062996276
1.3826159e-05
0.99999917
0.9996562
1.3745552e-08
0.00030343016
0.0066461633
8.5487386e-07
8.7801567e-07
0.8817622
0.06748419
0.0007352592
0.10734741
0.015530549
0.0013479256
0.0018223467
4.1642734e-06
0.9588308
0.9999694
0.649815
1.0
0.92449516
0.99999964
9.117335e-09
1.333485e-08
0.0013785476
0.999998
0.00629141
0.001133304
2.0542517e-07
0.062996276
0.00029955094
0.0027751443
1.0
0.9999999
0.9891087
0.99518
0.00629141
0.00055372575
0.9999331
2.842621e-09
0.00013267605
3.046131e-08
0.9999983
2.8695702e-05
0.9916479
0.96489745
0.0014111768
1.9259918e-08
0.0019762707
0.16423503
0.034652427
0.99992484
1.3150121e-07
0.12584554
0.0018573613
0.85499763
0.00032436967
0.9999093
0.07130655
