0.9999897
8.0927566e-07
0.00030538737
0.05749899
0.0007032282
0.99992335
0.98844004
3.5607079e-07
9.895481e-07
1.2203152e-07
0.09468923
1.1673182e-07
6.7337895e-09
8.629018e-07
2.6398502e-06
0.99999803
3.1943344e-07
1.1301574e-05
4.773626e-08
2.0206232e-06
0.016076868
0.00036122501
3.1299453e-06
0.021203537
0.00014472417
0.00015294222
3.4107615e-09
4.095341e-07
0.99999875
0.005022782
0.99981743
0.0012703829
0.013006111
0.360233
1.3595206e-06
0.0030981633
7.155733e-09
3.2344164e-05
9.8908145e-05
0.0053908406
0.9999826
0.9776322
6.3244343e-09
0.10170828
2.7265432e-07
6.5870694e-08
0.9999897
0.20379801
4.9238054e-07
0.9999771
8.271694e-05
9.4827e-07
6.31955e-05
2.71582e-05
6.898504e-08
6.221462e-11
5.0238686e-08
3.598162e-06
3.4036017e-05
1.1069453e-05
0.9997996
0.008502933
0.99999803
0.00027787566
5.3551455e-05
0.0005185004
7.903555e-06
0.7994661
7.2587072e-06
6.4373494e-06
6.140289e-05
7.5746954e-07
3.948198e-10
7.362268e-08
1.4268347e-06
0.03704924
6.547082e-05
1.7440594e-05
0.015609952
2.0589678e-06
8.647071e-06
0.99975544
2.8488414e-09
6.547082e-05
1.4589877e-05
0.0005176064
2.9223842e-05
9.881873e-07
5.671682e-10
0.0026932124
1.14789415e-07
0.6942386
2.5654087e-06
2.3762295e-06
3.4036017e-05
3.044583e-10
1.30766304e-08
9.895481e-07
4.6209505e-05
1.297525e-10
2.1058818e-06
0.0006490614
8.8629133e-07
5.1510256e-06
6.605797e-07
2.3688838e-08
5.8288042e-05
2.878077e-05
0.0029717784
4.6481183e-08
0.90916264
2.0206232e-06
1.1097462e-06
9.85171e-08
7.650585e-08
1.1549197e-05
4.464089e-06
5.557604e-06
0.21907035
1.079069e-09
0.30095947
0.00018718228
4.3359146e-06
1.9459202e-08
0.96558636
3.1775547e-09
0.001207303
0.030131383
7.936568e-09
0.99992335
2.2938844e-10
9.154863e-05
8.05109e-08
0.9999826
6.6681465e-09
0.0005738988
0.7378434
2.3762295e-06
0.00807014
0.6892647
0.00010278505
1.0895587e-09
2.6398502e-06
0.78240365
1.4525321e-07
4.6428883e-09
2.0589678e-06
2.2858895e-08
0.0060459687
0.01870243
2.347327e-07
5.8030486e-10
3.5890963e-08
5.8848567e-05
1.2038906e-07
0.0021761442
8.314434e-10
0.9431713
6.78306e-07
3.272035e-10
5.486917e-10
0.0036943338
4.3537874e-08
6.6032084e-07
0.99999994
1.276533e-06
2.5923782e-06
0.9433793
0.99985206
0.00013246697
0.00022081575
4.202765e-05
2.976403e-05
0.984639
3.012282e-10
2.5473094e-07
3.788449e-07
2.9223842e-05
5.486917e-10
0.13470429
7.1230205e-10
0.8545476
2.8887183e-07
2.42371e-08
1.2913787e-05
1.0676117e-07
3.1544147e-09
4.6963312e-05
0.9999744
3.159408e-08
0.9938317
0.9999793
3.0117392e-06
0.00010134425
5.4882303e-08
3.7626005e-06
0.39497787
3.7626005e-06
0.0003568039
0.9650116
0.0009117207
0.19542219
7.811514e-08
1.4829407e-06
0.00019635669
8.0464906e-07
0.26947194
0.0035279985
1.079069e-09
9.299322e-09
0.49699655
0.00047268544
6.4786276e-05
0.9983363
0.00023217115
2.1356217e-09
6.330145e-07
0.80753547
5.2998903e-08
1.1824775e-08
1.4858681e-06
1.8527382e-08
3.2635995e-07
0.99979234
5.249965e-09
0.0672627
0.0006490617
4.7478743e-08
0.0010927822
1.30766304e-08
1.5956072e-08
1.0261949e-06
3.900072e-06
9.216446e-07
0.2261112
8.8991065e-08
3.669872e-09
7.954473e-11
0.5151503
0.9986365
0.9999158
3.5698923e-11
3.159408e-08
0.007712583
0.00033026416
1.3688889e-07
0.80753547
1.8037387e-10
0.17863612
2.416584e-06
0.0026764888
3.6319644e-08
4.496361e-05
0.87854034
4.929358e-05
1.6440913e-09
0.0016057855
0.0002447095
1.8439337e-06
1.4515041e-08
0.805427
0.00021628695
6.898504e-08
5.05156e-06
0.004999895
0.0003929538
0.0029888917
5.0236285e-06
0.00044838464
9.959826e-06
5.430359e-06
0.08653018
2.3274079e-07
0.05576642
1.0
5.8030486e-10
7.8770696e-05
3.8386126e-05
1.2882763e-08
7.4200634e-06
0.00022194162
0.0010497126
1.980704e-08
0.3447119
6.001417e-08
0.01870243
1.1574607e-08
1.2443201e-06
0.0057612187
9.4827e-07
7.724983e-05
1.4525321e-07
9.3113867e-10
0.0001473032
2.7514973e-09
3.639618e-06
6.332307e-07
0.00013246697
6.633101e-05
0.0006102438
