1.0
1.0372944e-05
0.00021813845
0.9995654
0.93033254
4.2764514e-05
3.0943115e-09
3.7214498e-08
1.7856997e-09
0.0047656824
7.454311e-08
0.99997514
3.9857907e-05
1.295222e-05
1.6258839e-07
3.768687e-08
4.8830465e-08
0.003518881
2.1384259e-09
2.326656e-09
0.9782211
1.0187141e-06
0.00019092255
0.0002618476
0.19732128
0.4324027
3.0614378e-06
2.0068022e-08
8.712355e-06
1.5549592e-06
1.1871046e-05
9.195506e-06
4.4572647e-07
0.9995017
0.008257462
6.0576513e-09
0.7131397
0.0046748016
0.0001336636
0.99990845
0.9999992
6.472136e-11
0.1710781
0.009006684
4.086608e-05
0.9989825
7.675096e-06
9.164078e-06
0.029112367
1.122425e-06
2.054584e-08
1.173112e-08
2.876731e-10
2.4260158e-05
1.3382037e-08
0.0036508872
3.5424545e-08
0.08965814
2.4233452e-05
0.025779882
4.4150784e-06
0.3180957
0.023936376
2.9859815e-09
2.9244342e-07
0.9995314
0.999652
0.0037689572
0.0003846333
4.8253664e-06
0.004843481
0.00031448924
8.990704e-06
1.10662484e-07
8.2530827e-10
0.04585073
0.10880469
4.587537e-05
0.84874946
4.2047774e-09
0.99999994
2.4509308e-10
0.116813935
3.0895187e-08
8.250324e-06
0.00088932045
6.7678364e-08
1.0
2.2778015e-07
0.9999058
0.00018995944
2.5952875e-05
0.00969
0.00010637682
4.695588e-05
0.87578404
0.24228309
0.9999999
7.947198e-10
2.3854092e-09
9.814518e-08
1.6254027e-08
0.998696
0.9670191
3.3081956e-06
0.99227244
0.0047656824
0.030124687
3.5364978e-06
0.00022425872
2.3503958e-07
0.0013206381
0.92934525
1.146249e-09
1.7265108e-06
1.7444836e-05
0.00015977095
0.0093845315
8.038981e-06
0.015196997
6.09474e-08
2.7341986e-07
0.29972798
0.0091377655
0.0003778367
0.010442848
0.5804452
0.29794493
3.429857e-05
0.0006183544
1.0226719e-08
2.427384e-07
0.00019911649
5.9060358e-06
0.007855346
9.795424e-08
1.33753515e-08
1.4446715e-07
0.00024727744
1.1926778e-07
0.00012216317
1.0482027e-08
7.566355e-09
0.99999833
0.98785496
2.3347338e-06
0.00015977095
1.0814344e-09
0.98785496
0.027697211
1.7134491e-06
0.004090606
0.7678741
0.99448025
1.6126123e-08
1.359401e-09
0.95803523
0.00252227
0.00038056256
1.2188874e-06
5.4789404e-09
4.1972136e-05
0.014688692
4.010796e-05
1.2349226e-07
0.00011775762
0.0037994517
4.3755284e-07
2.9163206e-05
4.3231426e-05
0.150352
0.0009264276
6.015513e-08
4.168482e-10
0.95803523
1.0386489e-06
0.0047656824
0.68294555
2.3879004e-08
0.0010704696
0.07842759
1.1466322e-08
2.9341783e-07
0.92786735
0.024803603
0.000166727
0.99994844
0.0038407848
0.04585073
6.102929e-08
0.00018891397
0.9998855
0.9988561
0.9999644
0.0005065724
0.93902797
4.0062412e-07
6.969894e-09
4.6947014e-05
0.00049657974
1.7444836e-05
0.9950518
0.00020693109
2.8283825e-05
0.9970438
0.94935805
7.927528e-05
0.99999726
6.3558296e-08
0.81227887
3.9606395e-08
2.999703e-06
1.1511029e-07
0.021204289
0.9999984
4.0874656e-06
0.0007537787
5.4460586e-05
1.0577867e-06
0.9988707
1.8361073e-06
7.0361588e-09
0.5144324
2.2860802e-09
0.0009727844
1.3995736e-06
3.805589e-09
1.9792978e-07
2.7310498e-05
9.676486e-08
0.0010338894
0.9925488
2.132424e-05
3.840944e-08
0.99999994
8.630836e-09
2.5054123e-06
2.3879004e-08
0.9999609
7.4199856e-06
0.00065682584
1.2666781e-07
4.9980343e-08
0.0013915999
0.8887382
1.6690359e-06
8.250324e-06
2.9163206e-05
1.393434e-06
0.0127380565
6.3997664e-05
1.9925743e-07
8.6850184e-07
0.11242398
1.5074784e-08
0.004090604
0.024593819
4.521934e-06
4.2764514e-05
1.9372572e-09
2.1499608e-07
0.9999786
0.0015001219
0.0011093636
4.068451e-09
4.2782682e-07
3.5424545e-08
1.10662484e-07
0.00018650047
9.028785e-06
3.768687e-08
0.0131238345
1.5138487e-05
7.252988e-10
0.6434698
0.9999979
0.00024136555
2.6360465e-06
0.48083448
1.0305835e-05
0.00026353815
4.1056987e-06
0.9998476
0.00011526528
1.0830863e-08
0.99152654
0.19353174
3.7598635e-05
1.1775602e-07
0.98982847
8.020755e-06
2.907948e-07
8.015832e-08
1.7436237e-07
7.5247003e-10
1.0127561e-09
6.8342204e-10
4.0876653e-08
0.0039592604
0.0032178436
