1.4042236e-06
1.0
1.0
1.2238902e-05
1.0082163e-07
0.034403473
1.1863059e-09
1.6729022e-09
0.19740753
7.734205e-05
2.052293e-05
0.06886522
1.1075518e-07
1.5215252e-06
0.0010278122
8.459263e-05
5.8410294e-09
0.42537752
0.000305827
6.6356515e-06
0.00074616977
0.99999934
0.94948465
2.052293e-05
7.5458567e-10
0.2775023
1.6775424e-05
1.1075518e-07
0.004967953
2.082172e-08
5.889719e-08
0.00018154044
2.967369e-06
1.0889663e-05
0.9998589
0.004385725
0.43599948
0.9858607
1.1901161e-06
4.96217e-05
1.592752e-08
0.00023471203
0.9456225
9.8303266e-05
0.58901024
7.7126913e-07
1.4902629e-07
0.000127704
0.99999946
0.00043681526
0.999956
0.07824543
0.050420962
0.13664003
1.5201271e-06
1.6729022e-09
2.568182e-06
0.9993701
0.44038168
6.377956e-08
0.00026580572
3.8766953e-05
7.8326075e-09
0.36962306
3.205691e-09
0.01915445
1.0186461e-08
4.5029715e-08
0.031758532
1.5032595e-07
1.3989083e-05
0.42537752
3.208709e-07
0.14449981
0.0010823419
0.9999997
6.892691e-08
1.0490153e-05
0.9998164
7.9753645e-06
3.5606095e-05
2.8744746e-06
5.976937e-05
2.2596465e-07
8.4448366e-05
0.32770386
0.99999815
0.8583912
0.0025134222
1.7353226e-05
7.0086586e-05
0.0021647392
0.9999987
0.091528505
1.2514172e-07
0.9995418
0.05066751
0.99691683
0.0013764638
0.5787435
2.544765e-06
0.0057617403
7.539661e-05
0.00031454113
4.6434465e-09
9.32807e-08
2.0073074e-08
1.1863059e-09
4.56104e-09
0.99999994
2.5584317e-05
0.0154471975
8.592782e-06
2.052291e-05
7.826824e-06
0.99998486
1.2044629e-06
0.005980265
1.4219036e-07
3.8766953e-05
3.658284e-05
4.3602324e-07
0.014747516
9.143876e-06
1.6105042e-07
9.126369e-05
1.132582e-08
0.9999994
6.3188213e-06
0.00081876176
1.2916246e-06
7.051854e-08
1.0785221e-06
4.778215e-09
0.9999971
0.007882127
8.3168965e-09
6.892691e-08
0.023565387
5.396156e-05
2.8634372e-06
1.6992648e-05
1.5861144e-05
7.051854e-08
0.000938129
0.8165657
4.1269743e-09
0.1006776
2.7986325e-05
0.0013733369
0.53342634
0.0144397
1.8109521e-08
5.7689544e-05
0.99976975
0.21557635
1.0993244e-08
0.25141805
0.010760208
0.001594007
4.754e-08
4.9175826e-05
1.0
4.1686214e-08
1.0993244e-08
2.47939e-06
0.27905345
1.0
0.99999726
1.9831405e-06
0.026887367
0.04525561
1.4706175e-06
0.9986622
0.001594007
0.058737207
0.008066668
0.8370587
0.99999934
2.991461e-06
1.4105845e-05
1.6147633e-05
0.0057617403
1.2744517e-06
3.658284e-05
0.97053385
9.176714e-06
3.0275478e-09
0.00025774384
0.94958895
0.0109041175
6.8966714e-05
6.9366746e-07
7.164247e-11
7.3750635e-07
5.401688e-09
0.00043396105
1.8385941e-07
0.00020550282
0.0017560415
5.814315e-05
0.00010165223
0.78269154
0.0047301985
3.491604e-05
0.000553617
0.99999946
0.0021976805
1.4131222e-09
9.254352e-06
0.0001266404
0.93650126
2.1425369e-07
4.042988e-05
3.905175e-08
9.4712025e-09
0.009709091
8.94657e-07
0.8888974
0.72322994
1.503582e-07
0.0022819215
2.4979474e-09
0.99999875
7.550955e-06
1.9101973e-09
5.976937e-05
0.00045046845
8.4863655e-10
1.8662332e-08
1.5428555e-05
5.401688e-09
0.001594007
0.0120599475
0.9999893
9.176714e-06
0.00036690876
0.00089739065
0.031749934
0.0020885696
9.9855164e-08
5.036931e-06
0.9998965
0.0005575491
0.00039398065
0.9231217
0.00055749866
2.1713657e-07
5.36652e-05
2.860877e-06
0.0006625711
0.00030654133
0.99999946
0.0025134222
2.6242818e-08
0.00011314339
1.132582e-08
2.3866943e-07
0.004756714
0.004539462
1.2969677e-07
0.0008061136
5.296293e-07
6.4328756e-06
4.168629e-08
1.6062387e-09
0.025763951
7.955076e-08
1.328302e-07
0.00037557623
2.534867e-08
0.99788076
0.99979794
5.0706523e-05
0.007839894
0.009983791
2.6242818e-08
7.9157144e-07
0.011495235
0.00013586652
1.1064855e-07
3.689343e-07
0.5787435
0.045598187
3.835278e-06
4.970918e-05
0.0019216101
0.9986675
3.0020068e-08
4.5014946e-08
3.0275478e-09
0.58901024
2.2398436e-07
1.3519497e-08
0.9999959
0.0047642128
3.9967352e-07
0.0042257165
1.9362462e-06
8.979051e-06
