0.9999968
0.43360507
0.9971395
6.5712953e-07
0.42466524
0.35863996
0.00061253767
0.9999922
0.35051772
0.9999922
0.00061253767
0.0020799052
0.0016753258
2.8850487e-05
0.99983966
1.0277404e-08
4.8087823e-06
6.4435873e-10
2.86031e-07
0.00037753678
8.376183e-07
7.560561e-05
2.1098645e-08
4.19944e-06
3.6739551e-09
3.8358965e-07
5.779499e-05
0.00013316149
2.0814916e-07
2.990614e-10
0.00013043692
1.9951997e-08
2.2371663e-05
1.5443482e-05
0.0165672
3.695266e-07
2.2693847e-09
1.768642e-10
0.98907727
2.894412e-06
7.460271e-08
0.02681037
1.1799536e-09
0.9050711
0.99765515
0.99999994
8.659281e-07
0.00027464447
3.072434e-09
7.4155673e-07
6.3294275e-10
0.99998987
5.6740085e-10
0.9999976
5.733642e-08
1.4096255e-06
0.00014247994
8.432012e-09
1.7721016e-08
0.9999929
1.3032812e-07
0.02699869
2.4087413e-08
0.0024514266
5.778281e-08
2.6907045e-08
0.058796503
8.878385e-09
0.02699869
1.0
5.940771e-06
8.458142e-08
1.4678329e-05
0.00014513073
0.06419599
1.3666708e-08
9.288124e-08
0.046613663
6.5652716e-06
0.0029239627
9.705607e-10
8.9338e-08
2.1084194e-05
5.6035365e-08
2.9942476e-07
6.220312e-06
0.9999859
1.7733932e-08
0.99964494
0.9476111
2.6575626e-06
0.0011875378
5.5293714e-10
0.0009498169
1.7566102e-06
0.0951333
2.6419397e-05
0.0031387082
9.327638e-09
1.991602e-09
0.00025441943
0.015137452
0.9902529
6.1802155e-09
8.8545676e-05
0.017683484
9.0413135e-07
7.4621977e-07
0.00012975166
3.5585566e-09
0.0004078473
1.3978481e-08
8.878385e-09
0.004906472
1.3342526e-09
8.0624676e-07
1.669983e-05
0.00048234625
1.654933e-09
0.021861896
0.0003617266
3.8881067e-06
4.556346e-05
0.021297587
6.446245e-06
0.29879853
3.671215e-05
0.21456404
3.0545272e-07
3.7124184e-07
0.00021859234
1.1900317e-09
6.162089e-09
4.2607167e-09
1.62293e-05
0.90523744
7.963783e-10
0.5441149
0.00040863617
0.99983966
0.9544083
3.5166377e-07
1.7403924e-07
6.955952e-08
0.9544083
0.0010306741
0.12944499
1.7887741e-06
0.5909393
4.8597997e-07
7.894568e-07
3.8102673e-05
0.99934375
0.00025992957
0.003586425
4.379974e-08
1.3386652e-06
1.0541378e-05
1.9789714e-07
0.042269118
0.9026031
0.9954117
2.7581088e-08
5.6035365e-08
2.2802671e-05
0.7689402
1.232665e-06
0.5405879
3.6891038e-07
1.1968686e-07
2.6205056e-05
0.16877314
0.12944499
0.3490392
1.12845534e-07
1.3057184e-09
0.02699869
0.99289924
0.00014513073
0.0031387082
5.648942e-05
2.0902273e-06
1.5059516e-06
1.1946187e-09
2.3086097e-06
1.1513461e-08
0.018602293
0.39525458
2.468968e-09
1.6862944e-07
0.021623734
2.5991465e-06
0.015231461
3.9117705e-09
4.7669553e-05
6.055281e-05
1.9232428e-07
1.5301906e-06
9.2508935e-06
0.0744412
0.00010454059
2.6151782e-05
0.98942876
3.3170323e-05
1.4659265e-09
0.00025166958
1.8556352e-07
0.0006433121
1.7733932e-08
0.25903475
0.05003828
2.2913292e-07
2.8621197e-09
2.5971023e-05
1.4234749e-09
5.4142206e-06
0.9421947
1.8455085e-05
0.0009498169
1.0335335e-06
0.021623734
0.021623734
0.0023484845
0.0026172602
3.35189e-05
2.6151782e-05
4.4002553e-07
3.6163066e-05
2.0821635e-05
0.021282032
5.012728e-07
0.99999106
0.0026160083
0.9998297
0.39804363
0.93390745
1.4226252e-07
7.195296e-10
1.0103835e-08
0.00459042
1.5564087e-06
4.7390757e-05
0.01762804
1.8168728e-05
0.00011935477
6.569666e-07
4.9927273e-08
0.06569747
0.0006433121
0.0006947257
0.0025512667
0.059383884
0.0059094834
0.00016397283
2.4868958e-08
4.4660906e-06
0.99999994
6.4545125e-06
0.99964494
1.2233395e-06
1.9772293e-05
0.028337251
0.99939144
1.8168728e-05
0.90180635
0.0023484845
0.06601843
4.3572765e-08
7.833133e-08
0.007934555
0.017237552
1.6780967e-07
0.00013245345
4.083199e-06
0.0001812993
2.0125259e-05
0.003678603
0.98920995
3.0532643e-05
5.303177e-05
0.43065527
0.698425
0.094750926
6.923127e-08
0.1858618
1.0049539e-08
0.0020717583
0.99939144
1.5998589e-07
0.00048234625
0.9995791
0.0059852386
0.011325632
0.080177866
5.0995776e-08
0.9897975
0.00034456793
0.99918133
1.4902844e-06
3.8374074e-07
