1.0
0.0022324666
0.20435154
0.7896683
3.3580134e-05
0.016941313
0.9991058
0.9999939
0.00014779379
5.233729e-06
0.00015170271
0.00027266887
8.421864e-07
0.77372754
0.9995362
0.0027799082
0.00027254046
0.61107975
3.9885032e-07
0.99999714
3.048671e-08
8.587912e-05
1.0801156e-08
0.10825941
7.009665e-06
2.4842931e-08
1.244764e-06
9.047665e-08
3.7422453e-06
0.05037181
0.9886653
0.07615831
0.9879303
3.1246068e-06
2.478934e-05
8.4117016e-07
0.004503482
2.3440609e-07
3.4008986e-05
0.9998687
0.9995238
9.509869e-07
0.99920326
0.06891544
0.0005029301
0.0013077435
0.9999977
8.607008e-07
0.083754964
0.0054026498
2.5743323e-09
2.4016115e-06
0.0065980926
1.175865e-06
0.9999999
2.887057e-06
0.884344
0.006208505
0.0019952224
0.99999124
0.00016843194
2.3319868e-05
2.5704682e-07
0.06624702
0.00012917933
0.007585949
0.00032699457
0.00012721457
3.4564306e-05
0.039682936
0.00023177877
0.99999636
0.9993447
0.11799821
0.00048207
8.0663995e-08
2.691847e-07
0.010979359
0.44019708
0.00013012969
1.49998805e-05
1.3553164e-08
2.0371382e-07
1.6583565e-06
8.8196775e-06
0.49025953
1.5729256e-09
7.383392e-05
4.9810666e-07
0.00046314276
6.630129e-06
0.8616388
0.015664164
0.9999536
0.99999803
2.0515655e-07
0.0003663773
0.24889785
1.2337069e-06
0.99999934
0.1467296
8.109346e-08
0.22094724
6.2044106e-05
0.0020321577
4.7516887e-06
7.250502e-09
0.0013653361
0.0001813247
6.015743e-07
0.9999998
0.99996364
1.5167281e-07
5.5219743e-06
3.1130756e-10
0.033441875
3.9864673e-05
0.0013077435
2.229768e-06
1.1471199e-06
0.99998987
7.951877e-05
0.94254535
0.007192099
0.9994824
0.04810045
0.9998945
7.541087e-08
4.7352674e-05
0.516623
0.0055512674
2.0542355e-05
0.009449724
1.684118e-08
1.856793e-07
6.532107e-07
0.058669586
3.706277e-08
6.965789e-07
0.31501618
5.598403e-07
0.0451317
2.5380988e-08
0.21331538
0.9811947
0.9999984
0.9999536
0.09098577
0.9998687
0.625324
0.0015193811
4.751684e-06
3.780948e-05
1.2573711e-05
3.7331807e-07
1.0
0.06506135
8.109346e-08
0.93994236
0.0006864906
3.3580134e-05
0.9999869
4.9675367e-07
3.171415e-09
1.4934094e-05
0.9968959
3.0785486e-07
0.2512242
0.038967025
5.76046e-06
0.0014707961
1.630569e-05
1.2220836e-06
0.0003663773
0.24889785
8.858141e-06
0.9792836
2.612571e-06
0.19507077
6.470188e-05
0.0021741975
0.9999942
2.3994055e-08
3.638871e-08
4.1243954e-08
0.048816003
5.220106e-06
0.083754964
6.447896e-07
0.06891544
0.6641424
0.0017097074
0.083754964
8.109176e-08
3.0642371e-07
5.849271e-08
1.8226969e-05
2.333169e-06
0.9982345
0.101610854
2.1541407e-05
0.07802193
0.00017565611
0.99969304
0.99999994
3.144726e-06
0.0008923566
1.630569e-05
0.0002688763
7.6551817e-07
3.187581e-10
9.395057e-05
0.0063884812
0.00088306685
6.1404304e-09
0.0051476047
2.023871e-06
8.629145e-06
3.1342825e-06
4.5908475e-08
1.0
0.9886653
0.9999971
0.00020601251
3.6875818e-09
0.051261425
9.110087e-06
3.7246886e-07
0.009449724
0.0044508446
0.99671024
0.020377137
1.2442369e-05
0.00016392875
0.0013275506
0.99191785
9.375552e-08
0.0063884812
4.4676205e-09
0.9998851
0.00039243198
0.0017322955
0.00085908227
0.00043780636
0.72487366
7.541087e-08
1.2572967e-07
0.094916
0.99998575
0.00086185604
1.2545917e-08
1.2490326e-05
0.0068896897
1.1937183e-06
2.1073098e-05
1.9600716e-08
0.9977764
0.5374966
5.120889e-05
0.033441875
0.9976525
1.1041924e-05
7.742698e-05
2.0193316e-05
0.00011816233
0.91994905
0.0011190089
0.9725681
1.57686e-05
7.773462e-09
3.0785486e-07
5.8746178e-08
1.0082563e-06
0.00024647996
3.2788963e-09
0.12221342
6.467902e-06
0.99999976
0.0022213927
1.1314889e-09
0.9999675
1.9564075e-06
6.891767e-05
3.7966666e-07
6.584666e-06
0.005631827
0.0006864906
1.5679921e-06
0.0005901117
0.011908994
1.0311652e-07
0.99973273
0.20184343
6.7038265e-05
0.020973384
5.8746178e-08
4.0786936e-08
0.4074811
4.7859385e-07
0.0014707961
