1.0
0.15578358
4.891027e-05
1.4935063e-08
0.013768571
0.011465046
1.1981575e-05
0.0012502522
0.00037825946
3.8405452e-07
1.0717769e-05
0.00013945244
5.696781e-10
0.42684025
6.247895e-08
0.0030860312
2.9381622e-06
0.00014481087
0.9767473
0.99965453
7.239283e-05
0.0017938509
2.335355e-06
2.0108597e-08
1.6698351e-06
3.94689e-09
5.2922286e-07
0.006866775
0.4276208
5.800189e-06
1.8066052e-08
0.9999948
0.00079683814
4.2396153e-09
7.540374e-07
0.0067428816
2.7685724e-05
0.99988127
9.335328e-07
3.920076e-09
9.5291153e-07
3.3576457e-06
0.0009862534
2.9389666e-08
0.9993804
5.829085e-06
1.8574767e-07
0.00038475342
0.00045992347
0.07773996
8.818434e-10
2.2850627e-05
0.7646228
0.12895234
1.1486937e-09
1.4881923e-07
1.6767746e-05
1.4630725e-08
0.00037825946
0.28926012
0.96584
0.022050325
0.21911685
0.00016822426
0.99596626
1.780081e-05
3.539685e-08
0.01216711
3.2436271e-09
0.0017096886
2.7593733e-05
1.8368591e-07
6.786001e-05
0.0001236042
0.038293786
5.776925e-07
5.875772e-07
7.971142e-09
0.9999936
0.31483388
0.00051524705
3.0753006e-05
0.005640389
1.5186787e-08
0.00024218019
0.99884075
9.180609e-05
1.3973375e-10
1.5200959e-08
2.6202056e-08
0.06461823
1.6152911e-06
0.00027928868
2.1355419e-07
0.14902917
0.0072959126
2.9473981e-06
6.5713808e-09
0.9986345
0.92158806
3.8078642e-07
0.043341406
0.00076361356
2.5689593e-05
0.9983742
0.2550275
2.7776557e-06
0.00016567504
1.8574767e-07
0.9999628
1.5463482e-05
0.001080379
0.9974358
0.9999969
0.0016135682
0.00018627886
1.4973569e-08
0.017265351
3.122642e-07
0.017273493
1.77888e-06
3.548373e-05
2.0649675e-06
3.1170462e-09
0.9999998
4.807324e-06
0.0003551138
0.94228405
0.00063455227
5.236964e-06
0.0002957112
1.4132421e-07
0.050848745
0.0032120307
0.0011872494
0.001221684
6.0434872e-06
0.0039384156
0.0001299328
0.99605197
2.4628089e-06
7.034374e-09
9.3933544e-05
0.0002966031
3.268344e-09
2.3898284e-07
4.3181453e-06
0.00025369978
0.0002551178
3.0746868e-08
0.005219306
0.0012509986
0.8554676
7.4164695e-06
0.6466208
1.2364257e-08
1.0
2.5687623e-07
0.9580902
0.9999955
0.01978417
0.0001769377
0.011530508
6.6638145e-06
0.01034051
0.0010973086
0.0002634005
9.3764575e-06
0.80523133
1.2293644e-07
4.659285e-07
0.99430895
6.735331e-09
0.0008630484
4.9604812e-05
0.99853265
0.0019159319
0.019177986
9.581582e-05
1.8403513e-08
5.55428e-07
0.9984635
1.2865919e-05
1.0
8.4142186e-05
1.1407816e-08
6.247895e-08
3.3645978e-05
1.4640583e-05
2.3729961e-05
2.5689593e-05
0.00011600924
0.9711679
0.0025922686
1.4299652e-06
0.00021516267
0.00021921369
0.0025825766
0.9866046
7.4164695e-06
7.007526e-06
0.63223964
9.217636e-08
0.35011378
0.7733391
0.0028977713
0.0006388988
0.09692507
0.9999996
0.059794225
5.3416596e-09
0.8545218
1.3559556e-07
2.1474526e-07
9.911887e-07
4.8433257e-09
0.04337337
0.99999964
0.0009123933
0.00760952
0.0022757004
0.99998677
0.00013059398
0.43285593
8.818434e-10
2.1725651e-07
9.766162e-06
0.99994695
0.9995719
0.0003159248
3.2152053e-05
1.6537852e-08
0.0029309804
2.1142341e-05
0.16728184
4.7688577e-08
4.1663872e-05
0.010829211
0.0022294098
0.0011532338
6.247895e-08
8.843502e-09
0.99971116
0.7591316
7.516322e-05
0.0006388988
0.0032120307
0.0048996205
8.3093095e-05
0.011111429
1.5423258e-05
1.3770487e-07
1.0524521e-07
4.1275435e-08
0.00044813723
2.7348224e-09
0.00072465587
8.609401e-06
3.987082e-09
5.2133464e-07
0.043249
0.00089127535
4.0371695e-08
0.00017978286
4.9270648e-06
1.917126e-08
0.00076416344
3.920076e-09
4.7483908e-07
2.0939794e-09
9.9810414e-08
0.0009630476
2.1113972e-05
0.03919014
7.707163e-08
2.9781736e-06
0.65413207
0.9995719
5.2015817e-05
4.0256893e-08
7.007526e-06
7.764453e-09
0.22095841
0.0001769377
1.373683e-07
0.00024063392
0.9997834
2.42409e-07
1.0
4.545685e-09
8.987301e-06
0.00019620958
5.414089e-07
6.792618e-05
0.99999934
2.4208477e-10
0.014683814
0.015523041
9.989027e-07
1.6454402e-09
