0.9999993
6.449028e-05
6.694477e-08
5.8169286e-07
4.632212e-09
0.00020110961
0.017736092
1.0
0.00046510244
4.467343e-06
0.9998134
0.00090361515
0.015906883
0.00010208489
6.568407e-07
1.6861577e-06
0.00045903935
0.0041104504
1.2680263e-06
7.759422e-08
0.26238662
0.00020933528
0.9165268
0.00085749984
0.0019351018
0.9999873
0.1061633
1.212463e-07
9.6711716e-08
3.967448e-07
2.2870415e-07
0.0014115941
0.9870991
5.6083347e-09
4.511681e-07
0.8433276
2.2134498e-06
4.323633e-05
8.191862e-07
0.0011971268
5.3606435e-09
0.0009818863
0.0004722137
7.7350245e-07
0.00033949656
4.5177433e-07
5.601068e-08
9.112507e-08
1.0
0.000112721784
0.99999917
0.002085725
0.5204371
0.9614381
1.6197964e-10
9.206351e-06
1.2234109e-08
1.8351556e-09
3.2369283e-06
0.004909145
2.799604e-07
1.46152215e-05
0.7743325
1.0
0.9875244
0.0011815082
0.05876185
0.007044447
0.0064689303
0.000271083
6.391498e-08
0.34636116
0.8091407
0.12454432
0.0038408176
6.475627e-08
8.931822e-06
0.00054957607
0.036870185
1.6190263e-07
3.8765033e-06
1.3768124e-07
9.206351e-06
8.588256e-05
0.0022617984
0.0026439617
0.99714726
0.999273
5.7330163e-09
2.255814e-07
0.9999947
3.025925e-07
4.834625e-07
0.0004889372
3.0572252e-08
0.8943423
0.015534822
1.0
5.7330163e-09
0.00022625136
0.0014044805
0.99931073
0.30281746
3.324054e-07
4.0311574e-05
8.308785e-06
0.00020110961
0.4742135
0.0018365574
4.511681e-07
1.6106998e-05
0.04563242
1.3688934e-08
5.0099464e-07
4.529253e-05
0.0030677945
0.0022617984
1.5462081e-06
7.77759e-05
3.1514523e-07
1.4855519e-07
3.9787196e-06
0.00031648096
0.00019478027
0.02640868
1.3833927e-08
5.9348145e-06
4.467343e-06
2.5112848e-05
8.555331e-05
0.014141541
0.0001302383
0.00055115216
0.00016824478
8.918236e-09
3.3919496e-05
0.00138798
1.6935099e-09
0.0026316214
0.021845927
1.0
4.632212e-09
0.39561743
0.00029497623
0.7475887
0.00020933528
8.6840764e-08
1.2276731e-06
7.1781056e-07
0.99551207
0.01702807
0.1021276
2.2448219e-07
1.1072693e-06
0.010871801
2.558482e-07
4.609929e-06
1.3213176e-07
0.0005708884
2.1124254e-08
0.99998534
0.0073266095
7.1380123e-06
0.8718352
0.010398933
0.0037378184
1.3066028e-09
0.18397759
0.0010499201
0.8341178
1.04196786e-07
0.9973216
0.6363797
0.9999962
5.9348145e-06
0.7475887
4.5793927e-06
0.020777468
0.00969416
2.1446415e-06
0.9641646
0.6043978
2.8751987e-07
7.707759e-06
0.00011402318
1.837369e-07
0.98261917
1.359178e-05
0.022973292
0.053871028
8.0513375e-05
2.931294e-06
0.9990068
3.9865864e-07
8.0513375e-05
7.343186e-05
0.9999912
7.876175e-08
0.00020351933
0.68961024
0.0071775
0.1576269
0.0038408176
0.9989869
0.00059352035
4.0319587e-06
6.40783e-08
0.017147882
4.4530412e-07
0.0057451674
4.511681e-07
5.0345876e-05
0.99999654
0.00088656443
0.1021276
9.3766755e-07
0.007603117
4.2116747e-07
0.08959698
0.98485327
0.0024343831
0.020777468
5.197315e-06
0.12540825
0.9999987
1.2197835e-07
0.0016597124
0.999997
1.3879505e-05
0.7424034
0.9775615
6.718359e-08
0.023825578
2.255814e-07
0.9790245
0.00106249
0.0018365574
4.841541e-06
0.9999233
0.0014342654
1.0
0.99955845
0.43044043
0.747684
0.00029497623
0.0021413025
0.0054663448
5.9506114e-05
0.9876967
2.8513747e-09
1.0
0.0014342654
6.2136955e-06
0.0006165151
0.9915619
6.8115833e-06
1.1609679e-05
1.5400859e-06
0.21326892
0.0004722137
1.9915093e-05
1.6115044e-06
4.5446345e-07
0.99621576
0.74563813
0.9999996
0.021106824
0.0013352864
0.0006165151
0.027457796
0.4547155
3.347303e-05
8.74256e-08
0.06754071
2.4340363e-08
3.5370213e-05
0.00055115216
2.9582496e-09
2.1671673e-05
0.00018493104
8.161686e-05
0.18694358
4.4726747e-07
2.3507718e-08
0.010210456
0.9784066
0.0040341485
5.4790995e-08
4.2808475e-07
0.9860392
4.309964e-08
0.001502714
3.689617e-08
0.99997544
0.00069350464
0.007156545
0.9999916
2.6851014e-06
7.265275e-07
0.5204371
