1.0
4.2738722e-07
1.0
1.0
1.7533986e-07
3.5308636e-09
7.683481e-06
0.0015671962
4.0431965e-05
0.982028
0.93432724
0.008437229
4.4587814e-05
0.00015464358
0.27825075
3.2998503e-07
1.2991976e-06
0.00020321218
1.5086109e-06
7.716195e-06
0.97522366
4.2643615e-07
0.00011777311
3.2089753e-07
9.237097e-09
6.2666794e-07
1.7907932e-06
2.5166713e-08
1.0327847e-08
1.0
0.8097558
1.8576055e-06
0.9999831
5.8079377e-07
1.0844643e-05
5.321425e-08
0.0021595499
3.6217734e-05
7.199832e-07
7.48087e-06
0.7816639
6.741889e-06
0.00012463934
0.025912546
0.0028977508
1.8743987e-05
6.5324334e-06
3.4424087e-08
0.9998447
7.564348e-05
3.0274393e-06
3.4021444e-10
1.221614e-05
1.4019272e-09
0.02249697
3.1432993e-08
0.00096743566
4.883056e-06
5.86404e-05
5.064636e-05
9.256251e-09
0.00027975612
0.99278677
8.5000014e-05
1.167734e-06
0.00010713389
0.00011616865
0.011012995
0.00018318745
4.7231714e-07
0.000687265
2.430106e-09
1.6929654e-06
0.0056252806
3.751122e-09
0.9999878
0.98296064
1.8822483e-08
6.8254085e-05
0.5976537
0.9999914
0.9693347
0.0016629668
0.57180464
2.324392e-06
0.6188385
0.0007829052
3.822108e-07
0.20733635
8.333605e-08
8.291254e-09
1.6598817e-05
0.0015379546
4.2777737e-10
0.9973023
3.444843e-07
0.0027856736
1.5060953e-06
0.9934649
1.3762598e-09
1.5039342e-05
4.2873984e-09
0.9455944
3.1775022e-07
0.9999914
1.666966e-05
7.960026e-05
0.00043888885
1.0849557e-05
2.394512e-07
0.10109946
3.378223e-08
1.2216164e-05
9.543415e-08
0.00033826212
1.1011165e-08
2.9510406e-06
3.7938266e-09
0.62537026
0.96837133
0.99985087
6.663455e-09
0.99999917
0.99976623
3.3579721e-09
0.0022700862
1.0325507e-07
0.00021157769
7.4564396e-06
0.18344393
7.1426566e-06
0.9330364
1.4229781e-09
0.00018679324
0.00011354405
0.00053230184
3.9005815e-08
0.00095996365
0.97522366
0.0019121061
1.2224169e-06
5.7341862e-05
3.0349727e-06
7.537204e-08
3.5476475e-08
0.79315776
7.533961e-05
0.00045450087
0.8167572
0.99952614
0.81690204
0.008717366
0.0016225483
4.1361345e-05
1.5263881e-06
0.00018881258
5.547786e-06
0.97565275
1.666857e-09
0.8944865
0.0040454445
0.60757625
0.0008223013
1.7546833e-07
0.26206413
0.0042277095
0.0004858192
0.9998806
0.0015173734
7.302728e-06
0.00028249586
0.9988722
5.408742e-05
2.0448338e-08
5.988679e-08
8.625072e-10
0.9991466
1.8232793e-05
0.0001925779
3.6911556e-06
0.0028301952
2.3986381e-06
0.005865628
0.00258778
0.0031435098
0.0029920137
5.152747e-07
5.4488146e-07
0.00031000286
0.9998969
3.5393765e-05
6.666407e-08
1.2485435e-06
3.4120238e-09
9.642632e-06
1.5814276e-08
1.0079697e-08
9.966766e-05
0.008511891
1.4196789e-06
0.0029689034
7.9197234e-05
0.9114702
0.065289535
0.8758128
0.99955225
7.714216e-06
0.95338875
1.269103e-06
0.031619847
1.666966e-05
1.5266765e-05
5.5868413e-06
6.209412e-05
0.0006262753
0.0015464696
4.5264116e-07
3.9314294e-08
0.0010627416
1.0273993e-08
2.5840137e-09
0.4093071
1.7894654e-07
1.1260129e-07
0.0005405276
5.667963e-06
3.2512644e-09
9.354462e-07
0.00052336324
0.99955225
0.014849698
0.02454989
5.202737e-08
0.2230435
0.00024373221
0.99999994
1.0128263e-06
0.00022486722
0.00019602821
1.9584704e-05
4.1957907e-08
1.3762598e-09
0.0043600197
9.96945e-09
9.102809e-09
0.00019602821
8.089013e-09
1.0
1.0273993e-08
0.06825826
1.0
0.96837133
0.0038396774
1.4528003e-08
3.2601138e-06
9.40907e-05
1.3577192e-05
0.15670979
4.2464762e-05
2.956696e-05
0.99952614
1.0
7.144142e-05
3.6310576e-07
1.0325507e-07
7.0585804e-05
3.3389264e-07
1.0
3.3326826e-06
8.0716476e-05
0.032132454
0.023992399
2.0383042e-07
0.071608186
0.043043558
1.3577192e-05
1.1816469e-05
2.0464665e-06
0.8787324
0.9975948
1.0121164e-05
4.3730856e-06
0.0040454445
1.0
1.3090154e-05
0.18344393
0.37561393
1.8232793e-05
1.3539515e-09
5.2928595e-08
0.026500147
6.340725e-07
0.99999887
6.383503e-09
0.00015729717
0.005382997
0.9974311
0.21662097
8.4446157e-07
1.8576055e-06
