0.9999995
0.9999995
0.9999771
1.7959132e-05
2.6223057e-05
0.00061712007
0.034521125
0.0022524688
0.012090113
2.6223057e-05
0.0020784638
0.09559684
1.1962998e-08
1.3371238e-07
0.99983746
4.6391776e-07
0.99998826
0.0008127514
6.928355e-09
3.9437919e-07
5.948682e-05
0.9817936
4.000967e-05
0.9992156
6.625968e-07
1.4602335e-07
6.637467e-08
2.0999647e-07
0.00070041
0.29749417
7.5073704e-06
0.0001413856
0.0042644683
0.00053449563
0.0044723316
2.9433252e-06
0.015737163
0.00017276221
1.2259766e-06
0.9869188
1.0503086e-05
1.4039584e-06
0.98245066
7.949152e-06
0.009663515
3.670439e-09
8.4337145e-05
0.1722487
1.0
5.815013e-05
6.625968e-07
1.585457e-07
0.00019879059
3.078008e-08
4.1624523e-07
0.0001413856
0.0009620338
0.09589254
6.56758e-05
1.352092e-07
1.4497112e-08
0.0037295776
1.1453814e-05
6.383912e-05
2.5736938e-07
0.0021202203
1.5784068e-05
4.4047116e-05
0.08019391
0.7529845
0.99999696
3.4586e-05
0.0027860552
2.078206e-06
0.014541004
6.7736873e-06
0.32783344
0.006916957
6.2260743e-09
0.952471
0.8735653
3.1138297e-05
1.8331225e-06
3.337987e-07
0.969648
8.267207e-08
0.02582712
4.5672235e-07
0.99808633
1.2951853e-07
2.571792e-07
3.1452382e-05
0.3170283
0.99808633
0.0003888267
0.49777007
7.237818e-06
4.661315e-05
2.530913e-05
0.00025727638
1.0
0.9998963
0.010064533
0.99975294
3.411739e-08
0.0028255617
0.019679274
0.9874354
5.4485834e-09
0.0001094111
0.00054475246
0.045333777
7.48283e-08
1.8423714e-07
3.5634293e-06
8.0066474e-07
0.9981837
0.79391336
0.000119757664
0.00010662196
0.64017427
4.6391776e-07
4.559746e-08
0.0001540778
2.2269314e-08
0.057099797
3.1294142e-06
2.8372065e-07
0.00052090443
0.00011721449
0.0012705292
0.00017598369
0.00020941194
5.716082e-05
0.9367395
6.107364e-05
1.1132017e-06
3.1452382e-05
0.0020198154
1.0355146e-06
0.0036946218
1.4237155e-05
8.7371176e-05
1.4610256e-08
0.0607611
0.99875206
0.0022104683
8.2768665e-06
1.0
1.5593728e-06
2.6644804e-07
0.6011204
0.0003113072
1.1568487e-05
0.001897843
7.093297e-05
0.36340064
0.00058177166
0.9999775
7.468471e-08
1.7444746e-08
0.0058556427
8.722655e-08
0.9617362
1.0
8.21943e-06
4.637263e-06
1.1526574e-05
0.0017633388
0.00057483
0.09581649
1.2800612e-08
1.9617384e-07
4.3617496e-05
0.8856448
7.0230344e-06
0.00025126032
0.99997413
0.00021703434
5.1507226e-07
0.0001680149
3.411739e-08
0.761545
4.3650316e-06
0.49914867
0.9996705
1.257521e-05
2.094928e-07
1.4789502e-05
2.4494142e-05
1.9250075e-08
0.9999995
4.8022014e-07
2.9494247e-05
0.00013946694
0.005513126
2.0880732e-05
0.0001427179
2.2532136e-06
0.00010662196
0.27860534
0.13597856
7.309601e-07
7.730255e-10
3.4929305e-06
5.185321e-07
7.833235e-05
0.093222775
2.994322e-07
0.9997571
8.21943e-06
7.612419e-08
1.5593441e-05
1.1619951e-06
0.0036946218
0.9338605
1.7907485e-08
4.793215e-06
0.1722487
0.9998811
0.034521125
4.59074e-06
1.1551866e-06
1.1278306e-05
2.558465e-07
2.3973457e-09
0.004320005
0.29971412
7.808498e-06
7.309601e-07
0.09581649
0.0023372709
0.99999106
0.9999762
0.0005601045
5.7814726e-05
0.9999996
4.208366e-08
1.129273e-06
0.4638676
4.559746e-08
1.1886354e-07
0.95922476
2.9219134e-08
2.8650418e-09
4.319076e-06
1.7323644e-06
0.084603846
6.137412e-07
0.761545
3.3706651e-06
0.022538984
0.11329807
0.9715418
5.6072036e-08
1.0274791e-09
3.1028947e-08
5.064068e-07
9.9674595e-05
0.0035714966
1.2951853e-07
0.023798723
0.00019473533
0.0012708476
0.99999976
3.641586e-07
0.999123
0.993513
2.4296425e-09
0.00016669935
0.009572763
3.4648826e-06
6.814e-08
3.1294142e-06
4.2456683e-09
2.2704454e-09
3.1719004e-08
0.99999106
0.08001781
0.31251323
2.1589035e-06
0.0017144497
0.99796563
0.028136866
5.084464e-06
4.6152996e-07
3.271889e-07
0.00034923494
4.208366e-08
9.395237e-06
0.24420518
3.023103e-06
5.815013e-05
0.99528015
8.080196e-08
0.99333704
0.004320003
0.0003713819
0.0002991451
5.954471e-05
