1.0
1.0
1.2508362e-07
5.0737796e-08
0.00018193015
0.43554783
0.00026522094
0.0005451561
0.0024645398
1.3918056e-09
0.0064018224
0.00029353483
4.3724626e-07
4.331557e-05
0.0004592039
1.586889e-05
2.3691588e-05
0.110052474
2.7522356e-05
0.007955767
0.029476462
9.811308e-10
0.008564972
2.3024068e-05
0.011343202
0.0006273121
3.4486173e-05
1.9998076e-06
7.3042213e-07
7.1669704e-10
1.2132269e-05
3.5820703e-06
1.0359509e-05
3.8363583e-09
5.0604645e-05
1.1846935e-05
8.124112e-06
2.6700156e-06
1.8838755e-08
2.7910815e-07
0.27930677
1.0438638e-05
0.99982446
0.9999955
3.1344893e-10
0.019431328
0.9999214
1.1473036e-06
0.28600454
0.00012590685
0.02490285
2.0185114e-05
0.00054810115
0.0002103597
2.882824e-09
0.022226583
2.7910815e-07
1.7905732e-07
2.2675977e-09
0.08534776
2.2675977e-09
0.019688366
0.029925773
0.2862755
6.6246474e-07
2.5619622e-05
8.457249e-06
0.3194967
1.5269043e-08
1.5132684e-05
0.0005539168
0.9311579
0.028044118
6.22299e-07
1.3811399e-05
4.5438927e-08
1.0546511e-06
0.00021771873
1.2345956e-06
7.7532957e-07
6.2129193e-06
1.4756873e-05
3.1762727e-05
9.627653e-10
3.5366895e-07
0.110052474
5.0624408e-08
0.36068937
8.916913e-08
0.011343202
1.06369455e-08
8.457249e-06
0.024985913
4.3392156e-06
0.96249217
8.540959e-10
0.00019649228
0.0015194237
2.9165625e-08
3.096377e-05
0.000307349
0.00090366893
0.4010202
0.03787441
9.185328e-05
0.77567744
1.0
1.1614059e-08
6.4595844e-07
2.3292834e-10
2.31657e-08
0.99990964
8.143972e-07
0.13915455
0.064864025
1.4334092e-08
0.0037089933
8.1975216e-08
0.009504315
1.2209757e-05
0.040181924
0.00011741765
0.00013894674
2.5416812e-05
0.04395204
0.2883868
0.08766681
1.0438638e-05
9.640017e-05
2.2160553e-05
4.8037597e-05
0.88759106
0.99915856
6.6246474e-07
9.49483e-05
1.3164463e-09
5.57994e-05
9.818513e-05
4.2134607e-06
0.43554783
1.0
4.1520292e-07
5.768123e-06
6.762654e-05
6.631373e-07
0.08332145
0.0006552097
0.99999857
1.5603186e-05
0.007955767
2.4334177e-09
0.10141276
0.9995081
0.008469924
2.3292834e-10
0.00066333247
1.3176873e-07
6.455156e-07
0.9807505
1.1602727e-07
4.6615523e-06
4.3630585e-06
3.1519626e-08
1.3602105e-06
0.00044475772
2.315544e-09
3.5169354e-10
3.653733e-08
0.89895654
2.5140471e-08
3.8172516e-08
2.4826957e-05
0.00018193015
0.0007514993
0.069174096
6.5407946e-09
1.2345956e-06
1.0693343e-10
1.3164463e-09
0.24335152
1.63339e-08
3.5281055e-08
4.3333992e-07
0.0014615671
3.7231486e-05
1.0642307e-05
5.339307e-05
3.0286415e-07
4.0624822e-05
0.0037089933
1.7396902e-06
0.00022742231
3.653733e-08
4.7232347e-06
1.2059619e-05
0.000126048
4.1746996e-05
0.85794806
2.4826957e-05
4.3120934e-08
1.5470265e-07
5.138452e-10
7.8443996e-10
0.022226583
0.9999903
3.5325434e-07
3.250665e-07
2.4826957e-05
2.3719283e-05
9.279464e-08
0.00044584315
4.1392123e-05
8.1191274e-08
9.430834e-05
0.023697574
0.9998616
5.4925187e-10
2.8937588e-05
1.0422223e-07
1.1549515e-07
0.00060726743
2.600262e-06
0.014875153
5.9165817e-05
4.251298e-05
1.0333778e-06
7.4368405e-09
0.00030727225
3.7575837e-06
1.6366165e-06
0.0015016684
0.0048505054
0.9958553
0.09174037
3.5366888e-08
0.0017941189
1.08410774e-07
0.68571156
0.0023741755
1.136889e-06
2.3566338e-09
0.9987126
1.555895e-07
1.8234683e-06
0.17420019
6.173279e-08
3.1736427e-06
0.99888504
4.106243e-06
0.0013237535
0.039656505
1.1763872e-07
6.2129193e-06
3.5026781e-09
9.356842e-06
1.4176089e-06
0.00042661536
0.0037072196
1.9583283e-06
1.0333778e-06
0.9414476
0.99264294
1.5729239e-07
0.029925773
0.958547
1.1668898e-09
7.544947e-05
1.7547931e-08
9.12271e-06
1.0274687e-05
4.251298e-05
2.4292637e-08
0.0023646883
0.006364825
0.8853045
1.1883129e-06
6.2659564e-07
3.710063e-05
2.458664e-07
0.000542187
0.99999994
0.9999749
3.785986e-07
1.0318415e-06
0.02490285
1.4828781e-07
0.53664887
3.1762727e-05
1.5410203e-06
3.710063e-05
1.6905437e-06
4.944825e-10
0.06958455
1.0
3.098781e-10
0.44882047
6.56202e-05
0.8005321
0.93299884
2.1899874e-05
