0.99999917
2.079e-09
1.2643641e-08
0.5145646
2.431365e-06
1.0498359e-05
3.9265586e-07
1.0498359e-05
1.6219613e-09
0.0077485973
0.0016014095
0.0002817164
0.5378579
0.99823743
2.1636248e-09
0.0004941671
8.0508384e-05
7.2326725e-07
0.98983884
6.200935e-10
0.09420848
0.5922989
0.011762523
0.0007951019
5.5099736e-07
1.0
1.0
0.99913836
3.9576675e-10
0.005683751
0.013462664
0.9999996
0.025562428
2.459095e-08
3.0160966e-06
3.3647682e-09
2.26469e-08
4.024612e-09
2.593031e-07
0.00014206604
4.799752e-07
3.4239158e-05
5.400217e-08
2.3958648e-06
3.709514e-09
0.7547268
2.5137881e-08
0.0002563039
3.155554e-07
0.00041190875
4.3030992e-05
8.795194e-06
2.9248525e-07
8.591159e-08
0.0009758812
6.934915e-06
3.839938e-05
0.000276795
0.0003753094
1.5068337e-06
0.0004611197
0.9999541
0.0006234225
9.077375e-06
0.8920029
0.00034715296
4.0820365e-07
0.012408689
0.0013839805
6.2924887e-06
0.0104429815
0.98242015
0.94076484
2.1188148e-06
0.96857643
0.0011828257
2.2323306e-05
0.9361171
2.0359469e-06
6.886015e-07
0.0002300031
0.0001991387
0.75327146
3.798713e-06
1.5223846e-05
0.0065970737
2.593031e-07
0.99998206
0.19699073
4.5200782e-08
0.0003753094
0.00021290845
1.7109704e-06
6.165037e-05
0.047120914
2.1693704e-07
0.00027626008
0.99182856
0.9999465
0.99998206
1.0164349e-09
2.2323306e-05
0.48031378
0.048996568
5.69109e-07
0.0019272263
1.2325203e-05
4.5652873e-09
1.466845e-05
0.6383061
1.7917872e-08
0.0004611197
0.24018943
2.5499212e-05
0.99971694
1.5399037e-07
1.0402478e-08
0.004374251
0.99999994
1.982696e-08
0.99577427
0.006406853
0.00053062354
0.9620037
0.9620037
0.0017859548
0.00076122646
1.1720981e-05
0.99999845
1.4808016e-08
4.1502716e-07
5.462239e-06
4.2366614e-06
0.0072065396
1.0144696e-08
1.4341087e-05
1.434582e-06
5.7832864e-07
5.3084673e-06
1.1544553e-06
0.9999744
1.8016113e-09
1.8919878e-05
1.7845777e-07
1.4342168e-06
1.2316871e-05
0.00015239952
8.526954e-06
0.00031613416
4.4756e-05
8.059711e-05
0.00030282844
1.8296658e-08
0.9999893
0.0003832306
7.2316633e-09
1.2316871e-05
9.135029e-06
0.94191605
1.0
5.2384746e-07
0.4858187
6.126354e-10
1.2627803e-06
0.00010060784
0.0020547172
6.259874e-06
5.4908353e-09
2.8730805e-05
1.8096058e-06
3.1708612e-05
0.00096394494
0.27877596
1.3468825e-05
0.13767378
0.0012632585
0.9779992
0.00020145794
0.0010615421
0.0006340369
3.4676614e-08
0.0021459577
5.4416997e-08
1.09910225e-05
0.0003580101
1.2757787e-08
0.004308158
1.8210907e-08
0.029728286
0.004512868
8.622031e-05
9.343772e-07
1.8016113e-09
7.2664264e-08
7.1349705e-06
0.0005310058
1.0560431e-08
0.95155644
2.4801184e-06
1.08779254e-07
0.0013792029
0.9999893
0.00015906653
5.4458767e-05
3.256486e-07
0.048729286
1.0498359e-05
2.692348e-05
1.3820517e-05
2.7233604e-09
4.701752e-08
5.949735e-06
0.00030282815
4.131965e-06
6.4054625e-06
1.7111956e-06
1.0
0.99949515
0.9776288
0.022429906
0.055454213
0.0034089764
0.0005966958
5.2098425e-05
3.8884405e-06
6.3871514e-05
0.00019913889
5.688187e-08
0.0013792029
1.0
5.5590785e-09
1.15726024e-07
0.019763937
0.8773988
0.9721435
4.6295127e-06
0.0018023341
0.00017057863
5.4908353e-09
0.9998239
1.8919878e-05
0.9636873
0.000106102074
0.0025867044
8.7429595e-05
2.7293527e-07
0.0048789512
0.99993247
3.638247e-06
0.48031378
5.5451624e-06
0.013462664
0.0671424
0.027555956
1.0
1.5399037e-07
0.077476494
8.0453316e-07
9.077375e-06
4.799752e-07
0.029429402
0.9999606
1.7806488e-07
5.174659e-06
0.9977455
2.0681452e-07
0.0017544241
6.938514e-07
8.3365245e-05
9.456005e-09
0.0010074342
3.997078e-06
7.808921e-07
5.949735e-06
0.0015820807
2.0690084e-06
1.0402478e-08
0.99913836
1.7850097e-06
0.9999997
1.8336295e-06
0.03646189
1.434582e-06
2.4999873e-09
0.0014448948
0.99823743
2.025345e-07
2.7967323e-08
3.269704e-06
3.8977964e-06
0.00011219408
7.1046795e-09
2.0074037e-07
3.0445937e-05
0.004518737
0.07269448
9.4989225e-08
0.82910657
2.593031e-07
0.0030713405
