0.9975974
3.5801534e-08
1.4511726e-06
0.00017625086
0.0016069999
0.36466834
0.65398735
0.0038373
0.3339284
0.004920224
3.237132e-05
0.99139667
6.0453745e-05
0.99988115
0.9050634
1.3213277e-07
0.2144909
0.020194408
0.96732926
9.853791e-07
8.52445e-05
0.0009841959
0.06550427
0.0240349
0.0011632473
0.0009841959
1.4911453e-05
1.1768457e-08
0.36209342
0.7062202
2.4357083e-05
1.4440284e-06
0.99993265
0.00015109278
0.9949318
0.99999976
0.00026214082
8.968131e-05
0.000447143
2.7056656e-05
0.99998057
0.99999845
0.00012443426
2.9142939e-05
0.0012775115
0.0155517785
2.0084899e-05
0.0032964195
0.0003941463
8.128517e-08
0.00028866204
1.4911453e-05
0.03495075
0.005156002
0.94835883
0.00064922933
0.022934616
0.09609314
0.0010108078
0.004564285
0.0045341984
0.99993265
0.0008473905
0.053128853
0.07169189
2.9976877e-07
2.0068443e-08
0.00010656281
1.2948324e-06
0.008080813
3.1572256e-09
0.025416858
0.013292324
4.3974043e-05
0.9839913
3.470044e-07
0.9952994
2.4413687e-08
0.99901015
0.0011420186
0.09726611
9.633389e-09
2.9142939e-05
0.00013784628
2.7960075e-05
0.0011173451
0.0011173451
0.00016204751
4.2416275e-05
3.1609893e-06
2.1164826e-08
1.1566546e-05
0.0008498001
0.029356636
2.086683e-07
0.92502594
0.00036002568
7.009899e-06
0.081389606
2.6849223e-06
3.6856323e-05
0.0035176454
1.8239608e-07
0.99917597
0.0028309838
0.010815581
1.5498544e-07
3.8514344e-08
5.1775252e-05
0.6838698
3.605764e-06
2.419916e-07
0.034351677
0.00012947987
0.38008636
0.0002734569
0.99993724
5.5148393e-09
0.019638339
1.2219076e-06
1.5498544e-07
4.8213177e-08
6.054535e-07
5.7579786e-05
0.0018211866
3.5378476e-09
0.99999946
0.06629334
0.99999994
4.7592246e-05
5.2439414e-06
0.0004974256
2.1221779e-06
0.00088402495
0.0038373
7.009899e-06
0.00046759093
1.5445956e-06
0.00057288335
3.0739047e-05
0.78964525
0.7187268
2.009767e-08
0.91335166
0.18591198
0.9999957
0.13533723
0.00022264083
0.99991506
0.00031225153
0.99999994
0.016519483
0.9999975
0.001246717
5.90827e-09
0.9999996
2.764089e-07
2.3193073e-07
4.1303047e-05
2.1164826e-08
0.0010111063
9.54759e-07
1.5084563e-08
0.9930911
0.1059104
4.196157e-06
0.02576552
4.8376273e-07
0.00016194834
0.9994041
0.99978274
0.0014775996
3.2247158e-08
9.16226e-06
0.0022906403
0.00073517935
4.831905e-05
2.8927427e-06
1.01096475e-05
1.2591979e-06
1.0
7.4476515e-07
4.1763215e-07
0.0002035205
0.06072663
0.0032964195
0.0014932944
0.00010251606
0.9903144
0.03188522
0.00048188254
0.0014775996
0.007823214
0.0045822
1.847181e-05
0.89411753
0.99999994
4.949529e-08
0.9999812
0.00033428593
0.0017874533
0.27028736
0.01020812
9.759326e-07
0.37863347
0.001771462
0.73715705
0.0011306993
0.014696196
0.00023908819
0.020045307
0.96499133
3.9138172e-08
3.7544498e-05
1.0
0.9839913
4.425967e-05
9.771736e-05
0.9032198
1.4430626e-08
0.79092526
1.0
0.99999523
0.06779821
0.00028866204
6.834956e-07
0.00011093081
8.451531e-05
4.161789e-05
0.005955985
7.360668e-08
4.963061e-06
0.99999994
0.9915509
0.00033451515
3.738301e-05
1.0
0.54139864
3.9138172e-08
0.07949567
8.559282e-06
0.9999996
4.2614565e-06
0.0005271437
0.10348679
0.2126258
0.0016781442
0.74639165
4.445096e-09
0.0018566817
0.99999994
0.002331535
0.000662448
0.0015404599
1.3215117e-07
1.0
1.4501115e-06
2.4413687e-08
1.0594101e-06
0.0011334297
2.9674493e-07
0.9116439
0.0063144453
1.6431898e-07
0.5418462
4.2703267e-08
0.999999
2.477449e-07
0.9999991
0.003124382
7.189435e-06
0.9985872
0.0005184063
8.6957016e-07
2.82793e-07
0.6963855
0.038594253
2.6849223e-06
0.006952162
1.8904846e-07
1.3129775e-05
0.07169189
0.0042529106
1.7667378e-07
0.065745436
7.3101586e-07
0.00017902677
6.952324e-05
3.8873915e-07
0.08503977
9.2853565e-09
1.2419985e-05
1.2194862e-06
3.1360196e-06
1.1768457e-08
4.0741998e-07
3.7805406e-05
8.503755e-05
0.00034788714
0.9985347
