0.9999999
4.0011462e-05
1.4195517e-06
0.007376404
0.99976605
0.91211593
0.067582324
0.04226013
4.233634e-05
2.0352365e-06
0.00049444556
1.1533373e-06
0.09642051
0.9627028
0.15256985
1.0
1.2041424e-06
0.5494655
0.0012862545
1.8663544e-05
0.9994657
1.365741e-07
0.0011361225
3.505416e-05
3.3449066e-06
2.6044637e-07
0.011856612
0.43040615
0.71072704
0.00016108528
0.007880934
0.22202891
1.0
0.00040796478
9.936863e-05
0.02320156
1.1051688e-06
0.0019804602
0.004225022
5.9084512e-05
0.9720465
0.00014671432
0.00040642373
0.80265445
6.271696e-05
0.9999377
0.00068133406
0.029870598
2.8335182e-07
0.0077434555
0.9999996
0.9927091
0.9599832
0.9999947
0.0008601856
0.00039136852
0.97855926
0.0041899723
0.0003535665
0.9831813
0.9007226
2.8475908e-06
1.0744285e-05
0.0010171235
0.010540926
1.9618687e-06
0.007738756
5.0354913e-07
0.9231496
2.1814275e-08
1.30750095e-08
1.0
0.99956846
1.3277234e-05
0.0022215554
1.0189278e-06
0.00081220723
0.9995929
1.4000834e-07
3.3587054e-05
0.0006906534
4.3029927e-06
0.91552263
2.129579e-05
4.963531e-07
0.9995185
0.0016069816
0.00029820373
0.01240648
0.99850357
0.00029820373
0.015054263
0.9993494
0.8902567
0.9962517
0.0037426762
1.968126e-08
0.00039522766
5.2230946e-05
0.87457824
0.00010375225
4.7589067e-05
0.00010353641
8.257688e-08
4.1397885e-05
0.09321949
0.00055698905
0.99999166
0.24568388
0.00017859014
0.00064558093
0.0028744803
0.9999947
0.9588513
0.16186075
9.972855e-07
1.9618687e-06
3.432181e-08
0.026301185
0.025538756
0.98820347
0.0035299521
8.063269e-05
4.233634e-05
0.01673592
0.0016069816
0.80050784
0.888672
0.56797457
3.3172373e-06
0.42474243
0.63018864
7.115851e-05
8.2786224e-05
0.0028310365
8.236031e-05
0.042478863
0.00019126765
0.77856195
9.503146e-05
1.75943e-05
0.00047853097
0.0002398103
1.6462814e-06
0.9997416
0.99999994
4.15727e-06
1.683484e-06
0.9990887
0.005385469
0.0038711778
1.0
0.83933
0.9984045
0.00030490386
0.99999875
0.00017593622
5.2912196e-07
2.8475908e-06
9.612038e-05
0.06344766
0.15794751
0.23136891
0.00011002334
9.677008e-07
0.074576855
0.99999964
5.545416e-06
0.0009940066
0.0043290635
1.0
0.00028443956
0.0010601697
1.0252781e-05
2.6941996e-07
0.98994654
0.058211796
1.0134841e-05
0.99909705
0.0068066157
1.0134841e-05
8.5632804e-05
0.25695595
0.0002648788
1.9170877e-06
0.7610222
1.0
0.96037227
0.98235035
0.9998746
3.2744417e-08
0.0017797143
0.8580583
9.126139e-06
1.1051688e-06
0.06879499
0.9579726
0.0026382706
2.5354288e-07
1.6887851e-08
0.00012849088
0.051779278
0.99976367
2.129579e-05
0.17425925
3.0626106e-05
0.013093021
0.00062566716
4.2407057e-05
0.001338458
0.9993494
3.67934e-06
0.0028310365
4.391495e-06
0.0003819453
0.0059137708
0.042631842
0.0041332594
0.9999802
7.436459e-07
0.010060628
4.4918892e-07
0.00022382232
0.00017280143
8.76989e-06
9.276186e-06
8.575583e-06
0.0008518334
0.90225196
0.9999999
0.9997284
7.982959e-06
0.034456596
1.8032231e-06
0.004353984
0.99999994
0.9627028
9.442383e-08
3.147186e-06
0.00013237783
0.0011625439
1.0
1.75943e-05
1.0649495e-07
0.92744654
0.00864191
0.9275383
0.9999993
4.9083146e-06
1.0
7.17402e-08
0.595218
0.09642051
1.2487267e-05
0.2079233
0.9794282
0.0051241615
0.111840434
0.9993223
8.441149e-05
0.78110725
0.99840105
7.5391355e-05
1.7616092e-05
0.00096731586
0.20792328
0.0041332594
3.3145057e-05
0.9995185
0.00081220723
0.5420459
0.01227246
7.708259e-06
9.372867e-07
9.905142e-05
1.1540025e-07
0.0023044038
7.9369194e-08
0.005681229
5.2501455e-06
0.99999887
2.2633678e-06
0.00014144737
0.014506518
0.00017859014
0.029870598
0.00012750908
3.3840016e-07
3.0492783e-06
0.8580583
0.0006635759
1.529306e-08
0.9995929
0.9980544
0.024261383
0.019959522
1.428673e-05
0.887297
6.278392e-05
0.9984369
