0.00033075447
1.8156975e-08
6.3327756e-09
1.1608936e-07
0.6916606
0.9999997
1.2661734e-09
0.99999994
7.561245e-06
1.2607179e-06
6.442109e-06
7.6067963e-06
3.221743e-10
1.6299189e-06
0.92630154
0.2613036
2.911591e-05
1.7602814e-07
0.005327354
2.8802785e-07
0.0010914525
0.0008842061
0.96612996
0.000680084
5.362709e-06
0.0001264612
1.7085425e-06
1.9601768e-07
5.2369098e-05
0.002089504
0.0013934498
0.20094906
3.4133475e-07
2.6073938e-06
4.1434647e-10
9.29892e-05
0.99997306
3.820668e-08
1.0
0.8172849
5.481135e-09
1.8520777e-05
7.3757896e-08
3.0544708e-10
3.4200788e-08
2.3066887e-06
1.2172483e-06
9.672964e-05
6.4946484e-09
0.00034001254
1.2027996e-06
0.0021523016
9.060381e-06
1.1608936e-07
0.99996513
0.31180602
6.526712e-09
2.393363e-08
1.18717175e-07
6.156295e-05
1.0733282e-08
0.016527409
8.726442e-10
0.73691183
1.8156975e-08
1.365366e-07
2.946796e-05
2.0792907e-08
1.5743776e-10
0.0009750262
7.9112255e-08
0.0059848586
8.633103e-10
1.8398869e-07
0.015813202
5.9310064e-06
3.9139968e-07
0.31590468
6.410666e-07
0.96612996
1.178489e-05
0.9999769
0.0005448852
2.8577753e-05
4.153566e-07
0.0049893567
4.1466947e-08
0.9344331
0.0022699742
5.1131934e-07
1.5867861e-05
0.9992156
0.9999895
4.8620506e-05
2.8520724e-06
7.372736e-07
2.040114e-10
1.1372815e-06
0.0010172157
2.040114e-10
7.872849e-10
2.6670059e-05
1.5762751e-08
2.8048615e-09
7.320407e-05
2.7385665e-08
1.0290707e-07
0.0006082588
6.383895e-07
3.1512764e-06
2.141422e-09
3.1811947e-08
2.1172707e-07
1.7525007e-06
5.9310064e-06
4.9565106e-08
7.933136e-08
6.5965906e-11
2.3633644e-08
0.00024171582
0.019483594
5.1110244e-05
5.7592744e-05
0.06608424
0.99999523
7.4011547e-07
2.2174541e-08
2.8352015e-10
3.4590218e-07
0.0037581979
0.00027890338
0.0052598794
0.0031913663
9.499249e-08
6.383895e-07
0.87721556
1.8572074e-07
0.98672205
0.8909377
9.783034e-06
0.9995268
3.443745e-10
0.8174359
3.9532054e-08
0.73318833
0.999948
0.0003319207
5.364052e-07
7.7407435e-07
6.63758e-07
0.00013190293
2.2120766e-08
7.061604e-06
0.99999994
4.1466947e-08
1.8572074e-07
0.06608424
0.9704036
0.99921787
1.854559e-08
0.005738699
3.6319827e-06
7.5044286e-06
1.7587356e-05
8.56568e-09
0.0003319207
0.074451156
1.1249943e-09
6.0480732e-05
5.7097154e-06
0.9999968
0.99981976
1.3213725e-08
0.957599
1.1608936e-07
0.0007387203
0.00063278666
2.6092437e-08
0.9954307
2.9227326e-06
0.043483008
2.2549193e-07
0.89593375
3.9175967e-07
0.00042906692
0.9922304
1.1660492e-06
4.1816858e-07
2.3633689e-08
5.9743606e-08
3.741178e-08
2.7202818e-09
0.9982558
2.595812e-06
7.3162343e-10
0.15297574
1.3580431e-09
0.9704036
0.83796966
0.0017633513
1.0234681e-08
0.9998746
0.021550983
4.1577826e-07
1.0872839e-08
0.0018463782
2.4017773e-08
1.1035113e-05
3.7507275e-06
1.1482145e-08
1.6575974e-05
0.0004527319
7.671451e-08
0.59255433
5.575769e-10
7.933136e-08
8.488937e-05
0.42068255
3.2720263e-07
0.9999899
1.1867175e-05
8.025469e-07
9.906049e-05
2.0534928e-06
6.5965906e-11
0.99852103
9.131293e-09
6.87832e-09
0.046663232
5.722809e-07
2.6837324e-05
2.2502e-09
0.000973107
6.038228e-08
0.00013108116
3.851446e-05
4.7005124e-09
6.038228e-08
7.0249104e-07
9.848736e-07
2.8802785e-07
6.656786e-09
1.9081037e-05
3.676597e-06
1.3110794e-05
0.0058224984
4.7647804e-06
0.0018261003
1.7461512e-06
0.9953529
0.6843468
0.0023968313
7.427894e-06
2.2174541e-08
0.04714538
0.0030317933
0.0017633513
7.176124e-05
0.00022737437
2.1130047e-05
0.000493789
0.9999906
4.961855e-07
0.009363942
5.3113763e-05
4.815914e-06
0.00019267744
0.0018669723
0.99983674
6.383895e-07
1.0
0.0008449446
0.99999756
0.9999899
0.994824
3.7507275e-06
2.8517023e-08
6.46951e-07
0.9999836
0.0005448852
2.0501686e-05
4.1577096e-06
2.2070445e-08
4.46843e-09
2.2459108e-06
6.109974e-05
0.057509895
3.8857934e-06
1.0706542e-07
1.0599488e-06
0.24530432
0.00191235
4.1392703e-10
0.012151966
1.9583322e-06
2.3877925e-05
0.97101694
3.148232e-07
0.0016259182
0.0028304846
