0.9850569
0.6469981
0.0065156776
0.9997471
0.99999964
3.2513594e-07
1.6271313e-05
2.0338188e-05
0.99999946
0.12786031
3.305247e-06
2.449162e-05
2.7348764e-07
0.00011494565
3.5081202e-06
0.0033180253
0.00019908212
7.144069e-10
0.93690974
1.5725768e-10
5.9877536e-08
5.3214353e-07
0.001802274
0.99999994
8.074202e-07
0.7605397
3.242429e-08
0.91132087
6.552643e-06
1.5696138e-06
2.353606e-09
0.057295803
0.99996966
0.45612788
0.0001238118
0.03399327
0.08890257
1.1206265e-07
0.00060240924
5.4918013e-07
0.0017330626
3.7279153e-07
4.8068887e-07
0.9999874
0.0024108617
5.204368e-06
0.00034901293
3.3845052e-07
3.0573267e-06
2.517476e-05
0.010816214
0.00024247177
3.8168955e-07
0.00066745694
9.921118e-05
6.643214e-09
0.005993207
6.772189e-06
2.8412724e-05
8.736873e-07
2.717576e-08
0.7420833
0.09659023
0.0033180253
1.0
5.322956e-06
1.3872443e-07
5.616794e-08
2.280929e-08
0.00020524708
8.572745e-06
1.5715655e-07
2.3307704e-05
0.7691097
0.004751561
0.16620693
0.0011894715
0.00044616262
0.00013044996
0.0027249996
2.7348764e-07
2.2402462e-06
2.9014933e-07
0.00055011484
5.8073505e-07
6.249874e-05
0.02723141
0.0005643282
2.950588e-07
0.010441075
2.3074976e-05
1.1268373e-06
1.0
9.816473e-06
8.033158e-08
0.00012458848
5.3130076e-08
2.1000675e-05
0.9983167
4.397702e-05
2.1024896e-07
0.00070214225
0.019772096
4.0687437e-10
0.010816214
0.0121980505
0.004345863
0.18645899
2.1175971e-08
0.00055011484
2.0061018e-08
0.02723141
0.9999953
0.011729158
0.000121014426
0.999999
0.0009396332
0.13360281
0.015811369
6.1488595e-07
3.3865842e-07
2.3505118e-08
0.00023779484
4.7344548e-07
1.0
0.097264506
0.9999894
3.590531e-05
1.15634575e-05
6.8644025e-05
0.99922067
0.0032048847
1.0
1.0
0.55128205
0.008967596
2.640651e-06
3.8806982e-07
3.8358923e-08
5.616794e-08
0.00162158
0.70315343
2.355783e-05
1.3381648e-05
0.99999976
3.7865743e-06
1.615342e-06
0.0002752358
4.4970857e-06
0.00023137206
1.0
6.082303e-08
6.1083024e-06
0.9999428
1.4668188e-09
0.020150209
9.90864e-08
2.0455768e-06
1.0475311e-08
0.00089974346
2.950588e-07
0.00050273864
1.15168605e-05
0.6784581
0.06928795
0.023337267
5.131219e-07
0.99996316
2.6864724e-05
0.00050273864
9.5041015e-09
1.0351652e-06
0.9976367
0.99999994
5.1074517e-06
7.1855143e-06
1.1807589e-06
4.882723e-05
7.450715e-08
8.941512e-07
0.028588694
4.882723e-05
0.00010654381
0.07286986
0.00017330173
1.0019571e-07
0.0016406571
4.5592458e-10
0.99811524
4.744824e-07
1.9905401e-07
0.0002752358
0.9999996
0.007268659
0.00021658081
0.00087636197
3.8358923e-08
2.6520433e-07
2.9464596e-08
2.8194469e-08
0.94574875
0.9906988
5.9128324e-06
2.8050665e-06
0.99967223
0.9906988
0.0032048847
1.0
3.742646e-09
0.001615449
0.7177287
1.8609359e-07
0.0121980505
0.99934113
9.50417e-10
1.1268373e-06
5.398145e-09
0.46357876
0.52112836
4.824257e-07
8.923429e-08
0.03417454
4.830606e-06
6.395974e-07
1.622744e-07
5.0477747e-06
0.32674032
7.4207355e-06
2.5884062e-06
1.1932215e-07
0.995482
0.0021599652
0.0027575858
6.1670985e-06
1.6690677e-06
0.0013661706
3.5249057e-05
0.0022107593
1.3381648e-05
0.23885669
0.10214305
0.0057108114
7.1599343e-10
1.6920663e-06
0.0026598056
3.044967e-07
0.000121014426
0.004048958
8.841313e-05
4.5449596e-07
0.115432225
0.9481411
0.99954706
2.5638949e-09
0.00019211335
0.15417545
1.6314351e-07
0.00014413364
0.12357659
0.07090772
1.691764e-05
7.227954e-09
0.45612788
3.08455e-07
0.00057607394
2.3510998e-07
0.8841901
2.5629886e-05
5.667195e-06
6.1335195e-06
0.6784795
0.99986005
1.0
0.9765068
1.2001054e-07
2.3735687e-05
7.3373775e-07
3.4083448e-07
1.5344124e-06
0.00081300316
2.1793813e-08
6.772189e-06
2.1402493e-05
2.5862374e-09
1.8522702e-06
0.05802407
0.0025748608
5.466028e-05
2.5938474e-05
1.1555432e-05
1.8689785e-07
5.0195868e-06
7.1070205e-10
0.0001791439
0.8841901
6.487842e-07
0.9646479
0.9481411
2.8468432e-05
0.00055796065
