0.9999911
0.99999976
0.8572716
1.0
0.9999485
0.9999974
0.999975
0.0035515404
1.9977108e-06
0.08059819
0.00815233
0.00044170488
0.0030898624
0.8562181
5.927201e-08
0.88068813
0.99999046
4.4841244e-08
1.6213271e-06
0.3669819
0.31931534
0.9999999
1.5756504e-07
0.99958295
0.0017467478
0.0009949536
0.27012062
0.0120837195
0.0020623314
0.9924583
0.061645765
5.9959455e-09
0.6322827
0.9998029
0.000782819
0.00026479646
0.99999857
0.0019817678
0.0001512339
1.2289932e-05
0.0029736892
0.9886362
9.63487e-05
0.00018512916
0.6534306
1.01865034e-07
0.99933386
2.0839598e-08
1.4176255e-05
0.9971502
0.00030586522
0.46831745
0.0024889188
0.056711067
3.3251575e-07
1.04629144e-07
0.92688566
7.93771e-05
0.00016849331
0.2475452
0.99998736
0.99958295
2.9328907e-08
2.2601242e-05
1.2704539e-05
4.0632062e-06
0.00021651453
0.0034922545
1.9041972e-05
4.6878546e-07
6.627221e-06
1.6852906e-05
0.012420316
1.0
0.0013885008
0.6476715
1.0
1.4719715e-06
0.06593239
0.00013862092
6.517155e-07
0.0002075005
3.4880593e-08
8.465141e-06
0.9687651
0.042137045
6.116459e-07
1.3331501e-06
2.6122021e-05
1.6387323e-08
0.0003620811
9.814589e-07
0.9997742
1.8079565e-08
0.004718096
0.9998029
1.6949622e-06
0.9585071
0.009664158
1.9534489e-06
0.89639044
2.6837088e-07
0.0016898996
9.775203e-05
1.8139035e-05
1.1227804e-06
5.3262383e-08
9.616477e-06
1.1467148e-05
0.0003052034
0.28768924
0.0112152705
0.00016360363
0.0011566058
0.99526006
1.9564455e-07
4.0901122e-09
0.9999982
6.338441e-05
0.00013483145
0.003373621
0.0016888757
0.22361755
0.03419022
2.8396038e-05
0.04354452
4.0876497e-08
0.00023187338
0.081461795
1.7431415e-07
3.471467e-07
3.654319e-07
1.6115398e-07
0.9820162
2.2609738e-08
0.99999857
6.976493e-06
0.00016138461
6.501344e-07
6.9439084e-05
3.4070815e-06
1.4047632e-07
0.00045729542
0.026276326
0.99999994
1.2187223e-06
0.44472104
0.0043845885
0.011434648
0.0012447058
7.763688e-05
0.00040820107
0.115230106
0.99972653
4.8677713e-05
0.9999965
0.005169079
0.0120837195
0.026805393
0.0013845335
1.4637484e-07
3.897953e-06
1.0108615e-08
2.0637903e-05
0.0037481652
5.3262383e-08
1.1862962e-06
0.0009933515
0.00045182096
0.98665863
1.1403034e-07
0.0003665099
3.23361e-07
3.8958187e-05
3.365599e-05
0.9996236
3.5094254e-06
0.0006824053
1.0995412e-06
1.0
0.00022165189
3.4118068e-05
1.483326e-08
0.0014106735
4.9408227e-05
0.9997116
0.9970318
8.3189626e-08
0.0004681549
0.9999925
0.9981083
0.00025444492
0.19885296
0.99111944
0.007588265
7.712892e-06
3.4048186e-05
2.9933397e-05
0.1061278
0.9988666
0.80989313
3.2435906e-05
5.521999e-08
0.07605184
0.0006562362
1.6387323e-08
0.06713254
1.9857971e-05
0.0008844618
0.065955445
3.2056807e-05
0.71763843
0.010553895
0.0074362704
0.0004024534
0.00036707232
0.0008756925
0.02384313
0.00015582092
3.8468952e-09
7.994975e-08
0.9998248
1.0166041e-05
6.501344e-07
5.5156937e-07
0.99999994
3.1466727e-06
1.5404158e-08
1.1128558e-05
0.00025735487
0.00063978595
0.016342213
0.0067510684
0.9996236
3.6849717e-05
0.0002662181
1.06935785e-08
6.846379e-05
0.0021933527
3.4994773e-05
7.822038e-05
0.90137243
0.6261607
3.5983972e-05
0.00055089983
0.9289048
0.2952217
2.8880263e-06
0.15442768
0.9155771
1.0
0.00016138461
0.03596586
0.0034922545
0.0013721426
0.00027878056
1.7806517e-05
0.99954236
0.00037538202
0.026965953
2.1380617e-06
1.0
0.00015582092
1.4125671e-06
0.71763843
0.581419
0.00047475743
0.00025735487
1.4883946e-05
0.00034889733
0.36868927
5.836427e-06
7.5563764e-07
0.90837663
0.991143
1.464898e-06
0.9879984
4.366949e-07
0.99999964
2.5064399e-05
2.6413815e-07
1.1470373e-07
0.99999857
2.746069e-05
7.9852125e-06
4.519748e-06
0.007699151
1.6852906e-05
3.7051486e-05
0.0009401651
0.9989738
5.598568e-05
7.763688e-05
0.99999994
0.9999998
0.99999994
0.0005314223
5.372138e-06
0.9999985
3.9913147e-08
