0.999998
1.0
2.168879e-06
2.959564e-07
9.766191e-08
1.0
6.301114e-07
1.2788164e-06
0.0037632538
0.78034407
0.009180612
3.182047e-10
1.5380499e-07
2.0565434e-09
0.015695088
0.0004961733
0.034434393
1.4605691e-05
6.458426e-05
0.99289376
0.00055850414
2.9866963e-11
3.3809928e-09
2.9273841e-09
0.9999987
0.048561923
0.00048018963
0.000110828885
0.99989456
3.472593e-05
0.9740701
2.4899722e-07
0.00017188642
0.023898171
0.9359467
1.9824522e-06
4.3235806e-09
0.0002357181
2.3698757e-10
0.9815116
1.7052967e-07
0.9999987
0.0019044173
0.0006164752
2.2241644e-05
1.0119514e-06
1.0490546e-06
5.078776e-07
1.2696468e-08
0.00012033666
1.6581756e-08
1.06987845e-05
1.4295342e-09
5.701846e-10
0.6753833
0.00023249123
1.7335296e-07
5.321943e-07
3.2683813e-09
8.8780805e-09
9.111743e-05
4.1685407e-06
0.963032
1.3760111e-08
4.3775188e-08
0.99954736
2.5691896e-05
1.2431316e-06
7.1668103e-09
4.2234274e-07
0.00011919895
0.00038850808
1.1942348e-07
0.034434393
6.378795e-05
5.3999084e-08
0.017801313
4.1456256e-06
2.960814e-08
0.7461037
0.00029023862
0.0013373226
0.018118722
0.00088194263
0.09239494
1.2431316e-06
3.3162219e-06
3.9488802e-07
0.00019425018
1.4784733e-08
0.0010639273
2.6008325e-05
6.7358215e-08
0.77280325
0.00033621863
1.6003305e-06
0.00012108438
0.0003119323
2.990107e-07
0.00043972637
0.047085173
0.08046519
0.02533372
0.02176584
6.0063456e-05
0.9989935
2.0611544e-06
1.7161933e-06
0.07416955
0.0017094038
3.4730667e-07
0.58721477
5.3963873e-07
3.5822618e-06
0.08911719
1.0091821e-07
0.008053542
2.111232e-09
9.7862554e-05
0.07460636
0.9999997
6.794432e-05
4.39727e-05
0.000624475
0.9947899
9.813805e-06
0.8628523
1.4295342e-09
0.10876236
0.28234792
1.572976e-05
6.0079965e-06
4.4050475e-06
1.8805035e-09
3.1695546e-07
6.235836e-05
3.5483292e-09
0.0048245857
7.67875e-05
0.0036061704
2.630429e-06
5.1507616e-08
1.0778189e-08
0.997173
0.040766694
3.2153469e-07
2.2628894e-08
3.9082155e-07
9.014435e-06
0.00033885762
5.5495486e-05
2.9977792e-07
4.0717177e-07
6.5548716e-07
0.99239045
2.9657253e-06
0.00032878073
2.9790152e-07
0.9999998
5.6626805e-09
0.9422722
8.109207e-08
0.32277945
0.046279397
0.009258802
0.0030193818
9.96017e-10
0.010904553
1.9215949e-09
1.9571073e-06
0.0001714368
4.121562e-05
0.24743474
3.6433623e-09
0.02216689
3.1817453e-09
5.3054914e-06
3.9131134e-09
2.2811253e-07
3.8434288e-07
0.9999946
8.958506e-06
6.6124107e-06
5.021014e-08
3.827433e-06
6.5805696e-05
2.766349e-06
0.0002462136
4.4387994e-07
2.1392559e-07
0.5124919
9.7862554e-05
0.0012884235
4.591662e-08
4.5459233e-06
0.0017094038
1.5566193e-05
0.0014575134
3.0027742e-08
1.3256738e-05
0.00011863855
1.0666022e-05
2.8082088e-05
1.9333737e-07
1.6694437e-09
0.98423404
2.866798e-06
4.5831973e-07
0.00017072116
2.3923943e-09
6.458426e-05
2.2373702e-06
2.2107044e-07
7.5623843e-06
3.562668e-05
0.00054609583
5.19529e-07
7.738933e-09
8.900783e-09
6.46309e-05
4.558816e-07
0.008075493
2.2085937e-06
1.2063424e-06
4.2234274e-07
0.52138877
2.8752678e-05
0.0015244163
2.2489054e-08
0.99996364
3.468254e-05
1.8541931e-06
2.8334264e-07
4.978269e-10
1.0389808e-06
1.0804168e-05
1.5644014e-06
9.337682e-08
0.03628822
0.061895475
2.4553643e-08
0.044589147
0.9999385
0.99842364
0.9999922
4.7216284e-09
5.5996593e-06
9.1238284e-08
0.014636081
1.485488e-07
0.9330634
6.2915883e-06
0.046279397
0.99997586
1.7613021e-06
1.8541931e-06
3.572957e-07
0.00011286581
0.015606486
1.9471943e-07
0.9999999
0.9678962
2.2037884e-06
8.1514976e-05
0.00387503
1.0501161e-07
0.00018784525
5.324252e-05
1.12813254e-07
4.9455895e-10
6.205377e-07
5.324252e-05
4.828252e-05
0.9999742
7.963418e-10
5.1748844e-05
0.52138877
0.08911719
0.9999857
4.913237e-06
0.019377977
0.0006164752
7.5623843e-06
0.91525966
1.5090734e-10
2.2381463e-09
0.0010630692
0.9999968
1.0379706e-06
6.2682815e-08
4.2150256e-07
1.0379706e-06
0.0015244163
0.02093702
1.9471943e-07
0.999997
1.2621564e-09
0.9998232
4.39727e-05
0.00018468998
