0.9999995
0.99991596
0.5464573
2.6948499e-06
1.0
0.00017208124
0.9998517
0.0037549678
0.9851486
1.1900685e-06
2.0303183e-08
1.37758425e-05
0.9999545
1.2473406e-08
6.542612e-07
4.6596647e-09
0.0077409754
3.9060646e-06
0.99752164
0.0053452533
7.257655e-06
4.9483908e-05
0.66072685
2.0234762e-05
0.00017781752
2.4509143e-05
3.2432303e-07
0.027177148
6.583456e-05
2.7661469e-09
0.0191183
0.0021648244
2.1845659e-09
0.9901413
0.25293344
1.16745625e-07
5.073714e-05
2.8301902e-05
0.8609542
3.481185e-06
3.7944298e-07
1.0718664e-06
5.162936e-05
7.197024e-07
5.985068e-09
0.9999811
0.0003136224
0.91576797
2.6284747e-08
0.45102808
0.0014737843
7.3447015e-10
0.9523478
0.00010149415
3.1582142e-06
9.215513e-06
3.9120518e-10
0.00040933114
8.116215e-07
5.8236707e-05
8.835066e-06
0.00015374202
6.0351562e-05
4.060071e-09
1.9321959e-07
0.00025361055
2.541623e-05
1.253042e-08
0.99998146
2.938254e-05
0.07328803
0.06729823
1.3842161e-08
1.4468543e-06
3.178896e-08
4.1140775e-09
0.99995816
3.6847395e-10
0.99999917
0.06231618
0.0001555021
2.7661469e-09
0.6667124
2.8938711e-08
0.0059503047
0.00040160335
3.414374e-06
5.127031e-05
0.0006371093
2.4214603e-05
0.0001577428
0.99765307
0.000556262
1.1902502e-08
0.0006685112
1.3512799e-05
0.0006050181
1.2470011e-05
0.0003054954
1.1320668e-06
4.0401126e-05
4.0487214e-07
0.060964778
7.249438e-05
0.2328626
0.006237357
0.9999995
0.001911733
2.4984305e-07
1.503582e-07
2.9319622e-08
0.094288
7.9162055e-07
0.99999964
1.24253875e-05
2.6284747e-08
7.66767e-10
8.006128e-06
9.479134e-05
4.9710983e-05
0.0004651807
6.059884e-08
0.00016046777
0.0018181846
0.009562822
0.012168897
0.0003223787
8.278945e-07
0.00050463557
0.001013683
6.562127e-08
0.9999926
5.741231e-07
1.7005254e-07
3.6703018e-06
4.760659e-05
1.2201423e-05
2.630547e-07
0.00890906
0.5167554
0.6056048
0.00017881146
0.047516346
4.04407e-06
0.48801023
3.2573043e-06
0.00027125728
2.2657308e-05
4.838383e-05
3.521472e-05
0.010704105
1.7507568e-07
3.3933388e-06
3.8875837e-06
1.0371097e-08
0.8367423
0.0028359876
0.0012190522
4.3788045e-08
0.99999994
2.6432463e-07
2.3715634e-09
4.342625e-05
0.6511908
1.409298e-08
0.004921723
0.94192445
8.53553e-06
0.12042062
3.9904346e-05
0.015556452
0.7090604
9.028544e-07
0.999131
8.477077e-05
2.6158745e-07
0.00050463557
2.565575e-06
7.662177e-09
3.9060646e-06
0.0006499004
0.30714545
1.9382345e-07
6.46012e-08
0.2081026
3.0654042e-05
0.99963266
0.9993893
0.99999845
0.241794
9.106618e-05
3.0299578e-05
0.0020727848
0.99988383
3.726758e-05
0.9976076
8.524605e-05
1.7551633e-06
2.1360197e-06
4.819185e-08
0.12042062
8.116215e-07
0.99999803
0.0003889409
0.34293887
0.9980528
1.18138415e-08
0.9941035
0.7293275
0.00017884524
0.0003889409
2.279567e-05
1.9166826e-09
0.25494158
0.0003889424
0.0020695028
6.999645e-07
0.091322534
2.4608685e-08
3.1494823e-05
0.0029393337
3.3866147e-06
3.487248e-05
1.3760769e-05
0.91576797
0.021705296
1.0767006e-09
1.3700446e-07
1.2910135e-09
0.00053529616
8.602088e-06
2.1783721e-07
0.0007521488
9.904634e-08
1.4268795e-07
0.20529386
0.00013695392
1.3842161e-08
5.0021544e-08
2.0591956e-06
0.00731057
3.4898474e-06
3.5660868e-08
1.4797683e-05
3.1301006e-05
3.7619761e-06
1.0
3.7944298e-07
3.289491e-07
3.5021762e-07
0.0018113822
0.00025856146
0.7293275
1.503582e-07
1.2470011e-05
0.00050798047
2.0476634e-08
0.8477813
2.6185447e-05
6.092018e-09
0.0032018486
5.297465e-07
1.3018006e-07
2.9345175e-09
0.9999998
0.93663967
2.973968e-07
0.103421904
0.99999976
0.00012806179
0.1769978
0.0191183
0.0017426652
5.8066526e-08
0.9985185
0.065017335
0.009562822
0.044270325
4.760659e-05
3.026077e-05
2.284643e-08
0.9999719
3.4814557e-10
0.12341448
0.027792001
3.790494e-08
0.9999545
1.0718664e-06
0.00013441553
2.7651713e-05
0.000356449
0.00059140957
3.6304866e-06
6.424182e-06
0.9999991
0.9519592
4.1854222e-05
0.04617999
8.418068e-08
4.244377e-06
