0.9995845
0.74683005
0.058757566
1.4681845e-07
0.046079356
0.9999986
1.9213614e-08
2.2375586e-08
0.006042282
0.7097874
0.016839324
6.461044e-07
0.005784147
1.7775166e-06
3.0476991e-05
0.9999752
0.9999989
4.3069094e-06
0.00013113479
0.15291238
0.0018619081
0.0007281913
5.7165742e-08
0.9828328
6.008843e-05
3.9387596e-05
1.7635628e-06
0.058757566
0.0016190977
1.5350388e-05
0.00045516682
0.99464816
1.4681845e-07
0.54298013
0.98558843
1.4095271e-07
0.020208236
4.6170405e-09
0.00032756338
0.0010290586
2.2621427e-05
0.027158061
0.0038718842
1.0791995e-05
0.88995785
9.907161e-09
0.0041291025
0.00018417789
0.06696164
2.600758e-07
0.6663715
5.850041e-07
1.6892072e-08
3.5757046e-07
0.016714575
0.024517441
0.9990547
7.4527656e-05
0.14308262
1.0
8.928622e-08
1.3122825e-06
1.084943e-08
0.43774664
0.0004381032
0.0005064546
1.9985733e-09
0.029217165
2.8213512e-08
2.022149e-05
0.999993
5.84028e-06
0.0002891165
3.4782581e-06
0.0012134776
0.023209522
2.6552826e-07
0.4080911
0.9968652
0.99991626
0.34644967
0.99999875
0.0036199652
0.00021785244
0.028885102
1.1584655e-06
0.0088260975
0.99998736
0.0014523137
0.34719124
0.60691816
0.91078526
9.284968e-07
7.451492e-06
1.9890463e-06
2.215899e-05
4.7964664e-07
0.013318429
7.2662842e-06
0.058757566
1.6456817e-06
3.8395607e-05
0.28156957
2.4218343e-05
2.4218343e-05
3.358203e-06
0.0013852193
1.0911066e-05
1.3056941e-08
0.0026708357
0.019321525
1.9661e-06
1.8116333e-07
0.9961689
0.0163741
2.5544774e-05
2.2168508e-06
0.07109146
1.2238723e-07
0.00011829987
0.0002366664
0.0115088215
1.2965387e-09
0.69060135
3.5486963e-08
1.4174636e-08
0.0010136825
6.272252e-08
0.00017559147
2.326621e-06
0.7617372
1.0163909e-06
0.40995324
0.007258639
0.0013220425
0.0001209293
3.3009363e-07
4.56301e-06
0.9999224
6.1831697e-06
0.61099714
0.0008180057
7.7387875e-07
0.016839324
0.99999994
1.0933026e-07
4.0249026e-07
3.1918375e-05
0.0005175602
5.3194744e-06
0.06522363
8.0055e-09
0.035714496
3.606282e-05
0.00030317568
0.0003147751
0.00035682265
2.160303e-07
3.343411e-05
4.8626553e-06
1.9350744e-05
3.358203e-06
1.9111449e-05
1.8180978e-07
1.9404533e-08
0.9385548
0.9919105
1.0
0.0002891165
2.4834213e-08
1.7759252e-08
0.0006660983
0.0009668662
9.571172e-05
0.00023237843
0.06195734
0.0002366664
0.00018821277
5.8640453e-05
4.7786e-08
0.9954181
2.4659906e-07
1.1227772e-06
0.14592639
0.005216373
0.005253005
0.9999997
0.00018502487
0.9997072
0.002487056
4.301934e-05
0.04455087
2.600758e-07
0.3026398
0.7097874
4.8045376e-07
1.4174636e-08
1.0317704e-05
1.4095271e-07
4.4893986e-05
0.9765938
0.007976897
4.3867072e-05
0.0015138997
0.99999875
0.002306277
0.003190925
0.00379167
0.8312118
0.055249244
0.0016727127
2.725425e-07
0.31014708
0.32294595
2.3334747e-08
0.68926287
1.6920156e-05
2.4170606e-05
0.037166208
3.0996762e-06
0.021505171
0.032211155
0.98940396
0.00067610183
0.0003140491
0.003982393
2.3256129e-05
1.4708402e-07
0.9581702
0.003982393
3.9916304e-06
0.0007347486
0.91409546
7.932522e-06
0.00012556347
0.9860645
1.6920156e-05
0.00013799634
0.002304007
1.8185541e-05
0.009854653
0.00018417789
1.8185541e-05
0.026606811
3.7312242e-05
7.114025e-08
3.5757046e-07
1.0
0.00016983757
0.003982393
0.9996777
0.8649653
0.9929366
0.99999994
0.7575893
0.3854164
0.9357599
0.9974841
1.5920323e-08
4.5829105e-09
0.00040123903
0.009004368
1.3635584e-05
0.61099714
0.23536298
2.131324e-05
8.401284e-06
0.86414653
5.8640453e-05
0.02813435
0.0008653257
3.114896e-05
0.0050976416
0.9999774
0.93767375
2.4266704e-08
2.022149e-05
1.0162707e-08
0.00013113479
0.3348801
0.00016524938
6.7549145e-08
0.45003065
0.32435215
0.0065098153
1.4053595e-07
0.002304007
1.1283429e-06
2.2842282e-06
5.552624e-06
2.473863e-06
0.28156957
0.15760131
1.450507e-06
9.665943e-06
6.4353616e-09
1.0
1.6087604e-06
6.558936e-07
0.00074075407
