0.9999988
0.00018386975
3.0408248e-06
4.9185674e-06
6.2044955e-07
0.0018551024
1.7340255e-07
2.6456257e-05
0.0012761094
0.014318741
4.423902e-08
3.2563166e-06
0.00018046076
0.00016819699
0.00034154695
6.174556e-07
4.8124065e-07
1.4063237e-06
1.8640241e-08
3.2004264e-05
0.9999992
6.818348e-07
0.83931804
0.9999997
8.455957e-05
2.62828e-06
2.6915468e-06
4.4344073e-05
3.1348263e-05
8.618774e-06
0.00021849733
8.48284e-06
8.322946e-08
0.00022980844
2.546984e-06
0.0001488856
0.28851673
0.9793726
9.325418e-05
1.4564071e-08
0.4906569
3.809002e-09
0.07627232
2.8374705e-05
0.0031735848
0.00016925203
0.0060649076
0.0011113072
7.5188254e-08
0.4994499
0.26425627
3.8011032e-05
2.9631667e-06
0.00040502014
6.0513185e-06
5.1953396e-08
0.6686056
2.7484761e-09
0.9999911
4.7730435e-08
0.1367699
0.00015866406
6.917841e-05
2.3033655e-08
0.0002617652
0.0004670782
4.253352e-09
6.724719e-06
0.71582407
0.86584085
1.881082e-08
1.084931e-07
8.113513e-05
2.3133467e-08
0.12768574
0.9999845
1.0
2.5722582e-07
7.7040903e-07
6.734647e-10
4.5904887e-08
0.27995783
3.6998594e-05
2.5910487e-07
0.9999911
0.00039284275
1.432939e-08
3.3540803e-09
0.012143886
4.0881387e-09
0.96178234
1.5775283e-06
0.0005856915
4.3374587e-08
5.098206e-07
4.8996812e-06
0.116650715
0.00016439725
1.3113317e-06
1.6865922e-09
0.999969
2.1090524e-07
0.0021933978
0.9999878
1.2886917e-08
7.2292087e-06
0.9999395
0.019809328
1.733498e-06
3.6314972e-07
0.628179
1.7346692e-05
1.5985194e-08
0.0002788183
0.5031799
0.96146756
4.027941e-05
0.99168795
1.823244e-06
0.9988231
1.8841906e-09
0.00014040699
9.8709716e-05
0.0007576224
1.3214356e-08
2.7790177e-06
0.0003948857
4.0924712e-07
0.87585896
6.85221e-09
0.0055885864
0.00067444466
8.440055e-05
1.6712291e-06
2.2684048e-06
0.00038465366
1.238356e-06
0.0002529542
0.23758791
1.313457e-06
0.00028398974
6.184237e-06
9.2485514e-10
0.006227475
2.34032e-09
0.9108053
9.1824215e-05
2.756379e-07
4.96984e-07
8.410119e-05
1.0139472e-08
1.7251811e-07
7.94552e-09
0.03398246
1.0
6.682218e-08
6.178798e-07
0.95358855
0.023955323
0.973733
6.562605e-06
3.8031967e-06
0.022687495
1.2587176e-06
5.5275995e-10
2.2419416e-08
2.1323967e-06
2.3771901e-07
9.1810136e-07
3.2939488e-07
3.4595207e-09
3.392726e-05
0.9999911
2.4136583e-05
0.82835275
5.880907e-06
0.117047615
2.8625347e-09
0.003754629
0.019510234
0.006227475
9.2485514e-10
6.0513185e-06
0.6301575
0.00021082374
0.032249354
1.93389e-05
6.174556e-07
0.023955328
0.0064442577
7.931418e-06
1.4586762e-07
0.01821364
0.003754629
0.99999994
1.1448876e-07
2.9608026e-08
0.00016819699
1.2324858e-07
1.276561e-06
0.002255291
0.04263957
8.9991765e-05
8.618774e-06
1.2911767e-08
0.07502338
0.9999984
0.95332146
5.490487e-07
0.0266723
0.0040927725
1.26022295e-08
0.00025589977
0.96273243
0.00021082374
0.35824016
1.0
2.5391017e-07
5.5138422e-08
3.542645e-06
3.3272845e-05
0.020127743
0.00047671056
0.00019814528
0.00038238688
8.3535275e-07
2.1744875e-06
7.642161e-07
0.0009065571
0.09184937
1.0
0.011192571
0.0001691475
0.99543166
0.28343186
0.0077755237
0.0013785667
1.0342135e-05
1.0834575e-05
2.8551514e-09
7.4257296e-05
0.9966704
2.365462e-07
0.0283212
1.7967467e-07
0.002267619
4.3835535e-06
0.00023246153
0.0015834302
9.0829343e-07
8.078809e-08
0.973733
1.8217534e-05
0.050046045
6.724719e-06
7.749166e-06
2.1141231e-07
1.6142987e-08
0.0011041841
3.481918e-05
0.004502349
1.1539556e-06
9.652595e-08
0.9987604
8.922971e-05
0.46553907
0.9786187
7.963576e-06
6.6318453e-09
9.592882e-05
0.99168795
4.411118e-06
4.837694e-09
0.8473816
1.0475435e-07
0.9999668
0.00047671056
1.313457e-06
2.34032e-09
0.9999853
0.0009685137
0.020833492
0.9999989
2.0630156e-07
0.00017832586
0.29470193
0.020317659
0.5552165
0.53257316
1.4594854e-08
0.9999668
7.5979074e-06
0.0059553976
0.0009065571
0.03746307
0.9987256
0.99997985
0.000110148685
7.333137e-05
0.015715962
