0.99999994
2.8750918e-07
2.1439999e-05
0.9901779
0.0038588096
0.012260784
0.009422981
1.7977888e-07
6.865557e-08
0.0008075652
4.426042e-05
0.016030885
3.9976603e-05
1.8356595e-05
8.928569e-06
2.2041341e-07
0.3440158
1.3065123e-05
6.61473e-07
2.6195359e-08
0.01267469
3.2303797e-07
0.17659275
0.9999983
9.180198e-05
0.00040789807
0.990177
1.0
0.061205637
0.0049137827
0.0031548233
0.00016965986
0.01392937
1.0142727e-07
0.00346345
2.508291e-06
0.7975761
1.555643e-06
0.0012376533
0.0002147933
0.14731178
1.5177513e-06
0.14002278
8.88425e-08
4.970008e-05
0.0005518708
0.98804766
1.2514411e-07
0.19816878
0.0012502463
0.006232774
0.99722284
3.3952244e-08
3.1938776e-05
1.7700258e-05
0.009382777
0.027110146
1.42343e-07
0.9999977
1.848769e-05
2.2893706e-05
0.03657092
1.3861079e-05
0.0007966153
4.970008e-05
0.9999992
0.051385056
0.9139684
0.1098306
2.8408722e-06
0.14620887
1.0
0.09371947
0.90496975
1.0
0.004222227
0.14150132
0.99995595
0.649438
4.6467713e-07
0.78053373
5.1213925e-07
0.0054068845
1.0
0.016405541
0.005056065
0.99636596
4.5744968e-05
0.5558783
4.9289258e-05
0.99442434
0.99999994
0.9988007
0.9882121
0.99805355
3.6715056e-07
0.0562224
0.3440158
0.58089215
0.0017190039
0.9991733
0.00097068975
0.00018751471
0.0068395655
0.043105587
0.0019097505
0.9999494
8.2296374e-08
0.99830234
1.7700258e-05
0.9999999
0.00062162266
1.2165238e-07
8.8566946e-07
3.3927878e-07
3.0974245e-06
0.99999994
0.00029293154
0.32342935
0.99905694
0.0001659663
0.00021742021
0.022628166
0.99999666
0.0020559095
0.9988774
0.008818813
0.99999994
6.386629e-07
6.186469e-08
0.00015787673
5.2693213e-05
0.61283445
0.8790526
0.0012376533
0.9726886
1.7410214e-06
0.0002868571
8.848069e-05
0.16405846
1.6423204e-05
0.80870956
1.5507327e-05
0.0027675063
0.80870956
0.98956525
7.512658e-09
0.002959377
7.339666e-08
0.0074270824
0.05895056
0.0010710934
0.00022574348
0.04629628
0.0740065
7.522665e-06
0.029542023
0.07181938
1.0
2.3917717e-06
8.848069e-05
0.9999999
5.1063324e-08
0.0002917275
0.9999992
0.3374251
0.0015569251
1.6168497e-05
2.8344091e-05
0.9367079
0.42797932
0.9999996
0.00024108979
6.286484e-06
5.2693213e-05
0.019323912
0.00023092689
1.0
0.91697574
2.4512743e-05
0.0043096067
0.00029293154
0.0043096067
0.00031294263
0.0002675494
0.8581663
0.00017939262
1.0
0.999889
1.555643e-06
0.42797932
1.0
4.326582e-05
0.16405846
0.99999666
0.0002523361
5.5952605e-06
0.00087217387
6.35674e-05
3.6715056e-07
0.00017851779
0.06685914
0.97772604
0.0016337555
1.9671484e-06
0.00055847917
0.016030885
0.00025422958
0.74382263
8.131322e-07
1.926756e-06
4.2629604e-06
0.00092948327
0.99999976
1.0
0.9452545
0.9588309
4.6185058e-05
0.012260784
0.00015309762
1.8217027e-07
0.1098306
0.16840139
0.076585345
0.95759904
1.6315933e-08
6.848789e-08
0.000858462
4.389557e-05
1.4360753e-05
0.0004907318
0.0006795951
0.04629628
9.509285e-06
7.992442e-06
1.0
0.7905647
0.999999
0.2159286
0.020191576
0.9999504
2.4832374e-07
1.8570227e-05
1.0
0.00017939262
1.0
1.5532441e-05
0.014078425
0.0042063543
0.009123275
3.6792095e-08
0.0012502463
0.07200616
0.99999905
0.2728744
4.235096e-07
0.9999993
0.016837098
0.01392937
0.004222227
4.0995205e-06
7.771221e-05
0.9848244
0.0015032243
3.0358524e-05
0.41074178
0.999998
0.7704233
0.0004796583
0.0031281863
0.3594915
0.00021830907
8.052048e-07
0.00016414069
0.053479385
0.00025422958
0.00016756564
0.54023975
0.00026570488
0.9954778
2.860514e-06
1.0
0.3955854
5.16945e-06
0.8790526
0.0026046182
0.16405846
4.1736803e-05
0.99999976
1.0
2.9782984e-06
2.5788484e-07
0.9997671
0.98642576
0.99965966
0.003821647
0.010962285
0.00030968798
0.99688166
0.00041360245
