0.9999909
0.99998766
1.2759415e-06
9.706798e-07
1.6705979e-05
5.823803e-11
0.022036502
0.7645138
0.051785868
2.046457e-06
2.06978e-06
0.88047594
0.9397378
6.57926e-08
1.3004486e-05
2.273666e-05
0.00014346067
6.406828e-08
0.00019751038
6.459797e-09
2.3166524e-05
2.6936725e-08
0.9996777
0.20174156
0.0010429675
0.0004907783
6.319071e-08
9.2301183e-10
6.191716e-07
0.0024189258
3.5954922e-10
1.3004486e-05
0.022647347
3.573911e-05
4.7465704e-08
6.841544e-05
1.6023021e-11
1.3029009e-07
1.9153952e-10
2.0450716e-06
6.987467e-08
9.524082e-07
0.0012949193
0.9999519
0.9999291
5.075996e-07
0.1792833
1.1326333e-09
1.6843933e-09
0.3688581
1.0343085e-06
0.006243871
1.4158255e-09
2.1135378e-08
2.1843947e-07
0.051530283
0.00048496557
8.81349e-10
8.554921e-07
0.0011153999
0.00030747915
1.8391273e-07
0.9252581
2.06978e-06
4.3347544e-08
1.3517868e-06
3.7291563e-06
2.5637691e-08
0.949783
3.45069e-06
3.1548518e-06
6.7238454e-07
1.0485206e-08
0.93322444
2.9773002e-05
0.5716778
1.6876564e-10
0.99897134
3.7548827e-07
6.325255e-09
3.7088269e-06
1.0891353e-06
0.36060295
3.7105165e-05
2.4627395e-10
0.04716817
2.5018974e-07
5.3475876e-05
0.07910689
1.2081058e-09
9.449302e-08
1.7641467e-07
0.03798767
1.6406564e-11
1.4037954e-05
1.8691266e-07
1.7703759e-07
0.9612063
7.828093e-06
4.424562e-06
5.7656035e-07
1.5741741e-09
0.5346557
4.214835e-06
1.9076303e-09
0.99997336
0.051530283
0.9856383
1.06055695e-05
0.01443394
0.0460441
1.2361173e-07
0.0034967477
0.1296192
8.668182e-10
1.7896931e-05
0.013920433
1.020092e-09
8.114104e-10
0.002250348
0.00047142417
0.00014008523
8.095889e-11
0.33554348
3.3183902e-08
0.00012647182
0.9863605
0.0002114216
2.9773002e-05
0.76736146
0.273548
1.5237854e-08
6.319071e-08
0.0084818015
2.3830871e-07
5.683361e-07
2.6964791e-08
0.004988569
1.9541513e-08
7.498968e-10
0.040783122
2.975027e-09
1.2821015e-08
0.9948329
4.6568482e-09
3.64519e-05
0.9999515
2.9773002e-05
6.985694e-07
0.002017268
3.3900849e-09
2.0993063e-09
3.3753229e-06
2.9637752e-07
1.2002893e-05
0.9160908
0.949783
7.498968e-10
1.3665286e-10
1.3172532e-08
1.1032939e-09
1.0128667e-06
0.76736146
2.2795682e-07
7.171623e-05
4.0010212e-10
6.8909685e-08
9.129195e-07
4.3304826e-07
5.361096e-07
0.6861014
1.6705979e-05
0.0002422728
2.4243203e-08
3.45069e-06
0.61187786
0.47621027
1.3701996e-08
0.9998854
6.8386014e-10
4.968422e-06
2.7988401e-08
2.184842e-08
0.00019446146
1.1341122e-05
0.965215
1.6685411e-07
0.16194527
5.868414e-05
1.1333859e-08
6.199218e-05
1.3158815e-09
0.0117959445
6.535111e-08
1.2237777e-07
8.473709e-08
8.433122e-09
8.124848e-05
0.0018700832
1.6843933e-09
5.584992e-07
2.3629278e-07
0.00091568095
7.6459224e-07
4.987026e-06
0.9940696
0.00045818882
1.4015623e-07
7.686719e-07
1.1822901e-06
0.01863162
1.921816e-06
3.5474388e-06
6.5679396e-06
0.0005112647
1.0063292e-06
0.0002872375
1.6452172e-07
0.0010429675
0.00060483644
8.2083614e-05
0.0026475263
1.2002893e-05
9.878783e-07
0.007282449
9.77207e-10
2.3830894e-07
0.23504472
0.001764154
3.5954922e-10
0.98607904
9.930961e-07
2.2664704e-08
3.0963204e-08
2.0066425e-05
3.0444994e-07
6.1699296e-07
1.18599935e-07
9.247502e-08
2.5519112e-10
3.7128204e-05
3.0236813e-09
9.585438e-06
1.0366884e-06
1.3172532e-08
0.00029142812
0.9664097
4.256203e-07
4.7918526e-08
2.1135378e-08
0.0027732817
5.6490745e-07
0.00012474041
0.47826
9.2414507e-07
3.5356858e-05
0.0013284131
1.3230269e-08
0.22017403
1.0236739e-05
0.00015988601
3.6323425e-07
0.0019442138
6.0645815e-11
0.7645138
7.1120153e-06
0.0009842325
6.0553448e-05
0.00028832894
3.0046112e-07
0.051785868
1.598183e-07
3.3836832e-06
0.008404923
9.434314e-09
1.18599935e-07
3.464922e-05
7.6459224e-07
0.013046952
0.01049012
0.0016042099
0.010677154
3.0041117e-06
1.5520658e-06
1.921816e-06
0.88350266
0.99917984
9.751821e-08
0.4575691
0.9999854
0.00014008523
2.2664704e-08
0.99985564
1.1326333e-09
0.5783047
2.1184947e-07
1.0
6.310168e-09
0.020288812
1.5691559e-09
