1.0
1.0
1.0
0.00017201381
0.0003921502
0.0020135522
1.0
0.99910873
8.2601655e-06
3.662846e-08
5.7488705e-05
0.9990901
0.9999997
0.9878917
0.00014915332
8.711093e-06
4.6116913e-08
6.3445674e-05
7.486867e-09
2.3853376e-08
1.4884948e-06
0.12064772
1.0
3.878267e-06
0.8591684
1.6813385e-05
0.992687
0.00018442143
4.2591055e-05
3.2839478e-06
0.03378105
0.9999964
7.486867e-09
1.3074285e-05
1.3780945e-07
0.005923051
0.116574034
8.531125e-10
1.9548596e-08
2.9052861e-08
0.0008930111
8.331132e-07
0.0025821615
0.06341072
0.9958802
0.9999988
4.849747e-05
5.5734963e-09
0.00039713588
0.7545401
4.59313e-07
2.0250392e-08
0.99902713
3.5955644e-08
1.7858252e-06
1.8516328e-05
5.1666325e-07
4.4439454e-07
7.7607545e-08
0.80721194
5.147717e-07
0.99970895
0.00023676097
3.9182036e-05
1.8725585e-05
0.0020601922
5.7591646e-05
0.4863476
5.1604707e-06
0.0017354616
5.7848615e-09
0.00023348711
0.00012802612
8.673571e-05
0.005923051
1.4058547e-05
0.8361643
0.0057466244
0.00017131244
0.999993
0.20986167
2.904015e-05
0.9966008
0.99774003
6.4344534e-09
9.097897e-06
0.066532366
2.9981564e-05
0.9966008
0.00079562375
0.9999999
0.92902195
0.00034543232
1.956261e-09
1.6975255e-05
0.71961075
8.1103515e-08
0.0007997593
1.3308458e-05
2.8400812e-06
1.0032045e-05
0.10568901
0.99999905
3.4665216e-05
1.5980316e-08
1.33183985e-05
0.47545704
0.0044508767
3.293777e-09
0.003742406
9.843216e-07
5.5791545e-09
2.3671422e-05
0.0052213245
4.3380526e-09
5.2536316e-06
0.00013020888
0.9992453
0.00028871323
0.000349338
7.730017e-05
0.15546785
0.16760525
0.0011340578
0.98583424
1.0
0.0028815097
1.4858801e-08
0.0052213245
3.1017048e-06
3.3867943e-07
3.1367403e-05
1.0301917e-08
3.2501243e-06
0.011776
0.5634103
6.415366e-05
0.9911876
2.5931152e-07
0.0008930111
0.38683233
1.8606037e-05
0.00035899147
1.4090392e-07
7.86842e-06
0.9999994
0.00705883
1.5812828e-08
9.670729e-08
1.6481775e-07
0.00046132214
2.4866172e-06
1.0
4.639429e-08
7.7653726e-07
3.5107285e-05
4.6871122e-08
6.71134e-07
0.014946973
0.5562677
0.02323277
2.757758e-05
0.0004054041
0.04492168
0.940467
2.6704935e-08
0.00044260098
0.09936694
3.98304e-05
3.112904e-05
1.5609351e-06
0.004863008
0.0046084523
0.00022314854
0.066532366
0.009524608
1.688281e-05
0.9999994
5.289905e-06
2.1198874e-09
0.0044985167
9.918385e-06
1.4647667e-06
0.004438493
0.00018485593
0.13127108
2.888252e-06
9.920635e-05
1.0828676e-05
4.639429e-08
1.9878358e-05
1.7187065e-05
0.001960371
0.00012774079
4.4877115e-06
5.3229786e-07
8.881546e-06
0.00077492563
3.2303422e-08
0.9999998
8.896581e-05
3.1814263e-05
0.09644621
0.0003399704
0.000106776315
0.51024777
4.3385722e-07
9.910681e-08
3.2721204e-05
0.999993
0.0002568641
0.0003142336
0.00028443983
0.0022490711
0.008772422
1.1124345e-06
0.0013092975
0.0003142336
8.24551e-06
0.00494528
0.00023348711
1.3624951e-05
0.0006917706
0.0119930245
0.9961125
0.11613299
0.00035890116
2.6160707e-08
7.357824e-07
1.98211e-08
0.0015421427
3.505271e-06
0.9999988
4.8992024e-09
0.0008137558
6.267098e-08
4.4667283e-07
8.392511e-07
4.9502927e-05
1.6481775e-07
3.233974e-07
0.00011074521
0.0035420929
0.9713319
0.0015484322
0.07239223
0.7040366
0.80721194
1.8366734e-05
0.006630643
2.9247348e-08
1.0
1.5147993e-08
0.00044260098
1.98211e-08
0.9664438
1.3296495e-05
6.819038e-06
5.820541e-06
0.019755894
0.98522055
4.631196e-09
0.99879974
6.533161e-05
0.00026134602
0.0046084523
0.005271368
1.2577952e-08
9.462879e-07
1.0
1.1967803e-05
7.268565e-06
0.014040095
0.00012681865
0.23846777
0.99999934
6.470096e-08
0.9898909
5.122369e-07
4.966636e-06
0.005271368
0.025955357
6.27844e-08
0.33863524
0.99156547
0.12064772
1.4132253e-08
1.0317616e-05
0.98266226
3.8398016e-07
3.6874576e-07
0.973685
4.4463422e-06
4.4257986e-06
0.024041107
1.4090392e-07
0.9999792
0.00018493508
1.6275379e-05
0.8264804
