0.99560684
1.0
0.24665508
0.9999995
0.99999857
5.488583e-06
5.436036e-07
7.3093935e-05
0.99994564
4.1346357e-05
0.00040370412
7.552518e-06
4.143242e-06
0.23155646
0.34845224
0.08516816
2.6768456e-07
3.8928138e-05
0.0007745004
3.5070966e-06
2.3147516e-06
0.99999213
3.315991e-06
0.02263114
2.2783783e-05
7.1012764e-05
1.658679e-05
0.9889877
2.7445874e-05
4.3288906e-06
0.98658115
0.018486496
2.3543423e-09
0.99999976
0.7792276
7.2044344e-08
5.5250666e-06
2.9458526e-08
0.0325581
0.0001892161
0.00046771442
0.00010248253
0.0016152406
3.7969843e-05
1.148889e-06
0.0015022905
2.719879e-06
0.040361356
0.71507573
0.00018364584
7.096678e-08
0.013414857
1.3513998e-05
0.99997497
0.000643688
0.98256236
4.2921524e-06
0.9999978
0.0007311908
0.99999624
0.000116935174
0.99985576
1.4021324e-05
0.61868006
0.823878
0.0065275473
0.99993324
5.614778e-09
0.99765205
0.99965227
2.7901206e-07
0.9968011
3.792461e-08
0.000680557
5.8600023e-08
0.00013241671
3.945405e-06
0.26668203
0.22746664
0.031715002
0.41492826
1.1672302e-05
2.5901863e-06
1.7874985e-06
0.9959482
0.9984417
0.99978065
5.5539167e-05
0.0021712882
0.0101758465
0.000100061145
5.57628e-05
0.97866046
0.34798527
0.0010632039
0.99671334
0.033596314
4.280082e-06
1.3904738e-06
0.74986595
0.9988886
0.3050932
0.00019597176
1.0
0.00029665374
0.0009569397
1.5947924e-07
0.99658185
0.005100283
0.008555164
4.2703956e-05
4.930581e-06
0.96557933
0.00034904058
0.011667645
0.0003360757
0.036291283
0.99999994
0.019776002
2.312368e-05
0.0014227139
4.4244357e-06
0.0028130328
0.99999994
0.0008285626
2.5980503e-08
2.1546113e-05
0.9999793
0.99999994
7.642767e-08
0.0027095824
7.197732e-08
0.0020622893
0.0073368195
1.6641646e-07
0.9653249
0.0013727562
0.0025033
0.07894968
0.9995468
0.3572598
0.008445255
0.061291315
0.99998915
3.6727702e-06
0.0012079708
3.4167996e-07
2.329402e-07
0.72504514
0.033596314
0.024554292
0.9999999
0.9994514
1.8012857e-08
2.2901611e-05
0.00048744248
0.009334123
1.3107328e-06
0.002152738
1.2223757e-07
6.873326e-07
1.870613e-08
0.08738643
6.6189705e-07
0.9967561
0.999926
6.6189705e-07
1.0296799e-06
2.9486184e-06
0.00281628
0.0010630038
8.473725e-08
0.07278297
0.9006811
0.031959444
1.1067741e-06
2.4652851e-07
0.5168224
7.191963e-05
0.13197722
0.018494679
0.00063850614
0.00015320057
1.0
5.2423162e-05
1.689567e-06
0.99674344
0.99999994
1.3066505e-06
0.00012905916
0.043341257
0.001404185
6.6980147e-07
9.3124584e-07
0.99450696
0.9999942
0.00048310432
2.275309e-07
0.005723668
0.08516816
3.3182687e-06
9.791528e-06
0.92660517
1.2370064e-07
5.758702e-06
1.2568527e-08
5.0282247e-06
9.910953e-06
0.99974126
0.079567276
2.5672916e-05
7.2740636e-06
8.977047e-07
1.0279686e-05
1.5333395e-08
1.7553656e-08
0.98706996
2.508231e-06
1.0
0.00010019558
0.9829912
7.078415e-08
2.2601812e-07
0.9999956
0.038664598
0.0018816484
0.9121578
2.1623366e-05
4.280082e-06
0.9999888
3.3264302e-09
0.00026899605
0.0026458637
0.00026979228
7.5906505e-06
0.0005729841
1.1473535e-09
8.430909e-06
0.9586307
6.920816e-08
0.00012961005
3.2626815e-07
0.09790818
0.019655468
8.584721e-08
1.440587e-06
0.013001863
0.004187846
3.2809785e-05
0.9991548
1.0505363e-06
0.99658185
1.4522954e-06
0.00049565855
0.9999992
4.6365553e-06
0.029999053
0.67040026
8.432267e-05
0.0011394526
0.9453024
0.78342146
1.1918414e-06
1.2345176e-05
0.7834214
0.9998931
8.571989e-07
0.0012081999
0.0101758465
0.99995506
0.0015232546
2.7032722e-06
0.0009254374
0.0011414662
0.99999833
0.9479753
7.995629e-05
0.021260312
9.917326e-06
9.784285e-06
0.9999997
0.9999742
1.0
1.6037752e-08
0.9996754
2.3758211e-07
0.98683834
8.435153e-08
2.6532163e-08
0.9999997
3.2626815e-07
1.0279686e-05
0.99267554
0.3371676
0.011135504
0.0019187534
0.99974126
0.0013894254
0.0005729841
0.9999986
