0.9999982
0.99999857
0.9637464
0.3850763
0.9999991
0.99549574
0.99954605
0.9972072
0.71840227
0.99722874
0.02101799
1.0
0.25309077
0.99987113
1.0
0.9999225
1.0
1.0
0.99999696
0.050396245
0.006083984
0.00044705157
0.98775715
0.9994498
6.4546737e-09
0.00014777364
4.950186e-07
1.09877e-05
3.6699832e-06
0.9999807
0.000114991475
0.2888585
0.89092165
1.4101497e-09
3.9292664e-10
0.9232807
0.0002425342
0.00042450667
0.00044421962
2.612062e-08
0.998584
0.91269684
0.97458297
0.0024642493
0.46545374
0.048736952
1.4586317e-07
0.055944443
0.00018414925
9.201686e-08
7.3528628e-09
4.9152893e-10
0.999987
5.059882e-06
0.00077438494
1.8839668e-05
2.5014631e-07
1.911064e-06
2.9058403e-06
3.1706437e-05
5.844038e-09
1.2021336e-05
4.386364e-06
5.7614624e-09
2.6855758e-05
0.42240727
4.602641e-07
0.14101961
0.39813313
0.0006545637
0.3357084
1.0
0.0036290523
0.00011492
6.0668236e-07
1.2566231e-05
1.15637654e-07
0.018986864
2.9693817e-06
3.775558e-05
0.9999851
0.0010560794
3.3919348e-06
0.3805077
7.0606956e-07
0.0014477657
6.439318e-08
7.6650736e-08
0.0054441215
2.5109705e-08
2.0343152e-05
0.0026189773
0.0024826026
3.3734661e-06
0.9997083
0.050612602
7.0227998e-06
3.1183678e-08
1.2021336e-05
0.055944443
6.4715375e-09
0.21015601
0.00031861893
0.0024195956
0.99531776
0.021569977
0.03423624
1.6605356e-06
0.00031861893
9.409622e-09
1.7332206e-05
2.7298819e-09
3.883859e-05
2.418799e-05
0.16859558
1.790998e-08
0.0009539352
0.00021285731
0.13005653
0.32701245
4.0910347e-08
1.7882576e-07
0.9997083
0.004150398
3.9088893e-10
9.789288e-10
1.3578877e-09
0.0059975265
0.0053979936
5.4497914e-08
0.00044705157
6.9750705e-08
1.2373239e-09
0.0031625256
0.98879117
0.005473522
7.4394103e-07
0.0005568588
0.0003245274
0.99994165
0.050396245
1.3721564e-07
1.624088e-09
0.0014178258
7.5494145e-06
0.99999934
3.4952458e-07
0.99999905
0.0031625256
9.201686e-08
8.653991e-05
3.829288e-06
0.99997115
0.0003525937
0.00013182811
3.0158465e-10
0.020882942
0.9188639
0.9988027
2.2239208e-09
6.5354198e-09
2.9276537e-06
8.6680496e-10
2.0656923e-06
4.4175255e-09
0.00018914719
0.9999875
7.368056e-08
0.011184105
0.8713013
0.0010372532
0.038677078
7.0040386e-07
1.9525982e-07
2.2853577e-08
1.7560051e-08
0.091118716
0.998545
9.325077e-09
1.1646846e-08
0.99996173
5.4888954e-10
5.990872e-06
8.598745e-05
0.007478754
4.8552814e-05
0.8929313
6.5023706e-09
3.0498168e-08
0.15909307
1.3692098e-05
5.2067875e-08
2.926727e-06
3.685541e-05
0.00019198866
1.2677971e-05
0.041402638
3.510532e-08
0.055538993
1.1677225e-09
0.0004950624
0.9148807
1.5451917e-08
0.9956256
8.067561e-10
3.1930896e-09
1.6736792e-07
3.775558e-05
0.9999953
0.0017652451
9.2048776e-07
1.9943111e-10
1.069188e-09
0.96444213
0.9997456
0.923018
6.0109927e-05
8.022773e-05
0.040090315
6.359974e-06
5.2308646e-06
3.6762038e-05
2.4064073e-09
1.3578877e-09
0.00021791623
6.3878636e-09
3.150667e-10
2.7780374e-07
1.9323501e-08
5.9547793e-09
6.0281043e-05
0.00021257417
1.6055928e-05
3.9060817e-09
1.0
0.00014490093
7.319783e-06
0.00028484172
4.097923e-08
2.1637368e-06
4.832573e-05
0.98879117
7.171288e-05
7.318876e-09
0.8926823
7.1224227e-10
9.265325e-10
0.00013830207
3.1189694e-07
0.99999994
2.9346756e-06
2.7780374e-07
1.5420583e-09
0.9999835
0.99999946
8.598745e-05
1.862635e-07
1.0896641e-06
0.029235821
0.023069117
0.9712777
0.0011217528
0.06696667
0.00036721426
2.0503646e-07
0.13948533
1.3470622e-05
0.048736952
0.99901885
0.032769073
2.1592368e-06
0.99999917
4.3459226e-05
0.8613075
0.53717196
0.0010476705
1.0470466e-06
0.0024642493
6.441799e-08
1.1250753e-06
0.007991434
0.99974287
0.9980699
4.917864e-07
0.7138834
1.0
0.9685037
1.7603534e-06
1.4424076e-08
1.8810826e-07
0.0014106949
2.6320668e-05
0.0016658795
0.00081425766
2.6592434e-06
0.00026020678
1.009121e-05
0.99965775
1.4411763e-05
1.6073925e-07
