0.98484457
4.9215116e-09
4.9458655e-09
9.9488254e-08
8.3820346e-08
4.1510784e-08
2.6523467e-06
0.000114477705
0.11161239
0.0011341663
9.609515e-07
2.8100489e-10
7.136759e-09
2.0213969e-07
3.373182e-07
1.7722252e-06
0.99961764
0.008230942
1.7991678e-07
3.0891467e-06
0.0029996105
2.2447362e-07
4.272013e-08
0.9108846
7.5290995e-07
1.3578146e-10
1.8714017e-08
2.34896e-09
2.6392917e-11
0.025424143
4.7719148e-08
0.052858036
1.8003831e-11
8.047739e-09
0.36966148
1.4933196e-10
2.556648e-09
0.5138153
0.0001259973
0.1425422
2.4937059e-05
3.2953233e-06
8.190863e-05
2.6036334e-10
0.000289095
2.2800263e-10
2.1017378e-07
0.0001980716
1.1869177e-08
0.0003132489
1.4301294e-08
2.109153e-07
3.3307114e-07
7.8382e-08
3.415189e-05
0.96133715
0.00031377794
3.1551863e-08
5.9546146e-11
2.3891213e-08
9.753157e-07
6.362832e-11
4.1684523e-09
5.958921e-11
2.0866102e-05
8.467179e-07
0.002074308
8.4732e-10
0.96630114
0.9996289
2.1241281e-10
7.0909345e-10
6.58566e-09
0.999988
0.99987733
2.3859531e-05
1.0994433e-09
8.2934555e-08
0.9367179
7.887533e-06
3.14938e-05
6.443108e-10
2.6367145e-08
2.3294802e-09
0.2659827
2.649697e-07
1.5358392e-08
3.857253e-06
4.0016054e-08
5.049013e-10
2.5159065e-05
1.1564362e-09
0.9162764
1.6961587e-06
7.741668e-08
0.9108846
1.207378e-09
1.162682e-09
1.6261563e-08
0.0009195138
7.5290995e-07
1.162682e-09
0.45922503
0.9996906
1.1408029e-05
7.414851e-11
3.0478984e-07
1.0
1.2758468e-08
4.345902e-05
0.88592255
0.00018938379
7.429918e-10
0.99999946
0.0019524139
3.8006816e-11
3.9644564e-07
1.2101601e-05
9.782034e-07
1.3537887e-09
2.6240373e-06
2.1749553e-07
4.5558186e-11
3.373182e-07
0.018039798
4.1684523e-09
1.7722252e-06
5.958921e-11
1.3736028e-05
3.5148692e-05
0.00013208807
7.46088e-09
2.513498e-10
3.2935366e-10
1.2057612e-11
4.2790216e-05
0.00034662383
0.016673623
3.2977045e-05
3.415189e-05
2.898479e-07
0.99852204
2.2324787e-06
1.0688154e-08
1.9320025e-05
1.3349653e-07
2.2772687e-08
2.9283545e-05
0.00039326056
4.942791e-09
6.849655e-11
0.00011871165
5.3178075e-05
0.0003106099
6.0998555e-05
1.0037835e-05
0.1901508
7.180253e-11
6.295648e-08
6.16101e-08
7.2026614e-07
1.7677354e-06
2.574246e-07
0.0024960057
2.6240373e-06
8.673697e-12
5.2359773e-08
9.708519e-07
4.5558186e-11
2.8548262e-08
0.9978399
0.0002789656
0.9999632
7.3997643e-07
1.6778023e-07
0.007212536
7.0936534e-10
1.2520959e-08
1.0190064e-05
8.884881e-11
0.33964923
1.4072961e-07
0.066315465
2.5568639e-08
4.6787255e-07
1.0037835e-05
0.008068339
8.793513e-09
2.2463718e-08
0.99868184
7.729021e-09
8.467179e-07
1.8935487e-11
6.4189373e-07
6.2182244e-06
4.2696895e-09
6.7609726e-08
0.00015547275
1.994298e-08
6.5911117e-06
6.7752894e-06
7.135469e-08
0.0006843282
2.8905035e-06
2.7083453e-05
1.2758468e-08
9.999649e-10
7.737365e-10
2.3960638e-06
0.986674
0.0009349011
1.5025366e-10
0.03150937
0.9999996
1.6507055e-09
0.3269328
1.4999287e-09
0.99998325
4.105619e-09
0.00026515572
1.6529706e-06
3.4433683e-07
4.9215116e-09
2.4532318e-10
2.0320505e-05
2.1048027e-07
1.9181817e-07
0.006360252
6.52927e-11
1.4790717e-07
4.5262873e-06
3.594858e-08
0.0020724928
2.8653547e-08
1.0681729e-05
0.80922467
0.016822722
0.9996979
0.014105528
0.0002860795
6.7783714e-07
0.025103685
1.345664e-09
0.99987733
4.2790216e-05
0.3069796
4.3655447e-05
4.245184e-08
1.9456399e-10
0.0005303904
1.6037722e-08
0.05310391
4.6598092e-07
3.4188036e-10
1.5467264e-10
5.0073354e-09
0.99888694
1.6108514e-07
4.2188885e-06
6.1834665e-10
1.290998e-10
0.005053068
5.7636906e-10
1.1571019e-10
0.52691346
0.021698533
0.8888285
3.1611995e-05
0.0002478127
1.1670215e-06
2.2084309e-05
1.5025366e-10
1.5795576e-06
5.3837735e-05
6.839681e-11
1.0190064e-05
2.627442e-08
1.7371586e-06
3.9183305e-05
3.1277283e-05
1.2101601e-05
6.197208e-05
0.03668554
7.4179724e-07
1.00847254e-10
2.7336353e-06
2.344496e-10
0.05536923
0.32942846
6.032248e-10
1.1000963e-08
0.0017766858
0.9998211
0.0073188036
2.6498215e-09
3.966279e-05
0.0038622206
8.464517e-08
0.98142993
0.0020724928
