1.0
0.9997347
0.99947774
6.254607e-07
0.9024554
0.07309663
0.99999994
0.9999943
0.36707523
0.31901872
7.188057e-06
0.0008547698
0.09641339
0.00013560093
0.06535405
1.12532525e-05
1.3698458e-05
0.15270147
2.9928765e-06
0.6272353
0.0010790331
0.9985783
1.0
0.99998844
0.99999994
0.9999996
0.047253728
6.022768e-06
0.8791302
0.99889946
8.7938475e-05
0.019010227
0.00027499686
0.03718821
0.8346219
0.62980425
1.7764925e-05
0.055764675
0.00061103277
0.0003646248
0.46041304
0.9999504
0.99667394
0.9998824
0.0008956929
0.5237275
0.00010886597
1.0
0.9998271
0.00022398328
0.09745539
0.2874762
0.9834581
0.0002793281
0.0045848694
0.9120538
2.0088137e-05
0.99688286
0.31204566
0.9999999
0.09587013
0.85579437
0.0011241281
0.1452571
0.9995163
0.00010372585
0.88723415
0.002020151
2.8190439e-06
0.00033796203
0.32419184
0.9710785
0.6239862
0.0016065119
1.6456597e-06
8.635657e-06
0.0005930883
0.12211427
0.9993089
0.9999995
4.3225613e-05
0.07165569
0.0066395933
0.99998
1.0
0.00023576079
0.93283033
0.99999833
0.23575515
0.90592337
4.4565164e-07
0.9999977
8.7256354e-05
0.02730853
1.0
0.9958425
0.0068943766
0.0002172041
0.009416965
8.266017e-05
1.0865202e-05
0.000876562
0.9999695
0.0020734456
0.0010359772
1.0
1.2486686e-06
2.9261992e-05
0.019132022
0.09353244
0.004161058
0.9120538
8.899445e-06
5.203839e-07
0.0008410624
5.979211e-06
2.894103e-06
0.010624406
0.117466524
0.00049262145
0.04732284
1.2486686e-06
0.00024592923
0.036429245
0.0005270984
0.9733136
0.28762388
0.0023944424
0.99991715
1.3779496e-05
0.99993527
0.000876562
0.9996801
0.19139819
0.99900085
0.0047592525
0.046232864
0.99999213
0.92395395
0.00096751034
0.88997465
4.6175105e-06
2.2167706e-06
0.00011468858
0.22103584
0.9997138
0.99973303
0.0013233161
0.99999994
0.9812679
8.773845e-05
0.99929935
0.14058642
2.847713e-06
0.9990116
0.0037010673
0.9946646
0.9254118
1.0
0.959784
3.1174844e-05
0.5192797
2.9555554e-06
0.99999994
0.0124200005
7.46977e-06
0.99386543
0.98930025
0.9999998
0.0066116336
1.0
9.562886e-06
0.00010306005
1.1055272e-06
8.266017e-05
9.695209e-06
0.002428717
7.856366e-05
0.010471196
0.025843069
0.118749164
0.004987286
1.0
0.92223114
0.01192057
0.9958425
0.9999695
0.9435465
0.14881386
0.028684419
0.0021037173
1.3698458e-05
0.22667052
0.9905084
0.95459175
0.37332836
0.046232864
0.004307569
0.54121274
3.5729772e-05
7.4712057e-07
4.8328402e-05
0.998978
0.9874092
0.9999969
0.00010886597
0.9999403
0.7444646
0.32530126
1.0
0.29628533
0.99738246
0.15270147
1.0
0.0013204444
0.038170967
5.776165e-07
0.003917104
0.9582415
0.05640573
0.6232961
0.013563399
0.0017156653
0.99876016
0.000369251
0.006388899
2.603885e-05
0.007848964
0.0001881749
0.17383292
0.9903786
0.99776685
0.9999743
0.012866988
0.959784
1.0
0.9999492
0.14058642
0.00023125827
3.2985034e-05
0.50844073
1.9103576e-05
0.004614513
0.9173438
0.019893587
0.9999943
0.018591374
0.2662041
0.08670327
0.003043192
0.28257653
0.60814685
0.9236073
0.99604404
0.067282155
0.0025446995
0.99989104
0.99929935
0.07154522
1.0
0.99999994
1.1151228e-05
0.9999996
0.9996801
9.805685e-05
0.0025497407
0.00021549608
2.7227099e-05
1.0
0.9998854
0.0035212745
0.10694388
0.00080964674
8.57824e-06
0.00028113715
0.000876562
0.9999996
0.01192057
0.9593162
0.002565506
4.6093053e-05
0.118749164
0.00043819926
0.99948084
0.0002442575
3.6302245e-05
0.00073783024
0.0008808236
1.786527e-06
0.015014551
0.00084061455
0.0919581
0.19664052
0.21701914
3.389904e-06
0.86458045
0.0015536812
0.99208415
0.00024774045
0.038170967
