0.0057705403
6.678953e-09
4.566888e-07
0.019170258
1.3450416e-07
0.0012611366
0.001094956
0.0026679568
8.097349e-09
4.9137105e-07
1.1408251e-08
8.1438344e-08
3.2881204e-07
9.180019e-08
0.43758297
0.00043573708
3.5646706e-09
0.0028125432
2.5775409e-05
1.1386077e-06
9.7530065e-05
0.9999996
0.17981488
4.5023023e-07
0.5918705
3.4998244e-05
1.7218514e-05
0.0017939876
0.896163
5.6305435e-05
0.012755837
0.9992928
7.24961e-06
2.9545522e-08
0.0012352973
0.0005216803
1.8706907e-09
0.0015736575
3.6307083e-06
0.9067269
3.852037e-08
0.009067934
0.004067228
6.6210687e-06
0.7705909
0.00010421184
0.977269
4.2825545e-07
1.031235e-09
1.2547496e-08
0.0013332494
2.145544e-08
0.0006538735
8.037741e-08
1.7218514e-05
4.13283e-05
0.58135194
1.8169816e-07
0.016661251
0.00014160093
0.8654548
5.5148524e-07
4.139405e-07
0.00023374193
0.0019800107
0.9999852
6.1037554e-07
0.0010692159
3.566271e-07
0.7987581
5.937385e-07
0.0036500911
0.00011007603
0.9772776
1.1125252e-07
2.8485325e-05
0.6277288
0.99994457
0.13413379
2.9036576e-06
3.502239e-08
0.00017869897
0.0020327778
0.5645453
0.99996495
1.6440111e-07
0.0036464739
0.0022424434
0.005971855
0.074102215
0.00032226072
1.1105953e-06
5.2884598e-08
0.002286081
1.1125252e-07
0.0003263583
4.3170257e-06
2.0433074e-06
5.278906e-07
0.024227927
0.023309076
1.39489575e-05
0.028801387
9.408636e-07
0.7886898
0.00025701209
0.0033808465
0.9969951
1.0
5.317844e-07
5.0927325e-09
0.9982325
0.012755824
0.0068154735
2.0548896e-06
0.032066636
4.227352e-07
0.00037910926
2.5487384e-06
3.02381e-08
2.698489e-06
0.5645453
0.99516964
1.0287092e-06
0.9999853
2.2720273e-05
0.9777728
9.1037444e-05
0.99952996
4.209161e-07
6.229246e-09
0.00016705609
0.9999837
3.938935e-08
0.3867139
1.3547056e-05
4.13283e-05
0.0043356707
3.4303471e-09
4.789687e-08
2.2297116e-05
1.171196e-08
2.3245042e-05
0.9687418
1.6334528e-05
1.8522243e-05
0.00085776456
0.9999947
2.0485481e-06
8.625027e-09
0.0012822475
1.6596048e-06
4.2404686e-06
2.1972262e-06
0.62552816
0.83631736
0.00027937788
2.151123e-05
0.25242493
0.014757532
0.003113685
7.113996e-06
0.66155696
0.9988929
0.000911092
1.317464e-05
8.2985665e-08
2.808009e-09
0.002421288
1.346799e-05
1.282654e-06
0.001260732
1.1508888e-07
1.6252425e-05
0.99985504
0.26801017
1.2402444e-09
0.003902517
1.8522243e-05
1.22112715e-05
7.24961e-06
0.0031769476
4.9440565e-08
9.834221e-06
0.00025554164
1.0872466e-06
2.0792301e-09
7.185949e-08
0.002667958
1.5296639e-06
0.99999267
0.00013128793
1.7287834e-05
0.022015534
7.113996e-06
0.00030608752
0.0072255703
0.9982325
1.9998899e-08
0.00021275545
7.288241e-05
2.4298986e-08
0.96126956
6.0761977e-05
6.3416112e-09
0.99995047
0.9599809
9.552025e-09
2.6740564e-08
0.9999375
0.001848851
0.9458533
2.1744766e-09
5.937385e-07
4.330596e-06
0.9801225
1.1079042e-06
5.8669416e-06
4.1498126e-05
0.00020746648
3.0355197e-06
1.031235e-09
1.2030183e-07
4.0507837e-07
0.99953485
0.16677934
0.9714306
4.466004e-07
1.1846174e-06
4.840797e-05
0.0004344267
1.6334528e-05
3.0880463e-07
0.023614468
0.9999858
2.6455804e-05
1.1578376e-07
0.99999297
5.3843655e-06
5.603356e-06
6.146761e-08
0.13198042
1.6515382e-06
5.7823436e-06
0.0007934244
0.0001704427
8.120882e-05
1.7852769e-06
3.2729724e-05
5.51052e-08
0.9999999
0.9772776
1.6515382e-06
4.732477e-05
0.999903
1.4674513e-06
4.1895555e-06
5.2692167e-06
0.99717873
7.010208e-10
0.0005791294
4.9137105e-07
0.0004344267
7.0998985e-06
0.25635847
0.68772393
0.015941976
0.14221765
0.7824362
0.9752661
2.534689e-07
0.016092127
0.07297055
1.0
0.03925794
2.1659314e-06
0.0005231764
7.333901e-08
0.9868657
8.088382e-07
0.009876041
0.0001251882
1.5588197e-06
1.0
0.99999565
0.6548084
0.0010643718
5.245281e-06
2.8150355e-06
2.0433074e-06
2.6574259e-07
1.8033821e-05
0.72884136
0.9999664
1.9476488e-06
0.0015755564
0.8406895
0.9990817
1.1757127e-08
2.90974e-07
