0.99998885
0.00089165755
0.99998885
0.100205794
0.007244044
0.0005857819
0.99977285
0.00018380946
0.0040272223
0.00021808501
1.4982687e-07
6.441971e-07
0.00022374913
0.9999993
1.0
1.273447e-06
0.9607755
0.00065086025
0.99978745
0.18784077
3.571428e-06
0.18784077
2.0483867e-07
2.407638e-06
0.016930249
1.0
0.009258859
0.9955851
0.084233075
0.064523324
9.9125595e-05
0.9999904
9.6224925e-05
0.99999994
0.00018388168
0.005910769
0.32287985
2.9533014e-06
0.9878561
2.512368e-06
8.693137e-05
0.001071
8.005876e-06
0.8254511
0.0002621388
0.9999851
0.00065928436
0.59110063
0.0011607524
8.340484e-05
0.99999857
1.0876469e-06
0.9908081
0.96874034
0.062259924
1.0
0.15680283
0.003079996
0.9999997
0.6530345
0.99999046
2.8912871e-05
0.9837535
0.0006156394
0.44100177
4.4473202e-07
0.99995184
0.00038626112
0.019597303
0.4951555
0.006353629
0.0020945128
0.0048370226
4.8164193e-06
7.4938833e-07
3.3110024e-05
0.0012822432
0.0046971412
5.9659982e-05
7.590527e-05
1.1538214e-06
0.3542748
0.0028489775
0.06852617
0.0011023554
9.282309e-06
0.9332322
0.5471726
0.040848237
1.8454061e-06
0.70480984
0.001648436
0.88554895
0.075747006
0.00016960196
8.7961835e-06
0.000148964
4.0055306e-07
0.05791226
0.0028151777
0.00017954834
1.7099239e-05
0.99931145
0.0014532233
2.589063e-06
0.99909985
0.76165867
0.96874034
0.98735815
0.9975741
0.9995037
0.28485912
9.562302e-06
0.99999034
0.9999998
2.1299913e-05
0.9999962
0.9999964
0.18569614
0.013638978
3.4944416e-05
2.2239225e-05
0.02233731
0.030081619
0.000721238
2.5506604e-05
2.3928049e-05
0.72466594
5.2783034e-05
0.017719004
0.98171794
1.601215e-05
0.004832342
1.0
1.20611e-06
0.81983435
2.8048635e-07
0.8414278
0.0017624543
0.00057291944
0.4700487
1.154423e-05
0.9607755
0.0026076585
0.00055258925
0.81979305
0.97375596
0.99978745
2.6705588e-05
0.999958
0.00408193
0.30929387
0.999997
0.0078098336
0.0048370226
0.0650421
0.7593613
0.037949175
3.82053e-07
7.448085e-07
1.0
0.99998283
0.16356395
0.000119324955
0.035573456
0.13435131
0.026954357
0.999975
1.0
1.0
0.010616739
0.17031485
7.961374e-07
0.9999997
0.00014772968
3.9015962e-05
0.04535869
3.8220168e-07
1.1947778e-05
0.0032552273
0.9995367
0.0005464369
6.503932e-06
0.08220612
0.0010123015
0.0031510706
0.001593105
0.031873874
0.0003304314
1.1891691e-05
0.9999998
0.012504028
0.08047673
2.3324615e-06
0.8913046
9.701952e-06
4.041194e-06
1.0
0.0050976244
0.0002850243
0.99999994
0.0037428734
0.95643944
1.0
0.0012536604
0.00033664264
0.9984206
3.3582313e-05
0.02249932
0.0007908417
0.0037904833
0.9999952
0.015446132
0.009321802
0.98542774
9.843633e-08
1.0713769e-06
1.0
0.0001094184
0.45493612
0.00047405265
3.7061113e-06
0.26051942
0.0052436297
5.226014e-05
0.52082056
0.014159322
5.783204e-06
1.8565075e-06
0.0037588333
8.49308e-06
0.9870992
0.0027653251
0.99985236
5.940961e-05
1.5712553e-06
0.013907721
2.3208517e-07
3.7277885e-05
0.0069858404
0.034531537
2.5890085e-06
1.0
0.00012148314
1.4238959e-06
4.133299e-05
0.0001098045
0.00034846368
0.00011888633
0.064523324
0.46845147
0.03752154
0.074474685
0.027725123
2.2414908e-05
0.9704822
6.6289135e-07
0.9143567
4.1450423e-07
2.2302858e-07
0.0024017103
0.013907721
0.9999992
0.037032034
0.0002116368
0.9999998
0.9715286
0.06558362
0.00028714494
0.95643944
0.90054524
0.00017677649
0.00068543974
0.0006238383
7.356222e-05
0.00017677649
5.7034504e-07
0.00063695625
0.9999997
2.2239225e-05
0.00068543974
0.9937742
0.99641305
7.886457e-08
0.00012726529
6.55e-06
1.0
0.00061240664
7.044486e-05
0.61643827
0.0002742606
0.016121129
0.0011607524
0.00011888633
0.4217722
0.0002889385
0.00079826545
3.4138093e-08
3.1958058e-05
0.9945283
