1.0
0.99996656
0.42275617
5.716073e-08
3.4684095e-07
0.0031874387
4.0315884e-09
0.0012012309
6.7254746e-08
1.921244e-08
0.9998011
1.8323849e-06
4.075609e-06
3.2945188e-06
7.9465747e-07
1.0
0.09362482
0.015037091
0.0054890765
4.1148013e-08
0.0001253668
4.5619786e-06
0.00021331402
0.14483747
4.7504655e-06
0.9420126
6.271271e-07
0.011059704
5.202794e-09
9.748563e-07
0.0068194997
0.9700069
1.3441159e-05
3.096285e-08
0.000119960874
0.999545
0.117804155
1.7762407e-07
0.0002663044
0.031829085
1.0051629e-08
1.827675e-07
1.3873726e-07
9.748563e-07
7.4514396e-08
2.163237e-09
5.8504202e-08
2.5950595e-07
0.0889678
6.768744e-11
0.41949654
6.280324e-06
2.2577073e-05
7.2589735e-08
1.15131364e-07
5.0288774e-05
0.9686054
1.778067e-05
0.00021331402
1.9190676e-09
0.003279627
0.004528447
0.0012437364
0.00045304466
0.99989176
0.98734665
2.725955e-05
4.672837e-09
2.8429594e-07
6.436753e-05
0.00056258973
0.17057613
0.004944895
1.5478898e-05
0.023453897
1.0946162e-09
1.46352495e-05
1.2907902e-05
0.9672567
0.99997264
7.2782154e-07
1.4833705e-09
1.4791662e-07
6.593505e-07
0.65068537
1.1018513e-09
0.0002663044
0.010833073
0.35810074
0.9999994
2.189648e-08
2.5305848e-05
0.031829085
0.003279627
4.9281266e-06
4.3316863e-06
4.5867368e-05
5.621596e-07
9.951649e-07
6.0589656e-10
0.00011701549
4.493356e-06
0.32156348
0.0072933985
1.1545584e-09
1.1292987e-05
1.1827407e-07
2.1585477e-08
5.8504202e-08
0.00056258973
0.0005776866
2.3002139e-07
0.49878746
0.9807961
0.101502396
7.0245886e-07
5.3491556e-07
5.2894784e-08
0.00013968641
0.038566988
3.750108e-08
5.3293163e-05
1.2533337e-08
0.52106196
1.4236122e-05
0.001185151
0.0116324285
8.266312e-06
0.7589545
0.00056258973
2.019395e-07
1.8962406e-06
0.9999954
0.0005215699
4.572592e-08
7.0312915e-08
6.452854e-08
8.4694754e-08
0.999545
0.00021892524
1.1749115e-05
0.99984705
0.00010683814
0.0010106171
0.0065853596
8.3651525e-05
0.0058646267
4.315445e-06
0.9455961
0.9998011
2.696148e-07
2.3855605e-08
4.5514218e-05
0.00064216414
2.6405343e-05
1.6886626e-05
1.0548436e-07
1.3982423e-06
0.001363437
2.8101374e-08
1.827675e-07
0.9999626
4.8529488e-05
0.96304685
1.0571569e-09
1.8782809e-09
2.6799543e-07
3.8509283e-05
2.4542686e-08
0.00026254702
0.060883332
0.999965
0.99999994
0.9999996
2.479451e-07
5.9062993e-05
0.9999881
3.3156535e-05
0.99999994
0.072637156
2.9579224e-09
0.9172152
2.5765056e-07
0.9992744
3.9089005e-06
5.795837e-06
0.00028350012
1.0981339e-06
1.5436061e-09
2.9021433e-06
0.048942674
2.1043873e-07
9.127518e-05
0.0026422723
6.024773e-06
0.4654051
2.3480823e-06
0.8845961
1.9103495e-06
0.9999996
0.99078035
1.738863e-05
2.749178e-07
0.92464393
5.449147e-08
0.9999891
4.2544093e-07
2.5420315e-09
0.0077445
0.0012353108
1.0
0.9999545
5.2640435e-06
7.711323e-07
0.00043440599
2.3639887e-10
1.0
2.0667277e-07
0.002456128
3.6878305e-07
0.00016902624
0.92464393
7.2219045e-06
0.045192283
5.2050993e-08
1.3889375e-07
0.97000694
0.99993306
7.927297e-08
9.958047e-07
2.9807223e-10
0.0005957272
0.000119960874
1.316106e-07
0.0055206087
1.1967259e-07
1.3131753e-05
0.99999243
4.987221e-10
0.9976393
0.9978197
1.15131364e-07
2.2705308e-10
1.7467208e-05
1.8442908e-05
7.7921984e-05
1.42665385e-05
1.8521657e-08
2.9607074e-07
0.99989176
5.3879492e-05
9.8140504e-08
0.39987335
0.99997735
3.6316145e-10
6.537205e-08
0.018616317
0.29572815
0.9999996
6.363666e-05
0.8687518
4.162152e-09
0.35108495
1.7097815e-07
1.4241266e-09
1.964252e-08
2.2973538e-06
0.00017421694
3.6767509e-07
9.123389e-09
1.4899611e-05
0.0018781269
0.99998283
2.3276452e-05
0.9994591
1.2907902e-05
0.9999965
3.793385e-09
1.721995e-08
0.69940615
1.900237e-05
8.048516e-06
0.17089228
4.88751e-06
0.9999879
1.1110546e-09
1.900237e-05
2.7602562e-06
0.99999934
0.064866684
0.0009451732
4.455836e-08
5.467645e-09
5.27532e-09
4.160252e-06
3.3601278e-05
0.9965898
0.89214617
3.5388528e-06
1.0
