1.0
1.0
1.0
1.0
1.0
1.0
1.0
1.0
1.0
1.0
1.0
1.0
1.0
1.0
1.0
1.0
1.0
1.0
1.0
1.0
1.0
1.0
2.4347264e-07
0.99233395
0.037233703
3.2796584e-07
4.656502e-09
2.554179e-07
1.7725952e-08
0.99199015
0.9998245
0.027622465
8.479649e-05
7.5084017e-06
0.026751202
1.2593668e-07
0.00032284806
0.00013715989
1.1383088e-05
3.7626875e-09
0.00038793703
0.002385663
0.99999774
5.3033693e-07
0.00034547612
3.2542167e-07
1.96667e-06
4.02199e-08
3.8118827e-07
1.8831496e-08
0.4842116
4.3331187e-05
0.00013372645
0.07356565
1.1646133e-06
2.2460034e-08
8.243742e-09
0.0070525366
1.3784522e-06
1.5714737e-05
0.9899901
0.17189813
0.0576128
0.6900223
0.09169561
0.9908105
0.9806817
0.9708095
0.0017947655
0.15322275
0.0016545856
1.3849503e-08
5.0724143e-06
0.78472596
1.176179e-06
0.18758772
0.00018520666
0.00016774308
0.025521513
0.000852682
0.99868035
2.7766303e-08
0.0038424178
0.0014257262
4.099544e-06
0.22706759
3.1902991e-06
9.3398616e-05
0.002760694
0.97604316
4.6376435e-06
0.00026893348
0.00014749476
3.176587e-07
0.13124375
0.6602394
0.0005641502
7.226088e-05
0.99999934
0.026407339
0.10898454
2.049445e-08
8.177397e-06
1.1383088e-05
0.9898292
1.1926509e-06
0.00020055371
4.8494844e-06
6.3696626e-09
0.0002080207
3.8484577e-05
5.44495e-07
0.47497723
1.0770425e-07
3.1802356e-06
0.037233703
2.7496e-07
3.916612e-05
0.0048801694
1.7113926e-08
2.110129e-05
0.017544815
0.046430916
0.62492925
3.9590457e-08
3.024708e-09
9.827312e-08
0.00026322328
3.532676e-05
0.8777402
1.7187353e-06
0.4231556
2.052518e-05
1.377506e-06
3.082791e-07
3.8088408e-06
0.034383565
1.0
0.9990932
7.941223e-05
2.1079137e-08
1.0619633e-08
0.7882976
0.06919941
4.227977e-07
1.7601183e-06
2.71003e-06
2.0388172e-05
6.7251983e-07
0.96943045
5.1084463e-08
1.8203935e-05
9.0952e-06
0.87255454
5.7762037e-07
9.513728e-06
0.0003862307
1.0
0.9931511
0.00010380887
8.545302e-08
0.045340285
0.0017759113
0.9829444
0.98533916
1.5714737e-05
0.008337821
2.0218106e-06
4.0331287e-08
2.5363238e-06
2.9089657e-07
1.0
0.05191217
8.4976595e-09
2.6098169e-06
1.01978955e-07
9.348799e-07
0.00043177698
5.8242836e-06
0.042349916
0.9996528
0.00022044634
0.88330686
0.00015398585
5.8242836e-06
7.125819e-07
0.8398604
0.9999999
0.9999997
4.033132e-06
8.2537925e-05
0.97604316
0.19225028
3.8908515e-06
5.057729e-05
0.005044847
0.9999001
4.5976748e-07
3.9248715e-09
1.504396e-05
7.139681e-05
9.1300575e-07
0.00031789104
1.1709842e-05
6.3261345e-05
9.615767e-07
5.158745e-08
5.8918515e-09
1.5043247e-08
0.00027452168
0.00038793703
0.00025884906
3.2801403e-05
4.02199e-08
0.0017877291
0.030988228
3.7959704e-05
0.45797735
0.9898292
2.338713e-07
1.1459898e-07
8.2026025e-05
0.00085773354
0.18147425
0.00018813813
0.046430916
0.0326309
1.1383088e-05
3.176587e-07
0.00083373184
1.6774055e-07
1.0
2.4164912e-05
1.6774055e-07
0.4687713
0.25639433
0.88330686
0.056508947
2.9033783e-05
0.0001232551
2.2029468e-07
0.999993
6.8175876e-07
0.5119822
2.9137643e-09
1.1672398e-08
3.532676e-05
0.99999815
0.99372536
1.0659428e-06
0.003344855
0.00089540065
0.99997306
0.003344855
0.011044642
3.3431718e-06
1.7982773e-06
3.2692793e-09
8.550394e-07
2.3293081e-08
8.243742e-09
2.0632933e-09
1.0
0.027622465
0.00011348798
0.078209005
3.082791e-07
0.00013359645
0.0066705267
1.7537612e-05
0.84893405
1.3818413e-09
0.98711807
0.31151152
0.90987694
0.9925816
5.057729e-05
3.865624e-05
1.9650994e-07
7.903397e-06
0.0003977472
3.7626875e-09
1.934508e-07
9.079063e-06
4.445698e-09
0.99998707
1.22551045e-08
1.10336185e-08
0.9999001
7.845027e-06
1.60127e-05
0.9991905
2.4165875e-08
5.6139306e-06
0.9998276
0.22756484
0.96167344
5.4326087e-05
1.4795227e-08
2.2855204e-06
