1.0
0.9600188
1.0
1.3732916e-06
3.1366537e-05
0.0008691984
0.077896595
0.4427185
8.865596e-08
8.715762e-06
1.2734296e-07
0.35250804
6.731462e-05
0.005866467
6.589633e-08
0.009507027
0.9999745
3.6798204e-07
0.00033166952
0.0139488485
4.4394255e-05
0.9988144
0.44859943
0.031901617
0.4750562
2.210541e-06
0.00027403136
0.0019655894
0.0019655894
0.999789
0.616433
4.457674e-06
2.3984094e-06
3.6217548e-06
0.28028056
0.002733672
0.0025487463
4.1202124e-08
0.009572745
7.063814e-07
1.9879799e-05
0.0005778216
0.99999934
0.01613864
2.42982e-05
0.9999993
0.00041016724
1.0
0.00021700744
6.0666385e-05
6.745278e-05
0.0034422153
0.027083138
2.2521072e-06
0.00325968
0.9999954
7.7017245e-07
0.44398633
9.4725656e-05
0.9838238
0.999789
0.97505975
0.0002227419
0.00093254447
0.004236006
0.018857997
4.7490335e-08
0.0010531935
0.99999505
0.9966834
0.9997864
5.950876e-07
0.0009377693
6.0987404e-08
1.6474697e-08
0.0002227419
4.0569437e-09
0.0014889998
0.32912964
0.99991083
0.010603354
1.9276015e-06
0.9213675
0.99572057
1.6474697e-08
0.93709856
0.012586419
0.9999977
4.4977634e-05
1.900614e-05
7.923948e-06
9.078465e-05
8.7390085e-08
0.00010802483
0.0024579254
0.99747217
0.00053245306
9.45302e-05
0.046528317
0.005097956
1.9366289e-05
0.25390562
0.8848639
9.078465e-05
0.00013017101
0.99982285
0.001243188
0.9999991
1.673634e-05
0.99750745
0.99986166
0.9838238
0.99955386
0.00093776843
0.009044779
0.00013688054
0.99999744
0.041934766
0.9979973
1.6360502e-05
0.19329067
4.1776943e-06
2.0686265e-07
0.99645656
5.130348e-08
7.063814e-07
0.39470935
0.0004418205
0.9627313
0.9999998
0.00038016675
0.9979748
5.962284e-05
0.6078609
5.709917e-06
4.2077786e-06
3.7591395e-05
0.0012966162
4.1161986e-08
1.3072413e-06
0.006587849
0.99982285
1.4009916e-07
9.765551e-05
0.71647996
3.7359812e-05
0.00014875732
0.9988144
4.5889092e-07
5.42305e-07
2.8246544e-05
3.036666e-05
0.051009506
0.99996936
1.0
0.0027414933
7.4166004e-05
0.9548204
8.486208e-09
1.2869847e-05
0.0007388745
0.016949184
4.3290413e-07
0.004236006
7.9256235e-05
0.41684434
0.9997864
3.024877e-08
1.0691033e-05
0.99519414
0.044250097
0.95656854
0.99948066
0.94951
3.5504303e-07
0.00018377458
6.513455e-09
4.3004533e-05
5.562921e-07
0.1901117
4.1161986e-08
0.00023127678
0.13956884
4.5889092e-07
0.057894677
7.303982e-06
0.99996257
1.63335e-05
0.00010214536
0.1569292
0.006115975
0.99803275
0.0001718643
0.99999994
0.07292706
0.0035302774
1.545743e-08
1.4939728e-06
3.578301e-06
0.0006240484
0.0017295304
3.4121767e-06
0.99999994
4.0818446e-05
0.000116594245
0.9999993
0.008405304
9.5407216e-08
0.008603273
0.99863267
0.00013678792
0.99999994
0.9971679
5.6926e-06
0.00041016724
1.4025671e-05
3.9970615e-05
4.6631907e-05
1.1465693e-05
1.0691033e-05
1.0168552e-05
2.2296404e-06
0.026669007
0.00013734128
1.0
0.0027483983
0.99999994
0.0001038158
1.9276015e-06
6.15083e-08
1.5064356e-06
1.0
3.1861808e-07
0.00024848772
2.036598e-05
4.542615e-07
0.99646425
1.7805547e-05
0.9925994
0.9999961
0.00015893327
1.5933838e-05
6.0806667e-07
0.989484
0.99750745
0.9997134
0.85217714
0.9971679
2.2828042e-05
0.0002849982
0.8938752
1.8720765e-08
4.0818446e-05
0.006115975
0.00096227945
0.013042826
0.959317
0.053568058
1.8485115e-06
0.79640204
0.020160532
1.0
0.15349983
2.5219812e-08
5.7378184e-05
2.7773618e-07
0.022323038
0.6437726
6.0806667e-07
0.1602535
3.5952671e-06
4.7961684e-08
0.9999998
0.03804065
0.23735026
9.1291724e-08
0.13956884
0.0018939918
0.0024776552
0.999956
0.9999815
1.588028e-07
0.00030436422
6.2212853e-06
5.9957587e-05
3.2281224e-07
2.2678135e-07
4.2985196e-08
4.936443e-08
0.9768497
0.28242385
0.014596234
4.2525265e-08
4.2170946e-06
0.00022630337
0.004265696
0.9965359
0.00010214536
1.0599841e-06
0.03804065
