1.0
0.079981945
7.266641e-10
0.005973678
0.99968815
0.21525861
1.0
4.0529467e-06
0.84453297
0.010468246
0.079981945
0.0014581075
0.9999238
9.692852e-08
0.09597958
7.266641e-10
5.1840318e-05
0.999995
0.0046918946
1.6670774e-05
0.0003385783
1.4457962e-05
5.577008e-08
4.560952e-06
4.236293e-09
0.9999998
1.7500188e-06
0.0024319931
0.005273999
0.00011815759
2.7662508e-10
0.8722852
5.729617e-05
4.473146e-09
4.310597e-08
0.9354157
1.8811903e-07
4.2068812e-08
0.000116619936
1.130074e-09
0.00025579124
9.409097e-10
4.2847823e-09
8.444811e-08
0.024009729
1.0735718e-08
0.004283796
1.2997747e-09
4.7718037e-05
0.0019761184
0.3997529
1.2782075e-07
8.7999595e-08
0.000873599
3.6534125e-08
0.9999414
1.2661213e-05
2.9124407e-05
3.9528132e-08
1.0
3.3044116e-06
0.73502886
4.811782e-08
3.563742e-05
1.0
1.4486552e-08
9.302901e-10
1.1132283e-10
2.2236743e-05
1.0267597e-06
6.948877e-07
1.6350486e-06
0.5781535
7.687557e-06
0.24088828
2.2151369e-06
0.0011386414
9.280034e-05
4.599009e-05
0.00012711016
1.8811903e-07
1.0
9.630634e-09
1.8251321e-05
0.0011535161
0.38329872
7.280264e-10
1.7350858e-06
0.100131504
9.422487e-06
1.0
0.0002632102
0.0001699458
1.2632485e-07
0.99992865
1.0032179e-05
0.021364197
0.0038143417
9.206018e-06
0.0054532588
1.2428147e-07
0.00011869784
1.0514404e-06
4.2262935e-09
8.971749e-07
2.8350453e-07
0.4323612
2.9630235e-07
2.6654284e-06
0.9658346
5.8598683e-08
0.9999071
4.8823955e-07
0.00011661982
4.2464294e-09
0.99060804
1.732799e-07
3.4847394e-09
7.2728806e-10
5.648479e-11
7.2728806e-10
9.284682e-06
2.7641833e-10
0.00075364544
2.1573765e-06
5.9206228e-05
5.4543772e-08
6.3929795e-10
0.0045415005
8.898238e-07
4.8018505e-09
1.0087592e-05
0.99999976
3.7911283e-09
0.8437412
4.973595e-07
0.0053408947
2.0093157e-05
1.8623771e-06
6.009252e-08
3.163804e-08
0.99505043
0.0071557863
1.4452571e-05
0.60687816
0.3898874
0.0061001177
2.22999e-05
0.00010626256
0.033861566
0.00039757017
0.0049626594
2.5809422e-06
2.4008119e-05
8.8847585e-08
4.2152806e-09
0.000689935
1.6892087e-05
0.00046363726
2.734847e-10
1.3059553e-06
5.1619486e-10
0.016913343
0.99854714
3.598885e-08
0.99999917
1.2463459e-09
1.808126e-07
0.0010050557
0.19968638
0.8752997
2.4324804e-06
0.3409008
3.0058007e-07
2.169814e-06
2.900135e-07
9.366362e-07
4.8018505e-09
0.9955632
1.0
0.47286808
0.54174083
0.0010853497
0.9872823
0.0032341396
0.095724575
0.00020150501
0.10011616
4.820454e-07
0.00077690283
0.92366993
1.7538548e-05
5.760559e-06
0.98545355
6.901276e-05
4.473146e-09
0.97096086
0.99999547
3.213014e-08
2.2973376e-07
0.9970779
4.6110586e-07
0.0040844507
0.00010118859
5.6614304e-08
1.1696267e-08
2.802558e-08
0.99959433
4.1708049e-07
1.6350486e-06
5.1130514e-06
0.0017119021
0.0020675852
2.1158467e-06
0.9930691
2.01212e-06
1.2639177e-06
6.7419656e-08
1.5715281e-09
0.0001699458
0.99999875
0.09597958
3.0928948e-07
3.8961656e-07
1.3292048e-10
1.47902615e-08
4.151568e-06
4.152668e-09
0.0005058554
1.339011e-07
0.9993895
1.2997747e-09
0.24813846
0.9998745
0.002085228
3.211654e-07
3.8744183e-10
0.00022217684
2.788025e-05
2.7562425e-07
9.901008e-08
5.760559e-06
0.00023089607
2.6051866e-06
6.71727e-08
2.1513156e-06
0.00017827556
0.00029405722
0.00053190876
0.97096086
1.1069558e-05
9.630634e-09
0.0007769021
0.9379917
0.07919189
0.00016602296
1.5031972e-05
4.473146e-09
2.7020658e-07
1.9066408e-09
1.732799e-07
0.016337063
3.139476e-06
0.000689935
0.0008672857
0.0006372702
4.346996e-05
0.00017840393
0.0002505324
0.0027143634
0.00017404062
7.2218696e-11
1.3308353e-07
1.411059e-09
0.00053190876
1.1216791e-06
0.027432423
0.044773437
4.310597e-08
0.74833894
1.3450777e-05
9.691092e-07
1.639811e-08
5.7375557e-05
0.10996695
2.0406832e-09
1.3178237e-08
9.649568e-06
7.2728806e-10
0.100131504
7.174045e-09
1.0514404e-06
1.1481569e-07
2.1918722e-05
0.019631771
9.146558e-10
3.598694e-06
3.6534125e-08
0.89477336
3.7060406e-07
