1.0
1.0
1.0
0.99999964
1.0
1.0
5.5367395e-06
0.005788363
0.049132194
5.662723e-05
1.8105348e-07
6.204091e-05
0.00018898891
1.6262999e-05
0.08316796
0.0002005455
3.6429099e-06
7.5914807e-07
0.99999774
1.5859077e-06
1.0134562e-08
5.8897298e-05
0.0009878211
8.453209e-06
0.9999997
0.0041727102
1.0
0.00073046336
3.8795105e-07
8.759959e-05
9.313856e-05
0.0008718885
0.039230525
0.015204834
0.016577974
3.538525e-07
1.8067501e-06
0.7481057
1.6263306e-06
3.435663e-07
0.9999998
1.3897372e-08
0.9999993
0.0034012785
0.99876976
3.3811306e-05
8.2208186e-07
0.00032176156
1.3606802e-06
1.6770263e-06
0.016271826
0.99716246
0.09960001
5.6648343e-05
1.7788066e-08
0.044554118
0.022110444
1.9524026e-07
0.00012365064
1.9384336e-06
2.0076675e-08
5.538169e-07
8.53476e-07
0.99678564
0.0016795164
4.94466e-08
0.009979711
1.795069e-05
0.9630597
4.4134995e-06
1.0816329e-08
2.504961e-09
0.013019338
0.99998575
0.99991095
1.113446e-05
0.9951796
0.99999434
0.99999845
0.00089600316
0.999993
1.0
9.406459e-05
3.6700183e-06
0.99976313
0.98991096
0.0006815984
0.9800743
0.000111199595
8.8113244e-05
0.9983196
1.9384336e-06
1.0859993e-07
0.9999951
0.09699342
0.00055743364
0.9532261
0.00083094125
8.572369e-06
0.6911452
2.8554857e-07
6.97678e-10
0.00054377253
4.985439e-07
0.83331716
1.5043353e-09
0.00073046336
1.8705437e-06
1.0
6.064695e-05
8.027788e-06
0.0002650981
0.9994309
0.99944615
7.098584e-09
0.0028654279
0.00020931831
8.6322725e-06
8.711929e-07
0.9999437
0.9933734
0.73641306
8.560228e-08
0.06110056
1.6770263e-06
0.6696001
0.0038891013
4.7555325e-08
0.0015079819
0.0019397166
5.011635e-09
0.99964756
3.6919184e-05
3.538525e-07
2.7932961e-10
5.113618e-05
0.00013654266
3.970442e-07
6.4009527e-07
0.0012156653
2.3499617e-06
0.99215645
2.8789354e-06
0.0007713487
7.6107045e-07
2.9394872e-05
1.6483818e-07
0.0003412199
6.154186e-08
4.5411653e-06
0.3371641
0.0008202521
0.11759098
0.008354419
0.98319304
2.504961e-09
0.004663476
0.9379105
6.8046747e-06
7.397854e-05
0.00014183093
0.5082801
1.2714119e-06
0.99999934
2.9736482e-05
3.0121531e-05
9.518071e-07
3.8211105e-09
0.005063814
4.7555325e-08
0.004239306
2.778893e-07
0.00012442785
0.99999845
5.6648343e-05
9.322715e-05
6.5464075e-05
1.8705437e-06
0.02760482
0.9630597
5.0673485e-08
5.687894e-07
1.8815125e-08
4.146837e-08
2.0643955e-09
0.99968404
9.699478e-07
9.0971895e-08
0.9999312
0.9976552
0.3995217
2.395505e-08
0.0074663092
0.99672323
0.99995935
1.12241205e-05
4.172757e-05
0.99953175
0.99953175
1.5181132e-09
0.0041727102
5.0758454e-06
1.9352365e-06
0.55424654
5.0758454e-06
0.30358696
0.008772737
4.949794e-07
3.716439e-06
2.5756702e-07
7.981086e-07
0.9209578
2.0320041e-07
6.154186e-08
1.3897372e-08
0.62581635
9.5133655e-06
0.008207131
0.00024388703
1.2118888e-06
2.6971177e-06
2.619077e-07
0.9999988
5.8971604e-08
2.7864137e-06
3.1587468e-05
2.7227752e-06
4.8207163e-05
0.5096582
4.406283e-09
2.1595251e-06
0.46353573
6.618506e-05
0.0050196326
1.6483818e-07
0.99999964
0.9999437
7.489122e-06
0.0010305468
2.262921e-06
0.00046493355
0.0003372639
0.0026499273
1.5194702e-07
0.9999943
0.005788363
0.97268146
0.4109918
6.734885e-05
0.00010594496
4.861462e-05
0.00036555482
0.681614
5.6825455e-09
7.2356233e-06
3.773571e-08
0.009909739
4.9523996e-06
5.0369726e-09
0.9708612
0.014210758
0.00016176653
0.00023592787
0.8698913
1.48446375e-08
0.99999994
0.0028570406
0.9709227
2.1371882e-07
8.143792e-06
0.36640126
4.5490262e-05
2.3579657e-08
0.00063984754
1.795069e-05
0.47659597
0.99999607
0.2987094
2.9578096e-09
0.97149706
0.005930403
0.0054556024
0.00014994289
0.99953175
0.0001336436
0.014825943
1.819379e-08
0.99672323
0.09683809
1.229624e-06
9.126209e-06
3.3503338e-06
0.43620554
0.99989647
1.5524299e-06
0.95512706
0.015768286
1.3671853e-06
2.5002926e-09
5.072679e-05
