1.0
1.0
0.0019990306
0.6809808
1.0
1.0
1.0
6.044176e-05
0.035641354
1.0
1.0
1.0
1.0
1.0
1.2823858e-07
2.5870046e-05
1.8740886e-07
0.2725537
1.6476086e-05
0.02022115
3.0174863e-06
0.109103434
0.000906285
0.0014598791
6.716584e-07
2.780961e-07
9.743247e-07
2.2024577e-05
1.0
1.0
0.00036861812
0.00015390542
3.600339e-09
0.999982
0.00039277386
2.3070632e-08
0.00033366567
0.12358832
1.7365801e-08
1.38041305e-05
3.7495615e-06
3.921925e-06
9.819162e-08
1.1264506e-06
0.020729939
0.0012836881
0.019151054
0.00039633768
1.0667354e-05
2.030756e-08
3.1183672e-06
1.748989e-08
4.0862315e-07
3.1853772e-06
1.3127409e-05
6.731519e-07
0.020440456
0.9720673
0.022912199
2.0296491e-05
0.005983049
0.9462771
9.052947e-08
1.2150471e-05
1.8047651e-09
0.9999993
9.045282e-05
2.2654379e-07
1.1631239e-08
1.4451924e-05
3.029386e-08
6.3238457e-07
0.00010305002
0.998067
0.5162685
0.20035267
1.147853e-06
0.00026659554
0.0001003947
1.0
1.4451924e-05
0.003017152
4.5537137e-05
2.6704773e-05
4.563443e-05
0.0011628042
0.00057570153
6.140148e-05
0.06451714
1.0684195e-09
2.5389713e-06
0.42376146
0.012834909
0.00084331346
0.00046571577
8.327567e-08
0.9993174
1.3280451e-05
1.427348e-05
0.018404743
5.3538995e-05
0.42376146
7.0444867e-07
2.1271322e-10
0.044910744
6.658007e-05
0.00046640594
0.7391974
0.9999915
2.5300207e-07
0.4092197
0.0003736955
1.6150277e-06
5.3451473e-08
2.0774474e-08
5.713707e-07
2.311847e-08
0.00010385283
2.114576e-10
8.990241e-07
0.004454941
1.1130808e-05
0.0015005763
0.000103298145
0.6995022
0.0009439133
0.00014964907
2.34783e-05
4.200469e-05
7.490854e-07
0.003017152
2.0725793e-08
0.007439537
0.023440314
0.41158673
0.41758758
2.4717208e-08
2.2019817e-06
0.9999951
0.1555377
0.24072605
4.3797826e-07
0.6325073
0.011042668
2.527759e-09
6.069448e-09
0.0006170898
8.990241e-07
0.036281835
7.308096e-08
1.2896261e-08
8.166082e-06
5.4617813e-05
0.0009439133
0.0013132053
2.2619588e-06
0.9999983
3.083735e-07
0.00015521974
0.0005282704
1.3837416e-07
1.378606e-06
3.7495615e-06
1.0
2.1224128e-06
0.00018514134
9.384974e-05
0.00013107804
7.992351e-05
0.026793865
0.04513523
1.1230331e-06
0.0004197063
0.010492724
0.00014670605
0.9998828
0.9999999
1.09744555e-07
0.85528195
0.044013143
7.427228e-06
2.3835736e-07
8.514223e-05
0.14854334
6.611047e-07
1.3705472e-08
0.6743023
0.009391831
0.8540705
0.9999963
0.18391462
0.680655
0.0018585542
0.001212503
0.7461307
0.00010747596
2.114576e-10
0.12467133
0.0002492142
2.4697032e-05
0.00039633768
0.000542031
0.3170024
0.1850985
4.7659374e-05
7.700647e-06
2.7061146e-06
1.0
8.7940674e-07
0.999998
0.27501628
0.39681038
0.040616017
9.0539115e-06
0.004896576
0.00022824603
7.648538e-05
8.64149e-05
2.4697032e-05
0.0035023268
0.019151054
0.39681038
0.0009978057
0.0002999742
0.7570435
3.8231178e-07
0.013910638
9.0046393e-07
0.0001704544
0.11398194
4.681379e-05
0.9999522
1.3935387e-07
0.2146379
1.3280451e-05
1.264031e-06
7.745516e-06
1.1182815e-06
1.5869859e-05
1.16168e-09
1.1130808e-05
0.0001050866
0.9899304
4.382511e-07
3.1328426e-08
8.944548e-07
8.120363e-09
3.049408e-09
0.9992382
3.6782383e-06
0.0004197063
0.34960845
0.0007603666
8.783927e-06
5.5293626e-06
0.00020794851
0.13609171
0.0005768374
0.9993174
6.148993e-06
9.0905494e-05
0.00035158303
1.2047744e-05
2.5278327e-05
3.1183672e-06
2.4083194e-05
0.9999915
0.00018814746
9.4707156e-07
0.0007739061
9.0539115e-06
6.148993e-06
0.9999918
0.007814466
9.738545e-09
0.999773
0.97863024
0.00036691315
0.0017147525
0.11398194
0.0006170898
0.9307917
0.00010747596
1.0
0.99142104
0.002109773
0.98341215
6.982375e-09
0.026059924
2.7061146e-06
0.00016084615
3.2658724e-07
1.7628902e-06
0.088244334
0.00017307862
0.0006170898
0.10458927
0.00017627724
0.0019531
0.92406994
