0.98571384
0.052033074
9.888001e-09
2.029298e-06
0.9986563
0.005680119
0.30959392
6.923068e-05
0.010604495
1.5129027e-07
6.0985236e-05
2.647838e-07
1.362418e-08
3.8725348e-06
1.0
0.999959
4.219941e-07
5.556121e-09
1.9493511e-05
2.5366857e-08
6.981166e-08
0.009107623
0.73538446
0.9999974
7.858723e-06
0.0044733635
3.278104e-08
3.743892e-05
0.99217266
1.124323e-09
1.7786085e-06
0.000121416786
1.0
1.305582e-05
5.712432e-07
5.5244258e-05
1.8603961e-06
6.282045e-05
7.799945e-07
1.0494339e-06
1.7359515e-07
0.007045004
5.138622e-05
0.33404535
0.0025110862
0.0034031672
0.9356194
4.2763535e-05
0.17689492
3.6391117e-05
7.041289e-07
1.0
0.002597704
1.0
0.69239944
0.009110998
3.927037e-06
2.1240683e-09
0.009568443
7.8455996e-05
0.012104228
6.713504e-08
1.4978932e-06
3.5111452e-07
5.837752e-10
4.7928854e-08
4.765212e-06
1.4673053e-05
0.011560263
0.00052225497
2.7412093e-09
9.22706e-09
0.00053000083
0.8396199
4.963265e-06
0.0012060371
0.18781617
8.2090435e-07
0.8396199
1.126479e-07
8.098532e-07
0.0001922704
2.7262413e-06
2.688448e-06
0.008270855
4.481598e-10
0.060427405
4.5099612e-05
0.42178002
1.5493284e-06
5.885373e-07
4.8432674e-05
0.0015015275
0.07718932
9.972489e-05
2.9441098e-09
2.1017502e-05
0.60830706
3.760631e-07
0.8476933
3.3788912e-09
2.8513437e-06
0.0003225853
3.7011578e-05
4.376391e-05
2.5306217e-06
0.99996126
0.021921992
0.99999726
0.7707696
6.850533e-05
6.913412e-09
2.8723812e-07
0.056343645
0.00012969377
0.9718606
0.00022154498
0.0008005645
3.663796e-08
1.6530099e-05
0.013191868
2.7712977e-07
1.6448627e-07
5.6912257e-05
1.2729764e-05
2.4614164e-09
5.3155823e-08
0.9498661
7.621098e-05
0.15316708
0.004895646
2.234859e-05
0.0033052862
2.052291e-05
0.0020155495
1.0738466e-05
3.1553128e-08
3.938282e-07
1.0499434e-06
2.9441098e-09
1.2019645e-09
0.00015274998
0.99995744
9.839466e-08
3.0777608e-06
0.99999905
0.00018050327
9.332657e-09
0.007949621
4.022139e-06
2.1901299e-06
0.0012655347
2.1971544e-05
7.799945e-07
4.3381373e-08
1.0
0.26999173
4.5792704e-06
4.6522956e-08
0.99999666
0.011798895
2.8936456e-05
4.6844665e-08
0.24865514
8.195268e-09
0.009568443
0.4336246
1.2780004e-07
0.0033052862
0.0075167115
0.19508348
0.0019008315
2.2698144e-08
3.945949e-09
2.5523228e-08
1.0
1.9669913e-07
1.1373124e-07
2.0058368e-09
6.032426e-08
2.7136071e-09
1.004335e-06
7.838723e-08
4.6844665e-08
2.647838e-07
1.9568274e-06
0.00054486596
0.99784935
0.9902682
8.4656634e-08
2.1901299e-06
3.8480568e-08
0.9999672
0.025006866
6.095349e-06
0.012412604
1.21137145e-08
1.2506543e-08
0.0006857449
0.00033390944
3.339628e-09
3.9490906e-06
4.296463e-07
0.0034031672
8.919942e-05
0.3568048
1.6340186e-05
2.8215586e-06
0.00011290661
0.99326855
1.01101e-05
6.9061614e-05
3.2214576e-08
9.3336905e-07
0.00919969
1.01101e-05
8.847739e-06
1.064177e-09
1.7099434e-05
0.9999846
0.00014737976
1.4848347e-08
0.9747352
1.3162856e-09
0.80153406
1.2695408e-07
0.0004387943
1.4722599e-08
2.83677e-10
1.263749e-06
5.3180994e-11
0.0056252405
0.012920352
4.481598e-10
0.3521043
1.8430372e-05
3.4847526e-06
0.0028212094
6.9916467e-10
2.4653664e-05
7.228415e-11
0.69239944
3.7120785e-07
7.7519374e-08
9.352793e-09
9.972489e-05
7.761867e-05
1.3384487e-08
1.8653436e-05
4.296463e-07
0.090310685
0.0020820808
0.00026673233
0.015137502
2.5306217e-06
3.448818e-05
0.00050146505
2.9512254e-05
0.9290963
4.5361556e-10
2.3108468e-07
6.5930024e-08
3.0226447e-06
6.603709e-05
0.0036381087
9.040314e-06
1.6003396e-06
7.1312576e-07
1.0913525e-07
5.3486353e-08
5.8995397e-07
5.325908e-10
9.181311e-09
7.301966e-05
4.8570182e-05
0.0040217773
0.48478374
2.7577002e-05
0.99999994
0.050018057
0.0004438829
3.6353853e-07
1.7197096e-09
0.15204522
1.8288101e-09
7.8845704e-05
3.566886e-10
4.4336857e-06
1.935187e-07
0.00015274998
0.00012252295
6.850533e-05
9.237574e-07
0.76175547
0.0014895784
0.9747352
9.010146e-06
0.0001814783
0.0019637977
3.5716685e-08
