1.0
6.6102166e-06
1.249865e-08
0.0110840285
0.9242878
0.0012443111
2.0100781e-07
2.2677632e-08
0.0050504194
0.9998131
0.99999493
0.0026800244
1.4367013e-09
0.00062289386
1.2727143e-07
0.0028120459
0.2202649
0.0013247575
0.00010246954
0.8064632
4.1072504e-08
1.14905315e-05
1.3746995e-08
0.0007882509
7.163872e-05
7.0117334e-05
4.490683e-06
0.9998982
2.583543e-06
3.056525e-06
7.740005e-07
0.011923215
0.00050521165
1.6122309e-08
5.9624603e-05
3.5498553e-05
1.2099741e-06
4.043851e-08
0.0001539107
0.65659934
0.95657074
0.0006563591
0.008526511
6.7463657e-06
0.999996
7.8571065e-05
1.8978078e-07
0.99995863
3.1017e-07
0.0036868984
2.5396278e-09
0.001888059
0.019467805
5.6191516e-07
1.0110013e-05
0.00039103848
1.508474e-07
1.9997085e-06
8.008479e-05
4.5144066e-06
0.03035197
0.7931589
1.1540697e-05
0.00047621256
0.001026237
6.507792e-05
4.5535145e-08
2.7531541e-05
3.941371e-05
0.99982476
0.0035470494
2.8453233e-05
0.0002620429
0.0021480967
4.329452e-06
3.862849e-05
2.1915645e-09
0.08880353
0.11556565
0.99430066
1.8442452e-05
1.8973694e-08
0.000118024494
0.009489231
1.6511902e-06
1.3605275e-08
6.895186e-05
0.009489231
0.99999493
6.5990695e-05
7.803428e-08
0.00033511236
0.00018456885
0.00012113265
0.0007603789
0.00019573237
0.0035470494
4.021709e-06
1.806745e-06
0.99996024
0.99958706
9.659069e-10
3.8335372e-08
9.497795e-09
0.0010055476
5.1973615e-07
0.0035109227
5.8294518e-06
1.16933825e-05
1.7068944e-06
0.49791712
4.3650547e-07
1.9046265e-06
1.5410683e-08
1.4964833e-08
6.7463657e-06
4.9096442e-08
1.0453052e-09
0.99119973
1.0791272e-08
1.02367935e-07
2.9354188e-09
0.027323695
0.00061985105
1.0299815e-06
1.5454885e-06
2.9354188e-09
4.5144066e-06
0.084106214
9.630268e-07
0.9951212
4.1958366e-09
0.0004440998
0.8353618
0.09291369
1.5691679e-09
0.99883884
0.00048632122
0.00012875297
0.99995863
0.0001987699
0.0041490383
1.4564814e-06
2.624498e-07
2.3420856e-07
0.095297776
1.5011423e-09
5.7794985e-10
0.97100335
2.5771586e-08
3.2271443e-09
7.593763e-05
1.4600088e-08
2.9785013e-05
1.5139281e-05
0.00019573237
2.4126496e-08
0.19029364
0.00028174248
1.7743532e-09
1.1339283e-05
6.959108e-09
0.0035470494
0.87942046
3.2638836e-09
0.007267231
0.001888059
1.1020477e-07
0.65316933
0.0002702392
3.702323e-05
0.059467416
4.7663658e-08
9.173643e-05
0.00018202871
2.6285148e-08
0.99981433
0.9999851
0.00095376617
0.00012527418
3.2329026e-05
0.99999005
4.653254e-05
0.38068748
4.2848147e-09
0.9828321
0.008012577
0.0072389157
0.75631124
0.0017852852
0.00024304485
9.531078e-07
5.619952e-06
1.3098779e-07
7.732673e-06
0.10581742
0.005707763
0.0117748575
2.1782849e-07
1.4222485e-05
2.1407294e-07
0.00010246954
0.99998915
5.16283e-07
0.05803007
3.7193164e-05
0.00084673427
6.414889e-06
4.122739e-06
1.1339283e-05
3.3577183e-07
7.0117334e-05
1.0299815e-06
0.00860973
0.069933824
1.0384165e-07
0.057754885
0.9211882
0.0117748575
0.006044734
0.00021264593
0.00049916183
2.9224343e-06
0.020939935
5.990021e-06
3.6885175e-09
5.3852746e-06
2.7159905e-08
2.6172936e-08
6.2036114e-09
6.7463657e-06
1.6229786e-10
4.132049e-08
1.3745081e-08
1.9769728e-05
0.9999987
3.5096193e-06
0.9959188
0.000566846
0.31631953
6.5402e-06
0.65639865
1.5454885e-06
5.3861527e-06
0.92386556
3.6200123e-05
0.008526511
0.0027055948
0.19805822
1.096517e-06
0.020473478
2.3629082e-06
0.05928887
0.44132224
0.9999994
0.011923215
0.5391209
2.7042256e-08
0.18369463
1.9195081e-06
0.6965637
0.9999973
0.0005206331
2.069576e-09
0.9999968
0.00910499
1.9769728e-05
1.6298117e-07
0.9998982
9.441602e-06
9.332337e-09
0.047366936
1.3658364e-06
0.0006002366
1.0
6.446248e-08
0.9990081
2.8753352e-08
0.99965996
3.2622427e-07
2.5545617e-06
0.060303096
1.0110013e-05
9.296431e-06
5.8001556e-06
0.97917074
1.2721477e-09
0.00028329855
2.055516e-09
0.000138133
0.822463
9.334043e-06
7.1430324e-05
0.9999044
1.350931e-06
1.6511902e-06
3.175556e-06
2.8982991e-05
1.0431344e-05
8.7559265e-08
