0.9999961
4.9342077e-07
0.999968
0.03670509
9.995069e-06
0.0006414922
0.006193219
0.0007240825
0.08352582
0.99999446
1.0718035e-05
2.4725423e-06
7.878948e-05
0.19013464
0.014357334
0.9999997
2.3806166e-05
4.7909452e-05
0.97843564
4.2190688e-05
0.026479648
5.4650823e-08
2.7978103e-06
0.86307526
7.195048e-07
8.496461e-07
5.419133e-06
0.97277564
1.2173993e-05
0.008145587
2.8185437e-05
0.0029610053
0.001601225
1.2382578e-05
0.014357334
0.0070762243
2.275642e-06
0.00047486718
0.00026052774
5.634776e-05
7.356741e-05
0.92861176
0.0007064645
0.97561455
4.5616517e-07
7.243356e-06
0.43613502
0.87463593
4.298881e-07
2.0039077e-05
1.6666851e-06
2.3678075e-09
0.00038217986
0.9129961
1.6597054e-10
2.839009e-07
9.3036554e-08
0.002518568
2.6458478e-05
0.0014405902
0.18083833
5.7339e-06
0.00014740099
0.92206246
3.5008043e-06
0.010525202
0.000117255295
1.8614276e-07
1.1045473e-05
0.43613502
8.496461e-07
5.128918e-06
3.4754852e-05
0.004266599
1.1772945e-06
5.3950083e-07
0.00017738534
5.7410557e-07
1.0
0.00047222653
0.00011324345
5.477252e-06
0.0009423659
0.9713224
0.9871802
0.99944234
4.7963946e-05
8.820929e-07
2.5685184e-05
0.9321731
0.0004217622
5.3950185e-07
0.0016673013
4.849133e-07
2.9830036e-07
8.9274734e-05
0.0027018352
0.50128806
3.5530862e-05
1.5408894e-07
4.214589e-05
6.733199e-09
4.1705775e-08
2.7500806e-09
4.849133e-07
5.1186566e-06
7.322809e-05
1.2601313e-06
1.2212307e-06
0.15054724
0.010904163
0.7129572
1.1121221e-07
1.4601918e-07
5.860505e-06
0.00028630873
0.97283727
0.002157847
1.4973225e-05
0.00019336725
1.4814628e-05
3.0601009e-06
0.46363193
1.9428125e-08
0.00026351004
8.840435e-06
1.5301191e-06
0.12226726
0.020450464
0.99999964
0.00030648988
1.2439929e-08
0.99991745
2.332098e-05
0.00024286441
0.00024286441
0.0070762243
4.5558205e-05
0.9871802
1.7948823e-05
2.6083082e-08
2.9323839e-05
2.067829e-05
7.661434e-08
0.00021353217
0.00403488
0.9997522
0.0006467255
9.732737e-06
0.3811608
2.8699603e-06
0.24997416
1.0887388e-05
1.4973225e-05
0.00013446578
3.0174032e-08
0.008141611
0.0006285324
2.9256105e-06
1.9185802e-06
0.99999976
0.004399363
0.008205905
1.09821785e-05
0.00048155192
1.3289988e-07
2.067829e-05
1.5301191e-06
4.9169536e-08
7.063579e-08
8.5047526e-05
0.020450464
1.5036961e-05
2.3521987e-07
0.0010291114
1.972296e-09
0.008141611
2.9252255e-06
0.0024951538
0.92444533
0.00199877
0.9999956
0.9999995
0.0014846531
0.9759302
5.801018e-07
6.335953e-09
0.99999994
0.00019336707
1.356385e-07
1.7389491e-05
0.0031642818
0.0002673069
0.9999732
0.00034041735
7.310045e-09
0.014357334
1.0
0.98698825
0.9999753
4.382626e-06
0.000736644
1.0848685e-06
2.0021607e-08
0.05982497
0.010887103
9.2354156e-07
2.5318336e-06
5.3874604e-08
0.9998207
0.0031642818
0.042925138
1.1707286e-09
1.4685747e-08
9.232698e-08
0.79415673
0.00026384063
1.9796314e-08
5.3874604e-08
0.9999786
2.9307737e-05
0.00011318731
0.0021808883
1.3091598e-09
0.013665895
5.1186566e-06
2.6487258e-05
0.00016139276
0.00017809885
5.40081e-07
7.013745e-08
5.1186566e-06
2.815884e-06
9.522211e-07
0.617647
4.7679896e-06
7.805227e-09
0.61242735
2.550664e-07
0.99973357
0.00019336725
0.9774678
0.9941592
1.5617983e-05
0.0004501364
0.29712224
0.020389564
0.00061193114
1.3350852e-06
0.6848258
2.008787e-05
1.9796314e-08
3.718678e-05
4.968958e-08
8.199615e-05
6.0084662e-06
1.5690526e-07
1.198114e-05
0.86307526
7.0259085e-07
0.98380286
0.00023999123
0.0074554756
4.1774514e-05
0.00039316967
3.093269e-05
0.026082527
3.0590428e-07
0.00014740099
0.7440654
0.7598428
0.0012378171
0.9999955
3.1281676e-08
0.9695817
8.323267e-06
0.00022585758
0.034676798
7.605829e-07
0.05712215
1.2212307e-06
0.0003639523
2.922978e-08
0.9999983
4.781554e-08
6.1255534e-08
0.012251231
0.001601225
0.99995506
0.08352582
0.0018135434
0.00011838078
0.36705136
5.4650823e-08
3.9721843e-07
0.01645481
4.240226e-06
0.0031642818
2.3678075e-09
0.00034438143
