1.0
1.0
1.0
1.5068665e-07
0.096141055
0.010807285
5.6966012e-08
3.726214e-09
6.116515e-09
3.8467107e-07
1.3915361e-07
2.687366e-07
5.960598e-09
0.0017234063
5.5501037e-06
4.3144052e-08
0.0017616492
0.0025307792
0.00021920177
1.2505571e-05
3.3510337e-06
0.90433514
0.99895674
2.2890417e-10
0.00073248136
0.035544496
0.044622898
7.9193467e-07
0.2443121
0.0031430556
4.8160955e-09
0.0009000135
0.14276518
1.5023854e-06
1.9330493e-07
0.0002631274
0.047358114
0.0031430542
3.5888534e-05
0.000308606
0.99999714
2.0878255e-07
7.076846e-05
3.9049368e-07
2.1208082e-06
0.00470858
9.587728e-07
0.9999881
0.6453394
2.1259852e-07
4.3199805e-07
0.0029527056
7.909807e-08
0.004073085
0.9998778
0.9274799
0.003340804
2.2531989e-05
6.732688e-08
0.109914504
3.801438e-06
9.012701e-08
0.0011992056
0.00015343286
0.9995221
1.2828403e-08
3.070339e-07
2.1358916e-08
2.4035783e-08
1.5278607e-05
0.9972559
2.395028e-07
5.650912e-08
4.728535e-06
7.316405e-06
0.0009000131
0.00012614709
1.374356e-08
0.7345185
1.7074121e-06
0.20941342
0.0135591645
3.120054e-05
4.948264e-08
0.0001385752
8.596597e-09
0.13086961
6.91924e-05
0.99050665
0.00656377
0.99984
9.001219e-05
1.8761212e-06
0.0013570201
3.4906395e-06
1.1512252e-06
4.6103992e-07
1.6012251e-06
3.2967503e-06
2.6615236e-08
1.4314672e-07
1.4699402e-06
1.5469246e-05
0.005682112
0.00656377
0.00031573328
0.9999952
0.050966576
1.1935683e-05
8.5135225e-06
0.99984
0.0017377265
0.12974076
0.9999865
0.00031573328
0.862032
0.42850354
6.500726e-06
2.9107446e-07
0.97878844
0.44000927
7.937555e-08
0.20941342
0.16251943
0.0032002206
8.336677e-06
6.3611574e-06
1.2164616e-06
0.015340444
5.745285e-06
0.06800575
0.97849596
0.37233177
0.99283206
1.9554543e-06
1.0462552e-08
1.22972015e-05
1.7074121e-06
0.010999676
0.9999989
3.526597e-05
3.3699576e-09
9.7260845e-06
7.248237e-08
0.00010931286
3.601557e-07
0.0001664541
0.8525091
1.6073342e-06
0.8394345
0.97084796
0.025807386
9.007697e-06
0.9999972
0.00026198442
0.027496785
0.0032325492
0.00032904037
0.0004611922
8.584865e-09
8.336677e-06
0.0013528913
9.3674906e-08
0.00021764358
0.4049625
1.8637345e-06
0.9998559
0.0016519694
8.608219e-06
0.0021683439
0.87612253
0.9999865
0.99984
3.2967503e-06
0.026107244
9.168111e-10
1.0017503e-08
1.7968878e-05
0.999337
0.01435753
0.022693474
0.0218898
0.0002403331
6.425909e-05
4.7608696e-06
9.732696e-09
0.07511968
0.5394264
1.0
3.973184e-05
0.99999976
8.717749e-06
0.002257771
9.304733e-06
1.0080153e-09
8.082508e-08
2.2890417e-10
0.9999998
8.8949266e-05
1.8859819e-05
0.0005744658
0.9503315
4.981251e-10
0.89796484
4.7250455e-07
1.959999e-05
9.5626514e-05
5.63234e-06
0.00051776355
0.00011772461
4.1366648e-06
0.8484028
0.7465038
0.19468117
0.00656377
3.312048e-08
5.627886e-05
0.0002631274
1.0724405e-05
1.4880215e-05
0.00010682591
3.677424e-05
0.9998654
0.00010920638
0.002455677
7.860086e-07
0.06795691
6.308796e-09
0.99999934
3.3992418e-08
2.3732766e-05
2.7916908e-06
6.500726e-06
0.5044511
6.57033e-07
0.010999676
5.5727975e-07
1.8458853e-07
0.00014280406
0.00020909152
0.007908892
0.00046656202
0.00042383687
2.258269e-06
0.9999967
0.0008289551
3.1598433e-05
0.9881609
0.042839848
7.3178177e-07
0.19363645
0.69262284
3.436018e-09
0.00024964014
2.1457488e-05
5.382099e-07
4.0202838e-07
0.9049931
1.1310508e-07
5.960598e-09
0.00015820812
6.823049e-09
1.9554543e-06
0.005971872
1.5023854e-06
1.5195417e-05
9.2357595e-07
0.9903825
0.9999998
0.047358114
9.447189e-09
0.011298509
0.003885626
2.2744088e-07
7.9944945e-10
0.0016764427
0.0006226719
2.1043604e-06
0.025962465
0.32238612
0.00038789376
0.9999764
1.0700026e-08
0.98428583
0.9738519
1.0
0.0014675488
0.035544496
0.97407055
0.013954791
1.8859819e-05
0.190009
0.94630885
0.00036121157
0.0005662625
1.4463684e-05
0.0022261178
2.0368972e-05
0.004050714
0.192933
