1.0
6.654522e-07
0.99999326
0.95859534
6.0049833e-06
1.1239609e-05
1.0780207e-05
0.0001768807
0.08955698
2.219723e-05
0.61657
0.0005830745
1.0188199e-05
9.65156e-09
2.3619596e-06
0.78686935
0.040521305
1.5574107e-05
0.4459948
0.8693918
0.0008554241
2.6383294e-08
8.5745975e-05
7.314735e-05
1.8123225e-06
0.99414873
5.1135034e-09
3.9397687e-06
0.00045109366
1.0
0.063102044
0.9999987
2.642722e-06
0.04003306
3.8084413e-06
0.00024396702
3.297568e-06
2.517308e-05
1.8123225e-06
1.0
3.5261485e-07
2.444873e-08
0.9986898
7.760555e-06
9.359522e-07
0.95042646
0.00050501904
0.9747113
0.13828416
0.99998134
0.0001885796
0.6650043
0.00021497156
1.677472e-05
0.39321387
0.0002701588
0.0033228288
1.2799158e-06
5.1329214e-05
3.0688337e-08
1.0
4.7978683e-09
1.2799158e-06
0.001594833
0.9999995
2.3842358e-06
0.9999948
0.97823274
0.9998807
7.409079e-08
6.6956914e-06
0.8985208
2.3842358e-06
0.99999994
1.058894e-06
5.5400988e-06
3.2783912e-08
3.568149e-07
0.00112481
2.5864212e-08
1.0
0.27241847
2.4199042e-05
0.9999374
0.9143709
0.99999994
1.0
0.39212525
0.39429086
2.3842358e-06
0.0009683989
6.4924217e-07
1.1181867e-06
3.5735975e-05
1.1693454e-06
0.00056948245
2.5273167e-08
5.992861e-07
2.5135101e-08
0.9995077
0.06617188
0.006757396
0.9999987
3.75585e-05
0.90887225
2.0073158e-07
2.1671396e-09
0.021136437
0.22380719
3.2048297e-06
0.76603264
3.9708582e-05
4.1190513e-05
0.00032129683
3.965606e-07
0.99559975
2.5202535e-06
0.0007041237
1.1313514e-08
3.3292102e-09
0.99388915
0.0018874526
0.07122099
1.0427626e-06
1.962722e-06
2.2499057e-07
7.21483e-08
0.0009671869
1.3413704e-07
0.999404
0.040521305
0.0036700794
0.16513687
0.9999997
6.1072475e-05
0.0009785648
0.03806457
8.74341e-05
4.3571376e-06
0.00048834307
2.2499057e-07
0.0005059075
9.122919e-06
0.0002701588
3.0201092e-05
0.000851904
6.0171693e-05
0.99999756
0.08433107
0.00030387423
0.0029887524
0.9999997
0.38871652
0.00025143693
1.0
6.0171693e-05
0.3205424
0.9408571
0.00095564313
0.9507949
0.9869843
1.3622903e-06
1.0
0.39588666
0.019603003
1.0
0.30993852
2.5429612e-05
0.05719675
4.539471e-05
0.00013415009
0.92566276
2.1122552e-05
1.1693454e-06
4.9767923e-08
0.99999994
0.016610492
0.7396483
0.11656304
0.9922272
3.0660436e-07
2.5429612e-05
8.0135305e-07
0.093593486
1.359853e-08
7.929784e-06
3.3911542e-07
4.267895e-06
0.022646138
0.00011206439
4.6708074e-08
1.0
1.5318462e-07
0.99995494
0.9997617
1.2799158e-06
1.4679871e-07
0.998654
2.8016928e-05
0.93408906
0.3294313
1.0
0.007963942
0.99999505
0.019968478
0.99973404
0.00071388105
0.004187856
0.008627897
1.3329147e-09
0.06215169
5.1135034e-09
3.583303e-05
2.3559673e-05
1.29056125e-05
0.00083612534
0.31890833
5.5400988e-06
9.3689145e-05
0.9932477
0.9999833
0.00021497156
0.9999761
0.017395752
0.9940353
0.00051113777
0.00023193905
8.936747e-06
0.0004937127
0.9957575
2.9366808e-07
0.004465526
1.5108462e-08
0.00010937584
0.029493244
2.4422535e-08
0.9999945
3.3242206e-05
0.9965257
0.9898216
0.0008749552
0.0007150995
0.00036697715
1.0
0.0010489473
0.07382234
4.0336185e-05
2.0117566e-05
0.0024359978
0.5087498
0.05728881
4.0222792e-05
6.205111e-10
0.0065205996
1.6979358e-07
0.00021703559
7.929784e-06
0.7646456
0.000242014
0.00030387423
0.0007663363
0.00025143693
0.0068836897
0.99999994
0.014661918
4.286571e-07
0.0011102394
0.0011102394
1.1435858e-07
0.89190286
0.0009885493
0.0007583708
0.0024130198
9.00634e-06
2.0188493e-06
8.681791e-08
0.0027813017
4.9767923e-08
6.178078e-05
0.00025328627
7.7999616e-08
0.09738587
4.9819783e-07
4.56307e-07
0.439221
0.0025425751
0.9920479
1.7168717e-05
1.0744223e-05
0.08425599
0.00010066426
8.749733e-06
0.76603264
1.3299805e-05
0.992069
8.3230555e-07
0.7396483
5.1534726e-06
0.24354447
0.00015254549
