0.99999946
1.9045483e-08
0.0887351
1.8897781e-07
3.6094367e-05
3.247752e-08
0.22027647
7.306131e-08
0.22027647
0.99980503
1.0665428e-08
0.06901375
7.756344e-08
2.3624243e-05
2.969493e-07
0.88775945
3.4329132e-05
3.2951e-06
0.016518995
6.5012795e-09
0.9996316
1.5626999e-07
0.0012093431
4.595633e-05
5.0671864e-05
1.4171818e-06
4.411406e-08
2.9550949e-05
7.379416e-06
0.000121277815
1.4723856e-06
0.0014962985
9.102775e-07
0.003184522
0.88775945
0.026478168
6.8802124e-06
1.0129015e-06
3.132063e-10
0.044219833
1.4789239e-09
1.0
2.3105498e-09
3.530623e-08
4.4006995e-08
0.00020184615
1.1999589e-07
0.9983815
1.539942e-06
0.002751126
3.7413888e-06
1.534155e-05
2.5463005e-05
0.9999211
1.0225007e-07
1.237554e-07
0.027572246
3.9032983e-08
2.5189793e-05
0.001937849
3.4987697e-05
1.3222757e-07
0.7585028
1.887533e-05
1.2010207e-06
0.47880688
0.030051762
0.99999815
3.3436977e-06
0.00023715995
0.9983815
4.6994483e-06
0.030776348
0.20682043
8.8091314e-05
4.196139e-07
0.00023079284
4.2666914e-05
9.291786e-06
0.9999978
5.9466744e-05
1.689842e-08
5.396776e-09
2.374295e-06
1.1384948e-06
8.271487e-07
0.0116614215
3.1731712e-08
1.5552299e-08
0.97743547
1.0
4.700578e-06
1.9812043e-05
0.7000613
5.1629657e-05
0.00056127866
0.99446833
1.0
0.9949138
5.6013454e-07
0.00024025244
9.4741574e-07
0.0009890114
0.00015721814
0.11189144
0.000101673555
0.0024285368
3.6363735e-07
0.6755597
0.001299073
1.0146016e-07
6.410104e-08
0.021838037
2.7357687e-06
4.3869913e-06
0.999256
4.0546408e-07
1.8897781e-07
0.9995506
0.12459069
0.16439651
1.0158192e-06
0.8833783
1.0785432e-07
0.030871842
2.0160268e-10
0.9727631
0.054233022
0.09012998
7.532899e-07
0.027098773
1.9593072e-06
0.99910593
1.3975357e-06
0.08594148
0.31232297
1.6546922e-10
0.004381205
5.121821e-06
4.880635e-08
4.6276182e-05
1.1007166e-05
0.0004039376
2.7490232e-06
1.4335549e-05
0.00019705176
0.019043041
7.3142005e-06
3.612151e-08
8.494181e-06
1.9314141e-08
3.3635345e-10
0.97336996
0.99997044
4.0586057e-10
0.0076088104
5.5048786e-05
0.52203536
7.8645265e-08
0.003660264
0.002099499
0.9999976
1.017219e-06
0.0006022072
4.406235e-07
0.008293931
0.9999211
4.866436e-10
0.00028566932
5.6313075e-07
0.9999179
0.46184304
5.7395177e-08
3.3436977e-06
1.2769233e-07
6.7410074e-05
3.684455e-05
1.0653366e-09
0.6589319
0.019107264
0.0014187462
1.9489555e-07
2.5266927e-05
0.014109096
0.000767174
3.865192e-10
1.0936255e-08
2.749981e-09
0.00028564347
0.0010487579
8.747546e-05
2.831044e-07
1.3441944e-06
4.8405756e-08
1.4171818e-06
5.0028564e-07
7.005784e-10
0.00038674692
8.05721e-07
6.881374e-07
9.681208e-07
0.0006708963
0.33777094
3.2951e-06
0.0046220864
0.0021689949
0.16125518
0.0018723756
3.945948e-05
9.156787e-10
0.054233022
1.4723856e-06
9.917976e-07
0.0023177667
4.0091263e-06
0.9999993
0.999798
0.10731006
0.9727631
0.050395973
4.7501653e-05
8.805765e-09
9.77041e-06
0.0007055353
5.6731697e-08
3.945948e-05
3.637906e-08
1.0442136e-06
0.88545454
7.815164e-07
0.007293482
2.1953384e-09
0.9980859
0.8819288
2.5248813e-05
7.3558084e-09
0.051424224
3.899578e-07
4.699484e-07
2.0472345e-07
0.0017231618
0.0039970134
8.2430146e-10
2.0186528e-06
5.5008593e-07
6.412207e-08
0.9974019
2.4426718e-06
1.2815858e-05
0.8831024
5.2984956e-07
1.09746445e-07
4.286103e-06
0.008293931
5.453521e-06
6.3134934e-08
0.007448866
0.00238547
5.140072e-09
1.1407772e-06
0.0032433649
0.0013058605
9.862353e-05
0.0055227606
1.0
0.99996096
0.0045057703
5.673901e-06
0.09707996
0.99999875
1.4111667e-09
9.4741574e-07
4.368992e-09
2.053534e-08
1.597659e-09
0.037759922
0.9849007
0.9998964
2.2750237e-05
2.2299809e-10
7.461675e-06
1.3909126e-07
0.00044525787
1.3683714e-08
5.0640563e-05
4.0091263e-06
0.59094214
0.03245326
3.0249982e-08
6.5187733e-06
7.919868e-06
8.488982e-06
0.10183059
0.99999
0.005615247
3.132063e-10
4.796514e-09
1.3242993e-08
0.99999994
7.600015e-08
