1.0
0.006249913
0.021749474
4.3969426e-06
0.7527233
7.973347e-09
8.254568e-07
0.9722707
3.2219066e-07
2.7895773e-08
5.3894724e-09
0.00011121975
0.02404327
1.2797737e-07
0.023192441
1.0026158e-09
1.328866e-06
5.549732e-10
0.99998647
0.00018028154
0.9999995
1.9993471e-09
0.039692823
6.0618265e-07
2.005612e-08
0.9999995
4.4762123e-07
0.00051785924
0.00013835523
9.5519845e-06
0.0006050279
2.27106e-07
3.9955494e-06
0.0074126734
0.0007585428
3.5717992e-06
8.4043695e-06
4.4408655e-05
2.5242753e-06
6.486901e-08
0.74253094
0.8178585
9.7859476e-05
3.933398e-06
0.99999696
0.0008776004
7.2087065e-09
0.0023387324
8.830022e-08
0.99999934
0.00014533971
1.7998502e-08
1.04421005e-07
1.7582626e-05
0.0001264108
5.0515064e-05
5.048193e-05
3.0007076e-08
1.8930248e-07
9.291487e-07
4.5380125e-07
0.00054568483
4.176754e-05
1.670464e-05
6.3214344e-08
6.0618265e-07
0.99755657
0.9648124
1.8496705e-07
3.3263842e-10
2.43813e-05
7.24452e-08
5.6081835e-06
2.9047155e-06
1.1426107e-08
1.9820216e-07
0.3179304
9.206809e-09
0.9836892
7.646859e-06
0.9999987
1.5331078e-05
1.2429064e-06
0.99995214
7.89541e-09
0.0030667887
5.7319667e-05
7.0824497e-09
1.5331078e-05
2.442802e-09
3.2255036e-07
0.0052435105
0.074944235
2.2579932e-06
8.5535605e-05
0.99987835
0.048634533
1.9771258e-08
0.0001293085
3.4271948e-06
2.7987905e-09
4.2642841e-07
4.7482413e-07
2.4709936e-09
1.9467987e-05
2.5282627e-06
0.9999999
8.3159804e-08
1.1559333e-09
0.00016872658
2.5251758e-09
9.593669e-06
2.7334582e-07
0.0003160007
0.45220077
3.3677304e-07
7.986821e-08
0.004533792
5.2227097e-06
0.0009932341
0.006249913
2.8935932e-05
3.0007076e-08
1.1683529e-07
9.242059e-07
0.9996731
6.03934e-07
1.5032454e-06
2.5587603e-09
0.9999939
4.544267e-06
7.728044e-06
6.4874456e-07
0.44660914
0.9999147
6.531499e-06
4.0452054e-05
0.7745523
2.4831726e-10
4.3034233e-05
6.1473444e-09
0.99994797
3.276442e-05
0.0010345998
1.5108454e-09
1.9993471e-09
3.4143042e-08
7.973347e-09
1.2017352e-07
5.1639476e-10
5.8149183e-09
0.04728767
1.15048e-06
0.0008910524
2.8916098e-05
0.0036853938
3.9364346e-07
2.3822146e-07
7.4027904e-09
6.510052e-09
9.619797e-10
0.0005030123
0.001387312
0.00011352045
6.4256193e-07
0.11797863
0.99988675
2.442802e-09
0.0008688026
2.3511428e-09
0.00046736948
0.8780801
0.0014070127
3.882808e-06
5.8149183e-09
7.386176e-09
7.032834e-08
2.1902966e-05
0.9087992
0.96582305
0.32240176
7.278688e-08
1.8741628e-05
0.0073074736
1.46662815e-05
0.9999881
0.30081037
2.1068894e-07
2.2311517e-07
6.4403245e-08
0.13338807
3.785292e-08
0.9999918
2.9609595e-05
5.8149183e-09
0.15851203
0.0059396075
0.99919564
3.758985e-06
4.138235e-06
1.3633872e-06
4.47746e-06
9.9809375e-05
0.008450947
1.988754e-06
1.8930248e-07
1.5255179e-06
0.23486878
0.08051452
2.4454419e-08
2.2543327e-09
0.00011121975
1.08888855e-07
7.995721e-07
3.7208395e-08
0.00052915886
6.155743e-05
0.3313545
0.022819089
6.1601995e-08
1.210759e-06
5.752478e-06
2.3834377e-06
1.04421005e-07
0.8591279
0.00020052886
0.00010718172
0.0060249898
6.518454e-07
1.1226246e-07
0.99999654
0.00045461787
1.1683529e-07
1.3405227e-05
0.8178585
9.688157e-08
3.0634357e-08
0.85841364
0.012492517
3.0092991e-05
0.54417723
0.99999994
0.04848344
0.9999918
1.9168545e-05
1.2179916e-05
6.4256193e-07
0.9997616
0.0014026392
6.4403245e-08
5.9296523e-09
0.00042739528
0.85841364
1.3317857e-10
1.9181557e-06
0.0038532729
3.89787e-05
4.9777416e-08
2.402216e-09
8.7317525e-10
1.2478801e-09
0.0004777539
0.9999992
0.9999992
5.518405e-06
3.1838601e-07
4.193861e-05
0.00025967887
0.002074096
1.3186153e-06
0.0012100737
2.7290764e-05
0.5161882
2.1449473e-07
7.2087065e-09
0.007208331
8.439336e-08
3.5231494e-08
0.00057997176
0.00051785924
3.570777e-07
0.0017791247
0.0010886883
0.99977666
5.3903793e-08
0.00011249929
0.00051785924
3.5451933e-06
2.5251758e-09
0.00068672525
1.5277811e-08
5.4407792e-05
4.5652873e-09
3.6222427e-09
6.3774513e-10
2.1449473e-07
8.7515844e-05
1.2754821e-05
1.8496705e-07
7.986821e-08
