1.0
1.0
2.9554708e-06
0.06754327
1.4332267e-07
7.599442e-05
0.93326515
2.6114941e-08
0.00011095556
2.2357755e-05
1.0
5.3308504e-06
2.8169889e-09
2.3324074e-07
8.0986865e-07
6.191391e-07
5.285241e-06
5.3179024e-06
0.029021384
0.9675673
1.0
2.7510684e-08
0.46570572
0.6149388
6.3140415e-10
6.0427534e-09
0.06886115
0.0008778822
6.5071254e-07
3.5687037e-05
0.9770705
0.00011256368
0.00024099003
4.172852e-06
0.00032397592
4.283431e-05
1.5546071e-08
1.526132e-06
0.022732414
0.89911157
0.19060019
1.2383201e-07
0.0009318046
6.1613614e-06
0.034648012
0.08767665
1.1630328e-06
0.00035435136
4.842381e-10
1.2267569e-08
4.646452e-07
0.0004561511
0.0011357989
1.718806e-07
0.80067855
0.0029170339
0.003202972
2.1004385e-06
0.007734971
0.0051458906
0.008874593
1.5191328e-09
7.916086e-08
1.7047466e-08
0.90460056
2.2160067e-07
5.339828e-08
2.6196342e-06
2.5252793e-06
6.191391e-07
0.008052937
9.068674e-08
5.7682114e-06
8.880015e-08
0.99992806
9.067705e-08
2.1411272e-05
5.3179024e-06
1.0914565e-07
5.0913894e-07
7.217556e-05
0.9996121
0.9891912
5.186424e-10
5.285241e-06
0.99073327
1.0890483e-05
0.0001749614
0.036502797
0.0007874825
1.569536e-06
0.006153339
3.2591182e-05
0.00024081662
0.001324085
5.6674387e-05
1.0
1.690863e-06
7.599442e-05
0.99937636
5.6096425e-08
2.7181625e-06
1.726725e-07
4.495652e-07
4.336338e-10
0.97176164
2.6192948e-09
2.1673928e-08
1.4386619e-05
0.0001446952
0.007734971
0.9999853
7.0949885e-05
5.970203e-08
0.15515989
0.00010510133
1.3809758e-07
3.486581e-06
0.9999994
0.00060469407
1.4180672e-07
0.41285822
2.9554708e-06
0.99999666
3.835861e-05
1.2002371e-07
4.4019504e-08
0.0016922655
4.2393225e-07
1.3214781e-05
4.0027354e-07
0.9998318
0.0043714503
8.4485166e-08
1.5546071e-08
0.00030076888
0.550301
0.14920512
0.00022701913
0.6177813
0.00010138552
4.5935018e-08
2.73984e-09
9.325025e-07
0.9041859
2.4782505e-06
0.13336734
0.0014803269
5.532487e-05
6.0419454e-05
3.8126876e-05
6.516486e-05
0.731222
0.018468674
0.99999887
0.06160316
5.006474e-07
2.5828185e-06
1.0197477e-09
7.053805e-08
4.3946315e-07
4.3946315e-07
2.3324074e-07
4.3476407e-06
0.9989048
1.6836834e-09
0.0010178273
6.317616e-06
2.2160067e-07
0.13067581
0.049682416
5.606975e-06
0.0052983
5.0842536e-05
1.1303774e-06
0.044918977
1.134259e-09
5.155693e-09
0.93968815
7.92636e-08
3.9314364e-06
0.987581
5.155693e-09
0.0008416705
3.4335176e-07
0.0057258094
1.8208829e-07
4.8078828e-08
1.142024e-09
0.9999994
2.6524353e-06
3.0286007e-08
0.9999999
4.095839e-05
3.5429485e-07
2.7498518e-06
0.78935754
0.41285822
0.0048426143
3.7087066e-06
2.430821e-08
0.2389261
0.9999952
1.8304205e-05
1.7630564e-05
9.067705e-08
5.994638e-05
0.19060019
1.4180672e-07
0.6974336
0.5134281
0.30005246
4.61475e-06
7.833746e-08
0.9989048
6.6830586e-07
0.92331696
4.6647664e-10
7.599442e-05
1.8160081e-09
2.5269364e-07
0.12543394
1.724289e-08
5.1612034e-05
0.0001366075
0.9587035
4.1446337e-06
0.9844019
5.970203e-08
2.9143912e-06
3.5429485e-07
1.3924848e-05
0.78744155
2.6295804e-05
5.4830838e-05
0.0009151916
1.156926e-05
1.2970308e-07
0.010302804
6.317616e-06
2.83281e-06
7.6470763e-10
8.776355e-09
0.0014656361
0.00034551596
0.99999464
0.92331696
5.7682114e-06
0.12543394
3.896324e-05
3.124221e-07
0.00066336157
0.9874399
1.7567274e-06
1.5635927e-05
1.6620674e-05
1.6595209e-07
1.9980064e-08
0.008052937
0.9992644
1.0
0.00082411885
9.3226794e-05
0.00030076888
6.511936e-07
0.0018876484
0.0008416705
0.000101448575
3.0326693e-05
1.2652974e-06
0.0027641263
1.4077801e-08
1.319775e-09
0.002135212
2.2520346e-05
0.0013316225
0.007030043
0.00013984501
0.00010436668
1.2688915e-08
0.04931997
0.00024400285
1.7047466e-08
0.00012535951
2.8549407e-06
0.46570572
4.095839e-05
2.6917348e-09
9.3244023e-07
7.903193e-06
4.8078828e-08
3.5602562e-07
1.7651793e-08
0.0015495562
0.016605709
6.212681e-05
1.2356046e-09
0.0057162098
0.83295566
2.7516043e-07
