1.0
1.0
0.999995
6.629591e-10
4.6691733e-07
1.19611395e-05
1.6882296e-10
2.0230208e-07
1.0
2.2411274e-05
2.222252e-07
3.4391683e-06
4.200315e-07
0.9999938
0.00015075388
2.1836706e-05
4.0480572e-07
0.0019356884
5.6510803e-06
0.0001357576
9.4431e-07
0.44295913
3.5932747e-08
0.9998791
5.070109e-10
1.8754366e-07
5.9587643e-07
8.237653e-07
2.9976555e-10
1.3211303e-06
6.368827e-08
0.029887771
1.17985655e-05
8.998389e-09
0.99972856
1.3440406e-06
1.0900082e-08
6.494218e-07
3.4391683e-06
2.2539641e-08
0.00015307295
1.3606901e-05
0.0008191964
2.6322074e-05
0.00018179075
1.0141895e-07
0.00024955164
5.007949e-08
9.4431e-07
0.0026315637
4.520313e-06
2.7509621e-09
8.97221e-11
3.1159508e-10
0.9997787
0.9785499
8.479785e-07
8.758173e-06
3.0302648e-08
0.050482433
0.00042813373
5.1043773e-11
7.3970136e-10
1.8179707e-08
9.430212e-09
2.5683855e-06
8.449049e-08
3.784838e-07
1.3470231e-08
3.201171e-05
3.1664812e-10
4.2178076e-08
5.5865446e-09
5.8201417e-06
5.5015725e-08
0.090660036
0.99557215
7.189609e-08
9.284469e-06
0.07544075
1.9751433e-06
0.00026187603
2.4032488e-07
1.9391601e-10
0.99995524
6.927763e-12
2.6851303e-05
0.00027107782
0.011430139
4.112418e-05
0.00074973004
7.965551e-06
0.0011735657
0.0011324087
0.0020072134
4.150472e-06
7.858556e-09
4.86209e-07
0.6069015
7.112431e-10
0.00088760065
3.233408e-06
0.0056798365
0.00088760065
0.36671707
1.1997187e-07
4.6744772e-09
3.7712904e-05
0.00024121164
3.9900208e-08
5.6411404e-06
2.6560265e-08
1.3499873e-10
0.59492564
3.1159508e-10
0.9999988
8.664361e-07
0.10610978
2.2147278e-08
4.735376e-05
4.098748e-07
6.5659915e-06
1.8179707e-08
3.5438677e-07
5.0439263e-07
1.797371e-05
0.00025193847
0.005858697
1.0327161e-07
1.412682e-05
8.449049e-08
0.12205516
5.623219e-05
0.009425029
0.20539124
2.6699867e-10
0.00074973004
1.7131289e-06
2.0420684e-06
0.034232955
1.9799643e-07
4.6946825e-06
1.6047901e-06
1.7283609e-06
1.7071536e-09
9.047195e-09
2.761106e-10
0.36044234
0.0001756809
5.0671165e-08
0.0011196454
0.0034246952
4.388818e-07
1.0720147e-06
0.08271988
5.5865446e-09
1.4199666e-08
2.0233868e-08
2.2539641e-08
2.3227587e-09
1.9391601e-10
6.834644e-08
0.00016610244
1.6389502e-09
0.36044234
1.2916483e-10
3.8182893e-06
0.025297234
1.6388437e-06
5.5865446e-09
7.9139956e-10
0.00031772983
4.200315e-07
6.8691003e-10
3.6493914e-06
1.662619e-05
0.03071985
5.7624594e-10
5.096903e-12
0.0030168176
1.1505036e-07
0.9999999
3.8182893e-06
4.2559062e-05
0.70653945
0.0024781819
4.6744772e-09
6.2666675e-07
2.5392609e-08
1.686794e-10
0.0002321893
3.9614406e-07
0.9707135
2.6271887e-10
3.1170997e-09
2.4236303e-06
0.99922
0.00023790597
6.1663474e-07
0.00031772983
0.004099273
2.0649853e-10
4.2580058e-07
1.48047405e-08
0.5067489
0.00013335515
0.9894244
0.00141159
0.99998975
3.413175e-07
0.9166586
0.87468415
3.6220032e-07
3.0240734e-09
7.4395343e-06
1.7046301e-07
1.263107e-10
4.503539e-07
2.5190075e-10
2.2816687e-08
0.017824288
4.322542e-06
2.6370365e-08
9.779863e-06
4.200335e-07
1.2429026e-05
8.522019e-06
8.928486e-05
2.9713323e-05
5.2676078e-05
3.233408e-06
8.708318e-10
1.4057146e-07
0.99960715
9.68966e-07
5.126159e-09
0.58766335
4.3852197e-10
4.0444142e-08
3.7818246e-10
0.0007905072
7.06363e-09
8.532225e-06
1.3434433e-05
1.6242477e-05
5.45478e-06
1.251471e-07
4.6864293e-06
4.251162e-09
2.8251105e-07
1.3900678e-09
1.2544314e-08
8.532225e-06
3.7114768e-07
1.0
0.0003498291
1.3610072e-06
9.519319e-06
1.05644034e-07
8.2533663e-10
4.193407e-07
5.4912584e-06
0.052468974
0.00011571349
0.30085585
0.022426613
5.753668e-08
0.97909737
2.1124848e-05
2.7429158e-08
3.9048096e-08
3.3651038e-08
9.843659e-06
1.8285711e-07
0.868156
3.8295875e-07
2.1836706e-05
2.8285447e-06
4.644318e-06
0.9999049
6.274622e-08
3.854856e-07
6.405273e-06
9.292337e-09
0.00012142848
9.4431e-07
3.5473272e-06
4.6744772e-09
9.977549e-10
4.021599e-07
0.00019361153
8.6664517e-07
5.7815193e-09
1.8184604e-05
1.3119976e-08
9.331824e-08
9.337708e-10
3.0240734e-09
2.1802352e-05
0.9939931
