0.999912
1.0
1.0
1.0
6.5855597e-09
4.772311e-10
2.94746e-08
0.6265679
0.00043012734
1.5227939e-06
8.064336e-07
0.080699876
9.043144e-08
6.361788e-11
0.89716595
4.3544523e-07
0.7411259
1.282458e-09
2.0010696e-11
0.9991753
0.0039084214
8.037823e-06
0.0048500746
0.14161284
5.401804e-07
7.54445e-09
6.4704415e-07
8.1735604e-11
1.0
7.511985e-09
3.1015963e-05
3.373761e-07
4.368059e-09
0.03443471
0.0022110918
3.6620895e-09
5.265168e-06
2.6172422e-09
1.10101456e-10
1.3025903e-11
7.770858e-05
1.3805933e-08
7.165956e-05
1.043014e-05
0.0003228733
0.9397644
6.229952e-05
2.1487124e-07
0.99917376
6.250356e-10
0.2891547
6.4395044e-06
2.0010696e-11
0.24228227
0.99999976
3.133374e-06
0.5052497
3.8214383e-09
1.4494286e-06
0.0046856683
2.465732e-07
0.019188313
5.536648e-07
6.362535e-09
5.1258047e-07
0.99999213
1.0526308e-07
1.3088601e-09
8.822982e-07
1.7231563e-10
0.0059900037
8.241507e-05
0.00017472301
5.921057e-11
1.4684928e-09
3.9626192e-07
7.287789e-05
0.9997867
1.0847115e-05
9.581531e-07
4.421318e-05
0.019153962
4.230778e-09
8.003205e-06
1.1635515e-05
4.652172e-07
0.013118332
1.4494286e-06
3.0568753e-08
0.06528964
2.7279626e-08
1.420444e-07
7.283632e-08
7.165956e-05
0.00042573723
1.263801e-10
0.97690237
1.0
3.2185615e-10
1.9015459e-05
0.99998903
0.029905612
0.0031989096
2.5886533e-05
1.429914e-08
6.6926655e-06
0.24228227
1.9447705e-07
0.3790734
2.7125743e-06
0.50509226
3.867007e-07
5.396526e-10
0.37968597
4.5879783e-06
4.561722e-06
3.6351023e-05
1.3342526e-09
7.735837e-08
2.4245523e-07
4.1786198e-08
5.1405152e-08
1.9772502e-08
0.0038974152
0.29320273
5.5984963e-11
3.1936003e-07
1.1584543e-06
8.011675e-12
1.2774959e-07
4.666938e-10
0.00012016787
5.921057e-11
2.2575874e-07
0.9999556
0.0001640806
2.1793363e-07
0.998121
1.9820533e-08
1.0633516e-06
9.509733e-07
0.0006317981
8.166548e-11
0.97149247
9.8254815e-05
1.5048354e-08
1.9102083e-05
5.1820976e-08
5.1258047e-07
2.9618588e-08
0.03274564
1.3877347e-08
8.214799e-09
1.0
0.9994787
4.1660376e-05
6.8440037e-10
0.9992053
1.4161171e-07
0.99796855
1.316931e-09
4.998463e-06
2.4587297e-07
0.00014595733
0.0031519246
0.12540953
0.9877553
0.087202534
5.1820976e-08
3.90268e-08
2.8505985e-06
1.3768415e-06
1.6914116e-09
5.6875633e-05
3.4605625e-07
1.6417847e-06
1.4558522e-07
3.833636e-06
3.641764e-05
0.99999994
1.3341153e-05
6.8440037e-10
4.798731e-07
6.715856e-05
5.921057e-11
2.7286187e-06
3.1023115e-10
4.6028345e-06
2.995527e-07
5.19294e-09
5.002677e-09
0.0010441511
1.3582192e-09
3.3780424e-08
1.642419e-11
1.3758353e-08
1.5589887e-05
0.011756861
0.9989575
1.1968701e-06
1.0
0.9999169
0.0048500746
0.00047885676
4.81002e-08
3.7930615e-08
0.000514814
0.0038974152
8.190048e-09
1.3732507e-07
8.1735604e-11
2.5889344e-06
2.1141588e-08
2.9944853e-09
6.1234715e-09
3.4605625e-07
7.6920793e-07
0.9999874
0.03855214
1.1968701e-06
0.99998933
3.8365155e-11
1.4001494e-10
1.4810241e-09
4.3574676e-08
6.2676695e-09
2.7299613e-08
0.8555205
0.18809398
1.1317689e-10
0.999949
0.7799775
0.95761544
8.5480323e-10
0.9839299
1.2341455e-07
2.958755e-05
4.7260347e-09
1.7047254e-10
0.2504788
4.81002e-08
2.7286293e-07
2.2650007e-05
6.123825e-08
0.000107642314
1.5858058e-10
0.011616202
0.12540953
0.15683223
3.1719665e-06
0.005659527
0.012640746
1.229153e-08
3.1719665e-06
3.6980818e-10
7.376041e-07
0.013929894
1.0049242e-06
0.0042973533
1.1963847e-07
0.00096362864
0.9999815
2.0617176e-07
7.8769335e-06
6.3438854e-09
1.420444e-07
3.1065022e-11
1.2134573e-08
3.761714e-07
7.991956e-08
2.1793363e-07
1.0
0.99999994
2.2923516e-08
1.44702935e-05
1.9403794e-08
0.007931584
0.00036594813
8.181858e-11
1.429914e-08
1.6893769e-06
2.5062059e-06
4.2588667e-07
3.1897516e-06
1.8359092e-08
9.965999e-11
4.0685263e-06
2.8804578e-05
3.802817e-09
1.1117175e-10
0.46808255
0.093085654
7.735837e-08
3.6020973e-09
0.0051563494
1.8428865e-09
1.0969946e-09
0.011756861
3.8401136e-05
1.616769e-06
