1.0
0.9999999
2.3947864e-09
4.188033e-09
1.644266e-10
4.953722e-06
3.3808383e-06
4.3272885e-11
1.9227857e-06
0.86727154
1.7934475e-06
1.781099e-11
2.0885906e-09
9.7325294e-09
0.023566848
0.99959785
3.4313483e-09
8.2920225e-05
6.3911783e-09
2.6076454e-09
5.534262e-07
4.7308713e-06
1.1682622e-08
0.9978005
5.8297715e-05
1.3666359e-05
0.0040489924
0.00045550562
1.6370695e-09
0.0031697073
1.5851109e-07
1.2291651e-11
0.9958548
0.0001408581
6.701197e-08
0.0020123397
1.0005998e-06
1.0
5.7118777e-06
0.9648945
3.170413e-07
0.0010467323
3.1910386e-06
0.24986295
1.7823148e-05
8.26106e-08
1.1918938e-10
6.343787e-05
7.0405987e-10
1.5060571e-10
0.12729847
7.4245895e-07
4.445781e-07
4.2607387e-10
2.3420246e-10
7.8141854e-11
8.290406e-06
0.9999958
2.715699e-09
0.9978005
9.5841215e-06
0.00015694315
1.0807688e-06
3.978674e-06
3.4580563e-09
7.02479e-08
5.117955e-07
3.560079e-08
2.659751e-09
1.7442542e-09
2.672782e-07
2.3061673e-06
0.038066667
5.0752317e-07
0.15342434
1.803487e-05
1.6379096e-05
1.7075036e-11
1.1263265e-07
2.257901e-05
0.8333286
1.8992552e-05
0.0012996453
7.221446e-10
1.5893502e-08
3.5553296e-07
2.3018634e-08
1.7562034e-07
1.4049245e-10
5.3465112e-09
0.00021535887
6.5086356e-06
4.138818e-11
0.43469578
2.2375245e-08
1.1048733e-09
0.0001331304
1.6108961e-09
1.9847474e-11
9.297128e-08
2.1941062e-06
1.0233499e-05
4.4066337e-10
2.2375245e-08
5.0752317e-07
1.0192319e-10
1.01185976e-10
0.1560364
0.011746604
1.1843307e-08
1.202172e-07
5.249735e-09
7.929065e-07
8.214753e-07
2.3951963e-10
3.23294e-10
9.944381e-05
0.00015036941
1.6411462e-09
0.9978619
5.7157373e-11
0.0040886328
3.5622744e-11
1.2484544e-12
4.3060874e-11
8.778761e-10
2.4965584e-07
0.8505598
0.9999604
4.7725084e-11
0.6414364
6.3049716e-05
0.00027172136
0.9930124
8.821156e-07
0.0027341868
1.3501631e-07
6.5319644e-10
1.8458529e-08
4.745099e-05
2.6258262e-10
1.1048733e-09
4.922436e-11
4.0694226e-06
0.99912596
0.0008352391
0.018340873
1.3581357e-10
1.1263265e-07
6.1683767e-07
1.0928406e-05
0.28960752
5.2080388e-08
1.59014e-10
9.403158e-10
7.3769996e-08
0.00015086202
0.0001004195
5.8262947e-07
4.819178e-11
0.00010955935
0.99999976
0.007385802
5.0722895e-07
5.259745e-10
0.44475132
4.1201027e-08
0.0006850864
5.7630534e-10
1.3975641e-05
1.093044e-07
8.5746166e-10
0.9994147
0.2030468
1.7907799e-07
0.0003988795
5.714988e-10
5.0128037e-08
2.8917455e-09
1.4407674e-10
0.00640688
0.0031251071
0.019420845
3.0968e-11
5.9800726e-08
4.9521115e-10
3.2970427e-06
1.2063841e-05
4.4658247e-08
2.246782e-09
1.4891102e-10
6.566032e-05
8.648373e-05
5.8712264e-11
0.17256422
0.0013006148
7.402462e-10
4.438244e-12
7.810588e-09
3.2402005e-07
1.3275896e-08
0.0006355652
0.04380809
1.7646322e-10
1.0047767e-05
6.61136e-09
3.7226252e-07
5.4032282e-11
3.740994e-11
7.518337e-07
3.7377362e-10
5.0128037e-08
0.006609692
0.0013253809
0.00014651146
0.00017546963
0.00013686737
9.3484425e-07
0.010394522
0.99884474
4.3592216e-08
1.7944278e-06
0.0002006419
0.41816175
0.0014797124
0.35468137
2.672782e-07
4.7245763e-08
0.27288646
5.1404957e-08
2.6104108e-10
5.31396e-08
0.016081667
3.2041278e-08
4.68745e-05
0.005780074
4.819178e-11
0.0022214814
0.30634513
0.000616836
0.0025007713
2.280365e-06
2.1504643e-06
0.97422177
2.5170974e-09
8.545713e-11
1.1682622e-08
2.5816294e-09
3.2970427e-06
2.22173e-08
0.00016471373
3.1829964e-06
3.1245605e-07
0.9969466
0.00066214945
1.1843307e-08
3.8750914e-06
3.5520632e-05
1.1773936e-08
1.087342e-06
1.4431892e-08
9.216754e-07
2.5578014e-11
0.0042420886
5.3227525e-09
9.79717e-06
3.7794627e-05
1.7897624e-11
3.5553296e-07
7.086152e-09
0.00010803184
3.8788883e-08
3.1315073e-10
1.3170698e-08
2.1655207e-05
5.049776e-09
5.5363205e-07
2.6858186e-06
0.020492839
3.5263577e-11
3.2706655e-08
2.496002e-06
0.98914605
5.0070344e-11
4.102055e-06
2.6231695e-09
1.5673969e-07
1.8608698e-05
1.0928406e-05
5.3995993e-08
1.9579012e-07
5.0722895e-07
5.564201e-05
1.3040486e-06
5.4486062e-08
0.0012156711
1.6993176e-06
5.4987424e-11
3.689177e-10
0.999973
