0.9999935
0.9999935
0.0025841566
1.51289605e-05
0.999991
0.27718523
0.006424489
2.39299e-06
0.08915457
1.7713804e-06
0.006168808
0.00558657
0.016962172
1.7531846e-07
0.02536125
0.7761086
1.9730853e-05
0.027854042
7.847306e-05
0.040269427
0.8529863
0.029124804
1.0
0.01695901
0.9999989
0.00048482808
1.0
0.9979814
1.6366082e-08
0.00034187373
0.0033527042
0.15594926
0.0033424748
0.004467905
0.0003649639
3.7548183e-05
3.9988343e-05
0.0027339917
0.051282406
0.00020446928
0.0060052862
0.99999994
0.99999994
0.86505866
0.00031808083
7.0744437e-09
0.99999845
0.8613672
0.39255413
0.00019808294
5.165475e-07
0.012439006
0.99546677
0.025969729
3.7859893e-06
0.9999999
0.9845902
4.9660805e-05
0.64007
0.52593446
0.0014792905
0.31060234
0.00026987668
0.33193642
0.00024550193
0.02550555
0.9999979
0.89097923
4.6486603e-06
0.999922
0.9999998
0.12342896
0.019460386
0.003268933
0.9999992
0.0024914192
0.00019507392
0.54290444
0.00012800808
0.0001664922
0.0077741337
0.0005615515
0.96585673
0.002180852
3.992437e-05
0.99922
0.00036607898
1.9704377e-05
2.065535e-08
4.3985615e-06
2.6116915e-05
7.0710453e-06
0.0002269423
0.038000014
0.014615753
0.02051719
0.007093694
0.006424489
1.0
0.9996203
3.9164237e-07
0.0003297397
0.99999994
0.9942107
0.9999846
0.7293493
0.0050398135
2.065535e-08
0.3420443
0.016866313
0.0003539206
4.3243354e-06
0.010380464
0.07802563
0.00014308307
0.9996034
1.0096784e-06
0.9999982
1.764488e-06
0.54302365
7.391075e-07
0.0361292
0.9752916
0.0048706196
0.00020129896
3.0739313e-05
0.17525524
0.99999595
0.9020549
0.00050292985
3.522184e-05
3.4399063e-06
0.9998906
0.9809876
0.99865115
0.003385498
3.3889082e-06
0.00090058055
3.656376e-06
9.891047e-07
1.7721358e-06
0.8329113
0.97059435
0.14424744
0.9999997
0.9238806
0.007093694
1.0
2.72155e-06
1.0427415e-05
2.4462104e-06
0.00020605848
0.99991304
6.663521e-08
0.99399304
0.9675162
0.99999994
0.99950856
4.8737697e-06
0.024619123
0.016331024
9.641478e-05
1.245336e-07
0.9999993
0.00095651904
0.050952453
0.91035444
0.999922
0.80663043
0.8921689
0.00013358475
0.000138469
8.015037e-08
0.0008881654
5.339857e-05
0.95234853
0.9999756
2.5374138e-05
0.9922498
0.99750715
1.9584816e-06
0.0008881654
1.4279319e-06
5.9127484e-07
0.42939815
0.00014308307
2.5374138e-05
0.05490999
0.027854042
9.201797e-07
0.895347
1.0
0.006168808
7.564303e-06
0.9395267
0.43179208
0.0002116251
0.00010918961
0.78551024
0.99722046
4.7512267e-06
0.17483066
0.0089597935
6.7476076e-06
2.961866e-05
9.562004e-05
0.8796716
0.0056567104
0.39556992
0.9499249
0.026236022
2.1178625e-05
0.99922
0.0029777833
0.0005826606
0.0012158274
1.5017964e-07
4.5507636e-06
0.9853658
6.700465e-05
0.61988914
0.0018620471
0.00014074882
0.003857657
0.013784963
0.9999999
1.0
0.00032722222
0.0005932765
0.03864066
0.9999998
0.0075056353
0.9999908
1.0311989e-05
1.6978314e-05
0.0036551477
0.9999968
0.41533652
1.578362e-07
5.9096856e-05
0.99999994
0.00036275707
0.9999965
0.7338663
0.00010338378
1.0060789e-05
0.01966333
0.008368233
1.0
0.36455563
2.989403e-05
0.002167662
0.99874306
0.000822683
0.0083211595
0.0005826634
0.9999989
0.013093588
0.9999736
0.9995943
0.00016702774
4.4947987e-07
0.53324395
1.6114368e-06
0.021131296
1.8120276e-05
7.76573e-08
0.0048178094
0.0003045558
0.00029125952
3.5543664e-08
0.02051719
0.00025988347
1.792798e-07
0.73166215
1.1225861e-07
0.00019921902
0.82817155
0.002519602
2.1012593e-05
0.0033527042
6.263292e-07
0.057571787
0.16691668
0.9680515
0.0016654037
0.9999979
2.917879e-07
0.9996667
4.324923e-07
0.0006996025
0.9999986
0.96970487
0.9956833
1.0
0.36455563
0.040269427
9.034883e-06
0.15594926
0.00025254115
