1.6981155e-06
0.99565303
0.18948066
1.401317e-10
4.7995e-07
6.0167735e-05
0.3391098
4.4378567e-11
5.8079706e-07
0.9986921
0.002297455
2.106183e-06
1.048149e-07
0.9999872
0.0021078717
0.00050777546
0.0010805771
7.671063e-10
0.97436
2.9004394e-05
0.004909548
5.6495803e-14
0.00024496182
5.163064e-05
0.0009130734
0.0032496392
5.4364246e-10
2.815621e-07
2.6108576e-06
2.9194775e-09
9.900969e-05
0.99999994
6.18043e-08
3.7033303e-08
3.565846e-05
6.1055814e-09
0.12411499
0.5162546
1.9443647e-09
7.576405e-09
1.0304648e-08
0.00074727985
2.6108576e-06
1.7802886e-06
0.068514906
1.2186015e-06
1.3422856e-06
1.3811195e-06
1.0
2.4908181e-06
2.4935835e-08
0.9999764
1.0
4.9814744e-08
0.024435284
0.00053677935
7.1169353e-07
4.9241856e-07
0.0009194157
0.00012090209
1.1337794e-06
5.5386837e-09
0.99999154
5.200176e-06
2.511897e-10
4.5930218e-11
0.008597407
0.0011022263
1.6742266e-06
5.436634e-06
1.0
3.0807021e-09
2.815621e-07
5.4083373e-09
3.2292704e-08
7.1290324e-06
8.391059e-06
3.5267778e-06
0.013540234
6.004792e-13
0.003650202
3.6810835e-08
1.4279516e-08
0.93173784
1.9602735e-08
1.2959442e-06
0.99972856
0.9890138
1.0210521e-05
7.6108163e-06
3.7033303e-08
0.9936362
3.3976426e-06
1.0961242e-05
7.6314854e-10
0.00028761374
4.8354913e-08
0.0022564954
5.0190723e-11
8.680765e-06
0.16533293
6.037031e-07
0.54331434
5.030619e-08
9.569691e-10
7.5720247e-10
5.095951e-07
0.99999917
0.046980213
3.843117e-06
0.4582586
5.4080767e-05
0.00074246014
0.8903494
4.0188e-08
8.26148e-13
7.489268e-07
0.5606809
9.2015455e-08
1.4152915e-08
3.1295946e-07
2.695533e-08
9.198334e-12
0.011221242
1.1561495e-05
0.00061459263
0.00047648727
1.6238566e-08
0.8253083
5.5983405e-06
0.21736905
0.00053677935
6.0167735e-05
0.00057720725
0.027221737
0.90050095
1.1203652e-05
3.1645376e-07
4.2056404e-06
1.1411607e-07
1.6830619e-07
1.8215563e-06
1.7162987e-05
0.040750023
0.0046268227
2.9945668e-06
1.8779182e-10
0.02497042
0.0054309596
1.0673491e-05
5.8675346e-06
0.04288124
0.004909548
6.9913064e-08
1.4673868e-06
1.9512145e-06
0.00018524905
2.1812392e-09
3.524096e-05
0.00019375556
0.07619584
1.35412055e-11
9.421484e-07
0.97436
2.0165297e-05
1.9018654e-12
2.6336134e-05
0.0024632672
0.000109289096
3.7811032e-10
2.8170018e-07
1.6536786e-05
0.00056443474
0.015460483
2.5960499e-06
0.5951721
2.357455e-05
9.4820636e-05
0.00055154396
1.6808638e-08
2.4409635e-08
5.500208e-05
1.723454e-08
1.7899569e-07
8.881446e-10
3.514994e-08
9.238969e-08
2.6336134e-05
9.658949e-12
2.4977162e-05
1.2241319e-06
0.005062966
0.0001493366
0.0013839956
1.30371445e-05
5.866106e-09
0.18948066
2.5066572e-07
7.558122e-12
7.6052147e-06
0.9988935
0.0016963287
0.0075904485
0.00024731658
3.1199804e-08
6.592654e-05
5.218878e-07
5.1760988e-05
0.00044783487
7.2785465e-06
0.011578749
0.79477847
0.00033900078
2.815621e-07
1.6495442e-09
0.0009674407
6.6668514e-07
0.00013663514
0.00047136753
5.0855724e-05
2.4386821e-09
3.2604508e-08
1.8744005e-10
1.4690447e-06
3.9806822e-10
1.50171845e-05
1.7601355e-09
3.2175387e-06
0.042667218
1.237435e-05
0.47076547
2.6454167e-10
7.5062054e-11
0.99386275
3.524096e-05
2.5699192e-06
9.421484e-07
0.52087814
0.00052195636
4.0063483e-07
1.7748246e-08
2.6119674e-08
0.0016963287
2.1743632e-05
3.7275787e-09
0.31788996
4.9537718e-11
3.3976426e-06
0.9999991
5.17915e-05
1.5662016e-06
3.0425483e-08
4.684956e-09
0.008367696
0.013491941
0.00266423
4.2056404e-06
5.528686e-10
1.9823307e-05
3.1464562e-05
4.859848e-11
0.0009194157
1.3072088e-06
1.6983634e-07
5.469952e-12
5.68784e-08
0.02203142
1.8744005e-10
2.5848342e-06
1.3205909e-09
8.044792e-09
1.17951e-05
8.690593e-05
0.00036679825
3.0700263e-05
0.0002573259
3.715103e-07
0.0032496392
2.034591e-11
1.5748476e-08
0.002460618
4.5933183e-07
1.2230863e-06
4.3872253e-11
1.6405842e-07
0.45071968
1.0673491e-05
9.327678e-08
0.0054309596
0.014407821
2.0500832e-11
5.8081412e-05
6.1055814e-09
5.0190723e-11
5.1108046e-08
2.7851208e-09
0.0014204639
6.249617e-10
1.8779182e-10
0.9989812
