0.6519223
0.00911018
3.1018615e-06
0.487813
1.484599e-06
4.589613e-12
0.76713985
0.0022510183
3.2729437e-07
1.1558893e-09
2.6512037e-06
4.0820296e-13
2.2682224e-07
9.991708e-12
0.00597318
1.4466308e-06
2.5734613e-05
5.9274248e-09
0.9999994
4.324086e-07
0.001034729
0.45870942
1.201929e-07
0.00035386762
0.72866774
8.557792e-09
0.12467311
1.955876e-05
0.006746424
0.5920037
3.4090783e-05
7.682213e-06
5.2290487e-09
1.3837537e-06
1.4921787e-06
0.0024844822
6.225718e-09
0.0005317
2.5292923e-06
0.0007746909
0.9864811
0.0013750284
3.2021588e-09
0.0036710838
0.00920974
1.3457154e-07
1.598597e-05
6.7647136e-08
0.0009178341
0.95306873
2.9751362e-08
3.5807474e-08
1.6069433e-06
1.828682e-08
4.0823286e-07
0.0008606894
3.4090783e-05
2.618142e-12
7.53898e-10
6.1028113e-05
8.946707e-06
0.0132342
0.9999994
3.969707e-05
1.066406e-09
0.00091869413
3.0557036e-08
9.308525e-07
4.1744006e-06
6.2560006e-09
0.08789357
4.9364783e-09
1.0968675e-12
3.1069556e-09
2.0022828e-06
4.274769e-07
1.08263495e-10
0.9962493
5.8998154e-07
2.1277675e-08
1.6269543e-05
0.00092413765
7.5763023e-06
9.902703e-07
3.7024134e-11
1.0
3.1069556e-09
9.878241e-05
4.590587e-11
0.9199251
0.050996937
1.4991863e-07
1.9241558e-08
6.734852e-10
1.7079325e-05
1.4327157e-05
9.704651e-07
0.00017321979
4.204443e-07
0.99550325
1.6677726e-06
0.002539265
9.6319854e-05
0.9999999
0.0013284803
2.7875457e-08
3.0618454e-09
3.07035e-08
0.08260833
2.7250644e-13
5.6991226e-08
3.3280023e-10
0.00045166956
6.20262e-12
2.5256904e-05
0.0062279175
4.7215776e-06
0.0006103334
0.035877347
3.3679126e-10
4.8457027e-06
0.95157
0.0009849427
0.0016314526
0.0020881274
0.0084194
0.007271743
8.946707e-06
0.99999857
1.519903e-10
1.08263495e-10
8.500437e-06
0.21283023
2.2946837e-07
0.009964538
7.974003e-07
0.00043390336
0.00011661159
6.1121996e-09
7.373788e-05
7.733241e-08
1.2178976e-08
4.854683e-13
0.9999999
1.7038403e-07
1.6979295e-11
0.00011910238
0.9954574
1.4429133e-06
0.00015588572
0.0003968263
7.099773e-05
6.080945e-05
0.030491542
7.102125e-11
1.8443896e-07
6.5059608e-06
2.6149241e-06
0.9999995
2.125066e-06
1.3680278e-06
1.1289494e-07
3.310798e-07
0.9998683
5.1363586e-06
0.000878483
0.07757573
0.32463947
3.63202e-08
0.004797031
0.7568569
2.8608988e-06
0.00015588572
2.9760598e-09
3.78061e-07
2.7572558e-05
2.0733145e-05
1.1152782e-08
7.8243966e-07
1.274857e-05
1.0
0.9688536
1.668248e-05
3.576482e-07
1.1493307e-06
4.208577e-06
4.6912757e-10
2.0530993e-06
0.12235818
3.744792e-11
0.013432571
0.11568463
7.025098e-07
2.5666264e-08
2.1257065e-06
8.629914e-09
2.5366626e-06
4.8436952e-09
3.8005343e-05
0.00038760933
0.00066530023
9.750611e-06
0.98369914
4.578789e-07
1.7231667e-06
2.5235267e-11
0.609249
0.02600833
0.5920037
0.0134363435
5.770846e-07
4.5883747e-10
0.00048793896
2.8407695e-07
0.00020722409
4.723645e-06
0.0017657662
0.22189984
2.1041458e-08
6.7861913e-07
1.6121583e-05
9.9743535e-05
3.12183e-09
0.0006054597
2.9930314e-07
0.2358787
7.112811e-10
8.050413e-07
2.4518836e-06
6.8579725e-10
2.7875457e-08
1.3973768e-07
1.9184234e-09
0.0014591987
5.8272756e-09
0.2358787
8.726308e-06
4.3579794e-07
1.5327423e-05
0.2358787
0.06654907
1.6802169e-11
3.3606522e-08
2.6965852e-06
0.9969124
4.2628244e-07
0.0009086347
6.7283427e-06
1.3757188e-05
3.828895e-05
6.643971e-10
8.2086817e-11
0.0019343955
0.32463947
4.215879e-05
7.733241e-08
0.00060311874
1.4431972e-12
7.526915e-09
3.2729437e-07
1.7284669e-05
0.00048226534
5.152963e-07
4.410121e-06
1.7473956e-05
4.2163898e-05
3.969707e-05
0.8829834
1.4691406e-08
2.3672364e-06
3.5928295e-07
4.3579794e-07
0.12081461
6.1246334e-05
0.1320962
3.5060902e-11
0.72866774
6.2837714e-08
3.1604452e-07
2.949877e-09
9.099411e-08
8.1738915e-05
2.4459982e-06
1.2457875e-05
0.0020835972
4.2021256e-08
8.8327845e-08
0.004485573
5.0685545e-09
0.3480454
3.7586306e-05
7.0737756e-11
5.9092167e-09
3.1254388e-10
1.6163984e-10
2.6706164e-07
1.4814562e-07
0.00028667692
1.1374921e-08
0.00010384679
