0.00019525593
0.009816276
7.9441136e-08
1.0
3.2329865e-08
0.01604355
6.0974244e-06
2.6883147e-06
0.76557255
2.2112244e-08
4.7920334e-09
7.6832175e-06
0.00029858295
2.0352563e-05
7.764517e-05
0.017229047
4.1964126e-09
1.9952124e-05
2.7019862e-05
0.023647686
6.7905817e-06
8.923677e-05
0.00042564856
0.026172834
1.1184698e-07
4.2601536e-10
3.195739e-05
8.912524e-06
2.1233612e-07
1.25762005e-08
0.99854326
0.9999084
0.62620217
0.005353169
5.199861e-05
2.6883147e-06
5.334616e-07
3.102646e-08
3.9450558e-07
1.1343244e-06
1.4904732e-07
0.00043024446
7.150747e-06
5.1461498e-06
0.00011382351
3.813158e-10
0.9858877
1.9084277e-05
0.31276712
0.1884776
3.322271e-06
0.00017585889
1.0546104e-05
1.0
4.444165e-12
0.005353169
7.370572e-12
0.9913012
0.008019172
0.99891853
0.040749654
6.2735835e-06
0.044791766
0.99999833
0.001139857
9.987341e-09
8.941331e-09
1.388029e-07
0.37252557
0.9096964
1.0719313e-05
4.5280775e-08
8.086337e-06
0.00050488714
0.00031111314
0.0002569175
2.6308621e-08
1.8841924e-07
4.298307e-07
0.040399417
2.9664454e-05
0.00017815134
1.7868508e-06
0.00011590663
0.020496767
1.2826964e-11
2.4628227e-07
0.8698636
5.3822174e-07
9.430131e-11
9.088116e-06
0.9827479
4.323288e-06
1.9542465e-05
0.0004481586
1.5206231e-05
0.010415419
0.99920064
0.99912775
3.6584026e-06
5.5779736e-09
1.4869966e-06
2.695066e-07
0.99999696
6.7549845e-05
1.5348147e-07
5.7449965e-05
7.355352e-05
4.9766317e-07
0.99999654
0.0030183152
0.038078718
0.008954164
0.00018991451
3.9572146e-10
7.0290247e-07
1.9452987e-06
4.5804306e-08
0.0028390707
1.1924804e-10
0.0001404694
0.0015776122
0.5952692
4.8193506e-06
0.58662426
1.0
0.9999829
0.000118996126
3.0292298e-05
5.065539e-09
8.817252e-11
1.9250368e-08
0.0077886535
0.4329591
0.09548862
4.568437e-05
0.0074194935
0.9999986
0.3707315
9.079036e-05
0.0009299988
8.2383165e-05
2.6175728e-12
5.8508053e-06
0.6893771
1.0295964e-06
0.0005870431
7.131618e-07
3.542178e-07
1.0
0.972424
4.3904635e-07
1.149658e-07
8.6437474e-10
6.874805e-05
1.557468e-12
1.1414383e-09
5.96151e-08
0.09548862
7.727623e-08
2.8541561e-12
2.7222739e-05
0.0006584091
1.5383604e-08
0.99992234
0.00010805183
0.5224013
0.09580196
1.25762005e-08
0.972424
0.97168046
8.2303103e-07
1.5120404e-06
0.39654708
7.6832175e-06
0.024330156
0.026172834
7.2007847e-06
4.8193506e-06
1.15752734e-07
3.3042732e-06
5.5892397e-06
7.888681e-09
0.0004102079
4.6344056e-08
5.1461498e-06
0.6360086
0.0005552732
0.005416345
0.99996823
7.7178185e-05
1.6837099e-08
5.0791004e-07
0.00017900493
0.00018337532
1.5464675e-05
4.0284654e-06
9.8015725e-08
3.9354818e-05
2.4875132e-07
0.00018368699
3.4862836e-08
0.00012894771
3.0502974e-07
7.416007e-05
5.197228e-07
0.275635
5.871543e-05
0.024548126
0.0062147956
0.99401325
9.430131e-11
1.9044377e-06
0.00084298925
2.3488049e-07
6.943802e-05
1.3503866e-10
1.778435e-05
6.7193133e-07
3.36964e-06
0.0004676578
0.05442042
0.00071398687
0.10502499
3.223328e-05
4.781158e-06
1.15752734e-07
8.8718466e-10
1.3680848e-07
2.0108067e-07
2.3488049e-07
0.012563943
0.00017435687
6.3377625e-10
1.5871721e-05
0.040176887
8.012941e-05
0.25696525
1.5423964e-05
1.9226434e-05
0.89352393
1.9394736e-11
0.010564317
4.120277e-05
3.5453845e-10
6.443569e-05
0.98932254
3.3064198e-06
0.0012404025
1.3865032e-05
2.3488049e-07
0.00023844052
0.9436399
6.3729334e-05
8.644037e-06
0.034637854
0.18505909
0.02763767
2.695066e-07
0.00013638494
1.508192e-07
0.9436399
0.9987203
0.0004925911
0.9999111
0.018704506
0.081315555
8.434956e-09
1.8561744e-10
0.00058084633
2.9335067e-07
6.703549e-07
6.363848e-05
4.9006438e-08
1.5641253e-07
0.0003412443
0.0004481586
0.043160103
1.50613305e-05
0.0008398656
3.0895182e-12
0.17763565
0.655778
0.64343464
0.10139861
0.00017815134
0.00012829794
0.0014936648
0.035504304
1.24655815e-08
3.813158e-10
2.2008244e-05
9.44099e-06
0.00015364017
1.4155073e-05
0.9999478
0.05795554
6.044611e-06
2.3461469e-05
4.7926385e-08
