1.0
2.45117e-07
5.037248e-05
0.99999803
8.0313175e-06
0.99679327
2.0138081e-07
0.002796243
0.094151326
9.9758145e-06
1.4048012e-05
2.5631602e-10
6.4959085e-07
0.0029179426
1.7241976e-07
0.0010029977
3.8826634e-08
2.9253819e-08
5.368013e-07
1.3354752e-12
2.5772997e-09
0.14961717
8.2206403e-10
0.00032540047
6.148131e-06
0.19425468
3.0800435e-05
5.5382075e-06
5.0168683e-06
0.00022870547
8.04607e-08
1.025425e-06
3.8871353e-06
2.2824118e-09
4.8369347e-05
5.56643e-05
0.0060668685
4.727301e-11
0.0009876037
2.6517246e-06
0.00015778132
3.6204706e-11
0.00086596946
1.0
9.4114534e-07
7.181481e-07
2.4007365e-09
0.0002610479
0.005267199
0.0016350681
4.777981e-07
6.804804e-07
4.077114e-12
0.001745266
0.012235436
1.5479621e-07
0.0001135878
2.2151974e-07
1.1293655e-05
1.0
0.82292587
1.0
4.3771586e-05
1.8472163e-06
4.9569926e-06
1.7280547e-05
8.652128e-06
2.436443e-07
0.041703876
9.2298774e-07
1.3940286e-05
6.8952147e-07
0.013175186
0.04175844
0.99998003
1.244541e-12
0.0002736909
7.594313e-10
0.00011057047
0.0009334899
4.407437e-07
4.2672986e-07
0.001745266
5.7480736e-07
0.08259234
2.4581324e-09
4.8388866e-08
1.7446876e-08
1.3404308e-06
0.0032845826
2.4473407e-12
1.6141202e-08
0.0053751296
0.0002788489
2.9844003e-08
3.824073e-07
2.8333045e-06
6.503235e-14
0.999996
5.5973993e-05
0.064737625
1.6998689e-09
9.712292e-06
0.00019556147
2.7844153e-12
0.0002788489
0.0002560357
7.700074e-06
8.520075e-08
0.24714449
5.4646258e-05
0.009427562
5.3233947e-08
0.00040102738
1.0
0.08822092
6.6261705e-08
5.5382075e-06
3.856201e-06
0.99978113
2.4857209e-06
0.0022488837
0.65163964
2.1295931e-05
7.4393074e-06
4.9348047e-05
1.7009592e-05
4.0411834e-08
8.04607e-08
4.7372317e-10
0.0006549631
0.2550038
1.0
8.7264825e-06
9.054225e-08
0.011121699
0.99996495
7.779543e-09
2.7844153e-12
0.0011411498
0.6352719
1.5337657e-06
1.070758e-08
0.029838853
3.329676e-07
0.00020949202
8.118498e-06
0.00038430525
0.99148893
5.456835e-05
0.007323933
4.1258528e-11
0.999996
3.053432e-07
0.00067929627
1.6529548e-06
1.1616557e-05
1.4095593e-07
2.011747e-05
3.635981e-10
3.5330162e-05
2.4581324e-09
1.0
3.163015e-05
0.0016640826
0.0043538786
0.99997944
6.354127e-05
0.95906013
3.596699e-05
5.82632e-09
0.9999999
9.938768e-05
0.00093915255
2.259221e-06
1.4444001e-05
1.648605e-05
1.9377146e-10
0.94018036
2.9656872e-05
0.004964468
0.083008006
0.0016346736
0.99996495
0.0071089882
1.7222006e-06
2.0666964e-09
0.99873894
2.113966e-05
0.00010761686
0.0005749341
3.2617868e-06
9.888618e-10
1.5479621e-07
1.8535673e-06
6.503235e-14
0.00013119233
8.962683e-11
0.19432312
0.00043998632
0.027276134
7.305222e-06
2.6473733e-06
1.3606319e-07
0.0007975484
0.00013769744
5.480323e-07
1.0
3.7944756e-05
3.1684298e-08
0.0020900248
0.00013102655
5.5869896e-05
1.10813035e-05
0.0004943235
0.005879429
1.08115255e-05
8.376301e-11
0.031446893
0.9998931
0.083008006
0.965414
0.60743177
0.0011906107
0.0008087318
1.2201919e-07
2.117169e-08
9.676888e-07
1.1324908e-09
2.6491554e-12
6.9225456e-07
0.025541693
1.2723756e-05
0.002643333
3.2316638e-10
0.0023315107
5.8595342e-05
1.3698933e-06
3.2592216e-06
3.6043957e-06
0.0016346736
0.75433975
3.1211684e-07
1.5671725e-05
0.32743466
1.10199515e-07
0.0026832179
1.6838577e-08
0.9647166
5.3235194e-06
0.00084970257
8.740772e-09
8.218843e-07
1.0430372e-06
9.1267145e-07
3.3745622e-05
0.38110822
0.0757774
0.00043896245
1.9775913e-05
7.5042353e-06
0.99807006
8.8580066e-08
3.2434293e-09
1.1139877e-06
0.00013617949
8.04607e-08
2.1580358e-07
2.4581324e-09
0.0002560357
5.5869896e-05
0.00029611515
2.1823575e-10
0.047015686
9.2298774e-07
0.010849948
1.6403887e-05
0.00012098328
1.0977613e-08
1.0959329e-05
1.1783295e-05
2.8017185e-12
1.1239416e-05
0.99999684
3.5354863e-06
3.2617868e-06
6.7406e-09
0.9999984
0.0012101491
5.480323e-07
1.2609404e-06
0.73220325
1.0290373e-11
3.8826634e-08
0.017373987
0.97866476
7.806449e-05
0.0016450508
0.0012766211
0.00016872514
