0.90023416
0.9999961
0.002945905
1.3299893e-06
0.0003583799
0.0013957768
0.0011381172
9.67654e-12
0.018004913
0.011522544
0.0021993292
2.5658442e-06
2.5465494e-09
0.89686716
0.0002293068
7.5617396e-07
2.2097362e-08
0.011817257
0.04523011
2.9062562e-06
0.99999994
9.0844765e-07
0.9997345
2.466534e-07
2.776445e-08
1.7074162e-05
4.8105157e-08
3.0652696e-09
8.886206e-06
0.71217346
0.00028097662
0.000131807
6.52175e-08
0.9912378
2.9441337e-06
5.100788e-06
0.016089441
0.9865536
2.4221623e-05
3.5920064e-05
2.049508e-05
1.1761456e-08
1.7264419e-07
1.9315732e-05
0.09495239
5.9267037e-08
8.115783e-08
0.69292283
5.9966216e-05
1.3592235e-07
2.801399e-07
4.131173e-06
1.1746529e-07
2.1908427e-08
0.9999162
2.6306264e-08
3.726099e-06
1.9169733e-05
1.6431562e-10
2.2195198e-07
1.0738416e-09
0.016089441
0.00060538494
0.0014753732
0.9999982
0.0004184056
0.05699831
1.7871384e-08
3.9907038e-09
1.3100793e-06
7.0942915e-05
1.0813163e-06
1.3493793e-05
1.5945218e-06
0.10095302
6.5887175e-06
0.30739656
1.5334505e-08
0.006026049
5.4193933e-05
3.1412942e-10
4.811869e-10
0.00060538494
0.0004184056
1.427548e-06
0.000118167285
0.00096629985
3.5973278e-07
9.317498e-10
1.978841e-07
2.825854e-06
0.036303394
9.544637e-06
6.6534875e-07
4.3069754e-06
2.0217318e-08
8.2768696e-05
5.0196733e-05
7.220116e-05
1.5734626e-06
0.28330377
2.204021e-05
0.0031169073
8.343164e-08
5.00071e-07
0.0072000977
8.5602364e-10
2.7071446e-06
0.00024579588
0.99842376
4.7996567e-05
1.3524067e-07
3.9919196e-06
0.0013026306
2.7071446e-06
9.854886e-08
1.867768e-05
8.4565755e-07
6.8020556e-05
0.00032787674
8.0640825e-07
4.6409486e-06
0.9999982
0.00039977254
0.11292723
3.594547e-06
2.5380268e-07
2.7535834e-06
1.4978904e-09
1.3224485e-07
7.668504e-06
3.555405e-05
0.27179533
6.033568e-05
0.95834136
4.708389e-06
0.9865536
5.4193933e-05
0.00175874
1.6532858e-05
0.00016279276
1.3572454e-05
0.00020406846
0.40833288
2.043015e-06
1.079037e-07
0.4031559
0.00018707664
0.00028010627
0.0002588264
0.00011928081
0.00013482476
8.353166e-06
9.943606e-06
2.5313098e-09
0.41480267
0.0005374485
2.2283255e-05
1.0314684e-05
9.317498e-10
3.427282e-07
0.37882927
3.1813957e-05
1.9394825e-05
6.166471e-05
7.15231e-07
7.1570095e-05
0.00028900293
1.576257e-08
2.1374915e-05
0.10972184
0.00016279276
0.0020374225
0.11996819
5.9906444e-07
0.99897283
0.7907112
1.3971689e-07
2.3667612e-08
2.4667904e-07
0.9890263
7.5302873e-06
5.0377716e-06
0.00029501648
0.99736655
0.9999837
3.0031411e-05
0.050604884
0.00013474186
0.011817257
7.1736583e-10
3.9581732e-10
0.043924037
1.1304842e-06
5.461052e-05
2.2300222e-07
0.0002103535
0.00033168157
0.030302526
8.643745e-07
3.1412942e-10
0.0002293068
0.61624295
2.2756925e-08
9.579973e-06
6.8410184e-09
0.013256785
0.008418605
0.0004184056
0.9999714
2.043015e-06
0.89809775
0.0046707033
2.3681417e-09
1.0066517e-06
0.46794987
0.07436216
0.9999997
0.028985748
6.180471e-07
0.98355955
0.99999994
1.8526005e-05
0.00017615425
1.2775218e-06
5.458301e-07
3.730205e-08
2.0544086e-11
3.872675e-05
2.049508e-05
0.9999999
6.010774e-09
0.011031363
8.121342e-12
0.00016696421
0.000451847
2.4310531e-05
0.005573045
0.0012282038
0.03339609
0.00046071416
0.0005388465
0.029202526
0.9745544
0.40833288
0.6997738
0.17094226
9.915245e-06
0.02854853
2.9404397e-09
1.1510385e-06
0.0019824046
2.2195198e-07
1.737028e-11
3.915064e-08
1.4026256e-06
0.05927337
0.003568655
2.0320945e-06
1.320793e-08
0.0012052882
1.5817881e-05
0.42994842
3.5661628e-06
0.0022100823
0.99989206
7.109372e-07
2.5910627e-08
0.98982805
9.183381e-08
0.0034227138
4.7996567e-05
0.00453782
3.5566414e-10
2.4715027e-06
1.1673712e-08
0.0016964256
0.82001597
6.5202967e-06
1.6156356e-08
7.1316845e-06
7.5302873e-06
0.00022851628
3.7525058e-07
0.83946633
1.0705762e-08
5.033383e-08
7.136133e-09
9.3383235e-08
1.226217e-07
0.89809775
0.10595251
0.42994842
0.0003985245
4.7996567e-05
9.528442e-09
1.147348e-07
8.643745e-07
2.204021e-05
1.2111675e-09
