1.0
0.96996224
6.450347e-06
0.999863
0.016784396
4.214991e-09
0.9998384
8.559261e-09
0.0053754025
2.323046e-05
0.019928085
3.8133057e-09
8.13585e-09
1.3447795e-08
2.6744581e-05
2.8792104e-07
1.3395975e-05
1.1385534e-06
0.03369941
2.4999227e-07
2.984219e-05
3.483705e-07
5.6615574e-09
0.00625257
8.577634e-08
2.2530287e-06
0.000129308
5.3564427e-06
0.01658742
0.0003630165
0.9843844
3.4805146e-06
7.442687e-09
3.045157e-05
3.7154539e-06
0.029520378
0.00025797889
0.9999988
0.00019578238
1.3699257e-07
2.0190082e-05
0.1375244
8.449097e-08
4.981482e-09
6.7355715e-05
6.8923814e-06
0.00010928399
5.388897e-09
0.00057261484
8.766579e-06
0.70801663
2.705809e-12
4.7804288e-06
0.029109463
1.941888e-10
1.0
1.4858297e-11
1.3137628e-05
0.00015625106
3.1619987e-09
0.99923897
4.961088e-06
1.4491244e-09
0.0010881553
8.079795e-08
1.3652175e-07
2.419201e-09
0.00044918846
0.14587077
0.0017132432
0.00066331064
0.0038992485
8.537923e-06
7.257337e-09
0.1177931
0.000104135645
0.070705034
4.7804288e-06
0.0001867423
4.026342e-07
1.17949334e-07
6.076533e-06
0.00015625106
6.164479e-05
6.418099e-07
1.8885845e-05
1.13153665e-05
0.4458159
3.2634907e-07
1.0
8.4293924e-07
7.3259143e-06
0.9931299
2.1694609e-08
0.81460637
3.2633318e-07
0.00019578238
1.6265232e-05
0.00022458225
2.323046e-05
1.4491244e-09
4.2728044e-07
1.7245908e-09
8.923836e-06
1.3694232e-06
6.3568244e-08
0.0001009851
1.5761502e-10
1.0626806e-08
4.178205e-08
1.6870563e-05
2.9172247e-06
8.079795e-08
0.0015715297
0.00011155114
0.0022180849
2.984219e-05
2.1555645e-06
2.8601949e-06
0.05141713
8.778767e-05
0.9999973
4.2465774e-05
5.309541e-06
5.1444113e-11
1.39755875e-05
1.0060705e-07
4.7896752e-05
0.00022658576
1.0658696e-06
3.1606178e-05
0.9999997
0.10076958
0.9985385
7.818543e-10
0.00081023603
0.99992496
2.913772e-07
6.340308e-08
1.8877456e-08
1.203677e-07
3.8373489e-07
0.9997469
7.43156e-07
1.2810296e-10
0.99996984
1.8407864e-12
0.9964714
0.017039103
0.00039877457
5.367181e-06
2.4967067e-06
0.99900323
4.0673607e-11
0.009799169
0.0053754025
3.087776e-11
0.00017662013
6.418099e-07
0.1794022
2.3236599e-07
0.7383928
3.1977663e-05
2.323046e-05
0.0024651145
0.30208126
3.0472493e-06
3.886277e-09
0.023514949
0.036558867
3.1772516e-09
0.9825819
2.7248529e-08
6.6211106e-07
2.705809e-12
0.96996224
1.2807749e-07
0.005588351
8.3202303e-07
2.768918e-09
4.306938e-05
3.4571673e-12
1.0240168e-06
4.593307e-09
1.498617e-08
1.4940326e-06
0.023542568
0.023542568
2.5965294e-08
0.50567085
0.002210911
0.008899128
6.4301986e-07
0.00010928399
1.6629271e-07
1.0
4.6204826e-10
0.85098094
3.4888744e-05
1.1415536e-07
1.09966716e-10
4.7804288e-06
0.00010099714
2.5889863e-06
0.1639098
0.996861
0.00014173466
5.0905583e-06
7.354998e-08
0.032865405
6.552607e-09
7.430445e-06
0.014190406
0.021132618
0.056532085
1.34433124e-11
8.201862e-10
3.598515e-07
1.852488e-07
6.570775e-05
2.9319086e-05
4.2248716e-06
7.1269e-08
9.889093e-13
1.0284248e-06
0.0015715281
4.383576e-12
0.0014491486
0.81261027
0.00022588213
2.5882186e-06
1.0626806e-08
2.303751e-09
3.8133057e-09
6.076533e-06
6.0500577e-05
2.4496338e-05
0.001930971
8.620064e-06
0.0060161664
0.033788275
0.00075928774
1.0060705e-07
6.378539e-05
3.2335052e-07
7.2712643e-12
3.0125896e-08
7.3346254e-09
0.0045498293
6.570775e-05
2.5085752e-05
2.3788782e-05
0.048759576
2.2432396e-10
5.8062626e-09
4.187442e-09
0.2078899
3.8133057e-09
0.00010738109
8.322025e-12
0.0024089199
1.1794965e-05
0.006498858
0.0018537599
1.0225744e-08
0.00013268567
4.791633e-08
0.9999407
3.3201486e-09
1.8263786e-07
1.3961088e-07
7.071289e-07
3.132675e-06
0.0055726753
8.8666106e-08
0.00012243455
8.1811405e-11
0.7052111
6.340308e-08
0.95188653
0.116340436
0.0016030235
5.6820172e-05
1.7668484e-05
0.99941474
8.537923e-06
0.0010815489
2.2298443e-06
0.0026151624
2.6271215e-08
0.0003630165
3.6613378e-06
0.00010697576
0.9839884
0.0010628828
8.865577e-05
6.6211106e-07
3.356653e-09
7.8403065e-07
0.24068998
