0.9697666
0.9690842
0.03765172
0.98565954
0.062347688
0.9698507
4.1511974e-08
9.865695e-07
5.548094e-09
4.2734307e-05
0.9999978
0.16041468
8.6376334e-05
0.0027771587
3.517551e-11
0.0002909154
8.868951e-05
0.0040501775
3.4914985e-06
8.868951e-05
5.6453273e-06
2.953414e-08
1.5210175e-06
5.713299e-10
0.006272081
3.9356234e-08
8.3102845e-05
6.016477e-08
4.4154067e-06
9.637278e-07
0.037928794
4.2207157e-06
0.00018861968
0.00013256149
1.8919347e-07
1.1481527e-05
0.45353356
0.13784274
1.0159585e-12
0.43100742
0.94443923
2.9082665e-05
3.5673838e-06
0.0034093861
1.6492812e-07
2.0789603e-09
0.000108181106
2.296303e-12
0.0014413958
0.9988596
0.0002300496
1.4207002e-06
0.006456047
0.0006387472
7.6096694e-06
1.9280299e-06
0.04987247
0.6123597
8.739142e-06
0.0021058917
0.018517978
2.0000398e-05
1.407692e-07
0.66241306
8.681849e-10
0.0002173802
0.9999969
1.8352797e-07
3.1579093e-05
0.00013190052
8.991098e-09
0.9983878
0.00053719344
5.041876e-06
3.7573423e-14
5.4743746e-06
0.00022079721
1.4202233e-09
0.9896673
4.456016e-06
0.8299476
6.9312125e-07
0.00036256935
2.0329184e-08
9.660147e-08
7.0934605e-11
2.516257e-07
8.7924434e-08
9.6742e-05
6.5251047e-06
1.6087382e-12
0.00020294593
0.99934095
0.056649353
0.0028701376
1.759606e-08
5.425326e-07
0.00046448704
0.0010437543
3.3210313e-07
5.713299e-10
8.116501e-06
3.6185007e-05
0.51506174
0.00093495275
0.021211965
0.66241306
8.9493005e-07
6.3670534e-08
0.00021030215
0.0028743204
0.018100599
1.1945089e-05
3.659576e-09
0.66032964
0.000116783405
6.342482e-09
0.00056891877
9.8276205e-06
3.5470264e-05
0.056649353
5.786459e-07
2.8956366e-09
8.491637e-06
8.174258e-08
0.013139919
1.4673756e-09
0.99999994
0.00020678001
0.030941762
0.07525691
0.00012729708
0.14419183
0.0420085
0.00011090722
0.0012086096
0.0006965031
0.666742
5.763702e-06
0.00032891304
0.020057682
1.0511533e-05
2.3835923e-06
6.73099e-09
3.60747e-06
6.179882e-07
0.0006636354
0.0012951413
2.0679552e-08
0.0007879355
0.00013167433
0.9982049
7.496344e-08
0.99999994
0.0009719766
1.835386e-06
6.733997e-07
8.5559266e-05
0.000116783405
0.94443923
3.3915499e-06
7.95614e-05
0.0013483923
9.7490454e-05
2.6428455e-07
0.00020326489
0.00013655672
2.1105345e-10
6.228488e-08
0.00094003475
0.0021058917
0.22341168
1.954435e-07
1.7184955e-10
0.010260498
0.001939017
0.00016908621
3.830978e-12
1.4139882e-12
0.0018052515
0.000250192
1.0162959e-06
0.00020158188
1.1481527e-05
6.331948e-06
2.3373259e-05
1.6853635e-06
0.00050903833
0.98120195
0.13784274
0.00013215082
4.094574e-05
0.00031726912
0.8531585
4.282223e-10
0.002833319
3.2280444e-05
4.701044e-07
0.002163771
0.0005395503
3.8944763e-09
0.021858143
2.6735623e-07
1.6956169e-06
0.00050046755
3.0757478e-06
0.017076744
4.298186e-06
4.149759e-06
0.0028743204
0.0020061352
0.0015201024
1.9957608e-06
1.0074556e-05
0.9999359
9.04674e-05
0.14970632
0.00020158188
6.8316456e-07
2.5290165e-05
1.0
1.6082702e-05
5.2730996e-07
0.005738517
0.52369404
1.0083043e-05
1.315515e-07
7.52165e-07
0.000113009366
2.4198703e-09
5.373278e-08
0.9999995
0.0018196979
0.0021379844
1.4139882e-12
3.983816e-07
5.5503156e-06
1.4739041e-07
0.48554757
6.023532e-06
0.76386267
7.07886e-08
2.819055e-07
0.042876504
0.00027516708
1.778905e-05
0.5385707
7.8695143e-07
0.9879889
1.0144492e-05
2.9945895e-06
2.3837739e-11
0.0192343
4.95583e-06
1.4449842e-09
0.99999994
1.210355e-06
9.952802e-10
0.0013918026
1.210355e-06
0.003112624
3.357588e-09
0.763617
2.2692085e-08
0.0014413958
0.0026906878
0.08864139
1.5441243e-05
0.0034053836
1.4583575e-05
0.9848764
7.2713885e-07
2.2959483e-08
5.555477e-08
1.8838343e-06
8.152504e-07
0.00041780638
1.3761229e-05
0.032098204
3.199761e-08
0.67108023
0.042983398
0.99999994
8.077334e-11
5.2374453e-08
2.0122956e-05
0.02045494
2.1003293e-11
5.4318975e-06
1.2201163e-07
7.715987e-05
0.00016031452
0.0034053836
1.0116402e-09
2.608896e-05
5.074329e-09
8.868951e-05
4.985383e-05
2.6688962e-05
0.056649353
