0.9998427
0.9999963
1.0
0.60810286
1.0
0.7784407
0.00089600397
0.00013453863
0.99999917
0.00021640121
1.8957974e-10
5.722681e-09
9.1624e-07
0.002868094
4.3317486e-06
0.16126332
4.161895e-06
2.5603093e-08
1.634977e-07
2.6356283e-05
0.9980536
0.4307913
3.900667e-10
2.6023707e-07
1.1434696e-06
0.016838456
3.8987946e-09
0.99999994
0.9990027
8.157547e-05
3.082709e-05
8.171714e-09
2.2046517e-05
7.640606e-09
8.828251e-07
1.0
5.1402385e-09
1.4853417e-08
2.6131584e-08
1.0
0.58739877
3.9294744e-05
7.3781695e-05
0.0038249341
1.9574121e-07
2.1967139e-07
2.4967754e-05
5.722681e-09
2.2700258e-06
2.7319617e-08
7.18455e-07
8.166965e-05
0.888319
0.81937
0.02105817
0.0007586223
0.21088272
0.0002283503
4.124914e-06
1.5156194e-06
0.99999934
2.9957215e-05
0.09612765
2.0556818e-05
0.9271997
0.00049543154
0.00013697064
1.6960806e-08
0.41016555
1.7294404e-08
0.03086671
0.0082670655
6.0117336e-06
1.586237e-08
1.1458801e-08
6.998484e-08
0.00025925116
4.7319318e-06
0.21252537
0.00022884725
0.0011576931
0.0029988978
0.000408614
1.2914814e-09
0.001413071
2.0559787e-09
4.722919e-07
1.0
0.00017010531
0.9995808
4.654394e-05
0.9999343
0.99863005
0.0072664847
0.10369539
2.1967139e-07
9.21022e-08
0.0072664847
2.5834888e-05
2.1553922e-05
0.01651279
9.061373e-09
2.2106526e-06
6.860072e-08
0.00058423384
2.761313e-09
0.81937
6.694068e-07
1.6956614e-05
0.00011210222
1.1441917e-06
7.1293725e-06
0.0005183257
0.15418799
0.31229022
0.9997516
0.8257027
2.5432123e-06
7.79026e-10
0.0004389382
0.99999934
0.5092159
6.238737e-08
7.3191995e-07
0.9963528
0.22510917
0.5685926
0.00020151962
1.0808908e-05
0.9898593
0.00088171236
0.08115747
0.0023051044
2.558577e-06
0.00016616897
6.961187e-07
1.0
1.7263062e-08
0.014807887
2.5352903e-05
0.0033618754
6.961187e-07
3.9294744e-05
0.001028493
2.168721e-07
0.008724529
0.048165686
0.4735238
0.00021457058
0.0015271817
7.16037e-07
0.0016936185
1.0185664e-08
9.944289e-06
6.574654e-05
4.4130156e-06
1.6293075e-08
0.00010455195
0.0005183262
0.00026007657
8.596748e-08
7.18455e-07
0.000564686
3.0743475e-05
0.00021724428
0.06548941
0.00027420203
6.010668e-10
1.0397241e-08
3.670172e-05
0.16984344
0.00069411955
1.807988e-07
7.884645e-05
0.053803917
1.2357158e-06
1.2738769e-06
0.002833214
0.8945776
1.2738769e-06
0.6987566
4.496567e-05
1.0808908e-05
6.527295e-05
6.7791416e-06
0.014490003
0.006532676
0.99999994
5.847243e-05
1.525023e-13
0.008892335
5.898623e-07
1.7263062e-08
0.012514313
0.0031585537
0.00019860036
0.0016099726
0.01117693
0.03532909
6.2081276e-06
5.117677e-10
0.99999905
5.183085e-06
0.9999981
0.00014395043
5.9646725e-05
0.0051214155
0.025696231
0.0049235946
0.0002283503
9.7659195e-06
1.695608e-05
1.4099868e-11
8.8330677e-07
0.00011802967
0.005885179
0.5757531
1.5719851e-07
3.6300014e-07
0.22510917
1.6820029e-07
0.0006253822
3.0885265e-05
3.59295e-06
3.6742206e-06
0.9930719
0.0012864781
3.124428e-06
0.74049604
0.9949379
2.5985517e-05
1.1508214e-08
1.8341634e-05
0.994046
2.930911e-06
0.00019300236
0.17820315
0.00013697064
0.43496895
0.00053422165
4.659937e-05
0.24023604
7.3781695e-05
0.00065036205
2.2343471e-08
9.857093e-06
0.00017010531
2.608916e-07
0.2069806
0.08315754
5.7480463e-07
4.2466625e-05
4.940814e-07
0.0082670655
3.89064e-06
0.9999487
9.212829e-10
1.1204464e-06
0.5422591
0.81693673
1.695608e-05
0.24023604
1.8023042e-05
0.0013919048
0.00019113693
1.2292077e-05
0.09738973
3.7132664e-05
0.03086671
3.780772e-06
7.2204857e-06
6.877022e-05
5.8194314e-06
1.5830715e-06
2.5742747e-08
2.579215e-11
0.00044999545
4.654394e-05
0.07813351
0.005824627
0.99793184
0.7784407
2.4687512e-09
0.007873541
1.0
4.1172996e-05
0.99354476
2.0121095e-05
1.3356791e-08
4.1838118e-07
5.785681e-08
0.9983898
0.010706093
0.0003116368
1.6233492e-06
1.1441917e-06
0.00043415595
3.9294744e-05
1.8056659e-05
6.2240084e-05
