0.008896786
0.0019164645
1.3744379e-07
0.016726209
0.99999964
5.223737e-05
0.00052640133
0.29891288
1.5521303e-08
1.9404965e-07
0.001145635
1.3722333e-05
1.822046e-08
9.501967e-08
1.2602474e-05
3.2765638e-05
0.0004821518
0.99633443
1.6328128e-09
0.00081119087
3.601416e-07
0.0073566167
5.5018786e-06
0.0019415036
1.7119825e-06
0.0004532557
4.03365e-09
6.5573706e-09
1.5681115e-07
0.0002990761
2.9219049e-05
7.7301723e-07
0.0029412825
1.0392631e-10
1.2160632e-07
0.82091707
2.0728103e-06
3.142564e-05
2.9754355e-09
8.280833e-05
1.6694878e-05
0.00010925846
3.2882624e-11
8.048196e-10
3.4920342e-07
5.1956764e-08
8.888537e-06
1.211335e-07
0.99999315
0.9997102
0.99999535
8.91497e-09
5.9604696e-07
5.552977e-08
0.030176822
0.00013878281
0.00114753
1.05306256e-07
3.1656684e-06
0.23256162
0.32515574
2.0250448e-06
0.98464906
3.410945e-05
0.032414265
0.0513568
0.0011176207
6.1860794e-07
3.073729e-07
0.009512578
0.03831237
3.0595377e-06
0.071981244
1.2025308e-13
0.0008028024
1.7901626e-05
0.0012738318
0.8997655
0.00046237634
6.488287e-08
1.1108527e-06
5.707488e-07
3.5560694e-05
0.0013072715
2.0141119e-05
1.971831e-06
6.230211e-08
0.0005262741
1.737044e-08
2.44164e-06
0.8828151
2.4383468e-07
0.0012471724
0.008235596
0.023825966
1.0189278e-08
2.8243972e-09
2.1883396e-07
3.6684252e-08
4.2644365e-06
2.7593774e-06
1.2202866e-05
7.2041596e-12
1.7293864e-06
1.5874936e-07
9.180001e-08
3.5673937e-05
1.7504631e-07
8.219057e-10
0.0006730802
0.32515574
0.0010984663
1.1511792e-08
0.00058122905
0.010048716
2.9754355e-09
0.00029078728
6.190287e-10
5.0524857e-08
1.4737295e-05
1.4841471e-07
1.800121e-05
2.8470957e-05
3.4768718e-06
5.8405084e-07
8.167518e-10
9.186933e-06
0.9948084
0.9594549
4.3539138e-11
3.9972073e-10
0.0010693556
6.7328673e-12
0.00025662032
3.378867e-08
1.6054744e-06
0.9999996
4.8499318e-05
1.0088083e-06
1.1510366e-08
0.1397534
0.00014153641
7.3560186e-05
8.527617e-07
0.004637895
1.0038792e-06
4.2949123e-05
0.00019698414
6.230211e-08
4.2949123e-05
1.0
1.6388292e-08
0.005599764
6.068871e-06
1.5745474e-05
2.3259417e-09
1.4191706e-08
7.882954e-05
0.005127873
4.483066e-06
0.000104995655
4.3106633e-07
7.085827e-05
0.9900438
0.99819183
2.8822878e-11
8.820538e-05
3.1422317e-06
1.5202384e-11
8.6108485e-05
0.69542766
0.007836201
5.07459e-05
1.5148593e-06
0.1764544
2.0980175e-05
1.4494977e-06
1.8477062e-05
0.095745325
0.9981289
1.4654464e-08
6.8593266e-08
4.3539138e-11
3.1475136e-10
0.6982531
4.193165e-06
1.4072464e-07
1.4823072e-06
1.8198448e-07
1.16429635e-11
6.051868e-07
0.00044597322
0.9997102
2.1140364e-07
4.032598e-08
0.9999889
0.9304923
2.211449e-05
2.457647e-06
0.0044760224
0.5317514
6.7983374e-06
2.0361707e-05
6.529653e-07
2.3506693e-07
0.23256162
8.4730056e-10
0.9994799
5.4150675e-09
1.5455417e-09
2.1933763e-08
2.3105773e-08
2.0369384e-09
1.05306256e-07
0.06098875
9.821361e-06
9.541765e-07
2.502456e-11
5.855176e-08
3.026603e-07
4.7265153e-06
0.000702722
1.8904436e-09
0.82196575
0.0039676973
1.50877395e-05
2.0103642e-05
0.00084666855
6.7983374e-06
2.367392e-09
6.383113e-06
0.9995211
0.0008341248
0.06408256
0.015617794
0.9993178
7.9913237e-10
8.812456e-06
3.5508968e-08
1.1870116e-10
1.9746706e-06
1.7123591e-08
1.1308465e-06
0.003496329
1.1747364e-10
0.028497474
4.9623654e-06
0.057534426
1.1885624e-08
0.92904747
0.38350552
1.8452269e-05
1.8779173e-07
0.014580955
0.00013422508
0.00030239858
0.021571087
0.0073566167
0.0009402345
1.05148154e-10
3.467891e-09
6.031006e-07
1.5374768e-05
3.5438806e-08
3.777762e-08
4.3843695e-05
1.3089824e-07
9.374223e-05
1.60307e-05
0.00020167897
5.3163116e-05
3.3548417e-06
2.8194924e-10
5.717207e-08
0.0023432071
7.122318e-09
0.0983309
0.076703556
3.852912e-05
6.383113e-06
0.08080819
7.7462285e-09
5.070323e-13
0.011592214
0.0011418598
5.6989816e-08
0.000104995655
2.7749533e-05
5.358849e-05
3.1754154e-13
2.4655795e-09
1.0279442e-08
1.4331043e-10
4.7624617e-05
1.2500566e-06
4.091834e-06
1.822046e-08
3.028144e-08
1.0
0.000233842
