0.5757721
7.284591e-08
3.8875165e-05
0.35350335
3.0645095e-09
0.0008182384
6.3687633e-09
8.4702785e-13
6.5406715e-07
4.7677028e-07
0.00014028896
0.00017716257
0.0041423864
0.03298315
3.614316e-11
5.7777845e-07
0.99952316
1.4803887e-06
2.919518e-08
4.57932e-05
0.00012880345
4.982156e-05
0.09515464
0.9603478
7.2617745e-06
1.5435178e-09
2.9874649e-05
0.24806836
3.8146206e-06
0.033271316
3.9572923e-09
1.1393719e-09
3.9083248e-09
0.99999994
0.21796826
0.9999629
6.3850144e-05
0.00014126244
0.31178254
0.0006789901
1.1330789e-06
2.7070877e-05
0.0056098127
0.0006158811
0.0006158811
0.89598835
1.04122485e-07
1.2791984e-10
2.6438562e-07
8.394197e-06
1.252898e-05
0.98874253
0.0049882894
0.024175169
4.9742775e-06
1.4698043e-06
1.0687849e-08
0.08256776
1.4378567e-07
5.283531e-05
0.9999715
9.4592195e-08
0.9987494
2.2503966e-05
4.441032e-06
0.0035041778
2.8725178e-06
0.9989602
0.00044126806
2.7299645e-06
6.523516e-07
0.99999917
0.13951778
0.0057341163
5.813005e-11
1.7513178e-06
4.986158e-05
0.99999905
0.011370292
8.787079e-08
3.3807623e-08
5.7400104e-07
2.1542358e-07
2.570013e-05
2.3075385e-08
6.224686e-06
0.06691193
5.7777845e-07
0.0041423864
1.8117686e-05
1.2664877e-06
0.013946658
1.0059944e-05
2.3233106e-06
3.6727072e-06
0.026472753
0.002794055
6.260647e-08
0.99990416
4.978844e-07
1.661433e-12
2.134594e-06
3.500936e-05
2.764007e-08
0.2099012
1.808475e-05
7.362882e-06
3.9572923e-09
0.966181
0.18703112
1.0813549e-11
0.04635238
0.008576047
2.012119e-05
0.72570926
0.9909965
2.7509902e-06
4.5516128e-05
4.528213e-06
0.19619305
0.00013596281
3.0902286e-10
3.706485e-10
0.009268193
4.190175e-05
1.654365e-09
5.9846115e-09
1.1743965e-09
0.00036102533
0.0034392264
8.2981995e-09
1.7202721e-07
1.6582831e-08
1.0462965e-09
0.0031039566
7.8019175e-06
1.5576648e-05
0.9369082
8.708352e-06
0.00014431957
1.674124e-05
0.00010484648
5.095619e-06
3.8222403e-05
0.9999585
0.011686245
0.005556906
9.189905e-07
4.7266337e-11
1.3318041e-07
1.3318028e-07
3.5682413e-06
8.067153e-08
2.3193376e-08
1.0188812e-08
0.7445377
0.00056128134
1.5488688e-11
6.786205e-06
0.0003003843
1.0155135e-07
0.99997824
0.7693987
2.1192859e-12
1.0777967e-07
0.0007556065
0.5876642
3.3822072e-08
1.438633e-07
3.867098e-12
0.34257016
1.0470023e-05
3.2452686e-08
0.0016974483
2.9639102e-06
7.681591e-06
1.2873267e-06
0.00012447756
2.2652616e-06
7.362882e-06
3.270682e-05
3.8832537e-09
2.5076352e-07
3.3265122e-13
0.05012553
1.3440867e-06
4.153026e-12
6.9882764e-05
6.9063566e-07
5.232701e-06
0.98413026
1.6171627e-05
0.00014431957
5.183153e-09
1.9526898e-09
1.0
7.7654613e-07
3.0533992e-10
3.1529657e-06
8.282686e-06
7.6383844e-11
0.0002975023
0.00010332515
0.0005334869
4.7725135e-09
6.0872814e-08
1.2434862e-06
0.0005222659
0.025810318
0.00017716257
8.374048e-06
0.032844257
1.546146e-05
0.004625086
0.007866749
0.0018179804
6.2819594e-09
3.145999e-07
4.4581182e-05
1.674124e-05
0.0011434692
0.18703112
3.867098e-12
1.18164235e-05
1.18164235e-05
9.4180615e-07
0.00025910637
8.9069835e-07
0.88865745
1.654365e-09
1.062104e-06
0.00014740984
2.3166833e-05
5.164123e-05
0.0019350852
0.6824439
1.4961507e-05
0.097206935
0.2659943
0.0004090815
0.088729955
0.000115512405
1.2250031e-06
3.934824e-06
5.164123e-05
2.431731e-11
1.2820636e-10
0.9987494
1.0
0.9982269
0.9884205
1.8174908e-06
1.3786303e-08
1.1012298e-06
0.00047565476
0.00013596281
3.324491e-08
0.00061885524
0.9999998
5.0185394e-05
1.1245319e-07
0.002203179
6.919289e-11
6.0082704e-05
0.00026347084
0.0001424794
1.2858756e-05
0.00020255215
3.706485e-10
1.5617719e-06
2.1314312e-08
0.46982372
0.034364536
0.0002275952
1.8940591e-06
1.048525e-07
0.9901402
3.0806855e-06
1.9800256e-05
0.00034386734
1.957152e-06
3.8522054e-12
0.9995904
0.08256776
0.84412366
9.725627e-07
0.0006409675
4.360482e-07
3.3817944e-08
1.1505497e-07
4.6638905e-07
0.00070909376
0.9999999
0.013946658
3.557005e-07
9.0024574e-09
0.5533221
5.283531e-05
6.252795e-05
2.3057336e-09
