0.58128035
0.0025851622
1.0691522e-11
0.00012366715
5.274057e-05
0.00010185463
0.115597606
1.219642e-05
8.5572076e-08
2.5622692e-06
2.536575e-07
0.024871698
7.5235403e-06
8.9973226e-05
1.4082802e-11
0.00025307722
0.00020791045
0.009722506
0.19305743
0.06159622
1.1385811e-09
6.6103305e-05
1.1296369e-05
1.0
0.0019995044
2.7673464e-06
0.00010226513
0.9985383
0.0010963827
0.00014183403
0.9670666
6.7058703e-10
5.0881313e-06
0.22095165
0.011123292
5.0708678e-08
0.0007082907
0.0045843315
0.28008664
3.825134e-06
6.356624e-05
0.23464915
0.00022632882
0.96452534
8.918272e-06
0.024447005
0.00012207119
0.054391567
0.35656142
1.49478865e-05
3.3339544e-05
0.00062291586
0.0806556
0.028411027
2.7897796e-08
2.9108869e-09
0.000597067
0.99791914
3.463508e-05
3.1505851e-06
6.9976565e-08
7.4038934e-07
0.016490826
0.45002466
0.001491773
6.7058703e-10
0.005789052
0.0001252866
0.0021640118
0.00025323385
0.000597067
0.0027285237
0.2435131
0.00020515981
0.16961265
0.017724814
0.029615346
7.526177e-05
2.611258e-05
4.908559e-05
0.00024652836
1.2868783e-07
0.0027285237
0.0034556608
3.704599e-06
0.0002244198
0.0108085135
5.1159644e-05
0.9999998
1.32823125e-05
0.0064380537
7.69024e-05
2.1834616e-07
0.013129164
0.1905309
7.786739e-06
0.9958434
0.0039737946
1.9623496e-06
7.935012e-08
0.0054051518
2.2682365e-05
0.005789052
5.3503163e-06
3.4719473e-05
5.2709456e-06
1.3213205e-06
0.0063979467
0.99225426
0.42538658
0.72496617
1.5179364e-07
8.8843404e-07
9.330875e-06
5.4153176e-08
0.08042378
0.00043669538
0.00012255707
0.99999946
6.356624e-05
1.8995994e-05
0.00027547684
2.559021e-07
0.14730777
0.0002700965
0.80175674
5.742266e-07
2.511323e-05
5.937905e-06
3.1443224e-07
0.007189076
1.017073e-09
2.2433076e-06
2.9421304e-07
5.453384e-07
6.774617e-07
0.0027859942
3.2927706e-05
2.5622692e-06
0.0073925448
3.659931e-05
0.00028124193
0.000958284
0.00020360162
0.7243742
1.6532401e-06
0.0004028326
0.0012595957
2.1093173e-08
0.02570417
0.17344505
1.0
1.6048534e-05
0.0005047043
7.9166265e-09
0.001349183
2.053259e-09
9.132374e-07
0.067382686
2.2682365e-05
0.00021441844
4.4090402e-09
0.052446198
0.9651839
0.0026876798
1.5317326e-05
4.5398124e-08
6.985804e-05
0.015197617
1.2907237e-05
7.320422e-10
0.015015791
0.99948156
3.7710455e-05
2.7673464e-06
0.005724167
0.0005002319
1.2475545e-06
0.004600331
0.12560526
0.0022567164
7.9166265e-09
0.0019251856
0.0012574621
5.5507557e-05
1.489667e-05
2.9588696e-07
3.3082437e-05
0.05840071
1.0
0.99995244
0.23167923
0.00073215336
0.9983054
0.11570794
4.1324638e-05
1.7141865e-07
0.4326489
4.9218474e-05
0.30898017
1.49478865e-05
1.2934378e-06
0.0011095247
6.002585e-07
0.9999998
2.4354575e-05
0.0004492647
0.0028091914
0.94794196
1.6949622e-07
0.13785607
0.6091999
0.96663284
6.090252e-09
0.00067768624
1.0094734e-05
0.0030684043
0.8397814
0.9999884
0.9993933
1.7992992e-10
1.0234607e-07
0.99131316
0.8163488
0.998893
0.00062797434
2.4649926e-05
0.026646452
8.523353e-05
0.0009634849
0.002786601
1.0666551e-05
0.0077727954
0.00011159209
0.003502528
2.830363e-05
0.9857455
0.00013615911
0.7539847
1.7730692e-07
0.37552643
2.4337936e-09
5.565096e-08
6.002585e-07
0.9926251
0.05524026
0.9985383
0.00016921428
0.57874095
1.3973545e-06
0.034514274
5.1042484e-08
1.6949622e-07
0.00011159209
0.014271238
0.7610119
3.0871128e-05
0.0031151283
4.3506643e-09
0.013301946
0.0064380537
8.884349e-07
0.99999976
8.344928e-07
0.056932386
0.00026912664
0.99999744
0.99321187
0.8313629
1.3973545e-06
0.00017341081
4.0797988e-07
0.00013694896
1.3214752e-07
1.0838896e-09
0.6924049
5.5623794e-08
2.9984568e-07
0.090220645
0.99602133
0.0068909563
0.0045383843
1.3073212e-05
0.0098482985
9.391477e-07
9.123568e-05
0.45417768
0.9330845
0.0039737946
1.6761208e-10
0.9999999
0.000101306956
6.4861204e-05
0.04604628
4.0797988e-07
1.2868783e-07
4.0146477e-07
0.32099414
0.0048808595
0.0023657246
