0.0005702472
2.6775868e-09
4.764337e-09
4.729446e-06
4.8033275e-08
0.1262332
4.1609346e-06
2.3524335e-05
7.158264e-11
1.3843341e-13
7.3212627e-06
3.251531e-05
2.4075399e-14
4.329802e-05
0.7244033
0.00033473558
1.2147233e-09
2.1488498e-07
4.1810104e-06
6.3364423e-06
6.0134407e-05
8.817643e-06
0.99999994
2.10557e-05
4.087728e-08
7.528023e-12
4.5728456e-07
0.20546433
4.764337e-09
1.5274174e-11
1.2206249e-07
1.2104463e-10
4.087728e-08
1.641406e-09
0.99735045
3.431712e-05
6.2930255e-10
1.510694e-07
0.0001396193
0.17644434
2.7044532e-06
6.458947e-09
3.964008e-09
6.460794e-06
0.00032073492
4.872106e-08
0.00014471673
0.67653525
8.612898e-08
8.186349e-05
0.00044110257
4.875955e-06
0.996601
2.8225676e-08
0.9996749
4.891054e-07
4.0730374e-05
0.031288207
6.799119e-09
0.0053353296
0.0003262292
4.2193233e-06
0.9958509
2.2266091e-05
7.086052e-06
6.410348e-08
2.9732582e-06
5.482435e-05
6.460794e-06
0.011877065
0.99999654
1.1690172e-09
7.6971074e-10
0.008336603
0.00083025586
3.4429604e-08
0.9724522
1.0938491e-07
0.14928652
5.672174e-07
2.0288518e-07
5.8611367e-06
0.782724
7.7412085e-07
2.2728074e-05
0.000974547
4.6434643e-09
0.020257786
4.6270134e-07
1.4464595e-07
1.8107076e-07
0.979656
5.870435e-05
1.27156135e-08
1.6869953e-08
3.8588905e-08
6.6049594e-08
0.0021846928
1.324653e-08
1.5114952e-07
1.7654156e-07
0.9986417
1.8924178e-08
1.4507739e-05
0.9937162
0.8527966
3.2792858e-08
4.4581037e-09
0.8701879
0.00089829875
1.0
1.0379921e-05
2.7989425e-11
0.9999989
1.7943245e-05
2.8807819e-11
8.612898e-08
9.034344e-10
7.943257e-06
3.3180434e-11
4.9854308e-11
2.1513946e-09
0.98428446
0.035913583
1.0571051e-08
0.9705822
0.0006057904
4.464279e-10
3.3841932e-06
7.824604e-05
6.2930255e-10
0.0086562075
0.0023672297
5.1756006e-11
1.035916e-07
1.8519934e-11
1.1402743e-05
1.8051867e-07
8.541323e-07
4.424498e-05
0.16041225
0.000109644214
0.9982214
4.645722e-06
4.764337e-09
0.06866366
9.231442e-06
5.801832e-06
0.0059396583
0.00032076245
0.07306299
0.03310013
0.001230826
4.063984e-09
1.7494928e-08
6.20958e-12
1.5330183e-07
1.9965757e-06
2.2538962e-11
0.7617805
6.047824e-10
2.8822244e-05
0.00060964015
7.377393e-08
4.645722e-06
7.7412085e-07
0.06956789
9.657412e-10
4.6299583e-06
3.941723e-06
1.7438829e-06
9.957375e-06
0.09845622
0.035913583
0.0001625517
4.6680867e-07
3.0761417e-08
2.5721727e-09
0.0006025364
3.623374e-10
0.15236
2.8822244e-05
0.9999881
0.003684585
1.6224392e-06
1.3843341e-13
2.6153179e-05
1.8639354e-05
4.9410206e-05
0.9999957
0.0019604622
0.8154724
0.9999989
4.8510883e-05
8.6417285e-06
0.9983742
3.6608305e-10
4.8271063e-06
4.0980353e-06
0.00033473558
2.182436e-05
2.880032e-09
3.1765555e-06
2.2638571e-07
4.8271063e-06
8.9173176e-09
8.727298e-06
4.5929016e-10
4.7558913e-07
0.9999976
5.8611367e-06
0.0033299397
8.199097e-09
1.620499e-05
2.9665346e-08
0.91008955
1.08573295e-05
4.8535744e-06
0.024882335
3.3559186e-08
5.759004e-07
0.020807045
0.00014448012
6.646347e-07
1.950815e-07
2.5894528e-07
0.0002667595
1.3321461e-05
4.9410206e-05
0.8715948
1.9537396e-05
8.727298e-06
0.35832694
0.0044861394
9.187127e-07
4.125369e-09
0.9443878
7.1213145e-07
0.0010966313
0.0050029466
5.475774e-13
4.087728e-08
0.97176224
1.6511351e-11
1.6511351e-11
3.388018e-05
0.001350385
3.4451396e-06
0.9464079
1.9429167e-07
8.303787e-13
0.3524468
4.79982e-07
0.9937162
2.344e-05
1.3999139e-07
3.485951e-08
1.0989558e-07
0.56659406
2.0502875e-06
3.498954e-08
0.0075304266
3.599638e-06
5.6830144e-05
0.0002661521
0.87159485
1.0750174e-10
3.6172846e-06
1.2612371e-09
6.400184e-08
5.4017395e-09
1.2007386e-09
1.3937075e-07
7.644983e-08
0.99999994
2.7382712e-05
1.2796895e-07
1.5258706e-08
0.11446815
4.6254086e-06
9.830064e-07
3.8896903e-08
6.679068e-09
0.0006828194
9.231442e-06
1.0305147e-05
0.8966139
1.869978e-05
0.009356964
0.017672917
1.17769805e-05
5.6467175e-05
2.4075399e-14
6.20958e-12
2.9665346e-08
1.0
5.9508283e-09
4.7976147e-07
7.824604e-05
7.8839985e-06
