0.9960903
0.99999994
0.99885845
1.0
0.9999573
0.9804241
0.9994261
0.27266535
8.470075e-06
1.511697e-11
1.0568143e-05
3.4255347e-06
5.308692e-08
0.022543008
2.1466458e-07
2.7300816e-06
0.9999979
9.1415175e-10
0.00885815
6.9016445e-05
0.005978295
0.0011026043
0.16313681
7.123419e-06
0.00033546382
1.6972704e-06
0.00014058116
2.3636863e-05
0.015859153
0.013164632
4.679067e-05
0.4073378
0.0003487075
0.00028395347
0.0003757639
0.0017259117
0.07807022
0.96073085
7.636318e-07
2.3851383e-11
0.00050799205
0.020197436
2.044025e-05
6.2897525e-06
1.6067064e-05
1.0470403e-05
0.9870167
0.0001034391
0.46253234
0.42583767
1.3778516e-06
1.1817393e-05
6.675862e-06
0.0022113444
0.99999183
4.0413838e-08
0.18558444
6.734718e-05
7.460563e-10
6.2897525e-06
6.1626906e-07
0.0034197255
3.852132e-06
1.7442171e-06
1.3178762e-05
7.8619166e-08
0.014651541
2.7112131e-08
0.9994993
7.3549415e-08
0.00017272893
0.37972265
8.250493e-08
4.4856222e-07
3.051538e-05
0.22270727
0.0005388046
0.020924803
0.0003959134
2.3108712e-05
1.86344e-09
0.006242176
2.7859971e-05
2.0904747e-06
6.1854116e-05
9.4650903e-07
9.2168975e-08
0.45289388
8.243549e-10
7.986759e-06
6.125658e-07
0.00058611983
3.1250351e-09
5.308692e-08
8.686019e-05
0.20578055
0.0024793101
0.00036152714
7.4633436e-07
1.0
9.526494e-06
0.022384297
0.00047058726
2.2282831e-05
1.3496176e-06
0.23749141
3.2131982e-07
0.0002049221
7.2681696e-06
0.58263206
0.013164632
3.1648736e-11
0.33364224
0.59267074
4.388337e-07
7.636318e-07
0.00036001435
0.00044157208
7.460563e-10
9.6951535e-06
0.25317845
0.0020027652
0.0003423099
4.5775974e-07
0.00039215785
1.3556004e-06
0.90216935
7.123419e-06
1.5468209e-10
0.07426095
3.5438913e-07
6.385391e-09
0.003209705
5.6992533e-08
0.0028641121
0.083897695
0.0034760695
3.8339225e-05
0.15885186
0.19321284
2.5781035e-06
0.9999129
3.258196e-06
6.394922e-05
3.2118187e-05
0.89697194
7.1769557e-07
2.2539165e-12
0.8221236
7.9975514e-05
1.1081102e-06
7.108878e-05
0.00028395347
2.9944307e-11
0.0010484183
0.99571216
1.1472447e-08
0.0024541016
0.0029880279
1.2250568e-06
5.7383986e-09
2.8584223e-08
0.055980604
1.7442171e-06
0.85115874
0.0009171741
1.2057739e-09
6.1354903e-09
8.888825e-06
0.00012654297
1.0020952e-06
1.9390387e-05
0.0048230295
0.52660525
0.000116128555
1.6067064e-05
5.063619e-07
0.0018155713
2.0278285e-05
6.4707656e-11
3.3700833e-06
2.4565583e-05
0.020867003
7.952022e-05
0.0026702667
0.999609
1.233839e-08
0.0003297765
0.006242179
9.715002e-09
3.061579e-07
5.1977833e-05
2.0986113e-07
1.86344e-09
0.006100528
0.00021178799
0.9994604
0.9428299
2.7449987e-08
0.00025113195
8.5310603e-10
2.049402e-08
0.78706795
0.9981843
0.0003487075
0.00066241453
0.00014690174
3.2141354e-08
0.061846085
0.99995214
7.910372e-05
9.046309e-05
1.0568143e-05
9.4650903e-07
0.18654868
0.026813027
0.0024541016
0.9903259
1.2242369e-06
0.99871534
0.9999991
0.89516336
0.11709821
1.511697e-11
0.008370138
0.90216935
0.0030238247
0.9946238
3.308797e-07
6.2880035e-12
0.9833048
1.0763622e-12
0.030504683
0.78706795
7.4633436e-07
5.448295e-07
0.00013961676
1.6527594e-06
1.3496176e-06
2.714608e-07
1.7932996e-05
2.2419546e-05
2.9004937e-10
7.4286623e-07
0.8987681
1.0
0.065857254
0.9941202
6.056037e-08
1.150051e-06
0.0005138948
0.00059305975
0.9999991
6.592851e-07
0.9999213
0.0039390293
0.55592567
5.3094163e-07
4.3299187e-06
3.9125332e-08
2.7266703e-06
8.3521995e-10
0.00852402
0.051901832
6.203034e-08
1.03896355e-05
0.02969523
0.95503193
1.0
0.99984604
3.8339225e-05
5.448295e-07
5.0102136e-07
0.00014424253
7.2681696e-06
1.1621188e-09
0.99999994
0.0109474575
1.10951184e-07
3.71876e-12
1.0250607e-11
0.00023004542
0.00030040432
3.917903e-07
2.4445742e-05
4.1072563e-09
2.981672e-06
2.6892121e-06
0.99980617
0.9998485
0.00403015
0.015262368
0.9896445
9.848238e-05
0.008671533
0.95819825
0.14769979
4.1241372e-05
3.1817264e-05
0.00050799205
