1.0
0.00010028218
0.16917256
0.00012270687
0.0055183102
4.6896606e-08
0.00043424038
0.4459268
0.00019086486
4.7471775e-07
0.0015054081
5.184289e-05
6.98803e-05
0.9999984
0.0003193838
3.9098925e-08
0.6476005
1.4600361e-06
1.13533474e-07
1.16420415e-05
8.092749e-07
2.5622707e-10
9.672847e-07
8.142141e-08
5.6202856e-09
6.7641714e-08
0.3930878
0.9314708
0.99999994
2.4249122e-08
9.163561e-11
0.00019659892
0.00041069777
7.810032e-06
8.699963e-05
1.4334427e-07
0.00057960534
0.00031954705
0.00029255808
1.3345332e-08
6.0859224e-05
3.506684e-08
0.92344606
0.5157216
4.34608e-05
3.1200245e-05
0.9999982
0.991692
7.288413e-08
3.0260942e-06
0.9982394
1.4334427e-07
8.966917e-06
9.7212134e-05
2.0354797e-05
0.18266301
2.1499823e-06
0.00013004386
3.1050404e-10
0.0008486616
3.845823e-07
0.10487568
8.005372e-06
0.072943404
4.0790514e-08
1.567415e-06
0.9949733
4.3775564e-10
0.27214107
2.116192e-08
0.57764554
0.019650452
5.843796e-08
0.0013912189
2.5082978e-05
0.0021908383
0.07719701
1.1276846e-08
6.13582e-07
1.3664504e-10
2.6434202e-07
0.7766372
4.3036838e-10
7.199656e-05
1.9506434e-08
1.9910937e-12
9.197173e-07
0.013734264
3.888887e-09
0.96938056
0.0007797034
0.9978461
3.8250173e-06
0.00054417487
7.806449e-07
0.074308656
0.002382406
0.8627627
0.00020322573
0.0046644406
4.1390877e-06
4.91998e-07
0.9759568
0.00081031164
0.013506698
6.5865905e-05
0.00019659892
0.006959164
5.063933e-07
1.0
1.112947e-06
3.89958e-05
3.8379498e-05
0.06008081
1.1826234e-07
0.00014006921
1.8963314e-07
1.1943722e-05
4.5917124e-05
0.00024445786
0.00010419276
2.6339883e-06
0.3210596
2.775921e-06
0.06726125
0.5251429
1.0814813e-06
1.8794545e-07
0.00054417487
1.4309254e-07
0.016472153
7.236548e-09
0.23045962
1.2299361e-06
0.9995418
3.4806428e-05
0.013375502
0.00029778152
0.9892991
1.6224843e-05
0.00012630802
0.00012407916
0.9954134
0.00027149092
0.00086616667
0.0108740525
1.3386372e-06
1.1943722e-05
0.03274306
6.3400716e-07
0.9971
4.249472e-06
2.3082654e-07
1.0120967e-07
4.9754752e-11
6.781708e-07
0.0017508666
0.112277865
0.00033486006
1.7995013e-05
0.014152461
8.063851e-06
0.0014465386
0.13325018
0.9726321
0.00010617474
0.00083512446
1.2568572e-06
1.4115855e-06
0.9999991
0.9848306
0.9995574
0.04801339
2.2013815e-08
8.361386e-07
6.5930647e-07
0.99504095
0.015962215
0.00021674793
0.14690839
1.5431448e-08
0.0073390426
4.9917296e-11
9.090303e-12
0.043538813
1.0963864e-06
5.6962807e-10
3.7134947e-07
4.9189612e-08
5.0035642e-09
5.693827e-06
4.9932078e-06
2.6771682e-05
2.1228377e-06
1.6224843e-05
0.00033196152
0.065512195
4.4810642e-07
1.2089395e-06
0.99987787
1.4334427e-07
2.0084268e-05
3.7134947e-07
2.978785e-07
5.692805e-10
1.7979677e-05
1.905067e-05
1.5148345e-07
0.014035805
2.8216174e-10
1.5930534e-07
0.013375502
3.684895e-06
0.00086616667
0.02151723
0.00060886436
0.89066756
0.9997378
0.9827383
5.167214e-07
0.00033918393
0.0030221632
0.0001117887
4.84409e-06
1.3581729e-06
9.0374515e-06
0.99978054
0.9376625
1.1656289e-06
2.3464601e-05
0.9983
8.1274445e-09
2.3871496e-07
7.108409e-07
5.184289e-05
0.00050939294
0.0001117887
0.99985355
4.994467e-05
2.743424e-06
2.4641047e-08
7.2036896e-09
1.1207361e-06
3.5025692e-05
0.94591385
0.16231968
3.8766257e-07
2.39432e-07
0.00046924438
0.96161395
9.801349e-08
0.091509394
2.1300623e-07
3.443589e-06
0.0008190567
2.6452538e-11
0.9999842
5.2898125e-05
0.99999917
1.5375031e-06
8.564639e-06
0.00030272364
0.26898497
8.82731e-12
0.9985255
0.99684745
5.809112e-07
0.0626048
0.045735057
0.00284076
0.00284076
8.703124e-05
3.3868717e-05
0.00023898676
0.00081031164
2.7776274e-05
0.4175217
1.2810993e-08
3.54906e-05
0.5157216
0.8111888
0.0012805077
4.1496256e-10
1.3664504e-10
0.9960213
5.063933e-07
5.7688387e-05
0.10487568
0.9926879
6.2927825e-06
2.6170468e-05
7.144219e-10
1.4993567e-06
0.0009610902
0.5331246
4.392145e-05
0.0008486616
0.0017831993
1.096332e-06
1.3492933e-06
