1.0
0.998416
9.546105e-09
0.9989344
0.9895515
0.0051138215
7.161327e-10
6.0790836e-07
3.2376424e-10
1.4279425e-13
4.6418637e-07
1.3101245e-05
0.020269675
0.013583715
0.013577857
1.8483952e-05
1.0
0.943138
5.875253e-13
4.387581e-09
4.692524e-08
0.005409026
7.083334e-11
6.2676186e-10
1.1291179e-06
3.6487194e-07
0.015799932
2.3617217e-10
5.875253e-13
9.1237206e-07
0.99936354
4.1294684e-10
1.9313699e-08
5.4826066e-10
6.161504e-07
2.3553078e-13
6.966638e-09
4.7762583e-08
0.29119912
2.4126919e-05
9.810444e-07
5.3110976e-05
0.00016928335
2.0892868e-10
6.561945e-05
5.9321406e-05
0.0032407946
0.2788482
3.7237987e-05
1.46217735e-05
0.00023234253
2.346318e-09
0.00040170367
0.0051603084
0.9932647
2.0544214e-10
1.15209566e-07
6.805377e-05
4.138175e-09
1.5187048e-08
0.0021458655
1.4034622e-10
3.122616e-09
1.4288765e-10
7.009746e-12
6.1549708e-09
0.9058385
2.6299474e-06
0.28739145
6.199746e-08
0.026350606
0.9999448
0.9999998
9.95575e-07
1.1172741e-06
6.624636e-10
4.312431e-08
0.00062769966
1.11968275e-10
1.0626177e-06
1.939945e-05
5.7181666e-08
2.0636624e-05
0.01845161
3.7088157e-08
0.0009987815
1.3919704e-06
3.0394546e-07
0.08117286
7.659579e-12
9.492462e-11
0.0009206605
1.6932931e-06
0.0019193343
0.007639708
3.0401162e-09
0.01809313
1.2902859e-07
0.83575064
8.050086e-05
2.194825e-07
9.61391e-10
0.02216356
2.6652683e-07
0.9783637
0.0002548783
0.99125797
4.5919664e-05
0.027044436
2.300664e-09
0.0019193343
6.427679e-10
1.1061095e-08
0.9999448
0.99999994
2.4301047e-10
1.2806417e-13
4.616681e-12
2.0803697e-08
2.538322e-07
0.28844625
6.7522904e-11
0.0032407946
0.00035184072
2.9851125e-07
4.5919664e-05
0.9999999
4.138175e-09
7.225599e-07
1.3999542e-06
3.5126815e-12
5.8546288e-08
6.0559605e-06
0.51144344
0.99999994
0.031985097
6.3042496e-09
1.5630292e-05
0.0033601054
6.849403e-08
0.00040862255
0.00011689192
5.6911606e-08
0.00021244976
0.7113555
0.0021458655
0.011242451
2.9662275e-09
9.86641e-07
0.008371138
5.9321406e-05
5.8770162e-08
1.3228348e-06
7.659579e-12
0.0012244007
0.00043034906
5.90852e-06
2.1246427e-10
2.3455127e-09
1.11968275e-10
1.6358799e-06
3.3996748e-06
1.1167544e-05
4.7145758e-07
0.000442131
3.5840683e-05
0.77727866
5.570715e-07
1.6861508e-05
8.625686e-07
2.043546e-09
2.107416e-11
2.3991893e-09
0.2544488
0.000416816
1.3973008e-13
0.93787324
1.2228906e-08
0.92253745
0.9796982
0.1497435
5.3132305e-07
1.4908082e-05
0.0011688141
8.2428886e-10
9.4389825e-06
1.4688888e-05
2.3239695e-08
0.005899237
5.6203413e-07
3.783849e-07
0.000416816
9.0872e-12
0.0001195646
3.8620307e-10
6.1723933e-09
2.2905151e-05
1.2228906e-08
1.6934934e-13
2.8127117e-06
2.486559e-08
1.0817892e-09
1.4750319e-07
4.445172e-06
6.1134325e-10
3.0394546e-07
0.99736714
5.7507276e-07
5.9186607e-07
2.8909032e-08
1.1486195e-06
4.940538e-09
8.050086e-05
5.83798e-12
1.0722738e-09
8.077774e-09
2.1485643e-05
1.00433815e-13
8.5793726e-11
0.99996185
0.028034078
5.7160268e-09
2.093065e-09
0.028517203
1.9267507e-06
7.5431586e-08
8.537337e-06
2.881028e-08
3.351042e-07
3.6487194e-07
0.983066
0.9899
6.751012e-08
1.29998865e-08
0.21257871
9.0041925e-07
5.0548465e-06
3.4760445e-12
1.0582877e-07
7.9453894e-05
1.0
3.2843407e-05
0.0018863686
3.626835e-08
0.00020358764
0.00091425737
1.1445449e-07
8.2468415e-07
1.058221e-07
2.1246427e-10
3.20877e-07
0.004659394
8.708983e-06
1.0774716e-06
0.23087814
6.427679e-10
5.4899134e-09
1.2879808e-09
4.2845397e-07
7.225599e-07
0.028034078
8.098437e-11
4.782411e-12
0.0014032112
1.8642517e-05
1.3060651e-05
2.3407034e-07
1.2814724e-13
5.24787e-07
1.9885797e-06
1.3031302e-10
3.336467e-06
0.028244182
7.747252e-12
1.4634247e-11
1.5661086e-05
1.4015289e-09
7.659579e-12
0.021795094
2.1888355e-10
9.041055e-07
2.5443903e-08
1.0960918e-05
1.5466238e-05
0.0027669405
8.3914705e-07
3.4685744e-08
2.785781e-08
1.1172752e-06
9.2157637e-10
2.346318e-09
0.9606125
2.0185766e-07
6.49119e-10
0.0027669405
0.00027084353
9.716385e-05
1.5125204e-13
0.00026653937
0.0017989144
