1.0
1.5077651e-09
4.0373343e-06
0.0060668685
4.8466725e-05
0.0009036707
0.14212625
0.0007890787
0.00013102655
8.231218e-05
0.00093973073
5.7480736e-07
1.6591094e-06
9.8579314e-08
0.95906013
1.5321634e-06
3.864081e-09
0.0043538786
9.925399e-08
1.8472163e-06
0.015883688
3.3220346e-10
2.8566881e-05
0.99986774
1.861122e-05
2.259221e-06
6.937508e-07
5.7453635e-05
1.0688806e-08
9.792939e-05
1.2053996e-05
0.00033966912
5.5973993e-05
0.00017175045
1.3620617e-06
5.162031e-06
2.6491504e-12
0.00057694846
9.141313e-06
1.9175437e-05
0.9998327
1.2529158e-11
1.3609497e-05
2.9568304e-07
0.0002788489
5.856969e-10
7.785069e-05
0.00056914875
0.24769694
4.609327e-06
2.0138081e-07
1.321168e-06
0.99951273
1.0366319e-05
1.0845167e-06
8.862958e-06
0.00018495643
0.09434337
2.1455975e-05
2.5026496e-09
8.200732e-06
1.0506831e-07
0.0002044615
9.708159e-07
0.90955216
0.02743451
5.9541304e-05
4.2406186e-06
3.0899724e-08
5.485758e-09
1.15790995e-10
0.00015276266
0.9348813
6.503235e-14
1.4791134e-12
1.3160533e-07
1.8818716e-06
1.6719817e-07
3.9228937e-10
0.0001527443
7.181481e-07
0.9999982
2.1117856e-07
4.0373343e-06
0.52797663
0.99998003
0.0038080832
2.4779895e-08
0.02057128
0.0007202424
0.8484587
4.1883284e-09
0.7759249
0.77134067
1.3606319e-07
5.324715e-08
0.07054296
0.00013174416
6.6487154e-09
2.4672179e-08
0.90955216
1.861122e-05
0.007508808
0.06303048
1.0
0.00072679087
0.0066859312
0.38110822
1.2750486e-06
1.3624851e-06
9.770941e-06
2.5772997e-09
4.7183905e-05
2.1919784e-09
1.2498456e-06
0.09273108
2.3573786e-05
5.056574e-07
9.164759e-06
3.478187e-08
1.6773288e-11
3.2434293e-09
0.0016191308
0.0003761836
1.4184257e-09
0.00989079
9.606487e-06
3.2831393e-09
1.2780296e-07
5.0139793e-06
0.9962322
4.777981e-07
0.85481125
2.1377803e-06
0.04892625
0.027975112
0.0053337025
0.0003264196
0.99679327
2.5026496e-09
0.0012791114
0.0012250725
2.9028412e-05
0.05575748
0.007525051
5.856969e-10
6.139059e-05
4.5825265e-05
9.042935e-06
0.99989736
3.0790818e-06
0.20529608
9.590494e-08
0.99949676
2.0138081e-07
0.8254324
0.9999996
0.14212625
8.766254e-06
0.00013174416
0.000119799464
6.804804e-07
9.30594e-06
0.0160643
0.00043074015
3.3854798e-05
3.6352647e-11
6.6487154e-09
3.5982795e-09
0.9799377
0.008322222
0.16607471
2.5017164e-06
2.2430191e-12
2.0341401e-08
0.5489066
5.19528e-08
2.5636257e-06
0.3067353
0.024020335
0.08537075
0.0009036707
2.8908785e-06
4.0690925e-06
3.596699e-05
0.002104286
0.00025841853
0.9999966
0.9997202
2.6086553e-09
1.0
0.0069767334
0.0003901731
1.0791645e-05
2.5631602e-10
1.7953093e-06
6.9946134e-07
0.00010605827
0.2791241
0.004658098
0.07213017
2.989368e-08
0.00028244362
0.015012646
4.727301e-11
3.7053254e-05
9.0650076e-08
3.2434293e-09
0.025171878
0.001923916
0.9760287
3.176695e-06
6.0751375e-07
0.7759249
7.361563e-09
1.8960524e-08
4.092876e-12
1.0
4.87616e-07
0.34040958
0.00011694778
9.888618e-10
1.6625832e-09
1.9140596e-05
0.00034884844
1.107384e-09
0.036883615
9.2750674e-10
1.9709752e-10
0.000110922345
0.73220325
0.00018722583
6.3200114e-12
2.1810338e-06
1.4958467e-12
0.82292587
1.0430372e-06
0.002643333
0.9987549
4.1645553e-06
3.1811258e-05
0.65163964
0.00029611515
0.00016241815
7.247933e-08
4.3759331e-07
1.7887208e-08
2.529414e-12
0.00017175045
5.856969e-10
1.6506528e-08
2.095626e-05
1.7451692e-05
0.61021435
5.0139793e-06
2.5010137e-12
3.078904e-05
8.06565e-06
0.015774867
1.7288177e-07
6.5839475e-07
1.1293655e-05
6.2358795e-06
0.98614866
4.9569926e-06
0.00024088024
0.9982831
0.9884165
1.1616557e-05
5.5251898e-05
0.123857796
0.03723741
0.00067976676
9.401547e-06
1.6506528e-08
4.8466725e-05
0.023042787
7.4119794e-06
2.0178677e-06
0.0011050323
4.609327e-06
7.666884e-09
2.1663966e-05
0.0018051604
0.0025892155
1.9335869e-10
2.6896356e-05
2.7835726e-05
5.0025956e-11
0.0045936652
1.3940286e-05
5.5251898e-05
2.9684992e-07
5.8113367e-09
1.001524e-06
0.063876875
2.259221e-06
7.5531415e-07
0.0018051604
0.0001135878
