0.9999986
0.9998997
1.0
0.0010594638
2.3324208e-07
6.119893e-11
5.5618252e-09
0.023284478
4.870183e-08
0.003518585
2.5081401e-06
0.012321886
0.2405184
0.98229
0.001253227
2.7951204e-09
0.13764966
0.8890224
8.474184e-05
2.367059e-08
1.6561906e-08
5.117108e-11
6.991549e-05
2.5285965e-10
5.324996e-13
5.0489945e-07
6.548886e-07
1.0
0.9999993
7.4124887e-06
8.023251e-08
2.452084e-07
0.019643063
0.0004384487
3.5198806e-05
0.0030463706
5.6459992e-08
4.5588484e-09
1.2859011e-10
4.581437e-06
6.7897076e-06
6.13072e-08
1.0025168e-08
1.3375754e-05
1.855028e-06
2.9087022e-07
2.59306e-08
1.3642776e-05
8.732477e-06
1.4959558e-07
1.159239e-12
2.480047e-07
1.6865647e-07
2.7591773e-06
0.18095282
1.027127e-06
4.0475052e-07
0.9992978
1.1402656e-05
0.9803168
4.5363421e-07
0.99989885
2.6054452e-06
6.8104136e-08
9.704635e-08
8.318066e-10
8.665438e-06
6.28092e-07
8.0528484e-10
8.426608e-05
0.8461534
1.8620894e-06
3.3652585e-15
2.8912727e-06
4.6802674e-05
2.331821e-06
4.2181092e-10
0.06919011
2.38364e-06
6.836704e-08
1.5469219e-09
1.5176486e-06
2.0566804e-13
9.336e-10
1.07589944e-10
0.00032434554
1.2688415e-06
0.7355276
0.9999311
1.1835719e-08
3.1642277e-05
5.437008e-09
2.027178e-06
0.0063697
5.853585e-10
4.583785e-09
3.568101e-08
0.0026549806
1.7519525e-06
0.9998106
3.2025077e-06
3.2639152e-06
5.509748e-07
8.8571085e-07
3.0206573e-07
9.414721e-07
0.0001704996
0.025119074
2.9974894e-06
5.064732e-11
1.3808686e-05
6.3532482e-12
1.8740207e-07
9.109648e-10
6.9686075e-12
1.1460675e-09
1.181505e-05
9.718463e-10
2.7979172e-07
8.806486e-05
1.0
2.9761079e-05
2.4417518e-06
0.01724554
2.706066e-13
2.715804e-08
0.012443247
1.6461997e-06
0.015524339
7.94409e-06
0.00020455586
0.13711175
0.9999973
8.107892e-08
6.070409e-09
0.9906673
8.651359e-08
2.5591931e-05
0.035827857
0.071952716
9.046257e-05
2.1265696e-09
0.0004007398
5.7570686e-09
3.9298564e-11
1.4637345e-07
3.407018e-08
1.9381259e-09
4.1090178e-07
1.3642776e-05
3.8163378e-10
5.2806463e-06
2.1384338e-07
2.1304037e-07
2.4323035e-07
0.00031889943
3.5728405e-08
6.683046e-07
0.0010324804
6.240168e-11
3.8832712e-07
4.545108e-06
1.5938863e-06
0.00010910895
9.060707e-11
3.8381316e-08
6.465414e-07
1.2337171e-11
2.4817414e-11
0.00034818676
2.9974894e-06
1.4671166e-07
2.6370803e-09
0.02907662
0.0008287035
2.194419e-07
0.0022759605
4.2730326e-07
8.0528484e-10
1.8218806e-14
1.698941e-10
1.3764678e-08
0.00013208152
8.796389e-11
9.170354e-09
9.973954e-05
9.184047e-08
1.3252389e-05
0.4652386
2.032985e-11
2.3657734e-07
2.5961117e-07
5.6120932e-08
2.5248786e-08
3.8355307e-07
0.059237935
0.00018452416
4.7032322e-07
1.5021849e-06
6.6371e-05
8.8916556e-07
0.088255174
1.3263718e-06
2.3918945e-11
1.7400337e-06
2.5834095e-07
1.2822965e-09
2.4169282e-12
6.136944e-08
1.1293123e-11
8.7131964e-05
0.25950983
2.6712303e-07
8.651359e-08
5.713825e-09
4.8348407e-05
2.4676932e-08
1.8515961e-09
2.1751752e-07
1.1083608e-08
0.015113216
2.4417518e-06
1.7004362e-07
1.03121e-08
7.6055676e-07
1.8127788e-06
1.5186764e-07
0.6180477
5.8459977e-06
4.0616023e-06
6.483496e-13
1.1460675e-09
7.879192e-09
4.4089057e-09
4.5157617e-07
1.0937945e-05
4.2071304e-07
3.6910603e-07
0.014437061
1.6967025e-11
1.295002e-05
2.6200944e-09
0.0897872
8.010281e-09
4.238334e-06
0.12775938
3.9289037e-07
3.299258e-10
0.019643063
6.703069e-07
4.6390436e-14
0.7599327
4.7425618e-07
3.954665e-07
3.9910333e-07
0.00010910895
6.598047e-08
0.00010917431
1.0526138e-09
2.682107e-07
3.5899863e-08
1.4206054e-06
6.5140135e-13
6.240168e-11
4.785694e-09
0.0009276439
1.3252389e-05
3.5294092e-09
2.5709292e-11
0.99998313
0.7165199
1.7659594e-06
0.87065107
1.7811003e-06
3.4971972e-06
0.00031889943
2.480047e-07
0.004412993
9.922971e-07
2.829611e-13
1.1011011e-13
9.952351e-09
1.2325369e-06
4.993046e-06
1.3622977e-07
9.591738e-08
4.028861e-06
0.0017534196
3.409193e-07
0.98229
0.014866079
4.163629e-09
9.232377e-09
0.23624822
5.509748e-07
9.060707e-11
6.542456e-07
2.1348639e-07
4.35996e-06
2.7547918e-07
