0.99977607
0.91981006
0.94156915
1.7680104e-07
0.0002466156
0.0036886765
1.4424566e-06
0.9998555
0.7789154
1.8539826e-08
0.002090589
0.002585932
1.4106384e-05
7.6205254e-08
0.99997056
0.98367035
0.0017244385
0.30066276
0.2315159
0.000109331
5.1141433e-06
2.7886867e-06
0.015692981
3.072961e-05
1.4175366e-08
0.9994592
0.0046786903
0.0019749636
0.3622347
0.14380454
6.6963986e-07
0.0061534736
0.004340397
1.2886667e-06
0.00027741535
9.62305e-09
3.4748854e-07
0.0061534676
0.9999999
0.03486386
1.6180987e-06
0.9999981
4.889162e-05
1.1460325e-09
0.0074270545
0.0020292667
0.9956289
0.0014273457
2.2743293e-06
0.99998796
0.8445286
1.8237575e-05
0.002356605
0.9999987
3.257352e-10
3.72736e-08
0.995357
4.3126754e-05
0.0005177362
3.927135e-08
0.00084528566
0.92510957
0.18932797
0.92390144
0.18476531
0.00012646843
0.00040864124
6.7665576e-05
0.0005521257
1.0
0.99998575
1.4424566e-06
0.00039707398
9.260066e-07
0.0019098324
0.6254449
9.191877e-09
0.9999951
1.7195161e-05
1.7364798e-07
1.4060451e-05
3.5988307e-07
8.090127e-08
0.00033011433
0.006976281
0.0038154908
0.0023878885
7.712333e-06
7.1509174e-05
0.0002475284
0.0064317733
0.0018069468
8.393167e-05
7.546753e-09
0.065461665
5.61765e-05
7.140799e-07
0.18476573
0.99998575
0.00018578078
2.270448e-06
0.16560239
2.0561936e-05
3.984678e-10
6.5593013e-06
1.3006749e-07
0.085814446
1.5625701e-05
0.019481111
0.07039101
0.9999914
0.99892735
0.99966025
2.6183355e-07
9.260066e-07
0.001851469
0.009966307
1.018207e-08
0.89298654
4.4253685e-09
0.6193528
0.04742822
4.5700077e-07
2.2069705e-06
0.33814377
1.0
4.461842e-06
0.00025728764
0.9724601
2.3344836e-07
0.16164215
2.1674125e-09
2.3733783e-06
5.9141216e-09
0.021303566
0.0064317733
0.7453589
1.5277832e-06
0.00040260458
0.108027115
1.1533832e-05
0.00013057454
0.21202743
0.0061540944
0.041413862
9.7456985e-05
0.0008472589
0.103637524
0.020324333
2.7391206e-06
0.001640632
0.0011997181
0.95120156
0.00013870688
5.9540375e-06
1.589719e-07
0.0018626446
2.2731976e-05
0.9999931
1.0
0.00019735469
0.0018463931
1.79501e-07
1.300395e-06
3.45359e-05
0.22376983
0.94156915
0.5825333
0.0017244385
5.2797535e-05
0.83994293
0.0013489055
1.0054937e-05
0.0007258875
0.0010924959
1.1137826e-06
0.0005009056
0.18476531
0.9641912
0.029798351
0.6387213
6.995944e-05
0.60603553
3.5636262e-07
0.99981254
0.9997572
0.023221172
0.9998744
0.23609336
0.9434535
0.00027741535
2.1539681e-05
9.389049e-11
0.0004951917
2.8660381e-06
0.00082155806
0.030244153
0.00011190122
0.45346123
0.74129546
5.5425225e-08
0.103637524
0.23862404
7.91672e-08
0.00030769143
0.99886954
1.6850806e-06
9.628937e-05
0.9999914
5.2797535e-05
2.5590385e-09
0.9122141
1.2578932e-06
1.598904e-07
6.38703e-05
0.0012956817
2.0005554e-10
0.024707835
8.8138725e-11
2.8694512e-06
0.00019928876
0.0017268963
0.9794863
0.0013489055
0.7789154
1.07841565e-07
1.0
0.68571645
0.8996049
0.0037690538
0.028604971
0.00027741535
0.0043726563
5.2243886e-06
5.109382e-07
0.105394594
7.012005e-06
0.00010675605
7.758942e-06
0.00015168378
9.03871e-07
3.4022046e-06
0.0004951917
0.22219902
0.108159974
6.5565226e-05
6.405655e-08
1.3851525e-05
1.3257859e-07
0.18541782
0.05011875
0.008197693
1.0386423e-07
0.00075338624
1.613122e-06
0.04742822
0.9469106
0.0018463931
0.22468825
2.0585534e-12
2.1154443e-05
0.00030769143
0.00022573466
0.00017068732
0.61935276
1.0349874e-08
1.5139968e-07
0.00018231063
0.0017244385
0.09015149
0.0036886765
0.0003280343
3.7133107e-06
0.0017971599
4.7350072e-11
9.446901e-07
0.0005693012
0.9703351
0.48594815
0.0032198357
0.0030817827
0.039018206
0.0006410103
0.47171485
0.0008472589
4.306967e-06
4.175489e-07
7.962201e-06
0.00052941055
2.233864e-05
0.54385114
0.022306288
1.6612528e-05
6.903449e-05
0.81734765
0.048771076
8.090127e-08
0.009874754
0.00047857114
0.0015474771
