0.99999976
0.9425245
0.026479311
1.3642347e-05
2.9577265e-08
1.4454997e-05
7.9854635e-06
8.5214384e-07
4.4726448e-07
0.34731972
1.0705057e-06
0.0010313975
0.00016502153
4.774733e-06
4.0137573e-05
1.8172843e-08
0.022376308
0.99808466
0.13382322
4.4644024e-12
5.360781e-05
1.2536809e-05
1.08573005e-07
0.00010134966
1.4582616e-07
0.0047032735
4.583811e-05
2.4506676e-07
2.003514e-05
2.61287e-06
0.13831931
0.32150126
0.08602544
0.0006872588
0.00045107087
0.00033816008
2.4589308e-08
0.00010824261
0.9970338
0.035394713
1.2188667e-08
0.0003423295
8.5214384e-07
4.4826456e-07
1.1887205e-09
0.99941677
3.796512e-09
8.9507696e-05
0.9994467
3.1405839e-06
4.2147514e-12
0.00018427694
9.102674e-08
0.0007268379
0.9970338
0.00020386658
9.472482e-06
0.85328114
3.25852e-10
0.00049891806
0.1323584
4.143875e-06
9.235548e-07
0.0006149535
0.18515809
3.5858799e-12
0.13831931
0.0003982034
2.0816058e-06
9.8435994e-05
0.6527647
7.704386e-06
0.11339897
3.4102672e-09
4.26262e-12
5.9032136e-05
9.086383e-07
0.004446543
6.4606227e-09
1.3626714e-10
9.154557e-07
4.2800283e-09
0.8380499
1.5258334e-07
0.07195975
3.7886623e-06
4.6577068e-05
0.99713516
0.035089202
0.016555957
0.10446323
1.3915502e-05
0.00523267
0.059453588
8.4496305e-06
4.3193224e-05
0.000272647
0.00025409996
0.3925986
3.1465677e-06
0.005522816
0.004236328
1.02599616e-10
2.9588793e-05
8.6991295e-06
1.6360376e-06
0.00018632133
0.00020187194
3.065936e-05
0.00057559536
4.3961506e-09
0.00059172075
0.9999447
1.5886583e-06
4.1572935e-06
0.4598473
3.867154e-05
0.93403924
2.7625692e-11
8.1180166e-05
0.4651632
0.0027049426
1.8468745e-05
0.001329053
0.112361
6.933612e-05
2.682206e-10
1.0
0.0016576098
0.21837278
1.5868426e-07
5.9232457e-07
1.877913e-08
9.87421e-05
4.848023e-08
0.0004974503
0.9999878
0.08389984
0.00011152008
6.446522e-11
0.13168287
0.0019215854
0.0005926498
0.90969515
5.4924894e-06
3.594495e-07
3.0606086e-06
2.1442147e-05
6.925451e-08
0.0047032735
0.022376304
1.1892947e-06
0.999998
4.583811e-05
7.7895174e-10
0.0034387575
7.4275005e-07
4.9299036e-08
8.971093e-08
0.9710213
0.002362201
0.00062159216
0.0025214746
0.999978
8.315952e-05
0.076758906
4.3194898e-10
1.4846512e-07
0.005634765
1.8172843e-08
4.5309294e-05
0.00012224998
1.2310847e-05
0.0002573809
2.2694138e-10
2.1147504e-05
8.8126745e-12
0.08164124
0.99999964
1.0305316e-06
0.45068216
3.4907928e-06
2.0321886e-09
6.632012e-07
0.39673412
4.9299036e-08
0.1469358
0.0018608139
2.9401832e-08
0.48338994
2.2929643e-07
4.848023e-08
0.003671546
4.1578062e-08
0.9999391
1.0405233e-05
1.7514232e-07
0.13173108
0.004283546
3.5038072e-09
0.00523267
1.6056852e-08
0.00233263
0.9999987
3.6026258e-06
1.2405856e-08
6.244131e-05
0.00067563355
2.2866983e-10
1.9891392e-08
4.6891757e-09
1.3915502e-05
0.0035410798
1.3534467e-05
0.00011152008
0.076758906
6.063894e-09
0.13482349
1.992644e-06
6.6188065e-08
0.9992533
2.7855847e-06
2.7813854e-07
0.00012224998
0.0016891106
5.1324033e-08
2.5459218e-05
0.004907562
0.004903549
0.99949306
4.1759584e-08
1.4260605e-07
1.14939816e-07
5.4207483e-10
4.4613994e-06
5.7682986e-10
4.130761e-07
1.02599616e-10
6.1274175e-10
0.001632468
6.2203026e-10
0.00027440733
0.9846289
1.6493994e-09
9.870283e-10
0.08164124
1.6056852e-08
0.2460424
0.00032342479
0.10356631
7.5467205e-10
3.9206842e-07
1.2038017e-05
3.4268383e-11
0.020101076
6.857299e-06
6.7135295e-07
0.76260996
1.5630562e-09
1.272869e-06
0.9912532
2.4341061e-05
0.07100129
0.012616309
5.822282e-05
0.0040858323
9.837072e-06
0.00056353
5.2072842e-08
2.0562901e-07
2.7576896e-05
2.060957e-09
1.0157078e-06
0.9682689
1.9857289e-05
9.065411e-06
0.051025342
1.2490374e-09
0.0020288473
0.0062106056
0.00038535873
1.6973749e-05
2.9099343e-07
0.0057913004
1.9632894e-08
0.00057228416
2.182898e-05
2.7201482e-08
0.00019034743
0.00010134966
0.47916728
5.4963493e-05
8.5879805e-08
0.012616309
2.9908963e-06
8.488572e-05
1.14793906e-07
7.777401e-07
8.5214384e-07
1.7280643e-06
