0.0054514254
5.2889853e-05
2.250671e-10
1.046665e-05
0.6967863
2.7567996e-06
1.2705683e-06
1.0811598e-05
2.6087023e-11
5.8458994e-05
0.006164436
1.2595306e-06
6.0046514e-06
1.1813597e-05
0.0052213464
0.060621686
0.50373966
0.012010371
0.6950852
0.00033474356
3.6368175e-07
4.6777083e-07
1.2269356e-05
2.0103975e-10
0.99996024
1.2836725e-08
3.976413e-06
9.781194e-09
1.8024268e-08
0.18682517
0.99873996
2.795042e-06
1.9208028e-06
7.3113342e-06
6.971705e-12
1.7989531e-06
0.00014980412
0.9897388
2.9860266e-07
0.008407459
0.00013832819
5.5081155e-06
1.4343801e-08
0.9870739
7.923485e-05
8.317935e-11
5.655128e-08
0.019965634
1.981936e-08
0.99131596
0.9999998
0.35920787
2.356464e-08
5.8132464e-06
1.5306182e-06
1.26091345e-05
4.614982e-08
1.0
2.293678e-05
1.05575744e-07
1.7245872e-06
0.9837078
3.8339178e-07
0.7808005
1.0321467e-06
5.379664e-06
8.46768e-07
4.578477e-05
1.8428493e-05
1.1113646e-05
0.00072793453
8.384021e-11
7.958719e-08
0.0016180375
5.81129e-06
5.007261e-06
2.698996e-07
1.0180473e-09
0.000103997314
0.00011902881
0.00046566874
3.0208234e-05
1.5814714e-05
0.0011083389
0.00972089
3.5170957e-05
0.00093908096
0.00037454756
3.7050675e-05
0.054849718
2.5707779e-05
0.47040877
1.1169322e-05
1.5447002e-07
0.005726137
0.0047373786
0.00021341168
0.008183365
4.9874522e-09
0.38853893
1.7673548e-09
5.2764094e-08
1.6000811e-08
2.4419705e-06
0.012276757
6.20007e-05
1.8565288e-05
8.054682e-06
4.183168e-06
2.2262745e-06
1.002167e-06
2.0103975e-10
5.694027e-08
2.4378217e-09
0.0003720153
0.031874802
1.7100901e-05
3.5428932e-12
0.9995201
0.9944486
4.4059273e-14
0.023771977
1.683555e-09
0.0043236576
8.833827e-06
1.2991396e-05
5.2764094e-08
0.0006644641
0.008322317
0.0048482018
2.7775286e-06
3.3433695e-05
2.3838322e-08
7.728375e-08
5.4782557e-11
1.2625901e-06
0.00026039814
0.0025889801
0.00034111566
0.033678807
2.7766686e-05
5.381809e-09
8.916451e-07
0.9468069
4.3195167e-09
1.7673548e-09
1.822238e-05
7.653281e-05
0.6967863
6.3762286e-07
3.958993e-05
9.218234e-08
2.595901e-07
0.00022012457
0.028999677
0.019530047
1.0
0.015151576
0.99997056
7.18567e-05
8.337608e-09
0.010081669
0.01004011
6.678714e-08
0.00023220347
8.983968e-06
1.0935628e-08
1.7835717e-06
1.0
0.00972089
7.663755e-09
0.00034111566
1.6668579e-05
0.00018139007
1.7206743e-09
1.899565e-05
1.7935878e-06
3.954755e-06
1.9883103e-06
7.281771e-08
0.99999225
5.8625513e-08
3.4110457e-05
0.019965634
0.99999714
1.2557082e-06
1.916975e-09
0.0016180375
0.06578476
2.766117e-07
0.017193459
5.4782557e-11
0.9999981
1.8024268e-08
3.2824887e-06
0.015151576
1.8716702e-07
1.0
8.158585e-09
6.2443596e-06
3.9325099e-07
0.00024246529
8.6384296e-07
4.9614878e-11
6.5772514e-07
8.3404075e-09
0.9965565
0.000382596
2.7729147e-12
0.99873996
2.3733106e-05
0.0056534554
0.006571358
2.7766686e-05
1.8864352e-12
1.5547217e-05
0.0002448243
0.00019137218
3.9575887e-05
3.0038612e-09
8.473032e-06
0.002227656
3.976413e-06
2.740779e-05
0.25224856
0.0008652643
5.2795885e-06
9.123589e-11
6.253217e-07
9.0864724e-08
0.00041411511
5.707933e-05
0.00022662854
2.6608587e-08
1.4974447e-06
8.054682e-06
0.010816561
8.702793e-09
8.280147e-08
1.272428e-07
0.99290425
0.05798218
0.23787306
2.4791937e-09
0.002005069
4.6777083e-07
7.480775e-08
0.0039908676
4.159281e-05
0.0028492091
0.0002827338
0.32122654
0.000106717685
7.491378e-05
1.8024268e-08
2.612571e-06
4.3049957e-05
4.9104496e-08
0.00081663387
0.16497564
0.00014926742
0.9529961
0.024883132
9.089025e-11
3.2469734e-06
4.3787594e-07
3.6433441e-06
0.04990837
6.4032726e-08
6.985947e-06
1.5306182e-06
0.000106901934
0.0066589443
3.7922942e-05
8.916451e-07
6.3047723e-06
0.0011534573
0.00023015008
2.33184e-05
8.464713e-06
0.00048807598
0.004973696
3.7852413e-05
8.916451e-07
4.8988213e-06
4.8324673e-06
0.0057100747
3.0216604e-11
0.0015247196
0.0033422778
4.4009602e-07
1.5235654e-05
0.10237601
4.3036803e-07
2.0610757e-06
5.2064102e-08
0.0009544084
0.0026238333
3.3011662e-07
1.822238e-05
