0.99996793
0.9620238
1.9782028e-06
9.623345e-07
1.3754648e-06
3.2917102e-13
8.545052e-13
1.8336371e-09
1.4414924e-07
4.869777e-05
3.6078623e-06
1.1207291e-07
1.5855305e-10
2.389449e-12
0.00016661639
7.2753364e-10
2.2331378e-07
1.9681603e-07
2.0645363e-10
0.01844153
3.9270674e-08
9.309224e-06
3.4907416e-08
2.25707e-08
0.7782733
4.953959e-07
2.5701914e-09
0.99784565
0.00020485645
1.1226996e-11
8.4462e-06
0.00087975163
0.2843379
4.034342e-09
0.0001205096
6.4306305e-06
0.6381547
1.254481e-09
1.758236e-06
1.7239869e-06
0.00020957094
4.4202055e-09
0.8058727
5.8981437e-05
2.53408e-06
0.047941703
0.00020565689
1.1664969e-05
0.99759406
1.9428976e-06
0.0026060145
7.512425e-10
1.6315036e-07
2.0144538e-05
0.00015101717
1.2616778e-06
3.3060571e-06
3.928956e-07
8.4291196e-07
8.216275e-08
1.2920648e-05
0.32197496
0.010922971
2.5478356e-10
0.055448383
0.014111013
4.220348e-05
8.9230376e-08
5.853808e-06
0.00024359816
0.8968059
3.7984303e-06
1.5882455e-10
1.8504093e-06
3.879101e-09
1.5955363e-06
6.1918677e-06
5.371102e-05
7.261712e-09
0.0009121395
0.002536158
0.59591657
2.2670763e-07
1.3834032e-08
2.2506992e-08
1.0422964e-06
3.2945485e-05
3.6050615e-08
8.115541e-07
1.0545873e-05
4.7601787e-08
0.9369644
0.99398863
5.811639e-06
0.00013681322
0.10525741
0.009016171
5.371102e-05
0.00024359816
6.262988e-05
5.7677653e-08
4.1604952e-08
4.9217956e-06
8.1901645e-11
1.940768e-08
0.0038156358
0.000266801
2.390893e-07
1.5430497e-06
0.85353845
0.0006875379
4.624869e-08
0.038121477
5.9597703e-08
7.8598475e-08
0.7696246
4.8735424e-06
3.2318212e-08
0.0007974496
3.257664e-05
5.352807e-06
2.7358385e-05
0.005444483
2.74981e-06
5.5040597e-05
2.8329512e-11
2.4601256e-06
0.9431405
2.021023e-07
0.005442552
5.853808e-06
2.25707e-08
0.034588348
3.4790995e-05
1.34746e-08
0.00013102505
0.5876096
5.474733e-08
3.8856824e-06
0.00013094187
2.3736406e-09
8.199927e-09
0.001464679
5.3024535e-10
0.544755
1.672986e-08
0.9489965
4.4128512e-05
0.99999386
1.5096342e-06
2.4418507e-05
0.0078023444
0.047941703
6.396449e-08
0.0012727422
2.3257726e-07
0.9990532
3.6440937e-08
0.28468618
3.7666803e-09
6.0860733e-05
1.1622029e-05
0.00014170412
0.99999386
2.627558e-07
1.5397276e-09
2.8434462e-05
1.0846658e-08
8.161842e-05
0.0019114928
0.85353845
1.048514e-09
4.2128877e-07
0.00012008872
0.00020253324
5.2061205e-06
8.578706e-10
8.317281e-08
1.2801391e-06
1.0474212e-06
1.2026632e-06
0.007480436
3.748228e-07
0.00019634189
3.869615e-07
5.124996e-09
5.9615752e-09
2.4686543e-07
0.022709575
0.00103235
2.7068683e-07
4.015352e-08
0.9940041
8.495424e-07
0.00074406085
0.9999958
5.5709865e-05
6.131936e-08
1.0245848e-09
6.8045836e-07
9.567701e-06
4.3479413e-05
3.4165305e-06
1.2118491e-07
0.9935405
0.00065125147
4.97275e-06
8.161842e-05
1.0821158e-06
0.9999894
1.3817355e-05
9.176863e-13
7.2753364e-10
0.94594175
6.0860733e-05
5.119223e-06
3.3913802e-05
2.0022943e-08
1.0245848e-09
0.00014354744
4.81265e-07
0.00025601717
2.6818647e-09
0.8947452
8.579823e-09
1.2234023e-05
3.4165369e-06
0.0003774184
0.09416693
1.2620419e-05
3.2719622e-06
0.0006530913
3.2248454e-07
0.120252445
0.0010405628
8.587331e-07
0.0078023477
0.00023819739
4.4531596e-08
0.00031307215
6.2308025e-09
3.9209955e-09
0.0073420093
1.1839144e-09
0.07667476
0.93888617
2.2642413e-07
2.3257726e-07
2.7371884e-06
6.006133e-09
0.00097397005
0.1023157
0.0049001854
5.5007804e-10
1.0943827e-06
1.3493663e-07
0.0008247846
2.311099e-06
8.775912e-07
6.3749155e-08
1.962857e-06
1.3342337e-06
0.9644847
7.0842124e-11
4.0835384e-05
9.3041166e-08
0.00039740116
7.47042e-09
0.8599918
3.7116887e-08
7.1127837e-10
1.4238742e-06
1.5397276e-09
0.0012450307
6.569274e-06
7.4730975e-05
0.0012571975
1.5485247e-07
0.001537994
1.6102109e-06
7.591152e-11
4.6770383e-12
8.498084e-08
3.5873966e-06
2.3227376e-08
0.0073420093
2.364399e-10
0.0005530284
0.025287472
8.576878e-09
2.3257726e-07
9.109953e-05
1.3700851e-07
4.816906e-07
2.7581777e-07
5.1175256e-08
0.0014990588
5.124996e-09
0.9319863
7.7692186e-10
