1.0
0.99990565
0.0021287967
8.2304206e-07
7.785276e-12
1.1158011e-09
0.00022544106
0.6142967
0.00015362889
3.058219e-14
1.2849027e-07
3.5684529e-09
4.1746323e-10
1.0952979e-07
0.00031717538
0.00012493372
0.00013978289
1.4249174e-06
4.019536e-08
0.9977273
4.3735067e-06
0.3814698
0.020520857
1.8185981e-12
0.00021091744
9.374083e-07
3.9636505e-10
0.9865623
1.6265853e-05
1.1159e-07
4.9404834e-06
1.02910604e-07
4.0126147e-06
9.0601844e-08
0.00030015697
6.817803e-06
6.3493474e-08
0.99999547
0.0033484225
5.6926314e-05
8.10003e-06
1.4147785e-05
2.968483e-05
0.23915169
0.00086697796
7.0805417e-10
1.3698933e-06
7.4955306e-06
0.00017782804
0.043780077
1.3299158e-06
5.09826e-07
3.3300787e-10
0.9999999
6.757563e-10
7.62942e-06
1.619587e-07
4.372506e-06
1.3595387e-06
8.989161e-06
4.7507345e-09
7.023785e-12
1.061615e-08
0.99999887
2.2719368e-08
6.3173444e-05
1.4867583e-06
1.7241398e-06
1.7362257e-08
1.1535438e-05
1.679484e-10
0.000120875804
1.0900518e-06
1.8824567e-08
1.6163234e-07
3.8731664e-06
0.04290607
1.1725258e-06
0.00015184164
0.9022702
0.9942367
3.462176e-08
5.75673e-07
0.14385574
0.075659625
2.0125538e-06
8.209755e-09
0.99999994
4.0011814e-06
0.00010523391
1.991141e-05
5.222818e-13
1.8163595e-07
0.9022702
7.527419e-05
1.43603565e-05
3.4017202e-07
1.75279e-07
0.009801928
5.090063e-06
8.907207e-08
0.98308784
6.2303984e-09
4.229658e-08
1.0982197e-06
3.2014825e-08
5.326086e-07
5.416728e-07
9.82586e-10
3.1094278e-09
1.4441735e-10
0.017241048
1.4535356e-06
9.126592e-09
5.614095e-08
3.9636505e-10
1.18313444e-07
1.679484e-10
0.00012203126
0.00014223994
0.046010666
0.00030015697
1.9690563e-09
1.9832649e-05
4.1924286e-09
6.2303984e-09
9.663847e-09
0.16497758
1.991141e-05
1.333492e-05
1.4535356e-06
0.72218186
0.9999909
0.0008260206
3.0545098e-07
6.976327e-07
7.150447e-06
9.591258e-09
8.550761e-07
0.9968861
4.1924286e-09
5.7346915e-07
4.165873e-11
1.6099713e-07
1.2864251e-05
4.3286127e-05
1.9459013e-12
0.000120875804
2.71156e-07
3.404061e-06
1.8566153e-08
3.5415198e-13
9.615455e-07
3.3228106e-12
0.13977447
5.7226833e-07
0.00015706127
9.027579e-09
0.99999857
9.126592e-09
0.0002114204
6.817803e-06
1.0543182e-06
5.489766e-13
1.1440738e-06
3.8329966e-07
9.639974e-06
3.0710535e-07
2.0477435e-06
3.4645224e-11
1.0338371e-08
0.98585165
0.001158377
9.177162e-07
0.00038226767
7.984085e-07
1.3707397e-05
8.37505e-05
0.88697374
2.3260078e-05
0.027923215
0.000523447
6.622744e-09
8.577052e-14
0.00060965354
0.9999909
1.2546703e-06
0.0015514437
4.2017114e-06
0.0005299245
1.6675798e-05
0.9562332
1.3299158e-06
3.4847348e-05
1.1842913e-05
6.676141e-07
0.99999875
3.4115422e-09
6.659729e-10
0.0024442878
1.1475527e-07
7.275926e-12
2.5665578e-08
1.2987099e-05
4.2324906e-08
1.541639e-07
2.4627076e-07
8.240487e-13
3.7729267e-10
2.9239285e-05
0.039546367
9.535528e-10
8.078374e-09
0.99996376
3.4409764e-05
2.9777319e-05
0.001158377
2.8480888e-11
4.1422837e-08
2.2166796e-06
1.06230254e-10
0.00024351293
0.4061732
4.631557e-06
6.525783e-06
8.3412144e-10
0.9997634
1.0883232e-12
3.670613e-05
9.810154e-07
1.3271335e-05
0.7037052
5.0760823e-06
6.4250703e-06
6.5232445e-05
0.002734296
1.0895213e-09
2.0261505e-05
0.0002216929
6.596666e-11
7.4008137e-09
2.8173475e-10
1.476564e-10
6.2389273e-07
1.874542e-08
0.805581
4.2355918e-08
0.032241844
8.0835247e-07
2.2270667e-06
2.7940887e-11
2.6406816e-11
1.5334557e-09
4.9674413e-06
0.0032476208
4.6628408e-08
1.6991886e-05
7.690402e-06
8.9385677e-13
1.1178801e-09
5.5178507e-08
1.1159e-07
4.210171e-06
2.2278032e-11
1.9798632e-05
2.9835336e-09
2.60584e-05
0.5772071
3.5692133e-10
0.99807703
1.37747e-05
6.976327e-07
1.2202738e-06
0.9857089
1.504095e-08
2.0023255e-07
0.0002114204
0.00030015697
6.9001294e-10
5.6652614e-05
0.09559433
1.4522219e-07
8.432836e-08
1.7525387e-08
7.00615e-07
1.5497748e-06
2.299604e-07
0.23063241
6.9328256e-05
0.00018189373
7.694352e-09
1.6100742e-07
1.4411611e-07
1.32697405e-05
2.3053918e-08
2.6406816e-11
2.2719368e-08
0.553208
3.1730576e-11
1.0301508e-07
