0.9962058
0.9999841
0.99941766
0.22448413
1.5867731e-07
4.3177706e-06
1.0381042e-06
6.795051e-06
0.093124956
9.119719e-06
2.5183166e-07
2.1064778e-05
5.280477e-08
0.00018132989
0.04818615
0.00032309315
0.0055155163
1.7265622e-05
0.00014299442
6.649599e-07
0.04614594
9.635778e-09
2.1900105e-05
2.300134e-12
0.00033497115
0.2785952
5.2382886e-05
1.405613e-06
7.113754e-05
2.4019431e-05
1.149858e-06
1.11415135e-08
0.035102654
2.2649532e-05
0.17414492
0.99072814
0.0001273091
0.9856186
4.956699e-12
1.3693583e-08
0.43333176
0.06504212
0.0002009712
3.5191424e-05
1.3198127e-07
0.008845867
2.9701494e-06
3.722325e-05
1.1924905e-06
8.191321e-06
0.016312191
1.3602831e-06
0.99945825
0.00046737125
9.258285e-12
2.6307544e-05
2.7448072e-05
5.3279354e-07
3.8450928e-08
0.0005342491
0.008212606
7.860502e-05
2.8366168e-07
0.002849098
0.9930312
0.9999914
9.044456e-08
5.553671e-10
0.9992622
3.9224563e-08
1.7611722e-10
1.5435295e-07
6.486134e-12
6.701325e-08
1.0972904e-05
2.9593825e-10
1.5435295e-07
1.3537198e-08
4.8142494e-09
9.1488346e-08
2.975824e-05
9.610952e-11
0.1502363
0.0004992335
0.0061359373
0.0003668327
0.013895007
2.9316825e-06
0.010635739
0.016131502
0.00016454027
3.4457507e-06
3.0539253e-05
0.013895007
4.9278917e-08
0.002014737
0.00013648396
0.00022758955
0.024985785
0.8773448
9.878229e-06
7.369675e-05
0.0011085
2.0878049e-10
3.022392e-07
0.07715816
0.0008331775
0.00047615217
9.700896e-05
1.11415135e-08
2.5571762e-08
0.99537367
6.5264534e-12
6.051124e-07
0.0013826716
1.0208759e-05
0.00010517773
1.6883638e-07
1.7965607e-05
5.3696795e-06
7.094418e-08
0.48093453
1.2899824e-06
3.985194e-05
8.7743973e-07
0.00022683392
7.5279877e-10
9.646178e-07
3.5468767e-07
4.956699e-12
0.98979217
0.0050875694
8.338661e-08
9.483318e-08
1.4851831e-08
4.1560224e-07
0.0004878641
4.8709635e-06
0.09680543
6.3633965e-09
4.09768e-12
1.1686448e-05
3.707553e-10
4.8770078e-11
1.7059126e-10
0.06409795
8.2739185e-05
2.216159e-05
4.0899533e-05
1.0239078e-11
0.31086072
3.9776614e-06
8.2013335e-13
0.9429849
6.0767227e-09
2.4523534e-09
8.046498e-06
9.149044e-08
9.307919e-06
1.6431445e-09
1.7690546e-09
1.5346497e-05
1.4331644e-10
2.3462273e-05
0.0038678327
6.5911516e-09
0.0003668327
3.6886e-05
1.4381545e-06
1.2526817e-05
6.018066e-06
3.0325887e-06
6.5273747e-07
0.0037635753
0.00053158647
7.3999095e-06
1.2275057e-06
0.19230443
0.06685585
6.649599e-07
5.8946727e-09
0.0048910514
9.529097e-07
0.0021849752
0.0006078856
0.9709664
1.265915e-09
3.6886e-05
0.00020018118
0.19358712
0.0002563897
0.57412434
0.14891776
0.99999964
0.17329873
2.4209547e-07
2.2760545e-05
1.7859595e-08
4.8791226e-06
0.8952237
0.0005430753
0.9995848
0.016728476
6.887775e-07
0.1759784
0.4436231
0.9287863
0.024784897
0.0008124232
2.8366168e-07
0.9770503
7.1718416e-05
0.9999983
8.7696037e-07
1.16987655e-08
1.7901225e-07
1.061506e-07
2.0695197e-05
3.707553e-10
3.544956e-07
0.9952062
0.0004878641
5.994685e-10
1.2275057e-06
0.11848343
0.00046737125
0.0020149087
0.10310395
1.4439761e-06
6.701325e-08
1.3602831e-06
0.99955416
0.60815406
0.093124956
0.010635739
0.0005609374
0.9154388
1.1393485e-06
3.9597534e-09
3.6735615e-05
2.4209547e-07
7.9733886e-10
0.0006078856
0.9982962
3.8944563e-06
1.6883638e-07
0.00032309315
0.000817738
0.0077720745
9.626222e-06
8.103368e-05
5.003137e-08
1.0767294e-09
3.8211107e-05
1.2766085e-06
0.9982204
0.021035658
4.3029763e-06
9.00117e-09
0.08265084
0.9855265
1.11799416e-07
2.1923408e-06
0.5449682
0.001676161
3.3137655e-06
1.5887885e-07
2.6090876e-05
2.85407e-07
0.99999845
0.013605405
3.062231e-05
0.0016723496
6.13748e-09
0.00021589383
3.423589e-05
2.85407e-07
0.9856186
8.112723e-05
0.0048881443
1.0737114e-05
0.013717925
0.024018211
0.9167682
0.0002805371
0.28558436
6.5865526e-05
0.0007564494
0.9999432
5.49121e-05
0.00043667163
0.9978523
2.932327e-11
1.6883638e-07
2.7429667e-09
1.1686448e-05
1.5567873e-06
1.0
0.9993383
4.956699e-12
