0.99974567
0.99818194
0.9962705
0.9700836
1.8816849e-08
2.2265014e-09
6.7215115e-07
0.002440021
0.94169647
0.5581248
0.00048753986
0.5188417
0.00055736
2.167492e-08
0.0007932263
2.9466359e-05
0.94141334
0.00019163128
0.52482975
1.4408953e-08
0.00014453524
6.51753e-05
7.8292614e-05
3.6350917e-05
4.4514356e-05
0.00039639245
0.99735534
0.00013007535
0.04560077
2.4358151e-08
1.9481448e-08
0.0006158612
0.0018263498
0.99999946
0.99956787
0.9958811
0.0003491093
2.4930496e-05
7.464267e-09
1.2598545e-07
1.0514981e-09
0.020552833
0.033065602
4.138616e-05
0.056271344
0.0001854187
2.672326e-07
0.0031974537
2.5187754e-07
9.0731983e-10
4.6273748e-08
1.6249884e-05
0.27385432
1.7697339e-08
0.9999982
1.4537627e-05
1.4450588e-06
6.374405e-07
1.6046403e-09
0.94169647
0.0008388962
0.020117251
2.2462344e-12
0.1472339
0.93149847
0.22038272
1.0
8.631458e-05
0.00052173575
0.00042117102
2.7394337e-08
0.0013917661
2.941892e-07
2.4930496e-05
7.4200634e-06
0.0006422872
0.0018124639
0.04981365
2.7761258e-09
5.7862107e-05
0.0007985903
2.2547466e-08
3.811903e-05
0.004007856
0.0006074874
0.9974084
0.00032575495
0.0030170958
1.3726736e-06
9.969519e-06
1.0026267e-06
0.016342856
4.6385708e-08
0.0012480328
4.313237e-08
4.9092137e-07
4.7297406e-09
0.75099427
0.99995303
1.2362482e-09
2.3456549e-05
0.00092749804
2.524499e-07
4.767119e-05
0.0007792503
6.5763006e-06
2.5691013e-05
5.614459e-07
0.95811725
1.127637e-05
9.95461e-07
1.4377113e-11
0.0001564131
3.4408058e-05
0.80971664
0.004646391
0.0010003443
1.6860551e-09
8.03674e-05
0.038213607
0.0005028246
0.030824607
0.0003037355
0.0008553528
2.424578e-09
0.2782936
0.8892968
3.016511e-05
1.4203671e-05
1.0625011e-10
2.4531314e-08
0.01650676
0.00016479322
0.3069754
0.0017932362
2.5207986e-05
3.2267073e-09
0.92780864
3.0054614e-06
2.8004848e-08
7.912373e-08
1.0
3.7945056e-06
0.00022606355
0.0006074874
0.1459372
0.0018124639
0.023468561
3.0054614e-06
0.9978682
4.5086883e-05
8.396716e-10
0.0027825162
0.0005046218
1.6249884e-05
0.69232374
0.0013891316
1.5357035e-06
1.3254062e-08
1.9250172e-07
1.6453312e-08
9.907341e-07
0.003146217
0.950535
2.9823583e-05
0.0004206498
0.016955733
4.5816023e-07
4.5811217e-07
6.334143e-12
0.015523938
0.9928652
0.00058225397
1.3849806e-10
0.0018173177
2.8900235e-10
8.9059995e-06
9.345379e-08
1.2957136e-08
0.43777812
8.8325145e-08
0.00062361563
0.010846126
1.2957136e-08
1.8816849e-08
0.0024166924
0.0011323808
0.96448296
0.1472339
0.42751816
4.3540946e-05
0.00073873537
0.99848914
8.428682e-05
0.09352037
1.0526695e-06
6.800393e-08
1.4101364e-06
2.2013496e-06
1.2439198e-11
9.400633e-06
0.00031552353
7.2077334e-08
0.9999986
0.99999124
0.9982554
0.9933469
2.7432283e-09
0.95811725
2.827556e-09
0.0013708475
2.9060873e-05
0.00013543759
3.0380132e-12
2.9276034e-08
3.6021604e-05
8.33952e-08
0.9993436
5.115535e-05
0.035415925
2.039361e-12
3.9665738e-05
1.9481448e-08
0.00011002649
0.00038079754
4.037365e-06
8.009134e-13
1.752163e-05
0.018310009
0.99999994
1.324568e-05
2.7093843e-11
4.7647804e-06
2.8480985e-08
1.7516384e-05
3.3649994e-06
6.6057854e-10
5.830819e-10
2.827556e-09
0.002607872
3.0952347e-07
5.115535e-05
6.287259e-05
0.0070506004
6.4453293e-06
7.750101e-09
0.16992761
9.062498e-07
0.00013051355
0.999857
0.08087056
7.100197e-07
4.0840523e-06
0.0058707125
2.672326e-07
0.22038272
0.53111225
0.115492396
1.0
4.3102354e-08
0.0036910414
0.99997324
3.908687e-05
5.834368e-10
1.2109953e-07
0.99999994
0.00011452443
2.4358151e-08
0.53111225
2.6394972e-08
0.2532839
0.989319
6.916052e-06
0.89167815
7.8634673e-07
0.0015618749
0.5452572
2.2783172e-06
0.81261045
0.99944526
0.13272049
2.0150645e-07
0.0019308581
3.116304e-06
0.9993224
1.2439198e-11
3.9076613e-09
9.969519e-06
0.9999471
0.0013891316
8.0800346e-05
1.8269882e-05
0.99997324
0.0011238058
2.672326e-07
1.2211445e-06
0.0001708749
7.999359e-06
2.1681702e-08
0.9952934
