1.0
1.0
4.1096973e-05
0.9931681
0.0069062314
0.9995028
0.0007735449
5.2683447e-07
1.2789081e-10
9.677362e-06
4.3279347e-10
0.012592447
1.468301e-06
6.120966e-11
0.011560819
6.3120365e-07
4.3192904e-06
0.4770355
1.3702618e-06
0.00022942576
0.007933707
3.621226e-07
0.007921257
9.5834174e-08
0.54575217
0.049146608
0.98581946
0.99993664
7.650081e-10
0.0048461086
1.3529764e-08
1.0482086e-06
0.9300577
0.00010734711
5.213125e-09
0.9999608
0.00014716407
1.9252762e-05
0.66305125
1.563417e-06
3.9551452e-11
0.01674304
2.9742976e-05
8.645656e-11
1.9226755e-10
1.9335323e-05
1.3486427e-08
7.797931e-10
5.327775e-11
9.313646e-06
6.775057e-06
1.031435e-05
1.7197064e-05
0.0013662694
0.0006342449
3.3153246e-05
1.9774673e-06
8.55352e-05
1.757716e-05
0.9986229
7.936381e-06
0.002526286
0.06631517
1.2013027e-08
0.29499823
0.003203202
3.039504e-07
0.0018997814
8.18517e-05
0.47940296
2.3124321e-05
3.6735269e-06
4.799033e-06
0.0005237899
6.742725e-06
0.06535379
0.00026176297
9.77357e-08
0.40952295
1.3171299e-05
0.009150386
0.003203202
4.3279347e-10
5.9480957e-12
0.9862849
1.2924498e-09
0.087280385
0.000152751
9.1710635e-06
0.00081211934
6.742725e-06
0.17629106
3.6232161e-06
2.638581e-08
0.0002848689
3.8424173e-07
7.0270943e-07
0.0011099862
8.025268e-05
5.187085e-06
0.008383319
0.0110514825
1.0533539e-05
0.9912624
1.5163168e-08
5.374659e-06
9.77357e-08
1.1102056e-05
0.00020141609
6.6549217e-07
0.021350427
1.3718104e-08
0.10503823
0.01115913
3.967016e-06
6.0996186e-10
5.8480496e-06
3.5179835e-06
1.2466372e-05
0.99999994
1.0
5.846112e-09
3.1453463e-05
0.011333634
1.5115357e-06
1.2119844e-07
0.00021604703
0.07168247
0.8795599
7.756584e-05
6.0996186e-10
1.0992987e-09
3.755531e-06
0.00010603441
9.5834174e-08
4.5779833e-09
0.9999564
0.19684641
2.693373e-09
1.5769552e-11
2.9937913e-11
6.985108e-07
6.2364643e-07
0.00017588539
1.7079528e-06
0.062519796
2.1994725e-07
0.95591474
0.9756004
0.5720433
2.9431146e-10
5.1026724e-05
5.064607e-05
0.00533194
0.006135975
2.919905e-10
0.53657573
0.008811668
1.853311e-05
0.0009918002
0.9953674
0.3805674
0.9438179
8.5573374e-05
0.42875686
9.960992e-09
7.0739004e-10
8.105068e-06
0.008153584
9.474501e-07
2.3277213e-09
4.506185e-08
9.062933e-12
2.1919766e-05
0.8706638
0.009587675
0.998642
0.17900701
0.0029086499
0.0001299774
1.2532378e-06
8.5098115e-08
7.0739004e-10
0.44644436
1.1202915e-05
0.8898324
0.97929114
0.048584025
4.7393743e-07
2.543843e-06
0.00015513659
0.9995721
0.9947355
2.812667e-09
1.0148799e-06
0.3969091
3.1687343e-06
9.812408e-11
5.846112e-09
0.8795599
0.0107649695
5.670092e-10
0.0005024538
5.829557e-07
3.7365254e-07
0.5908073
8.5124086e-08
3.976437e-07
2.789921e-07
3.9257046e-08
3.6838198e-06
3.132322e-05
1.0330092e-08
0.9715456
0.8889171
6.095897e-10
8.7029095e-09
7.4240625e-06
2.6157873e-11
9.784809e-05
3.8836893e-06
1.4372043e-05
0.00012631355
0.99605954
2.638581e-08
0.9999619
0.025323043
0.88003993
4.5520377e-05
3.6735269e-06
8.7186635e-08
4.0427537e-09
0.00037700753
0.0001851304
2.812127e-06
0.00011369182
0.81928664
8.3592016e-07
2.7594979e-08
1.5874928e-05
8.2732244e-05
0.92594886
2.8639723e-08
0.43843287
9.011513e-06
0.007984308
0.00023220458
8.9583347e-07
1.0992987e-09
3.3823713e-10
1.5163168e-08
1.6532239e-08
2.9561065e-09
1.5163168e-08
6.663254e-12
0.06674184
5.4282006e-09
4.1096973e-05
6.3706786e-05
0.014449252
9.313646e-06
2.0753716e-05
0.17900701
1.3820951e-08
4.8127435e-09
0.9997951
0.00036264453
1.9761725e-07
1.336804e-05
0.0007759665
8.816407e-06
0.0110514825
1.0
1.3529764e-08
2.8531117e-06
0.059376027
4.3301438e-07
0.31104162
0.04681934
0.9900002
0.00046497345
0.13962427
0.81418097
0.3853546
3.3823713e-10
2.6353971e-05
3.219906e-10
0.0028732752
1.1931426e-05
7.1095485e-08
0.9999959
2.5638553e-07
2.2868234e-07
0.010361807
1.0598421e-09
2.3483515e-12
0.10893204
3.6266778e-05
0.0010290723
0.0010254483
