1.0
9.985122e-07
8.937224e-06
6.8053727e-09
0.18423419
5.349117e-06
5.97305e-08
0.0009114936
0.0026744783
4.991449e-09
0.00012807277
2.900373e-05
0.040562842
0.025114177
0.0039932793
0.23025714
5.97305e-08
0.0077416566
6.506089e-10
4.349793e-09
2.6378673e-06
0.5103965
0.027062641
0.0002236491
2.705256e-09
4.095714e-05
0.99999607
3.7488857e-07
0.18423419
0.07221175
0.00016444334
1.1977004e-10
0.019360922
7.972459e-06
6.206707e-05
0.043351837
5.0361275e-09
0.00017193692
0.9999999
6.3364765e-05
0.00049431546
2.1854927e-07
4.7850186e-09
0.0011871861
5.843127e-08
0.0006193946
3.5210315e-09
0.00028655725
0.9702065
1.4716163e-09
0.99999386
2.714411e-08
0.99854696
1.7173869e-06
2.1669626e-12
1.5524654e-07
0.00022886493
0.0007280324
3.5237217e-06
1.9666832e-06
2.9235605e-05
1.9594667e-07
0.99435914
0.00292096
0.32086918
5.680543e-12
7.1232705e-07
0.00011440786
5.6766766e-08
7.3509127e-06
0.9999992
5.16349e-07
7.413278e-08
1.6490849e-09
0.99862087
0.99999386
0.00022581538
4.5144355e-07
2.4877236e-10
2.5061857e-08
1.7234794e-05
1.1656596e-07
0.000105818755
0.9999999
9.40458e-09
0.0006833408
0.024062857
0.020351088
0.2911681
0.01363867
2.1958327e-05
0.0020451546
0.000840076
0.01883951
1.8123412e-08
1.8973765e-08
0.895997
6.3498833e-06
0.99955547
4.5144355e-07
0.0022996091
8.317033e-07
8.370822e-06
0.0028152408
5.16349e-07
5.5029523e-05
8.3849366e-10
6.39266e-05
3.1406444e-08
0.9624593
5.017697e-10
0.00022856072
4.7907215e-05
1.1170472e-05
0.99820286
8.0628365e-07
1.156412e-05
1.1097167e-05
5.5029523e-05
9.644752e-09
0.9999958
0.026329394
3.40442e-08
0.035989996
7.5886874e-08
3.3301314e-06
4.1715725e-07
0.000114334136
4.4223434e-06
3.5194486e-08
3.3559903e-05
1.6479621e-06
4.327263e-05
0.2911681
0.98626447
0.037923355
1.4213683e-06
0.029998872
3.3559903e-05
2.6955853e-05
1.4950966e-05
0.9993274
2.7214928e-06
0.0046084453
6.194809e-06
2.900373e-05
7.510106e-06
4.899005e-05
4.0422903e-05
0.0016286899
0.00016444334
7.87438e-06
1.0196398e-07
4.204296e-09
9.2616766e-08
2.1669626e-12
4.059534e-06
2.0593016e-06
0.8398188
1.1102278e-06
0.9564463
4.0485588e-08
6.955162e-06
0.00019009931
1.009483e-05
0.99862087
9.985122e-07
2.2791937e-08
2.088615e-05
3.065423e-08
0.008001485
2.7214928e-06
0.03996912
9.347248e-07
2.0424852e-10
0.99999607
2.4877236e-10
4.349793e-09
4.2769566e-06
2.9235605e-05
1.475419e-06
0.00013951736
0.009272103
1.0185226e-05
4.560572e-08
4.0498965e-11
4.349793e-09
7.016314e-05
2.6565482e-08
0.9961864
7.680187e-13
2.6874482e-06
6.583578e-08
0.0005374305
0.0051864986
0.0012308178
0.59874505
1.0
3.114345e-11
0.99862087
0.6198174
0.23025714
1.1659331e-05
1.1441066e-12
1.0628564e-09
4.1058356e-06
0.07544712
0.75858796
5.476981e-11
5.017697e-10
0.00029887486
0.75858796
1.8091782e-07
0.012661742
1.8110499e-05
1.3235187e-05
0.00012270348
1.4322758e-06
1.0
2.7921915e-06
0.00026975985
0.9944352
0.9999992
9.506771e-05
4.6854943e-08
1.0203479e-11
3.8683935e-05
1.1656584e-07
0.9962393
2.1288786e-09
0.00013471309
0.9979965
8.2376154e-08
1.8341087e-06
7.783539e-05
1.0087885e-09
1.04534394e-07
0.9925163
1.9254452e-11
0.000112253154
3.731088e-07
1.7123827e-07
1.8314485e-06
2.1861939e-05
0.98707175
0.9930081
0.9248083
0.0024009154
3.903931e-08
1.6554516e-08
9.388913e-06
3.3472924e-07
2.2465073e-07
7.783539e-05
0.029831856
3.2987404e-11
9.487e-10
9.88339e-11
4.619192e-07
0.021962067
0.008001485
5.4420633e-07
4.5606866e-06
7.3366544e-09
0.008405518
1.4834396e-07
1.707225e-07
1.4053318e-05
0.0039046581
1.7004337e-05
1.6764468e-05
1.8091782e-07
0.04686862
3.0103498e-05
0.00051669934
0.38087776
6.9833073e-09
1.639788e-05
1.208845e-06
5.217619e-07
4.4473665e-05
0.42154363
7.3484453e-06
5.6766766e-08
0.00012919116
0.31865987
2.374937e-08
1.7947034e-06
1.3051622e-06
0.004525099
6.596702e-06
1.1102278e-06
4.1743704e-07
0.0013932423
1.0601711e-10
1.13007035e-08
0.99560475
0.0019192238
1.7711978e-05
1.4425672e-08
