0.99999994
0.99998474
0.12206243
0.004593205
0.00010630097
1.0
0.00013645297
0.0020071703
0.0001182737
2.9419241e-05
1.065776e-06
0.9998499
0.000615988
0.0012533297
1.2458574e-07
0.9995235
0.4777215
6.3749794e-06
0.004593205
1.1315107e-05
3.7086626e-05
5.2786997e-10
0.2585411
1.2458574e-07
0.99659646
0.9971481
0.99998486
9.46684e-05
0.0066614584
2.0057898e-06
0.9999805
0.99998665
0.00022121023
3.4346965e-07
0.0040158737
0.99974924
1.6965659e-08
2.0636604e-05
0.0010063546
0.99861497
2.2947174e-06
9.649992e-06
3.4569638e-07
0.9946374
4.741085e-09
0.025331654
0.093703695
0.00010247433
0.0006772982
8.962206e-06
0.99926144
4.8739514e-07
0.0010353649
0.0018536734
0.00088815816
4.287262e-07
0.2860056
0.0026451314
2.981727e-11
0.009173588
1.5676392e-06
0.9998469
1.0
1.7742648e-06
0.00074136566
2.2880022e-05
0.950498
0.00020165512
8.994681e-05
0.00219137
1.521573e-11
1.9364327e-06
3.9497467e-05
0.2860056
3.0912227e-07
1.0500736e-06
8.713876e-08
1.5482923e-08
0.99999696
2.3299886e-07
5.5148514e-05
0.9971481
0.20784146
4.129996e-10
2.8992467e-06
6.081363e-12
5.529545e-08
2.6611313e-09
0.99691916
0.987099
0.0019816593
1.0
7.768374e-06
4.7873086e-06
0.012118953
1.6734328e-05
0.9944203
1.9219688e-05
3.168366e-10
7.333614e-07
0.00017120043
7.508628e-05
0.0012533297
7.636938e-08
0.00010738755
0.00037958208
0.03269077
0.00025130034
2.0127101e-05
0.00016535768
0.17635834
0.00013743927
0.9269504
4.1880453e-06
9.05932e-12
0.99998474
5.9193924e-05
0.0161006
1.0949533e-07
0.00022961221
5.868957e-05
0.00031816604
0.0012643221
4.2872466e-11
0.03474319
4.131421e-06
0.99977267
1.4469094e-06
3.40681e-08
1.3688246e-05
1.4869461e-08
0.00015252948
3.9596427e-05
0.012118953
0.99999267
7.623867e-05
1.3108276e-07
1.4051509e-05
0.00025130034
0.0014107923
1.565074e-05
0.0053854054
0.9999753
3.0912227e-07
1.040436e-05
0.06899314
0.0019736907
0.00052786944
0.8257378
2.6338452e-07
0.50285435
1.4869461e-08
7.798674e-06
9.797404e-05
9.05932e-12
0.9979337
0.0071722013
0.9971481
7.4013283e-06
0.00012800172
0.9999805
0.9984937
3.6583606e-05
0.0003788764
9.4557785e-05
0.75935614
0.13793088
0.0025521843
0.6206591
0.0058446163
1.2344645e-09
0.99998426
0.09806345
2.8032107e-05
1.4350553e-07
0.0010036377
4.620853e-07
0.9919987
0.98507696
2.0278691e-07
0.9978127
0.00048053628
0.00031816604
1.6734328e-05
0.13793088
0.0048545417
2.012954e-09
0.00069176825
1.1652601e-08
1.5676377e-06
0.009173588
0.048816703
0.26354146
0.002377626
0.020735063
1.8888377e-11
2.2947174e-06
0.00036157246
2.5940897e-06
3.5557234e-05
6.369899e-06
3.574624e-06
5.6623264e-07
0.039760064
3.2068084e-10
0.7873846
7.7123836e-08
8.9338515e-05
0.36751553
0.010799952
1.4051509e-05
0.6816156
2.8765953e-05
1.0393481e-05
1.6674969e-08
1.9194163e-08
6.7938977e-06
0.00092916185
0.24792887
0.021155031
0.1967127
6.2918284e-09
0.00024393493
2.0603743e-06
7.9029306e-08
0.9984564
7.957738e-07
0.0015493954
3.6575757e-06
4.616084e-06
1.9008395e-06
0.00045147006
0.06891053
0.023660533
0.004583766
2.224222e-09
2.924531e-05
0.00011182399
1.7696054e-08
0.9172282
0.974312
0.0021327303
3.4676256e-07
0.99999696
0.00066247705
6.2519604e-05
0.0045900363
0.0018573207
0.0037124378
6.6872093e-07
0.048816703
1.0
2.6696107e-06
8.9481766e-08
0.13997899
7.0754973e-06
0.38344342
0.0012643221
0.9926407
2.428308e-07
4.744842e-06
0.16855238
0.9999997
7.5260566e-08
0.9998469
2.3868674e-07
1.9787667e-05
7.433892e-05
0.48862383
0.000104666266
3.973129e-09
4.7033995e-05
0.058889456
0.00029685404
0.0012686918
0.0012533297
9.1841956e-10
3.3290597e-08
3.912847e-08
2.482351e-08
2.6504604e-06
0.0028237405
0.97802037
5.8203394e-05
1.1840301e-06
1.0
0.00010259743
1.6339965e-07
0.019465633
0.91301656
0.044910427
2.4780025e-09
1.6976925e-08
5.7796643e-07
0.0071722013
6.305899e-07
0.9998499
4.4689383e-05
0.9999753
5.870014e-07
