1.2775627e-05
3.870803e-05
3.4693127e-05
0.29960728
2.176604e-10
2.7684104e-07
5.707255e-06
0.0055225957
3.3536325e-09
0.00021511178
1.7638518e-05
0.9654483
5.4871968e-11
5.9512622e-08
0.0001875131
9.19826e-09
2.6730811e-05
0.01233961
1.6504489e-11
1.850865e-07
1.9985094e-08
1.9426257e-05
0.0011652941
0.00020616715
0.2128667
7.876003e-05
1.455837e-06
0.00038047403
4.1420967e-06
1.0268307e-09
7.777493e-05
8.468347e-06
9.126978e-08
2.5356562e-06
8.147824e-06
0.03469843
1.4611977e-06
1.4838056e-10
1.9514675e-06
2.5536862e-08
0.033128556
0.898129
5.893359e-05
1.7550362e-06
7.1032865e-08
0.0017827682
1.0133508e-05
0.06686424
2.798547e-07
1.6724724e-05
6.0232975e-07
2.0289988e-07
0.0013637097
4.1288436e-05
3.819204e-07
3.1986566e-08
0.0043120873
1.5200633e-06
3.068216e-10
0.05632742
4.930698e-10
2.229531e-07
0.0064814035
0.9942766
2.134247e-07
0.00064333354
0.00037789094
0.9987852
4.2448924e-08
0.026208078
2.2614781e-12
0.11196438
2.79187e-09
5.4871968e-11
0.0010906361
2.028702e-06
5.107165e-10
0.21400031
4.651963e-10
0.9999952
7.1905966e-08
1.0878859e-07
2.0899992e-11
7.964746e-07
1.0
6.974558e-10
0.0064456775
1.7530573e-06
5.6336177e-08
0.0001784041
0.00067698257
1.4674653e-06
0.19136052
2.5234063e-11
0.76571566
0.00012276445
1.3812242e-05
4.2133643e-06
0.005365057
1.5487582e-06
5.3686805e-11
5.1716147e-06
7.212312e-07
0.00012276445
0.0025171991
0.0007153626
1.5289144e-05
1.240248e-05
2.265065e-06
7.418391e-10
0.9994838
0.38462442
0.98248893
0.8494907
8.9260175e-05
1.3648476e-05
8.7889894e-08
1.3812242e-05
1.3704185e-06
1.2615035e-10
7.188035e-05
3.1191375e-06
0.001527664
0.0012463358
3.1986566e-08
0.000103800354
4.8352613e-06
7.1905966e-08
8.598015e-05
4.3453213e-10
1.9756082e-05
1.2445678e-07
0.14477941
6.279366e-06
8.828253e-08
2.2842785e-06
3.471427e-08
2.4726222e-07
1.6786435e-08
1.4117874e-06
0.029489463
0.01216648
1.0
6.6613284e-05
1.8826547e-07
9.377336e-09
0.062015854
0.00025957072
2.2463617e-13
1.985231e-12
8.748456e-06
1.2968559e-08
9.689118e-08
0.0002904171
3.4534742e-07
0.0001182825
7.149901e-05
0.00048538062
7.4395077e-09
0.84153074
1.1269985e-06
5.1524516e-08
0.000104186896
6.239237e-08
8.730878e-06
4.8163693e-05
4.1819635e-06
8.9203415e-05
0.00015641606
1.0965438e-07
0.0012463358
1.4260081e-12
0.9997728
7.199095e-11
4.8531024e-06
1.94582e-08
1.6405075e-06
1.9513205e-08
0.05632742
3.1254242e-08
0.97378045
0.050553728
2.449191e-11
1.9599732e-07
3.0893973e-06
2.2160428e-11
0.20971456
6.1057705e-08
0.059287578
1.0133508e-05
5.003698e-09
0.012222873
0.005859738
6.3771868e-06
0.25241268
0.003844649
2.8498142e-09
5.2616888e-05
4.7909166e-06
2.5976597e-05
1.6399978e-05
0.007893956
2.8482771e-05
1.7172281e-06
4.2448924e-08
0.99253595
5.5299775e-08
3.9390942e-11
0.01841489
2.3773175e-06
2.5963322e-05
5.634472e-07
1.5980086e-05
3.7273743e-08
6.234883e-07
4.6264317e-06
5.2972126e-07
9.808965e-11
0.0001355399
0.009876516
5.02439e-06
5.776859e-08
2.2716254e-07
3.0224805e-05
1.1738157e-14
2.2716254e-07
0.13310061
7.6824697e-10
4.0566743e-12
3.1500265e-06
6.4115375e-06
0.49502885
5.1716147e-06
0.06532338
3.3898522e-09
3.355612e-07
0.00015641606
8.837518e-06
0.06474649
2.0080925e-08
5.0992086e-05
1.4091325e-05
7.900948e-06
0.03395239
8.4327985e-05
2.7634853e-06
4.485292e-10
1.8033375e-05
0.00011327823
6.381473e-07
1.8795829e-08
1.9985094e-08
2.3014294e-07
1.1283675e-05
5.8872088e-06
6.904625e-12
2.4104956e-13
2.8843435e-06
0.013801776
3.857941e-08
3.1473778e-06
0.00025114033
0.0020259002
4.059093e-06
1.3902695e-06
4.0677588e-07
1.0
1.776798e-06
1.5300988e-05
5.769534e-09
0.00025114033
1.2962381e-07
2.794029e-08
0.0055225957
0.0039147087
0.04757173
3.3536325e-09
0.23918757
2.1645842e-07
1.5273965e-08
1.0509852e-06
0.99849904
2.2614781e-12
0.0019759547
5.73981e-05
0.009980461
2.8622675e-05
2.9946503e-07
0.04757173
9.805088e-08
3.2846517e-11
1.29685835e-08
0.00016964498
5.854299e-10
0.0002400569
5.3580493e-08
0.011700418
0.0012495987
2.1482549e-08
3.0893973e-06
