0.99999976
0.0997121
5.113124e-06
2.570974e-05
2.5067053e-05
4.2855994e-09
0.9975882
0.00064786396
8.126647e-07
2.529535e-08
0.0011699247
1.3921116e-08
4.608804e-05
0.0006646677
0.0039823134
3.068598e-09
0.00077091815
0.0009711037
0.05355085
5.5527937e-05
1.0
0.9999984
0.00016330954
0.0028674095
1.5165591e-06
2.5452371e-05
4.2855994e-09
0.97900283
0.022284325
1.6669184e-05
1.1401811e-06
1.5724089e-10
1.0
1.7078444e-05
4.3147182e-08
0.07478956
0.99999106
1.3040683e-09
3.9670183e-09
0.00016330954
4.171946e-08
0.00032384376
1.5944639e-07
0.335442
0.01714274
6.561101e-12
3.1305335e-06
0.99999803
1.6332503e-07
3.1620722e-12
2.1640444e-06
1.4549777e-11
0.0059805512
0.9715523
0.0016264794
3.0858025e-08
2.4810075e-07
0.00012726722
6.4529036e-07
0.003018921
1.9516338e-07
3.2356774e-11
5.57951e-06
3.4331026e-06
8.5962855e-09
3.026009e-11
0.0069419374
0.003754183
3.7205556e-08
0.00032384376
0.4244194
1.8040074e-06
2.5518054e-09
1.1340043e-06
7.70429e-10
4.175364e-06
4.431553e-08
2.2965145e-05
7.4182554e-07
1.6513305e-11
5.447107e-06
0.87061656
1.567899e-05
5.0847295e-11
0.77080655
3.2946242e-05
2.247006e-05
4.406165e-05
0.0013667576
5.0188692e-08
9.460216e-05
1.3458117e-05
1.3499754e-06
5.113124e-06
0.99016434
2.8245796e-07
0.9999955
7.532008e-07
3.0395464e-10
0.0006807337
0.00010551043
8.451059e-09
1.844843e-06
0.99878347
3.6281772e-08
0.003009017
1.590736e-12
1.2189457e-08
0.03177318
0.012901525
3.957826e-10
0.0006735271
6.3378684e-06
3.348215e-07
0.6778691
0.39533794
1.0012881e-06
0.040024705
0.00014059723
2.7522985e-05
3.6587376e-06
5.920433e-07
4.1198516e-07
3.113683e-09
0.18402113
1.7358172e-06
1.6174393e-08
5.0847295e-11
0.0033811983
0.98515236
1.9751638e-05
9.7516164e-08
4.7834263e-05
1.8471356e-07
4.7584185e-06
7.683233e-05
3.2203577e-08
0.035394706
6.3378684e-06
0.8883702
0.014162117
1.5700952e-10
6.894696e-10
8.8820525e-05
2.9604089e-05
7.447517e-07
4.1198516e-07
3.7014942e-08
0.00013026365
3.5434023e-05
0.014259544
0.00027199247
6.182199e-07
1.0012881e-06
0.00049059704
0.001247738
1.0696795e-05
0.0010206763
6.900925e-08
0.58005124
0.08880084
0.9957213
2.8756917e-08
0.9999996
3.3106504e-09
1.2494023e-06
0.2105254
1.6972704e-06
1.8040074e-06
3.7969697e-12
2.2796882e-09
2.1523538e-06
1.4082796e-08
0.010511485
7.583461e-09
4.0426634e-08
1.5669426e-06
1.97566e-07
6.2725067e-06
2.7751826e-06
0.85176575
3.8872686e-06
1.3699708e-10
0.00013968268
9.608703e-10
9.813777e-06
1.0165087e-09
4.6494447e-06
0.10560012
0.9999997
0.003947163
8.467e-09
0.008336298
1.1675169e-06
2.557794e-06
0.0152443545
6.89294e-07
1.1199577e-07
0.42814174
0.9555763
0.99746263
0.99849606
0.04481519
0.0016264794
3.127676e-07
0.02308848
9.000707e-06
0.04264728
0.99582434
0.9996236
3.3257024e-08
2.0216805e-05
2.0494434e-05
1.1213593e-12
5.920433e-07
1.4020762e-05
1.0
0.0003955128
0.51015675
0.38245013
0.9970526
6.89294e-07
0.9730885
1.3699708e-10
8.184366e-05
1.086451e-07
0.001381535
1.0
8.467e-09
1.7836486e-07
0.0019900098
0.0019929127
7.5170185e-08
0.014851247
1.6127938e-08
4.0779036e-05
1.5305466e-07
9.099737e-07
0.9452841
1.499043e-08
3.4100736e-08
2.2965145e-05
0.9999327
6.199521e-07
4.565629e-08
3.6587376e-06
1.3539113e-07
1.4091331e-13
2.331925e-09
0.4470708
3.4983982e-09
0.0017471586
1.3196515e-07
0.0059555615
0.00027161906
0.01424269
0.999989
0.99958205
9.841732e-07
1.0299921e-10
0.00013005291
3.2627722e-05
1.0622534e-07
4.0085038e-07
0.0017589469
9.154959e-05
1.10571335e-07
1.0210293e-07
3.2363442e-11
0.00022787398
5.57951e-06
0.0013667576
2.9604089e-05
0.009754423
1.9257419e-08
2.0494434e-05
2.092597e-06
1.7778406e-07
1.844843e-06
0.997869
0.02073224
9.183411e-05
0.9876284
0.0013317924
2.1742088e-07
1.0
0.035006072
1.7035301e-09
0.2836147
0.004933313
0.0028029322
0.5761438
9.342798e-06
0.036724087
0.00031597028
0.99932253
2.3304826e-06
4.3272316e-06
0.9999075
0.012475727
