0.695078
0.00021392996
0.43861878
5.858672e-07
0.00025704858
8.6382264e-05
0.000123239
0.99875647
5.0890154e-08
1.5655874e-05
2.3199532e-07
7.2285766e-05
0.000980387
4.3742057e-07
0.9993832
1.2903931e-09
1.6067514e-08
4.2926002e-10
0.9998326
2.8678865e-06
1.06942e-10
0.0023043817
1.2292186e-08
2.4700148e-08
0.9984243
6.8156456e-05
0.0007342796
9.697831e-11
7.6828564e-07
1.7458648e-06
2.3107317e-08
0.43861878
2.871467e-11
0.23251617
4.1306537e-12
1.1947686e-05
4.810704e-07
5.0176493e-07
9.4011945e-08
3.1920987e-08
0.013933097
3.6131712e-07
0.9925424
8.448837e-07
2.8605714e-06
2.7670256e-05
7.434034e-07
0.99995565
4.3969307e-05
6.4386887e-09
1.016546e-08
0.00023691225
4.6360824e-06
0.9989272
0.23251617
0.00021392996
0.9999998
2.7285043e-06
0.8881836
0.051840875
9.523305e-06
0.00051493425
1.520475e-09
3.026557e-07
3.289552e-06
5.2274496e-05
8.528611e-08
1.0
7.8912795e-05
1.7850812e-06
0.0037340878
0.3012959
8.624089e-09
0.00018421756
0.0026490425
0.5499999
9.756869e-07
4.4936175e-09
0.11571997
1.6848044e-07
0.99891907
0.99852103
0.0893813
5.343045e-09
0.00012463435
1.664255e-07
2.4778583e-06
6.0840707e-06
4.590329e-09
0.0006389191
0.00564796
3.1504688e-10
0.01975496
6.501881e-05
1.6807674e-12
2.9393967e-09
2.6610928e-06
0.017878002
0.0042177765
1.7227823e-06
8.7878156e-08
0.0012916593
2.1645152e-05
0.016051942
0.012745602
1.2379012e-05
0.00013877249
5.2348623e-06
0.0064346446
5.3874295e-08
0.98431516
0.012732037
4.2909022e-07
3.0459883e-06
2.878148e-07
8.7047226e-08
5.7226927e-05
0.00021073973
7.239185e-06
7.70961e-05
0.00022027343
5.9891363e-07
1.5984515e-09
0.00021619849
1.2571967e-10
8.2402275e-06
0.99737144
6.274643e-09
7.365284e-05
7.1998575e-06
3.041476e-11
9.523305e-06
0.0033203156
3.4950852e-05
8.702316e-06
8.624089e-09
3.975996e-05
9.618706e-08
0.00042779473
2.1543194e-08
0.00012863812
6.690492e-05
2.465384e-07
6.6078576e-07
0.9882289
0.024325969
0.97970873
2.3425875e-05
0.0055189566
0.00019763771
2.9112664e-07
1.007151e-06
6.27213e-06
2.6655563e-05
4.9739597e-06
2.9972502e-05
3.220474e-12
3.989799e-05
0.34481052
0.0006300825
1.2309036e-07
0.6886564
8.442988e-09
3.270928e-07
7.22271e-11
1.0750055e-05
9.1758475e-06
0.00016548338
0.000206211
1.7758153e-06
7.0007927e-06
7.0007927e-06
1.590858e-07
0.00034676498
1.9696487e-05
2.1897147e-08
5.3323936e-07
2.4329156e-05
0.9991656
3.0206053e-07
0.00013057081
0.0036012395
3.1483282e-07
0.0028138931
0.002012351
0.003113337
0.005591587
0.00016693507
0.0009677533
0.27774596
0.0028000122
0.0007776353
2.498457e-05
1.993784e-05
0.0030021416
0.0013109035
0.88487697
0.0073820692
1.2898864e-06
0.00564796
5.3243467e-09
0.02760679
0.057851788
9.98657e-06
2.2130555e-12
0.00028542813
0.9998853
0.0024861405
0.93541265
0.72820437
0.9925424
3.854073e-07
0.000495621
9.0402295e-12
1.2571967e-10
8.457833e-09
4.413171e-05
1.04467945e-05
4.5993065e-06
2.092543e-12
2.0518786e-07
1.5655874e-05
0.9925424
2.010689e-06
4.6284567e-05
0.071001045
1.0750045e-05
3.4565156e-07
2.885419e-10
0.00030198775
0.00717975
6.8434224e-06
0.009788571
2.4853678e-05
1.4304767e-05
1.5984515e-09
1.0662259e-05
4.8107086e-07
3.2372925e-05
2.4329156e-05
2.4329156e-05
5.4537276e-07
8.980437e-09
0.27242124
9.720786e-09
5.4464766e-07
0.00207705
4.43994e-06
3.975996e-05
0.08081116
2.0713054e-07
4.774619e-07
4.5993065e-06
6.1782303e-06
9.3398876e-07
1.2093456e-05
2.1237764e-05
2.1993878e-12
0.033232752
1.2027108e-07
0.0023043817
1.9016e-09
8.2402275e-06
0.011734565
8.225432e-08
1.6678564e-08
0.00015447868
2.344792e-07
1.3572402e-05
3.102285e-08
1.0299311e-05
0.037518114
3.5655503e-05
0.00031679493
0.033648748
0.00023022074
1.24732e-06
6.78885e-05
5.7308166e-06
0.99777305
0.64242625
3.2585167e-12
2.9869292e-07
6.8342524e-06
0.99704504
0.000535911
6.493407e-10
0.0008200759
0.0028092554
3.5229424e-11
1.5305854e-10
1.2761734e-07
0.3079958
0.55288994
0.011686266
2.0092084e-05
7.1429563e-06
7.239185e-06
9.341664e-10
0.00044840257
