1.0
1.3119724e-05
0.0055640778
0.0051707323
6.807429e-05
1.1421615e-05
2.0384728e-06
0.7421792
0.9999996
9.244739e-05
4.5392677e-05
0.060025383
6.341033e-07
7.8524405e-05
0.00054394174
5.3498496e-07
0.0035475008
0.0007553941
4.544907e-08
0.00059965847
1.0
7.3910326e-07
2.2961578e-06
2.3214054e-11
0.9994917
8.68815e-07
1.3543647e-05
0.0016874694
0.13769647
3.168599e-08
0.00080535194
1.4091924e-09
0.008518719
0.99999994
3.8124062e-07
6.2803804e-07
0.7662327
0.7522496
0.00021729566
0.9988851
0.0010243406
7.5329626e-05
3.142891e-06
6.4085784e-06
3.6172597e-08
0.80845886
2.1246049e-05
1.1264679e-08
1.5846628e-05
5.8388738e-05
6.1441747e-06
1.7709767e-06
0.99995905
0.09668301
0.020604651
0.01551183
2.001537e-07
0.99217725
0.0051707323
0.0010609456
6.2042886e-08
0.0037418813
1.2796899e-06
0.97880524
6.07461e-05
5.692517e-07
2.7186442e-08
0.9983711
0.14431545
0.13969958
0.52938026
0.6618998
1.8065048e-05
0.00011513653
0.9953963
1.0638111e-10
2.3888491e-05
4.9012046e-06
0.00029348614
9.607328e-10
1.9536145e-08
3.8078601e-06
0.06682722
6.0726326e-09
0.018089792
0.53842306
0.01326637
0.017407559
0.00027113807
0.0665114
9.646959e-09
0.0027562222
0.087092735
1.1540234e-07
0.99999994
0.009113728
8.6300304e-07
7.784074e-12
0.00019560549
0.00064705714
2.0260416e-06
2.9678935e-07
3.756365e-08
1.12400714e-10
1.0156913e-06
3.0872573e-07
0.0027545292
0.00013000194
0.0010031736
1.3716445e-05
5.8388738e-05
4.555766e-06
2.7174264e-07
0.00013571697
3.6522332e-09
3.0236553e-11
6.9721164e-06
0.0012710994
9.3336547e-07
5.1264742e-08
0.22819552
0.75224954
6.508987e-07
0.99780643
0.9999881
3.402326e-10
0.75224954
5.9769825e-08
0.08072133
2.1317834e-05
1.9536145e-08
2.770548e-05
0.006157977
1.2306708e-08
1.6889725e-06
3.2910502e-05
9.8053015e-06
1.3051883e-06
0.06730736
1.0638111e-10
0.010778974
0.99708706
0.0034174933
0.9979924
7.5616186e-10
0.7939151
0.00070745585
0.0010243406
0.90814507
0.038376573
0.014607061
0.0001378393
0.99987036
1.2460263e-05
0.0017434567
3.87593e-08
1.3723847e-10
0.018485177
1.2071004e-07
0.0005744652
2.4149667e-06
4.244011e-05
0.00010233069
0.06682722
9.688116e-07
1.641169e-08
8.387726e-07
3.7050584e-06
3.738576e-05
5.0173708e-06
0.045277555
1.2460263e-05
0.00021922226
0.99999976
0.99635226
0.010054357
0.00054326927
0.9540342
2.2279057e-06
1.2026214e-11
9.07937e-08
0.0007740791
0.00059364113
8.48984e-06
4.9477357e-08
1.1197142e-11
0.8437891
1.4857889e-06
0.0109078465
4.43896e-05
5.2148907e-06
0.5993295
5.3471205e-10
0.00016709496
0.020692082
2.7591484e-06
0.00016879916
0.00070745585
0.008172003
7.572967e-09
1.4565159e-05
8.938912e-06
1.0
0.71423966
0.00080535194
8.62332e-06
0.0007666584
3.718472e-05
2.9678935e-07
0.0048183445
0.00010112492
9.580531e-06
1.1711512e-06
1.1543735e-09
8.4943185e-06
0.9868971
4.179946e-06
0.07797214
4.533916e-05
6.2042886e-08
4.480682e-05
0.49910483
3.2538638e-09
0.9995705
0.0002020229
4.7472633e-07
0.00016316664
0.9791742
5.416578e-08
8.48984e-06
0.04497657
5.6511703e-07
0.00027219407
0.031100875
0.00010112492
3.938623e-06
0.0018397158
0.9999989
0.8197082
1.8990837e-06
0.14097527
1.023923e-08
2.8084498e-06
0.0008670287
0.00073480076
2.5211808e-05
0.0012917258
3.2905937e-06
0.4364912
2.0425379e-08
1.2071004e-07
1.4218277e-07
0.0021133632
0.0027379522
3.7814605e-08
1.0010456e-08
1.857041e-07
7.497838e-05
5.873139e-07
0.9999986
3.7552766e-07
0.0005507494
0.0004956092
0.010618553
2.4149667e-06
0.9995759
0.00016058104
0.9161778
0.18234555
0.08072133
0.013965307
0.99957156
9.1114465e-08
3.8626316e-05
3.8521586e-05
0.00013238893
0.000115094816
0.0004618893
1.0987477e-12
0.0021133632
0.0003519291
6.4085784e-06
0.0004783561
3.1725727e-07
1.710883e-05
0.0006731049
0.010864173
0.37242922
0.8120271
0.99998665
0.026920179
0.99496466
0.0047426624
4.6518027e-05
0.0010609456
8.2335526e-07
3.5249889e-06
0.99999994
0.0051707323
0.97228044
