0.95317644
0.0007087769
0.0009296218
5.9212325e-05
0.0020643568
0.002247862
0.00011394829
0.0009982289
0.00010338556
4.0678202e-10
0.007999766
1.1200736e-05
1.0
0.99578166
5.037412e-10
1.5780455e-05
0.11197216
0.00018052598
2.800934e-05
6.093328e-10
8.672267e-10
8.017382e-06
2.1236792e-07
3.0220335e-06
0.009683861
0.9995936
3.8915238e-07
7.0606956e-07
4.3641658e-06
0.9993107
8.987258e-06
2.4542546e-08
9.841103e-11
4.456422e-05
2.39994e-06
0.0020643568
6.428801e-07
0.0061688777
4.4873526e-05
9.4197685e-07
8.080727e-05
7.352501e-08
0.07091408
3.9827447e-07
6.6028324e-06
0.050403923
0.89606625
1.0
4.1822386e-05
2.7560894e-08
0.00012866645
0.00011771417
6.2664105e-05
0.00014192726
2.6906415e-09
6.227045e-07
1.4480578e-07
1.764621e-06
0.0008043411
0.5866184
1.402051e-08
8.82977e-05
1.7409585e-07
0.0002005627
0.9904819
0.7940357
5.4067307e-08
7.015873e-05
4.2826465e-05
0.9999995
1.1930744e-05
1.1389504e-09
7.978209e-06
0.38125294
0.94777066
2.3555876e-05
8.593278e-05
2.4065974e-07
0.99950624
2.2463333e-08
3.26638e-07
0.3813561
1.6152664e-11
0.02724472
0.003476129
0.9999863
0.027269943
8.5287675e-06
0.000118050375
4.4066974e-07
0.6473023
1.6152664e-11
3.4680017e-10
0.00014933276
2.2302815e-05
0.08402566
0.00011771417
0.020465776
0.11611889
0.00019197364
0.06280543
1.0328422e-07
0.99998057
4.4015787e-06
1.2816521e-07
8.5099714e-07
7.322376e-05
9.392591e-08
0.8377447
5.577673e-10
0.32667422
0.89657676
0.079827994
4.588429e-06
0.706604
0.4569645
5.5366825e-05
1.968552e-05
3.477498e-07
0.4569645
0.9999994
3.308973e-08
0.49738842
0.11880606
0.00085439807
1.6837692e-05
9.3126005e-07
0.8984791
0.99998397
3.041876e-07
1.0
1.1057298e-05
0.00042780573
3.1808e-12
0.00060378935
0.024664912
2.1887375e-08
9.934667e-06
9.875806e-09
3.1767546e-09
2.9250873e-11
3.20488e-07
9.077815e-05
0.027269943
0.32128814
5.472436e-08
0.004285371
1.2697818e-09
1.9304255e-06
0.00047837227
0.0045783734
1.4742101e-08
0.9853258
0.99865496
3.8230877e-12
8.289562e-09
0.0009630967
0.18232603
1.018681e-06
9.255685e-06
2.7560894e-08
0.0011001471
3.3713288e-08
0.004285371
1.970491e-07
1.7862584e-09
1.0878191e-08
3.893665e-06
1.1690856e-06
0.00047257508
0.014890429
0.99999875
2.4215942e-05
0.7940357
0.0016016039
4.6110404e-08
1.0040893e-09
6.491082e-09
0.003476129
6.6671926e-09
3.6159565e-07
0.4378348
0.9996682
4.475083e-09
0.057779387
2.5332044e-08
0.021263765
0.014907729
2.4575178e-07
5.01218e-09
3.3121225e-06
5.7458547e-06
5.0787585e-05
0.005324366
4.1822386e-05
2.9485028e-10
0.0005669068
3.8657232e-05
0.00014225431
0.8874342
0.18232603
0.00555771
1.2500578e-06
2.5194817e-07
4.535971e-06
6.970575e-08
5.1988486e-08
1.3083662e-06
0.4378348
0.019009942
2.613325e-10
8.097877e-08
8.8467525e-05
0.9999847
0.0098266825
3.1463404e-08
0.012169311
0.006127574
0.9999345
5.515494e-07
1.867045e-05
1.0
0.9940739
0.16246307
3.205717e-08
8.179894e-07
4.5716067e-08
7.783777e-08
2.8910796e-08
0.058637254
1.45573225e-08
0.03450009
9.798167e-09
0.83176035
0.11913102
3.427792e-07
0.4715724
3.205717e-08
3.893665e-06
2.0480077e-07
7.1606232e-12
2.5014708e-09
3.389033e-05
3.389033e-05
0.007423969
0.038382664
2.8362732e-07
0.57394713
1.1690856e-06
0.11909165
5.054166e-05
3.6898705e-08
1.0
0.0042292033
2.873e-06
3.6159565e-07
9.3126005e-07
1.6801158e-06
0.030171895
5.093133e-07
2.4850313e-05
0.0007087769
4.6314457e-07
0.12491457
3.6063245e-06
2.1250721e-06
0.99998945
0.9457788
9.792806e-07
1.4365849e-05
0.044788513
0.00047908278
9.029175e-05
0.9998237
1.9642952e-05
0.99999917
0.008435968
0.99591345
1.854255e-05
0.38125294
1.7132761e-07
0.18983214
8.085722e-05
6.7863543e-06
2.2404456e-05
9.291016e-11
9.029175e-05
5.123448e-06
2.5596853e-06
2.7752646e-06
0.007999766
2.5273346e-09
0.8248268
1.0561594e-05
8.998267e-13
7.5985365e-05
0.0001261139
0.99997616
0.061909676
4.891797e-05
