0.0041993656
1.2728218e-10
1.6847636e-08
5.749823e-10
0.97868097
1.5757091e-09
7.542494e-09
2.5156856e-05
0.9999129
2.5485485e-07
6.052399e-08
7.649078e-05
0.68231076
0.9715616
3.34534e-09
3.9997078e-05
5.6670115e-06
0.99953514
6.803026e-07
4.2026764e-09
0.1059931
0.0042932215
0.9999471
0.004251136
1.8341039e-07
1.7256642e-08
1.9106672e-09
0.92926335
5.4452743e-05
8.2949015e-07
0.21732423
0.0010989457
2.1941019e-06
0.0011645012
4.0751456e-09
9.631453e-05
1.3199364e-05
1.5459337e-06
0.00023396511
0.0004283309
0.0008570236
7.0448687e-06
6.8301095e-05
0.003360032
2.502689e-08
1.5331457e-09
0.00026375157
0.00039707302
1.1720534e-05
0.17103864
0.99999875
1.8604834e-07
0.99913883
6.483374e-05
0.0050823605
0.011162904
0.06575195
6.395586e-11
0.0006502464
3.9838515e-09
6.103626e-06
0.0014833509
1.1971455e-05
3.6856926e-07
0.000109516724
3.0615825e-05
0.80461067
1.4153988e-09
0.0001950531
5.345237e-06
0.00043881562
8.004985e-12
0.00570197
4.444386e-05
0.014132688
1.5728996e-05
1.1445734e-05
0.00024407591
0.9999998
0.00066122814
3.5414925e-07
1.2478849e-05
0.009684182
5.311736e-10
0.0042384267
3.51266e-09
0.5855736
0.00026741397
2.1688733e-08
2.5097218e-06
6.6852004e-07
0.024179468
0.00025031465
7.4850377e-06
9.920961e-10
7.6364834e-09
0.014239891
0.00024407591
4.430233e-09
2.1543092e-05
0.0069385986
0.85459197
1.081864e-08
7.742436e-06
3.8331282e-07
1.40853e-07
1.7927405e-05
0.99984723
6.849729e-05
1.6056489e-06
0.7965843
0.00011017285
0.20395043
3.541496e-07
0.99999875
8.58728e-11
5.1095417e-06
0.0260869
2.281285e-05
6.834657e-05
0.001744408
0.005910461
0.00047555027
6.8301095e-05
0.7965843
0.00038667116
0.27972177
0.00015967272
0.9987795
8.770686e-08
1.7804313e-06
0.1146901
6.8341615e-06
1.1030462e-05
1.6326803e-05
0.9179784
0.9544031
1.3136308e-07
0.00023972068
5.2880787e-11
1.4113687e-06
0.9999997
7.295373e-07
4.259797e-07
0.9987886
0.005893884
1.4111653e-07
0.99985325
2.6540205e-05
0.007613666
1.0884521e-08
0.9999949
5.2880787e-11
0.00066122814
0.006329486
0.011086068
0.9999937
0.16941272
1.9475203e-12
0.0021845845
2.7478508e-10
2.6540205e-05
3.117001e-07
5.394398e-06
2.3563532e-06
2.7478508e-10
0.05954435
0.00013679065
4.27713e-07
0.007334945
4.085735e-05
0.00015410014
1.5264164e-10
5.3520977e-05
0.0008949997
0.00045819452
0.9998667
0.00025274974
0.0002770049
0.86444217
0.00043881562
0.00066122814
9.4907596e-11
0.008442034
0.5226674
0.9216248
0.54919523
0.9276639
0.010361851
0.00023396533
1.096142e-05
0.0023614417
4.4204604e-08
1.8564775e-05
1.1426232e-09
0.00025532296
0.00016047282
4.22048e-07
0.9999925
5.074237e-05
2.4577394e-05
0.99999994
4.259797e-07
4.111614e-09
0.05652542
3.761316e-06
0.0016624975
0.79161257
2.8828419e-08
0.014132688
0.7678327
2.5034433e-08
4.5082456e-06
0.0042384267
0.00080327725
3.520693e-05
1.9475203e-12
1.9596228e-12
1.8692934e-05
6.951734e-05
2.879523e-06
4.411446e-05
4.4927907e-05
6.0351795e-05
2.2086395e-09
0.9715616
3.0334102e-06
1.5668694e-11
0.00025532296
8.3155e-06
1.5157795e-07
0.0001790942
4.7217392e-07
1.2275785e-08
3.0652882e-06
0.002322873
1.2303161e-06
2.4023821e-08
8.763344e-12
0.00042751912
1.5719823e-11
2.2796169e-06
0.002202062
0.05040907
3.8331282e-07
7.137041e-05
0.00015997568
1.06440524e-07
4.849734e-06
0.0013301027
1.3059578e-06
1.2557023e-06
8.330379e-12
1.2618874e-08
1.9830004e-06
4.2267698e-06
1.7198831e-06
1.1631865e-11
0.18785028
5.9187396e-08
1.6518937e-08
2.9129711e-05
0.00010685251
0.97868097
1.47964405e-08
2.4360521e-05
3.0827175e-07
6.770677e-07
0.00028052638
3.6911613e-05
2.1536207e-06
0.0016844069
2.0666232e-07
7.745427e-10
8.6394786e-05
6.1749216e-07
7.794128e-09
1.0205596e-08
0.00040360872
4.888391e-10
1.3057165e-05
1.7699253e-09
0.21120667
0.09444148
2.846964e-07
2.4160424e-06
9.3833386e-11
0.001957436
0.5226674
4.0298534e-07
2.2805475e-06
2.4625243e-13
0.024627471
6.2139975e-06
1.3524229e-10
2.8739795e-09
3.4057777e-07
1.1943297e-06
1.4443766e-07
1.0
