1.0
1.0
1.0
1.0
1.0
1.0
0.00027002904
0.7383724
0.0014542948
0.9999995
0.7193234
7.856753e-10
3.1397377e-07
3.4306088e-06
2.2056307e-08
4.50592e-06
9.6947235e-11
9.78311e-10
0.4630699
3.9111605e-08
2.517288e-10
1.0412805e-07
1.5358808e-06
1.5425062e-08
6.350277e-06
9.648091e-07
1.2568688e-09
8.9008375e-12
0.00044864352
6.5462795e-11
1.3474317e-08
8.248811e-05
1.06831855e-07
5.8425474e-07
6.407891e-08
6.36682e-09
0.00023403583
2.3178568e-07
0.00037381292
3.3141845e-07
5.227333e-13
1.9089691e-06
1.3007225e-06
9.430315e-10
1.9778556e-06
0.6602078
8.693088e-09
0.3640614
0.00043943242
1.418139e-06
2.3997864e-05
5.1044213e-09
3.9997744e-07
1.6621866e-13
1.1030588e-08
3.1049097e-14
3.4286576e-10
3.4764123e-14
6.089064e-10
0.9970189
2.8272283e-05
0.000111533795
9.0792695e-05
7.1203075e-09
9.804729e-09
1.2060727e-13
0.43478927
0.00039767573
0.021853903
3.1079292e-08
1.3007225e-06
4.011746e-12
0.0039587943
2.0238065e-09
0.00017615358
2.6896353e-07
2.1813449e-07
0.9999892
3.751151e-09
0.99999714
1.29655655e-05
2.505114e-09
4.126442e-15
1.3678211e-05
2.4231792e-07
8.916062e-12
0.05984589
1.5425062e-08
1.29655655e-05
0.0019379854
1.7944419e-07
1.0007052e-09
3.6649947e-10
3.1880987e-07
0.001729938
5.2486054e-12
4.2175026e-07
2.396852e-06
2.7563718e-09
2.477702e-07
2.0294577e-09
1.4978989e-09
1.2216916e-09
3.2634397e-14
2.8215891e-11
2.6478979e-08
1.1024257e-05
6.337067e-08
0.9996574
5.3582948e-08
0.87323785
5.7928087e-06
7.9209025e-07
1.2974056e-07
2.7389346e-05
2.572789e-05
1.8507745e-08
9.16728e-08
0.07406553
1.470081e-10
1.1553867e-09
9.632801e-09
2.259202e-05
1.3194773e-10
5.784059e-07
4.217319e-11
2.189777e-12
2.0490545e-05
0.9991643
0.0001284218
4.589902e-08
6.9095256e-07
0.0023615384
2.1681592e-06
0.0010029332
4.482211e-06
3.9025143e-09
7.3925486e-07
0.00031098505
0.26820013
3.1175993e-09
1.3257942e-10
1.7523569e-06
3.3882248e-08
0.6252752
9.1589225e-09
2.3291399e-07
0.0005097971
3.2175708e-07
9.93566e-07
5.7739567e-07
3.3152524e-08
3.4613818e-06
0.0056736274
7.511643e-05
2.0238065e-09
4.8925185e-06
1.8729236e-07
0.0019379854
0.15792447
0.91856956
0.2596676
3.945322e-06
0.9999978
2.715522e-07
0.07406553
0.0006669886
0.041217156
0.0012167008
0.0019827539
1.4818193e-07
4.4800017e-06
7.0845707e-09
8.693088e-09
9.0080604e-08
2.0616344e-08
2.4203317e-09
1.3374886e-05
3.7944476e-06
7.1320195e-05
7.644452e-06
0.014061247
7.97249e-06
2.0132859e-11
5.874015e-11
3.7010013e-11
0.533856
0.0005104924
3.4792005e-09
4.466314e-14
1.07728496e-07
5.4023396e-08
0.99998814
3.697983e-05
2.517288e-10
3.7010013e-11
0.0003698104
2.3749399e-07
1.0
1.27109825e-08
1.505543e-10
1.0056696e-07
6.1761027e-09
7.613461e-09
0.9999999
0.0005692499
0.902974
0.031776953
8.5640795e-07
6.931194e-05
4.319723e-09
2.3291399e-07
0.0014498326
5.903119e-06
0.0030801776
2.4050054e-05
0.30820072
0.00012785582
1.9194666e-05
7.453514e-07
3.3466913e-10
2.1650129e-08
2.803585e-05
0.03828089
8.0250986e-13
9.528828e-08
0.00010750097
4.7020576e-06
1.5979698e-06
4.244512e-08
2.0253836e-07
0.00024610656
1.2597104e-09
1.412792e-07
0.034891628
9.6947235e-11
6.734164e-07
9.917971e-10
1.0895046e-09
0.5547054
1.0860196e-06
5.130426e-07
1.7706866e-07
0.9909653
0.011460344
1.06831855e-07
5.506842e-05
1.3571192e-12
2.5957592e-10
5.7739567e-07
1.6261367e-06
8.885729e-05
8.886653e-09
0.41248438
7.3406596e-07
1.8363785e-08
1.5407807e-07
1.1030588e-08
3.893557e-12
8.898665e-08
0.97667754
4.8170457e-11
0.003284656
1.45610065e-05
1.2542681e-07
6.880029e-08
7.52887e-07
2.7663016e-06
0.21541703
2.1842252e-08
1.12547235e-10
0.00014264659
0.9999997
1.9966837e-05
0.92626727
8.197956e-09
5.926509e-09
1.2431743e-06
0.0077483556
6.752799e-09
4.771455e-10
2.9321132e-08
2.5578099e-12
1.9322621e-07
3.9111605e-08
5.409049e-09
3.822957e-08
1.1692167e-07
0.00032854322
1.2180805e-09
1.47787285e-08
2.8836345e-07
0.00012785582
2.0051958e-07
7.613461e-09
9.9620054e-05
5.5522245e-12
1.1709959e-06
4.1955223e-10
1.0293637e-10
