0.99999976
0.87061656
0.018082628
8.265189e-08
1.2189457e-08
0.9999946
1.2411015e-08
3.5453205e-08
4.546546e-05
9.847227e-06
1.9596362e-05
1.2327789e-05
5.267511e-07
2.1889923e-08
3.9051297e-06
1.919506e-10
3.874408e-07
4.7584185e-06
2.4712647e-06
8.8187044e-05
1.4082796e-08
0.7441574
0.00011853813
3.0068093e-05
0.9750683
5.4026204e-06
0.00047687077
1.6372691e-07
0.92367643
1.5385973e-06
3.4100736e-08
0.03314719
5.1151833e-08
5.6626185e-08
0.9997436
0.00045653735
2.7501208e-05
0.79569715
7.657832e-07
0.0008778337
0.017119762
0.28166705
0.28166705
3.1413594e-05
1.8812616e-06
0.99990916
1.546559e-09
0.026584543
0.00036188128
6.6575155e-11
0.009660394
0.003754183
3.207197e-08
0.0033475952
3.11604e-05
1.1317482e-05
3.8981372e-05
3.906626e-05
1.919506e-10
3.0828194e-06
5.267511e-07
5.014668e-12
6.6575155e-11
0.0033811983
1.190467e-10
0.9996697
2.4958567e-06
0.9229441
1.3483825e-06
1.0396297e-05
0.00015304054
1.7105921e-07
0.00017244392
9.8298486e-05
4.171954e-08
0.04735946
3.5151801e-09
0.9999946
6.894696e-10
1.1425197e-07
0.0024073378
2.9238533e-06
0.9968633
0.18182197
2.2696272e-09
1.00675585e-07
8.734663e-11
0.13417923
2.222858e-05
2.3527982e-09
5.1868244e-07
3.015848e-09
3.952042e-13
1.0
3.6941234e-05
7.0080153e-10
3.427574e-09
2.404907e-09
4.171946e-08
2.09301e-12
3.873078e-07
1.655596e-09
5.314953e-05
4.410708e-08
2.3831652e-05
0.9956145
0.9710528
1.0536678e-06
0.003754183
0.05120424
4.532679e-10
4.0069974e-08
0.00015619936
1.2732375e-05
0.007026991
0.9968633
7.738546e-10
2.1750644e-10
3.2203577e-08
1.2168224e-06
4.0085038e-07
3.2822757e-06
8.4688185e-07
0.55136865
7.471772e-06
1.4966393e-13
8.023395e-07
8.554711e-08
0.000321814
4.2920803e-08
0.039938357
9.183411e-05
0.99874353
4.435208e-06
1.1825896e-07
1.6174393e-08
5.595475e-11
2.7501208e-05
2.9037104e-05
2.6748424e-07
2.161885e-08
1.0165087e-09
0.003009017
8.536944e-08
0.38245013
1.9086363e-07
0.06353334
1.0
0.00084936136
0.99854666
1.844843e-06
0.0036317725
9.435301e-06
1.666825e-06
1.4792518e-08
1.655596e-09
4.826466e-10
2.222858e-05
1.0396297e-05
1.464613e-09
2.5203208e-06
2.6111285e-05
2.1742088e-07
0.958961
5.1417214e-07
2.4315128e-07
0.6308315
2.5059023e-06
2.4072402e-05
8.5812644e-05
0.0063740388
4.0012927e-07
0.020174231
3.5151801e-09
3.8872686e-06
1.3550312e-05
0.9962803
1.0886932e-05
4.6013417e-07
7.704275e-10
2.8548427e-06
2.0744715e-06
0.8508608
2.3453014e-05
0.95996064
0.9999946
0.001828003
1.5385973e-06
2.4769279e-05
7.7389845e-11
4.8197712e-09
0.00019941821
1.0623457e-05
0.0039823134
9.81055e-08
0.040024705
1.9359919e-05
4.084169e-05
0.99903363
0.00034677572
4.5058823e-09
6.034676e-10
0.0028574767
8.3832316e-07
4.8947724e-10
0.000874441
0.00010841016
2.5452371e-05
1.83416e-05
0.0018695812
0.07061234
0.8825931
3.7205556e-08
2.8548427e-06
1.97566e-07
4.0779036e-05
8.184366e-05
1.1213593e-12
5.1151833e-08
0.10451784
1.5539964e-08
2.092597e-06
0.026584543
3.0447456e-10
6.3366297e-06
0.6849174
7.506043e-07
2.799524e-07
4.174653e-07
4.9038043e-08
0.43277326
0.003678383
2.0056012e-07
1.792346e-10
1.2221065e-07
3.5880673e-13
1.0
1.4708847e-08
2.2279813e-05
4.7669204e-12
2.0151456e-05
8.385758e-05
0.9976744
3.5558626e-06
3.911129e-05
7.040275e-07
0.007289271
5.210538e-07
1.0765178e-05
1.9596362e-05
0.997869
1.8683828e-06
9.91792e-09
3.906626e-05
2.3060169e-07
0.00022605859
3.825492e-07
0.008520499
1.7540607e-06
4.4991603e-07
7.165377e-07
3.5151801e-09
2.2676724e-08
0.004383714
9.273161e-06
0.00010551043
0.009611961
3.6941665e-07
2.1484952e-07
0.72678614
1.3054995e-06
0.10870776
0.019859402
0.00011666676
1.0622534e-07
1.0
9.945819e-10
1.2327789e-05
4.482972e-06
2.2649368e-07
2.931063e-11
0.0007381735
4.884337e-10
3.068598e-09
2.0321576e-09
6.69195e-08
3.2822757e-06
4.520201e-06
0.011098558
0.9738257
0.009754423
4.3017838e-08
0.9827533
2.0056012e-07
8.099384e-10
0.022284325
0.999996
0.00024146083
3.9895644e-07
6.346648e-05
