0.9955827
0.9999996
0.9999782
0.025615282
0.99999887
0.0012582181
1.2325814e-05
8.033997e-05
1.6491804e-05
3.222462e-10
0.99979925
2.7633021e-05
7.2841153e-06
5.6624365e-05
7.680273e-06
4.5396224e-05
0.036370598
0.026893029
2.6807986e-05
0.0015837091
4.3320595e-12
0.9863987
1.0504316e-09
2.7633021e-05
1.572772e-05
8.194706e-07
7.354154e-05
0.1009742
2.1069225e-06
1.0624702e-07
0.99986583
0.8233274
3.826626e-08
4.349322e-08
0.99538124
1.24037e-06
1.3034671e-05
4.4487835e-05
6.7215387e-06
0.8464028
7.0811964e-08
3.0761188e-07
0.00012049132
0.0638629
0.9475634
0.012987491
0.034655876
3.2816138e-07
2.5261095e-05
3.5463399e-09
0.0002955832
0.9999997
1.2367779e-05
0.00020121549
0.998801
4.0659893e-06
0.59622717
2.1603384e-09
8.456596e-06
2.60916e-06
3.917095e-12
1.2970555e-07
0.00071249454
5.486086e-05
2.60916e-06
4.555543e-10
0.0003461409
0.00013086735
2.9242494e-06
3.7220645e-06
3.6913065e-08
0.00013421419
2.2157221e-06
0.9475634
2.60916e-06
5.2010957e-05
1.6929705e-09
0.76974136
0.028160581
6.349675e-08
0.05083793
1.173822e-11
0.65223914
0.0033588428
1.9699499e-07
1.1561538e-07
1.5014773e-06
1.4578683e-06
0.00061782653
4.668852e-10
0.9999727
6.109329e-07
0.59622717
4.39566e-11
1.958532e-05
0.06328995
0.99972475
3.045376e-08
7.598609e-08
5.1202885e-08
0.062177293
5.290538e-07
1.5265933e-06
0.0071466314
0.40773663
7.289506e-05
2.5142205e-07
2.2163385e-05
0.027049242
0.0039956016
0.0035085129
0.0020739764
2.9245534e-10
3.5280113e-08
1.848314e-06
7.598609e-08
4.012305e-08
5.7530265e-06
0.00013571023
3.4699088e-13
1.3755167e-05
0.31226197
1.3034671e-05
3.1503276e-08
0.00025373872
2.7578253e-07
4.053743e-06
0.0005665173
0.00011807042
0.0033950857
5.3152758e-06
0.023681842
0.14036277
8.456596e-06
0.00016421411
0.009009323
0.0059619783
2.2775734e-07
0.00018917353
0.99999815
2.4929078e-12
1.7297637e-08
0.73612535
4.9645412e-05
0.7516355
0.0013877909
1.0
7.9299284e-08
3.2145e-05
5.35597e-10
4.8550777e-05
0.0027559942
2.9141526e-07
1.0541794e-06
0.00033476812
0.00013161407
2.412019e-12
0.00037075576
3.6675558e-09
0.40773663
5.5888147e-09
0.00071630784
0.3564692
0.0001217335
0.0032978957
4.802256e-07
9.745899e-10
0.013209035
2.1508602e-10
1.6477106e-06
4.3778198e-07
0.006590065
0.7768016
7.482832e-06
1.6753321e-09
4.820477e-07
2.1146294e-05
7.143313e-08
4.012305e-08
2.931456e-10
1.8413818e-10
0.8577838
0.0002669109
8.701002e-07
1.0913994e-09
9.651606e-05
5.5398136e-06
0.0028759474
0.0001321614
2.3005763e-05
0.0004245255
3.8719658e-10
0.024817564
2.4070145e-08
1.2406405e-11
0.023100937
2.7240138e-05
0.93910986
4.0316715e-07
0.0014761777
3.7783656e-09
0.0001463358
2.0634171e-11
1.0541794e-06
3.7886948e-06
0.012183879
5.793629e-09
0.0011875287
4.0812114e-07
0.9999998
0.00953098
0.9356717
4.713872e-09
1.0
0.00012929899
1.2660099e-08
1.7256799e-09
8.503893e-05
0.028610112
4.9394546e-09
2.4458e-06
7.96931e-11
0.04118054
2.8352693e-08
0.9998657
9.5983814e-05
0.0033242663
5.0040607e-09
6.228785e-12
0.0048931637
0.00013571023
9.7953205e-05
1.0077496e-10
0.0028759474
6.420605e-05
0.053141918
5.5389523e-06
2.7578253e-07
0.10187128
1.0
2.0834505e-05
6.7134785e-08
8.682685e-08
1.3034671e-05
1.1481904e-08
8.934158e-08
0.0158361
6.0504557e-05
0.99804187
0.9997161
3.926274e-07
0.023456736
7.143313e-08
7.5318962e-06
7.201015e-05
7.735045e-05
1.6248117e-05
8.701002e-07
7.4975093e-10
3.081891e-08
0.26315314
0.0036415344
1.1330508e-06
3.234214e-08
0.94874716
0.65593964
3.6913065e-08
0.0013299127
1.322193e-10
1.8311775e-08
1.3069074e-05
5.390256e-08
1.9699499e-07
7.2841153e-06
0.99843746
0.00037075576
3.385163e-08
0.00092002825
1.9884568e-07
4.799033e-07
1.9847417e-07
0.0988511
6.2606347e-07
0.12228868
7.897521e-08
0.0012229541
3.1308439e-06
9.508766e-05
5.5888147e-09
6.109329e-07
3.1010313e-05
1.6268265e-08
2.254199e-07
8.9235144e-08
7.140226e-05
0.99986583
4.8088145e-07
0.03159333
1.44851765e-05
0.0075775823
