1.0
1.0
4.1337753e-08
0.22342826
0.99999994
3.062431e-08
3.7212743e-05
5.8956804e-05
0.0001014598
0.001257255
9.024983e-05
9.570275e-10
6.9902334e-10
2.0385802e-07
3.1371328e-10
1.1062392e-10
0.6690743
1.1408315e-06
0.010000023
0.96137315
1.03010125e-08
0.1468916
9.3486005e-06
0.0021632202
8.717275e-10
5.947594e-13
7.492527e-08
7.257212e-06
1.1958205e-06
2.1564726e-09
1.9237219e-05
0.02477664
3.6402085e-05
1.3924803e-06
3.9291313e-06
4.36818e-06
0.048011582
8.147171e-09
3.2087202e-12
1.950955e-09
0.00020406028
4.5170164e-13
6.609704e-14
3.3570966e-08
0.00045680683
2.9727862e-09
3.487665e-06
0.2186629
5.753268e-06
1.4925089e-06
2.7570553e-09
1.7459746e-06
1.4966302e-05
3.446155e-05
0.99999624
8.904282e-07
5.192215e-05
5.6732665e-12
1.0111026e-08
2.6077412e-08
0.7407409
1.893293e-05
0.9024195
0.00055349886
3.0919114e-06
2.1183594e-05
4.1624535e-09
1.712555e-08
1.8005939e-06
2.951598e-06
6.474049e-06
2.9654226e-10
0.24889067
4.8854786e-06
0.0051287217
3.73469e-08
6.906352e-05
5.2357077e-08
0.99950546
3.9677694e-08
7.803635e-07
0.00010655468
0.0035605172
0.030604182
3.032188e-13
0.014691101
4.8854786e-06
0.05387183
0.0005536328
1.8194903e-06
8.3449585e-09
0.0027573942
1.3069592e-09
0.029550575
5.993095e-06
6.2350587e-09
4.5337777e-07
6.844578e-10
4.2762836e-06
0.9689827
5.9427286e-05
1.7572113e-08
1.5609662e-07
0.00027368593
1.1414124e-05
0.00020678513
4.4851613e-06
3.1799261e-06
0.8705545
1.5273043e-05
0.99629045
2.0385802e-07
1.669582e-07
2.3464943e-07
2.306748e-06
0.0005761832
1.6360627e-05
3.63534e-08
3.5284902e-06
0.9999997
0.016834477
0.0013396773
3.1280422e-08
5.182281e-07
1.3629326e-08
3.4514534e-05
5.7866578e-06
1.1451062e-05
0.46811903
3.7212743e-05
0.08684357
1.2647733e-13
1.190824e-13
0.9323029
0.00047500347
1.36685845e-08
2.994459e-05
5.534955e-06
2.2384682e-05
1.293852e-11
2.9707146e-05
4.303625e-06
8.260536e-09
2.2427153e-12
0.14105724
0.9999999
3.723564e-05
1.7459746e-06
1.2740344e-07
2.5017784e-05
0.0044954745
0.9866594
0.24168965
1.2740344e-07
3.2479421e-09
0.1102369
2.5486147e-09
0.07539548
1.1028272e-06
0.99993926
0.9999997
0.061789818
1.4925089e-06
1.7806994e-06
0.037114438
1.351511e-06
2.076516e-05
7.214363e-08
5.523316e-07
1.7173234e-09
2.951598e-06
5.7866578e-06
0.0030870524
0.00029304216
0.010068273
3.6727803e-07
0.9999947
2.9650523e-06
0.00014596512
1.2668045e-08
0.017583232
0.6690743
0.183908
0.11857963
5.3410406e-07
0.0005692399
1.7530823e-06
6.788888e-05
2.1726717e-05
0.022558842
3.2237055e-09
2.2673436e-08
0.060332723
1.4432586e-05
3.176072e-07
0.0003945822
6.9164955e-05
1.3284306e-08
1.639355e-05
0.0037896137
0.061789818
5.8098198e-05
0.0003600624
1.0825249e-07
2.0439818e-06
4.4915738e-05
5.659818e-06
1.5081338e-05
3.9733056e-08
0.0003862659
0.0017914464
4.506512e-07
8.7094086e-05
0.9999845
6.4130607e-09
1.250082e-08
0.0003342585
0.0004200383
3.9244896e-09
0.8705545
0.98787075
2.2604398e-07
7.0856134e-07
1.2430062e-08
2.8294946e-07
0.9729358
0.002375026
2.6405343e-05
9.258785e-05
0.99968415
5.494101e-05
5.3410406e-07
0.002060285
1.212475e-05
4.844773e-05
0.0021814166
0.00024594285
0.99999994
2.833135e-11
1.8287817e-06
0.00029306728
0.99999744
0.9899254
0.99969375
3.7273104e-08
6.293715e-07
1.8498639e-08
4.4733542e-06
9.926417e-07
6.0029055e-07
0.0013748438
0.0036813482
0.00024317094
0.0008152537
6.26435e-05
0.033961043
0.0011552568
0.0016822257
4.8651396e-05
4.7151066e-06
0.0013355116
1.103246e-06
0.0023707051
7.257212e-06
0.00064365246
0.21866287
3.6196243e-06
3.3104278e-10
3.9733056e-08
0.99999917
1.17086465e-05
0.9971007
0.0050587
3.604941e-10
0.017088834
3.6681948e-07
1.7751096e-07
0.0030432164
5.082482e-10
1.4433384e-07
4.5170164e-13
9.277044e-05
1.1542613e-05
0.00033947197
8.4591834e-10
2.3639254e-10
1.0825249e-07
2.3658072e-07
1.8188987e-06
0.0003180456
1.8009903e-08
0.9665117
0.00012312495
4.8103344e-11
0.24083091
0.0001411714
3.1684177e-08
6.3115396e-05
9.2685905e-06
8.5374995e-06
