1.0
0.33113515
0.96610844
0.9994439
0.7638247
0.73762745
0.018701345
3.6090958e-05
0.9999999
0.3106284
0.9999922
0.0005124662
0.8283369
0.96792096
0.0033064208
0.7739963
0.0009039329
0.0013669872
1.12176685e-05
0.9818694
0.0006663901
1.6731236e-06
0.00043528498
0.012825247
0.86576474
0.0001409187
3.927083e-07
0.36954162
0.014051137
0.00023347308
0.9422018
0.002287098
0.8380105
0.0022926575
0.0038167234
4.382709e-06
0.98216546
9.353675e-06
9.477416e-06
0.9998061
1.0
0.00036520892
0.089980796
0.00010263862
0.004112036
0.99998224
1.5722655e-07
0.30013755
0.9996844
0.016988384
0.33814436
9.388769e-05
0.23356195
0.9999905
0.00011162338
0.24471302
0.00063523423
1.0
1.1187615e-05
9.0067266e-07
0.3106284
0.86895466
0.99932647
0.04159209
0.9175502
0.01334093
6.23907e-07
1.9557254e-07
0.9983155
0.9965895
4.667667e-05
0.00080655736
6.064079e-09
0.0020327014
4.1860444e-09
0.015924202
0.99987996
6.8598692e-06
6.505189e-08
0.99999946
1.358087e-07
0.99998885
0.18876334
0.00029333006
0.0004138791
0.022109412
0.0015696394
0.029544048
7.5154907e-07
0.37707412
0.99817693
2.0191064e-09
0.0012031994
0.00013892105
0.15604787
0.9520943
0.00078314956
0.99592
1.0
3.1836735e-06
1.5722655e-07
0.20753133
0.077161655
0.70797735
0.20154324
2.1570002e-05
0.0001173581
2.2683666e-10
0.056773886
6.389395e-07
0.0011542861
0.1342662
0.99997956
0.014433546
0.050276294
0.054774888
0.98750067
0.8398993
0.017566578
0.9999838
1.8964172e-05
0.10488474
5.087942e-06
4.523719e-05
0.000853525
3.832214e-06
0.06604954
0.031504896
0.9999589
0.9999993
0.010981944
1.8964172e-05
0.4881035
1.3024379e-06
0.11320847
0.0020036441
0.010058084
8.65578e-07
0.92023456
0.0059200027
0.29499137
2.8977656e-05
1.0
0.9987419
0.0059483927
0.94055927
4.9273985e-05
1.4743205e-06
3.419527e-05
9.452272e-05
0.9996412
8.062601e-05
0.108104035
0.233601
1.9065384e-06
1.3251578e-09
0.000483345
0.8526859
0.9631543
0.9435805
0.9818694
1.3821908e-06
0.0013564947
0.055117466
0.00013514848
0.015301662
0.023319134
6.389395e-07
0.059693642
0.0003475858
0.05647771
1.101629e-06
0.006259922
9.353693e-06
1.0
0.043558035
0.028778043
0.9405966
1.1869607e-08
0.0041896557
0.00030446812
0.16073303
1.4688103e-05
0.0033064208
0.9757363
0.69993806
0.4267555
0.0037911874
0.99999136
0.1887222
3.5228045e-06
1.0
0.046817638
0.0018269045
0.008235388
0.1007165
0.00030518364
0.4172238
0.030113494
0.640138
0.002134618
0.0006751276
0.0028566455
0.0035243174
0.0003803654
0.95516574
0.99999994
0.99462384
0.00044036104
4.7499893e-10
0.023825001
4.6931753e-05
0.0012148636
0.032459717
0.0001385641
0.002849411
0.0021675124
0.23179409
0.9994553
3.0142505e-06
1.575975e-07
0.65431976
0.18779604
0.8658213
0.004064546
6.2662554e-07
1.1869607e-08
0.0026496234
0.9999998
0.16624658
0.72266316
0.010392766
0.000288324
3.992445e-06
9.730974e-06
3.513263e-09
9.6006515e-05
0.9503162
0.99999803
0.008318874
0.00023070417
4.9273985e-05
0.099928096
0.0033746585
0.99999744
0.9500438
0.002738727
0.00029333006
2.8794136e-07
2.0268477e-08
0.40379694
0.00024230768
0.7582982
1.3024379e-06
0.07340457
0.00017920251
0.9799982
0.00021103512
0.0006064039
0.0018269045
1.0
0.028650241
0.9833257
0.00034872792
0.007941247
0.9801806
1.0
0.0032973909
0.9987504
1.4036503e-09
1.3402082e-09
0.23950548
0.9997766
0.9993337
0.028444016
9.477416e-06
0.00930105
0.00032259146
0.0005430256
0.090386
0.038966373
0.009900162
0.000853525
8.4330935e-08
3.6090958e-05
0.0176224
0.18876334
0.07897434
0.0015432077
0.9999976
0.9973054
0.00010978209
0.00072139193
0.98086727
0.9943252
2.4747305e-08
0.064925365
0.15058358
0.00015122711
0.9999984
