0.02045599
0.9952103
8.028523e-06
0.004406434
0.8265309
0.99992746
2.597387e-07
0.95391774
1.0
0.9765931
3.9820225e-08
2.7249106e-07
1.0
5.7279035e-08
2.9876094e-06
1.1355234e-05
4.1851686e-07
0.022582075
5.1833285e-07
0.1795054
0.0049753506
7.931418e-06
0.00012049259
0.4504208
0.00014428957
0.9999764
3.3860074e-06
4.760742e-08
0.9821989
0.0007897215
0.00015878315
0.00042658465
0.00019078789
0.00020495726
1.7650856e-07
3.8218448e-10
0.16022947
7.569802e-06
0.00061986025
0.0026866116
0.00028914405
5.3339013e-09
0.9999999
0.0006222726
6.2098405e-07
0.000774527
3.921338e-06
5.2188356e-09
1.075121e-06
0.0008418534
6.567274e-08
5.1291543e-08
0.876307
0.007982155
1.1066898e-06
3.7211397e-05
0.00013354118
7.699126e-08
0.00017691847
0.99995685
4.6035162e-09
0.54199344
0.002064917
2.5731563e-07
2.3300323e-08
5.4127645e-09
5.6126435e-05
7.6346554e-11
0.00035428567
7.8658914e-08
3.3559645e-05
0.0001290422
2.6977652e-08
0.98972636
8.115222e-09
5.5863984e-07
5.559915e-06
2.165535e-05
4.80353e-07
2.8770032e-06
0.98762834
1.6049758e-05
0.10682151
1.0885229e-05
7.9416577e-07
0.9999994
9.482651e-05
1.7530307e-07
7.109814e-05
6.244012e-05
2.0330037e-06
9.122137e-09
6.159008e-05
1.0247221e-06
0.86627877
3.8927965e-06
0.0070014577
8.746162e-05
2.6829366e-05
0.0028296893
0.0035669517
1.0015134e-06
0.93715173
0.9752755
6.205365e-07
0.07330467
6.143784e-08
0.015674107
8.93891e-09
5.454978e-05
7.8658914e-08
8.630691e-08
9.718358e-07
1.6197373e-05
1.0065183e-05
5.1478645e-07
9.466053e-06
8.5484777e-07
2.9310784e-05
0.9999833
0.07055084
2.6431353e-06
0.00042437535
0.99761844
1.6386766e-05
0.9840735
0.0028296893
0.00013244903
0.54199344
5.940539e-06
0.00031664604
0.0003139419
0.93715173
0.00034104442
0.0008418534
0.9070651
3.6641385e-08
0.015106844
0.0027860578
0.016878873
0.097504936
1.8502173e-07
0.007942551
0.89966375
0.5191775
2.9276507e-05
0.007434616
2.7122456e-05
1.6342577e-10
1.0663271e-08
2.3522944e-05
0.028525092
0.71875036
0.00079153874
8.031196e-07
1.3018517e-06
1.3273066e-11
0.0038612906
5.8457936e-05
0.006342413
4.6522874e-07
0.000393709
7.2596373e-07
2.3935605e-05
0.00011082486
0.018601174
2.65519e-05
9.700731e-05
0.73575556
8.4627736e-08
0.9070651
1.3421293e-05
8.3470305e-12
6.0417534e-08
5.847731e-12
2.960312e-07
9.6730924e-05
2.1895134e-05
0.9998157
0.7014141
0.0006216887
4.25546e-05
3.7566085e-08
4.886066e-07
4.2720377e-08
1.667618e-05
0.9993541
2.1826726e-07
3.8925477e-06
2.3300323e-08
8.48715e-08
0.0008067649
0.0020568948
8.64618e-06
1.7530307e-07
0.00011154454
0.005219628
0.00029130172
2.1617939e-06
3.4714778e-06
7.0836536e-06
4.0270806e-05
8.3665867e-07
0.28910992
2.5185884e-06
2.189135e-07
6.6317947e-09
5.252541e-12
1.4642623e-07
2.5667595e-07
0.2850368
0.976613
2.3403077e-08
8.238723e-10
9.35929e-07
9.328805e-07
9.606711e-07
1.2786251e-10
0.00038836073
0.002408095
0.9840735
0.10757778
0.037100162
5.9383103e-05
1.3224665e-05
1.07355994e-07
0.00027882733
0.908513
0.99515074
6.434382e-07
1.930343e-05
0.0029053187
0.96789855
0.9752755
0.988691
0.12692034
0.75883913
1.8014141e-05
0.9232961
0.00021729337
3.9020996e-08
3.0540903e-07
0.00039176998
0.097504936
0.04914794
9.31164e-09
0.0004625681
2.3935605e-05
0.046165038
7.379394e-05
1.9744613e-05
3.106382e-12
1.8823147e-10
2.081604e-08
0.99999994
0.000393709
0.00032876947
3.1977726e-07
2.1535632e-06
0.013282271
6.671208e-07
1.19093375e-08
0.0006612565
1.3782078e-06
0.0074468288
0.13625763
7.109814e-05
4.6035162e-09
7.699126e-08
0.99955595
5.3840317e-06
0.87911665
6.9768336e-10
1.7686338e-05
0.12107337
0.999971
0.0028581999
3.9079055e-06
2.849742e-10
0.09388464
0.00019464846
1.5565824e-09
0.0939089
4.424932e-07
0.015589889
0.99998045
0.00019464846
2.3099042e-11
3.9820225e-08
0.0010369394
0.0029053187
0.046165038
0.40398198
0.75536066
8.226651e-05
3.9522365e-06
1.7341828e-05
0.00051458227
0.9984625
0.51117593
