1.0
0.98680854
2.514808e-06
0.011488345
4.31128e-07
6.2962725e-12
0.5095677
1.0
1.4925181e-05
0.00012426813
3.2761042e-07
6.786312e-11
1.2726657e-05
2.0753799e-08
1.404026e-08
0.03170523
3.525279e-05
8.611206e-08
0.0007622572
0.00023348756
5.1911484e-06
0.00032813253
3.7557925e-07
0.9844444
0.004271482
0.054734614
7.732028e-09
7.432588e-07
0.000107394415
0.00010355122
2.7059433e-12
4.601891e-06
3.189687e-09
2.7014732e-07
4.220529e-05
7.992319e-09
2.2618465e-06
0.0008134054
1.1095874e-06
0.24370861
0.001655408
1.2026983e-07
0.011458994
0.0009945541
0.0056101056
5.918378e-06
1.1403961e-05
1.7622934e-06
9.005711e-11
1.1759787e-05
1.0179479e-06
1.5986657e-08
0.0001348479
0.0040263026
1.6470304e-06
1.1039733e-10
0.0010751883
1.0509619e-05
0.84795153
1.2392184e-06
1.404026e-08
3.5330885e-08
1.5089475e-06
6.9870876e-10
0.99999994
2.4131672e-10
0.00038299008
1.14740054e-07
0.99986356
0.9999997
0.029220086
7.8338624e-09
0.10112416
4.8484208e-06
1.401573e-07
1.4702063e-07
0.00036443718
0.520195
9.5818775e-09
1.167055e-12
4.2181543e-07
0.0011299789
6.9870876e-10
0.16822547
2.3814657e-06
4.1945583e-08
1.1779089e-06
0.00018508697
0.8241935
0.25109297
0.2551355
5.1812098e-05
0.9992419
4.922636e-07
7.066542e-06
0.0007131113
1.012101e-05
0.0004003349
9.651491e-08
3.1137555e-05
9.923275e-05
0.00018508697
1.1354693e-05
2.0998352e-05
1.3500428e-08
4.6135544e-09
7.36508e-05
0.004745878
1.9176398e-06
0.006586342
0.0011283095
1.1359664e-05
1.1841097e-07
3.7802543e-09
2.0507864e-08
0.00017088468
3.3282088e-08
2.0158257e-07
7.354587e-06
7.246216e-09
3.057078e-05
7.507573e-09
5.882287e-06
0.5538691
8.213176e-11
8.863421e-05
1.2969787e-13
2.164703e-05
0.004749875
1.2832312e-09
2.7355178e-08
7.246216e-09
0.0029548148
0.01159874
0.0024640465
7.3467636e-06
9.684052e-09
0.00020899644
6.1255734e-05
0.02502757
6.9112524e-08
3.2317232e-07
4.4736748e-09
4.220529e-05
0.00015227313
3.5386947e-05
0.023632554
7.313981e-08
0.0001348479
5.400192e-07
3.193335e-08
1.0
0.00245517
2.460358e-06
6.443224e-07
0.10947057
0.9643153
1.3081182e-10
1.0842287e-09
1.1674412e-06
0.000574904
1.6694355e-07
0.00472948
0.98234046
0.00033063843
6.176286e-06
6.4246694e-07
1.167055e-12
3.715013e-05
0.9998453
0.272181
0.25254044
3.621718e-05
0.00010392049
4.1945583e-08
0.00028954074
1.2400071e-10
0.15726562
0.98234046
2.729837e-06
3.0358942e-07
0.0042359256
1.5376967e-05
6.365123e-08
1.1620922e-09
2.1241632e-07
6.2371663e-07
5.6162587e-08
4.4736748e-09
8.09831e-08
7.3485474e-08
3.3262844e-09
0.0033003855
0.003947148
3.426002e-06
1.4972027e-08
0.012029591
0.0046412884
8.800899e-06
0.9512821
0.00033063843
1.564583e-05
0.025992354
1.8130248e-09
0.00026285258
2.449753e-10
1.2446761e-06
2.7200862e-05
1.0290291e-06
2.1631179e-06
4.8858113e-09
0.9999999
4.3816517e-06
0.0002274724
2.5380027e-07
7.1025124e-06
1.07127685e-08
5.0009787e-09
0.00027077613
4.8149366e-05
2.925176e-07
0.99992526
0.00017088468
5.1719994e-06
6.176286e-06
2.0265351e-07
9.03039e-08
1.0290291e-06
0.000104365885
0.0071981624
0.015412738
4.1439775e-06
2.7149707e-07
0.00011058945
0.0033370815
0.00028954074
0.001655408
0.46528295
5.818854e-10
6.485402e-05
6.1255734e-05
5.1688797e-08
8.300374e-06
0.7088236
1.0179479e-06
5.3666124e-11
0.024388427
4.54438e-11
0.99999976
2.1648245e-06
0.11819969
0.38365898
0.00028954074
1.0955232e-08
4.5762965e-07
1.0026774e-05
3.193335e-08
9.03254e-06
1.2352172e-05
0.0032955832
0.69124764
4.1792723e-06
1.1674846e-12
0.00025898856
5.948462e-11
6.5332806e-06
5.353113e-06
8.640275e-07
2.7797606e-09
1.103739e-11
1.805294e-05
7.2413343e-07
1.0401235e-05
0.00024157114
1.2374659e-06
0.9987138
5.1009724e-06
2.374783e-08
0.0026253737
9.323581e-06
7.2736334e-06
6.0825855e-06
8.5830024e-08
4.0585482e-07
7.313981e-08
6.4246694e-07
1.87669e-05
8.7684833e-07
6.016362e-08
5.0129523e-07
8.328635e-06
0.011733128
2.2618465e-06
4.8858113e-09
0.005330716
1.0
5.0884505e-09
1.238989e-05
0.0005238438
6.805661e-07
