0.9999998
3.4250627e-10
0.00192445
5.5941256e-09
6.961819e-08
1.5599572e-11
4.6095064e-07
0.002643313
0.004856846
2.3507807e-08
0.00058576156
1.702101e-09
1.3435475e-10
1.8877261e-06
0.00053635944
1.7540891e-05
0.01909474
7.3193675e-08
2.3940295e-08
5.200267e-08
0.0005312633
1.9693753e-09
2.386234e-08
9.866199e-10
4.1824937e-06
1.2080947e-06
3.8584568e-07
3.0463196e-10
8.505136e-07
4.6173914e-06
0.9993112
2.784379e-07
1.1518717e-05
1.1440542e-06
2.0583613e-08
0.9999177
3.9401784e-06
7.174246e-14
0.0018995219
6.44465e-08
3.241563e-08
2.7460814e-09
3.863011e-05
0.0015130795
2.8643906e-06
4.97777e-06
0.0010998201
0.003652268
9.045428e-05
1.2687457e-09
0.0029600395
5.897245e-10
8.856551e-07
0.69868934
3.231093e-06
3.5369386e-08
1.2879649e-07
0.00012849002
3.6639969e-09
5.200267e-08
0.0011082741
9.262503e-09
1.5715281e-09
5.2882126e-07
2.6550886e-05
9.66713e-07
1.8387871e-11
1.1366933e-07
1.0036881e-11
3.8072792e-06
8.46276e-06
0.10888426
3.316612e-08
5.9600264e-10
2.249993e-10
5.9142253e-06
0.01073333
1.6658176e-09
3.2981338e-06
2.651749e-08
0.9972022
0.00045516054
1.4848256e-06
0.99481714
5.3122298e-11
3.1534785e-07
9.13781e-07
0.00045516054
2.324174e-07
1.7515936e-07
3.7343018e-10
0.99981755
0.4954114
1.6403208e-08
8.309313e-10
0.9988676
7.1412674e-06
1.2231658e-08
1.5008172e-07
0.00016324273
2.697917e-10
5.6032693e-08
1.7521932e-06
0.23122706
0.91732377
3.837466e-07
0.99999994
1.0278428e-07
5.7198463e-07
0.00018366509
1.2414449e-08
2.1351042e-13
2.3770863e-06
1.685198e-07
0.9988676
1.9330154e-10
1.3878663e-07
1.9826748e-05
7.618661e-13
3.302832e-07
1.00114335e-07
0.050456546
1.2314299e-05
9.367425e-07
0.026619554
6.1075933e-10
0.0029600395
1.2446643e-06
1.3845422e-10
0.00011249994
0.82915574
5.118516e-10
3.6913282e-06
9.4324434e-07
0.9983167
1.0
0.01667123
1.4162998e-05
1.1538012e-09
7.640129e-12
6.0478356e-10
9.372575e-10
2.3268152e-05
0.99497455
5.3802516e-08
1.4257663e-08
2.3160625e-07
0.023216879
1.5934195e-13
0.00021861568
0.002833564
0.99994135
1.8689103e-06
1.137357e-09
0.017891403
4.735231e-05
2.1105053e-11
1.1106673e-06
6.7257633e-10
1.702101e-09
3.1218877e-10
3.626572e-08
2.5348634e-06
1.985469e-09
6.1075933e-10
0.0024656702
0.00021861568
0.99996674
0.01542422
1.6919867e-05
5.3122298e-11
3.8718255e-05
4.655859e-05
3.7041566e-08
1.3109706e-10
0.0005055334
1.4027129e-05
0.00028437478
1.4134645e-09
3.059818e-10
8.933915e-13
9.010719e-13
2.4207359e-06
3.0824665e-06
7.61986e-11
0.027535735
0.0003779745
7.945878e-14
1.078323e-05
2.8965108e-08
8.206709e-06
0.99981755
1.9230249e-09
7.945878e-14
2.2959746e-08
1.5195499e-07
0.31695563
1.266425e-06
2.0088027e-14
1.0340747e-10
7.258133e-05
6.7119544e-07
3.555364e-06
5.568908e-07
1.1873654e-07
0.9999994
3.316612e-08
0.0009629839
1.9363094e-07
1.7652776e-07
8.8797776e-08
1.0185698e-09
2.9315986e-06
7.278011e-05
5.7608798e-09
1.7846185e-11
2.2141862e-09
0.03455528
5.8076357e-09
1.2698627e-05
3.0866113e-06
6.174203e-05
0.00015061436
2.3953623e-06
8.645331e-05
0.0018995219
4.635627e-06
0.98292947
1.9799561e-08
1.8710682e-06
1.7171596e-09
0.0027537595
0.16654861
3.630549e-06
0.9999762
5.6443277e-09
0.09274895
0.065797456
3.1393022e-06
1.0089078e-09
0.00663123
1.7570076e-11
5.058462e-09
3.1358445e-07
2.72758e-10
3.6637547e-07
1.739168e-05
6.866387e-05
1.8980227e-06
1.3088708e-08
3.7951716e-06
0.0029109628
2.2998684e-14
6.386824e-07
2.8159434e-07
2.1401082e-08
6.760947e-08
1.3439403e-07
1.42895695e-08
0.9999998
8.8797776e-08
0.001265466
5.2251128e-08
5.2251128e-08
0.934228
0.0005055334
3.1010994e-05
7.3093895e-09
4.1365598e-07
9.190843e-07
0.9999837
0.00038615084
0.9999948
0.09274895
4.7215903e-10
0.006610988
2.098955e-08
2.0216014e-05
0.00016765385
0.83315957
0.99999267
1.0333742e-07
4.1365598e-07
4.3710358e-08
6.25848e-10
5.179708e-05
0.9992708
3.2378246e-08
3.981614e-11
0.0062579527
1.3147273e-13
0.09413437
0.0019378546
9.584419e-09
1.6658176e-09
0.006084753
3.302832e-07
0.066486776
2.085792e-09
2.5090886e-12
