0.018148331
0.21155755
0.6463596
0.0035425168
1.6676647e-09
2.4729692e-09
1.6322958e-06
0.0106202215
1.2046366e-08
1.6076209e-06
0.6313759
7.827078e-06
8.520995e-06
0.995246
1.3430398e-06
8.988698e-07
0.38106716
3.699896e-06
0.016585423
0.00779102
2.8222017e-08
9.573673e-05
1.4713301e-09
0.00128629
0.0029455659
2.7799052e-08
0.91786754
0.019898696
0.0008124123
7.907258e-12
1.5628306e-08
0.94887644
7.6433735e-06
0.60574776
0.0047137877
9.53266e-07
0.00016333288
9.281548e-06
1.0987012e-09
0.6791395
0.0021476091
1.0279168e-08
2.5906373e-12
3.8399457e-09
6.423483e-05
4.7928188e-05
0.0018220753
0.9730161
1.0957197e-05
0.65264225
3.616373e-10
0.11664845
0.0013390968
8.5157353e-07
5.0605294e-08
3.3101532e-08
1.4699972e-05
0.00014185216
4.1213264e-09
6.454507e-11
2.6544486e-10
9.387409e-05
3.0556887e-06
0.00013299195
0.038727462
8.3754175e-12
0.00012511326
0.016585423
7.56559e-09
1.6129763e-05
1.916274e-08
1.2546485e-09
0.0005200533
8.965274e-09
0.29615074
0.13509417
4.657408e-09
0.00044614967
0.92872286
1.113805e-05
0.99998987
4.085218e-08
1.3148508e-05
0.61251456
4.1869844e-10
6.6065724e-08
3.3644474e-09
0.014625198
4.175695e-05
2.1255879e-05
2.3265846e-07
8.935774e-09
1.3461313e-05
1.8571749e-08
1.0065331e-07
1.09125e-06
5.3334334e-06
6.6065724e-08
0.0023705652
2.9172803e-08
0.797514
2.571959e-07
2.7282734e-09
2.876789e-06
3.8176062e-09
0.00013299195
4.2056092e-10
0.0038877141
3.8262663e-13
0.0057401387
2.2162267e-05
1.4801498e-07
0.00012511315
6.054834e-06
6.456929e-08
2.523818e-09
3.7965865e-08
0.09346862
1.9324812e-06
0.0015252387
4.0556154e-07
1.1839788e-07
5.679352e-05
2.3923814e-12
0.04982713
4.915646e-07
2.0229121e-08
0.00012385362
6.2138733e-06
0.0016823122
1.2768422e-06
0.97343946
0.9999992
3.4443972e-06
0.00038461387
6.451768e-13
0.9812653
1.2502923e-07
8.937712e-10
1.1579507e-06
0.0019874526
2.3970543e-08
0.0019913209
0.007148679
0.011379071
5.6194784e-07
3.252046e-05
0.9954989
8.935774e-09
4.4231e-12
2.7375094e-07
0.001561689
1.5622918e-06
0.0013390968
0.9997719
1.910467e-05
5.5243426e-10
2.8648794e-06
4.3759264e-06
2.168177e-07
3.7375125e-06
5.6891636e-08
4.601497e-09
3.2212818e-05
0.10918109
7.785796e-05
0.6313759
2.230456e-07
0.0076468904
1.6133235e-07
0.9999995
8.997543e-10
1.1892209e-06
0.00044518147
0.6313759
0.0012847767
1.5018108e-07
2.329058e-09
2.5630684e-06
5.397911e-07
0.0015549584
3.1403193e-09
1.7698356e-07
2.962693e-07
1.976958e-06
3.31378e-07
1.1894013e-12
5.773473e-06
0.06929387
8.7256856e-05
2.115652e-07
1.1553867e-05
0.0106202215
0.00017491936
1.1300531e-08
9.058575e-07
6.2322474e-06
1.2389226e-09
0.2892083
7.648818e-07
2.5440237e-05
1.170104e-06
0.9995716
1.2739804e-10
1.3581327e-06
6.3836154e-07
5.2996377e-08
1.2224566e-06
0.079487324
0.00021498508
7.079755e-05
1.916274e-08
0.00020230857
0.9784352
9.258047e-10
2.3946313e-05
0.019378448
1.237423e-09
0.9999995
0.019898696
1.783793e-06
2.168177e-07
1.03928436e-07
2.0449918e-06
0.9999992
0.0007235407
3.2685168e-10
0.0017750087
1.48355515e-08
2.7734285e-07
0.0070127384
8.2419353e-07
1.2706452e-05
3.2804466e-05
1.1696784e-11
1.1749035e-08
0.0066455686
4.023668e-05
0.008092857
1.1273963e-06
2.3183136e-10
0.053201344
7.079755e-05
3.0178117e-05
0.9997201
0.0013140198
0.0066476907
5.773473e-06
3.13039e-05
0.0106202215
2.2650658e-08
4.8272577e-05
0.96586245
5.575266e-11
1.412959e-07
0.00036614877
0.0015258758
0.012681387
2.5186315e-11
0.9999999
3.7960583e-06
1.2640547e-09
4.602483e-07
1.6088914e-05
5.133656e-05
0.0019874526
0.94887644
0.00020455626
1.5120274e-09
1.0
2.5860252e-06
0.077002786
0.0018220753
1.1839788e-07
0.7990098
0.12465721
0.42486528
2.373244e-07
8.8683477e-13
1.07369715e-07
8.9730903e-13
2.7275671e-08
0.008126184
0.016585423
1.1579507e-06
4.529875e-05
0.00021426087
0.0005244368
1.6921698e-09
2.3071212e-05
0.04982713
3.794963e-09
3.1418242e-06
1.6447575e-05
1.746944e-06
4.975027e-08
1.07369715e-07
0.0017533487
2.5612837e-10
0.2892083
