0.0002755677
0.0005553479
1.6213272e-09
1.5804174e-08
1.5804174e-08
4.6064474e-10
0.00021447158
6.0871537e-07
1.3720229e-07
7.284656e-05
0.07486758
2.1501187e-07
1.932774e-08
1.0636007e-09
7.209589e-07
1.5855836e-08
3.233761e-07
0.0136944745
0.17538065
6.3697016e-08
7.2242216e-08
1.0156467e-08
1.1636791e-11
0.013437576
5.915379e-11
0.99999535
0.0068802284
4.724983e-06
0.00016648076
1.1562476e-05
0.021143392
4.332595e-09
2.318019e-06
7.3473814e-09
9.366651e-08
0.0024463919
6.6306335e-08
0.05492875
1.7972143e-06
8.8721566e-07
9.829276e-09
9.119583e-12
1.7841983e-09
1.3748214e-10
6.714464e-07
1.0328458e-06
4.4778083e-08
1.8940345e-09
8.112158e-09
3.4122516e-09
9.11186e-06
1.3910128e-05
3.815459e-09
0.0007740975
9.442937e-09
2.0538966e-05
5.6856163e-07
0.017790219
1.8187466e-09
4.072037e-13
0.9999999
0.107686296
1.4190791e-11
8.78121e-09
3.6307774e-06
0.3576484
4.4468955e-08
5.045886e-13
4.14503e-10
2.1501187e-07
7.628954e-06
1.4393867e-06
5.3463834e-11
3.5053425e-05
1.2953232e-05
5.3645553e-11
0.9999048
0.000440529
3.709389e-07
0.0059539103
1.4619608e-10
8.167775e-08
0.08865607
1.4001963e-08
1.280248e-10
7.036302e-07
1.2142071e-06
5.6183694e-08
2.318019e-06
0.2350836
0.061516967
0.33809906
5.6422055e-06
5.4204225e-08
1.8605881e-13
7.513632e-09
0.9986071
2.6720412e-05
1.212545e-07
3.454116e-08
1.4482188e-08
0.00015556201
5.1177012e-05
6.8579255e-05
0.009904978
0.002751084
1.976059e-06
1.0556749e-07
0.00015661336
3.0256786e-05
0.00058055413
3.5620402e-09
2.9963445e-07
3.365708e-05
1.799102e-08
0.0015459823
0.06240155
2.0776731e-08
0.99985284
0.024250308
0.00021062825
0.00032099738
0.20383321
2.2609022e-06
0.0005419899
0.0047745695
2.8697417e-07
6.474676e-12
0.00021928498
0.00021666962
3.9484105e-09
0.00016277225
1.1314784e-05
9.374348e-05
5.4360225e-06
0.0017522473
0.9767125
0.00012646047
1.1731076e-08
6.347919e-07
1.1318639e-06
4.14503e-10
3.7117138e-07
6.3253514e-09
6.844101e-08
1.0359378e-07
5.9169754e-13
1.2375222e-09
1.4519642e-05
6.314601e-08
0.8798207
1.6623797e-05
0.19538163
7.397476e-11
1.4001963e-08
2.0240794e-10
2.2019228e-06
6.8074655e-08
0.997096
8.8984694e-14
1.0372232e-05
0.021143392
6.204105e-07
1.33945495e-08
0.00021928498
2.0885645e-07
2.5727587e-07
7.2242216e-08
2.8769587e-12
4.802705e-07
2.6389534e-08
0.0033099693
5.8101094e-08
7.284656e-05
0.700169
7.881552e-09
1.6399851e-07
2.218707e-07
0.99985284
2.1444313e-08
6.1436403e-09
3.1516303e-09
0.99999905
0.045045972
0.008504794
7.2654043e-06
0.0008192753
3.4330305e-06
4.1996134e-10
0.023156382
5.7191646e-10
0.003251275
3.73828e-09
0.67503196
5.5954474e-06
5.5760086e-07
3.4764798e-07
8.685407e-05
0.6471247
9.428875e-05
8.888322e-05
4.3682436e-12
8.0382165e-08
0.00703574
2.2335082e-05
7.604739e-09
2.0835046e-06
8.778242e-10
7.229912e-06
1.0285625e-07
1.2072731e-11
5.91822e-12
2.1506573e-08
0.394035
2.5519904e-09
4.0194927e-06
1.9237399e-07
7.449034e-13
6.662607e-06
0.010269044
3.6484128e-08
0.00026822314
6.4731944e-07
4.4648885e-07
2.0099711e-05
0.03243945
1.2121422e-10
0.012728639
2.3317954e-05
1.6623797e-05
3.344489e-05
7.985731e-14
3.444169e-08
3.4036325e-09
0.49828047
2.3317954e-05
0.00021647489
0.99995816
6.3253514e-09
1.941616e-06
9.0568676e-08
2.2933011e-07
0.5969508
3.1610116e-07
1.0863967e-08
8.3053897e-07
2.734569e-07
0.18922101
9.235365e-05
0.011578961
0.9170793
3.858655e-08
1.5818021e-07
0.0002555672
2.0768893e-07
8.570202e-10
6.256402e-14
1.9704538e-09
0.954955
1.4621456e-09
9.0795913e-07
7.8799245e-10
3.2904615e-09
4.802705e-07
2.701365e-07
1.9897102e-06
7.1650335e-09
1.416982e-05
4.5200866e-12
0.00058118027
3.3627408e-09
6.8792055e-11
2.1469505e-05
6.0610757e-05
1.2246176e-06
9.374287e-11
8.777196e-08
1.16053165e-07
2.423607e-09
2.2601288e-08
4.687985e-06
0.00017608104
2.6977139e-08
6.8305126e-06
1.00519455e-05
5.3645553e-11
1.1195236e-06
0.0136944745
1.5933118e-11
8.721122e-09
0.00013813667
7.0126214e-12
1.0556749e-07
0.7386814
9.434714e-08
6.5818344e-06
8.777196e-08
1.3640104e-10
1.3240076e-10
1.541076e-05
