0.89718837
0.9999942
1.0
1.0
1.0
1.6737456e-05
0.039789703
2.8051576e-07
2.9098337e-06
9.839615e-06
0.00039545717
0.17686544
1.4464236e-09
0.0002379307
1.1581606e-06
0.00011555559
1.2525635e-07
5.752379e-06
3.5397614e-05
2.715061e-05
9.1237765e-05
8.785787e-06
1.9340298e-06
0.005534747
1.0
2.1834074e-07
7.72741e-06
1.4529435e-05
0.11513524
0.9733943
4.248048e-05
0.00048124816
4.0187033e-06
0.001164581
0.00047596954
0.70598924
7.890082e-07
1.0
0.08000533
0.0931312
0.0014857859
1.7725534e-07
2.1843247e-05
0.007278568
4.753755e-08
2.0094124e-06
0.00037557536
4.315541e-08
0.18287778
0.99574476
3.9469262e-07
2.8063456e-05
0.004659761
0.5962053
2.828329e-06
3.728704e-08
0.000368681
6.4405303e-06
0.082926705
7.177678e-05
8.99844e-09
3.5952075e-05
0.012083735
0.4464262
1.6591981e-11
0.7073899
1.4833542e-08
0.014520949
4.5419954e-05
2.1201126e-06
5.4796815e-06
0.0035117168
6.8142355e-05
2.7517464e-11
2.5367969e-08
7.24089e-11
4.038392e-09
0.085494556
0.02968233
2.969369e-05
0.001407628
0.00067893864
0.0029509526
0.28296372
0.99753535
6.331679e-07
4.8944084e-06
0.1441314
0.00049437606
5.5929654e-08
6.8219456e-06
0.9999253
0.00025507572
4.228623e-05
5.4808998e-11
0.025580019
4.4804587e-11
1.2336162e-05
0.9995221
0.07148143
0.9991011
0.002165114
0.00015250448
0.9990877
3.9571514e-05
0.004615308
1.7722523e-06
7.623691e-09
0.0016358498
4.186602e-07
0.0040341173
0.0051633352
4.8318407e-07
2.5558127e-05
0.0007193057
6.71822e-05
2.4469487e-05
0.9733943
0.04132791
0.18287778
2.1821515e-08
0.70387655
0.04558221
0.00033307835
0.04558221
0.9923838
1.0
7.12461e-05
0.0002549036
0.00014691282
7.8345496e-05
5.64923e-07
0.007642962
1.4529435e-05
1.25802e-05
0.003922717
2.8572697e-06
2.1367473e-08
0.00024438745
0.0004325925
1.6202522e-08
0.003922717
0.99246156
0.00040328488
2.7517464e-11
1.2643345e-09
0.16490117
7.623691e-09
1.2428945e-06
0.0006259221
8.60992e-05
0.62768334
7.591678e-05
0.02149351
0.0070116627
4.824653e-05
2.225688e-07
0.0018823651
5.041584e-10
0.01306008
5.3781405e-06
0.9995221
3.0356802e-07
6.639341e-05
0.00027455177
1.1561098e-05
0.001836582
0.936103
0.30796856
8.189784e-07
6.6710504e-06
0.99997234
2.479966e-08
0.999991
1.9624638e-05
0.26307422
5.4808998e-11
0.0016358498
0.13531764
0.88893956
7.8845405e-05
2.1830627e-05
1.6307413e-07
2.1492278e-06
0.01306008
0.027372172
0.99971086
0.000911494
0.30796856
7.664869e-08
0.9376011
0.5842352
0.00023122432
0.391643
0.00024977062
0.4588154
3.6015084e-08
1.1204823e-09
4.3433534e-05
0.0018727499
0.03178882
0.00070412207
0.00021445197
2.8622223e-06
0.99999994
5.6371217e-08
0.014299829
8.878118e-08
1.4497493e-06
1.0
4.7070552e-07
4.0885066e-06
0.0026604307
0.0051633352
0.019071197
0.8292639
0.002985137
9.351513e-08
0.003489773
0.99029106
0.00015070314
6.5648664e-09
0.0014904084
8.4351825e-07
0.007080306
2.0125432e-09
4.788858e-11
0.99921006
4.6539288e-08
5.3213546e-07
1.0036561e-05
4.1151472e-07
5.4901484e-06
0.22904909
0.00040585303
0.00026181064
1.7011904e-06
1.8962443e-06
1.1456085e-07
6.7756766e-08
0.99988806
0.00032913042
1.4685582e-05
4.5340067e-07
2.3413635e-10
0.99742955
0.00010989123
1.7811071e-06
0.00047911817
5.8011456e-06
0.00059926196
1.9624638e-05
0.00059657806
0.01306008
4.3215505e-07
0.9800438
0.038406096
5.2214746e-06
0.3264214
0.00013849238
0.009103304
3.97379e-06
0.00031536384
0.00021056739
7.3031255e-11
0.037808854
0.0002672414
1.6591981e-11
0.9999125
5.863396e-10
0.0024979191
7.2792122e-06
0.123856984
1.0742359e-07
0.0005375699
0.92494875
0.0008351901
1.6307413e-07
0.995018
0.0326311
8.348513e-05
0.96382856
0.0028454752
0.005864621
2.0125432e-09
2.3808386e-11
0.00014983983
1.0465911e-05
0.9976492
0.0005011432
1.9498128e-09
0.82964665
0.9960815
0.018032026
4.0977616e-06
0.002831832
0.013445695
6.9298844e-10
1.3615158e-07
0.9693645
