0.9999994
0.9578542
1.0
1.0
0.9889874
0.9999757
1.3607317e-05
0.00091406354
0.7754204
6.0922734e-09
4.3325126e-09
0.97969145
6.889921e-05
2.0466447e-05
2.7862032e-10
1.9846273e-10
0.014351241
2.8018421e-06
0.0018040661
0.01588523
3.3329973e-06
4.9361415e-06
0.0033936903
3.3545295e-12
4.6875793e-05
5.0027504e-10
2.2407291e-06
0.0036091837
1.3888416e-05
8.906082e-09
2.962482e-05
0.999821
0.00068311166
0.00034330622
0.9922027
1.7487744e-07
0.0001593188
0.0038212042
0.0018793609
5.713599e-06
2.9365353e-07
7.6295255e-05
1.3266283e-07
1.9448125e-06
5.3658805e-05
0.9380416
5.586142e-08
4.799435e-12
9.711532e-05
0.00022212368
1.0188058e-07
2.3141615e-07
1.3070119e-06
0.99900573
7.82523e-09
0.14035861
2.8097118e-05
1.1347636e-12
0.02599413
0.16751733
2.9475935e-09
1.9869928e-08
1.2061459e-10
0.013086948
5.277716e-06
8.239393e-05
3.23432e-11
0.9905204
0.001681241
0.05006287
1.0290918e-08
8.760153e-08
1.0
2.7669186e-08
0.99732417
0.85793775
0.00016438345
0.0010663235
0.0075161066
5.729384e-10
2.5134786e-10
7.955655e-05
1.2345988e-09
2.1587308e-05
7.563475e-05
6.467552e-09
4.9954485e-13
3.7498048e-06
2.893069e-05
2.760742e-05
7.1385995e-07
0.039827716
0.9999896
2.9552893e-05
1.141269e-08
0.0008837091
3.7523625e-07
0.08762164
0.96295273
1.4958901e-07
1.600226e-05
0.99935746
0.9975169
1.2969655e-06
0.16751733
0.0038129252
0.0003172377
0.9936482
0.004984081
5.437529e-08
0.002983128
4.4569834e-08
0.042272437
0.00012609923
0.74081177
2.954271e-07
4.920712e-07
3.8883068e-06
4.9135692e-06
9.895607e-05
0.99696046
1.6806473e-10
3.4883593e-07
0.037745338
6.0670436e-07
0.96867543
0.99231654
0.0046103857
2.5554243e-09
1.9818412e-05
2.3779435e-06
5.6015594e-08
3.538643e-07
0.971446
4.980115e-06
1.7412722e-05
3.1857235e-06
0.002986636
1.0835909e-07
0.028218882
1.5996522e-05
1.5005903e-12
0.9999971
7.435562e-06
0.0038129252
4.6628816e-06
2.9552893e-05
0.85793775
0.9366616
2.2324084e-06
0.0005900788
2.3915888e-11
2.530863e-11
0.00034777107
0.9562122
3.842039e-10
0.04995598
2.552854e-07
8.413444e-12
0.0041187275
4.2623644e-05
1.7376669e-08
0.0036091737
0.0007582946
6.3962143e-06
2.090644e-06
1.8391169e-11
0.019936297
9.376792e-07
1.3141036e-05
5.2682235e-08
2.016441e-07
8.477623e-06
3.940062e-08
2.6938215e-08
9.399792e-09
8.978811e-07
7.060836e-06
1.1546928e-09
7.7073827e-07
5.7468427e-05
0.0014192078
8.735742e-08
3.039838e-09
0.0008941022
3.6349167e-08
4.65007e-06
0.12856457
0.0006849807
5.5736705e-06
0.997055
5.8700342e-09
0.010340618
2.0949639e-07
3.1125515e-11
3.9706956e-05
4.1241645e-05
1.3019277e-10
0.99981576
3.2153622e-07
0.0016644035
1.7043781e-06
0.8137803
5.7227685e-09
2.4125492e-07
3.2608693e-06
4.911457e-07
7.4919284e-05
2.9630934e-10
0.60945815
6.890804e-07
0.025345815
3.7514757e-05
2.8780718e-09
3.7514757e-05
3.73105e-09
2.0215139e-06
8.964113e-06
5.51983e-07
1.0053614e-05
2.6974521e-05
2.8161901e-05
1.1397283e-09
9.501311e-09
2.0815976e-05
1.1397283e-09
0.077333696
5.1624043e-05
0.0008425684
1.3141859e-07
0.0001728657
2.9400133e-09
1.0
5.1729752e-11
4.4788794e-05
3.527264e-08
0.004791816
0.033369087
9.399792e-09
0.0014980121
3.4640336e-11
0.0002409535
7.018724e-05
4.107246e-06
1.1672241e-06
6.1605874e-08
0.00024998502
0.06674548
1.0
0.0076518026
7.7073827e-07
8.477623e-06
5.0956487e-06
0.0033936903
1.536597e-07
1.772242e-05
0.021571068
8.7228884e-08
4.4788794e-05
0.0019301783
0.0001734042
9.2064474e-11
9.585625e-09
3.136036e-07
3.4426162e-07
5.257844e-08
2.4770012e-05
0.0019301783
0.99619246
5.32602e-10
1.916956e-06
0.00060993363
0.9986979
2.7667249e-05
0.13774644
5.7468427e-05
4.5353787e-13
7.843949e-07
0.00021374607
4.624703e-06
0.00013075322
2.8780718e-09
1.2186087e-08
4.598114e-06
1.1429638e-06
3.3636516e-09
7.4919284e-05
1.0578825e-06
1.5819948e-08
0.00019446072
0.16487622
9.204253e-06
3.3199703e-07
0.010701862
0.077381544
9.428181e-07
4.9872167e-08
4.251918e-08
0.8095617
8.485774e-12
