0.99998826
1.594803e-07
4.793946e-08
0.17172189
6.7049054e-06
6.127513e-05
2.2170814e-06
0.0016082673
3.3019924e-06
3.2625607e-11
0.014327317
7.8323177e-07
5.10436e-10
5.1010233e-05
1.8810306e-07
1.3300831e-06
0.00027605603
0.0001231549
8.1778255e-09
0.00021906158
8.0351565e-06
0.00073400955
2.5322794e-05
0.0008582731
0.91276985
8.580392e-06
0.00048765627
0.999115
0.00032197667
0.009208022
0.0012178394
0.0001298269
1.9726283e-08
0.9994782
9.405248e-08
1.4391134e-05
0.9970268
1.1464491e-05
1.9259148e-06
4.254651e-06
0.048324194
1.9039024e-07
0.87097836
1.1588396e-05
9.974586e-09
7.141308e-06
3.5730563e-06
0.0024352125
8.580392e-06
0.049579695
6.998483e-06
0.9999998
1.7242588e-05
0.9841857
0.0010994766
3.5269488e-07
0.997597
0.0006941973
8.72214e-06
2.158428e-06
0.0022685782
0.99999994
4.2614417e-08
4.0410205e-06
0.010641064
1.4439319e-05
0.00027099103
2.3491493e-08
0.99957395
3.6236165e-07
0.06667123
1.1617421e-05
1.9418256e-05
3.773564e-08
0.0066263946
1.784199e-12
9.824104e-07
0.9999996
0.01044976
1.7533551e-07
4.7715876e-06
5.1222446e-11
0.007352763
2.0102449e-07
1.9022503e-06
5.631327e-09
0.99703884
3.097159e-08
0.009832066
2.707958e-07
0.99924976
0.00029747735
8.2414795e-07
0.102523394
9.5518836e-08
0.00022479007
0.930933
2.9039676e-08
0.060696255
3.2897403e-06
0.9952948
1.9357792e-06
2.3451114e-05
0.00014437242
9.587139e-05
3.4702924e-05
8.1023266e-08
0.99995315
9.103782e-07
0.99999994
0.9999794
0.5657876
0.03112257
2.6292778e-06
0.00076054304
8.1023266e-08
7.173526e-06
0.00048765627
7.908842e-08
1.48057725e-05
0.099089414
0.91764784
0.99999994
3.5599502e-08
0.22884516
1.1588396e-05
1.7242588e-05
0.01932454
6.369762e-07
0.0006474103
6.129781e-05
1.1682749e-05
6.451575e-05
0.000113184615
0.0019570282
1.1116127e-08
0.0026819496
2.5791805e-06
1.2827964e-05
1.8164199e-06
3.1189746e-05
6.998483e-06
1.612515e-05
9.199326e-10
4.511517e-08
5.53786e-09
0.9183274
3.4996676e-12
4.531547e-07
1.0
4.2029197e-07
6.054615e-06
0.94385797
0.002798504
4.1706808e-05
2.9039676e-08
0.21157904
0.48829994
0.50669384
8.470942e-09
1.6612563e-07
0.042701904
5.5397828e-05
5.284606e-06
0.009755137
0.4783186
0.00016298192
2.3532855e-06
4.783986e-06
1.0733459e-05
0.97394526
2.657891e-12
1.594803e-07
0.00011380213
0.0004978207
1.01735914e-07
0.120631956
3.281038e-05
0.21157904
4.5248935e-06
0.004447282
0.92246133
1.0339775e-07
0.9999989
1.48057725e-05
3.9780565e-07
2.193216e-07
0.99957395
1.29429e-13
0.001129033
0.9524124
2.528423e-10
3.212462e-08
4.238276e-05
8.7717785e-07
2.707958e-07
3.6065543e-07
0.000750132
0.99998647
0.6728382
2.5909744e-06
3.334972e-05
0.1017986
0.048324194
1.9479172e-09
0.9999974
0.007557102
0.00016765833
3.150858e-05
1.7639124e-05
0.12108049
5.10436e-10
0.00033574473
2.3491493e-08
4.8707583e-12
3.0066889e-05
4.8854968e-08
1.46511665e-08
0.120631956
6.044889e-07
0.0047383048
9.995154e-09
1.0477865e-05
3.6145332e-06
0.0003331679
1.2121108e-06
6.1497396e-08
1.7219516e-05
0.0027536415
5.8366026e-05
2.0724929e-07
0.0066263946
6.0778842e-05
1.1588396e-05
7.816552e-08
4.008351e-07
0.014049524
0.9997074
1.3462397e-08
0.33955684
0.9999335
1.0884919e-07
2.3119293e-05
0.5207309
0.0009908363
7.3778815e-06
1.5294405e-07
2.2177925e-08
2.1611281e-06
0.99940586
2.0521717e-05
7.541161e-06
0.0003315532
4.7715876e-06
0.0140495645
1.7071117e-05
0.00040216767
0.028028259
0.057681635
1.0706123e-05
0.013218977
0.017644571
0.00064636406
0.00040426137
0.99995315
8.1214483e-07
2.4691373e-09
2.4434813e-10
0.00012228765
6.99311e-05
0.009024346
0.00029747735
6.7049054e-06
3.604174e-05
0.9947582
1.0
1.9680575e-09
4.977561e-12
4.262792e-07
0.18916886
0.00019488245
3.114899e-05
5.3509288e-05
0.0066902516
7.650747e-06
0.00755046
1.4439319e-05
0.00069404615
0.9948714
0.0049477275
0.00020305568
4.878374e-07
0.9999998
7.551569e-05
3.2512955e-09
0.9999824
9.081583e-09
4.0274766e-09
0.00013249804
0.050173998
