0.014163667
0.010932712
2.13367e-06
1.781929e-05
0.00012774224
4.9941173e-06
0.0011535238
1.0447136e-06
1.1581318e-06
0.009379573
0.00043636246
0.1721856
2.1277316e-07
1.1306673e-05
0.99833125
8.9974485e-08
1.2154759e-05
3.0699854e-09
1.901089e-05
6.226994e-05
5.6972618e-09
1.901089e-05
0.92022455
0.0032156238
0.9999112
0.00018434829
1.458492e-08
0.99976385
7.179562e-06
1.626507e-08
0.92503613
0.00012883784
1.3390244e-10
0.0126504805
0.0005041733
4.0465596e-07
4.8151605e-08
4.0206687e-05
0.02045472
0.014645863
1.2154759e-05
4.700012e-12
2.0794737e-07
1.9254578e-07
2.0370617e-06
1.9282955e-09
0.7692388
0.00010402964
1.2150771e-06
2.7849367e-07
1.4903256e-06
3.9425628e-05
1.752887e-07
0.7933898
7.368237e-07
1.2051846e-05
0.9426154
0.00095976883
1.2861645e-06
0.00014848438
0.0021116172
0.9999999
3.345203e-05
1.3317052e-05
8.448434e-07
5.9513262e-05
3.36221e-08
0.00026780792
7.2745494e-09
4.856406e-09
9.981646e-13
5.5437026e-06
9.6728684e-08
1.4126217e-08
0.0024029477
7.482256e-09
1.363444e-05
0.0028174918
2.2683176e-07
5.031632e-07
0.99785495
4.3191823e-05
1.6178302e-06
0.99555236
8.8933774e-07
7.9857165e-10
4.569386e-11
1.8588956e-06
2.3784509e-07
0.99191374
1.0762782e-08
6.7543483e-06
0.95299613
0.0025229598
9.806219e-10
2.1480076e-07
5.5169588e-11
0.7292354
4.5164155e-12
0.3731412
8.2517505e-07
0.0027279633
1.9282955e-09
7.9477815e-08
4.93218e-07
5.2668744e-05
0.029688843
2.191659e-05
1.7013364e-06
0.09422691
6.1999465e-08
1.8084196e-05
2.21547e-05
3.2167158e-09
1.9774527e-07
9.505461e-09
0.00024762755
0.42468464
1.4622374e-05
0.72397053
0.9997399
0.13124318
0.0019369418
0.00046033616
0.00010950273
0.07286222
0.0005561366
3.3860526e-06
2.077574e-06
0.0005561366
8.448434e-07
2.8943217e-05
0.00015081844
6.248911e-06
2.8629553e-05
1.3139666e-07
0.061366174
7.777903e-11
0.0005051572
0.5478698
0.00047018062
1.8189508e-06
0.016883543
3.8310597e-07
1.4565944e-10
0.98787946
2.7246298e-07
3.6495543e-08
6.0281964e-05
2.3112935e-10
0.9852424
0.0005383067
1.355425e-08
1.898716e-08
3.4598224e-10
4.456756e-06
0.062697545
0.99755394
2.6116491e-05
0.99993175
0.86115444
4.667009e-10
0.00022467627
0.010944495
1.6151393e-12
0.92503613
3.9425628e-05
0.9999951
7.575399e-05
3.2585813e-06
0.012894289
1.8939526e-08
8.86913e-12
1.0
0.002381385
6.9096645e-10
0.40735164
2.1733186e-10
0.0006422498
0.031341217
4.1462357e-08
8.516095e-08
0.0018985133
0.20531717
7.372938e-11
0.015619319
4.7162943e-05
1.3011302e-07
9.04517e-05
1.0
1.5449492e-06
2.6274573e-05
0.990171
0.00088866986
6.230565e-09
5.021119e-06
4.1093504e-08
0.00017367491
5.213356e-07
2.466923e-05
5.961822e-06
9.686989e-09
3.032982e-06
1.9868618e-05
1.4856256e-07
0.038191717
6.926016e-09
1.1703467e-05
2.751357e-08
1.5720856e-07
0.00012822772
6.598022e-08
0.18591775
0.014045602
6.257579e-05
2.5709202e-05
3.568568e-06
0.0023979032
0.00080912386
0.03677817
2.2673259e-05
1.5947371e-08
0.034915287
2.1855103e-06
1.3139666e-07
8.915414e-07
1.492241e-07
0.0028738396
0.0008319546
3.6271783e-06
3.505953e-06
6.0178477e-06
2.0794737e-07
6.5824094e-07
1.4974196e-05
0.9999953
3.476562e-08
9.180964e-08
3.1973443e-06
0.00017217742
1.290673e-10
0.020447202
0.00011653067
7.3141337e-07
6.778356e-05
0.062293783
4.9664715e-07
5.021119e-06
0.9997399
0.50662416
1.0
7.040565e-08
1.3109482e-10
2.8541822e-09
0.77317643
4.7162943e-05
4.569386e-11
2.8535144e-06
1.486439e-07
0.0008621788
1.0155372e-10
3.6495543e-08
0.0005329247
6.2974714e-06
4.7341297e-07
0.9878343
3.851799e-05
1.0321451e-07
0.004914347
0.00023450266
0.00042412968
0.06342433
4.844956e-11
0.0018023924
3.6166396e-06
5.1140273e-07
0.00028540607
0.962826
1.8084196e-05
0.9874545
0.009967931
0.0028013424
5.613742e-07
5.3546906e-11
0.046744823
2.1648054e-09
1.0
0.0026491422
1.7186422e-07
1.1188127e-06
0.03907838
7.247543e-09
0.9549724
5.3800373e-05
1.5681694e-08
6.797923e-10
2.13367e-06
1.2316833e-07
4.3476116e-06
0.00038036777
