0.99998224
0.009401943
0.9999989
3.7378798e-06
6.286514e-13
4.207156e-05
5.1437997e-05
0.9992929
0.0001008901
0.003088764
5.6171717e-11
1.5261011e-07
0.99883014
0.029593864
2.5289041e-06
1.7707492e-09
2.5223887e-09
2.3012433e-05
1.8413421e-07
0.9908301
0.2936239
9.4605184e-08
0.4748554
4.1947485e-05
2.6018124e-05
2.218396e-05
0.0030869232
1.3496842e-05
0.0003832799
3.0743245e-11
0.8316736
0.00011524175
0.10221646
5.1698825e-13
0.002702912
6.7169105e-07
2.5121903e-05
1.1321322e-07
0.6606495
0.06660726
0.9977715
0.00047924585
0.028492933
7.278914e-06
0.004864284
6.039742e-06
2.4630107e-11
0.9990765
1.817161e-10
6.628188e-05
0.88532686
2.6721927e-10
1.2936509e-07
8.823217e-09
5.6625004e-06
0.00083552365
0.658143
0.00022537746
0.0013264024
1.5458895e-09
0.00012619786
4.5227185e-05
0.010987399
4.1089433e-07
2.531838e-07
4.4721155e-08
1.902072e-05
0.99998164
0.13049929
7.1054956e-08
0.00043475936
6.928404e-05
4.4721155e-08
2.441358e-09
1.05504284e-07
2.7216304e-06
0.0072624474
0.45940268
2.5386225e-07
5.9921297e-07
2.6735572e-07
3.745991e-07
1.6092767e-05
1.7991232e-07
4.6368793e-09
1.0733496e-06
7.409714e-07
0.025068734
1.61506e-11
0.00055229623
1.6291335e-08
2.0006946e-06
0.00020369288
3.5350889e-09
0.00016906881
5.852764e-07
7.3458746e-11
8.0300604e-05
3.77927e-11
3.7529326e-09
6.010031e-12
0.0005737692
0.999999
1.10099094e-07
7.483144e-08
2.5223887e-09
0.00037764656
2.531838e-07
7.3745765e-09
5.6263906e-07
3.6489536e-09
0.004905676
2.9626392e-07
1.6119696e-08
0.8977257
0.0010548538
0.21382213
1.2575217e-08
9.066613e-06
0.00024773926
2.2522058e-06
0.9086323
0.0001355182
0.9989507
0.029918896
0.874108
8.600463e-10
0.000224303
0.00040184002
0.9999988
0.0035720922
0.017568864
1.0
4.6428857e-05
1.7057853e-05
4.163165e-06
0.9779739
0.0034839276
0.00014593561
0.9999985
1.2257003e-07
0.9839038
0.010404297
0.028492933
0.71891475
3.638725e-08
0.018045291
1.8028375e-10
3.181135e-05
0.0032988207
1.3913245e-05
0.997431
3.0743245e-11
0.010404268
5.528111e-07
0.99858433
1.6271872e-05
1.4255617e-06
0.003004186
7.0233e-09
9.636294e-07
0.029918896
2.2730514e-07
0.36428726
1.1426576e-10
2.619839e-07
1.4047284e-07
0.32525694
8.574851e-07
0.00017686113
0.0067309258
2.7822498e-08
8.5233563e-07
7.330793e-06
0.0002112904
0.00036054655
7.979961e-10
0.0021977976
0.008775748
8.211148e-05
2.237082e-06
0.0008988266
7.182132e-07
5.7505363e-06
4.9001624e-06
0.9929087
0.99999696
1.7107139e-08
0.73310584
7.295416e-10
0.0053348993
0.0035620588
0.0003930634
1.17666886e-07
4.1520765e-05
0.99590886
0.0036552486
0.062437247
2.66686e-06
0.00053048297
0.3268704
0.00023911281
1.0617704e-05
1.587573e-05
0.0004146897
0.011718451
1.5221988e-05
0.33894175
1.0165169e-06
0.99999994
1.0
0.003004186
2.741763e-06
9.300955e-09
9.431833e-05
4.644551e-05
0.1719015
1.0357926e-09
6.034486e-08
1.1969571e-08
6.854762e-06
0.99980944
0.00433566
0.9999999
0.00081144366
1.5695578e-08
0.9650106
0.0049134097
2.7283061e-08
0.00017547382
4.6063474e-06
0.99999726
3.0705255e-06
2.370199e-08
7.677358e-06
8.5051746e-05
0.00012895878
6.858427e-11
0.99999946
1.2599614e-05
0.005192754
5.18785e-05
4.3132328e-10
8.154825e-05
0.017864319
0.9999383
0.00010887968
0.0003780037
0.32590842
2.9715277e-09
8.132376e-06
0.10027301
0.005941497
0.9999272
0.0002375791
2.1353871e-07
3.9065977e-08
9.246589e-06
7.154984e-07
0.99980944
0.003238896
4.521045e-05
1.6629701e-09
0.8191525
0.0013701512
1.7822824e-05
1.5261011e-07
0.0017682953
0.0011871047
1.3384507e-05
0.015836835
1.9420515e-05
4.5227185e-05
7.579988e-06
0.000107285705
0.00013340462
4.283418e-06
5.768915e-10
0.00027395404
5.2564502e-08
0.0017107975
4.365828e-05
2.4029192e-05
0.0061549344
0.843407
7.150182e-07
1.0473878e-05
5.6263906e-07
0.009787073
1.9774557e-10
0.00014300151
1.00152725e-07
4.6457604e-05
0.3239216
0.0016729222
4.1604662e-06
6.700517e-09
0.925396
9.736599e-12
0.3682661
