0.9995293
0.012519104
1.0
0.9845615
6.366155e-07
1.3936765e-08
1.2804475e-11
0.3899613
8.9030325e-11
4.503976e-12
3.62794e-09
6.488817e-05
0.0052883276
0.03192619
1.682128e-11
0.00045400078
0.9861699
8.3099394e-08
0.14627212
0.049523745
3.1099935e-07
9.264728e-13
8.9030325e-11
5.1971736e-05
0.98514754
4.739989e-07
1.7870519e-06
0.00047650546
0.00082359754
2.1950123e-06
0.23295814
4.488071e-06
0.7738714
2.9446574e-11
3.7833052e-09
7.790769e-09
7.618734e-09
8.028615e-07
8.378492e-07
0.0047269897
3.7031683e-07
0.00014833099
0.999965
3.7143556e-07
2.9334696e-10
1.0135871e-09
1.4005708e-07
3.1107277e-06
4.0641985e-06
1.6243297e-09
0.9905957
5.702695e-10
3.0988544e-06
3.2274775e-06
2.348654e-10
1.0645738e-07
0.041882806
1.4733366e-06
6.8805537e-07
4.0641985e-06
0.0009813177
0.00039621073
3.1417847e-05
0.00072648475
0.008256673
0.99999976
2.9446574e-11
5.55906e-07
2.3721367e-10
2.3162856e-05
0.00039355177
0.0005547083
8.792393e-06
0.785676
0.9381569
0.004739825
0.9981446
0.9999624
2.4108793e-05
0.0004825511
4.855612e-07
2.9482022e-08
6.806933e-12
0.00014739382
0.99999905
9.187537e-06
7.802073e-05
4.1161047e-07
1.6063009e-08
5.0607275e-07
4.939e-10
1.5314505e-06
2.101655e-06
0.00017351982
9.640333e-10
4.855612e-07
1.4861288e-09
5.9667997e-07
2.2342817e-07
4.266273e-07
0.11956897
1.1662382e-06
6.5771513e-07
3.4429277e-08
0.9999624
5.614379e-07
3.4610412e-07
0.00021532396
0.00012648362
1.0350608e-07
1.2491422e-05
0.07820448
7.531729e-08
0.9989657
1.9243615e-08
5.0286764e-10
3.728249e-08
3.5783282e-13
4.9238424e-06
1.4843116e-06
4.3319175e-09
1.989965e-07
2.0247012e-06
0.64159936
5.93151e-07
5.128093e-10
0.56204855
8.9744304e-08
3.198119e-06
4.3044374e-06
3.6849378e-13
8.467915e-05
1.0893683e-05
3.7242154e-10
5.6787403e-06
0.013246735
1.1656507e-09
3.1680138e-05
6.9326603e-07
0.0015893597
8.5783786e-10
1.331687e-13
6.800315e-08
1.333365e-05
1.4254163e-06
5.2842955e-07
0.055664405
3.5198467e-05
0.0013703535
0.14200623
2.3083323e-06
2.1000795e-05
3.4497113e-08
1.8307931e-12
0.03192619
0.015593474
5.030388e-06
0.008094137
7.1491047e-07
4.2410736e-07
9.955988e-06
1.5465523e-10
1.2124375e-11
5.257503e-08
0.9861699
0.9933486
0.99999976
0.0016128616
0.011059334
0.12227618
0.0013459527
8.792393e-06
7.907815e-06
7.789827e-07
0.0018874247
9.017034e-08
0.0002297804
0.0025182553
0.99571824
0.88482535
0.000110400535
2.2517188e-10
1.6934914e-08
4.8631073e-09
6.111291e-05
0.9994491
7.280091e-12
0.24573378
0.38996133
2.0207666e-13
5.172991e-06
5.755885e-12
5.242373e-07
8.936149e-09
9.549672e-06
2.4716464e-06
3.973167e-09
2.1686655e-09
6.761262e-05
5.1971736e-05
1.333365e-05
3.5855588e-05
1.6934914e-08
3.1099935e-07
2.7496526e-06
4.486557e-05
5.1218857e-10
2.5720303e-06
4.5586937e-08
0.58592826
3.6829938e-08
2.8960423e-11
5.6901266e-09
2.5458621e-06
0.9863429
1.875037e-05
8.1614795e-09
9.354141e-05
2.4671908e-06
5.1751638e-08
8.1614795e-09
2.8778742e-09
0.0023543125
1.1565178e-09
4.4629516e-07
0.00028675894
2.3835145e-07
2.9187217e-06
2.9585172e-07
0.2165839
0.0152150765
1.3462571e-05
6.7840633e-10
0.7893694
3.6423262e-06
9.264728e-13
0.0003431009
1.4256949e-06
2.3162856e-05
0.091491714
0.00011529649
1.0576395e-08
8.798264e-06
1.1586705e-09
0.00043378075
1.0608964e-06
8.53074e-07
4.3044374e-06
5.4813988e-12
1.3092703e-08
8.6455776e-10
4.5431214e-08
0.008113189
0.030478632
1.2068311e-07
7.68715e-09
0.0039531877
4.28892e-05
4.535392e-06
2.3259923e-07
0.00066381943
2.4884912e-06
3.9046836e-07
1.8243641e-06
0.8979341
0.002291811
8.680629e-05
3.9681478e-08
9.354141e-05
1.2737922e-08
0.99999976
1.4972768e-12
0.90538526
6.65952e-06
4.3210413e-09
3.784495e-07
7.4012865e-11
0.00075499184
2.5648117e-07
6.1265816e-08
2.2342817e-07
4.1662048e-08
2.3948562e-08
0.19753867
0.9933486
1.6688243e-07
1.0367762e-05
0.00028174114
0.00064421067
2.7731323e-06
1.5087087e-06
5.6787403e-06
3.2397666e-06
0.00035584412
6.4687855e-09
1.2262175e-05
1.6384047e-11
0.00026691853
1.1479653e-07
0.000856136
