0.99998903
1.0
6.1376036e-06
8.4605645e-06
5.2124364e-05
1.3557667e-05
2.0639833e-08
1.9174625e-08
3.218883e-06
1.01891315e-10
1.7008222e-13
3.0170721e-10
5.4709035e-05
3.810123e-08
0.0039529847
2.6342411e-12
2.6156775e-07
4.1437855e-07
5.2404907e-09
7.830299e-11
2.03429e-05
3.963223e-06
0.03646244
2.1879507e-10
2.1364392e-06
6.988226e-07
0.0072357566
0.9211873
3.1073864e-06
1.2275879e-08
1.1621948e-08
3.7215493e-08
4.6669513e-08
2.38872e-12
4.8907625e-09
7.6473095e-10
0.00013861987
0.0002731179
0.005723285
0.01387895
6.97266e-09
4.9443083e-13
0.118727475
5.3626786e-06
9.702651e-09
2.0337644e-07
9.7380294e-08
0.00039258949
2.0115273e-08
1.4383395e-11
9.858999e-07
2.8783406e-05
2.6173393e-06
0.73727375
0.0141556
0.9999753
2.0171318e-09
1.6170836e-07
1.3723189e-06
2.9138158e-05
0.01699533
1.1256194e-06
1.3917107e-05
4.858581e-10
0.02229479
1.6390001e-06
0.9498771
1.7509906e-07
0.0103095025
6.190907e-08
0.0001498284
0.042345297
0.9781558
0.0016144726
6.517008e-06
0.00015183413
0.0005419305
1.0806434e-05
1.4720875e-05
1.5197283e-11
6.826358e-06
8.325617e-06
1.1054466e-09
2.2000349e-07
0.0024118493
5.228562e-07
7.348776e-05
2.0624328e-05
2.0067344e-05
0.94298035
2.5918225e-05
0.0010457429
1.6324266e-09
1.9922373e-08
7.770191e-05
2.2196764e-05
0.0006763622
0.9255003
0.017698508
7.088046e-06
1.5826758e-07
6.9342676e-08
1.8774402e-08
0.00024929526
0.0013566653
0.9995022
1.0048867e-12
3.3161378e-08
1.4445041e-10
8.978177e-07
0.011733072
1.4879618e-08
4.1411067e-08
5.3023476e-05
0.9999921
1.882006e-10
2.7546657e-06
7.964062e-07
0.8697782
0.9999993
0.063824244
0.5206675
8.260012e-10
0.9914099
0.0028201577
1.0138187e-05
3.9788648e-07
6.9937576e-09
0.000102200596
0.13222687
6.490113e-10
0.0101543525
3.6212195e-06
8.0394813e-10
0.000638995
2.56768e-07
5.4162778e-05
0.0013319998
0.0014489988
6.2725367e-09
1.7714172e-05
1.6979456e-07
0.74084526
0.00013861987
6.5668723e-07
2.3207433e-05
0.17822966
3.6212195e-06
0.03965476
0.5506555
1.3026108e-10
3.3032825e-07
2.1589819e-10
0.5930294
0.020527221
6.224682e-07
2.2000349e-07
6.55696e-08
0.09796501
7.3858115e-07
1.2569551e-05
1.9093194e-09
9.365537e-06
1.4295259e-09
2.6329112e-06
6.0524457e-07
3.155859e-09
3.253808e-05
0.0009662271
0.158474
0.4305329
0.00064307614
7.1675346e-09
2.9039572e-07
3.4077152e-06
0.000101733676
8.7082846e-10
0.00907246
4.5129298e-05
0.00010874997
8.123856e-05
4.2873376e-06
6.512601e-12
5.3787044e-11
1.7008222e-13
0.03543504
1.0543991e-07
1.3439018e-07
0.00011024032
0.002666938
3.963223e-06
0.0005075676
2.8783406e-05
6.59133e-07
3.6409997e-06
8.307338e-07
3.6947437e-08
0.0049472842
5.208524e-06
2.319047e-06
3.5606983e-11
3.1965463e-08
3.216137e-06
1.810372e-08
0.99023616
0.0027834254
5.3282704e-08
0.1258438
0.00013497153
0.99659497
4.2756845e-05
0.00015190913
2.3199311e-07
6.6082896e-11
0.00026998165
0.57433045
0.9905699
3.6013436e-08
7.3858115e-07
3.4917653e-09
1.584542e-10
1.178764e-06
2.1371322e-06
0.012734603
2.6819586e-07
0.999996
4.8554263e-08
0.9378925
0.0063712727
0.0010131366
1.617356e-08
9.120128e-07
1.2171678e-07
1.7229827e-06
9.805088e-08
9.1578926e-07
0.0009639303
4.3448286e-05
1.58347e-07
1.6699482e-06
1.654502e-06
1.3450149e-05
5.4129015e-07
6.086991e-07
0.00015735823
0.00053651235
9.741215e-06
1.1567278e-06
0.09480141
1.0
0.9919674
0.99998987
9.875297e-07
6.9342676e-08
7.450015e-05
1.1812154e-05
4.3780112e-08
0.0024430894
4.1444832e-06
0.00094944326
0.00048111973
1.3534764e-09
6.198757e-05
2.1624776e-07
0.06309321
2.6342411e-12
0.0015163581
5.2543032e-06
2.5016877e-06
0.62910146
6.824334e-10
0.00062449975
1.0089926e-09
4.968555e-06
0.034714248
0.9479805
2.872737e-06
8.975455e-07
0.0103095025
0.008183287
4.088164e-12
2.9935487e-09
2.5057563e-05
0.9999868
2.6329112e-06
2.1364392e-06
0.0008713482
0.0014149062
0.15597752
8.260012e-10
0.0023468493
3.4419475e-06
0.00011917031
4.3735872e-05
0.0002590555
0.00053651235
0.0009639303
1.58347e-07
7.296352e-09
8.978177e-07
