1.0
1.0
0.9999997
0.4854381
1.0
0.99999523
1.0212342e-05
2.2108722e-10
1.1144211e-05
4.6284893e-11
0.04409174
1.8349333e-07
4.150733e-06
3.296161e-07
3.1713815e-05
2.6028426e-11
1.0
2.302947e-09
3.598567e-06
2.4473418e-11
0.99328005
1.0672753e-08
1.0593743e-05
7.9929e-07
1.8181414e-05
0.008303766
0.1007118
0.016330626
0.00011876124
9.021636e-05
2.4842173e-08
0.9981404
3.1157958e-06
8.140243e-09
0.00016284149
0.00010105725
3.84556e-09
0.00011610542
2.064043e-07
0.0002584466
0.0029671309
0.0032476918
4.610136e-06
0.9999393
2.0050229e-12
4.5998763e-07
1.05194395e-08
3.1572283e-11
2.777577e-09
0.029744787
8.261548e-08
0.99739873
1.4152462e-11
0.00017388238
0.00067822146
0.00053353363
0.0016859936
0.0009150312
4.3960305e-14
0.014924454
1.8465774e-09
0.005099175
7.375352e-07
1.5512267e-05
6.460958e-07
7.298624e-08
3.1225485e-05
1.2017559e-07
1.8349333e-07
0.11574784
1.7421927e-09
1.0
5.0935385e-09
3.3878482e-09
0.04880073
1.66778e-08
0.0009150312
0.03452208
2.9939613e-06
0.0023971652
0.17582405
2.6866374e-12
0.9999998
1.4273171e-08
0.9486718
0.18790203
0.0004887913
5.0726853e-06
8.886393e-06
1.0801983e-05
0.010792516
0.00065138
0.99994624
9.103078e-11
0.9990251
0.00023583903
6.431109e-06
7.736472e-12
0.9153726
0.4007094
0.00029746204
0.00816118
0.5541008
7.447286e-06
1.3398032e-05
2.9712456e-12
7.4907075e-06
0.9999987
0.003986611
5.36757e-06
0.0016429268
0.15971139
1.7949088e-06
2.4323457e-09
1.1275437e-06
1.7983746e-08
0.9974622
0.0025204266
2.351626e-05
0.99857056
3.005255e-06
7.474545e-05
0.0040199077
0.016207805
1.2756634e-05
0.0031535162
8.741859e-08
6.1951637e-06
1.3550884e-06
1.252964e-06
0.0009488676
4.3910663e-07
2.184523e-10
0.99999994
0.000106297215
3.6946763e-05
0.0013852022
1.5368742e-06
0.00013821994
3.2297913e-07
8.509243e-12
1.7725823e-07
0.9874603
2.7934245e-06
1.1793669e-08
0.9779574
1.09212706e-07
1.7168059e-09
1.1061812e-05
1.7194474e-05
6.958114e-07
6.565284e-06
2.7598983e-07
4.8216034e-06
5.3405e-12
1.05194395e-08
6.2543544e-09
8.412782e-13
0.9656801
3.402602e-05
0.00025432147
0.0030834738
2.7885823e-12
5.010318e-06
0.01740963
2.3137768e-10
0.9999988
4.2722004e-08
2.7514704e-07
0.0009125346
0.00017647671
1.5460972e-07
0.00029746204
6.753284e-05
1.9838403e-06
6.674699e-13
0.0024629743
3.4144145e-05
0.9990251
8.318864e-09
9.151893e-11
0.9999998
9.528283e-08
1.2621518e-06
0.035434302
0.67486966
6.059985e-13
0.0006629716
0.00018538901
0.99873716
2.08128e-05
3.8855458e-07
0.20744263
0.7991911
1.6273562e-09
0.0063923206
1.0
4.479124e-08
0.7991911
0.0016859936
6.263239e-05
0.79484475
1.7633849e-09
0.8537799
0.04880073
2.5058928e-06
0.086937115
2.7238864e-08
0.9998419
0.993894
3.7228093e-10
1.72071e-06
7.050663e-07
0.002583176
3.6967416e-05
0.019487005
3.7349553e-05
2.2047652e-05
3.296161e-07
7.798403e-11
2.163476e-07
9.998413e-13
0.31052414
1.8436221e-08
1.1836007e-09
0.98295856
0.0022605334
0.91397285
4.115478e-11
5.730081e-05
0.7909999
3.097718e-05
2.0644242e-05
2.375301e-05
0.00025981286
0.20557866
0.00017404692
7.4907075e-06
0.015693512
0.0041005155
4.3199084e-06
0.0057133404
2.1386946e-05
0.00050741713
0.0002309621
0.0001265676
0.0046517
3.651267e-08
0.82185596
0.0033563708
2.7934245e-06
1.8884967e-06
0.0055117616
7.2253488e-09
5.6951016e-05
0.9999998
0.69995326
0.00010325639
0.010718192
6.7675266e-08
0.0003661212
0.88405025
1.0
7.9408416e-08
2.5858255e-11
0.0075451806
6.7675266e-08
3.5993658e-08
2.7887586e-06
0.0011943016
4.479124e-08
1.6750613e-08
1.4450865e-06
7.485635e-10
2.2773136e-06
1.0308332e-05
2.3037096e-06
8.587739e-11
0.006648377
2.2182663e-08
0.00053353363
3.6351569e-06
0.9969299
4.281629e-09
0.6963107
4.8568154e-08
0.0002128634
3.9473704e-07
0.17080712
3.7436946e-06
0.79484475
4.2962253e-07
5.2116956e-08
0.0049127196
0.99999976
3.2297913e-07
1.5661564e-05
0.00010938188
0.0007763544
2.3217986e-08
