1.1423925e-05
5.8662476e-06
1.721243e-08
0.9999953
0.010030128
6.827816e-08
0.0009962375
0.00026658433
0.008133802
0.022645801
1.7254932e-08
0.00013028352
0.4498835
2.6624971e-09
0.0014792827
0.009603985
0.0017866828
1.1466934e-08
0.7986376
1.0
1.3402887e-07
8.9833844e-07
0.00079847313
6.2703233e-13
0.07630458
9.834358e-07
1.9311951e-06
0.00016083893
0.0046684276
0.014235294
8.0676355e-06
0.009290594
0.0027955913
0.035125773
1.3507125e-08
2.3170545e-05
0.00076086895
0.016666986
2.2719584e-08
1.02466244e-10
0.062243447
0.00044117155
3.6526582e-09
6.1934085e-09
0.3443386
9.9405515e-09
0.0028517204
2.287781e-07
7.1731076e-05
1.1545324e-06
1.6498569e-05
0.0006530197
5.8682906e-07
1.5787666e-05
1.5931667e-10
6.850851e-09
0.19445597
0.05216794
0.026376702
5.97411e-06
2.2711001e-05
0.00031927967
0.99999994
0.00018695806
6.296571e-05
2.0362847e-06
0.01011975
1.0
1.9169802e-07
0.9998943
0.00046394364
5.7383353e-08
8.542223e-06
4.1039594e-09
1.3937726e-07
1.170791e-05
2.6224491e-09
0.7986376
3.001682e-11
1.0
2.332689e-10
4.27969e-06
1.6071082e-10
0.96188146
5.2235784e-08
0.48678696
0.008540251
7.153006e-07
0.74182963
0.99871767
9.182973e-05
1.5405942e-09
3.2374484e-07
0.0020627896
0.000737973
0.17200704
0.00031862105
1.500808e-08
0.00032276497
0.99942243
0.015304141
0.00016083893
0.9999986
5.872019e-06
1.4273648e-10
7.3582632e-06
0.99999607
2.536105e-08
1.3280932e-06
1.3164479e-05
5.661911e-10
2.3773532e-07
0.010704508
7.6265285e-05
0.016815089
3.1696362e-07
4.7023622e-07
0.0017866828
1.2467159e-06
2.3692324e-07
9.0961485e-08
0.17200704
9.319386e-06
1.5356355e-10
0.0017444188
0.99999994
5.1227994e-07
1.1303327e-09
4.0514096e-05
8.9833844e-07
1.5882719e-07
7.272651e-07
0.98979324
4.6801534e-07
6.2261106e-06
3.6724234e-06
0.016595623
3.5797708e-08
7.6265285e-05
3.0159905e-05
0.0028320851
0.7116979
0.0015864319
0.7733523
1.9984094e-09
1.8445911e-10
2.8239194e-05
2.192959e-11
1.5374809e-07
2.8866825e-06
1.52208995e-05
4.1567357e-05
1.4936302e-05
9.695884e-08
5.199399e-10
0.0023336723
0.0028228678
1.7405532e-06
0.00082984456
2.1395612e-08
2.3634158e-05
0.0136163905
2.3404797e-05
2.9351258e-05
6.3567665e-11
7.547242e-09
8.34719e-08
2.0855828e-07
0.9250117
7.585721e-08
0.31713858
0.00013263305
3.546356e-07
5.8250277e-10
1.9729896e-08
0.0016662515
0.88020337
3.0811717e-07
0.040555708
1.8994382e-05
0.072172694
0.0027955913
2.9858016e-05
0.00014790868
0.0006009773
4.0273667e-06
4.0273667e-06
4.5450594e-07
0.00010066513
2.3130056e-05
0.0023370762
1.2034481e-05
0.00029461313
4.3156056e-06
0.031348206
3.770884e-06
0.66717464
8.01736e-07
0.40838408
2.7338856e-06
4.5652996e-06
0.0032865189
0.005252861
1.9295069e-08
0.0001070078
2.1424678e-09
0.87081295
1.6022905e-05
2.2942794e-09
0.0005998065
1.2805521e-08
5.4366293e-11
4.581096e-06
0.003235591
8.18396e-05
8.9023455e-09
2.8381472e-05
0.026376702
1.0
2.4718915e-06
0.00050458766
5.5626026e-07
0.9341974
9.072788e-09
3.549808e-11
0.00020261125
2.5756781e-09
3.8589204e-07
0.9999997
7.492708e-06
0.92910784
1.5314039e-05
0.0004997541
0.99589854
0.7116979
0.20402618
9.547548e-12
0.00044117155
1.937029e-06
0.04081822
2.057686e-06
0.00015280869
0.9993077
0.93355876
2.2719584e-08
2.6849819e-05
7.4451644e-05
0.0001070078
1.6530526e-13
1.599586e-09
0.9873154
0.03706918
9.817923e-07
2.0637782e-12
9.319386e-06
4.514659e-08
0.00031927967
1.02466244e-10
3.946086e-08
0.41296196
0.012157079
1.1303327e-09
0.32668012
0.0001070078
2.927888e-06
1.1042086e-07
0.0016029617
9.456243e-08
6.725193e-05
0.0032440447
0.11498742
2.1917972e-06
1.0518139e-11
0.07630458
1.7675957e-07
2.3404797e-05
2.1201298e-05
2.6849819e-05
0.0015712125
0.8825321
1.7731855e-06
2.2661245e-08
9.187915e-06
1.0538275e-12
0.00027899805
0.0009042417
1.3566142e-06
0.9974864
7.5029043e-06
2.9673774e-12
0.9786158
4.2511395e-08
1.2461271e-07
4.256202e-08
3.5656886e-10
3.0811717e-07
0.9999226
0.012161351
4.1590116e-08
5.920377e-07
