1.0
4.4566048e-05
6.852016e-05
0.9566804
0.12146836
6.2049253e-06
1.0743339e-08
1.7291673e-07
3.6703462e-10
0.67194617
2.085219e-09
2.482492e-09
0.0017739141
1.2236207e-12
3.4369148e-07
3.3787366e-09
3.937712e-05
0.9999957
3.3894771e-06
0.9999987
1.6621179e-08
6.439474e-06
2.6762918e-06
6.761199e-10
5.0220765e-06
3.9347146e-06
0.0020760421
1.1956114e-07
4.9112737e-06
3.2363967e-09
0.0006558439
4.9533632e-08
0.00062817783
1.0660693e-05
1.1749728e-06
4.7330827e-06
1.41875435e-11
0.0088891
3.3257518e-06
4.8488367e-08
6.8402645e-05
4.0082225e-05
7.697236e-11
8.4892446e-07
1.2348744e-05
0.0010252148
8.71219e-06
3.2079175e-09
3.7944296e-06
2.224399e-10
1.1756951e-05
0.9712871
3.2404504e-08
0.0010710103
0.009146254
0.8754769
4.0415934e-11
5.1049874e-06
0.99311143
0.84622
1.3279906e-05
1.4383575e-06
1.5159489e-09
1.6983634e-07
1.7073555e-09
2.8553056e-06
1.4423683e-09
0.0022580137
1.45171225e-05
4.9910987e-12
0.0028177234
0.0019360883
2.0282425e-05
6.8334444e-08
0.0066816285
3.862364e-09
1.4440207e-08
0.3560528
0.0010710103
2.57954e-05
0.00020410914
0.17730215
0.9869261
0.00370382
3.254859e-07
1.3887812e-07
0.99999994
0.99965805
2.4666446e-07
5.603728e-07
1.8428542e-06
3.3064734e-06
5.3177905e-06
2.9191065e-07
1.9759766e-07
3.390423e-05
0.0011640161
9.8954196e-08
0.0032907405
0.002270378
4.0845275e-06
0.0024474487
0.6290205
2.1774383e-06
2.7505496e-06
1.46436e-07
1.1505706e-09
1.4161323e-05
2.9181708e-06
9.593234e-09
0.99999994
3.3610118e-07
1.3331154e-07
1.1596876e-09
0.6385957
0.0010146376
0.28237206
2.2260106e-07
2.5138945e-11
0.0028177234
3.2946e-09
0.9967337
0.009650244
0.088306546
0.0020760421
0.00031950348
0.00016595316
1.0896579e-06
0.9840646
4.9009435e-07
1.0553583e-06
6.578551e-10
2.847164e-12
0.8345937
7.2050876e-10
3.6679776e-08
5.584534e-07
3.2891442e-06
5.0255025e-05
1.3872331e-10
9.1155314e-08
5.8729875e-06
1.7094246e-09
0.086521074
0.0027257642
1.0982424e-09
5.0339875e-12
1.573179e-06
5.0175487e-07
4.6995392e-05
4.332909e-09
7.356783e-05
0.0017887632
5.6027307e-06
5.80309e-11
0.00024013656
1.2427934e-07
0.93470985
4.6532546e-07
6.803244e-09
6.549676e-11
0.00014954137
2.2327001e-06
3.6191194e-10
0.0068689124
8.867659e-08
0.0011485318
1.6303323e-07
0.0011205934
0.00026005277
7.723413e-11
2.225518e-05
8.971705e-09
0.00014295474
0.028219273
4.8880105e-05
2.2395698e-05
0.00040646383
6.74724e-07
1.0183594e-10
4.9921487e-11
1.3833592e-06
0.9806082
9.27364e-09
6.780395e-07
2.097552e-10
1.9369775e-08
0.001771828
0.0006731802
0.0002935827
0.99996734
0.00073215895
7.869929e-08
0.0006328488
0.00021626838
2.9327923e-05
0.000342756
1.581493e-07
7.0750925e-06
1.9064625e-07
1.4440207e-08
0.00091130385
1.889866e-06
1.2277077e-07
3.6312635e-05
3.5424528e-09
0.029313859
1.7586382e-05
5.799367e-09
0.22721784
2.3430031e-05
3.1533094e-08
3.5556485e-07
4.4870107e-05
1.9552625e-05
1.5555466e-06
4.703457e-06
0.10322721
0.3101831
6.74921e-06
1.6303323e-07
4.0056435e-05
0.006480221
4.8880105e-05
1.9579698e-05
3.2404504e-08
0.0027454814
0.9996548
2.8553056e-06
5.744556e-06
7.9583754e-07
0.9999996
0.00018833825
0.0073169335
0.03595308
2.4466151e-05
0.73235345
1.6447576e-07
9.715422e-05
8.295199e-06
4.2161378e-06
0.00017088109
1.0660693e-05
5.168673e-07
4.7196776e-05
0.35955006
5.8705973e-05
2.097552e-10
3.1987266e-10
0.00027138143
1.0963164e-10
0.0023197192
9.752355e-05
3.979771e-06
0.00031950348
0.9390969
0.00042150216
6.043851e-08
0.99678624
0.0021032547
0.99607325
0.45072505
1.1537201e-06
0.029762063
8.807891e-07
4.6828434e-05
1.3243318e-06
0.13367583
0.99999356
0.016934644
6.093775e-07
0.99999994
1.1655439e-05
1.3728278e-07
2.5223564e-08
0.00025516475
3.1309007e-06
2.811392e-08
4.735863e-05
9.7987584e-05
3.1252632e-08
0.93927985
0.9243563
8.319848e-09
1.0
2.2260106e-07
0.05639762
0.011362844
5.460255e-06
7.9119105e-05
0.0010430943
6.3540577e-09
1.9134754e-09
4.6687325e-07
0.009146254
5.2376686e-06
3.4092733e-05
2.3146854e-06
7.6925535e-11
7.594545e-10
