0.9976486
0.68740857
0.091456205
0.16241017
1.949946e-05
3.5335205e-07
0.017687634
0.9815339
0.41628787
4.195305e-06
1.48357495e-08
7.29552e-08
3.340125e-06
1.0215938e-08
0.59795535
7.1644463e-06
0.0039570965
7.401311e-08
3.0571082e-06
6.091753e-07
0.0014312916
0.009636874
0.059943154
2.1296084e-06
3.621739e-05
0.0066929525
1.5412099e-06
6.847444e-12
1.3836553e-05
2.0165094e-06
6.7963083e-06
3.1340807e-07
9.0249114e-07
0.03027707
3.9343004e-09
2.9744492e-12
5.0306575e-08
1.204983e-07
3.8388535e-07
0.0018766972
0.6488019
0.00020908374
6.935775e-07
0.040570557
0.00027389947
0.99980956
0.74711376
2.0842467e-07
0.9892504
0.002069367
4.7064364e-06
0.99993193
1.9463767e-08
1.553948e-05
1.3419094e-06
6.0228835e-08
2.2525334e-07
0.7647941
1.4424373e-06
1.9151365e-13
0.005713812
3.933383e-06
1.9699419e-06
3.457201e-07
0.013083943
0.0014396063
1.2293028e-06
0.039255332
2.4927713e-05
1.4438162e-05
0.0013224983
0.0005110815
1.0955487e-07
0.45992026
0.017991757
0.0001099514
6.1448925e-05
1.0236662e-06
9.048169e-11
2.4092617e-06
1.8619115e-10
0.0010347462
6.405258e-10
7.6416245e-06
0.00023876221
4.0316786e-10
3.0982978e-09
0.17787582
0.15073234
0.99999946
7.2947914e-05
0.0033420918
1.3499059e-06
0.15151377
5.040131e-05
0.00051139656
7.0426305e-09
0.0066929525
0.00011985008
0.2753455
1.2047308e-08
5.67112e-06
0.0041965274
9.25264e-06
0.0027367182
0.0011464347
0.99999595
3.4941484e-05
0.00018644411
1.0027501e-08
0.008222593
0.0001712997
7.853311e-09
0.13890046
0.00152299
1.8290682e-05
4.398486e-11
1.3613445e-09
2.1619549e-12
5.43811e-07
3.8388535e-07
2.321095e-05
0.0032796299
0.11695866
0.9748285
1.0
0.0015893636
0.0006586381
4.434344e-05
1.14872975e-07
0.9108479
0.0006013982
1.5221214e-07
2.844022e-06
2.5143274e-10
0.00013558232
7.4158794e-05
0.90143174
0.035789084
6.113839e-06
1.4436964e-07
0.0040851044
2.711542e-05
3.084624e-09
4.769135e-10
1.957321e-09
5.0329203e-09
2.8260315e-08
0.9999088
6.006295e-08
6.43194e-07
2.8706923e-05
9.094185e-07
0.00027389947
0.00015170242
1.3945148e-06
3.358314e-07
2.2373765e-06
0.0006586381
0.0032689576
2.1364457e-08
0.6990125
2.1616213e-08
6.474158e-08
0.00012467739
4.9998216e-06
3.983574e-11
1.1650938e-07
7.4030854e-06
0.000104419036
0.00031282395
0.00017295951
5.8212295e-06
0.00014532905
3.8048003e-07
1.5585443e-05
0.78108984
7.857029e-06
5.988273e-05
3.0419062e-05
1.5027592e-07
3.8370004e-10
1.0112742e-06
1.8683666e-08
1.6612625e-05
5.1220763e-08
1.5221214e-07
1.01238675e-05
1.0511217e-08
0.69901246
0.9982878
0.9999993
6.650608e-05
7.049352e-07
2.0808308e-11
0.9957148
1.2367344e-06
5.141172e-08
0.78108984
0.7200517
1.3499059e-06
0.7165517
1.4796245e-05
1.4190075e-09
2.6364605e-05
0.21919787
2.7387412e-05
3.8370004e-10
0.21854822
2.9726189e-05
6.845955e-07
1.0
3.477585e-11
6.7612244e-10
3.8370004e-10
0.7934883
0.014232317
3.9083194e-08
2.9726189e-05
1.9119265e-07
0.9408301
4.5829416e-05
0.12541357
1.0511236e-08
8.625451e-05
0.00017135491
2.8260315e-08
0.00014006147
3.1211373e-05
9.30633e-06
1.5422112e-06
1.04307965e-05
4.4717102e-10
1.9218569e-05
3.468136e-09
4.815735e-05
2.3974755e-07
5.362323e-08
0.0164603
7.247573e-07
0.82126874
3.1859643e-10
0.98826414
0.029184263
2.6850964e-07
3.989586e-05
0.009665989
0.0008898629
2.984046e-09
4.236416e-08
0.99086726
8.589706e-07
5.934996e-07
1.1784475e-05
0.99950147
0.9961876
0.008643095
4.9439527e-06
1.6084014e-07
2.4882203e-07
0.99996334
3.933383e-06
0.0009249507
0.20038281
2.0165094e-06
0.0094112465
9.705014e-06
0.0094112465
0.019258574
0.50053924
1.0
1.04307965e-05
2.844022e-06
1.2232706e-05
3.9425956e-08
0.45992026
1.3836553e-05
0.99999976
0.0008898629
0.23196693
7.4030854e-06
0.030045925
2.0478397e-07
4.4340203e-09
0.21555997
0.00014564284
7.8281126e-05
8.612012e-06
0.04831958
3.3663306e-05
7.910351e-08
0.45070666
0.7689986
1.9820443e-07
3.0419062e-05
3.445455e-09
7.158807e-08
5.2483687e-05
0.99999344
0.09577373
