0.99900776
1.0
2.6355782e-08
5.4872958e-06
0.00093961705
0.0002826532
2.2559208e-05
1.370063e-09
9.889608e-08
6.9135295e-13
1.4171251e-06
0.0023225944
0.022068944
2.5125812e-06
3.482655e-08
0.0004740712
3.5950652e-11
0.000100679914
2.8727763e-05
2.0132169e-05
1.02131175e-07
1.0344743e-08
3.9600577e-06
4.3315545e-06
1.5361618e-07
6.907821e-05
3.4555903e-09
1.4387223e-09
2.3623943e-09
5.1998686e-06
6.1616374e-06
0.9726175
5.2701085e-07
0.00065292633
2.462394e-05
1.7535291e-11
0.9976327
5.8811506e-13
2.8085167e-06
6.9135295e-13
2.0560107e-12
1.0740178e-09
5.9469385e-06
4.3619646e-09
2.703651e-05
1.4295388e-10
0.00095395476
2.055605e-06
0.0023420246
5.878014e-05
1.5681319e-10
8.869296e-09
0.0020817895
1.0309803e-07
4.6121663e-08
0.9999493
1.953337e-10
3.7472607e-09
4.2925943e-09
0.014592559
0.00066870876
0.97401905
7.994883e-12
0.96269333
0.0001279612
1.0439686e-06
0.00011460462
2.659467e-09
0.008099203
0.0042766794
0.00028587476
2.5255265e-05
0.9956446
2.1143076e-06
3.060958e-05
2.0609027e-06
0.8159929
1.6083278e-07
7.561568e-08
0.00038133518
0.9999999
2.1774383e-06
4.299826e-05
2.9141438e-06
3.523816e-11
0.0027108314
1.6521332e-08
8.976122e-05
4.094173e-08
1.7009893e-06
1.3590497e-07
4.6121663e-08
0.00014827654
0.02576695
1.5072763e-09
1.2908165e-09
1.0
1.7521198e-07
7.3093014e-07
3.453172e-05
3.81691e-07
0.0023648862
0.3054449
1.3584082e-05
0.97863305
3.482655e-08
0.008190152
6.2075527e-09
6.422875e-10
0.009491252
2.7411899e-08
0.013994452
1.3245491e-06
1.9907375e-07
1.2823634e-05
0.11260105
1.4234408e-11
0.002863257
5.0902753e-09
3.1711468e-06
0.00048822368
0.035080846
0.9874086
0.00095395476
2.3027526e-10
0.011684361
1.0256328e-09
3.1791396e-11
5.7174468e-08
0.9999493
0.003330997
1.2902018e-08
2.6056339e-06
0.006305691
1.752079e-10
7.690489e-05
7.075032e-06
2.4797995e-05
4.4661818e-05
2.037802e-06
4.9139635e-07
0.0014965592
8.429582e-05
9.664524e-10
0.00082839007
0.8628478
2.7275885e-07
0.00065292633
3.6547856e-08
1.5072763e-09
5.178342e-06
1.24316575e-05
1.2819374e-06
0.0013160312
3.5640333e-08
4.3538415e-10
0.0023225944
0.999992
1.855159e-05
7.345706e-11
0.013915269
0.999992
3.818559e-06
1.92117e-09
0.00015655872
3.5553878e-06
0.0013070574
0.9956446
3.850469e-05
4.3242996e-12
0.8601907
9.835896e-07
8.236388e-07
0.07724405
5.4965716e-11
8.7093724e-08
0.9987616
0.9970331
1.02131175e-07
2.4107096e-06
9.835896e-07
0.004290029
1.3590497e-07
2.731684e-09
1.4630718e-09
0.00095892884
1.008359e-10
0.0056643323
4.3613752e-05
4.4997344e-12
0.000881699
1.3772939e-05
3.7472607e-09
1.1530642e-05
1.9724646e-06
4.679403e-08
0.0006180348
6.234469e-05
0.17670968
3.8702715e-06
0.0102002015
2.5800955e-07
9.59462e-10
2.2361444e-05
0.9976327
9.985393e-10
0.00015770837
4.7345785e-09
1.9715976e-08
1.2824241e-06
8.519978e-08
3.8968913e-09
4.4402955e-06
0.0006180348
0.94120526
3.02178e-06
0.0088490285
6.57364e-08
7.262615e-07
1.1953142e-06
4.2384364e-08
0.00027028943
4.2639465e-07
0.00025637232
0.0042940937
1.7431966e-09
2.5410785e-07
2.2275856e-08
6.687651e-06
3.5837106e-06
9.170197e-05
4.598303e-05
3.7021366e-08
1.8586072e-11
1.0
1.7606651e-10
0.013169744
0.9665897
3.6963763e-06
7.2476816e-09
0.9998957
2.8496308e-08
4.922394e-09
9.637143e-08
1.5441458e-08
0.3706995
3.3125056e-05
0.9970331
6.2246204e-06
0.008472231
6.1828054e-05
0.9947331
7.383894e-09
0.00015369014
0.00013721391
6.274218e-06
2.9696318e-07
0.54695314
2.1774119e-08
4.005823e-05
7.336523e-05
3.406292e-06
4.567259e-06
4.2925943e-09
1.6220199e-06
0.17819226
1.5905465e-05
1.8445864e-05
3.7934842e-05
5.547721e-07
0.9600811
6.4897696e-09
9.426221e-07
2.1723818e-05
3.4021543e-08
0.0018365941
1.0
2.8496308e-08
1.4512119e-10
2.4275812e-06
1.9790743e-05
4.948128e-07
5.174394e-07
1.14168376e-10
0.99553597
0.4279818
0.99999994
9.2929986e-05
3.379235e-05
7.891385e-05
1.0740178e-09
1.0344743e-08
0.28000516
2.3027526e-10
0.00016409546
7.7103757e-10
1.3675e-08
9.839531e-10
0.99972826
1.414716e-09
