0.99991703
8.731494e-06
0.015109554
0.9999998
0.00018357861
0.99999976
6.493991e-13
0.0002290365
0.0037964787
2.8536113e-05
0.9997112
0.9999935
0.00014133114
0.00022596183
0.0024306804
0.0011441376
2.889578e-07
1.0610587e-11
3.361774e-08
0.009141665
0.013138101
3.0555155e-05
0.7738941
9.500445e-08
1.6575959e-06
1.0497358e-05
0.018409383
0.9999966
1.5935768e-05
8.625805e-05
1.8776209e-05
5.6410585e-08
1.6915606e-05
8.077238e-08
6.5684385e-12
3.7731213e-06
1.965478e-07
5.1790543e-08
1.3282503e-06
0.0048888004
6.653183e-07
6.445425e-05
0.04543308
0.9887989
1.1909559e-09
0.40621644
0.9598962
2.586558e-06
3.056155e-10
6.748012e-08
0.0001362313
1.4784163e-06
6.994347e-07
4.5146776e-06
0.0018514311
5.6157165e-05
4.9317e-08
1.2381364e-06
0.0004873108
6.762133e-07
0.36854795
2.5425086e-07
0.99999994
1.8152776e-05
1.1863449e-06
2.4103738e-05
3.848231e-09
2.0493943e-08
2.0738682e-12
2.2840453e-05
0.9983646
1.2721354e-05
1.1711646e-12
0.00020929537
3.697951e-05
1.6498883e-05
0.9994639
7.4013184e-10
0.0112338355
2.7784209e-08
0.003932199
0.025103917
3.6979545e-05
5.697023e-09
5.012674e-06
2.314122e-05
0.5962804
1.8891548e-11
6.393156e-08
0.7865888
2.5425086e-07
0.009247854
8.875653e-06
3.437673e-06
0.0036511093
1.9060908e-10
0.023117412
0.24057186
9.736605e-05
1.0924542e-11
0.99999154
6.445425e-05
0.95748883
1.4034661e-05
0.992804
8.5242774e-10
0.00017726766
0.9999997
0.51317275
0.09998927
0.9867177
8.625805e-05
0.008351512
0.9999992
3.0630206e-06
0.9975923
0.0005957743
2.1528621e-11
3.9455303e-05
5.865616e-07
0.5962804
8.219429e-05
0.0008663611
4.0099028e-08
1.1755215e-09
0.9598962
1.0232997e-09
0.0027553549
2.952826e-07
0.0003545707
0.003333328
2.8979508e-05
1.827898e-05
0.63926595
0.00012814924
0.89089596
0.0018575487
3.5295775e-09
0.002625506
5.0106603e-09
1.5326976e-10
5.740763e-05
9.035283e-08
8.141445e-05
0.95598817
0.25463623
0.0041958215
2.6103448e-11
1.8024356e-06
3.1532907e-06
0.029079318
3.3895506e-07
3.6806655e-10
2.0058894e-06
3.0555155e-05
0.00018857041
4.0243717e-06
5.2053856e-06
4.8397125e-10
0.0030765252
0.00016432155
1.4193393e-05
3.8818303e-06
0.99976933
4.2277575e-06
5.3996562e-05
4.903702e-07
2.4931418e-07
0.00015407942
8.1171896e-07
2.6385115e-07
3.361774e-08
0.010720639
8.6250935e-07
1.4422212e-05
0.02686958
0.051444147
0.51317275
0.22170638
2.1482033e-06
3.3037857e-05
0.00011935113
0.0092758015
1.6316774e-08
0.0005951109
1.7651143e-07
2.0738682e-12
2.4725707e-06
0.0014610278
0.36854798
0.004026232
0.9967148
1.0088848e-09
1.1017762e-08
1.827898e-05
0.0014637127
0.12794498
0.037716217
0.99979526
1.3554592e-07
2.2935627e-12
0.0020588269
1.3813961e-06
0.02686958
9.784809e-05
7.000223e-11
6.236127e-05
6.210386e-08
0.0009926278
8.613059e-09
0.00012333046
6.0084767e-05
0.65681684
0.99889624
4.5827884e-09
9.01704e-06
0.6371179
1.618041e-08
2.6385115e-07
0.99999756
3.2977698e-12
0.00035408427
4.4232194e-05
0.9780339
2.5184432e-08
2.0735479e-08
1.8024356e-06
2.510616e-08
6.6035755e-06
0.27256712
8.141445e-05
2.1436092e-08
0.9924383
4.825697e-08
1.0005808e-05
3.9199862e-05
1.1689246e-11
2.6935472e-06
6.597092e-06
1.4415309e-07
1.0
9.729041e-07
9.333512e-09
9.886661e-09
9.175462e-13
3.4830316e-06
0.09223141
5.201249e-07
3.0224603e-05
0.90429115
0.2431803
0.99999154
5.0930612e-05
0.49014103
5.4824447e-08
2.8536113e-05
1.3170921e-05
6.214675e-12
0.83992964
0.002576151
0.00131555
1.0497358e-05
0.03438102
0.0018514311
0.00072342146
7.282587e-06
4.9916704e-08
0.0019906757
7.50535e-05
0.9982152
1.547512e-05
0.003940736
5.555765e-06
1.0639786e-08
1.0460207e-06
0.009031254
0.0016260761
0.019196656
0.21216168
1.7121264e-09
0.49824014
6.4214816e-09
1.2721354e-05
8.0099e-05
1.0808646e-06
0.00034022218
3.497873e-08
8.4224485e-09
0.090125404
7.3627865e-07
1.3978093e-05
0.99982643
3.3050795e-09
1.1171122e-06
8.5242774e-10
1.2510226e-06
0.00583431
0.12617493
3.6468645e-10
6.8673245e-07
