0.97302353
0.00033215494
0.3578464
4.00435e-10
5.5996767e-09
2.5373351e-06
6.1334307e-09
0.5628089
1.6849242e-08
0.0015288164
2.1380413e-06
4.4667965e-07
1.1327855e-07
1.7915411e-08
5.0599206e-06
0.99526143
0.9377518
0.00016623063
0.0072555137
2.704158e-12
1.1144765e-08
1.3309587e-05
0.99999964
0.039425183
1.0918288e-06
0.99999917
4.8677504e-07
1.5769683e-05
6.556697e-05
0.08861501
2.1506888e-07
5.16157e-07
0.9998704
2.1738117e-05
1.122706e-11
4.8238565e-08
0.9999087
0.032078914
0.00057938776
1.8211662e-05
1.3600342e-06
4.1999083e-05
1.3136628e-08
0.11225822
1.2241342e-06
0.99999607
0.0045373226
0.9410858
7.203754e-07
0.008602436
1.708079e-05
0.0040196558
2.202848e-07
5.038936e-07
3.9034774e-07
1.0
0.7749453
3.229528e-05
0.00039002657
1.905565e-05
3.8428496e-07
5.2255115e-07
6.2012833e-07
2.4220938e-06
4.534171e-07
0.99996567
3.2669874e-07
3.3542567e-06
0.0030927456
4.355906e-07
1.4844076e-07
2.10961e-09
0.07722936
0.024456555
1.6675565e-09
7.717478e-11
2.8403124e-09
0.000263783
0.00017090586
2.7023443e-06
1.0946442e-07
0.0018804721
0.0010963525
1.1474568e-06
1.7814058e-05
3.9641236e-05
0.00016516431
1.3049473e-08
0.9990036
0.0026428392
1.1474568e-06
1.0
0.0035388898
5.519121e-06
5.168377e-08
1.718825e-08
1.05040456e-11
3.6713795e-05
0.00011530507
1.6037329e-07
4.2511685e-05
3.1439937e-05
1.1735169e-06
1.1857763e-05
9.611773e-08
1.37786155e-05
8.4021194e-05
3.9133075e-09
1.0
1.0
0.0040196558
1.21574435e-11
1.0048227e-05
2.8921331e-06
0.084130496
0.02606727
0.2202544
0.021702724
0.0010238035
5.6820067e-05
0.8510822
1.13748335e-08
0.84293616
1.9737327e-10
2.9983302e-10
0.00058095984
0.9988552
5.991123e-06
1.2027965e-05
0.9029744
5.5790886e-05
7.976756e-07
1.13113965e-05
1.1857763e-05
0.99424267
0.00024086829
0.96318865
6.576449e-08
6.1685864e-06
0.9997856
5.8371144e-05
1.2019714e-09
0.0024563416
2.0763776e-08
0.98983055
9.75645e-07
0.25098825
0.0006403902
1.905565e-05
2.3424313e-05
1.6118902e-06
0.38260162
0.00012198647
1.0640074e-07
1.2389547e-05
0.11256527
3.1430168e-06
3.7677417e-10
0.0001132712
3.185977e-07
6.630791e-07
0.0898881
1.8575698e-10
5.864655e-05
0.04794513
6.1685864e-06
0.035390247
0.3260815
1.6675565e-09
4.416224e-06
0.065733455
1.9171264e-07
7.013559e-05
8.599712e-05
0.16580395
0.7264879
5.378949e-07
4.677675e-05
2.7023443e-06
0.00034872623
0.0003331952
6.4860586e-05
0.022654504
0.0001175337
1.284669e-06
1.2149017e-07
0.0005527628
0.74082416
0.00010415531
0.105127
8.4873744e-07
4.551313e-05
0.21816732
0.96318865
0.0005042619
8.371006e-06
3.7420843e-08
1.718825e-08
0.8283741
1.143321e-05
2.3298046e-09
1.1857763e-05
0.38260162
6.7206594e-07
0.99903744
0.00010985121
1.3244149e-07
3.0160544e-07
3.5938274e-13
3.0463752e-08
0.00034141465
7.4058253e-06
1.1819554e-10
0.004443882
1.0
2.4505862e-09
0.00015259495
0.025382455
5.1827773e-09
0.77612156
5.5037714e-07
1.0746202e-09
0.003801116
9.990669e-10
1.4270599e-10
1.1324891e-08
3.5894566e-06
3.606381e-05
2.7884481e-09
0.00013374687
0.0001911129
4.551313e-05
4.4680433e-05
2.2607237e-08
0.0011279517
0.99796474
0.0006938722
0.005386994
0.00034960653
3.944316e-09
0.05255811
1.143321e-05
2.1380413e-06
6.373472e-06
0.073340856
0.00014681241
0.862011
0.07121376
3.963292e-08
6.30201e-07
0.8812094
2.157858e-05
8.843623e-06
1.04374266e-10
0.00019045382
0.00213333
0.0007660336
0.00012608046
0.06540244
1.0640074e-07
1.6093888e-12
2.7093449e-05
9.277477e-06
1.6163794e-05
0.5539901
9.881194e-07
7.9840165e-06
2.2996067e-09
0.001640176
1.7675181e-07
0.0011898766
6.6986405e-07
5.9811962e-05
2.3589155e-07
0.056849454
1.8211662e-05
0.0022357672
0.9984912
0.00015593418
4.9473052e-05
1.5656133e-06
0.002978351
8.270491e-06
5.6216765e-10
9.382316e-06
1.0879472e-09
0.00388685
8.520433e-08
2.7839857e-08
8.233126e-06
0.99999666
4.8920983e-06
0.0012504786
6.7206594e-07
0.983909
4.911386e-08
1.2809469e-05
0.8715373
0.78282654
7.954566e-06
