6.13966e-07
0.019692259
0.0005285947
0.040787235
8.8251724e-08
2.6681036e-07
7.4623367e-06
5.161351e-05
0.0002243892
4.2384292e-07
3.337821e-08
4.691421e-09
6.5455165e-06
1.1852005e-06
4.9515107e-05
1.308905e-07
2.6682592e-06
0.00832092
0.44065002
3.4744523e-09
0.99999976
1.9541481e-07
8.280116e-08
3.67661e-05
0.0009023207
2.7694298e-07
2.1434316e-05
0.0006050354
0.9307493
2.2025624e-07
1.0
1.0
3.4650097e-12
8.1308565e-07
0.00067938044
1.1138113e-05
1.4747869e-05
0.70167536
1.4043773e-07
4.015603e-05
0.002040641
0.012417627
0.00067178055
1.4985731e-07
5.6703027e-07
0.0008143213
0.0002954764
0.00032281605
5.6134473e-07
1.7990563e-07
4.5288382e-07
1.0494356e-05
0.9999998
3.3911488e-06
1.4055155e-05
7.9051154e-07
0.00020626764
2.1528818e-05
4.212068e-08
4.2139104e-06
2.85009e-10
0.99860907
4.5628133e-07
0.006003724
1.9379067e-06
1.11912e-06
3.2008044e-12
2.100717e-12
0.10613807
1.3002062e-07
3.4359874e-07
1.1138113e-05
0.99816704
9.064425e-06
0.0002869709
3.743184e-07
0.027720625
0.032669608
2.4650624e-06
0.005621849
2.6428621e-05
1.40750735e-05
0.00057726173
3.2998748e-10
2.0844307e-06
9.240685e-05
0.0021396016
0.6074528
7.807999e-08
1.746368e-09
0.87647104
7.0111234e-08
1.3935643e-06
0.07793166
0.7960654
0.0006628686
0.12463254
0.007930622
6.377242e-06
1.6610771e-05
7.896804e-06
4.247254e-07
0.9862396
5.0469646e-09
0.005998675
2.0844307e-06
1.4544214e-07
7.529973e-13
0.02654734
0.014633935
0.00024480632
2.9522627e-07
2.754037e-10
1.4707099e-09
4.7212984e-06
4.778379e-09
9.914269e-09
0.00036368455
0.05444793
7.7679964e-08
0.00072740787
1.5653326e-06
0.00041497443
4.9048896e-07
5.428695e-07
5.3552474e-09
0.0001320785
8.1697124e-07
7.114439e-05
0.9945848
1.5799147e-07
0.0011161302
1.9361964e-06
1.8922581e-09
1.0124746e-05
0.9895477
0.00024873283
0.0020463988
2.0872366e-09
1.3501613e-08
3.4245627e-12
3.7020135e-07
0.00021706683
2.6682592e-06
0.0727003
3.347838e-07
0.00417321
1.1311237e-10
0.00051433535
0.99994093
2.3813702e-06
3.7309954e-07
1.0
0.0015092943
4.583492e-05
0.0015478824
1.6157271e-06
0.0024520634
0.006097146
0.0001281071
0.019426374
1.894816e-08
8.268307e-06
5.335613e-07
0.75754267
3.886791e-07
2.555278e-06
0.31657988
2.5580931e-08
3.6427953e-06
3.9706856e-11
2.4269032e-06
1.0420663e-09
8.225678e-05
0.99999994
7.790587e-10
3.2903474e-05
2.5109129e-08
0.029463641
6.1833285e-09
0.027051652
0.9998567
1.3071145e-08
0.002811998
3.7020135e-07
4.5184033e-06
1.3300603e-05
0.93884206
2.7395665e-05
0.025183348
6.879082e-05
7.207133e-06
2.7560405e-09
1.0790449e-06
1.0072932e-06
1.0124746e-05
1.1054139e-07
0.00035482584
0.03570494
0.014495077
1.2960992e-05
2.9269656e-09
6.9034e-07
9.16441e-07
0.0059438185
7.2190225e-05
0.9982241
0.0004828541
5.0758936e-06
0.00047809829
0.9989911
3.2619417e-05
7.665965e-07
5.062489e-07
0.92291605
1.1097123e-06
2.85009e-10
1.2255805e-08
0.7215205
2.0723341e-08
0.020211907
3.882452e-10
0.9994637
9.456095e-09
2.483583e-07
0.703923
4.929866e-06
9.120763e-07
0.017960288
0.30240208
2.0025367e-10
0.0044369823
7.4444315e-06
0.0001156612
7.9911015e-06
8.707172e-06
0.9747021
0.99860907
1.7585431e-11
2.7694298e-07
2.4913869e-12
0.006003724
1.3298017e-05
0.0044369823
1.0730379e-05
0.0057886075
0.10579459
6.8288387e-06
4.0695586e-06
0.013527948
3.7165577e-05
0.0036842246
2.4633428e-05
1.6106414e-05
0.020253679
1.562943e-06
0.9999998
6.1511615e-11
0.9979055
4.5184033e-06
0.00027289148
0.0020941135
1.1444165e-06
0.9307493
5.530168e-07
0.042429086
0.020211907
0.03570494
0.0026432713
0.024635043
1.5653326e-06
7.896804e-06
1.6671744e-05
9.618904e-07
1.7990563e-07
0.31657988
0.9985029
4.516797e-11
1.5515641e-06
1.0272205e-09
2.739732e-06
1.4741876e-08
0.025827697
5.001206e-05
2.3813702e-06
1.6610771e-05
9.344702e-08
2.6523397e-09
0.0010122475
2.8344686e-05
1.831955e-06
0.0010291983
3.0540281e-10
5.8240057e-06
0.009358304
2.0723341e-08
6.3031734e-06
1.8330662e-10
0.0014289172
0.00017065313
