0.0015315032
0.99994874
3.3821947e-05
0.0029513568
0.01010273
0.64704615
0.99745023
0.0012893418
0.32190323
0.00036933162
0.02028106
0.39403725
3.1532516e-06
7.204621e-05
1.8248901e-09
0.0009907485
0.036392633
5.1206498e-05
1.4928996e-05
2.2874254e-07
1.6351313e-06
0.0005431395
0.9494979
1.00217314e-07
1.3703036e-06
6.5069083e-10
0.000103383
3.6257288e-07
0.000114585164
9.988098e-10
2.3331454e-08
1.020857e-09
0.0019347803
0.012116882
2.6123958e-08
3.6800833e-05
1.10196154e-07
0.0007195155
1.6384624e-06
0.00016913234
5.1940912e-08
3.5753055e-05
0.001091867
2.029809e-06
9.7471675e-05
3.4565624e-06
0.00146325
8.398418e-09
1.6961906e-08
0.008953681
0.99999934
0.00024357051
5.2237956e-06
2.550195e-09
0.7762871
0.99666965
7.190172e-08
1.04129036e-07
2.5662268e-05
0.49894497
1.51355125e-05
0.0032847966
1.9552532e-05
5.626845e-05
0.00058502564
0.00023717759
0.0075119887
0.99999386
6.2975732e-06
4.7631192e-09
0.2321377
0.00044041226
4.133941e-08
3.48995e-07
4.147876e-06
1.0533921e-05
0.9115935
0.99273926
1.6829778e-08
0.042909585
1.2192002e-05
0.11394615
0.00057650957
2.0589583e-05
1.1205811e-05
0.00037253415
0.9998847
1.366845e-06
6.362574e-08
1.0953102e-05
3.3206362e-09
1.0982927e-09
0.3953547
8.606473e-05
0.000284368
8.675369e-06
1.0
0.9249073
0.6602534
0.048053313
5.8612153e-07
0.0029020277
0.7406938
6.2428594e-06
0.00018689799
0.9193842
3.2506325e-06
5.7116467e-05
2.2254331e-05
0.0003560582
3.3329803e-07
7.021775e-06
0.00019447814
5.115836e-06
5.7340253e-06
0.00046224234
0.33364728
0.73534274
0.00018348025
1.4976953e-10
0.00019619761
3.860536e-06
0.02393827
3.9007704e-05
0.00013815209
3.5918058e-06
0.00043985547
6.1139974e-07
0.0054695234
1.8110051e-05
0.00019792738
5.1814815e-05
0.25872347
1.3853533e-05
2.9646112e-06
0.24234599
0.009731591
0.0013355955
0.65423524
9.588683e-08
4.155566e-10
2.3951772e-05
0.9950533
2.453075e-05
7.8124964e-07
0.0031141764
0.00016174957
0.65089935
0.49763823
0.6602534
0.0009310468
2.0444417e-10
2.1459597e-05
0.2331148
0.02679476
5.7116467e-05
0.00023717759
6.828458e-11
1.1394392e-09
1.0982927e-09
2.9761475e-05
3.5918058e-06
0.0029513568
0.0005287253
0.0038217343
0.0052541588
2.7207088e-05
1.9002867e-06
0.00011556748
0.0084994165
3.0404317e-07
7.680527e-07
9.777195e-06
5.1940912e-08
0.9955912
9.921978e-07
6.0117563e-06
0.0001783405
0.0032750864
0.00028854757
0.016454294
2.9053503e-05
0.00010254578
3.2661665e-06
0.00089648477
8.475534e-05
0.9999691
8.403979e-09
2.4281431e-05
0.16230923
0.23333871
0.004651735
4.321587e-08
0.0004970753
6.7760325e-06
1.0801604e-09
0.0045291497
0.9928967
5.9070552e-12
0.99515176
1.8058054e-05
0.00036955898
0.32190323
1.2083139e-08
0.9999691
1.9369478e-08
2.2326645e-08
0.16053012
5.990889e-05
0.99999994
1.6645547e-05
5.3978283e-08
0.00056201365
3.72104e-05
0.4856484
0.00012740832
0.0002749628
1.0
1.0747478e-06
3.9121304e-08
8.973948e-05
3.2763262e-05
3.1532516e-06
5.5857e-10
2.2122715e-05
0.00018551349
0.021069882
0.5347575
0.18427068
6.249433e-05
4.204234e-08
0.40074766
0.00089648477
1.1010404e-09
7.0335304e-06
5.2257306e-08
3.094957e-05
0.00052963773
2.2036643e-06
0.0021036223
2.9092485e-05
1.7601955e-05
4.68652e-05
1.8025937e-06
9.862695e-07
0.20142864
8.283942e-06
0.9852441
3.1215643e-07
2.0939979e-05
0.001149865
0.00014697138
0.0018537069
5.784685e-09
0.8842313
0.0024144978
1.3854773e-10
0.99736494
0.5200985
0.00018849365
3.281035e-05
0.013102957
0.952546
2.2254331e-05
4.5326447e-05
5.949726e-05
0.00016904656
0.65423524
0.99950045
0.9208119
1.6683519e-09
0.0012621165
0.0008241302
0.0008396687
8.642589e-11
0.00016900788
4.8997652e-08
1.019933e-06
0.97030586
0.0031486708
0.06813497
0.00012076808
0.94943255
0.99626577
1.6384624e-06
1.3795186e-07
8.675369e-06
0.0041019837
1.5497541e-06
0.9997072
0.00012076808
2.8757576e-08
3.094957e-05
2.4818104e-05
1.6839465e-07
0.000105650775
3.1215643e-07
2.554562e-09
1.0801604e-09
3.978382e-06
