1.0
0.9999975
0.99998915
1.0
0.9999991
0.9999975
1.0
1.0
0.9999869
0.99999833
0.999991
1.0
0.9999975
0.99998915
1.0
0.9999991
0.9999975
1.0
1.0
0.9999869
0.99999833
0.999991
0.00087815913
0.99565685
0.99968827
2.3137495e-06
9.253289e-08
0.06249413
0.0005172143
2.3491426e-05
1.394006e-05
1.2371025e-06
9.986179e-07
0.99999976
0.3348169
0.44103146
0.10254704
4.545774e-05
2.543045e-06
3.5218397e-07
0.0006663072
1.7397719e-05
1.0874624e-05
5.9555954e-05
1.4636922e-08
1.0268175e-06
0.14483851
0.97825164
2.805904e-06
8.4982485e-06
4.4117807e-10
7.19371e-07
3.6875306e-05
0.40363252
0.00014966933
8.024258e-05
7.719261e-05
0.00029671626
9.3658855e-06
6.1913114e-11
7.308829e-05
0.011146242
2.850614e-05
7.9379596e-13
1.4217225e-12
0.9998087
1.707242e-05
0.0003881011
5.2268417e-05
2.9722037e-06
5.5951114e-06
0.011448196
0.9999997
3.1187828e-09
6.9403406e-08
1.0913046e-11
0.029101681
0.00036492597
0.9609642
0.00057671126
9.509158e-06
4.187478e-06
0.0011721647
2.1687823e-08
2.8859293e-11
0.99887794
1.652991e-05
1.21066e-08
0.003827795
0.99963146
1.1526535e-08
8.185568e-05
0.016243275
0.008002843
0.17316532
4.5215194e-05
0.9940101
4.0746454e-06
0.004889344
0.9730385
0.0012929376
1.0829314e-06
3.6174788e-09
0.0034280103
0.88439137
1.6316047e-06
0.99999994
2.0695156e-06
3.4091053e-07
0.44103146
0.0007440265
0.7855323
2.6011277e-05
0.49662083
0.98277056
6.0110915e-06
1.162653e-05
6.3345755e-09
0.00012252014
1.5583997e-10
1.0099461e-06
2.5642052e-07
0.00018728795
1.8283602e-09
6.1421432e-12
5.155547e-06
1.2045446e-12
0.0020020618
1.0064655e-06
6.358158e-07
0.00049900415
7.748061e-09
0.00023121196
6.954877e-07
2.543045e-06
3.108602e-05
0.22837879
3.4101773e-05
5.953188e-05
4.1750563e-09
0.00032806437
6.561482e-05
0.90974617
0.99999416
0.8436722
1.3096643e-09
3.9776463e-10
9.2449187e-10
2.506593e-11
2.1995149e-05
9.856366e-09
1.4275328e-07
0.013668427
7.830665e-09
0.9837372
1.07270026e-07
0.9999972
0.20280024
8.986176e-05
9.509158e-06
7.2271335e-11
2.4767758e-07
1.6752903e-06
2.8859293e-11
1.9674129e-08
2.0100277e-08
0.001276113
0.000126652
5.13395e-08
0.0032650882
0.00089375384
1.4429531e-05
2.9349438e-05
4.918478e-06
0.9999959
1.5331225e-05
3.124881e-06
3.950746e-09
9.128628e-06
2.2119796e-08
4.545774e-05
2.0968668e-07
0.00018724689
2.5792275e-09
4.4117807e-10
0.008311698
6.948245e-09
0.9999976
0.0032650912
0.2600071
5.9125728e-06
0.17070083
0.13188407
4.9532868e-05
9.036778e-09
7.2271335e-11
2.6908617e-06
5.9407203e-06
4.328618e-06
7.0359793e-06
0.0018515907
1.7504195e-05
0.76659304
1.2782462e-05
6.4703763e-06
2.2094343e-06
1.930275e-05
0.81927955
6.57537e-08
0.0058211237
0.71380323
1.6969152e-05
1.1242687e-06
0.004926067
0.0025153523
0.9803489
0.003599296
3.8546054e-06
2.107765e-08
0.00015908747
0.66312367
3.0369918e-07
1.855108e-07
6.563273e-10
3.9694914e-05
0.049363337
1.761127e-08
1.37556135e-05
0.7959239
0.004368067
5.178039e-05
8.312775e-07
0.92631936
1.3083939e-05
0.0020491106
8.8575504e-08
9.278067e-08
0.99404126
1.424348e-07
0.41572103
0.03532638
6.4138614e-05
8.9039685e-07
9.986179e-07
1.528837e-06
5.8275674e-07
1.2320022e-06
9.986179e-07
0.99887794
5.3537565e-06
3.5218397e-07
1.1362257e-08
3.7151278e-07
5.9470462e-06
5.5225464e-12
2.7473328e-07
6.8285062e-06
0.0002189653
7.1165477e-06
1.810146e-06
0.99820024
2.8988099e-08
2.9411316e-07
6.101507e-09
0.96325356
6.7556746e-12
1.5035987e-12
4.9632366e-08
1.2236156e-07
1.6752903e-06
0.010879669
6.670611e-10
1.1331784e-08
3.0530687e-09
0.028338999
0.9972233
1.3940944e-07
6.707565e-07
0.00022673942
0.99114615
1.5962662e-10
5.8275674e-07
6.705225e-06
0.0001838375
0.0001077144
0.000731934
3.3917613e-12
0.0074473717
1.2381954e-06
3.1426058e-05
1.20687655e-05
5.740333e-07
0.0066715186
0.00023562642
8.2381914e-05
2.8299446e-05
1.4826193e-07
0.00020509606
0.000731934
1.7047424e-07
