0.99999994
1.8283355e-13
0.0017678333
1.2311107e-06
3.7647612e-06
1.3073694e-07
0.99838376
0.07530332
1.5832677e-06
0.5270478
0.40629375
0.00013519656
0.9159169
8.997852e-10
9.551482e-08
7.10305e-10
0.00020829261
1.7654778e-06
6.768637e-08
1.0666251e-06
3.7183995e-07
5.9983335e-10
4.385793e-07
1.3469666e-08
2.2836375e-11
1.4644339e-05
0.0013334678
5.0614172e-08
0.0021816948
3.32474e-06
1.4914113e-08
0.012338617
0.0009238723
4.152928e-05
1.0666251e-06
5.420766e-06
1.5211709e-13
1.4239555e-09
7.030829e-05
5.4292695e-08
2.0206686e-05
9.96321e-10
2.0036657e-12
9.524963e-07
6.9411944e-05
2.2447988e-09
6.869309e-07
5.7901985e-11
1.3564104e-08
0.0006162455
1.13304195e-05
2.0387903e-07
1.07161904e-10
4.152928e-05
0.9890167
0.004131719
1.6459879e-11
0.00019901399
1.2748792e-07
0.961897
0.853597
7.724835e-09
0.00011488494
3.1445303e-05
6.157173e-06
2.2709825e-09
4.6160304e-07
0.2504824
0.0344169
0.999987
6.753627e-06
5.3799242e-05
5.591003e-08
8.1587734e-07
7.709347e-06
2.8175177e-07
0.063151255
3.1180765e-08
0.88195264
9.85851e-07
5.450017e-06
9.96321e-10
4.934749e-07
0.0008576444
2.017551e-09
0.6353385
4.9751222e-08
1.5729976e-09
1.5621033e-08
1.5937252e-06
7.2779703e-06
4.3751934e-05
0.00028555904
0.00092588406
5.9983335e-10
6.138413e-10
5.972567e-10
1.907194e-05
9.560227e-07
8.858966e-09
1.5621033e-08
2.942525e-10
9.70552e-07
0.6576561
3.5898903e-08
1.5806737e-08
2.473435e-10
1.9959673e-07
1.3544528e-06
7.094661e-08
1.8920352e-08
0.9897754
1.9355004e-06
8.0349515e-08
2.3464736e-05
3.5756202e-09
0.9408239
6.4453784e-06
0.99999887
1.0487745e-06
1.0734853e-09
0.012544613
4.0024375e-08
2.5877671e-09
0.0007292677
0.0007529154
0.00016512495
0.0007432721
0.010982487
6.092937e-06
3.1347987e-11
0.106939845
0.011279929
1.4723894e-05
0.00053420535
0.04627747
0.0045637693
9.2320285e-08
7.055478e-05
2.7830087e-08
3.54928e-11
0.0009238723
0.002874606
0.84066063
0.04015705
3.8825746e-08
1.6068193e-06
0.008354412
7.963128e-06
0.99778503
1.1692609e-08
0.9225608
4.745681e-09
2.0436252e-08
0.031215478
0.009191431
1.3896279e-09
1.054711e-05
0.0011494708
4.631362e-07
0.037161633
2.0920522e-06
1.2603452e-06
0.99998486
1.07907816e-07
3.5846879e-06
0.00010592587
8.047405e-08
0.00035727484
1.9959673e-07
0.0007223564
1.9382622e-05
0.0026493224
0.07530332
1.4245938e-07
3.0744875e-08
1.5386097e-12
1.1904672e-05
5.215813e-08
6.248011e-09
1.2193303e-06
5.914449e-09
1.6285252e-07
2.015081e-06
4.504887e-08
1.0683624e-09
2.996001e-08
8.3258955e-09
2.9780033e-08
9.781236e-05
2.188206e-07
0.9159169
0.8678822
0.00054548297
0.14935279
7.514752e-07
1.351606e-05
9.2675606e-08
1.2648831e-05
3.0003797e-09
0.06255299
1.902086e-09
7.487799e-05
2.4430829e-08
2.701548e-07
1.4835546e-06
8.781948e-09
7.766923e-06
1.724681e-07
0.10284743
0.0198609
1.0
4.6014815e-08
0.99602747
0.13945009
1.5937252e-06
1.4736444e-06
3.1593012e-05
4.857138e-09
6.4505557e-06
6.4505557e-06
4.9759645e-09
1.8600641e-08
0.0038432137
4.6858384e-10
0.9844263
5.0320205e-07
0.004373931
5.215813e-08
5.413593e-07
0.010943214
0.9997797
6.572737e-12
0.007165814
5.5773536e-10
0.0004067057
1.9287882e-05
5.2880614e-07
8.4750235e-07
0.99998784
1.8276505e-05
3.2666744e-06
2.8245926e-08
3.6538288e-09
2.1807218e-06
0.13811621
1.0
4.5310847e-07
7.3668474e-08
1.5192421e-10
0.99998957
2.5558407e-07
0.3095433
0.042412437
1.4883932e-08
0.99971336
6.6397206e-08
1.4547357e-08
2.7381222e-12
6.788393e-06
6.6020855e-09
0.000877413
0.009922051
3.7634976e-07
1.07161904e-10
2.770709e-09
3.2159797e-09
0.000120817036
0.0070031225
7.42549e-08
0.00046573198
0.0008465342
0.99997425
2.2149264e-08
0.2549913
2.3885582e-14
1.5314073e-12
0.005592417
2.015081e-06
1.2453681e-05
6.138413e-10
0.16643474
6.869309e-07
2.701548e-07
1.0361436e-05
0.9864552
0.00038244957
1.1509224e-08
0.46461755
2.2198373e-07
3.7328855e-06
3.414728e-07
3.1475065e-05
0.009097512
0.9999998
0.001219515
0.017898794
6.124829e-08
2.3174969e-09
1.0735506e-05
