0.999185
0.9938231
1.0
1.6713227e-10
2.5424983e-08
2.3735845e-05
1.4224382e-06
9.7908504e-15
0.0001628238
0.00037602836
1.2710101e-13
1.8477435e-07
1.8554259e-08
0.00055537483
9.7908504e-15
1.3117235e-10
0.99996734
2.901206e-11
2.496035e-07
0.35740006
2.493216e-09
0.00048782083
5.4419594e-08
5.5059894e-09
0.0118035665
0.0001015139
7.1867464e-05
2.3874323e-11
1.8375196e-07
0.997039
2.6417845e-06
8.568838e-06
5.670151e-12
1.5604317e-13
1.1404937e-07
2.1094904e-08
3.7339295e-11
2.133415e-09
5.799989e-07
9.628852e-09
1.048534e-09
0.00019042478
0.032127667
2.9992376e-07
0.11148309
3.6375694e-10
9.65197e-06
0.018307393
0.9994407
1.0079076e-09
0.079801634
2.0461592e-09
0.99999213
1.3503048e-09
3.2106107e-09
2.0185364e-09
7.0566006e-09
2.7135512e-12
1.1315994e-06
1.6713227e-10
6.740538e-07
0.8334489
1.1287334e-05
0.012129731
3.0540966e-11
0.13603786
1.828117e-08
5.7558744e-08
3.8300085e-11
1.7700091e-05
1.1950789e-13
4.377193e-08
6.707603e-07
4.670126e-10
1.1481148e-10
0.5850664
0.0011946958
0.9889072
3.2235968e-07
3.8300085e-11
2.570764e-10
2.0979172e-09
2.0087427e-05
4.9352855e-07
1.0706215e-11
0.04932109
2.6909873e-07
0.011962468
1.2182877e-06
0.00010417994
1.8532124e-07
8.462286e-09
2.3791501e-06
0.0016942297
3.290311e-09
8.685124e-11
3.4870885e-05
2.8559972e-08
4.6016044e-08
3.9585455e-09
1.8436757e-11
0.0017987962
0.99988073
1.928286e-07
0.0012864904
1.1999623e-13
2.925594e-08
1.9333268e-12
1.1733731e-05
1.0441085e-07
3.924424e-08
3.6633145e-07
2.0103526e-09
1.6619805e-07
4.901841e-07
1.1984694e-08
1.5641486e-08
1.5214997e-08
1.4874402e-07
8.436343e-12
5.3126e-06
4.9358596e-07
8.820206e-07
6.916554e-07
1.088354e-09
2.4007984e-06
1.3560468e-10
1.5830722e-12
4.5254964e-07
1.4509073e-14
3.562246e-08
3.0781143e-07
6.154595e-09
0.99999386
4.155193e-14
3.0698669e-10
0.0010824318
0.9999734
9.818145e-13
2.1978413e-07
5.4880102e-12
4.7678753e-08
5.2116783e-11
6.824561e-08
1.3617072e-14
7.919383e-05
2.246195e-09
1.8039131e-07
1.3503048e-09
4.084857e-13
0.00018793876
3.375187e-13
5.3924564e-12
0.019349687
3.4037054e-08
5.1912093e-07
2.30701e-12
0.0001186278
5.4419594e-08
0.0012644406
8.016694e-06
2.6347143e-06
6.5519096e-08
2.2217604e-05
3.3046868e-10
4.132689e-11
1.0
2.3181023e-05
0.68153757
0.943447
7.869729e-13
1.9918746e-06
0.0019999442
3.6366576e-08
0.00034374
4.263027e-08
0.0003051429
1.8179115e-12
7.310623e-11
7.1993767e-09
6.229355e-08
1.8279487e-09
2.477087e-08
7.7958896e-11
5.388936e-05
0.98949486
2.6559224e-10
0.9614762
3.9107033e-09
0.13603786
7.2998205e-07
4.1402867e-11
0.16508895
1.5232938e-05
2.2681661e-07
7.606497e-05
0.99190795
0.0092568025
5.671871e-08
0.11148309
3.271715e-11
3.1081987e-10
1.3076477e-06
0.00027056842
1.2926847e-08
3.979745e-08
2.9591888e-15
0.9999667
2.908033e-10
0.77964175
4.0886505e-05
8.654354e-05
0.70861
1.40853e-07
3.0698669e-10
8.781771e-11
1.152161e-06
2.2308176e-07
2.2513666e-10
0.00019487966
1.2056652e-05
5.490656e-13
2.8598292e-08
2.764928e-13
2.0900428e-07
0.8713193
3.9347487e-06
7.304414e-06
3.4435516e-08
1.1120496e-08
0.00064232387
2.925594e-08
4.0886505e-05
6.954792e-10
5.6179906e-06
9.694895e-10
1.0823035e-12
1.7571962e-10
3.777837e-14
4.2401607e-11
6.3496235e-09
0.037909787
0.087997444
0.66294026
0.77964175
1.6362586e-08
1.0
7.536743e-07
2.0103563e-09
0.019063802
6.162232e-08
2.860697e-06
6.329723e-08
0.99980253
2.496035e-07
0.022031812
1.0386403e-07
1.1481148e-10
3.2027826e-06
2.899275e-07
4.139207e-10
1.8940433e-07
5.981664e-10
1.3997904e-08
2.7552877e-10
0.00037602853
2.0584125e-08
0.9987845
1.4404565e-06
0.0027999787
1.1897758e-08
0.00025046503
2.1846218e-07
0.04645254
3.141455e-05
1.0321988e-10
3.657861e-08
0.99999803
0.73831457
0.0001015139
5.1690523e-07
0.0001670768
9.207064e-07
0.99995786
1.8774409e-07
9.856872e-05
1.0744609e-06
8.035815e-06
0.24388342
0.018307393
1.3470792e-06
0.00041001145
0.00055921345
0.00079516944
2.3544782e-08
0.2297102
3.7498333e-07
1.016719e-07
1.0302639e-09
2.30701e-12
