1.0
1.5164984e-09
4.726136e-05
0.99982977
3.7307404e-05
0.32295
1.920328e-08
3.7111884e-05
0.99999994
1.4818733e-06
9.235974e-08
6.041794e-07
0.017615508
4.358124e-08
5.2679507e-06
0.9996994
4.1576512e-10
3.378146e-05
9.646955e-06
0.0005946732
0.0055959793
0.9974715
1.8753055e-06
0.00021165718
1.0
0.9999994
0.052391913
0.00051628874
0.8636599
4.281291e-05
0.99949783
0.00074833597
0.0005026323
1.2120779e-07
7.5015777e-07
0.536851
2.0624364e-06
3.7724199e-06
5.7824927e-06
2.5717508e-09
0.01560084
5.8637926e-07
0.9122695
0.0084765665
0.00469087
4.924566e-07
0.0003156872
7.629016e-09
0.0237529
0.00053228816
9.94607e-07
0.9938476
4.1326302e-09
0.0022935127
0.00019778551
8.98777e-05
0.9999555
0.9922912
0.5739153
1.278895e-05
8.326999e-06
1.5628535e-06
0.008176672
2.3381117e-06
7.273304e-08
1.8210367e-10
3.151312e-05
7.4229525e-09
1.3257686e-05
0.63109535
1.3928567e-05
0.0068862094
9.0498026e-05
0.0008467601
6.3599046e-08
0.9999694
0.33552128
1.6563207e-06
0.99942935
4.4785887e-05
7.017263e-07
0.9969871
4.081872e-05
1.0589419e-07
0.45192355
1.4234439e-05
0.00028677096
0.00074565655
0.0084765665
2.743708e-05
3.6196752e-08
7.3080116e-07
0.008102861
1.7844803e-06
1.5091058e-09
6.4815074e-05
1.2904705e-11
8.748698e-06
0.004189602
1.3916569e-07
3.0697856e-07
2.1649653e-10
0.0005899677
0.9996273
3.752492e-05
9.947071e-10
0.8294815
4.0049475e-09
2.199784e-06
0.0054619475
0.66213906
4.8026243e-11
3.6397284e-07
4.246448e-07
2.8365646e-10
0.0016106656
5.8170593e-09
0.0011806205
4.37939e-07
0.00013149893
0.00025600524
2.7603928e-08
3.731814e-07
1.7310647e-07
1.5652879e-09
0.023239208
6.219407e-08
3.095562e-05
0.02353953
0.07693288
0.9927997
1.6523118e-06
1.6618896e-08
2.0469663e-06
2.1201966e-05
1.4450823e-06
0.0057305563
9.070945e-05
0.005514177
0.99996096
0.0033365756
1.5263446e-05
1.8650117e-09
2.58792e-05
0.008035643
1.580811e-05
0.00015885585
6.547931e-10
1.3860211e-11
2.690058e-08
2.0347882e-08
0.00024529602
0.99999994
9.947071e-10
0.99999994
0.9582191
5.3467073e-08
3.1211166e-05
7.7454547e-07
8.910146e-08
0.9986514
0.11312152
0.99996966
8.681606e-05
2.5578013e-06
3.7485002e-05
1.2120779e-07
4.891172e-05
0.01638112
1.2260422e-10
0.4807201
0.0009862544
0.00018804416
0.99903244
3.2937774e-06
1.580811e-05
0.9999891
0.22806692
5.269892e-08
0.029655626
3.6055284e-05
1.1972528e-05
0.020791054
0.0002080578
8.910146e-08
0.99295616
3.278112e-06
0.15764478
0.01765116
6.1366393e-07
5.3621974e-05
6.8323624e-07
1.697922e-05
0.020009022
1.6512689e-06
0.5282735
0.10850859
3.0085244e-05
3.183684e-05
0.0029762308
4.891172e-05
0.99032843
6.812293e-05
1.0824568e-07
0.0014116263
0.9585266
0.0032547072
2.1649653e-10
1.7750735e-05
4.249454e-05
2.8461142e-07
1.7708893e-11
0.05023024
1.6180215e-06
3.253088e-05
8.3550276e-08
1.6489541e-06
4.5950835e-10
7.385851e-06
0.0022038901
4.1688757e-08
0.99681306
0.009813037
0.20446686
0.0002997269
0.019634712
1.3860211e-11
0.00030982913
3.2518678e-08
8.3578624e-07
0.23462293
0.09241874
4.3086675e-05
0.55366004
2.9599896e-08
0.12844366
2.9996866e-07
7.4229525e-09
0.0031404153
1.0756994e-06
0.00021437346
0.0010020602
0.0005899677
1.624088e-09
1.1705795e-06
5.088635e-09
7.0811275e-06
0.8047148
5.5975715e-06
8.620154e-06
1.0048806e-09
0.99600303
0.00019840049
0.23527406
5.9096234e-05
0.99998385
0.27373692
3.5776415e-05
0.052391913
2.5117233e-06
1.35312785e-05
1.1540741e-05
1.00445225e-11
0.63517976
0.4997426
8.965053e-06
2.6083038e-05
0.14318806
0.029655626
0.20796306
0.999999
0.06752095
2.3187248e-10
1.6003274e-07
8.857261e-07
0.9498351
0.14634563
6.617705e-13
5.6317187e-11
1.1490705e-09
0.9999694
0.0026957006
0.9875514
8.6132866e-05
0.0021196697
1.0
0.24389485
3.8629634e-07
6.165677e-07
0.0014571679
0.026617335
0.9998053
3.7923928e-06
2.1649653e-10
1.35312785e-05
2.5412013e-05
0.23484786
1.549033e-06
6.886163e-11
0.9402553
