0.36833718
4.7860955e-05
0.033827286
1.3199364e-05
0.9999039
0.00019704331
8.517885e-05
0.05416821
0.99669397
0.000100358426
2.4688102e-06
2.073356e-06
1.0581883e-06
0.32014295
0.0033411742
0.0010717665
1.1053671e-05
1.0
3.4079603e-05
0.0045084874
2.2256285e-05
0.00023816424
2.6076548e-05
6.537452e-09
5.300907e-05
1.3685171e-06
0.9993203
0.0011686316
0.99911946
7.983181e-05
0.14035444
1.7497799e-08
4.8656843e-06
0.9780164
0.716207
0.9070031
0.07801479
1.190744e-10
4.9660757e-05
0.004418133
1.865298e-07
5.6791247e-05
4.1386986e-07
4.7006193e-05
6.6963287e-07
4.1280135e-09
1.0
0.00014814186
1.812042e-10
1.4789952e-05
9.357281e-05
5.2685607e-07
0.0010417397
0.00019801043
0.33357298
0.9999625
4.181369e-06
1.3721709e-07
6.1072424e-06
0.000905384
0.24749395
2.9862933e-06
1.3210143e-06
5.572224e-05
0.8687524
0.99999845
1.07900824e-07
0.999998
1.1979904e-06
8.064152e-07
6.481694e-07
0.99953544
0.0010417397
0.006856861
0.98718846
1.8215289e-07
1.169075e-05
2.7442226e-09
0.13843602
1.9652283e-05
5.946751e-06
3.6801288e-05
1.0246585e-05
0.99822986
2.0089944e-06
0.102085344
0.00018616008
1.03264265e-05
0.0027122032
1.04664305e-05
0.9987163
2.742416e-05
0.000104373845
0.24923429
5.5241456e-09
3.997463e-08
0.9999997
1.8789454e-07
0.0001896883
0.006765094
0.102085344
8.095561e-08
0.00041843313
9.675185e-06
0.00055749627
0.05416821
0.011992087
8.5031837e-10
3.4450084e-05
4.7006193e-05
3.2364837e-06
3.4883124e-05
0.00010614589
0.00015185351
0.0011055656
6.537452e-09
8.392481e-08
7.454129e-06
1.6759786e-05
0.00013207622
1.6129143e-11
3.9904917e-05
0.27300888
0.9659285
0.08891377
0.16188006
0.00017938354
2.5553415e-09
7.953595e-06
7.193531e-07
0.015604297
0.34617966
0.99999934
0.036155794
0.00094015617
0.0001603156
0.0010067376
0.9999998
0.08579036
1.2922172e-06
2.8656615e-07
1.8389091e-08
1.6486446e-09
0.9893025
0.0058135567
0.062661014
9.667544e-07
0.00036569074
1.2121825e-06
9.470632e-05
4.1451173e-07
0.00013207611
0.0264759
1.6703002e-06
5.1642385e-08
3.798137e-06
0.6130527
0.23435162
2.0729831e-07
2.076663e-08
0.9991261
1.1695502e-09
2.815363e-05
1.6267774e-11
0.30882338
4.8344817e-05
0.0021812588
2.0164816e-09
0.09952554
0.31741977
0.011673579
5.6362164e-09
5.0387143e-08
0.00022250395
0.00019830102
0.023265393
0.99898696
7.1680684e-06
0.24149515
0.006765094
1.2583727e-07
0.00015276339
9.639281e-05
2.6996886e-05
0.0068962118
1.2161769e-07
1.1053671e-05
1.8597575e-05
6.0556486e-06
1.1063462e-07
0.7308826
1.4789952e-05
6.307252e-14
0.061247338
0.9997115
1.6707274e-09
0.0051737973
0.0023555278
2.380774e-08
2.8776617e-06
2.6076548e-05
4.370185e-05
3.7970178e-06
2.7706008e-05
0.007866168
2.8992854e-08
0.00015185351
5.650748e-09
0.98856294
1.5113582e-07
0.020642847
3.4125463e-08
1.9020026e-09
9.025496e-06
0.21426982
0.9939178
6.851297e-05
0.0030181676
0.9994811
3.6801288e-05
1.1377333e-07
5.860991e-06
1.5087361e-06
1.3214263e-06
6.05566e-06
9.639281e-05
9.626304e-08
1.1053671e-05
0.002349937
7.1526762e-09
0.00015250433
1.3011309e-10
0.6411673
8.939022e-06
8.9860216e-05
2.815363e-05
0.8687524
0.00059384113
3.915665e-06
0.0019862414
0.00063523726
5.302517e-06
1.2340328e-05
0.24749395
5.988364e-06
0.00032439566
0.0036268823
7.545084e-09
2.6326975e-07
0.004418133
4.691179e-05
6.537452e-09
6.3855333e-07
9.445469e-05
8.022391e-09
8.502075e-06
0.9661409
8.562381e-07
4.425588e-09
3.9695326e-12
6.724809e-06
2.8847477e-10
9.2779956e-08
1.6925773e-05
0.9998446
2.454244e-09
0.9857244
0.99662983
2.1810294e-05
1.1304022e-06
0.5413192
0.00037903863
1.5312878e-08
5.892056e-07
0.5196694
0.11565048
0.9999999
5.95531e-06
8.022391e-09
0.009595584
6.844545e-07
0.9461254
0.07670392
3.9891565e-06
2.4749537e-05
7.102558e-11
9.118215e-06
4.8344817e-05
6.1431367e-09
0.4520535
3.915665e-06
2.3735918e-12
1.5315134e-06
1.0
5.2155774e-06
3.2712665e-06
7.4680247e-06
5.1630896e-06
0.07010884
0.0005849085
