0.9952167
0.9999972
0.9985183
7.0747694e-07
0.0014705347
2.2568469e-07
1.4392363e-08
2.2914975e-07
1.6084405e-05
5.334167e-05
0.9985601
0.0002525539
1.9760311e-07
0.24670656
7.47571e-07
2.6921983e-08
9.267578e-08
0.9996214
0.01257459
5.132157e-06
0.8645324
0.0470415
7.987292e-05
0.0021077802
6.568101e-08
0.03268208
0.162396
0.0012134232
2.5610876e-05
1.1161678e-08
1.5144057e-06
2.5571916e-11
0.009183006
0.99662316
1.7536647e-09
0.0012932405
1.5054519e-06
0.9997061
9.0707324e-08
0.013845876
2.8743905e-05
2.5880767e-10
0.77834237
1.2755584e-10
1.4807728e-06
4.7576333e-07
1.4625138e-09
0.9997061
2.4345795e-08
0.99989396
6.571258e-07
5.8470756e-05
3.4909053e-07
0.9051905
8.99962e-10
9.568778e-06
1.8400536e-07
0.00085175794
1.7518339e-06
0.00015069194
1.5107245e-06
0.0020806014
6.829627e-05
2.1101841e-06
1.6084405e-05
3.9447026e-05
0.08713919
5.5294468e-06
5.388254e-06
0.0009056475
1.3306544e-12
7.3151034e-07
1.6701348e-09
0.00057993503
2.9248975e-11
0.0043509956
7.4791345e-08
0.00012186765
0.00013650126
5.805529e-10
0.0069259997
0.0007357975
2.9951893e-06
0.0011610249
8.586373e-07
0.00010996996
6.459221e-05
1.4459782e-07
0.03156409
1.0
9.187617e-09
2.7738287e-09
0.09383172
3.4009277e-05
1.6095247e-06
3.1736972e-06
6.1285896e-09
6.1880854e-08
8.952656e-06
3.9246897e-06
0.056534756
9.329652e-05
0.9784578
6.515939e-05
8.561984e-06
1.1600144e-10
0.0032106936
4.80865e-05
0.00021915957
0.0012979222
1.6758923e-08
2.4668314e-05
1.8127674e-05
4.525216e-07
6.833158e-06
8.8324085e-13
0.31644863
1.3492905e-09
0.20047809
0.0547218
0.00049213687
7.2166406e-10
3.4009277e-05
1.1092637e-06
2.6931132e-06
1.9760311e-07
7.987292e-05
6.5074914e-07
8.61814e-08
0.03268208
6.229949e-08
0.0052000475
0.16405927
0.008396199
1.630928e-11
0.0017143119
3.340426e-08
2.2068675e-12
3.7752739e-06
3.3531335e-09
9.3497976e-05
3.4422644e-08
0.9999719
0.9999947
0.806514
1.6115244e-07
2.3598326e-05
1.5762525e-05
0.0011803259
7.877223e-09
1.8777454e-11
0.745815
0.9981145
2.7194998e-08
1.2345497e-06
0.0016314945
0.5985267
0.0012932405
9.2002034e-10
0.0005235104
0.9887425
1.8127674e-05
0.99999374
0.0060618273
2.3053185e-06
1.4375786e-06
0.9964427
1.2723419e-07
0.0002807763
9.568778e-06
1.3386804e-09
2.039809e-05
2.9751021e-08
0.0012438359
0.00011863425
8.371839e-07
5.2754062e-06
1.7620214e-07
2.376152e-07
7.3151034e-07
2.726051e-05
8.7331353e-10
5.513209e-09
0.09926235
2.1107145e-07
0.004858307
8.571678e-09
0.0024472997
6.1424796e-13
0.66361415
0.02239061
5.7725534e-05
0.90171
0.0008906
3.8124472e-09
9.716258e-10
1.5303219e-06
0.055882234
2.6181473e-08
2.1802728e-06
8.99962e-10
0.0001725574
0.00084163604
0.99662316
0.6760933
5.5068917e-06
7.499802e-09
2.3785999e-08
5.077933e-08
0.95324147
0.9708423
3.668859e-08
1.2345497e-06
1.5207662e-07
0.0038156067
1.2147899e-05
6.034215e-06
4.873514e-06
1.8968777e-07
0.03502244
0.8995057
0.5422102
2.0791871e-05
0.0026405838
0.00011969282
0.102280535
5.7242223e-12
3.4373616e-06
0.08995548
7.046146e-07
0.019497262
2.2536545e-08
6.0888474e-06
0.7173256
1.3231149e-06
1.0256831e-10
3.9699777e-09
0.003800125
3.8735467e-05
0.0010208475
8.6141773e-07
1.3386804e-09
0.0003415644
2.4211931e-06
1.5408469e-06
0.019750122
6.9309344e-06
6.715771e-08
8.383066e-10
6.299862e-09
2.0494763e-06
2.6563732e-10
5.0227045e-05
2.6203963e-06
0.77834237
0.15220425
2.8348911e-06
9.39203e-06
6.020679e-08
5.0227045e-05
0.5985267
2.5610876e-05
7.4301616e-13
2.5308863e-08
0.00012886107
3.865362e-06
0.9998256
1.2869839e-07
0.002344846
0.0024796075
7.3730857e-09
0.28087544
0.9699265
4.6133547e-07
1.1464304e-09
0.20047809
0.162396
3.3952617e-06
0.9998579
1.6084405e-05
1.0662218e-07
1.1848536e-10
0.00016312682
0.11232077
8.882198e-06
4.873514e-06
1.03656234e-07
3.4099885e-05
0.004234562
2.0497755e-06
7.0662676e-10
0.00020153883
3.911149e-06
0.5422102
1.980129e-09
1.1091986e-07
0.95437384
4.7381783e-11
6.6207737e-09
0.0007362373
