0.99993247
1.0
1.0
0.9999519
5.2837515e-07
1.638311e-05
3.724607e-06
5.0880548e-08
1.8107007e-11
2.3583526e-08
1.023874e-05
0.3060146
2.1552985e-11
9.8461154e-05
0.00071799074
4.955733e-09
0.00011253985
1.056043e-06
0.00440465
3.2370092e-12
1.4527622e-07
0.00071596826
9.062014e-07
2.2913364e-05
9.599306e-06
2.8740864e-05
0.9999322
2.3927619e-06
1.5278738e-05
2.8571964e-07
0.00010636769
0.00010713716
0.00027675438
0.008973582
0.99999565
0.9645178
6.593065e-12
9.671076e-07
7.474692e-10
1.8695437e-07
1.3052421e-05
0.049231667
1.62995e-06
3.8585185e-06
0.9803114
0.009648157
1.9021564e-07
7.3627723e-07
3.2433196e-08
6.601392e-13
0.00031634912
7.829829e-09
1.5390528e-12
0.0014546543
0.00011248428
0.0004888363
9.9557354e-08
0.00034335794
0.9999999
1.6086384e-05
0.00011486292
1.6086384e-05
1.8432675e-05
5.3545123e-06
2.1145821e-08
0.00037736224
0.0029314067
2.2934857e-06
0.00276331
0.00016923976
2.4785247e-06
2.8760027e-05
5.268922e-07
1.6096315e-08
6.8471174e-08
0.00023665985
5.9636304e-06
0.9617052
3.9212748e-07
5.9636304e-06
0.001285333
0.00012680909
5.751358e-14
0.00028875505
5.181028e-09
4.215642e-05
0.0001662376
0.00041334308
1.1313782e-06
4.931794e-06
3.9306058e-05
4.89313e-10
0.0398049
0.0004888363
0.0014165909
0.0022748995
0.000603567
0.006893789
0.24716152
5.527297e-09
1.890527e-05
0.0024001673
8.22223e-07
7.090511e-05
2.3990108e-09
0.00077490497
4.481226e-08
7.548185e-11
0.0021100952
2.2616899e-08
5.4548667e-07
0.00040152294
2.6740578e-05
0.00016711885
0.01574248
1.0
0.0017894419
3.3330208e-10
4.541434e-06
3.8614642e-05
3.0677626e-08
1.5872469e-06
0.9942523
3.583863e-08
0.00021401035
1.5692363e-05
1.444323e-09
1.2599818e-13
0.055365942
0.9999925
5.7017214e-08
0.0004817705
8.40764e-06
4.8653765e-05
0.00010082432
3.677137e-06
4.552262e-09
6.375989e-06
4.8520424e-06
1.2162144e-06
3.6354973e-05
7.578463e-05
1.2174093e-09
0.99986684
0.0007002202
2.0222607e-05
3.4078317e-11
2.5928127e-08
7.065567e-10
2.6934396e-05
1.7273788e-06
0.00012841518
0.002063473
1.2688537e-06
4.4224466e-10
1.4070618e-05
0.00013749301
0.0027074637
0.14553513
0.9999978
3.4573194e-08
0.03517681
0.00023548739
6.790231e-07
0.011695285
4.8520424e-06
0.0015879703
7.60686e-05
2.8129963e-07
0.8540549
1.0530802e-08
0.6074392
3.8123005e-06
7.865696e-06
5.771688e-10
4.9091483e-07
0.17052405
0.00016927658
3.31331e-09
6.847131e-08
2.2698591e-06
3.908303e-05
2.605594e-05
2.7658217e-07
0.0011237721
2.2901804e-11
7.8042603e-07
0.17446771
1.4241246e-08
3.034744e-06
7.202741e-13
9.065022e-06
1.824361e-07
6.801262e-08
0.6074392
2.880525e-10
7.6977166e-08
9.589223e-10
2.1145821e-08
0.07904162
3.549038e-10
2.1813254e-10
1.3487218e-05
7.971952e-05
0.99494827
2.0027113e-07
2.712595e-06
1.3833486e-06
5.4919485e-05
0.00012923045
0.9983463
0.0035714286
1.0026654e-09
6.753001e-05
0.28067407
0.0001466459
0.0010229154
2.3825423e-06
1.8695437e-07
4.0347877e-05
0.000988659
0.04807683
0.0017713171
0.007011981
3.984592e-11
2.5467257e-08
3.7624437e-09
8.322124e-06
0.99965125
0.9860857
0.041700818
7.6451585e-08
8.02683e-09
3.9306058e-05
1.8352811e-06
0.007011981
0.00010713716
3.1457987e-09
6.605674e-13
8.6910906e-05
0.052912265
1.1522203e-06
5.006134e-06
0.019413946
2.7658217e-07
1.0026654e-09
2.8261486e-09
4.70304e-06
1.8562969e-05
0.99965125
0.99904996
0.27069318
4.647436e-07
0.00047345113
1.2174093e-09
0.0006022574
1.6909768e-05
0.0009787355
0.99947673
3.945007e-07
0.016004423
0.00019285023
2.2085728e-06
7.065567e-10
0.00039750783
1.0166235e-06
0.005253055
3.6231134e-09
0.0022748995
4.6085315e-05
0.0001466459
0.93496114
2.8823453e-05
2.1585929e-05
0.9984708
1.6208533e-10
1.3887092e-05
0.007011981
5.136957e-08
0.9019892
3.993517e-11
0.6430017
7.545657e-06
7.016666e-11
3.0032472e-05
2.7230436e-09
9.305886e-06
0.01893832
2.0791475e-05
5.345086e-07
4.5586987e-07
1.4498666e-05
1.3073007e-07
4.9207816e-08
7.5449844e-07
0.00028875505
0.004097899
8.251898e-06
0.13964462
1.4850986e-07
