1.0
1.0165702e-06
1.0
0.99999774
0.00068038574
2.6248877e-05
0.07346214
6.756196e-05
2.1322207e-05
1.0
0.01626312
2.5945104e-05
0.4177316
1.9784686e-05
1.0
1.0
0.90629596
1.0
1.0
0.9748475
1.0
1.0
1.0
1.0
1.0
1.0
1.0
1.0
1.0
1.0
1.0
1.0
1.0
1.0
1.0
1.0
1.0
1.0
0.99998754
1.0
1.0
1.0
1.0
1.0
1.0
1.0
2.7615451e-05
7.04501e-07
7.253755e-07
0.99999994
0.9681711
4.361001e-05
1.2150362e-07
6.8855556e-06
0.9998122
0.00050766027
8.49444e-06
2.4120858e-10
1.5897049e-08
5.4985167e-06
4.3355666e-11
7.808974e-06
1.8686608e-06
0.0003040652
4.672616e-12
0.15400808
0.00016655253
0.0054298216
2.7533682e-07
0.99999774
0.00015581735
0.0006104015
6.635593e-08
8.3780415e-06
0.66367537
0.9670345
4.6636535e-05
2.1424398e-06
3.9926547e-08
1.7210526e-08
2.5833842e-08
0.9999943
0.16630828
0.00044218835
0.007639491
0.91004795
0.0050202017
8.6340336e-08
0.014424175
0.0015792255
4.6396818e-07
2.451064e-08
0.8555206
2.0681305e-06
1.9743558e-12
0.99999905
0.00010435414
2.3516075e-06
1.5062142e-07
0.012189481
0.002679205
1.365228e-07
0.9975045
1.993932e-09
0.25492722
2.4347422e-05
1.7384281e-06
0.06290232
5.0956487e-06
0.045879204
8.101506e-07
0.7874628
0.00013526967
4.7500732e-09
0.91004795
0.014237469
0.00016975938
0.0043253736
0.99999994
3.3302026e-08
5.1684092e-05
7.82031e-08
3.800517e-06
0.9982341
1.4192727e-07
0.0017085456
0.9975045
0.0002357244
0.10454359
2.199803e-06
0.98045766
0.007639491
6.26074e-06
1.719703e-09
1.5974344e-08
1.5446782e-09
0.0044964566
7.7658484e-08
7.693911e-09
0.52162176
0.10788341
4.4052198e-05
8.952585e-11
7.0299425e-06
5.322669e-07
8.12973e-11
1.3061197e-06
0.0024457916
0.503049
0.001199709
2.7615479e-05
0.5732584
1.0908426e-07
0.0001179931
4.845831e-05
1.23e-07
3.9562005e-05
7.76573e-08
1.0
8.450948e-07
0.1704697
2.5225873e-08
8.450948e-07
6.034887e-09
0.0008999698
0.0008530924
7.958618e-06
4.1425423e-09
0.0030721114
1.3987241e-05
0.02318487
0.000696164
1.3255116e-07
1.9468081e-07
6.0167984e-08
1.992634e-05
2.4914452e-06
2.9074713e-11
0.9993608
0.001697054
0.9999999
2.3125173e-08
8.7590923e-10
0.25544125
0.30262363
8.278252e-08
1.1327549e-08
0.000111739144
2.8003512e-08
3.1404414e-07
0.21568762
2.6853977e-12
2.4543737e-05
0.0006911215
6.775974e-08
7.891798e-07
1.3789921e-05
2.4048333e-05
0.00017563836
5.3854437e-06
0.00018826411
0.99999684
4.80025e-08
8.599774e-10
2.0681305e-06
9.995569e-10
1.00221755e-10
0.12065922
2.478026e-06
1.5842797e-06
2.1851836e-08
1.7386416e-08
9.899617e-06
0.99997085
9.60139e-07
0.9999979
5.0614262e-06
0.038875826
2.2773403e-10
1.2177593e-05
0.00021136476
3.1429647e-11
6.6431784e-07
1.3512941e-05
0.01680078
0.0030721114
1.3936085e-05
4.7500732e-09
0.00025219683
1.4760213e-06
1.8062518e-10
2.7533682e-07
0.007863244
9.410981e-05
0.0002694247
0.00010627077
1.2391595e-12
1.7516785e-06
2.9621497e-06
9.1009e-06
3.4502522e-05
6.517161e-08
0.5643572
0.99981236
2.9621497e-06
0.0011979367
0.0015569779
6.315966e-11
2.0190679e-05
0.993243
3.4362102e-07
7.04501e-07
0.003300279
3.4786854e-07
0.9999444
0.0023403028
6.4025684e-05
2.2384769e-07
5.1489526e-05
0.01484451
4.013803e-09
9.123668e-09
0.00026929192
6.3725483e-06
1.1754524e-06
8.3780415e-06
0.95162183
0.80815005
0.019490901
1.1507631e-06
0.24508226
0.0037938538
1.606715e-07
7.642547e-07
0.90946096
3.8063966e-08
0.0006103497
0.0150840795
0.95066065
0.99414134
2.5346086e-05
0.0020853966
1.2990517e-08
4.7572567e-07
8.598634e-08
0.012158356
0.038875826
1.8744764e-07
0.97731125
8.49444e-06
0.96401113
5.4331334e-08
0.061716333
0.8240571
1.76244e-09
0.0023424926
0.95162183
7.9604964e-05
2.9514977e-09
4.25967e-05
