1.0
0.15766852
0.005980063
0.0026583944
7.30925e-09
6.01096e-12
0.0023015477
0.012926374
0.047113653
1.6204923e-06
8.851829e-11
2.691033e-08
3.5463363e-06
1.5565554e-05
0.41503114
3.3966106e-05
2.0097752e-07
0.5997831
0.0007912159
7.23641e-06
0.73988265
0.099398606
6.3687844e-07
1.0231109e-06
0.0005061262
1.1880953e-06
0.00021430929
0.0015580012
0.00033585692
7.698327e-06
2.5871896e-09
2.541806e-06
0.0053870426
0.00450648
0.0072830003
4.5761655e-07
2.1402451e-05
8.225052e-09
2.2122356e-05
0.006322061
0.98994106
4.896811e-09
0.0034411259
2.2541968e-07
6.126231e-08
0.028314298
7.515276e-05
0.0012736032
0.6776157
1.4216175e-07
2.5552708e-11
0.0003276883
4.4355154e-05
6.2277184e-05
5.2783133e-05
0.00057219143
8.1405364e-05
0.40912944
8.331494e-05
5.6450084e-08
0.9999998
6.783439e-05
0.45141736
0.99294853
0.0020006238
0.0004896202
0.99243814
0.00018510091
8.1405364e-05
0.9999907
0.0021093516
0.9749049
7.817445e-07
0.9893172
0.9952407
0.20095861
9.1552994e-07
0.99972856
2.7973892e-05
1.6086254e-07
0.01367761
1.1815728e-09
0.012529684
1.3635666e-06
0.0034630417
1.0106254e-05
0.00028765431
7.7196884e-05
5.7703244e-05
2.612576e-07
0.00016220674
1.6289076e-05
0.00039673233
0.00054915244
0.001345032
1.3716049e-10
2.623805e-09
6.381418e-10
5.1150223e-10
8.747263e-12
0.0013439558
2.429712e-09
9.808454e-06
5.067039e-08
8.290225e-09
1.1146236e-07
2.500581e-06
8.0355186e-08
0.0034411259
3.9032187e-05
0.16554846
0.9996018
1.7838883e-06
2.0277473e-07
2.3642848e-07
0.001059276
5.332996e-06
7.213703e-05
3.9549853e-08
6.573138e-07
0.052491665
0.0029677856
1.393668e-06
0.00015542102
3.4590257e-06
8.759566e-07
0.9950109
2.7001338e-06
4.000243e-06
2.082845e-06
0.031664483
4.1481876e-09
4.320541e-07
6.082661e-06
0.910271
2.9907831e-05
2.6831387e-05
2.6814882e-06
0.00017658056
0.99999994
3.519317e-05
0.0034673458
0.00018437326
1.3846788e-07
3.1733706e-12
0.071882695
0.05324094
2.3135893e-08
1.0
2.1479278e-07
2.9907831e-05
0.38883242
0.88100976
4.89167e-07
0.0072830003
0.99642944
0.00013995174
0.0054470194
0.00016701038
0.0024976246
0.00012043733
3.8409407e-06
3.772635e-12
1.3822485e-07
0.999455
0.77057594
0.00029405413
4.7526132e-07
0.9998196
7.0500037e-06
3.3387316e-08
0.0009413016
4.2754212e-07
3.6853811e-09
7.41619e-07
0.99999917
0.00073452527
0.23206866
0.101919934
0.0072830003
0.00011732039
3.3972716e-05
2.0191844e-06
2.3512492e-05
1.1421321e-05
0.0023678017
4.4457727e-07
0.00029537754
0.705301
0.0033632782
0.0003276883
5.9718495e-05
0.0026583944
0.017236572
1.9004484e-07
1.7442573e-05
0.0009236786
4.8850035e-07
4.7420017e-06
0.00018991235
1.6395863e-05
0.9999993
3.7565924e-09
4.0292996e-08
2.3296939e-06
3.9042622e-10
0.0029677856
0.93446696
1.7456716e-06
0.00049156416
0.0074091973
9.390542e-05
3.8142173e-07
5.1650244e-09
0.0020139846
9.390542e-05
4.0650633e-08
0.020010337
0.99982244
0.00039673233
0.101919934
3.3972716e-05
0.15766852
1.748839e-08
0.0012202883
0.00040021507
2.834507e-06
5.572607e-05
0.071882695
0.0001475174
0.9941675
6.413565e-08
9.538239e-06
0.99725246
0.033243615
0.97578484
5.331379e-09
0.0067889285
7.769679e-06
6.2467066e-06
1.04836255e-08
2.6805046e-05
0.00033585692
0.00044662392
4.5307476e-07
0.00023794906
9.927932e-07
6.343755e-07
1.3716049e-10
5.396645e-07
0.99294853
2.5552708e-11
0.0052104923
2.7803562e-06
0.008411315
1.0311018e-08
3.5035064e-06
4.3641634e-08
1.856258e-05
0.95136344
0.9996018
2.6403027e-08
6.2964323e-06
3.8277693e-07
0.00045982
0.0012929726
0.6396622
0.99997455
2.2122356e-05
1.9612105e-05
4.585694e-07
5.227286e-07
0.7377291
0.12612328
6.708896e-08
1.0
0.00011914316
0.0024976246
0.0489569
1.3678782e-08
0.00025698953
2.9191762e-07
0.060604177
9.560897e-10
2.537323e-09
0.16554846
1.6321153e-09
7.907407e-07
4.1064417e-05
7.9190837e-10
0.05324094
9.831105e-05
4.896811e-09
0.0014041407
7.321189e-05
0.0062394673
0.51088375
3.9862478e-08
1.9952992e-07
0.99998087
