0.2133845
1.5392226e-05
0.0034220258
1.8140428e-08
1.574012e-09
1.5716644e-07
0.00086115004
8.631827e-08
4.869635e-06
0.8578536
1.1318456e-06
6.379824e-10
3.8644034e-06
1.2784416e-11
0.01072424
0.66588074
0.00058931665
0.00039261606
2.5008697e-09
4.3064247e-06
0.00018595853
4.5262394e-05
1.7378243e-10
3.9171753e-13
2.957725e-09
5.06189e-12
0.0006393254
0.0001016786
0.010499995
9.230432e-07
2.4379635e-06
0.0029279524
0.9213732
9.866923e-08
8.493855e-08
7.59503e-08
0.005027851
1.702537e-08
1.1101929e-06
8.756661e-06
0.99999374
0.0582567
6.23071e-08
8.81855e-06
0.7242142
3.991094e-08
7.57477e-05
5.0046554e-05
1.0109618e-06
0.001394731
4.1310717e-08
9.448826e-06
1.762966e-07
9.438494e-08
0.9999991
0.046546258
3.9171753e-13
2.9946182e-08
2.838833e-07
2.132114e-06
3.204858e-05
4.706208e-05
1.9397952e-05
1.5660149e-06
0.0011416554
2.7086443e-08
7.5052135e-08
3.178757e-07
0.66588074
0.00036281534
5.64475e-07
0.00067346264
0.009450085
1.3968738e-05
0.0001793042
3.8625135e-08
3.5805122e-05
0.21015166
0.012051065
3.835012e-05
8.512132e-12
2.1625852e-09
1.5714367e-06
9.2958063e-10
5.3465747e-08
2.376643e-10
0.0012602073
4.7928053e-05
1.0133576e-08
4.4034514e-05
6.2341496e-06
1.8442649e-09
6.90985e-05
1.8110646e-06
2.6298487e-08
0.9770801
2.544299e-11
3.2959958e-06
0.62532604
0.0005327048
1.0362545e-10
4.3049815e-07
0.8825483
1.5509915e-05
1.8056546e-06
0.039174747
0.00014035359
0.9933713
3.4217144e-13
6.776582e-06
5.8230116e-06
6.817536e-08
2.859152e-05
0.0021787537
0.99999994
5.8751533e-09
2.2567548e-09
5.3278914e-13
0.06863575
9.862167e-11
1.8540128e-06
0.54150355
4.879897e-05
1.7474558e-07
9.424256e-10
1.2098405e-08
0.3216812
2.3113915e-05
2.854956e-05
0.0013632241
0.0015230748
3.169347e-09
0.0046870424
1.4962271e-06
6.371169e-09
0.99996257
5.0042517e-09
9.523809e-09
6.735578e-06
0.3199297
3.4368025e-10
1.708754e-08
0.11641113
2.3113915e-05
3.204858e-05
0.00012116442
1.6622341e-06
2.1444156e-07
0.0010000442
5.3466083e-05
0.00051041966
0.43908316
2.681028e-06
1.5088295e-06
5.7833915e-10
4.3202006e-09
0.00061101903
0.0010531839
2.1288391e-08
1.8330211e-06
3.2309956e-08
5.5568305e-13
3.9171753e-13
4.3644678e-07
4.3644678e-07
4.141139e-05
0.017025387
2.1463444e-05
9.866923e-08
3.1360393e-13
5.031069e-06
0.0002443784
2.0027155e-05
0.9403299
5.752796e-06
0.00044524114
2.2062943e-05
2.7349488e-05
0.00046563032
1.5882651e-05
6.7053044e-11
0.061065342
0.4783783
3.1911093e-10
2.1757585e-09
0.00013678921
1.16174705e-08
0.0013146376
1.8741028e-07
1.6100134e-05
4.7012863e-06
0.00083410647
9.523809e-09
0.045670893
1.2813666e-06
1.2258038e-10
0.86510813
0.0005182111
0.9997494
2.5336103e-08
4.706208e-05
2.271139e-05
0.00022640955
0.0008501216
9.332649e-07
8.145986e-10
0.5401919
0.27655458
4.0059463e-06
3.813211e-09
1.8540128e-06
0.16724744
3.4506787e-08
1.8140428e-08
4.777919e-05
5.64475e-07
6.812531e-08
3.0299642e-08
0.12623759
8.774766e-05
1.5348193e-09
7.858864e-07
2.2074687e-09
0.54703885
4.879897e-05
5.5559726e-09
4.269967e-06
0.87814325
9.714164e-10
1.1465795e-06
2.9289447e-07
3.6120616e-07
8.9140817e-10
1.4585567e-06
1.73019e-11
0.07091475
0.90386593
0.0020885943
0.92663866
0.016125228
0.012513488
1.9049412e-07
0.08521458
6.8079586e-08
8.769203e-05
6.46975e-08
0.008002654
4.916476e-07
4.5604338e-07
4.7856347e-11
9.205232e-08
1.3180228e-07
1.5482701e-10
2.8410122e-05
7.858864e-07
3.8903541e-10
0.00012322984
0.061065342
1.3183311e-06
5.822634e-07
0.5240225
0.9478792
0.0005353811
8.884401e-06
0.037248526
8.145986e-10
4.5347542e-10
3.6506204e-05
1.3002763e-08
0.009450085
1.8414752e-06
4.1503583e-08
3.5679147e-06
3.356549e-10
0.9999844
1.0216073e-05
6.586014e-07
5.3748787e-05
1.0
0.9933713
4.4034514e-05
0.0012602073
1.646331e-10
4.777919e-05
4.572795e-11
7.246633e-07
5.0825936e-12
0.54150355
1.193747e-08
0.6119485
1.8872706e-06
1.2780885e-06
2.4209564e-08
2.6490887e-09
0.0013288764
1.8628305e-07
0.97597134
6.3113293e-06
9.230432e-07
1.5575058e-07
