1.0
1.8957622e-09
0.00034176747
0.21830136
3.276095e-05
1.3009776e-07
3.0105795e-08
3.0088443e-09
2.83275e-05
0.0042985226
0.00011524263
0.017732503
4.678414e-06
1.5472907e-09
1.6799157e-07
9.465495e-13
0.00081053056
0.0042985226
4.767103e-06
0.0050774254
5.6883887e-06
2.705536e-08
1.6044907e-05
7.892273e-06
6.1796993e-07
0.38285807
0.9935174
0.0097065605
8.378936e-06
0.0016126052
9.848176e-06
0.0018756936
0.04890958
0.994299
1.0
1.415271e-05
0.22617283
0.00013760057
5.1495767e-06
2.7394635e-09
1.5661121e-09
8.540378e-07
2.4440755e-08
0.18687814
4.523716e-09
2.9274142e-07
1.9635421e-10
0.0010217348
2.1520873e-05
0.001230428
1.8994417e-05
0.05696806
0.99993473
0.0010222498
1.2189804e-06
0.9699387
1.698164e-06
2.9039236e-05
9.6994725e-08
3.916593e-05
4.6716915e-11
0.00450669
0.020825496
6.912961e-05
1.1209542e-06
1.9698825e-09
0.8345638
2.7511858e-05
9.396321e-06
3.1469397e-06
3.0397996e-07
1.4430977e-06
7.909707e-05
3.801136e-05
2.4571677e-12
6.126053e-05
2.8813357e-08
1.0
0.9985783
0.00023466146
1.7479905e-06
0.9997434
2.3003147e-07
0.76529217
0.0009822592
2.4809228e-06
9.3669856e-05
1.0536789e-08
0.00039331155
2.925271e-07
2.570206e-13
0.9974374
0.999162
5.0802775e-08
1.3496974e-06
0.0299357
0.99890244
4.1395592e-07
0.00040821062
0.012314704
5.9280006e-13
3.759964e-05
1.0
0.943687
1.3567411e-06
9.8037e-07
0.00014167845
8.0176185e-05
6.875109e-07
3.991579e-09
8.6351465e-05
3.0397352e-08
0.015497593
1.3465992e-12
0.00068540446
1.84845e-05
5.554669e-09
0.99999785
0.0054769414
2.1095797e-05
6.4170496e-09
6.6878533e-07
3.5178673e-05
2.7394635e-09
2.154194e-06
0.00020946105
1.5185425e-12
0.9185398
6.875109e-07
7.711821e-09
1.3529785e-06
3.9551965e-06
6.4907526e-06
1.539208e-05
2.9050423e-08
0.67093474
0.00012134838
8.730412e-08
0.49513108
8.177172e-07
1.0374498e-05
8.393125e-11
2.2601337e-07
1.3009776e-07
2.0259535e-05
1.8485362e-06
3.980754e-12
5.1495767e-06
0.99199975
0.9931301
0.17329733
1.4013972e-05
0.00021695283
0.0054769414
0.0029863548
0.00018007384
1.8251015e-10
4.0122134e-07
4.5520042e-07
0.0014461364
6.471997e-08
1.0477235e-05
7.72619e-09
1.2805258e-07
1.2440373e-07
0.0048838505
0.57725894
0.0021365962
0.77046925
2.073783e-06
1.6373763e-08
1.4757454e-09
3.978037e-08
4.60284e-09
1.8263869e-06
5.5625987e-05
0.012903226
9.215659e-05
0.0014340591
0.0005911472
5.866024e-06
9.2748405e-06
4.2368168e-07
0.16463487
0.051256556
0.05191773
0.94037914
0.0020844007
3.032466e-09
0.99199975
0.9999551
4.3410078e-06
2.6618219e-09
0.012247354
1.677231e-06
1.0879191e-07
2.455873e-07
1.0
3.458982e-07
1.4918543e-09
2.5227653e-08
0.9157594
2.5002046e-06
4.0122134e-07
0.0035718002
3.0990466e-06
3.32459e-07
0.00017498776
4.8544654e-11
6.825522e-09
2.7461672e-07
9.7773656e-05
0.0048981723
0.0023680404
3.404405e-09
5.5868627e-06
5.4941273e-05
0.91647315
1.3101832e-10
1.240746e-09
0.0020708465
1.1382994e-08
0.00019432577
0.9997213
3.5391404e-05
0.00040792782
2.4287012e-05
4.449808e-06
9.408615e-06
6.223469e-06
6.648205e-10
0.99999785
6.6030952e-12
0.0048838505
4.1395592e-07
4.0073833e-06
0.00025905424
0.005905182
0.00021916145
0.998589
2.3336563e-06
2.2780589e-05
5.454593e-05
2.4674331e-09
2.9050423e-08
1.7433253e-10
2.4671662e-08
0.0010845147
1.4876695e-08
3.609733e-12
0.99196976
0.0065611093
7.239609e-10
0.0014635175
5.454593e-05
0.000261916
1.0
0.0009767491
0.011848737
1.5387823e-05
1.0598427e-08
0.99999785
0.0011068375
1.329622e-08
0.00033904536
0.0036511128
1.1486601e-06
8.5990076e-05
0.99999994
7.900942e-08
5.9182316e-08
0.0013267423
0.6694411
1.84845e-05
0.0036183884
0.010625282
2.0371006e-10
4.588026e-06
0.0022390939
5.59804e-05
0.00097146834
5.276588e-09
7.763893e-08
0.00068464066
6.1904802e-06
0.015265565
3.6712254e-07
0.0014559306
3.6472233e-07
0.99999976
0.00026357835
9.960507e-07
7.711821e-09
5.3807774e-11
0.17329739
0.00058884756
1.22120305e-08
9.593568e-06
5.2389823e-06
2.4191607e-08
