0.0025911224
0.0062643075
2.0428026e-12
5.810428e-09
0.017460465
4.7612148e-06
0.9588754
6.6718076e-06
7.2573255e-07
0.019522926
1.6710284e-07
0.00076172967
1.49006345e-08
4.6947193e-11
0.063035496
2.0300317e-06
3.9475097e-07
1.2068973e-05
6.672653e-08
4.1050566e-06
0.039204694
9.988532e-06
2.883478e-13
0.9998439
1.6484777e-06
0.9999356
3.8438215e-05
3.0647737e-12
0.9992188
2.8420646e-07
9.857946e-09
1.1944209e-06
1.6144319e-11
1.4504447e-07
3.1132563e-06
0.0019977714
1.742651e-06
1.8799556e-05
2.011576e-09
0.00041763016
7.7037155e-05
0.0001763677
0.00061511475
1.2157831e-12
1.3533842e-08
1.5249594e-05
4.855727e-06
0.0032416468
0.9999873
2.0656766e-05
0.99846804
4.1905557e-10
0.11559996
0.23131447
0.2543884
0.080777965
8.256771e-09
7.5350465e-05
0.0012690036
5.7194154e-07
2.921852e-06
9.101837e-09
2.6084956e-07
0.0016898907
8.879105e-05
1.7043667e-06
7.601595e-08
2.1031067e-08
0.0002505343
4.2139138e-05
9.467328e-11
2.2384425e-05
0.9989011
6.760696e-10
1.0274111e-06
0.99982834
7.246716e-07
0.23472068
2.709611e-05
0.15676291
0.5027325
2.4390694e-05
0.00010239472
1.5530428e-07
2.849984e-08
1.1251494e-08
0.011458832
2.8585914e-06
2.9562304e-09
0.0055144494
7.1759823e-06
0.06943057
1.5366659e-07
5.7179466e-05
4.684637e-07
0.0027336383
3.1377458e-06
3.7102023e-08
2.382732e-08
5.939451e-06
1.2160892e-05
1.0148567e-06
2.522046e-10
5.7152827e-10
4.4759133e-07
0.0035879076
3.948455e-05
3.398646e-07
3.2820873e-09
0.0012609955
7.4077398e-06
9.596838e-13
7.4861265e-07
1.8971841e-05
1.0
0.9999356
0.0026756998
2.0316924e-09
0.0001547622
2.1168813e-05
1.4032615e-10
2.6106181e-05
9.058474e-08
3.4382374e-05
0.0008284398
2.1811877e-06
0.00018936807
3.436357e-10
3.1466772e-07
7.395384e-08
3.480802e-05
9.8115315e-06
1.6325863e-08
0.0034314396
4.8204034e-05
2.9045887e-07
1.350189e-09
7.9350875e-12
2.1967107e-06
7.720022e-08
0.00075916544
0.9977746
0.04259797
0.0054907766
3.1072652e-08
1.5413067e-07
8.681191e-09
2.9121823e-06
9.238183e-05
1.29216705e-05
9.3294744e-05
0.9577825
0.003645651
0.16611263
0.097974464
6.285982e-05
1.4482049e-08
5.4419337e-07
1.17412206e-07
3.1544198e-07
4.308273e-05
0.0055144494
0.0013857834
9.857946e-09
8.256771e-09
0.999921
2.4067833e-07
2.228027e-06
0.00044339933
0.00021395282
3.1132563e-06
1.5530428e-07
2.228027e-06
0.00011778783
3.7754355e-05
2.7925748e-06
0.00010697658
6.834383e-06
3.3794297e-06
0.00020884584
0.99836946
2.2926959e-05
9.524945e-07
0.00026902402
0.00018900009
3.0207255e-05
0.00020884584
7.856335e-05
9.2155096e-05
0.98862535
0.03246847
0.050671063
0.13475344
3.0207255e-05
9.857946e-09
0.0005605334
4.3921276e-09
0.59057385
0.9999975
5.279925e-11
3.4746634e-05
1.7296283e-12
3.5543335e-06
0.0035879076
2.9030045e-07
3.1678375e-08
0.9969733
1.0749624e-05
2.2648072e-07
4.855727e-06
0.9850297
2.7734983e-05
1.8535708e-06
1.7557579e-07
3.398646e-07
1.3539346e-05
1.09097996e-07
4.9532064e-05
1.0
2.6279492e-06
2.0511509e-07
8.9472e-09
0.0027426616
6.269242e-06
2.5616745e-10
3.1072652e-08
1.8799556e-05
0.00021106067
1.8211844e-08
8.987558e-07
4.8998412e-05
5.464761e-05
0.013647358
2.453035e-05
0.67828774
1.4833225e-06
0.00048345834
1.0494536e-05
4.6947193e-11
0.99986565
1.0
1.2432383e-06
1.0
0.008387403
0.9980659
0.06943057
2.1464713e-05
0.26400203
4.1466486e-11
0.2543884
0.001312637
2.287963e-06
3.439201e-11
9.906207e-07
0.0008991307
0.00011529264
0.017460465
6.235255e-11
2.4390694e-05
0.0009847117
2.6106181e-05
1.6408151e-12
1.09097996e-07
0.0074726264
1.4214923e-08
0.073616855
2.6540509e-05
0.0038023696
4.8734815e-08
0.00531677
0.013323079
0.02732111
3.513908e-08
9.2155096e-05
9.988532e-06
6.525308e-08
2.915929e-07
4.270571e-08
3.700894e-08
3.193177e-07
0.01141165
0.9283886
1.7695533e-05
0.9171541
0.00061983336
1.6246966e-07
1.631279e-08
9.359466e-06
0.03908807
1.5413067e-07
1.5557883e-07
0.00011527912
5.014749e-14
9.706893e-12
1.628432e-07
7.246716e-07
1.6828478e-10
9.4243184e-08
1.3315157e-07
3.5543335e-06
