0.9992585
4.216834e-08
0.0032908092
0.009123369
1.6388197e-08
0.9995688
4.7698086e-07
2.9739062e-11
1.0575447e-08
0.00016524276
0.00018361134
6.3875887e-06
0.3272834
1.664742e-05
5.41982e-06
0.99979144
1.6141664e-08
0.08731131
0.9999988
3.014797e-05
3.743392e-05
1.17828134e-11
1.14843836e-07
1.830521e-08
0.45733857
1.7767805e-05
0.00049619505
1.4325517e-05
2.13135e-08
4.7211874e-09
0.00085277465
0.93825096
1.7719833e-05
2.6197716e-07
4.7405534e-05
0.00044130193
2.809961e-05
0.00094276643
1.0
3.0129087e-05
1.4978795e-05
5.083509e-06
7.6701406e-07
1.16453954e-07
4.6647887e-08
1.1874974e-08
3.6572896e-05
0.0009810092
0.9996598
0.4274496
1.664742e-05
5.083509e-06
0.0073234336
2.1111717e-05
0.0017148186
0.000539025
0.06867091
7.7413024e-05
0.00013920799
5.1559102e-05
0.00055451324
0.9999966
0.4682761
2.1668603e-07
0.99999934
0.09457394
0.0009383055
0.00016434616
0.20639329
4.9441216e-05
3.191055e-07
8.392041e-10
5.5294154e-06
0.00016144618
0.028059732
0.014193434
0.081630364
0.0006582895
7.860532e-05
3.285678e-08
0.00024493146
0.0003461404
7.350717e-05
0.00018824865
0.00016144618
3.215206e-07
9.237771e-08
0.9917557
3.9363285e-06
1.059457e-07
0.0153778335
4.216834e-08
2.0902375e-08
0.019081146
1.0879861e-06
0.019900272
0.094098635
2.0038236e-05
0.99999994
0.00010398343
2.0395228e-06
6.263023e-07
3.2194048e-06
0.004739443
5.043348e-05
3.2486678e-06
4.503522e-07
7.4662016e-06
5.5314053e-05
0.13259895
1.9686034e-07
3.5343404e-09
0.9606493
4.7698086e-07
0.99999994
1.4484011e-08
0.0041399184
0.00010707598
0.00013021087
2.7751637e-08
9.806238e-10
0.8058766
0.94528115
0.079953894
8.481432e-06
0.11300169
2.0079469e-08
0.5734393
0.00014404352
0.00097188813
6.961261e-08
0.0011039991
7.350717e-05
0.93181103
4.5629125e-08
2.8196837e-05
1.9686034e-07
5.5629816e-09
0.00032819668
0.00016524276
7.663415e-06
3.1998684e-07
9.483716e-08
0.908871
0.00015802705
3.1847497e-07
0.0638142
0.00019854224
0.02034169
0.0002829622
3.089053e-08
4.8663292e-08
0.9996598
0.00031948005
2.1828441e-06
0.0010510494
0.00018097166
7.7698496e-05
1.6440858e-08
0.7491447
6.1149935e-06
2.7072142e-07
1.1350608e-07
1.0
0.012479958
6.188003e-08
0.9999421
0.00017739752
2.0214327e-06
0.9979589
0.9936029
9.33949e-10
0.027818
0.002681284
8.193478e-06
3.2691062e-08
0.9075354
1.9665763e-06
0.0043163006
0.00038064385
9.488235e-09
0.069442704
3.749676e-07
0.0006015208
5.6960964e-10
5.372732e-06
2.3395067e-05
0.00019869962
0.006057272
0.018186558
0.44436035
2.5400553e-08
0.9979589
3.87382e-06
5.259143e-10
1.3337477e-06
1.0
0.00016144618
6.510648e-09
0.00020477736
0.02962657
0.002710995
0.99886644
1.3490769e-05
0.14577638
9.452105e-10
1.6440858e-08
0.99994785
0.0009097119
5.8315923e-06
6.890082e-10
0.9951633
2.5902003e-10
1.1923668e-10
1.8678359e-06
1.9039302e-05
9.180077e-07
0.93070376
0.49495736
2.3557316e-08
0.00025377213
9.747609e-06
0.9917557
0.21244279
0.9999929
0.0257766
2.0006032e-06
1.861923e-07
6.812488e-05
1.3358262e-09
1.9152574e-05
1.270294e-11
0.9999988
5.1559102e-05
0.117366076
0.00014235283
0.9956636
0.14291969
0.00021372078
3.285678e-08
1.3358262e-09
0.048168745
0.0001617471
2.7249596e-05
2.9957928e-05
0.9999996
3.7681195e-05
0.3809266
0.0032908092
2.5004116e-05
0.0001331041
1.5800197e-05
3.50765e-05
3.7192503e-08
5.5314053e-05
7.578301e-07
9.643956e-06
0.0089400755
0.2309922
9.475751e-10
0.9798336
6.3031375e-06
0.017797444
0.99097896
7.578301e-07
0.0015957489
0.003489335
0.9985651
0.00018097166
0.00050352514
1.3337477e-06
0.0027962588
0.9854442
0.014193434
8.454304e-08
2.1274875e-08
0.08870447
0.049298804
0.023678677
0.00022495408
0.0008013808
2.4207414e-10
7.4483815e-09
2.8056415e-06
2.1274875e-08
2.963458e-06
1.1073295e-06
0.00015802705
0.00016434616
3.334038e-10
4.599722e-10
7.688575e-08
0.00015237437
0.0028931664
0.4107397
9.425333e-05
8.188165e-06
2.8578049e-09
1.4358137e-09
4.7211874e-09
