0.0015510722
0.0009780676
0.9999553
0.9795287
0.014419865
2.2702372e-07
0.016335407
1.6787803e-09
6.434286e-05
0.0058136173
1.3986121e-05
0.0074626775
0.80709
0.9190795
0.0034433112
3.7930258e-06
3.1098743e-08
0.004230951
3.877143e-08
7.7264517e-10
0.9955414
7.1233466e-05
0.9999086
5.536972e-06
0.00041854204
0.0017282926
0.00014073566
0.9915488
0.01096347
0.00015894706
4.532822e-05
0.00023869802
0.99632
1.36210625e-08
1.7252125e-05
0.00015261387
7.919815e-07
0.016907383
0.9929197
1.9959025e-07
1.1212909e-05
0.00015206682
0.006289539
0.036156774
0.0030715668
1.0
7.127723e-10
4.225174e-06
0.017413432
6.972401e-05
0.0687955
0.003975754
1.0392014e-05
4.994135e-09
6.6358774e-07
8.183334e-09
0.45120817
0.000110948364
3.7431127e-07
0.9859577
0.001208353
0.016377525
0.121166274
0.00013127517
4.2855083e-07
3.2682652e-07
1.7368773e-05
0.036156774
1.0
6.8615496e-05
1.0433237e-08
7.865597e-07
0.016335407
0.0013847227
1.2954293e-05
3.7379824e-08
6.8567755e-07
9.801869e-07
4.225174e-06
1.2399228e-05
0.55011606
0.0082878815
1.3994941e-08
2.0326283e-07
8.597388e-08
0.97949165
0.9999086
3.9648945e-08
0.016811874
1.2036511e-06
0.0058136173
4.8978592e-08
1.16230936e-07
1.5180869e-07
0.99999833
9.4338866e-08
0.00017764127
1.9072977e-05
0.05925049
0.9998835
0.00010627624
0.0001275745
0.000112683316
5.060906e-07
6.0074274e-09
7.5849655e-09
2.1339965e-05
2.1161442e-07
8.101761e-06
0.0027336434
0.0003590062
0.0014666707
0.00010513391
2.855675e-05
4.8844182e-11
7.1303936e-07
0.001379892
1.1712629e-06
0.002975352
1.6033422e-05
2.8402058e-06
9.831173e-12
2.2170327e-06
5.0825006e-06
1.8519316e-07
3.7431127e-07
0.0001275745
8.442667e-07
0.01902718
0.21971019
2.2582413e-05
1.0704475e-06
5.0311364e-06
0.9957576
2.6766742e-08
0.21657236
6.0419956e-07
0.9602464
0.007999709
1.9741829e-06
9.1854974e-07
2.2573429e-06
2.528752e-09
0.00018377932
0.0019187115
7.594567e-05
3.1611805e-07
0.028408092
8.657789e-06
5.476634e-07
0.6652671
6.190739e-09
3.1270692e-06
1.4100008e-05
2.2170327e-06
3.1113545e-05
1.289408e-06
2.5601126e-09
1.1102751e-09
1.2786892e-07
0.08045597
0.0032676621
1.3228698e-09
1.4778177e-10
1.6628081e-06
0.29188496
9.047766e-07
1.841605e-08
2.6207688e-06
0.00041244843
0.000669539
0.0008674667
3.6841361e-06
0.00049098
7.875777e-10
0.0034433112
2.5057683e-05
1.5214418e-08
9.7787726e-08
2.7375712e-05
0.17779997
0.9999997
0.0005784034
0.0029018798
2.835215e-08
3.6331407e-05
1.3074657e-06
1.2162284e-06
0.2846665
3.7242376e-06
0.11718937
8.8274284e-08
0.0022393302
0.0004001281
0.0007109796
4.1883013e-05
0.18858309
6.1567523e-10
0.002736687
1.7752665e-05
0.998569
4.7343235e-10
2.8407459e-09
1.7368773e-05
0.9458175
0.00033068823
0.9951448
7.4971e-07
1.36210625e-08
2.6207688e-06
9.408935e-05
3.0073025e-08
0.00013369636
4.3624177e-06
5.773836e-06
2.061017e-05
0.0050426694
5.7666187e-09
2.6207688e-06
0.014007051
2.3717996e-12
1.2590846e-05
0.010028945
0.0010562048
0.38291207
0.38291207
2.1111727e-08
0.07937129
0.008508044
5.0776347e-05
0.034849573
1.9080826e-08
0.0004502705
4.2157808e-08
0.0013266677
3.1270692e-06
0.04119828
1.5970352e-08
9.188519e-11
1.3942422e-06
2.8284297e-09
1.1102751e-09
1.8495537e-05
0.00046092807
0.000329207
9.847471e-06
0.121166274
1.8976994e-11
1.8212628e-06
3.7930258e-06
0.9932352
0.0091189565
7.141384e-05
0.9970843
4.285392e-05
4.296536e-08
8.442667e-07
1.7368773e-05
8.6987975e-06
0.97949165
0.007522057
1.3176905e-08
7.557498e-05
0.99999815
1.6446926e-10
0.25349012
1.1704053e-06
1.2917113e-05
5.878574e-12
4.0192885e-05
5.699553e-06
1.8519316e-07
1.2195876e-08
2.7308989e-08
4.2157808e-08
4.4839817e-05
8.643125e-09
0.0033635723
0.0014666707
1.5475429e-07
0.0646607
1.0987457e-06
1.24497155e-05
2.1288743e-05
2.647063e-07
4.8469506e-06
2.6368403e-08
0.00010709314
4.8469506e-06
0.0026502046
0.17064157
0.0018007323
0.18047167
2.5037758e-07
3.6331407e-05
9.4123454e-05
0.53525513
0.9998388
3.7880112e-05
0.6330092
