1.6784055e-06
0.99580353
0.00029023777
3.075453e-07
0.0012358362
3.028347e-07
4.8405303e-07
2.0538622e-09
0.9928693
4.341794e-09
0.9999988
1.905009e-05
0.99999946
6.9479693e-06
1.8243316e-05
1.100774e-06
0.0066804835
0.0066804835
0.0002986151
1.3310042e-09
2.6307756e-09
4.4810145e-06
0.9832711
2.5577145e-05
7.293586e-08
4.3954735e-08
1.1791717e-07
7.359626e-05
7.1168587e-09
0.81027645
7.911443e-06
2.1300145e-06
3.363045e-05
3.6196136e-07
2.437801e-06
1.5775328e-07
0.9997394
0.0017211271
0.9098026
0.00078391633
0.05333294
7.469565e-09
1.8767817e-06
0.003804805
1.0
8.2172994e-07
1.2911891e-05
0.99943376
2.65677e-09
2.9082615e-13
0.9992843
1.07947335e-05
5.1675317e-05
2.5867625e-06
0.26062268
1.1791717e-07
2.310791e-10
0.0006924955
2.8757945e-09
0.124241
4.397587e-07
1.03401135e-05
6.8395144e-05
0.0003825646
0.9570491
1.7957902e-08
4.4860262e-05
1.3478962e-09
7.9048604e-08
0.0056630247
0.00010196464
3.098757e-06
2.0838304e-06
1.1609839e-10
1.8848046e-06
0.023712255
0.9748359
2.6433702e-09
0.0017037838
0.008365235
4.995605e-07
3.6622355e-06
0.0034859495
1.30563185e-05
0.0016775642
2.9256706e-09
0.99954295
2.6264659e-06
7.817996e-05
4.4981774e-10
5.2520002e-12
4.388686e-09
1.1243514e-08
4.4860262e-05
0.0012383779
1.3135146e-06
9.513333e-09
8.939101e-12
0.078848325
1.3717419e-06
5.122247e-10
4.9843255e-08
6.612012e-10
0.99364597
7.579293e-10
1.3640713e-06
0.0013801332
4.7649094e-09
0.9946258
8.010343e-05
0.0012383779
2.3809389e-05
0.012883356
0.9999995
0.0037574624
9.154286e-06
1.2459811e-05
0.94889015
3.025458e-09
3.218073e-05
0.0011628374
0.00022527519
1.4608393e-05
0.020870274
2.4095925e-06
0.96129566
0.00021829533
0.008724877
0.0025430394
6.7857164e-11
8.211438e-06
0.0068235802
2.5556885e-05
0.015695125
1.9505615e-08
0.00844019
1.436711e-06
2.1416492e-06
0.0017686649
4.472868e-06
4.5705943e-05
0.999064
0.0004782528
8.4085117e-10
0.001764825
0.0016172042
4.3443563e-07
0.0071359617
9.564293e-13
9.615083e-06
6.186433e-07
1.1831837e-08
0.0009502695
0.9980748
3.7291493e-06
2.8033818e-07
0.002462637
0.00013305753
0.0003825646
1.0134639e-06
2.5922698e-05
2.5150139e-05
0.99960124
5.961328e-08
0.0008932736
0.00058348477
0.00844019
0.00012659682
0.037849788
0.00032822328
8.155898e-05
2.511617e-08
4.074762e-06
1.802274e-06
1.0
5.1649675e-07
2.2141592e-06
1.7746501e-10
0.0012515032
2.2335254e-07
1.7882003e-05
4.3822543e-05
2.0487825e-10
4.3280637e-05
0.017250042
7.1594215e-08
0.00031651204
0.05335502
3.20119e-07
2.8173936e-06
0.99991465
0.02211038
2.272893e-07
1.8199309e-08
0.017841686
3.087331e-07
0.98548335
0.03949055
0.0026212763
2.4053904e-07
0.0008932736
0.00014665123
1.6897523e-06
0.18046314
0.00021975591
3.570198e-05
0.4994202
2.5218283e-06
0.52061385
5.972373e-10
1.231392e-07
2.9853225e-06
4.6058036e-11
1.9236026e-05
0.00014287475
6.0371343e-07
1.196584e-05
0.0005242342
2.9225264e-06
2.0630432e-07
0.02211038
0.9233398
0.0017686649
6.2169137e-09
0.93461835
8.566676e-09
3.614513e-09
0.023764404
4.4860262e-05
0.5790928
1.2752145e-05
0.9547747
9.130339e-08
4.8945816e-07
1.8802174e-08
1.6483481e-10
0.99860996
0.99999994
1.232257e-05
1.5103166e-07
4.3822543e-05
2.1361705e-06
1.8725336e-08
1.3686649e-10
1.1321931e-06
7.985465e-05
0.019980272
6.9479693e-06
7.857621e-06
0.85993147
0.76910484
1.5465443e-05
7.551814e-11
1.360662e-06
5.1675317e-05
3.617301e-08
0.44080412
2.1674154e-10
4.6316854e-06
0.17977037
6.6726504e-09
0.0003981501
2.751648e-10
1.3133117e-06
0.9999855
1.3135159e-06
2.2141592e-06
9.971889e-08
1.5917955e-08
3.9722783e-10
0.002276385
5.122247e-10
4.8971724e-06
0.28927773
9.640642e-07
1.1307603e-08
0.9999999
1.5792484e-05
1.0241154e-06
3.163775e-11
1.10700324e-10
1.5484135e-08
2.1732628e-08
9.083541e-07
0.998346
0.96456724
1.5917955e-08
2.3074183e-13
3.5580968e-08
1.5617167e-07
0.006934933
5.8069016e-10
0.003374405
0.0006833975
7.798078e-07
7.1040215e-11
1.3432177e-07
0.0017590289
0.99935544
0.00042035856
