1.0
0.9999797
9.2499955e-05
9.17758e-05
0.99999875
2.8786333e-06
0.00016246244
3.1922056e-05
0.009372384
0.9982136
0.30018854
0.0003470241
2.8678235e-06
3.472358e-05
0.00012900638
2.3141122e-10
7.9391975e-06
2.5381965e-07
0.03323393
9.237193e-06
2.9648983e-09
0.15250736
0.009372384
2.1176758e-10
0.99307156
2.4079105e-07
1.1230899e-06
1.5091092e-05
0.038446028
3.0822768e-05
1.3729687e-10
5.965488e-09
1.8487887e-07
0.0011562455
4.069132e-05
0.051369645
5.3110522e-08
8.5135454e-08
0.0002793872
0.00011344578
7.646934e-09
0.002585885
8.208204e-06
0.00010415174
5.834877e-11
1.4203973e-08
3.0491468e-05
0.9983044
6.4203723e-06
3.3302844e-05
8.222228e-09
0.07549309
0.019158939
1.7048049e-12
1.0914374e-06
0.99999815
6.2992794e-06
1.6591457e-05
0.19108488
1.339972e-06
6.5559595e-07
3.6673591e-06
0.0012306859
2.289028e-06
5.632664e-11
6.482482e-06
1.6206344e-07
0.024425663
1.4169716e-08
6.698079e-08
0.9271728
5.8946863e-08
2.4274285e-09
0.9970205
1.1729644e-08
0.9999949
0.0049343947
3.709155e-08
4.5988722e-06
0.85749125
2.134186e-07
6.17043e-08
0.000105049025
1.7522001e-07
0.0011562455
2.977186e-07
0.9998513
0.038446028
1.2981795e-06
0.024529865
0.00030163352
4.3494156e-06
1.2428149e-05
4.803163e-07
0.014076069
9.038109e-08
1.7776212e-05
6.173901e-06
1.3014809e-10
4.2827605e-06
0.0047929077
0.022538811
2.6394803e-06
0.5657916
6.173901e-06
0.034063205
0.9914148
0.08586257
4.2095967e-06
1.1375321e-06
0.00017935481
0.006755332
6.11802e-05
4.2106964e-05
0.20154633
4.002253e-05
8.400176e-10
0.00043703328
0.0001493423
2.5054671e-05
0.99987
3.3750107e-06
0.0049343947
1.853233e-08
3.5089684e-05
3.5071884e-05
0.0008535449
0.51068723
4.210692e-05
1.9958556e-05
0.70622545
0.035550553
4.6497953e-06
8.115347e-09
0.000109914705
2.9011362e-05
0.00010343387
4.056063e-06
6.149839e-07
5.1089923e-05
0.045814447
2.4079105e-07
5.6785237e-05
0.009645215
0.96781284
1.0
0.95108664
9.977359e-05
1.4888977e-07
0.0026975896
0.00019066712
3.8776085e-05
2.0429357e-05
5.1821853e-06
1.4566119e-06
1.4888977e-07
6.078828e-06
5.791991e-07
0.5700077
4.7696694e-11
0.079633795
1.16469394e-07
1.3729687e-10
0.0008396327
0.20154633
1.4434679e-07
4.4104614e-05
6.5667973e-07
2.4261548e-05
3.3516454e-08
4.6954587e-09
0.27551317
0.8336786
1.139922e-05
0.9999288
0.7009443
1.7859507e-05
0.0011562455
0.41854495
2.544611e-10
4.0134842e-07
4.0134842e-07
1.2841133e-08
1.0536503e-05
3.438518e-07
3.3302844e-05
0.009214584
1.416502e-11
2.1447648e-05
3.1043336e-07
4.6165505e-06
0.00018609992
6.0278026e-08
3.5185618e-05
2.5291451e-06
6.6083996e-12
7.143053e-07
0.025983665
6.9765593e-07
8.021083e-05
2.775069e-07
6.6272783e-06
3.7460375e-06
0.0015209276
4.6189007e-12
4.4025047e-08
7.676574e-08
1.06065194e-07
7.3595124e-06
0.00028419614
1.4834717e-05
0.23559569
7.3595124e-06
3.4983783e-09
9.17758e-05
1.7261549e-08
3.9834616e-05
2.199668e-09
1.21568e-05
0.034595262
3.996875e-05
1.7522001e-07
6.027037e-06
2.4233568e-05
1.3468477e-09
0.9982136
6.1887567e-06
1.5604988e-11
2.7834444e-06
2.4525168e-13
0.00030653254
3.376214e-05
0.0002661963
0.9985405
0.00010343387
0.9986625
0.00080001616
1.7123224e-09
0.0034634334
3.3694334e-05
1.0503014e-09
1.4096495e-09
3.1194713e-10
0.01372212
0.05951923
0.00010024413
0.0023518698
0.0001424354
0.00011344578
5.365451e-06
1.4598102e-05
5.4251288e-08
7.143053e-07
4.2033284e-07
0.00050068414
0.18656501
0.003501939
2.2581982e-05
0.41854495
1.7099635e-08
1.9703928e-06
2.9010087e-06
0.00633709
0.98479176
0.99081194
0.991552
0.0024782622
6.639262e-09
2.0678375e-07
2.0039565e-08
0.00010415174
1.21568e-05
7.388196e-05
5.7051035e-05
0.0011392685
0.92899525
3.4530174e-06
0.00010692834
1.3964233e-06
2.705245e-05
0.0008535449
4.0481396e-09
0.00030573722
0.024083586
1.4590505e-06
2.1745082e-06
8.902672e-08
6.6002763e-06
6.7655396e-06
0.9998272
0.0012840452
7.182863e-06
2.8558177e-06
0.014076069
3.0256717e-09
0.0148091335
6.027037e-06
0.0012581521
6.6371855e-09
4.066222e-06
