5.4411964e-07
1.8942846e-12
7.480782e-10
2.6051023e-06
0.5558774
3.8631078e-13
3.4525752e-07
1.3857589e-08
0.99984366
0.0003764706
1.8441453e-09
0.99999934
1.0560289e-06
0.24087285
1.4588735e-05
2.9739335e-08
0.03227478
1.7660757e-07
8.484628e-06
4.149464e-05
2.1774924e-06
0.002582305
0.0015743147
9.3747296e-08
0.009003629
6.253164e-07
0.00041910657
0.08060876
0.0027720686
1.0348625e-09
0.00025827764
4.774471e-09
1.0634186e-06
0.044964988
0.0003113651
0.92052126
0.89846396
2.2421624e-07
0.076280646
0.00064059073
1.8619277e-08
0.98156875
6.6870474e-09
0.99978894
0.0013041514
0.0006148955
1.1843693e-05
0.0008086078
0.0014101088
0.05934344
1.4901508e-06
1.6385593e-06
0.0028070335
1.035554e-12
2.1195237e-09
4.774471e-09
0.0037290638
0.05351292
0.971713
4.43084e-05
2.0747028e-05
4.492844e-10
3.2298547e-05
7.237266e-09
0.9999743
0.00020772498
0.9999893
7.237266e-09
2.0747028e-05
0.035372656
1.6192256e-06
3.0806846e-09
8.234124e-06
7.469453e-07
0.44884494
0.99999994
0.9997724
0.0005484113
1.9290858e-06
0.9741335
6.3846625e-07
0.09466111
5.1101614e-07
0.9999793
0.046487644
4.5812346e-08
4.3074122e-10
4.6972857e-09
0.4237356
7.500806e-08
0.0003764706
0.7293775
9.067348e-07
1.3832299e-06
6.620936e-05
0.00023329574
0.93521273
5.4768752e-05
0.0005037695
3.0992742e-06
0.00023329574
0.9726565
0.00012383767
0.00078743295
3.0031892e-06
9.758087e-09
2.168025e-12
4.473924e-08
3.0296328e-13
2.7976774e-05
8.3445144e-07
0.006234443
0.00016899886
0.00017288812
1.9504702e-10
1.9287641e-07
0.005269248
0.00016089769
1.2353342e-08
2.9478676e-06
8.51173e-05
2.151851e-06
3.6928093e-05
1.2368542e-07
8.708858e-08
4.2150146e-13
4.9178897e-09
1.6867587e-05
1.6209205e-07
2.1602435e-09
5.512223e-08
2.2597515e-05
1.245385e-06
1.0411e-05
2.3193296e-11
4.410596e-05
1.908532e-06
2.271849e-09
7.628188e-07
2.9584504e-05
0.89148813
2.825253e-06
4.3322004e-08
0.93521273
7.8738907e-07
0.05366339
0.0028070335
0.2814735
0.00021116938
9.41901e-06
1.6811091e-05
0.9777614
8.229041e-08
0.008427717
5.239524e-07
9.538316e-09
0.9927222
0.9482008
0.0006433762
7.131945e-08
7.0081546e-07
0.0016189358
1.7218068e-07
6.8440857e-09
3.5220026e-05
3.5168407e-05
9.537556e-08
5.0409624e-05
0.0015660379
0.9977571
3.5220026e-05
0.039883405
1.1941987e-06
2.4276611e-08
6.742763e-07
0.0026825313
6.6415e-07
8.51173e-05
0.99112386
8.484628e-06
0.0003045616
1.3237119e-06
9.9045574e-05
1.7347318e-06
3.2299485e-07
0.00019672437
0.0009298872
3.6058313e-12
1.8851044e-05
0.9999926
0.91325086
1.9287641e-07
0.9997619
4.9164097e-08
3.8631078e-13
8.630362e-08
0.8278084
9.067348e-07
2.6388233e-07
3.189911e-05
0.0013041514
3.5168407e-05
0.11006317
5.0383373e-09
2.4494247e-11
9.419516e-09
6.0535186e-08
0.0005735226
9.089329e-06
1.415519e-07
0.9880573
3.794993e-05
0.96081513
9.7288364e-05
1.9711348e-12
1.1006523e-06
3.1072578e-09
3.980079e-08
8.237529e-10
5.4708604e-08
0.20511518
4.5162864e-08
3.2250595e-05
1.5896462e-07
5.586105e-10
1.0944184e-05
2.8819925e-06
1.2353342e-08
1.4901508e-06
2.7976774e-05
1.5099977e-10
7.0785433e-10
0.00041810976
1.2167215e-05
0.00020772498
0.00010810738
0.99509865
4.2506937e-08
1.048563e-11
2.1796322e-06
6.7662785e-11
3.3123953e-08
2.698512e-07
5.596759e-05
5.991712e-06
0.00059886056
2.3369898e-11
1.2812676e-06
2.0425307e-07
0.0010373307
5.797251e-05
4.5315747e-09
0.0001293313
4.3951154e-06
0.00016708189
2.0404592e-07
2.1017932e-10
8.3445144e-07
0.00021116938
2.698512e-07
7.075348e-09
4.2740638e-07
3.2298547e-05
0.0006148955
3.1999974e-09
0.9396122
0.0005037695
0.80137575
1.0588878e-06
1.0596146e-11
1.6666358e-07
1.2678699e-09
1.9646455e-08
0.0003113651
1.1419919e-12
0.07080688
1.2453457e-06
4.3936126e-08
6.450575e-09
1.14673885e-05
2.8793914e-07
6.3818225e-06
0.0003880439
1.0740009e-06
1.1398416e-05
6.253164e-07
3.189911e-05
1.0740009e-06
1.258458e-05
8.415812e-10
6.262178e-11
2.4037515e-06
0.71056414
2.6660302e-08
6.5259553e-07
2.0007233e-06
3.337294e-11
1.7207236e-05
1.415519e-07
7.237266e-09
