9.884505e-06
1.0
6.7067333e-07
1.4382944e-06
3.3975368e-12
0.0045042
0.0019941602
6.5410226e-05
2.9009316e-05
6.215161e-12
1.5560881e-06
1.6126205e-07
0.74284554
0.0009881364
1.3604125e-05
0.0020804536
1.2210212e-06
4.4405704e-13
0.0015893227
0.04963726
1.0793772e-10
6.759219e-08
6.275606e-06
3.3580363e-09
0.00014791686
5.8707533e-06
0.00016767849
0.021812048
1.3683292e-06
2.2538968e-06
0.8260917
0.0066095227
1.6199781e-05
3.793959e-08
0.0021209752
0.00010169818
0.0026719626
1.0
1.0
9.4297846e-08
0.002391401
1.0641667e-05
7.810811e-09
2.3111974e-05
1.5031061e-07
5.4520553e-09
0.014805759
1.93055e-14
7.931664e-05
3.51702e-07
0.000104285304
3.4599785e-07
2.8990013e-05
8.142361e-05
1.1633451e-05
3.2873798e-10
8.096422e-09
0.99983287
1.1225561e-07
2.1516215e-08
3.289621e-06
4.47596e-10
6.804495e-05
2.2013408e-05
1.0344697e-09
0.58397186
1.784924e-12
7.1519746e-05
0.0805204
0.00011345941
4.3630835e-06
0.0002040959
4.8349055e-05
1.4798079e-05
7.0110806e-09
1.3736936e-07
0.0021301443
0.999882
0.0036637294
9.7335216e-11
3.9158534e-09
1.0339423e-05
1.2200849e-09
4.5348545e-05
0.99998647
3.3365561e-06
4.1501934e-11
4.663988e-08
2.2895367e-06
5.5752185e-09
0.0805204
5.2158473e-05
1.0957394e-10
2.7938805e-07
0.000101442005
1.5411188e-05
0.9958182
5.112521e-07
5.989387e-08
5.8062305e-05
2.1773054e-05
0.92358893
1.02615424e-07
3.6304787e-10
2.5463476e-06
2.168637e-06
0.00048582754
5.990244e-07
1.8511895e-06
7.070668e-06
0.00010085817
1.0625326e-08
1.0700026e-06
1.0
1.4624367e-05
0.9384692
6.5410226e-05
0.96927977
2.4004134e-11
0.00018184031
0.020134522
0.9997949
0.0020481767
0.00010085817
1.2292918e-07
1.8202123e-06
0.00011411564
1.2798534e-06
1.18262236e-07
0.026364017
7.602038e-05
3.372236e-05
4.680445e-13
1.4946504e-05
3.5613022e-07
0.999994
0.0003083616
0.003242599
4.9630336e-07
6.675881e-06
1.1662661e-10
0.007253178
0.36477366
5.4723817e-09
1.0488372e-05
8.474129e-08
2.258308e-10
2.7533964e-10
1.7335196e-07
0.8234999
8.80055e-05
3.510151e-07
1.7123191e-09
7.2768584e-05
1.4198549e-09
3.306986e-07
3.7234928e-09
3.2389494e-07
2.1773054e-05
8.394261e-06
6.038548e-09
0.0051581156
0.00016304036
2.2538968e-06
3.7126556e-06
3.3995798e-07
7.8259625e-05
0.003228356
4.4387823e-05
1.4066871e-06
0.0003793182
4.6684057e-05
5.546374e-11
9.991965e-05
8.0582645e-08
2.5463476e-06
1.4198549e-09
1.5196876e-07
1.0050364e-05
1.4382944e-06
1.227962e-09
2.1940434e-06
1.7285307e-06
6.316706e-13
7.011094e-09
5.221805e-07
0.0018087253
0.5068944
0.0013564794
0.99423987
0.9998161
1.93055e-14
3.2052526e-08
3.1363338e-06
0.0015726598
2.92642e-08
0.011240787
0.00031909038
2.6981056e-06
0.000693268
2.7991503e-06
0.11609697
0.001384306
0.00011351536
0.14298959
7.126826e-10
1.0
0.98927927
4.1383537e-06
5.0462307e-10
1.3229096e-10
0.9999999
7.984603e-06
0.016309706
3.1363338e-06
0.9803994
2.2858562e-06
1.0
3.0440756e-07
5.3295514e-07
0.67822117
4.1888143e-07
1.1796773e-08
0.0011303928
1.6234888e-05
0.976886
8.653488e-05
7.287159e-09
0.019099351
1.4382944e-06
0.0003595506
8.3970104e-07
0.5797636
3.6668587e-07
1.1798595e-12
1.1181925e-07
0.00021343243
8.416412e-07
0.0003806322
6.007344e-10
0.999882
1.0700026e-06
8.416412e-07
3.7193985e-12
5.277597e-08
0.022499293
6.561376e-07
3.2714393e-08
0.8923153
1.6440607e-08
8.3970104e-07
0.0032456752
0.0002572062
7.8719086e-07
0.004442665
3.282647e-05
0.006196416
2.9614407e-06
1.18262236e-07
5.197882e-10
3.0610524e-06
0.0003463335
0.08295842
1.4475359e-07
1.8034659e-07
0.99576473
3.386351e-08
2.5472025e-06
1.0750707e-06
1.6232679e-12
7.821496e-10
2.0697428e-08
0.0026719626
1.0682187e-05
7.5088324e-13
0.0026962315
2.1321791e-06
1.2103297e-12
4.0401496e-06
3.7950643e-09
9.4058e-09
2.0496373e-07
1.9765506e-05
1.1622079e-06
8.3171653e-13
0.059448052
3.7193985e-12
1.0339423e-05
0.00012811284
0.002120969
1.3571733e-06
9.443691e-06
0.99999964
1.9839412e-07
3.5798084e-10
0.71943593
0.0032551065
4.484862e-06
2.2422245e-07
0.047909185
