1.0
1.1966921e-06
4.8291736e-06
1.4309425e-08
1.8823632e-08
1.1087877e-06
0.013729782
4.528726e-07
6.5856565e-10
0.011190529
5.8178827e-08
0.012095969
2.3239613e-07
2.7988566e-05
3.6288943e-06
0.99988544
1.8506316e-06
2.1443412e-08
3.877705e-06
0.67747784
0.00062688894
5.788214e-10
0.0002510075
5.788214e-10
0.0132709965
9.064028e-06
0.9144714
8.851714e-05
4.6568243e-06
9.298617e-08
1.0667853e-07
8.770107e-14
3.1787548e-09
1.6208495e-11
0.0026270573
1.2943308e-11
4.0603593e-12
1.2239602e-05
2.115981e-05
0.0001361443
4.614892e-09
5.917526e-06
2.642275e-10
0.00016899467
5.6535963e-08
3.40429e-08
4.471126e-08
0.00080746633
4.279322e-11
6.1730965e-10
9.431796e-07
1.1871994e-06
5.7483776e-13
3.1045843e-06
0.35431728
2.6630378e-11
1.9968875e-05
1.5516499e-06
5.8678427e-07
0.24225646
5.065039e-07
4.2300508e-05
0.0058685313
8.543701e-09
1.8461424e-07
0.010291507
3.0340013e-07
2.0053346e-06
0.0019929176
1.7275106e-06
0.05023727
1.1675938e-08
1.5576227e-08
1.0965302e-09
0.39057103
0.00017687428
6.6176005e-07
0.016049933
9.7966385e-08
0.9026453
1.7661343e-05
0.0017720524
4.2269372e-07
4.944353e-05
3.0088665e-07
0.0012772188
1.9475558e-06
2.8283455e-07
6.7499464e-11
0.99438906
6.7242365e-07
3.322574e-07
0.87490886
7.0295485e-08
1.6369522e-07
4.33144e-08
0.006781653
0.8033432
0.9740837
2.4375787e-10
9.76389e-14
3.5418988e-09
0.0017012114
5.5153352e-05
4.5973633e-07
7.3415807e-13
0.00016179986
4.1463228e-08
0.00038561304
0.0017992433
2.0430735e-10
0.9892513
1.0465161e-09
4.0157197e-08
4.6500074e-07
4.8884056e-07
2.3636731e-10
3.947746e-10
4.4617983e-07
0.009763496
3.7861714e-09
0.001587792
4.6010086e-06
8.38759e-05
1.5188462e-05
2.1443412e-08
5.797241e-06
5.752318e-07
8.993519e-12
0.00073596655
1.0299127e-08
1.2389395e-06
7.393961e-05
0.00016179986
0.5230177
0.0036314498
4.4334476e-07
0.9999993
1.8381155e-07
9.906947e-06
0.00017687428
2.1649221e-08
8.535993e-05
6.731982e-06
0.010572872
1.0409405e-08
0.51463467
6.440172e-10
8.775844e-11
2.5937754e-06
7.343746e-05
0.00013159326
0.0001219881
1.04044666e-07
0.99377835
7.346025e-08
1.1833708e-06
0.99999934
8.8697136e-14
4.2269372e-07
0.15998207
9.021651e-06
8.775844e-11
0.0011175798
5.5153352e-05
0.0002423763
0.9537264
1.2322183e-06
4.7378824e-05
1.6369522e-07
0.0007561197
4.5651152e-08
4.1135753e-09
1.4465752e-13
0.002398227
1.7506316e-07
3.8029935e-08
0.0031642264
7.899815e-11
0.00043865442
1.6378165e-12
4.3827487e-08
2.0430735e-10
3.082023e-10
1.3287074e-07
1.1044546e-05
2.2663796e-08
0.0010777029
2.196252e-06
3.3811306e-05
0.004336696
7.567422e-09
2.4363794e-10
4.9261774e-07
3.9965943e-07
0.0003470729
0.98309875
0.0031470098
0.00013433148
9.921978e-11
3.409619e-07
0.00038449233
1.1497578e-11
1.5805506e-07
1.9843796e-08
2.8099216e-09
8.962136e-11
1.7755323e-08
0.013246311
3.8285497e-10
0.6820431
2.6515982e-06
2.5415758e-09
4.5651152e-08
8.595318e-09
0.0011594114
0.00022660133
2.0581382e-07
3.7909476e-09
5.383277e-06
3.0140206e-06
0.0012587766
1.672214e-08
0.019327698
4.632603e-08
1.769467e-08
0.9890798
1.6616399e-07
1.0386614e-05
1.0368506e-08
6.7499464e-11
1.4067961e-05
1.8940924e-09
3.4343439e-06
2.0534496e-06
5.8625403e-08
1.427328e-08
0.16535288
0.96273375
2.6167802e-06
5.339286e-09
4.0852294e-10
3.5106573e-09
7.518899e-06
0.67183644
4.9428004e-09
0.018147537
1.1561876e-08
9.7573144e-11
0.16535288
6.77602e-10
6.9685535e-07
5.831622e-13
4.864875e-05
7.343746e-05
5.7777466e-05
1.715118e-08
3.4953786e-08
1.1110483e-09
0.04795582
3.250645e-06
0.0002135448
1.4408719e-10
2.972646e-06
0.8033432
1.7098852e-08
6.272366e-10
1.15059635e-10
1.4408719e-10
4.775931e-06
0.0002423763
6.876844e-11
8.3522053e-07
1.9520446e-06
2.9673592e-09
0.9962425
2.4211133e-08
0.00024301148
3.8858386e-07
3.6515784e-09
3.2231296e-07
1.1155355e-06
6.566499e-06
0.83312094
1.0660286e-11
3.4804681e-09
1.4603603e-07
1.2345862e-14
1.959253e-06
8.988064e-07
0.006744609
0.0017992433
1.6989725e-07
0.0013410993
0.9763797
0.010945548
1.9707598e-07
2.8381364e-05
1.2639318e-07
0.0010299193
