2.9325997e-06
0.99947375
2.2823274e-06
7.0642636e-05
3.9742713e-06
0.9981927
5.0465664e-05
1.9525455e-06
1.5327092e-10
0.010997377
0.00092648284
3.8711907e-05
2.6091044e-08
0.0025441612
2.1125802e-06
0.13255244
6.9557723e-06
0.7772761
8.124529e-13
0.99905485
0.001729751
2.117378e-09
0.2065489
0.0001875705
9.6486794e-05
3.3473592e-07
0.93812114
4.2203883e-05
9.919126e-10
4.5290687e-09
1.7561412e-06
3.734875e-08
1.5871767e-05
3.1148198e-07
2.473145e-08
1.6492403e-07
0.99979895
9.58856e-07
5.0187355e-05
6.865733e-07
0.0008483753
0.04589065
1.1645355e-06
2.0974748e-07
3.3214094e-06
0.026534263
0.002439176
2.6260093e-08
5.03501e-06
1.3576908e-09
0.99947375
6.463408e-09
0.054242644
3.285413e-09
1.7585226e-05
3.5146055e-08
0.003891871
4.756177e-07
0.00031560383
9.58856e-07
4.9098197e-09
4.421542e-06
5.5458087e-05
1.1565844e-12
6.1818685e-07
0.0007260854
3.1813832e-07
0.9997664
9.145508e-07
1.6794862e-06
6.3768525e-11
8.9942574e-08
4.5290687e-09
1.1581413e-11
3.1383635e-07
2.2650094e-12
2.0279212e-07
3.4168118e-12
4.420058e-06
6.2545273e-06
4.696984e-06
8.0651735e-06
0.47300124
7.0960574e-05
0.05094497
1.1033576e-08
0.9995741
1.9045157e-08
1.7956797e-09
1.1558347e-12
0.0005039712
0.006236458
0.0037493957
0.0030673456
6.4665205e-06
0.00313549
0.00032333043
9.551479e-07
2.5957677e-05
0.9997434
0.9391022
0.008351861
0.00020109522
0.0019676818
2.5288582e-09
0.00017662284
1.3677493e-05
0.0006212504
3.4543266e-08
3.5283422e-11
9.697333e-07
1.1829466e-06
1.8709254e-06
0.00066053274
0.00012160971
4.5178675e-10
0.042273615
1.6807227e-05
5.0725694e-06
8.137156e-07
0.7740053
1.2611197e-12
8.586585e-05
1.27691315e-08
0.00012179539
8.992968e-06
0.95697606
1.2354483e-06
0.99999994
5.560986e-06
0.00010078279
5.0354614e-05
4.015643e-06
7.785001e-06
1.0893413e-05
0.00047914466
0.00022236291
0.9853001
5.517638e-09
1.01564764e-10
0.9997076
0.0008286664
0.0007144228
7.1919244e-06
1.9841722e-11
2.0214791e-10
1.3676335e-07
0.002439176
0.049295407
8.615048e-07
1.0909816e-08
0.9777632
8.103352e-05
5.2840437e-07
3.821122e-05
0.09118797
0.0013359059
1.8490157e-06
0.8900973
2.6379428e-07
0.011095543
0.5396089
1.987116e-06
5.160881e-07
1.1908275e-07
0.00015261065
0.7549189
2.991054e-07
0.000103426086
4.517292e-06
9.499191e-09
1.0240264e-05
0.0030972653
1.7735978e-05
9.6486794e-05
4.929518e-08
4.5951465e-06
1.6705022e-05
8.876789e-10
2.7129183e-06
0.002400494
2.1090716e-12
5.465491e-05
3.7011241e-06
6.405014e-10
2.255611e-05
0.9349968
6.0823466e-09
3.0992604e-05
9.912397e-07
2.717268e-05
0.04589065
2.0214791e-10
3.2943766e-11
3.5435136e-05
0.30475017
4.175125e-06
0.00065825344
1.7389491e-05
0.00015261065
1.11673465e-07
0.009133781
3.9431605e-05
2.1294582e-06
0.0001174406
3.793436e-09
2.469639e-06
1.2787871e-06
0.00033598824
0.03430003
1.3117145e-06
0.9040105
0.0010540105
1.6392674e-05
1.8120338e-06
9.697333e-07
2.2853177e-05
4.696984e-06
1.3682796e-06
7.951532e-06
2.9315022e-09
6.234659e-05
0.0001174406
3.6755594e-06
2.8160075e-05
5.5458087e-05
1.5112609e-05
1.8736285e-10
1.6918085e-09
3.5435136e-05
2.0480538e-12
4.3904127e-08
6.0677896e-10
1.2887648e-09
1.0299858e-07
8.4325575e-06
7.910206e-05
0.0011390011
5.3324376e-05
4.8703036e-08
2.582178e-07
1.2611197e-12
6.405014e-10
0.0019676818
1.6908148e-09
1.5134684e-07
2.4793605e-08
1.5321182e-05
3.0291882e-09
6.556624e-06
0.00040676966
0.004361262
0.00010078279
0.9971085
6.234659e-05
4.146149e-08
1.8472128e-05
2.8844297e-05
0.00010890979
0.000117642354
2.297647e-05
5.716164e-05
4.044411e-05
5.829021e-09
6.2127474e-06
1.6369614e-06
0.098867625
1.4764319e-05
0.32686067
6.7973036e-09
0.0010563013
1.0
3.1596e-06
0.0009923237
0.0076545803
0.080330916
2.7371145e-05
0.2408823
0.001129911
8.124529e-13
6.05338e-08
4.009866e-11
0.006236458
0.00011810938
0.002527781
4.192811e-07
2.6600146e-06
0.080330916
1.6705022e-05
0.042273615
6.8818634e-05
0.49553633
0.99376327
1.366441e-06
0.0005039712
0.04302349
4.756076e-05
0.018184375
2.1079545e-07
3.1817096e-06
