1.0
0.0011578187
0.29641813
0.003511947
1.039167e-06
0.0155916
4.78598e-06
2.148386e-08
9.6162385e-06
1.3060215e-10
3.2990336e-06
3.1938197e-07
3.0746844e-07
0.0028761933
8.579319e-12
0.9056663
0.030174736
0.61923724
0.8982282
7.319674e-07
0.0005340427
3.75848e-05
7.22283e-05
0.00056491536
3.9844542e-07
0.6165319
0.951077
0.18794437
0.009421343
1.8207314e-06
5.196805e-06
0.0031454142
7.175334e-08
0.00013954211
1.0318482e-05
0.5225969
2.8202e-06
1.9319152e-08
0.99587595
8.6549146e-05
0.0027072167
2.1861772e-05
8.695467e-05
6.321003e-06
0.0009918195
3.8691243e-07
0.0014907867
2.7535953e-05
0.65163845
0.99904746
0.00017074721
0.99992
0.0029809661
6.0511655e-05
3.257057e-08
0.99995065
0.9841244
0.0018723249
1.3848256e-06
0.0056218966
0.83995545
4.4224056e-05
8.936574e-09
6.31231e-05
0.00015621351
0.0028761933
0.99999964
0.0007495293
0.99999994
2.5139638e-05
8.485324e-06
1.1819521e-08
5.2463538e-08
0.9968384
0.00037327627
0.15564029
6.8724854e-05
4.0113313e-09
0.0002477792
3.5707746e-09
0.00018834419
0.0013822754
0.008189614
0.00019643478
0.06580652
0.001946973
0.10852822
0.0011921041
2.3705549e-09
1.6999087e-08
3.2418898e-06
0.00026473132
3.1773112e-07
2.0466618e-06
8.729534e-11
1.5038513e-08
0.00011917361
0.001077498
0.2740541
9.946571e-05
0.00071643
0.9998223
0.16367511
0.8726444
1.2769104e-06
1.551505e-06
0.99999994
5.2390574e-06
2.2057807e-13
4.4809162e-06
0.00026400643
0.0014869225
7.264825e-07
0.7703798
0.7703797
4.5490532e-07
2.2640159e-05
4.276875e-06
0.00018546291
0.10866291
6.6369736e-05
8.741739e-09
9.922351e-08
4.9324245e-07
0.92012316
3.258276e-05
8.337544e-09
0.0002856966
0.0013418697
9.946571e-05
6.370054e-08
0.73728657
0.0440386
0.00015313805
0.00872811
4.0883857e-05
2.4969102e-08
2.2057807e-13
0.09197717
3.3491465e-12
0.113281615
0.0006356951
0.92012316
0.027057074
5.6065046e-06
0.013233054
3.9844542e-07
0.08164505
0.113281615
0.0005506793
0.012999293
1.8338818e-05
0.000871876
5.412483e-05
0.00010727568
2.561883e-06
0.97589725
0.001946973
1.6319657e-07
3.6254516e-08
0.009958175
0.00015541419
0.99999994
2.3387295e-06
5.167311e-06
0.6120678
0.70319855
0.5171506
3.99657e-05
6.0670196e-08
4.415634e-06
1.0
0.00023319476
5.19276e-05
6.370054e-08
0.00030809097
5.8481663e-07
1.3519002e-06
0.00089343963
3.7234095e-08
8.488539e-09
1.0774697e-05
0.0002395635
0.024938934
0.01664099
0.01117499
0.00019991852
0.99996454
3.2268377e-05
0.99882925
1.387496e-06
6.31231e-05
3.7630628e-08
3.940018e-05
0.00011061814
1.0480631e-07
0.9964947
1.8060442e-07
0.00016337697
0.9903437
3.3387718e-05
4.0845013e-08
0.00012157469
4.3933927e-05
8.627031e-05
0.0007495293
2.452497e-05
2.5139638e-05
1.6743479e-06
4.5503323e-10
0.9996552
1.1059123e-05
3.198123e-05
0.05247113
7.623102e-11
3.629664e-05
5.369699e-05
5.9140773e-05
0.20822582
0.012999293
1.0
1.0
4.8238336e-10
0.0008324157
6.3330413e-06
1.4045451e-06
9.022158e-07
0.99857455
0.015282541
0.00013170874
0.0071058385
0.9999854
0.22834773
0.20472641
1.0
0.05606412
0.00054860185
7.434798e-09
3.7378368e-07
0.030174736
1.5189184e-09
4.74186e-10
8.2772225e-09
3.736694e-05
0.9804142
0.048319317
0.00036492303
1.0
3.3957207e-07
0.005493407
0.9968384
7.3505646e-07
0.007390677
0.9969843
0.006096458
1.8055982e-07
5.1301715e-05
0.0019278262
0.14334878
0.06546602
2.9092957e-05
0.0033938468
8.3260744e-08
0.9999998
0.9903437
7.1463575e-07
1.9798745e-05
3.0060924e-05
0.00089343963
1.6743479e-06
0.00019817136
2.3724435e-06
0.0002856966
3.6622072e-07
0.99999934
0.99969375
0.99993527
7.722848e-07
1.6999087e-08
0.0018343795
3.100502e-05
6.843259e-07
1.1473671e-06
1.6206036e-06
4.197371e-10
0.836502
0.16295886
2.0442994e-06
7.277109e-05
1.1145529e-05
1.2809359e-05
0.9969176
0.99949867
0.99429435
0.0033177382
9.922351e-08
0.134995
0.0012369403
0.00015308784
9.597151e-09
