1.0
5.419658e-07
0.00015435925
1.6060869e-06
0.99839467
3.5542148e-06
0.00040125914
0.0031008273
0.010638444
1.005566e-07
1.5201012e-05
8.768428e-08
1.8169916e-06
2.2482412e-07
0.09000174
3.477574e-05
1.1188684e-08
0.026855856
0.76361364
1.569298e-11
0.00041171204
0.99999934
1.3299107e-05
0.0002268298
0.9979364
0.0072850864
0.0049712425
3.8673278e-07
0.0033522677
2.4081546e-06
1.6112041e-08
0.44244978
0.014530689
0.03606995
0.0002474916
5.279528e-09
4.5460097e-06
0.18450269
1.997584e-07
3.4243087e-08
4.435335e-06
0.9995179
0.00069034146
6.186816e-05
1.1719439e-05
1.569298e-11
0.00720127
1.0121503e-08
1.1262056e-05
9.201733e-13
0.74442345
2.791595e-07
1.6351188e-07
4.3103093e-08
2.2482412e-07
1.0912276e-07
7.889948e-08
0.026202774
6.529395e-11
1.8490757e-06
0.600752
0.0001805463
0.9999997
0.011668997
1.1710625e-07
0.00013279669
1.0573102e-09
7.0185615e-06
0.035603013
0.0001493329
0.0019119995
0.0015614467
7.242223e-09
4.0176787e-05
0.00011111819
2.2913362e-09
1.1719439e-05
0.0020653373
0.0019239107
3.075895e-08
9.201733e-13
0.94654644
0.0029388336
0.00040402406
4.4759904e-07
5.050287e-09
0.008401568
0.0006448559
3.4748886e-05
1.3526183e-07
0.00055959704
0.0001431404
6.529395e-11
5.5818393e-08
0.0024903207
1.04653694e-07
0.0024434822
1.3460774e-09
0.7290662
1.8950488e-05
1.1419481e-05
2.4115812e-09
1.7818823e-09
0.0002474916
0.985509
1.10341025e-05
0.05481533
7.659819e-07
0.00035543574
0.040895294
4.6115557e-07
0.008774828
2.2422797e-05
0.99990004
0.018525995
1.2471442e-10
7.681577e-05
5.5665954e-11
0.00010505164
0.0037221613
1.9150593e-06
0.99974746
1.4705959e-05
0.10083815
6.820573e-10
1.750508e-05
2.6059718e-07
2.479749e-07
5.725594e-06
0.0005454409
5.3053114e-08
5.2429627e-08
0.0002474916
0.528672
0.0049712425
0.91509545
6.496196e-06
0.0004713015
0.002879187
1.3628272e-10
0.00089626695
1.724416e-06
0.0066532316
0.0006448559
1.0
1.50392e-08
3.102007e-05
0.27879772
0.95661205
3.8253693e-05
0.0006648648
0.00747001
2.3636265e-07
5.050287e-09
0.020651726
2.9762468e-05
1.0
3.7597595e-06
0.006213785
3.908772e-09
0.00636604
1.02296735e-05
6.66366e-05
0.0066532316
1.3877353e-07
1.3381151e-06
3.30081e-08
0.95470434
5.2697287e-09
2.3946884e-06
0.9999146
1.9876165e-06
2.1001009e-07
4.2789415e-07
0.0028727534
0.036879197
0.00020284978
1.753325e-07
9.6965225e-05
8.8875195e-06
2.0449745e-05
1.8950488e-05
9.881609e-09
6.6141115e-07
1.8193765e-05
3.0320045e-06
8.802183e-06
3.9826688e-07
1.2048922e-07
2.5874833e-05
2.3946884e-06
3.061273e-05
0.9999997
0.000115888615
0.0001770339
0.13799971
2.4666389e-12
4.0985742e-05
0.03580598
0.10341959
1.724416e-06
0.99890244
1.0197405e-06
4.2215177e-12
0.0007377241
4.750204e-11
2.1873555e-05
2.8517173e-09
1.8238457e-06
4.4491105e-07
0.9920688
1.1415036e-09
0.9995179
2.2593162e-10
5.498971e-07
6.842894e-07
0.29771298
2.0744031e-07
0.052416373
0.0020134354
8.3296624e-07
2.7500402e-08
4.564053e-08
3.5494559e-06
0.99974746
0.017539943
5.4788186e-05
0.035849243
0.02124697
1.3031308e-07
0.99999994
0.9717384
1.0914062e-08
0.0001770339
5.405076e-05
4.9635568e-05
3.5857963e-09
1.5544463e-06
5.0991056e-10
0.7290662
7.103544e-08
7.159433e-06
0.99839467
3.1969053e-06
0.1829793
4.9450514e-06
0.99764687
0.91316247
0.10404674
5.4531836e-05
5.1361613e-09
1.1419481e-05
1.6304794e-12
8.497774e-07
3.2873267e-08
4.245266e-05
4.1861967e-05
4.6459245e-10
2.3332503e-05
0.0016244156
5.382434e-05
0.0012927485
6.763282e-06
0.99987906
0.0038891733
0.99890244
7.866596e-06
2.366295e-09
2.3631628e-06
1.6028736e-07
7.4505573e-07
0.0014008539
0.003749061
2.2482412e-07
1.5012053e-09
5.524519e-11
0.9997066
0.003688694
7.692998e-05
4.8651975e-07
8.578303e-07
0.02282832
4.6796888e-08
2.972222e-05
7.693561e-07
3.5494559e-06
0.01515465
1.07575524e-07
0.9962543
0.023123363
0.045084674
1.8962278e-10
0.00075660046
0.99907213
5.587709e-07
2.1001009e-07
0.94654644
5.903822e-05
6.66366e-05
7.3192314e-06
