0.9999963
0.050613243
0.7197769
4.4089415e-08
0.99960303
0.9995293
0.99855864
0.999994
0.9995322
0.999994
0.99855864
1.9959603e-05
1.2587628e-07
2.2110229e-11
0.0060463473
0.06909155
5.0524563e-06
5.5840625e-09
1.0860985e-05
1.7426643e-06
0.0010080141
0.0073909075
0.0005921239
1.541964e-05
4.921627e-07
2.4363362e-07
5.4697647e-08
3.045197e-11
0.00063103146
9.942736e-08
2.1477537e-07
0.00017915177
6.494356e-06
0.8783046
1.6208277e-06
2.0358111e-06
8.3847844e-08
0.00019021753
5.5801434e-06
2.77889e-10
1.1193646e-06
0.99607927
2.8800093e-07
4.6432953e-13
0.00041501815
1.8403723e-08
8.907775e-06
0.023419458
3.744101e-10
0.00015925868
1.0918804e-09
7.386221e-08
0.0005921239
0.999898
8.55716e-06
0.08286425
2.1238547e-08
6.4415967e-10
5.6419083e-08
6.679574e-10
1.6481381e-06
2.929296e-08
9.5566575e-12
6.4796026e-09
3.47662e-06
1.2619781e-05
0.08286425
1.3296901e-05
2.5791708e-06
4.6072778e-08
2.706734e-07
1.07460645e-08
1.40209495e-05
3.413614e-08
3.554666e-11
3.1272614e-07
5.367572e-12
2.0325383e-06
4.6847575e-07
4.1133653e-08
6.2341075e-09
1.4433789e-12
3.595325e-07
9.932553e-05
6.1157575e-06
5.757104e-07
2.8464733e-09
2.4411683e-08
1.6228787e-06
0.009804001
0.9999245
0.00014299879
4.107734e-09
8.661142e-10
1.3853234e-07
0.00015182486
2.6388864e-07
2.748729e-08
4.0213766e-07
0.5961021
1.9086488e-06
1.08438645e-08
4.041356e-06
1.73522e-07
0.00011590685
0.9999952
2.5552072e-07
1.8647674e-05
0.30128446
9.822712e-10
4.0328032e-05
0.9999996
3.9045682e-07
0.99999994
0.0004771272
7.097231e-06
3.9878482e-06
1.4955502e-08
0.014377896
0.0018503238
2.8408956e-05
0.9998515
3.9878482e-06
6.954712e-10
1.4433789e-12
3.9468963e-05
0.0018929302
0.020107105
0.10842049
1.1447876e-06
0.9999989
0.81610245
0.00939824
0.477546
2.012525e-08
4.4447397e-09
0.008351671
5.9360655e-06
7.295809e-06
0.0018863668
1.5094978e-05
7.0056565e-08
6.4885286e-10
3.1438263e-12
5.3162513e-08
9.49808e-10
0.92642415
0.95448637
1.8463113e-07
0.00016567852
1.5876094e-05
0.00043979302
0.04333435
0.0012063346
0.07689858
0.99368215
1.0797926e-07
6.2297855e-05
1.7980591e-08
1.6773249e-05
0.70645255
0.9999999
8.127624e-07
3.690273e-11
3.0228358e-07
2.033149e-06
6.016194e-05
1.719695e-05
1.7060223e-07
0.5986007
2.5357651e-06
2.2336867e-08
3.3656434e-07
9.741323e-05
0.9999999
1.3516356e-05
1.4743274e-09
0.000940541
2.0358111e-06
1.5289916e-05
0.004645474
0.008262954
1.1895626e-08
0.12947622
9.137635e-06
3.19378e-05
1.5339705e-09
3.4700745e-06
8.061483e-06
1.6036044e-07
2.1933303e-08
6.5125234e-09
4.9192244e-07
0.0008402642
2.0041186e-06
0.063836366
0.9952394
0.015347713
3.0210192e-12
0.00010302045
0.0042911
2.8464733e-09
4.327113e-12
4.928597e-07
8.3158724e-05
0.0008691057
2.4262135e-06
9.700615e-09
0.9617879
0.0009814515
4.7215387e-09
1.3204937e-11
1.957391e-05
0.00037206654
4.4170156e-06
0.99999964
0.49191687
0.12919062
3.9042933e-13
0.9952995
0.00014596205
2.643642e-07
5.816189e-05
1.5321574e-07
0.0141421985
3.2495222e-09
6.4415967e-10
6.470145e-08
3.0010323e-09
9.376306e-06
5.3978132e-05
0.9982953
0.00011431996
0.07929662
6.9927565e-13
4.1628477e-06
0.9845108
0.13811643
0.0004384533
6.7337794e-08
1.0857068e-06
1.20285035e-08
7.043371e-05
1.2685932e-09
1.1895626e-08
7.395465e-13
5.0524563e-06
0.99999756
0.9935266
2.4468787e-05
4.1628477e-06
0.08730009
0.00011431996
1.8339904e-09
1.827288e-07
1.2685932e-09
2.3369335e-05
3.178682e-09
0.0035722924
0.9927278
7.396527e-08
9.085282e-06
4.1358103e-07
0.00063103146
5.4552873e-10
5.113798e-08
5.231853e-06
7.699874e-07
0.0018510971
1.2716417e-05
0.003935727
8.3158724e-05
1.0344256e-05
0.006187355
7.4837135e-07
3.1211536e-07
7.662553e-06
2.9565647e-06
9.008049e-06
1.0803606e-12
8.884746e-05
9.498391e-06
3.301224e-06
0.9871272
3.1547635e-05
3.424831e-08
1.1095505e-06
1.703609e-08
0.0017032259
1.4660059e-05
0.0040070415
1.5561132e-05
2.546888e-05
3.5088346e-05
2.366367e-13
4.1510786e-05
2.8248085e-06
0.0013957501
0.0009897192
0.00016169189
