1.0
8.775971e-07
0.0003859606
0.03419547
0.012599172
0.0002526871
0.003824698
0.00010750383
0.022937262
6.736343e-05
0.00062275585
2.6641994e-05
0.007149989
0.00010469252
1.0325245e-05
0.93450487
1.1071927e-11
0.48717567
5.2703496e-07
0.0007522205
1.0401823e-06
6.4023293e-06
0.00031311007
1.50149e-07
0.00011672551
6.736343e-05
0.0055586454
0.00016256627
0.98632157
0.022783784
0.0026912636
9.475798e-06
3.8787068e-10
8.905627e-08
3.0582705e-05
0.23351824
6.85667e-05
0.0012847565
0.008482764
6.021154e-06
7.4684e-08
0.027410448
9.352999e-05
0.00070563686
3.9144215e-06
0.00012276339
0.00062442565
1.3082293e-05
1.761164e-08
0.07389805
0.00767049
1.1045414e-07
0.20932712
2.4652551e-09
4.441333e-09
0.30097046
0.5898804
4.5725354e-10
2.099815e-05
0.9995122
0.00061614154
3.3909902e-09
0.018813074
1.2058881e-06
2.5935173e-10
0.00095650443
1.8612831e-10
2.3750424e-06
0.9999498
7.260607e-08
3.1116966e-07
0.00017323712
0.0062646433
0.05057724
2.748633e-13
7.257257e-08
4.5821407e-06
5.928892e-10
0.07283509
1.0
4.7190748e-05
0.9201393
7.75938e-05
0.99942297
0.9997189
6.6126515e-05
1.056979e-10
0.00010469252
7.2057736e-07
4.1908163e-07
3.2140856e-06
2.9193211e-13
1.1771145e-09
0.6884542
0.00015939662
8.1377316e-08
9.069086e-06
1.836036e-07
0.0047002616
2.3750424e-06
1.6713933e-06
0.00011773112
1.7594201e-06
4.753068e-11
4.989176e-06
0.114595816
3.0312012e-08
6.0734897e-09
4.5821407e-06
7.75938e-05
0.9989146
1.6625841e-05
0.20125313
1.0
0.00015668567
6.736343e-05
0.010797216
0.9744462
1.2806574e-05
0.56050193
2.7452952e-06
4.774082e-07
0.2754043
0.014120482
7.487313e-08
0.13195568
1.454921e-06
0.99986726
0.84197664
0.993619
8.537727e-05
2.881646e-10
0.0015994635
0.00014639065
7.136651e-06
6.530973e-07
0.00010377126
6.4164647e-07
2.6430687e-05
1.1391334e-08
1.385576e-06
0.00023140958
5.646567e-09
3.8068256e-07
0.000676192
6.754735e-06
1.6713933e-06
0.2142054
2.5564648e-07
1.4662577e-07
7.1549553e-06
0.0153535
1.5880563e-08
0.9999301
1.3410596e-09
0.97283447
0.74116886
0.003402326
2.2240147e-06
0.86772585
9.757567e-07
0.8041008
2.403719e-05
1.2092681e-06
0.057217196
0.23660032
3.2514134e-05
1.8766116e-06
5.927421e-06
0.00017200169
0.9999999
6.09156e-06
0.00845648
9.757567e-07
1.1880744e-07
0.999922
5.9390326e-10
1.0121986e-06
1.6528771e-08
8.537727e-05
1.0129387e-07
0.007149989
1.8041455e-07
0.0011696907
0.9999954
3.2293797e-09
5.7172857e-11
0.01345206
2.3842516e-05
4.9607414e-05
0.28284025
1.11031045e-10
4.9160817e-06
0.01175911
0.3528914
0.466167
4.989176e-06
1.0
1.413833e-05
4.2784924e-07
1.1353044e-07
0.00020578595
2.8265069e-11
2.0278632e-05
9.980485e-09
1.0
1.3082293e-05
0.9201393
2.5994834e-07
5.9030786e-05
0.000371782
6.127297e-05
3.269828e-09
0.00017261994
1.0633638e-06
1.7594201e-06
0.01595508
4.753068e-11
1.6519116e-06
1.6345031e-11
9.781514e-12
6.892375e-07
9.827536e-12
6.080157e-08
1.5439153e-05
1.2232193e-06
0.00011773112
2.8139566e-06
0.98232657
4.055963e-08
1.761164e-08
0.0024572848
0.9175486
7.257257e-08
5.5095745e-07
1.0235284e-05
0.9902486
0.35922605
5.747183e-09
5.506911e-10
7.257257e-08
9.5260475e-08
0.9701481
0.9973406
1.2360044e-05
0.070232965
0.00017855965
1.494314e-05
0.99840575
2.2089892e-09
0.9951789
9.214977e-09
2.1577964e-05
0.00089652406
1.2265667e-07
0.005558661
8.372064e-08
1.7749772e-06
6.352255e-07
4.9775117e-09
0.0017108594
1.3928726e-05
0.99993646
4.081778e-06
2.9521755e-07
2.373368e-10
9.258671e-07
0.9998306
0.022798652
0.016683836
0.9986976
6.6987764e-06
0.30097046
0.23212104
0.004168906
0.025191618
2.7348315e-05
6.861705e-09
4.558925e-07
2.7205154e-09
0.00026519972
5.2808673e-09
6.709864e-05
0.00011560805
0.99780184
0.00026519972
9.607682e-09
0.99840575
1.5277223e-05
5.6584724e-08
0.000230512
1.2870731e-05
2.2730956e-06
1.3330954e-06
8.685567e-08
6.393898e-05
4.498075e-07
0.00030917936
0.0018969779
0.8488893
