1.0
0.99999493
0.9999687
0.9999995
0.999963
0.9986545
0.9999911
0.9998669
1.0
0.9999993
0.99999344
0.9995698
1.0
1.0
0.99999905
0.9999539
0.99999994
0.99999917
0.99999946
0.9999801
0.9999994
0.99986595
0.99999994
1.0
0.9999993
0.9999995
0.99999833
1.0
0.9999997
1.0
5.369057e-08
0.0027042134
1.4602671e-09
0.56234527
3.339109e-06
0.26412693
2.5456117e-07
7.739561e-05
0.053742994
0.99997425
0.9955051
2.0276982e-08
1.1301694e-06
0.13135196
1.947097e-08
0.97138464
9.673966e-10
0.0028640574
7.102012e-07
0.06869315
2.4024586e-05
5.598298e-06
0.00025849935
0.00014557564
4.725608e-10
3.2522024e-08
2.5946383e-08
1.7870581e-05
2.7549527e-09
0.91934776
2.4073268e-08
6.544942e-06
5.557817e-09
5.6561115e-05
5.3890428e-08
4.815758e-06
0.04274255
3.414725e-13
1.6809311e-08
1.6788042e-07
0.9967379
1.8327045e-08
1.7163838e-05
0.00018978526
1.2099437e-07
0.008464879
0.99999607
0.94266564
0.99898463
1.6212283e-09
0.9999993
0.0037906435
4.244567e-09
2.3516222e-07
1.2558935e-07
6.16382e-05
1.7194177e-05
3.6576917e-09
2.9665006e-08
2.6425204e-07
0.00070253486
0.17214711
1.0388579e-08
1.2710931e-06
0.00025903425
6.0105227e-05
1.57406e-06
7.590555e-08
0.021505387
7.2170847e-09
0.00023286616
3.7036416e-06
1.024507e-05
1.2498215e-09
3.623852e-06
1.06584764e-07
0.004265659
2.4551312e-06
1.9055047e-11
5.88351e-07
4.8029614e-07
0.99959564
5.7965938e-08
0.9966961
0.13157097
3.3556944e-08
0.5617188
9.371478e-06
0.06025854
6.08681e-06
5.9432274e-05
0.71416414
0.00014557564
3.339109e-06
0.00021513928
1.5699591e-08
0.94899285
0.00030393855
1.863026e-07
6.0400387e-05
2.4222709e-05
0.00030627052
1.863026e-07
2.2242918e-07
9.673966e-10
1.064145e-06
0.00018978526
0.999728
3.7098158e-05
1.3700235e-05
6.030487e-06
3.1236953e-06
1.4432891e-06
2.8615443e-05
2.7358103e-06
0.00012435917
0.00085422385
5.819318e-05
0.98921484
0.0017398387
9.174974e-09
0.15607508
4.4395233e-07
0.002054238
1.9239934e-09
2.0594903e-06
3.973627e-06
0.98465776
3.7753543e-09
8.043845e-08
3.6406624e-07
4.648362e-10
0.00070253486
1.4453605e-05
1.3160426e-05
0.0052972343
0.00012940816
0.00036944624
1.6742595e-12
0.019757643
2.2250724e-05
8.884221e-05
2.2258619e-05
0.99999607
1.3998225e-08
0.06025854
5.697728e-13
1.4806245e-06
0.00013906152
4.9665746e-06
5.81863e-05
3.414725e-13
2.0281934e-08
0.00027696107
0.00023902049
2.9736426e-05
3.079988e-11
8.6600903e-07
0.0006345075
1.0774273e-06
8.4189486e-07
1.8218227e-09
5.900001e-07
1.2354326e-09
0.88336414
0.00015542071
3.5308607e-05
1.8424591e-05
0.03315497
4.118165e-06
0.00021686679
2.1321372e-05
2.7549527e-09
3.7611158e-13
0.038082264
0.00062328286
1.742347e-07
3.471938e-06
2.9654952e-05
0.053316258
1.647937e-06
1.8199454e-07
1.3466797e-06
0.0029422727
0.9140325
5.0185776e-05
4.1657277e-05
1.434761e-07
0.54021823
1.0022109e-08
0.9999995
1.5773132e-07
6.296823e-05
4.2253538e-05
0.08414076
0.0013008106
0.9738357
2.5256537e-12
1.5138863e-12
7.766852e-09
2.4203982e-05
0.03337123
0.99959564
0.06869315
2.6464928e-09
1.8987426e-05
0.0026333728
6.0400387e-05
0.0009714119
6.7958417e-06
2.5713948e-07
0.067430824
4.740497e-13
0.000929049
0.0013521868
0.006180407
3.5866737e-08
0.0022987842
0.0036120673
6.5615835e-10
1.8881384e-06
1.1090405e-06
5.2179723e-07
1.8424591e-05
0.009287531
0.0023825332
1.1111091e-06
0.00011995698
1.5581655e-07
3.5408064e-08
0.021230547
0.00011291759
0.008078871
0.9994256
8.979445e-06
0.002054238
0.00033565192
4.901997e-09
0.011254829
0.00046690548
1.405954e-10
1.4688429e-06
6.030487e-06
3.5408064e-08
8.4228486e-05
1.8692854e-09
1.0605928e-12
2.4126439e-09
0.97015125
8.251976e-06
0.9696279
0.0016741076
5.9253927e-07
6.334542e-12
2.6299045e-07
7.222111e-09
0.99984014
1.4174413e-09
0.99956083
9.397713e-09
3.958668e-08
1.3266552e-05
1.4789189e-08
1.7168514e-06
1.064145e-06
1.8987426e-05
1.299877e-05
1.5543408e-07
1.0
4.504754e-10
