0.9990138
0.20092964
0.9081208
0.0022669532
0.00070742925
3.020139e-07
0.9989827
1.7861353e-06
0.9998761
0.9999939
0.6131738
1.6069433e-06
3.6795817e-07
1.4930853e-07
0.99974614
4.9041046e-05
1.516753e-06
4.7488297e-10
1.5162502e-12
0.98138034
0.0008430286
0.018267075
3.247963e-07
0.02843656
0.12752312
1.2454726e-05
6.767493e-05
0.9703933
7.086911e-07
2.5325457e-07
0.14376134
2.2223476e-09
1.8817906e-10
0.04845037
0.19620052
4.324044e-08
7.3962337e-06
0.12507208
0.0014188085
0.0031874445
0.0006211089
0.7484748
0.012743029
0.00032439068
6.0913164e-05
0.019484378
0.99759156
4.479765e-08
1.9385463e-06
3.2984886e-11
0.00018485628
7.807225e-08
2.104253e-09
5.993979e-09
1.3356226e-06
0.9871542
9.23287e-09
3.5291884e-12
8.785005e-05
8.514271e-13
0.8240417
2.1135828e-07
8.93863e-06
0.0016392643
1.56156e-05
0.53062797
0.0052200486
1.2167063e-06
0.0013947118
1.1732389e-07
1.5699536e-07
1.2199521e-07
1.0564725e-07
0.9762651
1.9926578e-07
3.6795888e-07
0.8497607
0.9728956
1.7927914e-09
0.00017630718
4.730237e-09
0.24852791
0.00056480954
0.4471262
3.2564533e-06
1.0
2.6738217e-08
4.407764e-08
1.5384079e-07
3.5186673e-07
7.925581e-06
0.0008307532
3.030745e-07
0.0022669532
0.0010701305
2.1565425e-09
0.00012350135
4.580036e-05
0.00289109
5.251545e-07
1.6534561e-05
4.9308626e-05
1.46669945e-05
0.001766294
1.8070128e-05
1.3305538e-05
0.030188067
5.3361306e-05
6.97236e-11
2.7391886e-06
0.0026138048
1.7507984e-06
0.0004975285
5.993979e-09
0.0041390634
2.4446736e-06
1.0395989e-05
0.9999999
9.827489e-06
4.378068e-09
1.5928089e-06
1.6671876e-09
0.00012350135
9.180907e-06
0.0052356864
0.9738356
0.00016864954
1.151548e-12
2.786586e-10
0.05482557
0.00028059728
0.0028865326
3.3147453e-06
6.300259e-05
0.20278421
7.470532e-06
8.89125e-06
6.2365575e-09
0.09651062
0.9999424
7.642324e-06
1.3122147e-07
3.790125e-12
2.7597378e-07
0.0077916095
2.1059044e-08
0.021780603
0.00021490495
1.8680352e-05
7.837026e-06
0.00537731
8.620374e-07
3.944266e-07
0.99191993
0.017788503
0.9626928
4.7255458e-07
0.00032439068
0.0022334144
0.20278421
0.0011031401
3.7553446e-07
8.170116e-06
0.0010565283
1.8347854e-12
1.0
4.084793e-10
0.00054058066
2.1571707e-06
4.9041046e-05
6.3729126e-06
5.020774e-06
5.5553606e-08
7.728305e-11
2.210147e-10
1.9385463e-06
0.00025558306
1.6497988e-06
0.00023923983
9.5210524e-08
1.4907164e-07
0.0051888367
2.1008842e-07
0.927144
0.20092964
3.1079821e-06
2.4632629e-05
3.951427e-05
4.712895e-05
0.140661
0.14655422
1.6671876e-09
0.017592864
5.251545e-07
9.691493e-06
5.197064e-07
6.9804196e-06
2.820197e-10
2.41763e-05
1.4657532e-09
1.3026866e-05
0.00037852945
1.1335478e-05
4.2015088e-07
1.0177837e-08
0.002691823
9.913116e-07
0.00062675634
4.2551877e-05
1.156793e-10
2.632901e-07
1.9794709e-06
1.6850486e-13
0.25538227
0.0002929019
2.2004087e-05
0.99932486
7.660704e-06
2.1501386e-05
0.0013858665
1.7135315e-05
0.0223744
2.1398405e-06
9.547348e-08
4.2174543e-07
0.12752312
2.1367065e-08
2.2276763e-06
0.2503041
0.000222836
0.0031874445
1.1392116e-06
8.0969335e-07
5.251545e-07
7.578675e-09
0.99602383
1.6077297e-06
0.8792836
5.4832926e-05
1.077712e-06
9.322532e-06
6.731385e-05
1.0
0.34682435
9.227649e-06
0.001762466
0.9999975
0.008465176
0.9993014
4.8468028e-06
0.9830468
2.3044848e-05
0.8816323
0.3648787
0.30796507
6.712937e-05
1.0
0.00032965202
4.6370155e-06
0.14655422
0.00014437408
4.4762874e-05
0.2503041
0.9999985
0.8965995
2.8125614e-06
0.99996877
7.974491e-08
0.53062797
2.3671264e-05
8.546537e-09
6.377682e-05
3.484608e-08
1.3779009e-05
0.0002929019
1.5133784e-08
4.9308626e-05
8.203532e-06
4.7642694e-05
2.345449e-05
0.06996597
0.00022078122
0.00025861643
1.077712e-06
8.685021e-06
0.62174594
1.8255838e-08
1.9876657e-06
1.8206912e-08
2.1214608e-05
2.6189846e-07
0.9980308
1.4215556e-05
9.555156e-06
0.0059415675
1.96332e-07
1.0650953e-06
0.9996755
0.95282954
9.429738e-05
