0.9990011
1.0
0.9919861
0.14873455
0.9793682
0.015271207
7.2561393e-06
0.18945046
2.1133137e-06
0.00011517694
0.0002421421
0.012792759
1.06829e-05
3.3865068e-05
3.0258636e-08
3.916115e-09
2.2176114e-07
8.732811e-05
4.8427e-06
7.343858e-05
2.1043697e-05
0.004652371
3.0716958e-09
0.022903409
5.2627125e-05
1.6451335e-08
5.818429e-11
5.2402487e-07
4.4848522e-07
1.4384287e-07
0.45059517
5.5725697e-05
0.99999994
0.012692963
1.6740809e-05
7.90143e-06
0.00015943401
2.985966e-06
1.0
4.0124407e-05
3.9606548e-05
5.4849346e-07
0.005647446
3.1763912e-09
6.684681e-11
1.5925258e-05
6.25623e-08
1.926431e-06
0.0695518
0.8791257
0.0002421421
8.750067e-06
0.9994777
0.90168905
0.0014052852
0.594072
4.356522e-11
2.445676e-07
7.229445e-05
9.5215974e-08
0.5934604
4.2604664e-05
0.12083174
1.0
2.9627947e-07
3.286904e-05
0.015271207
5.6647746e-06
1.2274116e-07
0.831965
0.99935424
2.2664959e-05
6.3757184e-08
0.0024209414
4.4848522e-07
2.9627975e-07
0.14556095
0.000373474
0.00069261366
0.5905189
0.00011723182
1.0
1.1537026e-06
4.2501466e-05
3.3194226e-07
1.1447418e-06
0.00012793753
6.6381096e-09
0.0008253055
3.3542372e-05
0.9996215
1.1971718e-05
1.5093772e-08
1.0
6.410269e-07
0.7924677
1.2409829e-06
0.000991811
0.24343117
0.0009764741
9.345323e-05
1.5244069e-05
0.038079187
3.2996608e-10
0.0005439317
2.820332e-06
0.0020846825
0.19833326
1.0321254e-07
0.9736999
0.99999994
0.00022989917
0.9999155
0.9997461
0.83400226
0.00016071461
0.033514578
0.5014153
0.0015857182
4.717068e-06
0.012933633
4.7066513e-07
1.15036e-05
0.00090555823
1.0036188e-08
0.9999491
2.6160063e-05
1.9321868e-05
3.246218e-06
0.0010144217
0.0010588247
4.435031e-06
3.405075e-05
8.848597e-09
1.7714804e-07
0.99999994
2.5965746e-06
7.129789e-05
4.0205177e-07
1.5132688e-08
6.368165e-05
4.814252e-06
1.9250432e-09
3.46055e-06
0.45871425
1.0692786e-05
0.00094746513
9.405977e-06
1.5161025e-05
7.3636756e-06
1.4137585e-06
2.3872642e-05
0.007230381
0.07777053
0.00043811178
0.99258554
0.9993217
0.34407645
1.5882765e-06
0.9874269
2.833826e-06
0.0016278405
0.99256194
1.1631167e-09
0.030661272
1.4596863e-05
2.5341202e-05
4.878058e-07
3.080239e-06
0.0010127655
0.9760889
0.89817655
0.00014850986
2.2811248e-08
6.941115e-05
0.99989223
2.484647e-07
0.050542388
0.9999983
0.07577038
0.0018642889
9.045489e-05
0.00012254142
2.47098e-05
0.038079187
0.00012511123
0.00021169514
1.3015042e-06
0.7198184
0.00022989917
0.015418312
0.1936615
1.926431e-06
0.037576288
0.99954975
1.9250432e-09
0.5583974
0.08044342
0.7749503
0.027556287
0.00626842
2.833826e-06
1.0486092e-05
1.06303985e-11
6.25623e-08
0.99999845
2.2811248e-08
0.034074206
0.00014349297
1.4007424e-05
0.02770048
0.30568165
1.4599118e-05
5.987108e-06
1.2535769e-07
2.7762013e-08
1.5268139e-08
1.0359269e-09
8.302176e-08
1.5123133e-05
1.5161025e-05
4.602768e-07
1.5695596e-05
0.00014536813
0.9861141
0.009178309
0.00022989917
2.960121e-05
6.2270487e-06
0.00014770405
1.0
7.764278e-08
0.06008272
1.39717495e-05
1.1706727e-05
0.0002421421
1.6598182e-05
0.037425637
0.0004347494
0.9994065
1.3673868e-05
1.0201047e-07
0.0024209414
0.83400226
4.7977514e-06
5.928103e-09
5.668232e-10
7.41421e-07
0.07777053
2.0005167e-05
0.0036360298
0.00035596083
0.00022989917
0.99919915
0.1755662
0.020791195
3.4976827e-10
0.99935424
0.00034654967
1.5268139e-08
6.8375903e-06
7.2561393e-06
0.9941681
0.9908357
0.57180077
0.99998087
3.275031e-06
5.5630693e-07
2.0812632e-07
0.83400226
0.00028420863
4.995271e-07
1.04659684e-07
5.1362313e-05
0.0001546318
4.828598e-06
0.9959785
0.00020381878
1.1100637e-06
4.0806353e-07
0.001760008
4.023075e-06
0.055694826
0.831965
4.870917e-06
0.0014052852
0.00015698056
2.6993305e-07
3.841691e-12
2.415512e-07
4.1875023e-06
0.3409116
3.283674e-05
0.0001308218
0.99772936
2.5420896e-09
0.00018345682
1.1537026e-06
0.0009787201
3.01363e-08
