1.0
1.0
2.5487665e-08
6.4513284e-07
4.297583e-09
3.3009844e-09
6.8087124e-06
0.9804446
6.644015e-05
5.7805246e-06
9.776375e-06
0.6655074
1.7426211e-06
4.9401354e-08
0.042853195
0.00012225687
5.254596e-07
1.590237e-05
0.00017980172
0.04545112
0.0038451878
2.7909136e-06
1.2060815e-10
0.00022082837
2.5389593e-09
0.9999986
4.061304e-06
2.3996834e-05
4.8353897e-08
7.702327e-07
1.2420007e-07
0.9992669
0.0455032
1.2571404e-08
0.054355305
0.93701667
0.63360643
4.1650585e-09
3.6208825e-05
0.9875018
0.00017980172
3.533303e-05
0.9921118
6.6172433e-06
6.950501e-07
2.7854415e-07
0.00017513432
0.012266289
0.10610277
7.7753204e-05
1.2548663e-05
0.009541393
0.0091985
3.7296093e-05
2.7850637e-08
0.00022082837
2.8767809e-06
3.670159e-09
0.07962539
5.4302086e-06
5.4210405e-09
2.1547621e-09
0.0028871035
1.8706103e-11
1.2261165e-07
0.0005379892
0.63619334
1.6292475e-06
0.12056448
4.3126736e-10
0.0031717329
1.075162e-08
0.044641644
0.022575509
0.00014981683
0.1032006
2.5246261e-05
5.706498e-06
4.775386e-11
2.279293e-05
1.2810483e-05
1.11615755e-07
0.00013176553
5.3671197e-06
4.636046e-07
0.0021318782
8.065836e-07
0.07962539
0.0001489887
3.1623251e-06
1.0000932e-06
0.00065191
8.235585e-06
4.847339e-08
4.3126736e-10
2.6781506e-06
1.8387169e-05
7.725332e-10
0.00017980172
0.95113885
7.753694e-09
0.0005709888
5.407476e-06
8.497874e-08
7.0324444e-05
0.00033955387
6.6172433e-06
7.972885e-07
0.0009497816
2.9808105e-06
0.00017602027
2.3018623e-05
9.908336e-05
0.9999986
0.0050030607
1.2606987e-06
8.3545455e-09
0.99950016
0.00014423703
4.495113e-06
0.020183485
6.61342e-06
1.1956729e-07
1.7690223e-07
5.3956563e-07
1.015638e-05
2.2522725e-06
0.04520208
0.0016152391
0.00017513432
5.637294e-07
1.2060815e-10
0.31532866
0.32339108
5.314994e-08
3.813064e-06
0.001141801
0.8161121
0.00018161506
7.1135146e-06
6.697016e-09
1.0891522e-05
0.02791773
0.0020703843
1.5095822e-11
2.7269456e-05
5.461956e-07
1.2670925e-05
2.477253e-07
0.012266289
9.308463e-07
1.7171429e-06
0.7115919
1.2497536e-05
5.190793e-07
0.0007608555
4.189817e-07
2.5008902e-08
1.4604299e-07
0.9121749
0.0004305025
1.8068897e-06
0.00020810321
6.609502e-07
1.4600636e-05
0.9894633
3.3943665e-10
0.999919
6.669618e-07
3.2732544e-06
2.9714824e-09
1.9385654e-05
0.9951265
1.4455314e-05
5.813407e-07
3.508511e-07
0.21035649
1.3024058e-12
4.5011016e-05
0.00010296457
1.7762418e-10
0.001141801
0.0061215363
1.37512325e-05
0.2777922
0.90352136
0.9999689
0.037922338
0.25414193
0.0001451021
1.7057587e-07
0.033417225
6.614364e-08
5.260788e-10
3.8585664e-08
0.9993524
4.5011016e-05
3.2538612e-06
7.599521e-07
0.0005689765
4.4488656e-06
0.12801296
0.026321981
0.04526217
1.6600084e-06
2.6142656e-05
0.00042684234
0.9612008
3.670159e-09
4.636046e-07
3.3994607e-09
0.0007505707
0.9962133
0.18272638
1.129566e-08
0.0007833791
0.00010268248
0.19633682
0.0061595095
0.99842423
0.9918584
3.3499246e-09
5.771859e-07
0.20024626
0.029500274
5.461956e-07
1.2400587e-05
0.0057348013
3.840406e-06
1.3210093e-06
7.753694e-09
0.78873867
0.0008964181
0.95476294
2.7854415e-07
1.0686833e-05
3.213664e-07
4.0281408e-05
0.95113885
0.00015886765
2.9604635e-12
0.00014981683
1.973023e-12
0.9997535
0.00038592928
0.7184254
0.00047194012
0.00018890423
1.5473009e-07
0.02566812
0.9996184
0.0001489887
0.0044439263
5.4412325e-12
1.0
0.013004922
3.7395482e-06
9.150577e-07
8.383032e-07
0.20434758
0.0015137482
2.7850637e-08
5.0704703e-06
4.5658457e-05
1.9950678e-05
2.4448532e-06
6.018724e-09
0.9918584
2.266362e-05
9.568608e-05
8.176221e-07
0.03587217
1.3708144e-07
1.37512325e-05
1.6322609e-10
8.3809144e-05
1.7034297e-05
6.9223603e-07
0.26739836
0.00798674
1.0
0.99999994
9.748436e-06
7.5816985e-07
0.0057348013
0.9997943
6.0796974e-06
0.99999255
0.9735574
0.20024626
0.89932424
1.795086e-05
0.04520208
8.804358e-06
0.082926385
0.014261723
0.83069265
5.190793e-07
1.2038141e-06
3.7944872e-08
