1.0
1.7854833e-07
5.426109e-06
5.898201e-10
0.99902046
0.16631526
0.014854121
2.1000499e-06
7.484457e-08
7.599551e-05
3.486857e-06
5.4397927e-11
1.5124399e-06
6.256552e-08
2.4078961e-08
0.0012401314
0.9999262
4.6224402e-05
0.9999694
0.4914483
2.4248257e-06
4.213307e-05
6.183494e-06
0.0002448642
0.00012913648
0.0060893837
8.5978144e-08
0.0061673406
2.5340364e-07
0.70376015
3.671103e-05
7.8409647e-07
0.00010058558
0.0018863309
1.7085934e-09
8.4288635e-12
3.5813566e-06
0.0016066955
1.3613782e-09
5.8706805e-06
4.2362576e-06
0.00021775173
0.96861184
1.0
0.008348922
1.0985801e-06
1.1829691e-12
6.92277e-12
1.4672721e-06
1.16304456e-07
0.02137559
3.8317953e-09
1.3007271e-09
0.034362614
4.2430842e-05
1.2746598e-08
6.878838e-11
0.26177073
0.0001492845
0.05227492
6.8646645e-05
0.0033403707
4.9154824e-05
0.9987311
7.599551e-05
0.0017695423
3.6786334e-12
0.10033887
0.00017563267
4.880868e-06
0.064834066
6.737659e-07
0.07692883
1.7124788e-06
5.1077486e-06
9.1617534e-05
5.1291835e-08
0.9849785
3.03675e-05
3.1404581e-06
2.310692e-08
3.03675e-05
0.9998474
0.00029028094
5.438662e-11
0.90849614
4.3418705e-08
0.9835945
3.6780666e-06
0.6748135
0.9938648
0.003068769
0.0042003025
3.3716294e-09
0.00024076336
5.2571323e-07
4.195137e-06
0.004077323
6.139923e-07
3.9484953e-06
1.9891814e-07
0.077117234
3.236874e-08
0.0001350211
0.0003868546
0.00036437047
0.00018761022
1.1443126e-05
1.0543067e-05
0.0042003025
2.0713242e-05
0.00029130784
1.0318278e-06
0.008901871
1.16164784e-07
7.805762e-09
5.955766e-05
0.0061673406
6.543386e-07
3.4924033e-05
2.32546e-07
9.676247e-05
7.5623745e-07
2.552729e-05
0.00021893358
0.043890066
0.9999704
0.39955842
0.0001648924
1.0380901e-05
0.99975127
1.7193718e-09
1.4231688e-08
0.0012794025
0.00023476263
8.819896e-06
1.1833596e-06
6.4099055e-09
0.0033403707
3.954689e-09
2.3243401e-05
0.18133508
0.8496894
1.1833596e-06
2.7534407e-12
0.9841612
1.3446748e-07
7.7610834e-11
0.002319962
9.389227e-06
0.029606713
4.7985386e-06
9.635733e-05
2.4617874e-09
1.4314856e-12
0.007509355
3.671103e-05
0.0003868546
1.3193119e-09
3.811606e-08
4.0461317e-05
0.00042180723
1.9218294e-05
3.9393643e-05
0.004130044
3.6374179e-06
0.000111207555
1.3908655e-05
5.530363e-10
0.9795484
0.0001533163
2.0541694e-07
3.9298036e-05
1.7016408e-12
4.69043e-08
2.9105443e-06
0.0026528148
0.9704665
3.6786334e-12
0.7576618
1.122151e-06
0.9912551
0.5036665
4.0593997e-07
0.00048645405
7.170184e-10
6.973872e-06
0.004629551
7.005496e-08
7.385077e-09
0.011643168
7.699449e-12
0.0016954602
1.885098e-07
2.0997363e-07
6.3821058e-12
0.115257986
0.981634
5.3418935e-06
5.170525e-06
0.011613431
1.1443126e-05
3.3585488e-06
0.00012596224
3.1743042e-05
3.0829e-05
8.012439e-12
2.1284643e-05
0.08316698
1.570368e-05
6.468714e-08
0.006675549
7.405858e-05
4.460734e-12
0.038207535
0.7088257
0.0005381225
1.5119855e-11
1.0063175e-12
0.31969237
0.00010058558
8.9422385e-05
0.17012903
0.022156823
3.375059e-06
0.004329473
3.5812597e-08
3.6710997e-05
2.9650644e-07
1.0259021e-05
9.567678e-11
8.139364e-05
5.1817256e-06
1.0621699e-08
0.00014094356
0.00091065804
1.4899441e-08
0.022325546
0.008901871
0.00481028
0.9999968
0.03621306
8.505448e-06
0.05710682
2.983519e-05
0.790206
6.224424e-09
2.1943404e-06
0.00227152
4.2891894e-09
8.657777e-09
0.0031510978
1.9962826e-10
6.737659e-07
9.567678e-11
1.2569137e-10
0.6941306
2.407166e-08
2.2775766e-05
2.2775766e-05
2.6832092e-10
2.7571743e-05
0.00040579154
2.6120322e-08
0.00036940436
0.0061673406
2.2757149e-07
0.014239022
0.31969237
4.4321005e-06
1.8468252e-05
0.4972496
0.9999998
0.0022497422
0.92478484
0.27061334
9.025211e-11
1.2940881e-06
2.7696224e-06
0.00016767529
0.0001487525
0.9987311
2.4363135e-06
6.2729814e-05
0.0017433496
0.00012596224
0.0019910196
2.9882742e-07
2.1167642e-05
5.2800253e-05
0.002040443
6.358316e-08
3.37358e-08
1.9029218e-06
0.010667467
5.188515e-06
1.6430075e-08
6.973872e-06
1.3486062e-06
0.0010898333
