1.0
1.0
2.605609e-07
0.039506197
8.00438e-07
0.008583505
1.249424e-08
0.072745636
0.9832762
1.0614059e-09
0.0005656459
5.73862e-08
7.455033e-05
6.915505e-06
0.864995
0.28549853
4.4945626e-08
0.008555503
0.9813059
0.0110496795
1.5060808e-06
0.98826396
0.5614067
3.058361e-05
6.642418e-07
0.0006578797
7.608555e-09
2.0824915e-10
0.0024246606
0.00018055523
4.0265416e-08
3.3836918e-07
1.9452697e-09
0.00039192222
1.0
1.13424665e-08
0.036497958
3.7312552e-06
0.0010752487
3.5722794e-06
1.06493735e-05
1.7700613e-08
0.0056770933
2.3650497e-09
3.7553193e-08
0.003006345
2.640248e-06
5.1246707e-10
0.99982715
2.0646015e-08
4.412898e-06
0.00015210219
1.4349936e-07
0.00210769
0.0002530087
3.393813e-05
3.905177e-05
1.2372309e-05
7.040568e-11
3.321895e-05
0.0011185121
3.2369562e-06
9.6926306e-05
0.99111426
0.000262527
7.2961153e-09
4.62018e-06
0.0001265308
0.0016052916
0.0003063482
0.039672125
0.0008222594
1.0
3.3319359e-06
0.011945155
0.35779175
5.3420567e-06
0.9918453
1.7414982e-07
1.4921167e-05
1.5072164e-05
0.095693834
3.038616e-06
3.8016187e-10
0.008787781
2.2393433e-05
1.2240326e-06
1.2485804e-06
0.94409925
2.5293382e-06
0.1244984
1.3799791e-09
6.967123e-11
5.0750015e-05
1.46999275e-08
2.9349695e-10
7.385728e-08
0.03326636
3.6579237e-08
1.1936135e-06
0.072745636
0.00013709176
1.28619695e-05
3.620565e-05
2.1017112e-08
0.00019307838
5.6373075e-05
0.12416332
1.4135347e-06
0.00082719943
0.053454768
0.003335049
0.41338298
2.7026992e-08
3.397042e-07
0.00021964719
0.00015194998
2.6017901e-06
5.7411225e-06
0.0006578797
3.3812532e-07
1.5352312e-10
1.9815397e-07
1.9148976e-05
1.3531256e-06
0.5285521
1.8488699e-07
0.04933836
0.99999845
0.99999994
3.3064703e-06
1.2196824e-09
0.029121615
6.142963e-07
0.005315353
2.2009057e-07
7.555003e-06
7.608555e-09
1.919472e-11
1.0
1.05833e-07
0.99998206
8.2905906e-05
0.040016297
0.006146339
0.03896136
0.00017479132
0.98242414
0.002055175
6.393502e-05
0.00019307838
4.480177e-06
5.3448947e-11
7.273123e-07
0.67828095
0.9983131
6.181256e-08
0.9948613
0.00011206524
2.8884899e-05
1.3531256e-06
7.555003e-06
0.008126907
0.040062528
0.24468137
2.003726e-09
0.016310347
0.0020652234
1.2047416e-09
0.99999845
0.33613244
3.7116656e-09
8.174559e-06
0.0003063482
0.004803186
1.9133584e-07
0.9965886
0.0006578797
1.360511e-05
9.090439e-09
5.068493e-06
0.0033820984
5.102385e-05
5.099801e-07
0.24343684
0.007870025
0.9999914
1.4242059e-12
0.99577105
0.008787781
4.1600685e-11
0.9999914
0.00077728636
1.0887243e-05
0.0107739
6.997923e-07
3.1127256e-05
4.1876174e-09
5.087617e-06
1.4429753e-06
1.5060808e-06
0.03127121
0.66591144
2.581542e-08
0.99563795
3.6403475e-05
1.2349546e-05
0.0025727076
0.004803186
1.2355905e-07
8.174559e-06
3.356086e-05
1.3935201e-07
1.9269471e-08
2.4213962e-06
0.034010608
0.002561999
4.0222358e-07
0.99996763
2.4974078e-10
2.3235632e-06
0.60273045
0.09397311
0.00018586122
0.0011022304
0.8614044
1.7434023e-06
1.1073886e-06
7.7871755e-07
1.6521458e-08
1.4727262e-08
0.00050230126
2.8628747e-06
3.5060427e-07
0.0072814217
2.2363028e-13
0.025328144
0.6815933
0.02388495
4.7211092e-06
1.3250712e-10
1.4402243e-06
0.0029618992
4.716689e-08
7.026799e-06
9.407392e-10
2.3929215e-06
1.7533532e-06
0.02321466
0.00027002592
4.1951903e-08
0.033067435
0.00024531616
1.267251e-09
0.9999657
5.7411225e-06
2.327798e-08
2.0469487e-08
0.00138461
0.98968154
6.25876e-08
3.6136099e-09
4.1021285e-05
1.5352312e-10
1.848868e-07
0.25336865
0.017558103
0.3542966
4.702198e-09
0.00013382851
0.0001292651
0.00031748094
8.773711e-09
6.8972537e-07
0.0013135906
0.009512228
3.7731397e-07
8.795278e-06
1.1264901e-05
0.00963403
0.00028100313
3.037393e-05
0.27308014
6.915505e-06
2.6445474e-07
2.4695797e-07
0.07147942
5.6490796e-07
1.04308265e-05
1.4353653e-08
2.9108358e-05
2.0737424e-07
0.24050973
1.6279258e-06
1.3889728e-05
0.00028100313
2.263079e-05
2.0309978e-06
1.1936135e-06
0.000239728
