0.9999486
0.99999976
0.9968328
1.0
1.0
7.8790385e-05
9.4063245e-05
1.2828135e-05
5.535558e-09
0.002005515
0.91915876
0.0009919349
0.0075876685
0.9923924
0.011525216
0.28549293
0.00040055305
1.5881204e-11
0.0355308
0.00039591794
1.7076486e-09
0.98420876
2.6762307e-06
0.070982896
0.9958397
1.7947346e-09
0.9996879
0.004369228
1.8176212e-11
3.3704553e-05
0.00029519908
0.033994798
0.0072317435
1.8826933e-05
6.674162e-10
0.002373587
1.5609945e-07
0.0027756074
0.007096415
5.9175974e-05
0.9999084
6.588751e-09
0.00017254689
1.205253e-07
1.386552e-08
5.1687714e-08
1.8797676e-06
0.97578967
0.00016309666
0.99999875
4.942355e-10
0.0005326358
1.4132245e-09
0.00020029554
5.1687714e-08
1.5659537e-06
0.0051233885
4.8882855e-05
2.598294e-05
0.0003406855
4.171985e-06
1.3589373e-06
0.9851265
0.3287018
0.0017182366
5.3993284e-13
1.4278392e-09
0.00035453384
0.9999578
1.3178233e-06
7.977732e-05
0.39947197
2.037427e-06
8.3286595e-09
5.895299e-07
0.0033630321
1.7408438e-05
3.5620262e-06
0.000107063526
8.772005e-07
2.1598819e-12
2.8216885e-13
8.727979e-07
1.3647008e-07
2.7118654e-07
6.4347506e-07
0.0019992962
1.1646106e-05
4.7282234e-07
1.3271677e-05
1.0
6.466142e-10
6.8856605e-07
7.040779e-07
1.8703402e-05
4.191414e-05
0.028957995
9.2311e-11
0.038913336
0.95398015
0.00057472975
1.4234028e-07
1.5053562e-05
4.1928902e-10
9.2311e-11
3.6136236e-09
0.0053452635
3.0248477e-06
5.934461e-09
3.611255e-12
0.68533987
0.97738105
0.011666182
0.020492336
0.00010917296
1.2302289e-07
0.033994798
3.426162e-06
2.904774e-05
2.777028e-07
0.00010917296
4.40962e-05
0.00873653
1.9003229e-06
0.00202465
0.0015947942
0.000118249794
1.4044218e-06
9.569262e-06
3.0021086e-09
3.1914283e-06
2.6908976e-06
0.97700155
0.95517653
2.777028e-07
0.9294013
8.79395e-07
1.4234028e-07
0.011062667
2.4962728e-07
0.00015789509
1.4039548e-05
6.0694088e-06
5.283799e-09
1.3883958e-07
5.934461e-09
1.718534e-07
2.661752e-08
0.06649891
1.5912207e-07
1.359628e-07
0.0013473256
0.0001019977
2.5827683e-08
0.8296654
0.0034421466
1.4404206e-05
3.04225e-07
0.002031893
3.7032488e-10
0.0010435053
0.00025163888
6.123105e-06
1.3681147e-05
0.0015501361
1.8703402e-05
0.004369228
0.843041
2.1221567e-05
2.1973614e-07
0.98420876
7.331269e-09
4.8725175e-05
1.704324e-08
1.035673e-07
0.005494121
3.0552312e-06
7.7992766e-08
0.21513106
2.6827973e-08
0.000121642646
5.6073473e-05
8.211869e-05
5.47117e-06
0.95398015
2.697742e-10
5.87543e-06
0.005694154
0.044781607
0.42699823
4.507373e-06
5.0579947e-05
3.1511477e-10
1.2681463e-08
0.0026044187
6.439923e-11
9.886708e-11
5.658226e-05
0.998839
8.8640634e-05
0.9644381
0.001347325
0.12952814
1.3199264e-05
4.3092406e-08
7.807039e-06
6.906137e-09
1.7076486e-09
1.0
0.005494121
0.00022161851
9.4193485e-05
8.4569896e-10
3.9890014e-07
1.0
2.3834048e-08
2.0997643e-07
6.1457266e-09
1.4392879e-06
2.4867168e-06
1.386552e-08
0.04954241
7.550802e-12
0.12952814
3.1511477e-10
0.0013554946
0.00081505644
0.0013640845
1.2159883e-05
2.5002373e-07
0.0047835237
0.9996514
3.88357e-05
3.0916997e-08
0.00015313235
0.00019190958
0.009884049
0.09051648
4.0177555e-09
3.6445712e-05
0.05919841
3.0552312e-06
3.822589e-06
1.8549396e-06
2.7248505e-05
0.033828523
3.2828455e-06
0.29630563
3.799158e-08
0.010770912
1.1997919e-07
0.19662912
0.030216703
0.32317972
0.0010396389
0.00013117943
0.41825393
2.6269463e-05
5.168121e-08
0.00013213014
0.059122473
1.0948107e-06
0.0035028409
1.0709632e-06
5.9389868e-06
1.8172238e-06
1.7913763e-09
0.81596625
3.8288717e-06
0.013144175
1.8172238e-06
1.386552e-08
0.0002177237
0.00071315275
1.19436185e-08
1.1070382e-08
0.9111263
9.125586e-12
4.136971e-05
4.8550268e-05
7.310913e-08
0.07095815
0.99260485
4.7383388e-08
3.0248477e-06
3.799158e-08
0.998839
0.9903661
6.8016448e-06
4.2119577e-06
0.00028235046
0.00030951144
2.6269463e-05
0.97685564
0.99856037
0.0035944888
7.977732e-05
0.0030150283
2.598294e-05
0.98601943
