2.3490842e-05
2.8849597e-06
3.640245e-12
0.9994845
0.9933442
0.994212
0.062184926
0.99999994
3.694021e-05
5.971707e-08
3.2791345e-06
2.1572717e-08
4.2675216e-10
1.0058899e-05
1.4035625e-12
3.1588339e-09
0.0041777086
3.496146e-07
1.750563e-06
0.3317827
4.019342e-05
0.00020483632
3.4751514e-11
0.23800111
6.827647e-08
7.6023636e-05
0.98141783
5.373954e-12
0.32816675
1.0925053e-09
3.0946785e-06
0.00018565948
0.9999969
1.3535331e-05
1.0058899e-05
0.0012689081
3.170704e-05
2.702238e-10
0.00014097622
2.0779266e-06
0.8013596
4.4782764e-09
0.040790316
9.658585e-05
1.8895747e-09
1.9095335e-06
3.024565e-06
2.560613e-06
0.9998402
1.0952746e-05
8.116113e-06
6.8156174e-07
3.3807157e-06
3.2101552e-06
5.8708316e-08
0.00023977486
8.416097e-11
2.641345e-12
4.962863e-10
1.6070783e-06
1.4788856e-07
4.7719243e-07
1.8433451e-07
0.19403024
6.291687e-08
7.1422296e-10
5.770626e-07
1.2159536e-10
0.00016108221
0.99596846
1.6409818e-11
0.00085370796
0.00023977486
1.4368014e-05
0.0044746036
0.48843867
1.2415912e-05
1.2965312e-09
0.1133239
5.0875296e-06
7.2627615e-10
2.4102818e-07
7.616707e-11
3.3232213e-09
6.0671882e-05
0.058823016
3.9929674e-07
4.1259747e-09
9.815641e-08
0.008036856
0.9998951
2.9254431e-06
6.5291324e-06
8.434603e-07
5.6963836e-05
0.014594274
0.0010813804
1.2670237e-07
9.5153666e-07
0.00023872715
0.96763927
0.99473965
4.101746e-06
0.00018497107
1.7722239e-07
0.982495
0.65100443
1.2365633e-05
1.948834e-06
0.028693033
0.00062448665
0.32438996
7.170996e-07
3.973313e-08
0.00034765192
0.005273319
3.4258752e-05
0.11658307
5.768898e-12
0.00028387335
0.08594161
0.00024137889
9.511099e-06
8.785859e-11
0.0013852252
7.040383e-05
1.588506e-05
0.28664997
8.4231715e-09
0.0012356996
0.1133239
1.7842766e-09
3.9061803e-08
1.1411536e-06
0.99999994
1.6987511e-05
3.7725492e-06
4.9408844e-10
1.2271661e-05
3.871091e-05
2.615263e-05
3.9368814e-07
0.9867669
5.9470462e-06
0.0012689081
0.99999934
1.0
0.0040971404
0.00035020482
4.2912953e-07
7.931377e-09
6.87301e-05
0.9934153
7.8087123e-07
1.9968547e-09
6.8582005e-05
2.4102818e-07
0.0011448386
4.5555262e-07
1.3303927e-06
2.374895e-09
0.9875575
0.047600646
1.940628e-11
7.4535614e-11
6.573181e-05
9.352726e-08
2.7749255e-08
2.4533472e-07
0.00010167365
0.19476494
6.8156174e-07
1.3325336e-05
0.5439796
3.5782327e-06
8.3632146e-10
1.5846982e-07
0.8282088
0.0013852252
1.1357769e-05
3.7968695e-07
0.024233732
4.2695875e-11
1.2091114e-06
2.2238216e-06
1.8335596e-06
0.9994845
0.005557818
2.8443799e-06
3.0440816e-07
2.3886691e-06
2.2211198e-08
1.5848631e-06
3.6505025e-11
7.026532e-05
1.7651106e-05
0.008312421
5.512946e-09
1.3032552e-09
5.770626e-07
1.7133577e-06
0.41239002
0.011188514
5.0947933e-06
1.543815e-05
3.0020818e-05
2.3396485e-06
1.7346758e-05
8.321101e-06
2.4456646e-09
5.4960005e-09
0.12635587
0.0057200515
1.5423083e-09
3.6514345e-07
5.890354e-06
5.336748e-10
5.835809e-07
2.3524283e-06
3.024565e-06
1.6722586e-05
1.6222218e-12
1.2415912e-05
1.5470515e-07
3.7968695e-07
1.8335596e-06
0.021903647
0.0053025237
0.01335956
0.00014193618
1.2979241e-07
1.4598923e-05
0.002410864
1.3032552e-09
0.48843867
2.3211624e-06
0.99941313
1.3325336e-05
6.169959e-07
0.0040971404
1.4368014e-05
1.6076046e-05
4.0853442e-11
7.3841755e-09
0.023185108
8.6396765e-05
9.187545e-05
1.1282395e-12
0.595333
5.2011683e-06
7.026532e-05
0.32854402
0.0005412986
0.9999914
1.0544731e-08
0.8282088
0.29542878
5.562337e-08
6.6033506e-05
0.11081537
8.0114155e-08
0.0057949447
1.5030768e-05
5.4262123e-06
1.2554445e-07
1.442568e-06
0.01232018
0.0015502513
3.61806e-08
8.872667e-08
0.00031473849
1.0544731e-08
0.0057949447
1.2336007e-09
0.021903643
0.0001525436
0.00018565948
0.8892131
1.2042576e-05
1.2814363e-06
3.2659702e-06
1.3454743e-06
0.116975
1.3143493e-05
8.119025e-06
3.3263944e-07
1.8797377e-11
0.00025109964
0.00086100237
2.2749605e-06
0.0020683983
1.2365633e-05
2.906885e-10
2.8383583e-05
0.65100443
4.8667914e-09
1.6222218e-12
0.93893445
0.99914783
6.419556e-10
