0.999994
0.9863527
7.556807e-09
8.2143444e-05
6.4011334e-09
3.1353827e-06
1.0
0.9989507
3.700156e-05
0.0019547765
0.11621936
0.91317844
0.013104215
2.8420825e-05
8.712901e-07
0.0063042543
2.0155885e-06
6.6229504e-06
0.005831736
0.0002856854
4.2968493e-11
4.4539412e-08
9.354971e-07
0.0005483522
0.8687935
1.5161485e-06
6.892825e-05
6.647694e-11
9.336184e-05
0.00046465753
3.0989503e-07
0.9328098
4.822385e-06
9.612754e-10
4.7619113e-09
2.7877109e-06
1.102268e-05
0.32957163
0.1072721
6.6736453e-07
4.3287255e-06
2.7644237e-06
0.44346124
1.9155534e-05
3.3629388e-07
8.841941e-11
0.00018784525
0.70195174
0.0005286502
0.00020669721
2.13673e-09
1.2495199e-05
3.6640718e-10
2.0155885e-06
1.5161485e-06
0.0031345484
0.9999996
8.642198e-05
0.0005667398
0.0015550503
0.07695362
7.0787437e-06
2.8933634e-06
0.74448246
3.6052998e-06
3.0094354e-09
1.3079642e-07
0.3429038
2.133068e-06
0.07005321
2.8184448e-07
0.00015585509
4.5777757e-08
0.59088916
0.99976426
1.9851253e-08
6.351964e-07
0.0004303962
0.9999999
1.5185244e-09
0.9989177
6.4191397e-10
1.4038129e-10
9.520762e-08
9.802141e-06
1.583899e-06
1.0541176e-07
4.319057e-08
0.00024025109
9.015728e-05
1.9107001e-05
1.4038129e-10
1.1320917e-06
3.9072943e-06
9.873071e-05
1.7617406e-06
1.3048073e-09
3.9072943e-06
1.7617406e-06
1.2751771e-07
6.2188316e-10
0.98769945
0.019685766
0.00017568559
2.1859423e-08
0.026146948
1.4119304e-05
1.9532961e-05
2.5005855e-07
0.004151977
0.04566071
0.00017568559
5.7210876e-09
5.4015874e-07
3.0212497e-05
2.2290313e-05
3.0744875e-08
1.2168316e-06
9.015728e-05
0.0055826907
0.0018541075
0.88372046
2.220265e-05
4.258722e-06
6.4011334e-09
1.5228507e-05
1.8551168e-07
2.6589976e-07
6.105932e-05
1.3896041e-06
0.02164801
4.99163e-09
0.00025530418
1.7956694e-09
0.00031669193
6.533973e-13
9.802141e-06
4.0905384e-06
0.019228665
2.4476037e-06
0.3429038
2.51594e-05
0.99999946
0.0046136566
0.0004303962
3.1138086e-06
0.04167411
3.4499728e-05
0.9998567
0.0005819011
0.021648016
0.0034369915
1.5536723e-05
1.3012662e-05
0.0019547765
9.3108775e-07
0.0031895966
5.6622995e-10
2.2757533e-08
6.2978256e-06
1.4520045e-06
0.9999925
3.2274836e-06
8.419222e-07
0.91317844
0.4656388
8.173e-06
2.925446e-10
2.7659726e-09
2.0204845e-06
1.3953069e-08
0.99948776
0.9994169
4.2272295e-06
0.00024431015
4.207232e-05
7.8530335e-11
1.396699e-06
8.82732e-05
0.010279847
2.8184448e-07
2.5769627e-06
1.0854936e-08
4.9534574e-06
1.484838e-07
0.04958499
1.7438597e-07
0.9962681
0.00044010967
6.152712e-06
0.0010234788
3.11174e-05
8.5814675e-11
9.98166e-10
0.49002922
2.7532177e-10
0.9925701
6.1932633e-07
9.8783346e-08
1.1664557e-05
1.1664557e-05
2.5824784e-07
5.091406e-11
3.2400842e-09
6.0299694e-06
0.6069391
2.9441253e-06
9.720259e-05
1.5126768e-05
0.9998593
1.7617406e-06
9.75566e-07
4.9444525e-06
1.5881886e-06
1.144124e-06
0.0010503542
1.2634594e-07
4.5602917e-09
1.9851253e-08
9.7426324e-05
0.002113483
0.966795
2.8738931e-08
2.220265e-05
0.00067013205
0.95353836
0.0002090365
0.022930326
6.5606576e-10
1.572708e-11
2.163763e-11
0.0012770005
3.8255443e-05
2.8785658e-09
8.167944e-06
0.00085915515
0.32957163
3.6449944e-07
0.00034352296
9.3788935e-07
0.002721573
0.1072721
1.0572683e-12
3.515629e-06
3.521835e-05
5.4690634e-09
1.9385002e-06
0.00024292021
0.0005407322
2.8523008e-08
1.5948167e-07
5.6374575e-11
8.765238e-11
3.9620224e-07
1.5078903e-06
7.63257e-08
0.007655435
1.4459754e-05
6.4605454e-10
3.2572564e-07
2.4357466e-06
1.2119479e-05
1.4880378e-06
0.041040096
0.022040429
0.9583708
1.682936e-05
1.8917437e-11
3.895811e-05
0.95660144
3.3361202e-06
2.6948242e-06
2.1754415e-06
6.372539e-07
0.0002505797
7.0787437e-06
0.00017760333
0.41973677
5.9211365e-05
2.7856308e-09
0.004018047
0.008478346
5.108572e-06
2.5749114e-07
6.344513e-05
0.00014668591
3.8816597e-10
8.170865e-06
5.3708343e-10
3.344447e-09
0.00662609
1.1453267e-09
7.4313102e-09
6.8386856e-07
0.98769945
0.00045142058
1.6508312e-06
0.1950276
4.7995705e-09
1.4428113e-09
